
2022-06-01 10:35:57HWDBQ → 想要（发 ）广告，找 bs91m1
2022-06-01 10:37:04usdthuihuan → 需要 群、发软、件，找  bs91m1
2022-06-01 10:37:39dyjiaoliu → 需要 软、件，找  bs91m1
2022-06-01 10:37:53TG_King90 → 专业（发 ）广告，联系我 bs91m1
2022-06-01 10:38:29caoji565 → 想要（发 ）广告，找 bs91m1
2022-06-01 10:38:53BtokCN_001 → 专业（发 ）广告，联系我 bs91m1
2022-06-01 10:39:37daishou15 → 需要 软、件，找  bs91m1
2022-06-01 10:39:52BtokCN_0020 → 来（发 ）广告，联系 bs91m1
2022-06-01 10:40:06daishou15 → 想要（发 ）广告，找 bs91m1
2022-06-01 10:40:18shenma001 → 需要 软、件，找  bs91m1
2022-06-01 10:40:53qunfalaren2 → 要（发 ）广告，联系 bs91m1
2022-06-01 10:41:22chaxun2020 → 准备（发 ）广告，找  bs91m1
2022-06-01 10:42:13dcdbxyzs → 准备（发 ）广告，找  bs91m1
2022-06-01 10:43:11BtokCN_001 → 需要 软、件，找  bs91m1
2022-06-01 10:43:34liuhedadui → 需要 软、件，找  bs91m1
2022-06-01 10:43:46Sz1888 → 需要 软、件，找  bs91m1
2022-06-01 10:44:29jiu_777 → 需要 群、发软、件，找  bs91m1
2022-06-01 10:44:50daishoujiaoyi → 需要 群、发，找  bs91m1
2022-06-01 10:45:28bc1314ssss → 来（发 ）广告，联系 bs91m1
2022-06-01 10:45:44aoa99999 → 要（发 ）广告，联系 bs91m1
2022-06-01 10:46:10TG006 → 想找人（ 发 ）广告，找   bs91m1
2022-06-01 10:46:49dijia02 → 准备（发 ）广告，找  bs91m1
2022-06-01 10:47:03BtokCN_001 → 想要（发 ）广告，找 bs91m1
2022-06-01 10:47:15tgzhcn → 需要 群、发软、件，找  bs91m1
2022-06-01 10:48:36TG12389 → 来（发 ）广告，联系 bs91m1
2022-06-01 10:49:13ALHYT6651 → 需要 群、发，找  bs91m1
2022-06-01 10:49:37TG12389 → 想要（发 ）广告，找 bs91m1
2022-06-01 10:50:38RaicoinCN → 专业（发 ）广告，联系我 bs91m1
2022-06-01 10:50:56MDhuaren1 → 想要（发 ）广告，找 bs91m1
2022-06-01 10:51:20xingxingpiaohao1 → 要（发 ）广告，联系 bs91m1
2022-06-01 10:51:34lovehash2999B → 要（发 ）广告，联系 bs91m1
2022-06-01 10:52:04huichan0000 → 需要 群、发软、件，找  bs91m1
2022-06-01 10:52:35danbao96 → 专业（发 ）广告，联系我 bs91m1
2022-06-01 10:52:48wz513064 → 需要 软、件，找  bs91m1
2022-06-01 10:53:11yinhangkausdt → 专业（发 ）广告，联系我 bs91m1
2022-06-01 10:54:06mangguohaxivip1 → 需要 群、发，找  bs91m1
2022-06-01 10:54:26huiguophp → 需要 群、发，找  bs91m1
2022-06-01 10:54:38usdtdfds → 想要（发 ）广告，找 bs91m1
2022-06-01 10:55:02YYL001 → 要（发 ）广告，联系 bs91m1
2022-06-01 10:55:14TG0188 → 需要 软、件，找  bs91m1
2022-06-01 10:55:30BNBMastersd → 专业（发 ）广告，联系我 bs91m1
2022-06-01 10:55:43DIP9188 → 专业（发 ）广告，联系我 bs91m1
2022-06-01 10:56:25LUNARPROTOCOLA → 想找人（ 发 ）广告，找   bs91m1
2022-06-01 10:56:38TG55555555555 → 想找人（ 发 ）广告，找   bs91m1
2022-06-01 10:57:14fw992 → 需要 群、发软、件，找  bs91m1
2022-06-01 10:57:26TGdibai168 → 准备（发 ）广告，找  bs91m1
2022-06-01 10:57:39pingan66chadang → 要（发 ）广告，联系 bs91m1
2022-06-01 10:57:54loveuchina → 想要（发 ）广告，找 bs91m1
2022-06-01 10:58:09danbao96 → 来（发 ）广告，联系 bs91m1
2022-06-01 10:58:23cyj00 → 想要（发 ）广告，找 bs91m1
2022-06-01 10:58:47nanyangdb → 专业（发 ）广告，联系我 bs91m1
2022-06-01 10:58:59juliang666 → 要（发 ）广告，联系 bs91m1
2022-06-01 10:59:12axujj → 专业（发 ）广告，联系我 bs91m1
2022-06-01 10:59:24mghxfls → 要（发 ）广告，联系 bs91m1
2022-06-01 11:00:20TG55555555555 → 专业（发 ）广告，联系我 bs91m1
2022-06-01 11:00:33mangguoVIP → 需要 群、发，找  bs91m1
2022-06-01 11:00:46TG1949521 → 来（发 ）广告，联系 bs91m1
2022-06-01 11:00:58USDTm → 需要 群、发软、件，找  bs91m1
2022-06-01 11:01:10yugzf → 要（发 ）广告，联系 bs91m1
2022-06-01 11:01:28tz636 → 专业（发 ）广告，联系我 bs91m1
2022-06-01 11:01:43szsx027 → 需要 群、发，找  bs91m1
2022-06-01 11:02:08FHaak8 → 来（发 ）广告，联系 bs91m1
2022-06-01 11:03:35DXB68 → 需要 群、发软、件，找  bs91m1
2022-06-01 11:04:13huaxingYL8 → 想找人（ 发 ）广告，找   bs91m1
2022-06-01 11:04:33USDThuzhu3 → 想找人（ 发 ）广告，找   bs91m1
2022-06-01 11:04:48dongnanyaliaotian → 准备（发 ）广告，找  bs91m1
2022-06-01 11:05:30zscd1 → 要（发 ）广告，联系 bs91m1
2022-06-01 11:05:43HuobiGlobal_zw → 想要（发 ）广告，找 bs91m1
2022-06-01 11:06:08xjltq → 需要 群、发软、件，找  bs91m1
2022-06-01 11:06:29xianliao01 → 想找人（ 发 ）广告，找   bs91m1
2022-06-01 11:06:52chaxun2020 → 想要（发 ）广告，找 bs91m1
2022-06-01 11:07:10A_K_3A → 要（发 ）广告，联系 bs91m1
2022-06-01 11:07:25shouxi88 → 需要 软、件，找  bs91m1
2022-06-01 11:07:38bailaohui_cvv → 需要 群、发软、件，找  bs91m1
2022-06-01 11:07:59sunshineyyds → 要（发 ）广告，联系 bs91m1
2022-06-01 11:08:12sanfang53 → 需要 群、发，找  bs91m1
2022-06-01 11:08:35goutui1113 → 需要 软、件，找  bs91m1
2022-06-01 11:08:48DB_LM → 要（发 ）广告，联系 bs91m1
2022-06-01 11:09:34guiyangpapa → 专业（发 ）广告，联系我 bs91m1
2022-06-01 11:09:47huihui220 → 需要 群、发软、件，找  bs91m1
2022-06-01 11:10:24DEA1BSC → 需要 软、件，找  bs91m1
2022-06-01 11:10:37TG166 → 准备（发 ）广告，找  bs91m1
2022-06-01 11:10:57huione888 → 专业（发 ）广告，联系我 bs91m1
2022-06-01 11:11:18botong002 → 需要 软、件，找  bs91m1
2022-06-01 11:11:42programertalk → 需要 群、发，找  bs91m1
2022-06-01 11:12:05caoji565 → 来（发 ）广告，联系 bs91m1
2022-06-01 11:12:26TGDL128 → 要（发 ）广告，联系 bs91m1
2022-06-01 11:12:39maticnetwork_china → 要（发 ）广告，联系 bs91m1
2022-06-01 11:13:12shenma001 → 准备（发 ）广告，找  bs91m1
2022-06-01 11:13:25TG088 → 要（发 ）广告，联系 bs91m1
2022-06-01 11:13:46Asiaweed → 要（发 ）广告，联系 bs91m1
2022-06-01 11:14:00xingbi0088 → 来（发 ）广告，联系 bs91m1
2022-06-01 11:14:23juliang666 → 想找人（ 发 ）广告，找   bs91m1
2022-06-01 11:14:51HENGM01 → 想要（发 ）广告，找 bs91m1
2022-06-01 11:15:09monstainfinitechinese → 准备（发 ）广告，找  bs91m1
2022-06-01 11:15:24USsyu → 想找人（ 发 ）广告，找   bs91m1
2022-06-01 11:15:36wz513064 → 想要（发 ）广告，找 bs91m1
2022-06-01 11:15:54huanqian35 → 需要 软、件，找  bs91m1
2022-06-01 11:16:28GIBXChange_cn → 需要 群、发软、件，找  bs91m1
2022-06-01 11:17:08TGdibai168 → 来（发 ）广告，联系 bs91m1
2022-06-01 11:17:42elemonchinese → 需要 群、发，找  bs91m1
2022-06-01 11:17:55fbwsline2021 → 专业（发 ）广告，联系我 bs91m1
2022-06-01 11:18:23xingbi0088 → 需要 软、件，找  bs91m1
2022-06-01 11:18:54bailaohui_cvv → 想找人（ 发 ）广告，找   bs91m1
2022-06-01 11:19:38usdthuihuan → 要（发 ）广告，联系 bs91m1
2022-06-01 11:19:50allswapCN → 来（发 ）广告，联系 bs91m1
2022-06-01 11:21:03ccv348 → 准备（发 ）广告，找  bs91m1
2022-06-01 11:21:17xianliao01 → 来（发 ）广告，联系 bs91m1
2022-06-01 11:21:37yindutg → 准备（发 ）广告，找  bs91m1
2022-06-01 11:22:27baocai217 → 来（发 ）广告，联系 bs91m1
2022-06-01 11:22:40tcelue1 → 准备（发 ）广告，找  bs91m1
2022-06-01 11:22:52dibai918 → 需要 软、件，找  bs91m1
2022-06-01 11:23:18tsdb01 → 需要 群、发，找  bs91m1
2022-06-01 11:23:39usdthuihuan → 想要（发 ）广告，找 bs91m1
2022-06-01 11:23:56AKAFC888 → 专业（发 ）广告，联系我 bs91m1
2022-06-01 11:24:16CPQPWZ898989 → 想要（发 ）广告，找 bs91m1
2022-06-01 11:24:39A_K_3A → 要（发 ）广告，联系 bs91m1
2022-06-01 11:24:51NodeGlobal → 来（发 ）广告，联系 bs91m1
2022-06-01 11:25:59az123818 → 需要 软、件，找  bs91m1
2022-06-01 11:26:24blsq55 → 需要 群、发，找  bs91m1
2022-06-01 11:27:16MaYiSheQu → 专业（发 ）广告，联系我 bs91m1
2022-06-01 11:27:30ml520 → 准备（发 ）广告，找  bs91m1
2022-06-01 11:27:42yxbjx → 专业（发 ）广告，联系我 bs91m1
2022-06-01 11:27:56dibaifa → 要（发 ）广告，联系 bs91m1
2022-06-01 11:28:17rsshub → 准备（发 ）广告，找  bs91m1
2022-06-01 11:29:08dibai918 → 要（发 ）广告，联系 bs91m1
2022-06-01 11:29:21iBox_official → 需要 群、发，找  bs91m1
2022-06-01 11:30:04si1688 → 准备（发 ）广告，找  bs91m1
2022-06-01 11:30:19TG108 → 来（发 ）广告，联系 bs91m1
2022-06-01 11:30:47YYL001 → 想找人（ 发 ）广告，找   bs91m1
2022-06-01 11:31:11dbjlq1 → 专业（发 ）广告，联系我 bs91m1
2022-06-01 11:31:36BTCusdtNFT → 准备（发 ）广告，找  bs91m1
2022-06-01 11:31:59three001 → 想要（发 ）广告，找 bs91m1
2022-06-01 11:32:11x00008 → 来（发 ）广告，联系 bs91m1
2022-06-01 11:32:32yindutg → 想找人（ 发 ）广告，找   bs91m1
2022-06-01 11:33:10bailaohui_cvv → 需要 群、发，找  bs91m1
2022-06-01 11:34:13bcweb → 需要 群、发，找  bs91m1
2022-06-01 11:34:26DariusGroup → 需要 群、发，找  bs91m1
2022-06-01 11:34:55TG12389 → 准备（发 ）广告，找  bs91m1
2022-06-01 11:35:37WKLhuaren → 需要 软、件，找  bs91m1
2022-06-01 11:36:08WKLhuaren → 想要（发 ）广告，找 bs91m1
2022-06-01 11:36:33TG771 → 想要（发 ）广告，找 bs91m1
2022-06-01 11:36:54usdtdfds → 准备（发 ）广告，找  bs91m1
2022-06-01 11:37:06zscd1 → 要（发 ）广告，联系 bs91m1
2022-06-01 11:37:20bs91m990 → 专业（发 ）广告，联系我 bs91m1
2022-06-01 11:37:43huanqian35 → 需要 软、件，找  bs91m1
2022-06-01 11:38:38chaxun2020 → 来（发 ）广告，联系 bs91m1
2022-06-01 11:38:52paofen555 → 需要 软、件，找  bs91m1
2022-06-01 11:39:30sq577 → 专业（发 ）广告，联系我 bs91m1
2022-06-01 11:40:17caifushequ10000 → 要（发 ）广告，联系 bs91m1
2022-06-01 11:41:03fbwsline2021 → 需要 群、发，找  bs91m1
2022-06-01 11:41:38TG771 → 需要 群、发软、件，找  bs91m1
2022-06-01 11:42:05tianziusdt → 专业（发 ）广告，联系我 bs91m1
2022-06-01 11:42:26maticnetwork_china → 需要 群、发软、件，找  bs91m1
2022-06-01 11:42:39tgzhcn → 专业（发 ）广告，联系我 bs91m1
2022-06-01 11:43:01pshqo → 来（发 ）广告，联系 bs91m1
2022-06-01 11:43:33baocai217 → 来（发 ）广告，联系 bs91m1
2022-06-01 11:44:15xjltq → 需要 群、发软、件，找  bs91m1
2022-06-01 11:44:40USDTm → 想找人（ 发 ）广告，找   bs91m1
2022-06-01 11:44:52dibai12 → 需要 群、发，找  bs91m1
2022-06-01 11:45:17axujj → 来（发 ）广告，联系 bs91m1
2022-06-01 11:45:31TG1949521 → 来（发 ）广告，联系 bs91m1
2022-06-01 11:46:46taobao857 → 需要 群、发软、件，找  bs91m1
2022-06-01 11:47:55TG_King80 → 来（发 ）广告，联系 bs91m1
2022-06-01 11:48:07tongdao25 → 需要 软、件，找  bs91m1
2022-06-01 11:48:22xingxingpiaohao1 → 需要 软、件，找  bs91m1
2022-06-01 11:48:44TG148 → 需要 群、发软、件，找  bs91m1
2022-06-01 11:48:56xjltq → 想要（发 ）广告，找 bs91m1
2022-06-01 11:49:09daishoujiaoyi → 来（发 ）广告，联系 bs91m1
2022-06-01 11:49:22jiu_777 → 需要 软、件，找  bs91m1
2022-06-01 11:49:44sq577 → 想要（发 ）广告，找 bs91m1
2022-06-01 11:49:58HWDBQQ → 需要 群、发，找  bs91m1
2022-06-01 11:50:45TGhuaren1 → 想找人（ 发 ）广告，找   bs91m1
2022-06-01 11:50:58humanresource63 → 来（发 ）广告，联系 bs91m1
2022-06-01 11:51:12tz636 → 想找人（ 发 ）广告，找   bs91m1
2022-06-01 11:51:34boniu365com → 需要 软、件，找  bs91m1
2022-06-01 11:52:21TGdanbao000 → 专业（发 ）广告，联系我 bs91m1
2022-06-01 11:53:17x00008 → 要（发 ）广告，联系 bs91m1
2022-06-01 11:53:59OKXGroup_CN → 准备（发 ）广告，找  bs91m1
2022-06-01 11:54:12YS52111 → 想找人（ 发 ）广告，找   bs91m1
2022-06-01 11:54:36zhifuo → 需要 软、件，找  bs91m1
2022-06-01 11:54:49daifu76 → 准备（发 ）广告，找  bs91m1
2022-06-01 11:55:24tz636 → 要（发 ）广告，联系 bs91m1
2022-06-01 11:55:49dibaifa → 专业（发 ）广告，联系我 bs91m1
2022-06-01 11:56:24HWDBQ → 来（发 ）广告，联系 bs91m1
2022-06-01 11:56:50Usdtbmw → 要（发 ）广告，联系 bs91m1
2022-06-01 11:57:02TG006 → 来（发 ）广告，联系 bs91m1
2022-06-01 11:57:14fw866 → 需要 软、件，找  bs91m1
2022-06-01 11:58:23dbjlq1 → 需要 群、发软、件，找  bs91m1
2022-06-01 11:58:36programertalk → 想要（发 ）广告，找 bs91m1
2022-06-01 11:58:57WKLhuaren → 要（发 ）广告，联系 bs91m1
2022-06-01 11:59:52sunshineyyds → 需要 群、发软、件，找  bs91m1
2022-06-01 12:00:07DIP9188 → 想找人（ 发 ）广告，找   bs91m1
2022-06-01 12:00:36kenanlailegroup → 需要 群、发软、件，找  bs91m1
2022-06-01 12:01:04xinbi_088 → 来（发 ）广告，联系 bs91m1
2022-06-01 12:01:37dibai12 → 需要 群、发，找  bs91m1
2022-06-01 12:01:52hashjt → 专业（发 ）广告，联系我 bs91m1
2022-06-01 12:02:05fw992 → 准备（发 ）广告，找  bs91m1
2022-06-01 12:02:17wangzhuanusdt → 来（发 ）广告，联系 bs91m1
2022-06-01 12:03:03bc1314ssss → 专业（发 ）广告，联系我 bs91m1
2022-06-01 12:03:30MDhuaren1 → 想要（发 ）广告，找 bs91m1
2022-06-01 12:03:58yizhifu678 → 需要 群、发软、件，找  bs91m1
2022-06-01 12:05:20x00008 → 来（发 ）广告，联系 bs91m1
2022-06-01 12:05:32tsdb01 → 需要 群、发软、件，找  bs91m1
2022-06-01 12:05:57shuju888666 → 想找人（ 发 ）广告，找   bs91m1
2022-06-01 12:06:10huiguophp → 需要 群、发，找  bs91m1
2022-06-01 12:06:35jiu_777 → 需要 群、发软、件，找  bs91m1
2022-06-01 12:07:18paofen33 → 准备（发 ）广告，找  bs91m1
2022-06-01 12:07:32bailaohui_cvv → 专业（发 ）广告，联系我 bs91m1
2022-06-01 12:07:45TG_88888 → 要（发 ）广告，联系 bs91m1
2022-06-01 12:07:59HWDBQ → 想找人（ 发 ）广告，找   bs91m1
2022-06-01 12:08:40USDT43 → 准备（发 ）广告，找  bs91m1
2022-06-01 12:09:14dbjlq1 → 想找人（ 发 ）广告，找   bs91m1
2022-06-01 12:09:35humanresource63 → 需要 软、件，找  bs91m1
2022-06-01 12:09:51GouTui → 需要 群、发，找  bs91m1
2022-06-01 12:10:36TGlianmeng002 → 想要（发 ）广告，找 bs91m1
2022-06-01 12:12:22TG088 → 需要 软、件，找  bs91m1
2022-06-01 12:12:35Xiaoxuanfengjiaoliuqun → 需要 群、发，找  bs91m1
2022-06-01 12:12:49iuhiaq11 → 想找人（ 发 ）广告，找   bs91m1
2022-06-01 12:13:37sichouzhilu0 → 要（发 ）广告，联系 bs91m1
2022-06-01 12:14:18szqq3201 → 想要（发 ）广告，找 bs91m1
2022-06-01 12:14:31dbf6666 → 专业（发 ）广告，联系我 bs91m1
2022-06-01 12:14:50everscale_china → 专业（发 ）广告，联系我 bs91m1
2022-06-01 12:15:13blsq55 → 需要 软、件，找  bs91m1
2022-06-01 12:15:35sichouzhilu0 → 想找人（ 发 ）广告，找   bs91m1
2022-06-01 12:16:58dbf6666 → 专业（发 ）广告，联系我 bs91m1
2022-06-01 12:18:03TRJ_shore001 → 要（发 ）广告，联系 bs91m1
2022-06-01 12:18:16yugzf → 要（发 ）广告，联系 bs91m1
2022-06-01 12:18:30TG166 → 专业（发 ）广告，联系我 bs91m1
2022-06-01 12:18:43mangguoVIP → 需要 群、发软、件，找  bs91m1
2022-06-01 12:19:06Shore999888 → 要（发 ）广告，联系 bs91m1
2022-06-01 12:19:58DB_LM → 准备（发 ）广告，找  bs91m1
2022-06-01 12:20:12tsdb01 → 要（发 ）广告，联系 bs91m1
2022-06-01 12:20:32TG907 → 专业（发 ）广告，联系我 bs91m1
2022-06-01 12:21:07weikang2020 → 来（发 ）广告，联系 bs91m1
2022-06-01 12:22:00bacommu → 需要 群、发软、件，找  bs91m1
2022-06-01 12:22:12TG088 → 需要 软、件，找  bs91m1
2022-06-01 12:22:51liang1112233 → 想找人（ 发 ）广告，找   bs91m1
2022-06-01 12:23:39WKLhuaren → 想要（发 ）广告，找 bs91m1
2022-06-01 12:24:11TG006 → 想找人（ 发 ）广告，找   bs91m1
2022-06-01 12:24:52tongdao25 → 来（发 ）广告，联系 bs91m1
2022-06-01 12:25:06TG0188 → 需要 群、发，找  bs91m1
2022-06-01 12:25:19pigcommunity → 需要 群、发，找  bs91m1
2022-06-01 12:27:29TGHC1 → 想找人（ 发 ）广告，找   bs91m1
2022-06-01 12:29:59sunshineyyds → 要（发 ）广告，联系 bs91m1
2022-06-01 12:30:12huione888 → 想找人（ 发 ）广告，找   bs91m1
2022-06-01 12:30:40bclm1 → 需要 群、发软、件，找  bs91m1
2022-06-01 12:31:12TG006 → 来（发 ）广告，联系 bs91m1
2022-06-01 12:31:39kpou15 → 想要（发 ）广告，找 bs91m1
2022-06-01 12:32:04paofen33 → 想要（发 ）广告，找 bs91m1
2022-06-01 12:32:17shuju888666 → 来（发 ）广告，联系 bs91m1
2022-06-01 12:33:00BikingChineseGroup → 专业（发 ）广告，联系我 bs91m1
2022-06-01 12:33:29allswapCN → 来（发 ）广告，联系 bs91m1
2022-06-01 12:33:49xjltq → 来（发 ）广告，联系 bs91m1
2022-06-01 12:34:13danbao96 → 想要（发 ）广告，找 bs91m1
2022-06-01 12:34:32maticnetwork_china → 要（发 ）广告，联系 bs91m1
2022-06-01 12:34:45usdtdfds → 需要 软、件，找  bs91m1
2022-06-01 12:36:20x00008 → 专业（发 ）广告，联系我 bs91m1
2022-06-01 12:36:32sanfang53 → 准备（发 ）广告，找  bs91m1
2022-06-01 12:36:58adda9523 → 需要 群、发，找  bs91m1
2022-06-01 12:38:53YS52111 → 需要 软、件，找  bs91m1
2022-06-01 12:39:23baocai217 → 需要 群、发软、件，找  bs91m1
2022-06-01 12:39:45xinbi_088 → 想要（发 ）广告，找 bs91m1
2022-06-01 12:39:58usdthuihuan → 想要（发 ）广告，找 bs91m1
2022-06-01 12:41:17jinsanjiao2020 → 准备（发 ）广告，找  bs91m1
2022-06-01 12:41:30TG088 → 需要 群、发软、件，找  bs91m1
2022-06-01 12:42:48jiangqxsixsixsix → 准备（发 ）广告，找  bs91m1
2022-06-01 12:44:23huaxingYL8 → 需要 软、件，找  bs91m1
2022-06-01 12:44:36xinbi_088 → 准备（发 ）广告，找  bs91m1
2022-06-01 12:44:58wangzhuanusdt → 想找人（ 发 ）广告，找   bs91m1
2022-06-01 12:46:06daishou44 → 专业（发 ）广告，联系我 bs91m1
2022-06-01 12:46:59USDThuzhu3 → 想要（发 ）广告，找 bs91m1
2022-06-01 12:47:27tcelue1 → 想找人（ 发 ）广告，找   bs91m1
2022-06-01 12:47:40si1688 → 想要（发 ）广告，找 bs91m1
2022-06-01 12:47:52huione888 → 需要 群、发软、件，找  bs91m1
2022-06-01 12:48:15A_K_3A → 要（发 ）广告，联系 bs91m1
2022-06-01 12:48:49niuniuqu → 要（发 ）广告，联系 bs91m1
2022-06-01 12:49:03InsultingEmpire → 想找人（ 发 ）广告，找   bs91m1
2022-06-01 12:49:23axujj → 专业（发 ）广告，联系我 bs91m1
2022-06-01 12:49:50tokauCN → 需要 软、件，找  bs91m1
2022-06-01 12:50:03sq577 → 要（发 ）广告，联系 bs91m1
2022-06-01 12:50:17amytelecomgroup → 准备（发 ）广告，找  bs91m1
2022-06-01 12:50:42TG_Market_Group → 来（发 ）广告，联系 bs91m1
2022-06-01 12:51:22TG006 → 专业（发 ）广告，联系我 bs91m1
2022-06-01 12:51:36TG166 → 专业（发 ）广告，联系我 bs91m1
2022-06-01 12:51:54Shore999888 → 专业（发 ）广告，联系我 bs91m1
2022-06-01 12:52:23tsdb01 → 需要 软、件，找  bs91m1
2022-06-01 12:52:35pigcommunity → 专业（发 ）广告，联系我 bs91m1
2022-06-01 12:53:18YTB888 → 准备（发 ）广告，找  bs91m1
2022-06-01 12:53:32TG12389 → 需要 群、发软、件，找  bs91m1
2022-06-01 12:54:18TG_King80 → 来（发 ）广告，联系 bs91m1
2022-06-01 12:54:40axujj → 准备（发 ）广告，找  bs91m1
2022-06-01 12:54:53huaren88 → 来（发 ）广告，联系 bs91m1
2022-06-01 12:55:06Sz1888 → 来（发 ）广告，联系 bs91m1
2022-06-01 12:55:43ps082 → 需要 软、件，找  bs91m1
2022-06-01 12:56:20shufm → 想找人（ 发 ）广告，找   bs91m1
2022-06-01 12:56:45TG0188 → 要（发 ）广告，联系 bs91m1
2022-06-01 12:57:21dyjiaoliu → 要（发 ）广告，联系 bs91m1
2022-06-01 12:57:36mangguohaxivip1 → 想要（发 ）广告，找 bs91m1
2022-06-01 12:58:27TG1949521 → 想找人（ 发 ）广告，找   bs91m1
2022-06-01 12:58:47ml520 → 想找人（ 发 ）广告，找   bs91m1
2022-06-01 12:59:00dbjlq1 → 要（发 ）广告，联系 bs91m1
2022-06-01 12:59:21TG771 → 要（发 ）广告，联系 bs91m1
2022-06-01 13:00:01sq583 → 需要 群、发，找  bs91m1
2022-06-01 13:00:14jiu_777 → 准备（发 ）广告，找  bs91m1
2022-06-01 13:00:40Hash99028 → 专业（发 ）广告，联系我 bs91m1
2022-06-01 13:00:53tongdao25 → 专业（发 ）广告，联系我 bs91m1
2022-06-01 13:01:53maticnetwork_china → 来（发 ）广告，联系 bs91m1
2022-06-01 13:02:06sichouzhilu0 → 要（发 ）广告，联系 bs91m1
2022-06-01 13:02:20huanqian35 → 想找人（ 发 ）广告，找   bs91m1
2022-06-01 13:02:46HuobiGlobal_zw → 准备（发 ）广告，找  bs91m1
2022-06-01 13:03:08chenggong006 → 来（发 ）广告，联系 bs91m1
2022-06-01 13:03:33dibai12 → 想找人（ 发 ）广告，找   bs91m1
2022-06-01 13:04:04OKexyunl12 → 来（发 ）广告，联系 bs91m1
2022-06-01 13:04:25qipaipan6 → 来（发 ）广告，联系 bs91m1
2022-06-01 13:04:40Xiaoxuanfengjiaoliuqun → 需要 群、发，找  bs91m1
2022-06-01 13:05:04tiktokyinfen → 需要 群、发，找  bs91m1
2022-06-01 13:05:31tsdb01 → 想找人（ 发 ）广告，找   bs91m1
2022-06-01 13:05:47dip9186 → 需要 群、发，找  bs91m1
2022-06-01 13:05:59dubai_37 → 需要 软、件，找  bs91m1
2022-06-01 13:06:33TG108 → 需要 群、发软、件，找  bs91m1
2022-06-01 13:06:45tsdb01 → 需要 群、发，找  bs91m1
2022-06-01 13:06:58xianliao01 → 需要 群、发，找  bs91m1
2022-06-01 13:07:19shenma001 → 需要 软、件，找  bs91m1
2022-06-01 13:07:38juliang666 → 准备（发 ）广告，找  bs91m1
2022-06-01 13:08:13TG96110 → 准备（发 ）广告，找  bs91m1
2022-06-01 13:08:29Shore999888 → 想找人（ 发 ）广告，找   bs91m1
2022-06-01 13:09:10TGdanbao000 → 需要 群、发软、件，找  bs91m1
2022-06-01 13:09:23dibai778899 → 需要 群、发，找  bs91m1
2022-06-01 13:09:50TG088 → 准备（发 ）广告，找  bs91m1
2022-06-01 13:10:12humanresource63 → 想找人（ 发 ）广告，找   bs91m1
2022-06-01 13:10:37CCP5223 → 来（发 ）广告，联系 bs91m1
2022-06-01 13:10:49dibai8880 → 需要 软、件，找  bs91m1
2022-06-01 13:11:02AS668825 → 需要 群、发，找  bs91m1
2022-06-01 13:11:40x00008 → 想要（发 ）广告，找 bs91m1
2022-06-01 13:12:28tongdao25 → 准备（发 ）广告，找  bs91m1
2022-06-01 13:12:40huiguophp → 需要 软、件，找  bs91m1
2022-06-01 13:12:55MLA9999 → 需要 群、发，找  bs91m1
2022-06-01 13:13:28USDTm → 来（发 ）广告，联系 bs91m1
2022-06-01 13:14:14allswapCN → 来（发 ）广告，联系 bs91m1
2022-06-01 13:14:29feihelp → 想找人（ 发 ）广告，找   bs91m1
2022-06-01 13:15:07juliang666 → 要（发 ）广告，联系 bs91m1
2022-06-01 13:16:13daishou15 → 需要 群、发，找  bs91m1
2022-06-01 13:16:26WKLhuaren → 来（发 ）广告，联系 bs91m1
2022-06-01 13:17:34qunfalaren2 → 准备（发 ）广告，找  bs91m1
2022-06-01 13:18:42hdjdjod → 想要（发 ）广告，找 bs91m1
2022-06-01 13:20:12usdtdfds → 需要 群、发，找  bs91m1
2022-06-01 13:20:25usdthuihuan → 需要 群、发软、件，找  bs91m1
2022-06-01 13:20:37daishou15 → 需要 群、发软、件，找  bs91m1
2022-06-01 13:20:51sichouzhilu0 → 准备（发 ）广告，找  bs91m1
2022-06-01 13:21:14dibai9988 → 准备（发 ）广告，找  bs91m1
2022-06-01 13:21:35dibaifa → 准备（发 ）广告，找  bs91m1
2022-06-01 13:22:19jiu_777 → 需要 群、发，找  bs91m1
2022-06-01 13:23:22wangzhuan75 → 准备（发 ）广告，找  bs91m1
2022-06-01 13:23:53daifu76 → 需要 群、发，找  bs91m1
2022-06-01 13:24:15liang1112233 → 专业（发 ）广告，联系我 bs91m1
2022-06-01 13:25:06TG907 → 来（发 ）广告，联系 bs91m1
2022-06-01 13:25:21xianliao01 → 需要 群、发，找  bs91m1
2022-06-01 13:25:50xbdb01 → 想要（发 ）广告，找 bs91m1
2022-06-01 13:26:37hfjiema → 需要 群、发，找  bs91m1
2022-06-01 13:27:08TG907 → 想要（发 ）广告，找 bs91m1
2022-06-01 13:27:31bailaohui_cvv → 需要 软、件，找  bs91m1
2022-06-01 13:27:46YTZX2 → 想要（发 ）广告，找 bs91m1
2022-06-01 13:29:53gonghailianmeng → 来（发 ）广告，联系 bs91m1
2022-06-01 13:30:05huione888 → 想要（发 ）广告，找 bs91m1
2022-06-01 13:30:52bailaohui_cvv → 准备（发 ）广告，找  bs91m1
2022-06-01 13:31:43phbbs → 要（发 ）广告，联系 bs91m1
2022-06-01 13:32:17Usdtbmw → 需要 群、发软、件，找  bs91m1
2022-06-01 13:32:29dibaifa → 准备（发 ）广告，找  bs91m1
2022-06-01 13:33:04tz636 → 来（发 ）广告，联系 bs91m1
2022-06-01 13:34:41ccv348 → 专业（发 ）广告，联系我 bs91m1
2022-06-01 13:35:14A_K_3A → 想要（发 ）广告，找 bs91m1
2022-06-01 13:35:35yindutg → 专业（发 ）广告，联系我 bs91m1
2022-06-01 13:35:48yizhifu678 → 来（发 ）广告，联系 bs91m1
2022-06-01 13:36:50WKLhuaren → 需要 软、件，找  bs91m1
2022-06-01 13:37:16BAOAA → 需要 软、件，找  bs91m1
2022-06-01 13:37:29XxUP1121 → 需要 群、发软、件，找  bs91m1
2022-06-01 13:37:53axujj → 来（发 ）广告，联系 bs91m1
2022-06-01 13:38:06sunshineyyds → 需要 群、发，找  bs91m1
2022-06-01 13:38:54botong002 → 需要 群、发软、件，找  bs91m1
2022-06-01 13:39:06x00008 → 想找人（ 发 ）广告，找   bs91m1
2022-06-01 13:39:39TG006 → 想要（发 ）广告，找 bs91m1
2022-06-01 13:40:27lovehash929 → 准备（发 ）广告，找  bs91m1
2022-06-01 13:41:18chenggong017 → 需要 软、件，找  bs91m1
2022-06-01 13:41:47TG1949521 → 需要 群、发软、件，找  bs91m1
2022-06-01 13:41:59GIBXChange_cn → 需要 软、件，找  bs91m1
2022-06-01 13:42:42wy173 → 专业（发 ）广告，联系我 bs91m1
2022-06-01 13:43:18wz513064 → 需要 群、发软、件，找  bs91m1
2022-06-01 13:44:03TG166 → 想找人（ 发 ）广告，找   bs91m1
2022-06-01 13:44:56sishengq2 → 需要 软、件，找  bs91m1
2022-06-01 13:45:19usdtdfds → 需要 群、发，找  bs91m1
2022-06-01 13:45:56NodeGlobal → 需要 群、发软、件，找  bs91m1
2022-06-01 13:46:40caoji565 → 专业（发 ）广告，联系我 bs91m1
2022-06-01 13:47:00bailaohui_cvv → 专业（发 ）广告，联系我 bs91m1
2022-06-01 13:47:13TG_88888 → 需要 软、件，找  bs91m1
2022-06-01 13:47:25baocai217 → 准备（发 ）广告，找  bs91m1
2022-06-01 13:47:37A_K_3A → 专业（发 ）广告，联系我 bs91m1
2022-06-01 13:47:49TRJ_shore001 → 需要 群、发软、件，找  bs91m1
2022-06-01 13:48:14shorelalala → 要（发 ）广告，联系 bs91m1
2022-06-01 13:48:30tiandeng88 → 要（发 ）广告，联系 bs91m1
2022-06-01 13:49:04LUNARPROTOCOLA → 要（发 ）广告，联系 bs91m1
2022-06-01 13:49:42haxizongbu8888 → 来（发 ）广告，联系 bs91m1
2022-06-01 13:49:57ps082 → 需要 群、发软、件，找  bs91m1
2022-06-01 13:50:12programertalk → 要（发 ）广告，联系 bs91m1
2022-06-01 13:50:26Flea66 → 需要 群、发软、件，找  bs91m1
2022-06-01 13:50:39pingan66chadang → 需要 群、发，找  bs91m1
2022-06-01 13:51:00dongnanyaliaotian → 需要 群、发软、件，找  bs91m1
2022-06-01 13:51:38maticnetwork_china → 想找人（ 发 ）广告，找   bs91m1
2022-06-01 13:52:04mangguohaxivip1 → 需要 群、发软、件，找  bs91m1
2022-06-01 13:52:58sdjsafhsudij → 专业（发 ）广告，联系我 bs91m1
2022-06-01 13:53:41KOKO9963 → 专业（发 ）广告，联系我 bs91m1
2022-06-01 13:54:11huanqian35 → 准备（发 ）广告，找  bs91m1
2022-06-01 13:54:40usdthuihuan → 想找人（ 发 ）广告，找   bs91m1
2022-06-01 13:55:26NodeGlobal → 需要 群、发，找  bs91m1
2022-06-01 13:55:47paofen33 → 想要（发 ）广告，找 bs91m1
2022-06-01 13:56:32yqtqi8 → 想找人（ 发 ）广告，找   bs91m1
2022-06-01 13:56:46jiu_777 → 需要 软、件，找  bs91m1
2022-06-01 13:57:20xjltq → 需要 软、件，找  bs91m1
2022-06-01 13:57:33sucai_629 → 要（发 ）广告，联系 bs91m1
2022-06-01 13:57:47tz636 → 专业（发 ）广告，联系我 bs91m1
2022-06-01 13:58:09TGlianmeng002 → 需要 软、件，找  bs91m1
2022-06-01 13:58:24Zfb_qq → 需要 软、件，找  bs91m1
2022-06-01 13:58:37tcelue1 → 想要（发 ）广告，找 bs91m1
2022-06-01 13:58:51si1688 → 需要 群、发软、件，找  bs91m1
2022-06-01 13:59:05cccccccxyyy → 准备（发 ）广告，找  bs91m1
2022-06-01 13:59:44HWDBQ → 想要（发 ）广告，找 bs91m1
2022-06-01 13:59:57MDhuaren1 → 要（发 ）广告，联系 bs91m1
2022-06-01 14:00:24liang1112233 → 专业（发 ）广告，联系我 bs91m1
2022-06-01 14:00:47daifu76 → 需要 群、发，找  bs91m1
2022-06-01 14:01:14az123818 → 想要（发 ）广告，找 bs91m1
2022-06-01 14:01:37shorelalala → 专业（发 ）广告，联系我 bs91m1
2022-06-01 14:01:58tongdao25 → 来（发 ）广告，联系 bs91m1
2022-06-01 14:02:21Flea66 → 想找人（ 发 ）广告，找   bs91m1
2022-06-01 14:02:35TG006 → 来（发 ）广告，联系 bs91m1
2022-06-01 14:02:49daishou586 → 想找人（ 发 ）广告，找   bs91m1
2022-06-01 14:03:01WKLhuaren → 来（发 ）广告，联系 bs91m1
2022-06-01 14:03:17qipaipan54 → 需要 群、发，找  bs91m1
2022-06-01 14:03:33BNBMastersd → 要（发 ）广告，联系 bs91m1
2022-06-01 14:03:45TG088 → 想找人（ 发 ）广告，找   bs91m1
2022-06-01 14:04:46xingbi0088 → 要（发 ）广告，联系 bs91m1
2022-06-01 14:05:14xn6699 → 来（发 ）广告，联系 bs91m1
2022-06-01 14:05:48dayofdefeatCN → 想找人（ 发 ）广告，找   bs91m1
2022-06-01 14:06:15TG771 → 想找人（ 发 ）广告，找   bs91m1
2022-06-01 14:06:33chenggong049 → 要（发 ）广告，联系 bs91m1
2022-06-01 14:07:10huiguophp → 要（发 ）广告，联系 bs91m1
2022-06-01 14:07:24lovehash2999B → 来（发 ）广告，联系 bs91m1
2022-06-01 14:07:38iBox_official → 需要 群、发软、件，找  bs91m1
2022-06-01 14:08:34phbbs → 准备（发 ）广告，找  bs91m1
2022-06-01 14:08:49fbwsline2021 → 想要（发 ）广告，找 bs91m1
2022-06-01 14:09:04zhifuo → 需要 群、发，找  bs91m1
2022-06-01 14:10:14Sz1888 → 需要 软、件，找  bs91m1
2022-06-01 14:10:48sunshineyyds → 要（发 ）广告，联系 bs91m1
2022-06-01 14:11:00sanfang53 → 需要 群、发软、件，找  bs91m1
2022-06-01 14:11:49Owowokwe → 来（发 ）广告，联系 bs91m1
2022-06-01 14:12:01yugzf → 要（发 ）广告，联系 bs91m1
2022-06-01 14:12:13TG_King80 → 想要（发 ）广告，找 bs91m1
2022-06-01 14:12:43TG0188 → 想要（发 ）广告，找 bs91m1
2022-06-01 14:13:04xjltq → 需要 群、发软、件，找  bs91m1
2022-06-01 14:13:17dyjiaoliu → 要（发 ）广告，联系 bs91m1
2022-06-01 14:13:34shenma001 → 想要（发 ）广告，找 bs91m1
2022-06-01 14:13:55xinbi_088 → 来（发 ）广告，联系 bs91m1
2022-06-01 14:14:28elemonchinese → 需要 群、发，找  bs91m1
2022-06-01 14:15:04fbwsline2021 → 要（发 ）广告，联系 bs91m1
2022-06-01 14:15:31maticnetwork_china → 专业（发 ）广告，联系我 bs91m1
2022-06-01 14:15:46TG006 → 要（发 ）广告，联系 bs91m1
2022-06-01 14:16:25bailaohui_cvv → 要（发 ）广告，联系 bs91m1
2022-06-01 14:16:38XxUP1121 → 需要 群、发，找  bs91m1
2022-06-01 14:17:10TG_88888 → 来（发 ）广告，联系 bs91m1
2022-06-01 14:17:35USDThuzhu3 → 需要 群、发，找  bs91m1
2022-06-01 14:18:19tsdb01 → 需要 群、发，找  bs91m1
2022-06-01 14:18:48usdtdfds → 准备（发 ）广告，找  bs91m1
2022-06-01 14:19:00everscale_china → 想找人（ 发 ）广告，找   bs91m1
2022-06-01 14:19:31TG_King90 → 需要 群、发软、件，找  bs91m1
2022-06-01 14:19:51xn6699 → 需要 软、件，找  bs91m1
2022-06-01 14:20:38mghxfls → 准备（发 ）广告，找  bs91m1
2022-06-01 14:21:10dibaifa → 专业（发 ）广告，联系我 bs91m1
2022-06-01 14:21:26bclm1 → 来（发 ）广告，联系 bs91m1
2022-06-01 14:21:52x00008 → 需要 群、发，找  bs91m1
2022-06-01 14:22:38yinhe1661 → 需要 群、发，找  bs91m1
2022-06-01 14:22:53tcelue1 → 需要 软、件，找  bs91m1
2022-06-01 14:23:36TG166 → 需要 群、发软、件，找  bs91m1
2022-06-01 14:23:50dbjlq1 → 准备（发 ）广告，找  bs91m1
2022-06-01 14:24:04huaxingYL8 → 来（发 ）广告，联系 bs91m1
2022-06-01 14:24:16dibaifa → 来（发 ）广告，联系 bs91m1
2022-06-01 14:24:50sunshineyyds → 想要（发 ）广告，找 bs91m1
2022-06-01 14:25:45yinhangkausdt → 需要 软、件，找  bs91m1
2022-06-01 14:26:21USDT43 → 要（发 ）广告，联系 bs91m1
2022-06-01 14:26:41pingan66chadang → 想要（发 ）广告，找 bs91m1
2022-06-01 14:27:37wangzhuanusdt → 想要（发 ）广告，找 bs91m1
2022-06-01 14:27:49WKLhuaren → 需要 软、件，找  bs91m1
2022-06-01 14:28:03chaxun2020 → 准备（发 ）广告，找  bs91m1
2022-06-01 14:28:16liang1112233 → 想找人（ 发 ）广告，找   bs91m1
2022-06-01 14:28:40axujj → 想要（发 ）广告，找 bs91m1
2022-06-01 14:29:21tg018 → 需要 软、件，找  bs91m1
2022-06-01 14:29:49USDTm → 需要 群、发软、件，找  bs91m1
2022-06-01 14:31:05TG907 → 需要 群、发软、件，找  bs91m1
2022-06-01 14:31:19Usdtbmw → 想要（发 ）广告，找 bs91m1
2022-06-01 14:31:32huione888 → 需要 群、发，找  bs91m1
2022-06-01 14:32:42wushi95 → 需要 群、发软、件，找  bs91m1
2022-06-01 14:34:29WKLhuaren → 需要 群、发软、件，找  bs91m1
2022-06-01 14:35:19GIBXChange_cn → 专业（发 ）广告，联系我 bs91m1
2022-06-01 14:36:28sunshineyyds → 准备（发 ）广告，找  bs91m1
2022-06-01 14:36:48huiguophp → 专业（发 ）广告，联系我 bs91m1
2022-06-01 14:37:15az123818 → 想要（发 ）广告，找 bs91m1
2022-06-01 14:37:30qunfalaren2 → 要（发 ）广告，联系 bs91m1
2022-06-01 14:38:35daishou15 → 需要 群、发，找  bs91m1
2022-06-01 14:39:25daishou15 → 想要（发 ）广告，找 bs91m1
2022-06-01 14:40:27x00008 → 想找人（ 发 ）广告，找   bs91m1
2022-06-01 14:40:45a8hash9 → 专业（发 ）广告，联系我 bs91m1
2022-06-01 14:41:07TGdanbao000 → 需要 群、发，找  bs91m1
2022-06-01 14:41:19iBox_official → 想要（发 ）广告，找 bs91m1
2022-06-01 14:41:46huione888 → 想要（发 ）广告，找 bs91m1
2022-06-01 14:41:59hareair_1 → 需要 群、发软、件，找  bs91m1
2022-06-01 14:42:43hengxinjituan66 → 专业（发 ）广告，联系我 bs91m1
2022-06-01 14:43:16TG00018 → 想要（发 ）广告，找 bs91m1
2022-06-01 14:43:53TGlianmeng002 → 想找人（ 发 ）广告，找   bs91m1
2022-06-01 14:44:08xbdb01 → 来（发 ）广告，联系 bs91m1
2022-06-01 14:45:36phbbs → 专业（发 ）广告，联系我 bs91m1
2022-06-01 14:45:48paofen33 → 准备（发 ）广告，找  bs91m1
2022-06-01 14:46:12sichouzhilu0 → 专业（发 ）广告，联系我 bs91m1
2022-06-01 14:46:33USDThuzhu3 → 需要 群、发软、件，找  bs91m1
2022-06-01 14:47:14huzituandui → 需要 软、件，找  bs91m1
2022-06-01 14:47:26HuobiGlobal_zw → 要（发 ）广告，联系 bs91m1
2022-06-01 14:47:40TGlianmeng002 → 需要 群、发，找  bs91m1
2022-06-01 14:47:52jiu_777 → 需要 软、件，找  bs91m1
2022-06-01 14:48:06loveuchina → 需要 群、发软、件，找  bs91m1
2022-06-01 14:48:28yugzf → 要（发 ）广告，联系 bs91m1
2022-06-01 14:48:41WKLhuaren → 要（发 ）广告，联系 bs91m1
2022-06-01 14:48:55BtokCN_001 → 要（发 ）广告，联系 bs91m1
2022-06-01 14:49:09juliang666 → 需要 群、发，找  bs91m1
2022-06-01 14:49:57liang1112233 → 准备（发 ）广告，找  bs91m1
2022-06-01 14:50:11bailaohui_cvv → 要（发 ）广告，联系 bs91m1
2022-06-01 14:50:25sq577 → 需要 群、发，找  bs91m1
2022-06-01 14:50:40DXtuandui1 → 专业（发 ）广告，联系我 bs91m1
2022-06-01 14:51:32CA0505 → 需要 软、件，找  bs91m1
2022-06-01 14:52:33xjltq → 需要 群、发，找  bs91m1
2022-06-01 14:53:32TG_857 → 专业（发 ）广告，联系我 bs91m1
2022-06-01 14:53:45usdthuihuan → 来（发 ）广告，联系 bs91m1
2022-06-01 14:55:11bacommu → 要（发 ）广告，联系 bs91m1
2022-06-01 14:56:08bitcoindfds → 来（发 ）广告，联系 bs91m1
2022-06-01 14:56:47chaxun2020 → 需要 群、发，找  bs91m1
2022-06-01 14:57:02wetfsgscbcgdf → 需要 群、发软、件，找  bs91m1
2022-06-01 14:57:22daishou15 → 需要 软、件，找  bs91m1
2022-06-01 14:57:59x00008 → 准备（发 ）广告，找  bs91m1
2022-06-01 14:58:22tangbao_001 → 需要 软、件，找  bs91m1
2022-06-01 14:59:16huanqian35 → 专业（发 ）广告，联系我 bs91m1
2022-06-01 15:01:06wy173 → 需要 群、发，找  bs91m1
2022-06-01 15:01:19sichouzhilu0 → 准备（发 ）广告，找  bs91m1
2022-06-01 15:01:49TG907 → 要（发 ）广告，联系 bs91m1
2022-06-01 15:02:10tongdao25 → 需要 软、件，找  bs91m1
2022-06-01 15:02:25huihui220 → 要（发 ）广告，联系 bs91m1
2022-06-01 15:02:40KOKO9963 → 准备（发 ）广告，找  bs91m1
2022-06-01 15:03:11Fh1hz5168 → 准备（发 ）广告，找  bs91m1
2022-06-01 15:03:32xinbi_088 → 需要 软、件，找  bs91m1
2022-06-01 15:04:03xjltq → 想找人（ 发 ）广告，找   bs91m1
2022-06-01 15:04:26HWDBQQ → 需要 群、发，找  bs91m1
2022-06-01 15:04:39TG1949521 → 来（发 ）广告，联系 bs91m1
2022-06-01 15:04:53TG_King90 → 准备（发 ）广告，找  bs91m1
2022-06-01 15:05:18ml520 → 想要（发 ）广告，找 bs91m1
2022-06-01 15:05:31xjltq → 需要 群、发软、件，找  bs91m1
2022-06-01 15:05:49iBox_official → 需要 软、件，找  bs91m1
2022-06-01 15:06:21Actioner_Of_Wind → 想要（发 ）广告，找 bs91m1
2022-06-01 15:07:02WKLhuaren → 来（发 ）广告，联系 bs91m1
2022-06-01 15:07:14pshqo → 来（发 ）广告，联系 bs91m1
2022-06-01 15:07:26allswapCN → 想要（发 ）广告，找 bs91m1
2022-06-01 15:07:41AKAFC888 → 需要 群、发软、件，找  bs91m1
2022-06-01 15:08:37qipaipan6 → 需要 软、件，找  bs91m1
2022-06-01 15:09:14huihui220 → 专业（发 ）广告，联系我 bs91m1
2022-06-01 15:10:06TG088 → 需要 软、件，找  bs91m1
2022-06-01 15:10:18AS668825 → 准备（发 ）广告，找  bs91m1
2022-06-01 15:10:33shenma001 → 需要 软、件，找  bs91m1
2022-06-01 15:10:49dibai8880 → 准备（发 ）广告，找  bs91m1
2022-06-01 15:11:03huiguophp → 来（发 ）广告，联系 bs91m1
2022-06-01 15:11:22juliang666 → 需要 软、件，找  bs91m1
2022-06-01 15:11:37zhongbenmiao → 需要 群、发软、件，找  bs91m1
2022-06-01 15:11:51mangguohaxivip1 → 专业（发 ）广告，联系我 bs91m1
2022-06-01 15:12:33tianyancha08 → 要（发 ）广告，联系 bs91m1
2022-06-01 15:12:45yindutg → 要（发 ）广告，联系 bs91m1
2022-06-01 15:13:00bcweb → 准备（发 ）广告，找  bs91m1
2022-06-01 15:13:31sunshineyyds → 需要 群、发软、件，找  bs91m1
2022-06-01 15:14:03Shore999888 → 要（发 ）广告，联系 bs91m1
2022-06-01 15:14:33TG1949521 → 想要（发 ）广告，找 bs91m1
2022-06-01 15:14:46WGFLQ0024 → 需要 群、发，找  bs91m1
2022-06-01 15:15:08Usdtbmw → 想找人（ 发 ）广告，找   bs91m1
2022-06-01 15:15:53tianziusdt → 想找人（ 发 ）广告，找   bs91m1
2022-06-01 15:16:06wy173 → 专业（发 ）广告，联系我 bs91m1
2022-06-01 15:16:33TG_King80 → 要（发 ）广告，联系 bs91m1
2022-06-01 15:16:45dibaifa → 要（发 ）广告，联系 bs91m1
2022-06-01 15:17:15WKLhuaren → 需要 群、发软、件，找  bs91m1
2022-06-01 15:17:38hfjiema → 要（发 ）广告，联系 bs91m1
2022-06-01 15:17:51yuantoushuju4 → 想要（发 ）广告，找 bs91m1
2022-06-01 15:18:05Xiaoxuanfengjiaoliuqun → 准备（发 ）广告，找  bs91m1
2022-06-01 15:18:30USDTm → 准备（发 ）广告，找  bs91m1
2022-06-01 15:18:49TGdanbao000 → 需要 群、发，找  bs91m1
2022-06-01 15:19:02humanresource63 → 需要 群、发，找  bs91m1
2022-06-01 15:19:15chaxun2020 → 想要（发 ）广告，找 bs91m1
2022-06-01 15:19:56xingbi0088 → 准备（发 ）广告，找  bs91m1
2022-06-01 15:20:20jiu_777 → 需要 群、发软、件，找  bs91m1
2022-06-01 15:21:00daishoujiaoyi → 想找人（ 发 ）广告，找   bs91m1
2022-06-01 15:21:58mnl111 → 来（发 ）广告，联系 bs91m1
2022-06-01 15:22:12xingxingpiaohao1 → 需要 群、发，找  bs91m1
2022-06-01 15:22:25sanfang53 → 来（发 ）广告，联系 bs91m1
2022-06-01 15:22:48TG0188 → 来（发 ）广告，联系 bs91m1
2022-06-01 15:23:46lhc918 → 来（发 ）广告，联系 bs91m1
2022-06-01 15:24:12dyjiaoliu → 专业（发 ）广告，联系我 bs91m1
2022-06-01 15:25:31bclm1 → 需要 群、发软、件，找  bs91m1
2022-06-01 15:26:09bailaohui_cvv → 需要 软、件，找  bs91m1
2022-06-01 15:26:24TG006 → 要（发 ）广告，联系 bs91m1
2022-06-01 15:26:47zhifuo → 来（发 ）广告，联系 bs91m1
2022-06-01 15:28:12elemonchinese → 要（发 ）广告，联系 bs91m1
2022-06-01 15:29:11Usdtbmw → 需要 群、发软、件，找  bs91m1
2022-06-01 15:29:25BAOAA → 准备（发 ）广告，找  bs91m1
2022-06-01 15:30:06sanfang53 → 专业（发 ）广告，联系我 bs91m1
2022-06-01 15:30:40xjltq → 需要 群、发，找  bs91m1
2022-06-01 15:31:18WorldMobile_CN → 想找人（ 发 ）广告，找   bs91m1
2022-06-01 15:31:54usdtdfds → 来（发 ）广告，联系 bs91m1
2022-06-01 15:32:38axujj → 专业（发 ）广告，联系我 bs91m1
2022-06-01 15:33:12cccccccxyyy → 需要 软、件，找  bs91m1
2022-06-01 15:34:10Shore999888 → 需要 群、发，找  bs91m1
2022-06-01 15:34:53USDTm → 需要 软、件，找  bs91m1
2022-06-01 15:35:37gonghailianmeng → 专业（发 ）广告，联系我 bs91m1
2022-06-01 15:36:19oasisnetworkchina → 准备（发 ）广告，找  bs91m1
2022-06-01 15:36:32daishou15 → 需要 群、发软、件，找  bs91m1
2022-06-01 15:37:47bailaohui_cvv → 准备（发 ）广告，找  bs91m1
2022-06-01 15:38:17tongdao25 → 想要（发 ）广告，找 bs91m1
2022-06-01 15:38:29USDThuzhu3 → 想找人（ 发 ）广告，找   bs91m1
2022-06-01 15:38:51USDThuzhu3 → 需要 群、发软、件，找  bs91m1
2022-06-01 15:39:05wz513064 → 需要 群、发软、件，找  bs91m1
2022-06-01 15:39:17TRJ_shore001 → 想找人（ 发 ）广告，找   bs91m1
2022-06-01 15:39:32BtokCN_0020 → 想找人（ 发 ）广告，找   bs91m1
2022-06-01 15:39:44wz513064 → 准备（发 ）广告，找  bs91m1
2022-06-01 15:41:00USDT43 → 需要 群、发软、件，找  bs91m1
2022-06-01 15:41:30bc1314ssss → 想要（发 ）广告，找 bs91m1
2022-06-01 15:42:01usdthuihuan → 准备（发 ）广告，找  bs91m1
2022-06-01 15:42:22Sz1888 → 来（发 ）广告，联系 bs91m1
2022-06-01 15:42:37dibai12 → 来（发 ）广告，联系 bs91m1
2022-06-01 15:42:51tz636 → 需要 软、件，找  bs91m1
2022-06-01 15:43:20chaxun2020 → 要（发 ）广告，联系 bs91m1
2022-06-01 15:43:53TG006 → 需要 群、发软、件，找  bs91m1
2022-06-01 15:44:13phbbs → 想找人（ 发 ）广告，找   bs91m1
2022-06-01 15:44:36caoji565 → 专业（发 ）广告，联系我 bs91m1
2022-06-01 15:45:21wetfsgscbcgdf → 要（发 ）广告，联系 bs91m1
2022-06-01 15:45:42jinsanjiao2020 → 来（发 ）广告，联系 bs91m1
2022-06-01 15:46:32mangguoVIP → 来（发 ）广告，联系 bs91m1
2022-06-01 15:47:06botong002 → 准备（发 ）广告，找  bs91m1
2022-06-01 15:47:28x00008 → 想要（发 ）广告，找 bs91m1
2022-06-01 15:47:41yizhifu678 → 准备（发 ）广告，找  bs91m1
2022-06-01 15:47:53WKLhuaren → 要（发 ）广告，联系 bs91m1
2022-06-01 15:48:18starfishoscn → 需要 群、发，找  bs91m1
2022-06-01 15:49:11juliang666 → 想找人（ 发 ）广告，找   bs91m1
2022-06-01 15:49:53shouxi88 → 要（发 ）广告，联系 bs91m1
2022-06-01 15:50:08luckyy99999 → 需要 软、件，找  bs91m1
2022-06-01 15:50:58bclm1 → 需要 软、件，找  bs91m1
2022-06-01 15:51:21NodeGlobal → 想要（发 ）广告，找 bs91m1
2022-06-01 15:51:42tsdb01 → 要（发 ）广告，联系 bs91m1
2022-06-01 15:52:04ccv348 → 需要 群、发，找  bs91m1
2022-06-01 15:52:30baocai217 → 需要 群、发软、件，找  bs91m1
2022-06-01 15:53:00tsdb01 → 想要（发 ）广告，找 bs91m1
2022-06-01 15:53:13tcelue1 → 准备（发 ）广告，找  bs91m1
2022-06-01 15:53:26Usdtbmw → 要（发 ）广告，联系 bs91m1
2022-06-01 15:53:39TG_88888 → 需要 群、发，找  bs91m1
2022-06-01 15:54:02huione888 → 需要 群、发，找  bs91m1
2022-06-01 15:54:54obhaxi07 → 要（发 ）广告，联系 bs91m1
2022-06-01 15:55:39GoRideCommunityChat → 要（发 ）广告，联系 bs91m1
2022-06-01 15:56:01tiktokyinfen → 来（发 ）广告，联系 bs91m1
2022-06-01 15:56:14si1688 → 想找人（ 发 ）广告，找   bs91m1
2022-06-01 15:56:26usdtdfds → 想要（发 ）广告，找 bs91m1
2022-06-01 15:56:48DBhuaren1 → 需要 群、发，找  bs91m1
2022-06-01 15:57:17x00008 → 要（发 ）广告，联系 bs91m1
2022-06-01 15:57:40DBhuaren1 → 想要（发 ）广告，找 bs91m1
2022-06-01 15:57:52xinbi_088 → 需要 软、件，找  bs91m1
2022-06-01 15:58:20TGlianmeng002 → 想要（发 ）广告，找 bs91m1
2022-06-01 15:59:06tcelue1 → 需要 群、发，找  bs91m1
2022-06-01 15:59:27sichouzhilu0 → 需要 群、发，找  bs91m1
2022-06-01 15:59:52zhifuo → 要（发 ）广告，联系 bs91m1
2022-06-01 16:00:37TGlianmeng002 → 想找人（ 发 ）广告，找   bs91m1
2022-06-01 16:01:54sunshineyyds → 专业（发 ）广告，联系我 bs91m1
2022-06-01 16:02:18feihelp → 需要 群、发软、件，找  bs91m1
2022-06-01 16:03:03az123818 → 需要 群、发软、件，找  bs91m1
2022-06-01 16:03:18oeunetwork → 专业（发 ）广告，联系我 bs91m1
2022-06-01 16:03:30MDhuaren1 → 专业（发 ）广告，联系我 bs91m1
2022-06-01 16:03:43BAOAA → 想找人（ 发 ）广告，找   bs91m1
2022-06-01 16:04:05TGdanbao000 → 要（发 ）广告，联系 bs91m1
2022-06-01 16:04:23chenggong005 → 想要（发 ）广告，找 bs91m1
2022-06-01 16:04:37BtokCN_0018 → 来（发 ）广告，联系 bs91m1
2022-06-01 16:05:23jdghkjghkjghkhcgkh → 需要 群、发，找  bs91m1
2022-06-01 16:05:35humanresource63 → 需要 群、发，找  bs91m1
2022-06-01 16:05:53bdflb365 → 来（发 ）广告，联系 bs91m1
2022-06-01 16:06:19KMFW56789 → 专业（发 ）广告，联系我 bs91m1
2022-06-01 16:06:33WKLhuaren → 要（发 ）广告，联系 bs91m1
2022-06-01 16:06:47jiu_777 → 准备（发 ）广告，找  bs91m1
2022-06-01 16:07:00tsdb01 → 来（发 ）广告，联系 bs91m1
2022-06-01 16:07:28CCP5223 → 专业（发 ）广告，联系我 bs91m1
2022-06-01 16:07:51cccccccxyyy → 要（发 ）广告，联系 bs91m1
2022-06-01 16:08:04dibaifa → 需要 软、件，找  bs91m1
2022-06-01 16:08:17tz636 → 准备（发 ）广告，找  bs91m1
2022-06-01 16:08:32baocai217 → 想要（发 ）广告，找 bs91m1
2022-06-01 16:09:05x00008 → 来（发 ）广告，联系 bs91m1
2022-06-01 16:09:18chaxun2020 → 要（发 ）广告，联系 bs91m1
2022-06-01 16:09:49wangzhuanusdt → 来（发 ）广告，联系 bs91m1
2022-06-01 16:10:03hyshx999 → 专业（发 ）广告，联系我 bs91m1
2022-06-01 16:10:20yinhangkausdt → 需要 群、发，找  bs91m1
2022-06-01 16:10:32BTCusdtNFT → 想要（发 ）广告，找 bs91m1
2022-06-01 16:10:46DiP887 → 来（发 ）广告，联系 bs91m1
2022-06-01 16:11:07dbjlq1 → 来（发 ）广告，联系 bs91m1
2022-06-01 16:11:34TG1949521 → 需要 群、发，找  bs91m1
2022-06-01 16:12:24chenggong045 → 想要（发 ）广告，找 bs91m1
2022-06-01 16:12:53dibai778899 → 想要（发 ）广告，找 bs91m1
2022-06-01 16:13:06GIBXChange_cn → 来（发 ）广告，联系 bs91m1
2022-06-01 16:13:21Flea66 → 专业（发 ）广告，联系我 bs91m1
2022-06-01 16:13:34TG006 → 需要 软、件，找  bs91m1
2022-06-01 16:13:48TG108 → 需要 软、件，找  bs91m1
2022-06-01 16:14:44USDTm → 要（发 ）广告，联系 bs91m1
2022-06-01 16:14:59xinshi888 → 需要 群、发，找  bs91m1
2022-06-01 16:15:18huione888 → 需要 群、发软、件，找  bs91m1
2022-06-01 16:15:48TG166 → 要（发 ）广告，联系 bs91m1
2022-06-01 16:16:13FQ3P3 → 需要 群、发，找  bs91m1
2022-06-01 16:16:37juliang666 → 需要 群、发，找  bs91m1
2022-06-01 16:17:14daishou15 → 需要 软、件，找  bs91m1
2022-06-01 16:17:55TG006 → 需要 群、发软、件，找  bs91m1
2022-06-01 16:18:10TRJ_shore001 → 需要 软、件，找  bs91m1
2022-06-01 16:18:33haxitouzhu → 想找人（ 发 ）广告，找   bs91m1
2022-06-01 16:18:47XxUP1121 → 专业（发 ）广告，联系我 bs91m1
2022-06-01 16:19:06XxUP1121 → 准备（发 ）广告，找  bs91m1
2022-06-01 16:20:02TG_857 → 专业（发 ）广告，联系我 bs91m1
2022-06-01 16:20:44usdtdfds → 专业（发 ）广告，联系我 bs91m1
2022-06-01 16:20:59chaxun2020 → 想要（发 ）广告，找 bs91m1
2022-06-01 16:21:20usdthuihuan → 想要（发 ）广告，找 bs91m1
2022-06-01 16:21:34dbjlq1 → 需要 软、件，找  bs91m1
2022-06-01 16:21:55bailaohui_cvv → 要（发 ）广告，联系 bs91m1
2022-06-01 16:22:29qxinw → 想要（发 ）广告，找 bs91m1
2022-06-01 16:22:42daifu76 → 需要 群、发，找  bs91m1
2022-06-01 16:23:35sunshineyyds → 准备（发 ）广告，找  bs91m1
2022-06-01 16:23:48jiu_777 → 准备（发 ）广告，找  bs91m1
2022-06-01 16:24:16TG0799 → 需要 软、件，找  bs91m1
2022-06-01 16:24:43tokauCN → 专业（发 ）广告，联系我 bs91m1
2022-06-01 16:26:15yugzf → 专业（发 ）广告，联系我 bs91m1
2022-06-01 16:26:46usdthuihuan → 想要（发 ）广告，找 bs91m1
2022-06-01 16:27:31TG907 → 需要 群、发软、件，找  bs91m1
2022-06-01 16:27:55axujj → 需要 群、发软、件，找  bs91m1
2022-06-01 16:28:11TG907 → 需要 软、件，找  bs91m1
2022-06-01 16:29:05HooGroupChinese → 需要 群、发软、件，找  bs91m1
2022-06-01 16:29:55TG088 → 要（发 ）广告，联系 bs91m1
2022-06-01 16:31:25huione888 → 需要 群、发，找  bs91m1
2022-06-01 16:31:59shenma001 → 需要 软、件，找  bs91m1
2022-06-01 16:32:19tongdao25 → 需要 群、发软、件，找  bs91m1
2022-06-01 16:33:28daishou15 → 需要 软、件，找  bs91m1
2022-06-01 16:33:48USDThuzhu3 → 来（发 ）广告，联系 bs91m1
2022-06-01 16:34:21XxUP1121 → 准备（发 ）广告，找  bs91m1
2022-06-01 16:34:53dibai9988 → 想找人（ 发 ）广告，找   bs91m1
2022-06-01 16:35:14usdthuihuan → 来（发 ）广告，联系 bs91m1
2022-06-01 16:36:13TGdanbao000 → 想要（发 ）广告，找 bs91m1
2022-06-01 16:36:35TGdanbao000 → 需要 软、件，找  bs91m1
2022-06-01 16:38:06yinhe1661 → 专业（发 ）广告，联系我 bs91m1
2022-06-01 16:38:20caoji565 → 专业（发 ）广告，联系我 bs91m1
2022-06-01 16:39:05sishengq1 → 想要（发 ）广告，找 bs91m1
2022-06-01 16:39:45x00008 → 想找人（ 发 ）广告，找   bs91m1
2022-06-01 16:40:16Usdtbmw → 需要 软、件，找  bs91m1
2022-06-01 16:41:00weikang2020 → 想找人（ 发 ）广告，找   bs91m1
2022-06-01 16:41:35WKLhuaren → 需要 软、件，找  bs91m1
2022-06-01 16:42:05yugzf → 来（发 ）广告，联系 bs91m1
2022-06-01 16:42:17TG_King80 → 想找人（ 发 ）广告，找   bs91m1
2022-06-01 16:42:50wangzhuan75 → 需要 群、发软、件，找  bs91m1
2022-06-01 16:43:14bclm1 → 准备（发 ）广告，找  bs91m1
2022-06-01 16:43:27wz513064 → 需要 群、发软、件，找  bs91m1
2022-06-01 16:44:17qianloon → 来（发 ）广告，联系 bs91m1
2022-06-01 16:44:54xjltq → 要（发 ）广告，联系 bs91m1
2022-06-01 16:46:31TG088 → 需要 群、发，找  bs91m1
2022-06-01 16:47:07Flea66 → 想找人（ 发 ）广告，找   bs91m1
2022-06-01 16:47:57ccv348 → 需要 软、件，找  bs91m1
2022-06-01 16:48:20jiu_777 → 需要 群、发软、件，找  bs91m1
2022-06-01 16:48:55dbjlq1 → 需要 群、发，找  bs91m1
2022-06-01 16:49:19liang1112233 → 想找人（ 发 ）广告，找   bs91m1
2022-06-01 16:50:03pgycnxxx → 想要（发 ）广告，找 bs91m1
2022-06-01 16:50:16WKLhuaren → 想要（发 ）广告，找 bs91m1
2022-06-01 16:51:17phbbs → 想要（发 ）广告，找 bs91m1
2022-06-01 16:51:32Shore999888 → 想要（发 ）广告，找 bs91m1
2022-06-01 16:51:46humanresource63 → 来（发 ）广告，联系 bs91m1
2022-06-01 16:52:00TG1949521 → 需要 软、件，找  bs91m1
2022-06-01 16:52:14tsdb01 → 要（发 ）广告，联系 bs91m1
2022-06-01 16:52:40axujj → 需要 群、发软、件，找  bs91m1
2022-06-01 16:53:42jkdgkfghfhg → 需要 群、发，找  bs91m1
2022-06-01 16:53:57HWDBQ → 需要 群、发软、件，找  bs91m1
2022-06-01 16:54:10dibaifa → 来（发 ）广告，联系 bs91m1
2022-06-01 16:54:24Flea66 → 想要（发 ）广告，找 bs91m1
2022-06-01 16:54:51TG006 → 想要（发 ）广告，找 bs91m1
2022-06-01 16:55:12tsdb01 → 需要 群、发软、件，找  bs91m1
2022-06-01 16:55:30chenggong020 → 准备（发 ）广告，找  bs91m1
2022-06-01 16:56:12lovehash2999 → 想找人（ 发 ）广告，找   bs91m1
2022-06-01 16:56:25daifu76 → 想要（发 ）广告，找 bs91m1
2022-06-01 16:56:37iuhiaq11 → 需要 群、发，找  bs91m1
2022-06-01 16:57:54dyjiaoliu → 准备（发 ）广告，找  bs91m1
2022-06-01 16:58:08shiqi430 → 要（发 ）广告，联系 bs91m1
2022-06-01 16:58:25mljlq → 专业（发 ）广告，联系我 bs91m1
2022-06-01 16:58:59sichouzhilu0 → 需要 软、件，找  bs91m1
2022-06-01 16:59:14DXtuandui1 → 要（发 ）广告，联系 bs91m1
2022-06-01 16:59:26fbwsline2021 → 要（发 ）广告，联系 bs91m1
2022-06-01 16:59:40xinbi_088 → 需要 群、发软、件，找  bs91m1
2022-06-01 17:00:00bs91m990 → 想找人（ 发 ）广告，找   bs91m1
2022-06-01 17:00:31usdthuihuan → 来（发 ）广告，联系 bs91m1
2022-06-01 17:01:12DXtuandui2 → 需要 群、发软、件，找  bs91m1
2022-06-01 17:01:35dip9186 → 来（发 ）广告，联系 bs91m1
2022-06-01 17:01:55baocai217 → 想要（发 ）广告，找 bs91m1
2022-06-01 17:02:08phbbs → 来（发 ）广告，联系 bs91m1
2022-06-01 17:02:23ps082 → 来（发 ）广告，联系 bs91m1
2022-06-01 17:02:42huanqian35 → 来（发 ）广告，联系 bs91m1
2022-06-01 17:03:16x00008 → 来（发 ）广告，联系 bs91m1
2022-06-01 17:03:34bailaohui_cvv → 想找人（ 发 ）广告，找   bs91m1
2022-06-01 17:03:48xbdb01 → 想找人（ 发 ）广告，找   bs91m1
2022-06-01 17:04:09GIBXChange_cn → 需要 群、发软、件，找  bs91m1
2022-06-01 17:04:24duanxinma → 想要（发 ）广告，找 bs91m1
2022-06-01 17:04:36sq577 → 需要 群、发，找  bs91m1
2022-06-01 17:04:50tz636 → 需要 软、件，找  bs91m1
2022-06-01 17:05:23Owowokwe → 需要 群、发，找  bs91m1
2022-06-01 17:07:02daishou15 → 需要 群、发，找  bs91m1
2022-06-01 17:07:31liang1112233 → 来（发 ）广告，联系 bs91m1
2022-06-01 17:08:00DXB68 → 想找人（ 发 ）广告，找   bs91m1
2022-06-01 17:08:16yizhifu678 → 要（发 ）广告，联系 bs91m1
2022-06-01 17:08:29TG0188 → 来（发 ）广告，联系 bs91m1
2022-06-01 17:08:57caifushequ10000 → 准备（发 ）广告，找  bs91m1
2022-06-01 17:09:21DXB68 → 专业（发 ）广告，联系我 bs91m1
2022-06-01 17:10:17three001 → 想找人（ 发 ）广告，找   bs91m1
2022-06-01 17:10:30TG12389 → 来（发 ）广告，联系 bs91m1
2022-06-01 17:10:45xjltq → 专业（发 ）广告，联系我 bs91m1
2022-06-01 17:11:17cyj00 → 想要（发 ）广告，找 bs91m1
2022-06-01 17:11:29pingan66chadang → 来（发 ）广告，联系 bs91m1
2022-06-01 17:11:58iBox_official → 需要 群、发软、件，找  bs91m1
2022-06-01 17:12:24xbdb01 → 需要 群、发软、件，找  bs91m1
2022-06-01 17:12:37WKLhuaren → 需要 群、发，找  bs91m1
2022-06-01 17:12:53a8hash9 → 想找人（ 发 ）广告，找   bs91m1
2022-06-01 17:13:08liang1112233 → 来（发 ）广告，联系 bs91m1
2022-06-01 17:13:25yindutg → 准备（发 ）广告，找  bs91m1
2022-06-01 17:14:23wz513064 → 要（发 ）广告，联系 bs91m1
2022-06-01 17:14:35x00008 → 需要 群、发软、件，找  bs91m1
2022-06-01 17:15:22yizhifu678 → 来（发 ）广告，联系 bs91m1
2022-06-01 17:15:49huaxingYL8 → 想要（发 ）广告，找 bs91m1
2022-06-01 17:16:13qunfalaren2 → 想要（发 ）广告，找 bs91m1
2022-06-01 17:16:28TGdibai168 → 需要 软、件，找  bs91m1
2022-06-01 17:16:52jiemaLine → 需要 软、件，找  bs91m1
2022-06-01 17:17:55mangguohaxivip1 → 来（发 ）广告，联系 bs91m1
2022-06-01 17:18:28mamina26 → 来（发 ）广告，联系 bs91m1
2022-06-01 17:18:40dubai_37 → 需要 群、发软、件，找  bs91m1
2022-06-01 17:19:25si1688 → 专业（发 ）广告，联系我 bs91m1
2022-06-01 17:20:02WKLhuaren → 想找人（ 发 ）广告，找   bs91m1
2022-06-01 17:20:34daifu76 → 想找人（ 发 ）广告，找   bs91m1
2022-06-01 17:20:46tongdao25 → 想找人（ 发 ）广告，找   bs91m1
2022-06-01 17:20:58xjltq → 想要（发 ）广告，找 bs91m1
2022-06-01 17:21:12USDTm → 来（发 ）广告，联系 bs91m1
2022-06-01 17:21:58chaxun2020 → 想找人（ 发 ）广告，找   bs91m1
2022-06-01 17:22:19TG006 → 来（发 ）广告，联系 bs91m1
2022-06-01 17:22:47bclm1 → 需要 群、发软、件，找  bs91m1
2022-06-01 17:23:34cn_talk → 需要 软、件，找  bs91m1
2022-06-01 17:23:56huaren88 → 来（发 ）广告，联系 bs91m1
2022-06-01 17:24:12yizhifu678 → 准备（发 ）广告，找  bs91m1
2022-06-01 17:24:28daishou586 → 需要 群、发软、件，找  bs91m1
2022-06-01 17:24:49dibai8880 → 想找人（ 发 ）广告，找   bs91m1
2022-06-01 17:25:55tgzhcn → 来（发 ）广告，联系 bs91m1
2022-06-01 17:26:15bailaohui_cvv → 来（发 ）广告，联系 bs91m1
2022-06-01 17:27:13TGlianmeng002 → 想要（发 ）广告，找 bs91m1
2022-06-01 17:27:31K8FLQ042 → 准备（发 ）广告，找  bs91m1
2022-06-01 17:27:53axujj → 准备（发 ）广告，找  bs91m1
2022-06-01 17:28:08sq583 → 来（发 ）广告，联系 bs91m1
2022-06-01 17:28:20huione888 → 准备（发 ）广告，找  bs91m1
2022-06-01 17:28:42DEA1BSC → 来（发 ）广告，联系 bs91m1
2022-06-01 17:28:57TG_King80 → 想要（发 ）广告，找 bs91m1
2022-06-01 17:29:20tcelue1 → 需要 群、发，找  bs91m1
2022-06-01 17:29:34tsdb01 → 准备（发 ）广告，找  bs91m1
2022-06-01 17:30:19tonghuashun1 → 准备（发 ）广告，找  bs91m1
2022-06-01 17:30:32TG088 → 来（发 ）广告，联系 bs91m1
2022-06-01 17:30:46bcweb → 需要 软、件，找  bs91m1
2022-06-01 17:31:23TG_King80 → 专业（发 ）广告，联系我 bs91m1
2022-06-01 17:31:47xianliao01 → 需要 群、发，找  bs91m1
2022-06-01 17:32:01YS52111 → 想找人（ 发 ）广告，找   bs91m1
2022-06-01 17:32:13dyjiaoliu → 需要 群、发软、件，找  bs91m1
2022-06-01 17:32:26WKLhuaren → 来（发 ）广告，联系 bs91m1
2022-06-01 17:32:48bailaohui_cvv → 想找人（ 发 ）广告，找   bs91m1
2022-06-01 17:34:30sq577 → 准备（发 ）广告，找  bs91m1
2022-06-01 17:34:54aoa99999 → 想要（发 ）广告，找 bs91m1
2022-06-01 17:35:44huione888 → 需要 软、件，找  bs91m1
2022-06-01 17:36:21botong002 → 需要 群、发软、件，找  bs91m1
2022-06-01 17:36:33usdtdfds → 来（发 ）广告，联系 bs91m1
2022-06-01 17:37:11si1688 → 要（发 ）广告，联系 bs91m1
2022-06-01 17:38:27dibai918 → 专业（发 ）广告，联系我 bs91m1
2022-06-01 17:38:41daishou15 → 专业（发 ）广告，联系我 bs91m1
2022-06-01 17:38:54liang1112233 → 需要 群、发，找  bs91m1
2022-06-01 17:39:09TG1949521 → 准备（发 ）广告，找  bs91m1
2022-06-01 17:39:54daifu76 → 来（发 ）广告，联系 bs91m1
2022-06-01 17:42:24xinbi_088 → 专业（发 ）广告，联系我 bs91m1
2022-06-01 17:42:42qiangpaof → 要（发 ）广告，联系 bs91m1
2022-06-01 17:43:07ccv348 → 需要 群、发软、件，找  bs91m1
2022-06-01 17:43:51huione888 → 专业（发 ）广告，联系我 bs91m1
2022-06-01 17:44:30upperdecknetworkchn → 来（发 ）广告，联系 bs91m1
2022-06-01 17:45:00xjltq → 需要 群、发，找  bs91m1
2022-06-01 17:45:47xinbi_088 → 想找人（ 发 ）广告，找   bs91m1
2022-06-01 17:46:15maticnetwork_china → 需要 软、件，找  bs91m1
2022-06-01 17:46:55SWDJ889 → 来（发 ）广告，联系 bs91m1
2022-06-01 17:47:25TG771 → 需要 群、发，找  bs91m1
2022-06-01 17:48:23qunfalaren2 → 专业（发 ）广告，联系我 bs91m1
2022-06-01 17:49:21iuhiaq11 → 需要 软、件，找  bs91m1
2022-06-01 17:49:35USDTm → 专业（发 ）广告，联系我 bs91m1
2022-06-01 17:49:49bailaohui_cvv → 要（发 ）广告，联系 bs91m1
2022-06-01 17:50:20USDThuzhu3 → 要（发 ）广告，联系 bs91m1
2022-06-01 17:50:52qipaipan54 → 想要（发 ）广告，找 bs91m1
2022-06-01 17:51:32xjltq → 准备（发 ）广告，找  bs91m1
2022-06-01 17:52:05tz636 → 需要 群、发，找  bs91m1
2022-06-01 17:52:34TG0188 → 要（发 ）广告，联系 bs91m1
2022-06-01 17:52:47juliang666 → 准备（发 ）广告，找  bs91m1
2022-06-01 17:53:29XxUP1121 → 要（发 ）广告，联系 bs91m1
2022-06-01 17:54:16caoji565 → 想找人（ 发 ）广告，找   bs91m1
2022-06-01 17:54:50GB4RSm3vSvM3YzI9 → 需要 群、发软、件，找  bs91m1
2022-06-01 17:55:26yongliguojidanbao → 需要 群、发，找  bs91m1
2022-06-01 17:56:09huiguo6688 → 想找人（ 发 ）广告，找   bs91m1
2022-06-01 17:56:42usdtdfds → 需要 群、发软、件，找  bs91m1
2022-06-01 17:56:54wz513064 → 来（发 ）广告，联系 bs91m1
2022-06-01 17:57:33fw866 → 需要 群、发软、件，找  bs91m1
2022-06-01 17:57:55chaxun2020 → 要（发 ）广告，联系 bs91m1
2022-06-01 17:58:10caoji565 → 需要 群、发，找  bs91m1
2022-06-01 17:58:23xinbi_088 → 需要 群、发软、件，找  bs91m1
2022-06-01 17:59:36fbwsline2021 → 想找人（ 发 ）广告，找   bs91m1
2022-06-01 17:59:46USsyu → 想找人（ 发 ）广告，找   bs91m1
2022-06-01 17:59:58Usdtbmw → 专业（发 ）广告，联系我 bs91m1
2022-06-01 18:00:12shorelalala → 想找人（ 发 ）广告，找   bs91m1
2022-06-01 18:00:26HSHX66 → 专业（发 ）广告，联系我 bs91m1
2022-06-01 18:00:41huione888 → 要（发 ）广告，联系 bs91m1
2022-06-01 18:00:51TGlianmeng002 → 需要 群、发软、件，找  bs91m1
2022-06-01 18:01:22dbjlq1 → 需要 群、发，找  bs91m1
2022-06-01 18:02:29FHaak8 → 想要（发 ）广告，找 bs91m1
2022-06-01 18:02:46usdthuihuan → 专业（发 ）广告，联系我 bs91m1
2022-06-01 18:03:07BNBMastersd → 专业（发 ）广告，联系我 bs91m1
2022-06-01 18:04:08tianziusdt → 需要 软、件，找  bs91m1
2022-06-01 18:04:28BAOAA → 准备（发 ）广告，找  bs91m1
2022-06-01 18:04:46TG006 → 来（发 ）广告，联系 bs91m1
2022-06-01 18:05:36caifushequ10000 → 专业（发 ）广告，联系我 bs91m1
2022-06-01 18:05:56A_K_3A → 准备（发 ）广告，找  bs91m1
2022-06-01 18:07:06Flea66 → 来（发 ）广告，联系 bs91m1
2022-06-01 18:07:26xxxggg999 → 准备（发 ）广告，找  bs91m1
2022-06-01 18:08:02GIBXChange_cn → 需要 群、发，找  bs91m1
2022-06-01 18:09:08daishou15 → 准备（发 ）广告，找  bs91m1
2022-06-01 18:09:26dongnanyaliaotian → 想找人（ 发 ）广告，找   bs91m1
2022-06-01 18:09:44yugzf → 来（发 ）广告，联系 bs91m1
2022-06-01 18:10:03sunshineyyds → 需要 群、发软、件，找  bs91m1
2022-06-01 18:10:21qxinw → 需要 软、件，找  bs91m1
2022-06-01 18:10:57sunshineyyds → 想要（发 ）广告，找 bs91m1
2022-06-01 18:12:24qgky8888 → 专业（发 ）广告，联系我 bs91m1
2022-06-01 18:12:44hashjt → 需要 软、件，找  bs91m1
2022-06-01 18:13:01sichouzhilu0 → 需要 群、发软、件，找  bs91m1
2022-06-01 18:13:42baocai217 → 准备（发 ）广告，找  bs91m1
2022-06-01 18:14:20fbwsline2021 → 要（发 ）广告，联系 bs91m1
2022-06-01 18:14:53TG_King80 → 专业（发 ）广告，联系我 bs91m1
2022-06-01 18:15:12dip9186 → 需要 群、发，找  bs91m1
2022-06-01 18:16:15MDhuaren1 → 来（发 ）广告，联系 bs91m1
2022-06-01 18:17:13mghxfls → 想找人（ 发 ）广告，找   bs91m1
2022-06-01 18:17:32TG_King80 → 专业（发 ）广告，联系我 bs91m1
2022-06-01 18:18:32tongdao25 → 需要 软、件，找  bs91m1
2022-06-01 18:19:22tg018 → 需要 群、发，找  bs91m1
2022-06-01 18:19:52haxitouzhu → 需要 软、件，找  bs91m1
2022-06-01 18:20:14duanxinma → 需要 群、发，找  bs91m1
2022-06-01 18:20:32TG1949521 → 想要（发 ）广告，找 bs91m1
2022-06-01 18:20:50tcelue1 → 想要（发 ）广告，找 bs91m1
2022-06-01 18:21:49tongdao25 → 要（发 ）广告，联系 bs91m1
2022-06-01 18:22:08jiuDing999999 → 想要（发 ）广告，找 bs91m1
2022-06-01 18:23:01huanqian35 → 需要 群、发，找  bs91m1
2022-06-01 18:23:39tongdao25 → 专业（发 ）广告，联系我 bs91m1
2022-06-01 18:24:27ml520 → 想要（发 ）广告，找 bs91m1
2022-06-01 18:24:58dibaifa → 需要 群、发软、件，找  bs91m1
2022-06-01 18:25:29juliang666 → 要（发 ）广告，联系 bs91m1
2022-06-01 18:25:47iBox_official → 需要 群、发，找  bs91m1
2022-06-01 18:26:09TG166 → 需要 群、发软、件，找  bs91m1
2022-06-01 18:26:58daishou15 → 专业（发 ）广告，联系我 bs91m1
2022-06-01 18:27:16TG166 → 想要（发 ）广告，找 bs91m1
2022-06-01 18:28:08qipaipan54 → 来（发 ）广告，联系 bs91m1
2022-06-01 18:29:17CPQPWZ898989 → 需要 群、发，找  bs91m1
2022-06-01 18:30:24mangguo_99fe → 想要（发 ）广告，找 bs91m1
2022-06-01 18:33:19jiu_777 → 来（发 ）广告，联系 bs91m1
2022-06-01 18:34:06tsdb01 → 需要 群、发软、件，找  bs91m1
2022-06-01 18:34:31tianziusdt → 想要（发 ）广告，找 bs91m1
2022-06-01 18:34:49daishou44 → 想找人（ 发 ）广告，找   bs91m1
2022-06-01 18:36:00bailaohui_cvv → 需要 群、发，找  bs91m1
2022-06-01 18:36:19jiu_777 → 来（发 ）广告，联系 bs91m1
2022-06-01 18:36:38bacommu → 想找人（ 发 ）广告，找   bs91m1
2022-06-01 18:37:37TGdanbao000 → 准备（发 ）广告，找  bs91m1
2022-06-01 18:38:10shenma001 → 需要 软、件，找  bs91m1
2022-06-01 18:38:29dbjlq1 → 想要（发 ）广告，找 bs91m1
2022-06-01 18:40:00OKXGroup_CN → 专业（发 ）广告，联系我 bs91m1
2022-06-01 18:41:02huanqian35 → 需要 软、件，找  bs91m1
2022-06-01 18:41:33bcweb → 准备（发 ）广告，找  bs91m1
2022-06-01 18:42:03TG088 → 专业（发 ）广告，联系我 bs91m1
2022-06-01 18:46:56HooGroupChinese → 需要 群、发，找  bs91m1
2022-06-01 18:47:08phbbs → 想要（发 ）广告，找 bs91m1
2022-06-01 18:47:39yuantoushuju4 → 需要 软、件，找  bs91m1
2022-06-01 18:48:14fbwsline2021 → 准备（发 ）广告，找  bs91m1
2022-06-01 18:49:00TG088 → 想要（发 ）广告，找 bs91m1
2022-06-01 18:50:41WKLhuaren → 想找人（ 发 ）广告，找   bs91m1
2022-06-01 18:50:59tsdb01 → 需要 群、发，找  bs91m1
2022-06-01 18:53:21BNBStarsChinese → 想找人（ 发 ）广告，找   bs91m1
2022-06-01 18:53:53BtokCN_0014 → 需要 群、发软、件，找  bs91m1
2022-06-01 18:54:25xingxingpiaohao1 → 专业（发 ）广告，联系我 bs91m1
2022-06-01 18:55:00usdtdfds → 想要（发 ）广告，找 bs91m1
2022-06-01 18:56:17dubai2611 → 需要 软、件，找  bs91m1
2022-06-01 18:58:21dongnanyaliaotian → 想要（发 ）广告，找 bs91m1
2022-06-01 19:00:44botong002 → 想要（发 ）广告，找 bs91m1
2022-06-01 19:01:02wangzhuan75 → 准备（发 ）广告，找  bs91m1
2022-06-01 19:01:20TG0188 → 准备（发 ）广告，找  bs91m1
2022-06-01 19:01:41az123818 → 需要 软、件，找  bs91m1
2022-06-01 19:02:14DNY770 → 需要 群、发，找  bs91m1
2022-06-01 19:02:45jfoisjfiodvfd → 需要 群、发，找  bs91m1
2022-06-01 19:03:03huione888 → 专业（发 ）广告，联系我 bs91m1
2022-06-01 19:03:22botong002 → 需要 群、发软、件，找  bs91m1
2022-06-01 19:04:49FG528 → 准备（发 ）广告，找  bs91m1
2022-06-01 19:05:26si1688 → 想找人（ 发 ）广告，找   bs91m1
2022-06-01 19:06:03dubai1199 → 需要 软、件，找  bs91m1
2022-06-01 19:06:23TG006 → 想要（发 ）广告，找 bs91m1
2022-06-01 19:07:15openwrt_lede_v2ray_plugin → 专业（发 ）广告，联系我 bs91m1
2022-06-01 19:07:34huaxingYL8 → 准备（发 ）广告，找  bs91m1
2022-06-01 19:08:10bailaohui_cvv → 需要 软、件，找  bs91m1
2022-06-01 19:08:39PG528 → 专业（发 ）广告，联系我 bs91m1
2022-06-01 19:09:52pingan66chadang → 来（发 ）广告，联系 bs91m1
2022-06-01 19:10:23yugzf → 需要 软、件，找  bs91m1
2022-06-01 19:11:07sishengq2 → 准备（发 ）广告，找  bs91m1
2022-06-01 19:12:10LUNARPROTOCOLA → 需要 群、发，找  bs91m1
2022-06-01 19:12:45kpou15 → 需要 软、件，找  bs91m1
2022-06-01 19:13:43TG55555555555 → 专业（发 ）广告，联系我 bs91m1
2022-06-01 19:14:00TG_King80 → 想找人（ 发 ）广告，找   bs91m1
2022-06-01 19:15:10daifu76 → 需要 群、发，找  bs91m1
2022-06-01 19:15:55GIBXChange_cn → 要（发 ）广告，联系 bs91m1
2022-06-01 19:16:14bailaohui_cvv → 专业（发 ）广告，联系我 bs91m1
2022-06-01 19:16:31TG006 → 需要 群、发软、件，找  bs91m1
2022-06-01 19:16:50bcweb → 想找人（ 发 ）广告，找   bs91m1
2022-06-01 19:17:09iBox_official → 需要 软、件，找  bs91m1
2022-06-01 19:17:46qipaipan54 → 想要（发 ）广告，找 bs91m1
2022-06-01 19:18:31USDThuzhu3 → 专业（发 ）广告，联系我 bs91m1
2022-06-01 19:18:49mangguoVIP → 需要 软、件，找  bs91m1
2022-06-01 19:19:10block18PLAyatai → 来（发 ）广告，联系 bs91m1
2022-06-01 19:19:54USDTm → 来（发 ）广告，联系 bs91m1
2022-06-01 19:20:14haxijiaoliuqun → 想要（发 ）广告，找 bs91m1
2022-06-01 19:21:01Fkzy_Group → 来（发 ）广告，联系 bs91m1
2022-06-01 19:21:30sunshineyyds → 需要 软、件，找  bs91m1
2022-06-01 19:22:11wz513064 → 要（发 ）广告，联系 bs91m1
2022-06-01 19:22:32dbf6666 → 需要 群、发软、件，找  bs91m1
2022-06-01 19:23:19ccv348 → 要（发 ）广告，联系 bs91m1
2022-06-01 19:23:37sq583 → 专业（发 ）广告，联系我 bs91m1
2022-06-01 19:23:56juliang666 → 来（发 ）广告，联系 bs91m1
2022-06-01 19:24:13BIYONGOfficial0015 → 想要（发 ）广告，找 bs91m1
2022-06-01 19:25:04baocai217 → 需要 群、发，找  bs91m1
2022-06-01 19:25:25mnl111 → 准备（发 ）广告，找  bs91m1
2022-06-01 19:26:23XxUP1121 → 要（发 ）广告，联系 bs91m1
2022-06-01 19:26:42jiu_777 → 要（发 ）广告，联系 bs91m1
2022-06-01 19:27:03zscd1 → 想找人（ 发 ）广告，找   bs91m1
2022-06-01 19:27:20usdthuihuan → 来（发 ）广告，联系 bs91m1
2022-06-01 19:27:39botong002 → 要（发 ）广告，联系 bs91m1
2022-06-01 19:27:56lovehash929 → 需要 群、发软、件，找  bs91m1
2022-06-01 19:28:55tongdao25 → 要（发 ）广告，联系 bs91m1
2022-06-01 19:29:36WKLhuaren → 想要（发 ）广告，找 bs91m1
2022-06-01 19:29:54xjltq → 要（发 ）广告，联系 bs91m1
2022-06-01 19:31:33caoji565 → 专业（发 ）广告，联系我 bs91m1
2022-06-01 19:32:58sunshineyyds → 想找人（ 发 ）广告，找   bs91m1
2022-06-01 19:34:28daishou15 → 想找人（ 发 ）广告，找   bs91m1
2022-06-01 19:34:59bailaohui_cvv → 准备（发 ）广告，找  bs91m1
2022-06-01 19:35:45BtokCN_0016 → 来（发 ）广告，联系 bs91m1
2022-06-01 19:36:02usdthuihuan → 需要 软、件，找  bs91m1
2022-06-01 19:36:51jiu_777 → 需要 群、发软、件，找  bs91m1
2022-06-01 19:37:10chaxun2020 → 来（发 ）广告，联系 bs91m1
2022-06-01 19:38:39xinbi_088 → 需要 群、发，找  bs91m1
2022-06-01 19:39:30dbjlq1 → 来（发 ）广告，联系 bs91m1
2022-06-01 19:40:57Geniusinu_coin7 → 专业（发 ）广告，联系我 bs91m1
2022-06-01 19:41:27WKLhuaren → 需要 群、发软、件，找  bs91m1
2022-06-01 19:41:46huaxingYL8 → 需要 软、件，找  bs91m1
2022-06-01 19:42:24TG006 → 要（发 ）广告，联系 bs91m1
2022-06-01 19:42:44TG_King90 → 需要 群、发，找  bs91m1
2022-06-01 19:44:23TG_King80 → 要（发 ）广告，联系 bs91m1
2022-06-01 19:44:41bs91m990 → 要（发 ）广告，联系 bs91m1
2022-06-01 19:45:47Flea66 → 需要 群、发软、件，找  bs91m1
2022-06-01 19:46:36wz513064 → 需要 群、发，找  bs91m1
2022-06-01 19:47:45TG088 → 准备（发 ）广告，找  bs91m1
2022-06-01 19:48:44TG_88888 → 需要 群、发软、件，找  bs91m1
2022-06-01 19:49:04zhongwen6 → 来（发 ）广告，联系 bs91m1
2022-06-01 19:52:44tokauCN → 要（发 ）广告，联系 bs91m1
2022-06-01 19:53:01axujj → 需要 群、发，找  bs91m1
2022-06-01 19:53:31bailaohui_cvv → 想找人（ 发 ）广告，找   bs91m1
2022-06-01 19:54:04chaxun2020 → 需要 群、发软、件，找  bs91m1
2022-06-01 19:55:05YS52111 → 想要（发 ）广告，找 bs91m1
2022-06-01 19:55:43TGDL128 → 需要 群、发软、件，找  bs91m1
2022-06-01 19:56:00huanqian35 → 想找人（ 发 ）广告，找   bs91m1
2022-06-01 19:56:47daishou15 → 专业（发 ）广告，联系我 bs91m1
2022-06-01 19:57:51baocai217 → 专业（发 ）广告，联系我 bs91m1
2022-06-01 19:58:22Usdtbmw → 想要（发 ）广告，找 bs91m1
2022-06-01 20:00:27tcelue1 → 想找人（ 发 ）广告，找   bs91m1
2022-06-01 20:00:45WKLhuaren → 需要 软、件，找  bs91m1
2022-06-01 20:01:56tongdao25 → 想要（发 ）广告，找 bs91m1
2022-06-01 20:02:45sichouzhilu0 → 专业（发 ）广告，联系我 bs91m1
2022-06-01 20:04:41huione888 → 来（发 ）广告，联系 bs91m1
2022-06-01 20:04:59TRJ_Cavite → 需要 群、发，找  bs91m1
2022-06-01 20:05:31DXB68 → 来（发 ）广告，联系 bs91m1
2022-06-01 20:06:01AS668825 → 需要 软、件，找  bs91m1
2022-06-01 20:07:23daifu76 → 专业（发 ）广告，联系我 bs91m1
2022-06-01 20:08:26usdtdfds → 想找人（ 发 ）广告，找   bs91m1
2022-06-01 20:09:04TG006 → 想要（发 ）广告，找 bs91m1
2022-06-01 20:10:47yugzf → 需要 软、件，找  bs91m1
2022-06-01 20:11:50xjltq → 想要（发 ）广告，找 bs91m1
2022-06-01 20:12:48TG1949521 → 准备（发 ）广告，找  bs91m1
2022-06-01 20:13:13BIYONGOfficial0015 → 需要 群、发，找  bs91m1
2022-06-01 20:13:30BTCusdtNFT → 需要 软、件，找  bs91m1
2022-06-01 20:14:07TG771 → 想要（发 ）广告，找 bs91m1
2022-06-01 20:14:24juliang666 → 需要 软、件，找  bs91m1
2022-06-01 20:15:13yizhifu678 → 专业（发 ）广告，联系我 bs91m1
2022-06-01 20:16:12axujj → 需要 软、件，找  bs91m1
2022-06-01 20:16:53WKLhuaren → 来（发 ）广告，联系 bs91m1
2022-06-01 20:17:58dyjiaoliu → 要（发 ）广告，联系 bs91m1
2022-06-01 20:18:15TG088 → 想找人（ 发 ）广告，找   bs91m1
2022-06-01 20:19:30danbao96 → 需要 群、发软、件，找  bs91m1
2022-06-01 20:20:28daishou15 → 需要 群、发软、件，找  bs91m1
2022-06-01 20:21:06TG0188 → 想找人（ 发 ）广告，找   bs91m1
2022-06-01 20:23:10jjdd0002 → 需要 软、件，找  bs91m1
2022-06-01 20:23:27sq577 → 需要 软、件，找  bs91m1
2022-06-01 20:24:36tronnetworkCN → 需要 软、件，找  bs91m1
2022-06-01 20:25:16InsultingEmpire → 要（发 ）广告，联系 bs91m1
2022-06-01 20:25:33xjltq → 准备（发 ）广告，找  bs91m1
2022-06-01 20:27:11GTRhash999 → 需要 群、发软、件，找  bs91m1
2022-06-01 20:27:55sichouzhilu0 → 想要（发 ）广告，找 bs91m1
2022-06-01 20:28:13XxUP1121 → 来（发 ）广告，联系 bs91m1
2022-06-01 20:30:01xbdb01 → 需要 软、件，找  bs91m1
2022-06-01 20:30:19tsdb01 → 需要 群、发软、件，找  bs91m1
2022-06-01 20:31:24tianziusdt → 要（发 ）广告，联系 bs91m1
2022-06-01 20:31:43ccv348 → 要（发 ）广告，联系 bs91m1
2022-06-01 20:32:56XxUP1121 → 需要 群、发软、件，找  bs91m1