
2022-06-14 00:01:19fv0015 → 要（发 ）广告，联系 bs91m1
2022-06-14 00:02:26xd836809 → 需要 软、件，找 bs91m1
2022-06-14 00:05:15cvv666money → 要（发 ）广告，联系 bs91m1
2022-06-14 00:06:20phpzufang → 专业（发 ）广告，联系我 bs91m1
2022-06-14 00:08:11dunxin106 → 专业（发 ）广告，联系我 bs91m1
2022-06-14 00:09:10joinBCPH → 准备（发 ）广告，找 bs91m1
2022-06-14 00:11:13USDThuzhu3 → 准备（发 ）广告，找 bs91m1
2022-06-14 00:12:11dsfdshhs → 需要 群、发，找 bs91m1
2022-06-14 00:14:08youxidaili → 要（发 ）广告，联系 bs91m1
2022-06-14 00:15:06xianliaoq → (session) 协议号，零售、批发 找，bs91m1
2022-06-14 00:16:58dream888 → 准备（发 ）广告，找 bs91m1
2022-06-14 00:18:02jinsanjiaobc → 需要 群、发软、件，找 bs91m1
2022-06-14 00:19:03fgdfdfherh → 想找人（ 发 ）广告，找 bs91m1
2022-06-14 00:21:59shujyinl → 准备（发 ）广告，找 bs91m1
2022-06-14 00:22:59Hpy111 → 想要（发 ）广告，找 bs91m1
2022-06-14 00:24:50adasdasw → (session) 协议号，零售、批发 找，bs91m1
2022-06-14 00:27:45srjlq → 来（发 ）广告，联系 bs91m1
2022-06-14 00:28:46guojitongdaoduanxin → 准备（发 ）广告，找 bs91m1
2022-06-14 00:29:52fjhq000hz → (session) 协议号，零售、批发 找，bs91m1
2022-06-14 00:32:35Hpy888 → 想找人（ 发 ）广告，找 bs91m1
2022-06-14 00:33:42miaomiao12356 → 来（发 ）广告，联系 bs91m1
2022-06-14 00:36:27dsfdshhs → 想要（发 ）广告，找 bs91m1
2022-06-14 00:37:33yhksijiantao11 → 来（发 ）广告，联系 bs91m1
2022-06-14 00:38:31hnsdfhs155 → 需要 群、发，找 bs91m1
2022-06-14 00:40:23yinlianguoji → 专业（发 ）广告，联系我 bs91m1
2022-06-14 00:42:30phniuniu → 需要 群、发软、件，找 bs91m1
2022-06-14 00:44:20zuqiushuju → 需要 软、件，找 bs91m1
2022-06-14 00:46:18cvv666money → 需要 群、发软、件，找 bs91m1
2022-06-14 00:47:17dubai13148888 → 想找人（ 发 ）广告，找 bs91m1
2022-06-14 00:50:15zgfCYJT → 来（发 ）广告，联系 bs91m1
2022-06-14 00:51:13yunqian68 → 专业（发 ）广告，联系我 bs91m1
2022-06-14 00:54:57jiaoyouqun123 → 想要（发 ）广告，找 bs91m1
2022-06-14 00:55:55srjlq → 想找人（ 发 ）广告，找 bs91m1
2022-06-14 00:58:00adasdasw → 想要（发 ）广告，找 bs91m1
2022-06-14 01:00:48youxidaili → 准备（发 ）广告，找 bs91m1
2022-06-14 01:02:40seguiren → 想找人（ 发 ）广告，找 bs91m1
2022-06-14 01:06:26shujyinl → 专业（发 ）广告，联系我 bs91m1
2022-06-14 01:07:24fv0015 → 需要 群、发，找 bs91m1
2022-06-14 01:08:31sirenweixin3 → 需要 群、发软、件，找 bs91m1
2022-06-14 01:11:14AG686 → 想要（发 ）广告，找 bs91m1
2022-06-14 01:13:14jinsanjiaobc → 想要（发 ）广告，找 bs91m1
2022-06-14 01:14:13phpzufang → 想要（发 ）广告，找 bs91m1
2022-06-14 01:16:10dunxin106 → 需要 群、发软、件，找 bs91m1
2022-06-14 01:18:58xianliaoq → 要（发 ）广告，联系 bs91m1
2022-06-14 01:20:55fjhq000hz → 需要 群、发软、件，找 bs91m1
2022-06-14 01:21:55lbbet → 来（发 ）广告，联系 bs91m1
2022-06-14 01:22:54yinlianguoji → 要（发 ）广告，联系 bs91m1
2022-06-14 01:26:41ziyuanduijie1 → 需要 群、发软、件，找 bs91m1
2022-06-14 01:27:48phniuniu → 准备（发 ）广告，找 bs91m1
2022-06-14 01:30:39buyusdtx → 想找人（ 发 ）广告，找 bs91m1
2022-06-14 01:33:35zgfCYJT → (session) 协议号，零售、批发 找，bs91m1
2022-06-14 01:34:32hnsdfhs155 → 需要 软、件，找 bs91m1
2022-06-14 01:35:37USDThuzhu3 → 来（发 ）广告，联系 bs91m1
2022-06-14 01:36:36yhksijiantao11 → 来（发 ）广告，联系 bs91m1
2022-06-14 01:38:28joinBCPH → 专业（发 ）广告，联系我 bs91m1
2022-06-14 01:40:26phpzufang → 需要 群、发软、件，找 bs91m1
2022-06-14 01:41:24zuqiushuju → 需要 群、发，找 bs91m1
2022-06-14 01:42:23dubai13148888 → 准备（发 ）广告，找 bs91m1
2022-06-14 01:44:21Philippines_visa → 来（发 ）广告，联系 bs91m1
2022-06-14 01:45:19sirenweixin3 → 想要（发 ）广告，找 bs91m1
2022-06-14 01:48:10Hpy111 → 想要（发 ）广告，找 bs91m1
2022-06-14 01:49:08lbbet → 准备（发 ）广告，找 bs91m1
2022-06-14 01:50:07fv0015 → 准备（发 ）广告，找 bs91m1
2022-06-14 01:52:05dunxin106 → 需要 群、发，找 bs91m1
2022-06-14 01:53:04shujyinl → 来（发 ）广告，联系 bs91m1
2022-06-14 01:54:03miaomiao12356 → 来（发 ）广告，联系 bs91m1
2022-06-14 01:55:08jinsanjiaobc → 想要（发 ）广告，找 bs91m1
2022-06-14 01:56:58cvv666money → 专业（发 ）广告，联系我 bs91m1
2022-06-14 01:59:50seguiren → 专业（发 ）广告，联系我 bs91m1
2022-06-14 02:03:38USDThuzhu3 → 需要 软、件，找 bs91m1
2022-06-14 02:05:28yunqian68 → 想找人（ 发 ）广告，找 bs91m1
2022-06-14 02:07:25xianliaoq → 来（发 ）广告，联系 bs91m1
2022-06-14 02:08:23srjlq → 准备（发 ）广告，找 bs91m1
2022-06-14 02:10:21adasdasw → 需要 群、发软、件，找 bs91m1
2022-06-14 02:11:19dsfdshhs → 需要 群、发，找 bs91m1
2022-06-14 02:14:13jiaoyouqun123 → 要（发 ）广告，联系 bs91m1
2022-06-14 02:21:43hnsdfhs155 → 需要 群、发，找 bs91m1
2022-06-14 02:22:49fgdfdfherh → 来（发 ）广告，联系 bs91m1
2022-06-14 02:23:48yunqian68 → 需要 软、件，找 bs91m1
2022-06-14 02:26:41miaomiao12356 → 想要（发 ）广告，找 bs91m1
2022-06-14 02:27:38dsfdshhs → 准备（发 ）广告，找 bs91m1
2022-06-14 02:28:37zuqiushuju → 需要 软、件，找 bs91m1
2022-06-14 02:30:34cvv666money → (session) 协议号，零售、批发 找，bs91m1
2022-06-14 02:33:18AG686 → 准备（发 ）广告，找 bs91m1
2022-06-14 02:34:25Hpy111 → 想要（发 ）广告，找 bs91m1
2022-06-14 02:35:24lbbet → 来（发 ）广告，联系 bs91m1
2022-06-14 02:37:14youxidaili → 来（发 ）广告，联系 bs91m1
2022-06-14 02:39:11fjhq000hz → 想找人（ 发 ）广告，找 bs91m1
2022-06-14 02:40:11dream888 → 来（发 ）广告，联系 bs91m1
2022-06-14 02:41:11shujyinl → (session) 协议号，零售、批发 找，bs91m1
2022-06-14 02:42:18amjwg → 想要（发 ）广告，找 bs91m1
2022-06-14 02:43:16phpzufang → 想要（发 ）广告，找 bs91m1
2022-06-14 02:47:57buyusdtx → 专业（发 ）广告，联系我 bs91m1
2022-06-14 02:48:56Philippines_visa → 想找人（ 发 ）广告，找 bs91m1
2022-06-14 02:50:01seguiren → 需要 软、件，找 bs91m1
2022-06-14 02:50:59jinsanjiaobc → 想找人（ 发 ）广告，找 bs91m1
2022-06-14 02:52:51dubai13148888 → 要（发 ）广告，联系 bs91m1
2022-06-14 02:53:57sirenweixin3 → 来（发 ）广告，联系 bs91m1
2022-06-14 02:54:55fjhq000hz → (session) 协议号，零售、批发 找，bs91m1
2022-06-14 02:55:54xd836809 → 准备（发 ）广告，找 bs91m1
2022-06-14 02:57:53jiaoyouqun123 → 想找人（ 发 ）广告，找 bs91m1
2022-06-14 02:59:44zuqiushuju → 专业（发 ）广告，联系我 bs91m1
2022-06-14 03:02:34yhksijiantao11 → 需要 群、发，找 bs91m1
2022-06-14 03:07:19xianliaoq → 需要 软、件，找 bs91m1
2022-06-14 03:08:18adasdasw → 想找人（ 发 ）广告，找 bs91m1
2022-06-14 03:09:23fv0015 → 来（发 ）广告，联系 bs91m1
2022-06-14 03:12:08YHK_security → 想要（发 ）广告，找 bs91m1
2022-06-14 03:15:51youxidaili → 专业（发 ）广告，联系我 bs91m1
2022-06-14 03:17:48srjlq → 想找人（ 发 ）广告，找 bs91m1
2022-06-14 03:19:41phpzufang → 来（发 ）广告，联系 bs91m1
2022-06-14 03:20:46dsfdshhs → 需要 群、发，找 bs91m1
2022-06-14 03:23:33dubai13148888 → 需要 群、发，找 bs91m1
2022-06-14 03:24:37hnsdfhs155 → 想要（发 ）广告，找 bs91m1
2022-06-14 03:25:36yunqian68 → 想要（发 ）广告，找 bs91m1
2022-06-14 03:28:33G88888880 → 想找人（ 发 ）广告，找 bs91m1
2022-06-14 03:29:30USDThuzhu3 → 专业（发 ）广告，联系我 bs91m1
2022-06-14 03:30:29yhksijiantao11 → 要（发 ）广告，联系 bs91m1
2022-06-14 03:32:27xianliaoq → 需要 群、发软、件，找 bs91m1
2022-06-14 03:35:11phniuniu → 需要 群、发软、件，找 bs91m1
2022-06-14 03:36:19joinBCPH → 准备（发 ）广告，找 bs91m1
2022-06-14 03:39:02shujyinl → 来（发 ）广告，联系 bs91m1
2022-06-14 03:40:08cvv666money → 需要 群、发软、件，找 bs91m1
2022-06-14 03:42:51amjwg → 准备（发 ）广告，找 bs91m1
2022-06-14 03:43:59xd836809 → 需要 软、件，找 bs91m1
2022-06-14 03:46:41YHK_security → 专业（发 ）广告，联系我 bs91m1
2022-06-14 03:47:47seguiren → 专业（发 ）广告，联系我 bs91m1
2022-06-14 03:48:48yinlianguoji → 需要 群、发，找 bs91m1
2022-06-14 03:52:36Hpy111 → 专业（发 ）广告，联系我 bs91m1
2022-06-14 03:53:43dream888 → 专业（发 ）广告，联系我 bs91m1
2022-06-14 03:54:42jiaoyouqun123 → 需要 软、件，找 bs91m1
2022-06-14 03:58:25sirenweixin3 → 需要 软、件，找 bs91m1
2022-06-14 04:00:23lbbet → 想找人（ 发 ）广告，找 bs91m1
2022-06-14 04:06:01shujyinl → 需要 群、发，找 bs91m1
2022-06-14 04:08:00phpzufang → 准备（发 ）广告，找 bs91m1
2022-06-14 04:11:44seguiren → 来（发 ）广告，联系 bs91m1
2022-06-14 04:13:44sirenweixin3 → 来（发 ）广告，联系 bs91m1
2022-06-14 04:18:19cvv666money → 专业（发 ）广告，联系我 bs91m1
2022-06-14 04:20:19yhksijiantao11 → 要（发 ）广告，联系 bs91m1
2022-06-14 04:24:09amjwg → 专业（发 ）广告，联系我 bs91m1
2022-06-14 04:25:15dubai13148888 → 想要（发 ）广告，找 bs91m1
2022-06-14 04:27:06lbbet → 需要 软、件，找 bs91m1
2022-06-14 04:28:12zgfCYJT → 要（发 ）广告，联系 bs91m1
2022-06-14 04:29:10YHK_security → 专业（发 ）广告，联系我 bs91m1
2022-06-14 04:31:09joinBCPH → (session) 协议号，零售、批发 找，bs91m1
2022-06-14 04:32:07dsfdshhs → 需要 群、发软、件，找 bs91m1
2022-06-14 04:34:04xianliaoq → 准备（发 ）广告，找 bs91m1
2022-06-14 04:35:04guojitongdaoduanxin → 要（发 ）广告，联系 bs91m1
2022-06-14 04:37:02yunqian68 → 需要 群、发，找 bs91m1
2022-06-14 04:40:00dream888 → 专业（发 ）广告，联系我 bs91m1
2022-06-14 04:41:51jiaoyouqun123 → 要（发 ）广告，联系 bs91m1
2022-06-14 04:45:42seguiren → (session) 协议号，零售、批发 找，bs91m1
2022-06-14 04:47:33Hpy111 → 需要 群、发，找 bs91m1
2022-06-14 04:49:31G88888880 → 要（发 ）广告，联系 bs91m1
2022-06-14 04:50:31jiaoyouqun123 → 专业（发 ）广告，联系我 bs91m1
2022-06-14 04:52:29shujyinl → 要（发 ）广告，联系 bs91m1
2022-06-14 04:53:31fgdfdfherh → 需要 群、发，找 bs91m1
2022-06-14 04:54:37dsfdshhs → 想要（发 ）广告，找 bs91m1
2022-06-14 04:59:15YHK_security → (session) 协议号，零售、批发 找，bs91m1
2022-06-14 05:01:12phpzufang → 来（发 ）广告，联系 bs91m1
2022-06-14 05:03:11yunqian68 → (session) 协议号，零售、批发 找，bs91m1
2022-06-14 05:06:56yhksijiantao11 → 来（发 ）广告，联系 bs91m1
2022-06-14 05:09:45sirenweixin3 → 专业（发 ）广告，联系我 bs91m1
2022-06-14 05:13:29cvv666money → (session) 协议号，零售、批发 找，bs91m1
2022-06-14 05:17:29lbbet → 需要 群、发软、件，找 bs91m1
2022-06-14 05:22:06xianliaoq → 需要 软、件，找 bs91m1
2022-06-14 05:24:25dream888 → 想要（发 ）广告，找 bs91m1
2022-06-14 05:27:47cvv666money → 需要 群、发，找 bs91m1
2022-06-14 05:28:50miaomiao12356 → 来（发 ）广告，联系 bs91m1
2022-06-14 05:29:56dubai13148888 → 需要 软、件，找 bs91m1
2022-06-14 05:31:47xianliaoq → (session) 协议号，零售、批发 找，bs91m1
2022-06-14 05:32:55Hpy111 → 来（发 ）广告，联系 bs91m1
2022-06-14 05:33:55lbbet → 专业（发 ）广告，联系我 bs91m1
2022-06-14 05:36:53shujyinl → 需要 群、发软、件，找 bs91m1
2022-06-14 05:39:44phniuniu → 需要 群、发，找 bs91m1
2022-06-14 05:40:43dsfdshhs → 需要 软、件，找 bs91m1
2022-06-14 05:42:43zgfCYJT → 想要（发 ）广告，找 bs91m1
2022-06-14 05:43:42phpzufang → 需要 群、发软、件，找 bs91m1
2022-06-14 05:45:41yunqian68 → 想找人（ 发 ）广告，找 bs91m1
2022-06-14 05:46:41xd836809 → 准备（发 ）广告，找 bs91m1
2022-06-14 05:48:41Philippines_visa → 想找人（ 发 ）广告，找 bs91m1
2022-06-14 05:49:40jiaoyouqun123 → 想找人（ 发 ）广告，找 bs91m1
2022-06-14 05:51:39seguiren → 需要 群、发，找 bs91m1
2022-06-14 05:53:44yhksijiantao11 → 专业（发 ）广告，联系我 bs91m1
2022-06-14 05:56:36sirenweixin3 → 需要 群、发软、件，找 bs91m1
2022-06-14 06:07:54phpzufang → 需要 软、件，找 bs91m1
2022-06-14 06:12:33sirenweixin3 → 来（发 ）广告，联系 bs91m1
2022-06-14 06:14:31lbbet → 想找人（ 发 ）广告，找 bs91m1
2022-06-14 06:18:17shujyinl → 想要（发 ）广告，找 bs91m1
2022-06-14 06:21:09dsfdshhs → 需要 群、发，找 bs91m1
2022-06-14 06:22:15xianliaoq → 想找人（ 发 ）广告，找 bs91m1
2022-06-14 06:24:49miaomiao12356 → 想要（发 ）广告，找 bs91m1
2022-06-14 06:25:56xd836809 → 要（发 ）广告，联系 bs91m1
2022-06-14 06:26:55yunqian68 → 需要 群、发软、件，找 bs91m1
2022-06-14 06:29:46cvv666money → 需要 群、发软、件，找 bs91m1
2022-06-14 06:31:44dubai13148888 → 需要 群、发软、件，找 bs91m1
2022-06-14 06:34:39seguiren → 专业（发 ）广告，联系我 bs91m1
2022-06-14 06:36:31dream888 → 需要 软、件，找 bs91m1
2022-06-14 06:38:31jiaoyouqun123 → 专业（发 ）广告，联系我 bs91m1
2022-06-14 06:39:31guojitongdaoduanxin → 准备（发 ）广告，找 bs91m1
2022-06-14 06:40:37yhksijiantao11 → 需要 群、发，找 bs91m1
2022-06-14 06:42:29yinlianguoji → 来（发 ）广告，联系 bs91m1
2022-06-14 06:43:35YHK_security → 需要 群、发软、件，找 bs91m1
2022-06-14 06:44:35zgfCYJT → 想找人（ 发 ）广告，找 bs91m1
2022-06-14 06:47:26Hpy111 → 想要（发 ）广告，找 bs91m1
2022-06-14 06:49:23lbbet → 需要 软、件，找 bs91m1
2022-06-14 06:55:18sirenweixin3 → 准备（发 ）广告，找 bs91m1
2022-06-14 06:58:59cvv666money → 来（发 ）广告，联系 bs91m1
2022-06-14 07:01:00seguiren → 需要 群、发软、件，找 bs91m1
2022-06-14 07:04:45dsfdshhs → 专业（发 ）广告，联系我 bs91m1
2022-06-14 07:08:29shujyinl → 需要 群、发软、件，找 bs91m1
2022-06-14 07:11:21xianliaoq → 来（发 ）广告，联系 bs91m1
2022-06-14 07:13:21yunqian68 → 需要 软、件，找 bs91m1
2022-06-14 07:18:14yhksijiantao11 → 专业（发 ）广告，联系我 bs91m1
2022-06-14 07:21:58phpzufang → 需要 软、件，找 bs91m1
2022-06-14 07:23:58jiaoyouqun123 → 需要 群、发软、件，找 bs91m1
2022-06-14 07:24:57Hpy888 → 准备（发 ）广告，找 bs91m1
2022-06-14 07:27:49xd836809 → 想要（发 ）广告，找 bs91m1
2022-06-14 07:31:40YHK_security → 想找人（ 发 ）广告，找 bs91m1
2022-06-14 07:32:49Hpy111 → (session) 协议号，零售、批发 找，bs91m1
2022-06-14 07:34:39sirenweixin3 → 专业（发 ）广告，联系我 bs91m1
2022-06-14 07:35:47cvv666money → 想找人（ 发 ）广告，找 bs91m1
2022-06-14 07:37:39G88888880 → 需要 群、发，找 bs91m1
2022-06-14 07:38:45phpzufang → 专业（发 ）广告，联系我 bs91m1
2022-06-14 07:40:37dubai13148888 → 来（发 ）广告，联系 bs91m1
2022-06-14 07:42:43dream888 → 专业（发 ）广告，联系我 bs91m1
2022-06-14 07:44:40jiaoyouqun123 → 想要（发 ）广告，找 bs91m1
2022-06-14 07:45:41joinBCPH → 来（发 ）广告，联系 bs91m1
2022-06-14 07:47:40shujyinl → 想找人（ 发 ）广告，找 bs91m1
2022-06-14 07:52:25seguiren → 想找人（ 发 ）广告，找 bs91m1
2022-06-14 07:53:31xianliaoq → 需要 软、件，找 bs91m1
2022-06-14 07:54:32zgfCYJT → 需要 软、件，找 bs91m1
2022-06-14 07:56:29yunqian68 → 来（发 ）广告，联系 bs91m1
2022-06-14 08:01:07lbbet → 来（发 ）广告，联系 bs91m1
2022-06-14 08:04:00dsfdshhs → 想找人（ 发 ）广告，找 bs91m1
2022-06-14 08:06:53yhksijiantao11 → 想要（发 ）广告，找 bs91m1
2022-06-14 08:10:44phpzufang → 准备（发 ）广告，找 bs91m1
2022-06-14 08:13:36xianliaoq → 想找人（ 发 ）广告，找 bs91m1
2022-06-14 08:18:14seguiren → 想要（发 ）广告，找 bs91m1
2022-06-14 08:20:14dsfdshhs → 需要 软、件，找 bs91m1
2022-06-14 08:22:11jiaoyouqun123 → 要（发 ）广告，联系 bs91m1
2022-06-14 08:27:06shujyinl → 想要（发 ）广告，找 bs91m1
2022-06-14 08:30:03cvv666money → 要（发 ）广告，联系 bs91m1
2022-06-14 08:33:53yhksijiantao11 → 需要 群、发软、件，找 bs91m1
2022-06-14 08:36:50xd836809 → 准备（发 ）广告，找 bs91m1
2022-06-14 08:38:47sirenweixin3 → 来（发 ）广告，联系 bs91m1
2022-06-14 08:39:49miaomiao12356 → 需要 群、发软、件，找 bs91m1
2022-06-14 08:43:47fgdfdfherh → 需要 软、件，找 bs91m1
2022-06-14 08:45:37yunqian68 → 来（发 ）广告，联系 bs91m1
2022-06-14 08:46:43lbbet → 想找人（ 发 ）广告，找 bs91m1