
2022-05-11 02:13:28goutui1113 → 专业代🔥发广🔥告✈️ bs91m1
2022-05-11 02:13:39DiP887 → 群🔥发软🔥件代🔥发🔥广告 ✈️ bs91m1
2022-05-11 02:13:52dibaihuanhuizongqun → 群🔥发软🔥件代🔥发🔥广告 ✈️ bs91m1
2022-05-11 03:57:55yinhangkausdt → 【91M Boss】传媒 代🔥发广🔥告✈️ bs91m1
2022-05-11 03:58:13dibaiddd77 → 【91M Boss】传媒 代🔥发广🔥告✈️ bs91m1
2022-05-11 03:58:23wangzhuanusdt → 群🔥发软🔥件代🔥发🔥广告 ✈️ bs91m1
2022-05-11 03:58:59ewttsfdgcjtwt → 【91M Boss】传媒 代🔥发广🔥告✈️ bs91m1
2022-05-11 03:59:08ETHminerT → 【91M Boss】传媒 代🔥发广🔥告✈️ bs91m1
2022-05-11 03:59:18BTCusdtNFT → 专业代🔥发广🔥告✈️ bs91m1
2022-05-11 03:59:37TG910 → 群🔥发软🔥件代🔥发🔥广告 ✈️ bs91m1
2022-05-11 03:59:53jiu_777 → 专业代🔥发广🔥告✈️ bs91m1
2022-05-11 04:01:05qiugouubi → 【91M Boss】传媒 代🔥发广🔥告✈️ bs91m1
2022-05-11 04:01:21boniu365com → 群🔥发软🔥件代🔥发🔥广告 ✈️ bs91m1
2022-05-11 04:01:30DXB68 → 【91M Boss】传媒 代🔥发广🔥告✈️ bs91m1
2022-05-11 04:01:52cyj00 → 【91M Boss】传媒 代🔥发广🔥告✈️ bs91m1
2022-05-11 04:02:57Fkzy_Group → 专业代🔥发广🔥告✈️ bs91m1
2022-05-11 04:03:08Shore999888 → 群🔥发软🔥件代🔥发🔥广告 ✈️ bs91m1
2022-05-11 04:03:26PHMAKA107 → 专业代🔥发广🔥告✈️ bs91m1
2022-05-11 04:03:38TGhuaren1 → 群🔥发软🔥件代🔥发🔥广告 ✈️ bs91m1
2022-05-11 04:04:07TG166 → 【91M Boss】传媒 代🔥发广🔥告✈️ bs91m1
2022-05-11 04:04:28dubaipigpig → 专业代🔥发广🔥告✈️ bs91m1
2022-05-11 04:04:48botong002 → 群🔥发软🔥件代🔥发🔥广告 ✈️ bs91m1
2022-05-11 04:04:56CaloriesA → 【91M Boss】传媒 代🔥发广🔥告✈️ bs91m1
2022-05-11 04:05:12GANKPADCN → 专业代🔥发广🔥告✈️ bs91m1
2022-05-11 04:05:39xysbbs6 → 群🔥发软🔥件代🔥发🔥广告 ✈️ bs91m1
2022-05-11 04:05:54ccig91 → 群🔥发软🔥件代🔥发🔥广告 ✈️ bs91m1
2022-05-11 04:06:03lovehash29C → 专业代🔥发广🔥告✈️ bs91m1
2022-05-11 04:06:23tgzhcn → 专业代🔥发广🔥告✈️ bs91m1
2022-05-11 04:07:15BtokCN_0016 → 群🔥发软🔥件代🔥发🔥广告 ✈️ bs91m1
2022-05-11 04:07:56bghaxi003 → 群🔥发软🔥件代🔥发🔥广告 ✈️ bs91m1
2022-05-11 04:08:39huzituandui → 【91M Boss】传媒 代🔥发广🔥告✈️ bs91m1
2022-05-11 04:08:50ewterygsdgdggr → 群🔥发软🔥件代🔥发🔥广告 ✈️ bs91m1
2022-05-11 04:09:30DUBAI666 → 专业代🔥发广🔥告✈️ bs91m1
2022-05-11 04:09:41TG5171 → 专业代🔥发广🔥告✈️ bs91m1
2022-05-11 04:09:52felvbin3 → 【91M Boss】传媒 代🔥发广🔥告✈️ bs91m1
2022-05-11 04:10:01AsunaHentai → 【91M Boss】传媒 代🔥发广🔥告✈️ bs91m1
2022-05-11 04:10:18TG88999 → 群🔥发软🔥件代🔥发🔥广告 ✈️ bs91m1
2022-05-11 04:13:45TGHC1 → 群🔥发软🔥件代🔥发🔥广告 ✈️ bs91m1
2022-05-11 04:13:55QYCY1 → 专业代🔥发广🔥告✈️ bs91m1
2022-05-11 04:14:12Flea66 → 【91M Boss】传媒 代🔥发广🔥告✈️ bs91m1
2022-05-11 04:14:28BNBMastersd → 专业代🔥发广🔥告✈️ bs91m1
2022-05-11 04:14:44TGVIP9 → 专业代🔥发广🔥告✈️ bs91m1
2022-05-11 04:14:55TRJ91 → 群🔥发软🔥件代🔥发🔥广告 ✈️ bs91m1
2022-05-11 04:15:23weikang2020 → 【91M Boss】传媒 代🔥发广🔥告✈️ bs91m1
2022-05-11 04:15:34wangzhuan75 → 专业代🔥发广🔥告✈️ bs91m1
2022-05-11 04:15:51ytc66 → 群🔥发软🔥件代🔥发🔥广告 ✈️ bs91m1
2022-05-11 04:16:18USDT43 → 【91M Boss】传媒 代🔥发广🔥告✈️ bs91m1
2022-05-11 04:16:53RocketGlobalc → 群🔥发软🔥件代🔥发🔥广告 ✈️ bs91m1
2022-05-11 04:17:25fuli6889 → 专业代🔥发广🔥告✈️ bs91m1
2022-05-11 04:18:56qgky8888 → 【91M Boss】传媒 代🔥发广🔥告✈️ bs91m1