
2022-06-07 00:00:24xjltq → 专业（发 ）广告，联系我 bs91m0
2022-06-07 00:00:50bailaohui_cvv → 想找人（ 发 ）广告，找 bs91m0
2022-06-07 00:03:55wz513064 → 准备（发 ）广告，找 bs91m0
2022-06-07 00:05:46huanqian35 → 需要 群、发，找 bs91m0
2022-06-07 00:06:30TG_King90 → 要（发 ）广告，联系 bs91m0
2022-06-07 00:08:08menglongchuhai → 需要 群、发软、件，找 bs91m0
2022-06-07 00:12:19xinbi_088 → 要（发 ）广告，联系 bs91m0
2022-06-07 00:14:35heimachuhai → 想要（发 ）广告，找 bs91m0
2022-06-07 00:16:45dx119168 → 需要 软、件，找 bs91m0
2022-06-07 00:23:11bailaohui_cvv → (session) 协议号，零售、批发 找，bs91m0
2022-06-07 00:25:05Dubaifangchan888 → 需要 群、发软、件，找 bs91m0
2022-06-07 00:26:41laowangdan → 想要（发 ）广告，找 bs91m0
2022-06-07 00:29:57baxifb → 来（发 ）广告，联系 bs91m0
2022-06-07 00:31:33huione888 → 需要 群、发软、件，找 bs91m0
2022-06-07 00:31:59dyjiaoliu → 来（发 ）广告，联系 bs91m0
2022-06-07 00:36:51baocai217 → 来（发 ）广告，联系 bs91m0
2022-06-07 00:37:41daifawhatspp → 需要 软、件，找 bs91m0
2022-06-07 00:38:13USDThuzhu3 → 需要 群、发，找 bs91m0
2022-06-07 00:40:51TG_King90 → 需要 群、发软、件，找 bs91m0
2022-06-07 00:41:16tongdao25 → 来（发 ）广告，联系 bs91m0
2022-06-07 00:41:42juliang666 → 要（发 ）广告，联系 bs91m0
2022-06-07 00:43:14yinliuzjjia → 要（发 ）广告，联系 bs91m0
2022-06-07 00:44:51tsdb01 → 准备（发 ）广告，找 bs91m0
2022-06-07 00:48:30zhifuo → 需要 软、件，找 bs91m0
2022-06-07 00:48:59a_h5_tg → 想找人（ 发 ）广告，找 bs91m0
2022-06-07 00:49:25usdtdfds → 来（发 ）广告，联系 bs91m0
2022-06-07 00:54:39ggggsgjj → (session) 协议号，零售、批发 找，bs91m0
2022-06-07 00:56:15xjltq → 要（发 ）广告，联系 bs91m0
2022-06-07 01:01:37TG1949521 → 准备（发 ）广告，找 bs91m0
2022-06-07 01:03:23daishou15 → 来（发 ）广告，联系 bs91m0
2022-06-07 01:07:46fbasfgsd → 想找人（ 发 ）广告，找 bs91m0
2022-06-07 01:09:17usdtdfds → 想要（发 ）广告，找 bs91m0
2022-06-07 01:10:45USDThuzhu3 → 需要 群、发，找 bs91m0
2022-06-07 01:13:04laowangdan → 想找人（ 发 ）广告，找 bs91m0
2022-06-07 01:14:16chuhai666 → 想要（发 ）广告，找 bs91m0
2022-06-07 01:17:11tongdao25 → 准备（发 ）广告，找 bs91m0
2022-06-07 01:22:03TG_King90 → 需要 群、发软、件，找 bs91m0
2022-06-07 01:22:53baocai217 → 要（发 ）广告，联系 bs91m0
2022-06-07 01:23:22lineline88 → 准备（发 ）广告，找 bs91m0
2022-06-07 01:28:57wz513064 → 需要 软、件，找 bs91m0
2022-06-07 01:29:25chufen1688 → (session) 协议号，零售、批发 找，bs91m0
2022-06-07 01:30:21facebookha → 需要 群、发，找 bs91m0
2022-06-07 01:31:30TGdanbao000 → 专业（发 ）广告，联系我 bs91m0
2022-06-07 01:38:38huione888 → 需要 群、发软、件，找 bs91m0
2022-06-07 01:41:21bailaohui_cvv → 想要（发 ）广告，找 bs91m0
2022-06-07 01:42:08tianziusdt → 想要（发 ）广告，找 bs91m0
2022-06-07 01:50:33laowangdan → (session) 协议号，零售、批发 找，bs91m0
2022-06-07 01:52:31TG_King90 → 想找人（ 发 ）广告，找 bs91m0
2022-06-07 01:53:39XxUP1121 → 来（发 ）广告，联系 bs91m0
2022-06-07 01:59:56huione888 → 想找人（ 发 ）广告，找 bs91m0
2022-06-07 02:03:40xjltq → 来（发 ）广告，联系 bs91m0
2022-06-07 02:07:45KMFW56789 → 准备（发 ）广告，找 bs91m0
2022-06-07 02:12:58usdtdfds → 要（发 ）广告，联系 bs91m0
2022-06-07 02:14:06wz513064 → 需要 软、件，找 bs91m0
2022-06-07 02:15:15TG_King90 → 准备（发 ）广告，找 bs91m0
2022-06-07 02:16:06xinbi_088 → 想要（发 ）广告，找 bs91m0
2022-06-07 02:23:29laowangdan → 来（发 ）广告，联系 bs91m0
2022-06-07 02:23:56xinbi_088 → 专业（发 ）广告，联系我 bs91m0
2022-06-07 02:25:25bailaohui_cvv → 来（发 ）广告，联系 bs91m0
2022-06-07 02:29:34xjltq → (session) 协议号，零售、批发 找，bs91m0
2022-06-07 02:31:25zhifuo → 需要 软、件，找 bs91m0
2022-06-07 02:32:35huione888 → 来（发 ）广告，联系 bs91m0
2022-06-07 02:37:25tongdao25 → 准备（发 ）广告，找 bs91m0
2022-06-07 02:38:10baocai217 → 想找人（ 发 ）广告，找 bs91m0
2022-06-07 02:41:20iBox_official → 来（发 ）广告，联系 bs91m0
2022-06-07 02:44:42USDThuzhu3 → 需要 群、发，找 bs91m0
2022-06-07 02:45:30xjltq → 需要 群、发软、件，找 bs91m0
2022-06-07 02:48:02TG1949521 → 要（发 ）广告，联系 bs91m0
2022-06-07 02:50:46daishou15 → (session) 协议号，零售、批发 找，bs91m0
2022-06-07 02:58:50TG_King90 → 想要（发 ）广告，找 bs91m0
2022-06-07 02:59:16bailaohui_cvv → 专业（发 ）广告，联系我 bs91m0
2022-06-07 03:04:25laowangdan → 需要 群、发，找 bs91m0
2022-06-07 03:05:19tongdao25 → (session) 协议号，零售、批发 找，bs91m0
2022-06-07 03:07:09juliang666 → 想找人（ 发 ）广告，找 bs91m0
2022-06-07 03:08:17iBox_official → 来（发 ）广告，联系 bs91m0
2022-06-07 03:12:25TG_King90 → 想找人（ 发 ）广告，找 bs91m0
2022-06-07 03:12:50az123818 → 来（发 ）广告，联系 bs91m0
2022-06-07 03:14:48wz513064 → 需要 软、件，找 bs91m0
2022-06-07 03:24:04usdtdfds → 准备（发 ）广告，找 bs91m0
2022-06-07 03:26:50KMFW56789 → 想找人（ 发 ）广告，找 bs91m0
2022-06-07 03:27:16wz513064 → 要（发 ）广告，联系 bs91m0
2022-06-07 03:28:43laowangdan → 来（发 ）广告，联系 bs91m0
2022-06-07 03:32:10xjltq → (session) 协议号，零售、批发 找，bs91m0
2022-06-07 03:32:35zhifuo → 准备（发 ）广告，找 bs91m0
2022-06-07 03:38:51tongdao25 → 专业（发 ）广告，联系我 bs91m0
2022-06-07 03:39:58huione888 → 来（发 ）广告，联系 bs91m0
2022-06-07 03:42:59az123818 → 来（发 ）广告，联系 bs91m0
2022-06-07 03:46:48XxUP1121 → 来（发 ）广告，联系 bs91m0
2022-06-07 03:50:33bailaohui_cvv → 专业（发 ）广告，联系我 bs91m0
2022-06-07 03:55:00laowangdan → 需要 群、发软、件，找 bs91m0
2022-06-07 03:58:43daishou15 → 来（发 ）广告，联系 bs91m0
2022-06-07 04:03:13TG_King90 → 想找人（ 发 ）广告，找 bs91m0
2022-06-07 04:03:59usdtdfds → 需要 群、发软、件，找 bs91m0
2022-06-07 04:06:54huione888 → 要（发 ）广告，联系 bs91m0
2022-06-07 04:09:31USDThuzhu3 → 来（发 ）广告，联系 bs91m0
2022-06-07 04:13:41baocai217 → 准备（发 ）广告，找 bs91m0
2022-06-07 04:18:01TG_King90 → 需要 群、发软、件，找 bs91m0
2022-06-07 04:23:33laowangdan → 要（发 ）广告，联系 bs91m0
2022-06-07 04:32:51usdtdfds → 要（发 ）广告，联系 bs91m0
2022-06-07 04:34:30xinbi_088 → (session) 协议号，零售、批发 找，bs91m0
2022-06-07 04:40:06bailaohui_cvv → 要（发 ）广告，联系 bs91m0
2022-06-07 04:41:55tsdb01 → 需要 群、发，找 bs91m0
2022-06-07 04:42:42XxUP1121 → 来（发 ）广告，联系 bs91m0
2022-06-07 04:46:35laowangdan → 来（发 ）广告，联系 bs91m0
2022-06-07 04:47:00tongdao25 → 需要 软、件，找 bs91m0
2022-06-07 04:49:12wz513064 → 需要 群、发，找 bs91m0
2022-06-07 04:54:46usdthuihuan → 要（发 ）广告，联系 bs91m0
2022-06-07 04:57:02baocai217 → 来（发 ）广告，联系 bs91m0
2022-06-07 04:58:10xjltq → 需要 软、件，找 bs91m0
2022-06-07 04:59:39TG_King90 → 想要（发 ）广告，找 bs91m0
2022-06-07 05:01:43tianziusdt → (session) 协议号，零售、批发 找，bs91m0
2022-06-07 05:02:08zhifuo → 想找人（ 发 ）广告，找 bs91m0
2022-06-07 05:02:56caoji565 → 想找人（ 发 ）广告，找 bs91m0
2022-06-07 05:06:40xjltq → 需要 群、发软、件，找 bs91m0
2022-06-07 05:09:20bailaohui_cvv → 准备（发 ）广告，找 bs91m0
2022-06-07 05:11:07huione888 → 需要 群、发，找 bs91m0
2022-06-07 05:14:34KMFW56789 → 专业（发 ）广告，联系我 bs91m0
2022-06-07 05:16:57TG_King90 → 要（发 ）广告，联系 bs91m0
2022-06-07 05:19:29USDThuzhu3 → 需要 软、件，找 bs91m0
2022-06-07 05:28:46tianziusdt → 需要 群、发，找 bs91m0
2022-06-07 05:33:33dyjiaoliu → 想要（发 ）广告，找 bs91m0
2022-06-07 05:34:43KMFW56789 → 需要 软、件，找 bs91m0
2022-06-07 05:35:52USDThuzhu3 → 要（发 ）广告，联系 bs91m0
2022-06-07 05:37:51XxUP1121 → 来（发 ）广告，联系 bs91m0
2022-06-07 05:38:16usdtdfds → 需要 群、发，找 bs91m0
2022-06-07 05:41:30laowangdan → (session) 协议号，零售、批发 找，bs91m0
2022-06-07 05:43:08tongdao25 → 要（发 ）广告，联系 bs91m0
2022-06-07 05:49:20TG_King90 → 想要（发 ）广告，找 bs91m0
2022-06-07 05:53:31laowangdan → (session) 协议号，零售、批发 找，bs91m0
2022-06-07 05:55:41xjltq → 来（发 ）广告，联系 bs91m0
2022-06-07 06:02:19xjltq → 需要 软、件，找 bs91m0
2022-06-07 06:02:44huione888 → 要（发 ）广告，联系 bs91m0
2022-06-07 06:03:32tongdao25 → 准备（发 ）广告，找 bs91m0
2022-06-07 06:04:50xinbi_088 → (session) 协议号，零售、批发 找，bs91m0
2022-06-07 06:07:08baocai217 → 要（发 ）广告，联系 bs91m0
2022-06-07 06:17:05huanqian35 → 要（发 ）广告，联系 bs91m0
2022-06-07 06:17:30usdtdfds → 想找人（ 发 ）广告，找 bs91m0
2022-06-07 06:22:25az123818 → 来（发 ）广告，联系 bs91m0
2022-06-07 06:28:08laowangdan → 想找人（ 发 ）广告，找 bs91m0
2022-06-07 06:29:18TGdanbao000 → 需要 群、发软、件，找 bs91m0
2022-06-07 06:33:23juliang666 → (session) 协议号，零售、批发 找，bs91m0
2022-06-07 06:33:49bailaohui_cvv → 需要 群、发软、件，找 bs91m0
2022-06-07 06:36:09wz513064 → 要（发 ）广告，联系 bs91m0
2022-06-07 06:38:18zhifuo → 要（发 ）广告，联系 bs91m0
2022-06-07 06:43:04TG_King90 → 来（发 ）广告，联系 bs91m0
2022-06-07 06:43:31USDThuzhu3 → (session) 协议号，零售、批发 找，bs91m0
2022-06-07 06:43:57daishou15 → 需要 群、发，找 bs91m0
2022-06-07 06:47:24tsdb01 → 专业（发 ）广告，联系我 bs91m0
2022-06-07 06:59:18xinbi_088 → 需要 群、发软、件，找 bs91m0
2022-06-07 07:01:18TG_King90 → 需要 群、发，找 bs91m0
2022-06-07 07:03:18baocai217 → 来（发 ）广告，联系 bs91m0
2022-06-07 07:06:35usdtdfds → 需要 群、发，找 bs91m0
2022-06-07 07:08:16bailaohui_cvv → 需要 群、发软、件，找 bs91m0
2022-06-07 07:14:14laowangdan → 需要 软、件，找 bs91m0
2022-06-07 07:15:22daishou15 → 需要 群、发软、件，找 bs91m0
2022-06-07 07:21:33tongdao25 → 要（发 ）广告，联系 bs91m0
2022-06-07 07:24:14dyjiaoliu → 需要 群、发，找 bs91m0
2022-06-07 07:25:46TG_King90 → 想要（发 ）广告，找 bs91m0
2022-06-07 07:27:30xjltq → (session) 协议号，零售、批发 找，bs91m0
2022-06-07 07:28:20laowangdan → (session) 协议号，零售、批发 找，bs91m0
2022-06-07 07:32:44tianziusdt → 来（发 ）广告，联系 bs91m0
2022-06-07 07:33:10wz513064 → 来（发 ）广告，联系 bs91m0
2022-06-07 07:33:41juliang666 → 来（发 ）广告，联系 bs91m0
2022-06-07 07:34:07huione888 → 来（发 ）广告，联系 bs91m0
2022-06-07 07:36:58huanqian35 → 需要 群、发软、件，找 bs91m0
2022-06-07 07:40:13usdtdfds → 想找人（ 发 ）广告，找 bs91m0
2022-06-07 07:41:44KMFW56789 → 需要 群、发，找 bs91m0
2022-06-07 07:55:11bailaohui_cvv → 准备（发 ）广告，找 bs91m0
2022-06-07 07:59:14baocai217 → 想找人（ 发 ）广告，找 bs91m0
2022-06-07 08:00:22xjltq → 需要 软、件，找 bs91m0
2022-06-07 08:01:31tongdao25 → 来（发 ）广告，联系 bs91m0
2022-06-07 08:03:38laowangdan → 来（发 ）广告，联系 bs91m0
2022-06-07 08:08:50zhifuo → 来（发 ）广告，联系 bs91m0
2022-06-07 08:10:22TG_King90 → 专业（发 ）广告，联系我 bs91m0
2022-06-07 08:11:08TGdanbao000 → 需要 软、件，找 bs91m0
2022-06-07 08:12:16az123818 → 需要 群、发软、件，找 bs91m0
2022-06-07 08:13:00USDThuzhu3 → 来（发 ）广告，联系 bs91m0
2022-06-07 08:13:47xjltq → 需要 软、件，找 bs91m0
2022-06-07 08:14:13wz513064 → (session) 协议号，零售、批发 找，bs91m0
2022-06-07 08:23:30daishou15 → 准备（发 ）广告，找 bs91m0
2022-06-07 08:31:26tongdao25 → (session) 协议号，零售、批发 找，bs91m0
2022-06-07 08:32:11TG_King90 → 要（发 ）广告，联系 bs91m0
2022-06-07 08:37:03bailaohui_cvv → (session) 协议号，零售、批发 找，bs91m0
2022-06-07 08:38:13XxUP1121 → 准备（发 ）广告，找 bs91m0
2022-06-07 08:38:39iBox_official → 想要（发 ）广告，找 bs91m0
2022-06-07 08:42:05huione888 → 准备（发 ）广告，找 bs91m0
2022-06-07 08:46:19laowangdan → (session) 协议号，零售、批发 找，bs91m0
2022-06-07 08:47:06usdtdfds → 要（发 ）广告，联系 bs91m0
2022-06-07 08:50:42caoji565 → 准备（发 ）广告，找 bs91m0
2022-06-07 08:55:32xinbi_088 → 需要 软、件，找 bs91m0
2022-06-07 09:01:23huione888 → 来（发 ）广告，联系 bs91m0
2022-06-07 09:05:57KMFW56789 → 要（发 ）广告，联系 bs91m0
2022-06-07 09:09:47juliang666 → 需要 软、件，找 bs91m0
2022-06-07 09:13:50usdthuihuan → 想要（发 ）广告，找 bs91m0
2022-06-07 09:17:07laowangdan → 需要 软、件，找 bs91m0
2022-06-07 09:18:23TG_King90 → 专业（发 ）广告，联系我 bs91m0
2022-06-07 09:18:48tongdao25 → 专业（发 ）广告，联系我 bs91m0
2022-06-07 09:19:33baocai217 → 需要 软、件，找 bs91m0
2022-06-07 09:24:21bailaohui_cvv → 要（发 ）广告，联系 bs91m0
2022-06-07 09:30:21laowangdan → 需要 群、发，找 bs91m0
2022-06-07 09:36:18huione888 → 专业（发 ）广告，联系我 bs91m0
2022-06-07 09:39:24TG_King90 → 需要 群、发软、件，找 bs91m0
2022-06-07 09:40:11USDThuzhu3 → 需要 软、件，找 bs91m0
2022-06-07 09:40:57usdtdfds → 专业（发 ）广告，联系我 bs91m0
2022-06-07 09:42:04xjltq → 想找人（ 发 ）广告，找 bs91m0
2022-06-07 09:51:32zhifuo → 需要 群、发软、件，找 bs91m0
2022-06-07 09:53:03KMFW56789 → 准备（发 ）广告，找 bs91m0
2022-06-07 10:01:10xjltq → 专业（发 ）广告，联系我 bs91m0
2022-06-07 10:06:28daishou15 → 想要（发 ）广告，找 bs91m0
2022-06-07 10:13:47baocai217 → 来（发 ）广告，联系 bs91m0
2022-06-07 10:14:12tongdao25 → 需要 群、发软、件，找 bs91m0
2022-06-07 10:15:53USDThuzhu3 → 需要 群、发，找 bs91m0
2022-06-07 10:17:44XxUP1121 → (session) 协议号，零售、批发 找，bs91m0
2022-06-07 10:18:52TG_King90 → 来（发 ）广告，联系 bs91m0
2022-06-07 10:20:31bailaohui_cvv → 准备（发 ）广告，找 bs91m0
2022-06-07 10:21:38laowangdan → 想要（发 ）广告，找 bs91m0
2022-06-07 10:28:12usdtdfds → 需要 群、发，找 bs91m0
2022-06-07 10:32:17wz513064 → (session) 协议号，零售、批发 找，bs91m0
2022-06-07 10:37:55caoji565 → 想要（发 ）广告，找 bs91m0
2022-06-07 10:39:45TG_King90 → 准备（发 ）广告，找 bs91m0
2022-06-07 10:43:54xjltq → 来（发 ）广告，联系 bs91m0
2022-06-07 10:50:14laowangdan → 想找人（ 发 ）广告，找 bs91m0
2022-06-07 10:53:35zhifuo → 专业（发 ）广告，联系我 bs91m0
2022-06-07 10:54:44xinbi_088 → 来（发 ）广告，联系 bs91m0
2022-06-07 10:58:47huione888 → 需要 软、件，找 bs91m0
2022-06-07 10:59:12tongdao25 → 来（发 ）广告，联系 bs91m0
2022-06-07 11:01:26wz513064 → 要（发 ）广告，联系 bs91m0
2022-06-07 11:02:40xjltq → 要（发 ）广告，联系 bs91m0
2022-06-07 11:03:48usdtdfds → 想要（发 ）广告，找 bs91m0
2022-06-07 11:05:19az123818 → 想找人（ 发 ）广告，找 bs91m0
2022-06-07 11:14:12bailaohui_cvv → (session) 协议号，零售、批发 找，bs91m0
2022-06-07 11:14:39USDThuzhu3 → 想要（发 ）广告，找 bs91m0
2022-06-07 11:21:14iBox_official → 想要（发 ）广告，找 bs91m0
2022-06-07 11:22:42laowangdan → 需要 群、发，找 bs91m0
2022-06-07 11:24:18juliang666 → 准备（发 ）广告，找 bs91m0
2022-06-07 11:26:35TG_King90 → 来（发 ）广告，联系 bs91m0
2022-06-07 11:34:45laowangdan → (session) 协议号，零售、批发 找，bs91m0
2022-06-07 11:40:12TG_King90 → 需要 群、发软、件，找 bs91m0
2022-06-07 11:43:04XxUP1121 → 想找人（ 发 ）广告，找 bs91m0
2022-06-07 11:46:43usdtdfds → 专业（发 ）广告，联系我 bs91m0
2022-06-07 11:49:05bailaohui_cvv → 需要 群、发软、件，找 bs91m0
2022-06-07 11:49:31tianziusdt → 准备（发 ）广告，找 bs91m0
2022-06-07 11:50:39xjltq → 专业（发 ）广告，联系我 bs91m0
2022-06-07 11:54:25xinbi_088 → 需要 软、件，找 bs91m0
2022-06-07 11:56:56tongdao25 → 需要 群、发，找 bs91m0
2022-06-07 11:59:39KMFW56789 → 想要（发 ）广告，找 bs91m0
2022-06-07 12:01:49baocai217 → 专业（发 ）广告，联系我 bs91m0
2022-06-07 12:05:11huione888 → 想要（发 ）广告，找 bs91m0
2022-06-07 12:05:58huanqian35 → 来（发 ）广告，联系 bs91m0
2022-06-07 12:11:53TG_King90 → (session) 协议号，零售、批发 找，bs91m0
2022-06-07 12:23:02USDThuzhu3 → 专业（发 ）广告，联系我 bs91m0
2022-06-07 12:23:27laowangdan → 需要 软、件，找 bs91m0
2022-06-07 12:23:52xjltq → 准备（发 ）广告，找 bs91m0
2022-06-07 12:25:49az123818 → 专业（发 ）广告，联系我 bs91m0
2022-06-07 12:26:59wz513064 → 需要 群、发软、件，找 bs91m0
2022-06-07 12:28:28huione888 → 来（发 ）广告，联系 bs91m0
2022-06-07 12:28:53usdtdfds → 需要 群、发软、件，找 bs91m0
2022-06-07 12:30:00zhifuo → 需要 群、发软、件，找 bs91m0
2022-06-07 12:30:47huione888 → (session) 协议号，零售、批发 找，bs91m0
2022-06-07 12:31:19bailaohui_cvv → 专业（发 ）广告，联系我 bs91m0
2022-06-07 12:32:06daishou15 → 需要 群、发软、件，找 bs91m0
2022-06-07 12:43:00TG_King90 → 需要 软、件，找 bs91m0
2022-06-07 12:43:45tgcnx → 来（发 ）广告，联系 bs91m0
2022-06-07 12:44:10tongdao25 → 专业（发 ）广告，联系我 bs91m0
2022-06-07 12:44:35dyjiaoliu → 需要 软、件，找 bs91m0
2022-06-07 12:47:37xjltq → 要（发 ）广告，联系 bs91m0
2022-06-07 12:48:44tsdb01 → 需要 群、发，找 bs91m0
2022-06-07 12:49:31laowangdan → 想找人（ 发 ）广告，找 bs91m0
2022-06-07 12:53:08TGdanbao000 → 来（发 ）广告，联系 bs91m0
2022-06-07 12:53:34baocai217 → 专业（发 ）广告，联系我 bs91m0
2022-06-07 12:55:26daishou15 → 来（发 ）广告，联系 bs91m0
2022-06-07 13:03:58usdtdfds → 要（发 ）广告，联系 bs91m0
2022-06-07 13:08:24laowangdan → 专业（发 ）广告，联系我 bs91m0
2022-06-07 13:09:52xinbi_088 → 需要 群、发软、件，找 bs91m0
2022-06-07 13:12:57TG_King90 → 需要 软、件，找 bs91m0
2022-06-07 13:15:51XxUP1121 → 来（发 ）广告，联系 bs91m0
2022-06-07 13:17:19tongdao25 → 来（发 ）广告，联系 bs91m0
2022-06-07 13:18:12tgzhcn → 想找人（ 发 ）广告，找 bs91m0
2022-06-07 13:29:07usdthuihuan → 需要 软、件，找 bs91m0
2022-06-07 13:30:38zhifuo → 想找人（ 发 ）广告，找 bs91m0
2022-06-07 13:35:26wz513064 → 需要 软、件，找 bs91m0
2022-06-07 13:36:34bailaohui_cvv → 来（发 ）广告，联系 bs91m0
2022-06-07 13:37:42huione888 → (session) 协议号，零售、批发 找，bs91m0
2022-06-07 13:42:09laowangdan → 来（发 ）广告，联系 bs91m0
2022-06-07 13:42:34xjltq → 准备（发 ）广告，找 bs91m0
2022-06-07 13:46:36baocai217 → 准备（发 ）广告，找 bs91m0
2022-06-07 13:52:47KMFW56789 → 来（发 ）广告，联系 bs91m0
2022-06-07 13:55:33TG_King90 → 专业（发 ）广告，联系我 bs91m0
2022-06-07 14:00:24usdtdfds → 要（发 ）广告，联系 bs91m0
2022-06-07 14:04:58tongdao25 → 准备（发 ）广告，找 bs91m0
2022-06-07 14:07:49juliang666 → 想找人（ 发 ）广告，找 bs91m0
2022-06-07 14:11:11laowangdan → 想要（发 ）广告，找 bs91m0
2022-06-07 14:11:57USDThuzhu3 → (session) 协议号，零售、批发 找，bs91m0
2022-06-07 14:12:45dyjiaoliu → 想找人（ 发 ）广告，找 bs91m0
2022-06-07 14:21:28KMFW56789 → 专业（发 ）广告，联系我 bs91m0
2022-06-07 14:22:40bailaohui_cvv → 准备（发 ）广告，找 bs91m0
2022-06-07 14:28:27TG_King90 → 需要 群、发，找 bs91m0
2022-06-07 14:36:16tongdao25 → 专业（发 ）广告，联系我 bs91m0
2022-06-07 14:46:41xinbi_088 → 需要 群、发软、件，找 bs91m0
2022-06-07 14:48:52huione888 → 来（发 ）广告，联系 bs91m0
2022-06-07 14:50:21zhifuo → 想找人（ 发 ）广告，找 bs91m0
2022-06-07 14:51:08az123818 → 专业（发 ）广告，联系我 bs91m0
2022-06-07 14:53:03laowangdan → (session) 协议号，零售、批发 找，bs91m0
2022-06-07 14:54:57wz513064 → 想要（发 ）广告，找 bs91m0
2022-06-07 14:55:23usdtdfds → 想要（发 ）广告，找 bs91m0
2022-06-07 14:57:19TG_King90 → (session) 协议号，零售、批发 找，bs91m0
2022-06-07 15:08:36daishou15 → 要（发 ）广告，联系 bs91m0
2022-06-07 15:09:01bailaohui_cvv → 需要 群、发，找 bs91m0
2022-06-07 15:09:27xjltq → 来（发 ）广告，联系 bs91m0
2022-06-07 15:14:49xjltq → 准备（发 ）广告，找 bs91m0
2022-06-07 15:19:55XxUP1121 → (session) 协议号，零售、批发 找，bs91m0
2022-06-07 15:30:22tongdao25 → 准备（发 ）广告，找 bs91m0
2022-06-07 15:30:47laowangdan → 准备（发 ）广告，找 bs91m0
2022-06-07 15:33:03bailaohui_cvv → 要（发 ）广告，联系 bs91m0
2022-06-07 15:36:02baocai217 → (session) 协议号，零售、批发 找，bs91m0
2022-06-07 15:39:06USDThuzhu3 → 需要 群、发软、件，找 bs91m0
2022-06-07 15:39:53caoji565 → 想找人（ 发 ）广告，找 bs91m0
2022-06-07 15:40:39TG_King90 → 来（发 ）广告，联系 bs91m0
2022-06-07 15:50:07KMFW56789 → 专业（发 ）广告，联系我 bs91m0
2022-06-07 15:54:35zhifuo → 准备（发 ）广告，找 bs91m0
2022-06-07 15:57:10baocai217 → 来（发 ）广告，联系 bs91m0
2022-06-07 15:58:47tsdb01 → 想要（发 ）广告，找 bs91m0
2022-06-07 16:00:38usdtdfds → 来（发 ）广告，联系 bs91m0
2022-06-07 16:02:28TG_King90 → 要（发 ）广告，联系 bs91m0
2022-06-07 16:06:59tianziusdt → 来（发 ）广告，联系 bs91m0
2022-06-07 16:11:42laowangdan → 要（发 ）广告，联系 bs91m0
2022-06-07 16:15:30usdtdfds → 需要 群、发，找 bs91m0
2022-06-07 16:21:16xjltq → 来（发 ）广告，联系 bs91m0
2022-06-07 16:23:53bailaohui_cvv → 需要 群、发，找 bs91m0
2022-06-07 16:27:20laowangdan → 想要（发 ）广告，找 bs91m0
2022-06-07 16:27:45USDThuzhu3 → 需要 群、发，找 bs91m0
2022-06-07 16:32:51xjltq → (session) 协议号，零售、批发 找，bs91m0
2022-06-07 16:33:17TG_King90 → 准备（发 ）广告，找 bs91m0
2022-06-07 16:35:20iBox_official → 来（发 ）广告，联系 bs91m0
2022-06-07 16:36:07daishou15 → 来（发 ）广告，联系 bs91m0
2022-06-07 16:37:58huione888 → 专业（发 ）广告，联系我 bs91m0
2022-06-07 16:41:13tongdao25 → 准备（发 ）广告，找 bs91m0
2022-06-07 16:44:53wz513064 → 需要 群、发软、件，找 bs91m0
2022-06-07 16:49:22xinbi_088 → 想找人（ 发 ）广告，找 bs91m0
2022-06-07 16:50:09usdthuihuan → 准备（发 ）广告，找 bs91m0
2022-06-07 16:55:36XxUP1121 → 来（发 ）广告，联系 bs91m0
2022-06-07 17:00:29juliang666 → 来（发 ）广告，联系 bs91m0
2022-06-07 17:03:53TGdanbao000 → 来（发 ）广告，联系 bs91m0
2022-06-07 17:04:19az123818 → 来（发 ）广告，联系 bs91m0
2022-06-07 17:04:44usdtdfds → 来（发 ）广告，联系 bs91m0
2022-06-07 17:10:12laowangdan → 准备（发 ）广告，找 bs91m0
2022-06-07 17:12:49huione888 → 需要 软、件，找 bs91m0
2022-06-07 17:13:14TG_King90 → 来（发 ）广告，联系 bs91m0
2022-06-07 17:15:26tongdao25 → 准备（发 ）广告，找 bs91m0
2022-06-07 17:17:46huione888 → 来（发 ）广告，联系 bs91m0
2022-06-07 17:18:35xjltq → 需要 群、发软、件，找 bs91m0
2022-06-07 17:21:09xjltq → 需要 群、发，找 bs91m0
2022-06-07 17:26:15KMFW56789 → 需要 群、发，找 bs91m0
2022-06-07 17:28:35TG_King90 → 专业（发 ）广告，联系我 bs91m0
2022-06-07 17:31:52bailaohui_cvv → 需要 群、发，找 bs91m0
2022-06-07 17:35:19laowangdan → 来（发 ）广告，联系 bs91m0
2022-06-07 17:40:12zhifuo → 需要 群、发软、件，找 bs91m0
2022-06-07 17:40:58huanqian35 → 专业（发 ）广告，联系我 bs91m0
2022-06-07 17:46:54baocai217 → 来（发 ）广告，联系 bs91m0
2022-06-07 17:51:50wz513064 → 需要 群、发，找 bs91m0
2022-06-07 17:54:45TG_King90 → 来（发 ）广告，联系 bs91m0
2022-06-07 17:56:37USDThuzhu3 → 专业（发 ）广告，联系我 bs91m0
2022-06-07 17:58:04usdtdfds → 想要（发 ）广告，找 bs91m0
2022-06-07 17:58:29daishou15 → 专业（发 ）广告，联系我 bs91m0
2022-06-07 18:06:11tongdao25 → 专业（发 ）广告，联系我 bs91m0
2022-06-07 18:08:32USDThuzhu3 → (session) 协议号，零售、批发 找，bs91m0
2022-06-07 18:13:44xjltq → 要（发 ）广告，联系 bs91m0
2022-06-07 18:14:38baocai217 → 需要 群、发软、件，找 bs91m0
2022-06-07 18:18:37laowangdan → (session) 协议号，零售、批发 找，bs91m0
2022-06-07 18:22:47XxUP1121 → 要（发 ）广告，联系 bs91m0
2022-06-07 18:23:33bailaohui_cvv → 来（发 ）广告，联系 bs91m0
2022-06-07 18:28:03xinbi_088 → 来（发 ）广告，联系 bs91m0
2022-06-07 18:37:01laowangdan → 来（发 ）广告，联系 bs91m0
2022-06-07 18:40:44bailaohui_cvv → 需要 群、发，找 bs91m0
2022-06-07 18:42:35TG_King90 → 需要 软、件，找 bs91m0
2022-06-07 18:46:16huione888 → 需要 群、发，找 bs91m0
2022-06-07 18:48:09KMFW56789 → 专业（发 ）广告，联系我 bs91m0
2022-06-07 18:52:56xjltq → 想要（发 ）广告，找 bs91m0
2022-06-07 18:53:41tongdao25 → 想找人（ 发 ）广告，找 bs91m0
2022-06-07 18:55:11az123818 → 需要 群、发，找 bs91m0
2022-06-07 18:55:37usdthuihuan → 想要（发 ）广告，找 bs91m0
2022-06-07 18:56:32usdtdfds → 准备（发 ）广告，找 bs91m0
2022-06-07 18:58:02TG_King90 → (session) 协议号，零售、批发 找，bs91m0
2022-06-07 19:00:53huione888 → 来（发 ）广告，联系 bs91m0
2022-06-07 19:02:07zhifuo → 需要 群、发软、件，找 bs91m0
2022-06-07 19:12:57laowangdan → 需要 软、件，找 bs91m0
2022-06-07 19:13:44wz513064 → 专业（发 ）广告，联系我 bs91m0
2022-06-07 19:14:33baocai217 → 准备（发 ）广告，找 bs91m0
2022-06-07 19:22:40caoji565 → 需要 群、发，找 bs91m0
2022-06-07 19:24:32tongdao25 → 专业（发 ）广告，联系我 bs91m0
2022-06-07 19:26:40xjltq → 想找人（ 发 ）广告，找 bs91m0
2022-06-07 19:32:08USDThuzhu3 → 想要（发 ）广告，找 bs91m0
2022-06-07 19:35:13huione888 → 来（发 ）广告，联系 bs91m0
2022-06-07 19:36:21juliang666 → 想找人（ 发 ）广告，找 bs91m0
2022-06-07 19:37:08TG_King90 → 来（发 ）广告，联系 bs91m0
2022-06-07 19:38:22dyjiaoliu → 需要 软、件，找 bs91m0
2022-06-07 19:39:31laowangdan → 来（发 ）广告，联系 bs91m0
2022-06-07 19:41:22az123818 → 需要 群、发，找 bs91m0
2022-06-07 19:42:53bailaohui_cvv → 需要 软、件，找 bs91m0
2022-06-07 19:47:45XxUP1121 → 准备（发 ）广告，找 bs91m0
2022-06-07 19:53:05tianziusdt → 需要 软、件，找 bs91m0
2022-06-07 19:56:48tsdb01 → 需要 群、发软、件，找 bs91m0
2022-06-07 19:57:35usdtdfds → 需要 群、发软、件，找 bs91m0
2022-06-07 19:58:00xinbi_088 → 想找人（ 发 ）广告，找 bs91m0