
2022-06-23 00:37:00chuhai88965 → 需要 软、件，找 `boss91m1`
2022-06-23 00:37:18jiu_777 → 需要 群、发，找 `boss91m1`
2022-06-23 00:37:57jiemaLine → 需要 群、发，找 `boss91m1`
2022-06-23 00:38:53bc123hx → 需要 软、件，找 `boss91m1`
2022-06-23 00:39:10jiu_777 → 需要 群、发，找 `boss91m1`
2022-06-23 00:40:37-1001692409589 → 要（发 ）广告，联系 `boss91m1`
2022-06-23 00:41:12jiu_777 → 来（发 ）广告，联系 `boss91m1`
2022-06-23 00:41:39HWDBQ → 需要 群、发软、件，找 `boss91m1`
2022-06-23 00:42:13jiemaWhatsApp → 需要 群、发软、件，找 `boss91m1`
2022-06-23 00:43:03hfjiema → 来（发 ）广告，联系 `boss91m1`
2022-06-23 00:43:46jiu_777 → 来（发 ）广告，联系 `boss91m1`
2022-06-23 00:44:20si1688 → 想找人（ 发 ）广告，找 `boss91m1`
2022-06-23 00:45:07jiu_777 → 来（发 ）广告，联系 `boss91m1`
2022-06-23 00:47:09jiu_777 → 要（发 ）广告，联系 `boss91m1`
2022-06-23 00:47:37-1001692409589 → 专业（发 ）广告，联系我 `boss91m1`
2022-06-23 00:48:47bc123hx → 来（发 ）广告，联系 `boss91m1`
2022-06-23 00:49:50jiu_777 → 要（发 ）广告，联系 `boss91m1`
2022-06-23 00:50:46si1688 → 需要 软、件，找 `boss91m1`
2022-06-23 00:51:11jiu_777 → 需要 群、发，找 `boss91m1`
2022-06-23 00:52:35HWDBQ → 准备（发 ）广告，找 `boss91m1`
2022-06-23 00:53:16jiu_777 → 来（发 ）广告，联系 `boss91m1`
2022-06-23 00:53:32chuhai88965 → 来（发 ）广告，联系 `boss91m1`
2022-06-23 00:55:28jiu_777 → 来（发 ）广告，联系 `boss91m1`
2022-06-23 00:57:09HWDBQ → 想要（发 ）广告，找 `boss91m1`
2022-06-23 00:57:43jiu_777 → 想找人（ 发 ）广告，找 `boss91m1`
2022-06-23 00:58:56si1688 → 来（发 ）广告，联系 `boss91m1`
2022-06-23 00:59:19-1001692409589 → 专业（发 ）广告，联系我 `boss91m1`
2022-06-23 00:59:58jiu_777 → 专业（发 ）广告，联系我 `boss91m1`
2022-06-23 01:00:47hfjiema → 需要 群、发，找 `boss91m1`
2022-06-23 01:01:24jiu_777 → 想找人（ 发 ）广告，找 `boss91m1`
2022-06-23 01:01:55chuhai88965 → 需要 群、发软、件，找 `boss91m1`
2022-06-23 01:02:40bc123hx → 需要 软、件，找 `boss91m1`
2022-06-23 01:04:04jiu_777 → (session) 协议号，零售、批发 找，`boss91m1`
2022-06-23 01:06:00jiu_777 → 来（发 ）广告，联系 `boss91m1`
2022-06-23 01:06:34-1001692409589 → 准备（发 ）广告，找 `boss91m1`
2022-06-23 01:07:25jiu_777 → 专业（发 ）广告，联系我 `boss91m1`
2022-06-23 01:08:07bc123hx → 想找人（ 发 ）广告，找 `boss91m1`
2022-06-23 01:08:31HWDBQ → 专业（发 ）广告，联系我 `boss91m1`
2022-06-23 01:10:07jiu_777 → 想找人（ 发 ）广告，找 `boss91m1`
2022-06-23 01:10:53si1688 → 来（发 ）广告，联系 `boss91m1`
2022-06-23 01:11:31chuhai88965 → 来（发 ）广告，联系 `boss91m1`
2022-06-23 01:12:10jiu_777 → 需要 群、发软、件，找 `boss91m1`
2022-06-23 01:13:40chuhai88965 → 来（发 ）广告，联系 `boss91m1`
2022-06-23 01:14:14jiu_777 → 需要 群、发，找 `boss91m1`
2022-06-23 01:15:45si1688 → 需要 群、发软、件，找 `boss91m1`
2022-06-23 01:16:14jiu_777 → (session) 协议号，零售、批发 找，`boss91m1`
2022-06-23 01:16:59-1001692409589 → 想要（发 ）广告，找 `boss91m1`
2022-06-23 01:17:39jiu_777 → 来（发 ）广告，联系 `boss91m1`
2022-06-23 01:17:56bc123hx → 想找人（ 发 ）广告，找 `boss91m1`
2022-06-23 01:19:53hfjiema → 需要 群、发软、件，找 `boss91m1`
2022-06-23 01:20:11jiu_777 → 需要 群、发，找 `boss91m1`
2022-06-23 01:21:46jiu_777 → 需要 群、发软、件，找 `boss91m1`
2022-06-23 01:22:05-1001692409589 → (session) 协议号，零售、批发 找，`boss91m1`
2022-06-23 01:23:39si1688 → 来（发 ）广告，联系 `boss91m1`
2022-06-23 01:24:18jiu_777 → 要（发 ）广告，联系 `boss91m1`
2022-06-23 01:25:21bc123hx → 需要 软、件，找 `boss91m1`
2022-06-23 01:26:25jiu_777 → 来（发 ）广告，联系 `boss91m1`
2022-06-23 01:26:59chuhai88965 → 需要 群、发软、件，找 `boss91m1`
2022-06-23 01:28:01jiu_777 → (session) 协议号，零售、批发 找，`boss91m1`
2022-06-23 01:29:46jiu_777 → 来（发 ）广告，联系 `boss91m1`
2022-06-23 01:31:22-1001692409589 → 需要 群、发，找 `boss91m1`
2022-06-23 01:31:56chuhai88965 → 需要 群、发软、件，找 `boss91m1`
2022-06-23 01:32:31jiu_777 → 来（发 ）广告，联系 `boss91m1`
2022-06-23 01:32:55bc123hx → 需要 软、件，找 `boss91m1`
2022-06-23 01:33:52jiu_777 → 专业（发 ）广告，联系我 `boss91m1`
2022-06-23 01:34:08si1688 → 要（发 ）广告，联系 `boss91m1`
2022-06-23 01:34:59hfjiema → 专业（发 ）广告，联系我 `boss91m1`
2022-06-23 01:36:12jiu_777 → 需要 软、件，找 `boss91m1`
2022-06-23 01:38:33jiu_777 → 来（发 ）广告，联系 `boss91m1`
2022-06-23 01:38:57si1688 → 需要 软、件，找 `boss91m1`
2022-06-23 01:40:03bc123hx → (session) 协议号，零售、批发 找，`boss91m1`
2022-06-23 01:40:21jiu_777 → 要（发 ）广告，联系 `boss91m1`
2022-06-23 01:41:14-1001692409589 → 需要 软、件，找 `boss91m1`
2022-06-23 01:42:24chuhai88965 → (session) 协议号，零售、批发 找，`boss91m1`
2022-06-23 01:42:42jiu_777 → 想找人（ 发 ）广告，找 `boss91m1`
2022-06-23 01:43:35jiemaLine → 来（发 ）广告，联系 `boss91m1`
2022-06-23 01:44:36jiu_777 → 准备（发 ）广告，找 `boss91m1`
2022-06-23 01:44:53jiemaWhatsApp → 需要 软、件，找 `boss91m1`
2022-06-23 01:46:23jiu_777 → 来（发 ）广告，联系 `boss91m1`
2022-06-23 01:47:48chuhai88965 → 要（发 ）广告，联系 `boss91m1`
2022-06-23 01:48:24jiu_777 → 来（发 ）广告，联系 `boss91m1`
2022-06-23 01:48:40si1688 → 想找人（ 发 ）广告，找 `boss91m1`
2022-06-23 01:49:59hfjiema → 需要 软、件，找 `boss91m1`
2022-06-23 01:50:24jiu_777 → (session) 协议号，零售、批发 找，`boss91m1`
2022-06-23 01:51:26bc123hx → 想找人（ 发 ）广告，找 `boss91m1`
2022-06-23 01:52:23jiu_777 → 想找人（ 发 ）广告，找 `boss91m1`
2022-06-23 01:52:39-1001692409589 → 要（发 ）广告，联系 `boss91m1`
2022-06-23 01:54:46-1001692409589 → 要（发 ）广告，联系 `boss91m1`
2022-06-23 01:55:04jiu_777 → 需要 软、件，找 `boss91m1`
2022-06-23 01:55:56chuhai88965 → 需要 软、件，找 `boss91m1`
2022-06-23 01:57:10jiu_777 → 需要 群、发软、件，找 `boss91m1`
2022-06-23 01:59:01si1688 → 准备（发 ）广告，找 `boss91m1`
2022-06-23 01:59:30jiu_777 → 来（发 ）广告，联系 `boss91m1`
2022-06-23 02:01:12jiu_777 → 需要 软、件，找 `boss91m1`
2022-06-23 02:01:29bc123hx → 需要 群、发软、件，找 `boss91m1`
2022-06-23 02:02:49si1688 → 来（发 ）广告，联系 `boss91m1`
2022-06-23 02:03:34jiu_777 → 要（发 ）广告，联系 `boss91m1`
2022-06-23 02:04:18chuhai88965 → 需要 群、发，找 `boss91m1`
2022-06-23 02:04:54jiu_777 → 需要 群、发软、件，找 `boss91m1`
2022-06-23 02:05:56bc123hx → 专业（发 ）广告，联系我 `boss91m1`
2022-06-23 02:07:08jiu_777 → 要（发 ）广告，联系 `boss91m1`
2022-06-23 02:07:24-1001692409589 → 要（发 ）广告，联系 `boss91m1`
2022-06-23 02:08:21hfjiema → 想找人（ 发 ）广告，找 `boss91m1`
2022-06-23 02:09:31jiu_777 → 来（发 ）广告，联系 `boss91m1`
2022-06-23 02:11:11jiu_777 → 需要 群、发，找 `boss91m1`
2022-06-23 02:11:47chuhai88965 → 需要 群、发，找 `boss91m1`
2022-06-23 02:12:11-1001692409589 → (session) 协议号，零售、批发 找，`boss91m1`
2022-06-23 02:13:12jiu_777 → 专业（发 ）广告，联系我 `boss91m1`
2022-06-23 02:13:50si1688 → 准备（发 ）广告，找 `boss91m1`
2022-06-23 02:15:11bc123hx → 需要 软、件，找 `boss91m1`
2022-06-23 02:15:54jiu_777 → 需要 群、发，找 `boss91m1`
2022-06-23 02:17:34jiu_777 → 想找人（ 发 ）广告，找 `boss91m1`
2022-06-23 02:19:19jiu_777 → 来（发 ）广告，联系 `boss91m1`
2022-06-23 02:20:17-1001692409589 → 准备（发 ）广告，找 `boss91m1`
2022-06-23 02:21:33jiu_777 → 来（发 ）广告，联系 `boss91m1`
2022-06-23 02:23:04si1688 → 需要 群、发，找 `boss91m1`
2022-06-23 02:23:21jiu_777 → 准备（发 ）广告，找 `boss91m1`
2022-06-23 02:24:21bc123hx → 想要（发 ）广告，找 `boss91m1`
2022-06-23 02:25:22jiu_777 → 来（发 ）广告，联系 `boss91m1`
2022-06-23 02:25:50chuhai88965 → 来（发 ）广告，联系 `boss91m1`
2022-06-23 02:27:10si1688 → 需要 软、件，找 `boss91m1`
2022-06-23 02:27:27jiu_777 → 需要 群、发，找 `boss91m1`
2022-06-23 02:28:19bc123hx → 需要 软、件，找 `boss91m1`
2022-06-23 02:29:17jiu_777 → 需要 群、发，找 `boss91m1`
2022-06-23 02:30:30hfjiema → 需要 软、件，找 `boss91m1`
2022-06-23 02:31:21jiu_777 → (session) 协议号，零售、批发 找，`boss91m1`
2022-06-23 02:32:34-1001692409589 → 专业（发 ）广告，联系我 `boss91m1`
2022-06-23 02:33:31chuhai88965 → 想要（发 ）广告，找 `boss91m1`
2022-06-23 02:33:48jiu_777 → 来（发 ）广告，联系 `boss91m1`
2022-06-23 02:35:31jiu_777 → 专业（发 ）广告，联系我 `boss91m1`
2022-06-23 02:37:02-1001692409589 → 想要（发 ）广告，找 `boss91m1`
2022-06-23 02:37:26chuhai88965 → 想要（发 ）广告，找 `boss91m1`
2022-06-23 02:38:06jiu_777 → 专业（发 ）广告，联系我 `boss91m1`
2022-06-23 02:39:40jiu_777 → (session) 协议号，零售、批发 找，`boss91m1`
2022-06-23 02:39:57si1688 → 想要（发 ）广告，找 `boss91m1`
2022-06-23 02:41:08bc123hx → 需要 软、件，找 `boss91m1`
2022-06-23 02:41:33jiu_777 → 来（发 ）广告，联系 `boss91m1`
2022-06-23 02:43:41jiu_777 → 需要 软、件，找 `boss91m1`
2022-06-23 02:43:59bc123hx → 专业（发 ）广告，联系我 `boss91m1`
2022-06-23 02:45:31hfjiema → 专业（发 ）广告，联系我 `boss91m1`
2022-06-23 02:46:48jiu_777 → 想要（发 ）广告，找 `boss91m1`
2022-06-23 02:47:05jiemaLine → 专业（发 ）广告，联系我 `boss91m1`
2022-06-23 02:47:50chuhai88965 → 需要 群、发软、件，找 `boss91m1`
2022-06-23 02:48:35-1001692409589 → 需要 群、发，找 `boss91m1`
2022-06-23 02:48:54jiu_777 → 想要（发 ）广告，找 `boss91m1`
2022-06-23 02:50:08jiemaWhatsApp → 想要（发 ）广告，找 `boss91m1`
2022-06-23 02:50:53si1688 → 来（发 ）广告，联系 `boss91m1`
2022-06-23 02:51:11jiu_777 → 想找人（ 发 ）广告，找 `boss91m1`
2022-06-23 02:52:33jiu_777 → 来（发 ）广告，联系 `boss91m1`
2022-06-23 02:53:36-1001692409589 → 来（发 ）广告，联系 `boss91m1`
2022-06-23 02:54:43jiu_777 → 要（发 ）广告，联系 `boss91m1`
2022-06-23 02:55:15chuhai88965 → 专业（发 ）广告，联系我 `boss91m1`
2022-06-23 02:56:36jiu_777 → 需要 群、发软、件，找 `boss91m1`
2022-06-23 02:57:55bc123hx → 来（发 ）广告，联系 `boss91m1`
2022-06-23 02:58:46jiu_777 → 需要 群、发，找 `boss91m1`
2022-06-23 02:59:17si1688 → (session) 协议号，零售、批发 找，`boss91m1`
2022-06-23 03:00:42jiu_777 → 想找人（ 发 ）广告，找 `boss91m1`
2022-06-23 03:01:17si1688 → 需要 群、发，找 `boss91m1`
2022-06-23 03:01:50hfjiema → 想找人（ 发 ）广告，找 `boss91m1`
2022-06-23 03:02:40-1001692409589 → 专业（发 ）广告，联系我 `boss91m1`
2022-06-23 03:03:20jiu_777 → 要（发 ）广告，联系 `boss91m1`
2022-06-23 03:04:12bc123hx → 需要 群、发，找 `boss91m1`
2022-06-23 03:04:47jiu_777 → 来（发 ）广告，联系 `boss91m1`
2022-06-23 03:06:42jiu_777 → 想找人（ 发 ）广告，找 `boss91m1`
2022-06-23 03:07:15chuhai88965 → 想找人（ 发 ）广告，找 `boss91m1`
2022-06-23 03:08:58jiu_777 → 想找人（ 发 ）广告，找 `boss91m1`
2022-06-23 03:09:57si1688 → 想要（发 ）广告，找 `boss91m1`
2022-06-23 03:10:50bc123hx → 来（发 ）广告，联系 `boss91m1`
2022-06-23 03:11:34jiu_777 → 想找人（ 发 ）广告，找 `boss91m1`
2022-06-23 03:12:29chuhai88965 → 需要 软、件，找 `boss91m1`
2022-06-23 03:12:54jiu_777 → 准备（发 ）广告，找 `boss91m1`
2022-06-23 03:15:16-1001692409589 → 准备（发 ）广告，找 `boss91m1`
2022-06-23 03:15:34jiu_777 → 要（发 ）广告，联系 `boss91m1`
2022-06-23 03:17:21chuhai88965 → 想找人（ 发 ）广告，找 `boss91m1`
2022-06-23 03:17:39jiu_777 → 想要（发 ）广告，找 `boss91m1`
2022-06-23 03:18:24hfjiema → 专业（发 ）广告，联系我 `boss91m1`
2022-06-23 03:19:00si1688 → (session) 协议号，零售、批发 找，`boss91m1`
2022-06-23 03:19:17jiu_777 → 想要（发 ）广告，找 `boss91m1`
2022-06-23 03:20:28-1001692409589 → 需要 软、件，找 `boss91m1`
2022-06-23 03:21:44jiu_777 → 来（发 ）广告，联系 `boss91m1`
2022-06-23 03:23:06jiu_777 → 想找人（ 发 ）广告，找 `boss91m1`
2022-06-23 03:23:22bc123hx → 要（发 ）广告，联系 `boss91m1`
2022-06-23 03:25:20jiu_777 → 需要 群、发软、件，找 `boss91m1`
2022-06-23 03:26:09si1688 → 需要 群、发，找 `boss91m1`
2022-06-23 03:27:10jiu_777 → 需要 群、发软、件，找 `boss91m1`
2022-06-23 03:27:39-1001692409589 → 准备（发 ）广告，找 `boss91m1`
2022-06-23 03:29:20jiu_777 → 需要 群、发软、件，找 `boss91m1`
2022-06-23 03:29:37chuhai88965 → 想找人（ 发 ）广告，找 `boss91m1`
2022-06-23 03:30:26bc123hx → 来（发 ）广告，联系 `boss91m1`
2022-06-23 03:31:52jiu_777 → 准备（发 ）广告，找 `boss91m1`
2022-06-23 03:33:21jiu_777 → 准备（发 ）广告，找 `boss91m1`
2022-06-23 03:33:50chuhai88965 → 需要 群、发，找 `boss91m1`
2022-06-23 03:34:51-1001692409589 → 来（发 ）广告，联系 `boss91m1`
2022-06-23 03:35:28jiu_777 → (session) 协议号，零售、批发 找，`boss91m1`
2022-06-23 03:36:50si1688 → 想找人（ 发 ）广告，找 `boss91m1`
2022-06-23 03:37:45jiu_777 → 准备（发 ）广告，找 `boss91m1`
2022-06-23 03:38:20bc123hx → 专业（发 ）广告，联系我 `boss91m1`
2022-06-23 03:39:22jiu_777 → 想找人（ 发 ）广告，找 `boss91m1`
2022-06-23 03:39:38hfjiema → 需要 群、发软、件，找 `boss91m1`
2022-06-23 03:41:29jiu_777 → 需要 群、发软、件，找 `boss91m1`
2022-06-23 03:43:20chuhai88965 → 想要（发 ）广告，找 `boss91m1`
2022-06-23 03:43:48jiu_777 → 需要 软、件，找 `boss91m1`
2022-06-23 03:45:45jiu_777 → 准备（发 ）广告，找 `boss91m1`
2022-06-23 03:46:02-1001692409589 → (session) 协议号，零售、批发 找，`boss91m1`
2022-06-23 03:46:25bc123hx → 想找人（ 发 ）广告，找 `boss91m1`
2022-06-23 03:47:52si1688 → 来（发 ）广告，联系 `boss91m1`
2022-06-23 03:48:11jiu_777 → 想要（发 ）广告，找 `boss91m1`
2022-06-23 03:49:25jiu_777 → 来（发 ）广告，联系 `boss91m1`
2022-06-23 03:50:08chuhai88965 → (session) 协议号，零售、批发 找，`boss91m1`
2022-06-23 03:50:32si1688 → 需要 软、件，找 `boss91m1`
2022-06-23 03:51:33jiu_777 → 专业（发 ）广告，联系我 `boss91m1`
2022-06-23 03:52:00jiemaWhatsApp → (session) 协议号，零售、批发 找，`boss91m1`
2022-06-23 03:52:45-1001692409589 → 来（发 ）广告，联系 `boss91m1`
2022-06-23 03:53:37jiu_777 → 需要 软、件，找 `boss91m1`
2022-06-23 03:54:38hfjiema → 想要（发 ）广告，找 `boss91m1`
2022-06-23 03:55:27jiemaLine → (session) 协议号，零售、批发 找，`boss91m1`
2022-06-23 03:56:50bc123hx → 要（发 ）广告，联系 `boss91m1`
2022-06-23 03:57:07jiu_777 → 需要 群、发，找 `boss91m1`
2022-06-23 03:58:37jiu_777 → 需要 群、发，找 `boss91m1`
2022-06-23 03:59:05bc123hx → 需要 软、件，找 `boss91m1`
2022-06-23 04:00:09chuhai88965 → 来（发 ）广告，联系 `boss91m1`
2022-06-23 04:00:34jiu_777 → (session) 协议号，零售、批发 找，`boss91m1`
2022-06-23 04:02:29jiu_777 → 需要 群、发软、件，找 `boss91m1`
2022-06-23 04:03:14si1688 → 准备（发 ）广告，找 `boss91m1`
2022-06-23 04:03:38-1001692409589 → 需要 群、发软、件，找 `boss91m1`
2022-06-23 04:04:42jiu_777 → 要（发 ）广告，联系 `boss91m1`
2022-06-23 04:07:03si1688 → 来（发 ）广告，联系 `boss91m1`
2022-06-23 04:07:21jiu_777 → 需要 群、发，找 `boss91m1`
2022-06-23 04:08:06chuhai88965 → 需要 群、发，找 `boss91m1`
2022-06-23 04:08:57jiu_777 → 要（发 ）广告，联系 `boss91m1`
2022-06-23 04:09:25-1001692409589 → 需要 群、发，找 `boss91m1`
2022-06-23 04:09:49hfjiema → 想找人（ 发 ）广告，找 `boss91m1`
2022-06-23 04:10:50jiu_777 → 需要 群、发，找 `boss91m1`
2022-06-23 04:11:17bc123hx → 来（发 ）广告，联系 `boss91m1`
2022-06-23 04:13:29jiu_777 → 来（发 ）广告，联系 `boss91m1`
2022-06-23 04:14:43chuhai88965 → 需要 群、发软、件，找 `boss91m1`
2022-06-23 04:15:12jiu_777 → 来（发 ）广告，联系 `boss91m1`
2022-06-23 04:16:09-1001692409589 → 需要 群、发，找 `boss91m1`
2022-06-23 04:17:29jiu_777 → 想找人（ 发 ）广告，找 `boss91m1`
2022-06-23 04:19:26bc123hx → 需要 群、发软、件，找 `boss91m1`
2022-06-23 04:19:44jiu_777 → 需要 群、发软、件，找 `boss91m1`
2022-06-23 04:20:40si1688 → 准备（发 ）广告，找 `boss91m1`
2022-06-23 04:21:15jiu_777 → 需要 软、件，找 `boss91m1`
2022-06-23 04:23:41jiu_777 → 来（发 ）广告，联系 `boss91m1`
2022-06-23 04:24:19bc123hx → 需要 软、件，找 `boss91m1`
2022-06-23 04:25:31hfjiema → 专业（发 ）广告，联系我 `boss91m1`
2022-06-23 04:25:49jiu_777 → 想要（发 ）广告，找 `boss91m1`
2022-06-23 04:27:17jiu_777 → 需要 群、发软、件，找 `boss91m1`
2022-06-23 04:27:34chuhai88965 → 需要 软、件，找 `boss91m1`
2022-06-23 04:28:24-1001692409589 → 需要 群、发，找 `boss91m1`
2022-06-23 04:29:14si1688 → 来（发 ）广告，联系 `boss91m1`
2022-06-23 04:29:31jiu_777 → 需要 软、件，找 `boss91m1`
2022-06-23 04:31:53jiu_777 → (session) 协议号，零售、批发 找，`boss91m1`
2022-06-23 04:32:17-1001692409589 → 来（发 ）广告，联系 `boss91m1`
2022-06-23 04:33:28jiu_777 → 需要 群、发软、件，找 `boss91m1`
2022-06-23 04:34:19chuhai88965 → (session) 协议号，零售、批发 找，`boss91m1`
2022-06-23 04:35:20jiu_777 → 想找人（ 发 ）广告，找 `boss91m1`
2022-06-23 04:35:36si1688 → 准备（发 ）广告，找 `boss91m1`
2022-06-23 04:36:22bc123hx → (session) 协议号，零售、批发 找，`boss91m1`
2022-06-23 04:37:51jiu_777 → 想要（发 ）广告，找 `boss91m1`
2022-06-23 04:39:18jiu_777 → 需要 群、发软、件，找 `boss91m1`
2022-06-23 04:41:01hfjiema → 需要 群、发，找 `boss91m1`
2022-06-23 04:41:26jiu_777 → (session) 协议号，零售、批发 找，`boss91m1`
2022-06-23 04:42:46chuhai88965 → 需要 群、发，找 `boss91m1`
2022-06-23 04:43:27jiu_777 → 需要 群、发，找 `boss91m1`
2022-06-23 04:44:09-1001692409589 → 需要 软、件，找 `boss91m1`
2022-06-23 04:44:43bc123hx → 想要（发 ）广告，找 `boss91m1`
2022-06-23 04:45:29si1688 → 需要 软、件，找 `boss91m1`
2022-06-23 04:46:04jiu_777 → 想要（发 ）广告，找 `boss91m1`
2022-06-23 04:47:57jiu_777 → 专业（发 ）广告，联系我 `boss91m1`
2022-06-23 04:48:32-1001692409589 → 准备（发 ）广告，找 `boss91m1`
2022-06-23 04:49:48jiu_777 → (session) 协议号，零售、批发 找，`boss91m1`
2022-06-23 04:51:17bc123hx → 需要 群、发，找 `boss91m1`
2022-06-23 04:52:05jiu_777 → 来（发 ）广告，联系 `boss91m1`
2022-06-23 04:53:40si1688 → 需要 软、件，找 `boss91m1`
2022-06-23 04:54:09jiu_777 → 专业（发 ）广告，联系我 `boss91m1`
2022-06-23 04:54:59chuhai88965 → 想找人（ 发 ）广告，找 `boss91m1`
2022-06-23 04:55:46jiu_777 → 准备（发 ）广告，找 `boss91m1`
2022-06-23 04:57:19jiemaLine → 需要 群、发软、件，找 `boss91m1`
2022-06-23 04:58:01jiu_777 → 需要 群、发软、件，找 `boss91m1`
2022-06-23 04:58:18chuhai88965 → 想要（发 ）广告，找 `boss91m1`
2022-06-23 04:59:19-1001692409589 → 要（发 ）广告，联系 `boss91m1`
2022-06-23 04:59:53bc123hx → 来（发 ）广告，联系 `boss91m1`
2022-06-23 05:00:33jiu_777 → 想找人（ 发 ）广告，找 `boss91m1`
2022-06-23 05:01:33hfjiema → 来（发 ）广告，联系 `boss91m1`
2022-06-23 05:01:58jiu_777 → 需要 软、件，找 `boss91m1`
2022-06-23 05:02:40jiemaWhatsApp → 专业（发 ）广告，联系我 `boss91m1`
2022-06-23 05:03:25si1688 → 想找人（ 发 ）广告，找 `boss91m1`
2022-06-23 05:04:37jiu_777 → 需要 群、发，找 `boss91m1`
2022-06-23 05:06:22jiu_777 → 想找人（ 发 ）广告，找 `boss91m1`
2022-06-23 05:07:12chuhai88965 → 需要 群、发软、件，找 `boss91m1`
2022-06-23 05:08:09jiu_777 → 来（发 ）广告，联系 `boss91m1`
2022-06-23 05:08:41-1001692409589 → 需要 群、发，找 `boss91m1`
2022-06-23 05:09:37bc123hx → 来（发 ）广告，联系 `boss91m1`
2022-06-23 05:10:17jiu_777 → 要（发 ）广告，联系 `boss91m1`
2022-06-23 05:11:31si1688 → 要（发 ）广告，联系 `boss91m1`
2022-06-23 05:12:17jiu_777 → 专业（发 ）广告，联系我 `boss91m1`
2022-06-23 05:13:32-1001692409589 → 专业（发 ）广告，联系我 `boss91m1`
2022-06-23 05:14:07si1688 → 需要 群、发软、件，找 `boss91m1`
2022-06-23 05:14:24jiu_777 → 需要 群、发，找 `boss91m1`
2022-06-23 05:16:07jiu_777 → 要（发 ）广告，联系 `boss91m1`
2022-06-23 05:16:53chuhai88965 → 来（发 ）广告，联系 `boss91m1`
2022-06-23 05:18:38jiu_777 → 需要 群、发软、件，找 `boss91m1`
2022-06-23 05:19:34bc123hx → (session) 协议号，零售、批发 找，`boss91m1`
2022-06-23 05:20:39jiu_777 → 需要 软、件，找 `boss91m1`
2022-06-23 05:21:15hfjiema → 专业（发 ）广告，联系我 `boss91m1`
2022-06-23 05:22:12jiu_777 → (session) 协议号，零售、批发 找，`boss91m1`
2022-06-23 05:22:40-1001692409589 → 想要（发 ）广告，找 `boss91m1`
2022-06-23 05:24:16chuhai88965 → 需要 群、发，找 `boss91m1`
2022-06-23 05:24:55jiu_777 → 要（发 ）广告，联系 `boss91m1`
2022-06-23 05:25:29si1688 → 来（发 ）广告，联系 `boss91m1`
2022-06-23 05:26:59jiu_777 → 想找人（ 发 ）广告，找 `boss91m1`
2022-06-23 05:27:55bc123hx → 需要 群、发软、件，找 `boss91m1`
2022-06-23 05:28:58jiu_777 → 想找人（ 发 ）广告，找 `boss91m1`
2022-06-23 05:29:22si1688 → 想要（发 ）广告，找 `boss91m1`
2022-06-23 05:30:35jiu_777 → 需要 软、件，找 `boss91m1`
2022-06-23 05:32:30jiu_777 → 来（发 ）广告，联系 `boss91m1`
2022-06-23 05:33:05bc123hx → 需要 群、发软、件，找 `boss91m1`
2022-06-23 05:34:01-1001692409589 → 来（发 ）广告，联系 `boss91m1`
2022-06-23 05:34:26jiu_777 → 专业（发 ）广告，联系我 `boss91m1`
2022-06-23 05:35:40chuhai88965 → 需要 群、发，找 `boss91m1`
2022-06-23 05:36:31jiu_777 → 要（发 ）广告，联系 `boss91m1`
2022-06-23 05:38:43jiu_777 → (session) 协议号，零售、批发 找，`boss91m1`
2022-06-23 05:39:00hfjiema → 需要 群、发软、件，找 `boss91m1`
2022-06-23 05:39:56bc123hx → 准备（发 ）广告，找 `boss91m1`
2022-06-23 05:40:47jiu_777 → (session) 协议号，零售、批发 找，`boss91m1`
2022-06-23 05:42:11si1688 → 需要 群、发软、件，找 `boss91m1`
2022-06-23 05:42:46jiu_777 → 来（发 ）广告，联系 `boss91m1`
2022-06-23 05:43:14-1001692409589 → 来（发 ）广告，联系 `boss91m1`
2022-06-23 05:43:59chuhai88965 → 来（发 ）广告，联系 `boss91m1`
2022-06-23 05:44:55jiu_777 → 想要（发 ）广告，找 `boss91m1`
2022-06-23 05:45:52bc123hx → 来（发 ）广告，联系 `boss91m1`
2022-06-23 05:46:56jiu_777 → 想要（发 ）广告，找 `boss91m1`
2022-06-23 05:49:15jiu_777 → 准备（发 ）广告，找 `boss91m1`
2022-06-23 05:50:15-1001692409589 → 想要（发 ）广告，找 `boss91m1`
2022-06-23 05:50:40jiu_777 → 需要 群、发软、件，找 `boss91m1`
2022-06-23 05:51:22chuhai88965 → 想要（发 ）广告，找 `boss91m1`
2022-06-23 05:51:46si1688 → 要（发 ）广告，联系 `boss91m1`
2022-06-23 05:53:20jiu_777 → 来（发 ）广告，联系 `boss91m1`
2022-06-23 05:54:10bc123hx → (session) 协议号，零售、批发 找，`boss91m1`
2022-06-23 05:54:54hfjiema → 来（发 ）广告，联系 `boss91m1`
2022-06-23 05:55:23jiu_777 → (session) 协议号，零售、批发 找，`boss91m1`
2022-06-23 05:55:47-1001692409589 → 需要 软、件，找 `boss91m1`
2022-06-23 05:56:49jiu_777 → 来（发 ）广告，联系 `boss91m1`
2022-06-23 05:57:32si1688 → (session) 协议号，零售、批发 找，`boss91m1`
2022-06-23 05:58:27chuhai88965 → 需要 群、发，找 `boss91m1`
2022-06-23 05:59:19jiemaLine → 想找人（ 发 ）广告，找 `boss91m1`
2022-06-23 05:59:37jiu_777 → 来（发 ）广告，联系 `boss91m1`
2022-06-23 06:01:08jiu_777 → 需要 群、发，找 `boss91m1`
2022-06-23 06:02:59jiu_777 → 想要（发 ）广告，找 `boss91m1`
2022-06-23 06:03:26-1001692409589 → 专业（发 ）广告，联系我 `boss91m1`
2022-06-23 06:05:15jiu_777 → 需要 群、发，找 `boss91m1`
2022-06-23 06:05:43bc123hx → 来（发 ）广告，联系 `boss91m1`
2022-06-23 06:06:07chuhai88965 → 想要（发 ）广告，找 `boss91m1`
2022-06-23 06:07:08jiu_777 → 专业（发 ）广告，联系我 `boss91m1`
2022-06-23 06:07:50si1688 → 专业（发 ）广告，联系我 `boss91m1`
2022-06-23 06:08:35jiemaWhatsApp → 想要（发 ）广告，找 `boss91m1`
2022-06-23 06:09:48jiu_777 → 需要 群、发，找 `boss91m1`
2022-06-23 06:11:31jiu_777 → 想要（发 ）广告，找 `boss91m1`
2022-06-23 06:12:28hfjiema → (session) 协议号，零售、批发 找，`boss91m1`
2022-06-23 06:13:19jiu_777 → 需要 群、发，找 `boss91m1`
2022-06-23 06:13:51si1688 → 想要（发 ）广告，找 `boss91m1`
2022-06-23 06:15:35jiu_777 → 专业（发 ）广告，联系我 `boss91m1`
2022-06-23 06:16:02chuhai88965 → 来（发 ）广告，联系 `boss91m1`
2022-06-23 06:16:26bc123hx → (session) 协议号，零售、批发 找，`boss91m1`
2022-06-23 06:17:51jiu_777 → 需要 群、发，找 `boss91m1`
2022-06-23 06:18:07-1001692409589 → 来（发 ）广告，联系 `boss91m1`
2022-06-23 06:19:29-1001692409589 → 想要（发 ）广告，找 `boss91m1`
2022-06-23 06:20:14jiu_777 → 来（发 ）广告，联系 `boss91m1`
2022-06-23 06:20:36bc123hx → 来（发 ）广告，联系 `boss91m1`
2022-06-23 06:21:58si1688 → 来（发 ）广告，联系 `boss91m1`
2022-06-23 06:23:10jiu_777 → 来（发 ）广告，联系 `boss91m1`
2022-06-23 06:24:09chuhai88965 → 想要（发 ）广告，找 `boss91m1`
2022-06-23 06:24:45jiu_777 → 需要 软、件，找 `boss91m1`
2022-06-23 06:26:59jiu_777 → 来（发 ）广告，联系 `boss91m1`
2022-06-23 06:28:26bc123hx → 准备（发 ）广告，找 `boss91m1`
2022-06-23 06:28:50jiu_777 → 需要 软、件，找 `boss91m1`
2022-06-23 06:29:07chuhai88965 → (session) 协议号，零售、批发 找，`boss91m1`
2022-06-23 06:31:17jiu_777 → 专业（发 ）广告，联系我 `boss91m1`
2022-06-23 06:32:08hfjiema → 需要 软、件，找 `boss91m1`
2022-06-23 06:32:54-1001692409589 → 要（发 ）广告，联系 `boss91m1`
2022-06-23 06:33:22jiu_777 → 来（发 ）广告，联系 `boss91m1`
2022-06-23 06:34:18si1688 → (session) 协议号，零售、批发 找，`boss91m1`
2022-06-23 06:35:01jiu_777 → 要（发 ）广告，联系 `boss91m1`
2022-06-23 06:36:55jiu_777 → 专业（发 ）广告，联系我 `boss91m1`
2022-06-23 06:37:38-1001692409589 → 想要（发 ）广告，找 `boss91m1`
2022-06-23 06:38:02chuhai88965 → 要（发 ）广告，联系 `boss91m1`
2022-06-23 06:39:26jiu_777 → (session) 协议号，零售、批发 找，`boss91m1`
2022-06-23 06:40:01bc123hx → 想要（发 ）广告，找 `boss91m1`
2022-06-23 06:41:02jiu_777 → 想找人（ 发 ）广告，找 `boss91m1`
2022-06-23 06:42:25si1688 → 准备（发 ）广告，找 `boss91m1`
2022-06-23 06:44:00jiu_777 → 要（发 ）广告，联系 `boss91m1`
2022-06-23 06:45:23jiu_777 → 来（发 ）广告，联系 `boss91m1`
2022-06-23 06:46:21bc123hx → 来（发 ）广告，联系 `boss91m1`
2022-06-23 06:47:22hfjiema → 想找人（ 发 ）广告，找 `boss91m1`
2022-06-23 06:48:06jiu_777 → 来（发 ）广告，联系 `boss91m1`
2022-06-23 06:48:51-1001692409589 → 来（发 ）广告，联系 `boss91m1`
2022-06-23 06:49:26si1688 → 需要 软、件，找 `boss91m1`
2022-06-23 06:50:11jiu_777 → 要（发 ）广告，联系 `boss91m1`
2022-06-23 06:51:31jiu_777 → 来（发 ）广告，联系 `boss91m1`
2022-06-23 06:52:58si1688 → 要（发 ）广告，联系 `boss91m1`
2022-06-23 06:54:30jiu_777 → 需要 软、件，找 `boss91m1`
2022-06-23 06:55:01-1001692409589 → 需要 软、件，找 `boss91m1`
2022-06-23 06:55:57bc123hx → 想找人（ 发 ）广告，找 `boss91m1`
2022-06-23 06:56:22jiu_777 → 需要 软、件，找 `boss91m1`
2022-06-23 06:58:23jiu_777 → 来（发 ）广告，联系 `boss91m1`
2022-06-23 06:59:21jiemaLine → 需要 群、发，找 `boss91m1`
2022-06-23 07:01:02jiu_777 → 来（发 ）广告，联系 `boss91m1`
2022-06-23 07:02:23hfjiema → 来（发 ）广告，联系 `boss91m1`
2022-06-23 07:03:17jiu_777 → 准备（发 ）广告，找 `boss91m1`
2022-06-23 07:03:34-1001692409589 → 需要 群、发，找 `boss91m1`
2022-06-23 07:05:29si1688 → 要（发 ）广告，联系 `boss91m1`
2022-06-23 07:06:05jiu_777 → (session) 协议号，零售、批发 找，`boss91m1`
2022-06-23 07:06:21bc123hx → 来（发 ）广告，联系 `boss91m1`
2022-06-23 07:08:16jiu_777 → 来（发 ）广告，联系 `boss91m1`
2022-06-23 07:09:28bc123hx → 想找人（ 发 ）广告，找 `boss91m1`
2022-06-23 07:10:18si1688 → 想要（发 ）广告，找 `boss91m1`
2022-06-23 07:10:47jiu_777 → 想要（发 ）广告，找 `boss91m1`
2022-06-23 07:11:36-1001692409589 → 需要 群、发，找 `boss91m1`
2022-06-23 07:12:12jiu_777 → 需要 软、件，找 `boss91m1`
2022-06-23 07:13:22jiemaWhatsApp → 想要（发 ）广告，找 `boss91m1`
2022-06-23 07:14:09jiu_777 → (session) 协议号，零售、批发 找，`boss91m1`
2022-06-23 07:16:07jiu_777 → 准备（发 ）广告，找 `boss91m1`
2022-06-23 07:17:30-1001692409589 → (session) 协议号，零售、批发 找，`boss91m1`
2022-06-23 07:18:46jiu_777 → 要（发 ）广告，联系 `boss91m1`
2022-06-23 07:19:35si1688 → (session) 协议号，零售、批发 找，`boss91m1`
2022-06-23 07:20:32bc123hx → 需要 群、发软、件，找 `boss91m1`
2022-06-23 07:20:51jiu_777 → 想找人（ 发 ）广告，找 `boss91m1`
2022-06-23 07:22:48jiu_777 → (session) 协议号，零售、批发 找，`boss91m1`
2022-06-23 07:24:32jiu_777 → 要（发 ）广告，联系 `boss91m1`
2022-06-23 07:24:49-1001692409589 → 准备（发 ）广告，找 `boss91m1`
2022-06-23 07:26:31si1688 → 需要 群、发软、件，找 `boss91m1`
2022-06-23 07:27:32hfjiema → 要（发 ）广告，联系 `boss91m1`
2022-06-23 07:27:49jiu_777 → 需要 群、发，找 `boss91m1`
2022-06-23 07:28:46bc123hx → 想要（发 ）广告，找 `boss91m1`
2022-06-23 07:29:11jiu_777 → 需要 群、发软、件，找 `boss91m1`
2022-06-23 07:31:31jiu_777 → 需要 群、发，找 `boss91m1`
2022-06-23 07:32:17-1001692409589 → 准备（发 ）广告，找 `boss91m1`
2022-06-23 07:33:17bc123hx → 想找人（ 发 ）广告，找 `boss91m1`
2022-06-23 07:33:50jiu_777 → 需要 群、发软、件，找 `boss91m1`
2022-06-23 07:35:07jiu_777 → 想要（发 ）广告，找 `boss91m1`
2022-06-23 07:35:47si1688 → 需要 群、发软、件，找 `boss91m1`
2022-06-23 07:37:06bc123hx → 需要 软、件，找 `boss91m1`
2022-06-23 07:37:34jiu_777 → 想要（发 ）广告，找 `boss91m1`
2022-06-23 07:39:15si1688 → 专业（发 ）广告，联系我 `boss91m1`
2022-06-23 07:39:50jiu_777 → 来（发 ）广告，联系 `boss91m1`
2022-06-23 07:41:24jiu_777 → 需要 软、件，找 `boss91m1`
2022-06-23 07:42:43-1001692409589 → 来（发 ）广告，联系 `boss91m1`
2022-06-23 07:43:18jiu_777 → 需要 群、发，找 `boss91m1`
2022-06-23 07:44:10bc123hx → 需要 群、发，找 `boss91m1`
2022-06-23 07:45:31jiu_777 → 要（发 ）广告，联系 `boss91m1`
2022-06-23 07:46:10hfjiema → 要（发 ）广告，联系 `boss91m1`
2022-06-23 07:47:30jiu_777 → 想要（发 ）广告，找 `boss91m1`
2022-06-23 07:48:10-1001692409589 → 来（发 ）广告，联系 `boss91m1`
2022-06-23 07:49:08jiu_777 → 需要 群、发，找 `boss91m1`
2022-06-23 07:49:24si1688 → 来（发 ）广告，联系 `boss91m1`
2022-06-23 07:51:07jiu_777 → 要（发 ）广告，联系 `boss91m1`
2022-06-23 07:52:13-1001692409589 → 来（发 ）广告，联系 `boss91m1`
2022-06-23 07:53:36jiu_777 → 专业（发 ）广告，联系我 `boss91m1`
2022-06-23 07:53:53si1688 → 来（发 ）广告，联系 `boss91m1`
2022-06-23 07:55:10jiu_777 → 想要（发 ）广告，找 `boss91m1`
2022-06-23 07:57:29bc123hx → 要（发 ）广告，联系 `boss91m1`
2022-06-23 07:58:02jiu_777 → 来（发 ）广告，联系 `boss91m1`
2022-06-23 07:59:57jiu_777 → 想找人（ 发 ）广告，找 `boss91m1`
2022-06-23 08:01:11hfjiema → 需要 群、发软、件，找 `boss91m1`
2022-06-23 08:02:12bc123hx → 需要 群、发，找 `boss91m1`
2022-06-23 08:02:41jiu_777 → 要（发 ）广告，联系 `boss91m1`
2022-06-23 08:03:26jiemaLine → 需要 群、发，找 `boss91m1`
2022-06-23 08:04:02jiu_777 → 想要（发 ）广告，找 `boss91m1`
2022-06-23 08:04:19-1001692409589 → 想要（发 ）广告，找 `boss91m1`
2022-06-23 08:05:32si1688 → 需要 群、发软、件，找 `boss91m1`
2022-06-23 08:06:08jiu_777 → 准备（发 ）广告，找 `boss91m1`
2022-06-23 08:08:38jiu_777 → 需要 软、件，找 `boss91m1`
2022-06-23 08:09:30bc123hx → 来（发 ）广告，联系 `boss91m1`
2022-06-23 08:10:06jiu_777 → 来（发 ）广告，联系 `boss91m1`
2022-06-23 08:10:23-1001692409589 → 想找人（ 发 ）广告，找 `boss91m1`
2022-06-23 08:11:36si1688 → 来（发 ）广告，联系 `boss91m1`
2022-06-23 08:12:25jiu_777 → (session) 协议号，零售、批发 找，`boss91m1`
2022-06-23 08:14:38jiu_777 → 来（发 ）广告，联系 `boss91m1`
2022-06-23 08:15:26jiemaWhatsApp → 来（发 ）广告，联系 `boss91m1`
2022-06-23 08:17:14jiu_777 → 来（发 ）广告，联系 `boss91m1`
2022-06-23 08:17:37-1001692409589 → 需要 软、件，找 `boss91m1`
2022-06-23 08:19:03jiu_777 → 来（发 ）广告，联系 `boss91m1`
2022-06-23 08:19:20si1688 → 需要 群、发软、件，找 `boss91m1`
2022-06-23 08:20:17bc123hx → 想找人（ 发 ）广告，找 `boss91m1`
2022-06-23 08:20:41jiu_777 → 专业（发 ）广告，联系我 `boss91m1`
2022-06-23 08:22:11bc123hx → 需要 软、件，找 `boss91m1`
2022-06-23 08:23:00jiu_777 → 需要 群、发，找 `boss91m1`
2022-06-23 08:23:58si1688 → 想找人（ 发 ）广告，找 `boss91m1`
2022-06-23 08:24:54jiu_777 → 需要 群、发，找 `boss91m1`
2022-06-23 08:25:23hfjiema → 要（发 ）广告，联系 `boss91m1`
2022-06-23 08:25:46-1001692409589 → 需要 软、件，找 `boss91m1`
2022-06-23 08:27:12jiu_777 → 来（发 ）广告，联系 `boss91m1`
2022-06-23 08:28:54jiu_777 → 需要 软、件，找 `boss91m1`
2022-06-23 08:29:12bc123hx → 来（发 ）广告，联系 `boss91m1`
2022-06-23 08:30:45si1688 → 想要（发 ）广告，找 `boss91m1`
2022-06-23 08:31:31jiu_777 → 专业（发 ）广告，联系我 `boss91m1`
2022-06-23 08:32:27-1001692409589 → 准备（发 ）广告，找 `boss91m1`
2022-06-23 08:33:28jiu_777 → 需要 群、发软、件，找 `boss91m1`
2022-06-23 08:34:49jiu_777 → 要（发 ）广告，联系 `boss91m1`
2022-06-23 08:35:27rainha_das_laras → 来（发 ）广告，联系 `boss91m1`
2022-06-23 08:35:52-1001692409589 → 来（发 ）广告，联系 `boss91m1`
2022-06-23 08:37:51jiu_777 → 需要 软、件，找 `boss91m1`
2022-06-23 08:39:12jiu_777 → 想找人（ 发 ）广告，找 `boss91m1`
2022-06-23 08:39:29bc123hx → 需要 群、发软、件，找 `boss91m1`
2022-06-23 08:41:09jiu_777 → 准备（发 ）广告，找 `boss91m1`
2022-06-23 08:41:37si1688 → 想要（发 ）广告，找 `boss91m1`
2022-06-23 08:41:53rainha_das_laras → 专业（发 ）广告，联系我 `boss91m1`
2022-06-23 08:43:35jiu_777 → (session) 协议号，零售、批发 找，`boss91m1`
2022-06-23 08:44:45bc123hx → 需要 软、件，找 `boss91m1`
2022-06-23 08:45:10jiu_777 → 想要（发 ）广告，找 `boss91m1`
2022-06-23 08:45:27hfjiema → (session) 协议号，零售、批发 找，`boss91m1`
2022-06-23 08:47:39si1688 → 要（发 ）广告，联系 `boss91m1`
2022-06-23 08:47:57jiu_777 → 需要 群、发软、件，找 `boss91m1`
2022-06-23 08:48:53-1001692409589 → 准备（发 ）广告，找 `boss91m1`
2022-06-23 08:49:39jiu_777 → 需要 软、件，找 `boss91m1`
2022-06-23 08:50:20bc123hx → 想要（发 ）广告，找 `boss91m1`
2022-06-23 08:51:59jiu_777 → 准备（发 ）广告，找 `boss91m1`
2022-06-23 08:53:15si1688 → 想要（发 ）广告，找 `boss91m1`
2022-06-23 08:54:01jiu_777 → 来（发 ）广告，联系 `boss91m1`
2022-06-23 08:54:44rainha_das_laras → 需要 群、发，找 `boss91m1`
2022-06-23 08:55:01-1001692409589 → (session) 协议号，零售、批发 找，`boss91m1`
2022-06-23 08:56:01jiu_777 → 专业（发 ）广告，联系我 `boss91m1`
2022-06-23 08:57:16jiu_777 → 需要 群、发，找 `boss91m1`
2022-06-23 08:59:27jiu_777 → 来（发 ）广告，联系 `boss91m1`
2022-06-23 09:00:51-1001692409589 → 专业（发 ）广告，联系我 `boss91m1`
2022-06-23 09:01:25hfjiema → 来（发 ）广告，联系 `boss91m1`
2022-06-23 09:01:43jiu_777 → 专业（发 ）广告，联系我 `boss91m1`
2022-06-23 09:01:59rainha_das_laras → 准备（发 ）广告，找 `boss91m1`
2022-06-23 09:02:44si1688 → 准备（发 ）广告，找 `boss91m1`
2022-06-23 09:03:24bc123hx → 来（发 ）广告，联系 `boss91m1`
2022-06-23 09:04:08jiu_777 → (session) 协议号，零售、批发 找，`boss91m1`
2022-06-23 09:05:21rainha_das_laras → (session) 协议号，零售、批发 找，`boss91m1`
2022-06-23 09:05:39jiu_777 → 需要 软、件，找 `boss91m1`
2022-06-23 09:06:08si1688 → 需要 软、件，找 `boss91m1`
2022-06-23 09:07:25jiemaLine → (session) 协议号，零售、批发 找，`boss91m1`
2022-06-23 09:07:43jiu_777 → 要（发 ）广告，联系 `boss91m1`
2022-06-23 09:08:42bc123hx → 来（发 ）广告，联系 `boss91m1`
2022-06-23 09:09:41jiu_777 → 专业（发 ）广告，联系我 `boss91m1`
2022-06-23 09:10:29-1001692409589 → 来（发 ）广告，联系 `boss91m1`
2022-06-23 09:12:11jiu_777 → 来（发 ）广告，联系 `boss91m1`
2022-06-23 09:12:36bc123hx → 需要 软、件，找 `boss91m1`
2022-06-23 09:13:33jiu_777 → 要（发 ）广告，联系 `boss91m1`
2022-06-23 09:14:52-1001692409589 → 来（发 ）广告，联系 `boss91m1`
2022-06-23 09:15:49si1688 → (session) 协议号，零售、批发 找，`boss91m1`
2022-06-23 09:16:08jiu_777 → (session) 协议号，零售、批发 找，`boss91m1`
2022-06-23 09:17:34hfjiema → 需要 群、发软、件，找 `boss91m1`
2022-06-23 09:17:51jiu_777 → 专业（发 ）广告，联系我 `boss91m1`
2022-06-23 09:18:07rainha_das_laras → 准备（发 ）广告，找 `boss91m1`
2022-06-23 09:19:49jiu_777 → 来（发 ）广告，联系 `boss91m1`
2022-06-23 09:21:30jiu_777 → 想找人（ 发 ）广告，找 `boss91m1`
2022-06-23 09:21:46bc123hx → 想要（发 ）广告，找 `boss91m1`
2022-06-23 09:23:10jiemaWhatsApp → 需要 群、发软、件，找 `boss91m1`
2022-06-23 09:24:00si1688 → 想要（发 ）广告，找 `boss91m1`
2022-06-23 09:24:18jiu_777 → 需要 软、件，找 `boss91m1`
2022-06-23 09:24:42-1001692409589 → 来（发 ）广告，联系 `boss91m1`
2022-06-23 09:25:52jiu_777 → 要（发 ）广告，联系 `boss91m1`
2022-06-23 09:26:35rainha_das_laras → 需要 群、发，找 `boss91m1`
2022-06-23 09:27:35si1688 → 想要（发 ）广告，找 `boss91m1`
2022-06-23 09:29:11jiu_777 → 专业（发 ）广告，联系我 `boss91m1`
2022-06-23 09:30:10-1001692409589 → (session) 协议号，零售、批发 找，`boss91m1`
2022-06-23 09:30:46jiu_777 → 来（发 ）广告，联系 `boss91m1`
2022-06-23 09:31:02bc123hx → 需要 软、件，找 `boss91m1`
2022-06-23 09:32:19jiu_777 → 想要（发 ）广告，找 `boss91m1`
2022-06-23 09:33:16hfjiema → 要（发 ）广告，联系 `boss91m1`
2022-06-23 09:33:51-1001692409589 → 想找人（ 发 ）广告，找 `boss91m1`
2022-06-23 09:34:19jiu_777 → 来（发 ）广告，联系 `boss91m1`
2022-06-23 09:35:36jiu_777 → 专业（发 ）广告，联系我 `boss91m1`
2022-06-23 09:35:53bc123hx → 来（发 ）广告，联系 `boss91m1`
2022-06-23 09:36:17si1688 → 需要 软、件，找 `boss91m1`
2022-06-23 09:37:15jiu_777 → 准备（发 ）广告，找 `boss91m1`
2022-06-23 09:38:29si1688 → 来（发 ）广告，联系 `boss91m1`
2022-06-23 09:38:48jiu_777 → 来（发 ）广告，联系 `boss91m1`
2022-06-23 09:39:23bc123hx → 需要 群、发，找 `boss91m1`
2022-06-23 09:40:08-1001692409589 → 需要 群、发软、件，找 `boss91m1`
2022-06-23 09:40:36jiu_777 → 想找人（ 发 ）广告，找 `boss91m1`
2022-06-23 09:41:52jiu_777 → 想要（发 ）广告，找 `boss91m1`
2022-06-23 09:43:11jiu_777 → 要（发 ）广告，联系 `boss91m1`
2022-06-23 09:43:56-1001692409589 → 需要 群、发，找 `boss91m1`
2022-06-23 09:44:43jiu_777 → 需要 群、发软、件，找 `boss91m1`
2022-06-23 09:44:59bc123hx → 想找人（ 发 ）广告，找 `boss91m1`
2022-06-23 09:46:28jiu_777 → 专业（发 ）广告，联系我 `boss91m1`
2022-06-23 09:47:45jiu_777 → (session) 协议号，零售、批发 找，`boss91m1`
2022-06-23 09:48:02si1688 → 要（发 ）广告，联系 `boss91m1`
2022-06-23 09:49:27bc123hx → 想要（发 ）广告，找 `boss91m1`
2022-06-23 09:49:46jiu_777 → 需要 群、发，找 `boss91m1`
2022-06-23 09:51:00si1688 → 想找人（ 发 ）广告，找 `boss91m1`
2022-06-23 09:51:18jiu_777 → 要（发 ）广告，联系 `boss91m1`
2022-06-23 09:52:23-1001692409589 → 需要 群、发，找 `boss91m1`
2022-06-23 09:52:51jiu_777 → 需要 软、件，找 `boss91m1`
2022-06-23 09:53:14hfjiema → 来（发 ）广告，联系 `boss91m1`
2022-06-23 09:54:12jiu_777 → 来（发 ）广告，联系 `boss91m1`
2022-06-23 09:55:52jiu_777 → 需要 群、发，找 `boss91m1`
2022-06-23 09:56:26-1001692409589 → 想要（发 ）广告，找 `boss91m1`
2022-06-23 09:57:11bc123hx → 想找人（ 发 ）广告，找 `boss91m1`
2022-06-23 09:57:29jiu_777 → 专业（发 ）广告，联系我 `boss91m1`
2022-06-23 09:57:53si1688 → 需要 软、件，找 `boss91m1`
2022-06-23 09:58:39jiu_777 → 来（发 ）广告，联系 `boss91m1`
2022-06-23 10:00:08jiu_777 → 要（发 ）广告，联系 `boss91m1`
2022-06-23 10:01:39jiu_777 → 需要 群、发软、件，找 `boss91m1`
2022-06-23 10:02:06si1688 → 来（发 ）广告，联系 `boss91m1`
2022-06-23 10:02:40bc123hx → 需要 群、发软、件，找 `boss91m1`
2022-06-23 10:03:26jiu_777 → 想要（发 ）广告，找 `boss91m1`
2022-06-23 10:04:02-1001692409589 → 准备（发 ）广告，找 `boss91m1`
2022-06-23 10:05:11jiu_777 → 要（发 ）广告，联系 `boss91m1`
2022-06-23 10:05:35bc123hx → 专业（发 ）广告，联系我 `boss91m1`
2022-06-23 10:06:21jiu_777 → 专业（发 ）广告，联系我 `boss91m1`
2022-06-23 10:06:37-1001692409589 → 准备（发 ）广告，找 `boss91m1`
2022-06-23 10:08:15hfjiema → (session) 协议号，零售、批发 找，`boss91m1`
2022-06-23 10:09:15jiu_777 → 来（发 ）广告，联系 `boss91m1`
2022-06-23 10:09:48si1688 → 专业（发 ）广告，联系我 `boss91m1`
2022-06-23 10:10:33jiemaLine → 想找人（ 发 ）广告，找 `boss91m1`
2022-06-23 10:10:51jiu_777 → 需要 群、发软、件，找 `boss91m1`
2022-06-23 10:11:54-1001692409589 → 想找人（ 发 ）广告，找 `boss91m1`
2022-06-23 10:12:12jiu_777 → 准备（发 ）广告，找 `boss91m1`
2022-06-23 10:13:08bc123hx → 需要 软、件，找 `boss91m1`
2022-06-23 10:13:33jiu_777 → 来（发 ）广告，联系 `boss91m1`
2022-06-23 10:14:00si1688 → 准备（发 ）广告，找 `boss91m1`
2022-06-23 10:15:29jiu_777 → 需要 群、发软、件，找 `boss91m1`
2022-06-23 10:16:35jiu_777 → 想要（发 ）广告，找 `boss91m1`
2022-06-23 10:17:22bc123hx → 专业（发 ）广告，联系我 `boss91m1`
2022-06-23 10:18:18jiu_777 → 想找人（ 发 ）广告，找 `boss91m1`
2022-06-23 10:20:00jiu_777 → 来（发 ）广告，联系 `boss91m1`
2022-06-23 10:20:23si1688 → 需要 群、发，找 `boss91m1`
2022-06-23 10:21:09-1001692409589 → 要（发 ）广告，联系 `boss91m1`
2022-06-23 10:21:37jiu_777 → (session) 协议号，零售、批发 找，`boss91m1`
2022-06-23 10:22:51jiu_777 → 想找人（ 发 ）广告，找 `boss91m1`
2022-06-23 10:23:09-1001692409589 → 想要（发 ）广告，找 `boss91m1`
2022-06-23 10:23:33hfjiema → 准备（发 ）广告，找 `boss91m1`
2022-06-23 10:24:28si1688 → 专业（发 ）广告，联系我 `boss91m1`
2022-06-23 10:24:47jiu_777 → 需要 群、发软、件，找 `boss91m1`
2022-06-23 10:26:01bc123hx → 想找人（ 发 ）广告，找 `boss91m1`
2022-06-23 10:26:19jiu_777 → 需要 软、件，找 `boss91m1`
2022-06-23 10:26:53jiemaWhatsApp → 想要（发 ）广告，找 `boss91m1`
2022-06-23 10:27:39jiu_777 → 需要 群、发，找 `boss91m1`
2022-06-23 10:29:06-1001692409589 → (session) 协议号，零售、批发 找，`boss91m1`
2022-06-23 10:29:24jiu_777 → 想找人（ 发 ）广告，找 `boss91m1`
2022-06-23 10:30:40jiu_777 → 需要 群、发，找 `boss91m1`
2022-06-23 10:30:57bc123hx → 来（发 ）广告，联系 `boss91m1`
2022-06-23 10:32:03jiu_777 → 想找人（ 发 ）广告，找 `boss91m1`
2022-06-23 10:32:20si1688 → 准备（发 ）广告，找 `boss91m1`
2022-06-23 10:33:35jiu_777 → (session) 协议号，零售、批发 找，`boss91m1`
2022-06-23 10:34:03bc123hx → (session) 协议号，零售、批发 找，`boss91m1`
2022-06-23 10:35:19jiu_777 → 来（发 ）广告，联系 `boss91m1`
2022-06-23 10:36:06-1001692409589 → 需要 群、发软、件，找 `boss91m1`
2022-06-23 10:36:52jiu_777 → 来（发 ）广告，联系 `boss91m1`
2022-06-23 10:37:09si1688 → (session) 协议号，零售、批发 找，`boss91m1`
2022-06-23 10:38:36jiu_777 → 要（发 ）广告，联系 `boss91m1`
2022-06-23 10:39:00si1688 → 来（发 ）广告，联系 `boss91m1`
2022-06-23 10:39:47jiu_777 → 来（发 ）广告，联系 `boss91m1`
2022-06-23 10:40:55hfjiema → 想要（发 ）广告，找 `boss91m1`
2022-06-23 10:41:18bc123hx → 想要（发 ）广告，找 `boss91m1`
2022-06-23 10:41:47jiu_777 → 要（发 ）广告，联系 `boss91m1`
2022-06-23 10:42:32-1001692409589 → 要（发 ）广告，联系 `boss91m1`
2022-06-23 10:43:09jiu_777 → 需要 群、发，找 `boss91m1`
2022-06-23 10:44:23bc123hx → 来（发 ）广告，联系 `boss91m1`
2022-06-23 10:44:52jiu_777 → 需要 群、发软、件，找 `boss91m1`
2022-06-23 10:45:26-1001692409589 → 需要 软、件，找 `boss91m1`
2022-06-23 10:46:25jiu_777 → 需要 群、发软、件，找 `boss91m1`
2022-06-23 10:46:59si1688 → 想找人（ 发 ）广告，找 `boss91m1`
2022-06-23 10:47:58jiu_777 → 准备（发 ）广告，找 `boss91m1`
2022-06-23 10:49:04jiu_777 → 准备（发 ）广告，找 `boss91m1`
2022-06-23 10:50:41bc123hx → 想要（发 ）广告，找 `boss91m1`
2022-06-23 10:50:59jiu_777 → 需要 群、发，找 `boss91m1`
2022-06-23 10:51:44si1688 → 来（发 ）广告，联系 `boss91m1`
2022-06-23 10:52:41jiu_777 → 需要 软、件，找 `boss91m1`
2022-06-23 10:52:58-1001692409589 → 需要 群、发软、件，找 `boss91m1`
2022-06-23 10:54:04jiu_777 → 准备（发 ）广告，找 `boss91m1`
2022-06-23 10:55:41si1688 → 需要 群、发，找 `boss91m1`
2022-06-23 10:55:59jiu_777 → 来（发 ）广告，联系 `boss91m1`
2022-06-23 10:56:22bc123hx → (session) 协议号，零售、批发 找，`boss91m1`
2022-06-23 10:57:19jiu_777 → 专业（发 ）广告，联系我 `boss91m1`
2022-06-23 10:57:36hfjiema → 需要 群、发，找 `boss91m1`
2022-06-23 10:58:51-1001692409589 → 想找人（ 发 ）广告，找 `boss91m1`
2022-06-23 10:59:09jiu_777 → 需要 群、发，找 `boss91m1`
2022-06-23 11:00:15jiu_777 → 专业（发 ）广告，联系我 `boss91m1`
2022-06-23 11:01:42jiu_777 → 想找人（ 发 ）广告，找 `boss91m1`
2022-06-23 11:03:46jiu_777 → 需要 群、发，找 `boss91m1`
2022-06-23 11:04:31-1001692409589 → (session) 协议号，零售、批发 找，`boss91m1`
2022-06-23 11:05:05bc123hx → 要（发 ）广告，联系 `boss91m1`
2022-06-23 11:05:24jiu_777 → 想要（发 ）广告，找 `boss91m1`
2022-06-23 11:05:57si1688 → 需要 群、发软、件，找 `boss91m1`
2022-06-23 11:06:43jiu_777 → 需要 群、发软、件，找 `boss91m1`
2022-06-23 11:08:24jiu_777 → 来（发 ）广告，联系 `boss91m1`
2022-06-23 11:09:40jiu_777 → 需要 群、发，找 `boss91m1`
2022-06-23 11:09:57-1001692409589 → 来（发 ）广告，联系 `boss91m1`
2022-06-23 11:10:42bc123hx → 准备（发 ）广告，找 `boss91m1`
2022-06-23 11:11:05si1688 → 来（发 ）广告，联系 `boss91m1`
2022-06-23 11:11:34jiu_777 → 专业（发 ）广告，联系我 `boss91m1`
2022-06-23 11:12:38jiu_777 → 专业（发 ）广告，联系我 `boss91m1`
2022-06-23 11:13:07si1688 → 想要（发 ）广告，找 `boss91m1`
2022-06-23 11:13:30bc123hx → 来（发 ）广告，联系 `boss91m1`
2022-06-23 11:14:40jiu_777 → 要（发 ）广告，联系 `boss91m1`
2022-06-23 11:15:25jiemaLine → 需要 群、发软、件，找 `boss91m1`
2022-06-23 11:15:50jiu_777 → 来（发 ）广告，联系 `boss91m1`
2022-06-23 11:16:17hfjiema → 专业（发 ）广告，联系我 `boss91m1`
2022-06-23 11:16:40-1001692409589 → 想找人（ 发 ）广告，找 `boss91m1`
2022-06-23 11:17:37jiu_777 → 专业（发 ）广告，联系我 `boss91m1`
2022-06-23 11:18:54jiu_777 → 来（发 ）广告，联系 `boss91m1`
2022-06-23 11:19:22-1001692409589 → 要（发 ）广告，联系 `boss91m1`
2022-06-23 11:20:07bc123hx → 来（发 ）广告，联系 `boss91m1`
2022-06-23 11:20:42jiu_777 → 来（发 ）广告，联系 `boss91m1`
2022-06-23 11:22:01jiu_777 → 想找人（ 发 ）广告，找 `boss91m1`
2022-06-23 11:22:28si1688 → 专业（发 ）广告，联系我 `boss91m1`
2022-06-23 11:23:42jiu_777 → 需要 群、发软、件，找 `boss91m1`
2022-06-23 11:24:30si1688 → 想要（发 ）广告，找 `boss91m1`
2022-06-23 11:25:15bc123hx → 想要（发 ）广告，找 `boss91m1`
2022-06-23 11:25:33jiu_777 → 需要 群、发，找 `boss91m1`
2022-06-23 11:26:39jiu_777 → 需要 软、件，找 `boss91m1`
2022-06-23 11:27:06-1001692409589 → 想找人（ 发 ）广告，找 `boss91m1`
2022-06-23 11:27:40jiemaWhatsApp → 想找人（ 发 ）广告，找 `boss91m1`
2022-06-23 11:28:16jiu_777 → 来（发 ）广告，联系 `boss91m1`
2022-06-23 11:29:44jiu_777 → 需要 群、发软、件，找 `boss91m1`
2022-06-23 11:30:00bc123hx → 需要 软、件，找 `boss91m1`
2022-06-23 11:30:45-1001692409589 → 想找人（ 发 ）广告，找 `boss91m1`
2022-06-23 11:31:21jiu_777 → 来（发 ）广告，联系 `boss91m1`
2022-06-23 11:31:48si1688 → (session) 协议号，零售、批发 找，`boss91m1`
2022-06-23 11:32:11hfjiema → 来（发 ）广告，联系 `boss91m1`
2022-06-23 11:32:58jiu_777 → 要（发 ）广告，联系 `boss91m1`
2022-06-23 11:34:35jiu_777 → 想找人（ 发 ）广告，找 `boss91m1`
2022-06-23 11:35:23-1001692409589 → 想要（发 ）广告，找 `boss91m1`
2022-06-23 11:36:09jiu_777 → 来（发 ）广告，联系 `boss91m1`
2022-06-23 11:36:26bc123hx → 来（发 ）广告，联系 `boss91m1`
2022-06-23 11:36:49si1688 → (session) 协议号，零售、批发 找，`boss91m1`
2022-06-23 11:37:59jiu_777 → 想找人（ 发 ）广告，找 `boss91m1`
2022-06-23 11:39:05jiu_777 → (session) 协议号，零售、批发 找，`boss91m1`
2022-06-23 11:40:43jiu_777 → (session) 协议号，零售、批发 找，`boss91m1`
2022-06-23 11:41:00-1001692409589 → 想找人（ 发 ）广告，找 `boss91m1`
2022-06-23 11:42:29jiu_777 → 来（发 ）广告，联系 `boss91m1`
2022-06-23 11:42:52si1688 → 来（发 ）广告，联系 `boss91m1`
2022-06-23 11:43:39jiu_777 → 来（发 ）广告，联系 `boss91m1`
2022-06-23 11:44:06bc123hx → 要（发 ）广告，联系 `boss91m1`
2022-06-23 11:45:10jiu_777 → 要（发 ）广告，联系 `boss91m1`
2022-06-23 11:46:40jiu_777 → 想找人（ 发 ）广告，找 `boss91m1`
2022-06-23 11:46:56-1001692409589 → 来（发 ）广告，联系 `boss91m1`
2022-06-23 11:47:41bc123hx → 想要（发 ）广告，找 `boss91m1`
2022-06-23 11:48:15si1688 → 来（发 ）广告，联系 `boss91m1`
2022-06-23 11:48:44jiu_777 → 想找人（ 发 ）广告，找 `boss91m1`
2022-06-23 11:50:12jiu_777 → 准备（发 ）广告，找 `boss91m1`
2022-06-23 11:50:57si1688 → (session) 协议号，零售、批发 找，`boss91m1`
2022-06-23 11:51:45jiu_777 → 想要（发 ）广告，找 `boss91m1`
2022-06-23 11:52:19hfjiema → 需要 软、件，找 `boss91m1`
2022-06-23 11:52:54jiu_777 → 想要（发 ）广告，找 `boss91m1`
2022-06-23 11:53:21bc123hx → 需要 群、发软、件，找 `boss91m1`
2022-06-23 11:54:37jiu_777 → 专业（发 ）广告，联系我 `boss91m1`
2022-06-23 11:54:54-1001692409589 → 专业（发 ）广告，联系我 `boss91m1`
2022-06-23 11:56:08jiu_777 → 专业（发 ）广告，联系我 `boss91m1`
2022-06-23 11:56:26-1001692409589 → 来（发 ）广告，联系 `boss91m1`
2022-06-23 11:57:31jiu_777 → 来（发 ）广告，联系 `boss91m1`
2022-06-23 11:57:58bc123hx → 需要 群、发，找 `boss91m1`
2022-06-23 11:59:27jiu_777 → 需要 群、发，找 `boss91m1`
2022-06-23 11:59:50si1688 → 要（发 ）广告，联系 `boss91m1`
2022-06-23 12:00:58jiu_777 → 需要 群、发软、件，找 `boss91m1`
2022-06-23 12:02:03si1688 → 需要 软、件，找 `boss91m1`
2022-06-23 12:02:21jiu_777 → 需要 群、发，找 `boss91m1`
2022-06-23 12:04:00jiu_777 → 需要 软、件，找 `boss91m1`
2022-06-23 12:04:28bc123hx → 需要 群、发，找 `boss91m1`
2022-06-23 12:05:13-1001692409589 → 来（发 ）广告，联系 `boss91m1`
2022-06-23 12:05:37jiu_777 → 来（发 ）广告，联系 `boss91m1`
2022-06-23 12:07:14jiu_777 → 专业（发 ）广告，联系我 `boss91m1`
2022-06-23 12:07:32hfjiema → 专业（发 ）广告，联系我 `boss91m1`
2022-06-23 12:08:35bc123hx → 想找人（ 发 ）广告，找 `boss91m1`
2022-06-23 12:09:04jiu_777 → 专业（发 ）广告，联系我 `boss91m1`
2022-06-23 12:09:38si1688 → 想要（发 ）广告，找 `boss91m1`
2022-06-23 12:10:12-1001692409589 → 需要 群、发软、件，找 `boss91m1`
2022-06-23 12:10:30jiu_777 → 来（发 ）广告，联系 `boss91m1`
2022-06-23 12:11:46jiu_777 → 想要（发 ）广告，找 `boss91m1`
2022-06-23 12:13:27jiu_777 → 需要 群、发软、件，找 `boss91m1`
2022-06-23 12:14:12-1001692409589 → 需要 群、发，找 `boss91m1`
2022-06-23 12:14:48jiu_777 → 需要 群、发，找 `boss91m1`
2022-06-23 12:15:15bc123hx → (session) 协议号，零售、批发 找，`boss91m1`
2022-06-23 12:15:38si1688 → 需要 软、件，找 `boss91m1`
2022-06-23 12:16:25jiu_777 → 想找人（ 发 ）广告，找 `boss91m1`
2022-06-23 12:17:52jiu_777 → 来（发 ）广告，联系 `boss91m1`
2022-06-23 12:19:01bc123hx → 来（发 ）广告，联系 `boss91m1`
2022-06-23 12:19:35jiu_777 → 需要 群、发，找 `boss91m1`
2022-06-23 12:19:52-1001692409589 → 专业（发 ）广告，联系我 `boss91m1`
2022-06-23 12:20:37si1688 → 需要 群、发软、件，找 `boss91m1`
2022-06-23 12:21:00jiemaLine → 需要 群、发软、件，找 `boss91m1`
2022-06-23 12:21:29jiu_777 → 专业（发 ）广告，联系我 `boss91m1`
2022-06-23 12:22:35jiu_777 → 需要 软、件，找 `boss91m1`
2022-06-23 12:24:02jiu_777 → 需要 群、发，找 `boss91m1`
2022-06-23 12:24:19bc123hx → 要（发 ）广告，联系 `boss91m1`
2022-06-23 12:24:53-1001692409589 → 需要 软、件，找 `boss91m1`
2022-06-23 12:26:03jiu_777 → 准备（发 ）广告，找 `boss91m1`
2022-06-23 12:26:37hfjiema → 来（发 ）广告，联系 `boss91m1`
2022-06-23 12:27:22si1688 → 需要 群、发软、件，找 `boss91m1`
2022-06-23 12:27:39jiu_777 → 想要（发 ）广告，找 `boss91m1`
2022-06-23 12:28:53jiu_777 → (session) 协议号，零售、批发 找，`boss91m1`
2022-06-23 12:29:31jiemaWhatsApp → 想要（发 ）广告，找 `boss91m1`
2022-06-23 12:30:16si1688 → 来（发 ）广告，联系 `boss91m1`
2022-06-23 12:30:33jiu_777 → (session) 协议号，零售、批发 找，`boss91m1`
2022-06-23 12:31:48-1001692409589 → 需要 群、发，找 `boss91m1`
2022-06-23 12:32:17jiu_777 → 要（发 ）广告，联系 `boss91m1`
2022-06-23 12:33:02bc123hx → 专业（发 ）广告，联系我 `boss91m1`
2022-06-23 12:33:27jiu_777 → 来（发 ）广告，联系 `boss91m1`
2022-06-23 12:34:13-1001692409589 → 来（发 ）广告，联系 `boss91m1`
2022-06-23 12:35:12jiu_777 → 想要（发 ）广告，找 `boss91m1`
2022-06-23 12:36:28bc123hx → 来（发 ）广告，联系 `boss91m1`
2022-06-23 12:36:46jiu_777 → 想要（发 ）广告，找 `boss91m1`
2022-06-23 12:37:42si1688 → 想找人（ 发 ）广告，找 `boss91m1`
2022-06-23 12:38:19jiu_777 → 准备（发 ）广告，找 `boss91m1`
2022-06-23 12:39:58jiu_777 → 来（发 ）广告，联系 `boss91m1`
2022-06-23 12:41:02bc123hx → (session) 协议号，零售、批发 找，`boss91m1`
2022-06-23 12:41:31jiu_777 → 需要 群、发软、件，找 `boss91m1`
2022-06-23 12:41:54-1001692409589 → 专业（发 ）广告，联系我 `boss91m1`
2022-06-23 12:42:41jiu_777 → 准备（发 ）广告，找 `boss91m1`
2022-06-23 12:42:57hfjiema → 需要 群、发，找 `boss91m1`
2022-06-23 12:43:31si1688 → 要（发 ）广告，联系 `boss91m1`
2022-06-23 12:44:18jiu_777 → 来（发 ）广告，联系 `boss91m1`
2022-06-23 12:46:10jiu_777 → 要（发 ）广告，联系 `boss91m1`
2022-06-23 12:46:44bc123hx → 要（发 ）广告，联系 `boss91m1`
2022-06-23 12:47:30jiu_777 → (session) 协议号，零售、批发 找，`boss91m1`
2022-06-23 12:47:47si1688 → 想要（发 ）广告，找 `boss91m1`
2022-06-23 12:48:20-1001692409589 → 专业（发 ）广告，联系我 `boss91m1`
2022-06-23 12:49:06jiu_777 → 需要 群、发软、件，找 `boss91m1`
2022-06-23 12:50:23jiu_777 → 来（发 ）广告，联系 `boss91m1`
2022-06-23 12:51:10-1001692409589 → 需要 软、件，找 `boss91m1`
2022-06-23 12:52:09jiu_777 → 需要 软、件，找 `boss91m1`
2022-06-23 12:53:05bc123hx → 专业（发 ）广告，联系我 `boss91m1`
2022-06-23 12:53:53jiu_777 → 专业（发 ）广告，联系我 `boss91m1`
2022-06-23 12:54:16si1688 → 来（发 ）广告，联系 `boss91m1`
2022-06-23 12:55:13jiu_777 → 想找人（ 发 ）广告，找 `boss91m1`
2022-06-23 12:56:54jiu_777 → 需要 群、发软、件，找 `boss91m1`
2022-06-23 12:57:17bc123hx → 准备（发 ）广告，找 `boss91m1`
2022-06-23 12:58:02-1001692409589 → 想要（发 ）广告，找 `boss91m1`
2022-06-23 12:58:20jiu_777 → (session) 协议号，零售、批发 找，`boss91m1`
2022-06-23 12:59:05si1688 → 来（发 ）广告，联系 `boss91m1`
2022-06-23 12:59:51jiu_777 → 要（发 ）广告，联系 `boss91m1`
2022-06-23 13:01:18jiu_777 → 想找人（ 发 ）广告，找 `boss91m1`
2022-06-23 13:02:17si1688 → 来（发 ）广告，联系 `boss91m1`
2022-06-23 13:02:52jiu_777 → 专业（发 ）广告，联系我 `boss91m1`
2022-06-23 13:03:09-1001692409589 → 需要 群、发软、件，找 `boss91m1`
2022-06-23 13:03:59hfjiema → (session) 协议号，零售、批发 找，`boss91m1`
2022-06-23 13:04:47jiu_777 → 想要（发 ）广告，找 `boss91m1`
2022-06-23 13:05:21bc123hx → 来（发 ）广告，联系 `boss91m1`
2022-06-23 13:06:29jiu_777 → 来（发 ）广告，联系 `boss91m1`
2022-06-23 13:07:04si1688 → 专业（发 ）广告，联系我 `boss91m1`
2022-06-23 13:07:38jiu_777 → 来（发 ）广告，联系 `boss91m1`
2022-06-23 13:09:08jiu_777 → 想找人（ 发 ）广告，找 `boss91m1`
2022-06-23 13:09:24-1001692409589 → 要（发 ）广告，联系 `boss91m1`
2022-06-23 13:10:09bc123hx → 要（发 ）广告，联系 `boss91m1`
2022-06-23 13:10:55jiu_777 → 想找人（ 发 ）广告，找 `boss91m1`
2022-06-23 13:12:12jiu_777 → 需要 群、发，找 `boss91m1`
2022-06-23 13:13:40-1001692409589 → 需要 群、发，找 `boss91m1`
2022-06-23 13:14:39jiu_777 → 需要 群、发，找 `boss91m1`
2022-06-23 13:15:47bc123hx → (session) 协议号，零售、批发 找，`boss91m1`
2022-06-23 13:16:12jiu_777 → 来（发 ）广告，联系 `boss91m1`
2022-06-23 13:16:39si1688 → (session) 协议号，零售、批发 找，`boss91m1`
2022-06-23 13:17:53-1001692409589 → 准备（发 ）广告，找 `boss91m1`
2022-06-23 13:18:10jiu_777 → (session) 协议号，零售、批发 找，`boss91m1`
2022-06-23 13:18:59hfjiema → 要（发 ）广告，联系 `boss91m1`
2022-06-23 13:19:24jiu_777 → 想要（发 ）广告，找 `boss91m1`
2022-06-23 13:21:03jiu_777 → 想找人（ 发 ）广告，找 `boss91m1`
2022-06-23 13:21:20bc123hx → 需要 群、发软、件，找 `boss91m1`
2022-06-23 13:22:05si1688 → 想找人（ 发 ）广告，找 `boss91m1`
2022-06-23 13:22:51jiu_777 → 来（发 ）广告，联系 `boss91m1`
2022-06-23 13:23:58jiu_777 → 想要（发 ）广告，找 `boss91m1`
2022-06-23 13:24:14si1688 → 来（发 ）广告，联系 `boss91m1`
2022-06-23 13:25:18-1001692409589 → 需要 软、件，找 `boss91m1`
2022-06-23 13:26:14bc123hx → 准备（发 ）广告，找 `boss91m1`
2022-06-23 13:26:32jiu_777 → 需要 软、件，找 `boss91m1`
2022-06-23 13:27:36jiemaLine → 专业（发 ）广告，联系我 `boss91m1`
2022-06-23 13:28:05jiu_777 → 专业（发 ）广告，联系我 `boss91m1`
2022-06-23 13:29:09jiu_777 → 准备（发 ）广告，找 `boss91m1`
2022-06-23 13:29:37si1688 → 需要 群、发，找 `boss91m1`
2022-06-23 13:30:00jiemaWhatsApp → 要（发 ）广告，联系 `boss91m1`
2022-06-23 13:30:46jiu_777 → (session) 协议号，零售、批发 找，`boss91m1`
2022-06-23 13:31:33bc123hx → 想要（发 ）广告，找 `boss91m1`
2022-06-23 13:32:20jiu_777 → 准备（发 ）广告，找 `boss91m1`
2022-06-23 13:32:47-1001692409589 → (session) 协议号，零售、批发 找，`boss91m1`
2022-06-23 13:33:52jiu_777 → 需要 群、发，找 `boss91m1`
2022-06-23 13:35:44jiu_777 → 需要 软、件，找 `boss91m1`
2022-06-23 13:36:07hfjiema → (session) 协议号，零售、批发 找，`boss91m1`
2022-06-23 13:37:04jiu_777 → 来（发 ）广告，联系 `boss91m1`
2022-06-23 13:37:21-1001692409589 → 需要 群、发，找 `boss91m1`
2022-06-23 13:37:44bc123hx → 来（发 ）广告，联系 `boss91m1`
2022-06-23 13:38:30jiu_777 → 来（发 ）广告，联系 `boss91m1`
2022-06-23 13:38:58si1688 → 要（发 ）广告，联系 `boss91m1`
2022-06-23 13:40:00jiu_777 → 需要 群、发，找 `boss91m1`
2022-06-23 13:40:18-1001692409589 → 专业（发 ）广告，联系我 `boss91m1`
2022-06-23 13:41:33bc123hx → 来（发 ）广告，联系 `boss91m1`
2022-06-23 13:41:51jiu_777 → 准备（发 ）广告，找 `boss91m1`
2022-06-23 13:43:20jiu_777 → 要（发 ）广告，联系 `boss91m1`
2022-06-23 13:44:16si1688 → 想找人（ 发 ）广告，找 `boss91m1`
2022-06-23 13:44:41jiu_777 → 想要（发 ）广告，找 `boss91m1`
2022-06-23 13:46:21jiu_777 → 来（发 ）广告，联系 `boss91m1`
2022-06-23 13:46:55si1688 → 来（发 ）广告，联系 `boss91m1`
2022-06-23 13:47:41jiu_777 → (session) 协议号，零售、批发 找，`boss91m1`
2022-06-23 13:48:09-1001692409589 → 想要（发 ）广告，找 `boss91m1`
2022-06-23 13:49:15jiu_777 → 需要 群、发，找 `boss91m1`
2022-06-23 13:49:31bc123hx → 准备（发 ）广告，找 `boss91m1`
2022-06-23 13:51:02jiu_777 → 想找人（ 发 ）广告，找 `boss91m1`
2022-06-23 13:51:31bc123hx → 想要（发 ）广告，找 `boss91m1`
2022-06-23 13:52:04hfjiema → 需要 群、发，找 `boss91m1`
2022-06-23 13:52:40jiu_777 → 专业（发 ）广告，联系我 `boss91m1`
2022-06-23 13:53:07-1001692409589 → 想要（发 ）广告，找 `boss91m1`
2022-06-23 13:53:51si1688 → 想要（发 ）广告，找 `boss91m1`
2022-06-23 13:54:25jiu_777 → 需要 群、发软、件，找 `boss91m1`
2022-06-23 13:55:54jiu_777 → (session) 协议号，零售、批发 找，`boss91m1`
2022-06-23 13:56:51bc123hx → 想要（发 ）广告，找 `boss91m1`
2022-06-23 13:57:39jiu_777 → 需要 群、发，找 `boss91m1`
2022-06-23 13:58:13-1001692409589 → (session) 协议号，零售、批发 找，`boss91m1`
2022-06-23 13:59:00jiu_777 → 想要（发 ）广告，找 `boss91m1`
2022-06-23 13:59:45si1688 → 需要 群、发软、件，找 `boss91m1`
2022-06-23 14:00:45jiu_777 → 需要 软、件，找 `boss91m1`
2022-06-23 14:01:50jiu_777 → 需要 群、发软、件，找 `boss91m1`
2022-06-23 14:02:36-1001692409589 → 要（发 ）广告，联系 `boss91m1`
2022-06-23 14:03:21bc123hx → 专业（发 ）广告，联系我 `boss91m1`
2022-06-23 14:03:39jiu_777 → 想要（发 ）广告，找 `boss91m1`
2022-06-23 14:04:13si1688 → 需要 软、件，找 `boss91m1`
2022-06-23 14:04:59jiu_777 → 需要 群、发，找 `boss91m1`
2022-06-23 14:07:04hfjiema → 要（发 ）广告，联系 `boss91m1`
2022-06-23 14:07:33jiu_777 → 想找人（ 发 ）广告，找 `boss91m1`
2022-06-23 14:08:47jiu_777 → 要（发 ）广告，联系 `boss91m1`
2022-06-23 14:09:24bc123hx → 专业（发 ）广告，联系我 `boss91m1`
2022-06-23 14:10:34jiu_777 → 准备（发 ）广告，找 `boss91m1`
2022-06-23 14:10:57-1001692409589 → 准备（发 ）广告，找 `boss91m1`
2022-06-23 14:11:44jiu_777 → 专业（发 ）广告，联系我 `boss91m1`
2022-06-23 14:12:11si1688 → 来（发 ）广告，联系 `boss91m1`
2022-06-23 14:13:27jiu_777 → 来（发 ）广告，联系 `boss91m1`
2022-06-23 14:14:24bc123hx → 需要 群、发，找 `boss91m1`
2022-06-23 14:14:48jiu_777 → 专业（发 ）广告，联系我 `boss91m1`
2022-06-23 14:15:16-1001692409589 → 需要 群、发，找 `boss91m1`
2022-06-23 14:16:22jiu_777 → 想要（发 ）广告，找 `boss91m1`
2022-06-23 14:16:38si1688 → 需要 软、件，找 `boss91m1`
2022-06-23 14:18:18jiu_777 → 想找人（ 发 ）广告，找 `boss91m1`
2022-06-23 14:19:32-1001692409589 → 想找人（ 发 ）广告，找 `boss91m1`
2022-06-23 14:19:49jiu_777 → 需要 群、发，找 `boss91m1`
2022-06-23 14:20:34bc123hx → 想找人（ 发 ）广告，找 `boss91m1`
2022-06-23 14:22:14jiu_777 → 要（发 ）广告，联系 `boss91m1`
2022-06-23 14:23:01hfjiema → 来（发 ）广告，联系 `boss91m1`
2022-06-23 14:23:35si1688 → 准备（发 ）广告，找 `boss91m1`
2022-06-23 14:24:04jiu_777 → 要（发 ）广告，联系 `boss91m1`
2022-06-23 14:25:10jiu_777 → 需要 群、发，找 `boss91m1`
2022-06-23 14:26:06bc123hx → 来（发 ）广告，联系 `boss91m1`
2022-06-23 14:27:37jiemaLine → 准备（发 ）广告，找 `boss91m1`
2022-06-23 14:28:04jiu_777 → 想要（发 ）广告，找 `boss91m1`
2022-06-23 14:28:38-1001692409589 → 准备（发 ）广告，找 `boss91m1`
2022-06-23 14:29:23jiu_777 → 专业（发 ）广告，联系我 `boss91m1`
2022-06-23 14:30:00jiemaWhatsApp → 准备（发 ）广告，找 `boss91m1`
2022-06-23 14:30:34si1688 → 专业（发 ）广告，联系我 `boss91m1`
2022-06-23 14:31:33jiu_777 → 要（发 ）广告，联系 `boss91m1`
2022-06-23 14:32:47jiu_777 → 需要 软、件，找 `boss91m1`
2022-06-23 14:33:05-1001692409589 → 来（发 ）广告，联系 `boss91m1`
2022-06-23 14:34:09jiu_777 → 需要 群、发软、件，找 `boss91m1`
2022-06-23 14:34:37si1688 → 来（发 ）广告，联系 `boss91m1`
2022-06-23 14:35:11bc123hx → 想要（发 ）广告，找 `boss91m1`
2022-06-23 14:36:10jiu_777 → (session) 协议号，零售、批发 找，`boss91m1`
2022-06-23 14:37:37jiu_777 → 专业（发 ）广告，联系我 `boss91m1`
2022-06-23 14:38:12hfjiema → 想要（发 ）广告，找 `boss91m1`
2022-06-23 14:38:56si1688 → 准备（发 ）广告，找 `boss91m1`
2022-06-23 14:39:14jiu_777 → 想找人（ 发 ）广告，找 `boss91m1`
2022-06-23 14:39:59bc123hx → 专业（发 ）广告，联系我 `boss91m1`
2022-06-23 14:40:35jiu_777 → 需要 软、件，找 `boss91m1`
2022-06-23 14:41:50-1001692409589 → 想要（发 ）广告，找 `boss91m1`
2022-06-23 14:42:08jiu_777 → 专业（发 ）广告，联系我 `boss91m1`
2022-06-23 14:43:23jiu_777 → 来（发 ）广告，联系 `boss91m1`
2022-06-23 14:44:53jiu_777 → 专业（发 ）广告，联系我 `boss91m1`
2022-06-23 14:45:50si1688 → 需要 群、发，找 `boss91m1`
2022-06-23 14:46:23-1001692409589 → 需要 群、发，找 `boss91m1`
2022-06-23 14:46:52jiu_777 → 要（发 ）广告，联系 `boss91m1`
2022-06-23 14:47:37bc123hx → (session) 协议号，零售、批发 找，`boss91m1`
2022-06-23 14:48:23jiu_777 → 需要 软、件，找 `boss91m1`
2022-06-23 14:49:42jiu_777 → 来（发 ）广告，联系 `boss91m1`
2022-06-23 14:50:27si1688 → (session) 协议号，零售、批发 找，`boss91m1`
2022-06-23 14:51:14jiu_777 → 想要（发 ）广告，找 `boss91m1`
2022-06-23 14:51:31-1001692409589 → 要（发 ）广告，联系 `boss91m1`
2022-06-23 14:52:16bc123hx → 需要 软、件，找 `boss91m1`
2022-06-23 14:52:51jiu_777 → 准备（发 ）广告，找 `boss91m1`
2022-06-23 14:53:19hfjiema → 需要 群、发，找 `boss91m1`
2022-06-23 14:54:33jiu_777 → (session) 协议号，零售、批发 找，`boss91m1`
2022-06-23 14:54:51si1688 → (session) 协议号，零售、批发 找，`boss91m1`
2022-06-23 14:56:20jiu_777 → 来（发 ）广告，联系 `boss91m1`
2022-06-23 14:56:43-1001692409589 → (session) 协议号，零售、批发 找，`boss91m1`
2022-06-23 14:57:29jiu_777 → 想找人（ 发 ）广告，找 `boss91m1`
2022-06-23 14:57:46bc123hx → 想要（发 ）广告，找 `boss91m1`
2022-06-23 14:59:23jiu_777 → 专业（发 ）广告，联系我 `boss91m1`
2022-06-23 15:00:29jiu_777 → 来（发 ）广告，联系 `boss91m1`
2022-06-23 15:01:16bc123hx → 想找人（ 发 ）广告，找 `boss91m1`
2022-06-23 15:02:02jiu_777 → 想找人（ 发 ）广告，找 `boss91m1`
2022-06-23 15:03:00si1688 → (session) 协议号，零售、批发 找，`boss91m1`
2022-06-23 15:03:34-1001692409589 → 想要（发 ）广告，找 `boss91m1`
2022-06-23 15:04:03jiu_777 → (session) 协议号，零售、批发 找，`boss91m1`
2022-06-23 15:05:06jiu_777 → 想要（发 ）广告，找 `boss91m1`
2022-06-23 15:06:37jiu_777 → 需要 群、发软、件，找 `boss91m1`
2022-06-23 15:07:05bc123hx → 要（发 ）广告，联系 `boss91m1`
2022-06-23 15:07:50si1688 → 想要（发 ）广告，找 `boss91m1`
2022-06-23 15:08:15jiu_777 → 来（发 ）广告，联系 `boss91m1`
2022-06-23 15:09:01-1001692409589 → (session) 协议号，零售、批发 找，`boss91m1`
2022-06-23 15:09:47jiu_777 → 想找人（ 发 ）广告，找 `boss91m1`
2022-06-23 15:10:33si1688 → 来（发 ）广告，联系 `boss91m1`
2022-06-23 15:11:38jiu_777 → 准备（发 ）广告，找 `boss91m1`
2022-06-23 15:12:47-1001692409589 → 来（发 ）广告，联系 `boss91m1`
2022-06-23 15:13:22jiu_777 → 需要 软、件，找 `boss91m1`
2022-06-23 15:13:39bc123hx → 准备（发 ）广告，找 `boss91m1`
2022-06-23 15:14:24hfjiema → 准备（发 ）广告，找 `boss91m1`
2022-06-23 15:14:47jiu_777 → 需要 群、发软、件，找 `boss91m1`
2022-06-23 15:16:25jiu_777 → 专业（发 ）广告，联系我 `boss91m1`
2022-06-23 15:16:43bc123hx → 需要 群、发软、件，找 `boss91m1`
2022-06-23 15:17:05si1688 → 需要 群、发软、件，找 `boss91m1`
2022-06-23 15:17:51jiu_777 → 要（发 ）广告，联系 `boss91m1`
2022-06-23 15:19:31jiu_777 → 想要（发 ）广告，找 `boss91m1`
2022-06-23 15:19:48-1001692409589 → 要（发 ）广告，联系 `boss91m1`
2022-06-23 15:20:53jiu_777 → 需要 群、发，找 `boss91m1`
2022-06-23 15:22:20-1001692409589 → 来（发 ）广告，联系 `boss91m1`
2022-06-23 15:22:49jiu_777 → 要（发 ）广告，联系 `boss91m1`
2022-06-23 15:23:12si1688 → 需要 群、发，找 `boss91m1`
2022-06-23 15:24:11jiu_777 → 想找人（ 发 ）广告，找 `boss91m1`
2022-06-23 15:25:38jiu_777 → 想要（发 ）广告，找 `boss91m1`
2022-06-23 15:25:55bc123hx → 准备（发 ）广告，找 `boss91m1`
2022-06-23 15:27:08jiu_777 → (session) 协议号，零售、批发 找，`boss91m1`
2022-06-23 15:27:26si1688 → 专业（发 ）广告，联系我 `boss91m1`
2022-06-23 15:28:29jiemaLine → 来（发 ）广告，联系 `boss91m1`
2022-06-23 15:28:58jiu_777 → 需要 群、发，找 `boss91m1`
2022-06-23 15:29:32bc123hx → 要（发 ）广告，联系 `boss91m1`
2022-06-23 15:30:06hfjiema → 要（发 ）广告，联系 `boss91m1`
2022-06-23 15:30:24jiu_777 → 准备（发 ）广告，找 `boss91m1`
2022-06-23 15:31:20-1001692409589 → 来（发 ）广告，联系 `boss91m1`
2022-06-23 15:32:06jiu_777 → 要（发 ）广告，联系 `boss91m1`
2022-06-23 15:32:52bc123hx → (session) 协议号，零售、批发 找，`boss91m1`
2022-06-23 15:33:15jiu_777 → 来（发 ）广告，联系 `boss91m1`
2022-06-23 15:33:32-1001692409589 → 需要 群、发，找 `boss91m1`
2022-06-23 15:34:58jiu_777 → 要（发 ）广告，联系 `boss91m1`
2022-06-23 15:35:15si1688 → 需要 群、发，找 `boss91m1`
2022-06-23 15:36:21jiu_777 → 想要（发 ）广告，找 `boss91m1`
2022-06-23 15:36:37jiemaWhatsApp → 需要 软、件，找 `boss91m1`
2022-06-23 15:38:04jiu_777 → 专业（发 ）广告，联系我 `boss91m1`
2022-06-23 15:38:38bc123hx → 专业（发 ）广告，联系我 `boss91m1`
2022-06-23 15:39:48jiu_777 → 来（发 ）广告，联系 `boss91m1`
2022-06-23 15:40:22si1688 → 来（发 ）广告，联系 `boss91m1`
2022-06-23 15:40:56-1001692409589 → 来（发 ）广告，联系 `boss91m1`
2022-06-23 15:41:25jiu_777 → 准备（发 ）广告，找 `boss91m1`
2022-06-23 15:43:38jiu_777 → (session) 协议号，零售、批发 找，`boss91m1`
2022-06-23 15:44:35bc123hx → 需要 群、发，找 `boss91m1`
2022-06-23 15:45:12jiu_777 → 需要 软、件，找 `boss91m1`
2022-06-23 15:45:57hfjiema → 需要 群、发，找 `boss91m1`
2022-06-23 15:46:43jiu_777 → 准备（发 ）广告，找 `boss91m1`
2022-06-23 15:47:30si1688 → 想找人（ 发 ）广告，找 `boss91m1`
2022-06-23 15:48:04-1001692409589 → 专业（发 ）广告，联系我 `boss91m1`
2022-06-23 15:48:22jiu_777 → 来（发 ）广告，联系 `boss91m1`
2022-06-23 15:49:36jiu_777 → 要（发 ）广告，联系 `boss91m1`
2022-06-23 15:51:07jiu_777 → 要（发 ）广告，联系 `boss91m1`
2022-06-23 15:52:15bc123hx → (session) 协议号，零售、批发 找，`boss91m1`
2022-06-23 15:52:38-1001692409589 → 专业（发 ）广告，联系我 `boss91m1`
2022-06-23 15:53:07jiu_777 → 想找人（ 发 ）广告，找 `boss91m1`
2022-06-23 15:53:30si1688 → 准备（发 ）广告，找 `boss91m1`
2022-06-23 15:54:27jiu_777 → 来（发 ）广告，联系 `boss91m1`
2022-06-23 15:55:55jiu_777 → 需要 群、发，找 `boss91m1`
2022-06-23 15:56:12si1688 → 专业（发 ）广告，联系我 `boss91m1`
2022-06-23 15:57:18jiu_777 → 来（发 ）广告，联系 `boss91m1`
2022-06-23 15:57:34bc123hx → 需要 软、件，找 `boss91m1`
2022-06-23 15:58:19-1001692409589 → 来（发 ）广告，联系 `boss91m1`
2022-06-23 15:59:18jiu_777 → 来（发 ）广告，联系 `boss91m1`
2022-06-23 16:00:21-1001692409589 → 来（发 ）广告，联系 `boss91m1`
2022-06-23 16:00:39jiu_777 → 来（发 ）广告，联系 `boss91m1`
2022-06-23 16:02:06jiu_777 → 需要 群、发，找 `boss91m1`
2022-06-23 16:02:23si1688 → 专业（发 ）广告，联系我 `boss91m1`
2022-06-23 16:02:57bc123hx → (session) 协议号，零售、批发 找，`boss91m1`
2022-06-23 16:03:56jiu_777 → 需要 群、发软、件，找 `boss91m1`
2022-06-23 16:04:19hfjiema → 要（发 ）广告，联系 `boss91m1`
2022-06-23 16:05:16jiu_777 → 想找人（ 发 ）广告，找 `boss91m1`
2022-06-23 16:06:13-1001692409589 → 专业（发 ）广告，联系我 `boss91m1`
2022-06-23 16:06:36jiu_777 → (session) 协议号，零售、批发 找，`boss91m1`
2022-06-23 16:06:53bc123hx → 来（发 ）广告，联系 `boss91m1`
2022-06-23 16:08:10jiu_777 → 要（发 ）广告，联系 `boss91m1`
2022-06-23 16:08:26si1688 → 想找人（ 发 ）广告，找 `boss91m1`
2022-06-23 16:09:43jiu_777 → 专业（发 ）广告，联系我 `boss91m1`
2022-06-23 16:11:20bc123hx → 准备（发 ）广告，找 `boss91m1`
2022-06-23 16:11:37jiu_777 → 需要 软、件，找 `boss91m1`
2022-06-23 16:12:42jiu_777 → (session) 协议号，零售、批发 找，`boss91m1`
2022-06-23 16:14:10-1001692409589 → 需要 群、发，找 `boss91m1`
2022-06-23 16:14:28jiu_777 → 准备（发 ）广告，找 `boss91m1`
2022-06-23 16:15:24si1688 → (session) 协议号，零售、批发 找，`boss91m1`
2022-06-23 16:16:10jiu_777 → 需要 软、件，找 `boss91m1`
2022-06-23 16:16:34bc123hx → 需要 群、发软、件，找 `boss91m1`
2022-06-23 16:17:33jiu_777 → 需要 软、件，找 `boss91m1`
2022-06-23 16:19:19hfjiema → 准备（发 ）广告，找 `boss91m1`
2022-06-23 16:19:42si1688 → 需要 软、件，找 `boss91m1`
2022-06-23 16:20:11jiu_777 → 来（发 ）广告，联系 `boss91m1`
2022-06-23 16:21:15-1001692409589 → 来（发 ）广告，联系 `boss91m1`
2022-06-23 16:21:44jiu_777 → 想找人（ 发 ）广告，找 `boss91m1`
2022-06-23 16:22:48jiu_777 → 想要（发 ）广告，找 `boss91m1`
2022-06-23 16:24:36si1688 → 准备（发 ）广告，找 `boss91m1`
2022-06-23 16:24:54jiu_777 → 要（发 ）广告，联系 `boss91m1`
2022-06-23 16:25:17bc123hx → 专业（发 ）广告，联系我 `boss91m1`
2022-06-23 16:26:14jiu_777 → 想要（发 ）广告，找 `boss91m1`
2022-06-23 16:26:50-1001692409589 → 来（发 ）广告，联系 `boss91m1`
2022-06-23 16:27:36jiu_777 → 来（发 ）广告，联系 `boss91m1`
2022-06-23 16:28:29jiemaLine → 准备（发 ）广告，找 `boss91m1`
2022-06-23 16:29:43si1688 → 准备（发 ）广告，找 `boss91m1`
2022-06-23 16:30:01jiu_777 → 需要 软、件，找 `boss91m1`
2022-06-23 16:31:41jiu_777 → 来（发 ）广告，联系 `boss91m1`
2022-06-23 16:32:15-1001692409589 → 需要 软、件，找 `boss91m1`
2022-06-23 16:32:50jiu_777 → 专业（发 ）广告，联系我 `boss91m1`
2022-06-23 16:33:48bc123hx → 来（发 ）广告，联系 `boss91m1`
2022-06-23 16:34:22jiu_777 → 需要 群、发，找 `boss91m1`
2022-06-23 16:35:19hfjiema → 需要 软、件，找 `boss91m1`
2022-06-23 16:36:03si1688 → 需要 软、件，找 `boss91m1`
2022-06-23 16:36:21jiu_777 → 专业（发 ）广告，联系我 `boss91m1`
2022-06-23 16:37:26jiu_777 → 准备（发 ）广告，找 `boss91m1`
2022-06-23 16:37:54-1001692409589 → 来（发 ）广告，联系 `boss91m1`
2022-06-23 16:38:38jiemaWhatsApp → 想找人（ 发 ）广告，找 `boss91m1`
2022-06-23 16:39:01bc123hx → 专业（发 ）广告，联系我 `boss91m1`
2022-06-23 16:39:30jiu_777 → 想找人（ 发 ）广告，找 `boss91m1`
2022-06-23 16:40:34jiu_777 → 来（发 ）广告，联系 `boss91m1`
2022-06-23 16:41:21-1001692409589 → 来（发 ）广告，联系 `boss91m1`
2022-06-23 16:42:07jiu_777 → 准备（发 ）广告，找 `boss91m1`
2022-06-23 16:42:35si1688 → 来（发 ）广告，联系 `boss91m1`
2022-06-23 16:43:40jiu_777 → 来（发 ）广告，联系 `boss91m1`
2022-06-23 16:44:27bc123hx → 需要 群、发软、件，找 `boss91m1`
2022-06-23 16:45:13jiu_777 → 需要 软、件，找 `boss91m1`
2022-06-23 16:46:21bc123hx → (session) 协议号，零售、批发 找，`boss91m1`
2022-06-23 16:46:44jiu_777 → 需要 群、发，找 `boss91m1`
2022-06-23 16:47:12-1001692409589 → 需要 软、件，找 `boss91m1`
2022-06-23 16:48:30jiu_777 → 需要 软、件，找 `boss91m1`
2022-06-23 16:49:56si1688 → 需要 软、件，找 `boss91m1`
2022-06-23 16:50:14jiu_777 → (session) 协议号，零售、批发 找，`boss91m1`
2022-06-23 16:51:17jiu_777 → 想要（发 ）广告，找 `boss91m1`
2022-06-23 16:51:35bc123hx → 来（发 ）广告，联系 `boss91m1`
2022-06-23 16:52:20-1001692409589 → 要（发 ）广告，联系 `boss91m1`
2022-06-23 16:53:05si1688 → 想找人（ 发 ）广告，找 `boss91m1`
2022-06-23 16:53:23jiu_777 → 来（发 ）广告，联系 `boss91m1`
2022-06-23 16:53:57hfjiema → 需要 群、发，找 `boss91m1`
2022-06-23 16:54:32jiu_777 → 要（发 ）广告，联系 `boss91m1`
2022-06-23 16:56:12jiu_777 → 专业（发 ）广告，联系我 `boss91m1`
2022-06-23 16:57:53jiu_777 → (session) 协议号，零售、批发 找，`boss91m1`
2022-06-23 16:58:16-1001692409589 → 需要 群、发，找 `boss91m1`
2022-06-23 16:59:26jiu_777 → 准备（发 ）广告，找 `boss91m1`
2022-06-23 16:59:49si1688 → 需要 群、发软、件，找 `boss91m1`
2022-06-23 17:00:35jiu_777 → 想要（发 ）广告，找 `boss91m1`
2022-06-23 17:01:03bc123hx → 来（发 ）广告，联系 `boss91m1`
2022-06-23 17:02:06-1001692409589 → 需要 群、发，找 `boss91m1`
2022-06-23 17:02:24jiu_777 → 需要 群、发，找 `boss91m1`
2022-06-23 17:03:50si1688 → 需要 群、发，找 `boss91m1`
2022-06-23 17:04:08jiu_777 → 准备（发 ）广告，找 `boss91m1`
2022-06-23 17:04:42bc123hx → 需要 群、发，找 `boss91m1`
2022-06-23 17:05:28jiu_777 → 来（发 ）广告，联系 `boss91m1`
2022-06-23 17:06:57jiu_777 → 准备（发 ）广告，找 `boss91m1`
2022-06-23 17:07:32si1688 → 来（发 ）广告，联系 `boss91m1`
2022-06-23 17:08:28-1001692409589 → 专业（发 ）广告，联系我 `boss91m1`
2022-06-23 17:08:45jiu_777 → 需要 群、发，找 `boss91m1`
2022-06-23 17:09:08bc123hx → 来（发 ）广告，联系 `boss91m1`
2022-06-23 17:10:04hfjiema → 准备（发 ）广告，找 `boss91m1`
2022-06-23 17:10:22jiu_777 → 需要 群、发，找 `boss91m1`
2022-06-23 17:11:27jiu_777 → 来（发 ）广告，联系 `boss91m1`
2022-06-23 17:13:08jiu_777 → 需要 群、发软、件，找 `boss91m1`
2022-06-23 17:13:57bc123hx → 需要 软、件，找 `boss91m1`
2022-06-23 17:14:53jiu_777 → 需要 群、发，找 `boss91m1`
2022-06-23 17:15:10-1001692409589 → 来（发 ）广告，联系 `boss91m1`
2022-06-23 17:16:38jiu_777 → 来（发 ）广告，联系 `boss91m1`
2022-06-23 17:17:01si1688 → 专业（发 ）广告，联系我 `boss91m1`
2022-06-23 17:18:09jiu_777 → 来（发 ）广告，联系 `boss91m1`
2022-06-23 17:18:33bc123hx → 需要 群、发，找 `boss91m1`
2022-06-23 17:19:32jiu_777 → 需要 软、件，找 `boss91m1`
2022-06-23 17:20:47-1001692409589 → 准备（发 ）广告，找 `boss91m1`
2022-06-23 17:21:05jiu_777 → 想找人（ 发 ）广告，找 `boss91m1`
2022-06-23 17:22:01si1688 → (session) 协议号，零售、批发 找，`boss91m1`
2022-06-23 17:22:26jiu_777 → 需要 软、件，找 `boss91m1`
2022-06-23 17:23:52jiu_777 → 专业（发 ）广告，联系我 `boss91m1`
2022-06-23 17:24:10-1001692409589 → 想要（发 ）广告，找 `boss91m1`
2022-06-23 17:25:49jiu_777 → 需要 软、件，找 `boss91m1`
2022-06-23 17:26:23si1688 → 专业（发 ）广告，联系我 `boss91m1`
2022-06-23 17:27:08hfjiema → 来（发 ）广告，联系 `boss91m1`
2022-06-23 17:27:26jiu_777 → 准备（发 ）广告，找 `boss91m1`
2022-06-23 17:28:00bc123hx → (session) 协议号，零售、批发 找，`boss91m1`
2022-06-23 17:28:57jiu_777 → 专业（发 ）广告，联系我 `boss91m1`
2022-06-23 17:30:03jiu_777 → 要（发 ）广告，联系 `boss91m1`
2022-06-23 17:30:31jiemaLine → 需要 群、发，找 `boss91m1`
2022-06-23 17:31:05si1688 → 要（发 ）广告，联系 `boss91m1`
2022-06-23 17:31:41jiu_777 → 需要 软、件，找 `boss91m1`
2022-06-23 17:32:50bc123hx → 想找人（ 发 ）广告，找 `boss91m1`
2022-06-23 17:33:24-1001692409589 → 要（发 ）广告，联系 `boss91m1`
2022-06-23 17:33:42jiu_777 → 需要 群、发软、件，找 `boss91m1`
2022-06-23 17:34:56jiu_777 → 来（发 ）广告，联系 `boss91m1`
2022-06-23 17:35:33bc123hx → 需要 群、发软、件，找 `boss91m1`
2022-06-23 17:36:32jiu_777 → 准备（发 ）广告，找 `boss91m1`
2022-06-23 17:37:06-1001692409589 → 需要 群、发，找 `boss91m1`
2022-06-23 17:38:02si1688 → 需要 软、件，找 `boss91m1`
2022-06-23 17:38:21jiu_777 → 准备（发 ）广告，找 `boss91m1`
2022-06-23 17:38:44jiemaWhatsApp → 想要（发 ）广告，找 `boss91m1`
2022-06-23 17:39:30jiu_777 → 专业（发 ）广告，联系我 `boss91m1`
2022-06-23 17:40:38si1688 → 想找人（ 发 ）广告，找 `boss91m1`
2022-06-23 17:41:25jiu_777 → 想要（发 ）广告，找 `boss91m1`
2022-06-23 17:42:10-1001692409589 → 需要 群、发软、件，找 `boss91m1`
2022-06-23 17:42:45jiu_777 → 来（发 ）广告，联系 `boss91m1`
2022-06-23 17:43:21bc123hx → 想要（发 ）广告，找 `boss91m1`
2022-06-23 17:44:07jiu_777 → 来（发 ）广告，联系 `boss91m1`
2022-06-23 17:44:24hfjiema → 需要 群、发软、件，找 `boss91m1`
2022-06-23 17:45:38jiu_777 → 来（发 ）广告，联系 `boss91m1`
2022-06-23 17:46:48si1688 → 准备（发 ）广告，找 `boss91m1`
2022-06-23 17:47:11-1001692409589 → 来（发 ）广告，联系 `boss91m1`
2022-06-23 17:47:29jiu_777 → 想找人（ 发 ）广告，找 `boss91m1`
2022-06-23 17:49:09jiu_777 → 要（发 ）广告，联系 `boss91m1`
2022-06-23 17:49:43bc123hx → 要（发 ）广告，联系 `boss91m1`
2022-06-23 17:50:18jiu_777 → 需要 软、件，找 `boss91m1`
2022-06-23 17:51:46jiu_777 → 专业（发 ）广告，联系我 `boss91m1`
2022-06-23 17:52:03-1001692409589 → 专业（发 ）广告，联系我 `boss91m1`
2022-06-23 17:52:48si1688 → 需要 软、件，找 `boss91m1`
2022-06-23 17:53:23jiu_777 → (session) 协议号，零售、批发 找，`boss91m1`
2022-06-23 17:53:51bc123hx → 想要（发 ）广告，找 `boss91m1`
2022-06-23 17:55:20jiu_777 → 需要 群、发，找 `boss91m1`
2022-06-23 17:56:48jiu_777 → 准备（发 ）广告，找 `boss91m1`
2022-06-23 17:57:11bc123hx → 想要（发 ）广告，找 `boss91m1`
2022-06-23 17:57:56-1001692409589 → 想要（发 ）广告，找 `boss91m1`
2022-06-23 17:58:14jiu_777 → 来（发 ）广告，联系 `boss91m1`
2022-06-23 17:59:24hfjiema → 专业（发 ）广告，联系我 `boss91m1`
2022-06-23 17:59:47si1688 → 要（发 ）广告，联系 `boss91m1`
2022-06-23 18:00:16jiu_777 → 来（发 ）广告，联系 `boss91m1`
2022-06-23 18:01:32jiu_777 → 专业（发 ）广告，联系我 `boss91m1`
2022-06-23 18:02:49jiu_777 → 来（发 ）广告，联系 `boss91m1`
2022-06-23 18:03:17bc123hx → 需要 群、发软、件，找 `boss91m1`
2022-06-23 18:03:40si1688 → 来（发 ）广告，联系 `boss91m1`
2022-06-23 18:04:37jiu_777 → 来（发 ）广告，联系 `boss91m1`
2022-06-23 18:04:54-1001692409589 → 想要（发 ）广告，找 `boss91m1`
2022-06-23 18:05:59jiu_777 → 来（发 ）广告，联系 `boss91m1`
2022-06-23 18:07:37jiu_777 → 专业（发 ）广告，联系我 `boss91m1`
2022-06-23 18:07:55si1688 → 来（发 ）广告，联系 `boss91m1`
2022-06-23 18:09:10bc123hx → 来（发 ）广告，联系 `boss91m1`
2022-06-23 18:09:28jiu_777 → 专业（发 ）广告，联系我 `boss91m1`
2022-06-23 18:10:02-1001692409589 → 来（发 ）广告，联系 `boss91m1`
2022-06-23 18:11:01jiu_777 → 专业（发 ）广告，联系我 `boss91m1`
2022-06-23 18:12:17jiu_777 → 要（发 ）广告，联系 `boss91m1`
2022-06-23 18:12:52si1688 → 准备（发 ）广告，找 `boss91m1`
2022-06-23 18:13:37bc123hx → 来（发 ）广告，联系 `boss91m1`
2022-06-23 18:14:06jiu_777 → 需要 群、发，找 `boss91m1`
2022-06-23 18:15:24jiu_777 → 需要 群、发软、件，找 `boss91m1`
2022-06-23 18:16:09-1001692409589 → 要（发 ）广告，联系 `boss91m1`
2022-06-23 18:16:43hfjiema → 准备（发 ）广告，找 `boss91m1`
2022-06-23 18:17:01jiu_777 → 来（发 ）广告，联系 `boss91m1`
2022-06-23 18:18:15si1688 → 来（发 ）广告，联系 `boss91m1`
2022-06-23 18:18:33jiu_777 → 来（发 ）广告，联系 `boss91m1`
2022-06-23 18:20:00jiu_777 → 专业（发 ）广告，联系我 `boss91m1`
2022-06-23 18:21:17bc123hx → 来（发 ）广告，联系 `boss91m1`
2022-06-23 18:21:35jiu_777 → 想找人（ 发 ）广告，找 `boss91m1`
2022-06-23 18:22:09-1001692409589 → 需要 软、件，找 `boss91m1`
2022-06-23 18:23:17jiu_777 → 准备（发 ）广告，找 `boss91m1`
2022-06-23 18:24:34si1688 → 来（发 ）广告，联系 `boss91m1`
2022-06-23 18:25:03jiu_777 → 准备（发 ）广告，找 `boss91m1`
2022-06-23 18:25:37-1001692409589 → 专业（发 ）广告，联系我 `boss91m1`
2022-06-23 18:26:23jiu_777 → 来（发 ）广告，联系 `boss91m1`
2022-06-23 18:26:59bc123hx → 专业（发 ）广告，联系我 `boss91m1`
2022-06-23 18:27:56jiu_777 → 想要（发 ）广告，找 `boss91m1`
2022-06-23 18:29:37jiu_777 → 想找人（ 发 ）广告，找 `boss91m1`
2022-06-23 18:30:00bc123hx → 想要（发 ）广告，找 `boss91m1`
2022-06-23 18:31:10jiu_777 → 来（发 ）广告，联系 `boss91m1`
2022-06-23 18:31:44-1001692409589 → (session) 协议号，零售、批发 找，`boss91m1`
2022-06-23 18:32:29si1688 → 需要 群、发软、件，找 `boss91m1`
2022-06-23 18:32:47jiu_777 → 需要 群、发，找 `boss91m1`
2022-06-23 18:33:10jiemaLine → 准备（发 ）广告，找 `boss91m1`
2022-06-23 18:34:07jiu_777 → 需要 群、发软、件，找 `boss91m1`
2022-06-23 18:34:42si1688 → 准备（发 ）广告，找 `boss91m1`
2022-06-23 18:35:39jiu_777 → 需要 软、件，找 `boss91m1`
2022-06-23 18:35:56hfjiema → (session) 协议号，零售、批发 找，`boss91m1`
2022-06-23 18:36:19-1001692409589 → 来（发 ）广告，联系 `boss91m1`
2022-06-23 18:37:18jiu_777 → 需要 群、发软、件，找 `boss91m1`
2022-06-23 18:37:52bc123hx → 来（发 ）广告，联系 `boss91m1`
2022-06-23 18:38:49jiu_777 → 专业（发 ）广告，联系我 `boss91m1`
2022-06-23 18:39:06jiemaWhatsApp → 来（发 ）广告，联系 `boss91m1`
2022-06-23 18:40:34jiu_777 → 专业（发 ）广告，联系我 `boss91m1`
2022-06-23 18:41:08si1688 → 需要 群、发，找 `boss91m1`
2022-06-23 18:41:44jiu_777 → (session) 协议号，零售、批发 找，`boss91m1`
2022-06-23 18:42:11-1001692409589 → 来（发 ）广告，联系 `boss91m1`
2022-06-23 18:43:15bc123hx → 来（发 ）广告，联系 `boss91m1`
2022-06-23 18:43:33jiu_777 → 需要 群、发软、件，找 `boss91m1`
2022-06-23 18:44:49jiu_777 → 想找人（ 发 ）广告，找 `boss91m1`
2022-06-23 18:45:35si1688 → 专业（发 ）广告，联系我 `boss91m1`
2022-06-23 18:46:31bc123hx → 想要（发 ）广告，找 `boss91m1`
2022-06-23 18:46:49jiu_777 → (session) 协议号，零售、批发 找，`boss91m1`
2022-06-23 18:48:18jiu_777 → 需要 群、发，找 `boss91m1`
2022-06-23 18:48:52-1001692409589 → (session) 协议号，零售、批发 找，`boss91m1`
2022-06-23 18:49:38jiu_777 → 想找人（ 发 ）广告，找 `boss91m1`
2022-06-23 18:51:19jiu_777 → 准备（发 ）广告，找 `boss91m1`
2022-06-23 18:52:04-1001692409589 → 专业（发 ）广告，联系我 `boss91m1`
2022-06-23 18:52:52jiu_777 → 要（发 ）广告，联系 `boss91m1`
2022-06-23 18:53:26si1688 → (session) 协议号，零售、批发 找，`boss91m1`
2022-06-23 18:54:01jiu_777 → 来（发 ）广告，联系 `boss91m1`
2022-06-23 18:54:18hfjiema → (session) 协议号，零售、批发 找，`boss91m1`
2022-06-23 18:54:52bc123hx → 需要 群、发，找 `boss91m1`
2022-06-23 18:56:01jiu_777 → 想要（发 ）广告，找 `boss91m1`
2022-06-23 18:57:07jiu_777 → 来（发 ）广告，联系 `boss91m1`
2022-06-23 18:57:35-1001692409589 → (session) 协议号，零售、批发 找，`boss91m1`
2022-06-23 18:57:58bc123hx → 要（发 ）广告，联系 `boss91m1`
2022-06-23 18:58:55jiu_777 → 要（发 ）广告，联系 `boss91m1`
2022-06-23 18:59:42si1688 → 来（发 ）广告，联系 `boss91m1`
2022-06-23 19:00:30jiu_777 → 需要 群、发，找 `boss91m1`
2022-06-23 19:01:45jiu_777 → 需要 软、件，找 `boss91m1`
2022-06-23 19:02:02bc123hx → 想找人（ 发 ）广告，找 `boss91m1`
2022-06-23 19:03:29jiu_777 → 想找人（ 发 ）广告，找 `boss91m1`
2022-06-23 19:04:27si1688 → 需要 群、发软、件，找 `boss91m1`
2022-06-23 19:04:51jiu_777 → 想找人（ 发 ）广告，找 `boss91m1`
2022-06-23 19:06:00-1001692409589 → 来（发 ）广告，联系 `boss91m1`
2022-06-23 19:06:35jiu_777 → 需要 群、发，找 `boss91m1`
2022-06-23 19:07:10si1688 → 来（发 ）广告，联系 `boss91m1`
2022-06-23 19:08:07jiu_777 → 需要 群、发，找 `boss91m1`
2022-06-23 19:09:25jiu_777 → 需要 群、发软、件，找 `boss91m1`
2022-06-23 19:09:42-1001692409589 → 来（发 ）广告，联系 `boss91m1`
2022-06-23 19:10:38hfjiema → 要（发 ）广告，联系 `boss91m1`
2022-06-23 19:11:01bc123hx → 需要 群、发软、件，找 `boss91m1`
2022-06-23 19:11:19jiu_777 → 准备（发 ）广告，找 `boss91m1`
2022-06-23 19:12:33jiu_777 → 想要（发 ）广告，找 `boss91m1`
2022-06-23 19:12:51bc123hx → 来（发 ）广告，联系 `boss91m1`
2022-06-23 19:14:31jiu_777 → (session) 协议号，零售、批发 找，`boss91m1`
2022-06-23 19:15:37jiu_777 → 来（发 ）广告，联系 `boss91m1`
2022-06-23 19:15:53si1688 → 想找人（ 发 ）广告，找 `boss91m1`
2022-06-23 19:16:38-1001692409589 → 需要 群、发，找 `boss91m1`
2022-06-23 19:17:14jiu_777 → 想找人（ 发 ）广告，找 `boss91m1`
2022-06-23 19:18:21si1688 → 来（发 ）广告，联系 `boss91m1`
2022-06-23 19:18:45jiu_777 → 需要 软、件，找 `boss91m1`
2022-06-23 19:19:43bc123hx → 要（发 ）广告，联系 `boss91m1`
2022-06-23 19:20:19jiu_777 → 来（发 ）广告，联系 `boss91m1`
2022-06-23 19:21:47jiu_777 → 来（发 ）广告，联系 `boss91m1`
2022-06-23 19:22:04-1001692409589 → 需要 软、件，找 `boss91m1`
2022-06-23 19:23:29jiu_777 → 需要 群、发软、件，找 `boss91m1`
2022-06-23 19:23:47si1688 → 想要（发 ）广告，找 `boss91m1`
2022-06-23 19:24:11-1001692409589 → 要（发 ）广告，联系 `boss91m1`
2022-06-23 19:25:21jiu_777 → 需要 群、发，找 `boss91m1`
2022-06-23 19:26:25bc123hx → (session) 协议号，零售、批发 找，`boss91m1`
2022-06-23 19:26:54jiu_777 → 需要 群、发软、件，找 `boss91m1`
2022-06-23 19:27:39hfjiema → 需要 群、发软、件，找 `boss91m1`
2022-06-23 19:28:14jiu_777 → 需要 群、发软、件，找 `boss91m1`
2022-06-23 19:29:41si1688 → 来（发 ）广告，联系 `boss91m1`
2022-06-23 19:29:59jiu_777 → 准备（发 ）广告，找 `boss91m1`
2022-06-23 19:30:22-1001692409589 → (session) 协议号，零售、批发 找，`boss91m1`
2022-06-23 19:31:18bc123hx → 需要 群、发，找 `boss91m1`
2022-06-23 19:31:36jiu_777 → 来（发 ）广告，联系 `boss91m1`
2022-06-23 19:32:52jiu_777 → 专业（发 ）广告，联系我 `boss91m1`
2022-06-23 19:34:19si1688 → 想找人（ 发 ）广告，找 `boss91m1`
2022-06-23 19:34:37jiu_777 → 准备（发 ）广告，找 `boss91m1`
2022-06-23 19:35:53jiu_777 → 专业（发 ）广告，联系我 `boss91m1`
2022-06-23 19:36:10-1001692409589 → 需要 软、件，找 `boss91m1`
2022-06-23 19:36:33bc123hx → 需要 群、发软、件，找 `boss91m1`
2022-06-23 19:37:19jiu_777 → 来（发 ）广告，联系 `boss91m1`
2022-06-23 19:37:36jiemaLine → 准备（发 ）广告，找 `boss91m1`
2022-06-23 19:39:14jiu_777 → 要（发 ）广告，联系 `boss91m1`
2022-06-23 19:39:38bc123hx → 需要 群、发，找 `boss91m1`
2022-06-23 19:40:23si1688 → 准备（发 ）广告，找 `boss91m1`
2022-06-23 19:40:41jiu_777 → 需要 软、件，找 `boss91m1`
2022-06-23 19:42:08jiu_777 → 需要 群、发，找 `boss91m1`
2022-06-23 19:42:55-1001692409589 → 来（发 ）广告，联系 `boss91m1`
2022-06-23 19:43:31jiu_777 → 要（发 ）广告，联系 `boss91m1`
2022-06-23 19:43:48jiemaWhatsApp → 要（发 ）广告，联系 `boss91m1`
2022-06-23 19:45:27jiu_777 → 准备（发 ）广告，找 `boss91m1`
2022-06-23 19:46:12si1688 → 需要 群、发，找 `boss91m1`
2022-06-23 19:46:47jiu_777 → 专业（发 ）广告，联系我 `boss91m1`
2022-06-23 19:47:15-1001692409589 → 专业（发 ）广告，联系我 `boss91m1`
2022-06-23 19:47:49hfjiema → 想找人（ 发 ）广告，找 `boss91m1`
2022-06-23 19:48:34bc123hx → 来（发 ）广告，联系 `boss91m1`
2022-06-23 19:48:52jiu_777 → 想要（发 ）广告，找 `boss91m1`
2022-06-23 19:49:58jiu_777 → 需要 群、发软、件，找 `boss91m1`
2022-06-23 19:51:35-1001692409589 → 来（发 ）广告，联系 `boss91m1`
2022-06-23 19:51:53jiu_777 → 专业（发 ）广告，联系我 `boss91m1`
2022-06-23 19:53:11jiu_777 → 准备（发 ）广告，找 `boss91m1`
2022-06-23 19:53:56bc123hx → 想找人（ 发 ）广告，找 `boss91m1`
2022-06-23 19:54:31jiu_777 → 来（发 ）广告，联系 `boss91m1`
2022-06-23 19:54:59si1688 → 想找人（ 发 ）广告，找 `boss91m1`
2022-06-23 19:56:02jiu_777 → (session) 协议号，零售、批发 找，`boss91m1`
2022-06-23 19:56:31bc123hx → 来（发 ）广告，联系 `boss91m1`
2022-06-23 19:57:47jiu_777 → 要（发 ）广告，联系 `boss91m1`
2022-06-23 19:58:34-1001692409589 → 需要 群、发，找 `boss91m1`
2022-06-23 19:59:09jiu_777 → 需要 软、件，找 `boss91m1`
2022-06-23 19:59:37si1688 → 准备（发 ）广告，找 `boss91m1`
2022-06-23 20:00:42jiu_777 → 来（发 ）广告，联系 `boss91m1`
2022-06-23 20:01:39-1001692409589 → 专业（发 ）广告，联系我 `boss91m1`
2022-06-23 20:02:14jiu_777 → 需要 群、发软、件，找 `boss91m1`
2022-06-23 20:02:42si1688 → 需要 群、发，找 `boss91m1`
2022-06-23 20:04:00jiu_777 → 想要（发 ）广告，找 `boss91m1`
2022-06-23 20:04:45hfjiema → 需要 软、件，找 `boss91m1`
2022-06-23 20:05:31jiu_777 → 准备（发 ）广告，找 `boss91m1`
2022-06-23 20:05:48bc123hx → 专业（发 ）广告，联系我 `boss91m1`
2022-06-23 20:06:51bc123hx → 需要 软、件，找 `boss91m1`
2022-06-23 20:07:09jiu_777 → 想要（发 ）广告，找 `boss91m1`
2022-06-23 20:08:05-1001692409589 → 需要 软、件，找 `boss91m1`
2022-06-23 20:08:28si1688 → 专业（发 ）广告，联系我 `boss91m1`
2022-06-23 20:08:46jiu_777 → 要（发 ）广告，联系 `boss91m1`
2022-06-23 20:10:26jiu_777 → 想找人（ 发 ）广告，找 `boss91m1`
2022-06-23 20:11:31jiu_777 → 专业（发 ）广告，联系我 `boss91m1`
2022-06-23 20:12:28bc123hx → 想要（发 ）广告，找 `boss91m1`
2022-06-23 20:13:04jiu_777 → 来（发 ）广告，联系 `boss91m1`
2022-06-23 20:13:20-1001692409589 → 来（发 ）广告，联系 `boss91m1`
2022-06-23 20:14:05si1688 → 来（发 ）广告，联系 `boss91m1`
2022-06-23 20:14:40jiu_777 → 需要 软、件，找 `boss91m1`
2022-06-23 20:16:10jiu_777 → 想要（发 ）广告，找 `boss91m1`
2022-06-23 20:17:48jiu_777 → 想找人（ 发 ）广告，找 `boss91m1`
2022-06-23 20:18:06si1688 → 想找人（ 发 ）广告，找 `boss91m1`
2022-06-23 20:18:39bc123hx → (session) 协议号，零售、批发 找，`boss91m1`
2022-06-23 20:19:38jiu_777 → 想要（发 ）广告，找 `boss91m1`
2022-06-23 20:20:01hfjiema → 来（发 ）广告，联系 `boss91m1`
2022-06-23 20:20:46-1001692409589 → 来（发 ）广告，联系 `boss91m1`
2022-06-23 20:21:15jiu_777 → 来（发 ）广告，联系 `boss91m1`
2022-06-23 20:22:20jiu_777 → 来（发 ）广告，联系 `boss91m1`
2022-06-23 20:24:12jiu_777 → 需要 群、发，找 `boss91m1`
2022-06-23 20:24:35-1001692409589 → 需要 群、发，找 `boss91m1`
2022-06-23 20:25:21jiu_777 → 想要（发 ）广告，找 `boss91m1`
2022-06-23 20:25:38bc123hx → 来（发 ）广告，联系 `boss91m1`
2022-06-23 20:27:04si1688 → 专业（发 ）广告，联系我 `boss91m1`
2022-06-23 20:27:22jiu_777 → 来（发 ）广告，联系 `boss91m1`
2022-06-23 20:28:25jiu_777 → 需要 群、发，找 `boss91m1`
2022-06-23 20:30:19jiu_777 → 准备（发 ）广告，找 `boss91m1`
2022-06-23 20:30:42bc123hx → 准备（发 ）广告，找 `boss91m1`
2022-06-23 20:31:38-1001692409589 → 需要 软、件，找 `boss91m1`
2022-06-23 20:31:56jiu_777 → 想要（发 ）广告，找 `boss91m1`
2022-06-23 20:32:41si1688 → 来（发 ）广告，联系 `boss91m1`
2022-06-23 20:33:16jiu_777 → 来（发 ）广告，联系 `boss91m1`
2022-06-23 20:35:01hfjiema → 需要 软、件，找 `boss91m1`
2022-06-23 20:35:19jiu_777 → 专业（发 ）广告，联系我 `boss91m1`
2022-06-23 20:36:15bc123hx → 需要 群、发软、件，找 `boss91m1`
2022-06-23 20:36:38si1688 → 需要 软、件，找 `boss91m1`
2022-06-23 20:36:56jiu_777 → (session) 协议号，零售、批发 找，`boss91m1`
2022-06-23 20:38:12jiu_777 → 需要 群、发软、件，找 `boss91m1`
2022-06-23 20:38:29-1001692409589 → 要（发 ）广告，联系 `boss91m1`
2022-06-23 20:39:43-1001692409589 → 要（发 ）广告，联系 `boss91m1`
2022-06-23 20:40:12jiu_777 → 要（发 ）广告，联系 `boss91m1`
2022-06-23 20:40:57bc123hx → 来（发 ）广告，联系 `boss91m1`
2022-06-23 20:41:45jiu_777 → 想要（发 ）广告，找 `boss91m1`
2022-06-23 20:43:00si1688 → 准备（发 ）广告，找 `boss91m1`
2022-06-23 20:43:18jiu_777 → 想要（发 ）广告，找 `boss91m1`
2022-06-23 20:43:41jiemaLine → (session) 协议号，零售、批发 找，`boss91m1`
2022-06-23 20:44:28jiu_777 → 想要（发 ）广告，找 `boss91m1`
2022-06-23 20:45:36-1001692409589 → 要（发 ）广告，联系 `boss91m1`
2022-06-23 20:46:13jiu_777 → 想要（发 ）广告，找 `boss91m1`
2022-06-23 20:47:29jiu_777 → 来（发 ）广告，联系 `boss91m1`
2022-06-23 20:47:57bc123hx → 需要 群、发，找 `boss91m1`
2022-06-23 20:48:31si1688 → 想找人（ 发 ）广告，找 `boss91m1`
2022-06-23 20:49:05jiemaWhatsApp → 要（发 ）广告，联系 `boss91m1`
2022-06-23 20:49:34jiu_777 → 要（发 ）广告，联系 `boss91m1`
2022-06-23 20:51:02jiu_777 → (session) 协议号，零售、批发 找，`boss91m1`
2022-06-23 20:52:06si1688 → 来（发 ）广告，联系 `boss91m1`
2022-06-23 20:52:35jiu_777 → 需要 群、发软、件，找 `boss91m1`
2022-06-23 20:52:59bc123hx → 想找人（ 发 ）广告，找 `boss91m1`
2022-06-23 20:53:45jiu_777 → 准备（发 ）广告，找 `boss91m1`
2022-06-23 20:54:13-1001692409589 → 专业（发 ）广告，联系我 `boss91m1`
2022-06-23 20:54:36hfjiema → 需要 群、发软、件，找 `boss91m1`
2022-06-23 20:55:44jiu_777 → 需要 群、发，找 `boss91m1`
2022-06-23 20:56:30-1001692409589 → 想要（发 ）广告，找 `boss91m1`
2022-06-23 20:56:53si1688 → 准备（发 ）广告，找 `boss91m1`
2022-06-23 20:57:22jiu_777 → 需要 群、发，找 `boss91m1`
2022-06-23 20:58:27jiu_777 → 需要 软、件，找 `boss91m1`
2022-06-23 20:59:36bc123hx → 专业（发 ）广告，联系我 `boss91m1`
2022-06-23 21:00:25jiu_777 → 来（发 ）广告，联系 `boss91m1`
2022-06-23 21:01:28jiu_777 → 需要 软、件，找 `boss91m1`
2022-06-23 21:01:46si1688 → 来（发 ）广告，联系 `boss91m1`
2022-06-23 21:03:26jiu_777 → 要（发 ）广告，联系 `boss91m1`
2022-06-23 21:04:11bc123hx → 专业（发 ）广告，联系我 `boss91m1`
2022-06-23 21:04:45-1001692409589 → (session) 协议号，零售、批发 找，`boss91m1`
2022-06-23 21:05:03jiu_777 → 来（发 ）广告，联系 `boss91m1`
2022-06-23 21:06:31jiu_777 → 来（发 ）广告，联系 `boss91m1`
2022-06-23 21:07:17si1688 → 要（发 ）广告，联系 `boss91m1`
2022-06-23 21:07:51bc123hx → 准备（发 ）广告，找 `boss91m1`
2022-06-23 21:08:10jiu_777 → 准备（发 ）广告，找 `boss91m1`
2022-06-23 21:08:43-1001692409589 → 准备（发 ）广告，找 `boss91m1`
2022-06-23 21:09:31jiu_777 → 想要（发 ）广告，找 `boss91m1`
2022-06-23 21:10:16hfjiema → (session) 协议号，零售、批发 找，`boss91m1`
2022-06-23 21:11:04jiu_777 → 需要 软、件，找 `boss91m1`
2022-06-23 21:12:18jiu_777 → 想找人（ 发 ）广告，找 `boss91m1`
2022-06-23 21:13:59jiu_777 → 想找人（ 发 ）广告，找 `boss91m1`
2022-06-23 21:14:16bc123hx → 要（发 ）广告，联系 `boss91m1`
2022-06-23 21:15:21jiu_777 → 专业（发 ）广告，联系我 `boss91m1`
2022-06-23 21:15:38-1001692409589 → 要（发 ）广告，联系 `boss91m1`
2022-06-23 21:16:12si1688 → 需要 软、件，找 `boss91m1`
2022-06-23 21:17:20jiu_777 → 来（发 ）广告，联系 `boss91m1`
2022-06-23 21:18:06-1001692409589 → 准备（发 ）广告，找 `boss91m1`
2022-06-23 21:18:54jiu_777 → 想要（发 ）广告，找 `boss91m1`
2022-06-23 21:20:09si1688 → 来（发 ）广告，联系 `boss91m1`
2022-06-23 21:20:27jiu_777 → 来（发 ）广告，联系 `boss91m1`
2022-06-23 21:21:31bc123hx → 想要（发 ）广告，找 `boss91m1`
2022-06-23 21:22:00jiu_777 → 想要（发 ）广告，找 `boss91m1`
2022-06-23 21:23:04si1688 → 想要（发 ）广告，找 `boss91m1`
2022-06-23 21:23:33jiu_777 → (session) 协议号，零售、批发 找，`boss91m1`
2022-06-23 21:24:39jiu_777 → 要（发 ）广告，联系 `boss91m1`
2022-06-23 21:25:36hfjiema → 来（发 ）广告，联系 `boss91m1`
2022-06-23 21:26:11jiu_777 → (session) 协议号，零售、批发 找，`boss91m1`
2022-06-23 21:26:28bc123hx → (session) 协议号，零售、批发 找，`boss91m1`
2022-06-23 21:27:02-1001692409589 → 准备（发 ）广告，找 `boss91m1`
2022-06-23 21:27:59jiu_777 → 要（发 ）广告，联系 `boss91m1`
2022-06-23 21:29:40jiu_777 → 来（发 ）广告，联系 `boss91m1`
2022-06-23 21:30:04-1001692409589 → 专业（发 ）广告，联系我 `boss91m1`
2022-06-23 21:30:49jiu_777 → 来（发 ）广告，联系 `boss91m1`
2022-06-23 21:31:17bc123hx → 需要 群、发软、件，找 `boss91m1`
2022-06-23 21:31:40si1688 → 需要 软、件，找 `boss91m1`
2022-06-23 21:32:27jiu_777 → 准备（发 ）广告，找 `boss91m1`
2022-06-23 21:33:55jiu_777 → 来（发 ）广告，联系 `boss91m1`
2022-06-23 21:35:24jiu_777 → 来（发 ）广告，联系 `boss91m1`
2022-06-23 21:35:52bc123hx → 要（发 ）广告，联系 `boss91m1`
2022-06-23 21:37:08jiu_777 → 想找人（ 发 ）广告，找 `boss91m1`
2022-06-23 21:37:25si1688 → (session) 协议号，零售、批发 找，`boss91m1`
2022-06-23 21:37:59-1001692409589 → (session) 协议号，零售、批发 找，`boss91m1`
2022-06-23 21:38:34jiu_777 → 需要 群、发，找 `boss91m1`
2022-06-23 21:40:01bc123hx → 需要 软、件，找 `boss91m1`
2022-06-23 21:40:30jiu_777 → 专业（发 ）广告，联系我 `boss91m1`
2022-06-23 21:41:04hfjiema → 准备（发 ）广告，找 `boss91m1`
2022-06-23 21:41:50jiu_777 → (session) 协议号，零售、批发 找，`boss91m1`
2022-06-23 21:42:07si1688 → 准备（发 ）广告，找 `boss91m1`
2022-06-23 21:42:52-1001692409589 → 来（发 ）广告，联系 `boss91m1`
2022-06-23 21:43:27jiu_777 → 需要 群、发软、件，找 `boss91m1`
2022-06-23 21:43:44jiemaLine → 专业（发 ）广告，联系我 `boss91m1`
2022-06-23 21:44:47-1001692409589 → 需要 软、件，找 `boss91m1`
2022-06-23 21:45:16jiu_777 → 要（发 ）广告，联系 `boss91m1`
2022-06-23 21:46:35jiu_777 → 来（发 ）广告，联系 `boss91m1`
2022-06-23 21:47:20si1688 → 需要 软、件，找 `boss91m1`
2022-06-23 21:47:56jiu_777 → 想要（发 ）广告，找 `boss91m1`
2022-06-23 21:48:24bc123hx → 来（发 ）广告，联系 `boss91m1`
2022-06-23 21:49:09jiemaWhatsApp → 需要 群、发，找 `boss91m1`
2022-06-23 21:49:55jiu_777 → 准备（发 ）广告，找 `boss91m1`
2022-06-23 21:50:30si1688 → 需要 群、发，找 `boss91m1`
2022-06-23 21:51:15-1001692409589 → 要（发 ）广告，联系 `boss91m1`
2022-06-23 21:51:33jiu_777 → 想找人（ 发 ）广告，找 `boss91m1`
2022-06-23 21:53:02jiu_777 → 需要 群、发，找 `boss91m1`
2022-06-23 21:54:06bc123hx → 需要 群、发，找 `boss91m1`
2022-06-23 21:54:35jiu_777 → 需要 群、发，找 `boss91m1`
2022-06-23 21:55:39si1688 → 来（发 ）广告，联系 `boss91m1`
2022-06-23 21:56:08jiu_777 → 想找人（ 发 ）广告，找 `boss91m1`
2022-06-23 21:57:13jiu_777 → 需要 群、发，找 `boss91m1`
2022-06-23 21:57:41hfjiema → 需要 软、件，找 `boss91m1`
2022-06-23 21:58:04-1001692409589 → 来（发 ）广告，联系 `boss91m1`
2022-06-23 21:58:51jiu_777 → 想找人（ 发 ）广告，找 `boss91m1`
2022-06-23 21:59:19bc123hx → 需要 群、发软、件，找 `boss91m1`
2022-06-23 22:00:35jiu_777 → 想要（发 ）广告，找 `boss91m1`
2022-06-23 22:01:53jiu_777 → 想要（发 ）广告，找 `boss91m1`
2022-06-23 22:03:01bc123hx → 来（发 ）广告，联系 `boss91m1`
2022-06-23 22:03:35-1001692409589 → 需要 群、发，找 `boss91m1`
2022-06-23 22:03:53jiu_777 → 来（发 ）广告，联系 `boss91m1`
2022-06-23 22:04:57si1688 → 需要 群、发软、件，找 `boss91m1`
2022-06-23 22:05:26jiu_777 → 想找人（ 发 ）广告，找 `boss91m1`
2022-06-23 22:06:30si1688 → 需要 软、件，找 `boss91m1`
2022-06-23 22:06:47jiu_777 → 要（发 ）广告，联系 `boss91m1`
2022-06-23 22:07:32-1001692409589 → 准备（发 ）广告，找 `boss91m1`
2022-06-23 22:08:18jiu_777 → 需要 群、发软、件，找 `boss91m1`
2022-06-23 22:09:05bc123hx → 来（发 ）广告，联系 `boss91m1`
2022-06-23 22:10:04jiu_777 → 想找人（ 发 ）广告，找 `boss91m1`
2022-06-23 22:11:31jiu_777 → 需要 群、发，找 `boss91m1`
2022-06-23 22:12:06si1688 → 专业（发 ）广告，联系我 `boss91m1`
2022-06-23 22:12:54jiu_777 → 需要 群、发，找 `boss91m1`
2022-06-23 22:13:39bc123hx → 来（发 ）广告，联系 `boss91m1`
2022-06-23 22:14:38jiu_777 → 来（发 ）广告，联系 `boss91m1`
2022-06-23 22:15:12hfjiema → 准备（发 ）广告，找 `boss91m1`
2022-06-23 22:15:57-1001692409589 → 需要 群、发，找 `boss91m1`
2022-06-23 22:16:15jiu_777 → 准备（发 ）广告，找 `boss91m1`
2022-06-23 22:17:32jiu_777 → 需要 软、件，找 `boss91m1`
2022-06-23 22:18:17si1688 → 需要 群、发软、件，找 `boss91m1`
2022-06-23 22:19:03jiu_777 → 专业（发 ）广告，联系我 `boss91m1`
2022-06-23 22:20:01bc123hx → 想找人（ 发 ）广告，找 `boss91m1`
2022-06-23 22:20:25-1001692409589 → 来（发 ）广告，联系 `boss91m1`
2022-06-23 22:20:54jiu_777 → 专业（发 ）广告，联系我 `boss91m1`
2022-06-23 22:22:21jiu_777 → 来（发 ）广告，联系 `boss91m1`
2022-06-23 22:23:26bc123hx → 需要 软、件，找 `boss91m1`
2022-06-23 22:23:44jiu_777 → 需要 群、发，找 `boss91m1`
2022-06-23 22:25:11jiu_777 → 专业（发 ）广告，联系我 `boss91m1`
2022-06-23 22:25:47-1001692409589 → 来（发 ）广告，联系 `boss91m1`
2022-06-23 22:26:32si1688 → 专业（发 ）广告，联系我 `boss91m1`
2022-06-23 22:26:50jiu_777 → 需要 软、件，找 `boss91m1`
2022-06-23 22:28:18jiu_777 → 专业（发 ）广告，联系我 `boss91m1`
2022-06-23 22:29:03-1001692409589 → 需要 软、件，找 `boss91m1`
2022-06-23 22:29:39jiu_777 → 准备（发 ）广告，找 `boss91m1`
2022-06-23 22:30:37bc123hx → 需要 群、发软、件，找 `boss91m1`
2022-06-23 22:31:36jiu_777 → 准备（发 ）广告，找 `boss91m1`
2022-06-23 22:32:00si1688 → 专业（发 ）广告，联系我 `boss91m1`
2022-06-23 22:32:57jiu_777 → 要（发 ）广告，联系 `boss91m1`
2022-06-23 22:33:54hfjiema → 要（发 ）广告，联系 `boss91m1`
2022-06-23 22:34:42jiu_777 → 想要（发 ）广告，找 `boss91m1`
2022-06-23 22:35:57bc123hx → 想要（发 ）广告，找 `boss91m1`
2022-06-23 22:36:15jiu_777 → 准备（发 ）广告，找 `boss91m1`
2022-06-23 22:37:00si1688 → 需要 软、件，找 `boss91m1`
2022-06-23 22:37:34-1001692409589 → 准备（发 ）广告，找 `boss91m1`
2022-06-23 22:37:52jiu_777 → 要（发 ）广告，联系 `boss91m1`
2022-06-23 22:38:56jiu_777 → 想找人（ 发 ）广告，找 `boss91m1`
2022-06-23 22:39:13-1001692409589 → 要（发 ）广告，联系 `boss91m1`
2022-06-23 22:40:28bc123hx → (session) 协议号，零售、批发 找，`boss91m1`
2022-06-23 22:40:57jiu_777 → 想找人（ 发 ）广告，找 `boss91m1`
2022-06-23 22:42:26jiu_777 → 专业（发 ）广告，联系我 `boss91m1`
2022-06-23 22:42:49si1688 → 来（发 ）广告，联系 `boss91m1`
2022-06-23 22:43:46jiu_777 → 需要 群、发，找 `boss91m1`
2022-06-23 22:45:16jiu_777 → 来（发 ）广告，联系 `boss91m1`
2022-06-23 22:46:03bc123hx → (session) 协议号，零售、批发 找，`boss91m1`
2022-06-23 22:46:48-1001692409589 → 要（发 ）广告，联系 `boss91m1`
2022-06-23 22:47:17jiu_777 → 想找人（ 发 ）广告，找 `boss91m1`
2022-06-23 22:47:51jiemaLine → 想找人（ 发 ）广告，找 `boss91m1`
2022-06-23 22:48:26si1688 → 需要 软、件，找 `boss91m1`
2022-06-23 22:48:44jiu_777 → 来（发 ）广告，联系 `boss91m1`
2022-06-23 22:49:59jiu_777 → 来（发 ）广告，联系 `boss91m1`
2022-06-23 22:50:28si1688 → 要（发 ）广告，联系 `boss91m1`
2022-06-23 22:51:02bc123hx → 需要 群、发，找 `boss91m1`
2022-06-23 22:51:47hfjiema → 来（发 ）广告，联系 `boss91m1`
2022-06-23 22:52:05jiu_777 → 想找人（ 发 ）广告，找 `boss91m1`
2022-06-23 22:52:39-1001692409589 → 想找人（ 发 ）广告，找 `boss91m1`
2022-06-23 22:53:25jiu_777 → 专业（发 ）广告，联系我 `boss91m1`
2022-06-23 22:54:12jiemaWhatsApp → (session) 协议号，零售、批发 找，`boss91m1`
2022-06-23 22:54:58jiu_777 → 想要（发 ）广告，找 `boss91m1`
2022-06-23 22:55:34si1688 → (session) 协议号，零售、批发 找，`boss91m1`
2022-06-23 22:56:21jiu_777 → 专业（发 ）广告，联系我 `boss91m1`
2022-06-23 22:57:19bc123hx → 想找人（ 发 ）广告，找 `boss91m1`
2022-06-23 22:57:54jiu_777 → 需要 软、件，找 `boss91m1`
2022-06-23 22:59:34jiu_777 → 需要 群、发，找 `boss91m1`
2022-06-23 22:59:51-1001692409589 → 想找人（ 发 ）广告，找 `boss91m1`
2022-06-23 23:01:05jiu_777 → (session) 协议号，零售、批发 找，`boss91m1`
2022-06-23 23:02:04-1001692409589 → 来（发 ）广告，联系 `boss91m1`
2022-06-23 23:02:27bc123hx → 来（发 ）广告，联系 `boss91m1`
2022-06-23 23:02:45jiu_777 → 专业（发 ）广告，联系我 `boss91m1`
2022-06-23 23:04:12jiu_777 → 需要 软、件，找 `boss91m1`
2022-06-23 23:04:29si1688 → 要（发 ）广告，联系 `boss91m1`
2022-06-23 23:05:45jiu_777 → 想要（发 ）广告，找 `boss91m1`
2022-06-23 23:07:03jiu_777 → 需要 群、发软、件，找 `boss91m1`
2022-06-23 23:07:30hfjiema → (session) 协议号，零售、批发 找，`boss91m1`
2022-06-23 23:08:45bc123hx → 准备（发 ）广告，找 `boss91m1`
2022-06-23 23:09:03jiu_777 → 需要 群、发，找 `boss91m1`
2022-06-23 23:09:27si1688 → 要（发 ）广告，联系 `boss91m1`
2022-06-23 23:10:24jiu_777 → 来（发 ）广告，联系 `boss91m1`
2022-06-23 23:10:41-1001692409589 → 想找人（ 发 ）广告，找 `boss91m1`
2022-06-23 23:11:44bc123hx → 想找人（ 发 ）广告，找 `boss91m1`
2022-06-23 23:12:13jiu_777 → 需要 软、件，找 `boss91m1`
2022-06-23 23:13:18jiu_777 → 专业（发 ）广告，联系我 `boss91m1`
2022-06-23 23:13:46si1688 → 想要（发 ）广告，找 `boss91m1`
2022-06-23 23:15:02jiu_777 → 需要 群、发，找 `boss91m1`
2022-06-23 23:16:00-1001692409589 → 需要 软、件，找 `boss91m1`
2022-06-23 23:16:35jiu_777 → 想找人（ 发 ）广告，找 `boss91m1`
2022-06-23 23:18:02-1001692409589 → 需要 群、发软、件，找 `boss91m1`
2022-06-23 23:18:20jiu_777 → 要（发 ）广告，联系 `boss91m1`
2022-06-23 23:19:25jiu_777 → 来（发 ）广告，联系 `boss91m1`
2022-06-23 23:19:42bc123hx → 要（发 ）广告，联系 `boss91m1`
2022-06-23 23:20:57si1688 → 需要 群、发软、件，找 `boss91m1`
2022-06-23 23:21:15jiu_777 → 需要 群、发，找 `boss91m1`
2022-06-23 23:22:40hfjiema → 来（发 ）广告，联系 `boss91m1`
2022-06-23 23:22:58jiu_777 → 需要 群、发，找 `boss91m1`
2022-06-23 23:24:02si1688 → 专业（发 ）广告，联系我 `boss91m1`
2022-06-23 23:24:20jiu_777 → 想要（发 ）广告，找 `boss91m1`
2022-06-23 23:25:47bc123hx → 准备（发 ）广告，找 `boss91m1`
2022-06-23 23:26:05jiu_777 → 准备（发 ）广告，找 `boss91m1`
2022-06-23 23:26:50-1001692409589 → 专业（发 ）广告，联系我 `boss91m1`
2022-06-23 23:27:36jiu_777 → 准备（发 ）广告，找 `boss91m1`
2022-06-23 23:28:22si1688 → 专业（发 ）广告，联系我 `boss91m1`
2022-06-23 23:28:47jiu_777 → 来（发 ）广告，联系 `boss91m1`
2022-06-23 23:29:35-1001692409589 → 来（发 ）广告，联系 `boss91m1`
2022-06-23 23:30:22jiu_777 → 想要（发 ）广告，找 `boss91m1`
2022-06-23 23:31:31bc123hx → 要（发 ）广告，联系 `boss91m1`
2022-06-23 23:32:10jiu_777 → 需要 软、件，找 `boss91m1`
2022-06-23 23:33:25jiu_777 → 准备（发 ）广告，找 `boss91m1`
2022-06-23 23:35:06jiu_777 → 准备（发 ）广告，找 `boss91m1`
2022-06-23 23:35:23-1001692409589 → (session) 协议号，零售、批发 找，`boss91m1`
2022-06-23 23:36:08bc123hx → 专业（发 ）广告，联系我 `boss91m1`
2022-06-23 23:36:42si1688 → 需要 软、件，找 `boss91m1`
2022-06-23 23:37:00jiu_777 → 需要 群、发软、件，找 `boss91m1`
2022-06-23 23:38:16jiu_777 → 准备（发 ）广告，找 `boss91m1`
2022-06-23 23:39:32hfjiema → 想找人（ 发 ）广告，找 `boss91m1`
2022-06-23 23:39:50jiu_777 → 要（发 ）广告，联系 `boss91m1`
2022-06-23 23:40:24si1688 → 来（发 ）广告，联系 `boss91m1`
2022-06-23 23:41:11jiu_777 → 来（发 ）广告，联系 `boss91m1`
2022-06-23 23:41:38bc123hx → 要（发 ）广告，联系 `boss91m1`
2022-06-23 23:42:44jiu_777 → 来（发 ）广告，联系 `boss91m1`
2022-06-23 23:43:12-1001692409589 → 想要（发 ）广告，找 `boss91m1`
2022-06-23 23:44:16jiu_777 → (session) 协议号，零售、批发 找，`boss91m1`
2022-06-23 23:44:44-1001692409589 → 来（发 ）广告，联系 `boss91m1`
2022-06-23 23:45:29si1688 → 准备（发 ）广告，找 `boss91m1`
2022-06-23 23:45:54jiu_777 → 专业（发 ）广告，联系我 `boss91m1`
2022-06-23 23:46:22bc123hx → 需要 软、件，找 `boss91m1`
2022-06-23 23:47:27jiu_777 → 需要 群、发，找 `boss91m1`
2022-06-23 23:47:51jiemaLine → (session) 协议号，零售、批发 找，`boss91m1`
2022-06-23 23:49:29jiu_777 → 想要（发 ）广告，找 `boss91m1`
2022-06-23 23:50:36jiu_777 → 来（发 ）广告，联系 `boss91m1`
2022-06-23 23:52:15jiu_777 → 需要 群、发，找 `boss91m1`
2022-06-23 23:52:32si1688 → 想找人（ 发 ）广告，找 `boss91m1`
2022-06-23 23:52:56bc123hx → 准备（发 ）广告，找 `boss91m1`
2022-06-23 23:53:43jiu_777 → (session) 协议号，零售、批发 找，`boss91m1`
2022-06-23 23:53:59-1001692409589 → (session) 协议号，零售、批发 找，`boss91m1`
2022-06-23 23:55:14bc123hx → 需要 群、发软、件，找 `boss91m1`
2022-06-23 23:55:32jiu_777 → 要（发 ）广告，联系 `boss91m1`
2022-06-23 23:56:07jiemaWhatsApp → 需要 软、件，找 `boss91m1`
2022-06-23 23:56:51si1688 → 来（发 ）广告，联系 `boss91m1`
2022-06-23 23:57:09jiu_777 → 想找人（ 发 ）广告，找 `boss91m1`
2022-06-23 23:58:05hfjiema → (session) 协议号，零售、批发 找，`boss91m1`
2022-06-23 23:58:53jiu_777 → 来（发 ）广告，联系 `boss91m1`
2022-06-23 23:59:16-1001692409589 → 来（发 ）广告，联系 `boss91m1`