
2022-06-16 00:01:08amjwg → (session) 协议号，零售、批发 找，bs91m1
2022-06-16 00:03:59xd836809 → 需要 群、发，找 bs91m1
2022-06-16 00:04:59lbbet → 来（发 ）广告，联系 bs91m1
2022-06-16 00:09:50yhksijiantao11 → 要（发 ）广告，联系 bs91m1
2022-06-16 00:13:33yunqian68 → 需要 群、发，找 bs91m1
2022-06-16 00:14:39dsfdshhs → 想找人（ 发 ）广告，找 bs91m1
2022-06-16 00:19:18shujyinl → 专业（发 ）广告，联系我 bs91m1
2022-06-16 00:21:16cvv666money → 需要 群、发软、件，找 bs91m1
2022-06-16 00:24:13phpzufang → 需要 群、发，找 bs91m1
2022-06-16 00:26:13xianliaoq → 来（发 ）广告，联系 bs91m1
2022-06-16 00:29:59jiaoyouqun123 → 来（发 ）广告，联系 bs91m1
2022-06-16 00:34:50seguiren → 要（发 ）广告，联系 bs91m1
2022-06-16 00:40:08Philippines_visa → 想找人（ 发 ）广告，找 bs91m1
2022-06-16 00:42:08shujyinl → 专业（发 ）广告，联系我 bs91m1
2022-06-16 00:43:08miaomiao12356 → 需要 群、发，找 bs91m1
2022-06-16 00:44:14Hpy888 → 想要（发 ）广告，找 bs91m1
2022-06-16 00:46:04yhksijiantao11 → 需要 群、发，找 bs91m1
2022-06-16 00:48:02cvv666money → 要（发 ）广告，联系 bs91m1
2022-06-16 00:49:03yinlianguoji → 要（发 ）广告，联系 bs91m1
2022-06-16 00:50:11Hpy111 → 想要（发 ）广告，找 bs91m1
2022-06-16 00:52:03phpzufang → 需要 软、件，找 bs91m1
2022-06-16 00:53:11amjwg → 要（发 ）广告，联系 bs91m1
2022-06-16 00:55:03seguiren → 准备（发 ）广告，找 bs91m1
2022-06-16 00:56:09jiaoyouqun123 → 想要（发 ）广告，找 bs91m1
2022-06-16 01:00:50sirenweixin3 → 想找人（ 发 ）广告，找 bs91m1
2022-06-16 01:02:00yunqian68 → 准备（发 ）广告，找 bs91m1
2022-06-16 01:03:03miaomiao12356 → 需要 群、发，找 bs91m1
2022-06-16 01:05:54zgfCYJT → 需要 群、发软、件，找 bs91m1
2022-06-16 01:06:53xianliaoq → 专业（发 ）广告，联系我 bs91m1
2022-06-16 01:12:37lbbet → 需要 群、发软、件，找 bs91m1
2022-06-16 01:18:22dsfdshhs → (session) 协议号，零售、批发 找，bs91m1
2022-06-16 01:22:15phpzufang → 专业（发 ）广告，联系我 bs91m1
2022-06-16 01:26:02shujyinl → 专业（发 ）广告，联系我 bs91m1
2022-06-16 01:30:53cvv666money → 来（发 ）广告，联系 bs91m1
2022-06-16 01:35:38jiaoyouqun123 → 需要 软、件，找 bs91m1
2022-06-16 01:36:44seguiren → 需要 软、件，找 bs91m1
2022-06-16 01:37:45xd836809 → 专业（发 ）广告，联系我 bs91m1
2022-06-16 01:40:38fgdfdfherh → 需要 软、件，找 bs91m1
2022-06-16 01:41:36yhksijiantao11 → 专业（发 ）广告，联系我 bs91m1
2022-06-16 01:42:46amjwg → 需要 群、发软、件，找 bs91m1
2022-06-16 01:43:45lbbet → (session) 协议号，零售、批发 找，bs91m1
2022-06-16 01:46:33yunqian68 → 想找人（ 发 ）广告，找 bs91m1
2022-06-16 01:47:36guojitongdaoduanxin → 准备（发 ）广告，找 bs91m1
2022-06-16 01:48:45dream888 → 来（发 ）广告，联系 bs91m1
2022-06-16 01:53:27dsfdshhs → 准备（发 ）广告，找 bs91m1
2022-06-16 01:57:09joinBCPH → 需要 软、件，找 bs91m1
2022-06-16 01:58:17xianliaoq → 需要 群、发软、件，找 bs91m1
2022-06-16 02:00:09miaomiao12356 → 需要 软、件，找 bs91m1
2022-06-16 02:01:17dream888 → 要（发 ）广告，联系 bs91m1
2022-06-16 02:04:08xd836809 → 来（发 ）广告，联系 bs91m1
2022-06-16 02:06:00sirenweixin3 → 专业（发 ）广告，联系我 bs91m1
2022-06-16 02:07:59phpzufang → 准备（发 ）广告，找 bs91m1
2022-06-16 02:11:00shujyinl → 想找人（ 发 ）广告，找 bs91m1
2022-06-16 02:16:10cvv666money → 需要 群、发软、件，找 bs91m1
2022-06-16 02:19:03yhksijiantao11 → 准备（发 ）广告，找 bs91m1
2022-06-16 02:25:40yunqian68 → 想找人（ 发 ）广告，找 bs91m1
2022-06-16 02:29:26seguiren → 想要（发 ）广告，找 bs91m1
2022-06-16 02:33:24jiaoyouqun123 → 想找人（ 发 ）广告，找 bs91m1
2022-06-16 02:37:07dsfdshhs → 准备（发 ）广告，找 bs91m1
2022-06-16 02:38:08Hpy111 → 需要 群、发软、件，找 bs91m1
2022-06-16 02:39:16dubai13148888 → 准备（发 ）广告，找 bs91m1
2022-06-16 02:40:14xianliaoq → (session) 协议号，零售、批发 找，bs91m1
2022-06-16 02:43:03lbbet → 需要 群、发，找 bs91m1
2022-06-16 02:44:04guojitongdaoduanxin → 来（发 ）广告，联系 bs91m1
2022-06-16 02:47:54yunqian68 → 需要 群、发软、件，找 bs91m1
2022-06-16 02:50:53jiaoyouqun123 → 要（发 ）广告，联系 bs91m1
2022-06-16 02:52:44yinlianguoji → 来（发 ）广告，联系 bs91m1
2022-06-16 02:53:49cvv666money → 需要 群、发，找 bs91m1
2022-06-16 02:54:51xd836809 → (session) 协议号，零售、批发 找，bs91m1
2022-06-16 02:56:50zgfCYJT → 准备（发 ）广告，找 bs91m1
2022-06-16 02:57:50lbbet → 准备（发 ）广告，找 bs91m1
2022-06-16 03:01:40Hpy111 → 来（发 ）广告，联系 bs91m1
2022-06-16 03:02:46seguiren → 需要 群、发，找 bs91m1
2022-06-16 03:03:46Philippines_visa → 来（发 ）广告，联系 bs91m1
2022-06-16 03:05:43sirenweixin3 → 想找人（ 发 ）广告，找 bs91m1
2022-06-16 03:07:37phniuniu → 专业（发 ）广告，联系我 bs91m1
2022-06-16 03:10:30dsfdshhs → (session) 协议号，零售、批发 找，bs91m1
2022-06-16 03:12:29xianliaoq → (session) 协议号，零售、批发 找，bs91m1
2022-06-16 03:15:24phpzufang → 来（发 ）广告，联系 bs91m1
2022-06-16 03:18:13yhksijiantao11 → 需要 群、发软、件，找 bs91m1
2022-06-16 03:23:59shujyinl → 需要 软、件，找 bs91m1
2022-06-16 03:28:45jiaoyouqun123 → 来（发 ）广告，联系 bs91m1
2022-06-16 03:36:14phpzufang → 准备（发 ）广告，找 bs91m1
2022-06-16 03:39:03shujyinl → 来（发 ）广告，联系 bs91m1
2022-06-16 03:43:04amjwg → 想要（发 ）广告，找 bs91m1
2022-06-16 03:44:55seguiren → 需要 群、发软、件，找 bs91m1
2022-06-16 03:46:03phniuniu → 需要 群、发，找 bs91m1
2022-06-16 03:47:03dsfdshhs → 需要 群、发软、件，找 bs91m1
2022-06-16 03:49:01yhksijiantao11 → (session) 协议号，零售、批发 找，bs91m1
2022-06-16 03:50:54dubai13148888 → 专业（发 ）广告，联系我 bs91m1
2022-06-16 03:52:52xianliaoq → 需要 群、发软、件，找 bs91m1
2022-06-16 03:53:53fgdfdfherh → 专业（发 ）广告，联系我 bs91m1
2022-06-16 03:54:59cvv666money → 专业（发 ）广告，联系我 bs91m1
2022-06-16 03:56:50xd836809 → (session) 协议号，零售、批发 找，bs91m1
2022-06-16 03:59:00Philippines_visa → 需要 群、发软、件，找 bs91m1
2022-06-16 04:01:52lbbet → 来（发 ）广告，联系 bs91m1
2022-06-16 04:02:52G88888880 → (session) 协议号，零售、批发 找，bs91m1
2022-06-16 04:03:59yunqian68 → 准备（发 ）广告，找 bs91m1
2022-06-16 04:10:40seguiren → 来（发 ）广告，联系 bs91m1
2022-06-16 04:13:31xianliaoq → 准备（发 ）广告，找 bs91m1
2022-06-16 04:15:30sirenweixin3 → (session) 协议号，零售、批发 找，bs91m1
2022-06-16 04:20:05yunqian68 → 要（发 ）广告，联系 bs91m1
2022-06-16 04:25:44jiaoyouqun123 → 想要（发 ）广告，找 bs91m1
2022-06-16 04:27:41dsfdshhs → 想找人（ 发 ）广告，找 bs91m1
2022-06-16 04:29:39yhksijiantao11 → 需要 群、发软、件，找 bs91m1
2022-06-16 04:34:12shujyinl → 来（发 ）广告，联系 bs91m1
2022-06-16 04:36:11lbbet → 要（发 ）广告，联系 bs91m1
2022-06-16 04:40:05phpzufang → 想找人（ 发 ）广告，找 bs91m1
2022-06-16 04:41:11cvv666money → 想找人（ 发 ）广告，找 bs91m1
2022-06-16 04:45:03jiaoyouqun123 → 想要（发 ）广告，找 bs91m1
2022-06-16 04:49:51sirenweixin3 → 来（发 ）广告，联系 bs91m1
2022-06-16 04:50:57dsfdshhs → 需要 群、发软、件，找 bs91m1
2022-06-16 04:52:55cvv666money → (session) 协议号，零售、批发 找，bs91m1
2022-06-16 04:54:57yhksijiantao11 → 想要（发 ）广告，找 bs91m1
2022-06-16 04:56:55lbbet → (session) 协议号，零售、批发 找，bs91m1
2022-06-16 04:59:44phpzufang → 准备（发 ）广告，找 bs91m1
2022-06-16 05:00:49xianliaoq → 来（发 ）广告，联系 bs91m1
2022-06-16 05:03:40shujyinl → 想找人（ 发 ）广告，找 bs91m1
2022-06-16 05:06:43yunqian68 → 来（发 ）广告，联系 bs91m1
2022-06-16 05:08:42seguiren → 来（发 ）广告，联系 bs91m1
2022-06-16 05:13:22yhksijiantao11 → 要（发 ）广告，联系 bs91m1
2022-06-16 05:16:43sirenweixin3 → 专业（发 ）广告，联系我 bs91m1
2022-06-16 05:19:33phpzufang → (session) 协议号，零售、批发 找，bs91m1
2022-06-16 05:21:32dsfdshhs → 需要 群、发，找 bs91m1
2022-06-16 05:22:38yunqian68 → 想要（发 ）广告，找 bs91m1
2022-06-16 05:24:35xianliaoq → (session) 协议号，零售、批发 找，bs91m1
2022-06-16 05:26:33lbbet → 来（发 ）广告，联系 bs91m1
2022-06-16 05:29:23cvv666money → 需要 群、发，找 bs91m1
2022-06-16 05:31:20jiaoyouqun123 → 想找人（ 发 ）广告，找 bs91m1
2022-06-16 05:33:17seguiren → 来（发 ）广告，联系 bs91m1
2022-06-16 05:34:25shujyinl → 需要 软、件，找 bs91m1
2022-06-16 05:40:11dsfdshhs → 要（发 ）广告，联系 bs91m1
2022-06-16 05:43:01lbbet → 想要（发 ）广告，找 bs91m1
2022-06-16 05:44:59sirenweixin3 → (session) 协议号，零售、批发 找，bs91m1
2022-06-16 05:46:05xianliaoq → 来（发 ）广告，联系 bs91m1
2022-06-16 05:48:56seguiren → 来（发 ）广告，联系 bs91m1
2022-06-16 05:52:00yunqian68 → 准备（发 ）广告，找 bs91m1
2022-06-16 05:54:49shujyinl → 来（发 ）广告，联系 bs91m1
2022-06-16 05:58:46cvv666money → 来（发 ）广告，联系 bs91m1
2022-06-16 05:59:52phpzufang → 需要 群、发，找 bs91m1
2022-06-16 06:01:50jiaoyouqun123 → (session) 协议号，零售、批发 找，bs91m1
2022-06-16 06:03:48yhksijiantao11 → 需要 软、件，找 bs91m1
2022-06-16 06:07:37yhksijiantao11 → 来（发 ）广告，联系 bs91m1
2022-06-16 06:10:27shujyinl → 想找人（ 发 ）广告，找 bs91m1
2022-06-16 06:11:33lbbet → 需要 群、发，找 bs91m1
2022-06-16 06:15:34cvv666money → 需要 群、发，找 bs91m1
2022-06-16 06:18:24sirenweixin3 → 想要（发 ）广告，找 bs91m1
2022-06-16 06:20:21seguiren → 来（发 ）广告，联系 bs91m1
2022-06-16 06:26:18xianliaoq → 来（发 ）广告，联系 bs91m1
2022-06-16 06:27:23phpzufang → 专业（发 ）广告，联系我 bs91m1
2022-06-16 06:30:14dsfdshhs → (session) 协议号，零售、批发 找，bs91m1
2022-06-16 06:32:13jiaoyouqun123 → 想找人（ 发 ）广告，找 bs91m1
2022-06-16 06:33:20yunqian68 → 专业（发 ）广告，联系我 bs91m1
2022-06-16 06:39:57yunqian68 → 专业（发 ）广告，联系我 bs91m1
2022-06-16 06:41:03cvv666money → 想要（发 ）广告，找 bs91m1
2022-06-16 06:43:53yhksijiantao11 → 想找人（ 发 ）广告，找 bs91m1
2022-06-16 06:44:59seguiren → 专业（发 ）广告，联系我 bs91m1
2022-06-16 06:46:58xianliaoq → 需要 软、件，找 bs91m1
2022-06-16 06:48:57jiaoyouqun123 → 来（发 ）广告，联系 bs91m1
2022-06-16 06:51:47shujyinl → (session) 协议号，零售、批发 找，bs91m1
2022-06-16 06:53:46dsfdshhs → (session) 协议号，零售、批发 找，bs91m1
2022-06-16 06:54:52lbbet → 要（发 ）广告，联系 bs91m1
2022-06-16 06:58:48phpzufang → 需要 软、件，找 bs91m1
2022-06-16 07:00:46sirenweixin3 → 专业（发 ）广告，联系我 bs91m1
2022-06-16 07:07:25cvv666money → 想找人（ 发 ）广告，找 bs91m1
2022-06-16 07:11:22yhksijiantao11 → 专业（发 ）广告，联系我 bs91m1
2022-06-16 07:13:21seguiren → 来（发 ）广告，联系 bs91m1
2022-06-16 07:14:27phpzufang → 准备（发 ）广告，找 bs91m1
2022-06-16 07:17:15shujyinl → 想找人（ 发 ）广告，找 bs91m1
2022-06-16 07:18:22xianliaoq → 想找人（ 发 ）广告，找 bs91m1
2022-06-16 07:23:07yunqian68 → 想找人（ 发 ）广告，找 bs91m1
2022-06-16 07:24:13jiaoyouqun123 → 准备（发 ）广告，找 bs91m1
2022-06-16 07:27:02dsfdshhs → 需要 软、件，找 bs91m1
2022-06-16 07:28:59sirenweixin3 → 来（发 ）广告，联系 bs91m1
2022-06-16 07:31:58xianliaoq → 来（发 ）广告，联系 bs91m1
2022-06-16 07:33:57yunqian68 → 来（发 ）广告，联系 bs91m1
2022-06-16 07:35:55shujyinl → 需要 群、发，找 bs91m1
2022-06-16 07:37:51seguiren → 来（发 ）广告，联系 bs91m1
2022-06-16 07:40:42jiaoyouqun123 → 需要 软、件，找 bs91m1
2022-06-16 07:42:41yhksijiantao11 → 要（发 ）广告，联系 bs91m1
2022-06-16 07:43:47lbbet → 想找人（ 发 ）广告，找 bs91m1
2022-06-16 07:45:45cvv666money → 想要（发 ）广告，找 bs91m1
2022-06-16 07:47:44sirenweixin3 → 需要 群、发，找 bs91m1
2022-06-16 07:51:40dsfdshhs → 来（发 ）广告，联系 bs91m1
2022-06-16 07:53:37phpzufang → 想找人（ 发 ）广告，找 bs91m1
2022-06-16 07:59:24shujyinl → (session) 协议号，零售、批发 找，bs91m1
2022-06-16 08:02:15yhksijiantao11 → 需要 软、件，找 bs91m1
2022-06-16 08:03:21lbbet → (session) 协议号，零售、批发 找，bs91m1
2022-06-16 08:05:18cvv666money → 需要 群、发软、件，找 bs91m1
2022-06-16 08:08:07seguiren → 需要 软、件，找 bs91m1
2022-06-16 08:12:03yunqian68 → 要（发 ）广告，联系 bs91m1
2022-06-16 08:15:59xianliaoq → 想找人（ 发 ）广告，找 bs91m1
2022-06-16 08:17:57dsfdshhs → 想找人（ 发 ）广告，找 bs91m1
2022-06-16 08:19:04jiaoyouqun123 → 需要 群、发软、件，找 bs91m1
2022-06-16 08:22:59phpzufang → 想找人（ 发 ）广告，找 bs91m1
2022-06-16 08:27:40sirenweixin3 → 需要 群、发，找 bs91m1
2022-06-16 08:28:47seguiren → 需要 群、发软、件，找 bs91m1
2022-06-16 08:30:46phpzufang → 想找人（ 发 ）广告，找 bs91m1
2022-06-16 08:33:37shujyinl → (session) 协议号，零售、批发 找，bs91m1
2022-06-16 08:37:34lbbet → 需要 软、件，找 bs91m1
2022-06-16 08:38:41yunqian68 → 需要 群、发，找 bs91m1
2022-06-16 08:40:38xianliaoq → 要（发 ）广告，联系 bs91m1
2022-06-16 08:43:28cvv666money → 需要 群、发，找 bs91m1
2022-06-16 08:45:28yhksijiantao11 → 专业（发 ）广告，联系我 bs91m1
2022-06-16 08:46:35jiaoyouqun123 → 需要 群、发，找 bs91m1
2022-06-16 08:49:27dsfdshhs → 专业（发 ）广告，联系我 bs91m1
2022-06-16 08:54:21xianliaoq → 专业（发 ）广告，联系我 bs91m1
2022-06-16 08:58:21seguiren → 需要 群、发软、件，找 bs91m1
2022-06-16 09:00:19jiaoyouqun123 → 想找人（ 发 ）广告，找 bs91m1
2022-06-16 09:04:18shujyinl → (session) 协议号，零售、批发 找，bs91m1
2022-06-16 09:07:07lbbet → 准备（发 ）广告，找 bs91m1
2022-06-16 09:08:14yhksijiantao11 → 专业（发 ）广告，联系我 bs91m1
2022-06-16 09:11:05cvv666money → 想找人（ 发 ）广告，找 bs91m1
2022-06-16 09:12:11phpzufang → 准备（发 ）广告，找 bs91m1
2022-06-16 09:16:59dsfdshhs → 准备（发 ）广告，找 bs91m1
2022-06-16 09:18:56sirenweixin3 → 需要 群、发软、件，找 bs91m1
2022-06-16 09:20:02yunqian68 → 专业（发 ）广告，联系我 bs91m1
2022-06-16 09:26:42xianliaoq → 需要 群、发，找 bs91m1
2022-06-16 09:29:41yunqian68 → 想找人（ 发 ）广告，找 bs91m1
2022-06-16 09:31:40yhksijiantao11 → 需要 群、发，找 bs91m1
2022-06-16 09:34:29seguiren → 准备（发 ）广告，找 bs91m1
2022-06-16 09:36:27phpzufang → 准备（发 ）广告，找 bs91m1
2022-06-16 09:39:31cvv666money → 来（发 ）广告，联系 bs91m1
2022-06-16 09:41:29shujyinl → 需要 软、件，找 bs91m1
2022-06-16 09:44:18lbbet → 想找人（ 发 ）广告，找 bs91m1
2022-06-16 09:46:16jiaoyouqun123 → 来（发 ）广告，联系 bs91m1
2022-06-16 09:52:18shujyinl → 来（发 ）广告，联系 bs91m1
2022-06-16 09:54:16cvv666money → (session) 协议号，零售、批发 找，bs91m1
2022-06-16 09:58:11lbbet → 需要 群、发，找 bs91m1
2022-06-16 09:59:17jiaoyouqun123 → 来（发 ）广告，联系 bs91m1
2022-06-16 10:02:07xianliaoq → 需要 群、发，找 bs91m1
2022-06-16 10:03:15seguiren → 要（发 ）广告，联系 bs91m1
2022-06-16 10:06:06dsfdshhs → (session) 协议号，零售、批发 找，bs91m1
2022-06-16 10:07:11phpzufang → 准备（发 ）广告，找 bs91m1
2022-06-16 10:12:00yhksijiantao11 → 准备（发 ）广告，找 bs91m1
2022-06-16 10:13:58sirenweixin3 → 需要 软、件，找 bs91m1
2022-06-16 10:15:55yunqian68 → 需要 群、发软、件，找 bs91m1
2022-06-16 10:18:54sirenweixin3 → (session) 协议号，零售、批发 找，bs91m1
2022-06-16 10:20:53yunqian68 → 需要 群、发软、件，找 bs91m1
2022-06-16 10:25:40jiaoyouqun123 → 需要 群、发软、件，找 bs91m1
2022-06-16 10:26:47cvv666money → 需要 群、发，找 bs91m1
2022-06-16 10:29:37yhksijiantao11 → 想要（发 ）广告，找 bs91m1
2022-06-16 10:31:35phpzufang → 专业（发 ）广告，联系我 bs91m1
2022-06-16 10:32:42xianliaoq → 需要 群、发，找 bs91m1
2022-06-16 10:34:40lbbet → 需要 群、发，找 bs91m1
2022-06-16 10:37:30seguiren → 来（发 ）广告，联系 bs91m1
2022-06-16 10:39:28shujyinl → 想找人（ 发 ）广告，找 bs91m1
2022-06-16 10:42:32dsfdshhs → 想找人（ 发 ）广告，找 bs91m1
2022-06-16 10:46:22phpzufang → 来（发 ）广告，联系 bs91m1
2022-06-16 10:48:19cvv666money → 要（发 ）广告，联系 bs91m1
2022-06-16 10:52:09jiaoyouqun123 → 专业（发 ）广告，联系我 bs91m1
2022-06-16 10:54:08shujyinl → 来（发 ）广告，联系 bs91m1
2022-06-16 10:56:57seguiren → 需要 软、件，找 bs91m1
2022-06-16 11:01:58lbbet → 想找人（ 发 ）广告，找 bs91m1
2022-06-16 11:06:46xianliaoq → 需要 软、件，找 bs91m1
2022-06-16 11:08:46yunqian68 → 需要 群、发，找 bs91m1
2022-06-16 11:10:43yhksijiantao11 → 要（发 ）广告，联系 bs91m1
2022-06-16 11:16:31yunqian68 → 想找人（ 发 ）广告，找 bs91m1
2022-06-16 11:18:27dsfdshhs → 需要 软、件，找 bs91m1
2022-06-16 11:20:25lbbet → 需要 软、件，找 bs91m1
2022-06-16 11:22:24phpzufang → 来（发 ）广告，联系 bs91m1
2022-06-16 11:24:22jiaoyouqun123 → 想找人（ 发 ）广告，找 bs91m1
2022-06-16 11:26:21yhksijiantao11 → (session) 协议号，零售、批发 找，bs91m1
2022-06-16 11:30:17YHK_security → 专业（发 ）广告，联系我 bs91m1
2022-06-16 11:32:15shujyinl → 需要 群、发，找 bs91m1
2022-06-16 11:34:14xianliaoq → (session) 协议号，零售、批发 找，bs91m1
2022-06-16 11:36:13cvv666money → 专业（发 ）广告，联系我 bs91m1
2022-06-16 11:38:12seguiren → 来（发 ）广告，联系 bs91m1
2022-06-16 11:43:58sirenweixin3 → 专业（发 ）广告，联系我 bs91m1
2022-06-16 11:45:06cvv666money → (session) 协议号，零售、批发 找，bs91m1
2022-06-16 11:47:54dsfdshhs → 来（发 ）广告，联系 bs91m1
2022-06-16 11:49:00shujyinl → 想找人（ 发 ）广告，找 bs91m1
2022-06-16 11:53:49yunqian68 → 专业（发 ）广告，联系我 bs91m1
2022-06-16 11:55:46phpzufang → (session) 协议号，零售、批发 找，bs91m1
2022-06-16 11:57:42seguiren → 需要 群、发软、件，找 bs91m1
2022-06-16 11:59:41lbbet → 专业（发 ）广告，联系我 bs91m1
2022-06-16 12:01:38jiaoyouqun123 → 需要 群、发，找 bs91m1
2022-06-16 12:02:44xianliaoq → 想找人（ 发 ）广告，找 bs91m1
2022-06-16 12:04:40yhksijiantao11 → 准备（发 ）广告，找 bs91m1
2022-06-16 12:11:19shujyinl → 准备（发 ）广告，找 bs91m1
2022-06-16 12:15:12jiaoyouqun123 → 专业（发 ）广告，联系我 bs91m1
2022-06-16 12:16:18yhksijiantao11 → 专业（发 ）广告，联系我 bs91m1
2022-06-16 12:18:15phpzufang → 来（发 ）广告，联系 bs91m1
2022-06-16 12:23:02yunqian68 → 要（发 ）广告，联系 bs91m1
2022-06-16 12:25:00dsfdshhs → 要（发 ）广告，联系 bs91m1
2022-06-16 12:26:57cvv666money → 需要 群、发软、件，找 bs91m1
2022-06-16 12:28:03xianliaoq → 需要 群、发，找 bs91m1
2022-06-16 12:30:01lbbet → 想找人（ 发 ）广告，找 bs91m1
2022-06-16 12:31:59seguiren → 专业（发 ）广告，联系我 bs91m1
2022-06-16 12:37:44cvv666money → 来（发 ）广告，联系 bs91m1
2022-06-16 12:40:35lbbet → 专业（发 ）广告，联系我 bs91m1
2022-06-16 12:41:42dsfdshhs → 来（发 ）广告，联系 bs91m1
2022-06-16 12:43:40shujyinl → 来（发 ）广告，联系 bs91m1
2022-06-16 12:45:37YHK_security → 要（发 ）广告，联系 bs91m1
2022-06-16 12:47:36seguiren → 需要 群、发，找 bs91m1
2022-06-16 12:49:33sirenweixin3 → 准备（发 ）广告，找 bs91m1
2022-06-16 12:51:31xianliaoq → 来（发 ）广告，联系 bs91m1
2022-06-16 12:54:20yhksijiantao11 → 要（发 ）广告，联系 bs91m1
2022-06-16 12:56:16jiaoyouqun123 → 来（发 ）广告，联系 bs91m1