
2022-06-22 00:00:55axujj → 需要 群、发软、件，找 `boss91m1`
2022-06-22 00:01:12laowangdan → 专业（发 ）广告，联系我 `boss91m1`
2022-06-22 00:01:49xingbi0088 → (session) 协议号，零售、批发 找，`boss91m1`
2022-06-22 00:02:30KMFW56789 → 来（发 ）广告，联系 `boss91m1`
2022-06-22 00:02:49iBox_official → 需要 群、发软、件，找 `boss91m1`
2022-06-22 00:03:25meizi005 → 想要（发 ）广告，找 `boss91m1`
2022-06-22 00:03:43jiu_777 → 需要 软、件，找 `boss91m1`
2022-06-22 00:04:21yindutg → 需要 群、发，找 `boss91m1`
2022-06-22 00:04:51bclm1 → 想要（发 ）广告，找 `boss91m1`
2022-06-22 00:05:07divulgacaoblaze → 准备（发 ）广告，找 `boss91m1`
2022-06-22 00:05:25NodeGlobal → 来（发 ）广告，联系 `boss91m1`
2022-06-22 00:06:14zscd18 → 需要 群、发软、件，找 `boss91m1`
2022-06-22 00:06:43qxinw → 要（发 ）广告，联系 `boss91m1`
2022-06-22 00:08:33dbjlq1 → 需要 软、件，找 `boss91m1`
2022-06-22 00:09:03laowangdan → 来（发 ）广告，联系 `boss91m1`
2022-06-22 00:09:32tz636 → (session) 协议号，零售、批发 找，`boss91m1`
2022-06-22 00:09:50baocai217 → 来（发 ）广告，联系 `boss91m1`
2022-06-22 00:10:45sanfang53 → 来（发 ）广告，联系 `boss91m1`
2022-06-22 00:11:02xbdb01 → 准备（发 ）广告，找 `boss91m1`
2022-06-22 00:11:31dyjiaoliu → 想要（发 ）广告，找 `boss91m1`
2022-06-22 00:11:49xingbi0088 → 需要 软、件，找 `boss91m1`
2022-06-22 00:12:20jiu_777 → 想找人（ 发 ）广告，找 `boss91m1`
2022-06-22 00:13:06yindutg → 需要 群、发，找 `boss91m1`
2022-06-22 00:13:25iBox_official → 需要 软、件，找 `boss91m1`
2022-06-22 00:13:42xinbi_088 → 需要 群、发软、件，找 `boss91m1`
2022-06-22 00:14:00NodeGlobal → 想找人（ 发 ）广告，找 `boss91m1`
2022-06-22 00:14:18bc123hx → 需要 群、发软、件，找 `boss91m1`
2022-06-22 00:15:13zscd18 → 想找人（ 发 ）广告，找 `boss91m1`
2022-06-22 00:17:05tz636 → 想找人（ 发 ）广告，找 `boss91m1`
2022-06-22 00:17:40si1688 → 需要 群、发软、件，找 `boss91m1`
2022-06-22 00:18:27sunshineyyds → 来（发 ）广告，联系 `boss91m1`
2022-06-22 00:18:45divulgacaoblaze → 需要 群、发，找 `boss91m1`
2022-06-22 00:19:54iBox_official → 来（发 ）广告，联系 `boss91m1`
2022-06-22 00:20:49KMFW56789 → 来（发 ）广告，联系 `boss91m1`
2022-06-22 00:21:47sanfang53 → (session) 协议号，零售、批发 找，`boss91m1`
2022-06-22 00:22:30NodeGlobal → (session) 协议号，零售、批发 找，`boss91m1`
2022-06-22 00:23:07xinbi_088 → 准备（发 ）广告，找 `boss91m1`
2022-06-22 00:23:25xingbi0088 → 来（发 ）广告，联系 `boss91m1`
2022-06-22 00:23:44jiu_777 → 来（发 ）广告，联系 `boss91m1`
2022-06-22 00:24:24yindutg → 想找人（ 发 ）广告，找 `boss91m1`
2022-06-22 00:25:36bclm1 → 想要（发 ）广告，找 `boss91m1`
2022-06-22 00:25:54zscd18 → (session) 协议号，零售、批发 找，`boss91m1`
2022-06-22 00:26:50axujj → 要（发 ）广告，联系 `boss91m1`
2022-06-22 00:27:10tz636 → 需要 群、发，找 `boss91m1`
2022-06-22 00:27:44laowangdan → (session) 协议号，零售、批发 找，`boss91m1`
2022-06-22 00:28:45-1001692409589 → 想要（发 ）广告，找 `boss91m1`
2022-06-22 00:29:34qxinw → 专业（发 ）广告，联系我 `boss91m1`
2022-06-22 00:29:52HWDBQ → 需要 群、发，找 `boss91m1`
2022-06-22 00:30:10NodeGlobal → (session) 协议号，零售、批发 找，`boss91m1`
2022-06-22 00:30:28jiu_777 → 来（发 ）广告，联系 `boss91m1`
2022-06-22 00:31:22iBox_official → 需要 群、发软、件，找 `boss91m1`
2022-06-22 00:31:41xingbi0088 → 准备（发 ）广告，找 `boss91m1`
2022-06-22 00:32:22dbjlq1 → 准备（发 ）广告，找 `boss91m1`
2022-06-22 00:32:39baocai217 → (session) 协议号，零售、批发 找，`boss91m1`
2022-06-22 00:33:20yindutg → (session) 协议号，零售、批发 找，`boss91m1`
2022-06-22 00:33:57laowangdan → 准备（发 ）广告，找 `boss91m1`
2022-06-22 00:34:40zscd18 → 准备（发 ）广告，找 `boss91m1`
2022-06-22 00:36:20dyjiaoliu → 来（发 ）广告，联系 `boss91m1`
2022-06-22 00:36:51tz636 → 需要 群、发，找 `boss91m1`
2022-06-22 00:37:22xbdb01 → 要（发 ）广告，联系 `boss91m1`
2022-06-22 00:38:35jiu_777 → 来（发 ）广告，联系 `boss91m1`
2022-06-22 00:39:12-1001692409589 → 需要 群、发软、件，找 `boss91m1`
2022-06-22 00:39:29sunshineyyds → 要（发 ）广告，联系 `boss91m1`
2022-06-22 00:39:48sanfang53 → 要（发 ）广告，联系 `boss91m1`
2022-06-22 00:40:08NodeGlobal → 想找人（ 发 ）广告，找 `boss91m1`
2022-06-22 00:40:24divulgacaoblaze → 需要 软、件，找 `boss91m1`
2022-06-22 00:40:41zhongwen6 → 来（发 ）广告，联系 `boss91m1`
2022-06-22 00:40:59iBox_official → 需要 群、发软、件，找 `boss91m1`
2022-06-22 00:41:28xinbi_088 → 来（发 ）广告，联系 `boss91m1`
2022-06-22 00:41:47xingbi0088 → 需要 群、发软、件，找 `boss91m1`
2022-06-22 00:42:17yindutg → 需要 群、发软、件，找 `boss91m1`
2022-06-22 00:42:43tz636 → (session) 协议号，零售、批发 找，`boss91m1`
2022-06-22 00:43:24meizi005 → 准备（发 ）广告，找 `boss91m1`
2022-06-22 00:44:07HWDBQ → 想找人（ 发 ）广告，找 `boss91m1`
2022-06-22 00:45:35axujj → (session) 协议号，零售、批发 找，`boss91m1`
2022-06-22 00:47:47dbjlq1 → 需要 群、发软、件，找 `boss91m1`
2022-06-22 00:48:05qxinw → 专业（发 ）广告，联系我 `boss91m1`
2022-06-22 00:48:24laowangdan → (session) 协议号，零售、批发 找，`boss91m1`
2022-06-22 00:48:43iBox_official → 专业（发 ）广告，联系我 `boss91m1`
2022-06-22 00:49:14baocai217 → 专业（发 ）广告，联系我 `boss91m1`
2022-06-22 00:49:33yindutg → 要（发 ）广告，联系 `boss91m1`
2022-06-22 00:49:51zscd18 → 要（发 ）广告，联系 `boss91m1`
2022-06-22 00:50:08bc123hx → 要（发 ）广告，联系 `boss91m1`
2022-06-22 00:50:39jiu_777 → 准备（发 ）广告，找 `boss91m1`
2022-06-22 00:50:58NodeGlobal → 需要 软、件，找 `boss91m1`
2022-06-22 00:51:16xingbi0088 → 需要 群、发软、件，找 `boss91m1`
2022-06-22 00:51:41xinbi_088 → 想找人（ 发 ）广告，找 `boss91m1`
2022-06-22 00:52:23KMFW56789 → 要（发 ）广告，联系 `boss91m1`
2022-06-22 00:53:09hfjiema → 需要 软、件，找 `boss91m1`
2022-06-22 00:54:03tz636 → 需要 软、件，找 `boss91m1`
2022-06-22 00:55:16xbdb01 → 想要（发 ）广告，找 `boss91m1`
2022-06-22 00:55:53jiu_777 → 来（发 ）广告，联系 `boss91m1`
2022-06-22 00:56:11bclm1 → 来（发 ）广告，联系 `boss91m1`
2022-06-22 00:56:41si1688 → 准备（发 ）广告，找 `boss91m1`
2022-06-22 00:57:11zscd18 → 来（发 ）广告，联系 `boss91m1`
2022-06-22 00:57:50xingbi0088 → 专业（发 ）广告，联系我 `boss91m1`
2022-06-22 00:58:06divulgacaoblaze → 需要 群、发，找 `boss91m1`
2022-06-22 00:58:24dyjiaoliu → 需要 群、发软、件，找 `boss91m1`
2022-06-22 00:59:07NodeGlobal → 想找人（ 发 ）广告，找 `boss91m1`
2022-06-22 00:59:25baocai217 → 准备（发 ）广告，找 `boss91m1`
2022-06-22 00:59:56iBox_official → 来（发 ）广告，联系 `boss91m1`
2022-06-22 01:00:15yindutg → 想找人（ 发 ）广告，找 `boss91m1`
2022-06-22 01:01:31sunshineyyds → (session) 协议号，零售、批发 找，`boss91m1`
2022-06-22 01:02:25sanfang53 → 专业（发 ）广告，联系我 `boss91m1`
2022-06-22 01:03:07tz636 → 要（发 ）广告，联系 `boss91m1`
2022-06-22 01:03:37laowangdan → 需要 群、发软、件，找 `boss91m1`
2022-06-22 01:05:08xingbi0088 → 需要 群、发软、件，找 `boss91m1`
2022-06-22 01:06:00iBox_official → 要（发 ）广告，联系 `boss91m1`
2022-06-22 01:06:47xinbi_088 → 需要 群、发，找 `boss91m1`
2022-06-22 01:07:05jiu_777 → 来（发 ）广告，联系 `boss91m1`
2022-06-22 01:07:24KMFW56789 → 准备（发 ）广告，找 `boss91m1`
2022-06-22 01:07:58NodeGlobal → 想找人（ 发 ）广告，找 `boss91m1`
2022-06-22 01:08:41zscd18 → 来（发 ）广告，联系 `boss91m1`
2022-06-22 01:08:59yindutg → 需要 群、发软、件，找 `boss91m1`
2022-06-22 01:10:14xbdb01 → 想要（发 ）广告，找 `boss91m1`
2022-06-22 01:10:31divulgacaoblaze → 准备（发 ）广告，找 `boss91m1`
2022-06-22 01:10:51tz636 → 要（发 ）广告，联系 `boss91m1`
2022-06-22 01:12:33HWDBQ → 来（发 ）广告，联系 `boss91m1`
2022-06-22 01:13:24dyjiaoliu → 需要 软、件，找 `boss91m1`
2022-06-22 01:14:01NodeGlobal → 需要 软、件，找 `boss91m1`
2022-06-22 01:14:37qxinw → 需要 群、发，找 `boss91m1`
2022-06-22 01:14:55meizi005 → 想要（发 ）广告，找 `boss91m1`
2022-06-22 01:15:13laowangdan → 想要（发 ）广告，找 `boss91m1`
2022-06-22 01:15:31xingbi0088 → 专业（发 ）广告，联系我 `boss91m1`
2022-06-22 01:16:05zscd18 → 准备（发 ）广告，找 `boss91m1`
2022-06-22 01:16:22si1688 → 专业（发 ）广告，联系我 `boss91m1`
2022-06-22 01:16:41jiu_777 → 需要 软、件，找 `boss91m1`
2022-06-22 01:17:24iBox_official → 需要 群、发软、件，找 `boss91m1`
2022-06-22 01:17:42yindutg → 专业（发 ）广告，联系我 `boss91m1`
2022-06-22 01:18:29sunshineyyds → 想要（发 ）广告，找 `boss91m1`
2022-06-22 01:19:31axujj → (session) 协议号，零售、批发 找，`boss91m1`
2022-06-22 01:19:48bc123hx → 专业（发 ）广告，联系我 `boss91m1`
2022-06-22 01:20:29xinbi_088 → 想找人（ 发 ）广告，找 `boss91m1`
2022-06-22 01:20:59tz636 → (session) 协议号，零售、批发 找，`boss91m1`
2022-06-22 01:21:16sanfang53 → 要（发 ）广告，联系 `boss91m1`
2022-06-22 01:22:46dbjlq1 → 准备（发 ）广告，找 `boss91m1`
2022-06-22 01:23:13yindutg → 准备（发 ）广告，找 `boss91m1`
2022-06-22 01:23:44NodeGlobal → 需要 群、发，找 `boss91m1`
2022-06-22 01:24:17baocai217 → 想找人（ 发 ）广告，找 `boss91m1`
2022-06-22 01:25:19-1001692409589 → 准备（发 ）广告，找 `boss91m1`
2022-06-22 01:26:05iBox_official → 想要（发 ）广告，找 `boss91m1`
2022-06-22 01:26:32jiu_777 → (session) 协议号，零售、批发 找，`boss91m1`
2022-06-22 01:26:55xingbi0088 → 想要（发 ）广告，找 `boss91m1`
2022-06-22 01:27:29zscd18 → 想要（发 ）广告，找 `boss91m1`
2022-06-22 01:27:52bclm1 → 专业（发 ）广告，联系我 `boss91m1`
2022-06-22 01:28:51KMFW56789 → 来（发 ）广告，联系 `boss91m1`
2022-06-22 01:32:13xinbi_088 → 来（发 ）广告，联系 `boss91m1`
2022-06-22 01:32:50dbjlq1 → 来（发 ）广告，联系 `boss91m1`
2022-06-22 01:33:08xingbi0088 → 来（发 ）广告，联系 `boss91m1`
2022-06-22 01:33:40NodeGlobal → 想要（发 ）广告，找 `boss91m1`
2022-06-22 01:33:58jiu_777 → 来（发 ）广告，联系 `boss91m1`
2022-06-22 01:34:28qxinw → 需要 群、发软、件，找 `boss91m1`
2022-06-22 01:34:45laowangdan → 需要 群、发，找 `boss91m1`
2022-06-22 01:35:21yindutg → 需要 群、发软、件，找 `boss91m1`
2022-06-22 01:36:13zscd18 → 想要（发 ）广告，找 `boss91m1`
2022-06-22 01:36:32iBox_official → 来（发 ）广告，联系 `boss91m1`
2022-06-22 01:36:50-1001692409589 → 来（发 ）广告，联系 `boss91m1`
2022-06-22 01:37:27sunshineyyds → 要（发 ）广告，联系 `boss91m1`
2022-06-22 01:38:57dyjiaoliu → 想找人（ 发 ）广告，找 `boss91m1`
2022-06-22 01:39:26baocai217 → 来（发 ）广告，联系 `boss91m1`
2022-06-22 01:40:06divulgacaoblaze → 要（发 ）广告，联系 `boss91m1`
2022-06-22 01:40:23bc123hx → 想要（发 ）广告，找 `boss91m1`
2022-06-22 01:41:23jiu_777 → (session) 协议号，零售、批发 找，`boss91m1`
2022-06-22 01:41:42NodeGlobal → 需要 群、发，找 `boss91m1`
2022-06-22 01:42:00xingbi0088 → 想找人（ 发 ）广告，找 `boss91m1`
2022-06-22 01:42:32iBox_official → 准备（发 ）广告，找 `boss91m1`
2022-06-22 01:42:49axujj → 想找人（ 发 ）广告，找 `boss91m1`
2022-06-22 01:43:06HWDBQ → 要（发 ）广告，联系 `boss91m1`
2022-06-22 01:43:36sanfang53 → 要（发 ）广告，联系 `boss91m1`
2022-06-22 01:44:24xinbi_088 → 准备（发 ）广告，找 `boss91m1`
2022-06-22 01:44:43zscd18 → 来（发 ）广告，联系 `boss91m1`
2022-06-22 01:45:00xbdb01 → 专业（发 ）广告，联系我 `boss91m1`
2022-06-22 01:45:18yindutg → 专业（发 ）广告，联系我 `boss91m1`
2022-06-22 01:46:23hfjiema → 要（发 ）广告，联系 `boss91m1`
2022-06-22 01:47:05laowangdan → 来（发 ）广告，联系 `boss91m1`
2022-06-22 01:48:09bclm1 → 需要 群、发软、件，找 `boss91m1`
2022-06-22 01:49:12iBox_official → 需要 群、发，找 `boss91m1`
2022-06-22 01:49:31jiu_777 → 想找人（ 发 ）广告，找 `boss91m1`
2022-06-22 01:50:01xingbi0088 → (session) 协议号，零售、批发 找，`boss91m1`
2022-06-22 01:50:19si1688 → 需要 软、件，找 `boss91m1`
2022-06-22 01:50:49axujj → 想找人（ 发 ）广告，找 `boss91m1`
2022-06-22 01:51:07NodeGlobal → 专业（发 ）广告，联系我 `boss91m1`
2022-06-22 01:51:39sanfang53 → 来（发 ）广告，联系 `boss91m1`
2022-06-22 01:52:09yindutg → 需要 软、件，找 `boss91m1`
2022-06-22 01:52:27zscd18 → 要（发 ）广告，联系 `boss91m1`
2022-06-22 01:54:03qxinw → (session) 协议号，零售、批发 找，`boss91m1`
2022-06-22 01:55:03laowangdan → 想要（发 ）广告，找 `boss91m1`
2022-06-22 01:56:07baocai217 → 来（发 ）广告，联系 `boss91m1`
2022-06-22 01:56:23divulgacaoblaze → 来（发 ）广告，联系 `boss91m1`
2022-06-22 01:57:00sunshineyyds → 想找人（ 发 ）广告，找 `boss91m1`
2022-06-22 01:57:36zscd18 → 需要 群、发软、件，找 `boss91m1`
2022-06-22 01:58:05dyjiaoliu → 专业（发 ）广告，联系我 `boss91m1`
2022-06-22 01:58:53iBox_official → 需要 软、件，找 `boss91m1`
2022-06-22 01:59:41NodeGlobal → 需要 软、件，找 `boss91m1`
2022-06-22 01:59:59jiu_777 → 来（发 ）广告，联系 `boss91m1`
2022-06-22 02:00:17xingbi0088 → 需要 群、发，找 `boss91m1`
2022-06-22 02:00:34xinbi_088 → 需要 群、发，找 `boss91m1`
2022-06-22 02:00:52yindutg → 想找人（ 发 ）广告，找 `boss91m1`
2022-06-22 02:01:27divulgacaoblaze → 需要 群、发，找 `boss91m1`
2022-06-22 02:01:44bclm1 → 需要 软、件，找 `boss91m1`
2022-06-22 02:02:01HWDBQ → 想要（发 ）广告，找 `boss91m1`
2022-06-22 02:03:53KMFW56789 → 专业（发 ）广告，联系我 `boss91m1`
2022-06-22 02:04:42zscd18 → 想要（发 ）广告，找 `boss91m1`
2022-06-22 02:05:00jiu_777 → 准备（发 ）广告，找 `boss91m1`
2022-06-22 02:05:18-1001692409589 → 想找人（ 发 ）广告，找 `boss91m1`
2022-06-22 02:05:35xbdb01 → 想要（发 ）广告，找 `boss91m1`
2022-06-22 02:06:11xingbi0088 → 需要 群、发软、件，找 `boss91m1`
2022-06-22 02:06:29sanfang53 → 要（发 ）广告，联系 `boss91m1`
2022-06-22 02:07:31yindutg → 需要 群、发，找 `boss91m1`
2022-06-22 02:08:02iBox_official → 想要（发 ）广告，找 `boss91m1`
2022-06-22 02:08:20NodeGlobal → 需要 软、件，找 `boss91m1`
2022-06-22 02:08:38laowangdan → 想找人（ 发 ）广告，找 `boss91m1`
2022-06-22 02:09:39dbjlq1 → 来（发 ）广告，联系 `boss91m1`
2022-06-22 02:10:31xinbi_088 → 准备（发 ）广告，找 `boss91m1`
2022-06-22 02:11:31qxinw → 需要 软、件，找 `boss91m1`
2022-06-22 02:12:01si1688 → 需要 群、发软、件，找 `boss91m1`
2022-06-22 02:12:45yindutg → 需要 软、件，找 `boss91m1`
2022-06-22 02:13:31iBox_official → (session) 协议号，零售、批发 找，`boss91m1`
2022-06-22 02:13:49dyjiaoliu → 想要（发 ）广告，找 `boss91m1`
2022-06-22 02:14:07xingbi0088 → 需要 软、件，找 `boss91m1`
2022-06-22 02:14:49jiu_777 → 想找人（ 发 ）广告，找 `boss91m1`
2022-06-22 02:15:07zscd18 → (session) 协议号，零售、批发 找，`boss91m1`
2022-06-22 02:15:24bc123hx → 来（发 ）广告，联系 `boss91m1`
2022-06-22 02:15:42NodeGlobal → 需要 群、发软、件，找 `boss91m1`
2022-06-22 02:16:11baocai217 → 需要 软、件，找 `boss91m1`
2022-06-22 02:17:01KMFW56789 → 想找人（ 发 ）广告，找 `boss91m1`
2022-06-22 02:17:21xinbi_088 → (session) 协议号，零售、批发 找，`boss91m1`
2022-06-22 02:19:18bclm1 → 需要 群、发软、件，找 `boss91m1`
2022-06-22 02:20:33baocai217 → 专业（发 ）广告，联系我 `boss91m1`
2022-06-22 02:20:52hfjiema → 要（发 ）广告，联系 `boss91m1`
2022-06-22 02:21:12axujj → 想要（发 ）广告，找 `boss91m1`
2022-06-22 02:21:57jiu_777 → 准备（发 ）广告，找 `boss91m1`
2022-06-22 02:22:15laowangdan → 来（发 ）广告，联系 `boss91m1`
2022-06-22 02:22:33xingbi0088 → 需要 软、件，找 `boss91m1`
2022-06-22 02:22:54iBox_official → 需要 群、发软、件，找 `boss91m1`
2022-06-22 02:23:20yindutg → 来（发 ）广告，联系 `boss91m1`
2022-06-22 02:23:38sunshineyyds → 准备（发 ）广告，找 `boss91m1`
2022-06-22 02:24:56NodeGlobal → (session) 协议号，零售、批发 找，`boss91m1`
2022-06-22 02:26:13divulgacaoblaze → 来（发 ）广告，联系 `boss91m1`
2022-06-22 02:26:45-1001692409589 → 专业（发 ）广告，联系我 `boss91m1`
2022-06-22 02:27:26dbjlq1 → 要（发 ）广告，联系 `boss91m1`
2022-06-22 02:28:15yindutg → 想要（发 ）广告，找 `boss91m1`
2022-06-22 02:28:59jiu_777 → 想要（发 ）广告，找 `boss91m1`
2022-06-22 02:29:29xinbi_088 → 需要 群、发，找 `boss91m1`
2022-06-22 02:30:00si1688 → 需要 软、件，找 `boss91m1`
2022-06-22 02:30:18xbdb01 → 来（发 ）广告，联系 `boss91m1`
2022-06-22 02:30:51iBox_official → 准备（发 ）广告，找 `boss91m1`
2022-06-22 02:31:10KMFW56789 → 需要 软、件，找 `boss91m1`
2022-06-22 02:31:28xingbi0088 → 需要 群、发软、件，找 `boss91m1`
2022-06-22 02:31:53axujj → 准备（发 ）广告，找 `boss91m1`
2022-06-22 02:32:23NodeGlobal → 需要 群、发软、件，找 `boss91m1`
2022-06-22 02:32:52bc123hx → 专业（发 ）广告，联系我 `boss91m1`
2022-06-22 02:33:52laowangdan → 想找人（ 发 ）广告，找 `boss91m1`
2022-06-22 02:35:03HWDBQ → 来（发 ）广告，联系 `boss91m1`
2022-06-22 02:35:22yindutg → 来（发 ）广告，联系 `boss91m1`
2022-06-22 02:35:38divulgacaoblaze → 想要（发 ）广告，找 `boss91m1`
2022-06-22 02:36:08xbdb01 → 专业（发 ）广告，联系我 `boss91m1`
2022-06-22 02:36:27iBox_official → (session) 协议号，零售、批发 找，`boss91m1`
2022-06-22 02:36:45qxinw → 需要 群、发软、件，找 `boss91m1`
2022-06-22 02:37:04xingbi0088 → 要（发 ）广告，联系 `boss91m1`
2022-06-22 02:38:14jiu_777 → 来（发 ）广告，联系 `boss91m1`
2022-06-22 02:39:06NodeGlobal → 来（发 ）广告，联系 `boss91m1`
2022-06-22 02:39:36laowangdan → 专业（发 ）广告，联系我 `boss91m1`
2022-06-22 02:40:07dbjlq1 → 想找人（ 发 ）广告，找 `boss91m1`
2022-06-22 02:40:27dyjiaoliu → 来（发 ）广告，联系 `boss91m1`
2022-06-22 02:42:05xingbi0088 → 准备（发 ）广告，找 `boss91m1`
2022-06-22 02:42:25bclm1 → 来（发 ）广告，联系 `boss91m1`
2022-06-22 02:42:45hfjiema → 需要 群、发软、件，找 `boss91m1`
2022-06-22 02:43:41xinbi_088 → 来（发 ）广告，联系 `boss91m1`
2022-06-22 02:44:00iBox_official → 想要（发 ）广告，找 `boss91m1`
2022-06-22 02:44:19yindutg → 想要（发 ）广告，找 `boss91m1`
2022-06-22 02:44:37jiu_777 → 要（发 ）广告，联系 `boss91m1`
2022-06-22 02:45:52axujj → 来（发 ）广告，联系 `boss91m1`
2022-06-22 02:46:09sunshineyyds → 专业（发 ）广告，联系我 `boss91m1`
2022-06-22 02:47:04HWDBQ → 需要 群、发，找 `boss91m1`
2022-06-22 02:48:05NodeGlobal → 想找人（ 发 ）广告，找 `boss91m1`
2022-06-22 02:49:21yindutg → 专业（发 ）广告，联系我 `boss91m1`
2022-06-22 02:49:43iBox_official → 需要 群、发软、件，找 `boss91m1`
2022-06-22 02:50:03xinbi_088 → 来（发 ）广告，联系 `boss91m1`
2022-06-22 02:50:23jiemaLine → (session) 协议号，零售、批发 找，`boss91m1`
2022-06-22 02:50:43qxinw → 来（发 ）广告，联系 `boss91m1`
2022-06-22 02:51:51jiu_777 → 需要 群、发，找 `boss91m1`
2022-06-22 02:52:28xingbi0088 → 要（发 ）广告，联系 `boss91m1`
2022-06-22 02:53:09KMFW56789 → (session) 协议号，零售、批发 找，`boss91m1`
2022-06-22 02:53:41jiemaWhatsApp → 要（发 ）广告，联系 `boss91m1`
2022-06-22 02:54:19NodeGlobal → 想要（发 ）广告，找 `boss91m1`
2022-06-22 02:54:37divulgacaoblaze → (session) 协议号，零售、批发 找，`boss91m1`
2022-06-22 02:55:08laowangdan → (session) 协议号，零售、批发 找，`boss91m1`
2022-06-22 02:55:33sunshineyyds → 要（发 ）广告，联系 `boss91m1`
2022-06-22 02:56:44bc123hx → 需要 群、发，找 `boss91m1`
2022-06-22 02:57:45bclm1 → 需要 群、发，找 `boss91m1`
2022-06-22 02:58:19yindutg → 想要（发 ）广告，找 `boss91m1`
2022-06-22 02:58:38dyjiaoliu → 需要 群、发软、件，找 `boss91m1`
2022-06-22 02:59:10iBox_official → 需要 群、发软、件，找 `boss91m1`
2022-06-22 02:59:31jiu_777 → 想找人（ 发 ）广告，找 `boss91m1`
2022-06-22 03:00:27xinbi_088 → 来（发 ）广告，联系 `boss91m1`
2022-06-22 03:00:52NodeGlobal → 来（发 ）广告，联系 `boss91m1`
2022-06-22 03:02:12dbjlq1 → 需要 软、件，找 `boss91m1`
2022-06-22 03:02:46si1688 → 要（发 ）广告，联系 `boss91m1`
2022-06-22 03:03:26axujj → (session) 协议号，零售、批发 找，`boss91m1`
2022-06-22 03:03:45xingbi0088 → 需要 软、件，找 `boss91m1`
2022-06-22 03:04:08laowangdan → 需要 软、件，找 `boss91m1`
2022-06-22 03:04:42xbdb01 → 想要（发 ）广告，找 `boss91m1`
2022-06-22 03:05:05-1001692409589 → 想找人（ 发 ）广告，找 `boss91m1`
2022-06-22 03:05:29yindutg → 专业（发 ）广告，联系我 `boss91m1`
2022-06-22 03:06:19iBox_official → 需要 群、发软、件，找 `boss91m1`
2022-06-22 03:06:39jiu_777 → 想找人（ 发 ）广告，找 `boss91m1`
2022-06-22 03:08:10NodeGlobal → 需要 群、发软、件，找 `boss91m1`
2022-06-22 03:09:02divulgacaoblaze → 来（发 ）广告，联系 `boss91m1`
2022-06-22 03:10:26yindutg → 需要 群、发，找 `boss91m1`
2022-06-22 03:10:45jiu_777 → (session) 协议号，零售、批发 找，`boss91m1`
2022-06-22 03:11:16KMFW56789 → 来（发 ）广告，联系 `boss91m1`
2022-06-22 03:11:36xingbi0088 → 需要 群、发软、件，找 `boss91m1`
2022-06-22 03:11:56bclm1 → 想要（发 ）广告，找 `boss91m1`
2022-06-22 03:12:15iBox_official → 准备（发 ）广告，找 `boss91m1`
2022-06-22 03:13:13laowangdan → 要（发 ）广告，联系 `boss91m1`
2022-06-22 03:13:49qxinw → 想找人（ 发 ）广告，找 `boss91m1`
2022-06-22 03:14:32-1001692409589 → 想要（发 ）广告，找 `boss91m1`
2022-06-22 03:15:33NodeGlobal → (session) 协议号，零售、批发 找，`boss91m1`
2022-06-22 03:16:04xinbi_088 → 专业（发 ）广告，联系我 `boss91m1`
2022-06-22 03:16:24xbdb01 → 来（发 ）广告，联系 `boss91m1`
2022-06-22 03:17:15iBox_official → 来（发 ）广告，联系 `boss91m1`
2022-06-22 03:17:38yindutg → 想要（发 ）广告，找 `boss91m1`
2022-06-22 03:17:58dbjlq1 → 想要（发 ）广告，找 `boss91m1`
2022-06-22 03:18:30xingbi0088 → 专业（发 ）广告，联系我 `boss91m1`
2022-06-22 03:18:46divulgacaoblaze → 需要 软、件，找 `boss91m1`
2022-06-22 03:19:04bc123hx → 要（发 ）广告，联系 `boss91m1`
2022-06-22 03:19:36jiu_777 → 需要 软、件，找 `boss91m1`
2022-06-22 03:20:27NodeGlobal → (session) 协议号，零售、批发 找，`boss91m1`
2022-06-22 03:21:02HWDBQ → 准备（发 ）广告，找 `boss91m1`
2022-06-22 03:21:36KMFW56789 → 准备（发 ）广告，找 `boss91m1`
2022-06-22 03:22:19laowangdan → (session) 协议号，零售、批发 找，`boss91m1`
2022-06-22 03:22:37sunshineyyds → 要（发 ）广告，联系 `boss91m1`
2022-06-22 03:23:31xingbi0088 → 来（发 ）广告，联系 `boss91m1`
2022-06-22 03:23:49xinbi_088 → 需要 群、发，找 `boss91m1`
2022-06-22 03:24:08iBox_official → 想找人（ 发 ）广告，找 `boss91m1`
2022-06-22 03:26:09dbjlq1 → 想要（发 ）广告，找 `boss91m1`
2022-06-22 03:26:28jiu_777 → (session) 协议号，零售、批发 找，`boss91m1`
2022-06-22 03:26:59divulgacaoblaze → 专业（发 ）广告，联系我 `boss91m1`
2022-06-22 03:27:51qxinw → 来（发 ）广告，联系 `boss91m1`
2022-06-22 03:28:21yindutg → 专业（发 ）广告，联系我 `boss91m1`
2022-06-22 03:28:38hfjiema → (session) 协议号，零售、批发 找，`boss91m1`
2022-06-22 03:29:19xbdb01 → 想要（发 ）广告，找 `boss91m1`
2022-06-22 03:29:37si1688 → 想要（发 ）广告，找 `boss91m1`
2022-06-22 03:30:19axujj → 专业（发 ）广告，联系我 `boss91m1`
2022-06-22 03:30:49xingbi0088 → 来（发 ）广告，联系 `boss91m1`
2022-06-22 03:31:08iBox_official → 需要 群、发，找 `boss91m1`
2022-06-22 03:32:24dyjiaoliu → 专业（发 ）广告，联系我 `boss91m1`
2022-06-22 03:32:53bclm1 → 需要 软、件，找 `boss91m1`
2022-06-22 03:33:24jiu_777 → 来（发 ）广告，联系 `boss91m1`
2022-06-22 03:34:26iBox_official → 需要 软、件，找 `boss91m1`
2022-06-22 03:35:49xingbi0088 → 需要 群、发软、件，找 `boss91m1`
2022-06-22 03:37:04bc123hx → (session) 协议号，零售、批发 找，`boss91m1`
2022-06-22 03:37:35jiu_777 → 专业（发 ）广告，联系我 `boss91m1`
2022-06-22 03:38:27divulgacaoblaze → 要（发 ）广告，联系 `boss91m1`
2022-06-22 03:39:43iBox_official → 需要 软、件，找 `boss91m1`
2022-06-22 03:40:01si1688 → 需要 群、发，找 `boss91m1`
2022-06-22 03:40:49xingbi0088 → 想要（发 ）广告，找 `boss91m1`
2022-06-22 03:41:26jiu_777 → 需要 软、件，找 `boss91m1`
2022-06-22 03:43:47iBox_official → 想要（发 ）广告，找 `boss91m1`
2022-06-22 03:44:32jiu_777 → 想找人（ 发 ）广告，找 `boss91m1`
2022-06-22 03:45:24-1001692409589 → 想找人（ 发 ）广告，找 `boss91m1`
2022-06-22 03:46:29divulgacaoblaze → 需要 软、件，找 `boss91m1`
2022-06-22 03:46:47iBox_official → 想找人（ 发 ）广告，找 `boss91m1`
2022-06-22 03:47:17xingbi0088 → 想找人（ 发 ）广告，找 `boss91m1`
2022-06-22 03:47:54jiu_777 → 需要 群、发软、件，找 `boss91m1`
2022-06-22 03:48:12HWDBQ → 需要 群、发，找 `boss91m1`
2022-06-22 03:49:29iBox_official → (session) 协议号，零售、批发 找，`boss91m1`
2022-06-22 03:50:43jiu_777 → 需要 群、发软、件，找 `boss91m1`
2022-06-22 03:51:53HWDBQ → 想要（发 ）广告，找 `boss91m1`
2022-06-22 03:52:46bc123hx → 来（发 ）广告，联系 `boss91m1`
2022-06-22 03:53:04xingbi0088 → 需要 群、发，找 `boss91m1`
2022-06-22 03:53:22iBox_official → 需要 群、发，找 `boss91m1`
2022-06-22 03:54:02jiu_777 → 要（发 ）广告，联系 `boss91m1`
2022-06-22 03:54:44jiemaWhatsApp → 需要 群、发软、件，找 `boss91m1`
2022-06-22 03:55:46puxadasgratis → (session) 协议号，零售、批发 找，`boss91m1`
2022-06-22 03:56:32iBox_official → 来（发 ）广告，联系 `boss91m1`
2022-06-22 03:56:49jiemaLine → 来（发 ）广告，联系 `boss91m1`
2022-06-22 03:57:13-1001692409589 → 需要 群、发软、件，找 `boss91m1`
2022-06-22 03:58:22jiu_777 → 想要（发 ）广告，找 `boss91m1`
2022-06-22 03:59:12xingbi0088 → 专业（发 ）广告，联系我 `boss91m1`
2022-06-22 03:59:29si1688 → 要（发 ）广告，联系 `boss91m1`
2022-06-22 04:00:18hfjiema → 需要 群、发软、件，找 `boss91m1`
2022-06-22 04:01:06jiu_777 → 来（发 ）广告，联系 `boss91m1`
2022-06-22 04:03:34jiu_777 → 来（发 ）广告，联系 `boss91m1`
2022-06-22 04:05:18si1688 → 来（发 ）广告，联系 `boss91m1`
2022-06-22 04:05:38jiu_777 → 专业（发 ）广告，联系我 `boss91m1`
2022-06-22 04:07:26jiu_777 → 来（发 ）广告，联系 `boss91m1`
2022-06-22 04:08:24HWDBQ → 来（发 ）广告，联系 `boss91m1`
2022-06-22 04:09:28-1001692409589 → (session) 协议号，零售、批发 找，`boss91m1`
2022-06-22 04:10:41jiu_777 → 来（发 ）广告，联系 `boss91m1`
2022-06-22 04:11:01bc123hx → 来（发 ）广告，联系 `boss91m1`
2022-06-22 04:13:12jiu_777 → 要（发 ）广告，联系 `boss91m1`
2022-06-22 04:14:57bc123hx → 需要 群、发软、件，找 `boss91m1`
2022-06-22 04:15:57jiu_777 → 需要 群、发，找 `boss91m1`
2022-06-22 04:16:53hfjiema → 要（发 ）广告，联系 `boss91m1`
2022-06-22 04:18:13jiu_777 → 来（发 ）广告，联系 `boss91m1`
2022-06-22 04:18:48HWDBQ → 想找人（ 发 ）广告，找 `boss91m1`
2022-06-22 04:19:48si1688 → 专业（发 ）广告，联系我 `boss91m1`
2022-06-22 04:21:00jiu_777 → 要（发 ）广告，联系 `boss91m1`
2022-06-22 04:21:21-1001692409589 → 想找人（ 发 ）广告，找 `boss91m1`
2022-06-22 04:23:12HWDBQ → 需要 软、件，找 `boss91m1`
2022-06-22 04:23:32jiu_777 → 想找人（ 发 ）广告，找 `boss91m1`
2022-06-22 04:24:15-1001692409589 → 要（发 ）广告，联系 `boss91m1`
2022-06-22 04:25:05jiu_777 → 来（发 ）广告，联系 `boss91m1`
2022-06-22 04:26:37si1688 → 需要 群、发，找 `boss91m1`
2022-06-22 04:27:21bc123hx → 来（发 ）广告，联系 `boss91m1`
2022-06-22 04:28:09jiu_777 → 需要 群、发软、件，找 `boss91m1`
2022-06-22 04:30:05jiu_777 → (session) 协议号，零售、批发 找，`boss91m1`
2022-06-22 04:31:54jiu_777 → 需要 群、发软、件，找 `boss91m1`
2022-06-22 04:32:14si1688 → (session) 协议号，零售、批发 找，`boss91m1`
2022-06-22 04:34:46-1001692409589 → 专业（发 ）广告，联系我 `boss91m1`
2022-06-22 04:35:10HWDBQ → 专业（发 ）广告，联系我 `boss91m1`
2022-06-22 04:35:54jiu_777 → 来（发 ）广告，联系 `boss91m1`
2022-06-22 04:37:31bc123hx → (session) 协议号，零售、批发 找，`boss91m1`
2022-06-22 04:37:50jiu_777 → 需要 群、发，找 `boss91m1`
2022-06-22 04:38:43hfjiema → 来（发 ）广告，联系 `boss91m1`
2022-06-22 04:40:00jiu_777 → 需要 软、件，找 `boss91m1`
2022-06-22 04:41:01si1688 → 专业（发 ）广告，联系我 `boss91m1`
2022-06-22 04:41:54jiu_777 → 需要 软、件，找 `boss91m1`
2022-06-22 04:42:12-1001692409589 → 专业（发 ）广告，联系我 `boss91m1`
2022-06-22 04:43:51bc123hx → 需要 群、发软、件，找 `boss91m1`
2022-06-22 04:44:27jiu_777 → 需要 软、件，找 `boss91m1`
2022-06-22 04:45:59HWDBQ → 来（发 ）广告，联系 `boss91m1`
2022-06-22 09:08:29jiu_777 → 需要 软、件，找 `boss91m1`
2022-06-22 09:09:15jiemaWhatsApp → 想找人（ 发 ）广告，找 `boss91m1`
2022-06-22 09:10:35jiu_777 → 需要 软、件，找 `boss91m1`
2022-06-22 09:11:21hfjiema → 需要 群、发，找 `boss91m1`
2022-06-22 09:11:44rainha_das_laras → (session) 协议号，零售、批发 找，`boss91m1`
2022-06-22 09:12:25si1688 → (session) 协议号，零售、批发 找，`boss91m1`
2022-06-22 09:13:15jiu_777 → 想要（发 ）广告，找 `boss91m1`
2022-06-22 09:14:03-1001692409589 → 需要 软、件，找 `boss91m1`
2022-06-22 09:14:59jiu_777 → 准备（发 ）广告，找 `boss91m1`
2022-06-22 09:15:43jiemaLine → 来（发 ）广告，联系 `boss91m1`
2022-06-22 09:16:19bc123hx → 要（发 ）广告，联系 `boss91m1`
2022-06-22 09:17:08jiu_777 → 要（发 ）广告，联系 `boss91m1`
2022-06-22 09:17:26HWDBQ → 要（发 ）广告，联系 `boss91m1`
2022-06-22 09:19:18jiu_777 → 准备（发 ）广告，找 `boss91m1`
2022-06-22 09:19:37si1688 → 专业（发 ）广告，联系我 `boss91m1`
2022-06-22 09:20:41HWDBQ → 要（发 ）广告，联系 `boss91m1`
2022-06-22 09:21:31jiu_777 → 需要 软、件，找 `boss91m1`
2022-06-22 09:22:17bc123hx → 要（发 ）广告，联系 `boss91m1`
2022-06-22 09:23:53-1001692409589 → (session) 协议号，零售、批发 找，`boss91m1`
2022-06-22 09:24:24jiu_777 → 需要 群、发软、件，找 `boss91m1`
2022-06-22 09:26:13jiu_777 → (session) 协议号，零售、批发 找，`boss91m1`
2022-06-22 09:28:05hfjiema → 需要 群、发软、件，找 `boss91m1`
2022-06-22 09:28:36jiu_777 → (session) 协议号，零售、批发 找，`boss91m1`
2022-06-22 09:29:00-1001692409589 → 需要 软、件，找 `boss91m1`
2022-06-22 09:30:16bc123hx → 准备（发 ）广告，找 `boss91m1`
2022-06-22 09:30:47jiu_777 → 来（发 ）广告，联系 `boss91m1`
2022-06-22 09:31:27si1688 → 想要（发 ）广告，找 `boss91m1`
2022-06-22 09:32:52jiu_777 → 需要 群、发软、件，找 `boss91m1`
2022-06-22 09:36:20jiu_777 → 来（发 ）广告，联系 `boss91m1`
2022-06-22 09:37:27bc123hx → 来（发 ）广告，联系 `boss91m1`
2022-06-22 09:38:03si1688 → 来（发 ）广告，联系 `boss91m1`
2022-06-22 09:38:19rainha_das_laras → 来（发 ）广告，联系 `boss91m1`
2022-06-22 09:38:37jiu_777 → 需要 群、发软、件，找 `boss91m1`
2022-06-22 09:40:10jiu_777 → 想找人（ 发 ）广告，找 `boss91m1`
2022-06-22 09:42:15jiu_777 → 要（发 ）广告，联系 `boss91m1`
2022-06-22 09:42:56-1001692409589 → (session) 协议号，零售、批发 找，`boss91m1`
2022-06-22 09:45:21jiu_777 → 要（发 ）广告，联系 `boss91m1`
2022-06-22 09:46:03bc123hx → 需要 群、发，找 `boss91m1`
2022-06-22 09:46:38-1001692409589 → 需要 群、发，找 `boss91m1`
2022-06-22 09:47:30hfjiema → 准备（发 ）广告，找 `boss91m1`
2022-06-22 09:48:16jiu_777 → 需要 群、发软、件，找 `boss91m1`
2022-06-22 09:50:18jiu_777 → 来（发 ）广告，联系 `boss91m1`
2022-06-22 09:50:42si1688 → 专业（发 ）广告，联系我 `boss91m1`
2022-06-22 09:51:50jiu_777 → 要（发 ）广告，联系 `boss91m1`
2022-06-22 09:53:51jiu_777 → 需要 群、发，找 `boss91m1`
2022-06-22 09:54:10si1688 → (session) 协议号，零售、批发 找，`boss91m1`
2022-06-22 09:55:58-1001692409589 → 想找人（ 发 ）广告，找 `boss91m1`
2022-06-22 09:56:28jiu_777 → 需要 群、发，找 `boss91m1`
2022-06-22 09:58:11jiu_777 → 需要 软、件，找 `boss91m1`
2022-06-22 09:59:53bc123hx → (session) 协议号，零售、批发 找，`boss91m1`
2022-06-22 10:00:19jiu_777 → 来（发 ）广告，联系 `boss91m1`
2022-06-22 10:03:02jiu_777 → 来（发 ）广告，联系 `boss91m1`
2022-06-22 10:04:28jiu_777 → 需要 群、发，找 `boss91m1`
2022-06-22 10:04:46-1001692409589 → 需要 群、发，找 `boss91m1`
2022-06-22 10:05:34hfjiema → 要（发 ）广告，联系 `boss91m1`
2022-06-22 10:06:56jiu_777 → 需要 群、发，找 `boss91m1`
2022-06-22 10:07:58bc123hx → 要（发 ）广告，联系 `boss91m1`
2022-06-22 10:08:47jiu_777 → 需要 群、发软、件，找 `boss91m1`
2022-06-22 10:09:32si1688 → 需要 群、发软、件，找 `boss91m1`
2022-06-22 10:11:19jiu_777 → 准备（发 ）广告，找 `boss91m1`
2022-06-22 10:12:08-1001692409589 → 需要 群、发，找 `boss91m1`
2022-06-22 10:13:01jiu_777 → 来（发 ）广告，联系 `boss91m1`
2022-06-22 10:13:30si1688 → 要（发 ）广告，联系 `boss91m1`
2022-06-22 10:14:33jiemaWhatsApp → (session) 协议号，零售、批发 找，`boss91m1`
2022-06-22 10:15:44jiemaLine → 来（发 ）广告，联系 `boss91m1`
2022-06-22 10:16:02jiu_777 → 需要 软、件，找 `boss91m1`
2022-06-22 10:18:01bc123hx → 来（发 ）广告，联系 `boss91m1`
2022-06-22 10:18:19jiu_777 → 要（发 ）广告，联系 `boss91m1`
2022-06-22 10:20:34hfjiema → 需要 群、发软、件，找 `boss91m1`
2022-06-22 10:21:09jiu_777 → 想找人（ 发 ）广告，找 `boss91m1`
2022-06-22 10:22:30jiu_777 → 想找人（ 发 ）广告，找 `boss91m1`
2022-06-22 10:22:47bc123hx → 准备（发 ）广告，找 `boss91m1`
2022-06-22 10:24:13HWDBQ → 来（发 ）广告，联系 `boss91m1`
2022-06-22 10:25:14jiu_777 → 要（发 ）广告，联系 `boss91m1`
2022-06-22 10:26:13si1688 → 专业（发 ）广告，联系我 `boss91m1`
2022-06-22 10:26:54jiu_777 → 来（发 ）广告，联系 `boss91m1`
2022-06-22 10:27:40-1001692409589 → 专业（发 ）广告，联系我 `boss91m1`
2022-06-22 10:29:18jiu_777 → 需要 软、件，找 `boss91m1`
2022-06-22 10:30:08HWDBQ → 来（发 ）广告，联系 `boss91m1`
2022-06-22 10:31:24jiu_777 → 需要 软、件，找 `boss91m1`
2022-06-22 10:31:53bc123hx → 需要 群、发，找 `boss91m1`
2022-06-22 10:33:47jiu_777 → 准备（发 ）广告，找 `boss91m1`
2022-06-22 10:34:25-1001692409589 → 想要（发 ）广告，找 `boss91m1`
2022-06-22 10:35:39jiu_777 → 需要 群、发软、件，找 `boss91m1`
2022-06-22 10:35:56si1688 → 准备（发 ）广告，找 `boss91m1`
2022-06-22 10:37:36jiu_777 → 来（发 ）广告，联系 `boss91m1`
2022-06-22 10:38:50si1688 → (session) 协议号，零售、批发 找，`boss91m1`
2022-06-22 10:39:43jiu_777 → 来（发 ）广告，联系 `boss91m1`
2022-06-22 10:40:00HWDBQ → 想找人（ 发 ）广告，找 `boss91m1`
2022-06-22 10:41:04bc123hx → 要（发 ）广告，联系 `boss91m1`
2022-06-22 10:41:52-1001692409589 → 来（发 ）广告，联系 `boss91m1`
2022-06-22 10:42:39jiu_777 → 专业（发 ）广告，联系我 `boss91m1`
2022-06-22 10:43:34hfjiema → 需要 群、发，找 `boss91m1`
2022-06-22 10:44:10jiu_777 → 想找人（ 发 ）广告，找 `boss91m1`
2022-06-22 10:46:11jiu_777 → 想找人（ 发 ）广告，找 `boss91m1`
2022-06-22 10:46:58si1688 → (session) 协议号，零售、批发 找，`boss91m1`
2022-06-22 10:47:45bc123hx → 来（发 ）广告，联系 `boss91m1`
2022-06-22 10:48:35jiu_777 → 需要 群、发软、件，找 `boss91m1`
2022-06-22 10:51:06jiu_777 → (session) 协议号，零售、批发 找，`boss91m1`
2022-06-22 10:51:46HWDBQ → 想要（发 ）广告，找 `boss91m1`
2022-06-22 10:52:51jiu_777 → (session) 协议号，零售、批发 找，`boss91m1`
2022-06-22 10:53:20-1001692409589 → 来（发 ）广告，联系 `boss91m1`
2022-06-22 10:54:39HWDBQ → 需要 软、件，找 `boss91m1`
2022-06-22 10:55:25jiu_777 → (session) 协议号，零售、批发 找，`boss91m1`
2022-06-22 10:56:50jiu_777 → 需要 群、发，找 `boss91m1`
2022-06-22 10:57:31gdd412dfd → 准备（发 ）广告，找 `boss91m1`
2022-06-22 10:58:34hfjiema → 来（发 ）广告，联系 `boss91m1`
2022-06-22 10:59:27jiu_777 → 需要 群、发软、件，找 `boss91m1`
2022-06-22 11:00:20si1688 → (session) 协议号，零售、批发 找，`boss91m1`
2022-06-22 11:01:39jiu_777 → 来（发 ）广告，联系 `boss91m1`
2022-06-22 11:02:09bc123hx → 来（发 ）广告，联系 `boss91m1`
2022-06-22 11:03:01-1001692409589 → 想找人（ 发 ）广告，找 `boss91m1`
2022-06-22 11:03:50jiu_777 → 来（发 ）广告，联系 `boss91m1`
2022-06-22 11:04:50HWDBQ → (session) 协议号，零售、批发 找，`boss91m1`
2022-06-22 11:05:56bc123hx → 想找人（ 发 ）广告，找 `boss91m1`
2022-06-22 11:06:30jiu_777 → 需要 群、发，找 `boss91m1`
2022-06-22 11:07:29-1001692409589 → (session) 协议号，零售、批发 找，`boss91m1`
2022-06-22 11:08:06jiu_777 → 想要（发 ）广告，找 `boss91m1`
2022-06-22 11:09:11si1688 → 需要 群、发，找 `boss91m1`
2022-06-22 11:10:40jiu_777 → 需要 群、发软、件，找 `boss91m1`
2022-06-22 11:12:07gdd412dfd → 想要（发 ）广告，找 `boss91m1`
2022-06-22 11:12:41jiu_777 → 需要 软、件，找 `boss91m1`
2022-06-22 11:14:28-1001692409589 → 想要（发 ）广告，找 `boss91m1`
2022-06-22 11:14:57jiu_777 → 来（发 ）广告，联系 `boss91m1`
2022-06-22 11:16:20hfjiema → 准备（发 ）广告，找 `boss91m1`
2022-06-22 11:17:01jiu_777 → 需要 软、件，找 `boss91m1`
2022-06-22 11:17:25HWDBQ → 想找人（ 发 ）广告，找 `boss91m1`
2022-06-22 11:18:46jiu_777 → 想要（发 ）广告，找 `boss91m1`
2022-06-22 11:19:03jiemaWhatsApp → 来（发 ）广告，联系 `boss91m1`
2022-06-22 11:19:39jiemaLine → 需要 群、发软、件，找 `boss91m1`
2022-06-22 11:20:56jiu_777 → 需要 群、发，找 `boss91m1`
2022-06-22 11:21:13bc123hx → 需要 群、发，找 `boss91m1`
2022-06-22 11:22:01si1688 → 想找人（ 发 ）广告，找 `boss91m1`
2022-06-22 11:23:06jiu_777 → 需要 群、发软、件，找 `boss91m1`
2022-06-22 11:23:55HWDBQ → 准备（发 ）广告，找 `boss91m1`
2022-06-22 11:25:11bc123hx → 需要 软、件，找 `boss91m1`
2022-06-22 11:25:29jiu_777 → 需要 软、件，找 `boss91m1`
2022-06-22 11:26:21-1001692409589 → 来（发 ）广告，联系 `boss91m1`
2022-06-22 11:27:10jiu_777 → 需要 群、发软、件，找 `boss91m1`
2022-06-22 11:28:58si1688 → 准备（发 ）广告，找 `boss91m1`
2022-06-22 11:29:58jiu_777 → 准备（发 ）广告，找 `boss91m1`
2022-06-22 11:31:20hfjiema → (session) 协议号，零售、批发 找，`boss91m1`
2022-06-22 11:32:01jiu_777 → 需要 群、发，找 `boss91m1`
2022-06-22 11:33:46si1688 → 来（发 ）广告，联系 `boss91m1`
2022-06-22 11:34:16jiu_777 → 来（发 ）广告，联系 `boss91m1`
2022-06-22 11:34:58-1001692409589 → 准备（发 ）广告，找 `boss91m1`
2022-06-22 11:36:39jiu_777 → 专业（发 ）广告，联系我 `boss91m1`
2022-06-22 11:37:42HWDBQ → (session) 协议号，零售、批发 找，`boss91m1`
2022-06-22 11:38:06bc123hx → 要（发 ）广告，联系 `boss91m1`
2022-06-22 11:38:24jiu_777 → 专业（发 ）广告，联系我 `boss91m1`
2022-06-22 11:40:24jiu_777 → 来（发 ）广告，联系 `boss91m1`
2022-06-22 11:42:52jiu_777 → 来（发 ）广告，联系 `boss91m1`
2022-06-22 11:43:17HWDBQ → 想要（发 ）广告，找 `boss91m1`
2022-06-22 11:44:40jiu_777 → 需要 群、发软、件，找 `boss91m1`
2022-06-22 11:46:30jiu_777 → (session) 协议号，零售、批发 找，`boss91m1`
2022-06-22 11:47:03-1001692409589 → 想找人（ 发 ）广告，找 `boss91m1`
2022-06-22 11:47:51si1688 → (session) 协议号，零售、批发 找，`boss91m1`
2022-06-22 11:48:55bc123hx → 需要 群、发，找 `boss91m1`
2022-06-22 11:49:13jiu_777 → 专业（发 ）广告，联系我 `boss91m1`
2022-06-22 11:51:03jiu_777 → 来（发 ）广告，联系 `boss91m1`
2022-06-22 11:52:49HWDBQ → 准备（发 ）广告，找 `boss91m1`
2022-06-22 11:53:26jiu_777 → 需要 群、发，找 `boss91m1`
2022-06-22 11:55:03jiu_777 → 需要 群、发软、件，找 `boss91m1`
2022-06-22 11:56:34bc123hx → 来（发 ）广告，联系 `boss91m1`
2022-06-22 11:57:27jiu_777 → 想要（发 ）广告，找 `boss91m1`
2022-06-22 11:57:44si1688 → 需要 群、发，找 `boss91m1`
2022-06-22 11:59:21jiu_777 → 想找人（ 发 ）广告，找 `boss91m1`
2022-06-22 12:00:51-1001692409589 → 专业（发 ）广告，联系我 `boss91m1`
2022-06-22 12:01:31hfjiema → 准备（发 ）广告，找 `boss91m1`
2022-06-22 12:01:49jiu_777 → 需要 群、发软、件，找 `boss91m1`
2022-06-22 12:03:53-1001692409589 → 专业（发 ）广告，联系我 `boss91m1`
2022-06-22 12:04:11jiu_777 → 想要（发 ）广告，找 `boss91m1`
2022-06-22 12:05:10bc123hx → 需要 软、件，找 `boss91m1`
2022-06-22 12:06:00jiu_777 → 要（发 ）广告，联系 `boss91m1`
2022-06-22 12:07:07HWDBQ → 想找人（ 发 ）广告，找 `boss91m1`
2022-06-22 12:08:24jiu_777 → 需要 群、发软、件，找 `boss91m1`
2022-06-22 12:10:29si1688 → 来（发 ）广告，联系 `boss91m1`
2022-06-22 12:10:47jiu_777 → 需要 软、件，找 `boss91m1`
2022-06-22 12:12:32jiu_777 → (session) 协议号，零售、批发 找，`boss91m1`
2022-06-22 12:14:25jiu_777 → 来（发 ）广告，联系 `boss91m1`
2022-06-22 12:14:42HWDBQ → 准备（发 ）广告，找 `boss91m1`
2022-06-22 12:15:30-1001692409589 → 想找人（ 发 ）广告，找 `boss91m1`
2022-06-22 12:16:23jiu_777 → 需要 群、发软、件，找 `boss91m1`
2022-06-22 12:17:11bc123hx → 来（发 ）广告，联系 `boss91m1`
2022-06-22 12:17:47hfjiema → 要（发 ）广告，联系 `boss91m1`
2022-06-22 12:18:47jiu_777 → 需要 群、发，找 `boss91m1`
2022-06-22 12:19:22jiemaWhatsApp → 来（发 ）广告，联系 `boss91m1`
2022-06-22 12:20:57jiu_777 → 专业（发 ）广告，联系我 `boss91m1`
2022-06-22 12:21:14si1688 → 需要 群、发，找 `boss91m1`
2022-06-22 12:23:00HWDBQ → 需要 软、件，找 `boss91m1`
2022-06-22 12:23:34jiu_777 → 需要 群、发，找 `boss91m1`
2022-06-22 12:23:58bc123hx → 准备（发 ）广告，找 `boss91m1`
2022-06-22 12:24:57si1688 → (session) 协议号，零售、批发 找，`boss91m1`
2022-06-22 12:25:27jiu_777 → (session) 协议号，零售、批发 找，`boss91m1`
2022-06-22 12:27:48jiu_777 → 需要 群、发，找 `boss91m1`
2022-06-22 12:28:12jiemaLine → 专业（发 ）广告，联系我 `boss91m1`
2022-06-22 12:29:16-1001692409589 → 想找人（ 发 ）广告，找 `boss91m1`
2022-06-22 12:29:34jiu_777 → 准备（发 ）广告，找 `boss91m1`
2022-06-22 12:31:42jiu_777 → 需要 软、件，找 `boss91m1`
2022-06-22 12:32:55-1001692409589 → (session) 协议号，零售、批发 找，`boss91m1`
2022-06-22 12:33:36jiu_777 → (session) 协议号，零售、批发 找，`boss91m1`
2022-06-22 12:34:15bc123hx → 准备（发 ）广告，找 `boss91m1`
2022-06-22 12:35:07HWDBQ → (session) 协议号，零售、批发 找，`boss91m1`
2022-06-22 12:35:56jiu_777 → 需要 群、发，找 `boss91m1`
2022-06-22 12:36:13hfjiema → 专业（发 ）广告，联系我 `boss91m1`
2022-06-22 12:37:50jiu_777 → 想找人（ 发 ）广告，找 `boss91m1`
2022-06-22 12:38:35si1688 → 需要 软、件，找 `boss91m1`
2022-06-22 12:40:25jiu_777 → (session) 协议号，零售、批发 找，`boss91m1`
2022-06-22 12:42:16jiu_777 → 需要 群、发，找 `boss91m1`
2022-06-22 12:42:46-1001692409589 → 想要（发 ）广告，找 `boss91m1`
2022-06-22 12:44:06bc123hx → 需要 群、发软、件，找 `boss91m1`
2022-06-22 12:44:52jiu_777 → 想要（发 ）广告，找 `boss91m1`
2022-06-22 12:46:27HWDBQ → 想要（发 ）广告，找 `boss91m1`
2022-06-22 12:46:57jiu_777 → 需要 群、发，找 `boss91m1`
2022-06-22 12:48:35jiu_777 → 要（发 ）广告，联系 `boss91m1`
2022-06-22 12:48:52si1688 → 想找人（ 发 ）广告，找 `boss91m1`
2022-06-22 12:50:58jiu_777 → 来（发 ）广告，联系 `boss91m1`
2022-06-22 12:52:34hfjiema → 来（发 ）广告，联系 `boss91m1`
2022-06-22 12:53:16jiu_777 → 想要（发 ）广告，找 `boss91m1`
2022-06-22 12:54:45bc123hx → 需要 群、发，找 `boss91m1`
2022-06-22 12:55:03jiu_777 → 想要（发 ）广告，找 `boss91m1`
2022-06-22 12:56:07HWDBQ → 想找人（ 发 ）广告，找 `boss91m1`
2022-06-22 12:56:55jiu_777 → 专业（发 ）广告，联系我 `boss91m1`
2022-06-22 12:57:12si1688 → (session) 协议号，零售、批发 找，`boss91m1`
2022-06-22 12:58:16-1001692409589 → 需要 群、发软、件，找 `boss91m1`
2022-06-22 12:59:34jiu_777 → 需要 软、件，找 `boss91m1`
2022-06-22 13:01:36jiu_777 → 要（发 ）广告，联系 `boss91m1`
2022-06-22 13:01:54si1688 → (session) 协议号，零售、批发 找，`boss91m1`
2022-06-22 13:02:41bc123hx → 来（发 ）广告，联系 `boss91m1`
2022-06-22 13:03:34jiu_777 → 想找人（ 发 ）广告，找 `boss91m1`
2022-06-22 13:04:23HWDBQ → 需要 群、发，找 `boss91m1`
2022-06-22 13:05:52jiu_777 → 来（发 ）广告，联系 `boss91m1`
2022-06-22 13:07:39-1001692409589 → 准备（发 ）广告，找 `boss91m1`
2022-06-22 13:07:57jiu_777 → 想要（发 ）广告，找 `boss91m1`
2022-06-22 13:08:40hfjiema → 专业（发 ）广告，联系我 `boss91m1`
2022-06-22 13:09:53jiu_777 → 需要 群、发，找 `boss91m1`
2022-06-22 13:11:26HWDBQ → 专业（发 ）广告，联系我 `boss91m1`
2022-06-22 13:11:51jiu_777 → 需要 群、发，找 `boss91m1`
2022-06-22 13:14:28-1001692409589 → 想找人（ 发 ）广告，找 `boss91m1`
2022-06-22 13:15:02jiu_777 → 专业（发 ）广告，联系我 `boss91m1`
2022-06-22 13:15:38si1688 → 专业（发 ）广告，联系我 `boss91m1`
2022-06-22 13:16:26bc123hx → 来（发 ）广告，联系 `boss91m1`
2022-06-22 13:16:44jiu_777 → 专业（发 ）广告，联系我 `boss91m1`
2022-06-22 13:19:13jiu_777 → 要（发 ）广告，联系 `boss91m1`
2022-06-22 13:21:21jiu_777 → 专业（发 ）广告，联系我 `boss91m1`
2022-06-22 13:21:57-1001692409589 → 想要（发 ）广告，找 `boss91m1`
2022-06-22 13:23:39hfjiema → 想找人（ 发 ）广告，找 `boss91m1`
2022-06-22 13:24:13jiu_777 → 需要 群、发软、件，找 `boss91m1`
2022-06-22 13:24:49si1688 → 专业（发 ）广告，联系我 `boss91m1`
2022-06-22 13:26:06jiu_777 → 准备（发 ）广告，找 `boss91m1`
2022-06-22 13:26:55HWDBQ → 来（发 ）广告，联系 `boss91m1`
2022-06-22 13:27:59jiemaWhatsApp → 需要 软、件，找 `boss91m1`
2022-06-22 13:28:45jiu_777 → 专业（发 ）广告，联系我 `boss91m1`
2022-06-22 13:29:22bc123hx → 专业（发 ）广告，联系我 `boss91m1`
2022-06-22 13:30:27jiu_777 → 来（发 ）广告，联系 `boss91m1`
2022-06-22 13:32:17si1688 → 想要（发 ）广告，找 `boss91m1`
2022-06-22 13:32:35jiu_777 → (session) 协议号，零售、批发 找，`boss91m1`
2022-06-22 13:33:23jiemaLine → 准备（发 ）广告，找 `boss91m1`
2022-06-22 13:34:42-1001692409589 → (session) 协议号，零售、批发 找，`boss91m1`
2022-06-22 13:35:12jiu_777 → 专业（发 ）广告，联系我 `boss91m1`
2022-06-22 13:36:45jiu_777 → 需要 群、发，找 `boss91m1`
2022-06-22 13:37:02HWDBQ → 来（发 ）广告，联系 `boss91m1`
2022-06-22 13:38:05bc123hx → 需要 群、发软、件，找 `boss91m1`
2022-06-22 13:38:46jiu_777 → 想要（发 ）广告，找 `boss91m1`
2022-06-22 13:39:03hfjiema → (session) 协议号，零售、批发 找，`boss91m1`
2022-06-22 13:41:26si1688 → 需要 群、发软、件，找 `boss91m1`
2022-06-22 13:41:44jiu_777 → 需要 软、件，找 `boss91m1`
2022-06-22 13:42:33HWDBQ → 想要（发 ）广告，找 `boss91m1`
2022-06-22 13:43:23jiu_777 → 想找人（ 发 ）广告，找 `boss91m1`
2022-06-22 13:45:34-1001692409589 → 需要 软、件，找 `boss91m1`
2022-06-22 13:45:52jiu_777 → 专业（发 ）广告，联系我 `boss91m1`
2022-06-22 13:47:20bc123hx → 来（发 ）广告，联系 `boss91m1`
2022-06-22 13:47:57jiu_777 → 要（发 ）广告，联系 `boss91m1`
2022-06-22 13:49:59jiu_777 → 想要（发 ）广告，找 `boss91m1`
2022-06-22 13:51:04bc123hx → 专业（发 ）广告，联系我 `boss91m1`
2022-06-22 13:51:58jiu_777 → 专业（发 ）广告，联系我 `boss91m1`
2022-06-22 13:54:03hfjiema → 来（发 ）广告，联系 `boss91m1`
2022-06-22 13:55:19jiu_777 → 需要 软、件，找 `boss91m1`
2022-06-22 13:55:36HWDBQ → 需要 群、发，找 `boss91m1`
2022-06-22 13:57:08-1001692409589 → 来（发 ）广告，联系 `boss91m1`
2022-06-22 13:57:42jiu_777 → 需要 群、发软、件，找 `boss91m1`
2022-06-22 13:58:36si1688 → 想要（发 ）广告，找 `boss91m1`
2022-06-22 13:59:38jiu_777 → 要（发 ）广告，联系 `boss91m1`
2022-06-22 14:01:13jiu_777 → 准备（发 ）广告，找 `boss91m1`
2022-06-22 14:01:59bc123hx → 来（发 ）广告，联系 `boss91m1`
2022-06-22 14:03:20jiu_777 → 需要 群、发，找 `boss91m1`
2022-06-22 14:03:48HWDBQ → 需要 群、发软、件，找 `boss91m1`
2022-06-22 14:05:29si1688 → (session) 协议号，零售、批发 找，`boss91m1`
2022-06-22 14:05:47jiu_777 → 需要 群、发，找 `boss91m1`
2022-06-22 14:06:59-1001692409589 → 来（发 ）广告，联系 `boss91m1`
2022-06-22 14:08:09jiu_777 → 需要 软、件，找 `boss91m1`
2022-06-22 14:09:41jiu_777 → 要（发 ）广告，联系 `boss91m1`
2022-06-22 14:11:59jiu_777 → 需要 群、发软、件，找 `boss91m1`
2022-06-22 14:12:28-1001692409589 → 准备（发 ）广告，找 `boss91m1`
2022-06-22 14:13:03bc123hx → 来（发 ）广告，联系 `boss91m1`
2022-06-22 14:14:34jiu_777 → 专业（发 ）广告，联系我 `boss91m1`
2022-06-22 14:15:07HWDBQ → 需要 群、发，找 `boss91m1`
2022-06-22 14:16:16si1688 → 来（发 ）广告，联系 `boss91m1`
2022-06-22 14:16:41jiu_777 → 准备（发 ）广告，找 `boss91m1`
2022-06-22 14:19:14hfjiema → 需要 软、件，找 `boss91m1`
2022-06-22 14:19:32jiu_777 → 准备（发 ）广告，找 `boss91m1`
2022-06-22 14:20:56jiu_777 → (session) 协议号，零售、批发 找，`boss91m1`
2022-06-22 14:22:04HWDBQ → 需要 群、发，找 `boss91m1`
2022-06-22 14:23:05jiu_777 → 需要 软、件，找 `boss91m1`
2022-06-22 14:25:30bc123hx → 要（发 ）广告，联系 `boss91m1`
2022-06-22 14:26:00jiu_777 → 来（发 ）广告，联系 `boss91m1`
2022-06-22 14:28:05jiu_777 → 需要 软、件，找 `boss91m1`
2022-06-22 14:28:40-1001692409589 → 准备（发 ）广告，找 `boss91m1`
2022-06-22 14:29:40jiu_777 → 想找人（ 发 ）广告，找 `boss91m1`
2022-06-22 14:30:13si1688 → 需要 软、件，找 `boss91m1`
2022-06-22 14:31:48-1001692409589 → 要（发 ）广告，联系 `boss91m1`
2022-06-22 14:32:18jiu_777 → 专业（发 ）广告，联系我 `boss91m1`
2022-06-22 14:33:06bc123hx → 要（发 ）广告，联系 `boss91m1`
2022-06-22 14:34:14hfjiema → 想要（发 ）广告，找 `boss91m1`
2022-06-22 14:34:32jiu_777 → 需要 软、件，找 `boss91m1`
2022-06-22 14:36:34jiemaLine → 要（发 ）广告，联系 `boss91m1`
2022-06-22 14:37:04jiu_777 → 要（发 ）广告，联系 `boss91m1`
2022-06-22 14:37:40si1688 → 需要 软、件，找 `boss91m1`
2022-06-22 14:38:43HWDBQ → (session) 协议号，零售、批发 找，`boss91m1`
2022-06-22 14:39:01jiu_777 → 专业（发 ）广告，联系我 `boss91m1`
2022-06-22 14:40:05jiemaWhatsApp → 想要（发 ）广告，找 `boss91m1`
2022-06-22 14:40:54jiu_777 → 想找人（ 发 ）广告，找 `boss91m1`
2022-06-22 14:41:50bc123hx → 需要 群、发软、件，找 `boss91m1`
2022-06-22 14:43:14jiu_777 → 需要 群、发软、件，找 `boss91m1`
2022-06-22 14:45:32jiu_777 → 来（发 ）广告，联系 `boss91m1`
2022-06-22 14:46:08HWDBQ → 需要 群、发软、件，找 `boss91m1`
2022-06-22 14:47:28jiu_777 → 准备（发 ）广告，找 `boss91m1`
2022-06-22 14:48:28si1688 → 专业（发 ）广告，联系我 `boss91m1`
2022-06-22 14:49:22-1001692409589 → 来（发 ）广告，联系 `boss91m1`
2022-06-22 14:49:40jiu_777 → 需要 软、件，找 `boss91m1`
2022-06-22 14:51:27jiu_777 → (session) 协议号，零售、批发 找，`boss91m1`
2022-06-22 14:51:45bc123hx → 需要 群、发软、件，找 `boss91m1`
2022-06-22 14:53:37jiu_777 → 需要 群、发，找 `boss91m1`
2022-06-22 14:54:05-1001692409589 → 准备（发 ）广告，找 `boss91m1`
2022-06-22 14:54:53si1688 → (session) 协议号，零售、批发 找，`boss91m1`
2022-06-22 14:55:42jiu_777 → 需要 软、件，找 `boss91m1`
2022-06-22 14:56:35HWDBQ → 想找人（ 发 ）广告，找 `boss91m1`
2022-06-22 14:57:51jiu_777 → 需要 群、发软、件，找 `boss91m1`
2022-06-22 14:58:08hfjiema → 需要 群、发软、件，找 `boss91m1`
2022-06-22 14:59:45jiu_777 → 想要（发 ）广告，找 `boss91m1`
2022-06-22 15:02:14jiu_777 → 需要 软、件，找 `boss91m1`
2022-06-22 15:04:11HWDBQ → 需要 群、发软、件，找 `boss91m1`
2022-06-22 15:04:41jiu_777 → 准备（发 ）广告，找 `boss91m1`
2022-06-22 15:05:57si1688 → 专业（发 ）广告，联系我 `boss91m1`
2022-06-22 15:06:51jiu_777 → (session) 协议号，零售、批发 找，`boss91m1`
2022-06-22 15:08:01-1001692409589 → 想找人（ 发 ）广告，找 `boss91m1`
2022-06-22 15:08:37jiu_777 → 来（发 ）广告，联系 `boss91m1`
2022-06-22 15:08:54bc123hx → 来（发 ）广告，联系 `boss91m1`
2022-06-22 15:10:35jiu_777 → (session) 协议号，零售、批发 找，`boss91m1`
2022-06-22 15:12:52jiu_777 → 想要（发 ）广告，找 `boss91m1`
2022-06-22 15:13:55-1001692409589 → 需要 群、发，找 `boss91m1`
2022-06-22 15:14:59jiu_777 → (session) 协议号，零售、批发 找，`boss91m1`
2022-06-22 15:15:59bc123hx → 想找人（ 发 ）广告，找 `boss91m1`
2022-06-22 15:17:15si1688 → 来（发 ）广告，联系 `boss91m1`
2022-06-22 15:17:33jiu_777 → 想要（发 ）广告，找 `boss91m1`
2022-06-22 15:18:09HWDBQ → 想找人（ 发 ）广告，找 `boss91m1`
2022-06-22 15:19:13jiu_777 → 需要 软、件，找 `boss91m1`
2022-06-22 15:20:29hfjiema → 需要 群、发，找 `boss91m1`
2022-06-22 15:21:17-1001692409589 → 要（发 ）广告，联系 `boss91m1`
2022-06-22 15:21:35jiu_777 → 来（发 ）广告，联系 `boss91m1`
2022-06-22 15:22:57bc123hx → 专业（发 ）广告，联系我 `boss91m1`
2022-06-22 15:23:34jiu_777 → 准备（发 ）广告，找 `boss91m1`
2022-06-22 15:25:03HWDBQ → (session) 协议号，零售、批发 找，`boss91m1`
2022-06-22 15:25:55si1688 → (session) 协议号，零售、批发 找，`boss91m1`
2022-06-22 15:26:13jiu_777 → 准备（发 ）广告，找 `boss91m1`
2022-06-22 15:28:18jiu_777 → 专业（发 ）广告，联系我 `boss91m1`
2022-06-22 15:30:05jiu_777 → 想要（发 ）广告，找 `boss91m1`
2022-06-22 15:31:43-1001692409589 → (session) 协议号，零售、批发 找，`boss91m1`
2022-06-22 15:32:29jiu_777 → 来（发 ）广告，联系 `boss91m1`
2022-06-22 15:33:17HWDBQ → 来（发 ）广告，联系 `boss91m1`
2022-06-22 15:33:53jiu_777 → 需要 群、发软、件，找 `boss91m1`
2022-06-22 15:35:38bc123hx → (session) 协议号，零售、批发 找，`boss91m1`
2022-06-22 15:36:14jiu_777 → 需要 软、件，找 `boss91m1`
2022-06-22 15:37:03si1688 → 准备（发 ）广告，找 `boss91m1`
2022-06-22 15:38:10jiu_777 → 需要 群、发，找 `boss91m1`
2022-06-22 15:39:15si1688 → 需要 群、发软、件，找 `boss91m1`
2022-06-22 15:40:31jiu_777 → 想要（发 ）广告，找 `boss91m1`
2022-06-22 15:40:48jiemaLine → 想找人（ 发 ）广告，找 `boss91m1`
2022-06-22 15:41:40bc123hx → 需要 软、件，找 `boss91m1`
2022-06-22 15:42:54jiu_777 → 要（发 ）广告，联系 `boss91m1`
2022-06-22 15:43:45jiemaWhatsApp → 想找人（ 发 ）广告，找 `boss91m1`
2022-06-22 15:44:32hfjiema → 想要（发 ）广告，找 `boss91m1`
2022-06-22 15:45:02jiu_777 → (session) 协议号，零售、批发 找，`boss91m1`
2022-06-22 15:46:07-1001692409589 → 准备（发 ）广告，找 `boss91m1`
2022-06-22 15:46:56jiu_777 → 需要 群、发软、件，找 `boss91m1`
2022-06-22 15:47:29HWDBQ → 要（发 ）广告，联系 `boss91m1`
2022-06-22 15:49:05si1688 → 需要 群、发，找 `boss91m1`
2022-06-22 15:49:35jiu_777 → 要（发 ）广告，联系 `boss91m1`
2022-06-22 15:51:43jiu_777 → 专业（发 ）广告，联系我 `boss91m1`
2022-06-22 15:52:19HWDBQ → 来（发 ）广告，联系 `boss91m1`
2022-06-22 15:53:26jiu_777 → 来（发 ）广告，联系 `boss91m1`
2022-06-22 15:53:55bc123hx → (session) 协议号，零售、批发 找，`boss91m1`
2022-06-22 15:54:58-1001692409589 → 来（发 ）广告，联系 `boss91m1`
2022-06-22 15:56:00jiu_777 → 来（发 ）广告，联系 `boss91m1`
2022-06-22 15:57:38jiu_777 → 需要 群、发软、件，找 `boss91m1`
2022-06-22 15:59:52jiu_777 → 要（发 ）广告，联系 `boss91m1`
2022-06-22 16:01:00bc123hx → 要（发 ）广告，联系 `boss91m1`
2022-06-22 16:01:38jiu_777 → 需要 软、件，找 `boss91m1`
2022-06-22 16:02:19HWDBQ → 想找人（ 发 ）广告，找 `boss91m1`
2022-06-22 16:03:43jiu_777 → 来（发 ）广告，联系 `boss91m1`
2022-06-22 16:04:00hfjiema → 想找人（ 发 ）广告，找 `boss91m1`
2022-06-22 16:05:16-1001692409589 → 准备（发 ）广告，找 `boss91m1`
2022-06-22 16:05:53jiu_777 → 要（发 ）广告，联系 `boss91m1`
2022-06-22 16:06:28si1688 → 需要 群、发软、件，找 `boss91m1`
2022-06-22 16:08:27HWDBQ → 来（发 ）广告，联系 `boss91m1`
2022-06-22 16:08:45jiu_777 → 想要（发 ）广告，找 `boss91m1`
2022-06-22 16:10:21-1001692409589 → 准备（发 ）广告，找 `boss91m1`
2022-06-22 16:10:39jiu_777 → 来（发 ）广告，联系 `boss91m1`
2022-06-22 16:12:34jiu_777 → 来（发 ）广告，联系 `boss91m1`
2022-06-22 16:14:10bc123hx → 准备（发 ）广告，找 `boss91m1`
2022-06-22 16:15:30jiu_777 → 专业（发 ）广告，联系我 `boss91m1`
2022-06-22 16:15:48si1688 → 专业（发 ）广告，联系我 `boss91m1`
2022-06-22 16:18:24jiu_777 → 需要 群、发，找 `boss91m1`
2022-06-22 16:20:15-1001692409589 → (session) 协议号，零售、批发 找，`boss91m1`
2022-06-22 16:20:33jiu_777 → 要（发 ）广告，联系 `boss91m1`
2022-06-22 16:21:20bc123hx → 准备（发 ）广告，找 `boss91m1`
2022-06-22 16:21:57jiu_777 → 要（发 ）广告，联系 `boss91m1`
2022-06-22 16:22:14hfjiema → 需要 软、件，找 `boss91m1`
2022-06-22 16:24:21jiu_777 → 来（发 ）广告，联系 `boss91m1`
2022-06-22 16:24:38si1688 → 想要（发 ）广告，找 `boss91m1`
2022-06-22 16:25:26HWDBQ → 来（发 ）广告，联系 `boss91m1`
2022-06-22 16:26:35jiu_777 → 来（发 ）广告，联系 `boss91m1`
2022-06-22 16:28:01si1688 → 来（发 ）广告，联系 `boss91m1`
2022-06-22 16:28:26jiu_777 → 想要（发 ）广告，找 `boss91m1`
2022-06-22 16:28:59bc123hx → 要（发 ）广告，联系 `boss91m1`
2022-06-22 16:30:35HWDBQ → 准备（发 ）广告，找 `boss91m1`
2022-06-22 16:31:04jiu_777 → 来（发 ）广告，联系 `boss91m1`
2022-06-22 16:33:20jiu_777 → (session) 协议号，零售、批发 找，`boss91m1`
2022-06-22 16:34:19-1001692409589 → 需要 群、发软、件，找 `boss91m1`
2022-06-22 16:35:00jiu_777 → 想找人（ 发 ）广告，找 `boss91m1`
2022-06-22 16:37:02-1001692409589 → 专业（发 ）广告，联系我 `boss91m1`
2022-06-22 16:37:20jiu_777 → 需要 群、发软、件，找 `boss91m1`
2022-06-22 16:38:07HWDBQ → 准备（发 ）广告，找 `boss91m1`
2022-06-22 16:39:41jiu_777 → 来（发 ）广告，联系 `boss91m1`
2022-06-22 16:40:48jiemaLine → 专业（发 ）广告，联系我 `boss91m1`
2022-06-22 16:42:07jiu_777 → 准备（发 ）广告，找 `boss91m1`
2022-06-22 16:42:31si1688 → 想找人（ 发 ）广告，找 `boss91m1`
2022-06-22 16:43:34hfjiema → 需要 群、发软、件，找 `boss91m1`
2022-06-22 16:44:04jiu_777 → 要（发 ）广告，联系 `boss91m1`
2022-06-22 16:45:20bc123hx → 想找人（ 发 ）广告，找 `boss91m1`
2022-06-22 16:46:24jiu_777 → 来（发 ）广告，联系 `boss91m1`
2022-06-22 16:46:49HWDBQ → 来（发 ）广告，联系 `boss91m1`
2022-06-22 16:47:48jiu_777 → 需要 软、件，找 `boss91m1`
2022-06-22 16:48:17jiemaWhatsApp → 需要 软、件，找 `boss91m1`
2022-06-22 16:49:26bc123hx → 想要（发 ）广告，找 `boss91m1`
2022-06-22 16:50:14jiu_777 → 需要 群、发，找 `boss91m1`
2022-06-22 16:51:43-1001692409589 → 准备（发 ）广告，找 `boss91m1`
2022-06-22 16:52:08jiu_777 → 准备（发 ）广告，找 `boss91m1`
2022-06-22 16:54:11si1688 → 需要 群、发，找 `boss91m1`
2022-06-22 16:54:29jiu_777 → 准备（发 ）广告，找 `boss91m1`
2022-06-22 16:56:44jiu_777 → 要（发 ）广告，联系 `boss91m1`
2022-06-22 16:57:02-1001692409589 → 想要（发 ）广告，找 `boss91m1`
2022-06-22 16:58:34hfjiema → 想找人（ 发 ）广告，找 `boss91m1`
2022-06-22 17:00:03jiu_777 → 需要 软、件，找 `boss91m1`
2022-06-22 17:01:36jiu_777 → 来（发 ）广告，联系 `boss91m1`
2022-06-22 17:02:30bc123hx → 需要 群、发，找 `boss91m1`
2022-06-22 17:03:36HWDBQ → 需要 群、发软、件，找 `boss91m1`
2022-06-22 17:03:54jiu_777 → 准备（发 ）广告，找 `boss91m1`
2022-06-22 17:05:08si1688 → 需要 群、发，找 `boss91m1`
2022-06-22 17:06:17jiu_777 → 来（发 ）广告，联系 `boss91m1`
2022-06-22 17:08:18jiu_777 → 来（发 ）广告，联系 `boss91m1`
2022-06-22 17:09:58jiu_777 → 专业（发 ）广告，联系我 `boss91m1`
2022-06-22 17:10:26-1001692409589 → 准备（发 ）广告，找 `boss91m1`
2022-06-22 17:11:02bc123hx → 来（发 ）广告，联系 `boss91m1`
2022-06-22 17:12:19jiu_777 → 需要 群、发，找 `boss91m1`
2022-06-22 17:12:52si1688 → 来（发 ）广告，联系 `boss91m1`
2022-06-22 17:14:11HWDBQ → 想要（发 ）广告，找 `boss91m1`
2022-06-22 17:14:57jiu_777 → 来（发 ）广告，联系 `boss91m1`
2022-06-22 17:16:44jiu_777 → 来（发 ）广告，联系 `boss91m1`
2022-06-22 17:17:02si1688 → 需要 群、发软、件，找 `boss91m1`
2022-06-22 17:17:26HWDBQ → 准备（发 ）广告，找 `boss91m1`
2022-06-22 17:19:12jiu_777 → 想要（发 ）广告，找 `boss91m1`
2022-06-22 17:20:45jiu_777 → 需要 群、发，找 `boss91m1`
2022-06-22 17:21:22-1001692409589 → 想要（发 ）广告，找 `boss91m1`
2022-06-22 17:22:14hfjiema → (session) 协议号，零售、批发 找，`boss91m1`
2022-06-22 17:22:50bc123hx → 需要 软、件，找 `boss91m1`
2022-06-22 17:23:08jiu_777 → 想要（发 ）广告，找 `boss91m1`
2022-06-22 17:25:37jiu_777 → 需要 群、发软、件，找 `boss91m1`
2022-06-22 17:26:25HWDBQ → 需要 群、发软、件，找 `boss91m1`
2022-06-22 17:27:01bc123hx → 需要 软、件，找 `boss91m1`
2022-06-22 17:27:19jiu_777 → 来（发 ）广告，联系 `boss91m1`
2022-06-22 17:29:50jiu_777 → 需要 群、发，找 `boss91m1`
2022-06-22 17:31:14si1688 → 想找人（ 发 ）广告，找 `boss91m1`
2022-06-22 17:31:32jiu_777 → (session) 协议号，零售、批发 找，`boss91m1`
2022-06-22 17:33:00-1001692409589 → (session) 协议号，零售、批发 找，`boss91m1`
2022-06-22 17:34:06jiu_777 → 来（发 ）广告，联系 `boss91m1`
2022-06-22 17:35:30jiu_777 → 需要 群、发软、件，找 `boss91m1`
2022-06-22 17:38:00jiu_777 → 要（发 ）广告，联系 `boss91m1`
2022-06-22 17:38:17si1688 → 来（发 ）广告，联系 `boss91m1`
2022-06-22 17:38:53bc123hx → 要（发 ）广告，联系 `boss91m1`
2022-06-22 17:39:54jiu_777 → 需要 群、发，找 `boss91m1`
2022-06-22 17:40:11-1001692409589 → (session) 协议号，零售、批发 找，`boss91m1`
2022-06-22 17:42:03hfjiema → 需要 群、发，找 `boss91m1`
2022-06-22 17:42:33jiu_777 → 专业（发 ）广告，联系我 `boss91m1`
2022-06-22 17:43:41HWDBQ → 要（发 ）广告，联系 `boss91m1`
2022-06-22 17:44:06jiu_777 → 专业（发 ）广告，联系我 `boss91m1`
2022-06-22 17:45:12bc123hx → 需要 软、件，找 `boss91m1`
2022-06-22 17:46:13jiu_777 → 专业（发 ）广告，联系我 `boss91m1`
2022-06-22 17:46:41si1688 → 需要 群、发，找 `boss91m1`
2022-06-22 17:47:50jiemaLine → 需要 群、发软、件，找 `boss91m1`
2022-06-22 17:48:26HWDBQ → 想要（发 ）广告，找 `boss91m1`
2022-06-22 17:48:44jiu_777 → 需要 软、件，找 `boss91m1`
2022-06-22 17:49:32jiemaWhatsApp → 需要 群、发软、件，找 `boss91m1`
2022-06-22 17:51:18jiu_777 → 需要 群、发软、件，找 `boss91m1`
2022-06-22 17:51:55-1001692409589 → 需要 软、件，找 `boss91m1`
2022-06-22 17:52:43jiu_777 → 想找人（ 发 ）广告，找 `boss91m1`
2022-06-22 17:54:48jiu_777 → 需要 群、发软、件，找 `boss91m1`
2022-06-22 17:56:58jiu_777 → 来（发 ）广告，联系 `boss91m1`
2022-06-22 17:57:43-1001692409589 → 需要 软、件，找 `boss91m1`
2022-06-22 17:58:42hfjiema → 来（发 ）广告，联系 `boss91m1`
2022-06-22 17:59:07jiu_777 → 想要（发 ）广告，找 `boss91m1`
2022-06-22 17:59:52HWDBQ → (session) 协议号，零售、批发 找，`boss91m1`
2022-06-22 18:00:44bc123hx → 专业（发 ）广告，联系我 `boss91m1`
2022-06-22 18:01:33jiu_777 → 想要（发 ）广告，找 `boss91m1`
2022-06-22 18:01:50si1688 → (session) 协议号，零售、批发 找，`boss91m1`
2022-06-22 18:03:29jiu_777 → 需要 软、件，找 `boss91m1`
2022-06-22 18:05:39jiu_777 → 需要 软、件，找 `boss91m1`
2022-06-22 18:05:56HWDBQ → 来（发 ）广告，联系 `boss91m1`
2022-06-22 18:07:50bc123hx → 想要（发 ）广告，找 `boss91m1`
2022-06-22 18:08:08jiu_777 → 来（发 ）广告，联系 `boss91m1`
2022-06-22 18:10:26jiu_777 → 专业（发 ）广告，联系我 `boss91m1`
2022-06-22 18:11:01-1001692409589 → 准备（发 ）广告，找 `boss91m1`
2022-06-22 18:11:49si1688 → 来（发 ）广告，联系 `boss91m1`
2022-06-22 18:12:19jiu_777 → 需要 软、件，找 `boss91m1`
2022-06-22 18:14:30HWDBQ → 需要 群、发软、件，找 `boss91m1`
2022-06-22 18:15:00jiu_777 → 要（发 ）广告，联系 `boss91m1`
2022-06-22 18:15:53-1001692409589 → 想找人（ 发 ）广告，找 `boss91m1`
2022-06-22 18:16:53jiu_777 → 来（发 ）广告，联系 `boss91m1`
2022-06-22 18:17:10si1688 → (session) 协议号，零售、批发 找，`boss91m1`
2022-06-22 18:19:18jiu_777 → 来（发 ）广告，联系 `boss91m1`
2022-06-22 18:19:35bc123hx → 专业（发 ）广告，联系我 `boss91m1`
2022-06-22 18:20:59hfjiema → 专业（发 ）广告，联系我 `boss91m1`
2022-06-22 18:21:40jiu_777 → 专业（发 ）广告，联系我 `boss91m1`
2022-06-22 18:23:17jiu_777 → 需要 群、发软、件，找 `boss91m1`
2022-06-22 18:24:22HWDBQ → 来（发 ）广告，联系 `boss91m1`
2022-06-22 18:25:26si1688 → 来（发 ）广告，联系 `boss91m1`
2022-06-22 18:25:56jiu_777 → 想找人（ 发 ）广告，找 `boss91m1`
2022-06-22 18:26:48bc123hx → 需要 软、件，找 `boss91m1`
2022-06-22 18:27:25jiu_777 → 想找人（ 发 ）广告，找 `boss91m1`
2022-06-22 18:29:27jiu_777 → 来（发 ）广告，联系 `boss91m1`
2022-06-22 18:30:54-1001692409589 → 想找人（ 发 ）广告，找 `boss91m1`
2022-06-22 18:31:43jiu_777 → 专业（发 ）广告，联系我 `boss91m1`
2022-06-22 18:34:14jiu_777 → 要（发 ）广告，联系 `boss91m1`
2022-06-22 18:35:38si1688 → 需要 软、件，找 `boss91m1`
2022-06-22 18:35:56jiu_777 → 需要 软、件，找 `boss91m1`
2022-06-22 18:37:12bc123hx → 需要 软、件，找 `boss91m1`
2022-06-22 18:37:48hfjiema → 需要 群、发，找 `boss91m1`
2022-06-22 18:38:22jiu_777 → 专业（发 ）广告，联系我 `boss91m1`
2022-06-22 18:38:58-1001692409589 → 需要 群、发，找 `boss91m1`
2022-06-22 18:40:26jiu_777 → 想要（发 ）广告，找 `boss91m1`
2022-06-22 18:41:31HWDBQ → 专业（发 ）广告，联系我 `boss91m1`
2022-06-22 18:42:47jiu_777 → 来（发 ）广告，联系 `boss91m1`
2022-06-22 18:44:37jiu_777 → 需要 群、发，找 `boss91m1`
2022-06-22 18:45:25HWDBQ → 要（发 ）广告，联系 `boss91m1`
2022-06-22 18:46:28bc123hx → 要（发 ）广告，联系 `boss91m1`
2022-06-22 18:46:58jiu_777 → 需要 软、件，找 `boss91m1`
2022-06-22 18:48:34jiu_777 → 想找人（ 发 ）广告，找 `boss91m1`
2022-06-22 18:48:51-1001692409589 → 需要 软、件，找 `boss91m1`
2022-06-22 18:50:55si1688 → (session) 协议号，零售、批发 找，`boss91m1`
2022-06-22 18:51:25jiu_777 → 来（发 ）广告，联系 `boss91m1`
2022-06-22 18:52:51-1001692409589 → 想找人（ 发 ）广告，找 `boss91m1`
2022-06-22 18:53:33jiu_777 → 需要 群、发软、件，找 `boss91m1`
2022-06-22 18:54:39hfjiema → 需要 群、发软、件，找 `boss91m1`
2022-06-22 18:55:04jiu_777 → 需要 群、发，找 `boss91m1`
2022-06-22 18:55:21jiemaWhatsApp → 要（发 ）广告，联系 `boss91m1`
2022-06-22 18:56:48bc123hx → 需要 软、件，找 `boss91m1`
2022-06-22 18:57:30HWDBQ → (session) 协议号，零售、批发 找，`boss91m1`
2022-06-22 18:57:48jiu_777 → 需要 软、件，找 `boss91m1`
2022-06-22 18:58:48jiemaLine → 来（发 ）广告，联系 `boss91m1`
2022-06-22 18:59:29jiu_777 → 需要 群、发软、件，找 `boss91m1`
2022-06-22 19:00:11si1688 → 想找人（ 发 ）广告，找 `boss91m1`
2022-06-22 19:02:20jiu_777 → 需要 群、发，找 `boss91m1`
2022-06-22 19:03:22-1001692409589 → 要（发 ）广告，联系 `boss91m1`
2022-06-22 19:03:47jiu_777 → 来（发 ）广告，联系 `boss91m1`
2022-06-22 19:05:56jiu_777 → 准备（发 ）广告，找 `boss91m1`
2022-06-22 19:06:56si1688 → 专业（发 ）广告，联系我 `boss91m1`
2022-06-22 19:08:16jiu_777 → 准备（发 ）广告，找 `boss91m1`
2022-06-22 19:08:33bc123hx → 想找人（ 发 ）广告，找 `boss91m1`
2022-06-22 19:09:09HWDBQ → 需要 软、件，找 `boss91m1`
2022-06-22 19:10:09jiu_777 → (session) 协议号，零售、批发 找，`boss91m1`
2022-06-22 19:12:14jiu_777 → 来（发 ）广告，联系 `boss91m1`
2022-06-22 19:12:55HWDBQ → 准备（发 ）广告，找 `boss91m1`
2022-06-22 19:13:37si1688 → (session) 协议号，零售、批发 找，`boss91m1`
2022-06-22 19:15:40hfjiema → (session) 协议号，零售、批发 找，`boss91m1`
2022-06-22 19:15:58jiu_777 → 来（发 ）广告，联系 `boss91m1`
2022-06-22 19:17:14bc123hx → (session) 协议号，零售、批发 找，`boss91m1`
2022-06-22 19:17:38-1001692409589 → 要（发 ）广告，联系 `boss91m1`
2022-06-22 19:18:24jiu_777 → 准备（发 ）广告，找 `boss91m1`
2022-06-22 19:19:44jiu_777 → 来（发 ）广告，联系 `boss91m1`
2022-06-22 19:20:02si1688 → 想找人（ 发 ）广告，找 `boss91m1`
2022-06-22 19:22:35jiu_777 → 来（发 ）广告，联系 `boss91m1`
2022-06-22 19:24:23-1001692409589 → 想要（发 ）广告，找 `boss91m1`
2022-06-22 19:24:41jiu_777 → 需要 软、件，找 `boss91m1`
2022-06-22 19:25:34bc123hx → 来（发 ）广告，联系 `boss91m1`
2022-06-22 19:26:41HWDBQ → (session) 协议号，零售、批发 找，`boss91m1`
2022-06-22 19:26:59jiu_777 → (session) 协议号，零售、批发 找，`boss91m1`
2022-06-22 19:28:47-1001692409589 → 需要 软、件，找 `boss91m1`
2022-06-22 19:29:17jiu_777 → 准备（发 ）广告，找 `boss91m1`
2022-06-22 19:30:43jiu_777 → 要（发 ）广告，联系 `boss91m1`
2022-06-22 19:31:01hfjiema → (session) 协议号，零售、批发 找，`boss91m1`
2022-06-22 19:32:34bc123hx → 想要（发 ）广告，找 `boss91m1`
2022-06-22 19:33:27jiu_777 → 专业（发 ）广告，联系我 `boss91m1`
2022-06-22 19:33:44si1688 → 要（发 ）广告，联系 `boss91m1`
2022-06-22 19:34:48HWDBQ → 要（发 ）广告，联系 `boss91m1`
2022-06-22 19:35:25jiu_777 → 来（发 ）广告，联系 `boss91m1`
2022-06-22 19:37:16jiu_777 → 准备（发 ）广告，找 `boss91m1`
2022-06-22 19:38:02bc123hx → 想找人（ 发 ）广告，找 `boss91m1`
2022-06-22 19:39:21si1688 → 想找人（ 发 ）广告，找 `boss91m1`
2022-06-22 19:39:39jiu_777 → 来（发 ）广告，联系 `boss91m1`
2022-06-22 19:41:33-1001692409589 → 专业（发 ）广告，联系我 `boss91m1`
2022-06-22 19:41:51jiu_777 → 需要 软、件，找 `boss91m1`
2022-06-22 19:42:52HWDBQ → 需要 软、件，找 `boss91m1`
2022-06-22 19:44:26jiu_777 → 要（发 ）广告，联系 `boss91m1`
2022-06-22 19:46:30jiu_777 → (session) 协议号，零售、批发 找，`boss91m1`
2022-06-22 19:47:18HWDBQ → 想找人（ 发 ）广告，找 `boss91m1`
2022-06-22 19:48:12jiu_777 → 准备（发 ）广告，找 `boss91m1`
2022-06-22 19:48:41si1688 → 来（发 ）广告，联系 `boss91m1`
2022-06-22 19:49:18hfjiema → 专业（发 ）广告，联系我 `boss91m1`
2022-06-22 19:50:27jiu_777 → 需要 群、发软、件，找 `boss91m1`
2022-06-22 19:51:19bc123hx → (session) 协议号，零售、批发 找，`boss91m1`
2022-06-22 19:52:34-1001692409589 → 需要 群、发软、件，找 `boss91m1`
2022-06-22 19:53:04jiu_777 → 准备（发 ）广告，找 `boss91m1`
2022-06-22 19:54:29jiu_777 → 来（发 ）广告，联系 `boss91m1`
2022-06-22 19:56:44jiu_777 → 专业（发 ）广告，联系我 `boss91m1`
2022-06-22 19:57:35HWDBQ → 来（发 ）广告，联系 `boss91m1`
2022-06-22 19:58:53-1001692409589 → (session) 协议号，零售、批发 找，`boss91m1`
2022-06-22 19:59:24jiu_777 → 专业（发 ）广告，联系我 `boss91m1`
2022-06-22 19:59:49si1688 → (session) 协议号，零售、批发 找，`boss91m1`
2022-06-22 20:01:06jiemaWhatsApp → 需要 软、件，找 `boss91m1`
2022-06-22 20:01:24jiu_777 → 想要（发 ）广告，找 `boss91m1`
2022-06-22 20:02:28bc123hx → 想要（发 ）广告，找 `boss91m1`
2022-06-22 20:03:05jiu_777 → 准备（发 ）广告，找 `boss91m1`
2022-06-22 20:04:22jiemaLine → 想找人（ 发 ）广告，找 `boss91m1`
2022-06-22 20:05:14HWDBQ → 需要 群、发，找 `boss91m1`
2022-06-22 20:05:32jiu_777 → 想要（发 ）广告，找 `boss91m1`
2022-06-22 20:07:25hfjiema → 准备（发 ）广告，找 `boss91m1`
2022-06-22 20:08:11jiu_777 → 来（发 ）广告，联系 `boss91m1`
2022-06-22 20:08:35-1001692409589 → 需要 群、发，找 `boss91m1`
2022-06-22 20:09:37jiu_777 → 想要（发 ）广告，找 `boss91m1`
2022-06-22 20:09:54bc123hx → 需要 群、发软、件，找 `boss91m1`
2022-06-22 20:11:02si1688 → (session) 协议号，零售、批发 找，`boss91m1`
2022-06-22 20:12:15jiu_777 → 需要 群、发，找 `boss91m1`
2022-06-22 20:14:38jiu_777 → 需要 软、件，找 `boss91m1`
2022-06-22 20:15:51HWDBQ → 专业（发 ）广告，联系我 `boss91m1`
2022-06-22 20:16:28jiu_777 → 需要 群、发，找 `boss91m1`
2022-06-22 20:17:03si1688 → 需要 群、发，找 `boss91m1`
2022-06-22 20:17:56-1001692409589 → 想要（发 ）广告，找 `boss91m1`
2022-06-22 20:19:11jiu_777 → 需要 群、发，找 `boss91m1`
2022-06-22 20:19:47bc123hx → 需要 群、发软、件，找 `boss91m1`
2022-06-22 20:21:19jiu_777 → 准备（发 ）广告，找 `boss91m1`
2022-06-22 20:22:25hfjiema → 专业（发 ）广告，联系我 `boss91m1`
2022-06-22 20:23:12HWDBQ → 准备（发 ）广告，找 `boss91m1`
2022-06-22 20:24:09jiu_777 → 来（发 ）广告，联系 `boss91m1`
2022-06-22 20:25:46jiu_777 → 需要 软、件，找 `boss91m1`
2022-06-22 20:26:03-1001692409589 → 来（发 ）广告，联系 `boss91m1`
2022-06-22 20:27:08bc123hx → 专业（发 ）广告，联系我 `boss91m1`
2022-06-22 20:27:45jiu_777 → 需要 软、件，找 `boss91m1`
2022-06-22 20:28:02si1688 → 来（发 ）广告，联系 `boss91m1`
2022-06-22 20:29:51jiu_777 → 想找人（ 发 ）广告，找 `boss91m1`
2022-06-22 20:31:25-1001692409589 → 想找人（ 发 ）广告，找 `boss91m1`
2022-06-22 20:32:02jiu_777 → 想要（发 ）广告，找 `boss91m1`
2022-06-22 20:32:43chuhai88965 → 需要 群、发，找 `boss91m1`
2022-06-22 20:34:23jiu_777 → 需要 软、件，找 `boss91m1`
2022-06-22 20:34:40si1688 → 准备（发 ）广告，找 `boss91m1`
2022-06-22 20:35:39HWDBQ → 要（发 ）广告，联系 `boss91m1`
2022-06-22 20:36:44jiu_777 → 想找人（ 发 ）广告，找 `boss91m1`
2022-06-22 20:38:02bc123hx → (session) 协议号，零售、批发 找，`boss91m1`
2022-06-22 20:38:40jiu_777 → (session) 协议号，零售、批发 找，`boss91m1`
2022-06-22 20:40:27chuhai88965 → 需要 群、发软、件，找 `boss91m1`
2022-06-22 20:40:57jiu_777 → 来（发 ）广告，联系 `boss91m1`
2022-06-22 20:41:48hfjiema → 来（发 ）广告，联系 `boss91m1`
2022-06-22 20:42:37jiu_777 → 想找人（ 发 ）广告，找 `boss91m1`
2022-06-22 20:43:13bc123hx → 要（发 ）广告，联系 `boss91m1`
2022-06-22 20:43:48HWDBQ → 需要 软、件，找 `boss91m1`
2022-06-22 20:45:07jiu_777 → 想要（发 ）广告，找 `boss91m1`
2022-06-22 20:46:24-1001692409589 → 来（发 ）广告，联系 `boss91m1`
2022-06-22 20:47:19jiu_777 → (session) 协议号，零售、批发 找，`boss91m1`
2022-06-22 20:48:25si1688 → 来（发 ）广告，联系 `boss91m1`
2022-06-22 20:49:26jiu_777 → 想要（发 ）广告，找 `boss91m1`
2022-06-22 20:51:31si1688 → 需要 群、发，找 `boss91m1`
2022-06-22 20:51:50jiu_777 → 要（发 ）广告，联系 `boss91m1`
2022-06-22 20:53:16HWDBQ → 需要 群、发软、件，找 `boss91m1`
2022-06-22 20:53:41jiu_777 → 需要 软、件，找 `boss91m1`
2022-06-22 20:53:58bc123hx → 想找人（ 发 ）广告，找 `boss91m1`
2022-06-22 20:55:48jiu_777 → 专业（发 ）广告，联系我 `boss91m1`
2022-06-22 20:56:05chuhai88965 → 来（发 ）广告，联系 `boss91m1`
2022-06-22 20:58:22jiu_777 → 来（发 ）广告，联系 `boss91m1`
2022-06-22 20:58:40-1001692409589 → 来（发 ）广告，联系 `boss91m1`
2022-06-22 21:00:19bc123hx → 准备（发 ）广告，找 `boss91m1`
2022-06-22 21:00:49jiu_777 → 需要 群、发软、件，找 `boss91m1`
2022-06-22 21:01:50HWDBQ → 来（发 ）广告，联系 `boss91m1`
2022-06-22 21:02:56jiu_777 → 专业（发 ）广告，联系我 `boss91m1`
2022-06-22 21:03:32hfjiema → 准备（发 ）广告，找 `boss91m1`
2022-06-22 21:04:24jiemaWhatsApp → 要（发 ）广告，联系 `boss91m1`
2022-06-22 21:04:42jiu_777 → (session) 协议号，零售、批发 找，`boss91m1`
2022-06-22 21:05:44si1688 → 想找人（ 发 ）广告，找 `boss91m1`
2022-06-22 21:06:38chuhai88965 → 想要（发 ）广告，找 `boss91m1`
2022-06-22 21:07:24jiu_777 → 想要（发 ）广告，找 `boss91m1`
2022-06-22 21:08:12-1001692409589 → (session) 协议号，零售、批发 找，`boss91m1`
2022-06-22 21:09:33jiu_777 → 需要 群、发，找 `boss91m1`
2022-06-22 21:10:27-1001692409589 → 来（发 ）广告，联系 `boss91m1`
2022-06-22 21:11:16jiu_777 → 需要 群、发，找 `boss91m1`
2022-06-22 21:11:33jiemaLine → 准备（发 ）广告，找 `boss91m1`
2022-06-22 21:12:12chuhai88965 → (session) 协议号，零售、批发 找，`boss91m1`
2022-06-22 21:13:20jiu_777 → 想找人（ 发 ）广告，找 `boss91m1`
2022-06-22 21:14:31HWDBQ → 来（发 ）广告，联系 `boss91m1`
2022-06-22 21:15:34si1688 → 需要 软、件，找 `boss91m1`
2022-06-22 21:16:21jiu_777 → 来（发 ）广告，联系 `boss91m1`
2022-06-22 21:17:02bc123hx → 要（发 ）广告，联系 `boss91m1`
2022-06-22 21:18:32hfjiema → 专业（发 ）广告，联系我 `boss91m1`
2022-06-22 21:18:52jiu_777 → 专业（发 ）广告，联系我 `boss91m1`
2022-06-22 21:20:58jiu_777 → 需要 群、发，找 `boss91m1`
2022-06-22 21:21:58chuhai88965 → 需要 群、发，找 `boss91m1`
2022-06-22 21:22:42jiu_777 → 需要 软、件，找 `boss91m1`
2022-06-22 21:22:59bc123hx → 准备（发 ）广告，找 `boss91m1`
2022-06-22 21:24:49jiu_777 → 要（发 ）广告，联系 `boss91m1`
2022-06-22 21:25:06HWDBQ → 来（发 ）广告，联系 `boss91m1`
2022-06-22 21:26:12si1688 → (session) 协议号，零售、批发 找，`boss91m1`
2022-06-22 21:26:49jiu_777 → (session) 协议号，零售、批发 找，`boss91m1`
2022-06-22 21:27:07-1001692409589 → 需要 软、件，找 `boss91m1`
2022-06-22 21:28:55jiu_777 → 来（发 ）广告，联系 `boss91m1`
2022-06-22 21:30:29HWDBQ → 需要 群、发软、件，找 `boss91m1`
2022-06-22 21:31:18jiu_777 → 想找人（ 发 ）广告，找 `boss91m1`
2022-06-22 21:31:48-1001692409589 → 专业（发 ）广告，联系我 `boss91m1`
2022-06-22 21:32:12bc123hx → 专业（发 ）广告，联系我 `boss91m1`
2022-06-22 21:33:59jiu_777 → 需要 群、发软、件，找 `boss91m1`
2022-06-22 21:34:25chuhai88965 → 需要 群、发，找 `boss91m1`
2022-06-22 21:35:38si1688 → 需要 群、发软、件，找 `boss91m1`
2022-06-22 21:36:12jiu_777 → 需要 群、发，找 `boss91m1`
2022-06-22 21:37:50hfjiema → 需要 群、发软、件，找 `boss91m1`
2022-06-22 21:38:08jiu_777 → 专业（发 ）广告，联系我 `boss91m1`
2022-06-22 21:39:50jiu_777 → 需要 群、发，找 `boss91m1`
2022-06-22 21:40:08-1001692409589 → 来（发 ）广告，联系 `boss91m1`
2022-06-22 21:42:03jiu_777 → 来（发 ）广告，联系 `boss91m1`
2022-06-22 21:42:32HWDBQ → 需要 群、发软、件，找 `boss91m1`
2022-06-22 21:43:38bc123hx → 来（发 ）广告，联系 `boss91m1`
2022-06-22 21:44:45jiu_777 → 想要（发 ）广告，找 `boss91m1`
2022-06-22 21:45:45si1688 → 来（发 ）广告，联系 `boss91m1`
2022-06-22 21:46:41jiu_777 → 想找人（ 发 ）广告，找 `boss91m1`
2022-06-22 21:47:14chuhai88965 → 要（发 ）广告，联系 `boss91m1`
2022-06-22 21:48:40jiu_777 → 来（发 ）广告，联系 `boss91m1`
2022-06-22 21:50:15chuhai88965 → 想找人（ 发 ）广告，找 `boss91m1`
2022-06-22 21:51:08jiu_777 → 专业（发 ）广告，联系我 `boss91m1`
2022-06-22 21:51:56HWDBQ → 准备（发 ）广告，找 `boss91m1`
2022-06-22 21:53:18jiu_777 → 要（发 ）广告，联系 `boss91m1`
2022-06-22 21:54:56si1688 → (session) 协议号，零售、批发 找，`boss91m1`
2022-06-22 21:55:21jiu_777 → 想找人（ 发 ）广告，找 `boss91m1`
2022-06-22 21:56:06-1001692409589 → 想要（发 ）广告，找 `boss91m1`
2022-06-22 21:56:55hfjiema → 想要（发 ）广告，找 `boss91m1`
2022-06-22 21:57:36bc123hx → 来（发 ）广告，联系 `boss91m1`
2022-06-22 21:58:20jiu_777 → (session) 协议号，零售、批发 找，`boss91m1`
2022-06-22 22:00:28jiu_777 → (session) 协议号，零售、批发 找，`boss91m1`
2022-06-22 22:01:54jiu_777 → 来（发 ）广告，联系 `boss91m1`
2022-06-22 22:02:39si1688 → 准备（发 ）广告，找 `boss91m1`
2022-06-22 22:03:22-1001692409589 → 来（发 ）广告，联系 `boss91m1`
2022-06-22 22:04:34jiu_777 → 专业（发 ）广告，联系我 `boss91m1`
2022-06-22 22:04:52HWDBQ → 需要 群、发软、件，找 `boss91m1`
2022-06-22 22:05:57chuhai88965 → 需要 群、发软、件，找 `boss91m1`
2022-06-22 22:06:51jiu_777 → 需要 群、发软、件，找 `boss91m1`
2022-06-22 22:07:30bc123hx → 来（发 ）广告，联系 `boss91m1`
2022-06-22 22:08:32jiu_777 → 需要 群、发，找 `boss91m1`
2022-06-22 22:09:19jiemaWhatsApp → (session) 协议号，零售、批发 找，`boss91m1`
2022-06-22 22:10:45si1688 → 需要 软、件，找 `boss91m1`
2022-06-22 22:11:27jiu_777 → 想找人（ 发 ）广告，找 `boss91m1`
2022-06-22 22:12:20HWDBQ → (session) 协议号，零售、批发 找，`boss91m1`
2022-06-22 22:12:56jiemaLine → 想找人（ 发 ）广告，找 `boss91m1`
2022-06-22 22:13:42jiu_777 → 来（发 ）广告，联系 `boss91m1`
2022-06-22 22:14:30hfjiema → 需要 群、发，找 `boss91m1`
2022-06-22 22:15:16bc123hx → 想要（发 ）广告，找 `boss91m1`
2022-06-22 22:15:51jiu_777 → 想要（发 ）广告，找 `boss91m1`
2022-06-22 22:16:39chuhai88965 → 想要（发 ）广告，找 `boss91m1`
2022-06-22 22:17:32jiu_777 → 来（发 ）广告，联系 `boss91m1`
2022-06-22 22:17:50-1001692409589 → 需要 群、发软、件，找 `boss91m1`
2022-06-22 22:19:27jiu_777 → 需要 群、发，找 `boss91m1`
2022-06-22 22:20:31si1688 → 准备（发 ）广告，找 `boss91m1`
2022-06-22 22:21:43jiu_777 → 来（发 ）广告，联系 `boss91m1`
2022-06-22 22:24:10bc123hx → 想找人（ 发 ）广告，找 `boss91m1`
2022-06-22 22:24:28jiu_777 → 准备（发 ）广告，找 `boss91m1`
2022-06-22 22:26:03jiu_777 → 来（发 ）广告，联系 `boss91m1`
2022-06-22 22:26:32chuhai88965 → 准备（发 ）广告，找 `boss91m1`
2022-06-22 22:27:35-1001692409589 → 想找人（ 发 ）广告，找 `boss91m1`
2022-06-22 22:28:12jiu_777 → 来（发 ）广告，联系 `boss91m1`
2022-06-22 22:28:40HWDBQ → 来（发 ）广告，联系 `boss91m1`
2022-06-22 22:30:03chuhai88965 → 要（发 ）广告，联系 `boss91m1`
2022-06-22 22:30:43jiu_777 → 要（发 ）广告，联系 `boss91m1`
2022-06-22 22:32:16-1001692409589 → 要（发 ）广告，联系 `boss91m1`
2022-06-22 22:32:34jiu_777 → 准备（发 ）广告，找 `boss91m1`
2022-06-22 22:34:29hfjiema → 专业（发 ）广告，联系我 `boss91m1`
2022-06-22 22:34:51jiu_777 → 专业（发 ）广告，联系我 `boss91m1`
2022-06-22 22:36:08HWDBQ → 想要（发 ）广告，找 `boss91m1`
2022-06-22 22:36:48jiu_777 → 需要 软、件，找 `boss91m1`
2022-06-22 22:37:25si1688 → 准备（发 ）广告，找 `boss91m1`
2022-06-22 22:42:07bc123hx → 准备（发 ）广告，找 `boss91m1`
2022-06-22 22:43:19jiu_777 → 需要 群、发，找 `boss91m1`