
2022-06-11 00:01:31hnsdfhs155 → 来（发 ）广告，联系 bs91m1
2022-06-11 00:02:30Hpy111 → 需要 软、件，找 bs91m1
2022-06-11 00:04:26USDThuzhu3 → 要（发 ）广告，联系 bs91m1
2022-06-11 00:09:03srjlq → 准备（发 ）广告，找 bs91m1
2022-06-11 00:10:02yhksijiantao11 → 来（发 ）广告，联系 bs91m1
2022-06-11 00:12:00yunqian68 → 想找人（ 发 ）广告，找 bs91m1
2022-06-11 00:16:36youxidaili → (session) 协议号，零售、批发 找，bs91m1
2022-06-11 00:18:29cvv666money → 需要 群、发软、件，找 bs91m1
2022-06-11 00:20:29phpzufang → 来（发 ）广告，联系 bs91m1
2022-06-11 00:21:27adasdasw → 来（发 ）广告，联系 bs91m1
2022-06-11 00:25:09fgdfdfherh → 来（发 ）广告，联系 bs91m1
2022-06-11 00:26:07jiaoyouqun123 → 来（发 ）广告，联系 bs91m1
2022-06-11 00:27:13shujyinl → (session) 协议号，零售、批发 找，bs91m1
2022-06-11 00:29:03ziyuanduijie1 → (session) 协议号，零售、批发 找，bs91m1
2022-06-11 00:30:03xd836809 → 来（发 ）广告，联系 bs91m1
2022-06-11 00:32:00dunxin106 → 准备（发 ）广告，找 bs91m1
2022-06-11 00:32:59xianliaoq → 来（发 ）广告，联系 bs91m1
2022-06-11 00:33:58Hpy888 → 想找人（ 发 ）广告，找 bs91m1
2022-06-11 00:35:58amjwg → 专业（发 ）广告，联系我 bs91m1
2022-06-11 00:36:57lbbet → 想找人（ 发 ）广告，找 bs91m1
2022-06-11 00:37:55USDThuzhu3 → 来（发 ）广告，联系 bs91m1
2022-06-11 00:39:00hnsdfhs155 → 来（发 ）广告，联系 bs91m1
2022-06-11 00:40:00seguiren → (session) 协议号，零售、批发 找，bs91m1
2022-06-11 00:42:49fjhq000hz → 想要（发 ）广告，找 bs91m1
2022-06-11 00:44:40YHK_security → 准备（发 ）广告，找 bs91m1
2022-06-11 00:45:40guojitongdaoduanxin → 需要 软、件，找 bs91m1
2022-06-11 00:47:44sirenweixin3 → 想找人（ 发 ）广告，找 bs91m1
2022-06-11 00:49:35dream888 → 需要 群、发软、件，找 bs91m1
2022-06-11 00:50:40dsfdshhs → (session) 协议号，零售、批发 找，bs91m1
2022-06-11 00:51:38zuqiushuju → 来（发 ）广告，联系 bs91m1
2022-06-11 00:53:29Hpy111 → (session) 协议号，零售、批发 找，bs91m1
2022-06-11 00:57:24AG686 → 准备（发 ）广告，找 bs91m1
2022-06-11 00:58:29fv0015 → 要（发 ）广告，联系 bs91m1
2022-06-11 01:01:12Philippines_visa → 准备（发 ）广告，找 bs91m1
2022-06-11 01:02:18amjwg → 准备（发 ）广告，找 bs91m1
2022-06-11 01:03:18jiaoyouqun123 → 想要（发 ）广告，找 bs91m1
2022-06-11 01:04:16srjlq → (session) 协议号，零售、批发 找，bs91m1
2022-06-11 01:08:58jinsanjiaobc → 想找人（ 发 ）广告，找 bs91m1
2022-06-11 01:12:41dsfdshhs → 准备（发 ）广告，找 bs91m1
2022-06-11 01:15:33adasdasw → 需要 群、发软、件，找 bs91m1
2022-06-11 01:16:31sirenweixin3 → (session) 协议号，零售、批发 找，bs91m1
2022-06-11 01:17:36cvv666money → 专业（发 ）广告，联系我 bs91m1
2022-06-11 01:23:09yunqian68 → 专业（发 ）广告，联系我 bs91m1
2022-06-11 01:25:13G88888880 → 需要 群、发，找 bs91m1
2022-06-11 01:26:12fjhq000hz → (session) 协议号，零售、批发 找，bs91m1
2022-06-11 01:28:03seguiren → 要（发 ）广告，联系 bs91m1
2022-06-11 01:29:10zgfCYJT → 来（发 ）广告，联系 bs91m1
2022-06-11 01:30:09phpzufang → 需要 群、发软、件，找 bs91m1
2022-06-11 01:31:07srjlq → 想要（发 ）广告，找 bs91m1
2022-06-11 01:33:04hnsdfhs155 → 来（发 ）广告，联系 bs91m1
2022-06-11 01:34:03dubai13148888 → 要（发 ）广告，联系 bs91m1
2022-06-11 01:35:53xianliaoq → 需要 群、发软、件，找 bs91m1
2022-06-11 01:38:50lbbet → 要（发 ）广告，联系 bs91m1
2022-06-11 01:39:48USDThuzhu3 → 来（发 ）广告，联系 bs91m1
2022-06-11 01:40:54miaomiao12356 → 要（发 ）广告，联系 bs91m1
2022-06-11 01:41:52zuqiushuju → 来（发 ）广告，联系 bs91m1
2022-06-11 01:42:51YHK_security → 专业（发 ）广告，联系我 bs91m1
2022-06-11 01:45:40ziyuanduijie1 → 想要（发 ）广告，找 bs91m1
2022-06-11 01:46:39fgdfdfherh → 需要 群、发，找 bs91m1
2022-06-11 01:47:37yhksijiantao11 → 要（发 ）广告，联系 bs91m1
2022-06-11 01:48:42youxidaili → 需要 软、件，找 bs91m1
2022-06-11 01:49:40shujyinl → 准备（发 ）广告，找 bs91m1
2022-06-11 01:53:28jinsanjiaobc → (session) 协议号，零售、批发 找，bs91m1
2022-06-11 01:56:17fv0015 → 准备（发 ）广告，找 bs91m1
2022-06-11 01:57:18seguiren → 要（发 ）广告，联系 bs91m1
2022-06-11 01:58:16guojitongdaoduanxin → 需要 群、发，找 bs91m1
2022-06-11 02:00:15yinlianguoji → 来（发 ）广告，联系 bs91m1
2022-06-11 02:01:13dunxin106 → 专业（发 ）广告，联系我 bs91m1
2022-06-11 02:02:11lbbet → 需要 群、发软、件，找 bs91m1
2022-06-11 02:04:09buyusdtx → 准备（发 ）广告，找 bs91m1
2022-06-11 02:05:09miaomiao12356 → 来（发 ）广告，联系 bs91m1
2022-06-11 02:06:07phpzufang → 来（发 ）广告，联系 bs91m1
2022-06-11 02:13:41dunxin106 → (session) 协议号，零售、批发 找，bs91m1
2022-06-11 02:15:38shujyinl → 需要 软、件，找 bs91m1
2022-06-11 02:20:18xianliaoq → (session) 协议号，零售、批发 找，bs91m1
2022-06-11 02:22:10youxidaili → 准备（发 ）广告，找 bs91m1
2022-06-11 02:23:16yhksijiantao11 → 来（发 ）广告，联系 bs91m1
2022-06-11 02:24:14srjlq → 想找人（ 发 ）广告，找 bs91m1
2022-06-11 02:25:14joinBCPH → (session) 协议号，零售、批发 找，bs91m1
2022-06-11 02:27:12yunqian68 → 需要 群、发软、件，找 bs91m1
2022-06-11 02:29:57dubai13148888 → 想找人（ 发 ）广告，找 bs91m1
2022-06-11 02:31:03cvv666money → 要（发 ）广告，联系 bs91m1
2022-06-11 02:32:03phniuniu → 来（发 ）广告，联系 bs91m1
2022-06-11 02:33:02zuqiushuju → 准备（发 ）广告，找 bs91m1
2022-06-11 02:35:01G88888880 → 需要 群、发，找 bs91m1
2022-06-11 02:37:49fv0015 → 需要 群、发，找 bs91m1
2022-06-11 02:38:55amjwg → 需要 软、件，找 bs91m1
2022-06-11 02:40:45jiaoyouqun123 → 专业（发 ）广告，联系我 bs91m1
2022-06-11 02:41:45USDThuzhu3 → 要（发 ）广告，联系 bs91m1
2022-06-11 02:43:42dsfdshhs → 来（发 ）广告，联系 bs91m1
2022-06-11 02:44:40adasdasw → (session) 协议号，零售、批发 找，bs91m1
2022-06-11 02:45:39dream888 → 专业（发 ）广告，联系我 bs91m1
2022-06-11 02:46:45fgdfdfherh → 专业（发 ）广告，联系我 bs91m1
2022-06-11 02:49:27jinsanjiaobc → 来（发 ）广告，联系 bs91m1
2022-06-11 02:50:33jiaoyouqun123 → (session) 协议号，零售、批发 找，bs91m1
2022-06-11 02:51:31ziyuanduijie1 → 需要 软、件，找 bs91m1
2022-06-11 02:53:22Hpy888 → 想找人（ 发 ）广告，找 bs91m1
2022-06-11 02:54:28shujyinl → 来（发 ）广告，联系 bs91m1
2022-06-11 02:55:27zgfCYJT → 需要 软、件，找 bs91m1
2022-06-11 02:57:17AG686 → 来（发 ）广告，联系 bs91m1
2022-06-11 02:58:22fjhq000hz → 准备（发 ）广告，找 bs91m1
2022-06-11 03:00:13cvv666money → 要（发 ）广告，联系 bs91m1
2022-06-11 03:02:10yhksijiantao11 → 需要 群、发软、件，找 bs91m1
2022-06-11 03:04:00hnsdfhs155 → 需要 群、发软、件，找 bs91m1
2022-06-11 03:05:00zgfCYJT → 来（发 ）广告，联系 bs91m1
2022-06-11 03:10:39dsfdshhs → 想要（发 ）广告，找 bs91m1
2022-06-11 03:11:38hnsdfhs155 → 来（发 ）广告，联系 bs91m1
2022-06-11 03:16:21YHK_security → 要（发 ）广告，联系 bs91m1
2022-06-11 03:18:20youxidaili → 想找人（ 发 ）广告，找 bs91m1
2022-06-11 03:20:11yunqian68 → (session) 协议号，零售、批发 找，bs91m1
2022-06-11 03:23:01srjlq → 需要 软、件，找 bs91m1
2022-06-11 03:23:59phpzufang → 来（发 ）广告，联系 bs91m1
2022-06-11 03:26:52fgdfdfherh → 想要（发 ）广告，找 bs91m1
2022-06-11 03:27:50seguiren → 来（发 ）广告，联系 bs91m1
2022-06-11 03:28:55lbbet → 专业（发 ）广告，联系我 bs91m1
2022-06-11 03:29:53buyusdtx → 需要 群、发，找 bs91m1
2022-06-11 03:30:52Hpy111 → 需要 软、件，找 bs91m1
2022-06-11 03:32:49zuqiushuju → 需要 群、发软、件，找 bs91m1
2022-06-11 03:33:47yinlianguoji → (session) 协议号，零售、批发 找，bs91m1
2022-06-11 03:35:38sirenweixin3 → 准备（发 ）广告，找 bs91m1
2022-06-11 03:36:43xianliaoq → 想要（发 ）广告，找 bs91m1
2022-06-11 03:37:41USDThuzhu3 → 需要 群、发软、件，找 bs91m1
2022-06-11 03:40:37jinsanjiaobc → 需要 群、发软、件，找 bs91m1
2022-06-11 03:44:25cvv666money → 准备（发 ）广告，找 bs91m1
2022-06-11 03:45:25phniuniu → 要（发 ）广告，联系 bs91m1
2022-06-11 03:46:23fv0015 → 要（发 ）广告，联系 bs91m1
2022-06-11 03:49:11lbbet → 来（发 ）广告，联系 bs91m1
2022-06-11 03:50:09amjwg → 准备（发 ）广告，找 bs91m1
2022-06-11 03:51:07fjhq000hz → 想找人（ 发 ）广告，找 bs91m1
2022-06-11 03:52:14xd836809 → 来（发 ）广告，联系 bs91m1
2022-06-11 03:54:04YHK_security → 需要 群、发，找 bs91m1
2022-06-11 03:55:02adasdasw → 需要 群、发，找 bs91m1
2022-06-11 03:56:08yhksijiantao11 → 想找人（ 发 ）广告，找 bs91m1
2022-06-11 03:57:06dunxin106 → 需要 群、发，找 bs91m1
2022-06-11 03:58:57G88888880 → 想要（发 ）广告，找 bs91m1
2022-06-11 04:00:54phpzufang → 需要 群、发软、件，找 bs91m1
2022-06-11 04:01:52ziyuanduijie1 → 需要 软、件，找 bs91m1
2022-06-11 04:02:52Hpy888 → 需要 群、发软、件，找 bs91m1
2022-06-11 04:06:35dsfdshhs → 想找人（ 发 ）广告，找 bs91m1
2022-06-11 04:09:25yunqian68 → 准备（发 ）广告，找 bs91m1
2022-06-11 04:11:25xianliaoq → 专业（发 ）广告，联系我 bs91m1
2022-06-11 04:15:11shujyinl → 需要 软、件，找 bs91m1
2022-06-11 04:16:09zuqiushuju → 专业（发 ）广告，联系我 bs91m1
2022-06-11 04:19:52fv0015 → 来（发 ）广告，联系 bs91m1
2022-06-11 04:24:41youxidaili → 来（发 ）广告，联系 bs91m1
2022-06-11 04:26:38seguiren → 需要 软、件，找 bs91m1
2022-06-11 04:27:36srjlq → (session) 协议号，零售、批发 找，bs91m1
2022-06-11 04:29:28amjwg → 来（发 ）广告，联系 bs91m1
2022-06-11 04:30:35G88888880 → 准备（发 ）广告，找 bs91m1
2022-06-11 04:32:27jiaoyouqun123 → 来（发 ）广告，联系 bs91m1
2022-06-11 04:33:25fjhq000hz → (session) 协议号，零售、批发 找，bs91m1
2022-06-11 04:34:30AG686 → 专业（发 ）广告，联系我 bs91m1
2022-06-11 04:35:29Philippines_visa → 需要 群、发软、件，找 bs91m1
2022-06-11 04:38:20dsfdshhs → 需要 软、件，找 bs91m1
2022-06-11 04:40:11guojitongdaoduanxin → 专业（发 ）广告，联系我 bs91m1
2022-06-11 04:41:09dunxin106 → 来（发 ）广告，联系 bs91m1
2022-06-11 04:43:06jinsanjiaobc → (session) 协议号，零售、批发 找，bs91m1
2022-06-11 04:44:04Hpy111 → 需要 软、件，找 bs91m1
2022-06-11 04:45:03jiaoyouqun123 → 专业（发 ）广告，联系我 bs91m1
2022-06-11 04:46:08hnsdfhs155 → 准备（发 ）广告，找 bs91m1
2022-06-11 04:47:06seguiren → 想找人（ 发 ）广告，找 bs91m1
2022-06-11 04:51:52phniuniu → 来（发 ）广告，联系 bs91m1
2022-06-11 04:52:51yhksijiantao11 → 需要 群、发，找 bs91m1
2022-06-11 04:54:54USDThuzhu3 → 需要 软、件，找 bs91m1
2022-06-11 04:55:53zgfCYJT → 专业（发 ）广告，联系我 bs91m1
2022-06-11 04:57:50adasdasw → 专业（发 ）广告，联系我 bs91m1
2022-06-11 04:58:48yinlianguoji → 需要 软、件，找 bs91m1
2022-06-11 04:59:47cvv666money → 来（发 ）广告，联系 bs91m1
2022-06-11 05:03:36lbbet → 需要 群、发，找 bs91m1
2022-06-11 05:05:33phpzufang → 需要 软、件，找 bs91m1
2022-06-11 05:07:28fjhq000hz → 来（发 ）广告，联系 bs91m1
2022-06-11 05:13:16shujyinl → 来（发 ）广告，联系 bs91m1
2022-06-11 05:15:08dunxin106 → 需要 群、发软、件，找 bs91m1
2022-06-11 05:18:49sirenweixin3 → 需要 群、发，找 bs91m1
2022-06-11 05:19:47adasdasw → 需要 群、发，找 bs91m1
2022-06-11 05:20:53xianliaoq → 要（发 ）广告，联系 bs91m1
2022-06-11 05:22:43zuqiushuju → 专业（发 ）广告，联系我 bs91m1
2022-06-11 05:24:44yunqian68 → 想要（发 ）广告，找 bs91m1
2022-06-11 05:26:36fv0015 → 需要 软、件，找 bs91m1
2022-06-11 05:31:13guojitongdaoduanxin → 需要 群、发软、件，找 bs91m1
2022-06-11 05:32:18hnsdfhs155 → 想要（发 ）广告，找 bs91m1
2022-06-11 05:34:16YHK_security → 准备（发 ）广告，找 bs91m1
2022-06-11 05:36:13youxidaili → 专业（发 ）广告，联系我 bs91m1
2022-06-11 05:38:04zgfCYJT → 想找人（ 发 ）广告，找 bs91m1
2022-06-11 05:40:09Philippines_visa → (session) 协议号，零售、批发 找，bs91m1
2022-06-11 05:41:59ziyuanduijie1 → 想找人（ 发 ）广告，找 bs91m1
2022-06-11 05:42:57lbbet → 需要 群、发软、件，找 bs91m1
2022-06-11 05:44:03G88888880 → (session) 协议号，零售、批发 找，bs91m1
2022-06-11 05:45:53seguiren → (session) 协议号，零售、批发 找，bs91m1
2022-06-11 05:46:51jinsanjiaobc → 需要 群、发，找 bs91m1
2022-06-11 05:48:48srjlq → 想要（发 ）广告，找 bs91m1
2022-06-11 05:49:46yhksijiantao11 → 要（发 ）广告，联系 bs91m1
2022-06-11 05:51:49shujyinl → 来（发 ）广告，联系 bs91m1
2022-06-11 05:52:46USDThuzhu3 → 准备（发 ）广告，找 bs91m1
2022-06-11 05:54:36xd836809 → 需要 软、件，找 bs91m1
2022-06-11 05:55:42miaomiao12356 → 需要 群、发软、件，找 bs91m1
2022-06-11 05:56:40buyusdtx → 来（发 ）广告，联系 bs91m1
2022-06-11 05:57:39phpzufang → 想找人（ 发 ）广告，找 bs91m1
2022-06-11 06:01:20jiaoyouqun123 → 想找人（ 发 ）广告，找 bs91m1
2022-06-11 06:02:19Hpy111 → 要（发 ）广告，联系 bs91m1
2022-06-11 06:05:12yinlianguoji → 来（发 ）广告，联系 bs91m1
2022-06-11 06:06:10dsfdshhs → 专业（发 ）广告，联系我 bs91m1
2022-06-11 06:08:08sirenweixin3 → 来（发 ）广告，联系 bs91m1
2022-06-11 06:09:07srjlq → 需要 群、发软、件，找 bs91m1
2022-06-11 06:11:07xianliaoq → 想找人（ 发 ）广告，找 bs91m1
2022-06-11 06:13:00youxidaili → 来（发 ）广告，联系 bs91m1
2022-06-11 06:14:58cvv666money → 想要（发 ）广告，找 bs91m1
2022-06-11 06:16:50fv0015 → (session) 协议号，零售、批发 找，bs91m1
2022-06-11 06:19:39yunqian68 → 需要 软、件，找 bs91m1
2022-06-11 06:20:38zuqiushuju → 需要 群、发，找 bs91m1
2022-06-11 06:22:37dunxin106 → 想要（发 ）广告，找 bs91m1
2022-06-11 06:28:05lbbet → 需要 软、件，找 bs91m1
2022-06-11 06:29:03jinsanjiaobc → 需要 群、发，找 bs91m1
2022-06-11 06:31:14joinBCPH → 想要（发 ）广告，找 bs91m1
2022-06-11 06:33:06dsfdshhs → 来（发 ）广告，联系 bs91m1
2022-06-11 06:35:04yinlianguoji → 来（发 ）广告，联系 bs91m1
2022-06-11 06:36:02phpzufang → 想要（发 ）广告，找 bs91m1
2022-06-11 06:38:05USDThuzhu3 → (session) 协议号，零售、批发 找，bs91m1
2022-06-11 06:39:04fgdfdfherh → 要（发 ）广告，联系 bs91m1
2022-06-11 06:42:56dubai13148888 → 想找人（ 发 ）广告，找 bs91m1
2022-06-11 06:44:46AG686 → 准备（发 ）广告，找 bs91m1
2022-06-11 06:45:51adasdasw → 专业（发 ）广告，联系我 bs91m1
2022-06-11 06:46:49jiaoyouqun123 → 需要 群、发软、件，找 bs91m1
2022-06-11 06:47:49Hpy888 → 需要 群、发软、件，找 bs91m1
2022-06-11 06:49:47phniuniu → (session) 协议号，零售、批发 找，bs91m1
2022-06-11 06:51:36fjhq000hz → 需要 软、件，找 bs91m1
2022-06-11 06:52:34cvv666money → 需要 群、发，找 bs91m1
2022-06-11 06:53:39hnsdfhs155 → 专业（发 ）广告，联系我 bs91m1
2022-06-11 06:54:39zgfCYJT → 需要 软、件，找 bs91m1
2022-06-11 06:56:29sirenweixin3 → 专业（发 ）广告，联系我 bs91m1
2022-06-11 06:57:36guojitongdaoduanxin → (session) 协议号，零售、批发 找，bs91m1
2022-06-11 06:58:34shujyinl → 专业（发 ）广告，联系我 bs91m1
2022-06-11 07:01:23yunqian68 → 准备（发 ）广告，找 bs91m1
2022-06-11 07:02:23Philippines_visa → 想要（发 ）广告，找 bs91m1
2022-06-11 07:05:15adasdasw → 需要 群、发，找 bs91m1
2022-06-11 07:06:14G88888880 → 来（发 ）广告，联系 bs91m1
2022-06-11 07:07:13xianliaoq → 想要（发 ）广告，找 bs91m1
2022-06-11 07:11:56yhksijiantao11 → (session) 协议号，零售、批发 找，bs91m1
2022-06-11 07:13:01ziyuanduijie1 → 来（发 ）广告，联系 bs91m1
2022-06-11 07:14:54seguiren → 需要 群、发，找 bs91m1
2022-06-11 07:18:37buyusdtx → 需要 软、件，找 bs91m1
2022-06-11 07:20:34srjlq → 需要 软、件，找 bs91m1
2022-06-11 07:22:26lbbet → 想要（发 ）广告，找 bs91m1
2022-06-11 07:24:25youxidaili → 要（发 ）广告，联系 bs91m1
2022-06-11 07:25:23sirenweixin3 → 需要 群、发，找 bs91m1
2022-06-11 07:28:15phpzufang → 想要（发 ）广告，找 bs91m1
2022-06-11 07:29:13zuqiushuju → 想找人（ 发 ）广告，找 bs91m1
2022-06-11 07:33:55xianliaoq → 来（发 ）广告，联系 bs91m1
2022-06-11 07:34:53fjhq000hz → 来（发 ）广告，联系 bs91m1
2022-06-11 07:37:42fv0015 → 需要 群、发，找 bs91m1
2022-06-11 07:38:40cvv666money → 来（发 ）广告，联系 bs91m1
2022-06-11 07:39:45jinsanjiaobc → 来（发 ）广告，联系 bs91m1
2022-06-11 07:40:45phniuniu → 专业（发 ）广告，联系我 bs91m1
2022-06-11 07:41:44yunqian68 → (session) 协议号，零售、批发 找，bs91m1
2022-06-11 07:43:42zgfCYJT → 想要（发 ）广告，找 bs91m1
2022-06-11 07:44:40yhksijiantao11 → 专业（发 ）广告，联系我 bs91m1
2022-06-11 07:45:39dunxin106 → 需要 群、发，找 bs91m1
2022-06-11 07:47:35hnsdfhs155 → 来（发 ）广告，联系 bs91m1
2022-06-11 07:48:34Hpy888 → 想要（发 ）广告，找 bs91m1
2022-06-11 07:52:20dsfdshhs → 需要 群、发软、件，找 bs91m1
2022-06-11 07:53:18USDThuzhu3 → 需要 群、发软、件，找 bs91m1
2022-06-11 07:54:17fgdfdfherh → 要（发 ）广告，联系 bs91m1
2022-06-11 07:57:06dream888 → 来（发 ）广告，联系 bs91m1
2022-06-11 07:58:05seguiren → (session) 协议号，零售、批发 找，bs91m1
2022-06-11 07:59:11fjhq000hz → 专业（发 ）广告，联系我 bs91m1
2022-06-11 08:00:10Hpy111 → 需要 群、发软、件，找 bs91m1
2022-06-11 08:01:08YHK_security → 需要 软、件，找 bs91m1
2022-06-11 08:03:05jiaoyouqun123 → 专业（发 ）广告，联系我 bs91m1
2022-06-11 08:04:03jinsanjiaobc → 想要（发 ）广告，找 bs91m1
2022-06-11 08:05:01xd836809 → 想找人（ 发 ）广告，找 bs91m1
2022-06-11 08:06:59amjwg → 专业（发 ）广告，联系我 bs91m1
2022-06-11 08:09:43shujyinl → 准备（发 ）广告，找 bs91m1
2022-06-11 08:10:48zuqiushuju → 需要 群、发软、件，找 bs91m1
2022-06-11 08:12:39dubai13148888 → (session) 协议号，零售、批发 找，bs91m1
2022-06-11 08:16:27yhksijiantao11 → 来（发 ）广告，联系 bs91m1
2022-06-11 08:18:26AG686 → 要（发 ）广告，联系 bs91m1
2022-06-11 08:22:16shujyinl → 专业（发 ）广告，联系我 bs91m1
2022-06-11 08:24:07USDThuzhu3 → 要（发 ）广告，联系 bs91m1
2022-06-11 08:26:07dsfdshhs → 准备（发 ）广告，找 bs91m1
2022-06-11 08:28:51dunxin106 → 想找人（ 发 ）广告，找 bs91m1
2022-06-11 08:31:42hnsdfhs155 → 需要 软、件，找 bs91m1
2022-06-11 08:32:42cvv666money → 来（发 ）广告，联系 bs91m1
2022-06-11 08:33:47lbbet → 专业（发 ）广告，联系我 bs91m1
2022-06-11 08:35:37adasdasw → 准备（发 ）广告，找 bs91m1
2022-06-11 08:36:37G88888880 → 需要 群、发软、件，找 bs91m1
2022-06-11 08:38:34srjlq → 要（发 ）广告，联系 bs91m1
2022-06-11 08:39:32xianliaoq → 来（发 ）广告，联系 bs91m1
2022-06-11 08:40:32joinBCPH → 需要 软、件，找 bs91m1
2022-06-11 08:41:37jiaoyouqun123 → 来（发 ）广告，联系 bs91m1
2022-06-11 08:44:26buyusdtx → 来（发 ）广告，联系 bs91m1
2022-06-11 08:46:22fv0015 → (session) 协议号，零售、批发 找，bs91m1
2022-06-11 08:47:20sirenweixin3 → 来（发 ）广告，联系 bs91m1
2022-06-11 08:49:17youxidaili → 来（发 ）广告，联系 bs91m1
2022-06-11 08:51:07seguiren → 想找人（ 发 ）广告，找 bs91m1
2022-06-11 08:53:12yunqian68 → (session) 协议号，零售、批发 找，bs91m1
2022-06-11 08:54:10yinlianguoji → 需要 群、发软、件，找 bs91m1
2022-06-11 08:57:01Hpy888 → 需要 群、发软、件，找 bs91m1
2022-06-11 08:58:50phpzufang → (session) 协议号，零售、批发 找，bs91m1
2022-06-11 09:00:54YHK_security → 想要（发 ）广告，找 bs91m1
2022-06-11 09:02:44zuqiushuju → 需要 群、发，找 bs91m1
2022-06-11 09:03:43zgfCYJT → 需要 群、发，找 bs91m1
2022-06-11 09:05:41dunxin106 → 专业（发 ）广告，联系我 bs91m1
2022-06-11 09:07:32Hpy111 → 需要 群、发软、件，找 bs91m1
2022-06-11 09:08:36adasdasw → 专业（发 ）广告，联系我 bs91m1
2022-06-11 09:09:37guojitongdaoduanxin → 准备（发 ）广告，找 bs91m1
2022-06-11 09:11:28cvv666money → 要（发 ）广告，联系 bs91m1
2022-06-11 09:12:33jiaoyouqun123 → (session) 协议号，零售、批发 找，bs91m1
2022-06-11 09:13:31joinBCPH → 准备（发 ）广告，找 bs91m1
2022-06-11 09:14:29fjhq000hz → 想要（发 ）广告，找 bs91m1
2022-06-11 09:16:26jinsanjiaobc → 想找人（ 发 ）广告，找 bs91m1
2022-06-11 09:17:25lbbet → 需要 群、发软、件，找 bs91m1
2022-06-11 09:20:16dsfdshhs → 准备（发 ）广告，找 bs91m1
2022-06-11 09:21:14fv0015 → 要（发 ）广告，联系 bs91m1
2022-06-11 09:24:57USDThuzhu3 → 专业（发 ）广告，联系我 bs91m1
2022-06-11 09:26:50shujyinl → (session) 协议号，零售、批发 找，bs91m1
2022-06-11 09:27:55ziyuanduijie1 → 来（发 ）广告，联系 bs91m1
2022-06-11 09:28:54yhksijiantao11 → 专业（发 ）广告，联系我 bs91m1
2022-06-11 09:31:45phpzufang → 需要 软、件，找 bs91m1
2022-06-11 09:33:35youxidaili → 准备（发 ）广告，找 bs91m1
2022-06-11 09:38:14YHK_security → 需要 群、发软、件，找 bs91m1
2022-06-11 09:39:21phniuniu → 想找人（ 发 ）广告，找 bs91m1
2022-06-11 09:40:19hnsdfhs155 → 想要（发 ）广告，找 bs91m1
2022-06-11 09:42:09yunqian68 → 来（发 ）广告，联系 bs91m1
2022-06-11 09:43:14xianliaoq → 专业（发 ）广告，联系我 bs91m1
2022-06-11 09:44:13G88888880 → 专业（发 ）广告，联系我 bs91m1
2022-06-11 09:46:03AG686 → 专业（发 ）广告，联系我 bs91m1
2022-06-11 09:48:01fgdfdfherh → 想找人（ 发 ）广告，找 bs91m1
2022-06-11 09:48:59srjlq → (session) 协议号，零售、批发 找，bs91m1
2022-06-11 09:49:57seguiren → 来（发 ）广告，联系 bs91m1
2022-06-11 09:52:52dream888 → (session) 协议号，零售、批发 找，bs91m1
2022-06-11 09:55:49sirenweixin3 → 需要 群、发软、件，找 bs91m1
2022-06-11 09:59:35xd836809 → 专业（发 ）广告，联系我 bs91m1
2022-06-11 10:02:25jinsanjiaobc → 准备（发 ）广告，找 bs91m1
2022-06-11 10:04:16phpzufang → 来（发 ）广告，联系 bs91m1
2022-06-11 10:05:15miaomiao12356 → 来（发 ）广告，联系 bs91m1
2022-06-11 10:06:22Philippines_visa → 需要 群、发，找 bs91m1
2022-06-11 10:07:20xianliaoq → 需要 群、发，找 bs91m1
2022-06-11 10:09:11dunxin106 → 想要（发 ）广告，找 bs91m1
2022-06-11 10:10:16fjhq000hz → 要（发 ）广告，联系 bs91m1
2022-06-11 10:11:15joinBCPH → 专业（发 ）广告，联系我 bs91m1
2022-06-11 10:14:10zuqiushuju → 来（发 ）广告，联系 bs91m1
2022-06-11 10:15:09yhksijiantao11 → 想要（发 ）广告，找 bs91m1
2022-06-11 10:17:00yinlianguoji → 准备（发 ）广告，找 bs91m1
2022-06-11 10:18:05guojitongdaoduanxin → 想找人（ 发 ）广告，找 bs91m1
2022-06-11 10:19:04yunqian68 → 需要 群、发软、件，找 bs91m1
2022-06-11 10:20:02buyusdtx → 需要 群、发软、件，找 bs91m1
2022-06-11 10:21:59YHK_security → 专业（发 ）广告，联系我 bs91m1
2022-06-11 10:22:57youxidaili → 需要 群、发软、件，找 bs91m1
2022-06-11 10:27:34shujyinl → 准备（发 ）广告，找 bs91m1
2022-06-11 10:28:32fv0015 → (session) 协议号，零售、批发 找，bs91m1
2022-06-11 10:30:29sirenweixin3 → (session) 协议号，零售、批发 找，bs91m1
2022-06-11 10:32:21srjlq → 需要 群、发软、件，找 bs91m1
2022-06-11 10:35:12USDThuzhu3 → (session) 协议号，零售、批发 找，bs91m1
2022-06-11 10:36:11lbbet → (session) 协议号，零售、批发 找，bs91m1
2022-06-11 10:38:10hnsdfhs155 → 专业（发 ）广告，联系我 bs91m1
2022-06-11 10:39:08cvv666money → 来（发 ）广告，联系 bs91m1
2022-06-11 10:41:05seguiren → 要（发 ）广告，联系 bs91m1
2022-06-11 10:42:04ziyuanduijie1 → 准备（发 ）广告，找 bs91m1
2022-06-11 10:44:59dsfdshhs → 需要 群、发软、件，找 bs91m1
2022-06-11 10:46:50phniuniu → 需要 群、发，找 bs91m1
2022-06-11 10:47:48adasdasw → (session) 协议号，零售、批发 找，bs91m1
2022-06-11 10:48:54zgfCYJT → 需要 软、件，找 bs91m1
2022-06-11 10:50:44jiaoyouqun123 → 准备（发 ）广告，找 bs91m1
2022-06-11 10:54:26amjwg → 想找人（ 发 ）广告，找 bs91m1
2022-06-11 10:56:26dubai13148888 → 专业（发 ）广告，联系我 bs91m1
2022-06-11 10:57:25lbbet → 准备（发 ）广告，找 bs91m1
2022-06-11 10:58:23fjhq000hz → 需要 软、件，找 bs91m1
2022-06-11 11:00:20YHK_security → 来（发 ）广告，联系 bs91m1
2022-06-11 11:01:19dream888 → 需要 软、件，找 bs91m1
2022-06-11 11:02:16AG686 → 来（发 ）广告，联系 bs91m1
2022-06-11 11:04:12zuqiushuju → 准备（发 ）广告，找 bs91m1
2022-06-11 11:05:11shujyinl → 来（发 ）广告，联系 bs91m1
2022-06-11 11:08:02miaomiao12356 → 来（发 ）广告，联系 bs91m1
2022-06-11 11:09:00adasdasw → 需要 群、发，找 bs91m1
2022-06-11 11:10:49xianliaoq → 准备（发 ）广告，找 bs91m1
2022-06-11 11:11:55jiaoyouqun123 → 需要 群、发，找 bs91m1
2022-06-11 11:12:53USDThuzhu3 → 要（发 ）广告，联系 bs91m1
2022-06-11 11:13:52Hpy111 → 准备（发 ）广告，找 bs91m1
2022-06-11 11:15:49jinsanjiaobc → (session) 协议号，零售、批发 找，bs91m1
2022-06-11 11:16:47dream888 → 想要（发 ）广告，找 bs91m1
2022-06-11 11:18:37sirenweixin3 → 需要 群、发软、件，找 bs91m1
2022-06-11 11:21:34youxidaili → 需要 群、发软、件，找 bs91m1
2022-06-11 11:23:32seguiren → 需要 群、发，找 bs91m1
2022-06-11 11:24:30hnsdfhs155 → (session) 协议号，零售、批发 找，bs91m1
2022-06-11 11:25:28xd836809 → (session) 协议号，零售、批发 找，bs91m1
2022-06-11 11:27:25yhksijiantao11 → 需要 群、发，找 bs91m1
2022-06-11 11:29:16dunxin106 → 想找人（ 发 ）广告，找 bs91m1
2022-06-11 11:31:14phpzufang → 专业（发 ）广告，联系我 bs91m1
2022-06-11 11:36:50cvv666money → 需要 软、件，找 bs91m1
2022-06-11 11:37:48srjlq → 专业（发 ）广告，联系我 bs91m1
2022-06-11 11:40:39fv0015 → 需要 群、发，找 bs91m1
2022-06-11 11:41:38dsfdshhs → 需要 软、件，找 bs91m1
2022-06-11 11:42:43buyusdtx → 想找人（ 发 ）广告，找 bs91m1
2022-06-11 11:43:41yunqian68 → 需要 群、发，找 bs91m1
2022-06-11 11:44:40phniuniu → 专业（发 ）广告，联系我 bs91m1
2022-06-11 11:46:38joinBCPH → 准备（发 ）广告，找 bs91m1
2022-06-11 11:54:14G88888880 → 专业（发 ）广告，联系我 bs91m1
2022-06-11 11:55:12jiaoyouqun123 → 想要（发 ）广告，找 bs91m1
2022-06-11 11:57:01ziyuanduijie1 → 需要 软、件，找 bs91m1
2022-06-11 11:58:07cvv666money → 想找人（ 发 ）广告，找 bs91m1
2022-06-11 11:59:06adasdasw → 来（发 ）广告，联系 bs91m1
2022-06-11 12:02:02yinlianguoji → 需要 群、发软、件，找 bs91m1
2022-06-11 12:03:00hnsdfhs155 → 准备（发 ）广告，找 bs91m1
2022-06-11 12:03:58phpzufang → 想找人（ 发 ）广告，找 bs91m1
2022-06-11 12:05:55lbbet → 专业（发 ）广告，联系我 bs91m1
2022-06-11 12:06:53Philippines_visa → 需要 群、发，找 bs91m1
2022-06-11 12:08:42dunxin106 → 专业（发 ）广告，联系我 bs91m1
2022-06-11 12:10:41dubai13148888 → (session) 协议号，零售、批发 找，bs91m1
2022-06-11 12:11:39sirenweixin3 → 需要 群、发，找 bs91m1
2022-06-11 12:14:31shujyinl → 准备（发 ）广告，找 bs91m1
2022-06-11 12:16:20zuqiushuju → 需要 群、发，找 bs91m1
2022-06-11 12:17:26YHK_security → 需要 群、发软、件，找 bs91m1
2022-06-11 12:18:25fgdfdfherh → 需要 群、发软、件，找 bs91m1
2022-06-11 12:20:15youxidaili → 专业（发 ）广告，联系我 bs91m1
2022-06-11 12:21:20AG686 → 来（发 ）广告，联系 bs91m1
2022-06-11 12:22:19dubai13148888 → 想找人（ 发 ）广告，找 bs91m1
2022-06-11 12:24:08yhksijiantao11 → 需要 群、发软、件，找 bs91m1
2022-06-11 12:26:07fjhq000hz → (session) 协议号，零售、批发 找，bs91m1
2022-06-11 12:27:05xianliaoq → 要（发 ）广告，联系 bs91m1
2022-06-11 12:30:48seguiren → (session) 协议号，零售、批发 找，bs91m1
2022-06-11 12:31:46USDThuzhu3 → (session) 协议号，零售、批发 找，bs91m1
2022-06-11 12:34:36yunqian68 → (session) 协议号，零售、批发 找，bs91m1
2022-06-11 12:35:34jinsanjiaobc → 要（发 ）广告，联系 bs91m1
2022-06-11 12:38:25dsfdshhs → 需要 软、件，找 bs91m1
2022-06-11 12:39:23srjlq → 来（发 ）广告，联系 bs91m1
2022-06-11 12:40:29fv0015 → 需要 软、件，找 bs91m1
2022-06-11 12:45:57Hpy888 → (session) 协议号，零售、批发 找，bs91m1
2022-06-11 12:46:55yunqian68 → 想找人（ 发 ）广告，找 bs91m1
2022-06-11 12:48:01yhksijiantao11 → 专业（发 ）广告，联系我 bs91m1
2022-06-11 12:49:00zuqiushuju → 需要 群、发软、件，找 bs91m1
2022-06-11 12:54:41dream888 → (session) 协议号，零售、批发 找，bs91m1
2022-06-11 12:55:47miaomiao12356 → 需要 群、发，找 bs91m1
2022-06-11 12:56:45sirenweixin3 → 准备（发 ）广告，找 bs91m1
2022-06-11 12:58:35USDThuzhu3 → 需要 群、发软、件，找 bs91m1
2022-06-11 12:59:40fv0015 → 要（发 ）广告，联系 bs91m1
2022-06-11 13:00:38lbbet → 准备（发 ）广告，找 bs91m1
2022-06-11 13:01:39joinBCPH → 需要 群、发软、件，找 bs91m1
2022-06-11 13:05:25YHK_security → 想找人（ 发 ）广告，找 bs91m1
2022-06-11 13:06:24phniuniu → 想找人（ 发 ）广告，找 bs91m1
2022-06-11 13:07:29youxidaili → 需要 群、发软、件，找 bs91m1
2022-06-11 13:08:27cvv666money → 需要 群、发，找 bs91m1
2022-06-11 13:09:26zgfCYJT → 想找人（ 发 ）广告，找 bs91m1
2022-06-11 13:12:15fjhq000hz → (session) 协议号，零售、批发 找，bs91m1
2022-06-11 13:13:13G88888880 → 准备（发 ）广告，找 bs91m1
2022-06-11 13:14:11jiaoyouqun123 → 来（发 ）广告，联系 bs91m1
2022-06-11 13:15:16srjlq → 需要 软、件，找 bs91m1
2022-06-11 13:18:05dsfdshhs → 来（发 ）广告，联系 bs91m1
2022-06-11 13:19:10shujyinl → 专业（发 ）广告，联系我 bs91m1
2022-06-11 13:21:01hnsdfhs155 → (session) 协议号，零售、批发 找，bs91m1
2022-06-11 13:22:00amjwg → 想找人（ 发 ）广告，找 bs91m1
2022-06-11 13:23:57seguiren → 需要 软、件，找 bs91m1
2022-06-11 13:25:48ziyuanduijie1 → 需要 群、发，找 bs91m1
2022-06-11 13:27:45jinsanjiaobc → 需要 群、发软、件，找 bs91m1
2022-06-11 13:28:42phpzufang → 需要 群、发软、件，找 bs91m1
2022-06-11 13:30:43dunxin106 → 要（发 ）广告，联系 bs91m1
2022-06-11 13:32:36xianliaoq → 想要（发 ）广告，找 bs91m1
2022-06-11 13:35:25buyusdtx → 想要（发 ）广告，找 bs91m1
2022-06-11 13:39:07adasdasw → 专业（发 ）广告，联系我 bs91m1
2022-06-11 13:40:07cvv666money → 要（发 ）广告，联系 bs91m1
2022-06-11 13:42:58xianliaoq → 专业（发 ）广告，联系我 bs91m1
2022-06-11 13:46:06amjwg → 想要（发 ）广告，找 bs91m1
2022-06-11 13:47:57zuqiushuju → 专业（发 ）广告，联系我 bs91m1
2022-06-11 13:49:59yunqian68 → 想要（发 ）广告，找 bs91m1
2022-06-11 13:50:58AG686 → 准备（发 ）广告，找 bs91m1
2022-06-11 13:51:57guojitongdaoduanxin → 想找人（ 发 ）广告，找 bs91m1
2022-06-11 13:54:45srjlq → 想要（发 ）广告，找 bs91m1
2022-06-11 13:55:43yhksijiantao11 → 想找人（ 发 ）广告，找 bs91m1
2022-06-11 13:56:41dubai13148888 → 想要（发 ）广告，找 bs91m1
2022-06-11 13:57:46dunxin106 → 来（发 ）广告，联系 bs91m1
2022-06-11 13:59:35Philippines_visa → 要（发 ）广告，联系 bs91m1
2022-06-11 14:00:34dsfdshhs → 专业（发 ）广告，联系我 bs91m1
2022-06-11 14:01:41shujyinl → 需要 软、件，找 bs91m1
2022-06-11 14:05:31miaomiao12356 → 来（发 ）广告，联系 bs91m1
2022-06-11 14:06:29YHK_security → 需要 软、件，找 bs91m1
2022-06-11 14:11:13jinsanjiaobc → 想要（发 ）广告，找 bs91m1
2022-06-11 14:12:11xd836809 → 专业（发 ）广告，联系我 bs91m1
2022-06-11 14:14:09phpzufang → 来（发 ）广告，联系 bs91m1
2022-06-11 14:15:07zgfCYJT → 来（发 ）广告，联系 bs91m1
2022-06-11 14:16:05fv0015 → 需要 群、发，找 bs91m1
2022-06-11 14:17:11USDThuzhu3 → 想找人（ 发 ）广告，找 bs91m1
2022-06-11 14:19:02phniuniu → 想找人（ 发 ）广告，找 bs91m1
2022-06-11 14:20:01jiaoyouqun123 → (session) 协议号，零售、批发 找，bs91m1
2022-06-11 14:21:06hnsdfhs155 → 想找人（ 发 ）广告，找 bs91m1
2022-06-11 14:22:04seguiren → 来（发 ）广告，联系 bs91m1
2022-06-11 14:23:55dream888 → 准备（发 ）广告，找 bs91m1
2022-06-11 14:26:47lbbet → 要（发 ）广告，联系 bs91m1
2022-06-11 14:27:45adasdasw → 要（发 ）广告，联系 bs91m1
2022-06-11 14:28:50youxidaili → 想找人（ 发 ）广告，找 bs91m1
2022-06-11 14:32:34ziyuanduijie1 → 想要（发 ）广告，找 bs91m1
2022-06-11 14:33:33xianliaoq → 想要（发 ）广告，找 bs91m1
2022-06-11 14:37:17dsfdshhs → 来（发 ）广告，联系 bs91m1
2022-06-11 14:39:07fjhq000hz → 需要 群、发软、件，找 bs91m1
2022-06-11 14:41:04jiaoyouqun123 → 想找人（ 发 ）广告，找 bs91m1
2022-06-11 14:45:41cvv666money → 需要 软、件，找 bs91m1
2022-06-11 14:46:41hnsdfhs155 → 需要 群、发软、件，找 bs91m1
2022-06-11 14:48:38yinlianguoji → 专业（发 ）广告，联系我 bs91m1
2022-06-11 14:49:36adasdasw → 来（发 ）广告，联系 bs91m1
2022-06-11 14:50:35phpzufang → 专业（发 ）广告，联系我 bs91m1
2022-06-11 14:51:40miaomiao12356 → 专业（发 ）广告，联系我 bs91m1
2022-06-11 14:52:38fv0015 → 需要 群、发，找 bs91m1
2022-06-11 14:54:29yunqian68 → 来（发 ）广告，联系 bs91m1
2022-06-11 14:56:26G88888880 → (session) 协议号，零售、批发 找，bs91m1
2022-06-11 14:58:18seguiren → 来（发 ）广告，联系 bs91m1
2022-06-11 14:59:24joinBCPH → 想找人（ 发 ）广告，找 bs91m1
2022-06-11 15:00:22jinsanjiaobc → 来（发 ）广告，联系 bs91m1
2022-06-11 15:01:20sirenweixin3 → 需要 群、发软、件，找 bs91m1
2022-06-11 15:03:17zuqiushuju → 来（发 ）广告，联系 bs91m1
2022-06-11 15:05:06lbbet → 需要 群、发，找 bs91m1
2022-06-11 15:07:10guojitongdaoduanxin → 准备（发 ）广告，找 bs91m1
2022-06-11 15:08:08YHK_security → 来（发 ）广告，联系 bs91m1
2022-06-11 15:09:06fjhq000hz → 想要（发 ）广告，找 bs91m1
2022-06-11 15:11:56phniuniu → 专业（发 ）广告，联系我 bs91m1
2022-06-11 15:13:52shujyinl → 专业（发 ）广告，联系我 bs91m1
2022-06-11 15:14:57yhksijiantao11 → 需要 群、发，找 bs91m1
2022-06-11 15:15:56fgdfdfherh → 想要（发 ）广告，找 bs91m1
2022-06-11 15:17:46youxidaili → (session) 协议号，零售、批发 找，bs91m1
2022-06-11 15:19:49Hpy888 → 来（发 ）广告，联系 bs91m1
2022-06-11 15:20:46dunxin106 → 需要 群、发软、件，找 bs91m1
2022-06-11 15:22:43dubai13148888 → 需要 群、发，找 bs91m1
2022-06-11 15:24:32srjlq → 想要（发 ）广告，找 bs91m1
2022-06-11 15:27:22USDThuzhu3 → 想要（发 ）广告，找 bs91m1
2022-06-11 15:29:15lbbet → 需要 软、件，找 bs91m1
2022-06-11 15:31:11buyusdtx → 想要（发 ）广告，找 bs91m1
2022-06-11 15:32:11yunqian68 → 要（发 ）广告，联系 bs91m1
2022-06-11 15:35:56AG686 → (session) 协议号，零售、批发 找，bs91m1
2022-06-11 15:36:54sirenweixin3 → 来（发 ）广告，联系 bs91m1
2022-06-11 15:41:42adasdasw → 想找人（ 发 ）广告，找 bs91m1
2022-06-11 15:43:32dsfdshhs → 需要 软、件，找 bs91m1
2022-06-11 15:46:23phpzufang → 需要 群、发软、件，找 bs91m1
2022-06-11 15:49:16xianliaoq → 需要 群、发软、件，找 bs91m1
2022-06-11 15:51:07youxidaili → 来（发 ）广告，联系 bs91m1
2022-06-11 15:52:05zgfCYJT → 准备（发 ）广告，找 bs91m1
2022-06-11 15:54:03seguiren → 需要 软、件，找 bs91m1
2022-06-11 15:55:01G88888880 → 来（发 ）广告，联系 bs91m1
2022-06-11 15:57:52fgdfdfherh → 准备（发 ）广告，找 bs91m1
2022-06-11 15:58:50ziyuanduijie1 → 需要 群、发软、件，找 bs91m1
2022-06-11 16:01:44zuqiushuju → 需要 群、发，找 bs91m1
2022-06-11 16:03:40shujyinl → 要（发 ）广告，联系 bs91m1
2022-06-11 16:04:46guojitongdaoduanxin → 准备（发 ）广告，找 bs91m1
2022-06-11 16:05:43fv0015 → 想找人（ 发 ）广告，找 bs91m1
2022-06-11 16:06:43jiaoyouqun123 → (session) 协议号，零售、批发 找，bs91m1
2022-06-11 16:09:31USDThuzhu3 → (session) 协议号，零售、批发 找，bs91m1
2022-06-11 16:10:30cvv666money → 想要（发 ）广告，找 bs91m1
2022-06-11 16:11:28yinlianguoji → 专业（发 ）广告，联系我 bs91m1
2022-06-11 16:12:34phniuniu → 要（发 ）广告，联系 bs91m1
2022-06-11 16:13:31hnsdfhs155 → 来（发 ）广告，联系 bs91m1
2022-06-11 16:14:30yhksijiantao11 → 需要 软、件，找 bs91m1
2022-06-11 16:16:26fjhq000hz → 想要（发 ）广告，找 bs91m1
2022-06-11 16:18:17Philippines_visa → 专业（发 ）广告，联系我 bs91m1
2022-06-11 16:20:13jinsanjiaobc → 来（发 ）广告，联系 bs91m1
2022-06-11 16:21:13dsfdshhs → 需要 群、发软、件，找 bs91m1
2022-06-11 16:24:07yhksijiantao11 → (session) 协议号，零售、批发 找，bs91m1
2022-06-11 16:25:06xd836809 → 要（发 ）广告，联系 bs91m1
2022-06-11 16:26:04srjlq → 想要（发 ）广告，找 bs91m1
2022-06-11 16:28:01dunxin106 → 想要（发 ）广告，找 bs91m1
2022-06-11 16:29:00phpzufang → 想找人（ 发 ）广告，找 bs91m1
2022-06-11 16:31:51sirenweixin3 → 需要 软、件，找 bs91m1
2022-06-11 16:32:48buyusdtx → 来（发 ）广告，联系 bs91m1
2022-06-11 16:36:32xianliaoq → 需要 群、发软、件，找 bs91m1
2022-06-11 16:40:16hnsdfhs155 → 来（发 ）广告，联系 bs91m1
2022-06-11 16:43:12seguiren → 要（发 ）广告，联系 bs91m1
2022-06-11 16:45:05AG686 → 准备（发 ）广告，找 bs91m1
2022-06-11 16:47:02shujyinl → 要（发 ）广告，联系 bs91m1
2022-06-11 16:48:51adasdasw → 需要 群、发，找 bs91m1
2022-06-11 16:51:43fjhq000hz → 准备（发 ）广告，找 bs91m1
2022-06-11 16:53:33jiaoyouqun123 → 准备（发 ）广告，找 bs91m1
2022-06-11 16:54:38lbbet → 需要 群、发软、件，找 bs91m1
2022-06-11 16:55:37Hpy111 → 来（发 ）广告，联系 bs91m1
2022-06-11 16:56:34srjlq → 想要（发 ）广告，找 bs91m1
2022-06-11 16:59:25youxidaili → 想要（发 ）广告，找 bs91m1
2022-06-11 17:02:21cvv666money → 准备（发 ）广告，找 bs91m1
2022-06-11 17:04:10USDThuzhu3 → 想要（发 ）广告，找 bs91m1
2022-06-11 17:05:09zgfCYJT → 专业（发 ）广告，联系我 bs91m1
2022-06-11 17:07:07yunqian68 → 要（发 ）广告，联系 bs91m1
2022-06-11 17:08:05amjwg → 要（发 ）广告，联系 bs91m1
2022-06-11 17:11:54dream888 → 想要（发 ）广告，找 bs91m1
2022-06-11 17:14:42zuqiushuju → 来（发 ）广告，联系 bs91m1
2022-06-11 17:15:42dsfdshhs → 想找人（ 发 ）广告，找 bs91m1
2022-06-11 17:16:40Philippines_visa → 需要 软、件，找 bs91m1
2022-06-11 17:17:45lbbet → 来（发 ）广告，联系 bs91m1
2022-06-11 17:19:35ziyuanduijie1 → 想找人（ 发 ）广告，找 bs91m1
2022-06-11 17:20:33yinlianguoji → 想要（发 ）广告，找 bs91m1
2022-06-11 17:21:38joinBCPH → 想找人（ 发 ）广告，找 bs91m1
2022-06-11 17:22:37jiaoyouqun123 → 需要 群、发，找 bs91m1
2022-06-11 17:23:35dunxin106 → 要（发 ）广告，联系 bs91m1
2022-06-11 17:26:24phpzufang → 来（发 ）广告，联系 bs91m1
2022-06-11 17:27:22jinsanjiaobc → 要（发 ）广告，联系 bs91m1
2022-06-11 17:29:25shujyinl → 需要 软、件，找 bs91m1
2022-06-11 17:30:23guojitongdaoduanxin → (session) 协议号，零售、批发 找，bs91m1
2022-06-11 17:31:20fv0015 → 需要 群、发，找 bs91m1
2022-06-11 17:33:18fgdfdfherh → 要（发 ）广告，联系 bs91m1
2022-06-11 17:36:00yunqian68 → 想找人（ 发 ）广告，找 bs91m1
2022-06-11 17:37:59seguiren → 需要 软、件，找 bs91m1
2022-06-11 17:39:50zuqiushuju → 要（发 ）广告，联系 bs91m1
2022-06-11 17:41:47cvv666money → 来（发 ）广告，联系 bs91m1
2022-06-11 17:43:39buyusdtx → 来（发 ）广告，联系 bs91m1
2022-06-11 17:46:29fjhq000hz → 专业（发 ）广告，联系我 bs91m1
2022-06-11 17:47:27yhksijiantao11 → 想找人（ 发 ）广告，找 bs91m1
2022-06-11 17:53:08AG686 → 想找人（ 发 ）广告，找 bs91m1
2022-06-11 17:54:05xianliaoq → 想要（发 ）广告，找 bs91m1
2022-06-11 17:55:50xd836809 → 来（发 ）广告，联系 bs91m1
2022-06-11 17:57:47phniuniu → 想要（发 ）广告，找 bs91m1
2022-06-11 17:58:44adasdasw → 需要 群、发，找 bs91m1
2022-06-11 17:59:43YHK_security → 来（发 ）广告，联系 bs91m1
2022-06-11 18:02:31sirenweixin3 → 要（发 ）广告，联系 bs91m1
2022-06-11 18:03:30hnsdfhs155 → 想要（发 ）广告，找 bs91m1
2022-06-11 18:04:34dunxin106 → 要（发 ）广告，联系 bs91m1
2022-06-11 18:07:18zgfCYJT → 来（发 ）广告，联系 bs91m1
2022-06-11 18:08:23miaomiao12356 → (session) 协议号，零售、批发 找，bs91m1
2022-06-11 18:11:12cvv666money → 需要 群、发，找 bs91m1
2022-06-11 18:12:17youxidaili → 想找人（ 发 ）广告，找 bs91m1
2022-06-11 18:15:06guojitongdaoduanxin → 来（发 ）广告，联系 bs91m1
2022-06-11 18:16:11USDThuzhu3 → 要（发 ）广告，联系 bs91m1
2022-06-11 18:17:09yhksijiantao11 → 准备（发 ）广告，找 bs91m1
2022-06-11 18:18:59dream888 → 想找人（ 发 ）广告，找 bs91m1
2022-06-11 18:20:05joinBCPH → 来（发 ）广告，联系 bs91m1
2022-06-11 18:21:03lbbet → 想要（发 ）广告，找 bs91m1
2022-06-11 18:22:52jinsanjiaobc → 想找人（ 发 ）广告，找 bs91m1
2022-06-11 18:23:58fgdfdfherh → 想找人（ 发 ）广告，找 bs91m1
2022-06-11 18:25:48fv0015 → 来（发 ）广告，联系 bs91m1
2022-06-11 18:26:46xianliaoq → 想找人（ 发 ）广告，找 bs91m1
2022-06-11 18:27:52phniuniu → 想要（发 ）广告，找 bs91m1
2022-06-11 18:28:49srjlq → 需要 软、件，找 bs91m1
2022-06-11 18:30:39jiaoyouqun123 → 来（发 ）广告，联系 bs91m1
2022-06-11 18:31:44Philippines_visa → 专业（发 ）广告，联系我 bs91m1
2022-06-11 18:33:35YHK_security → 要（发 ）广告，联系 bs91m1
2022-06-11 18:38:14dsfdshhs → 来（发 ）广告，联系 bs91m1
2022-06-11 18:39:20yunqian68 → 专业（发 ）广告，联系我 bs91m1
2022-06-11 18:40:17jinsanjiaobc → 专业（发 ）广告，联系我 bs91m1
2022-06-11 18:43:09zuqiushuju → 来（发 ）广告，联系 bs91m1
2022-06-11 18:44:59shujyinl → 专业（发 ）广告，联系我 bs91m1
2022-06-11 18:46:57dunxin106 → 需要 群、发，找 bs91m1
2022-06-11 18:48:47seguiren → 想找人（ 发 ）广告，找 bs91m1
2022-06-11 18:52:33phpzufang → 专业（发 ）广告，联系我 bs91m1
2022-06-11 18:53:30AG686 → 准备（发 ）广告，找 bs91m1
2022-06-11 18:54:35srjlq → 想要（发 ）广告，找 bs91m1
2022-06-11 18:57:23Hpy888 → 需要 软、件，找 bs91m1
2022-06-11 18:58:27hnsdfhs155 → 需要 群、发软、件，找 bs91m1
2022-06-11 19:02:13amjwg → (session) 协议号，零售、批发 找，bs91m1
2022-06-11 19:03:10buyusdtx → 想找人（ 发 ）广告，找 bs91m1
2022-06-11 19:05:02seguiren → 准备（发 ）广告，找 bs91m1
2022-06-11 19:06:07G88888880 → (session) 协议号，零售、批发 找，bs91m1
2022-06-11 19:07:06xianliaoq → (session) 协议号，零售、批发 找，bs91m1
2022-06-11 19:08:04adasdasw → 想找人（ 发 ）广告，找 bs91m1
2022-06-11 19:10:01phpzufang → 来（发 ）广告，联系 bs91m1
2022-06-11 19:11:50USDThuzhu3 → 需要 软、件，找 bs91m1
2022-06-11 19:13:47fjhq000hz → 准备（发 ）广告，找 bs91m1
2022-06-11 19:15:38cvv666money → 专业（发 ）广告，联系我 bs91m1
2022-06-11 19:16:37Hpy111 → 准备（发 ）广告，找 bs91m1
2022-06-11 19:17:41jiaoyouqun123 → 专业（发 ）广告，联系我 bs91m1
2022-06-11 19:19:32zgfCYJT → 想要（发 ）广告，找 bs91m1
2022-06-11 19:20:29fv0015 → 专业（发 ）广告，联系我 bs91m1
2022-06-11 19:21:35xd836809 → 要（发 ）广告，联系 bs91m1
2022-06-11 19:22:33ziyuanduijie1 → 想找人（ 发 ）广告，找 bs91m1
2022-06-11 19:24:23sirenweixin3 → 需要 群、发软、件，找 bs91m1
2022-06-11 19:25:28youxidaili → 准备（发 ）广告，找 bs91m1
2022-06-11 19:28:16dubai13148888 → 想找人（ 发 ）广告，找 bs91m1
2022-06-11 19:32:02yunqian68 → 想要（发 ）广告，找 bs91m1
2022-06-11 19:33:08YHK_security → 来（发 ）广告，联系 bs91m1
2022-06-11 19:34:06hnsdfhs155 → 需要 群、发软、件，找 bs91m1
2022-06-11 19:35:57fgdfdfherh → 专业（发 ）广告，联系我 bs91m1
2022-06-11 19:39:41shujyinl → 想要（发 ）广告，找 bs91m1
2022-06-11 19:40:46srjlq → 需要 群、发软、件，找 bs91m1
2022-06-11 19:41:44lbbet → 要（发 ）广告，联系 bs91m1
2022-06-11 19:45:29zuqiushuju → 要（发 ）广告，联系 bs91m1
2022-06-11 19:46:28dsfdshhs → 来（发 ）广告，联系 bs91m1
2022-06-11 19:49:19yhksijiantao11 → 准备（发 ）广告，找 bs91m1
2022-06-11 19:51:10adasdasw → 需要 群、发软、件，找 bs91m1
2022-06-11 19:53:58dunxin106 → 准备（发 ）广告，找 bs91m1
2022-06-11 19:55:58lbbet → 想要（发 ）广告，找 bs91m1
2022-06-11 19:56:56fv0015 → 来（发 ）广告，联系 bs91m1
2022-06-11 19:57:55phniuniu → 要（发 ）广告，联系 bs91m1
2022-06-11 20:00:47guojitongdaoduanxin → 要（发 ）广告，联系 bs91m1
2022-06-11 20:02:37phpzufang → 需要 软、件，找 bs91m1
2022-06-11 20:04:33joinBCPH → 要（发 ）广告，联系 bs91m1
2022-06-11 20:05:30youxidaili → 想找人（ 发 ）广告，找 bs91m1
2022-06-11 20:06:29seguiren → 来（发 ）广告，联系 bs91m1
2022-06-11 20:08:28yinlianguoji → 专业（发 ）广告，联系我 bs91m1
2022-06-11 20:10:20YHK_security → 来（发 ）广告，联系 bs91m1
2022-06-11 20:11:25jinsanjiaobc → 想要（发 ）广告，找 bs91m1
2022-06-11 20:12:24amjwg → 想要（发 ）广告，找 bs91m1
2022-06-11 20:13:23shujyinl → 需要 软、件，找 bs91m1
2022-06-11 20:16:12sirenweixin3 → 需要 软、件，找 bs91m1
2022-06-11 20:17:10Philippines_visa → 需要 群、发，找 bs91m1
2022-06-11 20:18:09fjhq000hz → 想找人（ 发 ）广告，找 bs91m1
2022-06-11 20:20:05USDThuzhu3 → 需要 软、件，找 bs91m1
2022-06-11 20:21:03xianliaoq → 需要 软、件，找 bs91m1
2022-06-11 20:23:00yunqian68 → 想要（发 ）广告，找 bs91m1
2022-06-11 20:24:00G88888880 → 想要（发 ）广告，找 bs91m1
2022-06-11 20:27:46dsfdshhs → 想找人（ 发 ）广告，找 bs91m1
2022-06-11 20:29:38Hpy888 → 专业（发 ）广告，联系我 bs91m1
2022-06-11 20:31:35yhksijiantao11 → 要（发 ）广告，联系 bs91m1
2022-06-11 20:32:34dunxin106 → 想要（发 ）广告，找 bs91m1
2022-06-11 20:33:33fgdfdfherh → (session) 协议号，零售、批发 找，bs91m1
2022-06-11 20:34:39cvv666money → 来（发 ）广告，联系 bs91m1
2022-06-11 20:41:15hnsdfhs155 → 想要（发 ）广告，找 bs91m1
2022-06-11 20:42:20USDThuzhu3 → (session) 协议号，零售、批发 找，bs91m1
2022-06-11 20:43:18jiaoyouqun123 → 来（发 ）广告，联系 bs91m1
2022-06-11 20:47:55zuqiushuju → 需要 群、发软、件，找 bs91m1
2022-06-11 20:50:44AG686 → 来（发 ）广告，联系 bs91m1
2022-06-11 20:51:43yhksijiantao11 → 需要 群、发软、件，找 bs91m1
2022-06-11 20:54:36srjlq → 准备（发 ）广告，找 bs91m1
2022-06-11 20:55:34jiaoyouqun123 → 需要 群、发软、件，找 bs91m1
2022-06-11 20:57:56Hpy111 → 来（发 ）广告，联系 bs91m1
2022-06-11 20:58:55yunqian68 → 需要 软、件，找 bs91m1
2022-06-11 21:00:44ziyuanduijie1 → 想要（发 ）广告，找 bs91m1
2022-06-11 21:03:40adasdasw → 需要 群、发软、件，找 bs91m1
2022-06-11 21:04:38zgfCYJT → 想找人（ 发 ）广告，找 bs91m1
2022-06-11 21:06:36jinsanjiaobc → 想要（发 ）广告，找 bs91m1
2022-06-11 21:07:36Philippines_visa → 需要 群、发软、件，找 bs91m1
2022-06-11 21:08:34lbbet → 要（发 ）广告，联系 bs91m1
2022-06-11 21:09:40phniuniu → 要（发 ）广告，联系 bs91m1
2022-06-11 21:12:30fv0015 → 来（发 ）广告，联系 bs91m1
2022-06-11 21:13:35seguiren → 来（发 ）广告，联系 bs91m1
2022-06-11 21:14:33miaomiao12356 → (session) 协议号，零售、批发 找，bs91m1
2022-06-11 21:16:24youxidaili → (session) 协议号，零售、批发 找，bs91m1
2022-06-11 21:17:28buyusdtx → 专业（发 ）广告，联系我 bs91m1
2022-06-11 21:19:19dubai13148888 → 需要 软、件，找 bs91m1
2022-06-11 21:21:27dsfdshhs → 想要（发 ）广告，找 bs91m1
2022-06-11 21:23:17amjwg → (session) 协议号，零售、批发 找，bs91m1
2022-06-11 21:24:16fjhq000hz → 需要 群、发软、件，找 bs91m1
2022-06-11 21:25:21sirenweixin3 → 需要 群、发软、件，找 bs91m1
2022-06-11 21:28:03xd836809 → 需要 群、发软、件，找 bs91m1
2022-06-11 21:30:00xianliaoq → 专业（发 ）广告，联系我 bs91m1
2022-06-11 21:31:52srjlq → (session) 协议号，零售、批发 找，bs91m1
2022-06-11 21:32:57phpzufang → 需要 群、发软、件，找 bs91m1
2022-06-11 21:33:58Philippines_visa → 来（发 ）广告，联系 bs91m1
2022-06-11 21:35:49youxidaili → 需要 群、发，找 bs91m1
2022-06-11 21:37:46G88888880 → 需要 群、发，找 bs91m1
2022-06-11 21:38:45cvv666money → 专业（发 ）广告，联系我 bs91m1
2022-06-11 21:39:44fv0015 → 需要 群、发，找 bs91m1
2022-06-11 21:40:49hnsdfhs155 → 来（发 ）广告，联系 bs91m1
2022-06-11 21:41:47shujyinl → 需要 群、发，找 bs91m1
2022-06-11 21:45:31adasdasw → 来（发 ）广告，联系 bs91m1
2022-06-11 21:50:09shujyinl → 来（发 ）广告，联系 bs91m1
2022-06-11 21:52:08AG686 → 来（发 ）广告，联系 bs91m1
2022-06-11 21:53:59phpzufang → 想找人（ 发 ）广告，找 bs91m1
2022-06-11 21:56:49dunxin106 → 来（发 ）广告，联系 bs91m1
2022-06-11 21:57:47seguiren → 专业（发 ）广告，联系我 bs91m1
2022-06-11 21:58:47phniuniu → 想找人（ 发 ）广告，找 bs91m1
2022-06-11 21:59:52jinsanjiaobc → 来（发 ）广告，联系 bs91m1
2022-06-11 22:00:50xianliaoq → 想要（发 ）广告，找 bs91m1
2022-06-11 22:01:49miaomiao12356 → 准备（发 ）广告，找 bs91m1
2022-06-11 22:05:43fjhq000hz → 需要 群、发，找 bs91m1
2022-06-11 22:08:33lbbet → 专业（发 ）广告，联系我 bs91m1
2022-06-11 22:09:32zgfCYJT → 专业（发 ）广告，联系我 bs91m1
2022-06-11 22:10:30ziyuanduijie1 → 需要 软、件，找 bs91m1
2022-06-11 22:11:36dsfdshhs → 需要 群、发软、件，找 bs91m1
2022-06-11 22:12:35Hpy888 → 想要（发 ）广告，找 bs91m1
2022-06-11 22:13:34zuqiushuju → (session) 协议号，零售、批发 找，bs91m1
2022-06-11 22:15:31USDThuzhu3 → 想要（发 ）广告，找 bs91m1
2022-06-11 22:17:28cvv666money → 准备（发 ）广告，找 bs91m1
2022-06-11 22:19:25yhksijiantao11 → (session) 协议号，零售、批发 找，bs91m1
2022-06-11 22:20:24guojitongdaoduanxin → 想找人（ 发 ）广告，找 bs91m1
2022-06-11 22:24:13fgdfdfherh → 想要（发 ）广告，找 bs91m1
2022-06-11 22:25:11YHK_security → 需要 群、发，找 bs91m1
2022-06-11 22:28:00jiaoyouqun123 → 专业（发 ）广告，联系我 bs91m1
2022-06-11 22:29:00USDThuzhu3 → 需要 群、发软、件，找 bs91m1
2022-06-11 22:29:59dream888 → (session) 协议号，零售、批发 找，bs91m1
2022-06-11 22:31:57xd836809 → (session) 协议号，零售、批发 找，bs91m1
2022-06-11 22:32:55hnsdfhs155 → 需要 软、件，找 bs91m1
2022-06-11 22:33:54sirenweixin3 → 需要 软、件，找 bs91m1
2022-06-11 22:37:39yunqian68 → 准备（发 ）广告，找 bs91m1
2022-06-11 22:39:36fv0015 → 专业（发 ）广告，联系我 bs91m1
2022-06-11 22:42:27sirenweixin3 → 需要 群、发，找 bs91m1
2022-06-11 22:44:19dunxin106 → 需要 软、件，找 bs91m1
2022-06-11 22:46:17xianliaoq → 专业（发 ）广告，联系我 bs91m1
2022-06-11 22:50:06buyusdtx → 需要 群、发软、件，找 bs91m1
2022-06-11 22:51:05lbbet → 要（发 ）广告，联系 bs91m1
2022-06-11 22:53:56adasdasw → 来（发 ）广告，联系 bs91m1
2022-06-11 22:55:02phpzufang → 来（发 ）广告，联系 bs91m1
2022-06-11 22:58:51zuqiushuju → 需要 群、发，找 bs91m1
2022-06-11 23:00:42joinBCPH → 需要 软、件，找 bs91m1
2022-06-11 23:01:47cvv666money → 来（发 ）广告，联系 bs91m1
2022-06-11 23:02:46fjhq000hz → 专业（发 ）广告，联系我 bs91m1
2022-06-11 23:03:45guojitongdaoduanxin → 准备（发 ）广告，找 bs91m1
2022-06-11 23:05:42youxidaili → 需要 群、发软、件，找 bs91m1
2022-06-11 23:06:41Philippines_visa → 想要（发 ）广告，找 bs91m1
2022-06-11 23:08:31yunqian68 → 准备（发 ）广告，找 bs91m1
2022-06-11 23:10:29G88888880 → 想找人（ 发 ）广告，找 bs91m1
2022-06-11 23:11:27AG686 → 来（发 ）广告，联系 bs91m1
2022-06-11 23:12:25dsfdshhs → 准备（发 ）广告，找 bs91m1
2022-06-11 23:14:25dream888 → 需要 群、发，找 bs91m1
2022-06-11 23:15:22srjlq → (session) 协议号，零售、批发 找，bs91m1
2022-06-11 23:16:20shujyinl → 准备（发 ）广告，找 bs91m1
2022-06-11 23:17:25jinsanjiaobc → 需要 群、发，找 bs91m1
2022-06-11 23:18:26miaomiao12356 → 来（发 ）广告，联系 bs91m1
2022-06-11 23:19:24YHK_security → 专业（发 ）广告，联系我 bs91m1
2022-06-11 23:22:13seguiren → 来（发 ）广告，联系 bs91m1
2022-06-11 23:24:05zgfCYJT → 专业（发 ）广告，联系我 bs91m1
2022-06-11 23:25:11phniuniu → 需要 群、发，找 bs91m1
2022-06-11 23:27:02ziyuanduijie1 → 需要 群、发，找 bs91m1
2022-06-11 23:28:00jiaoyouqun123 → 准备（发 ）广告，找 bs91m1
2022-06-11 23:30:04Hpy111 → 需要 群、发，找 bs91m1
2022-06-11 23:31:54yhksijiantao11 → 想找人（ 发 ）广告，找 bs91m1
2022-06-11 23:33:51amjwg → 要（发 ）广告，联系 bs91m1
2022-06-11 23:35:42dunxin106 → 需要 群、发软、件，找 bs91m1
2022-06-11 23:37:43xianliaoq → 想找人（ 发 ）广告，找 bs91m1
2022-06-11 23:39:33fjhq000hz → 要（发 ）广告，联系 bs91m1
2022-06-11 23:43:18dsfdshhs → 需要 群、发，找 bs91m1
2022-06-11 23:44:24seguiren → 专业（发 ）广告，联系我 bs91m1
2022-06-11 23:45:22hnsdfhs155 → 要（发 ）广告，联系 bs91m1
2022-06-11 23:48:14USDThuzhu3 → 想找人（ 发 ）广告，找 bs91m1
2022-06-11 23:50:04shujyinl → 专业（发 ）广告，联系我 bs91m1
2022-06-11 23:53:01srjlq → (session) 协议号，零售、批发 找，bs91m1
2022-06-11 23:55:53sirenweixin3 → 来（发 ）广告，联系 bs91m1
2022-06-11 23:58:38zuqiushuju → 需要 软、件，找 bs91m1