
2022-05-09 12:25:22zhongwen6 → 专业代🔥发广🔥告✈️ bs91m1
2022-05-09 12:26:16jbai9988 → 群🔥发软🔥件代🔥发🔥广告 ✈️ bs91m1
2022-05-09 12:26:43chaxun2020 → 【91M Boss】传媒 代🔥发广🔥告✈️ bs91m1
2022-05-09 12:26:58a1313652 → 专业代🔥发广🔥告✈️ bs91m1
2022-05-09 12:27:25USDT43 → 群🔥发软🔥件代🔥发🔥广告 ✈️ bs91m1
2022-05-09 12:27:40FG528 → 群🔥发软🔥件代🔥发🔥广告 ✈️ bs91m1
2022-05-09 12:28:17agela888 → 专业代🔥发广🔥告✈️ bs91m1
2022-05-09 12:28:43lhc128 → 群🔥发软🔥件代🔥发🔥广告 ✈️ bs91m1
2022-05-09 12:28:58HerdMans3 → 专业代🔥发广🔥告✈️ bs91m1
2022-05-09 12:32:30mmx1688888 → 群🔥发软🔥件代🔥发🔥广告 ✈️ bs91m1
2022-05-09 12:32:44qipai65 → 专业代🔥发广🔥告✈️ bs91m1
2022-05-09 12:33:26dip9186 → 群🔥发软🔥件代🔥发🔥广告 ✈️ bs91m1
2022-05-09 12:34:30TG00018 → 专业代🔥发广🔥告✈️ bs91m1
2022-05-09 12:35:06USTCtg → 群🔥发软🔥件代🔥发🔥广告 ✈️ bs91m1
2022-05-09 12:35:19TGhuaren1 → 专业代🔥发广🔥告✈️ bs91m1
2022-05-09 12:35:34BinanceChinese_OKEX → 专业代🔥发广🔥告✈️ bs91m1
2022-05-09 12:35:51USsyu → 专业代🔥发广🔥告✈️ bs91m1
2022-05-09 12:36:16AsunaHentai → 群🔥发软🔥件代🔥发🔥广告 ✈️ bs91m1
2022-05-09 12:36:58xingbi0088 → 专业代🔥发广🔥告✈️ bs91m1
2022-05-09 12:39:07TP4hIhA9jMzBh → 【91M Boss】传媒 代🔥发广🔥告✈️ bs91m1
2022-05-09 12:39:22bocaipay3505 → 【91M Boss】传媒 代🔥发广🔥告✈️ bs91m1
2022-05-09 12:39:47tianziusdt → 群🔥发软🔥件代🔥发🔥广告 ✈️ bs91m1
2022-05-09 12:40:00RocketGlobalc → 群🔥发软🔥件代🔥发🔥广告 ✈️ bs91m1
2022-05-09 12:40:15lovehash22992 → 群🔥发软🔥件代🔥发🔥广告 ✈️ bs91m1
2022-05-09 12:40:30fun_apks → 群🔥发软🔥件代🔥发🔥广告 ✈️ bs91m1
2022-05-09 12:41:18lovehash292 → 群🔥发软🔥件代🔥发🔥广告 ✈️ bs91m1
2022-05-09 12:42:20WKLhuaren → 【91M Boss】传媒 代🔥发广🔥告✈️ bs91m1
2022-05-09 12:43:12nanyangdb → 专业代🔥发广🔥告✈️ bs91m1
2022-05-09 12:43:38wangzaiGZS4 → 【91M Boss】传媒 代🔥发广🔥告✈️ bs91m1
2022-05-09 12:44:08TRJ62 → 专业代🔥发广🔥告✈️ bs91m1
2022-05-09 12:44:33tg00125 → 群🔥发软🔥件代🔥发🔥广告 ✈️ bs91m1
2022-05-09 12:44:50GQXXQ → 专业代🔥发广🔥告✈️ bs91m1
2022-05-09 12:44:54dijia02 → 群🔥发软🔥件代🔥发🔥广告 ✈️ bs91m1
2022-05-09 12:45:02TG0799 → 【91M Boss】传媒 代🔥发广🔥告✈️ bs91m1
2022-05-09 12:45:13HK100008 → 【91M Boss】传媒 代🔥发广🔥告✈️ bs91m1
2022-05-09 12:45:31njwwjpxc → 专业代🔥发广🔥告✈️ bs91m1
2022-05-09 12:45:57TG_88888 → 群🔥发软🔥件代🔥发🔥广告 ✈️ bs91m1
2022-05-09 12:46:03TG96110 → 专业代🔥发广🔥告✈️ bs91m1
2022-05-09 12:46:20TG0977 → 【91M Boss】传媒 代🔥发广🔥告✈️ bs91m1
2022-05-09 12:46:26StepZoro → 专业代🔥发广🔥告✈️ bs91m1
2022-05-09 12:46:32TG166 → 【91M Boss】传媒 代🔥发广🔥告✈️ bs91m1
2022-05-09 12:46:37YYL001 → 【91M Boss】传媒 代🔥发广🔥告✈️ bs91m1
2022-05-09 12:46:43phbbs → 【91M Boss】传媒 代🔥发广🔥告✈️ bs91m1
2022-05-09 12:47:11TG_King80 → 专业代🔥发广🔥告✈️ bs91m1
2022-05-09 12:47:16FHLMTEAM → 群🔥发软🔥件代🔥发🔥广告 ✈️ bs91m1
2022-05-09 12:47:34dibai778899 → 群🔥发软🔥件代🔥发🔥广告 ✈️ bs91m1
2022-05-09 12:47:46maxian420 → 专业代🔥发广🔥告✈️ bs91m1
2022-05-09 12:47:57PG528 → 专业代🔥发广🔥告✈️ bs91m1
2022-05-09 12:48:11haxijingcai011 → 专业代🔥发广🔥告✈️ bs91m1
2022-05-09 12:48:19BtokCN_0018 → 群🔥发软🔥件代🔥发🔥广告 ✈️ bs91m1
2022-05-09 12:48:25UHihJGzaOAc3YjBh → 专业代🔥发广🔥告✈️ bs91m1
2022-05-09 12:48:30dibai918 → 专业代🔥发广🔥告✈️ bs91m1
2022-05-09 12:48:37shorelalala → 【91M Boss】传媒 代🔥发广🔥告✈️ bs91m1
2022-05-09 12:53:12PG528 → 群🔥发软🔥件代🔥发🔥广告 ✈️ bs91m1
2022-05-09 12:53:17VG0002 → 【91M Boss】传媒 代🔥发广🔥告✈️ bs91m1
2022-05-09 12:53:23BKEXChinese → 专业代🔥发广🔥告✈️ bs91m1
2022-05-09 12:54:58AsunaHentai → 群🔥发软🔥件代🔥发🔥广告 ✈️ bs91m1
2022-05-09 12:55:04EYwKRiLZ2eJhMzBh → 【91M Boss】传媒 代🔥发广🔥告✈️ bs91m1
2022-05-09 12:55:20TGVIP9 → 专业代🔥发广🔥告✈️ bs91m1
2022-05-09 12:55:41GIBXChange_cn → 【91M Boss】传媒 代🔥发广🔥告✈️ bs91m1
2022-05-09 12:55:46njwwjpxc → 群🔥发软🔥件代🔥发🔥广告 ✈️ bs91m1
2022-05-09 12:55:52sichouzhilu0 → 专业代🔥发广🔥告✈️ bs91m1
2022-05-09 12:56:09StepZoro → 专业代🔥发广🔥告✈️ bs91m1
2022-05-09 12:56:39dibai9988 → 【91M Boss】传媒 代🔥发广🔥告✈️ bs91m1
2022-05-09 12:57:02yitaifang4 → 专业代🔥发广🔥告✈️ bs91m1
2022-05-09 12:57:17BAOAA → 群🔥发软🔥件代🔥发🔥广告 ✈️ bs91m1
2022-05-09 12:57:26FRTD888 → 专业代🔥发广🔥告✈️ bs91m1
2022-05-09 12:57:32tuishouLL01 → 【91M Boss】传媒 代🔥发广🔥告✈️ bs91m1
2022-05-09 12:57:38yizhifu678 → 专业代🔥发广🔥告✈️ bs91m1
2022-05-09 12:57:55KMFW56789 → 【91M Boss】传媒 代🔥发广🔥告✈️ bs91m1
2022-05-09 12:58:10A_K_3A → 群🔥发软🔥件代🔥发🔥广告 ✈️ bs91m1
2022-05-09 12:58:26agela888 → 专业代🔥发广🔥告✈️ bs91m1
2022-05-09 12:58:36dibai12 → 【91M Boss】传媒 代🔥发广🔥告✈️ bs91m1
2022-05-09 12:58:53dubai2611 → 【91M Boss】传媒 代🔥发广🔥告✈️ bs91m1
2022-05-09 12:59:10DBaitgaaya8 → 【91M Boss】传媒 代🔥发广🔥告✈️ bs91m1
2022-05-09 12:59:20loufenha → 【91M Boss】传媒 代🔥发广🔥告✈️ bs91m1
2022-05-09 12:59:26BtokCN_001 → 群🔥发软🔥件代🔥发🔥广告 ✈️ bs91m1
2022-05-09 12:59:41AG7890 → 【91M Boss】传媒 代🔥发广🔥告✈️ bs91m1
2022-05-09 12:59:56GoRideCommunityChat → 专业代🔥发广🔥告✈️ bs91m1
2022-05-09 13:00:02Sz1888 → 群🔥发软🔥件代🔥发🔥广告 ✈️ bs91m1
2022-05-09 13:00:19TGhuaren1 → 群🔥发软🔥件代🔥发🔥广告 ✈️ bs91m1
2022-05-09 13:00:24ArabianShinjaA → 专业代🔥发广🔥告✈️ bs91m1
2022-05-09 13:00:30meizi005 → 专业代🔥发广🔥告✈️ bs91m1
2022-05-09 13:00:35TG1949521 → 专业代🔥发广🔥告✈️ bs91m1
2022-05-09 13:00:46TG12389 → 群🔥发软🔥件代🔥发🔥广告 ✈️ bs91m1
2022-05-09 13:01:12shuangma88 → 群🔥发软🔥件代🔥发🔥广告 ✈️ bs91m1
2022-05-09 13:01:17chaguaner → 【91M Boss】传媒 代🔥发广🔥告✈️ bs91m1
2022-05-09 13:01:29lovehash2999B → 群🔥发软🔥件代🔥发🔥广告 ✈️ bs91m1
2022-05-09 13:01:47dip9186 → 群🔥发软🔥件代🔥发🔥广告 ✈️ bs91m1
2022-05-09 13:01:59Sz1888 → 专业代🔥发广🔥告✈️ bs91m1
2022-05-09 13:02:16mucnft → 群🔥发软🔥件代🔥发🔥广告 ✈️ bs91m1
2022-05-09 13:02:22daishoujiaoyi → 群🔥发软🔥件代🔥发🔥广告 ✈️ bs91m1
2022-05-09 13:02:28fNVLtRyPOVZmYTRh → 群🔥发软🔥件代🔥发🔥广告 ✈️ bs91m1
2022-05-09 13:02:33jmdzq → 专业代🔥发广🔥告✈️ bs91m1
2022-05-09 13:02:43WKLTG → 专业代🔥发广🔥告✈️ bs91m1
2022-05-09 13:02:49AscendEXChinese → 群🔥发软🔥件代🔥发🔥广告 ✈️ bs91m1
2022-05-09 13:02:56huichan_com_grp → 群🔥发软🔥件代🔥发🔥广告 ✈️ bs91m1
2022-05-09 13:03:01DariusGroup → 【91M Boss】传媒 代🔥发广🔥告✈️ bs91m1
2022-05-09 13:03:08dibai9988 → 专业代🔥发广🔥告✈️ bs91m1
2022-05-09 13:03:14wy173 → 群🔥发软🔥件代🔥发🔥广告 ✈️ bs91m1
2022-05-09 13:03:26HooGroupChinese → 专业代🔥发广🔥告✈️ bs91m1
2022-05-09 13:03:52nrmxmsme → 专业代🔥发广🔥告✈️ bs91m1
2022-05-09 13:03:58sdjsafhsudij → 【91M Boss】传媒 代🔥发广🔥告✈️ bs91m1
2022-05-09 13:04:12BNBMastersd → 【91M Boss】传媒 代🔥发广🔥告✈️ bs91m1
2022-05-09 13:04:21TG858 → 【91M Boss】传媒 代🔥发广🔥告✈️ bs91m1
2022-05-09 13:04:34chaguaner → 【91M Boss】传媒 代🔥发广🔥告✈️ bs91m1
2022-05-09 13:04:48jiajiadaigou → 群🔥发软🔥件代🔥发🔥广告 ✈️ bs91m1
2022-05-09 13:04:58qiu330 → 专业代🔥发广🔥告✈️ bs91m1
2022-05-09 13:05:20TG88168 → 群🔥发软🔥件代🔥发🔥广告 ✈️ bs91m1
2022-05-09 13:05:31DM_USDT → 专业代🔥发广🔥告✈️ bs91m1
2022-05-09 13:05:44luyi228 → 群🔥发软🔥件代🔥发🔥广告 ✈️ bs91m1
2022-05-09 13:05:53zhengguijun → 【91M Boss】传媒 代🔥发广🔥告✈️ bs91m1
2022-05-09 13:06:11Scumddos666 → 群🔥发软🔥件代🔥发🔥广告 ✈️ bs91m1
2022-05-09 13:06:21dibai9988 → 专业代🔥发广🔥告✈️ bs91m1
2022-05-09 13:06:30paofen42 → 群🔥发软🔥件代🔥发🔥广告 ✈️ bs91m1
2022-05-09 13:06:45GANKPADCN → 专业代🔥发广🔥告✈️ bs91m1
2022-05-09 13:07:00huichan0000 → 群🔥发软🔥件代🔥发🔥广告 ✈️ bs91m1
2022-05-09 13:07:09NB1chat → 【91M Boss】传媒 代🔥发广🔥告✈️ bs91m1
2022-05-09 13:07:18SmartinuZG → 专业代🔥发广🔥告✈️ bs91m1
2022-05-09 13:07:49USsyu → 【91M Boss】传媒 代🔥发广🔥告✈️ bs91m1
2022-05-09 13:07:59BKEXChinese → 群🔥发软🔥件代🔥发🔥广告 ✈️ bs91m1
2022-05-09 13:08:10FHaak8 → 专业代🔥发广🔥告✈️ bs91m1
2022-05-09 13:08:19spacex886 → 专业代🔥发广🔥告✈️ bs91m1
2022-05-09 13:08:29dubaiy111 → 【91M Boss】传媒 代🔥发广🔥告✈️ bs91m1
2022-05-09 13:09:03xjltq → 专业代🔥发广🔥告✈️ bs91m1
2022-05-09 13:09:46sichouzhilu0 → 群🔥发软🔥件代🔥发🔥广告 ✈️ bs91m1
2022-05-09 13:09:55bocaipay3505 → 【91M Boss】传媒 代🔥发广🔥告✈️ bs91m1
2022-05-09 13:10:13mian789 → 群🔥发软🔥件代🔥发🔥广告 ✈️ bs91m1
2022-05-09 13:10:29leaptrades → 专业代🔥发广🔥告✈️ bs91m1
2022-05-09 13:12:58wangzhuan75 → 专业代🔥发广🔥告✈️ bs91m1
2022-05-09 13:13:08sougo001 → 专业代🔥发广🔥告✈️ bs91m1
2022-05-09 13:13:17zn88666 → 【91M Boss】传媒 代🔥发广🔥告✈️ bs91m1
2022-05-09 13:13:30sichouzhilu0 → 【91M Boss】传媒 代🔥发广🔥告✈️ bs91m1
2022-05-09 13:13:41TG0977 → 群🔥发软🔥件代🔥发🔥广告 ✈️ bs91m1
2022-05-09 13:13:51weiweihuhu → 【91M Boss】传媒 代🔥发广🔥告✈️ bs91m1
2022-05-09 13:14:09Usdtbmw → 群🔥发软🔥件代🔥发🔥广告 ✈️ bs91m1
2022-05-09 13:14:30Z8_haxi_Game → 【91M Boss】传媒 代🔥发广🔥告✈️ bs91m1
2022-05-09 13:15:15YS52111 → 【91M Boss】传媒 代🔥发广🔥告✈️ bs91m1
2022-05-09 13:15:24YTB888 → 【91M Boss】传媒 代🔥发广🔥告✈️ bs91m1
2022-05-09 13:15:34sichouzhilu0 → 群🔥发软🔥件代🔥发🔥广告 ✈️ bs91m1
2022-05-09 13:15:44tianziusdt → 【91M Boss】传媒 代🔥发广🔥告✈️ bs91m1
2022-05-09 13:16:21TGTRX123 → 群🔥发软🔥件代🔥发🔥广告 ✈️ bs91m1
2022-05-09 13:16:32dibaix918 → 群🔥发软🔥件代🔥发🔥广告 ✈️ bs91m1
2022-05-09 14:40:06TG006 → 【91M Boss】传媒 代🔥发广🔥告✈️ bs91m1
2022-05-09 14:40:32bclm1 → 【91M Boss】传媒 代🔥发广🔥告✈️ bs91m1
2022-05-09 14:40:41GDXCLM → 群🔥发软🔥件代🔥发🔥广告 ✈️ bs91m1
2022-05-09 14:41:20SHCPCO → 群🔥发软🔥件代🔥发🔥广告 ✈️ bs91m1
2022-05-09 14:41:38fuli6889 → 群🔥发软🔥件代🔥发🔥广告 ✈️ bs91m1
2022-05-09 14:41:57az123818 → 【91M Boss】传媒 代🔥发广🔥告✈️ bs91m1
2022-05-09 14:42:07usdthuihuan → 群🔥发软🔥件代🔥发🔥广告 ✈️ bs91m1
2022-05-09 14:42:28TG5171 → 群🔥发软🔥件代🔥发🔥广告 ✈️ bs91m1
2022-05-09 14:42:38DBhuaren1 → 【91M Boss】传媒 代🔥发广🔥告✈️ bs91m1
2022-05-09 14:45:07DBhuaren1 → 专业代🔥发广🔥告✈️ bs91m1
2022-05-09 14:45:20qunliansy61 → 群🔥发软🔥件代🔥发🔥广告 ✈️ bs91m1
2022-05-09 14:45:37ws888818svipbot1 → 群🔥发软🔥件代🔥发🔥广告 ✈️ bs91m1
2022-05-09 14:46:24ps082 → 专业代🔥发广🔥告✈️ bs91m1
2022-05-09 14:47:02MochaMagicWorldCN → 【91M Boss】传媒 代🔥发广🔥告✈️ bs91m1
2022-05-09 14:47:29EverIncomeCoinC → 【91M Boss】传媒 代🔥发广🔥告✈️ bs91m1
2022-05-09 14:47:53VG0002 → 专业代🔥发广🔥告✈️ bs91m1
2022-05-09 14:48:03huzituandui → 专业代🔥发广🔥告✈️ bs91m1
2022-05-09 14:48:32ArabianShinjaA → 专业代🔥发广🔥告✈️ bs91m1
2022-05-09 14:48:41wanghuashe666 → 专业代🔥发广🔥告✈️ bs91m1
2022-05-09 14:48:50qwerdt1 → 群🔥发软🔥件代🔥发🔥广告 ✈️ bs91m1
2022-05-09 14:48:59TGhuaren1 → 【91M Boss】传媒 代🔥发广🔥告✈️ bs91m1
2022-05-09 14:49:10tianjin330 → 【91M Boss】传媒 代🔥发广🔥告✈️ bs91m1
2022-05-09 14:49:19TGhuaren1 → 【91M Boss】传媒 代🔥发广🔥告✈️ bs91m1
2022-05-09 14:49:37BNBMastersd → 【91M Boss】传媒 代🔥发广🔥告✈️ bs91m1
2022-05-09 14:49:50dbjlq1 → 专业代🔥发广🔥告✈️ bs91m1
2022-05-09 14:49:59xingbi0088 → 【91M Boss】传媒 代🔥发广🔥告✈️ bs91m1
2022-05-09 14:50:09TG771 → 专业代🔥发广🔥告✈️ bs91m1
2022-05-09 14:50:46yindutg → 专业代🔥发广🔥告✈️ bs91m1
2022-05-09 14:51:00rerydgsfvgggdf → 【91M Boss】传媒 代🔥发广🔥告✈️ bs91m1
2022-05-09 14:51:12fuli6889 → 群🔥发软🔥件代🔥发🔥广告 ✈️ bs91m1
2022-05-09 14:51:47lovehash2999 → 群🔥发软🔥件代🔥发🔥广告 ✈️ bs91m1
2022-05-09 14:52:00zwdhbot → 【91M Boss】传媒 代🔥发广🔥告✈️ bs91m1
2022-05-09 14:52:09WKLhuaren → 群🔥发软🔥件代🔥发🔥广告 ✈️ bs91m1
2022-05-09 14:52:18Dubai_FH → 【91M Boss】传媒 代🔥发广🔥告✈️ bs91m1
2022-05-09 14:52:41dcdbxyzs → 【91M Boss】传媒 代🔥发广🔥告✈️ bs91m1
2022-05-09 14:52:55ccig91 → 【91M Boss】传媒 代🔥发广🔥告✈️ bs91m1
2022-05-09 14:53:07tsdb01 → 【91M Boss】传媒 代🔥发广🔥告✈️ bs91m1
2022-05-09 14:53:35TG5171 → 群🔥发软🔥件代🔥发🔥广告 ✈️ bs91m1
2022-05-09 14:53:49TG0799 → 专业代🔥发广🔥告✈️ bs91m1
2022-05-09 14:54:12chaguaner → 专业代🔥发广🔥告✈️ bs91m1
2022-05-09 14:54:27dibai12 → 【91M Boss】传媒 代🔥发广🔥告✈️ bs91m1
2022-05-09 14:54:37xianliao01 → 【91M Boss】传媒 代🔥发广🔥告✈️ bs91m1
2022-05-09 14:54:54DBCN2 → 群🔥发软🔥件代🔥发🔥广告 ✈️ bs91m1
2022-05-09 14:55:19xxg863 → 【91M Boss】传媒 代🔥发广🔥告✈️ bs91m1
2022-05-09 14:56:11LUJIE888 → 专业代🔥发广🔥告✈️ bs91m1
2022-05-09 14:56:29daishou586 → 群🔥发软🔥件代🔥发🔥广告 ✈️ bs91m1
2022-05-09 14:56:40TGhuaren1 → 群🔥发软🔥件代🔥发🔥广告 ✈️ bs91m1
2022-05-09 14:56:59pp19902 → 群🔥发软🔥件代🔥发🔥广告 ✈️ bs91m1
2022-05-09 14:57:08xinbi088 → 群🔥发软🔥件代🔥发🔥广告 ✈️ bs91m1
2022-05-09 14:57:51yqtqi8 → 【91M Boss】传媒 代🔥发广🔥告✈️ bs91m1
2022-05-09 14:58:23fw866 → 群🔥发软🔥件代🔥发🔥广告 ✈️ bs91m1
2022-05-09 14:58:31dubaiqq918 → 专业代🔥发广🔥告✈️ bs91m1
2022-05-09 14:58:40TGlianmeng002 → 【91M Boss】传媒 代🔥发广🔥告✈️ bs91m1
2022-05-09 14:58:50dubai3377 → 群🔥发软🔥件代🔥发🔥广告 ✈️ bs91m1
2022-05-09 14:59:26daishou15 → 【91M Boss】传媒 代🔥发广🔥告✈️ bs91m1
2022-05-09 15:00:12AG7890 → 【91M Boss】传媒 代🔥发广🔥告✈️ bs91m1
2022-05-09 15:00:26USDT43 → 群🔥发软🔥件代🔥发🔥广告 ✈️ bs91m1
2022-05-09 15:00:36huanqian35 → 群🔥发软🔥件代🔥发🔥广告 ✈️ bs91m1
2022-05-09 15:00:51GouTui → 群🔥发软🔥件代🔥发🔥广告 ✈️ bs91m1
2022-05-09 15:01:10BtokCN_0020 → 【91M Boss】传媒 代🔥发广🔥告✈️ bs91m1
2022-05-09 15:01:40dip9186 → 【91M Boss】传媒 代🔥发广🔥告✈️ bs91m1
2022-05-09 15:02:02meiship → 【91M Boss】传媒 代🔥发广🔥告✈️ bs91m1
2022-05-09 15:02:32liuhedadui → 专业代🔥发广🔥告✈️ bs91m1
2022-05-09 15:02:41Sz1888 → 【91M Boss】传媒 代🔥发广🔥告✈️ bs91m1
2022-05-09 15:03:01HENGM01 → 专业代🔥发广🔥告✈️ bs91m1
2022-05-09 15:03:11TGlianmeng002 → 群🔥发软🔥件代🔥发🔥广告 ✈️ bs91m1
2022-05-09 15:03:31xiongmaoxia888 → 【91M Boss】传媒 代🔥发广🔥告✈️ bs91m1
2022-05-09 15:03:40MDhuaren1 → 群🔥发软🔥件代🔥发🔥广告 ✈️ bs91m1
2022-05-09 15:04:12jiangqxsixsixsix → 专业代🔥发广🔥告✈️ bs91m1
2022-05-09 15:04:21monstainfinitechinese → 【91M Boss】传媒 代🔥发广🔥告✈️ bs91m1
2022-05-09 15:04:41AS668825 → 群🔥发软🔥件代🔥发🔥广告 ✈️ bs91m1
2022-05-09 15:05:00bacommu → 专业代🔥发广🔥告✈️ bs91m1
2022-05-09 15:05:16zzjl168 → 群🔥发软🔥件代🔥发🔥广告 ✈️ bs91m1
2022-05-09 15:05:25dubai881234 → 群🔥发软🔥件代🔥发🔥广告 ✈️ bs91m1
2022-05-09 15:05:35tg00125 → 群🔥发软🔥件代🔥发🔥广告 ✈️ bs91m1
2022-05-09 15:06:15BKEXChinese → 群🔥发软🔥件代🔥发🔥广告 ✈️ bs91m1
2022-05-09 15:06:30TGhuaren1 → 【91M Boss】传媒 代🔥发广🔥告✈️ bs91m1
2022-05-09 15:06:55XZL06 → 群🔥发软🔥件代🔥发🔥广告 ✈️ bs91m1
2022-05-09 15:07:23ZB_support2 → 专业代🔥发广🔥告✈️ bs91m1
2022-05-09 15:07:53sunshineyyds → 【91M Boss】传媒 代🔥发广🔥告✈️ bs91m1
2022-05-09 15:08:02OKXGroup_CN → 【91M Boss】传媒 代🔥发广🔥告✈️ bs91m1
2022-05-09 15:08:16jfoisjfiodvfd → 群🔥发软🔥件代🔥发🔥广告 ✈️ bs91m1
2022-05-09 15:08:26bailaohui_cvv → 群🔥发软🔥件代🔥发🔥广告 ✈️ bs91m1
2022-05-09 15:08:35dibai8880 → 【91M Boss】传媒 代🔥发广🔥告✈️ bs91m1
2022-05-09 15:08:44xjltq → 群🔥发软🔥件代🔥发🔥广告 ✈️ bs91m1
2022-05-09 15:09:12zscd1 → 【91M Boss】传媒 代🔥发广🔥告✈️ bs91m1
2022-05-09 15:09:21xysbbs6 → 专业代🔥发广🔥告✈️ bs91m1
2022-05-09 15:09:30NB1chat → 专业代🔥发广🔥告✈️ bs91m1
2022-05-09 15:10:17dibaihrg009 → 【91M Boss】传媒 代🔥发广🔥告✈️ bs91m1
2022-05-09 15:11:07huichan_com_grp → 群🔥发软🔥件代🔥发🔥广告 ✈️ bs91m1
2022-05-09 15:11:23telesd204123 → 群🔥发软🔥件代🔥发🔥广告 ✈️ bs91m1
2022-05-09 15:11:53USsyu → 【91M Boss】传媒 代🔥发广🔥告✈️ bs91m1
2022-05-09 15:12:09FHaak8 → 群🔥发软🔥件代🔥发🔥广告 ✈️ bs91m1
2022-05-09 15:12:27XTsupport_EN → 【91M Boss】传媒 代🔥发广🔥告✈️ bs91m1
2022-05-09 15:12:38zscd1 → 专业代🔥发广🔥告✈️ bs91m1
2022-05-09 15:12:55StepZoro → 群🔥发软🔥件代🔥发🔥广告 ✈️ bs91m1
2022-05-09 15:13:07MaYiSheQu → 【91M Boss】传媒 代🔥发广🔥告✈️ bs91m1
2022-05-09 15:13:19PG528 → 专业代🔥发广🔥告✈️ bs91m1
2022-05-09 15:13:26BKEXChinese → 专业代🔥发广🔥告✈️ bs91m1
2022-05-09 15:13:41Xiaoxuanfengjiaoliuqun → 群🔥发软🔥件代🔥发🔥广告 ✈️ bs91m1
2022-05-09 15:13:52paofen33 → 【91M Boss】传媒 代🔥发广🔥告✈️ bs91m1
2022-05-09 15:14:01mghxfls → 【91M Boss】传媒 代🔥发广🔥告✈️ bs91m1
2022-05-09 15:14:21MDhuaren1 → 专业代🔥发广🔥告✈️ bs91m1
2022-05-09 15:14:42huihui220 → 群🔥发软🔥件代🔥发🔥广告 ✈️ bs91m1
2022-05-09 15:15:09BnbCHlNA → 专业代🔥发广🔥告✈️ bs91m1
2022-05-09 15:15:33RocketGlobalc → 专业代🔥发广🔥告✈️ bs91m1
2022-05-09 15:15:42phbbs → 专业代🔥发广🔥告✈️ bs91m1
2022-05-09 15:15:55Geniusinu_coin09 → 群🔥发软🔥件代🔥发🔥广告 ✈️ bs91m1
2022-05-09 15:16:04DiP887 → 专业代🔥发广🔥告✈️ bs91m1
2022-05-09 15:16:14dubai3979 → 【91M Boss】传媒 代🔥发广🔥告✈️ bs91m1
2022-05-09 15:16:23jmdzq → 群🔥发软🔥件代🔥发🔥广告 ✈️ bs91m1
2022-05-09 15:16:32DBaitgaaya8 → 【91M Boss】传媒 代🔥发广🔥告✈️ bs91m1
2022-05-09 15:16:47xvgvaqgaawe → 专业代🔥发广🔥告✈️ bs91m1
2022-05-09 15:16:56xysbbs6 → 【91M Boss】传媒 代🔥发广🔥告✈️ bs91m1
2022-05-09 15:17:05jmdsh888 → 专业代🔥发广🔥告✈️ bs91m1
2022-05-09 15:17:19TG00018 → 群🔥发软🔥件代🔥发🔥广告 ✈️ bs91m1
2022-05-09 15:17:41AsunaHentai → 群🔥发软🔥件代🔥发🔥广告 ✈️ bs91m1