
2022-06-13 00:00:39yunqian68 → 专业（发 ）广告，联系我 bs91m1
2022-06-13 00:01:38adasdasw → 要（发 ）广告，联系 bs91m1
2022-06-13 00:05:26zuqiushuju → 来（发 ）广告，联系 bs91m1
2022-06-13 00:06:26miaomiao12356 → 要（发 ）广告，联系 bs91m1
2022-06-13 00:08:30shujyinl → 专业（发 ）广告，联系我 bs91m1
2022-06-13 00:10:23yinlianguoji → 专业（发 ）广告，联系我 bs91m1
2022-06-13 00:13:12srjlq → 需要 软、件，找 bs91m1
2022-06-13 00:15:02sirenweixin3 → (session) 协议号，零售、批发 找，bs91m1
2022-06-13 00:17:00dsfdshhs → 需要 群、发，找 bs91m1
2022-06-13 00:17:58hnsdfhs155 → 想要（发 ）广告，找 bs91m1
2022-06-13 00:20:53cvv666money → 需要 群、发，找 bs91m1
2022-06-13 00:24:40dunxin106 → 专业（发 ）广告，联系我 bs91m1
2022-06-13 00:26:33seguiren → 要（发 ）广告，联系 bs91m1
2022-06-13 00:27:38fjhq000hz → 要（发 ）广告，联系 bs91m1
2022-06-13 00:29:31lbbet → 需要 群、发软、件，找 bs91m1
2022-06-13 00:31:30jiaoyouqun123 → (session) 协议号，零售、批发 找，bs91m1
2022-06-13 00:35:14USDThuzhu3 → 专业（发 ）广告，联系我 bs91m1
2022-06-13 00:36:11YHK_security → 想要（发 ）广告，找 bs91m1
2022-06-13 00:37:12yinlianguoji → 要（发 ）广告，联系 bs91m1
2022-06-13 00:39:07srjlq → 来（发 ）广告，联系 bs91m1
2022-06-13 00:40:07xianliaoq → 需要 群、发软、件，找 bs91m1
2022-06-13 00:41:07Philippines_visa → (session) 协议号，零售、批发 找，bs91m1
2022-06-13 00:43:06amjwg → 要（发 ）广告，联系 bs91m1
2022-06-13 00:44:56fjhq000hz → 需要 软、件，找 bs91m1
2022-06-13 00:45:55phpzufang → 专业（发 ）广告，联系我 bs91m1
2022-06-13 00:47:00fv0015 → 准备（发 ）广告，找 bs91m1
2022-06-13 00:49:51yhksijiantao11 → 需要 软、件，找 bs91m1
2022-06-13 00:52:41AG686 → 需要 群、发，找 bs91m1
2022-06-13 00:54:48fgdfdfherh → 需要 群、发软、件，找 bs91m1
2022-06-13 00:55:46buyusdtx → 来（发 ）广告，联系 bs91m1
2022-06-13 00:57:38seguiren → 要（发 ）广告，联系 bs91m1
2022-06-13 00:58:44Hpy888 → 需要 群、发软、件，找 bs91m1
2022-06-13 01:00:35hnsdfhs155 → 需要 软、件，找 bs91m1
2022-06-13 01:01:33sirenweixin3 → 需要 群、发软、件，找 bs91m1
2022-06-13 01:02:39zuqiushuju → 需要 软、件，找 bs91m1
2022-06-13 01:03:39phniuniu → 想找人（ 发 ）广告，找 bs91m1
2022-06-13 01:05:30shujyinl → 想找人（ 发 ）广告，找 bs91m1
2022-06-13 01:06:37cvv666money → 需要 群、发软、件，找 bs91m1
2022-06-13 01:07:37zgfCYJT → 想找人（ 发 ）广告，找 bs91m1
2022-06-13 01:09:28youxidaili → 想要（发 ）广告，找 bs91m1
2022-06-13 01:11:33xianliaoq → 专业（发 ）广告，联系我 bs91m1
2022-06-13 01:13:23adasdasw → 想要（发 ）广告，找 bs91m1
2022-06-13 01:15:27phpzufang → 想找人（ 发 ）广告，找 bs91m1
2022-06-13 01:19:17ziyuanduijie1 → 想找人（ 发 ）广告，找 bs91m1
2022-06-13 01:24:50dunxin106 → (session) 协议号，零售、批发 找，bs91m1
2022-06-13 01:25:56yhksijiantao11 → 来（发 ）广告，联系 bs91m1
2022-06-13 01:28:40jinsanjiaobc → 需要 群、发软、件，找 bs91m1
2022-06-13 01:32:24dsfdshhs → 需要 软、件，找 bs91m1
2022-06-13 01:34:25dunxin106 → 要（发 ）广告，联系 bs91m1
2022-06-13 01:36:16lbbet → 需要 群、发软、件，找 bs91m1
2022-06-13 01:37:22jiaoyouqun123 → 专业（发 ）广告，联系我 bs91m1
2022-06-13 01:38:20zuqiushuju → 需要 群、发软、件，找 bs91m1
2022-06-13 01:40:12miaomiao12356 → 专业（发 ）广告，联系我 bs91m1
2022-06-13 01:42:10yunqian68 → 来（发 ）广告，联系 bs91m1
2022-06-13 01:43:10fgdfdfherh → 想找人（ 发 ）广告，找 bs91m1
2022-06-13 01:45:11dream888 → 来（发 ）广告，联系 bs91m1
2022-06-13 01:47:01youxidaili → 来（发 ）广告，联系 bs91m1
2022-06-13 01:48:58fjhq000hz → 来（发 ）广告，联系 bs91m1
2022-06-13 01:49:58sirenweixin3 → 准备（发 ）广告，找 bs91m1
2022-06-13 01:50:58zgfCYJT → 想要（发 ）广告，找 bs91m1
2022-06-13 01:52:56yhksijiantao11 → 专业（发 ）广告，联系我 bs91m1
2022-06-13 01:54:49joinBCPH → 需要 软、件，找 bs91m1
2022-06-13 01:55:47USDThuzhu3 → 来（发 ）广告，联系 bs91m1
2022-06-13 01:59:45Hpy111 → 需要 群、发软、件，找 bs91m1
2022-06-13 02:03:39hnsdfhs155 → 专业（发 ）广告，联系我 bs91m1
2022-06-13 02:06:37xianliaoq → 需要 软、件，找 bs91m1
2022-06-13 02:09:29shujyinl → 需要 软、件，找 bs91m1
2022-06-13 02:10:29dubai13148888 → 需要 群、发，找 bs91m1
2022-06-13 02:11:27srjlq → 需要 软、件，找 bs91m1
2022-06-13 02:12:32buyusdtx → 要（发 ）广告，联系 bs91m1
2022-06-13 02:13:30yunqian68 → 来（发 ）广告，联系 bs91m1
2022-06-13 02:17:19jiaoyouqun123 → (session) 协议号，零售、批发 找，bs91m1
2022-06-13 02:18:17adasdasw → 来（发 ）广告，联系 bs91m1
2022-06-13 02:22:01lbbet → (session) 协议号，零售、批发 找，bs91m1
2022-06-13 02:22:59jinsanjiaobc → 来（发 ）广告，联系 bs91m1
2022-06-13 02:24:04dsfdshhs → 需要 软、件，找 bs91m1
2022-06-13 02:25:55fv0015 → 要（发 ）广告，联系 bs91m1
2022-06-13 02:27:54seguiren → 来（发 ）广告，联系 bs91m1
2022-06-13 02:32:28dunxin106 → 来（发 ）广告，联系 bs91m1
2022-06-13 02:34:19phpzufang → 想要（发 ）广告，找 bs91m1
2022-06-13 02:37:11hnsdfhs155 → (session) 协议号，零售、批发 找，bs91m1
2022-06-13 02:38:09cvv666money → 来（发 ）广告，联系 bs91m1
2022-06-13 02:40:58srjlq → 来（发 ）广告，联系 bs91m1
2022-06-13 02:43:55fv0015 → 想找人（ 发 ）广告，找 bs91m1
2022-06-13 02:44:55Hpy111 → 要（发 ）广告，联系 bs91m1
2022-06-13 02:45:55shujyinl → 来（发 ）广告，联系 bs91m1
2022-06-13 02:47:01yinlianguoji → 准备（发 ）广告，找 bs91m1
2022-06-13 02:48:01zuqiushuju → 需要 软、件，找 bs91m1
2022-06-13 02:49:00phpzufang → (session) 协议号，零售、批发 找，bs91m1
2022-06-13 02:51:50yunqian68 → 要（发 ）广告，联系 bs91m1
2022-06-13 02:52:48jinsanjiaobc → 来（发 ）广告，联系 bs91m1
2022-06-13 02:53:48dream888 → 专业（发 ）广告，联系我 bs91m1
2022-06-13 02:54:54yhksijiantao11 → 专业（发 ）广告，联系我 bs91m1
2022-06-13 02:55:52USDThuzhu3 → (session) 协议号，零售、批发 找，bs91m1
2022-06-13 02:57:44guojitongdaoduanxin → 来（发 ）广告，联系 bs91m1
2022-06-13 03:00:36xianliaoq → 需要 群、发，找 bs91m1
2022-06-13 03:02:36sirenweixin3 → 想找人（ 发 ）广告，找 bs91m1
2022-06-13 03:04:26AG686 → 准备（发 ）广告，找 bs91m1
2022-06-13 03:05:26Philippines_visa → 专业（发 ）广告，联系我 bs91m1
2022-06-13 03:06:32amjwg → 来（发 ）广告，联系 bs91m1
2022-06-13 03:08:23dsfdshhs → 要（发 ）广告，联系 bs91m1
2022-06-13 03:09:22fjhq000hz → 来（发 ）广告，联系 bs91m1
2022-06-13 03:12:19jiaoyouqun123 → 需要 群、发，找 bs91m1
2022-06-13 03:13:17adasdasw → 来（发 ）广告，联系 bs91m1
2022-06-13 03:14:23lbbet → 来（发 ）广告，联系 bs91m1
2022-06-13 03:16:17phniuniu → 想要（发 ）广告，找 bs91m1
2022-06-13 03:17:15youxidaili → 来（发 ）广告，联系 bs91m1
2022-06-13 03:19:20joinBCPH → 需要 群、发，找 bs91m1
2022-06-13 03:23:10ziyuanduijie1 → 准备（发 ）广告，找 bs91m1
2022-06-13 03:25:01seguiren → 需要 群、发，找 bs91m1
2022-06-13 03:32:32cvv666money → (session) 协议号，零售、批发 找，bs91m1
2022-06-13 03:33:37zuqiushuju → 专业（发 ）广告，联系我 bs91m1
2022-06-13 03:38:13seguiren → 专业（发 ）广告，联系我 bs91m1
2022-06-13 03:43:53adasdasw → 专业（发 ）广告，联系我 bs91m1
2022-06-13 03:44:58srjlq → 来（发 ）广告，联系 bs91m1
2022-06-13 03:46:00fgdfdfherh → 需要 群、发软、件，找 bs91m1
2022-06-13 03:47:52jiaoyouqun123 → 专业（发 ）广告，联系我 bs91m1
2022-06-13 03:49:50Hpy111 → 专业（发 ）广告，联系我 bs91m1
2022-06-13 03:50:48phpzufang → 想要（发 ）广告，找 bs91m1
2022-06-13 03:53:46fjhq000hz → 要（发 ）广告，联系 bs91m1
2022-06-13 03:54:45dsfdshhs → 准备（发 ）广告，找 bs91m1
2022-06-13 03:56:43cvv666money → 准备（发 ）广告，找 bs91m1
2022-06-13 03:57:41USDThuzhu3 → 想要（发 ）广告，找 bs91m1
2022-06-13 03:59:31zgfCYJT → 来（发 ）广告，联系 bs91m1
2022-06-13 04:00:36jinsanjiaobc → 想要（发 ）广告，找 bs91m1
2022-06-13 04:02:26amjwg → 想找人（ 发 ）广告，找 bs91m1
2022-06-13 04:03:25xianliaoq → 来（发 ）广告，联系 bs91m1
2022-06-13 04:04:31sirenweixin3 → 需要 群、发，找 bs91m1
2022-06-13 04:05:29fv0015 → 要（发 ）广告，联系 bs91m1
2022-06-13 04:07:21G88888880 → 需要 群、发软、件，找 bs91m1
2022-06-13 04:08:27joinBCPH → 来（发 ）广告，联系 bs91m1
2022-06-13 04:09:25buyusdtx → 需要 软、件，找 bs91m1
2022-06-13 04:11:17shujyinl → 想要（发 ）广告，找 bs91m1
2022-06-13 04:12:23Philippines_visa → 想要（发 ）广告，找 bs91m1
2022-06-13 04:14:13youxidaili → 要（发 ）广告，联系 bs91m1
2022-06-13 04:15:12YHK_security → 来（发 ）广告，联系 bs91m1
2022-06-13 04:16:19miaomiao12356 → (session) 协议号，零售、批发 找，bs91m1
2022-06-13 04:18:10yhksijiantao11 → 需要 软、件，找 bs91m1
2022-06-13 04:19:09dunxin106 → 来（发 ）广告，联系 bs91m1
2022-06-13 04:20:15hnsdfhs155 → 需要 群、发，找 bs91m1
2022-06-13 04:21:14guojitongdaoduanxin → 想找人（ 发 ）广告，找 bs91m1
2022-06-13 04:22:15lbbet → 来（发 ）广告，联系 bs91m1
2022-06-13 04:25:58yunqian68 → 需要 群、发，找 bs91m1
2022-06-13 04:29:42fv0015 → (session) 协议号，零售、批发 找，bs91m1
2022-06-13 04:33:30srjlq → 来（发 ）广告，联系 bs91m1
2022-06-13 04:36:21ziyuanduijie1 → 需要 软、件，找 bs91m1
2022-06-13 04:38:14sirenweixin3 → 需要 软、件，找 bs91m1
2022-06-13 04:40:14yhksijiantao11 → 想要（发 ）广告，找 bs91m1
2022-06-13 04:42:04adasdasw → 需要 软、件，找 bs91m1
2022-06-13 04:44:02phpzufang → 想要（发 ）广告，找 bs91m1
2022-06-13 04:46:52AG686 → (session) 协议号，零售、批发 找，bs91m1
2022-06-13 04:47:57jinsanjiaobc → 想要（发 ）广告，找 bs91m1
2022-06-13 04:48:56lbbet → 专业（发 ）广告，联系我 bs91m1
2022-06-13 04:50:47dream888 → 来（发 ）广告，联系 bs91m1
2022-06-13 04:51:53seguiren → 需要 群、发软、件，找 bs91m1
2022-06-13 04:56:33cvv666money → 需要 软、件，找 bs91m1
2022-06-13 04:57:31dunxin106 → 需要 群、发软、件，找 bs91m1
2022-06-13 04:58:31Hpy111 → 来（发 ）广告，联系 bs91m1
2022-06-13 05:00:29yunqian68 → 想要（发 ）广告，找 bs91m1
2022-06-13 05:02:21dubai13148888 → 需要 群、发，找 bs91m1
2022-06-13 05:03:26hnsdfhs155 → 想要（发 ）广告，找 bs91m1
2022-06-13 05:05:17xianliaoq → 准备（发 ）广告，找 bs91m1
2022-06-13 05:06:18Philippines_visa → 想找人（ 发 ）广告，找 bs91m1
2022-06-13 05:07:23dsfdshhs → 想找人（ 发 ）广告，找 bs91m1
2022-06-13 05:08:23miaomiao12356 → (session) 协议号，零售、批发 找，bs91m1
2022-06-13 05:09:21USDThuzhu3 → 专业（发 ）广告，联系我 bs91m1
2022-06-13 05:12:09fjhq000hz → 需要 群、发软、件，找 bs91m1
2022-06-13 05:13:08zgfCYJT → 想要（发 ）广告，找 bs91m1
2022-06-13 05:14:06YHK_security → 准备（发 ）广告，找 bs91m1
2022-06-13 05:16:05youxidaili → 来（发 ）广告，联系 bs91m1
2022-06-13 05:17:04shujyinl → 来（发 ）广告，联系 bs91m1
2022-06-13 05:19:02guojitongdaoduanxin → 需要 软、件，找 bs91m1
2022-06-13 05:20:00zuqiushuju → (session) 协议号，零售、批发 找，bs91m1
2022-06-13 05:20:59jiaoyouqun123 → (session) 协议号，零售、批发 找，bs91m1
2022-06-13 05:24:42xd836809 → 需要 软、件，找 bs91m1
2022-06-13 05:27:33dream888 → 需要 群、发，找 bs91m1
2022-06-13 05:28:33sirenweixin3 → 想找人（ 发 ）广告，找 bs91m1
2022-06-13 05:29:32buyusdtx → 需要 软、件，找 bs91m1
2022-06-13 05:31:29fjhq000hz → 需要 软、件，找 bs91m1
2022-06-13 05:32:28xianliaoq → 准备（发 ）广告，找 bs91m1
2022-06-13 05:33:29yinlianguoji → (session) 协议号，零售、批发 找，bs91m1
2022-06-13 05:34:34srjlq → 需要 群、发，找 bs91m1
2022-06-13 05:37:19lbbet → 需要 群、发软、件，找 bs91m1
2022-06-13 05:39:18youxidaili → 专业（发 ）广告，联系我 bs91m1
2022-06-13 05:40:17yunqian68 → 要（发 ）广告，联系 bs91m1
2022-06-13 05:42:15phpzufang → 要（发 ）广告，联系 bs91m1
2022-06-13 05:43:13adasdasw → 需要 软、件，找 bs91m1
2022-06-13 05:46:04USDThuzhu3 → 想找人（ 发 ）广告，找 bs91m1
2022-06-13 05:47:58jiaoyouqun123 → 需要 群、发软、件，找 bs91m1
2022-06-13 05:50:52phniuniu → 准备（发 ）广告，找 bs91m1
2022-06-13 05:53:38hnsdfhs155 → 需要 群、发软、件，找 bs91m1
2022-06-13 05:54:44fgdfdfherh → (session) 协议号，零售、批发 找，bs91m1
2022-06-13 05:55:43cvv666money → 来（发 ）广告，联系 bs91m1
2022-06-13 05:57:32fv0015 → (session) 协议号，零售、批发 找，bs91m1
2022-06-13 06:00:27jinsanjiaobc → (session) 协议号，零售、批发 找，bs91m1
2022-06-13 06:01:26joinBCPH → (session) 协议号，零售、批发 找，bs91m1
2022-06-13 06:03:23dunxin106 → 要（发 ）广告，联系 bs91m1
2022-06-13 06:04:22yhksijiantao11 → 准备（发 ）广告，找 bs91m1
2022-06-13 06:06:18AG686 → 想找人（ 发 ）广告，找 bs91m1
2022-06-13 06:07:17seguiren → 来（发 ）广告，联系 bs91m1
2022-06-13 06:09:10dubai13148888 → 来（发 ）广告，联系 bs91m1
2022-06-13 06:10:15ziyuanduijie1 → 需要 软、件，找 bs91m1
2022-06-13 06:12:05fgdfdfherh → 需要 软、件，找 bs91m1
2022-06-13 06:13:03shujyinl → 需要 群、发软、件，找 bs91m1
2022-06-13 06:14:08dsfdshhs → 需要 群、发软、件，找 bs91m1
2022-06-13 06:16:58zuqiushuju → (session) 协议号，零售、批发 找，bs91m1
2022-06-13 06:18:56xd836809 → 来（发 ）广告，联系 bs91m1
2022-06-13 06:25:35zgfCYJT → 准备（发 ）广告，找 bs91m1
2022-06-13 06:26:35seguiren → 专业（发 ）广告，联系我 bs91m1
2022-06-13 06:28:26jinsanjiaobc → (session) 协议号，零售、批发 找，bs91m1
2022-06-13 06:29:33yinlianguoji → 要（发 ）广告，联系 bs91m1
2022-06-13 06:32:22fjhq000hz → 要（发 ）广告，联系 bs91m1
2022-06-13 06:35:14fv0015 → 要（发 ）广告，联系 bs91m1
2022-06-13 06:36:15yunqian68 → 想要（发 ）广告，找 bs91m1
2022-06-13 06:38:12adasdasw → 专业（发 ）广告，联系我 bs91m1
2022-06-13 06:42:55lbbet → 来（发 ）广告，联系 bs91m1
2022-06-13 06:43:54srjlq → 准备（发 ）广告，找 bs91m1
2022-06-13 06:44:59yhksijiantao11 → 需要 群、发，找 bs91m1
2022-06-13 06:45:57hnsdfhs155 → 需要 软、件，找 bs91m1
2022-06-13 06:50:33YHK_security → 来（发 ）广告，联系 bs91m1
2022-06-13 06:51:33Hpy888 → 准备（发 ）广告，找 bs91m1
2022-06-13 06:52:39cvv666money → 想要（发 ）广告，找 bs91m1
2022-06-13 06:57:23miaomiao12356 → 准备（发 ）广告，找 bs91m1
2022-06-13 06:58:22shujyinl → 准备（发 ）广告，找 bs91m1
2022-06-13 06:59:20zuqiushuju → 需要 软、件，找 bs91m1
2022-06-13 07:00:25phpzufang → 来（发 ）广告，联系 bs91m1
2022-06-13 07:03:18youxidaili → 要（发 ）广告，联系 bs91m1
2022-06-13 07:04:24jiaoyouqun123 → 想找人（ 发 ）广告，找 bs91m1
2022-06-13 07:05:23joinBCPH → 准备（发 ）广告，找 bs91m1
2022-06-13 07:06:20buyusdtx → 专业（发 ）广告，联系我 bs91m1
2022-06-13 07:08:20dream888 → 来（发 ）广告，联系 bs91m1
2022-06-13 07:09:18xianliaoq → 准备（发 ）广告，找 bs91m1
2022-06-13 07:14:49dunxin106 → (session) 协议号，零售、批发 找，bs91m1
2022-06-13 07:16:46USDThuzhu3 → 专业（发 ）广告，联系我 bs91m1
2022-06-13 07:17:46lbbet → 需要 软、件，找 bs91m1
2022-06-13 07:20:44yhksijiantao11 → 要（发 ）广告，联系 bs91m1
2022-06-13 07:22:36Philippines_visa → 专业（发 ）广告，联系我 bs91m1
2022-06-13 07:23:43amjwg → (session) 协议号，零售、批发 找，bs91m1
2022-06-13 07:24:43hnsdfhs155 → 要（发 ）广告，联系 bs91m1
2022-06-13 07:25:42xianliaoq → 要（发 ）广告，联系 bs91m1
2022-06-13 07:27:40xd836809 → 来（发 ）广告，联系 bs91m1
2022-06-13 07:28:38zuqiushuju → 需要 群、发软、件，找 bs91m1
2022-06-13 07:29:37sirenweixin3 → 需要 群、发软、件，找 bs91m1
2022-06-13 07:33:20jinsanjiaobc → 来（发 ）广告，联系 bs91m1
2022-06-13 07:36:16yunqian68 → 专业（发 ）广告，联系我 bs91m1
2022-06-13 07:37:14adasdasw → 要（发 ）广告，联系 bs91m1
2022-06-13 07:39:13youxidaili → 来（发 ）广告，联系 bs91m1
2022-06-13 07:43:54AG686 → 需要 群、发，找 bs91m1
2022-06-13 07:44:53dsfdshhs → 需要 群、发，找 bs91m1
2022-06-13 07:46:52shujyinl → 要（发 ）广告，联系 bs91m1
2022-06-13 07:51:49Hpy111 → 想找人（ 发 ）广告，找 bs91m1
2022-06-13 07:52:29seguiren → 要（发 ）广告，联系 bs91m1
2022-06-13 07:53:28fjhq000hz → 来（发 ）广告，联系 bs91m1
2022-06-13 07:56:16srjlq → 需要 群、发软、件，找 bs91m1
2022-06-13 07:57:15phpzufang → 准备（发 ）广告，找 bs91m1
2022-06-13 08:00:12USDThuzhu3 → 来（发 ）广告，联系 bs91m1
2022-06-13 08:01:11jiaoyouqun123 → 要（发 ）广告，联系 bs91m1
2022-06-13 08:02:10guojitongdaoduanxin → 需要 软、件，找 bs91m1
2022-06-13 08:03:17cvv666money → 来（发 ）广告，联系 bs91m1
2022-06-13 08:04:16phniuniu → 来（发 ）广告，联系 bs91m1
2022-06-13 08:06:06dunxin106 → (session) 协议号，零售、批发 找，bs91m1
2022-06-13 08:08:03fv0015 → 需要 软、件，找 bs91m1
2022-06-13 08:09:02Hpy888 → 来（发 ）广告，联系 bs91m1
2022-06-13 08:13:51yunqian68 → 准备（发 ）广告，找 bs91m1
2022-06-13 08:14:57seguiren → 要（发 ）广告，联系 bs91m1
2022-06-13 08:15:55ziyuanduijie1 → 想要（发 ）广告，找 bs91m1
2022-06-13 08:17:46fgdfdfherh → 想要（发 ）广告，找 bs91m1
2022-06-13 08:20:42yinlianguoji → 专业（发 ）广告，联系我 bs91m1
2022-06-13 08:22:40fv0015 → (session) 协议号，零售、批发 找，bs91m1
2022-06-13 08:25:23phpzufang → 需要 群、发软、件，找 bs91m1
2022-06-13 08:26:29dsfdshhs → 准备（发 ）广告，找 bs91m1
2022-06-13 08:27:27hnsdfhs155 → 准备（发 ）广告，找 bs91m1
2022-06-13 08:28:27xd836809 → 需要 软、件，找 bs91m1
2022-06-13 08:30:25dream888 → 需要 群、发，找 bs91m1
2022-06-13 08:31:23youxidaili → 需要 软、件，找 bs91m1
2022-06-13 08:33:13cvv666money → 需要 群、发软、件，找 bs91m1
2022-06-13 08:34:19yhksijiantao11 → 想找人（ 发 ）广告，找 bs91m1
2022-06-13 08:37:03jinsanjiaobc → 想找人（ 发 ）广告，找 bs91m1
2022-06-13 08:39:01USDThuzhu3 → 来（发 ）广告，联系 bs91m1
2022-06-13 08:40:54shujyinl → 需要 群、发，找 bs91m1
2022-06-13 08:42:51adasdasw → 专业（发 ）广告，联系我 bs91m1
2022-06-13 08:45:51dunxin106 → 要（发 ）广告，联系 bs91m1
2022-06-13 08:49:41buyusdtx → (session) 协议号，零售、批发 找，bs91m1
2022-06-13 08:53:24xianliaoq → 需要 软、件，找 bs91m1
2022-06-13 08:54:29fjhq000hz → 想找人（ 发 ）广告，找 bs91m1
2022-06-13 08:55:28lbbet → 专业（发 ）广告，联系我 bs91m1
2022-06-13 09:00:10zuqiushuju → 专业（发 ）广告，联系我 bs91m1
2022-06-13 09:01:09jiaoyouqun123 → 需要 群、发软、件，找 bs91m1
2022-06-13 09:03:08zgfCYJT → 需要 软、件，找 bs91m1
2022-06-13 09:05:59AG686 → 需要 群、发，找 bs91m1
2022-06-13 09:06:59yunqian68 → 需要 群、发软、件，找 bs91m1
2022-06-13 09:08:51phniuniu → 来（发 ）广告，联系 bs91m1
2022-06-13 09:11:53yinlianguoji → (session) 协议号，零售、批发 找，bs91m1
2022-06-13 09:13:50lbbet → 需要 群、发软、件，找 bs91m1
2022-06-13 09:14:48srjlq → 要（发 ）广告，联系 bs91m1
2022-06-13 09:16:39amjwg → 需要 群、发软、件，找 bs91m1
2022-06-13 09:17:45G88888880 → (session) 协议号，零售、批发 找，bs91m1
2022-06-13 09:18:43xianliaoq → 来（发 ）广告，联系 bs91m1
2022-06-13 09:21:34Hpy111 → 准备（发 ）广告，找 bs91m1
2022-06-13 09:24:23youxidaili → 想找人（ 发 ）广告，找 bs91m1
2022-06-13 09:26:21miaomiao12356 → 来（发 ）广告，联系 bs91m1
2022-06-13 09:27:20seguiren → (session) 协议号，零售、批发 找，bs91m1
2022-06-13 09:30:11fv0015 → 准备（发 ）广告，找 bs91m1
2022-06-13 09:31:10guojitongdaoduanxin → 想找人（ 发 ）广告，找 bs91m1
2022-06-13 09:32:09jiaoyouqun123 → 要（发 ）广告，联系 bs91m1
2022-06-13 09:33:14srjlq → 准备（发 ）广告，找 bs91m1
2022-06-13 09:34:13sirenweixin3 → 需要 群、发软、件，找 bs91m1
2022-06-13 09:37:01adasdasw → 来（发 ）广告，联系 bs91m1
2022-06-13 09:39:47cvv666money → 想找人（ 发 ）广告，找 bs91m1
2022-06-13 09:40:52yhksijiantao11 → 来（发 ）广告，联系 bs91m1
2022-06-13 09:46:28shujyinl → 准备（发 ）广告，找 bs91m1
2022-06-13 09:48:25dsfdshhs → 来（发 ）广告，联系 bs91m1
2022-06-13 09:51:09dunxin106 → 需要 群、发，找 bs91m1
2022-06-13 09:52:15fjhq000hz → 想要（发 ）广告，找 bs91m1
2022-06-13 09:53:14phpzufang → 需要 软、件，找 bs91m1
2022-06-13 09:57:03G88888880 → 专业（发 ）广告，联系我 bs91m1
2022-06-13 09:58:01jinsanjiaobc → (session) 协议号，零售、批发 找，bs91m1
2022-06-13 09:59:59YHK_security → 专业（发 ）广告，联系我 bs91m1
2022-06-13 10:01:48USDThuzhu3 → 来（发 ）广告，联系 bs91m1
2022-06-13 10:02:48fgdfdfherh → 专业（发 ）广告，联系我 bs91m1
2022-06-13 10:04:45yhksijiantao11 → 要（发 ）广告，联系 bs91m1
2022-06-13 10:05:43hnsdfhs155 → 需要 群、发，找 bs91m1
2022-06-13 10:06:42guojitongdaoduanxin → 要（发 ）广告，联系 bs91m1
2022-06-13 10:07:47yunqian68 → 想找人（ 发 ）广告，找 bs91m1
2022-06-13 10:09:39joinBCPH → 专业（发 ）广告，联系我 bs91m1
2022-06-13 10:10:37ziyuanduijie1 → 准备（发 ）广告，找 bs91m1
2022-06-13 10:12:34jiaoyouqun123 → 准备（发 ）广告，找 bs91m1
2022-06-13 10:13:32zuqiushuju → 需要 软、件，找 bs91m1
2022-06-13 10:14:31zgfCYJT → 需要 软、件，找 bs91m1
2022-06-13 10:15:37lbbet → 需要 软、件，找 bs91m1
2022-06-13 10:16:36Hpy111 → 需要 软、件，找 bs91m1
2022-06-13 10:19:25dsfdshhs → 准备（发 ）广告，找 bs91m1
2022-06-13 10:22:11dream888 → 想要（发 ）广告，找 bs91m1
2022-06-13 10:24:15miaomiao12356 → 来（发 ）广告，联系 bs91m1
2022-06-13 10:26:05shujyinl → 需要 群、发软、件，找 bs91m1
2022-06-13 10:28:02fv0015 → 来（发 ）广告，联系 bs91m1
2022-06-13 10:30:00xianliaoq → (session) 协议号，零售、批发 找，bs91m1
2022-06-13 10:31:05srjlq → 要（发 ）广告，联系 bs91m1
2022-06-13 10:32:55seguiren → 来（发 ）广告，联系 bs91m1
2022-06-13 10:35:48buyusdtx → 来（发 ）广告，联系 bs91m1
2022-06-13 10:36:47cvv666money → (session) 协议号，零售、批发 找，bs91m1
2022-06-13 10:41:28jinsanjiaobc → 想找人（ 发 ）广告，找 bs91m1
2022-06-13 10:44:17youxidaili → 需要 群、发软、件，找 bs91m1
2022-06-13 10:47:16fjhq000hz → 专业（发 ）广告，联系我 bs91m1
2022-06-13 10:48:15phpzufang → 需要 群、发，找 bs91m1
2022-06-13 10:50:12USDThuzhu3 → 想找人（ 发 ）广告，找 bs91m1
2022-06-13 10:53:55dunxin106 → 需要 软、件，找 bs91m1
2022-06-13 10:54:55yunqian68 → 要（发 ）广告，联系 bs91m1
2022-06-13 10:55:54phniuniu → 来（发 ）广告，联系 bs91m1
2022-06-13 10:57:52Hpy111 → 想找人（ 发 ）广告，找 bs91m1
2022-06-13 10:58:51zuqiushuju → 想找人（ 发 ）广告，找 bs91m1
2022-06-13 11:00:41sirenweixin3 → 需要 群、发，找 bs91m1
2022-06-13 11:01:46hnsdfhs155 → 想要（发 ）广告，找 bs91m1
2022-06-13 11:03:38joinBCPH → 专业（发 ）广告，联系我 bs91m1
2022-06-13 11:04:37seguiren → 想要（发 ）广告，找 bs91m1
2022-06-13 11:05:42AG686 → 需要 软、件，找 bs91m1
2022-06-13 11:07:36shujyinl → 需要 群、发软、件，找 bs91m1
2022-06-13 11:10:25amjwg → 需要 群、发，找 bs91m1
2022-06-13 11:11:23adasdasw → 想要（发 ）广告，找 bs91m1
2022-06-13 11:12:21xianliaoq → 需要 群、发软、件，找 bs91m1
2022-06-13 11:14:18phpzufang → (session) 协议号，零售、批发 找，bs91m1
2022-06-13 11:15:18zgfCYJT → 专业（发 ）广告，联系我 bs91m1
2022-06-13 11:18:14lbbet → 要（发 ）广告，联系 bs91m1
2022-06-13 11:20:05fjhq000hz → 想找人（ 发 ）广告，找 bs91m1
2022-06-13 11:21:10yhksijiantao11 → 想要（发 ）广告，找 bs91m1
2022-06-13 11:23:00adasdasw → 需要 群、发软、件，找 bs91m1
2022-06-13 11:23:59yinlianguoji → 来（发 ）广告，联系 bs91m1
2022-06-13 11:26:50YHK_security → 来（发 ）广告，联系 bs91m1
2022-06-13 11:27:50fgdfdfherh → (session) 协议号，零售、批发 找，bs91m1
2022-06-13 11:29:48cvv666money → 专业（发 ）广告，联系我 bs91m1
2022-06-13 11:30:47dubai13148888 → 想要（发 ）广告，找 bs91m1
2022-06-13 11:31:44dunxin106 → 想要（发 ）广告，找 bs91m1
2022-06-13 11:32:50youxidaili → 想找人（ 发 ）广告，找 bs91m1
2022-06-13 11:34:41xd836809 → 准备（发 ）广告，找 bs91m1
2022-06-13 11:38:31dsfdshhs → 想要（发 ）广告，找 bs91m1
2022-06-13 11:39:29jinsanjiaobc → 专业（发 ）广告，联系我 bs91m1
2022-06-13 11:40:34ziyuanduijie1 → 需要 软、件，找 bs91m1
2022-06-13 11:42:27jiaoyouqun123 → 来（发 ）广告，联系 bs91m1
2022-06-13 11:48:07zuqiushuju → 准备（发 ）广告，找 bs91m1
2022-06-13 11:53:41srjlq → 想要（发 ）广告，找 bs91m1
2022-06-13 11:54:39yhksijiantao11 → (session) 协议号，零售、批发 找，bs91m1
2022-06-13 11:55:45xianliaoq → 来（发 ）广告，联系 bs91m1
2022-06-13 11:56:43fv0015 → 需要 群、发软、件，找 bs91m1
2022-06-13 11:57:44joinBCPH → 需要 群、发，找 bs91m1
2022-06-13 12:00:33YHK_security → 想要（发 ）广告，找 bs91m1
2022-06-13 12:01:30USDThuzhu3 → 来（发 ）广告，联系 bs91m1
2022-06-13 12:03:35dsfdshhs → 想找人（ 发 ）广告，找 bs91m1
2022-06-13 12:04:34yinlianguoji → 专业（发 ）广告，联系我 bs91m1
2022-06-13 12:06:25buyusdtx → 来（发 ）广告，联系 bs91m1
2022-06-13 12:07:30shujyinl → 来（发 ）广告，联系 bs91m1
2022-06-13 12:09:21dubai13148888 → 想要（发 ）广告，找 bs91m1
2022-06-13 12:10:18hnsdfhs155 → 准备（发 ）广告，找 bs91m1
2022-06-13 12:13:07phpzufang → 来（发 ）广告，联系 bs91m1
2022-06-13 12:14:06Hpy111 → (session) 协议号，零售、批发 找，bs91m1
2022-06-13 12:15:13zgfCYJT → 要（发 ）广告，联系 bs91m1
2022-06-13 12:18:02jiaoyouqun123 → 来（发 ）广告，联系 bs91m1
2022-06-13 12:19:59yunqian68 → 想找人（ 发 ）广告，找 bs91m1
2022-06-13 12:20:59amjwg → 需要 群、发软、件，找 bs91m1
2022-06-13 12:21:57AG686 → 专业（发 ）广告，联系我 bs91m1
2022-06-13 12:23:55miaomiao12356 → 要（发 ）广告，联系 bs91m1
2022-06-13 12:24:53jinsanjiaobc → 需要 群、发软、件，找 bs91m1
2022-06-13 12:25:51seguiren → 需要 软、件，找 bs91m1
2022-06-13 12:26:56srjlq → 需要 群、发软、件，找 bs91m1
2022-06-13 12:29:46phniuniu → 准备（发 ）广告，找 bs91m1
2022-06-13 12:30:52G88888880 → 来（发 ）广告，联系 bs91m1
2022-06-13 12:31:50lbbet → 需要 群、发，找 bs91m1
2022-06-13 12:33:40fjhq000hz → 想要（发 ）广告，找 bs91m1
2022-06-13 12:34:45cvv666money → 要（发 ）广告，联系 bs91m1
2022-06-13 12:37:29zuqiushuju → (session) 协议号，零售、批发 找，bs91m1
2022-06-13 12:41:11adasdasw → 要（发 ）广告，联系 bs91m1
2022-06-13 12:46:56yunqian68 → (session) 协议号，零售、批发 找，bs91m1
2022-06-13 12:48:47ziyuanduijie1 → 需要 群、发，找 bs91m1
2022-06-13 12:50:46youxidaili → 来（发 ）广告，联系 bs91m1
2022-06-13 12:52:37YHK_security → 需要 群、发软、件，找 bs91m1
2022-06-13 12:53:42dsfdshhs → 专业（发 ）广告，联系我 bs91m1
2022-06-13 12:56:25dunxin106 → 专业（发 ）广告，联系我 bs91m1
2022-06-13 12:57:31seguiren → (session) 协议号，零售、批发 找，bs91m1
2022-06-13 12:58:29Hpy888 → 来（发 ）广告，联系 bs91m1
2022-06-13 12:59:27USDThuzhu3 → 需要 群、发软、件，找 bs91m1
2022-06-13 13:02:16yhksijiantao11 → 想要（发 ）广告，找 bs91m1
2022-06-13 13:03:13hnsdfhs155 → 想找人（ 发 ）广告，找 bs91m1
2022-06-13 13:06:10xianliaoq → 需要 群、发，找 bs91m1
2022-06-13 13:07:08fv0015 → (session) 协议号，零售、批发 找，bs91m1
2022-06-13 13:10:00phpzufang → (session) 协议号，零售、批发 找，bs91m1
2022-06-13 13:11:51fgdfdfherh → 来（发 ）广告，联系 bs91m1
2022-06-13 13:13:49srjlq → 来（发 ）广告，联系 bs91m1
2022-06-13 13:14:47shujyinl → 要（发 ）广告，联系 bs91m1
2022-06-13 13:16:46lbbet → 要（发 ）广告，联系 bs91m1
2022-06-13 13:19:36adasdasw → 需要 群、发软、件，找 bs91m1
2022-06-13 13:20:41hnsdfhs155 → 准备（发 ）广告，找 bs91m1
2022-06-13 13:21:41joinBCPH → 准备（发 ）广告，找 bs91m1
2022-06-13 13:22:39sirenweixin3 → 准备（发 ）广告，找 bs91m1
2022-06-13 13:26:24dream888 → 要（发 ）广告，联系 bs91m1
2022-06-13 13:27:23jiaoyouqun123 → 来（发 ）广告，联系 bs91m1
2022-06-13 13:28:28fv0015 → 准备（发 ）广告，找 bs91m1
2022-06-13 13:30:19Philippines_visa → 来（发 ）广告，联系 bs91m1
2022-06-13 13:31:18cvv666money → (session) 协议号，零售、批发 找，bs91m1
2022-06-13 13:32:23jinsanjiaobc → 来（发 ）广告，联系 bs91m1
2022-06-13 13:34:14xd836809 → 来（发 ）广告，联系 bs91m1
2022-06-13 13:36:13seguiren → 想找人（ 发 ）广告，找 bs91m1
2022-06-13 13:37:14zuqiushuju → 准备（发 ）广告，找 bs91m1
2022-06-13 13:40:11lbbet → 来（发 ）广告，联系 bs91m1
2022-06-13 13:41:10yinlianguoji → 专业（发 ）广告，联系我 bs91m1
2022-06-13 13:43:00dunxin106 → 想找人（ 发 ）广告，找 bs91m1
2022-06-13 13:45:51fjhq000hz → 需要 软、件，找 bs91m1
2022-06-13 13:46:50yhksijiantao11 → 想找人（ 发 ）广告，找 bs91m1
2022-06-13 13:53:35yunqian68 → 需要 群、发，找 bs91m1
2022-06-13 13:54:32youxidaili → 来（发 ）广告，联系 bs91m1
2022-06-13 13:57:29buyusdtx → 需要 软、件，找 bs91m1
2022-06-13 13:58:33Hpy111 → 需要 群、发，找 bs91m1
2022-06-13 13:59:38jiaoyouqun123 → 想要（发 ）广告，找 bs91m1
2022-06-13 14:00:36USDThuzhu3 → 专业（发 ）广告，联系我 bs91m1
2022-06-13 14:02:27miaomiao12356 → 需要 软、件，找 bs91m1
2022-06-13 14:03:32AG686 → 需要 软、件，找 bs91m1
2022-06-13 14:05:23dubai13148888 → (session) 协议号，零售、批发 找，bs91m1
2022-06-13 14:06:21xianliaoq → 来（发 ）广告，联系 bs91m1
2022-06-13 14:09:18amjwg → 来（发 ）广告，联系 bs91m1
2022-06-13 14:11:16fjhq000hz → 想要（发 ）广告，找 bs91m1
2022-06-13 14:12:15dsfdshhs → 想找人（ 发 ）广告，找 bs91m1
2022-06-13 14:15:04cvv666money → 来（发 ）广告，联系 bs91m1
2022-06-13 14:16:05G88888880 → 来（发 ）广告，联系 bs91m1
2022-06-13 14:17:54dunxin106 → 需要 群、发，找 bs91m1
2022-06-13 14:19:02dubai13148888 → 想找人（ 发 ）广告，找 bs91m1
2022-06-13 14:21:46shujyinl → 需要 群、发，找 bs91m1
2022-06-13 14:22:51jinsanjiaobc → 专业（发 ）广告，联系我 bs91m1
2022-06-13 14:23:50phpzufang → 需要 软、件，找 bs91m1
2022-06-13 14:25:41xd836809 → 要（发 ）广告，联系 bs91m1
2022-06-13 14:26:47Philippines_visa → 想要（发 ）广告，找 bs91m1
2022-06-13 14:28:37ziyuanduijie1 → 来（发 ）广告，联系 bs91m1
2022-06-13 14:30:33USDThuzhu3 → (session) 协议号，零售、批发 找，bs91m1
2022-06-13 14:31:33phpzufang → 准备（发 ）广告，找 bs91m1
2022-06-13 14:33:25joinBCPH → 需要 软、件，找 bs91m1
2022-06-13 14:35:23yunqian68 → 想找人（ 发 ）广告，找 bs91m1
2022-06-13 14:36:21srjlq → 来（发 ）广告，联系 bs91m1
2022-06-13 14:38:26sirenweixin3 → 来（发 ）广告，联系 bs91m1
2022-06-13 14:39:23zuqiushuju → 来（发 ）广告，联系 bs91m1
2022-06-13 14:42:15youxidaili → 需要 群、发，找 bs91m1
2022-06-13 14:43:13xianliaoq → 需要 软、件，找 bs91m1
2022-06-13 14:46:57yhksijiantao11 → (session) 协议号，零售、批发 找，bs91m1
2022-06-13 14:49:51hnsdfhs155 → 想要（发 ）广告，找 bs91m1
2022-06-13 14:50:50dsfdshhs → 要（发 ）广告，联系 bs91m1
2022-06-13 14:55:26adasdasw → 准备（发 ）广告，找 bs91m1
2022-06-13 14:56:25seguiren → 需要 群、发，找 bs91m1
2022-06-13 14:57:31shujyinl → 来（发 ）广告，联系 bs91m1
2022-06-13 14:58:30fv0015 → 想找人（ 发 ）广告，找 bs91m1
2022-06-13 14:59:28yinlianguoji → 专业（发 ）广告，联系我 bs91m1
2022-06-13 15:01:26amjwg → 想找人（ 发 ）广告，找 bs91m1
2022-06-13 15:04:16jiaoyouqun123 → 专业（发 ）广告，联系我 bs91m1
2022-06-13 15:06:14guojitongdaoduanxin → 需要 群、发，找 bs91m1
2022-06-13 15:08:05lbbet → (session) 协议号，零售、批发 找，bs91m1
2022-06-13 15:09:10cvv666money → 需要 群、发软、件，找 bs91m1
2022-06-13 15:10:10youxidaili → 想要（发 ）广告，找 bs91m1
2022-06-13 15:11:08Hpy111 → 需要 群、发，找 bs91m1
2022-06-13 15:13:58fgdfdfherh → 需要 群、发软、件，找 bs91m1
2022-06-13 15:15:55fjhq000hz → 想要（发 ）广告，找 bs91m1
2022-06-13 15:17:02zgfCYJT → 准备（发 ）广告，找 bs91m1
2022-06-13 15:18:51adasdasw → (session) 协议号，零售、批发 找，bs91m1
2022-06-13 15:21:47srjlq → (session) 协议号，零售、批发 找，bs91m1
2022-06-13 15:24:38Hpy111 → 想找人（ 发 ）广告，找 bs91m1
2022-06-13 15:25:36buyusdtx → 来（发 ）广告，联系 bs91m1
2022-06-13 15:26:35seguiren → 需要 群、发，找 bs91m1
2022-06-13 15:30:24zgfCYJT → 专业（发 ）广告，联系我 bs91m1
2022-06-13 15:31:22dsfdshhs → 想要（发 ）广告，找 bs91m1
2022-06-13 15:34:17zuqiushuju → 想找人（ 发 ）广告，找 bs91m1
2022-06-13 15:35:16dubai13148888 → 需要 群、发，找 bs91m1
2022-06-13 15:37:12YHK_security → 需要 群、发，找 bs91m1
2022-06-13 15:38:12Philippines_visa → 准备（发 ）广告，找 bs91m1
2022-06-13 15:39:10fv0015 → 想找人（ 发 ）广告，找 bs91m1
2022-06-13 15:40:15jiaoyouqun123 → 需要 软、件，找 bs91m1
2022-06-13 15:41:14hnsdfhs155 → 准备（发 ）广告，找 bs91m1
2022-06-13 15:44:05dunxin106 → 想要（发 ）广告，找 bs91m1
2022-06-13 15:46:50cvv666money → 准备（发 ）广告，找 bs91m1
2022-06-13 15:48:49yunqian68 → 想要（发 ）广告，找 bs91m1
2022-06-13 15:50:39ziyuanduijie1 → (session) 协议号，零售、批发 找，bs91m1
2022-06-13 15:51:44AG686 → 准备（发 ）广告，找 bs91m1
2022-06-13 15:53:33phpzufang → 准备（发 ）广告，找 bs91m1
2022-06-13 15:55:34sirenweixin3 → 要（发 ）广告，联系 bs91m1
2022-06-13 15:56:32jinsanjiaobc → 想找人（ 发 ）广告，找 bs91m1
2022-06-13 15:59:24lbbet → 来（发 ）广告，联系 bs91m1
2022-06-13 16:00:21USDThuzhu3 → 想找人（ 发 ）广告，找 bs91m1
2022-06-13 16:03:16shujyinl → (session) 协议号，零售、批发 找，bs91m1
2022-06-13 16:05:07Hpy888 → (session) 协议号，零售、批发 找，bs91m1
2022-06-13 16:08:50xianliaoq → 专业（发 ）广告，联系我 bs91m1
2022-06-13 16:09:50miaomiao12356 → 想找人（ 发 ）广告，找 bs91m1
2022-06-13 16:10:55yhksijiantao11 → 需要 群、发，找 bs91m1
2022-06-13 16:11:53fgdfdfherh → 要（发 ）广告，联系 bs91m1
2022-06-13 16:12:52USDThuzhu3 → 想要（发 ）广告，找 bs91m1
2022-06-13 16:14:48guojitongdaoduanxin → 需要 软、件，找 bs91m1
2022-06-13 16:16:39zuqiushuju → 需要 软、件，找 bs91m1
2022-06-13 16:18:38joinBCPH → 需要 群、发，找 bs91m1
2022-06-13 16:19:37shujyinl → 专业（发 ）广告，联系我 bs91m1
2022-06-13 16:20:34hnsdfhs155 → 需要 软、件，找 bs91m1
2022-06-13 16:23:27amjwg → 想要（发 ）广告，找 bs91m1
2022-06-13 16:26:22lbbet → 需要 群、发，找 bs91m1
2022-06-13 16:29:08dream888 → 需要 群、发，找 bs91m1
2022-06-13 16:30:13dunxin106 → 来（发 ）广告，联系 bs91m1
2022-06-13 16:32:03dsfdshhs → 专业（发 ）广告，联系我 bs91m1
2022-06-13 16:34:00xianliaoq → 想找人（ 发 ）广告，找 bs91m1
2022-06-13 16:35:01dream888 → 专业（发 ）广告，联系我 bs91m1
2022-06-13 16:35:59jinsanjiaobc → 要（发 ）广告，联系 bs91m1
2022-06-13 16:37:56phpzufang → 准备（发 ）广告，找 bs91m1
2022-06-13 16:38:57joinBCPH → 来（发 ）广告，联系 bs91m1
2022-06-13 16:40:46youxidaili → 需要 软、件，找 bs91m1
2022-06-13 16:43:38seguiren → 来（发 ）广告，联系 bs91m1
2022-06-13 16:44:36adasdasw → 想要（发 ）广告，找 bs91m1
2022-06-13 16:45:41jiaoyouqun123 → 想要（发 ）广告，找 bs91m1
2022-06-13 16:50:24fv0015 → 要（发 ）广告，联系 bs91m1
2022-06-13 16:51:22cvv666money → 需要 软、件，找 bs91m1
2022-06-13 16:56:02srjlq → 想要（发 ）广告，找 bs91m1
2022-06-13 16:57:06fjhq000hz → 想要（发 ）广告，找 bs91m1
2022-06-13 16:59:51yunqian68 → (session) 协议号，零售、批发 找，bs91m1
2022-06-13 17:00:57sirenweixin3 → (session) 协议号，零售、批发 找，bs91m1
2022-06-13 17:05:29yinlianguoji → 来（发 ）广告，联系 bs91m1
2022-06-13 17:06:28yhksijiantao11 → 需要 软、件，找 bs91m1
2022-06-13 17:07:28USDThuzhu3 → (session) 协议号，零售、批发 找，bs91m1
2022-06-13 17:10:16adasdasw → 想要（发 ）广告，找 bs91m1
2022-06-13 17:15:06phniuniu → 来（发 ）广告，联系 bs91m1
2022-06-13 17:16:03AG686 → 需要 群、发软、件，找 bs91m1
2022-06-13 17:17:11xd836809 → 想要（发 ）广告，找 bs91m1
2022-06-13 17:18:09ziyuanduijie1 → 想找人（ 发 ）广告，找 bs91m1
2022-06-13 17:19:07yhksijiantao11 → 专业（发 ）广告，联系我 bs91m1
2022-06-13 17:22:54lbbet → 专业（发 ）广告，联系我 bs91m1
2022-06-13 17:23:54Hpy111 → 来（发 ）广告，联系 bs91m1
2022-06-13 17:25:00miaomiao12356 → 来（发 ）广告，联系 bs91m1
2022-06-13 17:25:58srjlq → (session) 协议号，零售、批发 找，bs91m1
2022-06-13 17:26:57jiaoyouqun123 → 需要 群、发软、件，找 bs91m1
2022-06-13 17:28:55phpzufang → 来（发 ）广告，联系 bs91m1
2022-06-13 17:30:44fjhq000hz → 来（发 ）广告，联系 bs91m1
2022-06-13 17:31:45Philippines_visa → 来（发 ）广告，联系 bs91m1
2022-06-13 17:32:50guojitongdaoduanxin → 想找人（ 发 ）广告，找 bs91m1
2022-06-13 17:33:50cvv666money → 来（发 ）广告，联系 bs91m1
2022-06-13 17:34:48buyusdtx → 想找人（ 发 ）广告，找 bs91m1
2022-06-13 17:38:37shujyinl → 需要 软、件，找 bs91m1
2022-06-13 17:39:35hnsdfhs155 → 需要 群、发软、件，找 bs91m1
2022-06-13 17:40:39youxidaili → 来（发 ）广告，联系 bs91m1
2022-06-13 17:44:27dsfdshhs → 想要（发 ）广告，找 bs91m1
2022-06-13 17:46:18zuqiushuju → 需要 群、发软、件，找 bs91m1
2022-06-13 17:48:18seguiren → 想找人（ 发 ）广告，找 bs91m1
2022-06-13 17:49:16jinsanjiaobc → 需要 软、件，找 bs91m1
2022-06-13 17:53:54sirenweixin3 → 想找人（ 发 ）广告，找 bs91m1
2022-06-13 17:54:52dunxin106 → 想找人（ 发 ）广告，找 bs91m1
2022-06-13 17:55:57xianliaoq → 准备（发 ）广告，找 bs91m1
2022-06-13 17:56:54fv0015 → 要（发 ）广告，联系 bs91m1
2022-06-13 18:00:38yunqian68 → 想找人（ 发 ）广告，找 bs91m1
2022-06-13 18:05:26srjlq → 需要 群、发软、件，找 bs91m1
2022-06-13 18:10:02seguiren → 专业（发 ）广告，联系我 bs91m1
2022-06-13 18:11:01dubai13148888 → 想要（发 ）广告，找 bs91m1
2022-06-13 18:13:57sirenweixin3 → 来（发 ）广告，联系 bs91m1
2022-06-13 18:14:54USDThuzhu3 → 需要 群、发软、件，找 bs91m1
2022-06-13 18:16:00fv0015 → 来（发 ）广告，联系 bs91m1
2022-06-13 18:16:58shujyinl → 想找人（ 发 ）广告，找 bs91m1
2022-06-13 18:18:49xd836809 → 需要 群、发，找 bs91m1
2022-06-13 18:20:46adasdasw → (session) 协议号，零售、批发 找，bs91m1
2022-06-13 18:21:45dream888 → (session) 协议号，零售、批发 找，bs91m1
2022-06-13 18:22:43lbbet → 要（发 ）广告，联系 bs91m1
2022-06-13 18:23:48jiaoyouqun123 → 要（发 ）广告，联系 bs91m1
2022-06-13 18:24:46hnsdfhs155 → 需要 群、发软、件，找 bs91m1
2022-06-13 18:25:45G88888880 → 来（发 ）广告，联系 bs91m1
2022-06-13 18:28:36phniuniu → 需要 群、发，找 bs91m1
2022-06-13 18:29:34zuqiushuju → 准备（发 ）广告，找 bs91m1
2022-06-13 18:31:39joinBCPH → 准备（发 ）广告，找 bs91m1
2022-06-13 18:32:39dsfdshhs → 需要 软、件，找 bs91m1
2022-06-13 18:33:37youxidaili → 想找人（ 发 ）广告，找 bs91m1
2022-06-13 18:35:34dunxin106 → 需要 软、件，找 bs91m1
2022-06-13 18:36:32xianliaoq → 准备（发 ）广告，找 bs91m1
2022-06-13 18:40:22yunqian68 → 来（发 ）广告，联系 bs91m1
2022-06-13 18:41:20buyusdtx → 想要（发 ）广告，找 bs91m1
2022-06-13 18:43:17fjhq000hz → 需要 群、发，找 bs91m1
2022-06-13 18:48:53jinsanjiaobc → 想找人（ 发 ）广告，找 bs91m1
2022-06-13 18:49:51cvv666money → 来（发 ）广告，联系 bs91m1
2022-06-13 18:50:56phpzufang → 需要 群、发软、件，找 bs91m1
2022-06-13 18:55:37ziyuanduijie1 → (session) 协议号，零售、批发 找，bs91m1
2022-06-13 18:57:28yhksijiantao11 → 想要（发 ）广告，找 bs91m1
2022-06-13 19:03:12lbbet → 专业（发 ）广告，联系我 bs91m1
2022-06-13 19:04:11hnsdfhs155 → (session) 协议号，零售、批发 找，bs91m1
2022-06-13 19:06:09fgdfdfherh → 来（发 ）广告，联系 bs91m1
2022-06-13 19:07:07dunxin106 → (session) 协议号，零售、批发 找，bs91m1
2022-06-13 19:08:57dsfdshhs → 需要 群、发软、件，找 bs91m1
2022-06-13 19:13:57srjlq → 需要 群、发软、件，找 bs91m1
2022-06-13 19:15:53phpzufang → 准备（发 ）广告，找 bs91m1
2022-06-13 19:18:43youxidaili → 专业（发 ）广告，联系我 bs91m1
2022-06-13 19:19:44Philippines_visa → 需要 群、发软、件，找 bs91m1
2022-06-13 19:20:43seguiren → 需要 软、件，找 bs91m1
2022-06-13 19:22:39jinsanjiaobc → 来（发 ）广告，联系 bs91m1
2022-06-13 19:23:37joinBCPH → 来（发 ）广告，联系 bs91m1
2022-06-13 19:24:35yunqian68 → (session) 协议号，零售、批发 找，bs91m1
2022-06-13 19:25:41xianliaoq → 需要 群、发软、件，找 bs91m1
2022-06-13 19:26:39fjhq000hz → 需要 群、发软、件，找 bs91m1
2022-06-13 19:28:29dream888 → 想要（发 ）广告，找 bs91m1
2022-06-13 19:29:36sirenweixin3 → 想找人（ 发 ）广告，找 bs91m1
2022-06-13 19:30:35amjwg → 需要 群、发，找 bs91m1
2022-06-13 19:31:33fv0015 → 来（发 ）广告，联系 bs91m1
2022-06-13 19:33:30zuqiushuju → 来（发 ）广告，联系 bs91m1
2022-06-13 19:34:29guojitongdaoduanxin → 需要 群、发，找 bs91m1
2022-06-13 19:36:19YHK_security → 来（发 ）广告，联系 bs91m1
2022-06-13 19:37:26G88888880 → 想找人（ 发 ）广告，找 bs91m1
2022-06-13 19:39:14adasdasw → 来（发 ）广告，联系 bs91m1
2022-06-13 19:40:14jiaoyouqun123 → (session) 协议号，零售、批发 找，bs91m1
2022-06-13 19:41:19AG686 → 准备（发 ）广告，找 bs91m1
2022-06-13 19:43:09zgfCYJT → (session) 协议号，零售、批发 找，bs91m1
2022-06-13 19:44:08shujyinl → 来（发 ）广告，联系 bs91m1
2022-06-13 19:45:13USDThuzhu3 → 要（发 ）广告，联系 bs91m1
2022-06-13 19:47:56cvv666money → 想要（发 ）广告，找 bs91m1
2022-06-13 19:51:41yhksijiantao11 → 准备（发 ）广告，找 bs91m1
2022-06-13 19:54:33buyusdtx → 来（发 ）广告，联系 bs91m1
2022-06-13 19:59:08yunqian68 → 需要 群、发，找 bs91m1
2022-06-13 20:01:06xianliaoq → 需要 群、发软、件，找 bs91m1
2022-06-13 20:02:58fv0015 → (session) 协议号，零售、批发 找，bs91m1
2022-06-13 20:04:58hnsdfhs155 → 想找人（ 发 ）广告，找 bs91m1
2022-06-13 20:05:56jiaoyouqun123 → 准备（发 ）广告，找 bs91m1
2022-06-13 20:07:53cvv666money → 需要 软、件，找 bs91m1
2022-06-13 20:09:43Hpy888 → 来（发 ）广告，联系 bs91m1
2022-06-13 20:10:41jinsanjiaobc → 专业（发 ）广告，联系我 bs91m1
2022-06-13 20:11:47yinlianguoji → 准备（发 ）广告，找 bs91m1
2022-06-13 20:12:45YHK_security → 准备（发 ）广告，找 bs91m1
2022-06-13 20:16:28phpzufang → 想要（发 ）广告，找 bs91m1
2022-06-13 20:17:26USDThuzhu3 → 专业（发 ）广告，联系我 bs91m1
2022-06-13 20:18:24Hpy111 → 来（发 ）广告，联系 bs91m1
2022-06-13 20:20:25joinBCPH → 想要（发 ）广告，找 bs91m1
2022-06-13 20:21:23sirenweixin3 → 准备（发 ）广告，找 bs91m1
2022-06-13 20:23:22fgdfdfherh → 专业（发 ）广告，联系我 bs91m1
2022-06-13 20:25:12shujyinl → 需要 群、发软、件，找 bs91m1
2022-06-13 20:26:10fjhq000hz → 需要 软、件，找 bs91m1
2022-06-13 20:27:16adasdasw → 来（发 ）广告，联系 bs91m1
2022-06-13 20:28:16phniuniu → 准备（发 ）广告，找 bs91m1
2022-06-13 20:30:07yhksijiantao11 → 需要 软、件，找 bs91m1
2022-06-13 20:31:14seguiren → 需要 群、发，找 bs91m1
2022-06-13 20:33:04zuqiushuju → 需要 群、发软、件，找 bs91m1
2022-06-13 20:34:03miaomiao12356 → 想找人（ 发 ）广告，找 bs91m1
2022-06-13 20:36:57lbbet → 需要 群、发软、件，找 bs91m1
2022-06-13 20:37:55srjlq → 需要 软、件，找 bs91m1
2022-06-13 20:39:00ziyuanduijie1 → 专业（发 ）广告，联系我 bs91m1
2022-06-13 20:41:51dubai13148888 → 需要 群、发软、件，找 bs91m1
2022-06-13 20:43:48dsfdshhs → 来（发 ）广告，联系 bs91m1
2022-06-13 20:44:47amjwg → 准备（发 ）广告，找 bs91m1
2022-06-13 20:48:33youxidaili → 需要 群、发，找 bs91m1
2022-06-13 20:50:30dunxin106 → 需要 群、发，找 bs91m1
2022-06-13 20:52:24lbbet → (session) 协议号，零售、批发 找，bs91m1
2022-06-13 20:57:00seguiren → 要（发 ）广告，联系 bs91m1
2022-06-13 20:58:59USDThuzhu3 → (session) 协议号，零售、批发 找，bs91m1
2022-06-13 20:59:58phpzufang → (session) 协议号，零售、批发 找，bs91m1
2022-06-13 21:01:57youxidaili → 需要 群、发，找 bs91m1
2022-06-13 21:03:49yunqian68 → 要（发 ）广告，联系 bs91m1
2022-06-13 21:05:47fjhq000hz → 准备（发 ）广告，找 bs91m1
2022-06-13 21:07:37shujyinl → 专业（发 ）广告，联系我 bs91m1
2022-06-13 21:12:13xianliaoq → 需要 软、件，找 bs91m1
2022-06-13 21:13:22G88888880 → (session) 协议号，零售、批发 找，bs91m1
2022-06-13 21:14:20hnsdfhs155 → 想要（发 ）广告，找 bs91m1
2022-06-13 21:17:15AG686 → 要（发 ）广告，联系 bs91m1
2022-06-13 21:18:13amjwg → 要（发 ）广告，联系 bs91m1
2022-06-13 21:19:12cvv666money → 想要（发 ）广告，找 bs91m1
2022-06-13 21:23:01srjlq → 要（发 ）广告，联系 bs91m1
2022-06-13 21:23:59sirenweixin3 → 需要 群、发，找 bs91m1
2022-06-13 21:25:04jinsanjiaobc → 需要 软、件，找 bs91m1
2022-06-13 21:26:03dubai13148888 → 需要 软、件，找 bs91m1
2022-06-13 21:27:53yhksijiantao11 → 想找人（ 发 ）广告，找 bs91m1
2022-06-13 21:29:49zuqiushuju → 需要 群、发软、件，找 bs91m1
2022-06-13 21:31:47Hpy888 → 专业（发 ）广告，联系我 bs91m1
2022-06-13 21:32:53adasdasw → (session) 协议号，零售、批发 找，bs91m1
2022-06-13 21:34:44jiaoyouqun123 → 准备（发 ）广告，找 bs91m1
2022-06-13 21:35:43zgfCYJT → (session) 协议号，零售、批发 找，bs91m1
2022-06-13 21:37:41dsfdshhs → 需要 群、发软、件，找 bs91m1
2022-06-13 21:38:41yinlianguoji → 需要 群、发，找 bs91m1
2022-06-13 21:39:40fv0015 → 要（发 ）广告，联系 bs91m1
2022-06-13 21:41:38dream888 → 需要 群、发，找 bs91m1
2022-06-13 21:42:35dunxin106 → 专业（发 ）广告，联系我 bs91m1
2022-06-13 21:44:34phniuniu → 需要 软、件，找 bs91m1
2022-06-13 21:45:35cvv666money → (session) 协议号，零售、批发 找，bs91m1
2022-06-13 21:47:24buyusdtx → 想找人（ 发 ）广告，找 bs91m1
2022-06-13 21:49:27phpzufang → 专业（发 ）广告，联系我 bs91m1
2022-06-13 21:50:27Hpy111 → 准备（发 ）广告，找 bs91m1
2022-06-13 21:55:03jiaoyouqun123 → 想要（发 ）广告，找 bs91m1
2022-06-13 21:58:54dunxin106 → 要（发 ）广告，联系 bs91m1
2022-06-13 22:02:45USDThuzhu3 → (session) 协议号，零售、批发 找，bs91m1
2022-06-13 22:05:36dsfdshhs → 想找人（ 发 ）广告，找 bs91m1
2022-06-13 22:06:34hnsdfhs155 → 专业（发 ）广告，联系我 bs91m1
2022-06-13 22:07:39fv0015 → 想要（发 ）广告，找 bs91m1
2022-06-13 22:09:30lbbet → 需要 群、发，找 bs91m1
2022-06-13 22:13:14seguiren → 需要 群、发，找 bs91m1
2022-06-13 22:14:12zuqiushuju → 来（发 ）广告，联系 bs91m1
2022-06-13 22:15:20guojitongdaoduanxin → 准备（发 ）广告，找 bs91m1
2022-06-13 22:16:18fjhq000hz → 专业（发 ）广告，联系我 bs91m1
2022-06-13 22:18:09sirenweixin3 → 需要 软、件，找 bs91m1
2022-06-13 22:19:14shujyinl → 需要 群、发，找 bs91m1
2022-06-13 22:21:04adasdasw → 要（发 ）广告，联系 bs91m1
2022-06-13 22:23:02xianliaoq → 想找人（ 发 ）广告，找 bs91m1
2022-06-13 22:24:02Philippines_visa → 准备（发 ）广告，找 bs91m1
2022-06-13 22:26:59xd836809 → 准备（发 ）广告，找 bs91m1
2022-06-13 22:27:57yhksijiantao11 → 来（发 ）广告，联系 bs91m1
2022-06-13 22:31:40yunqian68 → 来（发 ）广告，联系 bs91m1
2022-06-13 22:32:39jinsanjiaobc → 来（发 ）广告，联系 bs91m1
2022-06-13 22:33:39amjwg → 想要（发 ）广告，找 bs91m1
2022-06-13 22:36:29Hpy111 → 专业（发 ）广告，联系我 bs91m1
2022-06-13 22:37:26srjlq → 需要 群、发软、件，找 bs91m1
2022-06-13 22:38:32ziyuanduijie1 → 来（发 ）广告，联系 bs91m1
2022-06-13 22:40:22Hpy888 → (session) 协议号，零售、批发 找，bs91m1
2022-06-13 22:41:22sirenweixin3 → 需要 群、发软、件，找 bs91m1
2022-06-13 22:42:26AG686 → 来（发 ）广告，联系 bs91m1
2022-06-13 22:44:19dubai13148888 → 想找人（ 发 ）广告，找 bs91m1
2022-06-13 22:45:18seguiren → 要（发 ）广告，联系 bs91m1
2022-06-13 22:49:10youxidaili → 来（发 ）广告，联系 bs91m1
2022-06-13 22:52:01jiaoyouqun123 → 需要 群、发软、件，找 bs91m1
2022-06-13 22:53:01miaomiao12356 → 想要（发 ）广告，找 bs91m1
2022-06-13 22:54:07dsfdshhs → 想要（发 ）广告，找 bs91m1
2022-06-13 22:55:07guojitongdaoduanxin → 需要 群、发软、件，找 bs91m1
2022-06-13 22:56:59USDThuzhu3 → 专业（发 ）广告，联系我 bs91m1
2022-06-13 22:58:58yhksijiantao11 → 需要 群、发软、件，找 bs91m1
2022-06-13 23:00:48fv0015 → 需要 软、件，找 bs91m1
2022-06-13 23:03:38zuqiushuju → (session) 协议号，零售、批发 找，bs91m1
2022-06-13 23:05:40phpzufang → 需要 软、件，找 bs91m1
2022-06-13 23:07:33adasdasw → 要（发 ）广告，联系 bs91m1
2022-06-13 23:10:24shujyinl → 想找人（ 发 ）广告，找 bs91m1
2022-06-13 23:15:06yunqian68 → 想要（发 ）广告，找 bs91m1
2022-06-13 23:17:13G88888880 → 专业（发 ）广告，联系我 bs91m1
2022-06-13 23:19:04lbbet → 来（发 ）广告，联系 bs91m1
2022-06-13 23:20:02dunxin106 → 需要 群、发，找 bs91m1
2022-06-13 23:22:03fgdfdfherh → 需要 群、发软、件，找 bs91m1
2022-06-13 23:23:54cvv666money → 需要 群、发，找 bs91m1
2022-06-13 23:25:00srjlq → (session) 协议号，零售、批发 找，bs91m1
2022-06-13 23:26:00phniuniu → 来（发 ）广告，联系 bs91m1
2022-06-13 23:27:52xianliaoq → 想找人（ 发 ）广告，找 bs91m1
2022-06-13 23:30:40youxidaili → 来（发 ）广告，联系 bs91m1
2022-06-13 23:32:38seguiren → 准备（发 ）广告，找 bs91m1
2022-06-13 23:35:19jinsanjiaobc → 专业（发 ）广告，联系我 bs91m1
2022-06-13 23:39:54buyusdtx → 来（发 ）广告，联系 bs91m1
2022-06-13 23:45:00hnsdfhs155 → 要（发 ）广告，联系 bs91m1
2022-06-13 23:46:49jiaoyouqun123 → 需要 群、发软、件，找 bs91m1
2022-06-13 23:46:58Philippines_visa → 需要 软、件，找 bs91m1
2022-06-13 23:49:41lbbet → 准备（发 ）广告，找 bs91m1
2022-06-13 23:50:47yhksijiantao11 → 需要 群、发软、件，找 bs91m1
2022-06-13 23:52:38ziyuanduijie1 → 要（发 ）广告，联系 bs91m1
2022-06-13 23:54:33yunqian68 → 来（发 ）广告，联系 bs91m1
2022-06-13 23:56:31AG686 → 来（发 ）广告，联系 bs91m1
2022-06-13 23:58:31G88888880 → 来（发 ）广告，联系 bs91m1