
2022-06-09 18:23:55xianliaoq → 要（发 ）广告，联系 bs91m1
2022-06-09 18:26:15amjwg → 准备（发 ）广告，找 bs91m1
2022-06-09 18:28:57Hpy888 → 想要（发 ）广告，找 bs91m1
2022-06-09 18:30:29fv0015 → (session) 协议号，零售、批发 找，bs91m1
2022-06-09 18:35:02zgfCYJT → 准备（发 ）广告，找 bs91m1
2022-06-09 18:35:28cvv666money → 来（发 ）广告，联系 bs91m1
2022-06-09 18:36:13fjhq000hz → 需要 软、件，找 bs91m1
2022-06-09 18:37:50jinsanjiaobc → 需要 软、件，找 bs91m1
2022-06-09 18:38:45sirenweixin3 → 想找人（ 发 ）广告，找 bs91m1
2022-06-09 18:39:11youxidaili → 需要 软、件，找 bs91m1
2022-06-09 18:40:31ziyuanduijie1 → 想找人（ 发 ）广告，找 bs91m1
2022-06-09 18:42:09hnsdfhs155 → (session) 协议号，零售、批发 找，bs91m1
2022-06-09 18:43:02phpzufang → (session) 协议号，零售、批发 找，bs91m1
2022-06-09 18:48:05dunxin106 → 要（发 ）广告，联系 bs91m1
2022-06-09 18:50:34adasdasw → 想找人（ 发 ）广告，找 bs91m1
2022-06-09 18:52:54USDThuzhu3 → 专业（发 ）广告，联系我 bs91m1
2022-06-09 18:53:51dubai13148888 → 要（发 ）广告，联系 bs91m1
2022-06-09 18:57:01seguiren → 准备（发 ）广告，找 bs91m1
2022-06-09 19:01:49shujyinl → 需要 软、件，找 bs91m1
2022-06-09 19:03:51dream888 → 专业（发 ）广告，联系我 bs91m1
2022-06-09 19:05:06Hpy111 → 需要 软、件，找 bs91m1
2022-06-09 19:05:53yunqian68 → 需要 群、发软、件，找 bs91m1
2022-06-09 19:07:09YHK_security → 准备（发 ）广告，找 bs91m1
2022-06-09 19:07:36jinsanjiaobc → (session) 协议号，零售、批发 找，bs91m1
2022-06-09 19:09:19joinBCPH → 专业（发 ）广告，联系我 bs91m1
2022-06-09 19:09:52fv0015 → 想要（发 ）广告，找 bs91m1
2022-06-09 19:11:00jiaoyouqun123 → 想找人（ 发 ）广告，找 bs91m1
2022-06-09 19:12:14youxidaili → 需要 群、发，找 bs91m1
2022-06-09 19:13:10fjhq000hz → 需要 软、件，找 bs91m1
2022-06-09 19:13:36yhksijiantao11 → 需要 群、发，找 bs91m1
2022-06-09 19:19:53dsfdshhs → 专业（发 ）广告，联系我 bs91m1
2022-06-09 19:21:15guojitongdaoduanxin → 想找人（ 发 ）广告，找 bs91m1
2022-06-09 19:24:31srjlq → 专业（发 ）广告，联系我 bs91m1
2022-06-09 19:26:18Philippines_visa → 想要（发 ）广告，找 bs91m1
2022-06-09 19:27:13buyusdtx → 专业（发 ）广告，联系我 bs91m1
2022-06-09 19:27:40cvv666money → 需要 群、发软、件，找 bs91m1
2022-06-09 19:28:08amjwg → 要（发 ）广告，联系 bs91m1
2022-06-09 19:29:02AG686 → 专业（发 ）广告，联系我 bs91m1
2022-06-09 19:31:48sirenweixin3 → 需要 群、发，找 bs91m1
2022-06-09 19:35:50zuqiushuju → 准备（发 ）广告，找 bs91m1
2022-06-09 19:36:38joinBCPH → 专业（发 ）广告，联系我 bs91m1
2022-06-09 19:37:11adasdasw → 专业（发 ）广告，联系我 bs91m1
2022-06-09 19:39:56USDThuzhu3 → (session) 协议号，零售、批发 找，bs91m1
2022-06-09 19:41:19shujyinl → 来（发 ）广告，联系 bs91m1
2022-06-09 19:41:47dunxin106 → (session) 协议号，零售、批发 找，bs91m1
2022-06-09 19:48:05hnsdfhs155 → 来（发 ）广告，联系 bs91m1
2022-06-09 19:51:13xianliaoq → 来（发 ）广告，联系 bs91m1
2022-06-09 19:53:18seguiren → 想找人（ 发 ）广告，找 bs91m1
2022-06-09 19:56:05USDThuzhu3 → 需要 软、件，找 bs91m1
2022-06-09 19:56:31Hpy888 → 想要（发 ）广告，找 bs91m1
2022-06-09 19:57:44yhksijiantao11 → 要（发 ）广告，联系 bs91m1
2022-06-09 19:58:11youxidaili → 想要（发 ）广告，找 bs91m1
2022-06-09 20:00:07fv0015 → 专业（发 ）广告，联系我 bs91m1
2022-06-09 20:04:39adasdasw → 需要 群、发，找 bs91m1
2022-06-09 20:05:38zgfCYJT → 要（发 ）广告，联系 bs91m1
2022-06-09 20:10:20yunqian68 → 来（发 ）广告，联系 bs91m1
2022-06-09 20:12:17dubai13148888 → (session) 协议号，零售、批发 找，bs91m1
2022-06-09 20:15:15srjlq → 想要（发 ）广告，找 bs91m1
2022-06-09 20:17:06dream888 → 想找人（ 发 ）广告，找 bs91m1
2022-06-09 20:20:00fjhq000hz → 需要 群、发软、件，找 bs91m1
2022-06-09 20:21:51yinlianguoji → 要（发 ）广告，联系 bs91m1
2022-06-09 20:26:38jinsanjiaobc → 需要 软、件，找 bs91m1
2022-06-09 20:30:28phpzufang → 专业（发 ）广告，联系我 bs91m1
2022-06-09 20:32:18dunxin106 → 想要（发 ）广告，找 bs91m1
2022-06-09 20:38:04G88888880 → 来（发 ）广告，联系 bs91m1
2022-06-09 20:47:19phniuniu → 需要 群、发软、件，找 bs91m1
2022-06-09 20:53:55zuqiushuju → 需要 软、件，找 bs91m1
2022-06-09 20:55:45jiaoyouqun123 → 准备（发 ）广告，找 bs91m1
2022-06-09 20:56:45fgdfdfherh → 想要（发 ）广告，找 bs91m1
2022-06-09 20:59:35buyusdtx → 准备（发 ）广告，找 bs91m1
2022-06-09 21:05:13hnsdfhs155 → 来（发 ）广告，联系 bs91m1
2022-06-09 21:06:13miaomiao12356 → 需要 群、发，找 bs91m1
2022-06-09 21:09:59joinBCPH → 来（发 ）广告，联系 bs91m1
2022-06-09 21:11:48ziyuanduijie1 → (session) 协议号，零售、批发 找，bs91m1
2022-06-09 21:13:48YHK_security → 要（发 ）广告，联系 bs91m1
2022-06-09 21:18:25lbbet → 来（发 ）广告，联系 bs91m1
2022-06-09 21:28:39lbbet → 需要 软、件，找 bs91m1
2022-06-09 21:40:48phniuniu → (session) 协议号，零售、批发 找，bs91m1
2022-06-09 21:43:38zuqiushuju → 要（发 ）广告，联系 bs91m1
2022-06-09 21:46:32dubai13148888 → 准备（发 ）广告，找 bs91m1
2022-06-09 21:47:30srjlq → 来（发 ）广告，联系 bs91m1
2022-06-09 21:48:29cvv666money → 专业（发 ）广告，联系我 bs91m1
2022-06-09 21:50:26dsfdshhs → 来（发 ）广告，联系 bs91m1
2022-06-09 21:51:24Philippines_visa → 专业（发 ）广告，联系我 bs91m1
2022-06-09 21:52:22hnsdfhs155 → 准备（发 ）广告，找 bs91m1
2022-06-09 21:55:14adasdasw → 要（发 ）广告，联系 bs91m1
2022-06-09 21:57:04xd836809 → 需要 群、发软、件，找 bs91m1
2022-06-09 21:58:10jiaoyouqun123 → 需要 软、件，找 bs91m1
2022-06-09 22:01:55buyusdtx → 要（发 ）广告，联系 bs91m1
2022-06-09 22:02:54Hpy111 → 准备（发 ）广告，找 bs91m1
2022-06-09 22:05:46xianliaoq → 想找人（ 发 ）广告，找 bs91m1
2022-06-09 22:08:30USDThuzhu3 → 要（发 ）广告，联系 bs91m1
2022-06-09 22:10:27dunxin106 → 来（发 ）广告，联系 bs91m1
2022-06-09 22:11:26yinlianguoji → 需要 软、件，找 bs91m1
2022-06-09 22:15:12AG686 → 专业（发 ）广告，联系我 bs91m1
2022-06-09 22:19:50youxidaili → 需要 群、发软、件，找 bs91m1
2022-06-09 22:23:44ziyuanduijie1 → 来（发 ）广告，联系 bs91m1
2022-06-09 22:25:43zgfCYJT → 需要 软、件，找 bs91m1
2022-06-09 22:27:33fv0015 → 来（发 ）广告，联系 bs91m1
2022-06-09 22:32:23Hpy888 → 来（发 ）广告，联系 bs91m1
2022-06-09 22:33:23yunqian68 → (session) 协议号，零售、批发 找，bs91m1
2022-06-09 22:38:00yhksijiantao11 → 想要（发 ）广告，找 bs91m1
2022-06-09 22:38:58fjhq000hz → 来（发 ）广告，联系 bs91m1
2022-06-09 22:40:54seguiren → 想要（发 ）广告，找 bs91m1
2022-06-09 22:41:52dream888 → 要（发 ）广告，联系 bs91m1
2022-06-09 22:42:50jinsanjiaobc → 专业（发 ）广告，联系我 bs91m1
2022-06-09 22:52:22fgdfdfherh → 来（发 ）广告，联系 bs91m1
2022-06-09 22:53:19srjlq → 需要 群、发，找 bs91m1
2022-06-09 22:54:18phpzufang → 需要 群、发，找 bs91m1
2022-06-09 22:56:16shujyinl → 想找人（ 发 ）广告，找 bs91m1
2022-06-09 22:57:15guojitongdaoduanxin → 需要 软、件，找 bs91m1
2022-06-09 22:58:14adasdasw → 想找人（ 发 ）广告，找 bs91m1
2022-06-09 22:59:19dunxin106 → 准备（发 ）广告，找 bs91m1
2022-06-09 23:01:10amjwg → 准备（发 ）广告，找 bs91m1
2022-06-09 23:02:09YHK_security → 想要（发 ）广告，找 bs91m1
2022-06-09 23:05:59jinsanjiaobc → 需要 群、发软、件，找 bs91m1
2022-06-09 23:11:37fv0015 → 想要（发 ）广告，找 bs91m1
2022-06-09 23:14:25hnsdfhs155 → 需要 群、发，找 bs91m1
2022-06-09 23:15:25yinlianguoji → 准备（发 ）广告，找 bs91m1
2022-06-09 23:18:16miaomiao12356 → 想找人（ 发 ）广告，找 bs91m1
2022-06-09 23:21:01YHK_security → 想找人（ 发 ）广告，找 bs91m1
2022-06-09 23:22:08Philippines_visa → 来（发 ）广告，联系 bs91m1
2022-06-09 23:23:06yhksijiantao11 → 想找人（ 发 ）广告，找 bs91m1
2022-06-09 23:24:04buyusdtx → 想找人（ 发 ）广告，找 bs91m1
2022-06-09 23:26:02Hpy111 → 需要 群、发，找 bs91m1
2022-06-09 23:27:01phpzufang → 想找人（ 发 ）广告，找 bs91m1
2022-06-09 23:28:00youxidaili → 来（发 ）广告，联系 bs91m1
2022-06-09 23:29:58MDhuaren1 → 需要 群、发软、件，找 bs91m1
2022-06-09 23:31:47sirenweixin3 → 想找人（ 发 ）广告，找 bs91m1
2022-06-09 23:33:47USDThuzhu3 → (session) 协议号，零售、批发 找，bs91m1
2022-06-09 23:35:38dsfdshhs → 来（发 ）广告，联系 bs91m1
2022-06-09 23:38:31shujyinl → 想要（发 ）广告，找 bs91m1
2022-06-09 23:40:21zuqiushuju → 来（发 ）广告，联系 bs91m1
2022-06-09 23:41:26fjhq000hz → 需要 群、发软、件，找 bs91m1
2022-06-09 23:42:24fgdfdfherh → 专业（发 ）广告，联系我 bs91m1
2022-06-09 23:45:20amjwg → 准备（发 ）广告，找 bs91m1
2022-06-09 23:48:03xianliaoq → 想找人（ 发 ）广告，找 bs91m1
2022-06-09 23:49:08joinBCPH → (session) 协议号，零售、批发 找，bs91m1
2022-06-09 23:50:57cvv666money → 来（发 ）广告，联系 bs91m1
2022-06-09 23:52:59phniuniu → 来（发 ）广告，联系 bs91m1
2022-06-09 23:54:57fv0015 → 需要 群、发软、件，找 bs91m1
2022-06-09 23:57:46adasdasw → 准备（发 ）广告，找 bs91m1
2022-06-09 23:58:46yunqian68 → 专业（发 ）广告，联系我 bs91m1
2022-06-09 23:59:45dubai13148888 → 来（发 ）广告，联系 bs91m1