
2022-05-08 04:59:08xjltq → 【91M Boss】 精准代发 认准 客户ID bs91m1
2022-05-08 06:03:08huaao1 → 91M Boss 精准代发 认准 客户ID bs91m1
2022-05-08 06:03:28SquidGameS_CN → 91M Boss 精准代发 认准 客户ID bs91m1
2022-05-08 06:03:39Fkzy_Group → 【91M Boss】 精准代发 认准 客户ID bs91m1
2022-05-08 06:04:09lshakaan20 → 91M Boss 精准代发 认准 客户ID bs91m1
2022-05-08 06:04:19UraniumFinanceF → 【91M Boss】 精准代发 认准 客户ID bs91m1
2022-05-08 06:04:29xjltq → 91M Boss 精准代发 认准 客户ID bs91m1
2022-05-08 06:04:40ewttsfdgcjtwt → 91M Boss 精准代发 认准 客户ID bs91m1
2022-05-08 06:04:50huaao1 → 91M Boss 精准代发 认准 客户ID bs91m1
2022-05-08 06:05:01TG_King80 → 91M Boss 精准代发 认准 客户ID bs91m1
2022-05-08 06:05:12TG_King90 → 【91M Boss】 精准代发 认准 客户ID bs91m1
2022-05-08 06:05:23fw992 → 【91M Boss】 精准代发 认准 客户ID bs91m1
2022-05-08 06:05:33jiu_777 → 91M Boss 精准代发 认准 客户ID bs91m1
2022-05-08 06:05:53jiu_777 → 91M Boss 精准代发 认准 客户ID bs91m1
2022-05-08 06:06:04fw992 → 91M Boss 精准代发 认准 客户ID bs91m1
2022-05-08 06:06:14TG_King80 → 【91M Boss】 精准代发 认准 客户ID bs91m1
2022-05-08 06:06:25TG_King90 → 【91M Boss】 精准代发 认准 客户ID bs91m1
2022-05-08 06:06:35lshakaan20 → 【91M Boss】 精准代发 认准 客户ID bs91m1
2022-05-08 06:06:45UraniumFinanceF → 91M Boss 精准代发 认准 客户ID bs91m1
2022-05-08 06:07:06huaao1 → 91M Boss 精准代发 认准 客户ID bs91m1
2022-05-08 06:07:17Fkzy_Group → 91M Boss 精准代发 认准 客户ID bs91m1
2022-05-08 06:07:28SquidGameS_CN → 91M Boss 精准代发 认准 客户ID bs91m1
2022-05-08 06:08:02ewttsfdgcjtwt → 91M Boss 精准代发 认准 客户ID bs91m1
2022-05-08 06:08:41jiu_777 → 【91M Boss】 精准代发 认准 客户ID bs91m1
2022-05-08 06:08:52TG_King90 → 91M Boss 精准代发 认准 客户ID bs91m1
2022-05-08 06:09:03fw992 → 91M Boss 精准代发 认准 客户ID bs91m1
2022-05-08 06:09:14SquidGameS_CN → 91M Boss 精准代发 认准 客户ID bs91m1
2022-05-08 06:09:25ewttsfdgcjtwt → 91M Boss 精准代发 认准 客户ID bs91m1
2022-05-08 06:09:36lshakaan20 → 91M Boss 精准代发 认准 客户ID bs91m1
2022-05-08 06:09:57Fkzy_Group → 91M Boss 精准代发 认准 客户ID bs91m1
2022-05-08 06:10:08huaao1 → 【91M Boss】 精准代发 认准 客户ID bs91m1
2022-05-08 06:10:19TG_King80 → 【91M Boss】 精准代发 认准 客户ID bs91m1
2022-05-08 06:10:28UraniumFinanceF → 91M Boss 精准代发 认准 客户ID bs91m1
2022-05-08 06:10:51Fkzy_Group → 91M Boss 精准代发 认准 客户ID bs91m1
2022-05-08 06:11:04jiu_777 → 【91M Boss】 精准代发 认准 客户ID bs91m1
2022-05-08 06:11:14UraniumFinanceF → 【91M Boss】 精准代发 认准 客户ID bs91m1
2022-05-08 06:11:25TG_King80 → 【91M Boss】 精准代发 认准 客户ID bs91m1
2022-05-08 06:11:46ewttsfdgcjtwt → 【91M Boss】 精准代发 认准 客户ID bs91m1
2022-05-08 06:11:56lshakaan20 → 【91M Boss】 精准代发 认准 客户ID bs91m1
2022-05-08 06:12:07TG_King90 → 【91M Boss】 精准代发 认准 客户ID bs91m1
2022-05-08 06:12:17fw992 → 91M Boss 精准代发 认准 客户ID bs91m1
2022-05-08 06:12:38SquidGameS_CN → 【91M Boss】 精准代发 认准 客户ID bs91m1
2022-05-08 06:12:50huaao1 → 【91M Boss】 精准代发 认准 客户ID bs91m1
2022-05-08 06:13:11TG_King90 → 【91M Boss】 精准代发 认准 客户ID bs91m1
2022-05-08 06:13:22ewttsfdgcjtwt → 【91M Boss】 精准代发 认准 客户ID bs91m1
2022-05-08 06:13:32Fkzy_Group → 91M Boss 精准代发 认准 客户ID bs91m1
2022-05-08 06:13:43SquidGameS_CN → 91M Boss 精准代发 认准 客户ID bs91m1
2022-05-08 06:14:03jiu_777 → 【91M Boss】 精准代发 认准 客户ID bs91m1
2022-05-08 06:14:24huaao1 → 91M Boss 精准代发 认准 客户ID bs91m1
2022-05-08 06:14:34TG_King80 → 【91M Boss】 精准代发 认准 客户ID bs91m1
2022-05-08 06:14:44fw992 → 91M Boss 精准代发 认准 客户ID bs91m1
2022-05-08 06:14:55UraniumFinanceF → 91M Boss 精准代发 认准 客户ID bs91m1
2022-05-08 06:15:19lshakaan20 → 91M Boss 精准代发 认准 客户ID bs91m1
2022-05-08 06:15:44ewttsfdgcjtwt → 91M Boss 精准代发 认准 客户ID bs91m1
2022-05-08 06:15:56SquidGameS_CN → 【91M Boss】 精准代发 认准 客户ID bs91m1
2022-05-08 06:16:08TG_King80 → 91M Boss 精准代发 认准 客户ID bs91m1
2022-05-08 06:16:19huaao1 → 【91M Boss】 精准代发 认准 客户ID bs91m1
2022-05-08 06:16:31TG_King90 → 91M Boss 精准代发 认准 客户ID bs91m1
2022-05-08 06:16:42jiu_777 → 91M Boss 精准代发 认准 客户ID bs91m1
2022-05-08 06:16:54Fkzy_Group → 91M Boss 精准代发 认准 客户ID bs91m1
2022-05-08 06:17:06fw992 → 91M Boss 精准代发 认准 客户ID bs91m1
2022-05-08 06:17:40lshakaan20 → 91M Boss 精准代发 认准 客户ID bs91m1
2022-05-08 06:18:02UraniumFinanceF → 91M Boss 精准代发 认准 客户ID bs91m1
2022-05-08 06:18:26Fkzy_Group → 【91M Boss】 精准代发 认准 客户ID bs91m1
2022-05-08 06:18:37lshakaan20 → 91M Boss 精准代发 认准 客户ID bs91m1
2022-05-08 06:18:49jiu_777 → 【91M Boss】 精准代发 认准 客户ID bs91m1
2022-05-08 06:19:00UraniumFinanceF → 【91M Boss】 精准代发 认准 客户ID bs91m1
2022-05-08 06:19:24TG_King90 → 91M Boss 精准代发 认准 客户ID bs91m1
2022-05-08 06:19:47ewttsfdgcjtwt → 91M Boss 精准代发 认准 客户ID bs91m1
2022-05-08 06:19:59fw992 → 91M Boss 精准代发 认准 客户ID bs91m1
2022-05-08 06:20:11TG_King80 → 【91M Boss】 精准代发 认准 客户ID bs91m1
2022-05-08 06:20:23xjltq → 91M Boss 精准代发 认准 客户ID bs91m1
2022-05-08 06:20:35SquidGameS_CN → 91M Boss 精准代发 认准 客户ID bs91m1
2022-05-08 06:20:47huaao1 → 【91M Boss】 精准代发 认准 客户ID bs91m1
2022-05-08 06:21:32Fkzy_Group → 91M Boss 精准代发 认准 客户ID bs91m1
2022-05-08 06:21:44jiu_777 → 91M Boss 精准代发 认准 客户ID bs91m1
2022-05-08 06:22:07ewttsfdgcjtwt → 91M Boss 精准代发 认准 客户ID bs91m1
2022-05-08 06:22:19TG_King90 → 【91M Boss】 精准代发 认准 客户ID bs91m1
2022-05-08 06:22:30TG_King80 → 91M Boss 精准代发 认准 客户ID bs91m1
2022-05-08 06:22:42lshakaan20 → 【91M Boss】 精准代发 认准 客户ID bs91m1
2022-05-08 06:22:53UraniumFinanceF → 【91M Boss】 精准代发 认准 客户ID bs91m1
2022-05-08 06:23:06huaao1 → 91M Boss 精准代发 认准 客户ID bs91m1
2022-05-08 06:23:17SquidGameS_CN → 91M Boss 精准代发 认准 客户ID bs91m1
2022-05-08 06:23:29fw992 → 【91M Boss】 精准代发 认准 客户ID bs91m1
2022-05-08 06:26:35TG_King90 → 【91M Boss】 精准代发 认准 客户ID bs91m1
2022-05-08 06:26:46UraniumFinanceF → 【91M Boss】 精准代发 认准 客户ID bs91m1
2022-05-08 06:26:58SquidGameS_CN → 91M Boss 精准代发 认准 客户ID bs91m1
2022-05-08 06:27:09jiu_777 → 【91M Boss】 精准代发 认准 客户ID bs91m1
2022-05-08 06:27:15Fkzy_Group → 【91M Boss】 精准代发 认准 客户ID bs91m1
2022-05-08 06:27:27ewttsfdgcjtwt → 91M Boss 精准代发 认准 客户ID bs91m1
2022-05-08 06:27:32lshakaan20 → 【91M Boss】 精准代发 认准 客户ID bs91m1
2022-05-08 06:27:44fw992 → 91M Boss 精准代发 认准 客户ID bs91m1
2022-05-08 06:27:58TG_King80 → 91M Boss 精准代发 认准 客户ID bs91m1
2022-05-08 06:28:25huaao1 → 91M Boss 精准代发 认准 客户ID bs91m1
2022-05-08 06:28:52TG_King80 → 【91M Boss】 精准代发 认准 客户ID bs91m1
2022-05-08 06:28:58TG_King90 → 【91M Boss】 精准代发 认准 客户ID bs91m1
2022-05-08 06:29:11Fkzy_Group → 【91M Boss】 精准代发 认准 客户ID bs91m1
2022-05-08 06:29:23ewttsfdgcjtwt → 91M Boss 精准代发 认准 客户ID bs91m1
2022-05-08 06:29:35lshakaan20 → 【91M Boss】 精准代发 认准 客户ID bs91m1
2022-05-08 06:29:46UraniumFinanceF → 【91M Boss】 精准代发 认准 客户ID bs91m1
2022-05-08 06:29:58fw992 → 【91M Boss】 精准代发 认准 客户ID bs91m1