
2022-06-08 05:42:43longteng132 → 来（发 ）广告，联系 bs91m0
2022-06-08 05:45:02dalongQQ515711111 → 需要 群、发软、件，找 bs91m0
2022-06-08 05:53:34GNNMYJHJM → 想要（发 ）广告，找 bs91m0
2022-06-08 06:00:32hnsdfhs155 → 来（发 ）广告，联系 bs91m0
2022-06-08 06:01:42jcqdtg → 需要 软、件，找 bs91m0
2022-06-08 06:03:39zuqiushuju → 来（发 ）广告，联系 bs91m0
2022-06-08 06:06:01fv0015 → 需要 软、件，找 bs91m0
2022-06-08 06:07:29idc461965163 → 来（发 ）广告，联系 bs91m0
2022-06-08 06:17:16LBBET83332 → 来（发 ）广告，联系 bs91m0
2022-06-08 06:19:57adasdasw → 需要 群、发，找 bs91m0
2022-06-08 06:22:58bs16888 → 来（发 ）广告，联系 bs91m0
2022-06-08 06:24:13youxidaili → 想找人（ 发 ）广告，找 bs91m0
2022-06-08 06:26:06dashujuquanguo1 → 来（发 ）广告，联系 bs91m0
2022-06-08 06:27:22msmm001 → 来（发 ）广告，联系 bs91m0
2022-06-08 06:31:48zhaopinqiuzhi → 专业（发 ）广告，联系我 bs91m0
2022-06-08 06:33:24jinsanjiaobc → 想要（发 ）广告，找 bs91m0
2022-06-08 06:33:49ananan2020229 → 想要（发 ）广告，找 bs91m0
2022-06-08 06:34:35yishoushuj → (session) 协议号，零售、批发 找，bs91m0
2022-06-08 06:36:48SWDJ666 → 来（发 ）广告，联系 bs91m0
2022-06-08 06:37:38guojitongdaoduanxin → 要（发 ）广告，联系 bs91m0
2022-06-08 06:38:26fjhq000hz → (session) 协议号，零售、批发 找，bs91m0
2022-06-08 06:39:43AG686 → 要（发 ）广告，联系 bs91m0
2022-06-08 06:40:52uhjhdhjj → 想找人（ 发 ）广告，找 bs91m0
2022-06-08 06:42:08linlinpppppyy → 想找人（ 发 ）广告，找 bs91m0
2022-06-08 06:44:02ziyuanduijie1 → 需要 群、发，找 bs91m0
2022-06-08 06:44:35hao1234555 → 来（发 ）广告，联系 bs91m0
2022-06-08 06:48:19idcgaofang → 需要 群、发，找 bs91m0
2022-06-08 06:49:09zgfCYJT → 来（发 ）广告，联系 bs91m0
2022-06-08 06:50:46dunxin106 → 需要 软、件，找 bs91m0
2022-06-08 06:52:26fgdfdfherh → 需要 群、发软、件，找 bs91m0
2022-06-08 06:57:06joinBCPH → 要（发 ）广告，联系 bs91m0
2022-06-08 06:57:52az123818 → 需要 群、发软、件，找 bs91m0
2022-06-08 06:58:19shujyinl → 来（发 ）广告，联系 bs91m0
2022-06-08 06:59:14meishi0018 → 需要 群、发，找 bs91m0
2022-06-08 06:59:41dsfdshhs → 来（发 ）广告，联系 bs91m0
2022-06-08 07:01:41lbbet → 来（发 ）广告，联系 bs91m0
2022-06-08 07:02:30srjlq → (session) 协议号，零售、批发 找，bs91m0
2022-06-08 07:04:06xigang168 → (session) 协议号，零售、批发 找，bs91m0
2022-06-08 07:04:55dream888 → 想要（发 ）广告，找 bs91m0
2022-06-08 07:05:22USDThuzhu3 → 来（发 ）广告，联系 bs91m0
2022-06-08 07:15:22Philippines_visa → 要（发 ）广告，联系 bs91m0
2022-06-08 07:17:43xianliaoq → (session) 协议号，零售、批发 找，bs91m0
2022-06-08 07:20:05dubai13148888 → (session) 协议号，零售、批发 找，bs91m0
2022-06-08 07:23:59srjlq → 需要 群、发，找 bs91m0
2022-06-08 07:25:15USDThuzhu3 → 需要 群、发，找 bs91m0
2022-06-08 07:27:35fjhq000hz → 专业（发 ）广告，联系我 bs91m0
2022-06-08 07:28:52zuqiushuju → 专业（发 ）广告，联系我 bs91m0
2022-06-08 07:31:34yhksijiantao11 → 想找人（ 发 ）广告，找 bs91m0
2022-06-08 07:32:49YHK_security → 专业（发 ）广告，联系我 bs91m0
2022-06-08 07:34:33phniuniu → 准备（发 ）广告，找 bs91m0
2022-06-08 07:35:18youxidaili → (session) 协议号，零售、批发 找，bs91m0
2022-06-08 07:36:06xjltq → 准备（发 ）广告，找 bs91m0
2022-06-08 07:36:40idcgaofang → 需要 软、件，找 bs91m0
2022-06-08 07:37:29miaomiao12356 → 准备（发 ）广告，找 bs91m0
2022-06-08 07:39:51jiaoyouqun123 → 要（发 ）广告，联系 bs91m0
2022-06-08 07:41:06hao1234555 → 准备（发 ）广告，找 bs91m0
2022-06-08 07:41:32jinsanjiaobc → (session) 协议号，零售、批发 找，bs91m0
2022-06-08 07:42:48cvv666money → 想要（发 ）广告，找 bs91m0
2022-06-08 07:44:19dashujuquanguo1 → 准备（发 ）广告，找 bs91m0
2022-06-08 07:47:10amjwg → 来（发 ）广告，联系 bs91m0
2022-06-08 07:48:19AG686 → 来（发 ）广告，联系 bs91m0
2022-06-08 07:49:34buyusdtx → 准备（发 ）广告，找 bs91m0
2022-06-08 07:50:22xbl388 → 需要 群、发软、件，找 bs91m0
2022-06-08 07:51:37Hpy888 → 准备（发 ）广告，找 bs91m0
2022-06-08 07:52:04dunxin106 → 准备（发 ）广告，找 bs91m0
2022-06-08 07:52:59bdyinliu → 来（发 ）广告，联系 bs91m0
2022-06-08 07:54:10phpzufang → (session) 协议号，零售、批发 找，bs91m0
2022-06-08 07:56:07fv0015 → 需要 群、发软、件，找 bs91m0
2022-06-08 07:59:27G88888880 → 想要（发 ）广告，找 bs91m0
2022-06-08 07:59:54LYRZ32 → 想要（发 ）广告，找 bs91m0
2022-06-08 08:00:41adasdasw → 需要 群、发软、件，找 bs91m0
2022-06-08 08:01:15sirenweixin3 → 来（发 ）广告，联系 bs91m0
2022-06-08 08:03:35yinlianguoji → 准备（发 ）广告，找 bs91m0
2022-06-08 08:11:07Hpy111 → 要（发 ）广告，联系 bs91m0
2022-06-08 08:11:34hnsdfhs155 → 需要 群、发，找 bs91m0
2022-06-08 08:17:20ziyuanduijie1 → 专业（发 ）广告，联系我 bs91m0
2022-06-08 08:20:57yunqian68 → 专业（发 ）广告，联系我 bs91m0
2022-06-08 08:22:28miaomiao12356 → (session) 协议号，零售、批发 找，bs91m0
2022-06-08 08:23:24seguiren → 来（发 ）广告，联系 bs91m0
2022-06-08 08:25:23hnsdfhs155 → (session) 协议号，零售、批发 找，bs91m0
2022-06-08 08:30:19seguiren → 想找人（ 发 ）广告，找 bs91m0
2022-06-08 08:35:17yunyuyan → 专业（发 ）广告，联系我 bs91m0
2022-06-08 08:37:15jinsanjiaobc → 需要 群、发，找 bs91m0
2022-06-08 08:41:30joinBCPH → 准备（发 ）广告，找 bs91m0
2022-06-08 08:42:19xianliaoq → 专业（发 ）广告，联系我 bs91m0
2022-06-08 08:42:52xd836809 → 想要（发 ）广告，找 bs91m0
2022-06-08 08:44:21dunxin106 → 需要 群、发，找 bs91m0
2022-06-08 08:45:37cvv666money → 来（发 ）广告，联系 bs91m0
2022-06-08 08:46:54YHK_security → 想要（发 ）广告，找 bs91m0
2022-06-08 08:48:23zhaopinqiuzhi → 想要（发 ）广告，找 bs91m0
2022-06-08 08:49:19G88888880 → 需要 群、发，找 bs91m0
2022-06-08 08:53:35adasdasw → 需要 群、发软、件，找 bs91m0
2022-06-08 08:55:15dream888 → 来（发 ）广告，联系 bs91m0
2022-06-08 08:55:42USDThuzhu3 → 想要（发 ）广告，找 bs91m0
2022-06-08 08:57:18yunqian68 → 想要（发 ）广告，找 bs91m0
2022-06-08 08:58:06Philippines_visa → 要（发 ）广告，联系 bs91m0
2022-06-08 09:00:28LBBET83332 → 需要 群、发软、件，找 bs91m0
2022-06-08 09:01:02zuqiushuju → 来（发 ）广告，联系 bs91m0
2022-06-08 09:03:01dubai13148888 → 想要（发 ）广告，找 bs91m0
2022-06-08 09:03:49idcgaofang → 想要（发 ）广告，找 bs91m0
2022-06-08 09:09:17yishoushuj → 需要 软、件，找 bs91m0
2022-06-08 09:10:03srjlq → 专业（发 ）广告，联系我 bs91m0
2022-06-08 09:12:11AG686 → (session) 协议号，零售、批发 找，bs91m0
2022-06-08 09:12:38lbbet → 需要 软、件，找 bs91m0
2022-06-08 09:14:15youxidaili → 想要（发 ）广告，找 bs91m0
2022-06-08 09:15:53jiaoyouqun123 → 想找人（ 发 ）广告，找 bs91m0
2022-06-08 09:16:20fjhq000hz → 准备（发 ）广告，找 bs91m0
2022-06-08 09:16:46xjltq → 需要 群、发，找 bs91m0
2022-06-08 09:20:18fv0015 → 来（发 ）广告，联系 bs91m0
2022-06-08 09:25:08USDThuzhu3 → (session) 协议号，零售、批发 找，bs91m0
2022-06-08 09:25:35yhksijiantao11 → 来（发 ）广告，联系 bs91m0
2022-06-08 09:27:53phpzufang → 准备（发 ）广告，找 bs91m0
2022-06-08 09:28:20zuqiushuju → 需要 群、发，找 bs91m0
2022-06-08 09:29:16fv0015 → 专业（发 ）广告，联系我 bs91m0
2022-06-08 09:33:33hnsdfhs155 → 专业（发 ）广告，联系我 bs91m0
2022-06-08 09:33:58bdyinliu → 想找人（ 发 ）广告，找 bs91m0
2022-06-08 09:35:13bs16888 → 需要 群、发软、件，找 bs91m0
2022-06-08 09:39:52bs16888 → 来（发 ）广告，联系 bs91m0
2022-06-08 09:40:40dream888 → 来（发 ）广告，联系 bs91m0
2022-06-08 09:43:09adasdasw → 来（发 ）广告，联系 bs91m0
2022-06-08 09:43:35Philippines_visa → 想找人（ 发 ）广告，找 bs91m0
2022-06-08 09:44:01dashujuquanguo1 → 要（发 ）广告，联系 bs91m0
2022-06-08 09:45:37jinsanjiaobc → 需要 软、件，找 bs91m0
2022-06-08 09:46:47zgfCYJT → 专业（发 ）广告，联系我 bs91m0
2022-06-08 09:48:24dsddsdsqa → 专业（发 ）广告，联系我 bs91m0
2022-06-08 09:49:19ziyuanduijie1 → 准备（发 ）广告，找 bs91m0
2022-06-08 09:50:30sirenweixin3 → 想要（发 ）广告，找 bs91m0
2022-06-08 09:51:24joinBCPH → 需要 群、发软、件，找 bs91m0
2022-06-08 09:51:51youxidaili → 要（发 ）广告，联系 bs91m0
2022-06-08 09:52:38dsfdshhs → 想要（发 ）广告，找 bs91m0
2022-06-08 09:53:04LBBET83332 → 要（发 ）广告，联系 bs91m0
2022-06-08 09:54:27srjlq → 需要 群、发软、件，找 bs91m0
2022-06-08 09:56:01xjltq → 来（发 ）广告，联系 bs91m0
2022-06-08 09:56:28shujyinl → 专业（发 ）广告，联系我 bs91m0
2022-06-08 09:57:17fgdfdfherh → 要（发 ）广告，联系 bs91m0
2022-06-08 10:02:24fjhq000hz → (session) 协议号，零售、批发 找，bs91m0
2022-06-08 10:04:06Hpy111 → 需要 群、发软、件，找 bs91m0
2022-06-08 10:04:51buyusdtx → 要（发 ）广告，联系 bs91m0
2022-06-08 10:08:22miaomiao12356 → 准备（发 ）广告，找 bs91m0
2022-06-08 10:08:51cvv666money → 准备（发 ）广告，找 bs91m0
2022-06-08 10:09:47amjwg → 要（发 ）广告，联系 bs91m0
2022-06-08 10:10:35zhaopinqiuzhi → 来（发 ）广告，联系 bs91m0
2022-06-08 10:12:13dubai13148888 → 来（发 ）广告，联系 bs91m0
2022-06-08 10:13:51yhksijiantao11 → 需要 群、发软、件，找 bs91m0
2022-06-08 10:21:35phpzufang → 要（发 ）广告，联系 bs91m0
2022-06-08 10:22:30dunxin106 → 来（发 ）广告，联系 bs91m0
2022-06-08 10:22:57xianliaoq → 想要（发 ）广告，找 bs91m0
2022-06-08 10:25:15AG686 → 想要（发 ）广告，找 bs91m0
2022-06-08 10:27:21srjlq → 来（发 ）广告，联系 bs91m0
2022-06-08 10:30:02jinsanjiaobc → 准备（发 ）广告，找 bs91m0
2022-06-08 10:33:46youxidaili → (session) 协议号，零售、批发 找，bs91m0
2022-06-08 10:36:27jiaoyouqun123 → 需要 群、发，找 bs91m0
2022-06-08 10:39:14hnsdfhs155 → 来（发 ）广告，联系 bs91m0
2022-06-08 10:40:32dsfdshhs → 想要（发 ）广告，找 bs91m0
2022-06-08 10:41:17fjhq000hz → (session) 协议号，零售、批发 找，bs91m0
2022-06-08 10:42:54adasdasw → 要（发 ）广告，联系 bs91m0
2022-06-08 10:45:00xd836809 → 准备（发 ）广告，找 bs91m0
2022-06-08 10:48:53phniuniu → 需要 群、发软、件，找 bs91m0
2022-06-08 10:52:55lbbet → 要（发 ）广告，联系 bs91m0
2022-06-08 10:54:34G88888880 → (session) 协议号，零售、批发 找，bs91m0
2022-06-08 10:55:22fv0015 → 需要 软、件，找 bs91m0
2022-06-08 10:57:45zuqiushuju → 专业（发 ）广告，联系我 bs91m0
2022-06-08 11:01:00sirenweixin3 → 想要（发 ）广告，找 bs91m0
2022-06-08 11:02:57dunxin106 → 要（发 ）广告，联系 bs91m0
2022-06-08 11:04:34USDThuzhu3 → 来（发 ）广告，联系 bs91m0
2022-06-08 11:05:00seguiren → 来（发 ）广告，联系 bs91m0
2022-06-08 11:07:03YHK_security → 来（发 ）广告，联系 bs91m0
2022-06-08 11:11:04ziyuanduijie1 → 想要（发 ）广告，找 bs91m0
2022-06-08 11:14:38shujyinl → 来（发 ）广告，联系 bs91m0
2022-06-08 11:15:34yunqian68 → (session) 协议号，零售、批发 找，bs91m0
2022-06-08 11:16:20Hpy111 → 想要（发 ）广告，找 bs91m0
2022-06-08 11:19:54fgdfdfherh → (session) 协议号，零售、批发 找，bs91m0
2022-06-08 11:23:06xd836809 → 来（发 ）广告，联系 bs91m0
2022-06-08 11:28:11hnsdfhs155 → 需要 群、发软、件，找 bs91m0
2022-06-08 11:29:04srjlq → 来（发 ）广告，联系 bs91m0
2022-06-08 11:30:41fv0015 → 准备（发 ）广告，找 bs91m0
2022-06-08 11:35:50buyusdtx → 来（发 ）广告，联系 bs91m0
2022-06-08 11:38:39USDThuzhu3 → 需要 软、件，找 bs91m0
2022-06-08 11:39:04lbbet → 想要（发 ）广告，找 bs91m0
2022-06-08 11:40:38jiaoyouqun123 → 要（发 ）广告，联系 bs91m0
2022-06-08 11:41:05zuqiushuju → 要（发 ）广告，联系 bs91m0
2022-06-08 11:42:41AG686 → 专业（发 ）广告，联系我 bs91m0
2022-06-08 11:43:08dsfdshhs → 专业（发 ）广告，联系我 bs91m0
2022-06-08 11:45:34youxidaili → 想要（发 ）广告，找 bs91m0
2022-06-08 11:46:22seguiren → 需要 软、件，找 bs91m0
2022-06-08 11:47:15dream888 → (session) 协议号，零售、批发 找，bs91m0
2022-06-08 11:48:54Hpy888 → 需要 软、件，找 bs91m0
2022-06-08 11:49:20sirenweixin3 → 需要 群、发软、件，找 bs91m0
2022-06-08 11:54:03yinlianguoji → (session) 协议号，零售、批发 找，bs91m0
2022-06-08 11:55:15Philippines_visa → 准备（发 ）广告，找 bs91m0
2022-06-08 11:56:03dunxin106 → 需要 软、件，找 bs91m0
2022-06-08 11:57:21shujyinl → 需要 群、发软、件，找 bs91m0
2022-06-08 11:58:14adasdasw → 需要 群、发软、件，找 bs91m0
2022-06-08 12:00:14amjwg → 来（发 ）广告，联系 bs91m0
2022-06-08 12:01:49G88888880 → (session) 协议号，零售、批发 找，bs91m0
2022-06-08 12:02:15xianliaoq → 要（发 ）广告，联系 bs91m0
2022-06-08 12:03:09jinsanjiaobc → 要（发 ）广告，联系 bs91m0
2022-06-08 12:05:07dubai13148888 → 需要 软、件，找 bs91m0
2022-06-08 12:12:52dubai13148888 → 需要 软、件，找 bs91m0
2022-06-08 12:13:18fv0015 → 需要 软、件，找 bs91m0
2022-06-08 12:15:47fjhq000hz → (session) 协议号，零售、批发 找，bs91m0
2022-06-08 12:17:45dunxin106 → 想找人（ 发 ）广告，找 bs91m0
2022-06-08 12:27:52yunqian68 → 来（发 ）广告，联系 bs91m0
2022-06-08 12:29:29yhksijiantao11 → 来（发 ）广告，联系 bs91m0
2022-06-08 12:30:24youxidaili → 需要 软、件，找 bs91m0
2022-06-08 12:33:37adasdasw → 来（发 ）广告，联系 bs91m0
2022-06-08 12:34:52ziyuanduijie1 → 需要 群、发软、件，找 bs91m0
2022-06-08 12:36:29phpzufang → 需要 群、发，找 bs91m0
2022-06-08 12:40:20zuqiushuju → 来（发 ）广告，联系 bs91m0
2022-06-08 12:41:15hnsdfhs155 → 专业（发 ）广告，联系我 bs91m0
2022-06-08 12:42:00YHK_security → 要（发 ）广告，联系 bs91m0
2022-06-08 12:45:36cvv666money → 来（发 ）广告，联系 bs91m0
2022-06-08 12:48:55Hpy888 → 来（发 ）广告，联系 bs91m0
2022-06-08 12:53:15Philippines_visa → 想找人（ 发 ）广告，找 bs91m0
2022-06-08 12:55:33jiaoyouqun123 → 专业（发 ）广告，联系我 bs91m0
2022-06-08 12:56:28joinBCPH → 要（发 ）广告，联系 bs91m0
2022-06-08 12:56:55lbbet → 想找人（ 发 ）广告，找 bs91m0
2022-06-08 12:57:41jinsanjiaobc → 来（发 ）广告，联系 bs91m0
2022-06-08 12:58:36USDThuzhu3 → 来（发 ）广告，联系 bs91m0
2022-06-08 12:59:51srjlq → 要（发 ）广告，联系 bs91m0
2022-06-08 13:00:58yinlianguoji → 准备（发 ）广告，找 bs91m0
2022-06-08 13:01:32dream888 → 想要（发 ）广告，找 bs91m0
2022-06-08 13:03:06phniuniu → 想找人（ 发 ）广告，找 bs91m0
2022-06-08 13:04:48guojitongdaoduanxin → (session) 协议号，零售、批发 找，bs91m0
2022-06-08 13:05:56USDThuzhu3 → 需要 软、件，找 bs91m0
2022-06-08 13:06:52amjwg → 想要（发 ）广告，找 bs91m0
2022-06-08 13:08:27jinsanjiaobc → 准备（发 ）广告，找 bs91m0
2022-06-08 13:09:19seguiren → 需要 群、发软、件，找 bs91m0
2022-06-08 13:09:52youxidaili → 想找人（ 发 ）广告，找 bs91m0
2022-06-08 13:10:38yunqian68 → 需要 群、发软、件，找 bs91m0
2022-06-08 13:11:34zgfCYJT → 准备（发 ）广告，找 bs91m0
2022-06-08 13:12:00YHK_security → 专业（发 ）广告，联系我 bs91m0
2022-06-08 13:12:46buyusdtx → 要（发 ）广告，联系 bs91m0
2022-06-08 13:14:22fjhq000hz → 需要 群、发，找 bs91m0
2022-06-08 13:19:54fv0015 → 专业（发 ）广告，联系我 bs91m0
2022-06-08 13:21:55shujyinl → 需要 群、发，找 bs91m0
2022-06-08 13:24:22hnsdfhs155 → (session) 协议号，零售、批发 找，bs91m0
2022-06-08 13:25:58xianliaoq → 来（发 ）广告，联系 bs91m0
2022-06-08 13:27:57adasdasw → (session) 协议号，零售、批发 找，bs91m0
2022-06-08 13:28:43sirenweixin3 → 想要（发 ）广告，找 bs91m0
2022-06-08 13:29:38AG686 → 来（发 ）广告，联系 bs91m0
2022-06-08 13:31:57phpzufang → 需要 群、发软、件，找 bs91m0
2022-06-08 13:32:30dunxin106 → (session) 协议号，零售、批发 找，bs91m0
2022-06-08 13:34:51cvv666money → 需要 群、发软、件，找 bs91m0
2022-06-08 13:43:07zuqiushuju → 准备（发 ）广告，找 bs91m0
2022-06-08 13:44:03srjlq → 要（发 ）广告，联系 bs91m0
2022-06-08 13:48:22dsfdshhs → 需要 群、发软、件，找 bs91m0
2022-06-08 13:54:42Philippines_visa → 需要 软、件，找 bs91m0
2022-06-08 13:55:09hnsdfhs155 → 来（发 ）广告，联系 bs91m0
2022-06-08 13:56:44yinlianguoji → 需要 群、发，找 bs91m0
2022-06-08 13:57:36yhksijiantao11 → (session) 协议号，零售、批发 找，bs91m0
2022-06-08 13:59:13jinsanjiaobc → 要（发 ）广告，联系 bs91m0
2022-06-08 14:01:48joinBCPH → 需要 软、件，找 bs91m0
2022-06-08 14:06:55fjhq000hz → 需要 群、发软、件，找 bs91m0
2022-06-08 14:08:29USDThuzhu3 → 专业（发 ）广告，联系我 bs91m0
2022-06-08 14:08:56G88888880 → 想找人（ 发 ）广告，找 bs91m0
2022-06-08 14:12:04shujyinl → 来（发 ）广告，联系 bs91m0
2022-06-08 14:12:52zuqiushuju → 需要 群、发，找 bs91m0
2022-06-08 14:15:19lbbet → 来（发 ）广告，联系 bs91m0
2022-06-08 14:16:36fgdfdfherh → 需要 群、发，找 bs91m0
2022-06-08 14:20:12YHK_security → 要（发 ）广告，联系 bs91m0
2022-06-08 14:20:57miaomiao12356 → 来（发 ）广告，联系 bs91m0
2022-06-08 14:22:33jiaoyouqun123 → 来（发 ）广告，联系 bs91m0
2022-06-08 14:23:07zgfCYJT → 准备（发 ）广告，找 bs91m0
2022-06-08 14:26:39yhksijiantao11 → 专业（发 ）广告，联系我 bs91m0
2022-06-08 14:28:16dunxin106 → 想要（发 ）广告，找 bs91m0
2022-06-08 14:31:45adasdasw → 需要 群、发，找 bs91m0
2022-06-08 14:33:22srjlq → 要（发 ）广告，联系 bs91m0
2022-06-08 14:36:52yunqian68 → 要（发 ）广告，联系 bs91m0
2022-06-08 14:41:12youxidaili → 想找人（ 发 ）广告，找 bs91m0
2022-06-08 14:43:11fv0015 → (session) 协议号，零售、批发 找，bs91m0
2022-06-08 14:50:41youxidaili → 准备（发 ）广告，找 bs91m0
2022-06-08 14:51:59dream888 → 专业（发 ）广告，联系我 bs91m0
2022-06-08 14:52:45fv0015 → 来（发 ）广告，联系 bs91m0
2022-06-08 14:54:21hnsdfhs155 → 需要 群、发，找 bs91m0
2022-06-08 14:56:03jinsanjiaobc → 要（发 ）广告，联系 bs91m0
2022-06-08 14:56:37sirenweixin3 → 需要 群、发，找 bs91m0
2022-06-08 14:57:46Philippines_visa → 要（发 ）广告，联系 bs91m0
2022-06-08 14:59:52G88888880 → 需要 软、件，找 bs91m0
2022-06-08 15:01:34cvv666money → 来（发 ）广告，联系 bs91m0
2022-06-08 15:02:01adasdasw → 来（发 ）广告，联系 bs91m0
2022-06-08 15:04:50phniuniu → (session) 协议号，零售、批发 找，bs91m0
2022-06-08 15:05:16zuqiushuju → 需要 群、发，找 bs91m0
2022-06-08 15:08:27xd836809 → 来（发 ）广告，联系 bs91m0
2022-06-08 15:10:47joinBCPH → 来（发 ）广告，联系 bs91m0
2022-06-08 15:13:16AG686 → 来（发 ）广告，联系 bs91m0
2022-06-08 15:14:30phpzufang → 需要 群、发，找 bs91m0
2022-06-08 15:14:56dunxin106 → 想找人（ 发 ）广告，找 bs91m0
2022-06-08 15:17:16srjlq → 专业（发 ）广告，联系我 bs91m0
2022-06-08 15:18:11seguiren → 想找人（ 发 ）广告，找 bs91m0
2022-06-08 15:19:45dsfdshhs → 需要 软、件，找 bs91m0
2022-06-08 15:20:12fgdfdfherh → 来（发 ）广告，联系 bs91m0
2022-06-08 15:22:41xianliaoq → 需要 群、发，找 bs91m0
2022-06-08 15:23:28buyusdtx → 想要（发 ）广告，找 bs91m0
2022-06-08 15:26:57USDThuzhu3 → 想找人（ 发 ）广告，找 bs91m0
2022-06-08 15:31:04fjhq000hz → 来（发 ）广告，联系 bs91m0
2022-06-08 15:32:41phpzufang → 想找人（ 发 ）广告，找 bs91m0
2022-06-08 15:37:22jiaoyouqun123 → 想找人（ 发 ）广告，找 bs91m0
2022-06-08 15:38:38YHK_security → (session) 协议号，零售、批发 找，bs91m0
2022-06-08 15:41:21hnsdfhs155 → 专业（发 ）广告，联系我 bs91m0
2022-06-08 15:44:30xianliaoq → (session) 协议号，零售、批发 找，bs91m0
2022-06-08 15:45:44zuqiushuju → 想要（发 ）广告，找 bs91m0
2022-06-08 15:46:40dunxin106 → (session) 协议号，零售、批发 找，bs91m0
2022-06-08 15:53:39youxidaili → 专业（发 ）广告，联系我 bs91m0
2022-06-08 15:54:56USDThuzhu3 → 准备（发 ）广告，找 bs91m0
2022-06-08 15:58:07Hpy888 → 来（发 ）广告，联系 bs91m0
2022-06-08 15:59:23zgfCYJT → 要（发 ）广告，联系 bs91m0
2022-06-08 16:00:10lbbet → 想找人（ 发 ）广告，找 bs91m0
2022-06-08 16:00:35adasdasw → 需要 群、发软、件，找 bs91m0
2022-06-08 16:01:30cvv666money → 需要 群、发，找 bs91m0
2022-06-08 16:01:56srjlq → 需要 群、发，找 bs91m0
2022-06-08 16:02:49fv0015 → 来（发 ）广告，联系 bs91m0
2022-06-08 16:03:58guojitongdaoduanxin → 来（发 ）广告，联系 bs91m0
2022-06-08 16:07:12joinBCPH → 想找人（ 发 ）广告，找 bs91m0
2022-06-08 16:09:59G88888880 → 专业（发 ）广告，联系我 bs91m0
2022-06-08 16:10:26shujyinl → 需要 群、发，找 bs91m0
2022-06-08 16:11:20dsfdshhs → 需要 软、件，找 bs91m0
2022-06-08 16:12:07Hpy111 → 想找人（ 发 ）广告，找 bs91m0
2022-06-08 16:14:57jinsanjiaobc → (session) 协议号，零售、批发 找，bs91m0
2022-06-08 16:18:10fgdfdfherh → 需要 群、发软、件，找 bs91m0
2022-06-08 16:19:05ziyuanduijie1 → 准备（发 ）广告，找 bs91m0
2022-06-08 16:22:39dubai13148888 → 需要 群、发，找 bs91m0
2022-06-08 16:25:50fjhq000hz → 需要 群、发，找 bs91m0
2022-06-08 16:26:38sirenweixin3 → 来（发 ）广告，联系 bs91m0
2022-06-08 16:30:57srjlq → (session) 协议号，零售、批发 找，bs91m0
2022-06-08 16:33:46seguiren → (session) 协议号，零售、批发 找，bs91m0
2022-06-08 16:35:01fv0015 → 需要 群、发软、件，找 bs91m0
2022-06-08 16:41:24yhksijiantao11 → 准备（发 ）广告，找 bs91m0
2022-06-08 16:43:00youxidaili → 想要（发 ）广告，找 bs91m0
2022-06-08 16:43:26yunqian68 → 要（发 ）广告，联系 bs91m0
2022-06-08 16:45:22adasdasw → 需要 群、发软、件，找 bs91m0
2022-06-08 16:46:37shujyinl → 来（发 ）广告，联系 bs91m0
2022-06-08 16:47:53AG686 → 想找人（ 发 ）广告，找 bs91m0
2022-06-08 16:49:52jinsanjiaobc → 来（发 ）广告，联系 bs91m0
2022-06-08 16:54:34USDThuzhu3 → 来（发 ）广告，联系 bs91m0
2022-06-08 16:55:00yunqian68 → 需要 群、发，找 bs91m0
2022-06-08 16:58:29zuqiushuju → 来（发 ）广告，联系 bs91m0
2022-06-08 16:59:02cvv666money → 需要 软、件，找 bs91m0
2022-06-08 17:02:35lbbet → 想要（发 ）广告，找 bs91m0
2022-06-08 17:03:50jiaoyouqun123 → 要（发 ）广告，联系 bs91m0
2022-06-08 17:04:17zgfCYJT → (session) 协议号，零售、批发 找，bs91m0
2022-06-08 17:06:41phniuniu → 准备（发 ）广告，找 bs91m0
2022-06-08 17:08:47xianliaoq → 要（发 ）广告，联系 bs91m0
2022-06-08 17:09:54dunxin106 → 需要 软、件，找 bs91m0
2022-06-08 17:10:47joinBCPH → 需要 群、发软、件，找 bs91m0
2022-06-08 17:11:36hnsdfhs155 → 准备（发 ）广告，找 bs91m0
2022-06-08 17:13:43dsfdshhs → 来（发 ）广告，联系 bs91m0
2022-06-08 17:14:51buyusdtx → 准备（发 ）广告，找 bs91m0
2022-06-08 17:19:34fjhq000hz → 来（发 ）广告，联系 bs91m0
2022-06-08 17:23:36srjlq → 专业（发 ）广告，联系我 bs91m0
2022-06-08 17:24:03G88888880 → 来（发 ）广告，联系 bs91m0
2022-06-08 17:25:39miaomiao12356 → 想找人（ 发 ）广告，找 bs91m0
2022-06-08 17:26:57fv0015 → 来（发 ）广告，联系 bs91m0
2022-06-08 17:27:45guojitongdaoduanxin → (session) 协议号，零售、批发 找，bs91m0
2022-06-08 17:31:15fgdfdfherh → 准备（发 ）广告，找 bs91m0
2022-06-08 17:32:10Hpy111 → 来（发 ）广告，联系 bs91m0
2022-06-08 17:36:51youxidaili → 想找人（ 发 ）广告，找 bs91m0
2022-06-08 17:38:06dunxin106 → 需要 群、发，找 bs91m0
2022-06-08 17:39:44zuqiushuju → 来（发 ）广告，联系 bs91m0
2022-06-08 17:40:09YHK_security → 想要（发 ）广告，找 bs91m0
2022-06-08 17:42:06phpzufang → 专业（发 ）广告，联系我 bs91m0
2022-06-08 17:43:44sirenweixin3 → 准备（发 ）广告，找 bs91m0
2022-06-08 17:44:09jinsanjiaobc → (session) 协议号，零售、批发 找，bs91m0
2022-06-08 17:48:51USDThuzhu3 → 需要 软、件，找 bs91m0
2022-06-08 17:51:01fjhq000hz → 专业（发 ）广告，联系我 bs91m0
2022-06-08 17:57:40yhksijiantao11 → 需要 软、件，找 bs91m0
2022-06-08 17:58:06adasdasw → 准备（发 ）广告，找 bs91m0
2022-06-08 17:59:41yinlianguoji → 需要 群、发，找 bs91m0
2022-06-08 18:00:07seguiren → 需要 群、发，找 bs91m0
2022-06-08 18:06:20phniuniu → 想找人（ 发 ）广告，找 bs91m0
2022-06-08 18:07:14ziyuanduijie1 → 准备（发 ）广告，找 bs91m0
2022-06-08 18:11:06hnsdfhs155 → 想找人（ 发 ）广告，找 bs91m0
2022-06-08 18:11:40xd836809 → 来（发 ）广告，联系 bs91m0
2022-06-08 18:13:16lbbet → 需要 群、发，找 bs91m0
2022-06-08 18:13:42guojitongdaoduanxin → 要（发 ）广告，联系 bs91m0
2022-06-08 18:14:10zuqiushuju → (session) 协议号，零售、批发 找，bs91m0
2022-06-08 18:15:03srjlq → (session) 协议号，零售、批发 找，bs91m0
2022-06-08 18:17:06AG686 → 专业（发 ）广告，联系我 bs91m0
2022-06-08 18:17:32dsfdshhs → 需要 群、发，找 bs91m0
2022-06-08 18:21:32yinlianguoji → 想找人（ 发 ）广告，找 bs91m0
2022-06-08 18:23:15miaomiao12356 → 准备（发 ）广告，找 bs91m0
2022-06-08 18:25:35Philippines_visa → 想找人（ 发 ）广告，找 bs91m0
2022-06-08 18:26:50buyusdtx → 需要 群、发软、件，找 bs91m0