
2022-06-04 00:00:02baocai217 → 准备（发 ）广告，找  bs91m1
2022-06-04 00:01:30XxUP1121 → 专业（发 ）广告，联系我 bs91m1
2022-06-04 00:01:57juliang666 → 想要（发 ）广告，找 bs91m1
2022-06-04 00:02:42Zfb_qq → 想找人（ 发 ）广告，找   bs91m1
2022-06-04 00:04:25bailaohui_cvv → 来（发 ）广告，联系 bs91m1
2022-06-04 00:06:54BCdaikou → 想找人（ 发 ）广告，找   bs91m1
2022-06-04 00:07:20laowangdan → 专业（发 ）广告，联系我 bs91m1
2022-06-04 00:07:46usdtdfds → 想要（发 ）广告，找 bs91m1
2022-06-04 00:10:01pshqo → 专业（发 ）广告，联系我 bs91m1
2022-06-04 00:14:16jiu_777 → 需要 群、发，找  bs91m1
2022-06-04 00:14:43WKLhuaren → 需要 群、发，找  bs91m1
2022-06-04 00:17:04daifu76 → 想要（发 ）广告，找 bs91m1
2022-06-04 00:22:56TG_King90 → 需要 群、发，找  bs91m1
2022-06-04 00:28:28jfhfhdgd → 需要 群、发软、件，找  bs91m1
2022-06-04 00:31:30TG_King90 → 准备（发 ）广告，找  bs91m1
2022-06-04 00:33:01smsjiema666 → 来（发 ）广告，联系 bs91m1
2022-06-04 00:36:13dbjlq1 → 想要（发 ）广告，找 bs91m1
2022-06-04 00:38:14Usdtbmw → 需要 软、件，找  bs91m1
2022-06-04 00:38:39si1688 → 准备（发 ）广告，找  bs91m1
2022-06-04 00:39:05yugzf → 来（发 ）广告，联系 bs91m1
2022-06-04 00:40:12baocai217 → 来（发 ）广告，联系 bs91m1
2022-06-04 00:41:08tongdao25 → 需要 群、发，找  bs91m1
2022-06-04 00:41:34sunshineyyds → 要（发 ）广告，联系 bs91m1
2022-06-04 00:42:34bailaohui_cvv → 要（发 ）广告，联系 bs91m1
2022-06-04 00:43:00zhifuo → 想找人（ 发 ）广告，找   bs91m1
2022-06-04 00:44:13sunshineyyds → 准备（发 ）广告，找  bs91m1
2022-06-04 00:45:00kkkttt369 → 需要 软、件，找  bs91m1
2022-06-04 00:47:29daifu76 → 想要（发 ）广告，找 bs91m1
2022-06-04 00:49:17WKLhuaren → 需要 群、发，找  bs91m1
2022-06-04 00:50:06daishou15 → 需要 软、件，找  bs91m1
2022-06-04 00:50:34bailaohui_cvv → 要（发 ）广告，联系 bs91m1
2022-06-04 00:53:42dbjlq1 → 想找人（ 发 ）广告，找   bs91m1
2022-06-04 00:55:59wz513064 → 想找人（ 发 ）广告，找   bs91m1
2022-06-04 00:57:36Zfb_qq → 准备（发 ）广告，找  bs91m1
2022-06-04 00:58:02kkkttt369 → 要（发 ）广告，联系 bs91m1
2022-06-04 01:01:48xjltq → 需要 群、发软、件，找  bs91m1
2022-06-04 01:02:39daishou15 → 专业（发 ）广告，联系我 bs91m1
2022-06-04 01:03:05laowangdan → 准备（发 ）广告，找  bs91m1
2022-06-04 01:03:32chaxun2020 → 想要（发 ）广告，找 bs91m1
2022-06-04 01:04:49usdtdfds → 想找人（ 发 ）广告，找   bs91m1
2022-06-04 01:08:37USDThuzhu3 → 想找人（ 发 ）广告，找   bs91m1
2022-06-04 01:09:45juliang666 → 要（发 ）广告，联系 bs91m1
2022-06-04 01:12:36TG0188 → 需要 群、发软、件，找  bs91m1
2022-06-04 01:14:38WKLhuaren → 想要（发 ）广告，找 bs91m1
2022-06-04 01:15:45juliang666 → 想找人（ 发 ）广告，找   bs91m1
2022-06-04 01:19:02Zfb_qq → 准备（发 ）广告，找  bs91m1
2022-06-04 01:20:43USDTm → 需要 群、发，找  bs91m1
2022-06-04 01:26:03usdtdfds → 专业（发 ）广告，联系我 bs91m1
2022-06-04 01:27:42huione888 → 想要（发 ）广告，找 bs91m1
2022-06-04 01:28:36bailaohui_cvv → 想要（发 ）广告，找 bs91m1
2022-06-04 01:29:59axujj → 需要 软、件，找  bs91m1
2022-06-04 01:30:49xjltq → 需要 群、发，找  bs91m1
2022-06-04 01:31:16xjltq → 准备（发 ）广告，找  bs91m1
2022-06-04 01:32:03sunshineyyds → 准备（发 ）广告，找  bs91m1
2022-06-04 01:35:57WKLhuaren → 来（发 ）广告，联系 bs91m1
2022-06-04 01:37:17TG_King90 → 需要 群、发，找  bs91m1
2022-06-04 01:38:04Usdtbmw → 需要 群、发，找  bs91m1
2022-06-04 01:38:57tongdao25 → 需要 群、发软、件，找  bs91m1
2022-06-04 01:41:26bailaohui_cvv → 想要（发 ）广告，找 bs91m1
2022-06-04 01:43:28laowangdan → 需要 软、件，找  bs91m1
2022-06-04 01:43:54baocai217 → 专业（发 ）广告，联系我 bs91m1
2022-06-04 01:46:01si1688 → 需要 群、发软、件，找  bs91m1
2022-06-04 01:46:28xinbi_088 → 需要 群、发，找  bs91m1
2022-06-04 01:46:54jfhfhdgd → 需要 群、发软、件，找  bs91m1
2022-06-04 01:50:47jiu_777 → 准备（发 ）广告，找  bs91m1
2022-06-04 01:51:12zhifuo → 想找人（ 发 ）广告，找   bs91m1
2022-06-04 01:53:10chaxun2020 → 需要 软、件，找  bs91m1
2022-06-04 02:03:29tongdao25 → 要（发 ）广告，联系 bs91m1
2022-06-04 02:04:35huione888 → 需要 群、发，找  bs91m1
2022-06-04 02:05:02wz513064 → 准备（发 ）广告，找  bs91m1
2022-06-04 02:05:28sunshineyyds → 想找人（ 发 ）广告，找   bs91m1
2022-06-04 02:05:53smsjiema666 → 需要 群、发软、件，找  bs91m1
2022-06-04 02:06:39yxbjx → 专业（发 ）广告，联系我 bs91m1
2022-06-04 02:07:12WKLhuaren → 想找人（ 发 ）广告，找   bs91m1
2022-06-04 02:08:10aliqudao → 专业（发 ）广告，联系我 bs91m1
2022-06-04 02:09:17usdtdfds → 需要 软、件，找  bs91m1
2022-06-04 02:10:08USDTm → 想要（发 ）广告，找 bs91m1
2022-06-04 02:11:21daifu76 → 需要 群、发，找  bs91m1
2022-06-04 02:13:49TG_King90 → 需要 软、件，找  bs91m1
2022-06-04 02:14:43BadoBumblechu → 需要 软、件，找  bs91m1
2022-06-04 02:16:40daishou15 → 要（发 ）广告，联系 bs91m1
2022-06-04 02:19:09bailaohui_cvv → 想要（发 ）广告，找 bs91m1
2022-06-04 02:21:22sunshineyyds → 来（发 ）广告，联系 bs91m1
2022-06-04 02:21:49XxUP1121 → 要（发 ）广告，联系 bs91m1
2022-06-04 02:22:14Zfb_qq → 需要 群、发，找  bs91m1
2022-06-04 02:23:30yugzf → 需要 软、件，找  bs91m1
2022-06-04 02:24:47USDThuzhu3 → 想要（发 ）广告，找 bs91m1
2022-06-04 02:27:05laowangdan → 需要 软、件，找  bs91m1
2022-06-04 02:30:07axujj → 想找人（ 发 ）广告，找   bs91m1
2022-06-04 02:38:39bailaohui_cvv → 需要 群、发软、件，找  bs91m1
2022-06-04 02:40:41dbjlq1 → 准备（发 ）广告，找  bs91m1
2022-06-04 02:41:34juliang666 → 准备（发 ）广告，找  bs91m1
2022-06-04 02:49:23TG0188 → 需要 群、发软、件，找  bs91m1
2022-06-04 02:51:02xjltq → 想找人（ 发 ）广告，找   bs91m1
2022-06-04 02:51:28juliang666 → 需要 群、发软、件，找  bs91m1
2022-06-04 02:52:20sunshineyyds → 需要 群、发软、件，找  bs91m1
2022-06-04 02:53:54usdtdfds → 专业（发 ）广告，联系我 bs91m1
2022-06-04 02:55:32si1688 → 想找人（ 发 ）广告，找   bs91m1
2022-06-04 02:56:54tianziusdt → 准备（发 ）广告，找  bs91m1
2022-06-04 02:58:02daishou15 → 需要 软、件，找  bs91m1
2022-06-04 03:01:17laowangdan → 需要 群、发软、件，找  bs91m1
2022-06-04 03:03:25jiu_777 → 准备（发 ）广告，找  bs91m1
2022-06-04 03:04:17chaxun2020 → 要（发 ）广告，联系 bs91m1
2022-06-04 03:05:06bailaohui_cvv → 要（发 ）广告，联系 bs91m1
2022-06-04 03:06:18USDTm → 来（发 ）广告，联系 bs91m1
2022-06-04 03:08:16daifu76 → 准备（发 ）广告，找  bs91m1
2022-06-04 03:09:28TG_King90 → 来（发 ）广告，联系 bs91m1
2022-06-04 03:09:53WKLhuaren → 准备（发 ）广告，找  bs91m1
2022-06-04 03:11:16xinbi_088 → 准备（发 ）广告，找  bs91m1
2022-06-04 03:15:01deguobank → 专业（发 ）广告，联系我 bs91m1
2022-06-04 03:18:49Zfb_qq → 需要 软、件，找  bs91m1
2022-06-04 03:20:22yhsz023 → 来（发 ）广告，联系 bs91m1
2022-06-04 03:22:44tongdao25 → 想找人（ 发 ）广告，找   bs91m1
2022-06-04 03:28:27jfhfhdgd → 需要 群、发，找  bs91m1
2022-06-04 03:29:15xjltq → 来（发 ）广告，联系 bs91m1
2022-06-04 03:29:41jiu_777 → 要（发 ）广告，联系 bs91m1
2022-06-04 03:30:07Usdtbmw → 需要 软、件，找  bs91m1
2022-06-04 03:32:49yugzf → 准备（发 ）广告，找  bs91m1
2022-06-04 03:33:37daishou15 → 想找人（ 发 ）广告，找   bs91m1
2022-06-04 03:34:24baocai217 → 需要 群、发软、件，找  bs91m1
2022-06-04 03:34:51laowangdan → 想要（发 ）广告，找 bs91m1
2022-06-04 03:36:13daishou15 → 准备（发 ）广告，找  bs91m1
2022-06-04 03:36:40tongdao25 → 需要 软、件，找  bs91m1
2022-06-04 03:39:26xjltq → 需要 群、发软、件，找  bs91m1
2022-06-04 03:40:37axujj → 来（发 ）广告，联系 bs91m1
2022-06-04 03:43:39zhifuo → 准备（发 ）广告，找  bs91m1
2022-06-04 03:44:35huione888 → 专业（发 ）广告，联系我 bs91m1
2022-06-04 03:48:06daishou15 → 想找人（ 发 ）广告，找   bs91m1
2022-06-04 03:48:57TG0188 → 需要 软、件，找  bs91m1
2022-06-04 03:50:03USDThuzhu3 → 想要（发 ）广告，找 bs91m1
2022-06-04 03:50:48yinduliuliang66 → 准备（发 ）广告，找  bs91m1
2022-06-04 03:51:36daifu76 → 想要（发 ）广告，找 bs91m1
2022-06-04 03:52:55wz513064 → 来（发 ）广告，联系 bs91m1
2022-06-04 03:53:43TG_King90 → 需要 群、发，找  bs91m1
2022-06-04 03:54:10USDTm → 想找人（ 发 ）广告，找   bs91m1
2022-06-04 03:54:37chaxun2020 → 准备（发 ）广告，找  bs91m1
2022-06-04 03:57:55bailaohui_cvv → 需要 群、发，找  bs91m1
2022-06-04 04:00:46sunshineyyds → 想要（发 ）广告，找 bs91m1
2022-06-04 04:01:34Usdtbmw → 专业（发 ）广告，联系我 bs91m1
2022-06-04 04:01:59XxUP1121 → 需要 群、发，找  bs91m1
2022-06-04 04:06:48sunshineyyds → 准备（发 ）广告，找  bs91m1
2022-06-04 04:08:53xiaoguzhuanyedajian3 → 需要 软、件，找  bs91m1
2022-06-04 04:10:09dbjlq1 → 需要 软、件，找  bs91m1
2022-06-04 04:10:56usdtdfds → 需要 群、发软、件，找  bs91m1
2022-06-04 04:11:22Zfb_qq → 需要 群、发，找  bs91m1
2022-06-04 04:12:49WKLhuaren → 需要 软、件，找  bs91m1
2022-06-04 04:14:31ssrtools → 想要（发 ）广告，找 bs91m1
2022-06-04 04:16:00juliang666 → 想要（发 ）广告，找 bs91m1
2022-06-04 04:16:48bailaohui_cvv → 想找人（ 发 ）广告，找   bs91m1
2022-06-04 04:20:21chuhai666 → 要（发 ）广告，联系 bs91m1
2022-06-04 04:20:48xjltq → 准备（发 ）广告，找  bs91m1
2022-06-04 04:23:06juliang666 → 想要（发 ）广告，找 bs91m1
2022-06-04 04:26:10bailaohui_cvv → 想要（发 ）广告，找 bs91m1
2022-06-04 04:27:18smsjiema666 → 来（发 ）广告，联系 bs91m1
2022-06-04 04:28:04si1688 → 来（发 ）广告，联系 bs91m1
2022-06-04 04:28:30TG_King90 → 需要 群、发软、件，找  bs91m1
2022-06-04 04:31:46yugzf → 来（发 ）广告，联系 bs91m1
2022-06-04 04:33:24sunshineyyds → 想要（发 ）广告，找 bs91m1
2022-06-04 04:34:48jfhfhdgd → 专业（发 ）广告，联系我 bs91m1
2022-06-04 04:37:25usdtdfds → 想要（发 ）广告，找 bs91m1
2022-06-04 04:38:13sunshineyyds → 需要 群、发，找  bs91m1
2022-06-04 04:38:46USDThuzhu3 → 想要（发 ）广告，找 bs91m1
2022-06-04 04:41:03TG0188 → 需要 群、发，找  bs91m1
2022-06-04 04:43:22xjltq → 需要 软、件，找  bs91m1
2022-06-04 04:45:59Zfb_qq → 需要 群、发软、件，找  bs91m1
2022-06-04 04:46:47xinbi_088 → 专业（发 ）广告，联系我 bs91m1
2022-06-04 04:49:33zhifuo → 需要 群、发软、件，找  bs91m1
2022-06-04 04:50:44tongdao25 → 专业（发 ）广告，联系我 bs91m1
2022-06-04 04:54:56dbjlq1 → 来（发 ）广告，联系 bs91m1
2022-06-04 04:56:13yugzf → 专业（发 ）广告，联系我 bs91m1
2022-06-04 04:56:59laowangdan → 想找人（ 发 ）广告，找   bs91m1
2022-06-04 04:57:47huione888 → 准备（发 ）广告，找  bs91m1
2022-06-04 04:59:08baocai217 → 需要 软、件，找  bs91m1
2022-06-04 05:00:47wz513064 → 来（发 ）广告，联系 bs91m1
2022-06-04 05:03:28daishou15 → 想要（发 ）广告，找 bs91m1
2022-06-04 05:05:34chaxun2020 → 要（发 ）广告，联系 bs91m1
2022-06-04 05:06:21Usdtbmw → 想找人（ 发 ）广告，找   bs91m1
2022-06-04 05:07:35TG_King90 → 想找人（ 发 ）广告，找   bs91m1
2022-06-04 05:11:43bailaohui_cvv → 需要 群、发软、件，找  bs91m1
2022-06-04 05:12:31Zfb_qq → 想找人（ 发 ）广告，找   bs91m1
2022-06-04 05:20:13jfhfhdgd → 专业（发 ）广告，联系我 bs91m1
2022-06-04 05:20:39usdtdfds → 需要 软、件，找  bs91m1
2022-06-04 05:21:05WKLhuaren → 专业（发 ）广告，联系我 bs91m1
2022-06-04 05:23:08si1688 → 准备（发 ）广告，找  bs91m1
2022-06-04 05:25:26tongdao25 → 需要 群、发软、件，找  bs91m1
2022-06-04 05:26:43juliang666 → 需要 群、发软、件，找  bs91m1
2022-06-04 05:29:04sunshineyyds → 需要 群、发软、件，找  bs91m1
2022-06-04 05:29:54jiu_777 → 准备（发 ）广告，找  bs91m1
2022-06-04 05:30:20daifu76 → 需要 软、件，找  bs91m1
2022-06-04 05:30:46xjltq → 需要 群、发，找  bs91m1
2022-06-04 05:37:26xinbi_088 → 需要 软、件，找  bs91m1
2022-06-04 05:39:32axujj → 想找人（ 发 ）广告，找   bs91m1
2022-06-04 05:40:20USDTm → 专业（发 ）广告，联系我 bs91m1
2022-06-04 05:41:29daishou15 → 想要（发 ）广告，找 bs91m1
2022-06-04 05:43:03juliang666 → 来（发 ）广告，联系 bs91m1
2022-06-04 05:43:29laowangdan → 想要（发 ）广告，找 bs91m1
2022-06-04 05:47:12huione888 → 需要 群、发，找  bs91m1
2022-06-04 05:50:34baocai217 → 来（发 ）广告，联系 bs91m1
2022-06-04 05:51:31zhifuo → 需要 群、发，找  bs91m1
2022-06-04 05:52:41xjltq → 想找人（ 发 ）广告，找   bs91m1
2022-06-04 05:53:08bailaohui_cvv → 需要 群、发，找  bs91m1
2022-06-04 05:57:07usdtdfds → 需要 群、发，找  bs91m1
2022-06-04 05:57:54laowangdan → 准备（发 ）广告，找  bs91m1
2022-06-04 05:58:49BAOAA → 专业（发 ）广告，联系我 bs91m1
2022-06-04 06:02:22TG_King90 → 来（发 ）广告，联系 bs91m1
2022-06-04 06:04:13haiqazwsx → 专业（发 ）广告，联系我 bs91m1
2022-06-04 06:08:29sunshineyyds → 想找人（ 发 ）广告，找   bs91m1
2022-06-04 06:10:50axujj → 来（发 ）广告，联系 bs91m1
2022-06-04 06:13:36si1688 → 要（发 ）广告，联系 bs91m1
2022-06-04 06:14:43bailaohui_cvv → 需要 群、发，找  bs91m1
2022-06-04 06:16:17chaxun2020 → 想要（发 ）广告，找 bs91m1
2022-06-04 06:17:08KMFW56789 → 需要 群、发，找  bs91m1
2022-06-04 06:19:34Usdtbmw → 准备（发 ）广告，找  bs91m1
2022-06-04 06:20:00USDThuzhu3 → 专业（发 ）广告，联系我 bs91m1
2022-06-04 06:21:08tongdao25 → 准备（发 ）广告，找  bs91m1
2022-06-04 06:22:18smsjiema666 → 需要 群、发，找  bs91m1
2022-06-04 06:24:15yugzf → 准备（发 ）广告，找  bs91m1
2022-06-04 06:27:46fbws8866 → 需要 群、发软、件，找  bs91m1
2022-06-04 06:29:07xinbi_088 → 想要（发 ）广告，找 bs91m1
2022-06-04 06:30:37jfhfhdgd → 需要 群、发，找  bs91m1
2022-06-04 06:31:49xinmengshehaiwaizhi → 想找人（ 发 ）广告，找   bs91m1
2022-06-04 06:32:36jiu_777 → 要（发 ）广告，联系 bs91m1
2022-06-04 06:33:01WKLhuaren → 来（发 ）广告，联系 bs91m1
2022-06-04 06:35:27usdtdfds → 来（发 ）广告，联系 bs91m1
2022-06-04 06:36:34sunshineyyds → 需要 群、发软、件，找  bs91m1
2022-06-04 06:38:31xjltq → 需要 软、件，找  bs91m1
2022-06-04 06:40:13dbjlq1 → 要（发 ）广告，联系 bs91m1
2022-06-04 06:40:38laowangdan → 想要（发 ）广告，找 bs91m1
2022-06-04 06:43:01tianziusdt → 需要 群、发，找  bs91m1
2022-06-04 06:43:47bailaohui_cvv → 准备（发 ）广告，找  bs91m1
2022-06-04 06:45:29bailaohui_cvv → 需要 群、发，找  bs91m1
2022-06-04 06:45:54tongdao25 → 来（发 ）广告，联系 bs91m1
2022-06-04 06:48:14TG0188 → 专业（发 ）广告，联系我 bs91m1
2022-06-04 06:49:47sunshineyyds → 需要 群、发软、件，找  bs91m1
2022-06-04 06:53:06wz513064 → 准备（发 ）广告，找  bs91m1
2022-06-04 06:56:35daishou15 → 想要（发 ）广告，找 bs91m1
2022-06-04 06:57:01WKLhuaren → 想找人（ 发 ）广告，找   bs91m1
2022-06-04 07:00:21juliang666 → 要（发 ）广告，联系 bs91m1
2022-06-04 07:01:09USDTm → 要（发 ）广告，联系 bs91m1
2022-06-04 07:02:50daishou15 → 来（发 ）广告，联系 bs91m1
2022-06-04 07:03:16juliang666 → 需要 群、发，找  bs91m1
2022-06-04 07:05:42BAOAA → 需要 群、发，找  bs91m1
2022-06-04 07:06:30USDThuzhu3 → 来（发 ）广告，联系 bs91m1
2022-06-04 07:09:45TG_King90 → 专业（发 ）广告，联系我 bs91m1
2022-06-04 07:12:53si1688 → 需要 软、件，找  bs91m1
2022-06-04 07:14:10daishou15 → 想找人（ 发 ）广告，找   bs91m1
2022-06-04 07:15:02dbjlq1 → 需要 群、发，找  bs91m1
2022-06-04 07:18:05daifu76 → 需要 群、发，找  bs91m1
2022-06-04 07:19:42zhifuo → 要（发 ）广告，联系 bs91m1
2022-06-04 07:21:47huione888 → 需要 群、发，找  bs91m1
2022-06-04 07:22:57chaxun2020 → 需要 软、件，找  bs91m1
2022-06-04 07:23:24daishou15 → 要（发 ）广告，联系 bs91m1
2022-06-04 07:25:34jfhfhdgd → 专业（发 ）广告，联系我 bs91m1
2022-06-04 07:25:59jiu_777 → 需要 群、发软、件，找  bs91m1
2022-06-04 07:26:46laowangdan → 要（发 ）广告，联系 bs91m1
2022-06-04 07:29:16xjltq → 需要 群、发软、件，找  bs91m1
2022-06-04 07:30:52yugzf → 需要 群、发软、件，找  bs91m1
2022-06-04 07:33:14sunshineyyds → 准备（发 ）广告，找  bs91m1
2022-06-04 07:36:56sunshineyyds → 要（发 ）广告，联系 bs91m1
2022-06-04 07:37:24xjltq → 专业（发 ）广告，联系我 bs91m1
2022-06-04 07:43:05bailaohui_cvv → 专业（发 ）广告，联系我 bs91m1
2022-06-04 07:45:05baocai217 → 想找人（ 发 ）广告，找   bs91m1
2022-06-04 07:49:01sunshineyyds → 准备（发 ）广告，找  bs91m1
2022-06-04 07:49:59smsjiema666 → 需要 群、发软、件，找  bs91m1
2022-06-04 07:50:24tongdao25 → 需要 群、发，找  bs91m1
2022-06-04 07:52:45USDTm → 要（发 ）广告，联系 bs91m1
2022-06-04 07:56:26usdtdfds → 需要 群、发软、件，找  bs91m1
2022-06-04 07:57:23xinbi_088 → 准备（发 ）广告，找  bs91m1
2022-06-04 07:59:22sunshineyyds → 需要 群、发，找  bs91m1
2022-06-04 07:59:48yugzf → 专业（发 ）广告，联系我 bs91m1
2022-06-04 08:02:33tianziusdt → 想找人（ 发 ）广告，找   bs91m1
2022-06-04 08:03:54bailaohui_cvv → 准备（发 ）广告，找  bs91m1
2022-06-04 08:07:23TG0188 → 来（发 ）广告，联系 bs91m1
2022-06-04 08:09:07axujj → 要（发 ）广告，联系 bs91m1
2022-06-04 08:09:59juliang666 → 来（发 ）广告，联系 bs91m1
2022-06-04 08:10:24huione888 → 要（发 ）广告，联系 bs91m1
2022-06-04 08:10:51Usdtbmw → 需要 群、发，找  bs91m1
2022-06-04 08:11:17jfhfhdgd → 需要 软、件，找  bs91m1
2022-06-04 08:12:02tongdao25 → 需要 软、件，找  bs91m1
2022-06-04 08:13:27bailaohui_cvv → 想找人（ 发 ）广告，找   bs91m1
2022-06-04 08:13:52USDThuzhu3 → 想找人（ 发 ）广告，找   bs91m1
2022-06-04 08:17:20TG_King90 → 需要 群、发，找  bs91m1
2022-06-04 08:19:18laowangdan → 要（发 ）广告，联系 bs91m1
2022-06-04 08:22:06juliang666 → 想要（发 ）广告，找 bs91m1
2022-06-04 08:26:20jiu_777 → 准备（发 ）广告，找  bs91m1
2022-06-04 08:27:35xjltq → 需要 群、发软、件，找  bs91m1
2022-06-04 08:28:02chaxun2020 → 需要 群、发，找  bs91m1
2022-06-04 08:30:28TG0188 → 想要（发 ）广告，找 bs91m1
2022-06-04 08:30:54TG_King90 → 想要（发 ）广告，找 bs91m1
2022-06-04 08:31:20usdtdfds → 要（发 ）广告，联系 bs91m1
2022-06-04 08:34:46laowangdan → 需要 群、发，找  bs91m1
2022-06-04 08:39:46WKLhuaren → 准备（发 ）广告，找  bs91m1
2022-06-04 08:42:55daifu76 → 需要 软、件，找  bs91m1
2022-06-04 08:46:00zhifuo → 要（发 ）广告，联系 bs91m1
2022-06-04 08:51:00si1688 → 需要 群、发软、件，找  bs91m1
2022-06-04 08:54:57baocai217 → 想要（发 ）广告，找 bs91m1
2022-06-04 08:57:31daishou15 → 需要 软、件，找  bs91m1
2022-06-04 08:58:04chaxun2020 → 想找人（ 发 ）广告，找   bs91m1
2022-06-04 08:58:53Usdtbmw → 需要 群、发，找  bs91m1
2022-06-04 08:59:42wz513064 → 要（发 ）广告，联系 bs91m1
2022-06-04 09:02:29sunshineyyds → 需要 群、发软、件，找  bs91m1
2022-06-04 09:03:43xjltq → 想要（发 ）广告，找 bs91m1
2022-06-04 09:04:52bailaohui_cvv → 需要 群、发软、件，找  bs91m1
2022-06-04 09:06:00bailaohui_cvv → 需要 群、发软、件，找  bs91m1
2022-06-04 09:09:58juliang666 → 想找人（ 发 ）广告，找   bs91m1
2022-06-04 09:10:47dbjlq1 → 想要（发 ）广告，找 bs91m1
2022-06-04 09:11:33moxigeguge → 需要 群、发，找  bs91m1
2022-06-04 09:12:44yugzf → 想找人（ 发 ）广告，找   bs91m1
2022-06-04 09:14:26sunshineyyds → 想要（发 ）广告，找 bs91m1
2022-06-04 09:19:43tongdao25 → 需要 群、发软、件，找  bs91m1
2022-06-04 09:21:42sunshineyyds → 需要 群、发，找  bs91m1
2022-06-04 09:22:34xinbi_088 → 要（发 ）广告，联系 bs91m1
2022-06-04 09:23:00axujj → 来（发 ）广告，联系 bs91m1
2022-06-04 09:23:26daifu76 → 需要 群、发，找  bs91m1
2022-06-04 09:23:52USDTm → 需要 群、发软、件，找  bs91m1
2022-06-04 09:24:47WKLhuaren → 要（发 ）广告，联系 bs91m1
2022-06-04 09:25:13usdtdfds → 想要（发 ）广告，找 bs91m1
2022-06-04 09:25:39smsjiema666 → 想找人（ 发 ）广告，找   bs91m1
2022-06-04 09:26:51BAOAA → 准备（发 ）广告，找  bs91m1
2022-06-04 09:32:45xjltq → 想要（发 ）广告，找 bs91m1
2022-06-04 09:33:55TG_King90 → 要（发 ）广告，联系 bs91m1
2022-06-04 09:34:21jfhfhdgd → 需要 群、发软、件，找  bs91m1
2022-06-04 09:34:56daishou15 → 准备（发 ）广告，找  bs91m1
2022-06-04 09:39:40laowangdan → 需要 群、发软、件，找  bs91m1
2022-06-04 09:40:14huione888 → 需要 群、发，找  bs91m1
2022-06-04 09:41:46bailaohui_cvv → 来（发 ）广告，联系 bs91m1
2022-06-04 09:42:31bailaohui_cvv → 准备（发 ）广告，找  bs91m1
2022-06-04 09:45:34baocai217 → 需要 群、发软、件，找  bs91m1
2022-06-04 09:54:51jiu_777 → 想找人（ 发 ）广告，找   bs91m1
2022-06-04 09:57:11Usdtbmw → 需要 群、发软、件，找  bs91m1
2022-06-04 10:01:11daishou15 → 想找人（ 发 ）广告，找   bs91m1
2022-06-04 10:01:37jfhfhdgd → 准备（发 ）广告，找  bs91m1
2022-06-04 10:03:43TG0188 → 需要 软、件，找  bs91m1
2022-06-04 10:05:21daifu76 → 专业（发 ）广告，联系我 bs91m1
2022-06-04 10:08:57laowangdan → 要（发 ）广告，联系 bs91m1
2022-06-04 10:11:59USDThuzhu3 → 来（发 ）广告，联系 bs91m1
2022-06-04 10:13:40tongdao25 → 需要 软、件，找  bs91m1
2022-06-04 10:14:57xinbi_088 → 专业（发 ）广告，联系我 bs91m1
2022-06-04 10:17:16usdtdfds → 专业（发 ）广告，联系我 bs91m1
2022-06-04 10:20:55zhifuo → 专业（发 ）广告，联系我 bs91m1
2022-06-04 10:21:22xjltq → 想找人（ 发 ）广告，找   bs91m1
2022-06-04 10:22:16sunshineyyds → 想要（发 ）广告，找 bs91m1
2022-06-04 10:23:02yugzf → 需要 软、件，找  bs91m1
2022-06-04 10:25:46xjltq → 需要 群、发，找  bs91m1
2022-06-04 10:26:13daishou15 → 想要（发 ）广告，找 bs91m1
2022-06-04 10:26:40dbjlq1 → 需要 群、发，找  bs91m1
2022-06-04 10:27:33TG_King90 → 来（发 ）广告，联系 bs91m1
2022-06-04 10:28:44tongdao25 → 来（发 ）广告，联系 bs91m1
2022-06-04 10:29:55fb6789 → 需要 软、件，找  bs91m1
2022-06-04 10:32:24juliang666 → 要（发 ）广告，联系 bs91m1
2022-06-04 10:32:51juliang666 → 要（发 ）广告，联系 bs91m1
2022-06-04 10:35:55bailaohui_cvv → 想找人（ 发 ）广告，找   bs91m1
2022-06-04 10:36:42si1688 → 需要 群、发，找  bs91m1
2022-06-04 10:38:21TG_King90 → 需要 软、件，找  bs91m1
2022-06-04 10:39:11USDTm → 想找人（ 发 ）广告，找   bs91m1
2022-06-04 10:42:31sunshineyyds → 想找人（ 发 ）广告，找   bs91m1
2022-06-04 10:45:41smsjiema666 → 需要 软、件，找  bs91m1
2022-06-04 10:48:03usdtdfds → 要（发 ）广告，联系 bs91m1
2022-06-04 10:48:28axujj → 需要 群、发，找  bs91m1
2022-06-04 10:48:55chaxun2020 → 想找人（ 发 ）广告，找   bs91m1
2022-06-04 10:51:16WKLhuaren → 需要 软、件，找  bs91m1
2022-06-04 10:56:21laowangdan → 需要 软、件，找  bs91m1
2022-06-04 10:57:23sunshineyyds → 想要（发 ）广告，找 bs91m1
2022-06-04 11:02:01yugzf → 想要（发 ）广告，找 bs91m1
2022-06-04 11:02:49huione888 → 需要 群、发软、件，找  bs91m1
2022-06-04 11:03:35wz513064 → 需要 软、件，找  bs91m1
2022-06-04 11:06:59dbjlq1 → 来（发 ）广告，联系 bs91m1
2022-06-04 11:09:34tianziusdt → 准备（发 ）广告，找  bs91m1
2022-06-04 11:11:15USDThuzhu3 → 需要 群、发软、件，找  bs91m1
2022-06-04 11:12:06TG0188 → 准备（发 ）广告，找  bs91m1
2022-06-04 11:12:55bailaohui_cvv → 来（发 ）广告，联系 bs91m1
2022-06-04 11:16:02tongdao25 → 要（发 ）广告，联系 bs91m1
2022-06-04 11:16:28XxUP1121 → 想要（发 ）广告，找 bs91m1
2022-06-04 11:16:53daishou15 → 想要（发 ）广告，找 bs91m1
2022-06-04 11:18:15xinbi_088 → 需要 群、发软、件，找  bs91m1
2022-06-04 11:20:30laowangdan → 需要 群、发软、件，找  bs91m1
2022-06-04 11:24:02axujj → 想要（发 ）广告，找 bs91m1
2022-06-04 11:24:58usdtdfds → 来（发 ）广告，联系 bs91m1
2022-06-04 11:27:26zhifuo → 想找人（ 发 ）广告，找   bs91m1
2022-06-04 11:30:53jfhfhdgd → 需要 软、件，找  bs91m1
2022-06-04 11:31:47daishou15 → 想找人（ 发 ）广告，找   bs91m1
2022-06-04 11:32:33TG_King90 → 专业（发 ）广告，联系我 bs91m1
2022-06-04 11:35:17dfsdf5545 → 需要 群、发软、件，找  bs91m1
2022-06-04 11:36:04daifu76 → 准备（发 ）广告，找  bs91m1
2022-06-04 11:36:37baocai217 → 想找人（ 发 ）广告，找   bs91m1
2022-06-04 11:43:24Usdtbmw → 准备（发 ）广告，找  bs91m1
2022-06-04 11:46:24jiu_777 → 需要 群、发，找  bs91m1
2022-06-04 11:47:59chaxun2020 → 来（发 ）广告，联系 bs91m1
2022-06-04 11:49:05sunshineyyds → 来（发 ）广告，联系 bs91m1
2022-06-04 11:50:31sunshineyyds → 需要 群、发，找  bs91m1
2022-06-04 11:51:19bailaohui_cvv → 想要（发 ）广告，找 bs91m1
2022-06-04 11:52:55xjltq → 来（发 ）广告，联系 bs91m1
2022-06-04 11:53:46xjltq → 需要 软、件，找  bs91m1
2022-06-04 11:57:13si1688 → 需要 群、发，找  bs91m1
2022-06-04 11:58:38USDTm → 准备（发 ）广告，找  bs91m1
2022-06-04 11:59:04baocai217 → 需要 软、件，找  bs91m1
2022-06-04 11:59:51XxUP1121 → 准备（发 ）广告，找  bs91m1
2022-06-04 12:01:26daifu76 → 专业（发 ）广告，联系我 bs91m1
2022-06-04 12:01:59laowangdan → 准备（发 ）广告，找  bs91m1
2022-06-04 12:05:09smsjiema666 → 来（发 ）广告，联系 bs91m1
2022-06-04 12:08:13huione888 → 要（发 ）广告，联系 bs91m1
2022-06-04 12:11:02BAOAA → 来（发 ）广告，联系 bs91m1
2022-06-04 12:11:29bailaohui_cvv → 来（发 ）广告，联系 bs91m1
2022-06-04 12:12:02WKLhuaren → 想要（发 ）广告，找 bs91m1
2022-06-04 12:12:28juliang666 → 准备（发 ）广告，找  bs91m1
2022-06-04 12:14:23USDTm → 准备（发 ）广告，找  bs91m1
2022-06-04 12:16:04usdtdfds → 想要（发 ）广告，找 bs91m1
2022-06-04 12:21:04BAOAA → 专业（发 ）广告，联系我 bs91m1
2022-06-04 12:23:07TG_King90 → 来（发 ）广告，联系 bs91m1
2022-06-04 12:25:39TG0188 → 想找人（ 发 ）广告，找   bs91m1
2022-06-04 12:28:28bailaohui_cvv → 准备（发 ）广告，找  bs91m1
2022-06-04 12:30:07juliang666 → 准备（发 ）广告，找  bs91m1
2022-06-04 12:32:35tongdao25 → 需要 软、件，找  bs91m1
2022-06-04 12:35:58USDThuzhu3 → 需要 群、发软、件，找  bs91m1
2022-06-04 12:37:20daishou15 → 专业（发 ）广告，联系我 bs91m1
2022-06-04 12:38:07BAOAA → 专业（发 ）广告，联系我 bs91m1
2022-06-04 12:39:41TG_King90 → 专业（发 ）广告，联系我 bs91m1
2022-06-04 12:41:09chaxun2020 → 想要（发 ）广告，找 bs91m1
2022-06-04 12:42:02jfhfhdgd → 需要 群、发软、件，找  bs91m1
2022-06-04 12:42:28jiu_777 → 想要（发 ）广告，找 bs91m1
2022-06-04 12:44:29bailaohui_cvv → 需要 群、发，找  bs91m1
2022-06-04 12:47:11XxUP1121 → 需要 群、发软、件，找  bs91m1
2022-06-04 12:48:50axujj → 需要 群、发软、件，找  bs91m1
2022-06-04 12:50:48tongdao25 → 需要 群、发，找  bs91m1
2022-06-04 12:53:32daishou15 → 专业（发 ）广告，联系我 bs91m1
2022-06-04 12:55:40zhifuo → 想要（发 ）广告，找 bs91m1
2022-06-04 12:57:44yugzf → 专业（发 ）广告，联系我 bs91m1
2022-06-04 12:58:56laowangdan → 需要 群、发软、件，找  bs91m1
2022-06-04 13:00:05TG12389 → 需要 群、发软、件，找  bs91m1
2022-06-04 13:03:01si1688 → 专业（发 ）广告，联系我 bs91m1
2022-06-04 13:05:49baocai217 → 要（发 ）广告，联系 bs91m1
2022-06-04 13:06:36xjltq → 想找人（ 发 ）广告，找   bs91m1
2022-06-04 13:08:30Usdtbmw → 需要 群、发，找  bs91m1
2022-06-04 13:12:07dbjlq1 → 需要 软、件，找  bs91m1
2022-06-04 13:14:21usdtdfds → 想要（发 ）广告，找 bs91m1
2022-06-04 13:14:46daifu76 → 想找人（ 发 ）广告，找   bs91m1
2022-06-04 13:18:29juliang666 → 要（发 ）广告，联系 bs91m1
2022-06-04 13:19:36TG_King90 → 要（发 ）广告，联系 bs91m1
2022-06-04 13:24:11chaxun2020 → 专业（发 ）广告，联系我 bs91m1
2022-06-04 13:27:56jfhfhdgd → 专业（发 ）广告，联系我 bs91m1
2022-06-04 13:29:33huione888 → 想找人（ 发 ）广告，找   bs91m1
2022-06-04 13:31:53laowangdan → 需要 群、发，找  bs91m1
2022-06-04 13:33:03xjltq → 专业（发 ）广告，联系我 bs91m1
2022-06-04 13:33:58smsjiema666 → 需要 软、件，找  bs91m1
2022-06-04 13:36:25daishou15 → 来（发 ）广告，联系 bs91m1
2022-06-04 13:37:33bailaohui_cvv → 准备（发 ）广告，找  bs91m1
2022-06-04 13:38:23pshqo → 来（发 ）广告，联系 bs91m1
2022-06-04 13:39:36USDTm → 想找人（ 发 ）广告，找   bs91m1
2022-06-04 13:40:31xinbi_088 → 想要（发 ）广告，找 bs91m1
2022-06-04 13:45:14Usdtbmw → 需要 软、件，找  bs91m1
2022-06-04 13:47:21jiu_777 → 来（发 ）广告，联系 bs91m1
2022-06-04 13:49:17wz513064 → 来（发 ）广告，联系 bs91m1
2022-06-04 13:49:49si1688 → 来（发 ）广告，联系 bs91m1
2022-06-04 13:51:15laowangdan → 专业（发 ）广告，联系我 bs91m1
2022-06-04 13:55:12TG_King90 → 想要（发 ）广告，找 bs91m1
2022-06-04 13:58:26daifu76 → 专业（发 ）广告，联系我 bs91m1
2022-06-04 13:58:52tongdao25 → 来（发 ）广告，联系 bs91m1
2022-06-04 13:59:24USDThuzhu3 → 准备（发 ）广告，找  bs91m1
2022-06-04 14:03:34usdtdfds → 准备（发 ）广告，找  bs91m1
2022-06-04 14:04:27xinbi_088 → 需要 群、发软、件，找  bs91m1
2022-06-04 14:06:12jfhfhdgd → 想要（发 ）广告，找 bs91m1
2022-06-04 14:08:08zhifuo → 专业（发 ）广告，联系我 bs91m1
2022-06-04 14:14:48usdtdfds → 来（发 ）广告，联系 bs91m1
2022-06-04 14:15:59TG0188 → 准备（发 ）广告，找  bs91m1
2022-06-04 14:17:26juliang666 → 想找人（ 发 ）广告，找   bs91m1
2022-06-04 14:18:52xjltq → 想要（发 ）广告，找 bs91m1
2022-06-04 14:19:25tongdao25 → 要（发 ）广告，联系 bs91m1
2022-06-04 14:20:37dbjlq1 → 来（发 ）广告，联系 bs91m1
2022-06-04 14:21:04tianziusdt → 需要 群、发，找  bs91m1
2022-06-04 14:22:01bailaohui_cvv → 想找人（ 发 ）广告，找   bs91m1
2022-06-04 14:27:22laowangdan → 需要 软、件，找  bs91m1
2022-06-04 14:28:34baocai217 → 专业（发 ）广告，联系我 bs91m1
2022-06-04 14:29:26USDTm → 专业（发 ）广告，联系我 bs91m1
2022-06-04 14:31:46USDThuzhu3 → 想找人（ 发 ）广告，找   bs91m1
2022-06-04 14:33:02bailaohui_cvv → 要（发 ）广告，联系 bs91m1
2022-06-04 14:36:34lineline88 → 需要 群、发，找  bs91m1
2022-06-04 14:37:22axujj → 想找人（ 发 ）广告，找   bs91m1
2022-06-04 14:38:29TG_King90 → 需要 软、件，找  bs91m1
2022-06-04 14:42:01daishou15 → 需要 软、件，找  bs91m1
2022-06-04 14:45:38TG0188 → 想找人（ 发 ）广告，找   bs91m1
2022-06-04 14:46:26Usdtbmw → 需要 软、件，找  bs91m1
2022-06-04 14:48:33chaxun2020 → 想要（发 ）广告，找 bs91m1
2022-06-04 14:50:06xjltq → 准备（发 ）广告，找  bs91m1
2022-06-04 14:51:57jiu_777 → 专业（发 ）广告，联系我 bs91m1
2022-06-04 14:53:32huione888 → 想要（发 ）广告，找 bs91m1
2022-06-04 14:56:31laowangdan → 需要 群、发软、件，找  bs91m1
2022-06-04 15:01:34TG_King90 → 准备（发 ）广告，找  bs91m1
2022-06-04 15:05:22yugzf → 准备（发 ）广告，找  bs91m1
2022-06-04 15:07:27bailaohui_cvv → 准备（发 ）广告，找  bs91m1
2022-06-04 15:10:39juliang666 → 需要 群、发软、件，找  bs91m1
2022-06-04 15:13:44tianziusdt → 来（发 ）广告，联系 bs91m1
2022-06-04 15:14:57DNYPAY → 想要（发 ）广告，找 bs91m1
2022-06-04 15:16:50tongdao25 → 要（发 ）广告，联系 bs91m1
2022-06-04 15:17:37jfhfhdgd → 想找人（ 发 ）广告，找   bs91m1
2022-06-04 15:18:31bailaohui_cvv → 想找人（ 发 ）广告，找   bs91m1
2022-06-04 15:18:58chaxun2020 → 需要 群、发软、件，找  bs91m1
2022-06-04 15:20:57haoma69 → 需要 软、件，找  bs91m1
2022-06-04 15:21:22zhifuo → 需要 群、发软、件，找  bs91m1
2022-06-04 15:25:15wz513064 → 需要 群、发软、件，找  bs91m1
2022-06-04 15:28:27smsjiema666 → 准备（发 ）广告，找  bs91m1
2022-06-04 15:28:59usdtdfds → 需要 软、件，找  bs91m1
2022-06-04 15:29:45axujj → 专业（发 ）广告，联系我 bs91m1
2022-06-04 15:30:12TG_King90 → 来（发 ）广告，联系 bs91m1
2022-06-04 15:31:23USDThuzhu3 → 想要（发 ）广告，找 bs91m1
2022-06-04 15:31:49xinbi_088 → 专业（发 ）广告，联系我 bs91m1
2022-06-04 15:32:35xjltq → 专业（发 ）广告，联系我 bs91m1
2022-06-04 15:34:45daifu76 → 来（发 ）广告，联系 bs91m1
2022-06-04 15:37:44si1688 → 需要 群、发，找  bs91m1
2022-06-04 15:39:16daishou15 → 需要 群、发，找  bs91m1
2022-06-04 15:40:08baocai217 → 想要（发 ）广告，找 bs91m1
2022-06-04 15:41:17bailaohui_cvv → 专业（发 ）广告，联系我 bs91m1
2022-06-04 15:43:10daishou15 → 需要 群、发软、件，找  bs91m1
2022-06-04 15:44:59dbjlq1 → 需要 软、件，找  bs91m1
2022-06-04 15:51:07laowangdan → 想找人（ 发 ）广告，找   bs91m1
2022-06-04 15:54:50daifu76 → 专业（发 ）广告，联系我 bs91m1
2022-06-04 15:55:15xjltq → 要（发 ）广告，联系 bs91m1
2022-06-04 15:55:42bailaohui_cvv → 准备（发 ）广告，找  bs91m1
2022-06-04 15:59:39USDTm → 需要 群、发，找  bs91m1
2022-06-04 16:02:16huione888 → 需要 软、件，找  bs91m1
2022-06-04 16:03:55usdtdfds → 专业（发 ）广告，联系我 bs91m1
2022-06-04 16:04:42Usdtbmw → 要（发 ）广告，联系 bs91m1
2022-06-04 16:05:09axujj → 来（发 ）广告，联系 bs91m1
2022-06-04 16:07:04juliang666 → 需要 群、发软、件，找  bs91m1
2022-06-04 16:08:40jfhfhdgd → 准备（发 ）广告，找  bs91m1
2022-06-04 16:13:17tongdao25 → 需要 群、发软、件，找  bs91m1
2022-06-04 16:16:22jiu_777 → 要（发 ）广告，联系 bs91m1
2022-06-04 16:18:23laowangdan → 需要 群、发，找  bs91m1
2022-06-04 16:20:15chaxun2020 → 需要 软、件，找  bs91m1
2022-06-04 16:24:41TG_King90 → 需要 软、件，找  bs91m1
2022-06-04 16:26:41juliang666 → 想找人（ 发 ）广告，找   bs91m1
2022-06-04 16:27:52zhifuo → 想要（发 ）广告，找 bs91m1
2022-06-04 16:32:58USDThuzhu3 → 想找人（ 发 ）广告，找   bs91m1
2022-06-04 16:33:24TG0188 → 想要（发 ）广告，找 bs91m1
2022-06-04 16:37:47tongdao25 → 需要 群、发软、件，找  bs91m1
2022-06-04 16:38:13dbjlq1 → 想要（发 ）广告，找 bs91m1
2022-06-04 16:38:39laowangdan → 来（发 ）广告，联系 bs91m1
2022-06-04 16:39:05xinbi_088 → 想找人（ 发 ）广告，找   bs91m1
2022-06-04 16:40:16baocai217 → 需要 软、件，找  bs91m1
2022-06-04 16:51:36TG_King90 → 需要 群、发，找  bs91m1
2022-06-04 16:52:01usdtdfds → 需要 群、发软、件，找  bs91m1
2022-06-04 16:52:27daishou15 → 想找人（ 发 ）广告，找   bs91m1
2022-06-04 16:57:46daishou15 → 需要 软、件，找  bs91m1
2022-06-04 16:58:32si1688 → 需要 群、发，找  bs91m1
2022-06-04 17:00:05bailaohui_cvv → 需要 群、发软、件，找  bs91m1
2022-06-04 17:01:54xjltq → 想找人（ 发 ）广告，找   bs91m1
2022-06-04 17:02:20huione888 → 想要（发 ）广告，找 bs91m1
2022-06-04 17:03:58smsjiema666 → 需要 软、件，找  bs91m1
2022-06-04 17:04:23BAOAA → 需要 软、件，找  bs91m1
2022-06-04 17:07:04jfhfhdgd → 来（发 ）广告，联系 bs91m1
2022-06-04 17:10:42tongdao25 → 想要（发 ）广告，找 bs91m1
2022-06-04 17:16:00xjltq → 需要 软、件，找  bs91m1
2022-06-04 17:16:32TG_King90 → 想找人（ 发 ）广告，找   bs91m1
2022-06-04 17:19:05usdtdfds → 准备（发 ）广告，找  bs91m1
2022-06-04 17:26:45daifu76 → 准备（发 ）广告，找  bs91m1
2022-06-04 17:29:56bailaohui_cvv → 要（发 ）广告，联系 bs91m1
2022-06-04 17:30:22huione888 → 需要 群、发软、件，找  bs91m1
2022-06-04 17:31:41TG0188 → 需要 群、发软、件，找  bs91m1
2022-06-04 17:33:29laowangdan → 想找人（ 发 ）广告，找   bs91m1
2022-06-04 17:35:38juliang666 → 准备（发 ）广告，找  bs91m1
2022-06-04 17:39:07bailaohui_cvv → 需要 群、发，找  bs91m1
2022-06-04 17:40:20zhifuo → 要（发 ）广告，联系 bs91m1
2022-06-04 17:41:36khjc1133 → 想要（发 ）广告，找 bs91m1
2022-06-04 17:42:23yugzf → 想找人（ 发 ）广告，找   bs91m1
2022-06-04 17:44:58wz513064 → 来（发 ）广告，联系 bs91m1
2022-06-04 17:45:58si1688 → 准备（发 ）广告，找  bs91m1
2022-06-04 17:49:13chaxun2020 → 准备（发 ）广告，找  bs91m1
2022-06-04 17:51:59daishou15 → 来（发 ）广告，联系 bs91m1
2022-06-04 17:56:40USDTm → 想找人（ 发 ）广告，找   bs91m1
2022-06-04 17:57:49baocai217 → 想找人（ 发 ）广告，找   bs91m1
2022-06-04 18:00:42chaxun2020 → 想找人（ 发 ）广告，找   bs91m1
2022-06-04 18:03:04Usdtbmw → 准备（发 ）广告，找  bs91m1
2022-06-04 18:05:03XxUP1121 → 需要 群、发，找  bs91m1
2022-06-04 18:07:14bailaohui_cvv → 要（发 ）广告，联系 bs91m1
2022-06-04 18:07:40jfhfhdgd → 想要（发 ）广告，找 bs91m1
2022-06-04 18:08:06dbjlq1 → 需要 群、发，找  bs91m1
2022-06-04 18:10:19laowangdan → 专业（发 ）广告，联系我 bs91m1
2022-06-04 18:11:53axujj → 需要 群、发，找  bs91m1
2022-06-04 18:12:43TG_King90 → 准备（发 ）广告，找  bs91m1
2022-06-04 18:13:08usdtdfds → 要（发 ）广告，联系 bs91m1
2022-06-04 18:13:33xjltq → 需要 群、发，找  bs91m1
2022-06-04 18:14:01bailaohui_cvv → 需要 群、发，找  bs91m1
2022-06-04 18:15:23USDThuzhu3 → 准备（发 ）广告，找  bs91m1
2022-06-04 18:16:25jiu_777 → 准备（发 ）广告，找  bs91m1
2022-06-04 18:19:21smsjiema666 → 需要 群、发，找  bs91m1
2022-06-04 18:22:03USDTm → 准备（发 ）广告，找  bs91m1
2022-06-04 18:27:37juliang666 → 需要 群、发软、件，找  bs91m1
2022-06-04 18:28:03tongdao25 → 要（发 ）广告，联系 bs91m1
2022-06-04 18:30:27daifu76 → 来（发 ）广告，联系 bs91m1
2022-06-04 18:32:40daishou15 → 需要 软、件，找  bs91m1
2022-06-04 18:34:47TG_King90 → 专业（发 ）广告，联系我 bs91m1
2022-06-04 18:35:13usdtdfds → 专业（发 ）广告，联系我 bs91m1
2022-06-04 18:38:19xinbi_088 → 需要 群、发软、件，找  bs91m1
2022-06-04 18:40:46tongdao25 → 需要 软、件，找  bs91m1
2022-06-04 18:41:12laowangdan → 专业（发 ）广告，联系我 bs91m1
2022-06-04 18:44:25baocai217 → 想找人（ 发 ）广告，找   bs91m1
2022-06-04 18:47:44xjltq → 需要 群、发，找  bs91m1
2022-06-04 18:48:09zhifuo → 需要 群、发，找  bs91m1
2022-06-04 18:49:49wz513064 → 要（发 ）广告，联系 bs91m1
2022-06-04 18:53:33dbjlq1 → 准备（发 ）广告，找  bs91m1
2022-06-04 18:54:27jiu_777 → 想要（发 ）广告，找 bs91m1
2022-06-04 18:56:25XxUP1121 → 想找人（ 发 ）广告，找   bs91m1
2022-06-04 18:58:57USDThuzhu3 → 想要（发 ）广告，找 bs91m1
2022-06-04 19:00:13TG_King90 → 需要 群、发软、件，找  bs91m1
2022-06-04 19:01:25chaxun2020 → 需要 群、发，找  bs91m1
2022-06-04 19:02:44bailaohui_cvv → 想要（发 ）广告，找 bs91m1
2022-06-04 19:03:49daishou15 → 来（发 ）广告，联系 bs91m1
2022-06-04 19:10:05huione888 → 要（发 ）广告，联系 bs91m1
2022-06-04 19:13:12xjltq → 需要 软、件，找  bs91m1
2022-06-04 19:14:06Usdtbmw → 要（发 ）广告，联系 bs91m1
2022-06-04 19:15:33TG0188 → 需要 软、件，找  bs91m1
2022-06-04 19:18:12laowangdan → 想要（发 ）广告，找 bs91m1
2022-06-04 19:19:31si1688 → 需要 软、件，找  bs91m1
2022-06-04 19:20:18dx119188 → 想要（发 ）广告，找 bs91m1
2022-06-04 19:22:12usdtdfds → 准备（发 ）广告，找  bs91m1
2022-06-04 19:24:12xjltq → 需要 软、件，找  bs91m1
2022-06-04 19:28:28jfhfhdgd → 需要 群、发软、件，找  bs91m1
2022-06-04 19:32:55xinbi_088 → 需要 软、件，找  bs91m1
2022-06-04 19:34:14tianziusdt → 来（发 ）广告，联系 bs91m1
2022-06-04 19:35:09laowangdan → 要（发 ）广告，联系 bs91m1
2022-06-04 19:36:22USDThuzhu3 → 想要（发 ）广告，找 bs91m1
2022-06-04 19:38:10USDTm → 需要 软、件，找  bs91m1
2022-06-04 19:38:36daifu76 → 需要 群、发软、件，找  bs91m1
2022-06-04 19:43:45huione888 → 想找人（ 发 ）广告，找   bs91m1
2022-06-04 19:45:23tongdao25 → 来（发 ）广告，联系 bs91m1
2022-06-04 19:46:10axujj → 需要 群、发，找  bs91m1
2022-06-04 19:48:32daishou15 → 需要 群、发软、件，找  bs91m1
2022-06-04 19:49:20bailaohui_cvv → 需要 群、发软、件，找  bs91m1
2022-06-04 19:49:46baocai217 → 来（发 ）广告，联系 bs91m1
2022-06-04 19:50:36bailaohui_cvv → 专业（发 ）广告，联系我 bs91m1
2022-06-04 19:53:53dbjlq1 → 想要（发 ）广告，找 bs91m1
2022-06-04 19:54:50jfhfhdgd → 想找人（ 发 ）广告，找   bs91m1
2022-06-04 19:57:27xjltq → 想要（发 ）广告，找 bs91m1
2022-06-04 20:01:55si1688 → 想找人（ 发 ）广告，找   bs91m1
2022-06-04 20:04:52Usdtbmw → 想要（发 ）广告，找 bs91m1
2022-06-04 20:06:03juliang666 → 需要 群、发，找  bs91m1
2022-06-04 20:12:16juliang666 → 来（发 ）广告，联系 bs91m1
2022-06-04 20:14:36bailaohui_cvv → 想要（发 ）广告，找 bs91m1
2022-06-04 20:15:53daishou15 → 需要 群、发软、件，找  bs91m1
2022-06-04 20:16:19daifu76 → 需要 群、发软、件，找  bs91m1
2022-06-04 20:18:46TG0188 → 专业（发 ）广告，联系我 bs91m1
2022-06-04 20:19:43jiema868 → 需要 软、件，找  bs91m1
2022-06-04 20:20:53zhifuo → 需要 群、发，找  bs91m1
2022-06-04 20:25:06TG_King90 → 需要 群、发，找  bs91m1
2022-06-04 20:27:18heimachuhai → 来（发 ）广告，联系 bs91m1
2022-06-04 20:29:08tongdao25 → 准备（发 ）广告，找  bs91m1
2022-06-04 20:29:36wz513064 → 来（发 ）广告，联系 bs91m1
2022-06-04 20:30:44chaxun2020 → 要（发 ）广告，联系 bs91m1
2022-06-04 20:31:56laowangdan → 来（发 ）广告，联系 bs91m1
2022-06-04 20:35:10smsjiema666 → 需要 群、发，找  bs91m1
2022-06-04 20:35:55usdtdfds → 需要 群、发软、件，找  bs91m1
2022-06-04 20:37:32baocai217 → 专业（发 ）广告，联系我 bs91m1
2022-06-04 20:39:19jiu_777 → 准备（发 ）广告，找  bs91m1
2022-06-04 20:46:10laowangdan → 想要（发 ）广告，找 bs91m1
2022-06-04 20:50:33tongdao25 → 想要（发 ）广告，找 bs91m1
2022-06-04 20:51:21TG_King90 → 想要（发 ）广告，找 bs91m1
2022-06-04 20:51:47Usdtbmw → 来（发 ）广告，联系 bs91m1
2022-06-04 20:53:03bailaohui_cvv → 需要 群、发软、件，找  bs91m1
2022-06-04 20:54:11bailaohui_cvv → 专业（发 ）广告，联系我 bs91m1
2022-06-04 20:55:30axujj → 想找人（ 发 ）广告，找   bs91m1
2022-06-04 20:57:53xinbi_088 → 需要 群、发软、件，找  bs91m1
2022-06-04 21:01:57USDThuzhu3 → 专业（发 ）广告，联系我 bs91m1
2022-06-04 21:03:31usdtdfds → 想要（发 ）广告，找 bs91m1
2022-06-04 21:05:01jfhfhdgd → 需要 群、发，找  bs91m1
2022-06-04 21:05:57jiu_777 → 需要 软、件，找  bs91m1
2022-06-04 21:07:15daishou15 → 需要 群、发，找  bs91m1
2022-06-04 21:11:37XxUP1121 → 需要 群、发，找  bs91m1
2022-06-04 21:13:19TG_King90 → 需要 群、发，找  bs91m1
2022-06-04 21:18:10USDTm → 准备（发 ）广告，找  bs91m1
2022-06-04 21:19:43laowangdan → 准备（发 ）广告，找  bs91m1
2022-06-04 21:21:22xjltq → 来（发 ）广告，联系 bs91m1
2022-06-04 21:21:48xjltq → 需要 群、发，找  bs91m1
2022-06-04 21:22:39juliang666 → 要（发 ）广告，联系 bs91m1
2022-06-04 21:25:05huione888 → 想要（发 ）广告，找 bs91m1
2022-06-04 21:34:00daifu76 → 来（发 ）广告，联系 bs91m1
2022-06-04 21:36:43chaxun2020 → 要（发 ）广告，联系 bs91m1
2022-06-04 21:37:36bailaohui_cvv → 想要（发 ）广告，找 bs91m1
2022-06-04 21:38:02zhifuo → 需要 群、发，找  bs91m1
2022-06-04 21:47:00xinbi_088 → 要（发 ）广告，联系 bs91m1
2022-06-04 21:47:45baocai217 → 想要（发 ）广告，找 bs91m1
2022-06-04 21:55:34tongdao25 → 想找人（ 发 ）广告，找   bs91m1
2022-06-04 21:56:19xjltq → 专业（发 ）广告，联系我 bs91m1
2022-06-04 21:57:07wz513064 → 来（发 ）广告，联系 bs91m1
2022-06-04 21:57:34jfhfhdgd → 需要 群、发软、件，找  bs91m1
2022-06-04 22:04:35yinduliuliang66 → 想找人（ 发 ）广告，找   bs91m1
2022-06-04 22:06:17USDTm → 需要 群、发，找  bs91m1
2022-06-04 22:06:42usdtdfds → 需要 群、发软、件，找  bs91m1
2022-06-04 22:07:08USDThuzhu3 → 需要 群、发软、件，找  bs91m1
2022-06-04 22:08:26haiqazwsx → 需要 群、发，找  bs91m1
2022-06-04 22:10:19TG_King90 → 需要 群、发，找  bs91m1
2022-06-04 22:11:12laowangdan → 要（发 ）广告，联系 bs91m1
2022-06-04 22:14:45XxUP1121 → 准备（发 ）广告，找  bs91m1
2022-06-04 22:16:31daifu76 → 来（发 ）广告，联系 bs91m1
2022-06-04 22:23:26chaxun2020 → 需要 群、发，找  bs91m1
2022-06-04 22:26:50bailaohui_cvv → 想找人（ 发 ）广告，找   bs91m1
2022-06-04 22:27:37daishou15 → 专业（发 ）广告，联系我 bs91m1
2022-06-04 22:28:03huione888 → 需要 群、发，找  bs91m1
2022-06-04 22:29:13XxUP1121 → 准备（发 ）广告，找  bs91m1
2022-06-04 22:33:37smsjiema666 → 需要 群、发软、件，找  bs91m1
2022-06-04 22:36:39Usdtbmw → 专业（发 ）广告，联系我 bs91m1
2022-06-04 22:39:52TG_King90 → 专业（发 ）广告，联系我 bs91m1
2022-06-04 22:40:19juliang666 → 需要 软、件，找  bs91m1
2022-06-04 22:40:52laowangdan → 专业（发 ）广告，联系我 bs91m1
2022-06-04 22:41:41usdtdfds → 想找人（ 发 ）广告，找   bs91m1
2022-06-04 22:46:42bailaohui_cvv → 需要 群、发，找  bs91m1
2022-06-04 22:48:16xjltq → 需要 群、发，找  bs91m1
2022-06-04 22:51:49chaxun2020 → 来（发 ）广告，联系 bs91m1
2022-06-04 22:53:02tongdao25 → 来（发 ）广告，联系 bs91m1
2022-06-04 23:00:11baocai217 → 专业（发 ）广告，联系我 bs91m1
2022-06-04 23:01:18TG_King90 → 来（发 ）广告，联系 bs91m1
2022-06-04 23:04:22zhifuo → 来（发 ）广告，联系 bs91m1
2022-06-04 23:05:58xjltq → 准备（发 ）广告，找  bs91m1
2022-06-04 23:08:19jfhfhdgd → 来（发 ）广告，联系 bs91m1
2022-06-04 23:15:41znpos8 → 准备（发 ）广告，找  bs91m1
2022-06-04 23:17:19daifu76 → 需要 软、件，找  bs91m1
2022-06-04 23:18:56laowangdan → 想找人（ 发 ）广告，找   bs91m1
2022-06-04 23:23:16bailaohui_cvv → 需要 群、发软、件，找  bs91m1
2022-06-04 23:26:39USDThuzhu3 → 想要（发 ）广告，找 bs91m1
2022-06-04 23:28:46huione888 → 想找人（ 发 ）广告，找   bs91m1
2022-06-04 23:29:13laowangdan → 需要 群、发，找  bs91m1
2022-06-04 23:31:04tongdao25 → 来（发 ）广告，联系 bs91m1
2022-06-04 23:32:54daishou15 → 想找人（ 发 ）广告，找   bs91m1
2022-06-04 23:34:09usdtdfds → 要（发 ）广告，联系 bs91m1
2022-06-04 23:36:51juliang666 → 来（发 ）广告，联系 bs91m1
2022-06-04 23:43:38xjltq → 准备（发 ）广告，找  bs91m1
2022-06-04 23:44:05huione888 → 需要 群、发软、件，找  bs91m1
2022-06-04 23:45:57TG_King90 → 想要（发 ）广告，找 bs91m1
2022-06-04 23:46:54tianziusdt → 需要 群、发，找  bs91m1
2022-06-04 23:47:52smsjiema666 → 需要 群、发，找  bs91m1
2022-06-04 23:48:40bailaohui_cvv → 需要 群、发软、件，找  bs91m1
2022-06-04 23:49:07wz513064 → 需要 软、件，找  bs91m1
2022-06-04 23:51:30bailaohui_cvv → 来（发 ）广告，联系 bs91m1
2022-06-04 23:55:49xinbi_088 → 准备（发 ）广告，找  bs91m1
2022-06-04 23:56:35usdtdfds → 准备（发 ）广告，找  bs91m1