
2022-05-25 08:11:08HWDBQ → 精准🔥代🌹发🔥轰🌍炸 bs91m1
2022-05-25 08:11:37TRJ_shore001 → 精准🔥代🌹发🔥轰🌍炸 bs91m1
2022-05-25 08:12:26haxijulebu66 → 精准🔥代🌹发🔥轰🌍炸 bs91m1
2022-05-25 08:12:52xianliao01 → 精准🔥代🌹发🔥轰🌍炸 bs91m1
2022-05-25 08:13:13Fkzy_Group → 精准🔥代🌹发🔥轰🌍炸 bs91m1
2022-05-25 08:13:29TG96110 → 精准🔥代🌹发🔥轰🌍炸 bs91m1
2022-05-25 08:13:42TGlianmeng002 → 精准🔥代🌹发🔥轰🌍炸 bs91m1
2022-05-25 08:17:06yitaifang4 → 精准🔥代🌹发🔥轰🌍炸 bs91m1
2022-05-25 08:17:46haxitouzhu → 精准🔥代🌹发🔥轰🌍炸 bs91m1
2022-05-25 08:18:33dubai_37 → 精准🔥代🌹发🔥轰🌍炸 bs91m1
2022-05-25 08:18:46tianziusdt → 精准🔥代🌹发🔥轰🌍炸 bs91m1
2022-05-25 08:19:34usdthuihuan → 精准🔥代🌹发🔥轰🌍炸 bs91m1
2022-05-25 08:19:48BtokCN_001 → 精准🔥代🌹发🔥轰🌍炸 bs91m1
2022-05-25 08:20:11TGlianmeng002 → 精准🔥代🌹发🔥轰🌍炸 bs91m1
2022-05-25 08:20:18dubai1199 → 精准🔥代🌹发🔥轰🌍炸 bs91m1
2022-05-25 08:20:50weikang2020 → 精准🔥代🌹发🔥轰🌍炸 bs91m1
2022-05-25 08:21:30BSC_ID_vip12 → 精准🔥代🌹发🔥轰🌍炸 bs91m1
2022-05-25 08:22:48bs91m990 → 精准🔥代🌹发🔥轰🌍炸 bs91m1
2022-05-25 08:23:14TG96110 → 可以添加多个广告词
2022-05-25 08:23:35tiktokyinfen → 可以添加多个广告词
2022-05-25 08:23:48USDTm → 可以添加多个广告词
2022-05-25 08:23:55NodeGlobal → 精准🔥代🌹发🔥轰🌍炸 bs91m1
2022-05-25 08:24:08TG_88888 → 精准🔥代🌹发🔥轰🌍炸 bs91m1
2022-05-25 08:24:18yuantoushuju4 → 精准🔥代🌹发🔥轰🌍炸 bs91m1
2022-05-25 08:24:26az123818 → 可以添加多个广告词
2022-05-25 08:24:40AsunaHentai → 精准🔥代🌹发🔥轰🌍炸 bs91m1
2022-05-25 08:25:29x00008 → 可以添加多个广告词
2022-05-25 08:25:45xingxingpiaohao1 → 可以添加多个广告词
2022-05-25 08:26:07usdtdfds → 精准🔥代🌹发🔥轰🌍炸 bs91m1
2022-05-25 08:26:56qunfalaren2 → 可以添加多个广告词
2022-05-25 08:27:19TG0799 → 精准🔥代🌹发🔥轰🌍炸 bs91m1
2022-05-25 08:28:17sdjsafhsudij → 可以添加多个广告词
2022-05-25 08:28:30ws888818svipbot1 → 可以添加多个广告词
2022-05-25 08:28:46TGlianmeng002 → 可以添加多个广告词
2022-05-25 08:29:14zizi55665665 → 可以添加多个广告词
2022-05-25 08:29:43mangguohaxivip1 → 可以添加多个广告词
2022-05-25 08:30:01xjltq → 精准🔥代🌹发🔥轰🌍炸 bs91m1
2022-05-25 08:30:31USDThuzhu3 → 精准🔥代🌹发🔥轰🌍炸 bs91m1
2022-05-25 08:30:51x00008 → 精准🔥代🌹发🔥轰🌍炸 bs91m1
2022-05-25 08:31:07axujj → 可以添加多个广告词
2022-05-25 08:31:37qianloon → 可以添加多个广告词
2022-05-25 08:32:05mnl111 → 精准🔥代🌹发🔥轰🌍炸 bs91m1