
2022-06-06 00:03:05TG_King90 → 需要 软、件，找  bs91m1
2022-06-06 00:04:19xbdb01 → 需要 群、发软、件，找  bs91m1
2022-06-06 00:05:58daifu76 → 需要 群、发，找  bs91m1
2022-06-06 00:09:13usdtdfds → 要（发 ）广告，联系 bs91m1
2022-06-06 00:10:40xinbi_088 → 需要 群、发软、件，找  bs91m1
2022-06-06 01:33:24yangfanchuhainnz → 想找人（ 发 ）广告，找   bs91m1
2022-06-06 01:34:28smsjiema666 → 需要 群、发软、件，找  bs91m1
2022-06-06 01:39:21chaxun2020 → 需要 软、件，找  bs91m1
2022-06-06 01:42:27usdthuihuan → 需要 群、发，找  bs91m1
2022-06-06 01:45:09xjltq → 需要 软、件，找  bs91m1
2022-06-06 01:47:31guge1235 → 需要 软、件，找  bs91m1
2022-06-06 01:48:17laowangdan → 想找人（ 发 ）广告，找   bs91m1
2022-06-06 01:49:05wz513064 → 需要 群、发，找  bs91m1
2022-06-06 01:50:09yhsz023 → 专业（发 ）广告，联系我 bs91m1
2022-06-06 01:51:49bailaohui_cvv → 想找人（ 发 ）广告，找   bs91m1
2022-06-06 01:53:40TG_King90 → 来（发 ）广告，联系 bs91m1
2022-06-06 01:55:29DragonIndia → 要（发 ）广告，联系 bs91m1
2022-06-06 01:57:16WWOOPQI → 准备（发 ）广告，找  bs91m1
2022-06-06 01:57:42juliang666 → 想要（发 ）广告，找 bs91m1
2022-06-06 01:58:08baocai217 → 需要 群、发软、件，找  bs91m1
2022-06-06 01:59:17Usdtbmw → 需要 群、发，找  bs91m1
2022-06-06 02:01:39az123818 → 想找人（ 发 ）广告，找   bs91m1
2022-06-06 02:04:32bailaohui_cvv → 准备（发 ）广告，找  bs91m1
2022-06-06 02:06:57Americaninala → 想要（发 ）广告，找 bs91m1
2022-06-06 02:08:33chuhai007028 → 专业（发 ）广告，联系我 bs91m1
2022-06-06 02:12:19haixiangapp2020 → 需要 软、件，找  bs91m1
2022-06-06 02:15:18zhifuo → 想找人（ 发 ）广告，找   bs91m1
2022-06-06 02:18:51daifu76 → 要（发 ）广告，联系 bs91m1
2022-06-06 02:21:15laqizi521 → 想要（发 ）广告，找 bs91m1
2022-06-06 02:23:10ssrtools → 专业（发 ）广告，联系我 bs91m1
2022-06-06 02:23:58usdtdfds → 想要（发 ）广告，找 bs91m1
2022-06-06 02:24:41tgh56734 → 需要 软、件，找  bs91m1
2022-06-06 02:25:29A_K_3A → 要（发 ）广告，联系 bs91m1
2022-06-06 02:29:15laowangdan → 需要 软、件，找  bs91m1
2022-06-06 02:29:56whatsappyewu6 → 想找人（ 发 ）广告，找   bs91m1
2022-06-06 02:31:05vjvyg → 准备（发 ）广告，找  bs91m1
2022-06-06 02:32:20dfsdf5545 → 需要 群、发软、件，找  bs91m1
2022-06-06 02:35:04weikang2020 → 需要 群、发软、件，找  bs91m1
2022-06-06 02:35:31tianziusdt → 专业（发 ）广告，联系我 bs91m1
2022-06-06 02:38:23chaxun2020 → 来（发 ）广告，联系 bs91m1
2022-06-06 02:40:02bailaohui_cvv → 需要 软、件，找  bs91m1
2022-06-06 02:41:48whatsappLQ → 需要 群、发软、件，找  bs91m1
2022-06-06 02:42:26langrensha258 → 需要 软、件，找  bs91m1
2022-06-06 02:42:52tongdao25 → 要（发 ）广告，联系 bs91m1
2022-06-06 02:43:50USDTm → 需要 软、件，找  bs91m1
2022-06-06 02:48:05jfhfhdgd → 想找人（ 发 ）广告，找   bs91m1
2022-06-06 02:49:29cxhfd232 → 需要 群、发软、件，找  bs91m1
2022-06-06 02:51:23juliang666 → 准备（发 ）广告，找  bs91m1
2022-06-06 02:51:49TG1949521 → 需要 软、件，找  bs91m1
2022-06-06 02:53:05dubai_37 → 需要 群、发，找  bs91m1
2022-06-06 02:53:32XxUP1121 → 来（发 ）广告，联系 bs91m1
2022-06-06 02:54:14NodeGlobal → 准备（发 ）广告，找  bs91m1
2022-06-06 02:56:20TG_King90 → 来（发 ）广告，联系 bs91m1
2022-06-06 02:59:04huifengtouziVIP1 → 需要 软、件，找  bs91m1
2022-06-06 02:59:30znpos8 → 想要（发 ）广告，找 bs91m1
2022-06-06 02:59:56usdtdfds → 要（发 ）广告，联系 bs91m1
2022-06-06 03:01:38HTKsms → 想找人（ 发 ）广告，找   bs91m1
2022-06-06 03:03:50xieyihao12 → 专业（发 ）广告，联系我 bs91m1
2022-06-06 03:07:01haxitouzhu → 来（发 ）广告，联系 bs91m1
2022-06-06 03:08:07fbasfgsd → 想要（发 ）广告，找 bs91m1
2022-06-06 03:08:33USDThuzhu3 → 专业（发 ）广告，联系我 bs91m1
2022-06-06 03:10:45xjltq → 准备（发 ）广告，找  bs91m1
2022-06-06 03:13:02dx119778 → 需要 软、件，找  bs91m1
2022-06-06 03:14:15xjltq → 需要 群、发软、件，找  bs91m1
2022-06-06 03:16:48xiaochuanch1 → 准备（发 ）广告，找  bs91m1
2022-06-06 03:17:36huione888 → 需要 软、件，找  bs91m1
2022-06-06 03:21:09lovehash929 → 需要 群、发，找  bs91m1
2022-06-06 03:21:58XxUP1121 → 需要 群、发，找  bs91m1
2022-06-06 03:23:48TG_King90 → 想要（发 ）广告，找 bs91m1
2022-06-06 03:25:14xiaopangbaxijiaoliu → 需要 群、发软、件，找  bs91m1
2022-06-06 03:28:25moxigeguge → 准备（发 ）广告，找  bs91m1
2022-06-06 03:30:46smsjiema666 → 需要 软、件，找  bs91m1
2022-06-06 03:31:57bailaohui_cvv → 想找人（ 发 ）广告，找   bs91m1
2022-06-06 03:32:44zhifuo → 想要（发 ）广告，找 bs91m1
2022-06-06 03:33:50elsjla → 需要 群、发，找  bs91m1
2022-06-06 03:35:18youzichuhai168 → 需要 软、件，找  bs91m1
2022-06-06 03:38:34Maike003 → 要（发 ）广告，联系 bs91m1
2022-06-06 03:39:47huoshanhaxiyule → 需要 软、件，找  bs91m1
2022-06-06 03:40:13tongdao25 → 需要 软、件，找  bs91m1
2022-06-06 03:41:01daishou15 → 想要（发 ）广告，找 bs91m1
2022-06-06 03:41:47dx119169 → 专业（发 ）广告，联系我 bs91m1
2022-06-06 03:42:54daifu76 → 需要 群、发，找  bs91m1
2022-06-06 03:46:25xinmengzuixin → 需要 群、发软、件，找  bs91m1
2022-06-06 03:47:33baocai217 → 想要（发 ）广告，找 bs91m1
2022-06-06 03:47:59TG1949521 → 专业（发 ）广告，联系我 bs91m1
2022-06-06 03:48:26juliang666 → 要（发 ）广告，联系 bs91m1
2022-06-06 03:51:43wangzhuan75 → 来（发 ）广告，联系 bs91m1
2022-06-06 03:52:47tiandaochuhai0 → 需要 群、发，找  bs91m1
2022-06-06 03:56:32jfhfhdgd → 想找人（ 发 ）广告，找   bs91m1
2022-06-06 03:57:33dx119168 → 需要 群、发软、件，找  bs91m1
2022-06-06 03:58:25xingbi0088 → 需要 软、件，找  bs91m1
2022-06-06 03:59:33laowangdan → 来（发 ）广告，联系 bs91m1
2022-06-06 04:00:10zyzftd → 要（发 ）广告，联系 bs91m1
2022-06-06 04:04:57axujj → 需要 群、发软、件，找  bs91m1
2022-06-06 04:06:18yhsz057 → 想要（发 ）广告，找 bs91m1
2022-06-06 04:06:44USDThuzhu3 → 想找人（ 发 ）广告，找   bs91m1
2022-06-06 04:07:51chaxun2020 → 想找人（ 发 ）广告，找   bs91m1
2022-06-06 04:08:39usdtdfds → 想要（发 ）广告，找 bs91m1
2022-06-06 04:12:03DNYPAY → 需要 软、件，找  bs91m1
2022-06-06 04:14:17HQ1DB001 → 需要 群、发，找  bs91m1
2022-06-06 04:15:25Usdtbmw → 想找人（ 发 ）广告，找   bs91m1
2022-06-06 04:18:03lineline88 → 需要 群、发软、件，找  bs91m1
2022-06-06 04:18:28tongdao25 → 需要 软、件，找  bs91m1
2022-06-06 04:20:02xjltq → 专业（发 ）广告，联系我 bs91m1
2022-06-06 04:21:36tianyancha08 → 想找人（ 发 ）广告，找   bs91m1
2022-06-06 04:22:23huione888 → 要（发 ）广告，联系 bs91m1
2022-06-06 04:23:00dx119118 → 来（发 ）广告，联系 bs91m1
2022-06-06 04:24:49ziyuan682 → 要（发 ）广告，联系 bs91m1
2022-06-06 04:25:15laowangdan → 想找人（ 发 ）广告，找   bs91m1
2022-06-06 04:26:25bailaohui_cvv → 需要 群、发软、件，找  bs91m1
2022-06-06 04:28:21baocai217 → 想找人（ 发 ）广告，找   bs91m1
2022-06-06 04:29:07xinbi_088 → 准备（发 ）广告，找  bs91m1
2022-06-06 04:31:57TG_King90 → 需要 软、件，找  bs91m1
2022-06-06 04:33:17feilvbinguge → 需要 群、发，找  bs91m1
2022-06-06 04:38:52mygjsms → 需要 软、件，找  bs91m1
2022-06-06 04:40:08tyui1234563 → 准备（发 ）广告，找  bs91m1
2022-06-06 04:42:02daishou15 → 想要（发 ）广告，找 bs91m1
2022-06-06 04:46:19chuhaiVIP88 → 要（发 ）广告，联系 bs91m1
2022-06-06 04:46:45xjltq → 准备（发 ）广告，找  bs91m1
2022-06-06 04:47:33zhifuo → 要（发 ）广告，联系 bs91m1
2022-06-06 04:48:57qwdqwdww → 需要 群、发，找  bs91m1
2022-06-06 04:50:11HWDBQ → 要（发 ）广告，联系 bs91m1
2022-06-06 04:52:00bailaohui_cvv → 要（发 ）广告，联系 bs91m1
2022-06-06 04:55:49ddd5555d → 来（发 ）广告，联系 bs91m1
2022-06-06 04:56:27vcgfdgfd522 → 来（发 ）广告，联系 bs91m1
2022-06-06 04:56:56yinhe1661 → 专业（发 ）广告，联系我 bs91m1
2022-06-06 04:57:22daifu76 → 准备（发 ）广告，找  bs91m1
2022-06-06 04:58:10wz513064 → 需要 软、件，找  bs91m1
2022-06-06 05:03:17tongdao25 → 准备（发 ）广告，找  bs91m1
2022-06-06 05:04:31Usdtbmw → 需要 群、发，找  bs91m1
2022-06-06 05:05:52wdhyh888888 → 来（发 ）广告，联系 bs91m1
2022-06-06 05:08:41laowangdan → 需要 软、件，找  bs91m1
2022-06-06 05:10:14xbdb01 → 需要 软、件，找  bs91m1
2022-06-06 05:12:02jishuqihaixianghx → 专业（发 ）广告，联系我 bs91m1
2022-06-06 05:13:48chufen1688 → 需要 群、发软、件，找  bs91m1
2022-06-06 05:14:36Tothemoonws → 需要 群、发软、件，找  bs91m1
2022-06-06 05:15:05qunfalaren2 → 专业（发 ）广告，联系我 bs91m1
2022-06-06 05:15:41fbws8866 → 要（发 ）广告，联系 bs91m1
2022-06-06 05:16:07usdtdfds → 需要 群、发软、件，找  bs91m1
2022-06-06 05:17:16xjltq → 想要（发 ）广告，找 bs91m1
2022-06-06 05:18:54USDTm → 需要 群、发软、件，找  bs91m1
2022-06-06 05:21:36chaxun2020 → 准备（发 ）广告，找  bs91m1
2022-06-06 05:23:13xieyihao12 → 要（发 ）广告，联系 bs91m1
2022-06-06 05:28:11hswrrzhxz → 想要（发 ）广告，找 bs91m1
2022-06-06 05:29:39maomiyunkong01 → 需要 群、发，找  bs91m1
2022-06-06 05:30:24TG_King90 → 需要 软、件，找  bs91m1
2022-06-06 05:31:10smsjiema666 → 需要 群、发，找  bs91m1
2022-06-06 05:31:56bailaohui_cvv → 想要（发 ）广告，找 bs91m1
2022-06-06 05:39:34df9978 → 来（发 ）广告，联系 bs91m1
2022-06-06 05:43:43juliang666 → 要（发 ）广告，联系 bs91m1
2022-06-06 05:45:15luckyyy77777 → 要（发 ）广告，联系 bs91m1
2022-06-06 05:48:30facebookha → 专业（发 ）广告，联系我 bs91m1
2022-06-06 05:50:10juliang666 → 需要 软、件，找  bs91m1
2022-06-06 05:51:58ssrtools → 专业（发 ）广告，联系我 bs91m1
2022-06-06 05:52:23jfhfhdgd → 要（发 ）广告，联系 bs91m1
2022-06-06 05:52:50laowangdan → 想要（发 ）广告，找 bs91m1
2022-06-06 05:53:15huione888 → 专业（发 ）广告，联系我 bs91m1
2022-06-06 05:53:42TGlianmeng002 → 来（发 ）广告，联系 bs91m1
2022-06-06 05:57:07deguobank → 需要 软、件，找  bs91m1
2022-06-06 05:57:55TG_King90 → 需要 软、件，找  bs91m1
2022-06-06 05:58:27HSguojiSMS → 需要 群、发软、件，找  bs91m1
2022-06-06 05:59:59Usdtbmw → 需要 群、发软、件，找  bs91m1
2022-06-06 06:00:25TG1949521 → 准备（发 ）广告，找  bs91m1
2022-06-06 06:01:33baocai217 → 要（发 ）广告，联系 bs91m1
2022-06-06 06:04:13USDThuzhu3 → 需要 软、件，找  bs91m1
2022-06-06 06:08:36shenma001 → 想要（发 ）广告，找 bs91m1
2022-06-06 06:09:28wz513064 → 专业（发 ）广告，联系我 bs91m1
2022-06-06 06:10:14zhifuo → 专业（发 ）广告，联系我 bs91m1
2022-06-06 06:12:59bailaohui_cvv → 需要 群、发软、件，找  bs91m1
2022-06-06 06:14:34cn_talk → 需要 软、件，找  bs91m1
2022-06-06 06:16:38fb6789 → 需要 软、件，找  bs91m1
2022-06-06 06:17:46BadoBumblechu → 想找人（ 发 ）广告，找   bs91m1
2022-06-06 06:19:33shenma360bbaidu → 想要（发 ）广告，找 bs91m1
2022-06-06 06:21:08daishou15 → 要（发 ）广告，联系 bs91m1
2022-06-06 06:25:05daifu76 → 来（发 ）广告，联系 bs91m1
2022-06-06 06:25:30tongdao25 → 来（发 ）广告，联系 bs91m1
2022-06-06 06:28:48vcgfdgfd522 → 准备（发 ）广告，找  bs91m1
2022-06-06 06:30:19hgjlaa → 想要（发 ）广告，找 bs91m1
2022-06-06 06:33:08mghxfls → 需要 软、件，找  bs91m1
2022-06-06 06:34:51jwtam168168 → 要（发 ）广告，联系 bs91m1
2022-06-06 06:38:49xinbi_088 → 想找人（ 发 ）广告，找   bs91m1
2022-06-06 06:39:23TG1949521 → 需要 群、发，找  bs91m1
2022-06-06 06:41:03usdtdfds → 想找人（ 发 ）广告，找   bs91m1
2022-06-06 06:42:24yuantoushuju4 → 准备（发 ）广告，找  bs91m1
2022-06-06 06:50:15juliang666 → 想要（发 ）广告，找 bs91m1
2022-06-06 06:50:46caoji565 → 来（发 ）广告，联系 bs91m1
2022-06-06 06:51:11juliang666 → 准备（发 ）广告，找  bs91m1
2022-06-06 06:52:00laowangdan → 需要 软、件，找  bs91m1
2022-06-06 06:53:06haoma69 → 来（发 ）广告，联系 bs91m1
2022-06-06 06:54:05mangguohaxivip1 → 想要（发 ）广告，找 bs91m1
2022-06-06 06:55:11jfhfhdgd → 准备（发 ）广告，找  bs91m1
2022-06-06 06:55:51dx119168 → 需要 软、件，找  bs91m1
2022-06-06 06:56:37xjltq → 需要 群、发，找  bs91m1
2022-06-06 06:59:59bailaohui_cvv → 想要（发 ）广告，找 bs91m1
2022-06-06 07:01:13chuhaiVIP88 → 想找人（ 发 ）广告，找   bs91m1
2022-06-06 07:02:46USDTm → 来（发 ）广告，联系 bs91m1
2022-06-06 07:09:37daishoujiaoyi → 想找人（ 发 ）广告，找   bs91m1
2022-06-06 07:11:59az123818 → 要（发 ）广告，联系 bs91m1
2022-06-06 07:13:10daifawhatspp → 需要 群、发，找  bs91m1
2022-06-06 07:14:47chaxun2020 → 要（发 ）广告，联系 bs91m1
2022-06-06 07:15:13USDThuzhu3 → 需要 群、发，找  bs91m1
2022-06-06 07:17:09TG_King90 → 专业（发 ）广告，联系我 bs91m1
2022-06-06 07:18:18bailaohui_cvv → 想要（发 ）广告，找 bs91m1
2022-06-06 07:22:55xiaochuanch1 → 需要 软、件，找  bs91m1
2022-06-06 07:23:41usdtdfds → 需要 群、发软、件，找  bs91m1
2022-06-06 07:24:29huione888 → 需要 群、发，找  bs91m1
2022-06-06 07:26:20xjltq → 要（发 ）广告，联系 bs91m1
2022-06-06 07:28:03TG0188 → 专业（发 ）广告，联系我 bs91m1
2022-06-06 07:29:37baocai217 → 准备（发 ）广告，找  bs91m1
2022-06-06 07:30:47TG_King90 → 来（发 ）广告，联系 bs91m1
2022-06-06 07:34:19dfsdf5545 → 需要 软、件，找  bs91m1
2022-06-06 07:34:46USDT43 → 想找人（ 发 ）广告，找   bs91m1
2022-06-06 07:37:23KMFW56789 → 需要 群、发软、件，找  bs91m1
2022-06-06 07:38:35daifu76 → 专业（发 ）广告，联系我 bs91m1
2022-06-06 07:40:14wybf168168 → 想要（发 ）广告，找 bs91m1
2022-06-06 07:42:08zhifuo → 想要（发 ）广告，找 bs91m1
2022-06-06 07:45:26xiaoguzhuanyedajian3 → 要（发 ）广告，联系 bs91m1
2022-06-06 07:45:52xieyihao12 → 需要 群、发软、件，找  bs91m1
2022-06-06 07:46:48USDTm → 准备（发 ）广告，找  bs91m1
2022-06-06 07:47:37tianziusdt → 想要（发 ）广告，找 bs91m1
2022-06-06 07:48:26iuhiaq11 → 来（发 ）广告，联系 bs91m1
2022-06-06 07:49:34tongdao25 → 专业（发 ）广告，联系我 bs91m1
2022-06-06 07:51:52juliang666 → 来（发 ）广告，联系 bs91m1
2022-06-06 07:54:23chuhai007028 → 要（发 ）广告，联系 bs91m1
2022-06-06 07:56:56wangzhuanusdt → 需要 群、发软、件，找  bs91m1
2022-06-06 08:00:44laowangdan → 来（发 ）广告，联系 bs91m1
2022-06-06 08:03:24TG_88888 → 准备（发 ）广告，找  bs91m1
2022-06-06 08:05:17haiqazwsx → 准备（发 ）广告，找  bs91m1
2022-06-06 08:10:44xjltq → 需要 软、件，找  bs91m1
2022-06-06 08:11:11xieyihao12 → 需要 群、发，找  bs91m1
2022-06-06 08:13:50bailaohui_cvv → 想找人（ 发 ）广告，找 bs91m0
2022-06-06 08:17:12smsjiema666 → 需要 群、发，找 bs91m0
2022-06-06 08:24:11wz513064 → 想找人（ 发 ）广告，找 bs91m0
2022-06-06 08:26:49bailaohui_cvv → 来（发 ）广告，联系 bs91m0
2022-06-06 08:28:22laowangdan → 要（发 ）广告，联系 bs91m0
2022-06-06 08:30:52znpos8 → 需要 群、发，找 bs91m0
2022-06-06 08:35:59daishou15 → 需要 群、发软、件，找 bs91m0
2022-06-06 08:36:46Usdtbmw → 需要 群、发软、件，找 bs91m0
2022-06-06 08:37:33jfhfhdgd → 需要 软、件，找 bs91m0
2022-06-06 08:39:11dibaifa → 来（发 ）广告，联系 bs91m0
2022-06-06 08:42:05usdtdfds → 需要 群、发，找 bs91m0
2022-06-06 08:44:19TG_King90 → 专业（发 ）广告，联系我 bs91m0
2022-06-06 08:46:08DragonIndia → 想要（发 ）广告，找 bs91m0
2022-06-06 08:48:20tongdao25 → 需要 软、件，找 bs91m0
2022-06-06 08:53:51dx119169 → 来（发 ）广告，联系 bs91m0
2022-06-06 08:57:08DNYPAY → 要（发 ）广告，联系 bs91m0
2022-06-06 08:57:54zhifuo → 准备（发 ）广告，找 bs91m0
2022-06-06 08:58:20chaxun2020 → 准备（发 ）广告，找 bs91m0
2022-06-06 09:28:10chaxun2020 → 准备（发 ）广告，找 bs91m0
2022-06-06 09:29:49az123818 → 来（发 ）广告，联系 bs91m0
2022-06-06 09:31:40USDThuzhu3 → 想找人（ 发 ）广告，找 bs91m0
2022-06-06 09:33:07xinbi_088 → 要（发 ）广告，联系 bs91m0
2022-06-06 09:43:11TG_King90 → (session) 协议号，零售、批发 找，bs91m0
2022-06-06 09:43:58smsjiema666 → 需要 群、发软、件，找 bs91m0
2022-06-06 09:44:43xjltq → 需要 群、发软、件，找 bs91m0
2022-06-06 09:45:33huione888 → (session) 协议号，零售、批发 找，bs91m0
2022-06-06 09:49:00laowangdan → 要（发 ）广告，联系 bs91m0
2022-06-06 09:52:08jfhfhdgd → 要（发 ）广告，联系 bs91m0
2022-06-06 09:52:56juliang666 → 想要（发 ）广告，找 bs91m0
2022-06-06 09:55:47baocai217 → (session) 协议号，零售、批发 找，bs91m0
2022-06-06 10:00:54daifu76 → 来（发 ）广告，联系 bs91m0
2022-06-06 10:02:26xjltq → 需要 群、发，找 bs91m0
2022-06-06 10:13:17baxifb → 来（发 ）广告，联系 bs91m0
2022-06-06 10:18:25zhifuo → 需要 软、件，找 bs91m0
2022-06-06 10:21:01juliang666 → 专业（发 ）广告，联系我 bs91m0
2022-06-06 10:21:53Vgokeji8888 → 想要（发 ）广告，找 bs91m0
2022-06-06 10:28:40usdtdfds → 想要（发 ）广告，找 bs91m0
2022-06-06 10:30:33bailaohui_cvv → 准备（发 ）广告，找 bs91m0
2022-06-06 10:35:44XxUP1121 → 需要 群、发，找 bs91m0
2022-06-06 10:37:53TG1949521 → 专业（发 ）广告，联系我 bs91m0
2022-06-06 10:40:29laowangdan → 想找人（ 发 ）广告，找 bs91m0
2022-06-06 10:45:27haiwailiuliang111 → (session) 协议号，零售、批发 找，bs91m0
2022-06-06 10:47:41tongdao25 → 想找人（ 发 ）广告，找 bs91m0
2022-06-06 10:51:20baocai217 → 专业（发 ）广告，联系我 bs91m0
2022-06-06 10:53:08tianziusdt → 想要（发 ）广告，找 bs91m0
2022-06-06 10:53:57iBox_official → 准备（发 ）广告，找 bs91m0
2022-06-06 10:55:28TG_King90 → 来（发 ）广告，联系 bs91m0
2022-06-06 11:03:28xieyihao12 → 准备（发 ）广告，找 bs91m0
2022-06-06 11:07:49caoji565 → 要（发 ）广告，联系 bs91m0
2022-06-06 11:09:17USDTm → 来（发 ）广告，联系 bs91m0
2022-06-06 11:20:01bailaohui_cvv → 想找人（ 发 ）广告，找 bs91m0
2022-06-06 11:20:51xjltq → 需要 软、件，找 bs91m0
2022-06-06 11:23:09juliang666 → 来（发 ）广告，联系 bs91m0
2022-06-06 11:26:05huione888 → 需要 软、件，找 bs91m0
2022-06-06 11:29:42tongdao25 → 需要 群、发，找 bs91m0
2022-06-06 11:41:00USDThuzhu3 → 需要 软、件，找 bs91m0
2022-06-06 11:43:05laowangdan → 准备（发 ）广告，找 bs91m0
2022-06-06 11:51:50daishou15 → (session) 协议号，零售、批发 找，bs91m0
2022-06-06 11:53:25zhifuo → 来（发 ）广告，联系 bs91m0
2022-06-06 12:01:45xinbi_088 → 要（发 ）广告，联系 bs91m0
2022-06-06 12:05:03Usdtbmw → 要（发 ）广告，联系 bs91m0
2022-06-06 12:18:10TG_King90 → 需要 群、发，找 bs91m0
2022-06-06 12:18:35usdtdfds → 需要 软、件，找 bs91m0
2022-06-06 12:34:02bailaohui_cvv → (session) 协议号，零售、批发 找，bs91m0
2022-06-06 12:39:17XxUP1121 → 想要（发 ）广告，找 bs91m0
2022-06-06 12:43:28xjltq → 准备（发 ）广告，找 bs91m0
2022-06-06 12:50:00sougoutgkh → 要（发 ）广告，联系 bs91m0
2022-06-06 12:52:34chuhai666 → 来（发 ）广告，联系 bs91m0
2022-06-06 12:53:00tongdao25 → 专业（发 ）广告，联系我 bs91m0
2022-06-06 12:54:10KMFW56789 → 需要 软、件，找 bs91m0
2022-06-06 12:57:48TG_King90 → 想找人（ 发 ）广告，找 bs91m0
2022-06-06 13:00:36USDTm → 来（发 ）广告，联系 bs91m0
2022-06-06 13:05:56aliqudao → 想要（发 ）广告，找 bs91m0
2022-06-06 13:08:59TG1949521 → 需要 群、发，找 bs91m0
2022-06-06 13:13:27usdtdfds → 专业（发 ）广告，联系我 bs91m0
2022-06-06 13:18:26laowangdan → 需要 软、件，找 bs91m0
2022-06-06 13:19:29yhsz023 → 要（发 ）广告，联系 bs91m0
2022-06-06 13:19:55wz513064 → 专业（发 ）广告，联系我 bs91m0
2022-06-06 13:21:09Facebook2666 → 来（发 ）广告，联系 bs91m0
2022-06-06 13:21:35Usdtbmw → 需要 软、件，找 bs91m0
2022-06-06 13:27:53baocai217 → 准备（发 ）广告，找 bs91m0
2022-06-06 13:32:05huione888 → 来（发 ）广告，联系 bs91m0
2022-06-06 13:36:39jiema868 → 准备（发 ）广告，找 bs91m0
2022-06-06 13:37:51laowangdan → 需要 群、发软、件，找 bs91m0
2022-06-06 13:39:24bailaohui_cvv → 想找人（ 发 ）广告，找 bs91m0
2022-06-06 13:40:11xjltq → 来（发 ）广告，联系 bs91m0
2022-06-06 13:42:20bailaohui_cvv → 需要 群、发，找 bs91m0
2022-06-06 13:44:49tyui1234563 → 需要 群、发，找 bs91m0
2022-06-06 13:46:21zhifuo → (session) 协议号，零售、批发 找，bs91m0
2022-06-06 13:48:31juliang666 → 专业（发 ）广告，联系我 bs91m0
2022-06-06 13:49:03TG_King90 → 需要 群、发软、件，找 bs91m0
2022-06-06 13:54:14xieyihao12 → 来（发 ）广告，联系 bs91m0
2022-06-06 13:59:21daishou15 → 要（发 ）广告，联系 bs91m0
2022-06-06 14:02:53USDThuzhu3 → 需要 群、发软、件，找 bs91m0
2022-06-06 14:04:21usdthuihuan → 专业（发 ）广告，联系我 bs91m0
2022-06-06 14:17:59usdtdfds → 想要（发 ）广告，找 bs91m0
2022-06-06 14:23:18xinbi_088 → 需要 群、发软、件，找 bs91m0
2022-06-06 14:23:44dyjiaoliu → 想找人（ 发 ）广告，找 bs91m0
2022-06-06 14:34:48TGdanbao000 → (session) 协议号，零售、批发 找，bs91m0
2022-06-06 14:42:54tianziusdt → 需要 群、发，找 bs91m0
2022-06-06 14:49:03TG_King90 → 需要 群、发软、件，找 bs91m0
2022-06-06 14:57:33xjltq → 要（发 ）广告，联系 bs91m0
2022-06-06 14:58:59tongdao25 → 来（发 ）广告，联系 bs91m0
2022-06-06 15:07:10laowangdan → 需要 软、件，找 bs91m0
2022-06-06 15:07:56bailaohui_cvv → 要（发 ）广告，联系 bs91m0
2022-06-06 15:09:59tyhc072 → 需要 软、件，找 bs91m0
2022-06-06 15:13:37TG1949521 → 需要 软、件，找 bs91m0
2022-06-06 15:18:49dx119188 → 来（发 ）广告，联系 bs91m0
2022-06-06 15:21:24zhifuo → 需要 软、件，找 bs91m0
2022-06-06 15:23:04fbws8866 → 需要 软、件，找 bs91m0
2022-06-06 15:26:37az123818 → 需要 群、发软、件，找 bs91m0
2022-06-06 15:29:33wz513064 → 来（发 ）广告，联系 bs91m0
2022-06-06 15:30:48TG_King90 → 需要 软、件，找 bs91m0
2022-06-06 15:31:33wz513064 → 想找人（ 发 ）广告，找 bs91m0
2022-06-06 15:35:43langrensha258 → 专业（发 ）广告，联系我 bs91m0
2022-06-06 15:43:34wdhyh888888 → 来（发 ）广告，联系 bs91m0
2022-06-06 15:51:44huione888 → 来（发 ）广告，联系 bs91m0
2022-06-06 15:53:56shanrfgb14 → 专业（发 ）广告，联系我 bs91m0
2022-06-06 15:54:21huione888 → 要（发 ）广告，联系 bs91m0
2022-06-06 15:57:06XxUP1121 → 要（发 ）广告，联系 bs91m0
2022-06-06 15:58:53laowangdan → (session) 协议号，零售、批发 找，bs91m0
2022-06-06 16:00:41usdtdfds → 需要 群、发，找 bs91m0
2022-06-06 16:04:40tsdb01 → 来（发 ）广告，联系 bs91m0
2022-06-06 16:05:07bailaohui_cvv → 需要 群、发，找 bs91m0
2022-06-06 16:05:53qianhuidajian8888 → 需要 群、发，找 bs91m0
2022-06-06 16:06:41tongdao25 → (session) 协议号，零售、批发 找，bs91m0
2022-06-06 16:10:55TG1949521 → 需要 软、件，找 bs91m0
2022-06-06 16:12:11xieyihao12 → 需要 群、发，找 bs91m0
2022-06-06 16:15:57bailaohui_cvv → 来（发 ）广告，联系 bs91m0
2022-06-06 16:17:07fbasfgsd → 想要（发 ）广告，找 bs91m0
2022-06-06 16:18:55xjltq → 想找人（ 发 ）广告，找 bs91m0
2022-06-06 16:23:36USDThuzhu3 → 需要 软、件，找 bs91m0
2022-06-06 16:24:23daishou15 → 需要 群、发软、件，找 bs91m0
2022-06-06 16:25:30TG_King90 → 来（发 ）广告，联系 bs91m0
2022-06-06 16:26:37Maike003 → 来（发 ）广告，联系 bs91m0
2022-06-06 16:30:41moxigeguge → 想要（发 ）广告，找 bs91m0
2022-06-06 16:32:16laowangdan → 专业（发 ）广告，联系我 bs91m0
2022-06-06 16:33:02baocai217 → 需要 群、发软、件，找 bs91m0
2022-06-06 16:33:48znpos8 → 需要 群、发软、件，找 bs91m0
2022-06-06 16:36:28heimachuhai → 来（发 ）广告，联系 bs91m0
2022-06-06 16:44:32zhifuo → (session) 协议号，零售、批发 找，bs91m0
2022-06-06 16:45:59xjltq → 想要（发 ）广告，找 bs91m0
2022-06-06 16:52:30bailaohui_cvv → 专业（发 ）广告，联系我 bs91m0
2022-06-06 16:53:16USDTm → 准备（发 ）广告，找 bs91m0
2022-06-06 16:57:22laowangdan → 需要 软、件，找 bs91m0
2022-06-06 16:59:12Usdtbmw → 想找人（ 发 ）广告，找 bs91m0
2022-06-06 17:02:13juliang666 → 专业（发 ）广告，联系我 bs91m0
2022-06-06 17:08:35lineline88 → 来（发 ）广告，联系 bs91m0
2022-06-06 17:09:29TG_King90 → (session) 协议号，零售、批发 找，bs91m0
2022-06-06 17:10:17tianziusdt → 专业（发 ）广告，联系我 bs91m0
2022-06-06 17:11:08usdtdfds → 想要（发 ）广告，找 bs91m0
2022-06-06 17:16:54tongdao25 → 需要 软、件，找 bs91m0
2022-06-06 17:18:46jiema670 → 需要 群、发软、件，找 bs91m0
2022-06-06 17:28:46wz513064 → 来（发 ）广告，联系 bs91m0
2022-06-06 17:30:06shanrfgb14 → 需要 软、件，找 bs91m0
2022-06-06 17:35:02USDThuzhu3 → 需要 群、发，找 bs91m0
2022-06-06 17:35:55TG1949521 → 来（发 ）广告，联系 bs91m0
2022-06-06 17:36:21TG_King90 → 准备（发 ）广告，找 bs91m0
2022-06-06 17:38:23Usdtbmw → 需要 群、发软、件，找 bs91m0
2022-06-06 17:42:50huanqian35 → 准备（发 ）广告，找 bs91m0
2022-06-06 17:45:37BadoBumblechu → 专业（发 ）广告，联系我 bs91m0
2022-06-06 17:47:08zhifuo → 来（发 ）广告，联系 bs91m0
2022-06-06 17:47:33baocai217 → 需要 群、发，找 bs91m0
2022-06-06 17:51:19usdtdfds → 想要（发 ）广告，找 bs91m0
2022-06-06 17:52:47huione888 → 想要（发 ）广告，找 bs91m0
2022-06-06 17:53:52yinduliuliang66 → (session) 协议号，零售、批发 找，bs91m0
2022-06-06 17:56:32xiaochuanch1 → 准备（发 ）广告，找 bs91m0
2022-06-06 17:59:09bailaohui_cvv → 要（发 ）广告，联系 bs91m0
2022-06-06 18:01:49bailaohui_cvv → 想找人（ 发 ）广告，找 bs91m0
2022-06-06 18:03:42hswrrzhxz → 想找人（ 发 ）广告，找 bs91m0
2022-06-06 18:08:31laowangdan → 要（发 ）广告，联系 bs91m0
2022-06-06 18:09:47xjltq → 需要 群、发软、件，找 bs91m0
2022-06-06 18:10:29DNYPAY → 需要 群、发，找 bs91m0
2022-06-06 18:15:01tongdao25 → 准备（发 ）广告，找 bs91m0
2022-06-06 18:21:25BCdaikou → 需要 群、发，找 bs91m0
2022-06-06 18:23:42xinbi_088 → 需要 群、发软、件，找 bs91m0
2022-06-06 18:25:52USDThuzhu3 → 想要（发 ）广告，找 bs91m0
2022-06-06 18:27:38haiwailiuliang111 → 要（发 ）广告，联系 bs91m0
2022-06-06 18:30:43xjltq → 要（发 ）广告，联系 bs91m0
2022-06-06 18:31:36xinmengshehaiwaizhi → 要（发 ）广告，联系 bs91m0
2022-06-06 18:36:41laowangdan → (session) 协议号，零售、批发 找，bs91m0
2022-06-06 18:37:47ssrtools → 来（发 ）广告，联系 bs91m0
2022-06-06 18:41:24juliang666 → 来（发 ）广告，联系 bs91m0
2022-06-06 18:41:49az123818 → 想要（发 ）广告，找 bs91m0
2022-06-06 18:43:24wz513064 → (session) 协议号，零售、批发 找，bs91m0
2022-06-06 18:46:17tongdao25 → (session) 协议号，零售、批发 找，bs91m0
2022-06-06 18:46:43TG_King90 → 专业（发 ）广告，联系我 bs91m0
2022-06-06 18:47:33xiaoguzhuanyedajian3 → 需要 软、件，找 bs91m0
2022-06-06 18:49:10huione888 → (session) 协议号，零售、批发 找，bs91m0
2022-06-06 18:52:44bailaohui_cvv → 专业（发 ）广告，联系我 bs91m0
2022-06-06 18:58:18daishou15 → 需要 群、发，找 bs91m0
2022-06-06 18:58:45TG1949521 → 要（发 ）广告，联系 bs91m0
2022-06-06 18:59:32TG_King90 → 来（发 ）广告，联系 bs91m0
2022-06-06 19:03:22baocai217 → 要（发 ）广告，联系 bs91m0
2022-06-06 19:07:56iBox_official → 需要 软、件，找 bs91m0
2022-06-06 19:09:41USDTm → 来（发 ）广告，联系 bs91m0
2022-06-06 19:14:24yhsz023 → 需要 群、发，找 bs91m0
2022-06-06 19:15:34usdtdfds → 专业（发 ）广告，联系我 bs91m0
2022-06-06 19:19:38laowangdan → 需要 群、发，找 bs91m0
2022-06-06 19:21:54jiema670 → 需要 群、发，找 bs91m0
2022-06-06 19:28:48zhifuo → 准备（发 ）广告，找 bs91m0
2022-06-06 19:30:43vcgfdgfd522 → 专业（发 ）广告，联系我 bs91m0
2022-06-06 19:41:23xieyihao12 → 准备（发 ）广告，找 bs91m0
2022-06-06 19:53:38wz513064 → 要（发 ）广告，联系 bs91m0
2022-06-06 19:54:48yhsz037 → 来（发 ）广告，联系 bs91m0
2022-06-06 19:55:56laowangdan → 想找人（ 发 ）广告，找 bs91m0
2022-06-06 19:59:13usdtdfds → 需要 软、件，找 bs91m0
2022-06-06 19:59:38xjltq → 来（发 ）广告，联系 bs91m0
2022-06-06 20:00:55TG_King90 → (session) 协议号，零售、批发 找，bs91m0
2022-06-06 20:01:42bailaohui_cvv → 需要 软、件，找 bs91m0
2022-06-06 20:02:08TGdanbao000 → 想要（发 ）广告，找 bs91m0
2022-06-06 20:04:23moxigeguge → 准备（发 ）广告，找 bs91m0
2022-06-06 20:09:01tronnetworkCN → 来（发 ）广告，联系 bs91m0
2022-06-06 20:09:47xjltq → 需要 软、件，找 bs91m0
2022-06-06 20:13:52baocai217 → 来（发 ）广告，联系 bs91m0
2022-06-06 20:14:59laowangdan → 来（发 ）广告，联系 bs91m0
2022-06-06 20:16:48tongdao25 → 需要 群、发，找 bs91m0
2022-06-06 20:19:03bailaohui_cvv → 要（发 ）广告，联系 bs91m0
2022-06-06 20:21:22juliang666 → 来（发 ）广告，联系 bs91m0
2022-06-06 20:23:14dyjiaoliu → 想找人（ 发 ）广告，找 bs91m0
2022-06-06 20:24:32USDThuzhu3 → 需要 群、发，找 bs91m0
2022-06-06 20:30:34TG_King90 → 需要 群、发，找 bs91m0
2022-06-06 20:34:43xinbi_088 → 专业（发 ）广告，联系我 bs91m0
2022-06-06 20:35:20dfsdf5545 → 准备（发 ）广告，找 bs91m0
2022-06-06 20:37:57xjltq → 想要（发 ）广告，找 bs91m0
2022-06-06 20:39:45fb6789 → 需要 群、发软、件，找 bs91m0
2022-06-06 20:41:14tongdao25 → 想要（发 ）广告，找 bs91m0
2022-06-06 20:43:49tianziusdt → 需要 群、发软、件，找 bs91m0
2022-06-06 20:44:13zhifuo → 要（发 ）广告，联系 bs91m0
2022-06-06 20:44:46huione888 → 专业（发 ）广告，联系我 bs91m0
2022-06-06 20:48:35fbws8866 → 需要 群、发软、件，找 bs91m0
2022-06-06 20:51:39bailaohui_cvv → 准备（发 ）广告，找 bs91m0
2022-06-06 20:52:26Usdtbmw → 需要 群、发软、件，找 bs91m0
2022-06-06 20:53:46tyhc072 → 想要（发 ）广告，找 bs91m0
2022-06-06 20:54:12laowangdan → 专业（发 ）广告，联系我 bs91m0
2022-06-06 21:00:07az123818 → 需要 群、发，找 bs91m0
2022-06-06 21:00:40wdhyh888888 → 需要 群、发软、件，找 bs91m0
2022-06-06 21:01:06daishou15 → 来（发 ）广告，联系 bs91m0
2022-06-06 21:02:58huanqian35 → 准备（发 ）广告，找 bs91m0
2022-06-06 21:05:03baocai217 → 要（发 ）广告，联系 bs91m0
2022-06-06 21:06:50USDTm → (session) 协议号，零售、批发 找，bs91m0
2022-06-06 21:08:04DragonSouthAfica → 专业（发 ）广告，联系我 bs91m0
2022-06-06 21:08:50TG1949521 → 要（发 ）广告，联系 bs91m0
2022-06-06 21:12:20TG_King90 → 来（发 ）广告，联系 bs91m0
2022-06-06 21:13:12yhszlianmeng99999 → (session) 协议号，零售、批发 找，bs91m0
2022-06-06 21:15:58caoji565 → 想要（发 ）广告，找 bs91m0
2022-06-06 21:18:56usdtdfds → 需要 群、发软、件，找 bs91m0
2022-06-06 21:23:09khjc1133 → 准备（发 ）广告，找 bs91m0
2022-06-06 21:28:58KMFW56789 → 要（发 ）广告，联系 bs91m0
2022-06-06 21:35:18jiema868 → 想要（发 ）广告，找 bs91m0
2022-06-06 21:35:44tgcnx → 要（发 ）广告，联系 bs91m0
2022-06-06 21:36:32wz513064 → 需要 群、发，找 bs91m0
2022-06-06 21:37:42TG_King90 → 准备（发 ）广告，找 bs91m0
2022-06-06 21:43:36dx119188 → 要（发 ）广告，联系 bs91m0
2022-06-06 21:45:25huione888 → 准备（发 ）广告，找 bs91m0
2022-06-06 21:48:54znpos8 → 想找人（ 发 ）广告，找 bs91m0
2022-06-06 21:49:20USDThuzhu3 → (session) 协议号，零售、批发 找，bs91m0
2022-06-06 21:50:29laowangdan → 来（发 ）广告，联系 bs91m0
2022-06-06 21:51:18tsdb01 → 想找人（ 发 ）广告，找 bs91m0
2022-06-06 21:53:15zhifuo → 专业（发 ）广告，联系我 bs91m0
2022-06-06 21:54:02usdthuihuan → 想要（发 ）广告，找 bs91m0
2022-06-06 21:54:50huione888 → 要（发 ）广告，联系 bs91m0
2022-06-06 21:56:45tyui1234563 → 需要 群、发，找 bs91m0
2022-06-06 21:59:07chuhaiHT → 要（发 ）广告，联系 bs91m0
2022-06-06 22:01:00bailaohui_cvv → (session) 协议号，零售、批发 找，bs91m0
2022-06-06 22:06:54USDTm → 来（发 ）广告，联系 bs91m0
2022-06-06 22:07:41laowangdan → 需要 群、发，找 bs91m0
2022-06-06 22:09:10tongdao25 → 需要 软、件，找 bs91m0
2022-06-06 22:09:35xjltq → 专业（发 ）广告，联系我 bs91m0
2022-06-06 22:10:05deguobank → 需要 群、发，找 bs91m0
2022-06-06 22:13:33dx119169 → 专业（发 ）广告，联系我 bs91m0
2022-06-06 22:13:58TG_King90 → 需要 群、发软、件，找 bs91m0
2022-06-06 22:14:45xjltq → (session) 协议号，零售、批发 找，bs91m0
2022-06-06 22:16:14BAOAA → 想找人（ 发 ）广告，找 bs91m0
2022-06-06 22:19:56usdtdfds → 来（发 ）广告，联系 bs91m0
2022-06-06 22:21:01xinbi_088 → 想要（发 ）广告，找 bs91m0
2022-06-06 22:22:11qianhuidajian8888 → 准备（发 ）广告，找 bs91m0
2022-06-06 22:22:45baocai217 → 来（发 ）广告，联系 bs91m0
2022-06-06 22:25:23tianziusdt → 专业（发 ）广告，联系我 bs91m0
2022-06-06 22:27:31Usdtbmw → 需要 群、发软、件，找 bs91m0
2022-06-06 22:29:11bailaohui_cvv → 专业（发 ）广告，联系我 bs91m0
2022-06-06 22:30:22usdtdfds → 需要 群、发，找 bs91m0
2022-06-06 22:36:04KMFW56789 → 需要 软、件，找 bs91m0
2022-06-06 22:40:03aliqudao → 需要 群、发，找 bs91m0
2022-06-06 22:42:22TG_King90 → 想要（发 ）广告，找 bs91m0
2022-06-06 22:45:47tongdao25 → 专业（发 ）广告，联系我 bs91m0
2022-06-06 22:47:04juliang666 → 专业（发 ）广告，联系我 bs91m0
2022-06-06 22:49:59TG1949521 → 需要 群、发，找 bs91m0
2022-06-06 22:51:10langrensha258 → 需要 群、发，找 bs91m0
2022-06-06 22:53:48XxUP1121 → 想找人（ 发 ）广告，找 bs91m0
2022-06-06 22:55:50qsf888 → (session) 协议号，零售、批发 找，bs91m0
2022-06-06 22:57:17huione888 → 想找人（ 发 ）广告，找 bs91m0
2022-06-06 22:58:01laowangdan → 准备（发 ）广告，找 bs91m0
2022-06-06 22:59:17USDThuzhu3 → 需要 群、发软、件，找 bs91m0
2022-06-06 23:02:14bailaohui_cvv → 专业（发 ）广告，联系我 bs91m0
2022-06-06 23:03:22usdthuihuan → 需要 软、件，找 bs91m0
2022-06-06 23:08:12daishou15 → 想找人（ 发 ）广告，找 bs91m0
2022-06-06 23:10:04haoma69 → 想要（发 ）广告，找 bs91m0
2022-06-06 23:18:04sfg18757976199 → 需要 群、发软、件，找 bs91m0
2022-06-06 23:20:17zhifuo → 需要 群、发，找 bs91m0
2022-06-06 23:25:16chuhai007028 → 专业（发 ）广告，联系我 bs91m0
2022-06-06 23:26:46az123818 → 需要 群、发软、件，找 bs91m0
2022-06-06 23:30:29KMFW56789 → 想要（发 ）广告，找 bs91m0
2022-06-06 23:30:56caoji565 → 想要（发 ）广告，找 bs91m0
2022-06-06 23:31:45DragonIndia → 准备（发 ）广告，找 bs91m0
2022-06-06 23:32:54usdtdfds → 准备（发 ）广告，找 bs91m0
2022-06-06 23:34:03TG1949521 → 需要 群、发，找 bs91m0
2022-06-06 23:35:42Facebook2666 → 来（发 ）广告，联系 bs91m0
2022-06-06 23:38:15TG_King90 → 想要（发 ）广告，找 bs91m0
2022-06-06 23:40:36laowangdan → 准备（发 ）广告，找 bs91m0
2022-06-06 23:41:02daishou15 → (session) 协议号，零售、批发 找，bs91m0
2022-06-06 23:41:31Vgokeji3333 → 来（发 ）广告，联系 bs91m0
2022-06-06 23:45:08tongdao25 → 专业（发 ）广告，联系我 bs91m0
2022-06-06 23:50:16Maike003 → 需要 群、发软、件，找 bs91m0
2022-06-06 23:51:55yangfanchuhainnz → 专业（发 ）广告，联系我 bs91m0
2022-06-06 23:54:34xjltq → 来（发 ）广告，联系 bs91m0
2022-06-06 23:55:00laowangdan → 需要 软、件，找 bs91m0
2022-06-06 23:59:08XxUP1121 → 专业（发 ）广告，联系我 bs91m0
2022-06-06 23:59:36qp155845 → 来（发 ）广告，联系 bs91m0