
2022-06-24 00:00:02jiu_777 → 要（发 ）广告，联系 `boss91m1`
2022-06-24 00:00:48-1001692409589 → (session) 协议号，零售、批发 找，`boss91m1`
2022-06-24 00:01:35jiu_777 → 想要（发 ）广告，找 `boss91m1`
2022-06-24 00:02:22si1688 → 专业（发 ）广告，联系我 `boss91m1`
2022-06-24 00:03:09jiu_777 → 来（发 ）广告，联系 `boss91m1`
2022-06-24 00:04:37bc123hx → 准备（发 ）广告，找 `boss91m1`
2022-06-24 00:05:07jiu_777 → 需要 软、件，找 `boss91m1`
2022-06-24 00:06:21-1001692409589 → 来（发 ）广告，联系 `boss91m1`
2022-06-24 00:06:39jiu_777 → 准备（发 ）广告，找 `boss91m1`
2022-06-24 00:07:02si1688 → 需要 群、发，找 `boss91m1`
2022-06-24 00:07:59jiu_777 → 需要 群、发，找 `boss91m1`
2022-06-24 00:09:17jiu_777 → 要（发 ）广告，联系 `boss91m1`
2022-06-24 00:10:15bc123hx → 需要 群、发，找 `boss91m1`
2022-06-24 00:11:01jiu_777 → 想找人（ 发 ）广告，找 `boss91m1`
2022-06-24 00:11:47bc123hx → 来（发 ）广告，联系 `boss91m1`
2022-06-24 00:12:46jiu_777 → 来（发 ）广告，联系 `boss91m1`
2022-06-24 00:13:20si1688 → 来（发 ）广告，联系 `boss91m1`
2022-06-24 00:14:06jiu_777 → 来（发 ）广告，联系 `boss91m1`
2022-06-24 00:14:23-1001692409589 → 想要（发 ）广告，找 `boss91m1`
2022-06-24 00:15:27hfjiema → 想要（发 ）广告，找 `boss91m1`
2022-06-24 00:15:56jiu_777 → 要（发 ）广告，联系 `boss91m1`
2022-06-24 00:16:59jiu_777 → 想要（发 ）广告，找 `boss91m1`
2022-06-24 00:17:47si1688 → 来（发 ）广告，联系 `boss91m1`
2022-06-24 00:18:34jiu_777 → 来（发 ）广告，联系 `boss91m1`
2022-06-24 00:19:02bc123hx → 需要 软、件，找 `boss91m1`
2022-06-24 00:19:25-1001692409589 → 来（发 ）广告，联系 `boss91m1`
2022-06-24 00:20:22jiu_777 → 需要 软、件，找 `boss91m1`
2022-06-24 00:21:40jiu_777 → 需要 群、发，找 `boss91m1`
2022-06-24 00:23:07si1688 → 需要 群、发，找 `boss91m1`
2022-06-24 00:23:36jiu_777 → 想找人（ 发 ）广告，找 `boss91m1`
2022-06-24 00:25:05jiu_777 → 想找人（ 发 ）广告，找 `boss91m1`
2022-06-24 00:25:28bc123hx → (session) 协议号，零售、批发 找，`boss91m1`
2022-06-24 00:26:13-1001692409589 → 准备（发 ）广告，找 `boss91m1`
2022-06-24 00:26:31jiu_777 → 想找人（ 发 ）广告，找 `boss91m1`
2022-06-24 00:27:45jiu_777 → 要（发 ）广告，联系 `boss91m1`
2022-06-24 00:28:14-1001692409589 → 需要 软、件，找 `boss91m1`
2022-06-24 00:29:30si1688 → 需要 软、件，找 `boss91m1`
2022-06-24 00:29:48jiu_777 → 需要 软、件，找 `boss91m1`
2022-06-24 00:30:54jiu_777 → 准备（发 ）广告，找 `boss91m1`
2022-06-24 00:31:11bc123hx → 需要 群、发，找 `boss91m1`
2022-06-24 00:31:56hfjiema → 要（发 ）广告，联系 `boss91m1`
2022-06-24 00:32:53jiu_777 → 来（发 ）广告，联系 `boss91m1`
2022-06-24 00:33:39si1688 → 想找人（ 发 ）广告，找 `boss91m1`
2022-06-24 00:34:14jiu_777 → 要（发 ）广告，联系 `boss91m1`
2022-06-24 00:34:31-1001692409589 → 来（发 ）广告，联系 `boss91m1`
2022-06-24 00:34:54bc123hx → 来（发 ）广告，联系 `boss91m1`
2022-06-24 00:36:04jiu_777 → 需要 群、发软、件，找 `boss91m1`
2022-06-24 00:37:33jiu_777 → 需要 群、发，找 `boss91m1`
2022-06-24 00:38:47jiu_777 → 准备（发 ）广告，找 `boss91m1`
2022-06-24 00:39:05bc123hx → 来（发 ）广告，联系 `boss91m1`
2022-06-24 00:40:35jiu_777 → 来（发 ）广告，联系 `boss91m1`
2022-06-24 00:40:58si1688 → 专业（发 ）广告，联系我 `boss91m1`
2022-06-24 00:42:08jiu_777 → 要（发 ）广告，联系 `boss91m1`
2022-06-24 00:42:53-1001692409589 → 想要（发 ）广告，找 `boss91m1`
2022-06-24 00:43:39jiu_777 → 需要 群、发软、件，找 `boss91m1`
2022-06-24 00:44:25si1688 → 想要（发 ）广告，找 `boss91m1`
2022-06-24 00:44:59bc123hx → 准备（发 ）广告，找 `boss91m1`
2022-06-24 00:45:17jiu_777 → 来（发 ）广告，联系 `boss91m1`
2022-06-24 00:46:46jiu_777 → 想找人（ 发 ）广告，找 `boss91m1`
2022-06-24 00:47:20-1001692409589 → 准备（发 ）广告，找 `boss91m1`
2022-06-24 00:47:56jiu_777 → 需要 群、发软、件，找 `boss91m1`
2022-06-24 00:48:23hfjiema → (session) 协议号，零售、批发 找，`boss91m1`
2022-06-24 00:49:26jiemaLine → 专业（发 ）广告，联系我 `boss91m1`
2022-06-24 00:49:55jiu_777 → 需要 软、件，找 `boss91m1`
2022-06-24 00:51:12jiu_777 → 需要 群、发软、件，找 `boss91m1`
2022-06-24 00:51:59si1688 → 要（发 ）广告，联系 `boss91m1`
2022-06-24 00:52:45jiu_777 → 来（发 ）广告，联系 `boss91m1`
2022-06-24 00:53:02-1001692409589 → 要（发 ）广告，联系 `boss91m1`
2022-06-24 00:53:25bc123hx → 想要（发 ）广告，找 `boss91m1`
2022-06-24 00:54:22jiu_777 → 要（发 ）广告，联系 `boss91m1`
2022-06-24 00:55:19si1688 → 要（发 ）广告，联系 `boss91m1`
2022-06-24 00:56:07jiemaWhatsApp → 要（发 ）广告，联系 `boss91m1`
2022-06-24 00:56:25jiu_777 → 需要 群、发软、件，找 `boss91m1`
2022-06-24 00:57:41jiu_777 → 想找人（ 发 ）广告，找 `boss91m1`
2022-06-24 00:58:28bc123hx → 来（发 ）广告，联系 `boss91m1`
2022-06-24 00:59:24-1001692409589 → 需要 群、发，找 `boss91m1`
2022-06-24 00:59:42jiu_777 → 需要 群、发，找 `boss91m1`
2022-06-24 01:00:56jiu_777 → (session) 协议号，零售、批发 找，`boss91m1`
2022-06-24 01:01:14bc123hx → (session) 协议号，零售、批发 找，`boss91m1`
2022-06-24 01:01:59si1688 → 要（发 ）广告，联系 `boss91m1`
2022-06-24 01:02:34jiu_777 → 需要 群、发，找 `boss91m1`
2022-06-24 01:02:51-1001692409589 → 专业（发 ）广告，联系我 `boss91m1`
2022-06-24 01:04:07jiu_777 → 需要 软、件，找 `boss91m1`
2022-06-24 01:04:54hfjiema → 准备（发 ）广告，找 `boss91m1`
2022-06-24 01:05:51jiu_777 → 需要 群、发软、件，找 `boss91m1`
2022-06-24 01:07:23jiu_777 → 需要 群、发软、件，找 `boss91m1`
2022-06-24 01:08:08si1688 → (session) 协议号，零售、批发 找，`boss91m1`
2022-06-24 01:08:31bc123hx → 准备（发 ）广告，找 `boss91m1`
2022-06-24 01:08:49jiu_777 → 需要 群、发，找 `boss91m1`
2022-06-24 01:09:45-1001692409589 → 来（发 ）广告，联系 `boss91m1`
2022-06-24 01:10:33jiu_777 → 想要（发 ）广告，找 `boss91m1`
2022-06-24 01:11:36bc123hx → 想找人（ 发 ）广告，找 `boss91m1`
2022-06-24 01:12:05jiu_777 → 来（发 ）广告，联系 `boss91m1`
2022-06-24 01:12:39-1001692409589 → 专业（发 ）广告，联系我 `boss91m1`
2022-06-24 01:13:14jiu_777 → 要（发 ）广告，联系 `boss91m1`
2022-06-24 01:14:43jiu_777 → (session) 协议号，零售、批发 找，`boss91m1`
2022-06-24 01:15:00si1688 → 想要（发 ）广告，找 `boss91m1`
2022-06-24 01:16:27jiu_777 → 需要 群、发，找 `boss91m1`
2022-06-24 01:17:13si1688 → 来（发 ）广告，联系 `boss91m1`
2022-06-24 01:18:12jiu_777 → (session) 协议号，零售、批发 找，`boss91m1`
2022-06-24 01:19:17jiu_777 → 专业（发 ）广告，联系我 `boss91m1`
2022-06-24 01:19:45-1001692409589 → 来（发 ）广告，联系 `boss91m1`
2022-06-24 01:20:30bc123hx → 需要 群、发软、件，找 `boss91m1`
2022-06-24 01:21:04hfjiema → 专业（发 ）广告，联系我 `boss91m1`
2022-06-24 01:21:22jiu_777 → 来（发 ）广告，联系 `boss91m1`
2022-06-24 01:22:25jiu_777 → 想找人（ 发 ）广告，找 `boss91m1`
2022-06-24 01:22:54si1688 → (session) 协议号，零售、批发 找，`boss91m1`
2022-06-24 01:23:39-1001692409589 → 准备（发 ）广告，找 `boss91m1`
2022-06-24 01:24:14jiu_777 → 来（发 ）广告，联系 `boss91m1`
2022-06-24 01:25:43jiu_777 → 需要 软、件，找 `boss91m1`
2022-06-24 01:26:00bc123hx → 想找人（ 发 ）广告，找 `boss91m1`
2022-06-24 01:27:27jiu_777 → 来（发 ）广告，联系 `boss91m1`
2022-06-24 01:28:32-1001692409589 → 准备（发 ）广告，找 `boss91m1`
2022-06-24 01:29:01jiu_777 → 准备（发 ）广告，找 `boss91m1`
2022-06-24 01:30:07jiu_777 → 想要（发 ）广告，找 `boss91m1`
2022-06-24 01:30:54bc123hx → 需要 软、件，找 `boss91m1`
2022-06-24 01:31:40jiu_777 → (session) 协议号，零售、批发 找，`boss91m1`
2022-06-24 01:31:57si1688 → 来（发 ）广告，联系 `boss91m1`
2022-06-24 01:33:11-1001692409589 → 来（发 ）广告，联系 `boss91m1`
2022-06-24 01:33:29jiu_777 → 需要 软、件，找 `boss91m1`
2022-06-24 01:34:55bc123hx → 想找人（ 发 ）广告，找 `boss91m1`
2022-06-24 01:35:13jiu_777 → 需要 群、发，找 `boss91m1`
2022-06-24 01:36:04hfjiema → 准备（发 ）广告，找 `boss91m1`
2022-06-24 01:37:03jiu_777 → 来（发 ）广告，联系 `boss91m1`
2022-06-24 01:37:26si1688 → 要（发 ）广告，联系 `boss91m1`
2022-06-24 01:38:12jiu_777 → 来（发 ）广告，联系 `boss91m1`
2022-06-24 01:38:58-1001692409589 → 要（发 ）广告，联系 `boss91m1`
2022-06-24 01:39:44jiu_777 → 想要（发 ）广告，找 `boss91m1`
2022-06-24 01:40:01bc123hx → 准备（发 ）广告，找 `boss91m1`
2022-06-24 01:41:41jiu_777 → 需要 群、发，找 `boss91m1`
2022-06-24 01:42:45si1688 → 准备（发 ）广告，找 `boss91m1`
2022-06-24 01:43:03jiu_777 → 来（发 ）广告，联系 `boss91m1`
2022-06-24 01:44:17si1688 → 准备（发 ）广告，找 `boss91m1`
2022-06-24 01:44:35jiu_777 → 需要 群、发，找 `boss91m1`
2022-06-24 01:45:20bc123hx → 要（发 ）广告，联系 `boss91m1`
2022-06-24 01:46:06jiu_777 → 需要 群、发，找 `boss91m1`
2022-06-24 01:47:36jiu_777 → 需要 群、发，找 `boss91m1`
2022-06-24 01:48:23-1001692409589 → 想要（发 ）广告，找 `boss91m1`
2022-06-24 01:48:59jiu_777 → 想要（发 ）广告，找 `boss91m1`
2022-06-24 01:50:07-1001692409589 → 要（发 ）广告，联系 `boss91m1`
2022-06-24 01:50:55jiu_777 → 准备（发 ）广告，找 `boss91m1`
2022-06-24 01:51:40bc123hx → 准备（发 ）广告，找 `boss91m1`
2022-06-24 01:52:03hfjiema → 需要 群、发软、件，找 `boss91m1`
2022-06-24 01:52:22jiu_777 → 需要 软、件，找 `boss91m1`
2022-06-24 01:53:07jiemaLine → 需要 软、件，找 `boss91m1`
2022-06-24 01:53:43jiu_777 → 要（发 ）广告，联系 `boss91m1`
2022-06-24 01:54:10si1688 → 需要 软、件，找 `boss91m1`
2022-06-24 01:55:13si1688 → 想要（发 ）广告，找 `boss91m1`
2022-06-24 01:55:42jiu_777 → 准备（发 ）广告，找 `boss91m1`
2022-06-24 01:57:00jiu_777 → 来（发 ）广告，联系 `boss91m1`
2022-06-24 01:57:45bc123hx → 想找人（ 发 ）广告，找 `boss91m1`
2022-06-24 01:58:19-1001692409589 → 要（发 ）广告，联系 `boss91m1`
2022-06-24 01:58:48jiu_777 → 想要（发 ）广告，找 `boss91m1`
2022-06-24 01:59:11jiemaWhatsApp → 专业（发 ）广告，联系我 `boss91m1`
2022-06-24 02:00:08jiu_777 → 要（发 ）广告，联系 `boss91m1`
2022-06-24 02:01:38jiu_777 → (session) 协议号，零售、批发 找，`boss91m1`
2022-06-24 02:02:34bc123hx → 需要 群、发，找 `boss91m1`
2022-06-24 02:02:58jiu_777 → 想找人（ 发 ）广告，找 `boss91m1`
2022-06-24 02:03:56-1001692409589 → 需要 群、发，找 `boss91m1`
2022-06-24 02:04:41si1688 → 来（发 ）广告，联系 `boss91m1`
2022-06-24 02:04:59jiu_777 → 需要 软、件，找 `boss91m1`
2022-06-24 02:06:02-1001692409589 → 想找人（ 发 ）广告，找 `boss91m1`
2022-06-24 02:06:31jiu_777 → 想要（发 ）广告，找 `boss91m1`
2022-06-24 02:07:37jiu_777 → 来（发 ）广告，联系 `boss91m1`
2022-06-24 02:08:24si1688 → 准备（发 ）广告，找 `boss91m1`
2022-06-24 02:09:09bc123hx → (session) 协议号，零售、批发 找，`boss91m1`
2022-06-24 02:09:38jiu_777 → 想找人（ 发 ）广告，找 `boss91m1`
2022-06-24 02:10:01hfjiema → 准备（发 ）广告，找 `boss91m1`
2022-06-24 02:10:47jiu_777 → 准备（发 ）广告，找 `boss91m1`
2022-06-24 02:12:14bc123hx → 需要 群、发，找 `boss91m1`
2022-06-24 02:12:43jiu_777 → 准备（发 ）广告，找 `boss91m1`
2022-06-24 02:14:12jiu_777 → 准备（发 ）广告，找 `boss91m1`
2022-06-24 02:14:35si1688 → 要（发 ）广告，联系 `boss91m1`
2022-06-24 02:15:21jiu_777 → 需要 群、发软、件，找 `boss91m1`
2022-06-24 02:15:49-1001692409589 → 需要 群、发，找 `boss91m1`
2022-06-24 02:16:53jiu_777 → 来（发 ）广告，联系 `boss91m1`
2022-06-24 02:17:41-1001692409589 → (session) 协议号，零售、批发 找，`boss91m1`
2022-06-24 02:18:26si1688 → 要（发 ）广告，联系 `boss91m1`
2022-06-24 02:18:44jiu_777 → 需要 群、发，找 `boss91m1`
2022-06-24 02:20:10bc123hx → (session) 协议号，零售、批发 找，`boss91m1`
2022-06-24 02:20:28jiu_777 → (session) 协议号，零售、批发 找，`boss91m1`
2022-06-24 02:21:44jiu_777 → 需要 群、发软、件，找 `boss91m1`
2022-06-24 02:23:00bc123hx → 专业（发 ）广告，联系我 `boss91m1`
2022-06-24 02:23:29jiu_777 → 想找人（ 发 ）广告，找 `boss91m1`
2022-06-24 02:24:45jiu_777 → 想要（发 ）广告，找 `boss91m1`
2022-06-24 02:25:02-1001692409589 → (session) 协议号，零售、批发 找，`boss91m1`
2022-06-24 02:25:36hfjiema → 来（发 ）广告，联系 `boss91m1`
2022-06-24 02:26:12jiu_777 → 来（发 ）广告，联系 `boss91m1`
2022-06-24 02:26:29si1688 → 来（发 ）广告，联系 `boss91m1`
2022-06-24 02:27:43jiu_777 → 要（发 ）广告，联系 `boss91m1`
2022-06-24 02:28:12bc123hx → 需要 群、发，找 `boss91m1`
2022-06-24 02:28:57si1688 → 需要 群、发软、件，找 `boss91m1`
2022-06-24 02:29:20-1001692409589 → 需要 群、发软、件，找 `boss91m1`
2022-06-24 02:29:38jiu_777 → 来（发 ）广告，联系 `boss91m1`
2022-06-24 02:31:19jiu_777 → 来（发 ）广告，联系 `boss91m1`
2022-06-24 02:32:35jiu_777 → 专业（发 ）广告，联系我 `boss91m1`
2022-06-24 02:34:05jiu_777 → 需要 软、件，找 `boss91m1`
2022-06-24 02:34:50si1688 → 专业（发 ）广告，联系我 `boss91m1`
2022-06-24 02:35:49jiu_777 → 要（发 ）广告，联系 `boss91m1`
2022-06-24 02:36:23bc123hx → 需要 群、发，找 `boss91m1`
2022-06-24 02:36:59jiu_777 → 来（发 ）广告，联系 `boss91m1`
2022-06-24 02:37:27-1001692409589 → 来（发 ）广告，联系 `boss91m1`
2022-06-24 02:38:30jiu_777 → 想找人（ 发 ）广告，找 `boss91m1`
2022-06-24 02:40:00jiu_777 → 要（发 ）广告，联系 `boss91m1`
2022-06-24 02:40:28bc123hx → 想要（发 ）广告，找 `boss91m1`
2022-06-24 02:41:13hfjiema → 准备（发 ）广告，找 `boss91m1`
2022-06-24 02:41:47-1001692409589 → 需要 群、发，找 `boss91m1`
2022-06-24 02:42:05jiu_777 → 想要（发 ）广告，找 `boss91m1`
2022-06-24 02:42:39si1688 → 需要 群、发，找 `boss91m1`
2022-06-24 02:43:14jiu_777 → (session) 协议号，零售、批发 找，`boss91m1`
2022-06-24 02:44:53jiu_777 → 需要 群、发软、件，找 `boss91m1`
2022-06-24 02:45:29bc123hx → 需要 群、发，找 `boss91m1`
2022-06-24 02:46:15jiu_777 → 要（发 ）广告，联系 `boss91m1`
2022-06-24 02:46:32si1688 → 准备（发 ）广告，找 `boss91m1`
2022-06-24 02:47:59jiu_777 → 想找人（ 发 ）广告，找 `boss91m1`
2022-06-24 02:48:16-1001692409589 → 要（发 ）广告，联系 `boss91m1`
2022-06-24 02:49:44jiu_777 → 专业（发 ）广告，联系我 `boss91m1`
2022-06-24 02:50:29-1001692409589 → 想要（发 ）广告，找 `boss91m1`
2022-06-24 02:50:52bc123hx → 准备（发 ）广告，找 `boss91m1`
2022-06-24 02:51:10jiu_777 → 想找人（ 发 ）广告，找 `boss91m1`
2022-06-24 02:52:26jiu_777 → 需要 群、发，找 `boss91m1`
2022-06-24 02:53:24si1688 → 来（发 ）广告，联系 `boss91m1`
2022-06-24 02:53:59jiu_777 → 需要 群、发，找 `boss91m1`
2022-06-24 02:55:27jiu_777 → 准备（发 ）广告，找 `boss91m1`
2022-06-24 02:56:25si1688 → 需要 群、发软、件，找 `boss91m1`
2022-06-24 02:56:59-1001692409589 → 需要 群、发软、件，找 `boss91m1`
2022-06-24 02:57:28jiu_777 → 准备（发 ）广告，找 `boss91m1`
2022-06-24 02:58:13bc123hx → 需要 群、发软、件，找 `boss91m1`
2022-06-24 02:58:36jiemaLine → 要（发 ）广告，联系 `boss91m1`
2022-06-24 02:58:54jiu_777 → 要（发 ）广告，联系 `boss91m1`
2022-06-24 03:00:09jiu_777 → 想要（发 ）广告，找 `boss91m1`
2022-06-24 03:00:27bc123hx → 想要（发 ）广告，找 `boss91m1`
2022-06-24 03:01:01si1688 → 准备（发 ）广告，找 `boss91m1`
2022-06-24 03:02:11jiu_777 → 想要（发 ）广告，找 `boss91m1`
2022-06-24 03:02:56jiemaWhatsApp → 需要 群、发软、件，找 `boss91m1`
2022-06-24 03:03:19-1001692409589 → 想要（发 ）广告，找 `boss91m1`
2022-06-24 03:03:37jiu_777 → 要（发 ）广告，联系 `boss91m1`
2022-06-24 03:04:11hfjiema → 需要 群、发，找 `boss91m1`
2022-06-24 03:05:19jiu_777 → 来（发 ）广告，联系 `boss91m1`
2022-06-24 03:05:54bc123hx → 想找人（ 发 ）广告，找 `boss91m1`
2022-06-24 03:06:28-1001692409589 → (session) 协议号，零售、批发 找，`boss91m1`
2022-06-24 03:06:46jiu_777 → 需要 群、发软、件，找 `boss91m1`
2022-06-24 03:08:14jiu_777 → 需要 群、发，找 `boss91m1`
2022-06-24 03:08:31si1688 → (session) 协议号，零售、批发 找，`boss91m1`
2022-06-24 03:09:37jiu_777 → 要（发 ）广告，联系 `boss91m1`
2022-06-24 03:11:14bc123hx → 来（发 ）广告，联系 `boss91m1`
2022-06-24 03:11:32jiu_777 → 需要 群、发，找 `boss91m1`
2022-06-24 03:12:37jiu_777 → 需要 群、发软、件，找 `boss91m1`
2022-06-24 03:14:06jiu_777 → 想找人（ 发 ）广告，找 `boss91m1`
2022-06-24 03:14:34-1001692409589 → 想要（发 ）广告，找 `boss91m1`
2022-06-24 03:15:19si1688 → 要（发 ）广告，联系 `boss91m1`
2022-06-24 03:15:54jiu_777 → 准备（发 ）广告，找 `boss91m1`
2022-06-24 03:16:29bc123hx → 想要（发 ）广告，找 `boss91m1`
2022-06-24 03:17:39jiu_777 → 来（发 ）广告，联系 `boss91m1`
2022-06-24 03:18:54-1001692409589 → 来（发 ）广告，联系 `boss91m1`
2022-06-24 03:19:12jiu_777 → 准备（发 ）广告，找 `boss91m1`
2022-06-24 03:19:35si1688 → (session) 协议号，零售、批发 找，`boss91m1`
2022-06-24 03:20:45jiu_777 → 想要（发 ）广告，找 `boss91m1`
2022-06-24 03:21:59si1688 → 来（发 ）广告，联系 `boss91m1`
2022-06-24 03:22:17jiu_777 → 准备（发 ）广告，找 `boss91m1`
2022-06-24 03:23:36jiu_777 → 想要（发 ）广告，找 `boss91m1`
2022-06-24 03:24:10jiemafb → (session) 协议号，零售、批发 找，`boss91m1`
2022-06-24 03:25:06-1001692409589 → 需要 软、件，找 `boss91m1`
2022-06-24 03:25:24jiu_777 → 想找人（ 发 ）广告，找 `boss91m1`
2022-06-24 03:25:47bc123hx → 需要 群、发软、件，找 `boss91m1`
2022-06-24 03:26:44jiu_777 → 需要 群、发，找 `boss91m1`
2022-06-24 03:28:01jiu_777 → 想找人（ 发 ）广告，找 `boss91m1`
2022-06-24 03:29:31jiu_777 → (session) 协议号，零售、批发 找，`boss91m1`
2022-06-24 03:29:59si1688 → 来（发 ）广告，联系 `boss91m1`
2022-06-24 03:30:22bc123hx → 要（发 ）广告，联系 `boss91m1`
2022-06-24 03:31:07-1001692409589 → 需要 软、件，找 `boss91m1`
2022-06-24 03:31:36jiu_777 → 来（发 ）广告，联系 `boss91m1`
2022-06-24 03:32:40jiu_777 → 想找人（ 发 ）广告，找 `boss91m1`
2022-06-24 03:34:09si1688 → (session) 协议号，零售、批发 找，`boss91m1`
2022-06-24 03:34:27jiu_777 → 想要（发 ）广告，找 `boss91m1`
2022-06-24 03:35:23bc123hx → 准备（发 ）广告，找 `boss91m1`
2022-06-24 03:35:47jiu_777 → 准备（发 ）广告，找 `boss91m1`
2022-06-24 03:36:35-1001692409589 → 想要（发 ）广告，找 `boss91m1`
2022-06-24 03:37:43jiu_777 → 需要 软、件，找 `boss91m1`
2022-06-24 03:38:29-1001692409589 → 想找人（ 发 ）广告，找 `boss91m1`
2022-06-24 03:38:52si1688 → 专业（发 ）广告，联系我 `boss91m1`
2022-06-24 03:39:21jiu_777 → 来（发 ）广告，联系 `boss91m1`
2022-06-24 03:40:50jiu_777 → 来（发 ）广告，联系 `boss91m1`
2022-06-24 03:41:13jiemafb → 需要 群、发，找 `boss91m1`
2022-06-24 03:41:59jiu_777 → 需要 群、发，找 `boss91m1`
2022-06-24 03:42:16bc123hx → 想要（发 ）广告，找 `boss91m1`
2022-06-24 03:43:42jiu_777 → 专业（发 ）广告，联系我 `boss91m1`
2022-06-24 03:44:41si1688 → (session) 协议号，零售、批发 找，`boss91m1`
2022-06-24 03:45:04bc123hx → 要（发 ）广告，联系 `boss91m1`
2022-06-24 03:45:33jiu_777 → 要（发 ）广告，联系 `boss91m1`
2022-06-24 03:46:48-1001692409589 → 需要 群、发软、件，找 `boss91m1`
2022-06-24 03:47:06jiu_777 → 准备（发 ）广告，找 `boss91m1`
2022-06-24 03:48:33jiu_777 → 需要 软、件，找 `boss91m1`
2022-06-24 03:49:38bc123hx → 专业（发 ）广告，联系我 `boss91m1`
2022-06-24 03:50:07jiu_777 → 要（发 ）广告，联系 `boss91m1`
2022-06-24 03:50:52-1001692409589 → 需要 群、发，找 `boss91m1`
2022-06-24 03:51:16jiu_777 → (session) 协议号，零售、批发 找，`boss91m1`
2022-06-24 03:52:25si1688 → 专业（发 ）广告，联系我 `boss91m1`
2022-06-24 03:52:49jiu_777 → 来（发 ）广告，联系 `boss91m1`
2022-06-24 03:54:41jiu_777 → (session) 协议号，零售、批发 找，`boss91m1`
2022-06-24 03:55:57jiu_777 → 需要 群、发软、件，找 `boss91m1`
2022-06-24 03:56:14bc123hx → 来（发 ）广告，联系 `boss91m1`
2022-06-24 03:56:37si1688 → 想找人（ 发 ）广告，找 `boss91m1`
2022-06-24 03:57:34jiu_777 → 来（发 ）广告，联系 `boss91m1`
2022-06-24 03:57:51-1001692409589 → 专业（发 ）广告，联系我 `boss91m1`
2022-06-24 03:58:14jiemafb → 需要 群、发软、件，找 `boss91m1`
2022-06-24 03:59:11jiu_777 → 需要 群、发，找 `boss91m1`
2022-06-24 04:00:29jiu_777 → 需要 软、件，找 `boss91m1`
2022-06-24 04:00:57-1001692409589 → 来（发 ）广告，联系 `boss91m1`
2022-06-24 04:01:20jiemaLine → 来（发 ）广告，联系 `boss91m1`
2022-06-24 04:02:16si1688 → 专业（发 ）广告，联系我 `boss91m1`
2022-06-24 04:02:34jiu_777 → 想要（发 ）广告，找 `boss91m1`
2022-06-24 04:02:57jiemaWhatsApp → (session) 协议号，零售、批发 找，`boss91m1`
2022-06-24 04:03:53bc123hx → 想要（发 ）广告，找 `boss91m1`
2022-06-24 04:04:11jiu_777 → 需要 软、件，找 `boss91m1`
2022-06-24 04:05:14si1688 → (session) 协议号，零售、批发 找，`boss91m1`
2022-06-24 04:05:32jiu_777 → 准备（发 ）广告，找 `boss91m1`
2022-06-24 04:06:28-1001692409589 → 来（发 ）广告，联系 `boss91m1`
2022-06-24 04:06:52jiu_777 → 需要 群、发，找 `boss91m1`
2022-06-24 04:08:01bc123hx → 需要 软、件，找 `boss91m1`
2022-06-24 04:08:25jiu_777 → 需要 软、件，找 `boss91m1`
2022-06-24 04:10:05jiu_777 → 需要 软、件，找 `boss91m1`
2022-06-24 04:11:46jiu_777 → 要（发 ）广告，联系 `boss91m1`
2022-06-24 04:12:09bc123hx → 来（发 ）广告，联系 `boss91m1`
2022-06-24 04:12:55jiu_777 → 来（发 ）广告，联系 `boss91m1`
2022-06-24 04:13:23si1688 → 专业（发 ）广告，联系我 `boss91m1`
2022-06-24 04:14:08jiemafb → 准备（发 ）广告，找 `boss91m1`
2022-06-24 04:14:31-1001692409589 → 要（发 ）广告，联系 `boss91m1`
2022-06-24 04:14:49jiu_777 → 来（发 ）广告，联系 `boss91m1`
2022-06-24 04:16:04jiu_777 → 准备（发 ）广告，找 `boss91m1`
2022-06-24 04:17:03bc123hx → 需要 群、发软、件，找 `boss91m1`
2022-06-24 04:17:39jiu_777 → (session) 协议号，零售、批发 找，`boss91m1`
2022-06-24 04:18:07-1001692409589 → (session) 协议号，零售、批发 找，`boss91m1`
2022-06-24 04:19:22si1688 → (session) 协议号，零售、批发 找，`boss91m1`
2022-06-24 04:19:40jiu_777 → 来（发 ）广告，联系 `boss91m1`
2022-06-24 04:20:46jiu_777 → 要（发 ）广告，联系 `boss91m1`
2022-06-24 04:22:14-1001692409589 → 专业（发 ）广告，联系我 `boss91m1`
2022-06-24 04:22:43jiu_777 → 准备（发 ）广告，找 `boss91m1`
2022-06-24 04:23:06si1688 → 需要 群、发软、件，找 `boss91m1`
2022-06-24 04:23:52jiu_777 → 需要 群、发软、件，找 `boss91m1`
2022-06-24 04:24:39bc123hx → 要（发 ）广告，联系 `boss91m1`
2022-06-24 04:25:49jiu_777 → (session) 协议号，零售、批发 找，`boss91m1`
2022-06-24 04:26:52jiu_777 → 专业（发 ）广告，联系我 `boss91m1`
2022-06-24 04:27:51-1001692409589 → 来（发 ）广告，联系 `boss91m1`
2022-06-24 04:28:50jiu_777 → 需要 群、发软、件，找 `boss91m1`
2022-06-24 04:29:13bc123hx → 想找人（ 发 ）广告，找 `boss91m1`
2022-06-24 04:29:59jiu_777 → 要（发 ）广告，联系 `boss91m1`
2022-06-24 04:31:08si1688 → 需要 群、发软、件，找 `boss91m1`
2022-06-24 04:31:54jiu_777 → 想找人（ 发 ）广告，找 `boss91m1`
2022-06-24 04:32:18si1688 → 想找人（ 发 ）广告，找 `boss91m1`
2022-06-24 04:33:04jiu_777 → 来（发 ）广告，联系 `boss91m1`
2022-06-24 04:33:21-1001692409589 → 想找人（ 发 ）广告，找 `boss91m1`
2022-06-24 04:34:36jiemafb → 需要 群、发，找 `boss91m1`
2022-06-24 04:34:54jiu_777 → 需要 群、发软、件，找 `boss91m1`
2022-06-24 04:36:10bc123hx → 需要 软、件，找 `boss91m1`
2022-06-24 04:36:28jiu_777 → 专业（发 ）广告，联系我 `boss91m1`
2022-06-24 04:37:54jiu_777 → 需要 软、件，找 `boss91m1`
2022-06-24 04:38:42si1688 → 专业（发 ）广告，联系我 `boss91m1`
2022-06-24 04:39:17jiu_777 → 准备（发 ）广告，找 `boss91m1`
2022-06-24 04:40:15bc123hx → 想找人（ 发 ）广告，找 `boss91m1`
2022-06-24 04:40:50jiu_777 → 专业（发 ）广告，联系我 `boss91m1`
2022-06-24 04:41:18-1001692409589 → 想要（发 ）广告，找 `boss91m1`
2022-06-24 04:42:45jiu_777 → 专业（发 ）广告，联系我 `boss91m1`
2022-06-24 04:43:20si1688 → 来（发 ）广告，联系 `boss91m1`
2022-06-24 04:43:55jiu_777 → 要（发 ）广告，联系 `boss91m1`
2022-06-24 04:45:35-1001692409589 → 想找人（ 发 ）广告，找 `boss91m1`
2022-06-24 04:45:53jiu_777 → 需要 群、发，找 `boss91m1`
2022-06-24 04:46:16bc123hx → 来（发 ）广告，联系 `boss91m1`
2022-06-24 04:47:02jiu_777 → 来（发 ）广告，联系 `boss91m1`
2022-06-24 04:48:40si1688 → 来（发 ）广告，联系 `boss91m1`
2022-06-24 04:48:58jiu_777 → 准备（发 ）广告，找 `boss91m1`
2022-06-24 04:50:02-1001692409589 → 想找人（ 发 ）广告，找 `boss91m1`
2022-06-24 04:50:31jiu_777 → 准备（发 ）广告，找 `boss91m1`
2022-06-24 04:51:46jiemafb → 来（发 ）广告，联系 `boss91m1`
2022-06-24 04:52:04jiu_777 → 专业（发 ）广告，联系我 `boss91m1`
2022-06-24 04:52:27bc123hx → 需要 群、发，找 `boss91m1`
2022-06-24 04:53:24jiu_777 → 准备（发 ）广告，找 `boss91m1`
2022-06-24 04:54:42jiu_777 → 想找人（ 发 ）广告，找 `boss91m1`
2022-06-24 04:54:59bc123hx → 想找人（ 发 ）广告，找 `boss91m1`
2022-06-24 04:56:14-1001692409589 → 来（发 ）广告，联系 `boss91m1`
2022-06-24 04:56:43jiu_777 → 需要 群、发软、件，找 `boss91m1`
2022-06-24 04:57:06si1688 → 来（发 ）广告，联系 `boss91m1`
2022-06-24 04:58:05jiu_777 → (session) 协议号，零售、批发 找，`boss91m1`
2022-06-24 04:59:30jiu_777 → 来（发 ）广告，联系 `boss91m1`
2022-06-24 04:59:48si1688 → (session) 协议号，零售、批发 找，`boss91m1`
2022-06-24 05:01:20jiemaLine → 想找人（ 发 ）广告，找 `boss91m1`
2022-06-24 05:01:52jiu_777 → 来（发 ）广告，联系 `boss91m1`
2022-06-24 05:02:20bc123hx → 想要（发 ）广告，找 `boss91m1`
2022-06-24 05:02:57jiemaWhatsApp → 需要 软、件，找 `boss91m1`
2022-06-24 05:03:31-1001692409589 → 想找人（ 发 ）广告，找 `boss91m1`
2022-06-24 05:04:00jiu_777 → 想找人（ 发 ）广告，找 `boss91m1`
2022-06-24 05:05:05jiu_777 → 需要 群、发软、件，找 `boss91m1`
2022-06-24 05:06:02bc123hx → 想找人（ 发 ）广告，找 `boss91m1`
2022-06-24 05:06:48jiu_777 → 来（发 ）广告，联系 `boss91m1`
2022-06-24 05:07:05jiemafb → 需要 软、件，找 `boss91m1`
2022-06-24 05:08:10jiu_777 → (session) 协议号，零售、批发 找，`boss91m1`
2022-06-24 05:08:38-1001692409589 → 需要 群、发，找 `boss91m1`
2022-06-24 05:09:01si1688 → (session) 协议号，零售、批发 找，`boss91m1`
2022-06-24 05:10:00jiu_777 → 来（发 ）广告，联系 `boss91m1`
2022-06-24 05:11:40jiu_777 → 要（发 ）广告，联系 `boss91m1`
2022-06-24 05:13:10jiu_777 → 想要（发 ）广告，找 `boss91m1`
2022-06-24 05:13:33si1688 → 需要 群、发，找 `boss91m1`
2022-06-24 05:14:20jiu_777 → 来（发 ）广告，联系 `boss91m1`
2022-06-24 05:14:37-1001692409589 → 需要 群、发，找 `boss91m1`
2022-06-24 05:15:33bc123hx → 专业（发 ）广告，联系我 `boss91m1`
2022-06-24 05:16:19jiu_777 → 想找人（ 发 ）广告，找 `boss91m1`
2022-06-24 05:17:25si1688 → 来（发 ）广告，联系 `boss91m1`
2022-06-24 05:17:43jiu_777 → 专业（发 ）广告，联系我 `boss91m1`
2022-06-24 05:19:00jiu_777 → 专业（发 ）广告，联系我 `boss91m1`
2022-06-24 05:19:28-1001692409589 → 需要 软、件，找 `boss91m1`
2022-06-24 05:19:51bc123hx → 准备（发 ）广告，找 `boss91m1`
2022-06-24 05:20:37jiu_777 → (session) 协议号，零售、批发 找，`boss91m1`
2022-06-24 05:22:04si1688 → 专业（发 ）广告，联系我 `boss91m1`
2022-06-24 05:22:33jiu_777 → 要（发 ）广告，联系 `boss91m1`
2022-06-24 05:23:07jiemafb → 专业（发 ）广告，联系我 `boss91m1`
2022-06-24 05:23:41-1001692409589 → 需要 群、发软、件，找 `boss91m1`
2022-06-24 05:24:10jiu_777 → 专业（发 ）广告，联系我 `boss91m1`
2022-06-24 05:24:55bc123hx → 想要（发 ）广告，找 `boss91m1`
2022-06-24 05:25:19jiu_777 → (session) 协议号，零售、批发 找，`boss91m1`
2022-06-24 05:26:48jiu_777 → 想找人（ 发 ）广告，找 `boss91m1`
2022-06-24 05:28:16jiu_777 → 需要 群、发软、件，找 `boss91m1`
2022-06-24 05:28:44-1001692409589 → (session) 协议号，零售、批发 找，`boss91m1`
2022-06-24 05:29:29si1688 → 想要（发 ）广告，找 `boss91m1`
2022-06-24 05:30:04jiu_777 → 来（发 ）广告，联系 `boss91m1`
2022-06-24 05:31:21bc123hx → 需要 群、发，找 `boss91m1`
2022-06-24 05:31:39jiu_777 → 来（发 ）广告，联系 `boss91m1`
2022-06-24 05:33:04jiu_777 → 专业（发 ）广告，联系我 `boss91m1`
2022-06-24 05:33:41bc123hx → 需要 软、件，找 `boss91m1`
2022-06-24 05:34:26-1001692409589 → 准备（发 ）广告，找 `boss91m1`
2022-06-24 05:34:44jiu_777 → 需要 群、发，找 `boss91m1`
2022-06-24 05:35:59si1688 → 专业（发 ）广告，联系我 `boss91m1`
2022-06-24 05:36:28jiu_777 → 想要（发 ）广告，找 `boss91m1`
2022-06-24 05:37:55jiu_777 → 要（发 ）广告，联系 `boss91m1`
2022-06-24 05:38:30si1688 → 来（发 ）广告，联系 `boss91m1`
2022-06-24 05:39:29jiu_777 → 来（发 ）广告，联系 `boss91m1`
2022-06-24 05:40:14bc123hx → 来（发 ）广告，联系 `boss91m1`
2022-06-24 05:41:02jiu_777 → 来（发 ）广告，联系 `boss91m1`
2022-06-24 05:41:25-1001692409589 → 想要（发 ）广告，找 `boss91m1`
2022-06-24 05:42:10jiemafb → 需要 群、发，找 `boss91m1`
2022-06-24 05:42:28jiu_777 → 需要 软、件，找 `boss91m1`
2022-06-24 05:43:56jiu_777 → 要（发 ）广告，联系 `boss91m1`
2022-06-24 05:44:52bc123hx → 想找人（ 发 ）广告，找 `boss91m1`
2022-06-24 05:45:27jiu_777 → 想要（发 ）广告，找 `boss91m1`
2022-06-24 05:45:44-1001692409589 → 想要（发 ）广告，找 `boss91m1`
2022-06-24 05:46:48si1688 → 想要（发 ）广告，找 `boss91m1`
2022-06-24 05:47:06jiu_777 → 需要 群、发，找 `boss91m1`
2022-06-24 05:48:33jiu_777 → 需要 群、发软、件，找 `boss91m1`
2022-06-24 05:49:49bc123hx → 来（发 ）广告，联系 `boss91m1`
2022-06-24 05:50:08jiu_777 → 想要（发 ）广告，找 `boss91m1`
2022-06-24 05:50:42-1001692409589 → 想要（发 ）广告，找 `boss91m1`
2022-06-24 05:51:52jiu_777 → 想要（发 ）广告，找 `boss91m1`
2022-06-24 05:52:57jiu_777 → 专业（发 ）广告，联系我 `boss91m1`
2022-06-24 05:53:14si1688 → 准备（发 ）广告，找 `boss91m1`
2022-06-24 05:54:29si1688 → 来（发 ）广告，联系 `boss91m1`
2022-06-24 05:54:58jiu_777 → 需要 群、发软、件，找 `boss91m1`
2022-06-24 05:56:03jiu_777 → 专业（发 ）广告，联系我 `boss91m1`
2022-06-24 05:56:20bc123hx → 来（发 ）广告，联系 `boss91m1`
2022-06-24 05:57:16jiemafb → 想找人（ 发 ）广告，找 `boss91m1`
2022-06-24 05:57:54jiu_777 → 需要 软、件，找 `boss91m1`
2022-06-24 05:58:50-1001692409589 → 专业（发 ）广告，联系我 `boss91m1`
2022-06-24 05:59:25jiu_777 → (session) 协议号，零售、批发 找，`boss91m1`
2022-06-24 06:00:42bc123hx → 来（发 ）广告，联系 `boss91m1`
2022-06-24 06:01:11jiu_777 → (session) 协议号，零售、批发 找，`boss91m1`
2022-06-24 06:02:26jiemaLine → 专业（发 ）广告，联系我 `boss91m1`
2022-06-24 06:02:44jiu_777 → 需要 群、发软、件，找 `boss91m1`
2022-06-24 06:03:08si1688 → (session) 协议号，零售、批发 找，`boss91m1`
2022-06-24 06:03:54jiu_777 → 专业（发 ）广告，联系我 `boss91m1`
2022-06-24 06:04:11-1001692409589 → (session) 协议号，零售、批发 找，`boss91m1`
2022-06-24 06:05:26bc123hx → 想找人（ 发 ）广告，找 `boss91m1`
2022-06-24 06:05:55jiu_777 → 准备（发 ）广告，找 `boss91m1`
2022-06-24 06:07:10jiemaWhatsApp → 需要 软、件，找 `boss91m1`
2022-06-24 06:07:28jiu_777 → 专业（发 ）广告，联系我 `boss91m1`
2022-06-24 06:08:32-1001692409589 → (session) 协议号，零售、批发 找，`boss91m1`
2022-06-24 06:09:01jiu_777 → 要（发 ）广告，联系 `boss91m1`
2022-06-24 06:09:25si1688 → 想要（发 ）广告，找 `boss91m1`
2022-06-24 06:10:12jiu_777 → 需要 群、发软、件，找 `boss91m1`
2022-06-24 06:11:39si1688 → 想找人（ 发 ）广告，找 `boss91m1`
2022-06-24 06:11:57jiu_777 → 专业（发 ）广告，联系我 `boss91m1`
2022-06-24 06:12:53jiemafb → 来（发 ）广告，联系 `boss91m1`
2022-06-24 06:13:16-1001692409589 → 想要（发 ）广告，找 `boss91m1`
2022-06-24 06:13:34jiu_777 → (session) 协议号，零售、批发 找，`boss91m1`
2022-06-24 06:14:30bc123hx → 想要（发 ）广告，找 `boss91m1`
2022-06-24 06:15:07jiu_777 → 来（发 ）广告，联系 `boss91m1`
2022-06-24 06:16:32bc123hx → 想要（发 ）广告，找 `boss91m1`
2022-06-24 06:16:50jiu_777 → 来（发 ）广告，联系 `boss91m1`
2022-06-24 06:17:54si1688 → 来（发 ）广告，联系 `boss91m1`
2022-06-24 06:18:12jiu_777 → 需要 群、发，找 `boss91m1`
2022-06-24 06:19:41jiu_777 → 需要 群、发，找 `boss91m1`
2022-06-24 06:20:26-1001692409589 → 专业（发 ）广告，联系我 `boss91m1`
2022-06-24 06:21:01jiu_777 → 来（发 ）广告，联系 `boss91m1`
2022-06-24 06:22:29jiu_777 → 要（发 ）广告，联系 `boss91m1`
2022-06-24 06:22:46bc123hx → 想找人（ 发 ）广告，找 `boss91m1`
2022-06-24 06:23:42si1688 → 需要 软、件，找 `boss91m1`
2022-06-24 06:24:16-1001692409589 → 来（发 ）广告，联系 `boss91m1`
2022-06-24 06:24:34jiu_777 → 想找人（ 发 ）广告，找 `boss91m1`
2022-06-24 06:25:50jiu_777 → 来（发 ）广告，联系 `boss91m1`
2022-06-24 06:27:07jiu_777 → 来（发 ）广告，联系 `boss91m1`
2022-06-24 06:27:36-1001692409589 → 需要 群、发软、件，找 `boss91m1`
2022-06-24 06:28:10bc123hx → 想找人（ 发 ）广告，找 `boss91m1`
2022-06-24 06:28:46jiu_777 → (session) 协议号，零售、批发 找，`boss91m1`
2022-06-24 06:29:03jiemafb → 来（发 ）广告，联系 `boss91m1`
2022-06-24 06:30:30jiu_777 → 要（发 ）广告，联系 `boss91m1`
2022-06-24 06:30:47si1688 → 要（发 ）广告，联系 `boss91m1`
2022-06-24 06:32:14jiu_777 → 来（发 ）广告，联系 `boss91m1`
2022-06-24 06:33:19-1001692409589 → 要（发 ）广告，联系 `boss91m1`
2022-06-24 06:33:48jiu_777 → 准备（发 ）广告，找 `boss91m1`
2022-06-24 06:35:04jiu_777 → 要（发 ）广告，联系 `boss91m1`
2022-06-24 06:35:21si1688 → 需要 群、发，找 `boss91m1`
2022-06-24 06:36:27jiu_777 → 专业（发 ）广告，联系我 `boss91m1`
2022-06-24 06:36:55bc123hx → (session) 协议号，零售、批发 找，`boss91m1`
2022-06-24 06:38:23jiu_777 → 来（发 ）广告，联系 `boss91m1`
2022-06-24 06:38:46si1688 → (session) 协议号，零售、批发 找，`boss91m1`
2022-06-24 06:39:43jiu_777 → 需要 软、件，找 `boss91m1`
2022-06-24 06:40:00bc123hx → 想要（发 ）广告，找 `boss91m1`
2022-06-24 06:40:45-1001692409589 → 专业（发 ）广告，联系我 `boss91m1`
2022-06-24 06:41:10jiu_777 → 需要 群、发，找 `boss91m1`
2022-06-24 06:43:01jiu_777 → 想找人（ 发 ）广告，找 `boss91m1`
2022-06-24 06:43:47si1688 → (session) 协议号，零售、批发 找，`boss91m1`
2022-06-24 06:44:11jiu_777 → 来（发 ）广告，联系 `boss91m1`
2022-06-24 06:44:39-1001692409589 → 要（发 ）广告，联系 `boss91m1`
2022-06-24 06:45:45jiu_777 → 准备（发 ）广告，找 `boss91m1`
2022-06-24 06:46:43jiemafb → 来（发 ）广告，联系 `boss91m1`
2022-06-24 06:47:18jiu_777 → 想找人（ 发 ）广告，找 `boss91m1`
2022-06-24 06:47:35bc123hx → 要（发 ）广告，联系 `boss91m1`
2022-06-24 06:48:49jiu_777 → 需要 软、件，找 `boss91m1`
2022-06-24 06:49:37bc123hx → 来（发 ）广告，联系 `boss91m1`
2022-06-24 06:50:47jiu_777 → 准备（发 ）广告，找 `boss91m1`
2022-06-24 06:51:10-1001692409589 → 想要（发 ）广告，找 `boss91m1`
2022-06-24 06:52:07jiu_777 → 要（发 ）广告，联系 `boss91m1`
2022-06-24 06:53:05si1688 → 想要（发 ）广告，找 `boss91m1`
2022-06-24 06:53:40jiu_777 → 想找人（ 发 ）广告，找 `boss91m1`
2022-06-24 06:55:10jiu_777 → 想要（发 ）广告，找 `boss91m1`
2022-06-24 06:55:55si1688 → 专业（发 ）广告，联系我 `boss91m1`
2022-06-24 06:56:43jiu_777 → 想要（发 ）广告，找 `boss91m1`
2022-06-24 06:57:17bc123hx → 想找人（ 发 ）广告，找 `boss91m1`
2022-06-24 06:58:03jiu_777 → 专业（发 ）广告，联系我 `boss91m1`
2022-06-24 06:58:31-1001692409589 → 专业（发 ）广告，联系我 `boss91m1`
2022-06-24 06:59:34si1688 → 来（发 ）广告，联系 `boss91m1`
2022-06-24 07:00:03jiu_777 → 要（发 ）广告，联系 `boss91m1`
2022-06-24 07:01:18bc123hx → 要（发 ）广告，联系 `boss91m1`
2022-06-24 07:01:36jiu_777 → 来（发 ）广告，联系 `boss91m1`
2022-06-24 07:02:41jiu_777 → 要（发 ）广告，联系 `boss91m1`
2022-06-24 07:02:58-1001692409589 → 需要 群、发，找 `boss91m1`
2022-06-24 07:03:54jiemaLine → 需要 群、发，找 `boss91m1`
2022-06-24 07:04:18jiu_777 → 准备（发 ）广告，找 `boss91m1`
2022-06-24 07:05:15-1001692409589 → 想要（发 ）广告，找 `boss91m1`
2022-06-24 07:06:14jiu_777 → 要（发 ）广告，联系 `boss91m1`
2022-06-24 07:06:59jiemafb → 专业（发 ）广告，联系我 `boss91m1`
2022-06-24 07:07:24jiu_777 → 想找人（ 发 ）广告，找 `boss91m1`
2022-06-24 07:07:52jiemaWhatsApp → 想找人（ 发 ）广告，找 `boss91m1`
2022-06-24 07:08:37si1688 → 要（发 ）广告，联系 `boss91m1`
2022-06-24 07:09:02jiu_777 → 需要 群、发，找 `boss91m1`
2022-06-24 07:09:30bc123hx → 需要 软、件，找 `boss91m1`
2022-06-24 07:10:58jiu_777 → 想要（发 ）广告，找 `boss91m1`
2022-06-24 07:11:43-1001692409589 → 准备（发 ）广告，找 `boss91m1`
2022-06-24 07:12:07jiu_777 → 来（发 ）广告，联系 `boss91m1`
2022-06-24 07:12:25bc123hx → 想要（发 ）广告，找 `boss91m1`
2022-06-24 07:13:52jiu_777 → 专业（发 ）广告，联系我 `boss91m1`
2022-06-24 07:14:09si1688 → 来（发 ）广告，联系 `boss91m1`
2022-06-24 07:15:14jiu_777 → 想要（发 ）广告，找 `boss91m1`
2022-06-24 07:16:00bc123hx → 来（发 ）广告，联系 `boss91m1`
2022-06-24 07:16:57jiu_777 → 想找人（ 发 ）广告，找 `boss91m1`
2022-06-24 07:18:16jiu_777 → 来（发 ）广告，联系 `boss91m1`
2022-06-24 07:18:44si1688 → 来（发 ）广告，联系 `boss91m1`
2022-06-24 07:19:29-1001692409589 → 来（发 ）广告，联系 `boss91m1`
2022-06-24 07:20:17jiu_777 → 想找人（ 发 ）广告，找 `boss91m1`
2022-06-24 07:21:20si1688 → 需要 群、发软、件，找 `boss91m1`
2022-06-24 07:21:49jiu_777 → 来（发 ）广告，联系 `boss91m1`
2022-06-24 07:22:12jiemafb → 来（发 ）广告，联系 `boss91m1`
2022-06-24 07:22:57bc123hx → 需要 群、发，找 `boss91m1`
2022-06-24 07:23:15jiu_777 → 需要 软、件，找 `boss91m1`
2022-06-24 07:24:00-1001692409589 → 准备（发 ）广告，找 `boss91m1`
2022-06-24 07:24:35jiu_777 → 想要（发 ）广告，找 `boss91m1`
2022-06-24 07:26:15jiu_777 → 想找人（ 发 ）广告，找 `boss91m1`
2022-06-24 07:27:01bc123hx → 准备（发 ）广告，找 `boss91m1`
2022-06-24 07:27:49jiu_777 → 要（发 ）广告，联系 `boss91m1`
2022-06-24 07:29:06jiu_777 → 来（发 ）广告，联系 `boss91m1`
2022-06-24 07:29:23-1001692409589 → 专业（发 ）广告，联系我 `boss91m1`
2022-06-24 07:30:08si1688 → 来（发 ）广告，联系 `boss91m1`
2022-06-24 07:30:44jiu_777 → 要（发 ）广告，联系 `boss91m1`
2022-06-24 07:32:11bc123hx → 来（发 ）广告，联系 `boss91m1`
2022-06-24 07:32:29jiu_777 → 想找人（ 发 ）广告，找 `boss91m1`
2022-06-24 07:33:57jiu_777 → 专业（发 ）广告，联系我 `boss91m1`
2022-06-24 07:34:14si1688 → 来（发 ）广告，联系 `boss91m1`
2022-06-24 07:34:59-1001692409589 → 需要 群、发，找 `boss91m1`
2022-06-24 07:35:48jiu_777 → 专业（发 ）广告，联系我 `boss91m1`
2022-06-24 07:37:15jiu_777 → 来（发 ）广告，联系 `boss91m1`
2022-06-24 07:38:32jiu_777 → 需要 群、发软、件，找 `boss91m1`
2022-06-24 07:39:19bc123hx → 想要（发 ）广告，找 `boss91m1`
2022-06-24 07:39:53jiemafb → 想找人（ 发 ）广告，找 `boss91m1`
2022-06-24 07:40:22jiu_777 → 要（发 ）广告，联系 `boss91m1`
2022-06-24 07:41:07-1001692409589 → 要（发 ）广告，联系 `boss91m1`
2022-06-24 07:41:42jiu_777 → 专业（发 ）广告，联系我 `boss91m1`
2022-06-24 07:41:59si1688 → 要（发 ）广告，联系 `boss91m1`
2022-06-24 07:43:17jiu_777 → 想找人（ 发 ）广告，找 `boss91m1`
2022-06-24 07:43:51si1688 → 准备（发 ）广告，找 `boss91m1`
2022-06-24 07:44:50jiu_777 → 想要（发 ）广告，找 `boss91m1`
2022-06-24 07:46:17jiu_777 → 准备（发 ）广告，找 `boss91m1`
2022-06-24 07:46:34-1001692409589 → 要（发 ）广告，联系 `boss91m1`
2022-06-24 07:47:08bc123hx → 要（发 ）广告，联系 `boss91m1`
2022-06-24 07:47:54jiu_777 → 需要 群、发，找 `boss91m1`
2022-06-24 07:48:51bc123hx → 需要 群、发，找 `boss91m1`
2022-06-24 07:49:25-1001692409589 → 想要（发 ）广告，找 `boss91m1`
2022-06-24 07:49:43jiu_777 → 专业（发 ）广告，联系我 `boss91m1`
2022-06-24 07:50:48jiu_777 → 想要（发 ）广告，找 `boss91m1`
2022-06-24 07:51:47si1688 → 要（发 ）广告，联系 `boss91m1`
2022-06-24 07:52:22jiu_777 → 需要 群、发软、件，找 `boss91m1`
2022-06-24 07:53:49jiu_777 → 专业（发 ）广告，联系我 `boss91m1`
2022-06-24 07:54:37-1001692409589 → 需要 群、发，找 `boss91m1`
2022-06-24 07:55:22si1688 → 来（发 ）广告，联系 `boss91m1`
2022-06-24 07:55:40jiu_777 → 需要 群、发，找 `boss91m1`
2022-06-24 07:56:36bc123hx → 要（发 ）广告，联系 `boss91m1`
2022-06-24 07:56:59jiemafb → 要（发 ）广告，联系 `boss91m1`
2022-06-24 07:57:17jiu_777 → 要（发 ）广告，联系 `boss91m1`
2022-06-24 07:58:44jiu_777 → 要（发 ）广告，联系 `boss91m1`
2022-06-24 08:00:00si1688 → 来（发 ）广告，联系 `boss91m1`
2022-06-24 08:00:18jiu_777 → 需要 群、发软、件，找 `boss91m1`
2022-06-24 08:01:34jiu_777 → 需要 群、发软、件，找 `boss91m1`
2022-06-24 08:02:33-1001692409589 → 需要 软、件，找 `boss91m1`
2022-06-24 08:03:18bc123hx → 准备（发 ）广告，找 `boss91m1`
2022-06-24 08:03:36jiu_777 → 来（发 ）广告，联系 `boss91m1`
2022-06-24 08:04:53jiu_777 → 想找人（ 发 ）广告，找 `boss91m1`
2022-06-24 08:05:49jiemaLine → 来（发 ）广告，联系 `boss91m1`
2022-06-24 08:06:13jiu_777 → 准备（发 ）广告，找 `boss91m1`
2022-06-24 08:06:42-1001692409589 → 需要 群、发，找 `boss91m1`
2022-06-24 08:07:47jiu_777 → 需要 群、发软、件，找 `boss91m1`
2022-06-24 08:08:05si1688 → 想要（发 ）广告，找 `boss91m1`
2022-06-24 08:09:01bc123hx → 专业（发 ）广告，联系我 `boss91m1`
2022-06-24 08:09:47jiu_777 → 需要 群、发软、件，找 `boss91m1`
2022-06-24 08:10:33si1688 → 来（发 ）广告，联系 `boss91m1`
2022-06-24 08:11:21jiu_777 → 想找人（ 发 ）广告，找 `boss91m1`
2022-06-24 08:11:55jiemaWhatsApp → 想要（发 ）广告，找 `boss91m1`
2022-06-24 08:12:29jiemafb → 来（发 ）广告，联系 `boss91m1`
2022-06-24 08:12:47jiu_777 → 来（发 ）广告，联系 `boss91m1`
2022-06-24 08:13:43-1001692409589 → 需要 群、发，找 `boss91m1`
2022-06-24 08:14:18jiu_777 → 需要 群、发，找 `boss91m1`
2022-06-24 08:14:35bc123hx → 要（发 ）广告，联系 `boss91m1`
2022-06-24 08:15:38jiu_777 → 需要 群、发软、件，找 `boss91m1`
2022-06-24 08:16:49bc123hx → 来（发 ）广告，联系 `boss91m1`
2022-06-24 08:17:13si1688 → 需要 群、发，找 `boss91m1`
2022-06-24 08:17:31jiu_777 → 准备（发 ）广告，找 `boss91m1`
2022-06-24 08:18:16-1001692409589 → 准备（发 ）广告，找 `boss91m1`
2022-06-24 08:18:51jiu_777 → (session) 协议号，零售、批发 找，`boss91m1`
2022-06-24 08:20:20jiu_777 → 要（发 ）广告，联系 `boss91m1`
2022-06-24 08:21:29bc123hx → 要（发 ）广告，联系 `boss91m1`
2022-06-24 08:21:54jiu_777 → 需要 群、发，找 `boss91m1`
2022-06-24 08:22:22-1001692409589 → 需要 群、发，找 `boss91m1`
2022-06-24 08:23:38jiu_777 → (session) 协议号，零售、批发 找，`boss91m1`
2022-06-24 08:24:25si1688 → 专业（发 ）广告，联系我 `boss91m1`
2022-06-24 08:25:00jiu_777 → 来（发 ）广告，联系 `boss91m1`
2022-06-24 08:26:53jiu_777 → 需要 群、发软、件，找 `boss91m1`
2022-06-24 08:27:16si1688 → 来（发 ）广告，联系 `boss91m1`
2022-06-24 08:28:12bc123hx → 来（发 ）广告，联系 `boss91m1`
2022-06-24 08:28:30jiu_777 → 要（发 ）广告，联系 `boss91m1`
2022-06-24 08:29:46jiu_777 → 来（发 ）广告，联系 `boss91m1`
2022-06-24 08:30:33-1001692409589 → 准备（发 ）广告，找 `boss91m1`
2022-06-24 08:31:19jiu_777 → 想要（发 ）广告，找 `boss91m1`
2022-06-24 08:32:35jiemafb → (session) 协议号，零售、批发 找，`boss91m1`
2022-06-24 08:33:04jiu_777 → 想要（发 ）广告，找 `boss91m1`
2022-06-24 08:33:38-1001692409589 → 需要 群、发软、件，找 `boss91m1`
2022-06-24 08:34:13jiu_777 → (session) 协议号，零售、批发 找，`boss91m1`
2022-06-24 08:34:41bc123hx → 想要（发 ）广告，找 `boss91m1`
2022-06-24 08:35:05si1688 → 需要 软、件，找 `boss91m1`
2022-06-24 08:36:05jiu_777 → 需要 软、件，找 `boss91m1`
2022-06-24 08:37:19si1688 → 专业（发 ）广告，联系我 `boss91m1`
2022-06-24 08:37:48jiu_777 → 需要 软、件，找 `boss91m1`
2022-06-24 08:38:53jiu_777 → 想要（发 ）广告，找 `boss91m1`
2022-06-24 08:39:41bc123hx → 来（发 ）广告，联系 `boss91m1`
2022-06-24 08:40:38jiu_777 → 需要 群、发，找 `boss91m1`
2022-06-24 08:41:25-1001692409589 → 准备（发 ）广告，找 `boss91m1`
2022-06-24 08:42:00jiu_777 → 需要 群、发软、件，找 `boss91m1`
2022-06-24 08:42:57si1688 → (session) 协议号，零售、批发 找，`boss91m1`
2022-06-24 08:43:32jiu_777 → 需要 群、发软、件，找 `boss91m1`
2022-06-24 08:43:49-1001692409589 → (session) 协议号，零售、批发 找，`boss91m1`
2022-06-24 08:45:29jiu_777 → 需要 软、件，找 `boss91m1`
2022-06-24 08:46:44bc123hx → 需要 群、发软、件，找 `boss91m1`
2022-06-24 08:47:02jiu_777 → 专业（发 ）广告，联系我 `boss91m1`
2022-06-24 08:48:05jiu_777 → 想要（发 ）广告，找 `boss91m1`
2022-06-24 08:48:23bc123hx → 想要（发 ）广告，找 `boss91m1`
2022-06-24 08:49:39jiu_777 → 需要 群、发，找 `boss91m1`
2022-06-24 08:50:07-1001692409589 → 需要 群、发软、件，找 `boss91m1`
2022-06-24 08:51:23jiu_777 → 要（发 ）广告，联系 `boss91m1`
2022-06-24 08:51:40si1688 → 来（发 ）广告，联系 `boss91m1`
2022-06-24 08:52:14jiemafb → 想找人（ 发 ）广告，找 `boss91m1`
2022-06-24 08:53:00jiu_777 → 想要（发 ）广告，找 `boss91m1`
2022-06-24 08:53:46si1688 → 来（发 ）广告，联系 `boss91m1`
2022-06-24 08:54:22jiu_777 → 需要 软、件，找 `boss91m1`
2022-06-24 08:54:50bc123hx → 来（发 ）广告，联系 `boss91m1`
2022-06-24 08:55:24-1001692409589 → 来（发 ）广告，联系 `boss91m1`
2022-06-24 08:56:10jiu_777 → 来（发 ）广告，联系 `boss91m1`
2022-06-24 08:57:28jiu_777 → 要（发 ）广告，联系 `boss91m1`
2022-06-24 08:59:07jiu_777 → 要（发 ）广告，联系 `boss91m1`
2022-06-24 08:59:25-1001692409589 → 想找人（ 发 ）广告，找 `boss91m1`
2022-06-24 09:00:30jiu_777 → 来（发 ）广告，联系 `boss91m1`
2022-06-24 09:01:58si1688 → 需要 软、件，找 `boss91m1`
2022-06-24 09:02:27jiu_777 → 来（发 ）广告，联系 `boss91m1`
2022-06-24 09:02:50bc123hx → 来（发 ）广告，联系 `boss91m1`
2022-06-24 09:03:38jiu_777 → 准备（发 ）广告，找 `boss91m1`
2022-06-24 09:04:46bc123hx → 准备（发 ）广告，找 `boss91m1`
2022-06-24 09:05:09-1001692409589 → 来（发 ）广告，联系 `boss91m1`
2022-06-24 09:05:27jiu_777 → 想找人（ 发 ）广告，找 `boss91m1`
2022-06-24 09:06:53jiemaLine → 专业（发 ）广告，联系我 `boss91m1`
2022-06-24 09:07:11jiu_777 → 需要 软、件，找 `boss91m1`
2022-06-24 09:07:34jiemafb → 准备（发 ）广告，找 `boss91m1`
2022-06-24 09:08:21jiu_777 → 专业（发 ）广告，联系我 `boss91m1`
2022-06-24 09:08:49si1688 → (session) 协议号，零售、批发 找，`boss91m1`
2022-06-24 09:09:53jiu_777 → 要（发 ）广告，联系 `boss91m1`
2022-06-24 09:10:22si1688 → (session) 协议号，零售、批发 找，`boss91m1`
2022-06-24 09:10:56bc123hx → 需要 群、发软、件，找 `boss91m1`
2022-06-24 09:11:30-1001692409589 → 来（发 ）广告，联系 `boss91m1`
2022-06-24 09:11:59jiu_777 → 要（发 ）广告，联系 `boss91m1`
2022-06-24 09:13:03jiemaWhatsApp → 想找人（ 发 ）广告，找 `boss91m1`
2022-06-24 09:13:21jiu_777 → 想要（发 ）广告，找 `boss91m1`
2022-06-24 09:14:48jiu_777 → (session) 协议号，零售、批发 找，`boss91m1`
2022-06-24 09:15:34si1688 → 要（发 ）广告，联系 `boss91m1`
2022-06-24 09:16:19-1001692409589 → 要（发 ）广告，联系 `boss91m1`
2022-06-24 09:16:37jiu_777 → (session) 协议号，零售、批发 找，`boss91m1`
2022-06-24 09:17:11bc123hx → 来（发 ）广告，联系 `boss91m1`
2022-06-24 09:18:10jiu_777 → 需要 群、发软、件，找 `boss91m1`
2022-06-24 09:19:40jiu_777 → 需要 群、发，找 `boss91m1`
2022-06-24 09:20:54bc123hx → 来（发 ）广告，联系 `boss91m1`
2022-06-24 09:21:12jiu_777 → 需要 软、件，找 `boss91m1`
2022-06-24 09:21:57-1001692409589 → (session) 协议号，零售、批发 找，`boss91m1`
2022-06-24 09:22:34jiu_777 → 来（发 ）广告，联系 `boss91m1`
2022-06-24 09:23:49jiemafb → (session) 协议号，零售、批发 找，`boss91m1`
2022-06-24 09:24:18jiu_777 → 来（发 ）广告，联系 `boss91m1`
2022-06-24 09:25:03si1688 → 准备（发 ）广告，找 `boss91m1`
2022-06-24 09:25:38jiu_777 → 需要 群、发软、件，找 `boss91m1`
2022-06-24 09:26:54si1688 → (session) 协议号，零售、批发 找，`boss91m1`
2022-06-24 09:27:13jiu_777 → 来（发 ）广告，联系 `boss91m1`
2022-06-24 09:28:39bc123hx → 想要（发 ）广告，找 `boss91m1`
2022-06-24 09:28:57jiu_777 → 来（发 ）广告，联系 `boss91m1`
2022-06-24 09:29:30-1001692409589 → (session) 协议号，零售、批发 找，`boss91m1`
2022-06-24 09:30:31jiu_777 → 需要 群、发，找 `boss91m1`
2022-06-24 09:31:34jiu_777 → 需要 软、件，找 `boss91m1`
2022-06-24 09:31:52si1688 → (session) 协议号，零售、批发 找，`boss91m1`
2022-06-24 09:32:26-1001692409589 → 来（发 ）广告，联系 `boss91m1`
2022-06-24 09:33:36jiu_777 → 准备（发 ）广告，找 `boss91m1`
2022-06-24 09:34:21bc123hx → 专业（发 ）广告，联系我 `boss91m1`
2022-06-24 09:34:59jiu_777 → 想要（发 ）广告，找 `boss91m1`
2022-06-24 09:36:37jiu_777 → 要（发 ）广告，联系 `boss91m1`
2022-06-24 09:37:44jiu_777 → 需要 群、发软、件，找 `boss91m1`
2022-06-24 09:38:12-1001692409589 → 要（发 ）广告，联系 `boss91m1`
2022-06-24 09:39:16bc123hx → 想要（发 ）广告，找 `boss91m1`
2022-06-24 09:39:34jiu_777 → 需要 群、发软、件，找 `boss91m1`
2022-06-24 09:40:08si1688 → 准备（发 ）广告，找 `boss91m1`
2022-06-24 09:40:55jiu_777 → 要（发 ）广告，联系 `boss91m1`
2022-06-24 09:42:22bc123hx → 准备（发 ）广告，找 `boss91m1`
2022-06-24 09:42:51jiu_777 → 专业（发 ）广告，联系我 `boss91m1`
2022-06-24 09:43:14-1001692409589 → (session) 协议号，零售、批发 找，`boss91m1`
2022-06-24 09:44:10jiemafb → 需要 群、发，找 `boss91m1`
2022-06-24 09:44:28jiu_777 → (session) 协议号，零售、批发 找，`boss91m1`
2022-06-24 09:45:33jiu_777 → 来（发 ）广告，联系 `boss91m1`
2022-06-24 09:46:00si1688 → 专业（发 ）广告，联系我 `boss91m1`
2022-06-24 09:47:17jiu_777 → 要（发 ）广告，联系 `boss91m1`
2022-06-24 09:48:13-1001692409589 → 想要（发 ）广告，找 `boss91m1`
2022-06-24 09:48:38jiu_777 → 准备（发 ）广告，找 `boss91m1`
2022-06-24 09:50:08si1688 → (session) 协议号，零售、批发 找，`boss91m1`
2022-06-24 09:50:37jiu_777 → 专业（发 ）广告，联系我 `boss91m1`
2022-06-24 09:51:11bc123hx → 需要 软、件，找 `boss91m1`
2022-06-24 09:51:57jiu_777 → 需要 群、发，找 `boss91m1`
2022-06-24 09:53:24bc123hx → (session) 协议号，零售、批发 找，`boss91m1`
2022-06-24 09:53:42jiu_777 → (session) 协议号，零售、批发 找，`boss91m1`
2022-06-24 09:54:58jiu_777 → 需要 群、发，找 `boss91m1`
2022-06-24 09:56:26si1688 → 想要（发 ）广告，找 `boss91m1`
2022-06-24 09:56:44jiu_777 → 需要 群、发，找 `boss91m1`
2022-06-24 09:57:17-1001692409589 → 需要 软、件，找 `boss91m1`
2022-06-24 09:58:15jiu_777 → 需要 软、件，找 `boss91m1`
2022-06-24 09:59:30-1001692409589 → 想找人（ 发 ）广告，找 `boss91m1`
2022-06-24 09:59:49jiu_777 → 想要（发 ）广告，找 `boss91m1`
2022-06-24 10:00:12jiemafb → 想要（发 ）广告，找 `boss91m1`
2022-06-24 10:00:58jiu_777 → 准备（发 ）广告，找 `boss91m1`
2022-06-24 10:01:15bc123hx → 想找人（ 发 ）广告，找 `boss91m1`
2022-06-24 10:02:31si1688 → 来（发 ）广告，联系 `boss91m1`
2022-06-24 10:02:49jiu_777 → 需要 群、发软、件，找 `boss91m1`
2022-06-24 10:04:13bc123hx → 来（发 ）广告，联系 `boss91m1`
2022-06-24 10:04:32jiu_777 → 需要 群、发软、件，找 `boss91m1`
2022-06-24 10:05:06-1001692409589 → 来（发 ）广告，联系 `boss91m1`
2022-06-24 10:05:41jiu_777 → (session) 协议号，零售、批发 找，`boss91m1`
2022-06-24 10:05:59si1688 → 要（发 ）广告，联系 `boss91m1`
2022-06-24 10:07:39jiu_777 → 准备（发 ）广告，找 `boss91m1`
2022-06-24 10:08:13jiemaLine → 想要（发 ）广告，找 `boss91m1`
2022-06-24 10:08:59jiu_777 → 需要 群、发软、件，找 `boss91m1`
2022-06-24 10:09:34-1001692409589 → 想找人（ 发 ）广告，找 `boss91m1`
2022-06-24 10:10:20jiu_777 → 想要（发 ）广告，找 `boss91m1`
2022-06-24 10:10:48bc123hx → 要（发 ）广告，联系 `boss91m1`
2022-06-24 10:12:17jiu_777 → 来（发 ）广告，联系 `boss91m1`
2022-06-24 10:13:32si1688 → 要（发 ）广告，联系 `boss91m1`
2022-06-24 10:13:50jiu_777 → 需要 群、发软、件，找 `boss91m1`
2022-06-24 10:15:19jiu_777 → 需要 群、发，找 `boss91m1`
2022-06-24 10:15:53-1001692409589 → 需要 群、发软、件，找 `boss91m1`
2022-06-24 10:16:39jiu_777 → 来（发 ）广告，联系 `boss91m1`
2022-06-24 10:16:56si1688 → 想要（发 ）广告，找 `boss91m1`
2022-06-24 10:17:41jiemaWhatsApp → 专业（发 ）广告，联系我 `boss91m1`
2022-06-24 10:18:04jiemafb → 专业（发 ）广告，联系我 `boss91m1`
2022-06-24 10:18:22jiu_777 → 想找人（ 发 ）广告，找 `boss91m1`
2022-06-24 10:19:18bc123hx → (session) 协议号，零售、批发 找，`boss91m1`
2022-06-24 10:19:53jiu_777 → 准备（发 ）广告，找 `boss91m1`
2022-06-24 10:20:39si1688 → 来（发 ）广告，联系 `boss91m1`
2022-06-24 10:21:25jiu_777 → 需要 群、发，找 `boss91m1`
2022-06-24 10:21:41-1001692409589 → 想找人（ 发 ）广告，找 `boss91m1`
2022-06-24 10:22:47jiu_777 → 想找人（ 发 ）广告，找 `boss91m1`
2022-06-24 10:24:17jiu_777 → (session) 协议号，零售、批发 找，`boss91m1`
2022-06-24 10:24:45bc123hx → 来（发 ）广告，联系 `boss91m1`
2022-06-24 10:25:48jiu_777 → 需要 群、发，找 `boss91m1`
2022-06-24 10:27:29jiu_777 → 专业（发 ）广告，联系我 `boss91m1`
2022-06-24 10:27:45-1001692409589 → 专业（发 ）广告，联系我 `boss91m1`
2022-06-24 10:28:31bc123hx → 需要 群、发，找 `boss91m1`
2022-06-24 10:28:55jiu_777 → 想要（发 ）广告，找 `boss91m1`
2022-06-24 10:30:04si1688 → 想要（发 ）广告，找 `boss91m1`
2022-06-24 10:30:50jiu_777 → 要（发 ）广告，联系 `boss91m1`
2022-06-24 10:31:24-1001692409589 → 想找人（ 发 ）广告，找 `boss91m1`
2022-06-24 10:32:00jiu_777 → 需要 群、发软、件，找 `boss91m1`
2022-06-24 10:33:09si1688 → (session) 协议号，零售、批发 找，`boss91m1`
2022-06-24 10:33:33jiu_777 → 需要 群、发，找 `boss91m1`
2022-06-24 10:34:01bc123hx → 准备（发 ）广告，找 `boss91m1`
2022-06-24 10:34:46jiemafb → 需要 群、发，找 `boss91m1`
2022-06-24 10:35:34jiu_777 → 专业（发 ）广告，联系我 `boss91m1`
2022-06-24 10:36:37-1001692409589 → 准备（发 ）广告，找 `boss91m1`
2022-06-24 10:37:06jiu_777 → 来（发 ）广告，联系 `boss91m1`
2022-06-24 10:37:40bc123hx → 准备（发 ）广告，找 `boss91m1`
2022-06-24 10:38:26jiu_777 → 来（发 ）广告，联系 `boss91m1`
2022-06-24 10:39:13si1688 → 需要 软、件，找 `boss91m1`
2022-06-24 10:40:01jiu_777 → 要（发 ）广告，联系 `boss91m1`
2022-06-24 10:41:28jiu_777 → 需要 群、发软、件，找 `boss91m1`
2022-06-24 10:42:45jiu_777 → (session) 协议号，零售、批发 找，`boss91m1`
2022-06-24 10:43:02-1001692409589 → 要（发 ）广告，联系 `boss91m1`
2022-06-24 10:43:58bc123hx → 想找人（ 发 ）广告，找 `boss91m1`
2022-06-24 10:44:46jiu_777 → 要（发 ）广告，联系 `boss91m1`
2022-06-24 10:45:09si1688 → 想要（发 ）广告，找 `boss91m1`
2022-06-24 10:46:19jiu_777 → 需要 软、件，找 `boss91m1`
2022-06-24 10:47:33jiu_777 → (session) 协议号，零售、批发 找，`boss91m1`
2022-06-24 10:47:51-1001692409589 → 想找人（ 发 ）广告，找 `boss91m1`
2022-06-24 10:48:55bc123hx → 需要 群、发软、件，找 `boss91m1`
2022-06-24 10:49:13jiu_777 → 来（发 ）广告，联系 `boss91m1`
2022-06-24 10:49:47si1688 → (session) 协议号，零售、批发 找，`boss91m1`
2022-06-24 10:50:32jiemafb → 来（发 ）广告，联系 `boss91m1`
2022-06-24 10:51:01jiu_777 → (session) 协议号，零售、批发 找，`boss91m1`
2022-06-24 10:52:28jiu_777 → 需要 软、件，找 `boss91m1`
2022-06-24 10:53:02-1001692409589 → 准备（发 ）广告，找 `boss91m1`
2022-06-24 10:53:37bc123hx → 准备（发 ）广告，找 `boss91m1`
2022-06-24 10:54:06jiu_777 → 准备（发 ）广告，找 `boss91m1`
2022-06-24 10:55:11jiu_777 → 想找人（ 发 ）广告，找 `boss91m1`
2022-06-24 10:56:20si1688 → 需要 群、发，找 `boss91m1`
2022-06-24 10:57:08jiu_777 → 准备（发 ）广告，找 `boss91m1`
2022-06-24 10:58:11jiu_777 → 来（发 ）广告，联系 `boss91m1`
2022-06-24 10:59:41jiu_777 → (session) 协议号，零售、批发 找，`boss91m1`
2022-06-24 11:00:38bc123hx → 专业（发 ）广告，联系我 `boss91m1`
2022-06-24 11:01:14jiu_777 → 想找人（ 发 ）广告，找 `boss91m1`
2022-06-24 11:01:30-1001692409589 → 来（发 ）广告，联系 `boss91m1`
2022-06-24 11:02:26si1688 → 需要 群、发，找 `boss91m1`
2022-06-24 11:03:13jiu_777 → 需要 群、发，找 `boss91m1`
2022-06-24 11:03:58-1001692409589 → 想找人（ 发 ）广告，找 `boss91m1`
2022-06-24 11:04:22bc123hx → 需要 软、件，找 `boss91m1`
2022-06-24 11:04:40jiu_777 → 专业（发 ）广告，联系我 `boss91m1`
2022-06-24 11:05:35jiemafb → 想找人（ 发 ）广告，找 `boss91m1`
2022-06-24 11:06:24jiu_777 → 要（发 ）广告，联系 `boss91m1`
2022-06-24 11:07:29jiu_777 → 来（发 ）广告，联系 `boss91m1`
2022-06-24 11:07:45si1688 → 来（发 ）广告，联系 `boss91m1`
2022-06-24 11:09:12jiu_777 → 要（发 ）广告，联系 `boss91m1`
2022-06-24 11:09:49jiemaLine → 要（发 ）广告，联系 `boss91m1`
2022-06-24 11:10:35jiu_777 → 想要（发 ）广告，找 `boss91m1`
2022-06-24 11:11:03bc123hx → 专业（发 ）广告，联系我 `boss91m1`
2022-06-24 11:11:47-1001692409589 → 准备（发 ）广告，找 `boss91m1`
2022-06-24 11:12:12jiu_777 → 想要（发 ）广告，找 `boss91m1`
2022-06-24 11:13:20si1688 → 来（发 ）广告，联系 `boss91m1`
2022-06-24 11:13:45jiu_777 → 需要 群、发，找 `boss91m1`
2022-06-24 11:15:13jiu_777 → 需要 软、件，找 `boss91m1`
2022-06-24 11:15:40-1001692409589 → 来（发 ）广告，联系 `boss91m1`
2022-06-24 11:16:26bc123hx → 需要 软、件，找 `boss91m1`
2022-06-24 11:17:03jiu_777 → 要（发 ）广告，联系 `boss91m1`
2022-06-24 11:18:19jiu_777 → 来（发 ）广告，联系 `boss91m1`
2022-06-24 11:18:46si1688 → 来（发 ）广告，联系 `boss91m1`
2022-06-24 11:19:51jiu_777 → 准备（发 ）广告，找 `boss91m1`
2022-06-24 11:20:08jiemaWhatsApp → 需要 群、发软、件，找 `boss91m1`
2022-06-24 11:20:54bc123hx → 想要（发 ）广告，找 `boss91m1`
2022-06-24 11:21:29jiu_777 → 来（发 ）广告，联系 `boss91m1`
2022-06-24 11:21:45-1001692409589 → 想要（发 ）广告，找 `boss91m1`
2022-06-24 11:22:31si1688 → 要（发 ）广告，联系 `boss91m1`
2022-06-24 11:23:30jiu_777 → 要（发 ）广告，联系 `boss91m1`
2022-06-24 11:24:15jiemafb → (session) 协议号，零售、批发 找，`boss91m1`
2022-06-24 11:24:39jiu_777 → (session) 协议号，零售、批发 找，`boss91m1`
2022-06-24 11:26:18jiu_777 → 想找人（ 发 ）广告，找 `boss91m1`
2022-06-24 11:26:34si1688 → 需要 群、发，找 `boss91m1`
2022-06-24 11:27:08bc123hx → 需要 软、件，找 `boss91m1`
2022-06-24 11:27:44jiu_777 → 准备（发 ）广告，找 `boss91m1`
2022-06-24 11:29:24jiu_777 → 想找人（ 发 ）广告，找 `boss91m1`
2022-06-24 11:29:41-1001692409589 → 准备（发 ）广告，找 `boss91m1`
2022-06-24 11:30:44si1688 → 需要 群、发软、件，找 `boss91m1`
2022-06-24 11:31:13jiu_777 → 想找人（ 发 ）广告，找 `boss91m1`
2022-06-24 11:31:58-1001692409589 → 想找人（ 发 ）广告，找 `boss91m1`
2022-06-24 11:32:47jiu_777 → 想要（发 ）广告，找 `boss91m1`
2022-06-24 11:34:16jiu_777 → 来（发 ）广告，联系 `boss91m1`
2022-06-24 11:35:00bc123hx → 准备（发 ）广告，找 `boss91m1`
2022-06-24 11:35:35jiu_777 → 专业（发 ）广告，联系我 `boss91m1`
2022-06-24 11:36:51si1688 → 要（发 ）广告，联系 `boss91m1`
2022-06-24 11:37:20jiu_777 → 准备（发 ）广告，找 `boss91m1`
2022-06-24 11:38:25jiu_777 → 需要 群、发，找 `boss91m1`
2022-06-24 11:39:15jiemafb → 来（发 ）广告，联系 `boss91m1`
2022-06-24 11:39:49bc123hx → 需要 群、发，找 `boss91m1`
2022-06-24 11:40:34-1001692409589 → 准备（发 ）广告，找 `boss91m1`
2022-06-24 11:41:03jiu_777 → (session) 协议号，零售、批发 找，`boss91m1`
2022-06-24 11:42:06jiu_777 → 专业（发 ）广告，联系我 `boss91m1`
2022-06-24 11:42:24si1688 → 要（发 ）广告，联系 `boss91m1`
2022-06-24 11:43:40jiu_777 → 要（发 ）广告，联系 `boss91m1`
2022-06-24 11:44:08bc123hx → 需要 软、件，找 `boss91m1`
2022-06-24 11:45:13jiu_777 → (session) 协议号，零售、批发 找，`boss91m1`
2022-06-24 11:45:29-1001692409589 → (session) 协议号，零售、批发 找，`boss91m1`
2022-06-24 11:46:46jiu_777 → 来（发 ）广告，联系 `boss91m1`
2022-06-24 11:48:38jiu_777 → 需要 软、件，找 `boss91m1`
2022-06-24 11:49:12si1688 → 想要（发 ）广告，找 `boss91m1`
2022-06-24 11:49:47jiu_777 → 来（发 ）广告，联系 `boss91m1`
2022-06-24 11:50:34-1001692409589 → 需要 软、件，找 `boss91m1`
2022-06-24 11:51:19bc123hx → 想找人（ 发 ）广告，找 `boss91m1`
2022-06-24 11:51:37jiu_777 → 准备（发 ）广告，找 `boss91m1`
2022-06-24 11:52:51jiu_777 → 专业（发 ）广告，联系我 `boss91m1`
2022-06-24 11:54:00bc123hx → 准备（发 ）广告，找 `boss91m1`
2022-06-24 11:54:25jiu_777 → 想要（发 ）广告，找 `boss91m1`
2022-06-24 11:54:41si1688 → 专业（发 ）广告，联系我 `boss91m1`
2022-06-24 11:55:37-1001692409589 → 需要 软、件，找 `boss91m1`
2022-06-24 11:56:02jiu_777 → 想找人（ 发 ）广告，找 `boss91m1`
2022-06-24 11:57:00jiemafb → 准备（发 ）广告，找 `boss91m1`
2022-06-24 11:57:35jiu_777 → 想找人（ 发 ）广告，找 `boss91m1`
2022-06-24 11:58:21si1688 → 准备（发 ）广告，找 `boss91m1`
2022-06-24 11:59:31jiu_777 → 准备（发 ）广告，找 `boss91m1`
2022-06-24 12:00:15bc123hx → 准备（发 ）广告，找 `boss91m1`
2022-06-24 12:01:04jiu_777 → 来（发 ）广告，联系 `boss91m1`
2022-06-24 12:02:18-1001692409589 → 需要 群、发软、件，找 `boss91m1`
2022-06-24 12:02:37jiu_777 → 专业（发 ）广告，联系我 `boss91m1`
2022-06-24 12:03:54jiu_777 → 准备（发 ）广告，找 `boss91m1`
2022-06-24 12:05:21jiu_777 → 准备（发 ）广告，找 `boss91m1`
2022-06-24 12:05:57-1001692409589 → 来（发 ）广告，联系 `boss91m1`
2022-06-24 12:06:52bc123hx → 需要 群、发，找 `boss91m1`
2022-06-24 12:07:11jiu_777 → 需要 群、发软、件，找 `boss91m1`
2022-06-24 12:07:34si1688 → 需要 软、件，找 `boss91m1`
2022-06-24 12:08:42jiu_777 → 想要（发 ）广告，找 `boss91m1`
2022-06-24 12:09:49jiemaLine → 专业（发 ）广告，联系我 `boss91m1`
2022-06-24 12:10:07jiu_777 → 专业（发 ）广告，联系我 `boss91m1`
2022-06-24 12:11:03si1688 → 要（发 ）广告，联系 `boss91m1`
2022-06-24 12:11:36-1001692409589 → 想要（发 ）广告，找 `boss91m1`
2022-06-24 12:11:54jiu_777 → 需要 软、件，找 `boss91m1`
2022-06-24 12:12:39bc123hx → 来（发 ）广告，联系 `boss91m1`
2022-06-24 12:13:02jiemafb → 需要 群、发软、件，找 `boss91m1`
2022-06-24 12:13:20jiu_777 → 想找人（ 发 ）广告，找 `boss91m1`
2022-06-24 12:14:59jiu_777 → 来（发 ）广告，联系 `boss91m1`
2022-06-24 12:15:22bc123hx → 要（发 ）广告，联系 `boss91m1`
2022-06-24 12:16:07-1001692409589 → (session) 协议号，零售、批发 找，`boss91m1`
2022-06-24 12:16:36jiu_777 → 需要 群、发软、件，找 `boss91m1`
2022-06-24 12:17:54jiu_777 → 需要 软、件，找 `boss91m1`
2022-06-24 12:18:39si1688 → 需要 软、件，找 `boss91m1`
2022-06-24 12:19:36jiu_777 → 想找人（ 发 ）广告，找 `boss91m1`
2022-06-24 12:20:10bc123hx → 要（发 ）广告，联系 `boss91m1`
2022-06-24 12:20:45-1001692409589 → 需要 软、件，找 `boss91m1`
2022-06-24 12:21:14jiu_777 → 专业（发 ）广告，联系我 `boss91m1`
2022-06-24 12:22:28si1688 → 想要（发 ）广告，找 `boss91m1`
2022-06-24 12:22:47jiu_777 → 需要 群、发，找 `boss91m1`
2022-06-24 12:23:21jiemaWhatsApp → 来（发 ）广告，联系 `boss91m1`
2022-06-24 12:24:20jiu_777 → 准备（发 ）广告，找 `boss91m1`
2022-06-24 12:25:34jiu_777 → 专业（发 ）广告，联系我 `boss91m1`
2022-06-24 12:25:51bc123hx → 想找人（ 发 ）广告，找 `boss91m1`
2022-06-24 12:26:15-1001692409589 → (session) 协议号，零售、批发 找，`boss91m1`
2022-06-24 12:27:25jiu_777 → (session) 协议号，零售、批发 找，`boss91m1`
2022-06-24 12:28:09jiemafb → 需要 软、件，找 `boss91m1`
2022-06-24 12:28:45jiu_777 → (session) 协议号，零售、批发 找，`boss91m1`
2022-06-24 12:29:01si1688 → 要（发 ）广告，联系 `boss91m1`
2022-06-24 12:30:29jiu_777 → 想要（发 ）广告，找 `boss91m1`
2022-06-24 12:31:14-1001692409589 → 准备（发 ）广告，找 `boss91m1`
2022-06-24 12:31:47bc123hx → 需要 群、发软、件，找 `boss91m1`
2022-06-24 12:32:06jiu_777 → 来（发 ）广告，联系 `boss91m1`
2022-06-24 12:32:39si1688 → 想要（发 ）广告，找 `boss91m1`
2022-06-24 12:33:39jiu_777 → 要（发 ）广告，联系 `boss91m1`
2022-06-24 12:34:57jiu_777 → 来（发 ）广告，联系 `boss91m1`
2022-06-24 12:36:36jiu_777 → 需要 群、发，找 `boss91m1`
2022-06-24 12:37:09bc123hx → 想要（发 ）广告，找 `boss91m1`
2022-06-24 12:38:08jiu_777 → 需要 软、件，找 `boss91m1`
2022-06-24 12:39:13jiu_777 → 来（发 ）广告，联系 `boss91m1`
2022-06-24 12:39:40-1001692409589 → 想要（发 ）广告，找 `boss91m1`
2022-06-24 12:40:24si1688 → 需要 软、件，找 `boss91m1`
2022-06-24 12:40:49jiu_777 → 要（发 ）广告，联系 `boss91m1`
2022-06-24 12:42:41jiu_777 → 需要 群、发，找 `boss91m1`
2022-06-24 12:43:25si1688 → 需要 软、件，找 `boss91m1`
2022-06-24 12:43:49-1001692409589 → 需要 软、件，找 `boss91m1`
2022-06-24 12:44:18jiu_777 → (session) 协议号，零售、批发 找，`boss91m1`
2022-06-24 12:44:41jiemafb → 想找人（ 发 ）广告，找 `boss91m1`
2022-06-24 12:45:27jiu_777 → 来（发 ）广告，联系 `boss91m1`
2022-06-24 12:45:43bc123hx → 需要 群、发，找 `boss91m1`
2022-06-24 12:47:23jiu_777 → 需要 群、发软、件，找 `boss91m1`
2022-06-24 12:48:07si1688 → 专业（发 ）广告，联系我 `boss91m1`
2022-06-24 12:48:32jiu_777 → 需要 群、发，找 `boss91m1`
2022-06-24 12:50:12jiu_777 → 需要 群、发，找 `boss91m1`
2022-06-24 12:50:28-1001692409589 → 需要 软、件，找 `boss91m1`
2022-06-24 12:51:12bc123hx → 需要 群、发，找 `boss91m1`
2022-06-24 12:51:48jiu_777 → 想找人（ 发 ）广告，找 `boss91m1`
2022-06-24 12:52:44si1688 → 专业（发 ）广告，联系我 `boss91m1`
2022-06-24 12:53:08jiu_777 → 准备（发 ）广告，找 `boss91m1`
2022-06-24 12:53:55bc123hx → 来（发 ）广告，联系 `boss91m1`
2022-06-24 12:55:05jiu_777 → 专业（发 ）广告，联系我 `boss91m1`
2022-06-24 12:55:50-1001692409589 → 需要 软、件，找 `boss91m1`
2022-06-24 12:56:27jiu_777 → (session) 协议号，零售、批发 找，`boss91m1`
2022-06-24 12:57:41jiu_777 → 要（发 ）广告，联系 `boss91m1`
2022-06-24 12:58:09bc123hx → 准备（发 ）广告，找 `boss91m1`
2022-06-24 12:59:42jiemafb → 来（发 ）广告，联系 `boss91m1`
2022-06-24 13:00:24jiu_777 → 要（发 ）广告，联系 `boss91m1`
2022-06-24 13:01:10-1001692409589 → 想要（发 ）广告，找 `boss91m1`
2022-06-24 13:01:56si1688 → 需要 软、件，找 `boss91m1`
2022-06-24 13:02:14jiu_777 → (session) 协议号，零售、批发 找，`boss91m1`
2022-06-24 13:03:19jiu_777 → (session) 协议号，零售、批发 找，`boss91m1`
2022-06-24 13:04:48jiu_777 → 来（发 ）广告，联系 `boss91m1`
2022-06-24 13:05:45bc123hx → 需要 群、发，找 `boss91m1`
2022-06-24 13:06:21jiu_777 → 需要 软、件，找 `boss91m1`
2022-06-24 13:06:37-1001692409589 → (session) 协议号，零售、批发 找，`boss91m1`
2022-06-24 13:07:33si1688 → 来（发 ）广告，联系 `boss91m1`
2022-06-24 13:08:08jiu_777 → 需要 群、发，找 `boss91m1`
2022-06-24 13:09:24jiu_777 → 需要 群、发软、件，找 `boss91m1`
2022-06-24 13:09:42-1001692409589 → 想要（发 ）广告，找 `boss91m1`
2022-06-24 13:11:09jiu_777 → 来（发 ）广告，联系 `boss91m1`
2022-06-24 13:11:25jiemaLine → 想要（发 ）广告，找 `boss91m1`
2022-06-24 13:11:59bc123hx → (session) 协议号，零售、批发 找，`boss91m1`
2022-06-24 13:12:35jiu_777 → 来（发 ）广告，联系 `boss91m1`
2022-06-24 13:12:51si1688 → 需要 群、发，找 `boss91m1`
2022-06-24 13:14:30jiu_777 → 想找人（ 发 ）广告，找 `boss91m1`
2022-06-24 13:15:15-1001692409589 → 想要（发 ）广告，找 `boss91m1`
2022-06-24 13:16:03jiu_777 → 要（发 ）广告，联系 `boss91m1`
2022-06-24 13:16:47bc123hx → 要（发 ）广告，联系 `boss91m1`
2022-06-24 13:17:12jiu_777 → 需要 群、发软、件，找 `boss91m1`
2022-06-24 13:17:39si1688 → 要（发 ）广告，联系 `boss91m1`
2022-06-24 13:18:45jiu_777 → 要（发 ）广告，联系 `boss91m1`
2022-06-24 13:19:12jiemafb → 专业（发 ）广告，联系我 `boss91m1`
2022-06-24 13:20:27jiu_777 → (session) 协议号，零售、批发 找，`boss91m1`
2022-06-24 13:20:44bc123hx → 需要 群、发软、件，找 `boss91m1`
2022-06-24 13:21:49jiu_777 → 来（发 ）广告，联系 `boss91m1`
2022-06-24 13:23:17si1688 → 需要 软、件，找 `boss91m1`
2022-06-24 13:23:46jiu_777 → 想要（发 ）广告，找 `boss91m1`
2022-06-24 13:24:30-1001692409589 → 来（发 ）广告，联系 `boss91m1`
2022-06-24 13:25:05jiu_777 → 专业（发 ）广告，联系我 `boss91m1`
2022-06-24 13:26:22jiu_777 → 需要 群、发，找 `boss91m1`
2022-06-24 13:26:38bc123hx → 需要 群、发软、件，找 `boss91m1`
2022-06-24 13:27:33si1688 → 来（发 ）广告，联系 `boss91m1`
2022-06-24 13:28:07-1001692409589 → 准备（发 ）广告，找 `boss91m1`
2022-06-24 13:28:26jiu_777 → 准备（发 ）广告，找 `boss91m1`
2022-06-24 13:28:59jiemaWhatsApp → 要（发 ）广告，联系 `boss91m1`
2022-06-24 13:29:59jiu_777 → 要（发 ）广告，联系 `boss91m1`
2022-06-24 13:31:27jiu_777 → (session) 协议号，零售、批发 找，`boss91m1`
2022-06-24 13:31:50si1688 → 来（发 ）广告，联系 `boss91m1`
2022-06-24 13:32:35-1001692409589 → (session) 协议号，零售、批发 找，`boss91m1`
2022-06-24 13:33:04jiu_777 → 专业（发 ）广告，联系我 `boss91m1`
2022-06-24 13:34:33jiu_777 → (session) 协议号，零售、批发 找，`boss91m1`
2022-06-24 13:34:56bc123hx → 要（发 ）广告，联系 `boss91m1`
2022-06-24 13:36:04jiu_777 → 来（发 ）广告，联系 `boss91m1`
2022-06-24 13:36:49jiemafb → 想找人（ 发 ）广告，找 `boss91m1`
2022-06-24 13:37:13jiu_777 → 想要（发 ）广告，找 `boss91m1`
2022-06-24 13:38:51-1001692409589 → 专业（发 ）广告，联系我 `boss91m1`
2022-06-24 13:39:10jiu_777 → 来（发 ）广告，联系 `boss91m1`
2022-06-24 13:39:33si1688 → 专业（发 ）广告，联系我 `boss91m1`
2022-06-24 13:40:18bc123hx → 需要 群、发，找 `boss91m1`
2022-06-24 13:40:47jiu_777 → 需要 群、发，找 `boss91m1`
2022-06-24 13:41:50bc123hx → 需要 群、发软、件，找 `boss91m1`
2022-06-24 13:42:08jiu_777 → 需要 软、件，找 `boss91m1`
2022-06-24 13:43:23-1001692409589 → 需要 群、发，找 `boss91m1`
2022-06-24 13:43:41jiu_777 → 需要 群、发，找 `boss91m1`
2022-06-24 13:45:10jiu_777 → 需要 软、件，找 `boss91m1`
2022-06-24 13:45:44si1688 → (session) 协议号，零售、批发 找，`boss91m1`
2022-06-24 13:46:52jiu_777 → 来（发 ）广告，联系 `boss91m1`
2022-06-24 13:48:07-1001692409589 → 想找人（ 发 ）广告，找 `boss91m1`
2022-06-24 13:48:25jiu_777 → 来（发 ）广告，联系 `boss91m1`
2022-06-24 13:48:49si1688 → 需要 群、发，找 `boss91m1`
2022-06-24 13:49:35jiu_777 → 来（发 ）广告，联系 `boss91m1`
2022-06-24 13:51:13bc123hx → 想要（发 ）广告，找 `boss91m1`
2022-06-24 13:51:31jiu_777 → (session) 协议号，零售、批发 找，`boss91m1`
2022-06-24 13:52:34jiemafb → 来（发 ）广告，联系 `boss91m1`
2022-06-24 13:52:52jiu_777 → 来（发 ）广告，联系 `boss91m1`
2022-06-24 13:53:36-1001692409589 → 需要 软、件，找 `boss91m1`
2022-06-24 13:54:35jiu_777 → 需要 群、发，找 `boss91m1`
2022-06-24 13:55:08si1688 → 来（发 ）广告，联系 `boss91m1`
2022-06-24 13:55:43jiu_777 → 专业（发 ）广告，联系我 `boss91m1`
2022-06-24 13:56:51bc123hx → 想要（发 ）广告，找 `boss91m1`
2022-06-24 13:57:15jiu_777 → 来（发 ）广告，联系 `boss91m1`
2022-06-24 13:58:42si1688 → 准备（发 ）广告，找 `boss91m1`
2022-06-24 13:59:00jiu_777 → 来（发 ）广告，联系 `boss91m1`
2022-06-24 13:59:55-1001692409589 → 要（发 ）广告，联系 `boss91m1`
2022-06-24 14:00:19jiu_777 → (session) 协议号，零售、批发 找，`boss91m1`
2022-06-24 14:01:27bc123hx → 来（发 ）广告，联系 `boss91m1`
2022-06-24 14:01:51jiu_777 → 想要（发 ）广告，找 `boss91m1`
2022-06-24 14:03:18jiu_777 → 来（发 ）广告，联系 `boss91m1`
2022-06-24 14:03:46si1688 → 需要 群、发，找 `boss91m1`
2022-06-24 14:04:51jiu_777 → 需要 群、发软、件，找 `boss91m1`
2022-06-24 14:05:07bc123hx → 需要 软、件，找 `boss91m1`
2022-06-24 14:05:41-1001692409589 → 需要 软、件，找 `boss91m1`
2022-06-24 14:06:38jiu_777 → 专业（发 ）广告，联系我 `boss91m1`
2022-06-24 14:07:34jiemafb → 需要 软、件，找 `boss91m1`
2022-06-24 14:08:42jiu_777 → 需要 群、发，找 `boss91m1`
2022-06-24 14:09:48jiu_777 → 想找人（ 发 ）广告，找 `boss91m1`
2022-06-24 14:10:15bc123hx → 想要（发 ）广告，找 `boss91m1`
2022-06-24 14:10:59-1001692409589 → 要（发 ）广告，联系 `boss91m1`
2022-06-24 14:11:23jiu_777 → 来（发 ）广告，联系 `boss91m1`
2022-06-24 14:12:51si1688 → 来（发 ）广告，联系 `boss91m1`
2022-06-24 14:13:20jiu_777 → 想要（发 ）广告，找 `boss91m1`
2022-06-24 14:14:23-1001692409589 → 想找人（ 发 ）广告，找 `boss91m1`
2022-06-24 14:14:52jiu_777 → 来（发 ）广告，联系 `boss91m1`
2022-06-24 14:15:36jiemaLine → 准备（发 ）广告，找 `boss91m1`
2022-06-24 14:16:00bc123hx → 需要 群、发，找 `boss91m1`
2022-06-24 14:16:29jiu_777 → (session) 协议号，零售、批发 找，`boss91m1`
2022-06-24 14:17:34jiu_777 → 想要（发 ）广告，找 `boss91m1`
2022-06-24 14:18:02si1688 → 需要 软、件，找 `boss91m1`
2022-06-24 14:19:18jiu_777 → 来（发 ）广告，联系 `boss91m1`
2022-06-24 14:20:14si1688 → 需要 软、件，找 `boss91m1`
2022-06-24 14:20:39jiu_777 → 需要 群、发，找 `boss91m1`
2022-06-24 14:22:35jiemafb → 需要 群、发，找 `boss91m1`
2022-06-24 14:23:06-1001692409589 → 来（发 ）广告，联系 `boss91m1`
2022-06-24 14:23:24jiu_777 → 来（发 ）广告，联系 `boss91m1`
2022-06-24 14:24:49bc123hx → 想要（发 ）广告，找 `boss91m1`
2022-06-24 14:25:07jiu_777 → 专业（发 ）广告，联系我 `boss91m1`
2022-06-24 14:26:20jiu_777 → 需要 软、件，找 `boss91m1`
2022-06-24 14:26:58si1688 → 想找人（ 发 ）广告，找 `boss91m1`
2022-06-24 14:27:55jiu_777 → 来（发 ）广告，联系 `boss91m1`
2022-06-24 14:28:11bc123hx → (session) 协议号，零售、批发 找，`boss91m1`
2022-06-24 14:29:00jiemaWhatsApp → 来（发 ）广告，联系 `boss91m1`
2022-06-24 14:29:59jiu_777 → 需要 群、发软、件，找 `boss91m1`
2022-06-24 14:30:43-1001692409589 → 来（发 ）广告，联系 `boss91m1`
2022-06-24 14:31:29jiu_777 → 要（发 ）广告，联系 `boss91m1`
2022-06-24 14:32:04bc123hx → 来（发 ）广告，联系 `boss91m1`
2022-06-24 14:32:49si1688 → 需要 群、发，找 `boss91m1`
2022-06-24 14:33:18jiu_777 → 准备（发 ）广告，找 `boss91m1`
2022-06-24 14:34:32-1001692409589 → 想找人（ 发 ）广告，找 `boss91m1`
2022-06-24 14:34:50jiu_777 → 需要 群、发，找 `boss91m1`
2022-06-24 14:35:55jiu_777 → 准备（发 ）广告，找 `boss91m1`
2022-06-24 14:37:35jiemafb → (session) 协议号，零售、批发 找，`boss91m1`
2022-06-24 14:37:54jiu_777 → 需要 群、发软、件，找 `boss91m1`
2022-06-24 14:38:38si1688 → 需要 软、件，找 `boss91m1`
2022-06-24 14:39:03jiu_777 → 要（发 ）广告，联系 `boss91m1`
2022-06-24 14:40:11-1001692409589 → 要（发 ）广告，联系 `boss91m1`
2022-06-24 14:40:48jiu_777 → 来（发 ）广告，联系 `boss91m1`
2022-06-24 14:41:22bc123hx → 想找人（ 发 ）广告，找 `boss91m1`
2022-06-24 14:42:30jiu_777 → 想找人（ 发 ）广告，找 `boss91m1`
2022-06-24 14:43:15bc123hx → 需要 群、发，找 `boss91m1`
2022-06-24 14:43:50jiu_777 → 需要 群、发，找 `boss91m1`
2022-06-24 14:44:06si1688 → 想找人（ 发 ）广告，找 `boss91m1`
2022-06-24 14:44:50-1001692409589 → 专业（发 ）广告，联系我 `boss91m1`
2022-06-24 14:45:25jiu_777 → 专业（发 ）广告，联系我 `boss91m1`
2022-06-24 14:47:07jiu_777 → 需要 群、发软、件，找 `boss91m1`
2022-06-24 14:48:10jiu_777 → 需要 群、发，找 `boss91m1`
2022-06-24 14:48:38si1688 → 来（发 ）广告，联系 `boss91m1`
2022-06-24 14:50:07jiu_777 → 来（发 ）广告，联系 `boss91m1`
2022-06-24 14:51:21-1001692409589 → 想找人（ 发 ）广告，找 `boss91m1`
2022-06-24 14:51:39jiu_777 → 需要 群、发，找 `boss91m1`
2022-06-24 14:52:02bc123hx → 来（发 ）广告，联系 `boss91m1`
2022-06-24 14:53:10jiu_777 → 想要（发 ）广告，找 `boss91m1`
2022-06-24 14:54:16jiu_777 → 来（发 ）广告，联系 `boss91m1`
2022-06-24 14:54:32jiemafb → 来（发 ）广告，联系 `boss91m1`
2022-06-24 14:55:17si1688 → 想要（发 ）广告，找 `boss91m1`
2022-06-24 14:56:02jiu_777 → 来（发 ）广告，联系 `boss91m1`
2022-06-24 14:56:19bc123hx → 准备（发 ）广告，找 `boss91m1`
2022-06-24 14:57:36jiu_777 → (session) 协议号，零售、批发 找，`boss91m1`
2022-06-24 14:57:52-1001692409589 → 来（发 ）广告，联系 `boss91m1`
2022-06-24 14:58:56si1688 → 需要 群、发软、件，找 `boss91m1`
2022-06-24 14:59:13jiu_777 → 准备（发 ）广告，找 `boss91m1`
2022-06-24 15:00:09bc123hx → 来（发 ）广告，联系 `boss91m1`
2022-06-24 15:00:34jiu_777 → 准备（发 ）广告，找 `boss91m1`
2022-06-24 15:00:50-1001692409589 → 想找人（ 发 ）广告，找 `boss91m1`
2022-06-24 15:02:19jiu_777 → 需要 群、发，找 `boss91m1`
2022-06-24 15:03:36jiu_777 → 需要 群、发软、件，找 `boss91m1`
2022-06-24 15:05:04jiu_777 → 专业（发 ）广告，联系我 `boss91m1`
2022-06-24 15:05:20bc123hx → 需要 群、发，找 `boss91m1`
2022-06-24 15:05:54si1688 → 来（发 ）广告，联系 `boss91m1`
2022-06-24 15:07:04jiu_777 → 需要 群、发，找 `boss91m1`
2022-06-24 15:08:09jiu_777 → 要（发 ）广告，联系 `boss91m1`
2022-06-24 15:08:25-1001692409589 → 需要 群、发，找 `boss91m1`
2022-06-24 15:09:39jiu_777 → 准备（发 ）广告，找 `boss91m1`
2022-06-24 15:10:07-1001692409589 → 来（发 ）广告，联系 `boss91m1`
2022-06-24 15:10:31bc123hx → 需要 群、发软、件，找 `boss91m1`
2022-06-24 15:11:29jiu_777 → 需要 群、发软、件，找 `boss91m1`
2022-06-24 15:12:14jiemafb → 准备（发 ）广告，找 `boss91m1`
2022-06-24 15:12:50jiu_777 → (session) 协议号，零售、批发 找，`boss91m1`
2022-06-24 15:13:07si1688 → 需要 软、件，找 `boss91m1`
2022-06-24 15:14:45jiu_777 → 想要（发 ）广告，找 `boss91m1`
2022-06-24 15:15:51jiu_777 → 想要（发 ）广告，找 `boss91m1`
2022-06-24 15:16:07si1688 → 想要（发 ）广告，找 `boss91m1`
2022-06-24 15:16:52bc123hx → 来（发 ）广告，联系 `boss91m1`
2022-06-24 15:17:36-1001692409589 → (session) 协议号，零售、批发 找，`boss91m1`
2022-06-24 15:17:55jiu_777 → 想找人（ 发 ）广告，找 `boss91m1`
2022-06-24 15:19:00jiu_777 → 准备（发 ）广告，找 `boss91m1`
2022-06-24 15:19:16jiemaLine → 想要（发 ）广告，找 `boss91m1`
2022-06-24 15:20:31jiu_777 → 来（发 ）广告，联系 `boss91m1`
2022-06-24 15:20:59bc123hx → 来（发 ）广告，联系 `boss91m1`
2022-06-24 15:22:03-1001692409589 → 需要 群、发软、件，找 `boss91m1`
2022-06-24 15:22:21jiu_777 → 要（发 ）广告，联系 `boss91m1`
2022-06-24 15:23:48jiu_777 → 专业（发 ）广告，联系我 `boss91m1`
2022-06-24 15:24:04si1688 → 想找人（ 发 ）广告，找 `boss91m1`
2022-06-24 15:25:10jiu_777 → 需要 群、发，找 `boss91m1`
2022-06-24 15:26:17-1001692409589 → 想要（发 ）广告，找 `boss91m1`
2022-06-24 15:26:52jiu_777 → (session) 协议号，零售、批发 找，`boss91m1`
2022-06-24 15:27:49si1688 → 准备（发 ）广告，找 `boss91m1`
2022-06-24 15:28:13jiemafb → 需要 群、发软、件，找 `boss91m1`
2022-06-24 15:28:41jiu_777 → 需要 软、件，找 `boss91m1`
2022-06-24 15:29:15jiemaWhatsApp → 想找人（ 发 ）广告，找 `boss91m1`
2022-06-24 15:29:50bc123hx → (session) 协议号，零售、批发 找，`boss91m1`
2022-06-24 15:30:08jiu_777 → 想要（发 ）广告，找 `boss91m1`
2022-06-24 15:31:33jiu_777 → 专业（发 ）广告，联系我 `boss91m1`
2022-06-24 15:31:50si1688 → 需要 群、发软、件，找 `boss91m1`
2022-06-24 15:32:14bc123hx → 需要 群、发软、件，找 `boss91m1`
2022-06-24 15:33:10jiu_777 → 想找人（ 发 ）广告，找 `boss91m1`
2022-06-24 15:34:29jiu_777 → (session) 协议号，零售、批发 找，`boss91m1`
2022-06-24 15:35:37-1001692409589 → 需要 群、发软、件，找 `boss91m1`
2022-06-24 15:36:24jiu_777 → 需要 群、发软、件，找 `boss91m1`
2022-06-24 15:37:09si1688 → 需要 群、发，找 `boss91m1`
2022-06-24 15:37:32-1001692409589 → 要（发 ）广告，联系 `boss91m1`
2022-06-24 15:37:50jiu_777 → 要（发 ）广告，联系 `boss91m1`
2022-06-24 15:38:46bc123hx → 专业（发 ）广告，联系我 `boss91m1`
2022-06-24 15:39:10jiu_777 → 需要 群、发，找 `boss91m1`
2022-06-24 15:40:52jiu_777 → 需要 群、发，找 `boss91m1`
2022-06-24 15:42:06jiu_777 → 需要 群、发软、件，找 `boss91m1`
2022-06-24 15:42:34si1688 → 需要 群、发，找 `boss91m1`
2022-06-24 15:43:07-1001692409589 → 要（发 ）广告，联系 `boss91m1`
2022-06-24 15:43:51jiemafb → 准备（发 ）广告，找 `boss91m1`
2022-06-24 15:44:10jiu_777 → 想要（发 ）广告，找 `boss91m1`
2022-06-24 15:45:26jiu_777 → 来（发 ）广告，联系 `boss91m1`
2022-06-24 15:46:12bc123hx → 需要 群、发软、件，找 `boss91m1`
2022-06-24 15:46:59jiu_777 → 想找人（ 发 ）广告，找 `boss91m1`
2022-06-24 15:47:34bc123hx → 来（发 ）广告，联系 `boss91m1`
2022-06-24 15:48:33jiu_777 → 要（发 ）广告，联系 `boss91m1`
2022-06-24 15:49:58si1688 → (session) 协议号，零售、批发 找，`boss91m1`
2022-06-24 15:50:17jiu_777 → 专业（发 ）广告，联系我 `boss91m1`
2022-06-24 15:51:22jiu_777 → 来（发 ）广告，联系 `boss91m1`
2022-06-24 15:51:49-1001692409589 → 来（发 ）广告，联系 `boss91m1`
2022-06-24 15:53:17jiu_777 → (session) 协议号，零售、批发 找，`boss91m1`
2022-06-24 15:53:40-1001692409589 → 要（发 ）广告，联系 `boss91m1`
2022-06-24 15:54:37jiu_777 → 来（发 ）广告，联系 `boss91m1`
2022-06-24 15:55:23si1688 → 需要 软、件，找 `boss91m1`
2022-06-24 15:55:58jiu_777 → 来（发 ）广告，联系 `boss91m1`
2022-06-24 15:56:25bc123hx → 想找人（ 发 ）广告，找 `boss91m1`
2022-06-24 15:57:30jiu_777 → 要（发 ）广告，联系 `boss91m1`
2022-06-24 15:58:58jiu_777 → (session) 协议号，零售、批发 找，`boss91m1`
2022-06-24 15:59:55si1688 → 要（发 ）广告，联系 `boss91m1`
2022-06-24 16:00:30bc123hx → 想找人（ 发 ）广告，找 `boss91m1`
2022-06-24 16:00:59jiu_777 → 要（发 ）广告，联系 `boss91m1`
2022-06-24 16:01:43-1001692409589 → 来（发 ）广告，联系 `boss91m1`
2022-06-24 16:02:07jiemafb → 需要 群、发软、件，找 `boss91m1`
2022-06-24 16:02:36jiu_777 → 需要 群、发软、件，找 `boss91m1`
2022-06-24 16:03:40jiu_777 → (session) 协议号，零售、批发 找，`boss91m1`
2022-06-24 16:04:08si1688 → 来（发 ）广告，联系 `boss91m1`
2022-06-24 16:05:13jiu_777 → 来（发 ）广告，联系 `boss91m1`
2022-06-24 16:05:40-1001692409589 → 来（发 ）广告，联系 `boss91m1`
2022-06-24 16:06:55bc123hx → 需要 群、发，找 `boss91m1`
2022-06-24 16:07:14jiu_777 → 来（发 ）广告，联系 `boss91m1`
2022-06-24 16:08:19jiu_777 → 准备（发 ）广告，找 `boss91m1`
2022-06-24 16:09:47jiu_777 → 想要（发 ）广告，找 `boss91m1`
2022-06-24 16:10:14-1001692409589 → 想要（发 ）广告，找 `boss91m1`
2022-06-24 16:10:38bc123hx → (session) 协议号，零售、批发 找，`boss91m1`
2022-06-24 16:11:24jiu_777 → 准备（发 ）广告，找 `boss91m1`
2022-06-24 16:12:52si1688 → 专业（发 ）广告，联系我 `boss91m1`
2022-06-24 16:13:21jiu_777 → 需要 群、发，找 `boss91m1`
2022-06-24 16:14:35jiu_777 → 来（发 ）广告，联系 `boss91m1`
2022-06-24 16:15:55jiu_777 → 准备（发 ）广告，找 `boss91m1`
2022-06-24 16:16:22-1001692409589 → (session) 协议号，零售、批发 找，`boss91m1`
2022-06-24 16:17:07jiemafb → 要（发 ）广告，联系 `boss91m1`
2022-06-24 16:17:53jiu_777 → 准备（发 ）广告，找 `boss91m1`
2022-06-24 16:18:09si1688 → 来（发 ）广告，联系 `boss91m1`
2022-06-24 16:18:54bc123hx → 来（发 ）广告，联系 `boss91m1`
2022-06-24 16:19:30jiu_777 → 专业（发 ）广告，联系我 `boss91m1`
2022-06-24 16:20:16si1688 → 需要 软、件，找 `boss91m1`
2022-06-24 16:21:12jiu_777 → 需要 群、发，找 `boss91m1`
2022-06-24 16:22:10jiemaLine → 来（发 ）广告，联系 `boss91m1`
2022-06-24 16:22:35jiu_777 → 来（发 ）广告，联系 `boss91m1`
2022-06-24 16:22:51bc123hx → 需要 群、发，找 `boss91m1`
2022-06-24 16:24:19jiu_777 → 需要 软、件，找 `boss91m1`
2022-06-24 16:24:35-1001692409589 → 来（发 ）广告，联系 `boss91m1`
2022-06-24 16:25:48jiu_777 → (session) 协议号，零售、批发 找，`boss91m1`
2022-06-24 16:26:06-1001692409589 → 准备（发 ）广告，找 `boss91m1`
2022-06-24 16:26:39bc123hx → 准备（发 ）广告，找 `boss91m1`
2022-06-24 16:27:15jiu_777 → 专业（发 ）广告，联系我 `boss91m1`
2022-06-24 16:28:43si1688 → 专业（发 ）广告，联系我 `boss91m1`
2022-06-24 16:29:01jiu_777 → (session) 协议号，零售、批发 找，`boss91m1`
2022-06-24 16:30:17jiu_777 → 专业（发 ）广告，联系我 `boss91m1`
2022-06-24 16:31:24bc123hx → (session) 协议号，零售、批发 找，`boss91m1`
2022-06-24 16:31:48-1001692409589 → 要（发 ）广告，联系 `boss91m1`
2022-06-24 16:32:17jiu_777 → 专业（发 ）广告，联系我 `boss91m1`
2022-06-24 16:33:01si1688 → (session) 协议号，零售、批发 找，`boss91m1`
2022-06-24 16:33:37jiu_777 → 需要 群、发，找 `boss91m1`
2022-06-24 16:33:53jiemafb → 需要 群、发，找 `boss91m1`
2022-06-24 16:34:27jiemaWhatsApp → 专业（发 ）广告，联系我 `boss91m1`
2022-06-24 16:35:14jiu_777 → (session) 协议号，零售、批发 找，`boss91m1`
2022-06-24 16:36:41jiu_777 → (session) 协议号，零售、批发 找，`boss91m1`
2022-06-24 16:36:58si1688 → 专业（发 ）广告，联系我 `boss91m1`
2022-06-24 16:38:03jiu_777 → 需要 群、发，找 `boss91m1`
2022-06-24 16:39:11-1001692409589 → 想找人（ 发 ）广告，找 `boss91m1`
2022-06-24 16:39:46jiu_777 → 专业（发 ）广告，联系我 `boss91m1`
2022-06-24 16:40:44bc123hx → 准备（发 ）广告，找 `boss91m1`
2022-06-24 16:41:19jiu_777 → (session) 协议号，零售、批发 找，`boss91m1`
2022-06-24 16:42:35bc123hx → 准备（发 ）广告，找 `boss91m1`
2022-06-24 16:43:04jiu_777 → 需要 软、件，找 `boss91m1`
2022-06-24 16:44:18-1001692409589 → 需要 软、件，找 `boss91m1`
2022-06-24 16:44:37jiu_777 → 来（发 ）广告，联系 `boss91m1`
2022-06-24 16:45:41si1688 → 想要（发 ）广告，找 `boss91m1`
2022-06-24 16:46:10jiu_777 → 想要（发 ）广告，找 `boss91m1`
2022-06-24 16:47:13jiu_777 → 专业（发 ）广告，联系我 `boss91m1`
2022-06-24 16:48:53jiemafb → 想找人（ 发 ）广告，找 `boss91m1`
2022-06-24 16:49:38bc123hx → 来（发 ）广告，联系 `boss91m1`
2022-06-24 16:49:57jiu_777 → 需要 软、件，找 `boss91m1`
2022-06-24 16:50:41si1688 → 来（发 ）广告，联系 `boss91m1`
2022-06-24 16:51:30jiu_777 → 来（发 ）广告，联系 `boss91m1`
2022-06-24 16:52:14-1001692409589 → 专业（发 ）广告，联系我 `boss91m1`
2022-06-24 16:52:49jiu_777 → 想要（发 ）广告，找 `boss91m1`
2022-06-24 16:53:47si1688 → 想要（发 ）广告，找 `boss91m1`
2022-06-24 16:54:11jiu_777 → 来（发 ）广告，联系 `boss91m1`
2022-06-24 16:54:59bc123hx → 想要（发 ）广告，找 `boss91m1`
2022-06-24 16:55:45jiu_777 → 来（发 ）广告，联系 `boss91m1`
2022-06-24 16:57:24jiu_777 → 来（发 ）广告，联系 `boss91m1`
2022-06-24 16:57:41-1001692409589 → (session) 协议号，零售、批发 找，`boss91m1`
2022-06-24 16:58:58jiu_777 → 来（发 ）广告，联系 `boss91m1`
2022-06-24 16:59:53bc123hx → 需要 群、发软、件，找 `boss91m1`
2022-06-24 17:00:31jiu_777 → (session) 协议号，零售、批发 找，`boss91m1`
2022-06-24 17:01:27si1688 → 专业（发 ）广告，联系我 `boss91m1`
2022-06-24 17:01:51jiu_777 → 专业（发 ）广告，联系我 `boss91m1`
2022-06-24 17:02:18-1001692409589 → 想要（发 ）广告，找 `boss91m1`
2022-06-24 17:03:55jiemafb → 专业（发 ）广告，联系我 `boss91m1`
2022-06-24 17:04:30jiu_777 → 来（发 ）广告，联系 `boss91m1`
2022-06-24 17:05:47jiu_777 → (session) 协议号，零售、批发 找，`boss91m1`
2022-06-24 17:06:55-1001692409589 → 准备（发 ）广告，找 `boss91m1`
2022-06-24 17:07:43jiu_777 → (session) 协议号，零售、批发 找，`boss91m1`
2022-06-24 17:08:06bc123hx → 来（发 ）广告，联系 `boss91m1`
2022-06-24 17:08:52si1688 → 来（发 ）广告，联系 `boss91m1`
2022-06-24 17:09:21jiu_777 → 需要 群、发软、件，找 `boss91m1`
2022-06-24 17:10:34bc123hx → 来（发 ）广告，联系 `boss91m1`
2022-06-24 17:10:52jiu_777 → 专业（发 ）广告，联系我 `boss91m1`
2022-06-24 17:11:37si1688 → (session) 协议号，零售、批发 找，`boss91m1`
2022-06-24 17:12:01jiu_777 → 想找人（ 发 ）广告，找 `boss91m1`
2022-06-24 17:12:17-1001692409589 → 要（发 ）广告，联系 `boss91m1`
2022-06-24 17:13:34jiu_777 → 要（发 ）广告，联系 `boss91m1`
2022-06-24 17:15:03jiu_777 → 需要 群、发，找 `boss91m1`
2022-06-24 17:16:10si1688 → 专业（发 ）广告，联系我 `boss91m1`
2022-06-24 17:16:35jiu_777 → 想要（发 ）广告，找 `boss91m1`
2022-06-24 17:16:51-1001692409589 → 需要 软、件，找 `boss91m1`
2022-06-24 17:18:17jiu_777 → 需要 软、件，找 `boss91m1`
2022-06-24 17:18:54bc123hx → 专业（发 ）广告，联系我 `boss91m1`
2022-06-24 17:19:40jiu_777 → 来（发 ）广告，联系 `boss91m1`
2022-06-24 17:20:07jiemafb → (session) 协议号，零售、批发 找，`boss91m1`
2022-06-24 17:21:11jiu_777 → 要（发 ）广告，联系 `boss91m1`
2022-06-24 17:22:09bc123hx → 要（发 ）广告，联系 `boss91m1`
2022-06-24 17:22:45jiu_777 → 专业（发 ）广告，联系我 `boss91m1`
2022-06-24 17:23:12jiemaLine → 想要（发 ）广告，找 `boss91m1`
2022-06-24 17:23:36si1688 → 要（发 ）广告，联系 `boss91m1`
2022-06-24 17:24:46jiu_777 → 专业（发 ）广告，联系我 `boss91m1`
2022-06-24 17:25:09-1001692409589 → 想要（发 ）广告，找 `boss91m1`
2022-06-24 17:26:06jiu_777 → 想找人（ 发 ）广告，找 `boss91m1`
2022-06-24 17:26:41si1688 → 需要 软、件，找 `boss91m1`
2022-06-24 17:27:27jiu_777 → 要（发 ）广告，联系 `boss91m1`
2022-06-24 17:27:43bc123hx → 专业（发 ）广告，联系我 `boss91m1`
2022-06-24 17:29:23jiu_777 → 想要（发 ）广告，找 `boss91m1`
2022-06-24 17:30:08-1001692409589 → (session) 协议号，零售、批发 找，`boss91m1`
2022-06-24 17:30:45jiu_777 → (session) 协议号，零售、批发 找，`boss91m1`
2022-06-24 17:31:59si1688 → 需要 群、发软、件，找 `boss91m1`
2022-06-24 17:32:17jiu_777 → 需要 软、件，找 `boss91m1`
2022-06-24 17:33:33jiu_777 → 来（发 ）广告，联系 `boss91m1`
2022-06-24 17:34:30jiemaWhatsApp → 来（发 ）广告，联系 `boss91m1`
2022-06-24 17:35:05bc123hx → 需要 群、发软、件，找 `boss91m1`
2022-06-24 17:35:33jiu_777 → 来（发 ）广告，联系 `boss91m1`
2022-06-24 17:36:18-1001692409589 → 需要 软、件，找 `boss91m1`
2022-06-24 17:37:04jiu_777 → (session) 协议号，零售、批发 找，`boss91m1`
2022-06-24 17:37:39-1001692409589 → 来（发 ）广告，联系 `boss91m1`
2022-06-24 17:38:38jiu_777 → 要（发 ）广告，联系 `boss91m1`
2022-06-24 17:39:11jiemafb → 来（发 ）广告，联系 `boss91m1`
2022-06-24 17:39:58jiu_777 → 需要 软、件，找 `boss91m1`
2022-06-24 17:40:14si1688 → 来（发 ）广告，联系 `boss91m1`
2022-06-24 17:40:59bc123hx → 来（发 ）广告，联系 `boss91m1`
2022-06-24 17:41:48jiu_777 → 需要 群、发软、件，找 `boss91m1`
2022-06-24 17:43:16jiu_777 → 需要 软、件，找 `boss91m1`
2022-06-24 17:44:32jiu_777 → 要（发 ）广告，联系 `boss91m1`
2022-06-24 17:45:08bc123hx → 想找人（ 发 ）广告，找 `boss91m1`
2022-06-24 17:45:54jiu_777 → 要（发 ）广告，联系 `boss91m1`
2022-06-24 17:46:21si1688 → 需要 群、发软、件，找 `boss91m1`
2022-06-24 17:46:55-1001692409589 → 需要 群、发，找 `boss91m1`
2022-06-24 17:47:31jiu_777 → 想找人（ 发 ）广告，找 `boss91m1`
2022-06-24 17:48:38si1688 → 想要（发 ）广告，找 `boss91m1`
2022-06-24 17:49:03jiu_777 → 需要 群、发软、件，找 `boss91m1`
2022-06-24 17:49:50bc123hx → 想找人（ 发 ）广告，找 `boss91m1`
2022-06-24 17:50:36jiu_777 → 想找人（ 发 ）广告，找 `boss91m1`
2022-06-24 17:51:23-1001692409589 → 需要 软、件，找 `boss91m1`
2022-06-24 17:52:09jiu_777 → 来（发 ）广告，联系 `boss91m1`
2022-06-24 17:53:36jiu_777 → 要（发 ）广告，联系 `boss91m1`
2022-06-24 17:54:05bc123hx → 需要 软、件，找 `boss91m1`
2022-06-24 17:55:10si1688 → 来（发 ）广告，联系 `boss91m1`
2022-06-24 17:55:28jiu_777 → 来（发 ）广告，联系 `boss91m1`
2022-06-24 17:56:23-1001692409589 → 准备（发 ）广告，找 `boss91m1`
2022-06-24 17:56:48jiu_777 → 需要 软、件，找 `boss91m1`
2022-06-24 17:57:04jiemafb → 来（发 ）广告，联系 `boss91m1`
2022-06-24 17:58:21jiu_777 → 想找人（ 发 ）广告，找 `boss91m1`
2022-06-24 17:59:28bc123hx → 需要 群、发软、件，找 `boss91m1`
2022-06-24 17:59:53jiu_777 → (session) 协议号，零售、批发 找，`boss91m1`
2022-06-24 18:00:20si1688 → 需要 群、发软、件，找 `boss91m1`
2022-06-24 18:01:26jiu_777 → 来（发 ）广告，联系 `boss91m1`
2022-06-24 18:02:54-1001692409589 → 来（发 ）广告，联系 `boss91m1`
2022-06-24 18:03:23jiu_777 → 专业（发 ）广告，联系我 `boss91m1`
2022-06-24 18:04:37jiu_777 → 想找人（ 发 ）广告，找 `boss91m1`
2022-06-24 18:04:54-1001692409589 → 要（发 ）广告，联系 `boss91m1`
2022-06-24 18:06:23jiu_777 → 来（发 ）广告，联系 `boss91m1`
2022-06-24 18:07:28jiu_777 → 准备（发 ）广告，找 `boss91m1`
2022-06-24 18:07:44si1688 → 来（发 ）广告，联系 `boss91m1`
2022-06-24 18:08:30bc123hx → 准备（发 ）广告，找 `boss91m1`
2022-06-24 18:09:27jiu_777 → 准备（发 ）广告，找 `boss91m1`
2022-06-24 18:10:12-1001692409589 → 想要（发 ）广告，找 `boss91m1`
2022-06-24 18:10:46bc123hx → 想要（发 ）广告，找 `boss91m1`
2022-06-24 18:11:05jiu_777 → 要（发 ）广告，联系 `boss91m1`
2022-06-24 18:12:09si1688 → 需要 群、发软、件，找 `boss91m1`
2022-06-24 18:12:27jiu_777 → 来（发 ）广告，联系 `boss91m1`
2022-06-24 18:13:53jiu_777 → 专业（发 ）广告，联系我 `boss91m1`
2022-06-24 18:14:10jiemafb → 来（发 ）广告，联系 `boss91m1`
2022-06-24 18:15:14jiu_777 → 来（发 ）广告，联系 `boss91m1`
2022-06-24 18:15:42bc123hx → (session) 协议号，零售、批发 找，`boss91m1`
2022-06-24 18:16:48jiu_777 → 专业（发 ）广告，联系我 `boss91m1`
2022-06-24 18:17:15si1688 → 需要 软、件，找 `boss91m1`
2022-06-24 18:17:39-1001692409589 → 想找人（ 发 ）广告，找 `boss91m1`
2022-06-24 18:18:37jiu_777 → 想要（发 ）广告，找 `boss91m1`
2022-06-24 18:20:05jiu_777 → 来（发 ）广告，联系 `boss91m1`
2022-06-24 18:21:45jiu_777 → 要（发 ）广告，联系 `boss91m1`
2022-06-24 18:22:09-1001692409589 → 准备（发 ）广告，找 `boss91m1`
2022-06-24 18:23:08jiu_777 → 准备（发 ）广告，找 `boss91m1`
2022-06-24 18:23:42si1688 → 需要 群、发，找 `boss91m1`
2022-06-24 18:24:28jiu_777 → 想要（发 ）广告，找 `boss91m1`
2022-06-24 18:24:44bc123hx → 专业（发 ）广告，联系我 `boss91m1`
2022-06-24 18:25:59jiu_777 → 想找人（ 发 ）广告，找 `boss91m1`
2022-06-24 18:26:58jiemaLine → 需要 群、发，找 `boss91m1`
2022-06-24 18:27:33jiu_777 → 想要（发 ）广告，找 `boss91m1`
2022-06-24 18:28:30-1001692409589 → (session) 协议号，零售、批发 找，`boss91m1`
2022-06-24 18:29:06jiu_777 → 想要（发 ）广告，找 `boss91m1`
2022-06-24 18:29:22si1688 → 要（发 ）广告，联系 `boss91m1`
2022-06-24 18:29:57bc123hx → 来（发 ）广告，联系 `boss91m1`
2022-06-24 18:30:54jiu_777 → 来（发 ）广告，联系 `boss91m1`
2022-06-24 18:32:35jiu_777 → 想找人（ 发 ）广告，找 `boss91m1`
2022-06-24 18:32:58bc123hx → 需要 软、件，找 `boss91m1`
2022-06-24 18:33:54jiu_777 → 需要 群、发软、件，找 `boss91m1`
2022-06-24 18:34:12jiemafb → 专业（发 ）广告，联系我 `boss91m1`
2022-06-24 18:34:56si1688 → 需要 软、件，找 `boss91m1`
2022-06-24 18:35:30-1001692409589 → 要（发 ）广告，联系 `boss91m1`
2022-06-24 18:35:48jiu_777 → 想找人（ 发 ）广告，找 `boss91m1`
2022-06-24 18:36:52jiu_777 → 专业（发 ）广告，联系我 `boss91m1`
2022-06-24 18:37:20jiemaWhatsApp → 准备（发 ）广告，找 `boss91m1`
2022-06-24 18:38:25jiu_777 → 想要（发 ）广告，找 `boss91m1`
2022-06-24 18:38:53si1688 → 来（发 ）广告，联系 `boss91m1`
2022-06-24 18:40:10jiu_777 → 要（发 ）广告，联系 `boss91m1`
2022-06-24 18:40:26-1001692409589 → 来（发 ）广告，联系 `boss91m1`
2022-06-24 18:41:01bc123hx → 准备（发 ）广告，找 `boss91m1`
2022-06-24 18:41:58jiu_777 → 想找人（ 发 ）广告，找 `boss91m1`
2022-06-24 18:42:32-1001692409589 → 想找人（ 发 ）广告，找 `boss91m1`
2022-06-24 18:43:07jiu_777 → 需要 群、发，找 `boss91m1`
2022-06-24 18:43:34bc123hx → 需要 群、发，找 `boss91m1`
2022-06-24 18:44:40jiu_777 → 想要（发 ）广告，找 `boss91m1`
2022-06-24 18:44:57si1688 → (session) 协议号，零售、批发 找，`boss91m1`
2022-06-24 18:46:23jiu_777 → 想要（发 ）广告，找 `boss91m1`
2022-06-24 18:47:50bc123hx → 想找人（ 发 ）广告，找 `boss91m1`
2022-06-24 18:48:08jiu_777 → 需要 群、发，找 `boss91m1`
2022-06-24 18:48:42si1688 → 需要 软、件，找 `boss91m1`
2022-06-24 18:49:42jiu_777 → 想要（发 ）广告，找 `boss91m1`
2022-06-24 18:50:58jiu_777 → 需要 软、件，找 `boss91m1`
2022-06-24 18:51:14-1001692409589 → 专业（发 ）广告，联系我 `boss91m1`
2022-06-24 18:51:59jiemafb → 专业（发 ）广告，联系我 `boss91m1`
2022-06-24 18:52:24jiu_777 → 准备（发 ）广告，找 `boss91m1`
2022-06-24 18:54:03jiu_777 → 准备（发 ）广告，找 `boss91m1`
2022-06-24 18:54:39si1688 → 想要（发 ）广告，找 `boss91m1`
2022-06-24 18:55:38jiu_777 → 需要 软、件，找 `boss91m1`
2022-06-24 18:56:23bc123hx → 想找人（ 发 ）广告，找 `boss91m1`
2022-06-24 18:56:57-1001692409589 → 专业（发 ）广告，联系我 `boss91m1`
2022-06-24 18:57:15jiu_777 → 要（发 ）广告，联系 `boss91m1`
2022-06-24 18:58:39si1688 → 来（发 ）广告，联系 `boss91m1`
2022-06-24 18:58:57jiu_777 → 要（发 ）广告，联系 `boss91m1`
2022-06-24 18:59:21bc123hx → 准备（发 ）广告，找 `boss91m1`
2022-06-24 19:00:31jiu_777 → 来（发 ）广告，联系 `boss91m1`
2022-06-24 19:01:49jiu_777 → 专业（发 ）广告，联系我 `boss91m1`
2022-06-24 19:02:33-1001692409589 → 想找人（ 发 ）广告，找 `boss91m1`
2022-06-24 19:03:30jiu_777 → 想要（发 ）广告，找 `boss91m1`
2022-06-24 19:04:36si1688 → 要（发 ）广告，联系 `boss91m1`
2022-06-24 19:05:05jiu_777 → 需要 群、发，找 `boss91m1`
2022-06-24 19:05:28-1001692409589 → (session) 协议号，零售、批发 找，`boss91m1`
2022-06-24 19:06:39jiu_777 → 需要 群、发软、件，找 `boss91m1`
2022-06-24 19:07:02bc123hx → 需要 群、发，找 `boss91m1`
2022-06-24 19:07:48jiu_777 → 需要 软、件，找 `boss91m1`
2022-06-24 19:09:25jiu_777 → (session) 协议号，零售、批发 找，`boss91m1`
2022-06-24 19:10:03si1688 → 要（发 ）广告，联系 `boss91m1`
2022-06-24 19:10:58jiemafb → 专业（发 ）广告，联系我 `boss91m1`
2022-06-24 19:11:16jiu_777 → 要（发 ）广告，联系 `boss91m1`
2022-06-24 19:12:22jiu_777 → (session) 协议号，零售、批发 找，`boss91m1`
2022-06-24 19:12:52-1001692409589 → 需要 软、件，找 `boss91m1`
2022-06-24 19:13:16bc123hx → 需要 群、发软、件，找 `boss91m1`
2022-06-24 19:14:02jiu_777 → 想找人（ 发 ）广告，找 `boss91m1`
2022-06-24 19:15:53jiu_777 → 专业（发 ）广告，联系我 `boss91m1`
2022-06-24 19:16:58si1688 → 需要 群、发，找 `boss91m1`
2022-06-24 19:17:16jiu_777 → 来（发 ）广告，联系 `boss91m1`
2022-06-24 19:18:12bc123hx → 来（发 ）广告，联系 `boss91m1`
2022-06-24 19:18:36jiu_777 → 需要 群、发，找 `boss91m1`
2022-06-24 19:18:52-1001692409589 → (session) 协议号，零售、批发 找，`boss91m1`
2022-06-24 19:20:19jiu_777 → 想要（发 ）广告，找 `boss91m1`
2022-06-24 19:21:05bc123hx → (session) 协议号，零售、批发 找，`boss91m1`
2022-06-24 19:21:53jiu_777 → 想要（发 ）广告，找 `boss91m1`
2022-06-24 19:23:19si1688 → 来（发 ）广告，联系 `boss91m1`
2022-06-24 19:23:36jiu_777 → 来（发 ）广告，联系 `boss91m1`
2022-06-24 19:24:00-1001692409589 → 想找人（ 发 ）广告，找 `boss91m1`
2022-06-24 19:24:46jiu_777 → 要（发 ）广告，联系 `boss91m1`
2022-06-24 19:26:58jiemaLine → (session) 协议号，零售、批发 找，`boss91m1`
2022-06-24 19:27:16jiu_777 → 要（发 ）广告，联系 `boss91m1`
2022-06-24 19:27:40si1688 → 要（发 ）广告，联系 `boss91m1`
2022-06-24 19:28:26jiu_777 → (session) 协议号，零售、批发 找，`boss91m1`
2022-06-24 19:28:53jiemafb → 要（发 ）广告，联系 `boss91m1`
2022-06-24 19:29:17-1001692409589 → 需要 软、件，找 `boss91m1`
2022-06-24 19:30:02bc123hx → 准备（发 ）广告，找 `boss91m1`
2022-06-24 19:30:20jiu_777 → 需要 群、发，找 `boss91m1`
2022-06-24 19:31:59jiu_777 → 来（发 ）广告，联系 `boss91m1`
2022-06-24 19:32:33bc123hx → (session) 协议号，零售、批发 找，`boss91m1`
2022-06-24 19:33:19jiu_777 → 想找人（ 发 ）广告，找 `boss91m1`
2022-06-24 19:34:37jiu_777 → 来（发 ）广告，联系 `boss91m1`
2022-06-24 19:34:53si1688 → 需要 软、件，找 `boss91m1`
2022-06-24 19:35:38-1001692409589 → (session) 协议号，零售、批发 找，`boss91m1`
2022-06-24 19:36:14jiu_777 → 来（发 ）广告，联系 `boss91m1`
2022-06-24 19:37:42jiu_777 → 需要 软、件，找 `boss91m1`
2022-06-24 19:38:09si1688 → 想要（发 ）广告，找 `boss91m1`
2022-06-24 19:38:43-1001692409589 → 需要 软、件，找 `boss91m1`
2022-06-24 19:39:18bc123hx → 需要 群、发，找 `boss91m1`
2022-06-24 19:39:35jiu_777 → 需要 群、发，找 `boss91m1`
2022-06-24 19:40:52jiu_777 → 需要 群、发软、件，找 `boss91m1`
2022-06-24 19:41:09jiemaWhatsApp → 专业（发 ）广告，联系我 `boss91m1`
2022-06-24 19:42:34bc123hx → 准备（发 ）广告，找 `boss91m1`
2022-06-24 19:42:53jiu_777 → (session) 协议号，零售、批发 找，`boss91m1`
2022-06-24 19:44:08jiu_777 → 想要（发 ）广告，找 `boss91m1`
2022-06-24 19:44:25-1001692409589 → 专业（发 ）广告，联系我 `boss91m1`
2022-06-24 19:45:10si1688 → 想找人（ 发 ）广告，找 `boss91m1`
2022-06-24 19:45:46jiu_777 → 要（发 ）广告，联系 `boss91m1`
2022-06-24 19:46:43jiemafb → 准备（发 ）广告，找 `boss91m1`
2022-06-24 19:47:30jiu_777 → 要（发 ）广告，联系 `boss91m1`
2022-06-24 19:48:04bc123hx → 专业（发 ）广告，联系我 `boss91m1`
2022-06-24 19:48:39si1688 → 来（发 ）广告，联系 `boss91m1`
2022-06-24 19:48:56jiu_777 → (session) 协议号，零售、批发 找，`boss91m1`
2022-06-24 19:49:52-1001692409589 → 来（发 ）广告，联系 `boss91m1`
2022-06-24 19:50:30jiu_777 → (session) 协议号，零售、批发 找，`boss91m1`
2022-06-24 19:51:46jiu_777 → 想找人（ 发 ）广告，找 `boss91m1`
2022-06-24 19:53:24jiu_777 → 要（发 ）广告，联系 `boss91m1`
2022-06-24 19:54:01bc123hx → 想要（发 ）广告，找 `boss91m1`
2022-06-24 19:54:56-1001692409589 → 要（发 ）广告，联系 `boss91m1`
2022-06-24 19:55:15jiu_777 → 来（发 ）广告，联系 `boss91m1`
2022-06-24 19:55:48si1688 → 需要 群、发软、件，找 `boss91m1`
2022-06-24 19:56:37jiu_777 → 需要 群、发软、件，找 `boss91m1`
2022-06-24 19:57:53jiu_777 → 专业（发 ）广告，联系我 `boss91m1`
2022-06-24 19:58:49bc123hx → 想找人（ 发 ）广告，找 `boss91m1`
2022-06-24 19:59:25jiu_777 → 需要 群、发软、件，找 `boss91m1`
2022-06-24 20:00:23si1688 → 来（发 ）广告，联系 `boss91m1`
2022-06-24 20:00:57-1001692409589 → 准备（发 ）广告，找 `boss91m1`
2022-06-24 20:01:15jiu_777 → 专业（发 ）广告，联系我 `boss91m1`
2022-06-24 20:02:41jiemafb → (session) 协议号，零售、批发 找，`boss91m1`
2022-06-24 20:02:59jiu_777 → 需要 群、发，找 `boss91m1`
2022-06-24 20:04:02bc123hx → 专业（发 ）广告，联系我 `boss91m1`
2022-06-24 20:04:31jiu_777 → 需要 群、发软、件，找 `boss91m1`
2022-06-24 20:05:36jiu_777 → (session) 协议号，零售、批发 找，`boss91m1`
2022-06-24 20:06:23-1001692409589 → (session) 协议号，零售、批发 找，`boss91m1`
2022-06-24 20:07:09jiu_777 → 想找人（ 发 ）广告，找 `boss91m1`
2022-06-24 20:07:56si1688 → 要（发 ）广告，联系 `boss91m1`
2022-06-24 20:08:52jiu_777 → 来（发 ）广告，联系 `boss91m1`
2022-06-24 20:10:09bc123hx → (session) 协议号，零售、批发 找，`boss91m1`
2022-06-24 20:10:26jiu_777 → 想找人（ 发 ）广告，找 `boss91m1`
2022-06-24 20:11:43jiu_777 → 专业（发 ）广告，联系我 `boss91m1`
2022-06-24 20:12:00-1001692409589 → 来（发 ）广告，联系 `boss91m1`
2022-06-24 20:12:46si1688 → 需要 软、件，找 `boss91m1`
2022-06-24 20:13:21jiu_777 → 想找人（ 发 ）广告，找 `boss91m1`
2022-06-24 20:15:13jiu_777 → 来（发 ）广告，联系 `boss91m1`
2022-06-24 20:15:36si1688 → 需要 软、件，找 `boss91m1`
2022-06-24 20:16:21bc123hx → 需要 群、发软、件，找 `boss91m1`
2022-06-24 20:16:49jiu_777 → 来（发 ）广告，联系 `boss91m1`
2022-06-24 20:17:41jiemafb → 来（发 ）广告，联系 `boss91m1`
2022-06-24 20:18:27jiu_777 → 准备（发 ）广告，找 `boss91m1`
2022-06-24 20:19:24-1001692409589 → 需要 软、件，找 `boss91m1`
2022-06-24 20:20:00jiu_777 → 来（发 ）广告，联系 `boss91m1`
2022-06-24 20:20:46si1688 → 需要 群、发软、件，找 `boss91m1`
2022-06-24 20:21:32jiu_777 → 来（发 ）广告，联系 `boss91m1`
2022-06-24 20:21:49bc123hx → 专业（发 ）广告，联系我 `boss91m1`
2022-06-24 20:23:17jiu_777 → 专业（发 ）广告，联系我 `boss91m1`
2022-06-24 20:23:53-1001692409589 → 专业（发 ）广告，联系我 `boss91m1`
2022-06-24 20:25:03jiu_777 → 来（发 ）广告，联系 `boss91m1`
2022-06-24 20:26:06si1688 → 想找人（ 发 ）广告，找 `boss91m1`
2022-06-24 20:26:25jiu_777 → 需要 群、发软、件，找 `boss91m1`
2022-06-24 20:27:09jiemaLine → 想要（发 ）广告，找 `boss91m1`
2022-06-24 20:27:58jiu_777 → 需要 群、发，找 `boss91m1`
2022-06-24 20:28:32-1001692409589 → 想找人（ 发 ）广告，找 `boss91m1`
2022-06-24 20:29:27bc123hx → 要（发 ）广告，联系 `boss91m1`
2022-06-24 20:29:46jiu_777 → 需要 软、件，找 `boss91m1`
2022-06-24 20:31:13jiu_777 → 需要 群、发软、件，找 `boss91m1`
2022-06-24 20:31:48bc123hx → 想要（发 ）广告，找 `boss91m1`
2022-06-24 20:32:23jiu_777 → 来（发 ）广告，联系 `boss91m1`
2022-06-24 20:32:50jiemafb → 要（发 ）广告，联系 `boss91m1`
2022-06-24 20:34:20jiu_777 → 来（发 ）广告，联系 `boss91m1`
2022-06-24 20:34:43-1001692409589 → 来（发 ）广告，联系 `boss91m1`
2022-06-24 20:35:28si1688 → (session) 协议号，零售、批发 找，`boss91m1`
2022-06-24 20:35:46jiu_777 → 来（发 ）广告，联系 `boss91m1`
2022-06-24 20:37:11bc123hx → 需要 群、发软、件，找 `boss91m1`
2022-06-24 20:37:28jiu_777 → 需要 软、件，找 `boss91m1`
2022-06-24 20:38:34jiu_777 → 想找人（ 发 ）广告，找 `boss91m1`
2022-06-24 20:39:21si1688 → 想找人（ 发 ）广告，找 `boss91m1`
2022-06-24 20:40:07jiu_777 → 想要（发 ）广告，找 `boss91m1`
2022-06-24 20:40:35-1001692409589 → (session) 协议号，零售、批发 找，`boss91m1`
2022-06-24 20:41:52jiu_777 → 来（发 ）广告，联系 `boss91m1`
2022-06-24 20:42:38si1688 → 想要（发 ）广告，找 `boss91m1`
2022-06-24 20:43:13jiu_777 → 来（发 ）广告，联系 `boss91m1`
2022-06-24 20:44:22bc123hx → 需要 群、发，找 `boss91m1`
2022-06-24 20:44:58jiu_777 → 想找人（ 发 ）广告，找 `boss91m1`
2022-06-24 20:45:44-1001692409589 → 需要 软、件，找 `boss91m1`
2022-06-24 20:46:19jiemaWhatsApp → 要（发 ）广告，联系 `boss91m1`
2022-06-24 20:46:48jiu_777 → 要（发 ）广告，联系 `boss91m1`
2022-06-24 20:48:16jiu_777 → 准备（发 ）广告，找 `boss91m1`
2022-06-24 20:49:21jiemafb → (session) 协议号，零售、批发 找，`boss91m1`
2022-06-24 20:49:39jiu_777 → 需要 群、发软、件，找 `boss91m1`
2022-06-24 20:50:13si1688 → 来（发 ）广告，联系 `boss91m1`
2022-06-24 20:50:59jiu_777 → 来（发 ）广告，联系 `boss91m1`
2022-06-24 20:51:15-1001692409589 → 需要 群、发，找 `boss91m1`
2022-06-24 20:52:00bc123hx → 来（发 ）广告，联系 `boss91m1`
2022-06-24 20:52:47jiu_777 → 来（发 ）广告，联系 `boss91m1`
2022-06-24 20:53:43si1688 → 需要 软、件，找 `boss91m1`
2022-06-24 20:54:08jiu_777 → 需要 群、发，找 `boss91m1`
2022-06-24 20:54:25bc123hx → 专业（发 ）广告，联系我 `boss91m1`
2022-06-24 20:55:42jiu_777 → 来（发 ）广告，联系 `boss91m1`
2022-06-24 20:57:12jiu_777 → 来（发 ）广告，联系 `boss91m1`
2022-06-24 20:57:39-1001692409589 → 来（发 ）广告，联系 `boss91m1`
2022-06-24 20:58:54jiu_777 → 想找人（ 发 ）广告，找 `boss91m1`
2022-06-24 20:59:12bc123hx → 想找人（ 发 ）广告，找 `boss91m1`
2022-06-24 20:59:56-1001692409589 → 来（发 ）广告，联系 `boss91m1`
2022-06-24 21:00:21jiu_777 → (session) 协议号，零售、批发 找，`boss91m1`
2022-06-24 21:02:00jiu_777 → 专业（发 ）广告，联系我 `boss91m1`
2022-06-24 21:02:17si1688 → 想找人（ 发 ）广告，找 `boss91m1`
2022-06-24 21:03:34jiu_777 → 需要 群、发，找 `boss91m1`
2022-06-24 21:04:19-1001692409589 → 专业（发 ）广告，联系我 `boss91m1`
2022-06-24 21:04:55jiu_777 → 来（发 ）广告，联系 `boss91m1`
2022-06-24 21:06:34jiu_777 → 需要 群、发软、件，找 `boss91m1`
2022-06-24 21:06:51si1688 → 想找人（ 发 ）广告，找 `boss91m1`
2022-06-24 21:07:26bc123hx → (session) 协议号，零售、批发 找，`boss91m1`
2022-06-24 21:08:01jiu_777 → 准备（发 ）广告，找 `boss91m1`
2022-06-24 21:08:17jiemafb → (session) 协议号，零售、批发 找，`boss91m1`
2022-06-24 21:09:42jiu_777 → 要（发 ）广告，联系 `boss91m1`
2022-06-24 21:10:00si1688 → 准备（发 ）广告，找 `boss91m1`
2022-06-24 21:11:30jiu_777 → 需要 软、件，找 `boss91m1`
2022-06-24 21:11:53bc123hx → 需要 群、发，找 `boss91m1`
2022-06-24 21:13:02jiu_777 → 想要（发 ）广告，找 `boss91m1`
2022-06-24 21:13:36-1001692409589 → 来（发 ）广告，联系 `boss91m1`
2022-06-24 21:14:22jiu_777 → 准备（发 ）广告，找 `boss91m1`
2022-06-24 21:15:19si1688 → 来（发 ）广告，联系 `boss91m1`
2022-06-24 21:16:08jiu_777 → 要（发 ）广告，联系 `boss91m1`
2022-06-24 21:16:52bc123hx → 来（发 ）广告，联系 `boss91m1`
2022-06-24 21:17:41jiu_777 → 需要 群、发软、件，找 `boss91m1`
2022-06-24 21:18:46jiu_777 → 专业（发 ）广告，联系我 `boss91m1`
2022-06-24 21:19:13-1001692409589 → 想要（发 ）广告，找 `boss91m1`
2022-06-24 21:20:31jiu_777 → 来（发 ）广告，联系 `boss91m1`
2022-06-24 21:21:05bc123hx → (session) 协议号，零售、批发 找，`boss91m1`
2022-06-24 21:22:15jiu_777 → 想要（发 ）广告，找 `boss91m1`
2022-06-24 21:23:00si1688 → 准备（发 ）广告，找 `boss91m1`
2022-06-24 21:23:35jiu_777 → 准备（发 ）广告，找 `boss91m1`
2022-06-24 21:24:11-1001692409589 → 要（发 ）广告，联系 `boss91m1`
2022-06-24 21:25:19jiu_777 → 来（发 ）广告，联系 `boss91m1`
2022-06-24 21:26:04-1001692409589 → (session) 协议号，零售、批发 找，`boss91m1`
2022-06-24 21:26:29jiu_777 → (session) 协议号，零售、批发 找，`boss91m1`
2022-06-24 21:27:26jiemaLine → 专业（发 ）广告，联系我 `boss91m1`
2022-06-24 21:28:01si1688 → 专业（发 ）广告，联系我 `boss91m1`
2022-06-24 21:28:30jiu_777 → 来（发 ）广告，联系 `boss91m1`
2022-06-24 21:28:53bc123hx → 准备（发 ）广告，找 `boss91m1`
2022-06-24 21:29:39jiu_777 → 想要（发 ）广告，找 `boss91m1`
2022-06-24 21:30:06jiemafb → 专业（发 ）广告，联系我 `boss91m1`
2022-06-24 21:31:21jiu_777 → 来（发 ）广告，联系 `boss91m1`
2022-06-24 21:31:58bc123hx → 需要 群、发软、件，找 `boss91m1`
2022-06-24 21:32:43-1001692409589 → 需要 群、发软、件，找 `boss91m1`
2022-06-24 21:33:01jiu_777 → 来（发 ）广告，联系 `boss91m1`
2022-06-24 21:34:17jiu_777 → 要（发 ）广告，联系 `boss91m1`
2022-06-24 21:34:45si1688 → 想找人（ 发 ）广告，找 `boss91m1`
2022-06-24 21:36:01jiu_777 → 需要 群、发软、件，找 `boss91m1`
2022-06-24 21:36:46bc123hx → 想要（发 ）广告，找 `boss91m1`
2022-06-24 21:37:32jiu_777 → 想要（发 ）广告，找 `boss91m1`
2022-06-24 21:38:31si1688 → 想找人（ 发 ）广告，找 `boss91m1`
2022-06-24 21:38:54-1001692409589 → 想找人（ 发 ）广告，找 `boss91m1`
2022-06-24 21:39:23jiu_777 → 需要 软、件，找 `boss91m1`
2022-06-24 21:40:38jiu_777 → 来（发 ）广告，联系 `boss91m1`
2022-06-24 21:42:05-1001692409589 → 需要 群、发软、件，找 `boss91m1`
2022-06-24 21:42:24jiu_777 → 要（发 ）广告，联系 `boss91m1`
2022-06-24 21:43:41jiu_777 → 要（发 ）广告，联系 `boss91m1`
2022-06-24 21:44:26si1688 → 专业（发 ）广告，联系我 `boss91m1`
2022-06-24 21:45:13jiu_777 → 准备（发 ）广告，找 `boss91m1`
2022-06-24 21:45:30bc123hx → (session) 协议号，零售、批发 找，`boss91m1`
2022-06-24 21:46:03jiemafb → 需要 群、发，找 `boss91m1`
2022-06-24 21:47:00jiu_777 → 来（发 ）广告，联系 `boss91m1`
2022-06-24 21:48:17bc123hx → 准备（发 ）广告，找 `boss91m1`
2022-06-24 21:48:34jiu_777 → 想要（发 ）广告，找 `boss91m1`
2022-06-24 21:49:39-1001692409589 → 要（发 ）广告，联系 `boss91m1`
2022-06-24 21:49:56jiu_777 → 想找人（ 发 ）广告，找 `boss91m1`
2022-06-24 21:50:41jiemaWhatsApp → 来（发 ）广告，联系 `boss91m1`
2022-06-24 21:51:16si1688 → 想找人（ 发 ）广告，找 `boss91m1`
2022-06-24 21:51:45jiu_777 → 要（发 ）广告，联系 `boss91m1`
2022-06-24 21:52:59jiu_777 → 准备（发 ）广告，找 `boss91m1`
2022-06-24 21:53:16-1001692409589 → (session) 协议号，零售、批发 找，`boss91m1`
2022-06-24 21:54:46jiu_777 → (session) 协议号，零售、批发 找，`boss91m1`
2022-06-24 21:55:51jiu_777 → 需要 群、发软、件，找 `boss91m1`
2022-06-24 21:56:08si1688 → 来（发 ）广告，联系 `boss91m1`
2022-06-24 21:56:53bc123hx → 想找人（ 发 ）广告，找 `boss91m1`
2022-06-24 21:57:40jiu_777 → 需要 群、发，找 `boss91m1`
2022-06-24 21:59:21jiu_777 → 来（发 ）广告，联系 `boss91m1`
2022-06-24 21:59:54-1001692409589 → 需要 软、件，找 `boss91m1`
2022-06-24 22:00:41jiu_777 → 需要 群、发，找 `boss91m1`
2022-06-24 22:00:58si1688 → 需要 软、件，找 `boss91m1`
2022-06-24 22:01:32jiemafb → 需要 群、发软、件，找 `boss91m1`
2022-06-24 22:02:07jiu_777 → (session) 协议号，零售、批发 找，`boss91m1`
2022-06-24 22:02:35bc123hx → 专业（发 ）广告，联系我 `boss91m1`
2022-06-24 22:04:04jiu_777 → 准备（发 ）广告，找 `boss91m1`
2022-06-24 22:04:49si1688 → 需要 群、发软、件，找 `boss91m1`
2022-06-24 22:05:12-1001692409589 → 想要（发 ）广告，找 `boss91m1`
2022-06-24 22:05:41jiu_777 → 专业（发 ）广告，联系我 `boss91m1`
2022-06-24 22:06:57jiu_777 → 准备（发 ）广告，找 `boss91m1`
2022-06-24 22:07:55bc123hx → 想要（发 ）广告，找 `boss91m1`
2022-06-24 22:08:19jiu_777 → 想找人（ 发 ）广告，找 `boss91m1`
2022-06-24 22:09:47jiu_777 → 需要 群、发，找 `boss91m1`
2022-06-24 22:10:03-1001692409589 → 来（发 ）广告，联系 `boss91m1`
2022-06-24 22:10:48si1688 → 来（发 ）广告，联系 `boss91m1`
2022-06-24 22:11:23bc123hx → 想要（发 ）广告，找 `boss91m1`
2022-06-24 22:11:40jiu_777 → 想要（发 ）广告，找 `boss91m1`
2022-06-24 22:13:21jiu_777 → 要（发 ）广告，联系 `boss91m1`
2022-06-24 22:14:50jiu_777 → 专业（发 ）广告，联系我 `boss91m1`
2022-06-24 22:15:34bc123hx → 需要 群、发软、件，找 `boss91m1`
2022-06-24 22:15:58-1001692409589 → 准备（发 ）广告，找 `boss91m1`
2022-06-24 22:16:27jiu_777 → 来（发 ）广告，联系 `boss91m1`
2022-06-24 22:17:00jiemafb → 准备（发 ）广告，找 `boss91m1`
2022-06-24 22:18:00jiu_777 → 来（发 ）广告，联系 `boss91m1`
2022-06-24 22:18:33si1688 → 来（发 ）广告，联系 `boss91m1`
2022-06-24 22:19:31jiu_777 → 要（发 ）广告，联系 `boss91m1`
2022-06-24 22:20:47jiu_777 → 需要 群、发，找 `boss91m1`
2022-06-24 22:22:12jiu_777 → 专业（发 ）广告，联系我 `boss91m1`
2022-06-24 22:22:28si1688 → 要（发 ）广告，联系 `boss91m1`
2022-06-24 22:23:25-1001692409589 → 想要（发 ）广告，找 `boss91m1`
2022-06-24 22:23:49jiu_777 → 准备（发 ）广告，找 `boss91m1`
2022-06-24 22:24:06bc123hx → 专业（发 ）广告，联系我 `boss91m1`
2022-06-24 22:25:31jiu_777 → 需要 软、件，找 `boss91m1`