
2022-06-15 18:25:03Hpy111 → 来（发 ）广告，联系 bs91m1
2022-06-15 18:27:02shujyinl → 专业（发 ）广告，联系我 bs91m1
2022-06-15 18:28:03joinBCPH → 准备（发 ）广告，找 bs91m1
2022-06-15 18:29:09seguiren → 想找人（ 发 ）广告，找 bs91m1
2022-06-15 18:33:05yinlianguoji → 需要 群、发，找 bs91m1
2022-06-15 18:35:03yunqian68 → 需要 群、发软、件，找 bs91m1
2022-06-15 18:36:55amjwg → 来（发 ）广告，联系 bs91m1
2022-06-15 18:38:53dsfdshhs → 想找人（ 发 ）广告，找 bs91m1
2022-06-15 18:39:52dream888 → 需要 群、发，找 bs91m1
2022-06-15 18:41:50G88888880 → 要（发 ）广告，联系 bs91m1
2022-06-15 18:42:48phpzufang → 想要（发 ）广告，找 bs91m1
2022-06-15 18:43:53cvv666money → 准备（发 ）广告，找 bs91m1
2022-06-15 18:44:52dubai13148888 → 需要 群、发软、件，找 bs91m1
2022-06-15 18:46:50sirenweixin3 → 来（发 ）广告，联系 bs91m1
2022-06-15 18:48:43miaomiao12356 → 专业（发 ）广告，联系我 bs91m1
2022-06-15 18:50:41jiaoyouqun123 → 想找人（ 发 ）广告，找 bs91m1
2022-06-15 18:51:42Hpy888 → 想找人（ 发 ）广告，找 bs91m1
2022-06-15 18:52:48yhksijiantao11 → 要（发 ）广告，联系 bs91m1
2022-06-15 18:55:40lbbet → 需要 软、件，找 bs91m1
2022-06-15 19:11:40shujyinl → 要（发 ）广告，联系 bs91m1
2022-06-15 19:13:45seguiren → 需要 群、发，找 bs91m1
2022-06-15 19:15:43phpzufang → 想要（发 ）广告，找 bs91m1
2022-06-15 19:20:20lbbet → 专业（发 ）广告，联系我 bs91m1
2022-06-15 19:23:12yhksijiantao11 → 要（发 ）广告，联系 bs91m1
2022-06-15 19:25:09sirenweixin3 → 来（发 ）广告，联系 bs91m1
2022-06-15 19:34:32miaomiao12356 → 需要 群、发，找 bs91m1
2022-06-15 19:42:11xianliaoq → 想找人（ 发 ）广告，找 bs91m1
2022-06-15 19:43:06dubai13148888 → 想找人（ 发 ）广告，找 bs91m1
2022-06-15 19:47:28dsfdshhs → 来（发 ）广告，联系 bs91m1
2022-06-15 19:50:11guojitongdaoduanxin → 来（发 ）广告，联系 bs91m1
2022-06-15 19:52:18yunqian68 → 要（发 ）广告，联系 bs91m1
2022-06-15 19:59:03phniuniu → (session) 协议号，零售、批发 找，bs91m1
2022-06-15 20:02:12fgdfdfherh → 需要 软、件，找 bs91m1
2022-06-15 20:05:23Hpy111 → 来（发 ）广告，联系 bs91m1
2022-06-15 20:08:13jiaoyouqun123 → (session) 协议号，零售、批发 找，bs91m1
2022-06-15 20:22:06cvv666money → 需要 软、件，找 bs91m1
2022-06-15 20:35:13xd836809 → 准备（发 ）广告，找 bs91m1
2022-06-15 20:38:19zgfCYJT → 专业（发 ）广告，联系我 bs91m1
2022-06-15 20:48:28phpzufang → 准备（发 ）广告，找 bs91m1
2022-06-15 20:53:55yinlianguoji → 来（发 ）广告，联系 bs91m1
2022-06-15 20:54:46cvv666money → 准备（发 ）广告，找 bs91m1
2022-06-15 21:04:57sirenweixin3 → 需要 群、发，找 bs91m1
2022-06-15 21:05:50dream888 → (session) 协议号，零售、批发 找，bs91m1
2022-06-15 21:26:09xianliaoq → 来（发 ）广告，联系 bs91m1
2022-06-15 21:27:15jiaoyouqun123 → 来（发 ）广告，联系 bs91m1
2022-06-15 21:32:06miaomiao12356 → 专业（发 ）广告，联系我 bs91m1
2022-06-15 21:34:05amjwg → 来（发 ）广告，联系 bs91m1
2022-06-15 21:35:04seguiren → 准备（发 ）广告，找 bs91m1
2022-06-15 21:36:11dream888 → 想找人（ 发 ）广告，找 bs91m1
2022-06-15 21:37:10yhksijiantao11 → 来（发 ）广告，联系 bs91m1
2022-06-15 21:39:08shujyinl → 准备（发 ）广告，找 bs91m1
2022-06-15 21:41:03fgdfdfherh → 想要（发 ）广告，找 bs91m1
2022-06-15 21:42:08yunqian68 → 要（发 ）广告，联系 bs91m1
2022-06-15 21:45:06joinBCPH → 要（发 ）广告，联系 bs91m1
2022-06-15 21:46:06dsfdshhs → 需要 软、件，找 bs91m1
2022-06-15 21:48:04dubai13148888 → 需要 群、发，找 bs91m1
2022-06-15 21:49:53lbbet → 想找人（ 发 ）广告，找 bs91m1
2022-06-15 21:51:53xd836809 → 准备（发 ）广告，找 bs91m1
2022-06-15 21:53:53seguiren → (session) 协议号，零售、批发 找，bs91m1
2022-06-15 21:55:46phniuniu → 想找人（ 发 ）广告，找 bs91m1
2022-06-15 21:56:52lbbet → 要（发 ）广告，联系 bs91m1
2022-06-15 21:57:53yinlianguoji → (session) 协议号，零售、批发 找，bs91m1
2022-06-15 22:00:46guojitongdaoduanxin → 来（发 ）广告，联系 bs91m1
2022-06-15 22:02:45Hpy888 → 准备（发 ）广告，找 bs91m1
2022-06-15 22:03:43sirenweixin3 → 来（发 ）广告，联系 bs91m1
2022-06-15 22:06:39shujyinl → 想找人（ 发 ）广告，找 bs91m1
2022-06-15 22:08:37cvv666money → 要（发 ）广告，联系 bs91m1
2022-06-15 22:16:07phpzufang → 想要（发 ）广告，找 bs91m1
2022-06-15 22:18:57xianliaoq → 来（发 ）广告，联系 bs91m1
2022-06-15 22:21:51jiaoyouqun123 → 想找人（ 发 ）广告，找 bs91m1
2022-06-15 22:22:57yunqian68 → 想要（发 ）广告，找 bs91m1
2022-06-15 22:27:42yhksijiantao11 → 专业（发 ）广告，联系我 bs91m1
2022-06-15 22:36:13dream888 → 想找人（ 发 ）广告，找 bs91m1
2022-06-15 22:37:20fgdfdfherh → 来（发 ）广告，联系 bs91m1
2022-06-15 22:38:20phpzufang → 专业（发 ）广告，联系我 bs91m1
2022-06-15 22:43:14YHK_security → 专业（发 ）广告，联系我 bs91m1
2022-06-15 22:44:15dubai13148888 → 要（发 ）广告，联系 bs91m1
2022-06-15 22:46:14miaomiao12356 → 需要 群、发软、件，找 bs91m1
2022-06-15 22:47:13jiaoyouqun123 → 需要 群、发，找 bs91m1
2022-06-15 22:50:03seguiren → 需要 群、发软、件，找 bs91m1
2022-06-15 22:51:03joinBCPH → 准备（发 ）广告，找 bs91m1
2022-06-15 22:54:00zgfCYJT → 要（发 ）广告，联系 bs91m1
2022-06-15 22:56:01yhksijiantao11 → 需要 群、发软、件，找 bs91m1
2022-06-15 22:58:00dsfdshhs → 需要 群、发软、件，找 bs91m1
2022-06-15 22:59:00guojitongdaoduanxin → 准备（发 ）广告，找 bs91m1
2022-06-15 23:00:58lbbet → 准备（发 ）广告，找 bs91m1
2022-06-15 23:03:57amjwg → 想要（发 ）广告，找 bs91m1
2022-06-15 23:05:52yunqian68 → 专业（发 ）广告，联系我 bs91m1
2022-06-15 23:07:00cvv666money → 想要（发 ）广告，找 bs91m1
2022-06-15 23:09:52xianliaoq → 想找人（ 发 ）广告，找 bs91m1
2022-06-15 23:13:36shujyinl → 需要 软、件，找 bs91m1
2022-06-15 23:20:07cvv666money → 要（发 ）广告，联系 bs91m1
2022-06-15 23:22:06seguiren → 来（发 ）广告，联系 bs91m1
2022-06-15 23:25:54yunqian68 → (session) 协议号，零售、批发 找，bs91m1
2022-06-15 23:32:43YHK_security → (session) 协议号，零售、批发 找，bs91m1
2022-06-15 23:36:18phniuniu → 准备（发 ）广告，找 bs91m1
2022-06-15 23:37:16shujyinl → 准备（发 ）广告，找 bs91m1
2022-06-15 23:39:16dream888 → 专业（发 ）广告，联系我 bs91m1
2022-06-15 23:41:08lbbet → 需要 群、发软、件，找 bs91m1
2022-06-15 23:43:09yinlianguoji → 需要 群、发软、件，找 bs91m1
2022-06-15 23:44:09sirenweixin3 → 要（发 ）广告，联系 bs91m1
2022-06-15 23:45:17fgdfdfherh → 准备（发 ）广告，找 bs91m1
2022-06-15 23:47:09yhksijiantao11 → (session) 协议号，零售、批发 找，bs91m1
2022-06-15 23:48:18dubai13148888 → 要（发 ）广告，联系 bs91m1
2022-06-15 23:50:11dsfdshhs → 专业（发 ）广告，联系我 bs91m1
2022-06-15 23:51:17xianliaoq → 准备（发 ）广告，找 bs91m1
2022-06-15 23:56:08phpzufang → 专业（发 ）广告，联系我 bs91m1