
2022-06-03 11:21:02USDThuzhu3 → 需要 群、发，找  bs91m1
2022-06-03 11:23:18TG_King90 → 想要（发 ）广告，找 bs91m1
2022-06-03 11:27:21chaxun2020 → 来（发 ）广告，联系 bs91m1
2022-06-03 11:28:07wsfbtt → 来（发 ）广告，联系 bs91m1
2022-06-03 11:30:40laowangdan → 想找人（ 发 ）广告，找   bs91m1
2022-06-03 11:31:06usdtdfds → 需要 群、发，找  bs91m1
2022-06-03 11:31:53botong002 → 要（发 ）广告，联系 bs91m1
2022-06-03 11:32:20daishou15 → 需要 软、件，找  bs91m1
2022-06-03 11:34:00xinbi_088 → 需要 群、发，找  bs91m1
2022-06-03 11:34:38Tothemoonws → 需要 软、件，找  bs91m1
2022-06-03 11:36:56tsdb01 → 需要 群、发软、件，找  bs91m1
2022-06-03 11:37:44fb6789 → 准备（发 ）广告，找  bs91m1
2022-06-03 11:38:52tgh56734 → 需要 软、件，找  bs91m1
2022-06-03 11:39:39axujj → 想找人（ 发 ）广告，找   bs91m1
2022-06-03 11:40:31lineline88 → 准备（发 ）广告，找  bs91m1
2022-06-03 11:41:21sunshineyyds → 要（发 ）广告，联系 bs91m1
2022-06-03 11:42:58Zfb_qq → 专业（发 ）广告，联系我 bs91m1
2022-06-03 11:44:08bailaohui_cvv → 需要 软、件，找  bs91m1
2022-06-03 11:45:25TG0188 → 专业（发 ）广告，联系我 bs91m1
2022-06-03 11:45:50pshqo → 准备（发 ）广告，找  bs91m1
2022-06-03 11:46:51wsxieyi → 专业（发 ）广告，联系我 bs91m1
2022-06-03 11:48:17TRJ_shore001 → 专业（发 ）广告，联系我 bs91m1
2022-06-03 11:50:36daishou15 → 需要 群、发，找  bs91m1
2022-06-03 11:51:32smsjiema666 → 需要 群、发，找  bs91m1
2022-06-03 11:52:03wslinezalo → 需要 群、发，找  bs91m1
2022-06-03 11:52:48USDTm → 想要（发 ）广告，找 bs91m1
2022-06-03 11:55:02cccccccxyyy → 要（发 ）广告，联系 bs91m1
2022-06-03 11:55:28juliang666 → 要（发 ）广告，联系 bs91m1
2022-06-03 11:57:59tongdao25 → 想找人（ 发 ）广告，找   bs91m1
2022-06-03 11:58:25jfhfhdgd → 来（发 ）广告，联系 bs91m1
2022-06-03 11:59:02huanxunzhifu → 想要（发 ）广告，找 bs91m1
2022-06-03 12:02:26WGFLQ00081 → 需要 群、发，找  bs91m1
2022-06-03 12:03:12sunshineyyds → 来（发 ）广告，联系 bs91m1
2022-06-03 12:03:58haoma69 → 需要 群、发软、件，找  bs91m1
2022-06-03 12:05:09tianziusdt → 要（发 ）广告，联系 bs91m1
2022-06-03 12:06:43si1688 → 需要 软、件，找  bs91m1
2022-06-03 12:08:23yhsz023 → 需要 软、件，找  bs91m1
2022-06-03 12:09:36XxUP1121 → 想找人（ 发 ）广告，找   bs91m1
2022-06-03 12:11:04TG110 → 来（发 ）广告，联系 bs91m1
2022-06-03 12:12:22zlguanlian57 → 需要 软、件，找  bs91m1
2022-06-03 12:13:57zhifuo → 要（发 ）广告，联系 bs91m1
2022-06-03 12:14:47TG_King80 → 想找人（ 发 ）广告，找   bs91m1
2022-06-03 12:16:16daifu76 → 要（发 ）广告，联系 bs91m1
2022-06-03 12:17:30kkkttt369 → 想要（发 ）广告，找 bs91m1
2022-06-03 12:19:52monstainfinitechinese → 想找人（ 发 ）广告，找   bs91m1
2022-06-03 12:20:36WKLhuaren → 准备（发 ）广告，找  bs91m1
2022-06-03 12:21:24TG006 → 需要 群、发软、件，找  bs91m1
2022-06-03 12:22:37juliang666 → 来（发 ）广告，联系 bs91m1
2022-06-03 12:24:16bailaohui_cvv → 需要 群、发软、件，找  bs91m1
2022-06-03 12:25:28dbjlq1 → 想找人（ 发 ）广告，找   bs91m1
2022-06-03 12:25:54bailaohui_cvv → 要（发 ）广告，联系 bs91m1
2022-06-03 12:29:15jiema670 → 来（发 ）广告，联系 bs91m1
2022-06-03 12:29:40yugzf → 准备（发 ）广告，找  bs91m1
2022-06-03 12:30:49hgjlaa → 准备（发 ）广告，找  bs91m1
2022-06-03 12:31:15WKLhuaren → 需要 群、发软、件，找  bs91m1
2022-06-03 12:31:40Usdtbmw → 准备（发 ）广告，找  bs91m1
2022-06-03 12:32:06jiu_777 → 准备（发 ）广告，找  bs91m1
2022-06-03 12:33:12xjltq → 需要 群、发，找  bs91m1
2022-06-03 12:33:39wz513064 → 想找人（ 发 ）广告，找   bs91m1
2022-06-03 12:34:45facebookha → 来（发 ）广告，联系 bs91m1
2022-06-03 12:37:57yhsz057 → 专业（发 ）广告，联系我 bs91m1
2022-06-03 12:39:43xjltq → 想要（发 ）广告，找 bs91m1
2022-06-03 12:41:25dbjlq1 → 想要（发 ）广告，找 bs91m1
2022-06-03 12:42:31usdtdfds → 来（发 ）广告，联系 bs91m1
2022-06-03 12:43:17WGFLQ00081 → 需要 软、件，找  bs91m1
2022-06-03 12:45:01zyzftd → 准备（发 ）广告，找  bs91m1
2022-06-03 12:46:14TG110 → 要（发 ）广告，联系 bs91m1
2022-06-03 12:46:47TG0188 → 需要 群、发软、件，找  bs91m1
2022-06-03 12:47:12baocai217 → 要（发 ）广告，联系 bs91m1
2022-06-03 12:47:37daifu76 → 需要 软、件，找  bs91m1
2022-06-03 12:48:03Zfb_qq → 想要（发 ）广告，找 bs91m1
2022-06-03 12:51:21HSguojiSMS → 要（发 ）广告，联系 bs91m1
2022-06-03 12:52:55TG12389 → 需要 群、发软、件，找  bs91m1
2022-06-03 12:54:15Usdtbmw → 想要（发 ）广告，找 bs91m1
2022-06-03 12:55:18shenma360bbaidu → 准备（发 ）广告，找  bs91m1
2022-06-03 12:56:03laowangdan → 想要（发 ）广告，找 bs91m1
2022-06-03 12:57:14bailaohui_cvv → 需要 群、发软、件，找  bs91m1
2022-06-03 12:57:39USDThuzhu3 → 准备（发 ）广告，找  bs91m1
2022-06-03 12:58:04jfhfhdgd → 想要（发 ）广告，找 bs91m1
2022-06-03 12:59:29WKLhuaren → 准备（发 ）广告，找  bs91m1
2022-06-03 13:01:26Facebook2666 → 准备（发 ）广告，找  bs91m1
2022-06-03 13:02:11kkkttt369 → 想找人（ 发 ）广告，找   bs91m1
2022-06-03 13:03:14cxhfd232 → 想找人（ 发 ）广告，找   bs91m1
2022-06-03 13:05:17daishou15 → 要（发 ）广告，联系 bs91m1
2022-06-03 13:05:42KMFW56789 → 要（发 ）广告，联系 bs91m1
2022-06-03 13:06:45Maike003 → 来（发 ）广告，联系 bs91m1
2022-06-03 13:07:10sunshineyyds → 要（发 ）广告，联系 bs91m1
2022-06-03 13:07:57USDTm → 需要 软、件，找  bs91m1
2022-06-03 13:08:37feilvbinguge → 专业（发 ）广告，联系我 bs91m1
2022-06-03 13:09:49tsdb01 → 需要 群、发，找  bs91m1
2022-06-03 13:10:34facebookyouyuandingzhi → 想找人（ 发 ）广告，找   bs91m1
2022-06-03 13:12:13usdtdfds → 想找人（ 发 ）广告，找   bs91m1
2022-06-03 13:13:00huione888 → 想找人（ 发 ）广告，找   bs91m1
2022-06-03 13:14:29haiwailiuliang111 → 想要（发 ）广告，找 bs91m1
2022-06-03 13:16:51sunshineyyds → 需要 群、发，找  bs91m1
2022-06-03 13:19:25tongdao25 → 需要 群、发软、件，找  bs91m1
2022-06-03 13:20:04feichuang002 → 想要（发 ）广告，找 bs91m1
2022-06-03 13:22:35dx119778 → 准备（发 ）广告，找  bs91m1
2022-06-03 13:23:02daishou15 → 想找人（ 发 ）广告，找   bs91m1
2022-06-03 13:26:00axujj → 想要（发 ）广告，找 bs91m1
2022-06-03 13:26:50yugzf → 专业（发 ）广告，联系我 bs91m1
2022-06-03 13:30:23yinduchuhai → 想要（发 ）广告，找 bs91m1
2022-06-03 13:31:31xjltq → 需要 软、件，找  bs91m1
2022-06-03 13:31:57chaxun2020 → 准备（发 ）广告，找  bs91m1
2022-06-03 13:33:25whatsappyewu5 → 准备（发 ）广告，找  bs91m1
2022-06-03 13:33:51wz513064 → 需要 群、发，找  bs91m1
2022-06-03 13:35:22sunshineyyds → 想要（发 ）广告，找 bs91m1
2022-06-03 13:37:01juliang666 → 想要（发 ）广告，找 bs91m1
2022-06-03 13:37:26tsdb01 → 专业（发 ）广告，联系我 bs91m1
2022-06-03 13:38:40xinbi_088 → 来（发 ）广告，联系 bs91m1
2022-06-03 13:40:37smsjiema666 → 想找人（ 发 ）广告，找   bs91m1
2022-06-03 13:45:04jiu_777 → 专业（发 ）广告，联系我 bs91m1
2022-06-03 13:46:24WWOOPQI → 想要（发 ）广告，找 bs91m1
2022-06-03 13:46:50bailaohui_cvv → 想要（发 ）广告，找 bs91m1
2022-06-03 13:48:13kkkttt369 → 准备（发 ）广告，找  bs91m1
2022-06-03 13:52:46a_h5_tg → 来（发 ）广告，联系 bs91m1
2022-06-03 13:54:43sunshineyyds → 想要（发 ）广告，找 bs91m1
2022-06-03 13:55:17daifu76 → 来（发 ）广告，联系 bs91m1
2022-06-03 13:55:54momo19853696896 → 想要（发 ）广告，找 bs91m1
2022-06-03 13:56:19zhifuo → 准备（发 ）广告，找  bs91m1
2022-06-03 13:56:45juliang666 → 需要 群、发，找  bs91m1
2022-06-03 13:58:43si1688 → 想要（发 ）广告，找 bs91m1
2022-06-03 14:01:18WGFLQ00081 → 专业（发 ）广告，联系我 bs91m1
2022-06-03 14:03:36dasdasf2 → 想找人（ 发 ）广告，找   bs91m1
2022-06-03 14:04:22TG110 → 专业（发 ）广告，联系我 bs91m1
2022-06-03 14:05:18tyhc072 → 来（发 ）广告，联系 bs91m1
2022-06-03 14:07:57TG_King80 → 要（发 ）广告，联系 bs91m1
2022-06-03 14:08:43BadoBumblechu → 想要（发 ）广告，找 bs91m1
2022-06-03 14:10:12tyhc082 → 准备（发 ）广告，找  bs91m1
2022-06-03 14:10:38laowangdan → 需要 群、发，找  bs91m1
2022-06-03 14:11:56chaxun2020 → 来（发 ）广告，联系 bs91m1
2022-06-03 14:12:50tongdao25 → 想找人（ 发 ）广告，找   bs91m1
2022-06-03 14:14:11Zfb_qq → 想找人（ 发 ）广告，找   bs91m1
2022-06-03 14:14:37yugzf → 需要 群、发，找  bs91m1
2022-06-03 14:17:43USDThuzhu3 → 需要 群、发软、件，找  bs91m1
2022-06-03 14:20:32whatsappyewu6 → 想要（发 ）广告，找 bs91m1
2022-06-03 14:20:59bailaohui_cvv → 需要 群、发软、件，找  bs91m1
2022-06-03 14:21:50xjltq → 需要 群、发，找  bs91m1
2022-06-03 14:23:25WKLhuaren → 要（发 ）广告，联系 bs91m1
2022-06-03 14:24:44fachai8 → 来（发 ）广告，联系 bs91m1
2022-06-03 14:25:09usdtdfds → 准备（发 ）广告，找  bs91m1
2022-06-03 14:26:57dbjlq1 → 要（发 ）广告，联系 bs91m1
2022-06-03 14:33:19sunshineyyds → 需要 群、发软、件，找  bs91m1
2022-06-03 14:33:44si1688 → 来（发 ）广告，联系 bs91m1
2022-06-03 14:34:40jfhfhdgd → 来（发 ）广告，联系 bs91m1
2022-06-03 14:35:42chuhai007014 → 准备（发 ）广告，找  bs91m1
2022-06-03 14:37:53daishou15 → 需要 群、发软、件，找  bs91m1
2022-06-03 14:38:18baocai217 → 准备（发 ）广告，找  bs91m1
2022-06-03 14:39:25bailaohui_cvv → 专业（发 ）广告，联系我 bs91m1
2022-06-03 14:41:07juliang666 → 想找人（ 发 ）广告，找   bs91m1
2022-06-03 14:41:53TG0188 → 要（发 ）广告，联系 bs91m1
2022-06-03 14:43:11xjltq → 需要 群、发软、件，找  bs91m1
2022-06-03 14:44:58shanyjk58 → 要（发 ）广告，联系 bs91m1
2022-06-03 14:45:23huione888 → 需要 软、件，找  bs91m1
2022-06-03 14:45:48laowangdan → 需要 群、发，找  bs91m1
2022-06-03 14:47:31TG110 → 要（发 ）广告，联系 bs91m1
2022-06-03 14:50:52wz513064 → 需要 软、件，找  bs91m1
2022-06-03 14:51:31HQ1DB001 → 需要 群、发软、件，找  bs91m1
2022-06-03 14:53:45hmch02 → 来（发 ）广告，联系 bs91m1
2022-06-03 14:56:53usdtdfds → 准备（发 ）广告，找  bs91m1
2022-06-03 14:58:33axujj → 来（发 ）广告，联系 bs91m1
2022-06-03 15:00:11xjltq → 来（发 ）广告，联系 bs91m1
2022-06-03 15:00:56Usdtbmw → 需要 软、件，找  bs91m1
2022-06-03 15:01:48facebook1116 → 想找人（ 发 ）广告，找   bs91m1
2022-06-03 15:02:13tongdao25 → 要（发 ）广告，联系 bs91m1
2022-06-03 15:03:05kkkttt369 → 专业（发 ）广告，联系我 bs91m1
2022-06-03 15:04:10zhifuo → 需要 群、发，找  bs91m1
2022-06-03 15:05:12WKLhuaren → 准备（发 ）广告，找  bs91m1
2022-06-03 15:05:59tsdb01 → 要（发 ）广告，联系 bs91m1
2022-06-03 15:07:19wsqf168888 → 准备（发 ）广告，找  bs91m1
2022-06-03 15:08:11daishou15 → 需要 群、发，找  bs91m1
2022-06-03 15:09:18mygjsms → 要（发 ）广告，联系 bs91m1
2022-06-03 15:09:43Zfb_qq → 准备（发 ）广告，找  bs91m1
2022-06-03 15:10:09jiu_777 → 准备（发 ）广告，找  bs91m1
2022-06-03 15:12:49xinbi_088 → 需要 群、发，找  bs91m1
2022-06-03 15:14:26huione888 → 准备（发 ）广告，找  bs91m1
2022-06-03 15:15:58Vgokeji3333 → 需要 软、件，找  bs91m1
2022-06-03 15:16:23XxUP1121 → 准备（发 ）广告，找  bs91m1
2022-06-03 15:17:08ddd5555d → 要（发 ）广告，联系 bs91m1
2022-06-03 15:17:34XxUP1121 → 专业（发 ）广告，联系我 bs91m1
2022-06-03 15:17:59USDTm → 来（发 ）广告，联系 bs91m1
2022-06-03 15:19:10WGFLQ00081 → 专业（发 ）广告，联系我 bs91m1
2022-06-03 15:23:04bailaohui_cvv → 想找人（ 发 ）广告，找   bs91m1
2022-06-03 15:24:51langrensha258 → 专业（发 ）广告，联系我 bs91m1
2022-06-03 15:25:23laowangdan → 想要（发 ）广告，找 bs91m1
2022-06-03 15:26:25laqizi521 → 来（发 ）广告，联系 bs91m1
2022-06-03 15:27:47WGFLQ00081 → 想要（发 ）广告，找 bs91m1
2022-06-03 15:30:19WKLhuaren → 需要 群、发软、件，找  bs91m1
2022-06-03 15:30:44TG110 → 准备（发 ）广告，找  bs91m1
2022-06-03 15:32:49xinbi_088 → 要（发 ）广告，联系 bs91m1
2022-06-03 15:33:15axujj → 要（发 ）广告，联系 bs91m1
2022-06-03 15:33:42jfhfhdgd → 需要 软、件，找  bs91m1
2022-06-03 15:38:12jishuqihaixianghx → 需要 软、件，找  bs91m1
2022-06-03 15:39:20daishou15 → 要（发 ）广告，联系 bs91m1
2022-06-03 15:39:45tsdb01 → 需要 群、发软、件，找  bs91m1
2022-06-03 15:40:31bailaohui_cvv → 要（发 ）广告，联系 bs91m1
2022-06-03 15:41:16daifu76 → 想找人（ 发 ）广告，找   bs91m1
2022-06-03 15:44:17tianziusdt → 专业（发 ）广告，联系我 bs91m1
2022-06-03 15:44:43kkkttt369 → 来（发 ）广告，联系 bs91m1
2022-06-03 15:46:44NodeGlobal → 需要 群、发软、件，找  bs91m1
2022-06-03 15:48:04usdtdfds → 准备（发 ）广告，找  bs91m1
2022-06-03 15:48:55dbjlq1 → 准备（发 ）广告，找  bs91m1
2022-06-03 15:50:05juliang666 → 来（发 ）广告，联系 bs91m1
2022-06-03 15:50:53daishou15 → 来（发 ）广告，联系 bs91m1
2022-06-03 15:51:48sunshineyyds → 需要 软、件，找  bs91m1
2022-06-03 15:53:13USDThuzhu3 → 需要 群、发软、件，找  bs91m1
2022-06-03 15:55:45haixiangapp2020 → 要（发 ）广告，联系 bs91m1
2022-06-03 15:56:32USDTm → 想找人（ 发 ）广告，找   bs91m1
2022-06-03 15:56:57TG0188 → 想要（发 ）广告，找 bs91m1
2022-06-03 15:58:59wdhyh888888 → 准备（发 ）广告，找  bs91m1
2022-06-03 15:59:25xjltq → 来（发 ）广告，联系 bs91m1
2022-06-03 16:01:53yugzf → 要（发 ）广告，联系 bs91m1
2022-06-03 16:03:41qilin020 → 需要 群、发，找  bs91m1
2022-06-03 16:06:32vcgfdgfd522 → 需要 群、发软、件，找  bs91m1
2022-06-03 16:07:18smsjiema666 → 要（发 ）广告，联系 bs91m1
2022-06-03 16:07:44si1688 → 需要 群、发软、件，找  bs91m1
2022-06-03 16:08:09XxUP1121 → 需要 群、发，找  bs91m1
2022-06-03 16:08:54tinder668 → 需要 群、发软、件，找  bs91m1
2022-06-03 16:09:19sunshineyyds → 来（发 ）广告，联系 bs91m1
2022-06-03 16:11:13tongdao25 → 专业（发 ）广告，联系我 bs91m1
2022-06-03 16:12:11youzichuhai168 → 准备（发 ）广告，找  bs91m1
2022-06-03 16:13:39menglongchuhai → 来（发 ）广告，联系 bs91m1
2022-06-03 16:14:26kkkttt369 → 需要 群、发软、件，找  bs91m1
2022-06-03 16:14:51juliang666 → 需要 软、件，找  bs91m1
2022-06-03 16:15:40chaxun2020 → 准备（发 ）广告，找  bs91m1
2022-06-03 16:16:05baocai217 → 想找人（ 发 ）广告，找   bs91m1
2022-06-03 16:17:21bailaohui_cvv → 要（发 ）广告，联系 bs91m1
2022-06-03 16:19:50guge1235 → 要（发 ）广告，联系 bs91m1
2022-06-03 16:20:15xjltq → 需要 软、件，找  bs91m1
2022-06-03 16:22:14chuhai007028 → 专业（发 ）广告，联系我 bs91m1
2022-06-03 16:23:49wz513064 → 准备（发 ）广告，找  bs91m1
2022-06-03 16:24:27dx119118 → 需要 软、件，找  bs91m1
2022-06-03 16:27:37chaxun2020 → 准备（发 ）广告，找  bs91m1
2022-06-03 16:28:11USDThuzhu3 → 准备（发 ）广告，找  bs91m1
2022-06-03 16:30:46Usdtbmw → 来（发 ）广告，联系 bs91m1
2022-06-03 16:31:33laowangdan → 准备（发 ）广告，找  bs91m1
2022-06-03 16:32:48dx119168 → 需要 群、发软、件，找  bs91m1
2022-06-03 16:33:33rdnb35688 → 想要（发 ）广告，找 bs91m1
2022-06-03 16:34:06baocai217 → 要（发 ）广告，联系 bs91m1
2022-06-03 16:34:50yugzf → 准备（发 ）广告，找  bs91m1
2022-06-03 16:37:31jiu_777 → 准备（发 ）广告，找  bs91m1
2022-06-03 16:38:11kh958 → 需要 群、发软、件，找  bs91m1
2022-06-03 16:40:19kaifahaiwai4 → 准备（发 ）广告，找  bs91m1
2022-06-03 16:40:44huione888 → 要（发 ）广告，联系 bs91m1
2022-06-03 16:43:46TG110 → 想找人（ 发 ）广告，找   bs91m1
2022-06-03 16:46:46heimayunkongguanfang → 需要 群、发软、件，找  bs91m1
2022-06-03 16:47:12tsdb01 → 来（发 ）广告，联系 bs91m1
2022-06-03 16:48:43sunshineyyds → 需要 群、发软、件，找  bs91m1
2022-06-03 16:49:48BAOAA → 专业（发 ）广告，联系我 bs91m1
2022-06-03 16:54:51zhifuo → 要（发 ）广告，联系 bs91m1
2022-06-03 16:56:24jfhfhdgd → 来（发 ）广告，联系 bs91m1
2022-06-03 16:59:28si1688 → 需要 群、发软、件，找  bs91m1
2022-06-03 16:59:54USDTm → 准备（发 ）广告，找  bs91m1
2022-06-03 17:04:03bailaohui_cvv → 专业（发 ）广告，联系我 bs91m1
2022-06-03 17:05:36daishou15 → 来（发 ）广告，联系 bs91m1
2022-06-03 17:07:13bailaohui_cvv → 准备（发 ）广告，找  bs91m1
2022-06-03 17:07:38Zfb_qq → 需要 群、发，找  bs91m1
2022-06-03 17:08:10tongdao25 → 想要（发 ）广告，找 bs91m1
2022-06-03 17:08:36XxUP1121 → 需要 软、件，找  bs91m1
2022-06-03 17:10:27jiu_777 → 想找人（ 发 ）广告，找   bs91m1
2022-06-03 17:13:18shanrfgb14 → 来（发 ）广告，联系 bs91m1
2022-06-03 17:13:51daishou15 → 要（发 ）广告，联系 bs91m1
2022-06-03 17:14:58dbjlq1 → 准备（发 ）广告，找  bs91m1
2022-06-03 17:21:02TG_King90 → 想要（发 ）广告，找 bs91m1
2022-06-03 17:22:31kkkttt369 → 需要 群、发，找  bs91m1
2022-06-03 17:23:57WKLhuaren → 准备（发 ）广告，找  bs91m1
2022-06-03 17:26:26usdtdfds → 要（发 ）广告，联系 bs91m1
2022-06-03 17:27:12TG110 → 来（发 ）广告，联系 bs91m1
2022-06-03 17:27:38sunshineyyds → 专业（发 ）广告，联系我 bs91m1
2022-06-03 17:28:34daifu76 → 专业（发 ）广告，联系我 bs91m1
2022-06-03 17:29:20xinbi_088 → 准备（发 ）广告，找  bs91m1
2022-06-03 17:29:46axujj → 需要 软、件，找  bs91m1
2022-06-03 17:35:38Usdtbmw → 想要（发 ）广告，找 bs91m1
2022-06-03 17:36:25tongdao25 → 来（发 ）广告，联系 bs91m1
2022-06-03 17:37:41sunshineyyds → 需要 软、件，找  bs91m1
2022-06-03 17:39:05WKLhuaren → 需要 群、发软、件，找  bs91m1
2022-06-03 17:39:30tsdb01 → 来（发 ）广告，联系 bs91m1
2022-06-03 17:41:04laowangdan → 专业（发 ）广告，联系我 bs91m1
2022-06-03 17:42:41juliang666 → 需要 群、发，找  bs91m1
2022-06-03 17:43:52kkkttt369 → 需要 群、发软、件，找  bs91m1
2022-06-03 17:44:43yugzf → 想找人（ 发 ）广告，找   bs91m1
2022-06-03 17:46:02Zfb_qq → 需要 软、件，找  bs91m1
2022-06-03 17:46:53juliang666 → 想找人（ 发 ）广告，找   bs91m1
2022-06-03 17:49:07XxUP1121 → 准备（发 ）广告，找  bs91m1
2022-06-03 17:52:45xjltq → 准备（发 ）广告，找  bs91m1
2022-06-03 17:59:56huione888 → 需要 群、发，找  bs91m1
2022-06-03 18:01:06usdtdfds → 需要 软、件，找  bs91m1
2022-06-03 18:02:49xinbi_088 → 要（发 ）广告，联系 bs91m1
2022-06-03 18:03:15TG0188 → 准备（发 ）广告，找  bs91m1
2022-06-03 18:03:41bailaohui_cvv → 想找人（ 发 ）广告，找   bs91m1
2022-06-03 18:06:14xjltq → 要（发 ）广告，联系 bs91m1
2022-06-03 18:07:30daifu76 → 专业（发 ）广告，联系我 bs91m1
2022-06-03 18:10:52sunshineyyds → 要（发 ）广告，联系 bs91m1
2022-06-03 18:14:20jfhfhdgd → 需要 软、件，找  bs91m1
2022-06-03 18:14:46zhifuo → 专业（发 ）广告，联系我 bs91m1
2022-06-03 18:18:32laowangdan → 想要（发 ）广告，找 bs91m1
2022-06-03 18:18:57WKLhuaren → 来（发 ）广告，联系 bs91m1
2022-06-03 18:23:44xjltq → 需要 群、发，找  bs91m1
2022-06-03 18:24:29dfsdf5545 → 来（发 ）广告，联系 bs91m1
2022-06-03 18:27:03chaxun2020 → 想要（发 ）广告，找 bs91m1
2022-06-03 18:30:06hswrrzhxz → 需要 软、件，找  bs91m1
2022-06-03 18:30:32bailaohui_cvv → 需要 群、发，找  bs91m1
2022-06-03 18:31:58sunshineyyds → 需要 软、件，找  bs91m1
2022-06-03 18:33:54USDThuzhu3 → 需要 软、件，找  bs91m1
2022-06-03 18:34:19daishou15 → 来（发 ）广告，联系 bs91m1
2022-06-03 18:34:45smsjiema666 → 来（发 ）广告，联系 bs91m1
2022-06-03 18:35:53xjltq → 需要 群、发，找  bs91m1
2022-06-03 18:37:57kkkttt369 → 来（发 ）广告，联系 bs91m1
2022-06-03 18:43:37jiu_777 → 来（发 ）广告，联系 bs91m1
2022-06-03 18:44:34tsdb01 → 准备（发 ）广告，找  bs91m1
2022-06-03 18:45:42Zfb_qq → 来（发 ）广告，联系 bs91m1
2022-06-03 18:47:55tongdao25 → 要（发 ）广告，联系 bs91m1
2022-06-03 18:49:38baocai217 → 需要 群、发，找  bs91m1
2022-06-03 18:50:04jfhfhdgd → 来（发 ）广告，联系 bs91m1
2022-06-03 18:50:30usdtdfds → 要（发 ）广告，联系 bs91m1
2022-06-03 18:50:55Usdtbmw → 想要（发 ）广告，找 bs91m1
2022-06-03 18:51:23tianziusdt → 来（发 ）广告，联系 bs91m1
2022-06-03 18:57:15bailaohui_cvv → 专业（发 ）广告，联系我 bs91m1
2022-06-03 18:57:41daishou15 → 专业（发 ）广告，联系我 bs91m1
2022-06-03 18:58:27chaxun2020 → 想要（发 ）广告，找 bs91m1
2022-06-03 18:58:53USDTm → 需要 群、发，找  bs91m1
2022-06-03 19:00:57axujj → 准备（发 ）广告，找  bs91m1
2022-06-03 19:01:23yugzf → 想要（发 ）广告，找 bs91m1
2022-06-03 19:03:01chufen1688 → 需要 群、发软、件，找  bs91m1
2022-06-03 19:05:46wz513064 → 想找人（ 发 ）广告，找   bs91m1
2022-06-03 19:06:39tsdb01 → 想要（发 ）广告，找 bs91m1
2022-06-03 19:07:26kkkttt369 → 准备（发 ）广告，找  bs91m1
2022-06-03 19:07:51TG_King90 → 需要 软、件，找  bs91m1
2022-06-03 19:09:28XxUP1121 → 专业（发 ）广告，联系我 bs91m1
2022-06-03 19:10:37DragonIndia → 专业（发 ）广告，联系我 bs91m1
2022-06-03 19:12:31sougoutgkh → 需要 群、发软、件，找  bs91m1
2022-06-03 19:13:18juliang666 → 准备（发 ）广告，找  bs91m1
2022-06-03 19:16:19baocai217 → 专业（发 ）广告，联系我 bs91m1
2022-06-03 19:17:32TG0188 → 想找人（ 发 ）广告，找   bs91m1
2022-06-03 19:19:45sunshineyyds → 专业（发 ）广告，联系我 bs91m1
2022-06-03 19:21:00USDTm → 想要（发 ）广告，找 bs91m1
2022-06-03 19:22:53usdtdfds → 需要 软、件，找  bs91m1
2022-06-03 19:24:03si1688 → 准备（发 ）广告，找  bs91m1
2022-06-03 19:25:56daifu76 → 来（发 ）广告，联系 bs91m1
2022-06-03 19:28:37xjltq → 需要 软、件，找  bs91m1
2022-06-03 19:30:10Usdtbmw → 需要 群、发软、件，找  bs91m1
2022-06-03 19:31:51kkkttt369 → 想要（发 ）广告，找 bs91m1
2022-06-03 19:32:36WKLhuaren → 准备（发 ）广告，找  bs91m1
2022-06-03 19:33:03dbjlq1 → 需要 群、发软、件，找  bs91m1
2022-06-03 19:34:58huione888 → 要（发 ）广告，联系 bs91m1
2022-06-03 19:35:23bailaohui_cvv → 想要（发 ）广告，找 bs91m1
2022-06-03 19:37:28bailaohui_cvv → 需要 群、发软、件，找  bs91m1
2022-06-03 19:38:18laowangdan → 要（发 ）广告，联系 bs91m1
2022-06-03 19:39:52Zfb_qq → 想要（发 ）广告，找 bs91m1
2022-06-03 19:41:55tongdao25 → 需要 群、发，找  bs91m1
2022-06-03 19:46:08smsjiema666 → 专业（发 ）广告，联系我 bs91m1
2022-06-03 19:46:34TG_King80 → 专业（发 ）广告，联系我 bs91m1
2022-06-03 19:54:52Zfb_qq → 需要 群、发，找  bs91m1
2022-06-03 19:56:11laowangdan → 准备（发 ）广告，找  bs91m1
2022-06-03 19:57:44yugzf → 专业（发 ）广告，联系我 bs91m1
2022-06-03 19:58:10xinbi_088 → 想要（发 ）广告，找 bs91m1
2022-06-03 19:58:36si1688 → 需要 群、发，找  bs91m1
2022-06-03 19:59:27tsdb01 → 来（发 ）广告，联系 bs91m1
2022-06-03 20:00:50juliang666 → 需要 群、发软、件，找  bs91m1
2022-06-03 20:03:16USDThuzhu3 → 想要（发 ）广告，找 bs91m1
2022-06-03 20:03:41axujj → 准备（发 ）广告，找  bs91m1
2022-06-03 20:05:17zhifuo → 需要 软、件，找  bs91m1
2022-06-03 20:06:37TG0188 → 需要 软、件，找  bs91m1
2022-06-03 20:07:02sunshineyyds → 来（发 ）广告，联系 bs91m1
2022-06-03 20:08:10wz513064 → 想找人（ 发 ）广告，找   bs91m1
2022-06-03 20:08:55sunshineyyds → 准备（发 ）广告，找  bs91m1
2022-06-03 20:12:14WKLhuaren → 需要 群、发软、件，找  bs91m1
2022-06-03 20:14:37KMFW56789 → 来（发 ）广告，联系 bs91m1
2022-06-03 20:16:08WKLhuaren → 想找人（ 发 ）广告，找   bs91m1
2022-06-03 20:21:18TG_King90 → 想要（发 ）广告，找 bs91m1
2022-06-03 20:21:51daishou15 → 需要 群、发，找  bs91m1
2022-06-03 20:22:16kkkttt369 → 想要（发 ）广告，找 bs91m1
2022-06-03 20:23:24chaxun2020 → 需要 群、发软、件，找  bs91m1
2022-06-03 20:26:11jiu_777 → 准备（发 ）广告，找  bs91m1
2022-06-03 20:30:49daishou15 → 需要 软、件，找  bs91m1
2022-06-03 20:32:04bailaohui_cvv → 要（发 ）广告，联系 bs91m1
2022-06-03 20:32:52xinbi_088 → 需要 软、件，找  bs91m1
2022-06-03 20:35:00daifu76 → 来（发 ）广告，联系 bs91m1
2022-06-03 20:36:53Usdtbmw → 需要 群、发，找  bs91m1
2022-06-03 20:37:27bailaohui_cvv → 想要（发 ）广告，找 bs91m1
2022-06-03 20:38:15Zfb_qq → 需要 群、发，找  bs91m1
2022-06-03 20:40:05usdtdfds → 需要 群、发软、件，找  bs91m1
2022-06-03 20:42:55tsdb01 → 需要 群、发，找  bs91m1
2022-06-03 20:44:33dbjlq1 → 想找人（ 发 ）广告，找   bs91m1
2022-06-03 20:45:48xjltq → 需要 群、发，找  bs91m1
2022-06-03 20:47:37huione888 → 来（发 ）广告，联系 bs91m1
2022-06-03 20:48:10sunshineyyds → 需要 群、发软、件，找  bs91m1
2022-06-03 20:55:32TG_King80 → 想找人（ 发 ）广告，找   bs91m1
2022-06-03 20:58:28jfhfhdgd → 要（发 ）广告，联系 bs91m1
2022-06-03 21:02:44tongdao25 → 想要（发 ）广告，找 bs91m1
2022-06-03 21:03:35fbasfgsd → 需要 群、发，找  bs91m1
2022-06-03 21:05:10kkkttt369 → 需要 群、发，找  bs91m1
2022-06-03 21:07:30xjltq → 专业（发 ）广告，联系我 bs91m1
2022-06-03 21:10:58TG_King90 → 想找人（ 发 ）广告，找   bs91m1
2022-06-03 21:12:11WKLhuaren → 需要 群、发，找  bs91m1
2022-06-03 21:12:37jiu_777 → 想找人（ 发 ）广告，找   bs91m1
2022-06-03 21:13:03baocai217 → 准备（发 ）广告，找  bs91m1
2022-06-03 21:14:14dfsdf5545 → 需要 群、发，找  bs91m1
2022-06-03 21:16:05yugzf → 需要 软、件，找  bs91m1
2022-06-03 21:17:42laowangdan → 需要 群、发软、件，找  bs91m1
2022-06-03 21:18:52wz513064 → 想找人（ 发 ）广告，找   bs91m1
2022-06-03 21:19:17usdtdfds → 准备（发 ）广告，找  bs91m1
2022-06-03 21:19:43axujj → 来（发 ）广告，联系 bs91m1
2022-06-03 21:24:43daishou15 → 需要 群、发，找  bs91m1
2022-06-03 21:25:08daishou15 → 需要 群、发软、件，找  bs91m1
2022-06-03 21:26:37bailaohui_cvv → 要（发 ）广告，联系 bs91m1
2022-06-03 21:27:25juliang666 → 需要 软、件，找  bs91m1
2022-06-03 21:28:56daifu76 → 想找人（ 发 ）广告，找   bs91m1
2022-06-03 21:29:22USDTm → 来（发 ）广告，联系 bs91m1
2022-06-03 21:35:35USDThuzhu3 → 要（发 ）广告，联系 bs91m1
2022-06-03 21:37:14WKLhuaren → 准备（发 ）广告，找  bs91m1
2022-06-03 21:37:40TG_King90 → 专业（发 ）广告，联系我 bs91m1
2022-06-03 21:39:36chaxun2020 → 要（发 ）广告，联系 bs91m1
2022-06-03 21:41:21xjltq → 准备（发 ）广告，找  bs91m1
2022-06-03 21:43:09sunshineyyds → 需要 群、发软、件，找  bs91m1
2022-06-03 21:43:35dbjlq1 → 来（发 ）广告，联系 bs91m1
2022-06-03 21:44:42TG_King80 → 需要 群、发，找  bs91m1
2022-06-03 21:45:08kkkttt369 → 准备（发 ）广告，找  bs91m1
2022-06-03 21:48:40zhifuo → 专业（发 ）广告，联系我 bs91m1
2022-06-03 21:49:54bailaohui_cvv → 专业（发 ）广告，联系我 bs91m1
2022-06-03 21:50:20TG0188 → 要（发 ）广告，联系 bs91m1
2022-06-03 21:52:13jfhfhdgd → 需要 软、件，找  bs91m1
2022-06-03 21:52:46sunshineyyds → 想要（发 ）广告，找 bs91m1
2022-06-03 21:54:19USDTm → 要（发 ）广告，联系 bs91m1
2022-06-03 21:55:16sunshineyyds → 专业（发 ）广告，联系我 bs91m1
2022-06-03 21:55:42juliang666 → 需要 群、发软、件，找  bs91m1
2022-06-03 21:56:55tongdao25 → 想要（发 ）广告，找 bs91m1
2022-06-03 22:01:12laowangdan → 专业（发 ）广告，联系我 bs91m1
2022-06-03 22:02:00smsjiema666 → 来（发 ）广告，联系 bs91m1
2022-06-03 22:02:51huione888 → 来（发 ）广告，联系 bs91m1
2022-06-03 22:03:24Zfb_qq → 需要 群、发，找  bs91m1
2022-06-03 22:04:37kkkttt369 → 需要 群、发软、件，找  bs91m1
2022-06-03 22:06:27xinbi_088 → 要（发 ）广告，联系 bs91m1
2022-06-03 22:11:50si1688 → 来（发 ）广告，联系 bs91m1
2022-06-03 22:15:49tsdb01 → 需要 群、发软、件，找  bs91m1
2022-06-03 22:17:46Usdtbmw → 需要 群、发，找  bs91m1
2022-06-03 22:18:33WKLhuaren → 想找人（ 发 ）广告，找   bs91m1
2022-06-03 22:19:08dbjlq1 → 需要 群、发，找  bs91m1
2022-06-03 22:21:06USDThuzhu3 → 需要 群、发，找  bs91m1
2022-06-03 22:22:38Zfb_qq → 专业（发 ）广告，联系我 bs91m1
2022-06-03 22:25:58xjltq → 准备（发 ）广告，找  bs91m1
2022-06-03 22:26:24si1688 → 需要 软、件，找  bs91m1
2022-06-03 22:26:49usdtdfds → 要（发 ）广告，联系 bs91m1
2022-06-03 22:28:21TG_King90 → 准备（发 ）广告，找  bs91m1
2022-06-03 22:29:37bailaohui_cvv → 要（发 ）广告，联系 bs91m1
2022-06-03 22:33:53daishou15 → 专业（发 ）广告，联系我 bs91m1
2022-06-03 22:35:50baocai217 → 需要 群、发，找  bs91m1
2022-06-03 22:36:41jfhfhdgd → 需要 群、发，找  bs91m1
2022-06-03 22:37:32sunshineyyds → 准备（发 ）广告，找  bs91m1
2022-06-03 22:40:25WKLhuaren → 准备（发 ）广告，找  bs91m1
2022-06-03 22:42:51juliang666 → 准备（发 ）广告，找  bs91m1
2022-06-03 22:43:43TG_King80 → 专业（发 ）广告，联系我 bs91m1
2022-06-03 22:46:26laowangdan → 需要 群、发，找  bs91m1
2022-06-03 22:47:17kkkttt369 → 需要 群、发软、件，找  bs91m1
2022-06-03 22:49:19tongdao25 → 需要 群、发，找  bs91m1
2022-06-03 22:53:14tianziusdt → 要（发 ）广告，联系 bs91m1
2022-06-03 22:55:47axujj → 需要 群、发软、件，找  bs91m1
2022-06-03 22:59:21daishou15 → 需要 软、件，找  bs91m1
2022-06-03 23:01:39bailaohui_cvv → 想要（发 ）广告，找 bs91m1
2022-06-03 23:02:05chaxun2020 → 专业（发 ）广告，联系我 bs91m1
2022-06-03 23:02:33wz513064 → 需要 群、发，找  bs91m1
2022-06-03 23:02:59Usdtbmw → 专业（发 ）广告，联系我 bs91m1
2022-06-03 23:04:57TG0188 → 需要 群、发软、件，找  bs91m1
2022-06-03 23:06:59daifu76 → 要（发 ）广告，联系 bs91m1
2022-06-03 23:08:57USDTm → 要（发 ）广告，联系 bs91m1
2022-06-03 23:10:26xinbi_088 → 准备（发 ）广告，找  bs91m1
2022-06-03 23:11:59laowangdan → 需要 群、发，找  bs91m1
2022-06-03 23:12:24kkkttt369 → 需要 群、发，找  bs91m1
2022-06-03 23:14:50daishou15 → 来（发 ）广告，联系 bs91m1
2022-06-03 23:15:35yugzf → 要（发 ）广告，联系 bs91m1
2022-06-03 23:16:02sunshineyyds → 准备（发 ）广告，找  bs91m1
2022-06-03 23:17:16xjltq → 想找人（ 发 ）广告，找   bs91m1
2022-06-03 23:18:54sunshineyyds → 需要 群、发，找  bs91m1
2022-06-03 23:21:22smsjiema666 → 专业（发 ）广告，联系我 bs91m1
2022-06-03 23:22:08zhifuo → 需要 软、件，找  bs91m1
2022-06-03 23:23:50TG_King80 → 需要 群、发，找  bs91m1
2022-06-03 23:25:44jiu_777 → 专业（发 ）广告，联系我 bs91m1
2022-06-03 23:29:17usdtdfds → 要（发 ）广告，联系 bs91m1
2022-06-03 23:31:26Zfb_qq → 需要 群、发软、件，找  bs91m1
2022-06-03 23:34:57tongdao25 → 想要（发 ）广告，找 bs91m1
2022-06-03 23:38:24huione888 → 要（发 ）广告，联系 bs91m1
2022-06-03 23:40:46TG_King90 → 准备（发 ）广告，找  bs91m1
2022-06-03 23:42:30yugzf → 想找人（ 发 ）广告，找   bs91m1
2022-06-03 23:42:57kkkttt369 → 专业（发 ）广告，联系我 bs91m1
2022-06-03 23:45:00axujj → 想找人（ 发 ）广告，找   bs91m1
2022-06-03 23:46:12xjltq → 专业（发 ）广告，联系我 bs91m1
2022-06-03 23:47:27xjltq → 要（发 ）广告，联系 bs91m1
2022-06-03 23:48:35chaxun2020 → 需要 群、发软、件，找  bs91m1
2022-06-03 23:51:59daishou15 → 要（发 ）广告，联系 bs91m1
2022-06-03 23:53:16sunshineyyds → 想要（发 ）广告，找 bs91m1
2022-06-03 23:53:42tongdao25 → 需要 群、发，找  bs91m1
2022-06-03 23:55:16USDThuzhu3 → 需要 群、发软、件，找  bs91m1
2022-06-03 23:55:42jfhfhdgd → 专业（发 ）广告，联系我 bs91m1
2022-06-03 23:57:22bailaohui_cvv → 需要 群、发软、件，找  bs91m1
2022-06-03 23:58:34TG0188 → 需要 软、件，找  bs91m1