
2022-06-20 09:33:08zizi55665665 → 想找人（ 发 ）广告，找 bs91m1
2022-06-20 09:37:02wangzaiGZS4 → 来（发 ）广告，联系 bs91m1
2022-06-20 09:38:56TG96110 → 准备（发 ）广告，找 bs91m1
2022-06-20 09:39:14NodeGlobal → 需要 群、发软、件，找 bs91m1
2022-06-20 09:41:18-1001685952124 → (session) 协议号，零售、批发 找，bs91m1
2022-06-20 09:41:36TGlianmeng002 → 需要 群、发，找 bs91m1
2022-06-20 09:42:11xiaoshizi888 → 专业（发 ）广告，联系我 bs91m1
2022-06-20 09:42:29yindutg → 来（发 ）广告，联系 bs91m1
2022-06-20 09:42:47botong002 → 想找人（ 发 ）广告，找 bs91m1
2022-06-20 09:43:05bcweb → 准备（发 ）广告，找 bs91m1
2022-06-20 09:43:51Shore999888 → 要（发 ）广告，联系 bs91m1
2022-06-20 09:44:24baocai217 → 专业（发 ）广告，联系我 bs91m1
2022-06-20 09:45:52dbjlq1 → 需要 软、件，找 bs91m1
2022-06-20 09:46:27allswapCN → 想找人（ 发 ）广告，找 bs91m1
2022-06-20 09:46:45iBox_official → 想找人（ 发 ）广告，找 bs91m1
2022-06-20 09:47:03tcelue1 → 需要 群、发，找 bs91m1
2022-06-20 09:47:20tz636 → 来（发 ）广告，联系 bs91m1
2022-06-20 09:48:03xbdb01 → 需要 软、件，找 bs91m1
2022-06-20 09:50:54three001 → 想要（发 ）广告，找 bs91m1
2022-06-20 09:51:38tianziusdt → 专业（发 ）广告，联系我 bs91m1
2022-06-20 09:51:55USTCtg → 准备（发 ）广告，找 bs91m1
2022-06-20 09:53:03huihui220 → 要（发 ）广告，联系 bs91m1
2022-06-20 09:53:20TGdibai168 → 想找人（ 发 ）广告，找 bs91m1
2022-06-20 09:53:38-1001084532732 → 需要 群、发，找 bs91m1
2022-06-20 09:54:26heimayunkongguanfang → 专业（发 ）广告，联系我 bs91m1
2022-06-20 09:54:44laowangdan → (session) 协议号，零售、批发 找，bs91m1
2022-06-20 09:55:24TG088 → 准备（发 ）广告，找 bs91m1
2022-06-20 09:55:57yuechuruanjian1 → 准备（发 ）广告，找 bs91m1
2022-06-20 09:56:32njwwjpxc → 想找人（ 发 ）广告，找 bs91m1
2022-06-20 09:57:01xiaoguzhuanyedajian8 → 专业（发 ）广告，联系我 bs91m1
2022-06-20 09:57:19qxinw → 专业（发 ）广告，联系我 bs91m1
2022-06-20 09:57:54MLA9999 → 要（发 ）广告，联系 bs91m1
2022-06-20 09:58:11YYL001 → 准备（发 ）广告，找 bs91m1
2022-06-20 09:58:41sq577 → 要（发 ）广告，联系 bs91m1
2022-06-20 10:02:34YS52111 → 需要 软、件，找 bs91m1
2022-06-20 10:03:42daishou15 → 来（发 ）广告，联系 bs91m1
2022-06-20 10:04:16sanfang53 → 需要 群、发软、件，找 bs91m1
2022-06-20 10:05:13TG99877 → 来（发 ）广告，联系 bs91m1
2022-06-20 10:05:30sunshineyyds → 专业（发 ）广告，联系我 bs91m1
2022-06-20 10:06:12zhongwen6 → 需要 群、发软、件，找 bs91m1
2022-06-20 10:06:50TGlianmeng002 → 需要 群、发软、件，找 bs91m1
2022-06-20 10:07:12shanyjk58 → 要（发 ）广告，联系 bs91m1
2022-06-20 10:07:30bclm1 → 专业（发 ）广告，联系我 bs91m1
2022-06-20 10:07:59wybf168168 → 需要 软、件，找 bs91m1
2022-06-20 10:08:15MDhuaren1 → 准备（发 ）广告，找 bs91m1
2022-06-20 10:08:45xinbi_088 → 来（发 ）广告，联系 bs91m1
2022-06-20 10:09:02TRJ_shore001 → 想找人（ 发 ）广告，找 bs91m1
2022-06-20 10:09:25Shore999888 → 需要 群、发软、件，找 bs91m1
2022-06-20 10:10:18OKXGroup_CN → 来（发 ）广告，联系 bs91m1
2022-06-20 10:11:19dongnanyaliaotian → 来（发 ）广告，联系 bs91m1
2022-06-20 10:11:36PingAn66Shop → 来（发 ）广告，联系 bs91m1
2022-06-20 10:12:31yuehui8 → 来（发 ）广告，联系 bs91m1
2022-06-20 10:13:01dibai918 → 想要（发 ）广告，找 bs91m1
2022-06-20 10:13:26BiboxGroup → 需要 群、发，找 bs91m1
2022-06-20 10:14:34zscd18 → 想找人（ 发 ）广告，找 bs91m1
2022-06-20 10:14:51huichan_com_grp → 需要 群、发，找 bs91m1
2022-06-20 10:15:28OYRGEF → 来（发 ）广告，联系 bs91m1
2022-06-20 10:15:46ziyuan2 → 要（发 ）广告，联系 bs91m1
2022-06-20 10:16:38xingbi0088 → 准备（发 ）广告，找 bs91m1
2022-06-20 10:17:08dijia02 → (session) 协议号，零售、批发 找，bs91m1
2022-06-20 10:17:38TG006 → 来（发 ）广告，联系 bs91m1
2022-06-20 10:18:01kaifahaiwai4 → 专业（发 ）广告，联系我 bs91m1
2022-06-20 10:18:36kkkttt369 → 要（发 ）广告，联系 bs91m1
2022-06-20 10:19:20monstainfinitechinese → 想找人（ 发 ）广告，找 bs91m1
2022-06-20 10:19:50si1688 → 需要 软、件，找 bs91m1
2022-06-20 10:20:08Shore999888 → 需要 群、发软、件，找 bs91m1
2022-06-20 10:20:25doge88 → 要（发 ）广告，联系 bs91m1
2022-06-20 10:21:04TGDL128 → 来（发 ）广告，联系 bs91m1
2022-06-20 10:21:51DNY770 → 来（发 ）广告，联系 bs91m1
2022-06-20 10:22:32dyjiaoliu → 来（发 ）广告，联系 `boss91m1`
2022-06-20 10:22:54fachai8 → (session) 协议号，零售、批发 找，`boss91m1`
2022-06-20 10:24:57yugzf → 需要 软、件，找 `boss91m1`
2022-06-20 10:25:29tokauCN → 需要 软、件，找 `boss91m1`
2022-06-20 10:26:29NB1chat → 准备（发 ）广告，找 `boss91m1`
2022-06-20 10:26:47HWDBQ → 需要 软、件，找 `boss91m1`
2022-06-20 10:27:39MLA9999 → 需要 软、件，找 `boss91m1`
2022-06-20 10:28:04guminlaqun66 → 想要（发 ）广告，找 `boss91m1`
2022-06-20 10:28:22-1001501399950 → 准备（发 ）广告，找 `boss91m1`
2022-06-20 10:28:38bailaohui_cvv → 需要 软、件，找 `boss91m1`
2022-06-20 10:28:56jiu_777 → 需要 群、发，找 `boss91m1`
2022-06-20 10:29:38A_K_3A → 需要 群、发软、件，找 `boss91m1`
2022-06-20 10:30:31botong002 → (session) 协议号，零售、批发 找，`boss91m1`
2022-06-20 10:30:55facebookyouyuandingzhi → 来（发 ）广告，联系 `boss91m1`
2022-06-20 10:31:13iBox_official → 专业（发 ）广告，联系我 `boss91m1`
2022-06-20 10:31:31yindutg → 想要（发 ）广告，找 `boss91m1`
2022-06-20 10:31:49huiguophp → 需要 群、发软、件，找 `boss91m1`
2022-06-20 10:32:21xingbi0088 → 准备（发 ）广告，找 `boss91m1`
2022-06-20 10:32:39-1001629074860 → 想找人（ 发 ）广告，找 `boss91m1`
2022-06-20 10:32:57xbdb01 → 要（发 ）广告，联系 `boss91m1`
2022-06-20 10:33:19tiandeng88 → 需要 群、发软、件，找 `boss91m1`
2022-06-20 10:33:48KMFW56789 → 想找人（ 发 ）广告，找 `boss91m1`
2022-06-20 10:34:33xinbi_088 → 来（发 ）广告，联系 `boss91m1`
2022-06-20 10:35:04TG12389 → 需要 软、件，找 `boss91m1`
2022-06-20 10:36:23dbjlq1 → 想找人（ 发 ）广告，找 `boss91m1`
2022-06-20 10:37:35YS52111 → 专业（发 ）广告，联系我 `boss91m1`
2022-06-20 10:37:53allswapCN → (session) 协议号，零售、批发 找，`boss91m1`
2022-06-20 10:40:46WhatsAppqunfajsq8 → 需要 群、发软、件，找 `boss91m1`
2022-06-20 10:41:03TG006 → 专业（发 ）广告，联系我 `boss91m1`
2022-06-20 10:41:52xjltq → 想要（发 ）广告，找 `boss91m1`
2022-06-20 10:42:54NodeGlobal → 专业（发 ）广告，联系我 `boss91m1`
2022-06-20 10:43:24kkkttt369 → 专业（发 ）广告，联系我 `boss91m1`
2022-06-20 10:44:24TGdibai168 → 来（发 ）广告，联系 `boss91m1`
2022-06-20 10:44:47yinduchuhai → 来（发 ）广告，联系 `boss91m1`
2022-06-20 10:46:47luckyyy77777 → 来（发 ）广告，联系 `boss91m1`
2022-06-20 10:47:18-1001692409589 → 要（发 ）广告，联系 `boss91m1`
2022-06-20 10:47:49huihui220 → (session) 协议号，零售、批发 找，`boss91m1`
2022-06-20 10:48:06TG328 → 要（发 ）广告，联系 `boss91m1`
2022-06-20 10:48:23TG088 → 专业（发 ）广告，联系我 `boss91m1`
2022-06-20 10:48:58sanfang53 → 想要（发 ）广告，找 `boss91m1`
2022-06-20 10:49:39sunshineyyds → 需要 软、件，找 `boss91m1`
2022-06-20 10:50:08tz636 → 准备（发 ）广告，找 `boss91m1`
2022-06-20 10:50:50daishoujiaoyi → 专业（发 ）广告，联系我 `boss91m1`
2022-06-20 10:51:39chuhai007014 → 专业（发 ）广告，联系我 `boss91m1`
2022-06-20 10:52:09axujj → 来（发 ）广告，联系 `boss91m1`
2022-06-20 10:52:44PingAn66Shop → 准备（发 ）广告，找 `boss91m1`
2022-06-20 10:53:42TG96110 → 需要 群、发软、件，找 `boss91m1`
2022-06-20 10:54:21yindutg → (session) 协议号，零售、批发 找，`boss91m1`
2022-06-20 10:55:08dongnanyaliaotian → 专业（发 ）广告，联系我 `boss91m1`
2022-06-20 10:56:05USTCtg → 专业（发 ）广告，联系我 `boss91m1`
2022-06-20 10:56:48qwerdt1 → 要（发 ）广告，联系 `boss91m1`
2022-06-20 10:57:05laowangdan → 想要（发 ）广告，找 `boss91m1`
2022-06-20 10:57:26BtokCN_001 → 想要（发 ）广告，找 `boss91m1`
2022-06-20 10:58:18MLA9999 → 想要（发 ）广告，找 `boss91m1`
2022-06-20 10:58:48maticnetwork_china → 需要 群、发软、件，找 `boss91m1`
2022-06-20 11:00:07yinhangkausdt → 想找人（ 发 ）广告，找 `boss91m1`
2022-06-20 11:00:25TG088 → (session) 协议号，零售、批发 找，`boss91m1`
2022-06-20 11:01:24zscd18 → 要（发 ）广告，联系 `boss91m1`
2022-06-20 11:01:40MDhuaren1 → 专业（发 ）广告，联系我 `boss91m1`
2022-06-20 11:02:15bclm1 → 需要 群、发，找 `boss91m1`
2022-06-20 11:03:04allswapCN → 要（发 ）广告，联系 `boss91m1`
2022-06-20 11:03:22bailaohui_cvv → 来（发 ）广告，联系 `boss91m1`
2022-06-20 11:03:39wybf168168 → (session) 协议号，零售、批发 找，`boss91m1`
2022-06-20 11:04:49facebook1116 → 需要 群、发，找 `boss91m1`
2022-06-20 11:05:17xingbi0088 → 需要 群、发，找 `boss91m1`
2022-06-20 11:05:34baocai217 → 需要 群、发软、件，找 `boss91m1`
2022-06-20 11:06:21BtokCN_001 → 来（发 ）广告，联系 `boss91m1`
2022-06-20 11:07:33laowangdan → 专业（发 ）广告，联系我 `boss91m1`
2022-06-20 11:09:04yugzf → 来（发 ）广告，联系 `boss91m1`
2022-06-20 11:09:21FHaak8 → 想找人（ 发 ）广告，找 `boss91m1`
2022-06-20 11:09:54zscd18 → 准备（发 ）广告，找 `boss91m1`
2022-06-20 11:10:12MLA9999 → (session) 协议号，零售、批发 找，`boss91m1`
2022-06-20 11:11:10laowangdan → 准备（发 ）广告，找 `boss91m1`
2022-06-20 11:11:28dongnanyaliaotian → 需要 群、发软、件，找 `boss91m1`
2022-06-20 11:11:49huanqian35 → 专业（发 ）广告，联系我 `boss91m1`
2022-06-20 11:12:10wsxieyi → 需要 群、发，找 `boss91m1`
2022-06-20 11:12:58TRJ_shore001 → 想要（发 ）广告，找 `boss91m1`
2022-06-20 11:13:15tcelue1 → 需要 群、发软、件，找 `boss91m1`
2022-06-20 11:13:32TG328 → 想要（发 ）广告，找 `boss91m1`
2022-06-20 11:14:27GIBXChange_cn → (session) 协议号，零售、批发 找，`boss91m1`
2022-06-20 11:14:44KMFW56789 → 想要（发 ）广告，找 `boss91m1`
2022-06-20 11:15:02dbjlq1 → 专业（发 ）广告，联系我 `boss91m1`
2022-06-20 11:16:08mangguohaxivip1 → 需要 群、发，找 `boss91m1`
2022-06-20 11:17:50bclm1 → 需要 软、件，找 `boss91m1`
2022-06-20 11:18:20TG96110 → 需要 群、发，找 `boss91m1`
2022-06-20 11:18:48si1688 → 来（发 ）广告，联系 `boss91m1`
2022-06-20 11:19:30yindutg → (session) 协议号，零售、批发 找，`boss91m1`
2022-06-20 11:19:59PingAn66Shop → 来（发 ）广告，联系 `boss91m1`
2022-06-20 11:20:47yuehui8 → 想找人（ 发 ）广告，找 `boss91m1`
2022-06-20 11:21:07wsqf168888 → 想找人（ 发 ）广告，找 `boss91m1`
2022-06-20 11:21:24kkkttt369 → 要（发 ）广告，联系 `boss91m1`
2022-06-20 11:23:00tz636 → 要（发 ）广告，联系 `boss91m1`
2022-06-20 11:23:23VG0002 → 专业（发 ）广告，联系我 `boss91m1`
2022-06-20 11:25:05Shore999888 → 想找人（ 发 ）广告，找 `boss91m1`
2022-06-20 11:25:22TGdibai168 → 想找人（ 发 ）广告，找 `boss91m1`
2022-06-20 11:25:43danbao96 → 想要（发 ）广告，找 `boss91m1`
2022-06-20 11:26:13TRJ_shore001 → 想找人（ 发 ）广告，找 `boss91m1`
2022-06-20 11:27:09xbdb01 → 需要 群、发软、件，找 `boss91m1`
2022-06-20 11:27:26dyjiaoliu → 需要 软、件，找 `boss91m1`
2022-06-20 11:27:57jiu_777 → 准备（发 ）广告，找 `boss91m1`
2022-06-20 11:28:48daishoujiaoyi → 要（发 ）广告，联系 `boss91m1`
2022-06-20 11:29:59USTCtg → 想找人（ 发 ）广告，找 `boss91m1`
2022-06-20 11:30:16guminlaqun66 → 想要（发 ）广告，找 `boss91m1`
2022-06-20 11:30:39YYL001 → 来（发 ）广告，联系 `boss91m1`
2022-06-20 11:30:56xinbi_088 → 要（发 ）广告，联系 `boss91m1`
2022-06-20 11:31:39ziyuan2 → 需要 软、件，找 `boss91m1`
2022-06-20 11:32:08TG088 → (session) 协议号，零售、批发 找，`boss91m1`
2022-06-20 11:32:25qxinw → 准备（发 ）广告，找 `boss91m1`
2022-06-20 11:32:46agtjla → 需要 软、件，找 `boss91m1`
2022-06-20 11:33:50jkdgkfghfhg → 专业（发 ）广告，联系我 `boss91m1`
2022-06-20 11:34:22iBox_official → 要（发 ）广告，联系 `boss91m1`
2022-06-20 11:35:39-1001692409589 → (session) 协议号，零售、批发 找，`boss91m1`
2022-06-20 11:36:15aomenliuhe88 → 需要 软、件，找 `boss91m1`
2022-06-20 11:37:14hmch01 → (session) 协议号，零售、批发 找，`boss91m1`
2022-06-20 11:37:32xingbi0088 → 准备（发 ）广告，找 `boss91m1`
2022-06-20 11:38:39TG006 → 要（发 ）广告，联系 `boss91m1`
2022-06-20 11:38:56tcelue1 → 需要 群、发软、件，找 `boss91m1`
2022-06-20 11:40:12MDhuaren1 → 需要 群、发，找 `boss91m1`
2022-06-20 11:40:42sunshineyyds → 需要 群、发软、件，找 `boss91m1`
2022-06-20 11:40:59FHaak8 → 想找人（ 发 ）广告，找 `boss91m1`
2022-06-20 11:42:05yugzf → 来（发 ）广告，联系 `boss91m1`
2022-06-20 11:42:54djsqgali → 想要（发 ）广告，找 `boss91m1`
2022-06-20 11:45:09MLA9999 → 需要 群、发，找 `boss91m1`
2022-06-20 11:45:27kkkttt369 → 准备（发 ）广告，找 `boss91m1`
2022-06-20 11:45:45zscd18 → 来（发 ）广告，联系 `boss91m1`
2022-06-20 11:46:02allswapCN → (session) 协议号，零售、批发 找，`boss91m1`
2022-06-20 11:46:48NodeGlobal → 准备（发 ）广告，找 `boss91m1`
2022-06-20 11:47:06-1001629074860 → 需要 群、发，找 `boss91m1`
2022-06-20 11:48:13bcweb → 需要 软、件，找 `boss91m1`
2022-06-20 11:49:08whatsappyewu5 → (session) 协议号，零售、批发 找，`boss91m1`
2022-06-20 11:49:26TG006 → (session) 协议号，零售、批发 找，`boss91m1`
2022-06-20 11:50:09HWDBQ → 来（发 ）广告，联系 `boss91m1`
2022-06-20 11:50:26axujj → 需要 软、件，找 `boss91m1`
2022-06-20 11:50:43iBox_official → 需要 群、发，找 `boss91m1`
2022-06-20 11:51:02xingbi0088 → 来（发 ）广告，联系 `boss91m1`
2022-06-20 11:51:44yindutg → 想找人（ 发 ）广告，找 `boss91m1`
2022-06-20 11:52:06XxUP1121 → 想找人（ 发 ）广告，找 `boss91m1`
2022-06-20 11:54:19huiguophp → 需要 群、发，找 `boss91m1`
2022-06-20 11:54:40sanfang53 → 要（发 ）广告，联系 `boss91m1`
2022-06-20 11:54:57TGDL128 → 需要 群、发软、件，找 `boss91m1`
2022-06-20 11:55:58laowangdan → 想找人（ 发 ）广告，找 `boss91m1`
2022-06-20 11:56:15dbjlq1 → 来（发 ）广告，联系 `boss91m1`
2022-06-20 11:56:55TGdibai168 → 想要（发 ）广告，找 `boss91m1`
2022-06-20 11:57:17hmch02 → 来（发 ）广告，联系 `boss91m1`
2022-06-20 11:58:27USTCtg → 需要 群、发软、件，找 `boss91m1`
2022-06-20 11:58:44fw866 → 来（发 ）广告，联系 `boss91m1`
2022-06-20 11:59:57dyjiaoliu → 专业（发 ）广告，联系我 `boss91m1`
2022-06-20 12:00:34baocai217 → 需要 群、发，找 `boss91m1`
2022-06-20 12:00:51zhongwen6 → (session) 协议号，零售、批发 找，`boss91m1`
2022-06-20 12:01:23KMFW56789 → 想要（发 ）广告，找 `boss91m1`
2022-06-20 12:01:40tz636 → 要（发 ）广告，联系 `boss91m1`
2022-06-20 12:02:33dongnanyaliaotian → 想要（发 ）广告，找 `boss91m1`
2022-06-20 12:03:25wslinezalo → 要（发 ）广告，联系 `boss91m1`
2022-06-20 12:03:53xbdb01 → 想找人（ 发 ）广告，找 `boss91m1`
2022-06-20 12:04:11daishoujiaoyi → 想找人（ 发 ）广告，找 `boss91m1`
2022-06-20 12:04:58huihui220 → 需要 软、件，找 `boss91m1`
2022-06-20 12:05:46TG088 → 来（发 ）广告，联系 `boss91m1`
2022-06-20 12:06:21az123818 → 需要 群、发，找 `boss91m1`
2022-06-20 12:06:46sanfang53 → (session) 协议号，零售、批发 找，`boss91m1`
2022-06-20 12:07:16bclm1 → 需要 群、发软、件，找 `boss91m1`
2022-06-20 12:07:57bailaohui_cvv → 专业（发 ）广告，联系我 `boss91m1`
2022-06-20 12:08:39yindutg → 准备（发 ）广告，找 `boss91m1`
2022-06-20 12:09:11wsfbtt → 想找人（ 发 ）广告，找 `boss91m1`
2022-06-20 12:09:33tsdb01 → 来（发 ）广告，联系 `boss91m1`
2022-06-20 12:09:51xinbi_088 → 需要 软、件，找 `boss91m1`
2022-06-20 12:10:26PingAn66Shop → 来（发 ）广告，联系 `boss91m1`
2022-06-20 12:11:43allswapCN → 想要（发 ）广告，找 `boss91m1`
2022-06-20 12:12:14si1688 → 需要 群、发，找 `boss91m1`
2022-06-20 12:13:54-1001629074860 → 准备（发 ）广告，找 `boss91m1`
2022-06-20 12:14:13tz636 → 想要（发 ）广告，找 `boss91m1`
2022-06-20 12:15:01MLA9999 → 需要 软、件，找 `boss91m1`
2022-06-20 12:15:18TG96110 → 来（发 ）广告，联系 `boss91m1`
2022-06-20 12:15:35-1001692409589 → 想找人（ 发 ）广告，找 `boss91m1`
2022-06-20 12:15:52sunshineyyds → (session) 协议号，零售、批发 找，`boss91m1`
2022-06-20 12:16:13zhifuzhifu → 需要 软、件，找 `boss91m1`
2022-06-20 12:17:23zscd18 → 要（发 ）广告，联系 `boss91m1`
2022-06-20 12:18:27bclm1 → 准备（发 ）广告，找 `boss91m1`
2022-06-20 12:19:13kkkttt369 → 来（发 ）广告，联系 `boss91m1`
2022-06-20 12:19:56USDT43 → 想要（发 ）广告，找 `boss91m1`
2022-06-20 12:21:55bcweb → 专业（发 ）广告，联系我 `boss91m1`
2022-06-20 12:22:25xingbi0088 → 想要（发 ）广告，找 `boss91m1`
2022-06-20 12:23:35NodeGlobal → 需要 群、发软、件，找 `boss91m1`
2022-06-20 12:24:22hhll08 → 准备（发 ）广告，找 `boss91m1`
2022-06-20 12:24:39Shore999888 → 来（发 ）广告，联系 `boss91m1`
2022-06-20 12:24:58USTCtg → 需要 软、件，找 `boss91m1`
2022-06-20 12:26:40dbjlq1 → 想要（发 ）广告，找 `boss91m1`
2022-06-20 12:26:57TG088 → 想找人（ 发 ）广告，找 `boss91m1`
2022-06-20 12:27:26TG328 → 需要 群、发，找 `boss91m1`
2022-06-20 12:28:37jiu_777 → 专业（发 ）广告，联系我 `boss91m1`
2022-06-20 12:28:59qilin020 → 来（发 ）广告，联系 `boss91m1`
2022-06-20 12:30:29HWDBQ → 想找人（ 发 ）广告，找 `boss91m1`
2022-06-20 12:31:04TG96110 → 来（发 ）广告，联系 `boss91m1`
2022-06-20 12:31:21sanfang53 → 想要（发 ）广告，找 `boss91m1`
2022-06-20 12:31:38iBox_official → 要（发 ）广告，联系 `boss91m1`
2022-06-20 12:31:56tcelue1 → 需要 群、发软、件，找 `boss91m1`
2022-06-20 12:32:20dyjiaoliu → 想找人（ 发 ）广告，找 `boss91m1`
2022-06-20 12:32:37dongnanyaliaotian → 来（发 ）广告，联系 `boss91m1`
2022-06-20 12:33:32sunshineyyds → 需要 群、发，找 `boss91m1`
2022-06-20 12:33:49FHaak8 → 来（发 ）广告，联系 `boss91m1`
2022-06-20 12:34:49MLA9999 → 需要 群、发软、件，找 `boss91m1`
2022-06-20 12:35:23xjfghdkjghkdfgh → 需要 群、发，找 `boss91m1`
2022-06-20 12:35:52huihui220 → 想找人（ 发 ）广告，找 `boss91m1`
2022-06-20 12:37:03qwerdt1 → 来（发 ）广告，联系 `boss91m1`
2022-06-20 12:37:24rdnb35688 → 想找人（ 发 ）广告，找 `boss91m1`
2022-06-20 12:37:58tgzhcn → 需要 群、发软、件，找 `boss91m1`
2022-06-20 12:38:27laowangdan → 需要 群、发软、件，找 `boss91m1`
2022-06-20 12:38:51yindutg → (session) 协议号，零售、批发 找，`boss91m1`
2022-06-20 12:39:08wybf168168 → 专业（发 ）广告，联系我 `boss91m1`
2022-06-20 12:40:10zhifuo → 来（发 ）广告，联系 `boss91m1`
2022-06-20 12:40:27TG088 → 需要 软、件，找 `boss91m1`
2022-06-20 12:40:50CryptoLegionsChinese → 想要（发 ）广告，找 `boss91m1`
2022-06-20 12:41:12zlguanlian57 → 来（发 ）广告，联系 `boss91m1`
2022-06-20 12:41:42bailaohui_cvv → 需要 软、件，找 `boss91m1`
2022-06-20 12:42:25xinbi_088 → (session) 协议号，零售、批发 找，`boss91m1`
2022-06-20 12:42:42xbdb01 → 需要 软、件，找 `boss91m1`
2022-06-20 12:43:24huiguophp → 需要 群、发软、件，找 `boss91m1`
2022-06-20 12:43:41axujj → 来（发 ）广告，联系 `boss91m1`
2022-06-20 12:45:34qunfalaren2 → 要（发 ）广告，联系 `boss91m1`
2022-06-20 12:46:09xingbi0088 → 要（发 ）广告，联系 `boss91m1`
2022-06-20 12:47:17MDhuaren1 → 想找人（ 发 ）广告，找 `boss91m1`
2022-06-20 12:48:43zscd18 → 专业（发 ）广告，联系我 `boss91m1`
2022-06-20 12:49:00bclm1 → 想找人（ 发 ）广告，找 `boss91m1`
2022-06-20 12:49:29yuehui8 → 专业（发 ）广告，联系我 `boss91m1`
2022-06-20 12:49:51tinder668 → 需要 群、发软、件，找 `boss91m1`
2022-06-20 12:50:08TGdibai168 → 想找人（ 发 ）广告，找 `boss91m1`
2022-06-20 12:50:26qxinw → 想找人（ 发 ）广告，找 `boss91m1`
2022-06-20 12:50:44iBox_official → (session) 协议号，零售、批发 找，`boss91m1`
2022-06-20 12:51:37yindutg → 专业（发 ）广告，联系我 `boss91m1`
2022-06-20 12:52:48FHaak8 → 想找人（ 发 ）广告，找 `boss91m1`
2022-06-20 12:53:17allswapCN → 要（发 ）广告，联系 `boss91m1`
2022-06-20 12:53:45USTCtg → 想找人（ 发 ）广告，找 `boss91m1`
2022-06-20 12:54:02PingAn66Shop → 想要（发 ）广告，找 `boss91m1`
2022-06-20 12:54:19kkkttt369 → 需要 软、件，找 `boss91m1`
2022-06-20 12:54:36fw866 → 来（发 ）广告，联系 `boss91m1`
2022-06-20 12:54:52TG_King80 → 准备（发 ）广告，找 `boss91m1`
2022-06-20 12:55:10ziyuan2 → 专业（发 ）广告，联系我 `boss91m1`
2022-06-20 12:56:34TG006 → 来（发 ）广告，联系 `boss91m1`
2022-06-20 12:57:22baocai217 → 需要 群、发软、件，找 `boss91m1`
2022-06-20 12:57:46MLA9999 → 准备（发 ）广告，找 `boss91m1`
2022-06-20 12:58:03dongnanyaliaotian → 想要（发 ）广告，找 `boss91m1`
2022-06-20 12:59:35yugzf → 要（发 ）广告，联系 `boss91m1`
2022-06-20 13:00:09tyhc082 → 想找人（ 发 ）广告，找 `boss91m1`
2022-06-20 13:01:10Xiaoxuanfengjiaoliuqun → 需要 群、发，找 `boss91m1`
2022-06-20 13:03:15CryptoHubGamesCN → 专业（发 ）广告，联系我 `boss91m1`
2022-06-20 13:04:10TG_King90 → 要（发 ）广告，联系 `boss91m1`
2022-06-20 13:04:28dbjlq1 → 需要 软、件，找 `boss91m1`
2022-06-20 13:05:11tz636 → 需要 群、发软、件，找 `boss91m1`
2022-06-20 13:05:28TG088 → 要（发 ）广告，联系 `boss91m1`
2022-06-20 13:05:47PingAn66Shop → 来（发 ）广告，联系 `boss91m1`
2022-06-20 13:06:17yindutg → 想要（发 ）广告，找 `boss91m1`
2022-06-20 13:07:01NodeGlobal → 想找人（ 发 ）广告，找 `boss91m1`
2022-06-20 13:07:45sanfang53 → 准备（发 ）广告，找 `boss91m1`
2022-06-20 13:08:03KMFW56789 → 需要 软、件，找 `boss91m1`
2022-06-20 13:08:34Fbzhpf7 → 准备（发 ）广告，找 `boss91m1`
2022-06-20 13:09:10dyjiaoliu → 来（发 ）广告，联系 `boss91m1`
2022-06-20 13:09:45juliang666 → 想找人（ 发 ）广告，找 `boss91m1`
2022-06-20 13:10:09yuehui8 → 专业（发 ）广告，联系我 `boss91m1`
2022-06-20 13:11:09dibaifa → 准备（发 ）广告，找 `boss91m1`
2022-06-20 13:11:26xingbi0088 → 需要 群、发软、件，找 `boss91m1`
2022-06-20 13:12:07qxinw → 专业（发 ）广告，联系我 `boss91m1`
2022-06-20 13:13:08tcelue1 → 需要 软、件，找 `boss91m1`
2022-06-20 13:13:54huiguophp → 来（发 ）广告，联系 `boss91m1`
2022-06-20 13:14:53shiguang5555 → 要（发 ）广告，联系 `boss91m1`
2022-06-20 13:15:10bclm1 → 需要 群、发软、件，找 `boss91m1`
2022-06-20 13:16:22si1688 → 需要 群、发，找 `boss91m1`
2022-06-20 13:16:39xinbi_088 → 来（发 ）广告，联系 `boss91m1`
2022-06-20 13:16:56MLA9999 → 需要 群、发，找 `boss91m1`
2022-06-20 13:18:07guminlaqun66 → 需要 软、件，找 `boss91m1`
2022-06-20 13:18:42wybf168168 → 想要（发 ）广告，找 `boss91m1`
2022-06-20 13:19:13xbdb01 → 想要（发 ）广告，找 `boss91m1`
2022-06-20 13:19:34juliang666 → 专业（发 ）广告，联系我 `boss91m1`
2022-06-20 13:19:59hmch01 → 需要 群、发，找 `boss91m1`
2022-06-20 13:20:54huihui220 → 要（发 ）广告，联系 `boss91m1`
2022-06-20 13:21:11allswapCN → 想找人（ 发 ）广告，找 `boss91m1`
2022-06-20 13:21:28jiu_777 → 想找人（ 发 ）广告，找 `boss91m1`
2022-06-20 13:22:22-1001629074860 → 要（发 ）广告，联系 `boss91m1`
2022-06-20 13:23:04mangghaxiVIP → (session) 协议号，零售、批发 找，`boss91m1`
2022-06-20 13:23:22TG328 → 需要 群、发软、件，找 `boss91m1`
2022-06-20 13:23:50bailaohui_cvv → 需要 群、发软、件，找 `boss91m1`
2022-06-20 13:24:22TG96110 → 专业（发 ）广告，联系我 `boss91m1`
2022-06-20 13:24:39daishoujiaoyi → 来（发 ）广告，联系 `boss91m1`
2022-06-20 13:25:00TG1949521 → 要（发 ）广告，联系 `boss91m1`
2022-06-20 13:25:30tz636 → 来（发 ）广告，联系 `boss91m1`
2022-06-20 13:26:04sunshineyyds → 来（发 ）广告，联系 `boss91m1`
2022-06-20 13:26:25whatsappyewu6 → 需要 软、件，找 `boss91m1`
2022-06-20 13:26:59baocai217 → 准备（发 ）广告，找 `boss91m1`
2022-06-20 13:27:33zhongwen6 → 专业（发 ）广告，联系我 `boss91m1`
2022-06-20 13:30:06BikingChineseGroup → 准备（发 ）广告，找 `boss91m1`
2022-06-20 13:30:30FQ3P3 → 想要（发 ）广告，找 `boss91m1`
2022-06-20 13:30:48yindutg → 来（发 ）广告，联系 `boss91m1`
2022-06-20 13:31:58dyjiaoliu → 需要 软、件，找 `boss91m1`
2022-06-20 13:32:46xingbi0088 → 需要 群、发，找 `boss91m1`
2022-06-20 13:33:30USTCtg → 要（发 ）广告，联系 `boss91m1`
2022-06-20 13:33:47laowangdan → 来（发 ）广告，联系 `boss91m1`
2022-06-20 13:34:03yugzf → 想要（发 ）广告，找 `boss91m1`
2022-06-20 13:34:31-1001692409589 → 来（发 ）广告，联系 `boss91m1`
2022-06-20 13:35:12bcweb → 想找人（ 发 ）广告，找 `boss91m1`
2022-06-20 13:35:37NodeGlobal → (session) 协议号，零售、批发 找，`boss91m1`
2022-06-20 13:35:54kkkttt369 → 需要 群、发，找 `boss91m1`
2022-06-20 13:37:31FHaak8 → 要（发 ）广告，联系 `boss91m1`
2022-06-20 13:38:28FHaak8 → (session) 协议号，零售、批发 找，`boss91m1`
2022-06-20 13:38:45HWDBQ → 准备（发 ）广告，找 `boss91m1`
2022-06-20 13:39:02axujj → 需要 群、发，找 `boss91m1`
2022-06-20 13:39:19zscd18 → 想找人（ 发 ）广告，找 `boss91m1`
2022-06-20 13:40:25xiaoguzhuanyedajian8 → 要（发 ）广告，联系 `boss91m1`
2022-06-20 13:41:08meizi005 → 来（发 ）广告，联系 `boss91m1`
2022-06-20 13:42:05qilin020 → 想要（发 ）广告，找 `boss91m1`
2022-06-20 13:42:22fw866 → 专业（发 ）广告，联系我 `boss91m1`
2022-06-20 13:42:52TG088 → 想找人（ 发 ）广告，找 `boss91m1`
2022-06-20 13:43:15neihanxiaoshipin → 需要 群、发软、件，找 `boss91m1`
2022-06-20 13:43:32allswapCN → 准备（发 ）广告，找 `boss91m1`
2022-06-20 13:44:13yindutg → 要（发 ）广告，联系 `boss91m1`
2022-06-20 13:44:32xinbi_088 → 想要（发 ）广告，找 `boss91m1`
2022-06-20 13:45:19dbjlq1 → 想找人（ 发 ）广告，找 `boss91m1`
2022-06-20 13:46:13PingAn66Shop → 想找人（ 发 ）广告，找 `boss91m1`
2022-06-20 13:46:30daishoujiaoyi → 需要 群、发软、件，找 `boss91m1`
2022-06-20 13:47:04wangzaiGZS4 → 想找人（ 发 ）广告，找 `boss91m1`
2022-06-20 13:47:35iBox_official → 专业（发 ）广告，联系我 `boss91m1`
2022-06-20 13:47:52MDhuaren1 → 需要 群、发软、件，找 `boss91m1`
2022-06-20 13:49:12guminlaqun66 → 来（发 ）广告，联系 `boss91m1`
2022-06-20 13:49:43TGDL128 → 想要（发 ）广告，找 `boss91m1`
2022-06-20 13:51:06baocai217 → 想要（发 ）广告，找 `boss91m1`
2022-06-20 13:51:48si1688 → 要（发 ）广告，联系 `boss91m1`
2022-06-20 13:52:32tz636 → (session) 协议号，零售、批发 找，`boss91m1`
2022-06-20 13:54:37USTCtg → 准备（发 ）广告，找 `boss91m1`
2022-06-20 13:54:54MLA9999 → 需要 群、发，找 `boss91m1`
2022-06-20 13:55:11-1001692409589 → 需要 群、发软、件，找 `boss91m1`
2022-06-20 13:57:35xbdb01 → 想要（发 ）广告，找 `boss91m1`
2022-06-20 13:57:52jiu_777 → 来（发 ）广告，联系 `boss91m1`
2022-06-20 13:59:23zscd18 → (session) 协议号，零售、批发 找，`boss91m1`
2022-06-20 13:59:45quanrizhi → (session) 协议号，零售、批发 找，`boss91m1`
2022-06-20 14:00:05ziyuan682 → 想找人（ 发 ）广告，找 `boss91m1`
2022-06-20 14:00:22TG96110 → 想找人（ 发 ）广告，找 `boss91m1`
2022-06-20 14:00:39-1001629074860 → 要（发 ）广告，联系 `boss91m1`
2022-06-20 14:01:31iBox_official → 来（发 ）广告，联系 `boss91m1`
2022-06-20 14:01:51tiandaochuhai0 → 想找人（ 发 ）广告，找 `boss91m1`
2022-06-20 14:02:55HWDBQ → 来（发 ）广告，联系 `boss91m1`
2022-06-20 14:03:29mingmen520 → 想找人（ 发 ）广告，找 `boss91m1`
2022-06-20 14:04:12sunshineyyds → 想找人（ 发 ）广告，找 `boss91m1`
2022-06-20 14:04:53yuehui8 → 专业（发 ）广告，联系我 `boss91m1`
2022-06-20 14:06:35TG088 → (session) 协议号，零售、批发 找，`boss91m1`
2022-06-20 14:07:13laowangdan → 来（发 ）广告，联系 `boss91m1`
2022-06-20 14:08:34-1001276702050 → 需要 群、发，找 `boss91m1`
2022-06-20 14:09:28huihui220 → 想找人（ 发 ）广告，找 `boss91m1`
2022-06-20 14:10:12tcelue1 → 来（发 ）广告，联系 `boss91m1`
2022-06-20 14:10:29yindutg → 想要（发 ）广告，找 `boss91m1`
2022-06-20 14:11:26sanfang53 → 需要 群、发软、件，找 `boss91m1`
2022-06-20 14:11:43bclm1 → 专业（发 ）广告，联系我 `boss91m1`
2022-06-20 14:12:06facebookyouyuandingzhi → 想找人（ 发 ）广告，找 `boss91m1`
2022-06-20 14:13:05neihanxiaoshipin → 需要 软、件，找 `boss91m1`
2022-06-20 14:13:43xingbi0088 → 来（发 ）广告，联系 `boss91m1`
2022-06-20 14:14:27A8_6669900 → 需要 群、发，找 `boss91m1`
2022-06-20 14:16:14wsxieyi → 专业（发 ）广告，联系我 `boss91m1`
2022-06-20 14:17:07yugzf → 想找人（ 发 ）广告，找 `boss91m1`
2022-06-20 14:17:36PingAn66Shop → 准备（发 ）广告，找 `boss91m1`
2022-06-20 14:18:10kkkttt369 → 需要 软、件，找 `boss91m1`
2022-06-20 14:18:27qwerdt1 → 需要 群、发软、件，找 `boss91m1`
2022-06-20 14:18:45fw866 → 想找人（ 发 ）广告，找 `boss91m1`
2022-06-20 14:20:08MLA9999 → 来（发 ）广告，联系 `boss91m1`
2022-06-20 14:20:25wybf168168 → 需要 群、发软、件，找 `boss91m1`
2022-06-20 14:20:42dongnanyaliaotian → 专业（发 ）广告，联系我 `boss91m1`
2022-06-20 14:21:00tz636 → 准备（发 ）广告，找 `boss91m1`
2022-06-20 14:21:48guminlaqun66 → 想找人（ 发 ）广告，找 `boss91m1`
2022-06-20 14:22:09axujj → 想找人（ 发 ）广告，找 `boss91m1`
2022-06-20 14:22:27huiguophp → 需要 群、发软、件，找 `boss91m1`
2022-06-20 14:22:58sunshineyyds → (session) 协议号，零售、批发 找，`boss91m1`
2022-06-20 14:24:03xinbi_088 → 准备（发 ）广告，找 `boss91m1`
2022-06-20 14:24:43NodeGlobal → 来（发 ）广告，联系 `boss91m1`
2022-06-20 14:25:02-1001629074860 → 需要 软、件，找 `boss91m1`
2022-06-20 14:25:46bailaohui_cvv → 需要 群、发，找 `boss91m1`
2022-06-20 14:26:23qxinw → 要（发 ）广告，联系 `boss91m1`
2022-06-20 14:26:44WWOOPQI → (session) 协议号，零售、批发 找，`boss91m1`
2022-06-20 14:27:14dbjlq1 → 准备（发 ）广告，找 `boss91m1`
2022-06-20 14:28:06jiu_777 → 来（发 ）广告，联系 `boss91m1`
2022-06-20 14:30:55allswapCN → 来（发 ）广告，联系 `boss91m1`
2022-06-20 14:31:24USTCtg → 需要 软、件，找 `boss91m1`
2022-06-20 14:32:52MDhuaren1 → 需要 群、发，找 `boss91m1`
2022-06-20 14:33:24dongnanyaliaotian → 需要 群、发软、件，找 `boss91m1`
2022-06-20 14:33:41bclm1 → 需要 软、件，找 `boss91m1`
2022-06-20 14:34:11daishoujiaoyi → 需要 群、发，找 `boss91m1`
2022-06-20 14:34:41yindutg → 要（发 ）广告，联系 `boss91m1`
2022-06-20 14:34:58tcelue1 → 专业（发 ）广告，联系我 `boss91m1`
2022-06-20 14:36:38zlguanlian57 → 想找人（ 发 ）广告，找 `boss91m1`
2022-06-20 14:36:55dyjiaoliu → 需要 软、件，找 `boss91m1`
2022-06-20 14:37:26yuehui8 → 需要 软、件，找 `boss91m1`
2022-06-20 14:37:44bcweb → 需要 群、发，找 `boss91m1`
2022-06-20 14:38:37KLjiaoliuqun → 需要 软、件，找 `boss91m1`
2022-06-20 14:39:32xingbi0088 → (session) 协议号，零售、批发 找，`boss91m1`
2022-06-20 14:40:35sishengq2 → 需要 群、发软、件，找 `boss91m1`
2022-06-20 14:40:53FHaak8 → 需要 群、发软、件，找 `boss91m1`
2022-06-20 14:41:26zscd18 → 需要 群、发，找 `boss91m1`
2022-06-20 14:41:44KMFW56789 → (session) 协议号，零售、批发 找，`boss91m1`
2022-06-20 14:42:04xbdb01 → (session) 协议号，零售、批发 找，`boss91m1`
2022-06-20 14:43:31baocai217 → 来（发 ）广告，联系 `boss91m1`
2022-06-20 14:43:49TG96110 → 需要 软、件，找 `boss91m1`
2022-06-20 14:44:12facebook1116 → 需要 群、发，找 `boss91m1`
2022-06-20 14:44:31kkkttt369 → 准备（发 ）广告，找 `boss91m1`
2022-06-20 14:45:36jfojpf633f → 准备（发 ）广告，找 `boss91m1`
2022-06-20 14:45:58guminlaqun66 → (session) 协议号，零售、批发 找，`boss91m1`
2022-06-20 14:47:17huiguophp → 专业（发 ）广告，联系我 `boss91m1`
2022-06-20 14:47:34MLA9999 → 需要 群、发软、件，找 `boss91m1`
2022-06-20 14:47:54sanfang53 → 来（发 ）广告，联系 `boss91m1`
2022-06-20 14:48:13ziyuan2 → 来（发 ）广告，联系 `boss91m1`
2022-06-20 14:49:22mygjsms → 来（发 ）广告，联系 `boss91m1`
2022-06-20 14:50:58TG_King80 → 准备（发 ）广告，找 `boss91m1`
2022-06-20 14:51:20XxUP1121 → (session) 协议号，零售、批发 找，`boss91m1`
2022-06-20 14:51:51laowangdan → 要（发 ）广告，联系 `boss91m1`
2022-06-20 14:52:55zhongwen6 → 需要 群、发软、件，找 `boss91m1`
2022-06-20 14:53:12NodeGlobal → 想找人（ 发 ）广告，找 `boss91m1`
2022-06-20 14:54:00jiu_777 → 准备（发 ）广告，找 `boss91m1`
2022-06-20 14:55:09DNY770 → 需要 软、件，找 `boss91m1`
2022-06-20 14:55:26USTCtg → (session) 协议号，零售、批发 找，`boss91m1`
2022-06-20 14:56:09zscd18 → 需要 软、件，找 `boss91m1`
2022-06-20 14:57:04si1688 → 需要 软、件，找 `boss91m1`
2022-06-20 14:57:22KMFW56789 → 想找人（ 发 ）广告，找 `boss91m1`
2022-06-20 14:57:50iBox_official → 来（发 ）广告，联系 `boss91m1`
2022-06-20 14:58:50WhatsAppqunfajsq8 → 想要（发 ）广告，找 `boss91m1`
2022-06-20 15:00:14tg1756 → 想找人（ 发 ）广告，找 `boss91m1`
2022-06-20 15:00:58dx119118 → 来（发 ）广告，联系 `boss91m1`
2022-06-20 15:01:15bailaohui_cvv → (session) 协议号，零售、批发 找，`boss91m1`
2022-06-20 15:01:34dbjlq1 → 需要 软、件，找 `boss91m1`
2022-06-20 15:02:53PingAn66Shop → 来（发 ）广告，联系 `boss91m1`
2022-06-20 15:03:10axujj → 来（发 ）广告，联系 `boss91m1`
2022-06-20 15:03:52HWDBQ → 来（发 ）广告，联系 `boss91m1`
2022-06-20 15:04:41MLA9999 → 专业（发 ）广告，联系我 `boss91m1`
2022-06-20 15:04:58xingbi0088 → 想找人（ 发 ）广告，找 `boss91m1`
2022-06-20 15:05:16xinbi_088 → 想找人（ 发 ）广告，找 `boss91m1`
2022-06-20 15:07:03rdnb35688 → 需要 软、件，找 `boss91m1`
2022-06-20 15:08:19bclm1 → 需要 软、件，找 `boss91m1`
2022-06-20 15:08:36dongnanyaliaotian → 要（发 ）广告，联系 `boss91m1`
2022-06-20 15:09:18huihui220 → 要（发 ）广告，联系 `boss91m1`
2022-06-20 15:10:24yindutg → 想要（发 ）广告，找 `boss91m1`
2022-06-20 15:10:41allswapCN → 想要（发 ）广告，找 `boss91m1`
2022-06-20 15:11:11TGDL128 → 来（发 ）广告，联系 `boss91m1`
2022-06-20 15:11:30tgzhcn → 想要（发 ）广告，找 `boss91m1`
2022-06-20 15:12:00-1001692409589 → 想找人（ 发 ）广告，找 `boss91m1`
2022-06-20 15:12:37NodeGlobal → 要（发 ）广告，联系 `boss91m1`
2022-06-20 15:13:18MDhuaren1 → 想要（发 ）广告，找 `boss91m1`
2022-06-20 15:13:35tz636 → 准备（发 ）广告，找 `boss91m1`
2022-06-20 15:14:31-1001629074860 → 准备（发 ）广告，找 `boss91m1`
2022-06-20 15:15:06fachai8 → 需要 群、发软、件，找 `boss91m1`
2022-06-20 15:15:36jiu_777 → 想找人（ 发 ）广告，找 `boss91m1`
2022-06-20 15:16:07laowangdan → 来（发 ）广告，联系 `boss91m1`
2022-06-20 15:16:30OYRGEF → 准备（发 ）广告，找 `boss91m1`
2022-06-20 15:17:34xbdb01 → 想要（发 ）广告，找 `boss91m1`
2022-06-20 15:19:09baocai217 → 想要（发 ）广告，找 `boss91m1`
2022-06-20 15:20:33allswapCN → 需要 群、发软、件，找 `boss91m1`
2022-06-20 15:21:28-1001692409589 → 想找人（ 发 ）广告，找 `boss91m1`
2022-06-20 15:21:46kkkttt369 → 想找人（ 发 ）广告，找 `boss91m1`
2022-06-20 15:22:03xingbi0088 → 来（发 ）广告，联系 `boss91m1`
2022-06-20 15:22:37hgjlaa → 想找人（ 发 ）广告，找 `boss91m1`
2022-06-20 15:22:54TG96110 → (session) 协议号，零售、批发 找，`boss91m1`
2022-06-20 15:23:28sunshineyyds → 准备（发 ）广告，找 `boss91m1`
2022-06-20 15:24:55fw866 → 想找人（ 发 ）广告，找 `boss91m1`
2022-06-20 15:26:43shanyjk58 → 想找人（ 发 ）广告，找 `boss91m1`
2022-06-20 15:27:27dyjiaoliu → 来（发 ）广告，联系 `boss91m1`
2022-06-20 15:28:15MLA9999 → 来（发 ）广告，联系 `boss91m1`
2022-06-20 15:28:33qwerdt1 → 需要 软、件，找 `boss91m1`
2022-06-20 15:29:18PingAn66Shop → 来（发 ）广告，联系 `boss91m1`
2022-06-20 15:30:37iBox_official → 来（发 ）广告，联系 `boss91m1`
2022-06-20 15:31:09yugzf → (session) 协议号，零售、批发 找，`boss91m1`
2022-06-20 15:33:10lovehash22992 → 要（发 ）广告，联系 `boss91m1`
2022-06-20 15:34:06FHaak8 → 来（发 ）广告，联系 `boss91m1`
2022-06-20 15:34:55guminlaqun66 → 来（发 ）广告，联系 `boss91m1`
2022-06-20 15:35:13si1688 → 来（发 ）广告，联系 `boss91m1`
2022-06-20 15:35:30USTCtg → 需要 软、件，找 `boss91m1`
2022-06-20 15:37:11tcelue1 → 专业（发 ）广告，联系我 `boss91m1`
2022-06-20 15:38:16dibaifa → 想要（发 ）广告，找 `boss91m1`
2022-06-20 15:38:34bcweb → 专业（发 ）广告，联系我 `boss91m1`
2022-06-20 15:38:51daishoujiaoyi → 需要 软、件，找 `boss91m1`
2022-06-20 15:39:08yindutg → (session) 协议号，零售、批发 找，`boss91m1`
2022-06-20 15:40:33yuehui8 → 需要 软、件，找 `boss91m1`
2022-06-20 15:41:53tz636 → 想找人（ 发 ）广告，找 `boss91m1`
2022-06-20 15:42:35qxinw → 需要 软、件，找 `boss91m1`
2022-06-20 15:42:53zscd18 → 想找人（ 发 ）广告，找 `boss91m1`
2022-06-20 15:43:15xinmengzuixin → (session) 协议号，零售、批发 找，`boss91m1`
2022-06-20 15:45:36sanfang53 → (session) 协议号，零售、批发 找，`boss91m1`
2022-06-20 15:46:10danbao96 → 专业（发 ）广告，联系我 `boss91m1`
2022-06-20 15:47:53sunshineyyds → 需要 群、发，找 `boss91m1`
2022-06-20 15:48:37laowangdan → 想要（发 ）广告，找 `boss91m1`
2022-06-20 15:49:51xbdb01 → 来（发 ）广告，联系 `boss91m1`
2022-06-20 15:50:32yindutg → 准备（发 ）广告，找 `boss91m1`
2022-06-20 15:51:02iBox_official → 想要（发 ）广告，找 `boss91m1`
2022-06-20 15:51:39maomiyunkong01 → 需要 群、发软、件，找 `boss91m1`
2022-06-20 15:52:11qxinw → 专业（发 ）广告，联系我 `boss91m1`
2022-06-20 15:53:05HWDBQ → 准备（发 ）广告，找 `boss91m1`
2022-06-20 15:53:37FHaak8 → 专业（发 ）广告，联系我 `boss91m1`
2022-06-20 15:54:48PingAn66Shop → 需要 群、发，找 `boss91m1`
2022-06-20 15:55:09lyn1MRngiQ1NzY1 → 来（发 ）广告，联系 `boss91m1`
2022-06-20 15:55:26bailaohui_cvv → 需要 软、件，找 `boss91m1`
2022-06-20 15:55:56daishoujiaoyi → 来（发 ）广告，联系 `boss91m1`
2022-06-20 15:56:24atsfytffxy6888 → 要（发 ）广告，联系 `boss91m1`
2022-06-20 15:57:11axujj → 想找人（ 发 ）广告，找 `boss91m1`
2022-06-20 15:57:44dbjlq1 → 准备（发 ）广告，找 `boss91m1`
2022-06-20 15:59:55tcelue1 → 要（发 ）广告，联系 `boss91m1`
2022-06-20 16:00:13tz636 → 想找人（ 发 ）广告，找 `boss91m1`
2022-06-20 16:00:43xinbi_088 → 需要 软、件，找 `boss91m1`
2022-06-20 16:01:08hrsj888 → 需要 群、发软、件，找 `boss91m1`
2022-06-20 16:01:50kkkttt369 → 专业（发 ）广告，联系我 `boss91m1`
2022-06-20 16:02:40NodeGlobal → 想找人（ 发 ）广告，找 `boss91m1`
2022-06-20 16:02:57xingbi0088 → 专业（发 ）广告，联系我 `boss91m1`
2022-06-20 16:03:39guminlaqun66 → 想找人（ 发 ）广告，找 `boss91m1`
2022-06-20 16:04:25wybf168168 → 需要 群、发软、件，找 `boss91m1`
2022-06-20 16:05:27bclm1 → 专业（发 ）广告，联系我 `boss91m1`
2022-06-20 16:05:57MLA9999 → 需要 软、件，找 `boss91m1`
2022-06-20 16:06:41TG96110 → 需要 群、发，找 `boss91m1`
2022-06-20 16:06:57huihui220 → 想要（发 ）广告，找 `boss91m1`
2022-06-20 16:07:55zscd18 → 想要（发 ）广告，找 `boss91m1`
2022-06-20 16:08:49jiu_777 → 需要 群、发，找 `boss91m1`
2022-06-20 16:09:24USTCtg → 需要 群、发，找 `boss91m1`
2022-06-20 16:10:25xqtx6 → 来（发 ）广告，联系 `boss91m1`
2022-06-20 16:10:42kkkttt369 → 想找人（ 发 ）广告，找 `boss91m1`
2022-06-20 16:12:45KMFW56789 → (session) 协议号，零售、批发 找，`boss91m1`
2022-06-20 16:13:01yugzf → (session) 协议号，零售、批发 找，`boss91m1`
2022-06-20 16:13:19-1001692409589 → 来（发 ）广告，联系 `boss91m1`
2022-06-20 16:14:00-1001629074860 → 想要（发 ）广告，找 `boss91m1`
2022-06-20 16:15:46dbjlq1 → 要（发 ）广告，联系 `boss91m1`
2022-06-20 16:16:17PingAn66Shop → (session) 协议号，零售、批发 找，`boss91m1`
2022-06-20 16:17:11xinbi_088 → 要（发 ）广告，联系 `boss91m1`
2022-06-20 16:18:23yindutg → 需要 群、发，找 `boss91m1`
2022-06-20 16:19:25MDhuaren1 → 想要（发 ）广告，找 `boss91m1`
2022-06-20 16:20:00allswapCN → 来（发 ）广告，联系 `boss91m1`
2022-06-20 16:20:37TG96110 → 需要 软、件，找 `boss91m1`
2022-06-20 16:21:34HWDBQ → 需要 群、发软、件，找 `boss91m1`
2022-06-20 16:22:46bclm1 → 要（发 ）广告，联系 `boss91m1`
2022-06-20 16:24:10hrsj888 → 需要 软、件，找 `boss91m1`
2022-06-20 16:25:24huione888 → 来（发 ）广告，联系 `boss91m1`
2022-06-20 16:26:43dyjiaoliu → 来（发 ）广告，联系 `boss91m1`
2022-06-20 16:27:56yuehui8 → 来（发 ）广告，联系 `boss91m1`
2022-06-20 16:28:25zhongwen6 → 想要（发 ）广告，找 `boss91m1`
2022-06-20 16:29:14ziyuan2 → 想要（发 ）广告，找 `boss91m1`
2022-06-20 16:29:31si1688 → 想要（发 ）广告，找 `boss91m1`
2022-06-20 16:29:48laowangdan → 专业（发 ）广告，联系我 `boss91m1`
2022-06-20 16:31:44xingbi0088 → 需要 群、发，找 `boss91m1`
2022-06-20 16:32:08MLA9999 → 需要 软、件，找 `boss91m1`
2022-06-20 16:32:43iBox_official → 想找人（ 发 ）广告，找 `boss91m1`
2022-06-20 16:34:04niuniuqu → 需要 群、发软、件，找 `boss91m1`
2022-06-20 16:35:15cccccccxyyy → 专业（发 ）广告，联系我 `boss91m1`
2022-06-20 16:35:34meizi005 → 来（发 ）广告，联系 `boss91m1`
2022-06-20 16:36:05xbdb01 → 需要 软、件，找 `boss91m1`
2022-06-20 16:36:48USTCtg → 需要 群、发软、件，找 `boss91m1`
2022-06-20 16:37:26fw866 → 需要 群、发软、件，找 `boss91m1`
2022-06-20 16:38:11-1001629074860 → 来（发 ）广告，联系 `boss91m1`
2022-06-20 16:38:47guminlaqun66 → 需要 群、发软、件，找 `boss91m1`
2022-06-20 16:39:28xvswens → (session) 协议号，零售、批发 找，`boss91m1`
2022-06-20 16:40:00tz636 → 需要 群、发，找 `boss91m1`
2022-06-20 16:40:17baocai217 → 来（发 ）广告，联系 `boss91m1`
2022-06-20 16:40:34xingbi0088 → 需要 群、发，找 `boss91m1`
2022-06-20 16:41:05FHaak8 → (session) 协议号，零售、批发 找，`boss91m1`
2022-06-20 16:41:35MLA9999 → (session) 协议号，零售、批发 找，`boss91m1`
2022-06-20 16:41:58shorelalala → 要（发 ）广告，联系 `boss91m1`
2022-06-20 16:42:15allswapCN → (session) 协议号，零售、批发 找，`boss91m1`
2022-06-20 16:42:32xinbi_088 → 想要（发 ）广告，找 `boss91m1`
2022-06-20 16:43:28bailaohui_cvv → 想要（发 ）广告，找 `boss91m1`
2022-06-20 16:43:46bcweb → 准备（发 ）广告，找 `boss91m1`
2022-06-20 16:45:03sunshineyyds → 准备（发 ）广告，找 `boss91m1`
2022-06-20 16:46:16KMFW56789 → 来（发 ）广告，联系 `boss91m1`
2022-06-20 16:46:58si1688 → 需要 群、发，找 `boss91m1`
2022-06-20 16:48:51zscd18 → 想找人（ 发 ）广告，找 `boss91m1`
2022-06-20 16:49:21jiu_777 → 需要 群、发，找 `boss91m1`
2022-06-20 16:51:02yugzf → 需要 群、发软、件，找 `boss91m1`
2022-06-20 16:51:42kkkttt369 → 要（发 ）广告，联系 `boss91m1`
2022-06-20 16:52:36zhonwen6 → 需要 群、发软、件，找 `boss91m1`
2022-06-20 16:53:57dbjlq1 → 想要（发 ）广告，找 `boss91m1`
2022-06-20 16:54:15wybf168168 → 来（发 ）广告，联系 `boss91m1`
2022-06-20 16:54:32baocai217 → 想找人（ 发 ）广告，找 `boss91m1`
2022-06-20 16:54:50dyjiaoliu → 要（发 ）广告，联系 `boss91m1`
2022-06-20 16:56:25yindutg → 来（发 ）广告，联系 `boss91m1`
2022-06-20 16:56:42qwerdt1 → 要（发 ）广告，联系 `boss91m1`
2022-06-20 16:57:48sunshineyyds → 准备（发 ）广告，找 `boss91m1`
2022-06-20 16:58:40guminlaqun66 → 专业（发 ）广告，联系我 `boss91m1`
2022-06-20 16:59:15luckyyy8887 → (session) 协议号，零售、批发 找，`boss91m1`
2022-06-20 16:59:46daishoujiaoyi → 想找人（ 发 ）广告，找 `boss91m1`
2022-06-20 17:00:15NodeGlobal → 专业（发 ）广告，联系我 `boss91m1`
2022-06-20 17:01:27USTCtg → 想要（发 ）广告，找 `boss91m1`
2022-06-20 17:01:44HWDBQ → 想找人（ 发 ）广告，找 `boss91m1`
2022-06-20 17:02:17huihui220 → 来（发 ）广告，联系 `boss91m1`
2022-06-20 17:02:35xinbi_088 → 想找人（ 发 ）广告，找 `boss91m1`
2022-06-20 17:03:06iBox_official → 来（发 ）广告，联系 `boss91m1`
2022-06-20 17:04:29zscd18 → 来（发 ）广告，联系 `boss91m1`
2022-06-20 17:04:47qxinw → 想要（发 ）广告，找 `boss91m1`
2022-06-20 17:05:33MDhuaren1 → 想要（发 ）广告，找 `boss91m1`
2022-06-20 17:05:52MLA9999 → 需要 群、发软、件，找 `boss91m1`
2022-06-20 17:06:09PingAn66Shop → 来（发 ）广告，联系 `boss91m1`
2022-06-20 17:06:27-1001692409589 → 来（发 ）广告，联系 `boss91m1`
2022-06-20 17:07:11TG96110 → 想要（发 ）广告，找 `boss91m1`
2022-06-20 17:08:51A_K_3A → 想找人（ 发 ）广告，找 `boss91m1`
2022-06-20 17:09:41yindutg → 来（发 ）广告，联系 `boss91m1`
2022-06-20 17:09:58xingbi0088 → 来（发 ）广告，联系 `boss91m1`
2022-06-20 17:10:44xbdb01 → 需要 群、发，找 `boss91m1`
2022-06-20 17:11:56FG528 → 要（发 ）广告，联系 `boss91m1`
2022-06-20 17:12:13yuehui8 → 需要 群、发，找 `boss91m1`
2022-06-20 17:12:56tz636 → 来（发 ）广告，联系 `boss91m1`
2022-06-20 17:13:13tcelue1 → 需要 群、发，找 `boss91m1`
2022-06-20 17:14:14iBox_official → (session) 协议号，零售、批发 找，`boss91m1`
2022-06-20 17:15:18daishoujiaoyi → 需要 软、件，找 `boss91m1`
2022-06-20 17:15:34TG_King80 → 需要 群、发软、件，找 `boss91m1`
2022-06-20 17:16:08laowangdan → 需要 软、件，找 `boss91m1`
2022-06-20 17:16:37bclm1 → 要（发 ）广告，联系 `boss91m1`
2022-06-20 17:17:50si1688 → 来（发 ）广告，联系 `boss91m1`
2022-06-20 17:19:18juliang666 → 需要 群、发，找 `boss91m1`
2022-06-20 17:20:16guminlaqun66 → 来（发 ）广告，联系 `boss91m1`
2022-06-20 17:20:33kkkttt369 → 想找人（ 发 ）广告，找 `boss91m1`
2022-06-20 17:21:44djsqgali → 准备（发 ）广告，找 `boss91m1`
2022-06-20 17:22:26-1001692409589 → 想找人（ 发 ）广告，找 `boss91m1`
2022-06-20 17:23:12dibai918 → 想找人（ 发 ）广告，找 `boss91m1`
2022-06-20 17:24:47sanfang53 → 需要 群、发软、件，找 `boss91m1`
2022-06-20 17:26:38axujj → 来（发 ）广告，联系 `boss91m1`
2022-06-20 17:27:23tz636 → 来（发 ）广告，联系 `boss91m1`
2022-06-20 17:27:53bailaohui_cvv → 来（发 ）广告，联系 `boss91m1`
2022-06-20 17:28:22sunshineyyds → 想要（发 ）广告，找 `boss91m1`
2022-06-20 17:28:54bcweb → 需要 软、件，找 `boss91m1`
2022-06-20 17:29:32jiu_777 → 需要 群、发，找 `boss91m1`
2022-06-20 17:31:03NodeGlobal → 专业（发 ）广告，联系我 `boss91m1`
2022-06-20 17:32:47xinbi_088 → 来（发 ）广告，联系 `boss91m1`
2022-06-20 17:33:04dbjlq1 → 想要（发 ）广告，找 `boss91m1`
2022-06-20 17:33:22huihui220 → 来（发 ）广告，联系 `boss91m1`
2022-06-20 17:33:40MLA9999 → 想找人（ 发 ）广告，找 `boss91m1`
2022-06-20 17:34:27HWDBQ → 来（发 ）广告，联系 `boss91m1`
2022-06-20 17:34:44wybf168168 → 来（发 ）广告，联系 `boss91m1`
2022-06-20 17:35:27baocai217 → 来（发 ）广告，联系 `boss91m1`
2022-06-20 17:35:44-1001629074860 → 需要 软、件，找 `boss91m1`
2022-06-20 17:36:56PingAn66Shop → 要（发 ）广告，联系 `boss91m1`
2022-06-20 17:38:43zscd18 → 想找人（ 发 ）广告，找 `boss91m1`
2022-06-20 17:39:03xingbi0088 → 需要 群、发，找 `boss91m1`
2022-06-20 17:39:33MDhuaren1 → 需要 群、发软、件，找 `boss91m1`
2022-06-20 17:39:53laowangdan → 想要（发 ）广告，找 `boss91m1`
2022-06-20 17:40:27USTCtg → 想要（发 ）广告，找 `boss91m1`
2022-06-20 17:40:47meizi005 → 准备（发 ）广告，找 `boss91m1`
2022-06-20 17:42:14ALv9shop → 需要 群、发，找 `boss91m1`
2022-06-20 17:43:06ziyuan2 → 想要（发 ）广告，找 `boss91m1`
2022-06-20 17:44:26fw866 → 专业（发 ）广告，联系我 `boss91m1`
2022-06-20 17:44:44tcelue1 → 要（发 ）广告，联系 `boss91m1`
2022-06-20 17:45:03yindutg → 来（发 ）广告，联系 `boss91m1`
2022-06-20 17:45:24kkkttt369 → 专业（发 ）广告，联系我 `boss91m1`
2022-06-20 17:46:19yuehui8 → 需要 软、件，找 `boss91m1`
2022-06-20 17:47:22axujj → (session) 协议号，零售、批发 找，`boss91m1`
2022-06-20 17:49:08iBox_official → 专业（发 ）广告，联系我 `boss91m1`
2022-06-20 17:50:05bclm1 → 准备（发 ）广告，找 `boss91m1`
2022-06-20 17:50:37BtokCN_001 → 想要（发 ）广告，找 `boss91m1`
2022-06-20 17:51:40MLA9999 → 来（发 ）广告，联系 `boss91m1`
2022-06-20 17:52:12HWDBQ → 要（发 ）广告，联系 `boss91m1`
2022-06-20 17:52:50dubailkmv → 专业（发 ）广告，联系我 `boss91m1`
2022-06-20 17:53:32xbdb01 → 需要 群、发，找 `boss91m1`
2022-06-20 17:56:08zhongwen6 → 想找人（ 发 ）广告，找 `boss91m1`
2022-06-20 17:56:46fxgiantss → 需要 软、件，找 `boss91m1`
2022-06-20 17:57:02yugzf → 想要（发 ）广告，找 `boss91m1`
2022-06-20 17:59:00si1688 → 专业（发 ）广告，联系我 `boss91m1`
2022-06-20 17:59:17KMFW56789 → 来（发 ）广告，联系 `boss91m1`
2022-06-20 18:00:44xingbi0088 → 准备（发 ）广告，找 `boss91m1`
2022-06-20 18:01:02NodeGlobal → 想找人（ 发 ）广告，找 `boss91m1`
2022-06-20 18:01:19USTCtg → 来（发 ）广告，联系 `boss91m1`
2022-06-20 18:02:52-1001629074860 → 想找人（ 发 ）广告，找 `boss91m1`
2022-06-20 18:03:09qwerdt1 → 想要（发 ）广告，找 `boss91m1`
2022-06-20 18:03:26xinbi_088 → 需要 群、发软、件，找 `boss91m1`
2022-06-20 18:04:44jiu_777 → 需要 软、件，找 `boss91m1`
2022-06-20 18:06:15feifei997 → 需要 群、发软、件，找 `boss91m1`
2022-06-20 18:06:44sanfang53 → 需要 群、发，找 `boss91m1`
2022-06-20 18:07:02yindutg → 来（发 ）广告，联系 `boss91m1`
2022-06-20 18:08:41BNBAA22 → 专业（发 ）广告，联系我 `boss91m1`
2022-06-20 18:10:16tz636 → 需要 软、件，找 `boss91m1`
2022-06-20 18:11:10bclm1 → 来（发 ）广告，联系 `boss91m1`
2022-06-20 18:12:25bcweb → 需要 群、发，找 `boss91m1`
2022-06-20 18:12:54tgzhcn → 要（发 ）广告，联系 `boss91m1`
2022-06-20 18:13:24dyjiaoliu → 需要 软、件，找 `boss91m1`
2022-06-20 18:14:24yuehui8 → 准备（发 ）广告，找 `boss91m1`
2022-06-20 18:14:55-1001692409589 → 想找人（ 发 ）广告，找 `boss91m1`
2022-06-20 18:15:12qxinw → 专业（发 ）广告，联系我 `boss91m1`
2022-06-20 18:15:33Bdui888 → 来（发 ）广告，联系 `boss91m1`
2022-06-20 18:16:16sunshineyyds → 来（发 ）广告，联系 `boss91m1`
2022-06-20 18:16:33zscd18 → (session) 协议号，零售、批发 找，`boss91m1`
2022-06-20 18:17:29yindutg → 需要 软、件，找 `boss91m1`
2022-06-20 18:17:47laowangdan → 需要 群、发，找 `boss91m1`
2022-06-20 18:18:08caoji565 → 需要 软、件，找 `boss91m1`
2022-06-20 18:19:08wybf168168 → 准备（发 ）广告，找 `boss91m1`
2022-06-20 18:20:10dbjlq1 → 准备（发 ）广告，找 `boss91m1`
2022-06-20 18:21:38iBox_official → 专业（发 ）广告，联系我 `boss91m1`
2022-06-20 18:22:22daishoujiaoyi → 准备（发 ）广告，找 `boss91m1`
2022-06-20 18:23:33meizi005 → 想要（发 ）广告，找 `boss91m1`
2022-06-20 18:24:00huihui220 → 来（发 ）广告，联系 `boss91m1`
2022-06-20 18:25:15bailaohui_cvv → 想要（发 ）广告，找 `boss91m1`
2022-06-20 18:25:47tz636 → (session) 协议号，零售、批发 找，`boss91m1`
2022-06-20 18:26:54btokofficial_03 → 需要 软、件，找 `boss91m1`
2022-06-20 18:27:54kkkttt369 → 要（发 ）广告，联系 `boss91m1`
2022-06-20 18:29:10zhongwen6 → 需要 软、件，找 `boss91m1`
2022-06-20 18:29:27xingbi0088 → 需要 软、件，找 `boss91m1`
2022-06-20 18:29:58xbdb01 → 专业（发 ）广告，联系我 `boss91m1`
2022-06-20 18:30:22yindutg → 想要（发 ）广告，找 `boss91m1`
2022-06-20 18:31:39HWDBQ → 想找人（ 发 ）广告，找 `boss91m1`
2022-06-20 18:31:55TG_King80 → 准备（发 ）广告，找 `boss91m1`
2022-06-20 18:32:13USTCtg → (session) 协议号，零售、批发 找，`boss91m1`
2022-06-20 18:33:47sanfang53 → 需要 群、发，找 `boss91m1`
2022-06-20 18:34:04laowangdan → 准备（发 ）广告，找 `boss91m1`
2022-06-20 18:36:20xjfghdkjghkdfgh → 想找人（ 发 ）广告，找 `boss91m1`
2022-06-20 18:36:50xbdb01 → 需要 软、件，找 `boss91m1`
2022-06-20 18:40:40qxinw → 准备（发 ）广告，找 `boss91m1`
2022-06-20 18:41:48baocai217 → 需要 群、发软、件，找 `boss91m1`
2022-06-20 18:42:05sunshineyyds → 准备（发 ）广告，找 `boss91m1`
2022-06-20 18:42:38daishoujiaoyi → 专业（发 ）广告，联系我 `boss91m1`
2022-06-20 18:43:36xingbi0088 → 准备（发 ）广告，找 `boss91m1`
2022-06-20 18:43:53xinbi_088 → 专业（发 ）广告，联系我 `boss91m1`
2022-06-20 18:44:23-1001692409589 → 专业（发 ）广告，联系我 `boss91m1`
2022-06-20 18:44:41btokofficial_03 → 想找人（ 发 ）广告，找 `boss91m1`
2022-06-20 18:45:15zscd18 → 来（发 ）广告，联系 `boss91m1`
2022-06-20 18:45:43yugzf → 想要（发 ）广告，找 `boss91m1`
2022-06-20 18:46:21iBox_official → 专业（发 ）广告，联系我 `boss91m1`
2022-06-20 18:47:54KMFW56789 → 需要 群、发，找 `boss91m1`
2022-06-20 18:48:57si1688 → 专业（发 ）广告，联系我 `boss91m1`
2022-06-20 18:49:39yindutg → 需要 软、件，找 `boss91m1`
2022-06-20 18:50:28MDhuaren1 → (session) 协议号，零售、批发 找，`boss91m1`
2022-06-20 18:50:53dbjlq1 → 要（发 ）广告，联系 `boss91m1`
2022-06-20 18:52:19bclm1 → 专业（发 ）广告，联系我 `boss91m1`
2022-06-20 18:53:46tz636 → 要（发 ）广告，联系 `boss91m1`
2022-06-20 18:54:20NodeGlobal → (session) 协议号，零售、批发 找，`boss91m1`
2022-06-20 18:54:38dyjiaoliu → 来（发 ）广告，联系 `boss91m1`
2022-06-20 18:55:55fxgiantss → 想要（发 ）广告，找 `boss91m1`
2022-06-20 18:57:38bailaohui_cvv → 需要 群、发，找 `boss91m1`
2022-06-20 18:59:01HWDBQ → (session) 协议号，零售、批发 找，`boss91m1`
2022-06-20 19:00:36axujj → 需要 群、发软、件，找 `boss91m1`
2022-06-20 19:00:54ziyuan2 → 需要 软、件，找 `boss91m1`
2022-06-20 19:01:36Asiaweed → 需要 群、发软、件，找 `boss91m1`
2022-06-20 19:02:11-1001629074860 → 想要（发 ）广告，找 `boss91m1`
2022-06-20 19:02:50bcweb → 需要 软、件，找 `boss91m1`
2022-06-20 19:03:06MDhuaren1 → 需要 群、发软、件，找 `boss91m1`
2022-06-20 19:05:09jiu_777 → 来（发 ）广告，联系 `boss91m1`
2022-06-20 19:05:58laowangdan → 专业（发 ）广告，联系我 `boss91m1`
2022-06-20 19:06:29USTCtg → 需要 软、件，找 `boss91m1`
2022-06-20 19:07:45si1688 → 需要 群、发软、件，找 `boss91m1`
2022-06-20 19:08:02yuehui8 → 需要 群、发，找 `boss91m1`
2022-06-20 19:08:56-1001692409589 → 来（发 ）广告，联系 `boss91m1`
2022-06-20 19:09:25yindutg → 需要 群、发软、件，找 `boss91m1`
2022-06-20 19:10:24xbdb01 → 想要（发 ）广告，找 `boss91m1`
2022-06-20 19:10:41xingbi0088 → 准备（发 ）广告，找 `boss91m1`
2022-06-20 19:11:24sanfang53 → (session) 协议号，零售、批发 找，`boss91m1`
2022-06-20 19:11:41wybf168168 → 准备（发 ）广告，找 `boss91m1`
2022-06-20 19:13:12xinbi_088 → 要（发 ）广告，联系 `boss91m1`
2022-06-20 19:14:21TG9010 → 需要 软、件，找 `boss91m1`
2022-06-20 19:15:41iBox_official → 专业（发 ）广告，联系我 `boss91m1`
2022-06-20 19:16:37sunshineyyds → (session) 协议号，零售、批发 找，`boss91m1`
2022-06-20 19:16:53yugzf → (session) 协议号，零售、批发 找，`boss91m1`
2022-06-20 19:17:11NodeGlobal → 来（发 ）广告，联系 `boss91m1`
2022-06-20 19:17:28zscd18 → 来（发 ）广告，联系 `boss91m1`
2022-06-20 19:17:45baocai217 → 要（发 ）广告，联系 `boss91m1`
2022-06-20 19:20:54qwerdt1 → 准备（发 ）广告，找 `boss91m1`
2022-06-20 19:21:37dbjlq1 → 来（发 ）广告，联系 `boss91m1`
2022-06-20 19:23:31xinbi_088 → 来（发 ）广告，联系 `boss91m1`
2022-06-20 19:24:03yindutg → 来（发 ）广告，联系 `boss91m1`
2022-06-20 19:24:28xingbi0088 → 需要 群、发软、件，找 `boss91m1`
2022-06-20 19:25:37daishoujiaoyi → 需要 软、件，找 `boss91m1`
2022-06-20 19:25:54USTCtg → 来（发 ）广告，联系 `boss91m1`
2022-06-20 19:26:23bclm1 → 来（发 ）广告，联系 `boss91m1`
2022-06-20 19:27:10zscd18 → 想找人（ 发 ）广告，找 `boss91m1`
2022-06-20 19:27:53laowangdan → 需要 群、发，找 `boss91m1`
2022-06-20 19:28:10bcweb → 想找人（ 发 ）广告，找 `boss91m1`
2022-06-20 19:28:57-1001663297854 → 想找人（ 发 ）广告，找 `boss91m1`
2022-06-20 19:29:46-1001629074860 → 专业（发 ）广告，联系我 `boss91m1`
2022-06-20 19:30:15zhongwen6 → 需要 群、发，找 `boss91m1`
2022-06-20 19:31:53yindutg → 需要 群、发，找 `boss91m1`
2022-06-20 19:32:10axujj → 专业（发 ）广告，联系我 `boss91m1`
2022-06-20 19:32:27tz636 → 需要 群、发，找 `boss91m1`
2022-06-20 19:34:20sanfang53 → 想要（发 ）广告，找 `boss91m1`
2022-06-20 19:34:39iBox_official → 来（发 ）广告，联系 `boss91m1`
2022-06-20 19:35:44NodeGlobal → 要（发 ）广告，联系 `boss91m1`
2022-06-20 19:36:02wybf168168 → 需要 群、发软、件，找 `boss91m1`
2022-06-20 19:36:59HWDBQ → 想要（发 ）广告，找 `boss91m1`
2022-06-20 19:38:48qxinw → 需要 群、发，找 `boss91m1`
2022-06-20 19:39:31xingbi0088 → 专业（发 ）广告，联系我 `boss91m1`
2022-06-20 19:40:17yindutg → 专业（发 ）广告，联系我 `boss91m1`
2022-06-20 19:40:35tz636 → (session) 协议号，零售、批发 找，`boss91m1`
2022-06-20 19:41:18zscd18 → 需要 软、件，找 `boss91m1`
2022-06-20 19:42:02-1001692409589 → 需要 群、发软、件，找 `boss91m1`
2022-06-20 19:42:33KMFW56789 → (session) 协议号，零售、批发 找，`boss91m1`
2022-06-20 19:42:51xinbi_088 → 需要 软、件，找 `boss91m1`
2022-06-20 19:43:30jiu_777 → 要（发 ）广告，联系 `boss91m1`
2022-06-20 19:44:00dbjlq1 → 来（发 ）广告，联系 `boss91m1`
2022-06-20 19:44:29daishoujiaoyi → 专业（发 ）广告，联系我 `boss91m1`
2022-06-20 19:44:47iBox_official → 专业（发 ）广告，联系我 `boss91m1`
2022-06-20 19:45:34laowangdan → 需要 群、发，找 `boss91m1`
2022-06-20 19:46:26NodeGlobal → 要（发 ）广告，联系 `boss91m1`
2022-06-20 19:47:17si1688 → 准备（发 ）广告，找 `boss91m1`
2022-06-20 19:47:46xingbi0088 → 来（发 ）广告，联系 `boss91m1`
2022-06-20 19:48:03USTCtg → 来（发 ）广告，联系 `boss91m1`
2022-06-20 19:50:01baocai217 → 需要 群、发软、件，找 `boss91m1`
2022-06-20 19:50:18dyjiaoliu → 想要（发 ）广告，找 `boss91m1`
2022-06-20 19:51:27xbdb01 → 专业（发 ）广告，联系我 `boss91m1`
2022-06-20 19:52:10zscd18 → 想找人（ 发 ）广告，找 `boss91m1`
2022-06-20 19:52:26yugzf → 想找人（ 发 ）广告，找 `boss91m1`
2022-06-20 19:52:55daishoujiaoyi → 专业（发 ）广告，联系我 `boss91m1`
2022-06-20 19:53:25iBox_official → 需要 群、发软、件，找 `boss91m1`
2022-06-20 19:55:05yindutg → 需要 群、发软、件，找 `boss91m1`
2022-06-20 19:55:48Q4CWWJ3W9wyYzU5 → 要（发 ）广告，联系 `boss91m1`
2022-06-20 19:56:24xingbi0088 → (session) 协议号，零售、批发 找，`boss91m1`
2022-06-20 19:56:42-1001692409589 → (session) 协议号，零售、批发 找，`boss91m1`
2022-06-20 19:57:03USTCtg → 准备（发 ）广告，找 `boss91m1`
2022-06-20 19:58:38xinbi_088 → 来（发 ）广告，联系 `boss91m1`
2022-06-20 19:59:09bailaohui_cvv → 想找人（ 发 ）广告，找 `boss91m1`
2022-06-20 19:59:42NodeGlobal → 来（发 ）广告，联系 `boss91m1`
2022-06-20 20:00:44bclm1 → 专业（发 ）广告，联系我 `boss91m1`
2022-06-20 20:01:21jiu_777 → 想找人（ 发 ）广告，找 `boss91m1`
2022-06-20 20:01:39tz636 → 来（发 ）广告，联系 `boss91m1`
2022-06-20 20:01:57laowangdan → 想要（发 ）广告，找 `boss91m1`
2022-06-20 20:02:30daishoujiaoyi → 需要 软、件，找 `boss91m1`
2022-06-20 20:02:47wybf168168 → 需要 群、发软、件，找 `boss91m1`
2022-06-20 20:03:04KMFW56789 → 来（发 ）广告，联系 `boss91m1`
2022-06-20 20:03:27TG1949521 → 想找人（ 发 ）广告，找 `boss91m1`
2022-06-20 20:03:59sanfang53 → 要（发 ）广告，联系 `boss91m1`
2022-06-20 20:04:16sunshineyyds → 准备（发 ）广告，找 `boss91m1`
2022-06-20 20:04:34yindutg → 想要（发 ）广告，找 `boss91m1`
2022-06-20 20:05:15zscd18 → 专业（发 ）广告，联系我 `boss91m1`
2022-06-20 20:05:47HWDBQ → 要（发 ）广告，联系 `boss91m1`
2022-06-20 20:06:37iBox_official → 要（发 ）广告，联系 `boss91m1`
2022-06-20 20:07:24xingbi0088 → 来（发 ）广告，联系 `boss91m1`
2022-06-20 20:10:21NodeGlobal → 准备（发 ）广告，找 `boss91m1`
2022-06-20 20:10:46xingbi0088 → (session) 协议号，零售、批发 找，`boss91m1`
2022-06-20 20:11:15bcweb → 准备（发 ）广告，找 `boss91m1`
2022-06-20 20:11:34si1688 → 来（发 ）广告，联系 `boss91m1`
2022-06-20 20:12:14qxinw → (session) 协议号，零售、批发 找，`boss91m1`
2022-06-20 20:13:15zscd18 → 来（发 ）广告，联系 `boss91m1`
2022-06-20 20:13:34jiu_777 → 想找人（ 发 ）广告，找 `boss91m1`
2022-06-20 20:13:52yindutg → 需要 群、发，找 `boss91m1`
2022-06-20 20:14:21yugzf → 来（发 ）广告，联系 `boss91m1`
2022-06-20 20:14:54daishoujiaoyi → 准备（发 ）广告，找 `boss91m1`
2022-06-20 20:15:44iBox_official → 想要（发 ）广告，找 `boss91m1`
2022-06-20 20:16:19tz636 → 专业（发 ）广告，联系我 `boss91m1`
2022-06-20 20:17:17xmarspace → 来（发 ）广告，联系 `boss91m1`
2022-06-20 20:17:52dbjlq1 → 准备（发 ）广告，找 `boss91m1`
2022-06-20 20:18:14laowangdan → 想要（发 ）广告，找 `boss91m1`
2022-06-20 20:18:41baocai217 → 想要（发 ）广告，找 `boss91m1`
2022-06-20 20:19:13axujj → 需要 群、发软、件，找 `boss91m1`
2022-06-20 20:21:31USTCtg → 来（发 ）广告，联系 `boss91m1`
2022-06-20 20:22:16xbdb01 → 想找人（ 发 ）广告，找 `boss91m1`
2022-06-20 20:23:00xinbi_088 → 来（发 ）广告，联系 `boss91m1`
2022-06-20 20:23:18bailaohui_cvv → 想找人（ 发 ）广告，找 `boss91m1`
2022-06-20 20:23:50bcweb → 需要 群、发，找 `boss91m1`
2022-06-20 20:24:56NodeGlobal → 来（发 ）广告，联系 `boss91m1`
2022-06-20 20:25:18xingbi0088 → 想找人（ 发 ）广告，找 `boss91m1`
2022-06-20 20:26:03yindutg → 需要 群、发软、件，找 `boss91m1`
2022-06-20 20:26:53wybf168168 → 需要 群、发，找 `boss91m1`
2022-06-20 20:27:12baocai217 → 专业（发 ）广告，联系我 `boss91m1`
2022-06-20 20:27:37zscd18 → 想要（发 ）广告，找 `boss91m1`
2022-06-20 20:28:13sunshineyyds → 需要 群、发，找 `boss91m1`
2022-06-20 20:29:15puxadasgratis → 想找人（ 发 ）广告，找 `boss91m1`
2022-06-20 20:29:50si1688 → 要（发 ）广告，联系 `boss91m1`
2022-06-20 20:30:20iBox_official → 想要（发 ）广告，找 `boss91m1`
2022-06-20 20:30:52dyjiaoliu → 想找人（ 发 ）广告，找 `boss91m1`
2022-06-20 20:31:22daishoujiaoyi → (session) 协议号，零售、批发 找，`boss91m1`
2022-06-20 20:31:47zhongwen6 → 专业（发 ）广告，联系我 `boss91m1`
2022-06-20 20:32:04ziyuan2 → 准备（发 ）广告，找 `boss91m1`
2022-06-20 20:32:50sanfang53 → 需要 群、发，找 `boss91m1`
2022-06-20 20:33:08xingbi0088 → 需要 软、件，找 `boss91m1`
2022-06-20 20:33:48qxinw → 来（发 ）广告，联系 `boss91m1`
2022-06-20 20:34:07xinbi_088 → 来（发 ）广告，联系 `boss91m1`
2022-06-20 20:35:04yuechuruanjian1 → 需要 群、发，找 `boss91m1`
2022-06-20 20:35:34jiu_777 → 专业（发 ）广告，联系我 `boss91m1`
2022-06-20 20:35:52USTCtg → 需要 群、发，找 `boss91m1`
2022-06-20 20:36:09qwerdt1 → 需要 群、发，找 `boss91m1`
2022-06-20 20:36:42NodeGlobal → 想要（发 ）广告，找 `boss91m1`
2022-06-20 20:37:19zscd18 → 需要 群、发软、件，找 `boss91m1`
2022-06-20 20:38:00laowangdan → 需要 软、件，找 `boss91m1`
2022-06-20 20:38:18iBox_official → 想要（发 ）广告，找 `boss91m1`
2022-06-20 20:38:37yindutg → 想要（发 ）广告，找 `boss91m1`
2022-06-20 20:39:24bclm1 → 来（发 ）广告，联系 `boss91m1`
2022-06-20 20:39:53KMFW56789 → 需要 群、发，找 `boss91m1`
2022-06-20 20:40:11daishoujiaoyi → 要（发 ）广告，联系 `boss91m1`
2022-06-20 20:40:39tz636 → 专业（发 ）广告，联系我 `boss91m1`
2022-06-20 20:41:14bcweb → 想要（发 ）广告，找 `boss91m1`
2022-06-20 20:41:49dubailkmv → 来（发 ）广告，联系 `boss91m1`
2022-06-20 20:42:07-1001692409589 → 要（发 ）广告，联系 `boss91m1`
2022-06-20 20:42:43wybf168168 → 想要（发 ）广告，找 `boss91m1`
2022-06-20 20:43:00xingbi0088 → 准备（发 ）广告，找 `boss91m1`
2022-06-20 20:44:13NodeGlobal → 专业（发 ）广告，联系我 `boss91m1`
2022-06-20 20:44:31HWDBQ → 想找人（ 发 ）广告，找 `boss91m1`
2022-06-20 20:45:11bailaohui_cvv → 需要 群、发软、件，找 `boss91m1`
2022-06-20 20:46:15axujj → 来（发 ）广告，联系 `boss91m1`
2022-06-20 20:47:55xinbi_088 → 想找人（ 发 ）广告，找 `boss91m1`
2022-06-20 20:48:13daishoujiaoyi → 想要（发 ）广告，找 `boss91m1`
2022-06-20 20:48:31zscd18 → 需要 群、发，找 `boss91m1`
2022-06-20 20:49:26USTCtg → 需要 群、发，找 `boss91m1`
2022-06-20 20:49:47diyidaifu → 来（发 ）广告，联系 `boss91m1`
2022-06-20 20:50:25bclm1 → 想找人（ 发 ）广告，找 `boss91m1`
2022-06-20 20:50:53yugzf → 来（发 ）广告，联系 `boss91m1`
2022-06-20 20:51:10sanfang53 → 专业（发 ）广告，联系我 `boss91m1`
2022-06-20 20:51:53iBox_official → 来（发 ）广告，联系 `boss91m1`
2022-06-20 20:52:10yindutg → 专业（发 ）广告，联系我 `boss91m1`
2022-06-20 20:53:01dyjiaoliu → 来（发 ）广告，联系 `boss91m1`
2022-06-20 20:53:36jiu_777 → 需要 群、发，找 `boss91m1`
2022-06-20 20:54:07bcweb → 需要 群、发，找 `boss91m1`
2022-06-20 20:54:25xingbi0088 → 想找人（ 发 ）广告，找 `boss91m1`
2022-06-20 20:54:55tz636 → 需要 群、发，找 `boss91m1`
2022-06-20 20:55:13dbjlq1 → 需要 群、发软、件，找 `boss91m1`
2022-06-20 20:55:35shenma001 → 专业（发 ）广告，联系我 `boss91m1`
2022-06-20 20:56:09laowangdan → 专业（发 ）广告，联系我 `boss91m1`
2022-06-20 20:56:39HWDBQ → (session) 协议号，零售、批发 找，`boss91m1`
2022-06-20 20:57:37NodeGlobal → 需要 软、件，找 `boss91m1`
2022-06-20 20:59:16TG_King80 → 需要 群、发，找 `boss91m1`
2022-06-20 20:59:57yindutg → 需要 群、发软、件，找 `boss91m1`
2022-06-20 21:00:44-1001692409589 → 需要 群、发，找 `boss91m1`
2022-06-20 21:01:01daishoujiaoyi → 准备（发 ）广告，找 `boss91m1`
2022-06-20 21:01:31baocai217 → 需要 软、件，找 `boss91m1`
2022-06-20 21:01:50iBox_official → 想要（发 ）广告，找 `boss91m1`
2022-06-20 21:02:08zscd18 → (session) 协议号，零售、批发 找，`boss91m1`
2022-06-20 21:02:52qxinw → 需要 群、发软、件，找 `boss91m1`
2022-06-20 21:03:17axujj → (session) 协议号，零售、批发 找，`boss91m1`
2022-06-20 21:04:04sunshineyyds → 想要（发 ）广告，找 `boss91m1`
2022-06-20 21:05:11NodeGlobal → 想要（发 ）广告，找 `boss91m1`
2022-06-20 21:05:30jiu_777 → 要（发 ）广告，联系 `boss91m1`
2022-06-20 21:06:36xingbi0088 → 来（发 ）广告，联系 `boss91m1`
2022-06-20 21:06:53tz636 → 需要 软、件，找 `boss91m1`
2022-06-20 21:07:58laowangdan → 来（发 ）广告，联系 `boss91m1`
2022-06-20 21:08:53xinbi_088 → 需要 群、发软、件，找 `boss91m1`
2022-06-20 21:09:22USTCtg → 需要 软、件，找 `boss91m1`
2022-06-20 21:10:13baocai217 → 来（发 ）广告，联系 `boss91m1`
2022-06-20 21:10:36USDT43 → 需要 群、发，找 `boss91m1`
2022-06-20 21:10:53xbdb01 → (session) 协议号，零售、批发 找，`boss91m1`
2022-06-20 21:11:11iBox_official → 要（发 ）广告，联系 `boss91m1`
2022-06-20 21:11:41si1688 → 专业（发 ）广告，联系我 `boss91m1`
2022-06-20 21:12:12daishoujiaoyi → 需要 群、发软、件，找 `boss91m1`
2022-06-20 21:12:42bcweb → 准备（发 ）广告，找 `boss91m1`
2022-06-20 21:13:13zscd18 → 来（发 ）广告，联系 `boss91m1`
2022-06-20 21:13:31yindutg → 要（发 ）广告，联系 `boss91m1`
2022-06-20 21:13:56xingbi0088 → 来（发 ）广告，联系 `boss91m1`
2022-06-20 21:15:17bailaohui_cvv → 需要 软、件，找 `boss91m1`
2022-06-20 21:16:07NodeGlobal → 准备（发 ）广告，找 `boss91m1`
2022-06-20 21:16:37meizi005 → (session) 协议号，零售、批发 找，`boss91m1`
2022-06-20 21:19:26yugzf → 来（发 ）广告，联系 `boss91m1`
2022-06-20 21:19:44KMFW56789 → 想要（发 ）广告，找 `boss91m1`
2022-06-20 21:20:13sanfang53 → 来（发 ）广告，联系 `boss91m1`
2022-06-20 21:21:05bc123hx → 来（发 ）广告，联系 `boss91m1`
2022-06-20 21:21:27zscd18 → 想找人（ 发 ）广告，找 `boss91m1`
2022-06-20 21:21:59yindutg → 想要（发 ）广告，找 `boss91m1`
2022-06-20 21:22:18xinbi_088 → 想要（发 ）广告，找 `boss91m1`
2022-06-20 21:22:36bcweb → 来（发 ）广告，联系 `boss91m1`
2022-06-20 21:22:55iBox_official → 需要 群、发，找 `boss91m1`
2022-06-20 21:23:39tz636 → 需要 群、发软、件，找 `boss91m1`
2022-06-20 21:24:01daishoujiaoyi → 需要 软、件，找 `boss91m1`
2022-06-20 21:24:37xbdb01 → 来（发 ）广告，联系 `boss91m1`
2022-06-20 21:25:22USTCtg → 来（发 ）广告，联系 `boss91m1`
2022-06-20 21:25:40xingbi0088 → 需要 软、件，找 `boss91m1`
2022-06-20 21:25:57axujj → 准备（发 ）广告，找 `boss91m1`
2022-06-20 21:26:28laowangdan → 需要 群、发软、件，找 `boss91m1`
2022-06-20 21:27:05NodeGlobal → 想找人（ 发 ）广告，找 `boss91m1`
2022-06-20 21:28:39jiu_777 → 想找人（ 发 ）广告，找 `boss91m1`
2022-06-20 21:29:10-1001692409589 → 需要 群、发软、件，找 `boss91m1`
2022-06-20 21:30:34zscd18 → 来（发 ）广告，联系 `boss91m1`
2022-06-20 21:31:06iBox_official → 要（发 ）广告，联系 `boss91m1`
2022-06-20 21:31:48zhongwen6 → 来（发 ）广告，联系 `boss91m1`
2022-06-20 21:32:06bcweb → 想要（发 ）广告，找 `boss91m1`
2022-06-20 21:33:15qxinw → 准备（发 ）广告，找 `boss91m1`
2022-06-20 21:33:33yindutg → 想要（发 ）广告，找 `boss91m1`
2022-06-20 21:35:12HWDBQ → 专业（发 ）广告，联系我 `boss91m1`
2022-06-20 21:35:30xingbi0088 → 来（发 ）广告，联系 `boss91m1`
2022-06-20 21:35:47dyjiaoliu → 要（发 ）广告，联系 `boss91m1`
2022-06-20 21:36:18tz636 → 想找人（ 发 ）广告，找 `boss91m1`
2022-06-20 21:36:34yugzf → 准备（发 ）广告，找 `boss91m1`
2022-06-20 21:37:11baocai217 → (session) 协议号，零售、批发 找，`boss91m1`
2022-06-20 21:37:28NodeGlobal → 来（发 ）广告，联系 `boss91m1`
2022-06-20 21:37:47daishoujiaoyi → 需要 群、发软、件，找 `boss91m1`
2022-06-20 21:38:22laowangdan → 专业（发 ）广告，联系我 `boss91m1`
2022-06-20 21:38:55chenggong060 → 需要 群、发软、件，找 `boss91m1`
2022-06-20 21:39:25sunshineyyds → 需要 群、发软、件，找 `boss91m1`
2022-06-20 21:40:33iBox_official → 想要（发 ）广告，找 `boss91m1`
2022-06-20 21:40:52zscd18 → 来（发 ）广告，联系 `boss91m1`
2022-06-20 21:41:10dbjlq1 → 准备（发 ）广告，找 `boss91m1`
2022-06-20 21:41:28jiu_777 → 要（发 ）广告，联系 `boss91m1`
2022-06-20 21:41:58sanfang53 → 要（发 ）广告，联系 `boss91m1`
2022-06-20 21:42:27si1688 → 专业（发 ）广告，联系我 `boss91m1`
2022-06-20 21:43:01USTCtg → 想找人（ 发 ）广告，找 `boss91m1`
2022-06-20 21:43:18xinbi_088 → 想找人（ 发 ）广告，找 `boss91m1`
2022-06-20 21:43:35yindutg → 准备（发 ）广告，找 `boss91m1`
2022-06-20 21:44:06bcweb → 准备（发 ）广告，找 `boss91m1`
2022-06-20 21:45:35bailaohui_cvv → 准备（发 ）广告，找 `boss91m1`
2022-06-20 21:45:54NodeGlobal → (session) 协议号，零售、批发 找，`boss91m1`
2022-06-20 21:47:08xingbi0088 → 准备（发 ）广告，找 `boss91m1`
2022-06-20 21:48:13bclm1 → 专业（发 ）广告，联系我 `boss91m1`
2022-06-20 21:48:47LEFT_LGT_001 → 需要 软、件，找 `boss91m1`
2022-06-20 21:50:01daishoujiaoyi → 要（发 ）广告，联系 `boss91m1`
2022-06-20 21:51:28qwerdt1 → 来（发 ）广告，联系 `boss91m1`
2022-06-20 21:51:47yindutg → 需要 软、件，找 `boss91m1`
2022-06-20 21:52:58iBox_official → 想找人（ 发 ）广告，找 `boss91m1`
2022-06-20 21:53:20zscd18 → 要（发 ）广告，联系 `boss91m1`
2022-06-20 21:53:39bcweb → 需要 群、发软、件，找 `boss91m1`
2022-06-20 21:54:00USTCtg → 想要（发 ）广告，找 `boss91m1`
2022-06-20 21:54:59dyjiaoliu → (session) 协议号，零售、批发 找，`boss91m1`
2022-06-20 21:56:01TG907 → (session) 协议号，零售、批发 找，`boss91m1`
2022-06-20 21:56:22laowangdan → 专业（发 ）广告，联系我 `boss91m1`
2022-06-20 21:57:02dbjlq1 → 来（发 ）广告，联系 `boss91m1`
2022-06-20 21:57:22tz636 → 要（发 ）广告，联系 `boss91m1`
2022-06-20 21:58:02xingbi0088 → 专业（发 ）广告，联系我 `boss91m1`
2022-06-20 21:58:21NodeGlobal → 需要 群、发，找 `boss91m1`
2022-06-20 21:59:04xinbi_088 → 要（发 ）广告，联系 `boss91m1`
2022-06-20 21:59:26daishoujiaoyi → 要（发 ）广告，联系 `boss91m1`
2022-06-20 21:59:46jiu_777 → 要（发 ）广告，联系 `boss91m1`
2022-06-20 22:00:18qxinw → 准备（发 ）广告，找 `boss91m1`
2022-06-20 22:01:11baocai217 → 需要 群、发软、件，找 `boss91m1`
2022-06-20 22:01:29-1001692409589 → 要（发 ）广告，联系 `boss91m1`
2022-06-20 22:02:32iBox_official → 专业（发 ）广告，联系我 `boss91m1`
2022-06-20 22:02:49bclm1 → 要（发 ）广告，联系 `boss91m1`
2022-06-20 22:04:24zscd18 → 来（发 ）广告，联系 `boss91m1`
2022-06-20 22:05:25KMFW56789 → 来（发 ）广告，联系 `boss91m1`
2022-06-20 22:05:58bcweb → 需要 群、发软、件，找 `boss91m1`
2022-06-20 22:06:16si1688 → 想找人（ 发 ）广告，找 `boss91m1`
2022-06-20 22:06:51meizi005 → (session) 协议号，零售、批发 找，`boss91m1`
2022-06-20 22:07:10yindutg → 来（发 ）广告，联系 `boss91m1`
2022-06-20 22:08:10axujj → 需要 群、发软、件，找 `boss91m1`
2022-06-20 22:08:27sunshineyyds → 来（发 ）广告，联系 `boss91m1`
2022-06-20 22:09:12yugzf → 专业（发 ）广告，联系我 `boss91m1`
2022-06-20 22:09:30sanfang53 → 准备（发 ）广告，找 `boss91m1`
2022-06-20 22:09:50USTCtg → 需要 群、发，找 `boss91m1`
2022-06-20 22:10:22xingbi0088 → 准备（发 ）广告，找 `boss91m1`
2022-06-20 22:10:43daishoujiaoyi → 需要 群、发，找 `boss91m1`
2022-06-20 22:11:25HWDBQ → 准备（发 ）广告，找 `boss91m1`
2022-06-20 22:12:04xinbi_088 → 需要 群、发，找 `boss91m1`
2022-06-20 22:12:35NodeGlobal → 想找人（ 发 ）广告，找 `boss91m1`
2022-06-20 22:14:02laowangdan → 来（发 ）广告，联系 `boss91m1`
2022-06-20 22:14:21bcweb → 需要 群、发，找 `boss91m1`
2022-06-20 22:14:52tz636 → 想找人（ 发 ）广告，找 `boss91m1`
2022-06-20 22:15:11bc123hx → 想找人（ 发 ）广告，找 `boss91m1`
2022-06-20 22:15:29jiu_777 → 要（发 ）广告，联系 `boss91m1`
2022-06-20 22:15:56bailaohui_cvv → 想找人（ 发 ）广告，找 `boss91m1`
2022-06-20 22:16:15yindutg → 来（发 ）广告，联系 `boss91m1`
2022-06-20 22:16:33zscd18 → 来（发 ）广告，联系 `boss91m1`
2022-06-20 22:17:02xbdb01 → 专业（发 ）广告，联系我 `boss91m1`
2022-06-20 22:17:46iBox_official → 来（发 ）广告，联系 `boss91m1`
2022-06-20 22:18:37daishou15 → 想找人（ 发 ）广告，找 `boss91m1`
2022-06-20 22:19:04meizi005 → 来（发 ）广告，联系 `boss91m1`
2022-06-20 22:19:38Xiaoxuanfengjiaoliuqun → 需要 软、件，找 `boss91m1`
2022-06-20 22:20:08ziyuan2 → 需要 软、件，找 `boss91m1`
2022-06-20 22:21:44xingbi0088 → 来（发 ）广告，联系 `boss91m1`
2022-06-20 22:22:14NodeGlobal → 来（发 ）广告，联系 `boss91m1`
2022-06-20 22:22:31daishoujiaoyi → 需要 群、发软、件，找 `boss91m1`
2022-06-20 22:23:02axujj → 来（发 ）广告，联系 `boss91m1`
2022-06-20 22:24:49sishengq1 → 想找人（ 发 ）广告，找 `boss91m1`
2022-06-20 22:25:19laowangdan → 想找人（ 发 ）广告，找 `boss91m1`
2022-06-20 22:25:50qxinw → 来（发 ）广告，联系 `boss91m1`
2022-06-20 22:26:43yindutg → 专业（发 ）广告，联系我 `boss91m1`
2022-06-20 22:27:01bcweb → 需要 软、件，找 `boss91m1`
2022-06-20 22:27:30sanfang53 → 要（发 ）广告，联系 `boss91m1`
2022-06-20 22:27:48jiu_777 → 专业（发 ）广告，联系我 `boss91m1`
2022-06-20 22:28:34iBox_official → 专业（发 ）广告，联系我 `boss91m1`
2022-06-20 22:28:52zscd18 → 专业（发 ）广告，联系我 `boss91m1`
2022-06-20 22:29:11tz636 → 准备（发 ）广告，找 `boss91m1`
2022-06-20 22:29:29bc123hx → 要（发 ）广告，联系 `boss91m1`
2022-06-20 22:30:07KMFW56789 → 专业（发 ）广告，联系我 `boss91m1`
2022-06-20 22:30:24si1688 → 想找人（ 发 ）广告，找 `boss91m1`
2022-06-20 22:30:46jiangqxsixsixsix → 想要（发 ）广告，找 `boss91m1`
2022-06-20 22:31:03NodeGlobal → 需要 软、件，找 `boss91m1`
2022-06-20 22:31:39xinbi_088 → 需要 软、件，找 `boss91m1`
2022-06-20 22:31:57xbdb01 → 准备（发 ）广告，找 `boss91m1`
2022-06-20 22:32:27xingbi0088 → 来（发 ）广告，联系 `boss91m1`
2022-06-20 22:33:25USTCtg → 要（发 ）广告，联系 `boss91m1`
2022-06-20 22:34:23daishoujiaoyi → 专业（发 ）广告，联系我 `boss91m1`
2022-06-20 22:34:52baocai217 → 专业（发 ）广告，联系我 `boss91m1`
2022-06-20 22:35:29zhongwen6 → 想要（发 ）广告，找 `boss91m1`
2022-06-20 22:36:39iBox_official → 需要 群、发，找 `boss91m1`
2022-06-20 22:36:58dyjiaoliu → 专业（发 ）广告，联系我 `boss91m1`
2022-06-20 22:37:28bcweb → 想找人（ 发 ）广告，找 `boss91m1`
2022-06-20 22:37:45-1001692409589 → 想要（发 ）广告，找 `boss91m1`
2022-06-20 22:38:15dbjlq1 → 准备（发 ）广告，找 `boss91m1`
2022-06-20 22:38:36bclm1 → 需要 群、发软、件，找 `boss91m1`
2022-06-20 22:39:19yindutg → 要（发 ）广告，联系 `boss91m1`
2022-06-20 22:39:55zscd18 → 想找人（ 发 ）广告，找 `boss91m1`
2022-06-20 22:40:30yugzf → 想找人（ 发 ）广告，找 `boss91m1`
2022-06-20 22:40:47USTCtg → (session) 协议号，零售、批发 找，`boss91m1`
2022-06-20 22:42:03xingbi0088 → 想要（发 ）广告，找 `boss91m1`
2022-06-20 22:43:03laowangdan → 想要（发 ）广告，找 `boss91m1`
2022-06-20 22:43:36baocai217 → 需要 群、发，找 `boss91m1`
2022-06-20 22:43:54daishoujiaoyi → 需要 软、件，找 `boss91m1`
2022-06-20 22:45:14NodeGlobal → 要（发 ）广告，联系 `boss91m1`
2022-06-20 22:45:52qxinw → 专业（发 ）广告，联系我 `boss91m1`
2022-06-20 22:47:14yindutg → 来（发 ）广告，联系 `boss91m1`
2022-06-20 22:47:32xinbi_088 → 想要（发 ）广告，找 `boss91m1`
2022-06-20 22:47:53HMYL888 → 需要 群、发软、件，找 `boss91m1`
2022-06-20 22:48:25jiu_777 → 想要（发 ）广告，找 `boss91m1`
2022-06-20 22:48:44iBox_official → 专业（发 ）广告，联系我 `boss91m1`
2022-06-20 22:49:03bcweb → 想找人（ 发 ）广告，找 `boss91m1`
2022-06-20 22:49:32sunshineyyds → 准备（发 ）广告，找 `boss91m1`
2022-06-20 22:50:01HWDBQ → 要（发 ）广告，联系 `boss91m1`
2022-06-20 22:50:36tz636 → 准备（发 ）广告，找 `boss91m1`
2022-06-20 22:50:54zscd18 → (session) 协议号，零售、批发 找，`boss91m1`
2022-06-20 22:51:57bclm1 → 想要（发 ）广告，找 `boss91m1`
2022-06-20 22:52:53daishoujiaoyi → (session) 协议号，零售、批发 找，`boss91m1`
2022-06-20 22:53:49sanfang53 → (session) 协议号，零售、批发 找，`boss91m1`
2022-06-20 22:54:07xingbi0088 → 专业（发 ）广告，联系我 `boss91m1`
2022-06-20 22:55:01NodeGlobal → 要（发 ）广告，联系 `boss91m1`
2022-06-20 22:55:48KMFW56789 → 需要 群、发，找 `boss91m1`
2022-06-20 22:57:12xinbi_088 → 准备（发 ）广告，找 `boss91m1`
2022-06-20 22:57:29yindutg → 专业（发 ）广告，联系我 `boss91m1`
2022-06-20 22:58:02paofen33 → 需要 群、发，找 `boss91m1`
2022-06-20 22:59:02bcweb → 专业（发 ）广告，联系我 `boss91m1`
2022-06-20 22:59:50axujj → 来（发 ）广告，联系 `boss91m1`
2022-06-20 23:00:21iBox_official → 来（发 ）广告，联系 `boss91m1`
2022-06-20 23:00:40USTCtg → 专业（发 ）广告，联系我 `boss91m1`
2022-06-20 23:01:10zscd18 → 需要 软、件，找 `boss91m1`
2022-06-20 23:01:46tz636 → 需要 软、件，找 `boss91m1`
2022-06-20 23:02:15xingbi0088 → 来（发 ）广告，联系 `boss91m1`
2022-06-20 23:02:35qwertyuio556 → 专业（发 ）广告，联系我 `boss91m1`
2022-06-20 23:03:09bclm1 → 专业（发 ）广告，联系我 `boss91m1`
2022-06-20 23:03:28baocai217 → 想要（发 ）广告，找 `boss91m1`
2022-06-20 23:04:37laowangdan → 准备（发 ）广告，找 `boss91m1`
2022-06-20 23:04:57-1001692409589 → 专业（发 ）广告，联系我 `boss91m1`
2022-06-20 23:05:59jiu_777 → 需要 软、件，找 `boss91m1`
2022-06-20 23:06:44NodeGlobal → (session) 协议号，零售、批发 找，`boss91m1`
2022-06-20 23:07:03dyjiaoliu → 需要 群、发，找 `boss91m1`
2022-06-20 23:07:31yindutg → 需要 群、发，找 `boss91m1`
2022-06-20 23:07:53zscd18 → 想找人（ 发 ）广告，找 `boss91m1`
2022-06-20 23:08:54daishoujiaoyi → 专业（发 ）广告，联系我 `boss91m1`
2022-06-20 23:10:07qwerdt1 → 需要 软、件，找 `boss91m1`
2022-06-20 23:11:02iBox_official → 来（发 ）广告，联系 `boss91m1`
2022-06-20 23:11:20bcweb → 想要（发 ）广告，找 `boss91m1`
2022-06-20 23:11:50sanfang53 → 来（发 ）广告，联系 `boss91m1`
2022-06-20 23:13:12jiu_777 → 来（发 ）广告，联系 `boss91m1`
2022-06-20 23:13:42si1688 → 来（发 ）广告，联系 `boss91m1`
2022-06-20 23:14:33axujj → 需要 群、发软、件，找 `boss91m1`
2022-06-20 23:16:22sunshineyyds → 准备（发 ）广告，找 `boss91m1`
2022-06-20 23:17:14tz636 → 需要 群、发软、件，找 `boss91m1`
2022-06-20 23:17:41meizi005 → 要（发 ）广告，联系 `boss91m1`
2022-06-20 23:18:01NodeGlobal → 需要 群、发，找 `boss91m1`
2022-06-20 23:18:55LinlangtianshangJF → 来（发 ）广告，联系 `boss91m1`
2022-06-20 23:19:24iBox_official → (session) 协议号，零售、批发 找，`boss91m1`
2022-06-20 23:19:46USTCtg → 需要 群、发软、件，找 `boss91m1`
2022-06-20 23:20:10KMFW56789 → 专业（发 ）广告，联系我 `boss91m1`
2022-06-20 23:20:37daishoujiaoyi → 来（发 ）广告，联系 `boss91m1`
2022-06-20 23:21:00xingbi0088 → 来（发 ）广告，联系 `boss91m1`
2022-06-20 23:21:19bcweb → 想找人（ 发 ）广告，找 `boss91m1`
2022-06-20 23:21:36xinbi_088 → 需要 软、件，找 `boss91m1`
2022-06-20 23:21:54zscd18 → 需要 软、件，找 `boss91m1`
2022-06-20 23:22:12dbjlq1 → 来（发 ）广告，联系 `boss91m1`
2022-06-20 23:23:42bc123hx → 来（发 ）广告，联系 `boss91m1`
2022-06-20 23:24:15yindutg → 想找人（ 发 ）广告，找 `boss91m1`
2022-06-20 23:25:32laowangdan → 需要 群、发，找 `boss91m1`
2022-06-20 23:26:13xbdb01 → 想要（发 ）广告，找 `boss91m1`
2022-06-20 23:26:32NodeGlobal → 来（发 ）广告，联系 `boss91m1`
2022-06-20 23:27:26HWDBQ → 来（发 ）广告，联系 `boss91m1`
2022-06-20 23:29:20dyjiaoliu → 要（发 ）广告，联系 `boss91m1`
2022-06-20 23:30:20qxinw → 需要 软、件，找 `boss91m1`
2022-06-20 23:30:39bcweb → 准备（发 ）广告，找 `boss91m1`
2022-06-20 23:30:57zscd18 → 来（发 ）广告，联系 `boss91m1`
2022-06-20 23:31:15jiu_777 → 准备（发 ）广告，找 `boss91m1`
2022-06-20 23:31:34daishoujiaoyi → 专业（发 ）广告，联系我 `boss91m1`
2022-06-20 23:31:51baocai217 → 专业（发 ）广告，联系我 `boss91m1`
2022-06-20 23:32:09xingbi0088 → 需要 群、发，找 `boss91m1`
2022-06-20 23:32:27iBox_official → 想找人（ 发 ）广告，找 `boss91m1`
2022-06-20 23:33:15tz636 → 要（发 ）广告，联系 `boss91m1`
2022-06-20 23:33:33yindutg → 想要（发 ）广告，找 `boss91m1`
2022-06-20 23:35:53-1001084532732 → 需要 群、发软、件，找 `boss91m1`
2022-06-20 23:36:10bc123hx → (session) 协议号，零售、批发 找，`boss91m1`
2022-06-20 23:36:40dbjlq1 → 想找人（ 发 ）广告，找 `boss91m1`
2022-06-20 23:37:17jfoisjfiodvfd → 来（发 ）广告，联系 `boss91m1`
2022-06-20 23:38:25xinbi_088 → (session) 协议号，零售、批发 找，`boss91m1`
2022-06-20 23:38:42sanfang53 → 需要 群、发软、件，找 `boss91m1`
2022-06-20 23:39:35USTCtg → 要（发 ）广告，联系 `boss91m1`
2022-06-20 23:40:48bcweb → 想找人（ 发 ）广告，找 `boss91m1`
2022-06-20 23:41:07daishoujiaoyi → 需要 群、发软、件，找 `boss91m1`
2022-06-20 23:41:37laowangdan → 想要（发 ）广告，找 `boss91m1`
2022-06-20 23:41:54HWDBQ → 想找人（ 发 ）广告，找 `boss91m1`
2022-06-20 23:42:24zscd18 → 想要（发 ）广告，找 `boss91m1`
2022-06-20 23:42:42NodeGlobal → 需要 群、发软、件，找 `boss91m1`
2022-06-20 23:43:28yindutg → 来（发 ）广告，联系 `boss91m1`
2022-06-20 23:44:15ziyuan2 → (session) 协议号，零售、批发 找，`boss91m1`
2022-06-20 23:44:45xingbi0088 → 需要 群、发，找 `boss91m1`
2022-06-20 23:45:23iBox_official → (session) 协议号，零售、批发 找，`boss91m1`
2022-06-20 23:45:42KMFW56789 → 来（发 ）广告，联系 `boss91m1`
2022-06-20 23:46:46USTCtg → 需要 群、发软、件，找 `boss91m1`
2022-06-20 23:47:27zhongwen6 → (session) 协议号，零售、批发 找，`boss91m1`
2022-06-20 23:47:57jiu_777 → 需要 群、发软、件，找 `boss91m1`
2022-06-20 23:49:47bclm1 → 来（发 ）广告，联系 `boss91m1`
2022-06-20 23:50:04dyjiaoliu → 需要 软、件，找 `boss91m1`
2022-06-20 23:50:34sanfang53 → 需要 群、发，找 `boss91m1`
2022-06-20 23:51:11xinbi_088 → 需要 群、发，找 `boss91m1`
2022-06-20 23:51:28qxinw → 来（发 ）广告，联系 `boss91m1`
2022-06-20 23:51:45yindutg → (session) 协议号，零售、批发 找，`boss91m1`
2022-06-20 23:52:34NodeGlobal → 准备（发 ）广告，找 `boss91m1`
2022-06-20 23:52:51si1688 → 专业（发 ）广告，联系我 `boss91m1`
2022-06-20 23:53:40-1001084532732 → 要（发 ）广告，联系 `boss91m1`
2022-06-20 23:54:20iBox_official → 需要 群、发软、件，找 `boss91m1`
2022-06-20 23:54:40xingbi0088 → 需要 群、发，找 `boss91m1`
2022-06-20 23:55:14zscd18 → 专业（发 ）广告，联系我 `boss91m1`
2022-06-20 23:55:33daishoujiaoyi → 专业（发 ）广告，联系我 `boss91m1`
2022-06-20 23:55:50tz636 → 要（发 ）广告，联系 `boss91m1`
2022-06-20 23:56:09bcweb → 专业（发 ）广告，联系我 `boss91m1`
2022-06-20 23:56:39xbdb01 → 来（发 ）广告，联系 `boss91m1`
2022-06-20 23:58:15-1001692409589 → 想找人（ 发 ）广告，找 `boss91m1`
2022-06-20 23:58:33axujj → 专业（发 ）广告，联系我 `boss91m1`
2022-06-20 23:59:10laowangdan → 需要 群、发软、件，找 `boss91m1`
2022-06-20 23:59:53sunshineyyds → 想找人（ 发 ）广告，找 `boss91m1`