
2022-06-10 00:00:51Hpy888 → 来（发 ）广告，联系 bs91m1
2022-06-10 00:02:41seguiren → (session) 协议号，零售、批发 找，bs91m1
2022-06-10 00:03:40jinsanjiaobc → 需要 软、件，找 bs91m1
2022-06-10 00:04:45lbbet → 需要 软、件，找 bs91m1
2022-06-10 00:07:36dunxin106 → 想要（发 ）广告，找 bs91m1
2022-06-10 00:08:41zuqiushuju → 准备（发 ）广告，找 bs91m1
2022-06-10 00:10:33guojitongdaoduanxin → 需要 群、发软、件，找 bs91m1
2022-06-10 00:11:31jiaoyouqun123 → 需要 群、发软、件，找 bs91m1
2022-06-10 00:12:38G88888880 → (session) 协议号，零售、批发 找，bs91m1
2022-06-10 00:14:29fjhq000hz → 来（发 ）广告，联系 bs91m1
2022-06-10 00:16:26cvv666money → 需要 群、发软、件，找 bs91m1
2022-06-10 00:18:23dream888 → (session) 协议号，零售、批发 找，bs91m1
2022-06-10 00:21:11seguiren → 需要 软、件，找 bs91m1
2022-06-10 00:23:02USDThuzhu3 → 想找人（ 发 ）广告，找 bs91m1
2022-06-10 00:25:02MDhuaren1 → 专业（发 ）广告，联系我 bs91m1
2022-06-10 00:26:00yhksijiantao11 → 需要 群、发软、件，找 bs91m1
2022-06-10 00:28:50youxidaili → 准备（发 ）广告，找 bs91m1
2022-06-10 00:29:48dsfdshhs → 要（发 ）广告，联系 bs91m1
2022-06-10 00:32:39hnsdfhs155 → (session) 协议号，零售、批发 找，bs91m1
2022-06-10 00:34:33jiaoyouqun123 → 来（发 ）广告，联系 bs91m1
2022-06-10 00:35:39lbbet → 准备（发 ）广告，找 bs91m1
2022-06-10 00:36:37srjlq → 要（发 ）广告，联系 bs91m1
2022-06-10 00:39:28ziyuanduijie1 → 要（发 ）广告，联系 bs91m1
2022-06-10 00:43:17phpzufang → 要（发 ）广告，联系 bs91m1
2022-06-10 00:45:08miaomiao12356 → (session) 协议号，零售、批发 找，bs91m1
2022-06-10 00:46:07AG686 → 需要 软、件，找 bs91m1
2022-06-10 00:48:55dream888 → 专业（发 ）广告，联系我 bs91m1
2022-06-10 00:49:53sirenweixin3 → 来（发 ）广告，联系 bs91m1
2022-06-10 00:50:59xd836809 → 来（发 ）广告，联系 bs91m1
2022-06-10 00:53:49zuqiushuju → 需要 群、发软、件，找 bs91m1
2022-06-10 00:54:54shujyinl → 来（发 ）广告，联系 bs91m1
2022-06-10 00:56:45MDhuaren1 → 想找人（ 发 ）广告，找 bs91m1
2022-06-10 00:57:44joinBCPH → 想找人（ 发 ）广告，找 bs91m1
2022-06-10 00:59:49Hpy111 → 要（发 ）广告，联系 bs91m1
2022-06-10 01:01:40fjhq000hz → 想找人（ 发 ）广告，找 bs91m1
2022-06-10 01:02:46xianliaoq → (session) 协议号，零售、批发 找，bs91m1
2022-06-10 01:04:43adasdasw → (session) 协议号，零售、批发 找，bs91m1
2022-06-10 01:06:41amjwg → 来（发 ）广告，联系 bs91m1
2022-06-10 01:07:39yunqian68 → 专业（发 ）广告，联系我 bs91m1
2022-06-10 01:09:30fv0015 → 想找人（ 发 ）广告，找 bs91m1
2022-06-10 01:11:27dunxin106 → 要（发 ）广告，联系 bs91m1
2022-06-10 01:12:26phniuniu → 想找人（ 发 ）广告，找 bs91m1
2022-06-10 01:14:25lbbet → 需要 群、发软、件，找 bs91m1
2022-06-10 01:15:24yinlianguoji → 需要 软、件，找 bs91m1
2022-06-10 01:17:14buyusdtx → 专业（发 ）广告，联系我 bs91m1
2022-06-10 01:20:09dubai13148888 → 要（发 ）广告，联系 bs91m1
2022-06-10 01:21:08shujyinl → 来（发 ）广告，联系 bs91m1
2022-06-10 01:22:14sirenweixin3 → (session) 协议号，零售、批发 找，bs91m1
2022-06-10 01:26:03xianliaoq → (session) 协议号，零售、批发 找，bs91m1
2022-06-10 01:28:48srjlq → (session) 协议号，零售、批发 找，bs91m1
2022-06-10 01:29:53youxidaili → 想找人（ 发 ）广告，找 bs91m1
2022-06-10 01:32:35cvv666money → 需要 群、发，找 bs91m1
2022-06-10 01:35:29phpzufang → 来（发 ）广告，联系 bs91m1
2022-06-10 01:40:09hnsdfhs155 → 要（发 ）广告，联系 bs91m1
2022-06-10 01:42:05jinsanjiaobc → 要（发 ）广告，联系 bs91m1
2022-06-10 01:43:58jiaoyouqun123 → 要（发 ）广告，联系 bs91m1
2022-06-10 01:45:05yhksijiantao11 → 来（发 ）广告，联系 bs91m1
2022-06-10 01:46:04guojitongdaoduanxin → 来（发 ）广告，联系 bs91m1
2022-06-10 01:47:53USDThuzhu3 → 想找人（ 发 ）广告，找 bs91m1
2022-06-10 01:48:59yunqian68 → 需要 群、发软、件，找 bs91m1
2022-06-10 01:53:39dsfdshhs → 要（发 ）广告，联系 bs91m1
2022-06-10 01:54:38Hpy111 → 需要 软、件，找 bs91m1
2022-06-10 01:55:38adasdasw → 需要 群、发软、件，找 bs91m1
2022-06-10 01:56:44dubai13148888 → 要（发 ）广告，联系 bs91m1
2022-06-10 01:59:32YHK_security → (session) 协议号，零售、批发 找，bs91m1
2022-06-10 02:00:38AG686 → 要（发 ）广告，联系 bs91m1
2022-06-10 02:02:28seguiren → 要（发 ）广告，联系 bs91m1
2022-06-10 02:06:22zuqiushuju → 专业（发 ）广告，联系我 bs91m1
2022-06-10 02:07:21phniuniu → 想要（发 ）广告，找 bs91m1
2022-06-10 02:09:21fgdfdfherh → 要（发 ）广告，联系 bs91m1
2022-06-10 02:11:10jinsanjiaobc → 准备（发 ）广告，找 bs91m1
2022-06-10 02:12:18phpzufang → (session) 协议号，零售、批发 找，bs91m1
2022-06-10 02:13:17joinBCPH → 要（发 ）广告，联系 bs91m1
2022-06-10 02:14:16youxidaili → 来（发 ）广告，联系 bs91m1
2022-06-10 02:16:14jiaoyouqun123 → 要（发 ）广告，联系 bs91m1
2022-06-10 02:17:13dream888 → 来（发 ）广告，联系 bs91m1
2022-06-10 02:19:02srjlq → 要（发 ）广告，联系 bs91m1
2022-06-10 02:20:09cvv666money → 需要 群、发，找 bs91m1
2022-06-10 02:21:59zgfCYJT → 来（发 ）广告，联系 bs91m1
2022-06-10 02:22:58USDThuzhu3 → 要（发 ）广告，联系 bs91m1
2022-06-10 02:24:54dunxin106 → 要（发 ）广告，联系 bs91m1
2022-06-10 02:26:47seguiren → 需要 群、发软、件，找 bs91m1
2022-06-10 02:30:37lbbet → 需要 群、发软、件，找 bs91m1
2022-06-10 02:32:36shujyinl → 来（发 ）广告，联系 bs91m1
2022-06-10 02:33:34fv0015 → 来（发 ）广告，联系 bs91m1
2022-06-10 02:37:21buyusdtx → 想找人（ 发 ）广告，找 bs91m1
2022-06-10 02:40:12fjhq000hz → (session) 协议号，零售、批发 找，bs91m1
2022-06-10 02:42:03yhksijiantao11 → (session) 协议号，零售、批发 找，bs91m1
2022-06-10 02:44:03hnsdfhs155 → 专业（发 ）广告，联系我 bs91m1
2022-06-10 02:45:53dsfdshhs → (session) 协议号，零售、批发 找，bs91m1
2022-06-10 02:47:00xd836809 → 需要 软、件，找 bs91m1
2022-06-10 02:48:50yunqian68 → 来（发 ）广告，联系 bs91m1
2022-06-10 02:49:49ziyuanduijie1 → 专业（发 ）广告，联系我 bs91m1
2022-06-10 02:51:46xianliaoq → 想找人（ 发 ）广告，找 bs91m1
2022-06-10 02:52:47Hpy888 → 需要 群、发软、件，找 bs91m1
2022-06-10 02:54:44joinBCPH → 想找人（ 发 ）广告，找 bs91m1
2022-06-10 02:56:41adasdasw → 专业（发 ）广告，联系我 bs91m1
2022-06-10 03:00:29miaomiao12356 → 要（发 ）广告，联系 bs91m1
2022-06-10 03:01:28fjhq000hz → 需要 群、发，找 bs91m1
2022-06-10 03:02:33jinsanjiaobc → 要（发 ）广告，联系 bs91m1
2022-06-10 03:03:32sirenweixin3 → 来（发 ）广告，联系 bs91m1
2022-06-10 03:04:31amjwg → 需要 软、件，找 bs91m1
2022-06-10 03:06:27youxidaili → 需要 群、发，找 bs91m1
2022-06-10 03:09:10zgfCYJT → 来（发 ）广告，联系 bs91m1
2022-06-10 03:10:17yhksijiantao11 → 专业（发 ）广告，联系我 bs91m1
2022-06-10 03:12:07hnsdfhs155 → 专业（发 ）广告，联系我 bs91m1
2022-06-10 03:13:07phniuniu → 准备（发 ）广告，找 bs91m1
2022-06-10 03:14:13dream888 → 想找人（ 发 ）广告，找 bs91m1
2022-06-10 03:15:12srjlq → 来（发 ）广告，联系 bs91m1
2022-06-10 03:17:02xianliaoq → 想要（发 ）广告，找 bs91m1
2022-06-10 03:18:08phpzufang → 需要 群、发，找 bs91m1
2022-06-10 03:19:07AG686 → 来（发 ）广告，联系 bs91m1
2022-06-10 03:20:05dubai13148888 → 专业（发 ）广告，联系我 bs91m1
2022-06-10 03:22:58shujyinl → 准备（发 ）广告，找 bs91m1
2022-06-10 03:23:57USDThuzhu3 → 需要 群、发软、件，找 bs91m1
2022-06-10 03:28:35lbbet → 想要（发 ）广告，找 bs91m1
2022-06-10 03:30:35dunxin106 → 需要 群、发，找 bs91m1
2022-06-10 03:32:25sirenweixin3 → 需要 软、件，找 bs91m1
2022-06-10 03:35:19YHK_security → 专业（发 ）广告，联系我 bs91m1
2022-06-10 03:38:08seguiren → (session) 协议号，零售、批发 找，bs91m1
2022-06-10 03:39:07zuqiushuju → (session) 协议号，零售、批发 找，bs91m1
2022-06-10 03:42:02cvv666money → 需要 群、发，找 bs91m1
2022-06-10 03:47:00Hpy111 → 需要 软、件，找 bs91m1
2022-06-10 03:49:54fv0015 → (session) 协议号，零售、批发 找，bs91m1
2022-06-10 03:51:44yunqian68 → 想要（发 ）广告，找 bs91m1
2022-06-10 03:54:34dream888 → 想要（发 ）广告，找 bs91m1
2022-06-10 03:58:32jiaoyouqun123 → 需要 群、发软、件，找 bs91m1
2022-06-10 04:01:21dsfdshhs → (session) 协议号，零售、批发 找，bs91m1
2022-06-10 04:02:22yinlianguoji → 需要 软、件，找 bs91m1
2022-06-10 04:03:20ziyuanduijie1 → (session) 协议号，零售、批发 找，bs91m1
2022-06-10 04:04:24fv0015 → 想要（发 ）广告，找 bs91m1
2022-06-10 04:06:15joinBCPH → 需要 群、发，找 bs91m1
2022-06-10 04:10:04lbbet → 需要 群、发，找 bs91m1
2022-06-10 04:11:02zuqiushuju → 想要（发 ）广告，找 bs91m1
2022-06-10 04:12:08yunqian68 → 要（发 ）广告，联系 bs91m1
2022-06-10 04:13:59fgdfdfherh → 需要 群、发，找 bs91m1
2022-06-10 04:16:01srjlq → 准备（发 ）广告，找 bs91m1
2022-06-10 04:17:00Hpy888 → 来（发 ）广告，联系 bs91m1
2022-06-10 04:17:59phpzufang → 需要 群、发软、件，找 bs91m1
2022-06-10 04:19:57sirenweixin3 → 想找人（ 发 ）广告，找 bs91m1
2022-06-10 04:21:47buyusdtx → 想找人（ 发 ）广告，找 bs91m1
2022-06-10 04:22:46miaomiao12356 → 需要 群、发软、件，找 bs91m1
2022-06-10 04:23:51G88888880 → (session) 协议号，零售、批发 找，bs91m1
2022-06-10 04:24:49AG686 → 需要 群、发软、件，找 bs91m1
2022-06-10 04:25:47YHK_security → (session) 协议号，零售、批发 找，bs91m1
2022-06-10 04:31:34hnsdfhs155 → 想找人（ 发 ）广告，找 bs91m1
2022-06-10 04:34:19cvv666money → (session) 协议号，零售、批发 找，bs91m1
2022-06-10 04:35:24USDThuzhu3 → 需要 群、发，找 bs91m1
2022-06-10 04:38:09seguiren → 要（发 ）广告，联系 bs91m1
2022-06-10 04:39:14dunxin106 → 想找人（ 发 ）广告，找 bs91m1
2022-06-10 04:41:05shujyinl → 要（发 ）广告，联系 bs91m1
2022-06-10 04:45:01adasdasw → 来（发 ）广告，联系 bs91m1
2022-06-10 04:46:59jinsanjiaobc → 要（发 ）广告，联系 bs91m1
2022-06-10 04:47:58dsfdshhs → 想找人（ 发 ）广告，找 bs91m1
2022-06-10 04:49:49phniuniu → 需要 群、发软、件，找 bs91m1
2022-06-10 04:50:55zgfCYJT → 需要 软、件，找 bs91m1
2022-06-10 04:51:52xianliaoq → 准备（发 ）广告，找 bs91m1
2022-06-10 04:52:51youxidaili → 专业（发 ）广告，联系我 bs91m1
2022-06-10 04:54:55xd836809 → 来（发 ）广告，联系 bs91m1
2022-06-10 04:57:38jiaoyouqun123 → (session) 协议号，零售、批发 找，bs91m1
2022-06-10 05:01:23yhksijiantao11 → 需要 群、发，找 bs91m1
2022-06-10 05:03:23joinBCPH → 需要 群、发软、件，找 bs91m1
2022-06-10 05:04:22jinsanjiaobc → 需要 群、发软、件，找 bs91m1
2022-06-10 05:06:18Hpy111 → 想要（发 ）广告，找 bs91m1
2022-06-10 05:07:17xianliaoq → 来（发 ）广告，联系 bs91m1
2022-06-10 05:09:07srjlq → 想要（发 ）广告，找 bs91m1
2022-06-10 05:10:13dsfdshhs → 来（发 ）广告，联系 bs91m1
2022-06-10 05:11:12youxidaili → (session) 协议号，零售、批发 找，bs91m1
2022-06-10 05:13:02guojitongdaoduanxin → 来（发 ）广告，联系 bs91m1
2022-06-10 05:15:00jiaoyouqun123 → 想找人（ 发 ）广告，找 bs91m1
2022-06-10 05:15:58adasdasw → 需要 软、件，找 bs91m1
2022-06-10 05:16:57dubai13148888 → 需要 软、件，找 bs91m1
2022-06-10 05:23:44phniuniu → 需要 软、件，找 bs91m1
2022-06-10 05:24:43yunqian68 → 需要 群、发软、件，找 bs91m1
2022-06-10 05:27:39dream888 → 来（发 ）广告，联系 bs91m1
2022-06-10 05:28:37fjhq000hz → 想要（发 ）广告，找 bs91m1
2022-06-10 05:29:43seguiren → 来（发 ）广告，联系 bs91m1
2022-06-10 05:30:41zuqiushuju → 想要（发 ）广告，找 bs91m1
2022-06-10 05:33:32phpzufang → (session) 协议号，零售、批发 找，bs91m1
2022-06-10 05:35:25USDThuzhu3 → 要（发 ）广告，联系 bs91m1
2022-06-10 05:38:14dunxin106 → 来（发 ）广告，联系 bs91m1
2022-06-10 05:39:12yhksijiantao11 → 需要 软、件，找 bs91m1
2022-06-10 05:42:57buyusdtx → 需要 群、发软、件，找 bs91m1
2022-06-10 05:43:56cvv666money → (session) 协议号，零售、批发 找，bs91m1
2022-06-10 05:45:00hnsdfhs155 → 需要 软、件，找 bs91m1
2022-06-10 05:48:50lbbet → (session) 协议号，零售、批发 找，bs91m1
2022-06-10 05:51:42fv0015 → 来（发 ）广告，联系 bs91m1
2022-06-10 05:53:46Philippines_visa → 想要（发 ）广告，找 bs91m1
2022-06-10 05:55:44shujyinl → 想要（发 ）广告，找 bs91m1
2022-06-10 05:56:50miaomiao12356 → 想找人（ 发 ）广告，找 bs91m1
2022-06-10 05:58:40sirenweixin3 → 专业（发 ）广告，联系我 bs91m1
2022-06-10 06:02:21Hpy888 → 需要 软、件，找 bs91m1
2022-06-10 06:03:19ziyuanduijie1 → 要（发 ）广告，联系 bs91m1
2022-06-10 06:04:25zgfCYJT → 需要 群、发软、件，找 bs91m1
2022-06-10 06:06:17shujyinl → 来（发 ）广告，联系 bs91m1
2022-06-10 06:08:20USDThuzhu3 → 要（发 ）广告，联系 bs91m1
2022-06-10 06:12:08xianliaoq → 想找人（ 发 ）广告，找 bs91m1
2022-06-10 06:14:53srjlq → 专业（发 ）广告，联系我 bs91m1
2022-06-10 06:16:00zgfCYJT → 想找人（ 发 ）广告，找 bs91m1
2022-06-10 06:16:57hnsdfhs155 → 来（发 ）广告，联系 bs91m1
2022-06-10 06:18:48yunqian68 → 想要（发 ）广告，找 bs91m1
2022-06-10 06:20:46jiaoyouqun123 → 来（发 ）广告，联系 bs91m1
2022-06-10 06:21:44jinsanjiaobc → 要（发 ）广告，联系 bs91m1
2022-06-10 06:22:43guojitongdaoduanxin → (session) 协议号，零售、批发 找，bs91m1
2022-06-10 06:23:48fv0015 → 需要 软、件，找 bs91m1
2022-06-10 06:25:39sirenweixin3 → (session) 协议号，零售、批发 找，bs91m1
2022-06-10 06:26:40amjwg → 需要 软、件，找 bs91m1
2022-06-10 06:27:46YHK_security → 要（发 ）广告，联系 bs91m1
2022-06-10 06:29:43dunxin106 → 专业（发 ）广告，联系我 bs91m1
2022-06-10 06:31:42fgdfdfherh → 需要 群、发软、件，找 bs91m1
2022-06-10 06:32:41dsfdshhs → 需要 群、发，找 bs91m1
2022-06-10 06:34:32youxidaili → 需要 群、发，找 bs91m1
2022-06-10 06:35:37adasdasw → 准备（发 ）广告，找 bs91m1
2022-06-10 06:39:28yhksijiantao11 → 想要（发 ）广告，找 bs91m1
2022-06-10 06:43:17AG686 → 要（发 ）广告，联系 bs91m1
2022-06-10 06:46:02lbbet → 专业（发 ）广告，联系我 bs91m1
2022-06-10 06:47:08zuqiushuju → 要（发 ）广告，联系 bs91m1
2022-06-10 06:49:00seguiren → 需要 软、件，找 bs91m1
2022-06-10 06:51:50dream888 → 需要 软、件，找 bs91m1
2022-06-10 06:52:48phpzufang → 要（发 ）广告，联系 bs91m1
2022-06-10 06:53:46fjhq000hz → (session) 协议号，零售、批发 找，bs91m1
2022-06-10 06:55:43dubai13148888 → 要（发 ）广告，联系 bs91m1
2022-06-10 06:56:42cvv666money → 专业（发 ）广告，联系我 bs91m1
2022-06-10 06:57:41buyusdtx → 要（发 ）广告，联系 bs91m1
2022-06-10 06:58:47Philippines_visa → 要（发 ）广告，联系 bs91m1
2022-06-10 07:03:22yinlianguoji → 来（发 ）广告，联系 bs91m1
2022-06-10 07:04:23xianliaoq → 专业（发 ）广告，联系我 bs91m1
2022-06-10 07:06:24xd836809 → 需要 群、发，找 bs91m1
2022-06-10 07:08:15shujyinl → 专业（发 ）广告，联系我 bs91m1
2022-06-10 07:10:15seguiren → 来（发 ）广告，联系 bs91m1
2022-06-10 07:11:14miaomiao12356 → 来（发 ）广告，联系 bs91m1
2022-06-10 07:13:04jinsanjiaobc → 专业（发 ）广告，联系我 bs91m1
2022-06-10 07:14:11joinBCPH → 需要 软、件，找 bs91m1
2022-06-10 07:16:01jiaoyouqun123 → 要（发 ）广告，联系 bs91m1
2022-06-10 07:16:59dunxin106 → 专业（发 ）广告，联系我 bs91m1
2022-06-10 07:18:05cvv666money → 需要 软、件，找 bs91m1
2022-06-10 07:21:49phniuniu → 准备（发 ）广告，找 bs91m1
2022-06-10 07:22:48yhksijiantao11 → 需要 群、发，找 bs91m1
2022-06-10 07:23:46USDThuzhu3 → 需要 群、发软、件，找 bs91m1
2022-06-10 07:26:38dubai13148888 → 需要 群、发软、件，找 bs91m1
2022-06-10 07:28:31youxidaili → 来（发 ）广告，联系 bs91m1
2022-06-10 07:29:35dsfdshhs → 要（发 ）广告，联系 bs91m1
2022-06-10 07:30:34amjwg → 需要 软、件，找 bs91m1
2022-06-10 07:33:30hnsdfhs155 → 需要 软、件，找 bs91m1
2022-06-10 07:37:18srjlq → 需要 群、发，找 bs91m1
2022-06-10 07:39:11phpzufang → 要（发 ）广告，联系 bs91m1
2022-06-10 07:42:00ziyuanduijie1 → 想要（发 ）广告，找 bs91m1
2022-06-10 07:42:58lbbet → 来（发 ）广告，联系 bs91m1
2022-06-10 07:44:57yunqian68 → 要（发 ）广告，联系 bs91m1
2022-06-10 07:45:55fv0015 → (session) 协议号，零售、批发 找，bs91m1
2022-06-10 07:50:38zuqiushuju → 想要（发 ）广告，找 bs91m1
2022-06-10 07:52:52Hpy111 → 需要 软、件，找 bs91m1
2022-06-10 07:53:50YHK_security → 想要（发 ）广告，找 bs91m1
2022-06-10 07:54:48adasdasw → 来（发 ）广告，联系 bs91m1
2022-06-10 07:56:46zgfCYJT → 来（发 ）广告，联系 bs91m1
2022-06-10 07:58:36fjhq000hz → 来（发 ）广告，联系 bs91m1
2022-06-10 08:02:18yinlianguoji → 来（发 ）广告，联系 bs91m1
2022-06-10 08:03:17dsfdshhs → 准备（发 ）广告，找 bs91m1
2022-06-10 08:06:14YHK_security → (session) 协议号，零售、批发 找，bs91m1
2022-06-10 08:07:14fv0015 → 来（发 ）广告，联系 bs91m1
2022-06-10 08:10:06fgdfdfherh → (session) 协议号，零售、批发 找，bs91m1
2022-06-10 08:11:04lbbet → 来（发 ）广告，联系 bs91m1
2022-06-10 08:12:09shujyinl → 需要 群、发，找 bs91m1
2022-06-10 08:13:08adasdasw → 需要 群、发，找 bs91m1
2022-06-10 08:14:58Philippines_visa → 来（发 ）广告，联系 bs91m1
2022-06-10 08:16:03seguiren → 专业（发 ）广告，联系我 bs91m1
2022-06-10 08:18:52dunxin106 → 来（发 ）广告，联系 bs91m1
2022-06-10 08:20:51jiaoyouqun123 → 专业（发 ）广告，联系我 bs91m1
2022-06-10 08:23:48zuqiushuju → 专业（发 ）广告，联系我 bs91m1
2022-06-10 08:25:39xianliaoq → 要（发 ）广告，联系 bs91m1
2022-06-10 08:26:39dream888 → (session) 协议号，零售、批发 找，bs91m1
2022-06-10 08:27:44srjlq → 想要（发 ）广告，找 bs91m1
2022-06-10 08:30:27cvv666money → 需要 群、发软、件，找 bs91m1
2022-06-10 08:33:24dubai13148888 → 来（发 ）广告，联系 bs91m1
2022-06-10 08:35:24youxidaili → 需要 群、发，找 bs91m1
2022-06-10 08:40:04AG686 → 准备（发 ）广告，找 bs91m1
2022-06-10 08:41:02yhksijiantao11 → 准备（发 ）广告，找 bs91m1
2022-06-10 08:43:02USDThuzhu3 → 想要（发 ）广告，找 bs91m1
2022-06-10 08:44:53phpzufang → 需要 群、发软、件，找 bs91m1
2022-06-10 08:47:47yunqian68 → (session) 协议号，零售、批发 找，bs91m1
2022-06-10 08:49:37buyusdtx → 需要 群、发软、件，找 bs91m1
2022-06-10 08:52:29sirenweixin3 → 要（发 ）广告，联系 bs91m1
2022-06-10 08:53:27fjhq000hz → 需要 群、发，找 bs91m1
2022-06-10 08:56:17Hpy888 → 需要 群、发，找 bs91m1
2022-06-10 08:57:16jinsanjiaobc → 要（发 ）广告，联系 bs91m1
2022-06-10 08:58:21xd836809 → 要（发 ）广告，联系 bs91m1
2022-06-10 08:59:21dsfdshhs → 专业（发 ）广告，联系我 bs91m1
2022-06-10 09:01:12hnsdfhs155 → 需要 群、发软、件，找 bs91m1
2022-06-10 09:02:17cvv666money → 想找人（ 发 ）广告，找 bs91m1
2022-06-10 09:06:05phpzufang → 想找人（ 发 ）广告，找 bs91m1
2022-06-10 09:08:55youxidaili → 想找人（ 发 ）广告，找 bs91m1
2022-06-10 09:10:01dream888 → (session) 协议号，零售、批发 找，bs91m1
2022-06-10 09:10:59seguiren → 想要（发 ）广告，找 bs91m1
2022-06-10 09:13:55zgfCYJT → 想要（发 ）广告，找 bs91m1
2022-06-10 09:14:54shujyinl → 要（发 ）广告，联系 bs91m1
2022-06-10 09:16:45adasdasw → (session) 协议号，零售、批发 找，bs91m1
2022-06-10 09:17:50jiaoyouqun123 → 来（发 ）广告，联系 bs91m1
2022-06-10 09:18:50Philippines_visa → 想找人（ 发 ）广告，找 bs91m1
2022-06-10 09:19:48dunxin106 → (session) 协议号，零售、批发 找，bs91m1
2022-06-10 09:21:46yunqian68 → 想要（发 ）广告，找 bs91m1
2022-06-10 09:22:46phniuniu → 需要 软、件，找 bs91m1
2022-06-10 09:23:45zuqiushuju → 想找人（ 发 ）广告，找 bs91m1
2022-06-10 09:27:40hnsdfhs155 → 需要 群、发，找 bs91m1
2022-06-10 09:31:27Hpy111 → (session) 协议号，零售、批发 找，bs91m1
2022-06-10 09:38:04lbbet → 来（发 ）广告，联系 bs91m1
2022-06-10 09:39:02fv0015 → 想找人（ 发 ）广告，找 bs91m1
2022-06-10 09:41:00sirenweixin3 → 需要 群、发，找 bs91m1
2022-06-10 09:43:45srjlq → 准备（发 ）广告，找 bs91m1
2022-06-10 09:44:49xianliaoq → 来（发 ）广告，联系 bs91m1
2022-06-10 09:47:33jinsanjiaobc → 准备（发 ）广告，找 bs91m1
2022-06-10 09:48:38AG686 → (session) 协议号，零售、批发 找，bs91m1
2022-06-10 09:51:22yhksijiantao11 → 需要 软、件，找 bs91m1
2022-06-10 09:54:13ziyuanduijie1 → 需要 群、发，找 bs91m1
2022-06-10 09:56:12sirenweixin3 → (session) 协议号，零售、批发 找，bs91m1
2022-06-10 09:57:10fjhq000hz → 需要 群、发软、件，找 bs91m1
2022-06-10 09:58:09Hpy888 → 来（发 ）广告，联系 bs91m1
2022-06-10 10:00:07USDThuzhu3 → 想要（发 ）广告，找 bs91m1
2022-06-10 10:01:08amjwg → 专业（发 ）广告，联系我 bs91m1
2022-06-10 10:02:06lbbet → 需要 群、发软、件，找 bs91m1
2022-06-10 10:04:53dsfdshhs → 来（发 ）广告，联系 bs91m1
2022-06-10 10:05:53dream888 → 来（发 ）广告，联系 bs91m1
2022-06-10 10:07:51srjlq → 来（发 ）广告，联系 bs91m1
2022-06-10 10:08:51G88888880 → 来（发 ）广告，联系 bs91m1
2022-06-10 10:10:42xianliaoq → 准备（发 ）广告，找 bs91m1
2022-06-10 10:15:42xd836809 → 准备（发 ）广告，找 bs91m1
2022-06-10 10:18:26phpzufang → 需要 群、发，找 bs91m1
2022-06-10 10:19:31guojitongdaoduanxin → 需要 群、发软、件，找 bs91m1
2022-06-10 10:20:29youxidaili → 想找人（ 发 ）广告，找 bs91m1
2022-06-10 10:21:29yhksijiantao11 → 专业（发 ）广告，联系我 bs91m1
2022-06-10 10:23:26Philippines_visa → 专业（发 ）广告，联系我 bs91m1
2022-06-10 10:27:17shujyinl → 需要 软、件，找 bs91m1
2022-06-10 10:28:16zgfCYJT → (session) 协议号，零售、批发 找，bs91m1
2022-06-10 10:31:08jiaoyouqun123 → 想找人（ 发 ）广告，找 bs91m1
2022-06-10 10:32:06zuqiushuju → 需要 软、件，找 bs91m1
2022-06-10 10:33:05miaomiao12356 → 来（发 ）广告，联系 bs91m1
2022-06-10 10:36:48fv0015 → 要（发 ）广告，联系 bs91m1
2022-06-10 10:38:53yunqian68 → 准备（发 ）广告，找 bs91m1
2022-06-10 10:40:43adasdasw → (session) 协议号，零售、批发 找，bs91m1
2022-06-10 10:42:43seguiren → 准备（发 ）广告，找 bs91m1
2022-06-10 10:44:35fjhq000hz → 需要 软、件，找 bs91m1
2022-06-10 10:48:16cvv666money → (session) 协议号，零售、批发 找，bs91m1
2022-06-10 10:49:14USDThuzhu3 → 准备（发 ）广告，找 bs91m1
2022-06-10 10:52:07dunxin106 → 专业（发 ）广告，联系我 bs91m1
2022-06-10 10:56:48buyusdtx → 想找人（ 发 ）广告，找 bs91m1
2022-06-10 10:58:10xd836809 → 专业（发 ）广告，联系我 bs91m1
2022-06-10 10:59:08jinsanjiaobc → 需要 群、发软、件，找 bs91m1
2022-06-10 11:00:06sirenweixin3 → 需要 群、发软、件，找 bs91m1
2022-06-10 11:02:03zgfCYJT → 需要 群、发，找 bs91m1
2022-06-10 11:03:52hnsdfhs155 → 来（发 ）广告，联系 bs91m1
2022-06-10 11:07:40yinlianguoji → 需要 群、发软、件，找 bs91m1
2022-06-10 11:08:39seguiren → 来（发 ）广告，联系 bs91m1
2022-06-10 11:09:44fv0015 → 想要（发 ）广告，找 bs91m1
2022-06-10 11:10:43YHK_security → 需要 软、件，找 bs91m1
2022-06-10 11:12:34Hpy888 → 需要 群、发软、件，找 bs91m1
2022-06-10 11:13:39cvv666money → 需要 群、发软、件，找 bs91m1
2022-06-10 11:14:37dubai13148888 → 需要 软、件，找 bs91m1
2022-06-10 11:15:36ziyuanduijie1 → 需要 软、件，找 bs91m1
2022-06-10 11:17:33zuqiushuju → 需要 软、件，找 bs91m1
2022-06-10 11:18:32phpzufang → (session) 协议号，零售、批发 找，bs91m1
2022-06-10 11:20:22miaomiao12356 → 准备（发 ）广告，找 bs91m1
2022-06-10 11:22:20amjwg → 要（发 ）广告，联系 bs91m1
2022-06-10 11:23:18dsfdshhs → 需要 群、发，找 bs91m1
2022-06-10 11:24:16srjlq → 需要 群、发，找 bs91m1
2022-06-10 11:25:21shujyinl → 需要 群、发软、件，找 bs91m1
2022-06-10 11:27:19Philippines_visa → 专业（发 ）广告，联系我 bs91m1
2022-06-10 11:29:17G88888880 → 想要（发 ）广告，找 bs91m1
2022-06-10 11:30:16jiaoyouqun123 → 需要 软、件，找 bs91m1
2022-06-10 11:32:05dunxin106 → (session) 协议号，零售、批发 找，bs91m1
2022-06-10 11:34:03USDThuzhu3 → (session) 协议号，零售、批发 找，bs91m1
2022-06-10 11:35:02xianliaoq → 需要 软、件，找 bs91m1
2022-06-10 11:36:00Hpy111 → 需要 软、件，找 bs91m1
2022-06-10 11:38:51lbbet → 想要（发 ）广告，找 bs91m1
2022-06-10 11:39:48youxidaili → 来（发 ）广告，联系 bs91m1
2022-06-10 11:41:47yhksijiantao11 → 需要 群、发，找 bs91m1
2022-06-10 11:45:31yunqian68 → (session) 协议号，零售、批发 找，bs91m1
2022-06-10 11:46:29jinsanjiaobc → 需要 群、发，找 bs91m1
2022-06-10 11:50:11AG686 → 需要 群、发，找 bs91m1
2022-06-10 11:53:58dsfdshhs → 需要 群、发软、件，找 bs91m1
2022-06-10 11:54:56hnsdfhs155 → 准备（发 ）广告，找 bs91m1
2022-06-10 11:59:38YHK_security → 想要（发 ）广告，找 bs91m1
2022-06-10 12:00:38yinlianguoji → 专业（发 ）广告，联系我 bs91m1
2022-06-10 12:02:27adasdasw → 准备（发 ）广告，找 bs91m1
2022-06-10 12:03:32fjhq000hz → 需要 软、件，找 bs91m1
2022-06-10 12:04:31yhksijiantao11 → 需要 群、发软、件，找 bs91m1
2022-06-10 12:05:28G88888880 → 想找人（ 发 ）广告，找 bs91m1
2022-06-10 12:07:25shujyinl → 需要 群、发软、件，找 bs91m1
2022-06-10 12:10:07zgfCYJT → 来（发 ）广告，联系 bs91m1
2022-06-10 12:11:13fjhq000hz → 专业（发 ）广告，联系我 bs91m1
2022-06-10 12:12:12seguiren → 专业（发 ）广告，联系我 bs91m1
2022-06-10 12:14:02dream888 → 要（发 ）广告，联系 bs91m1
2022-06-10 12:16:00miaomiao12356 → 想要（发 ）广告，找 bs91m1
2022-06-10 12:17:53phpzufang → 专业（发 ）广告，联系我 bs91m1
2022-06-10 12:18:58srjlq → 来（发 ）广告，联系 bs91m1
2022-06-10 12:20:49yunqian68 → 专业（发 ）广告，联系我 bs91m1
2022-06-10 12:24:43xd836809 → 来（发 ）广告，联系 bs91m1
2022-06-10 12:25:42lbbet → 需要 群、发，找 bs91m1
2022-06-10 12:27:37ziyuanduijie1 → 来（发 ）广告，联系 bs91m1
2022-06-10 12:28:36cvv666money → 需要 群、发，找 bs91m1
2022-06-10 12:32:30zuqiushuju → 需要 群、发软、件，找 bs91m1
2022-06-10 12:33:31phniuniu → 来（发 ）广告，联系 bs91m1
2022-06-10 12:35:34buyusdtx → 专业（发 ）广告，联系我 bs91m1
2022-06-10 12:36:33joinBCPH → 要（发 ）广告，联系 bs91m1
2022-06-10 12:38:30xianliaoq → 要（发 ）广告，联系 bs91m1
2022-06-10 12:43:09jinsanjiaobc → 需要 软、件，找 bs91m1
2022-06-10 12:44:08jiaoyouqun123 → 来（发 ）广告，联系 bs91m1
2022-06-10 12:46:57fv0015 → 需要 群、发，找 bs91m1
2022-06-10 12:49:48USDThuzhu3 → 需要 群、发软、件，找 bs91m1
2022-06-10 12:52:34lbbet → 想找人（ 发 ）广告，找 bs91m1
2022-06-10 12:55:26sirenweixin3 → 专业（发 ）广告，联系我 bs91m1
2022-06-10 12:56:24dunxin106 → 专业（发 ）广告，联系我 bs91m1
2022-06-10 12:58:21youxidaili → 专业（发 ）广告，联系我 bs91m1
2022-06-10 13:00:14cvv666money → (session) 协议号，零售、批发 找，bs91m1
2022-06-10 13:01:18adasdasw → 来（发 ）广告，联系 bs91m1
2022-06-10 13:02:17phpzufang → 来（发 ）广告，联系 bs91m1
2022-06-10 13:04:07Hpy111 → 需要 软、件，找 bs91m1
2022-06-10 13:06:03hnsdfhs155 → 要（发 ）广告，联系 bs91m1
2022-06-10 13:08:58shujyinl → 来（发 ）广告，联系 bs91m1
2022-06-10 13:11:41amjwg → 要（发 ）广告，联系 bs91m1
2022-06-10 13:12:45guojitongdaoduanxin → 来（发 ）广告，联系 bs91m1
2022-06-10 13:13:44youxidaili → 需要 群、发软、件，找 bs91m1
2022-06-10 13:15:35seguiren → (session) 协议号，零售、批发 找，bs91m1
2022-06-10 13:16:41dsfdshhs → (session) 协议号，零售、批发 找，bs91m1
2022-06-10 13:18:31dunxin106 → 准备（发 ）广告，找 bs91m1
2022-06-10 13:21:22hnsdfhs155 → 想找人（ 发 ）广告，找 bs91m1
2022-06-10 13:22:22jiaoyouqun123 → 来（发 ）广告，联系 bs91m1
2022-06-10 13:23:20dubai13148888 → 需要 群、发软、件，找 bs91m1
2022-06-10 13:25:19jinsanjiaobc → (session) 协议号，零售、批发 找，bs91m1
2022-06-10 13:27:10fgdfdfherh → 想找人（ 发 ）广告，找 bs91m1
2022-06-10 13:29:10yinlianguoji → 要（发 ）广告，联系 bs91m1
2022-06-10 13:31:00yhksijiantao11 → 来（发 ）广告，联系 bs91m1
2022-06-10 13:33:56yunqian68 → (session) 协议号，零售、批发 找，bs91m1
2022-06-10 13:34:56G88888880 → 要（发 ）广告，联系 bs91m1
2022-06-10 13:36:54miaomiao12356 → (session) 协议号，零售、批发 找，bs91m1
2022-06-10 13:37:52buyusdtx → (session) 协议号，零售、批发 找，bs91m1
2022-06-10 13:38:50YHK_security → (session) 协议号，零售、批发 找，bs91m1
2022-06-10 13:39:55zuqiushuju → 想找人（ 发 ）广告，找 bs91m1
2022-06-10 13:40:55xianliaoq → 来（发 ）广告，联系 bs91m1
2022-06-10 13:43:51zgfCYJT → 要（发 ）广告，联系 bs91m1
2022-06-10 13:44:49adasdasw → 想找人（ 发 ）广告，找 bs91m1
2022-06-10 13:49:23fv0015 → 准备（发 ）广告，找 bs91m1
2022-06-10 13:52:17AG686 → (session) 协议号，零售、批发 找，bs91m1
2022-06-10 13:53:16lbbet → 需要 群、发软、件，找 bs91m1
2022-06-10 13:55:13shujyinl → 专业（发 ）广告，联系我 bs91m1
2022-06-10 13:57:05ziyuanduijie1 → 专业（发 ）广告，联系我 bs91m1
2022-06-10 13:59:02phpzufang → 需要 软、件，找 bs91m1
2022-06-10 14:00:51fjhq000hz → 来（发 ）广告，联系 bs91m1
2022-06-10 14:02:50USDThuzhu3 → 要（发 ）广告，联系 bs91m1
2022-06-10 14:03:48yhksijiantao11 → 需要 群、发，找 bs91m1
2022-06-10 14:04:47joinBCPH → 准备（发 ）广告，找 bs91m1
2022-06-10 14:06:43srjlq → 来（发 ）广告，联系 bs91m1
2022-06-10 14:07:42cvv666money → 要（发 ）广告，联系 bs91m1
2022-06-10 14:08:40dream888 → 来（发 ）广告，联系 bs91m1
2022-06-10 14:11:28Hpy111 → (session) 协议号，零售、批发 找，bs91m1
2022-06-10 14:12:27seguiren → (session) 协议号，零售、批发 找，bs91m1
2022-06-10 14:16:09srjlq → 专业（发 ）广告，联系我 bs91m1
2022-06-10 14:18:14xianliaoq → 需要 软、件，找 bs91m1
2022-06-10 14:20:04dunxin106 → 来（发 ）广告，联系 bs91m1
2022-06-10 14:21:03G88888880 → 来（发 ）广告，联系 bs91m1
2022-06-10 14:22:09jiaoyouqun123 → (session) 协议号，零售、批发 找，bs91m1
2022-06-10 14:23:08amjwg → 需要 群、发，找 bs91m1
2022-06-10 14:24:58youxidaili → 需要 群、发，找 bs91m1
2022-06-10 14:26:04yunqian68 → 想找人（ 发 ）广告，找 bs91m1
2022-06-10 14:27:53jinsanjiaobc → 要（发 ）广告，联系 bs91m1
2022-06-10 14:28:52xd836809 → 来（发 ）广告，联系 bs91m1
2022-06-10 14:29:59dsfdshhs → 想要（发 ）广告，找 bs91m1
2022-06-10 14:30:57joinBCPH → 专业（发 ）广告，联系我 bs91m1
2022-06-10 14:31:56adasdasw → 来（发 ）广告，联系 bs91m1
2022-06-10 14:33:51hnsdfhs155 → 专业（发 ）广告，联系我 bs91m1
2022-06-10 14:34:50YHK_security → 要（发 ）广告，联系 bs91m1
2022-06-10 14:36:42phniuniu → 想找人（ 发 ）广告，找 bs91m1
2022-06-10 14:37:46fv0015 → 想要（发 ）广告，找 bs91m1
2022-06-10 14:39:36yinlianguoji → 想找人（ 发 ）广告，找 bs91m1
2022-06-10 14:40:34sirenweixin3 → (session) 协议号，零售、批发 找，bs91m1
2022-06-10 14:41:41Hpy111 → 想找人（ 发 ）广告，找 bs91m1
2022-06-10 14:49:09shujyinl → 想要（发 ）广告，找 bs91m1
2022-06-10 14:50:07fjhq000hz → 想要（发 ）广告，找 bs91m1
2022-06-10 14:52:58yunqian68 → 来（发 ）广告，联系 bs91m1
2022-06-10 14:57:45buyusdtx → (session) 协议号，零售、批发 找，bs91m1
2022-06-10 15:02:23jiaoyouqun123 → (session) 协议号，零售、批发 找，bs91m1
2022-06-10 15:03:20AG686 → 想要（发 ）广告，找 bs91m1
2022-06-10 15:05:19zuqiushuju → 需要 群、发软、件，找 bs91m1
2022-06-10 15:06:18dream888 → 要（发 ）广告，联系 bs91m1
2022-06-10 15:09:15lbbet → 想要（发 ）广告，找 bs91m1
2022-06-10 15:11:04USDThuzhu3 → 要（发 ）广告，联系 bs91m1
2022-06-10 15:12:11phpzufang → 想要（发 ）广告，找 bs91m1
2022-06-10 15:13:09Philippines_visa → 专业（发 ）广告，联系我 bs91m1
2022-06-10 15:15:59hnsdfhs155 → 需要 软、件，找 bs91m1
2022-06-10 15:16:58seguiren → 需要 软、件，找 bs91m1
2022-06-10 15:17:56dubai13148888 → 想找人（ 发 ）广告，找 bs91m1
2022-06-10 15:19:54Hpy888 → 需要 群、发，找 bs91m1
2022-06-10 15:22:43USDThuzhu3 → (session) 协议号，零售、批发 找，bs91m1
2022-06-10 15:23:49cvv666money → 准备（发 ）广告，找 bs91m1
2022-06-10 15:27:34zgfCYJT → 想找人（ 发 ）广告，找 bs91m1
2022-06-10 15:29:25youxidaili → 需要 软、件，找 bs91m1
2022-06-10 15:30:23yhksijiantao11 → 想找人（ 发 ）广告，找 bs91m1
2022-06-10 15:32:22xianliaoq → 想要（发 ）广告，找 bs91m1
2022-06-10 15:33:21fgdfdfherh → 需要 群、发软、件，找 bs91m1
2022-06-10 15:35:19dsfdshhs → 需要 群、发软、件，找 bs91m1
2022-06-10 15:36:17fjhq000hz → 来（发 ）广告，联系 bs91m1
2022-06-10 15:38:07Hpy111 → 需要 群、发，找 bs91m1
2022-06-10 15:40:55zuqiushuju → 需要 群、发，找 bs91m1
2022-06-10 15:42:58joinBCPH → 想找人（ 发 ）广告，找 bs91m1
2022-06-10 15:44:47srjlq → 来（发 ）广告，联系 bs91m1
2022-06-10 15:45:46phpzufang → 要（发 ）广告，联系 bs91m1
2022-06-10 15:48:37xianliaoq → 需要 群、发，找 bs91m1
2022-06-10 15:49:35adasdasw → 专业（发 ）广告，联系我 bs91m1
2022-06-10 15:52:26shujyinl → 要（发 ）广告，联系 bs91m1
2022-06-10 15:53:24dunxin106 → 来（发 ）广告，联系 bs91m1
2022-06-10 15:56:16dsfdshhs → 要（发 ）广告，联系 bs91m1
2022-06-10 15:57:14ziyuanduijie1 → 需要 群、发软、件，找 bs91m1
2022-06-10 15:58:19fv0015 → 准备（发 ）广告，找 bs91m1
2022-06-10 15:59:18cvv666money → (session) 协议号，零售、批发 找，bs91m1
2022-06-10 16:03:00jinsanjiaobc → 想要（发 ）广告，找 bs91m1
2022-06-10 16:03:58YHK_security → 要（发 ）广告，联系 bs91m1
2022-06-10 16:05:57jiaoyouqun123 → 需要 群、发，找 bs91m1
2022-06-10 16:10:41buyusdtx → 需要 群、发，找 bs91m1
2022-06-10 16:11:39lbbet → 来（发 ）广告，联系 bs91m1
2022-06-10 16:12:38miaomiao12356 → 需要 软、件，找 bs91m1
2022-06-10 16:13:43yinlianguoji → 需要 软、件，找 bs91m1
2022-06-10 16:15:34seguiren → 来（发 ）广告，联系 bs91m1
2022-06-10 16:18:23sirenweixin3 → 想要（发 ）广告，找 bs91m1
2022-06-10 16:19:22dubai13148888 → 想找人（ 发 ）广告，找 bs91m1
2022-06-10 16:20:20fv0015 → 想找人（ 发 ）广告，找 bs91m1
2022-06-10 16:21:26dream888 → 来（发 ）广告，联系 bs91m1
2022-06-10 16:24:13srjlq → 想找人（ 发 ）广告，找 bs91m1
2022-06-10 16:25:18fjhq000hz → 需要 软、件，找 bs91m1
2022-06-10 16:30:02yunqian68 → 需要 群、发软、件，找 bs91m1
2022-06-10 16:31:01amjwg → 想找人（ 发 ）广告，找 bs91m1
2022-06-10 16:31:59dunxin106 → 准备（发 ）广告，找 bs91m1
2022-06-10 16:33:04yhksijiantao11 → 要（发 ）广告，联系 bs91m1
2022-06-10 16:35:45jinsanjiaobc → 来（发 ）广告，联系 bs91m1
2022-06-10 16:37:44zgfCYJT → 想找人（ 发 ）广告，找 bs91m1
2022-06-10 16:38:42hnsdfhs155 → 想找人（ 发 ）广告，找 bs91m1
2022-06-10 16:41:39YHK_security → 需要 软、件，找 bs91m1
2022-06-10 16:43:30miaomiao12356 → (session) 协议号，零售、批发 找，bs91m1
2022-06-10 16:45:26Hpy888 → 来（发 ）广告，联系 bs91m1
2022-06-10 16:46:24zuqiushuju → 专业（发 ）广告，联系我 bs91m1
2022-06-10 16:47:23shujyinl → 准备（发 ）广告，找 bs91m1
2022-06-10 16:49:22USDThuzhu3 → 准备（发 ）广告，找 bs91m1
2022-06-10 16:51:12yunqian68 → (session) 协议号，零售、批发 找，bs91m1
2022-06-10 16:54:04jiaoyouqun123 → (session) 协议号，零售、批发 找，bs91m1
2022-06-10 16:56:56lbbet → 准备（发 ）广告，找 bs91m1
2022-06-10 16:58:48ziyuanduijie1 → 要（发 ）广告，联系 bs91m1
2022-06-10 16:59:53youxidaili → 想要（发 ）广告，找 bs91m1
2022-06-10 17:05:28phpzufang → 来（发 ）广告，联系 bs91m1
2022-06-10 17:06:26adasdasw → (session) 协议号，零售、批发 找，bs91m1
2022-06-10 17:08:46xd836809 → 需要 群、发软、件，找 bs91m1
2022-06-10 17:09:45seguiren → 要（发 ）广告，联系 bs91m1
2022-06-10 17:11:44AG686 → 来（发 ）广告，联系 bs91m1
2022-06-10 17:16:32joinBCPH → 想找人（ 发 ）广告，找 bs91m1
2022-06-10 17:17:31dsfdshhs → 来（发 ）广告，联系 bs91m1
2022-06-10 17:20:21fgdfdfherh → 想找人（ 发 ）广告，找 bs91m1
2022-06-10 17:21:20yhksijiantao11 → 想找人（ 发 ）广告，找 bs91m1
2022-06-10 17:22:19srjlq → (session) 协议号，零售、批发 找，bs91m1
2022-06-10 17:23:23cvv666money → 准备（发 ）广告，找 bs91m1
2022-06-10 17:25:14G88888880 → 来（发 ）广告，联系 bs91m1
2022-06-10 17:26:12hnsdfhs155 → 需要 软、件，找 bs91m1
2022-06-10 17:28:09amjwg → (session) 协议号，零售、批发 找，bs91m1
2022-06-10 17:29:07buyusdtx → 需要 群、发软、件，找 bs91m1
2022-06-10 17:31:12dubai13148888 → 需要 群、发，找 bs91m1
2022-06-10 17:32:11xianliaoq → (session) 协议号，零售、批发 找，bs91m1
2022-06-10 17:35:02dunxin106 → 需要 群、发软、件，找 bs91m1
2022-06-10 17:38:52sirenweixin3 → 来（发 ）广告，联系 bs91m1
2022-06-10 17:40:42zuqiushuju → 想找人（ 发 ）广告，找 bs91m1
2022-06-10 17:41:41phniuniu → 想要（发 ）广告，找 bs91m1
2022-06-10 17:45:23YHK_security → 需要 群、发软、件，找 bs91m1
2022-06-10 17:48:19Hpy111 → 需要 群、发软、件，找 bs91m1
2022-06-10 17:51:09jiaoyouqun123 → 来（发 ）广告，联系 bs91m1
2022-06-10 17:55:52youxidaili → 准备（发 ）广告，找 bs91m1
2022-06-10 17:56:51seguiren → 要（发 ）广告，联系 bs91m1
2022-06-10 17:58:47jinsanjiaobc → 要（发 ）广告，联系 bs91m1
2022-06-10 18:00:40shujyinl → 需要 群、发，找 bs91m1
2022-06-10 18:01:45lbbet → 需要 群、发，找 bs91m1
2022-06-10 18:03:37fjhq000hz → 准备（发 ）广告，找 bs91m1
2022-06-10 18:06:28adasdasw → 需要 群、发软、件，找 bs91m1
2022-06-10 18:07:26dsfdshhs → 来（发 ）广告，联系 bs91m1
2022-06-10 18:09:24yhksijiantao11 → 要（发 ）广告，联系 bs91m1
2022-06-10 18:10:23amjwg → 需要 群、发软、件，找 bs91m1
2022-06-10 18:12:11USDThuzhu3 → 需要 软、件，找 bs91m1
2022-06-10 18:13:16fv0015 → 准备（发 ）广告，找 bs91m1
2022-06-10 18:15:06yunqian68 → 专业（发 ）广告，联系我 bs91m1
2022-06-10 18:16:06miaomiao12356 → 想要（发 ）广告，找 bs91m1
2022-06-10 18:18:03joinBCPH → 需要 群、发，找 bs91m1
2022-06-10 18:20:55Philippines_visa → 需要 软、件，找 bs91m1
2022-06-10 18:21:54cvv666money → 需要 群、发，找 bs91m1
2022-06-10 18:23:45USDThuzhu3 → 需要 软、件，找 bs91m1
2022-06-10 18:24:51zgfCYJT → 来（发 ）广告，联系 bs91m1
2022-06-10 18:26:41zuqiushuju → 准备（发 ）广告，找 bs91m1
2022-06-10 18:27:39phpzufang → 来（发 ）广告，联系 bs91m1
2022-06-10 18:29:37dubai13148888 → (session) 协议号，零售、批发 找，bs91m1
2022-06-10 18:30:35buyusdtx → 想要（发 ）广告，找 bs91m1
2022-06-10 18:31:34xianliaoq → 专业（发 ）广告，联系我 bs91m1
2022-06-10 18:34:24dream888 → 需要 软、件，找 bs91m1
2022-06-10 18:36:24dsfdshhs → 专业（发 ）广告，联系我 bs91m1
2022-06-10 18:38:14xd836809 → 准备（发 ）广告，找 bs91m1
2022-06-10 18:39:12fjhq000hz → 需要 群、发软、件，找 bs91m1
2022-06-10 18:40:18seguiren → 想找人（ 发 ）广告，找 bs91m1
2022-06-10 18:41:16hnsdfhs155 → 需要 群、发软、件，找 bs91m1
2022-06-10 18:43:07fgdfdfherh → (session) 协议号，零售、批发 找，bs91m1
2022-06-10 18:44:13guojitongdaoduanxin → 需要 群、发，找 bs91m1
2022-06-10 18:45:11xianliaoq → (session) 协议号，零售、批发 找，bs91m1
2022-06-10 18:46:09adasdasw → 准备（发 ）广告，找 bs91m1
2022-06-10 18:50:50jinsanjiaobc → 要（发 ）广告，联系 bs91m1
2022-06-10 18:53:38dunxin106 → 来（发 ）广告，联系 bs91m1
2022-06-10 18:54:36jiaoyouqun123 → 需要 软、件，找 bs91m1
2022-06-10 18:55:41AG686 → 准备（发 ）广告，找 bs91m1
2022-06-10 18:58:26shujyinl → 准备（发 ）广告，找 bs91m1
2022-06-10 18:59:31youxidaili → 需要 群、发，找 bs91m1
2022-06-10 19:00:30yhksijiantao11 → 想要（发 ）广告，找 bs91m1
2022-06-10 19:05:12fv0015 → 需要 群、发软、件，找 bs91m1
2022-06-10 19:09:55ziyuanduijie1 → 需要 软、件，找 bs91m1
2022-06-10 19:12:49yunqian68 → 专业（发 ）广告，联系我 bs91m1
2022-06-10 19:13:47xd836809 → 想要（发 ）广告，找 bs91m1
2022-06-10 19:14:52srjlq → 想找人（ 发 ）广告，找 bs91m1
2022-06-10 19:15:50cvv666money → 来（发 ）广告，联系 bs91m1
2022-06-10 19:17:41dream888 → 来（发 ）广告，联系 bs91m1
2022-06-10 19:19:39zgfCYJT → 想找人（ 发 ）广告，找 bs91m1
2022-06-10 19:20:36YHK_security → 专业（发 ）广告，联系我 bs91m1
2022-06-10 19:25:23lbbet → 需要 群、发，找 bs91m1
2022-06-10 19:26:28phpzufang → (session) 协议号，零售、批发 找，bs91m1
2022-06-10 19:28:18USDThuzhu3 → 准备（发 ）广告，找 bs91m1
2022-06-10 19:29:17miaomiao12356 → 要（发 ）广告，联系 bs91m1
2022-06-10 19:31:14Philippines_visa → 准备（发 ）广告，找 bs91m1
2022-06-10 19:32:12youxidaili → (session) 协议号，零售、批发 找，bs91m1
2022-06-10 19:34:11jiaoyouqun123 → 需要 软、件，找 bs91m1
2022-06-10 19:35:09hnsdfhs155 → (session) 协议号，零售、批发 找，bs91m1
2022-06-10 19:37:01guojitongdaoduanxin → 要（发 ）广告，联系 bs91m1
2022-06-10 19:38:06dubai13148888 → 需要 群、发，找 bs91m1
2022-06-10 19:39:04dunxin106 → 要（发 ）广告，联系 bs91m1
2022-06-10 19:41:56dsfdshhs → 需要 软、件，找 bs91m1
2022-06-10 19:42:55buyusdtx → 要（发 ）广告，联系 bs91m1
2022-06-10 19:45:49G88888880 → (session) 协议号，零售、批发 找，bs91m1
2022-06-10 19:46:47zuqiushuju → 来（发 ）广告，联系 bs91m1
2022-06-10 19:51:29YHK_security → 要（发 ）广告，联系 bs91m1
2022-06-10 19:55:13fjhq000hz → 来（发 ）广告，联系 bs91m1
2022-06-10 19:56:12seguiren → 来（发 ）广告，联系 bs91m1
2022-06-10 19:57:18yhksijiantao11 → (session) 协议号，零售、批发 找，bs91m1
2022-06-10 20:00:01AG686 → 需要 群、发软、件，找 bs91m1
2022-06-10 20:01:07xianliaoq → 来（发 ）广告，联系 bs91m1
2022-06-10 20:02:05jinsanjiaobc → 需要 软、件，找 bs91m1
2022-06-10 20:05:48adasdasw → 准备（发 ）广告，找 bs91m1
2022-06-10 20:07:38lbbet → 需要 软、件，找 bs91m1
2022-06-10 20:08:43srjlq → 来（发 ）广告，联系 bs91m1
2022-06-10 20:11:28phpzufang → 想找人（ 发 ）广告，找 bs91m1
2022-06-10 20:13:25fv0015 → 准备（发 ）广告，找 bs91m1
2022-06-10 20:14:23shujyinl → 来（发 ）广告，联系 bs91m1
2022-06-10 20:15:23guojitongdaoduanxin → 来（发 ）广告，联系 bs91m1
2022-06-10 20:16:30xd836809 → 专业（发 ）广告，联系我 bs91m1
2022-06-10 20:17:28yunqian68 → 来（发 ）广告，联系 bs91m1
2022-06-10 20:18:26ziyuanduijie1 → 需要 群、发软、件，找 bs91m1
2022-06-10 20:24:12cvv666money → 需要 软、件，找 bs91m1
2022-06-10 20:26:02zgfCYJT → 需要 群、发，找 bs91m1
2022-06-10 20:28:02fjhq000hz → 来（发 ）广告，联系 bs91m1
2022-06-10 20:31:47dsfdshhs → 需要 群、发软、件，找 bs91m1
2022-06-10 20:32:45Hpy111 → (session) 协议号，零售、批发 找，bs91m1
2022-06-10 20:35:39jinsanjiaobc → 需要 群、发，找 bs91m1
2022-06-10 20:36:38phpzufang → 来（发 ）广告，联系 bs91m1
2022-06-10 20:37:37amjwg → 要（发 ）广告，联系 bs91m1
2022-06-10 20:39:34fv0015 → 准备（发 ）广告，找 bs91m1
2022-06-10 20:40:33dream888 → 需要 群、发软、件，找 bs91m1
2022-06-10 20:42:24YHK_security → 要（发 ）广告，联系 bs91m1
2022-06-10 20:43:30miaomiao12356 → 想找人（ 发 ）广告，找 bs91m1
2022-06-10 20:45:20hnsdfhs155 → 需要 群、发，找 bs91m1
2022-06-10 20:46:18yunqian68 → 来（发 ）广告，联系 bs91m1
2022-06-10 20:48:17dubai13148888 → (session) 协议号，零售、批发 找，bs91m1
2022-06-10 20:49:16lbbet → 想要（发 ）广告，找 bs91m1
2022-06-10 20:50:14srjlq → 专业（发 ）广告，联系我 bs91m1
2022-06-10 20:53:08youxidaili → 准备（发 ）广告，找 bs91m1
2022-06-10 20:56:57shujyinl → 需要 群、发软、件，找 bs91m1
2022-06-10 20:58:57USDThuzhu3 → 需要 群、发软、件，找 bs91m1
2022-06-10 20:59:55cvv666money → 要（发 ）广告，联系 bs91m1
2022-06-10 21:03:40zuqiushuju → 来（发 ）广告，联系 bs91m1
2022-06-10 21:05:30seguiren → 需要 群、发软、件，找 bs91m1
2022-06-10 21:06:35yhksijiantao11 → 来（发 ）广告，联系 bs91m1
2022-06-10 21:09:19dunxin106 → 需要 群、发，找 bs91m1
2022-06-10 21:13:03jiaoyouqun123 → 要（发 ）广告，联系 bs91m1
2022-06-10 21:15:56xianliaoq → 想找人（ 发 ）广告，找 bs91m1
2022-06-10 21:16:54adasdasw → (session) 协议号，零售、批发 找，bs91m1
2022-06-10 21:18:53joinBCPH → 准备（发 ）广告，找 bs91m1
2022-06-10 21:20:43sirenweixin3 → 来（发 ）广告，联系 bs91m1
2022-06-10 21:21:49zuqiushuju → 来（发 ）广告，联系 bs91m1
2022-06-10 21:23:39zgfCYJT → 想找人（ 发 ）广告，找 bs91m1
2022-06-10 21:25:38dsfdshhs → 专业（发 ）广告，联系我 bs91m1
2022-06-10 21:26:37fgdfdfherh → 需要 群、发，找 bs91m1
2022-06-10 21:28:27srjlq → 需要 软、件，找 bs91m1
2022-06-10 21:30:25dunxin106 → (session) 协议号，零售、批发 找，bs91m1
2022-06-10 21:31:24sirenweixin3 → 准备（发 ）广告，找 bs91m1
2022-06-10 21:32:23xd836809 → 准备（发 ）广告，找 bs91m1
2022-06-10 21:34:21miaomiao12356 → 需要 群、发软、件，找 bs91m1
2022-06-10 21:36:18youxidaili → 准备（发 ）广告，找 bs91m1
2022-06-10 21:37:22fv0015 → 想找人（ 发 ）广告，找 bs91m1
2022-06-10 21:38:20jiaoyouqun123 → 专业（发 ）广告，联系我 bs91m1
2022-06-10 21:39:19dubai13148888 → (session) 协议号，零售、批发 找，bs91m1
2022-06-10 21:41:16USDThuzhu3 → 来（发 ）广告，联系 bs91m1
2022-06-10 21:42:16Hpy111 → (session) 协议号，零售、批发 找，bs91m1
2022-06-10 21:43:14cvv666money → 想要（发 ）广告，找 bs91m1
2022-06-10 21:47:01seguiren → 来（发 ）广告，联系 bs91m1
2022-06-10 21:48:00guojitongdaoduanxin → 来（发 ）广告，联系 bs91m1
2022-06-10 21:49:57lbbet → (session) 协议号，零售、批发 找，bs91m1
2022-06-10 21:50:55fjhq000hz → 准备（发 ）广告，找 bs91m1
2022-06-10 21:51:54G88888880 → 来（发 ）广告，联系 bs91m1
2022-06-10 21:53:51adasdasw → 来（发 ）广告，联系 bs91m1
2022-06-10 21:54:49xianliaoq → 来（发 ）广告，联系 bs91m1
2022-06-10 21:55:48dream888 → 需要 群、发软、件，找 bs91m1
2022-06-10 21:58:39yhksijiantao11 → 需要 软、件，找 bs91m1
2022-06-10 21:59:37AG686 → 需要 群、发，找 bs91m1
2022-06-10 22:00:42phpzufang → 专业（发 ）广告，联系我 bs91m1
2022-06-10 22:02:32jinsanjiaobc → 来（发 ）广告，联系 bs91m1
2022-06-10 22:06:17buyusdtx → 需要 群、发，找 bs91m1
2022-06-10 22:07:15shujyinl → 需要 软、件，找 bs91m1
2022-06-10 22:10:06ziyuanduijie1 → 需要 群、发，找 bs91m1
2022-06-10 22:11:05yunqian68 → 准备（发 ）广告，找 bs91m1
2022-06-10 22:13:56YHK_security → 需要 群、发，找 bs91m1
2022-06-10 22:14:54hnsdfhs155 → 想要（发 ）广告，找 bs91m1
2022-06-10 22:19:36fjhq000hz → 想找人（ 发 ）广告，找 bs91m1
2022-06-10 22:21:29jiaoyouqun123 → 来（发 ）广告，联系 bs91m1
2022-06-10 22:24:28shujyinl → 来（发 ）广告，联系 bs91m1
2022-06-10 22:27:20Hpy111 → 想找人（ 发 ）广告，找 bs91m1
2022-06-10 22:28:19YHK_security → 需要 群、发，找 bs91m1
2022-06-10 22:29:16srjlq → 专业（发 ）广告，联系我 bs91m1
2022-06-10 22:31:13lbbet → 专业（发 ）广告，联系我 bs91m1
2022-06-10 22:33:03USDThuzhu3 → 来（发 ）广告，联系 bs91m1
2022-06-10 22:34:02xd836809 → 需要 群、发软、件，找 bs91m1
2022-06-10 22:35:08seguiren → 准备（发 ）广告，找 bs91m1
2022-06-10 22:36:07amjwg → 想找人（ 发 ）广告，找 bs91m1
2022-06-10 22:37:05jinsanjiaobc → 需要 群、发软、件，找 bs91m1
2022-06-10 22:39:02zuqiushuju → 专业（发 ）广告，联系我 bs91m1
2022-06-10 22:40:00guojitongdaoduanxin → 需要 群、发软、件，找 bs91m1
2022-06-10 22:40:59sirenweixin3 → 需要 群、发软、件，找 bs91m1
2022-06-10 22:42:57fgdfdfherh → 来（发 ）广告，联系 bs91m1
2022-06-10 22:44:48yhksijiantao11 → 来（发 ）广告，联系 bs91m1
2022-06-10 22:46:52zgfCYJT → 要（发 ）广告，联系 bs91m1
2022-06-10 22:47:50dsfdshhs → 专业（发 ）广告，联系我 bs91m1
2022-06-10 22:49:40fv0015 → 要（发 ）广告，联系 bs91m1
2022-06-10 22:50:46dream888 → 想找人（ 发 ）广告，找 bs91m1
2022-06-10 22:51:44adasdasw → 专业（发 ）广告，联系我 bs91m1
2022-06-10 22:52:43phpzufang → (session) 协议号，零售、批发 找，bs91m1
2022-06-10 22:54:40hnsdfhs155 → 准备（发 ）广告，找 bs91m1
2022-06-10 22:57:25xianliaoq → 需要 群、发，找 bs91m1
2022-06-10 22:58:29yunqian68 → (session) 协议号，零售、批发 找，bs91m1
2022-06-10 23:00:19youxidaili → 准备（发 ）广告，找 bs91m1
2022-06-10 23:01:17miaomiao12356 → 要（发 ）广告，联系 bs91m1
2022-06-10 23:02:23dubai13148888 → 专业（发 ）广告，联系我 bs91m1
2022-06-10 23:03:21AG686 → 想找人（ 发 ）广告，找 bs91m1
2022-06-10 23:07:10cvv666money → 需要 软、件，找 bs91m1
2022-06-10 23:08:08dunxin106 → 来（发 ）广告，联系 bs91m1
2022-06-10 23:12:41ziyuanduijie1 → 想要（发 ）广告，找 bs91m1
2022-06-10 23:14:39yhksijiantao11 → 要（发 ）广告，联系 bs91m1
2022-06-10 23:19:21xianliaoq → (session) 协议号，零售、批发 找，bs91m1
2022-06-10 23:21:20zuqiushuju → 想找人（ 发 ）广告，找 bs91m1
2022-06-10 23:23:32joinBCPH → 专业（发 ）广告，联系我 bs91m1
2022-06-10 23:24:31jiaoyouqun123 → 需要 软、件，找 bs91m1
2022-06-10 23:28:25yinlianguoji → 来（发 ）广告，联系 bs91m1
2022-06-10 23:30:25phpzufang → 要（发 ）广告，联系 bs91m1
2022-06-10 23:34:15jinsanjiaobc → 想要（发 ）广告，找 bs91m1
2022-06-10 23:36:06cvv666money → 准备（发 ）广告，找 bs91m1
2022-06-10 23:37:11shujyinl → 想要（发 ）广告，找 bs91m1
2022-06-10 23:38:10zgfCYJT → 需要 群、发，找 bs91m1
2022-06-10 23:41:01buyusdtx → 需要 群、发，找 bs91m1
2022-06-10 23:41:59dream888 → 想找人（ 发 ）广告，找 bs91m1
2022-06-10 23:42:58lbbet → 想找人（ 发 ）广告，找 bs91m1
2022-06-10 23:44:55youxidaili → 准备（发 ）广告，找 bs91m1
2022-06-10 23:45:53YHK_security → 准备（发 ）广告，找 bs91m1
2022-06-10 23:47:44Philippines_visa → 来（发 ）广告，联系 bs91m1
2022-06-10 23:48:50yunqian68 → 来（发 ）广告，联系 bs91m1
2022-06-10 23:49:48fv0015 → (session) 协议号，零售、批发 找，bs91m1
2022-06-10 23:51:39yinlianguoji → 想要（发 ）广告，找 bs91m1
2022-06-10 23:52:45miaomiao12356 → (session) 协议号，零售、批发 找，bs91m1
2022-06-10 23:53:43dsfdshhs → 想找人（ 发 ）广告，找 bs91m1
2022-06-10 23:55:33dunxin106 → 需要 软、件，找 bs91m1
2022-06-10 23:56:39guojitongdaoduanxin → 要（发 ）广告，联系 bs91m1
2022-06-10 23:57:38seguiren → 需要 群、发软、件，找 bs91m1
2022-06-10 23:58:36adasdasw → 来（发 ）广告，联系 bs91m1