
2022-06-02 02:19:32tongdao25 → 需要 群、发，找  bs91m1
2022-06-02 02:20:19juliang666 → 需要 软、件，找  bs91m1
2022-06-02 02:22:36TG_King80 → 需要 群、发，找  bs91m1
2022-06-02 02:23:32daishoujiaoyi → 想要（发 ）广告，找 bs91m1
2022-06-02 02:24:10bailaohui_cvv → 要（发 ）广告，联系 bs91m1
2022-06-02 02:25:38smsjiema666 → 来（发 ）广告，联系 bs91m1
2022-06-02 02:25:57xinbi_088 → 需要 软、件，找  bs91m1
2022-06-02 02:27:05xianliao01 → 需要 群、发，找  bs91m1
2022-06-02 02:27:24USDTm → 需要 软、件，找  bs91m1
2022-06-02 02:28:08bailaohui_cvv → 来（发 ）广告，联系 bs91m1
2022-06-02 02:28:39USDT43 → 想要（发 ）广告，找 bs91m1
2022-06-02 02:31:23sunshineyyds → 需要 群、发软、件，找  bs91m1
2022-06-02 02:32:19usdtdfds → 要（发 ）广告，联系 bs91m1
2022-06-02 02:32:52m8haxi888 → 专业（发 ）广告，联系我 bs91m1
2022-06-02 02:33:37si1688 → 需要 软、件，找  bs91m1
2022-06-02 02:33:56wy173 → 需要 群、发，找  bs91m1
2022-06-02 02:36:21USDThuzhu3 → 要（发 ）广告，联系 bs91m1
2022-06-02 02:36:39Usdtbmw → 需要 软、件，找  bs91m1
2022-06-02 02:36:58jfhfhdgd → 准备（发 ）广告，找  bs91m1
2022-06-02 02:37:16weikang2020 → 专业（发 ）广告，联系我 bs91m1
2022-06-02 02:37:43chaxun2020 → 来（发 ）广告，联系 bs91m1
2022-06-02 02:38:03daishou15 → 需要 群、发软、件，找  bs91m1
2022-06-02 02:38:49wz513064 → 准备（发 ）广告，找  bs91m1
2022-06-02 02:40:25dubai_37 → 需要 群、发软、件，找  bs91m1
2022-06-02 02:41:29daifu76 → 专业（发 ）广告，联系我 bs91m1
2022-06-02 02:41:47TGlianmeng002 → 想要（发 ）广告，找 bs91m1
2022-06-02 02:42:20TG1949521 → 想要（发 ）广告，找 bs91m1
2022-06-02 02:42:49TG0188 → 需要 软、件，找  bs91m1
2022-06-02 02:44:50baocai217 → 要（发 ）广告，联系 bs91m1
2022-06-02 02:45:34xinbi_088 → 需要 软、件，找  bs91m1
2022-06-02 02:45:53yugzf → 想找人（ 发 ）广告，找   bs91m1
2022-06-02 02:47:11jiu_777 → 来（发 ）广告，联系 bs91m1
2022-06-02 02:48:07XxUP1121 → 想要（发 ）广告，找 bs91m1
2022-06-02 02:49:25AS668825 → 准备（发 ）广告，找  bs91m1
2022-06-02 02:51:09dbjlq1 → 需要 群、发软、件，找  bs91m1
2022-06-02 02:51:28daishou15 → 需要 软、件，找  bs91m1
2022-06-02 02:53:13xjltq → 专业（发 ）广告，联系我 bs91m1
2022-06-02 02:53:39xbdb01 → 想要（发 ）广告，找 bs91m1
2022-06-02 02:55:20sichouzhilu0 → 需要 群、发，找  bs91m1
2022-06-02 02:55:50juliang666 → 要（发 ）广告，联系 bs91m1
2022-06-02 02:56:23wy137 → 想要（发 ）广告，找 bs91m1
2022-06-02 02:57:02dyjiaoliu → 想要（发 ）广告，找 bs91m1
2022-06-02 02:57:47daishoujiaoyi → 要（发 ）广告，联系 bs91m1
2022-06-02 02:58:19si1688 → 要（发 ）广告，联系 bs91m1
2022-06-02 02:59:32TG088 → 专业（发 ）广告，联系我 bs91m1
2022-06-02 03:00:37axujj → 要（发 ）广告，联系 bs91m1
2022-06-02 03:00:55WKLhuaren → 需要 软、件，找  bs91m1
2022-06-02 03:02:28WKLhuaren → 想要（发 ）广告，找 bs91m1
2022-06-02 03:05:28tz636 → 准备（发 ）广告，找  bs91m1
2022-06-02 03:06:06bailaohui_cvv → 专业（发 ）广告，联系我 bs91m1
2022-06-02 03:06:35USDThuzhu3 → 需要 群、发软、件，找  bs91m1
2022-06-02 03:06:55Xiaoxuanfengjiaoliuqun → 专业（发 ）广告，联系我 bs91m1
2022-06-02 03:07:38TG088 → 想找人（ 发 ）广告，找   bs91m1
2022-06-02 03:11:46usdtdfds → 来（发 ）广告，联系 bs91m1
2022-06-02 03:14:07xjltq → 要（发 ）广告，联系 bs91m1
2022-06-02 03:14:28x00008 → 想找人（ 发 ）广告，找   bs91m1
2022-06-02 03:14:46huione888 → 专业（发 ）广告，联系我 bs91m1
2022-06-02 03:16:24tianziusdt → 需要 群、发软、件，找  bs91m1
2022-06-02 03:18:18sunshineyyds → 来（发 ）广告，联系 bs91m1
2022-06-02 03:19:40WKLhuaren → 专业（发 ）广告，联系我 bs91m1
2022-06-02 03:19:59usdtdfds → 想找人（ 发 ）广告，找   bs91m1
2022-06-02 03:20:19Usdtbmw → 想找人（ 发 ）广告，找   bs91m1
2022-06-02 03:20:37juliang666 → 想要（发 ）广告，找 bs91m1
2022-06-02 03:24:46TG_88888 → 需要 群、发，找  bs91m1
2022-06-02 03:25:05daishou15 → 需要 群、发软、件，找  bs91m1
2022-06-02 03:25:49TG088 → 专业（发 ）广告，联系我 bs91m1
2022-06-02 03:27:00jiu_777 → 要（发 ）广告，联系 bs91m1
2022-06-02 03:27:17bs91m990 → 需要 群、发，找  bs91m1
2022-06-02 03:27:38chenggong045 → 来（发 ）广告，联系 bs91m1
2022-06-02 03:29:02bailaohui_cvv → 需要 群、发软、件，找  bs91m1
2022-06-02 03:30:00BAOAA → 想找人（ 发 ）广告，找   bs91m1
2022-06-02 03:31:02xianliao01 → 专业（发 ）广告，联系我 bs91m1
2022-06-02 03:31:19dibai778899 → 专业（发 ）广告，联系我 bs91m1
2022-06-02 03:31:37WKLhuaren → 需要 软、件，找  bs91m1
2022-06-02 03:31:56TG0188 → 需要 软、件，找  bs91m1
2022-06-02 03:32:50aoa99999 → 需要 群、发，找  bs91m1
2022-06-02 03:33:52weikang2020 → 来（发 ）广告，联系 bs91m1
2022-06-02 03:34:12chaxun2020 → 需要 软、件，找  bs91m1
2022-06-02 03:35:14dbjlq1 → 想找人（ 发 ）广告，找   bs91m1
2022-06-02 03:36:07usdthuihuan → 需要 群、发软、件，找  bs91m1
2022-06-02 03:36:37TG088 → 准备（发 ）广告，找  bs91m1
2022-06-02 03:36:55XxUP1121 → 需要 群、发，找  bs91m1
2022-06-02 03:37:34cccccccxyyy → 专业（发 ）广告，联系我 bs91m1
2022-06-02 03:37:53daishou15 → 想要（发 ）广告，找 bs91m1
2022-06-02 03:39:15jltyzs → 想要（发 ）广告，找 bs91m1
2022-06-02 03:39:32USDThuzhu3 → 想找人（ 发 ）广告，找   bs91m1
2022-06-02 03:39:52bailaohui_cvv → 想要（发 ）广告，找 bs91m1
2022-06-02 03:40:56bclm1 → 要（发 ）广告，联系 bs91m1
2022-06-02 03:42:01tianziusdt → 准备（发 ）广告，找  bs91m1
2022-06-02 03:42:18tongdao25 → 来（发 ）广告，联系 bs91m1
2022-06-02 03:42:51qunfalaren2 → 要（发 ）广告，联系 bs91m1
2022-06-02 03:44:04USDTm → 专业（发 ）广告，联系我 bs91m1
2022-06-02 03:44:21huione888 → 想找人（ 发 ）广告，找   bs91m1
2022-06-02 03:47:54smsjiema666 → 要（发 ）广告，联系 bs91m1
2022-06-02 03:48:25loveuchina → 想要（发 ）广告，找 bs91m1
2022-06-02 03:48:44baocai217 → 想要（发 ）广告，找 bs91m1
2022-06-02 03:49:18xjltq → 想要（发 ）广告，找 bs91m1
2022-06-02 03:49:36TG0188 → 需要 群、发软、件，找  bs91m1
2022-06-02 03:50:53daifu76 → 需要 群、发软、件，找  bs91m1
2022-06-02 03:51:12TG088 → 专业（发 ）广告，联系我 bs91m1
2022-06-02 03:53:11xjltq → 需要 群、发，找  bs91m1
2022-06-02 03:54:23wz513064 → 来（发 ）广告，联系 bs91m1
2022-06-02 03:55:39usdtdfds → 需要 群、发软、件，找  bs91m1
2022-06-02 03:56:12chaxun2020 → 准备（发 ）广告，找  bs91m1
2022-06-02 03:56:45dbjlq1 → 专业（发 ）广告，联系我 bs91m1
2022-06-02 03:57:33bailaohui_cvv → 来（发 ）广告，联系 bs91m1
2022-06-02 03:57:58sunshineyyds → 想要（发 ）广告，找 bs91m1
2022-06-02 03:58:54sichouzhilu0 → 来（发 ）广告，联系 bs91m1
2022-06-02 03:59:13daishou15 → 需要 群、发，找  bs91m1
2022-06-02 03:59:46bailaohui_cvv → 需要 群、发，找  bs91m1
2022-06-02 04:00:05xinbi_088 → 专业（发 ）广告，联系我 bs91m1
2022-06-02 04:01:44jiu_777 → 要（发 ）广告，联系 bs91m1
2022-06-02 04:03:31Usdtbmw → 需要 群、发软、件，找  bs91m1
2022-06-02 04:04:03WKLhuaren → 想要（发 ）广告，找 bs91m1
2022-06-02 04:06:27axujj → 来（发 ）广告，联系 bs91m1
2022-06-02 04:06:44juliang666 → 想要（发 ）广告，找 bs91m1
2022-06-02 04:07:22si1688 → 专业（发 ）广告，联系我 bs91m1
2022-06-02 04:08:20USDThuzhu3 → 想要（发 ）广告，找 bs91m1
2022-06-02 04:09:11daifu76 → 想找人（ 发 ）广告，找   bs91m1
2022-06-02 04:19:31sunshineyyds → 需要 群、发，找  bs91m1
2022-06-02 04:20:05si1688 → 专业（发 ）广告，联系我 bs91m1
2022-06-02 04:22:28xinbi_088 → 需要 群、发，找  bs91m1
2022-06-02 04:23:19huione888 → 来（发 ）广告，联系 bs91m1
2022-06-02 04:25:10sichouzhilu0 → 需要 软、件，找  bs91m1
2022-06-02 04:25:42WKLhuaren → 准备（发 ）广告，找  bs91m1
2022-06-02 04:26:19axujj → 想找人（ 发 ）广告，找   bs91m1
2022-06-02 04:27:50dbjlq1 → 来（发 ）广告，联系 bs91m1
2022-06-02 04:28:20bailaohui_cvv → 专业（发 ）广告，联系我 bs91m1
2022-06-02 04:29:56tongdao25 → 准备（发 ）广告，找  bs91m1
2022-06-02 04:30:15TG088 → 想要（发 ）广告，找 bs91m1
2022-06-02 04:30:45baocai217 → 需要 软、件，找  bs91m1
2022-06-02 04:31:54xjltq → 想找人（ 发 ）广告，找   bs91m1
2022-06-02 04:33:40BAOAA → 想要（发 ）广告，找 bs91m1
2022-06-02 04:35:36TGDL128 → 专业（发 ）广告，联系我 bs91m1
2022-06-02 04:37:50jiu_777 → 需要 软、件，找  bs91m1
2022-06-02 04:38:11xjltq → 想找人（ 发 ）广告，找   bs91m1
2022-06-02 04:39:03daishou15 → 要（发 ）广告，联系 bs91m1
2022-06-02 04:39:33Usdtbmw → 想要（发 ）广告，找 bs91m1
2022-06-02 04:40:15jfhfhdgd → 需要 软、件，找  bs91m1
2022-06-02 04:41:27usdtdfds → 需要 群、发软、件，找  bs91m1
2022-06-02 04:42:32WKLhuaren → 要（发 ）广告，联系 bs91m1
2022-06-02 04:42:51TGDL128 → 需要 软、件，找  bs91m1
2022-06-02 04:43:59USDTm → 要（发 ）广告，联系 bs91m1
2022-06-02 04:45:14TG0188 → 准备（发 ）广告，找  bs91m1
2022-06-02 04:47:54smsjiema666 → 需要 软、件，找  bs91m1
2022-06-02 04:49:31bailaohui_cvv → 需要 群、发软、件，找  bs91m1
2022-06-02 04:52:08chaxun2020 → 需要 群、发，找  bs91m1
2022-06-02 04:52:40juliang666 → 需要 群、发软、件，找  bs91m1
2022-06-02 04:52:57tongdao25 → 要（发 ）广告，联系 bs91m1
2022-06-02 04:54:06baocai217 → 来（发 ）广告，联系 bs91m1
2022-06-02 04:54:38bailaohui_cvv → 要（发 ）广告，联系 bs91m1
2022-06-02 04:56:41TG088 → 准备（发 ）广告，找  bs91m1
2022-06-02 04:59:17dbjlq1 → 专业（发 ）广告，联系我 bs91m1
2022-06-02 04:59:36xinbi_088 → 想要（发 ）广告，找 bs91m1
2022-06-02 05:00:23USDTm → 准备（发 ）广告，找  bs91m1
2022-06-02 05:00:49bailaohui_cvv → 需要 软、件，找  bs91m1
2022-06-02 05:01:38USDThuzhu3 → 想要（发 ）广告，找 bs91m1
2022-06-02 05:03:45WKLhuaren → 准备（发 ）广告，找  bs91m1
2022-06-02 05:04:29sichouzhilu0 → 要（发 ）广告，联系 bs91m1
2022-06-02 05:05:26jfhfhdgd → 想找人（ 发 ）广告，找   bs91m1
2022-06-02 05:06:13Usdtbmw → 准备（发 ）广告，找  bs91m1
2022-06-02 05:07:57btokofficial_03 → 准备（发 ）广告，找  bs91m1
2022-06-02 05:08:28huione888 → 需要 群、发软、件，找  bs91m1
2022-06-02 05:09:22XxUP1121 → 准备（发 ）广告，找  bs91m1
2022-06-02 05:12:54xjltq → 想找人（ 发 ）广告，找   bs91m1
2022-06-02 05:13:39chaxun2020 → 需要 群、发，找  bs91m1
2022-06-02 05:13:59daishou15 → 专业（发 ）广告，联系我 bs91m1
2022-06-02 05:14:16sunshineyyds → 需要 群、发，找  bs91m1
2022-06-02 05:16:58yugzf → 专业（发 ）广告，联系我 bs91m1
2022-06-02 05:17:29TG0188 → 准备（发 ）广告，找  bs91m1
2022-06-02 05:21:51si1688 → 需要 群、发，找  bs91m1
2022-06-02 05:22:09USDThuzhu3 → 准备（发 ）广告，找  bs91m1
2022-06-02 05:24:27jiu_777 → 来（发 ）广告，联系 bs91m1
2022-06-02 05:24:47xinbi_088 → 需要 群、发，找  bs91m1
2022-06-02 05:26:59usdtdfds → 来（发 ）广告，联系 bs91m1
2022-06-02 05:28:06bailaohui_cvv → 想要（发 ）广告，找 bs91m1
2022-06-02 05:30:37daishou15 → 准备（发 ）广告，找  bs91m1
2022-06-02 05:30:56TG0188 → 需要 群、发软、件，找  bs91m1
2022-06-02 05:31:33baocai217 → 专业（发 ）广告，联系我 bs91m1
2022-06-02 05:33:02TG_King80 → 专业（发 ）广告，联系我 bs91m1
2022-06-02 05:33:21TG088 → 专业（发 ）广告，联系我 bs91m1
2022-06-02 05:35:32huione888 → 需要 软、件，找  bs91m1
2022-06-02 05:36:03tongdao25 → 专业（发 ）广告，联系我 bs91m1
2022-06-02 05:36:35sichouzhilu0 → 想要（发 ）广告，找 bs91m1
2022-06-02 05:36:54axujj → 需要 群、发，找  bs91m1
2022-06-02 05:38:01sunshineyyds → 专业（发 ）广告，联系我 bs91m1
2022-06-02 05:40:16yugzf → 想找人（ 发 ）广告，找   bs91m1
2022-06-02 05:41:20jiu_777 → 想要（发 ）广告，找 bs91m1
2022-06-02 05:41:49WKLhuaren → 想要（发 ）广告，找 bs91m1
2022-06-02 05:42:29Usdtbmw → 要（发 ）广告，联系 bs91m1
2022-06-02 05:42:49xinbi_088 → 想要（发 ）广告，找 bs91m1
2022-06-02 05:43:07xjltq → 需要 软、件，找  bs91m1
2022-06-02 05:45:57menglongchuhai → 准备（发 ）广告，找  bs91m1
2022-06-02 05:47:23daishou15 → 专业（发 ）广告，联系我 bs91m1
2022-06-02 05:48:08bailaohui_cvv → 专业（发 ）广告，联系我 bs91m1
2022-06-02 05:49:01bailaohui_cvv → 想找人（ 发 ）广告，找   bs91m1
2022-06-02 05:50:56smsjiema666 → 需要 软、件，找  bs91m1
2022-06-02 05:51:55Facebook2666 → 想找人（ 发 ）广告，找   bs91m1
2022-06-02 05:52:36usdtdfds → 需要 群、发，找  bs91m1
2022-06-02 05:53:44juliang666 → 需要 群、发，找  bs91m1
2022-06-02 05:54:03daifu76 → 要（发 ）广告，联系 bs91m1
2022-06-02 05:55:22maomiyunkong01 → 来（发 ）广告，联系 bs91m1
2022-06-02 05:57:15si1688 → 专业（发 ）广告，联系我 bs91m1
2022-06-02 05:57:53yinliuzjjia → 需要 群、发，找  bs91m1
2022-06-02 06:00:09daishou15 → 想找人（ 发 ）广告，找   bs91m1
2022-06-02 06:01:09baocai217 → 准备（发 ）广告，找  bs91m1
2022-06-02 06:05:25chaxun2020 → 想要（发 ）广告，找 bs91m1
2022-06-02 06:06:17bailaohui_cvv → 要（发 ）广告，联系 bs91m1
2022-06-02 06:07:23dbjlq1 → 需要 群、发，找  bs91m1
2022-06-02 06:09:38jiema670 → 需要 群、发软、件，找  bs91m1
2022-06-02 06:11:50chuhai666 → 想要（发 ）广告，找 bs91m1
2022-06-02 06:12:21WKLhuaren → 准备（发 ）广告，找  bs91m1
2022-06-02 06:12:58wz513064 → 来（发 ）广告，联系 bs91m1
2022-06-02 06:15:33TG088 → 需要 群、发软、件，找  bs91m1
2022-06-02 06:16:41dbjlq1 → 来（发 ）广告，联系 bs91m1
2022-06-02 06:18:39sunshineyyds → 专业（发 ）广告，联系我 bs91m1
2022-06-02 06:18:58daishou15 → 想找人（ 发 ）广告，找   bs91m1
2022-06-02 06:21:03USDTm → 需要 群、发软、件，找  bs91m1
2022-06-02 06:21:33USDThuzhu3 → 想要（发 ）广告，找 bs91m1
2022-06-02 06:23:08yugzf → 需要 群、发，找  bs91m1
2022-06-02 06:24:00daifu76 → 来（发 ）广告，联系 bs91m1
2022-06-02 06:24:37Vgokeji8888 → 想要（发 ）广告，找 bs91m1
2022-06-02 06:26:42Usdtbmw → 专业（发 ）广告，联系我 bs91m1
2022-06-02 06:27:35bailaohui_cvv → 准备（发 ）广告，找  bs91m1
2022-06-02 06:29:10si1688 → 需要 软、件，找  bs91m1
2022-06-02 06:29:28xjltq → 准备（发 ）广告，找  bs91m1
2022-06-02 06:31:14TG0188 → 想要（发 ）广告，找 bs91m1
2022-06-02 06:34:46jiu_777 → 需要 软、件，找  bs91m1
2022-06-02 06:35:04tongdao25 → 需要 软、件，找  bs91m1
2022-06-02 06:35:45xinbi_088 → 想要（发 ）广告，找 bs91m1
2022-06-02 06:36:03WKLhuaren → 想要（发 ）广告，找 bs91m1
2022-06-02 06:39:06daishou15 → 专业（发 ）广告，联系我 bs91m1
2022-06-02 06:39:55yxbjx → 需要 软、件，找  bs91m1
2022-06-02 06:40:15bailaohui_cvv → 需要 群、发软、件，找  bs91m1
2022-06-02 06:40:46usdtdfds → 要（发 ）广告，联系 bs91m1
2022-06-02 06:41:11sichouzhilu0 → 来（发 ）广告，联系 bs91m1
2022-06-02 06:42:20jfhfhdgd → 想找人（ 发 ）广告，找   bs91m1
2022-06-02 06:42:51huione888 → 想找人（ 发 ）广告，找   bs91m1
2022-06-02 06:43:10axujj → 需要 群、发软、件，找  bs91m1
2022-06-02 06:44:27xjltq → 想找人（ 发 ）广告，找   bs91m1
2022-06-02 06:50:56smsjiema666 → 需要 软、件，找  bs91m1
2022-06-02 06:52:22Usdtbmw → 需要 群、发，找  bs91m1
2022-06-02 06:54:03deguobank → 需要 软、件，找  bs91m1
2022-06-02 06:54:22juliang666 → 需要 群、发，找  bs91m1
2022-06-02 06:56:07chuhaiVIP88 → 需要 群、发软、件，找  bs91m1
2022-06-02 06:56:51TG088 → 专业（发 ）广告，联系我 bs91m1
2022-06-02 06:58:01baocai217 → 想找人（ 发 ）广告，找   bs91m1
2022-06-02 07:00:25sougoutgkh → 想要（发 ）广告，找 bs91m1
2022-06-02 07:01:37USDTm → 想要（发 ）广告，找 bs91m1
2022-06-02 07:01:56jfhfhdgd → 专业（发 ）广告，联系我 bs91m1
2022-06-02 07:04:13WKLhuaren → 想找人（ 发 ）广告，找   bs91m1
2022-06-02 07:04:55xiaochuanch1 → 想要（发 ）广告，找 bs91m1
2022-06-02 07:05:45juliang666 → 想要（发 ）广告，找 bs91m1
2022-06-02 07:07:54USDThuzhu3 → 需要 群、发软、件，找  bs91m1
2022-06-02 07:08:32axujj → 想要（发 ）广告，找 bs91m1
2022-06-02 07:10:25tongdao25 → 想要（发 ）广告，找 bs91m1
2022-06-02 07:11:45tianziusdt → 想要（发 ）广告，找 bs91m1
2022-06-02 07:12:53jiu_777 → 专业（发 ）广告，联系我 bs91m1
2022-06-02 07:14:51BCdaikou → 需要 群、发软、件，找  bs91m1
2022-06-02 07:16:05daifu76 → 想找人（ 发 ）广告，找   bs91m1
2022-06-02 07:16:57chaxun2020 → 需要 群、发软、件，找  bs91m1
2022-06-02 07:17:42agtjla → 要（发 ）广告，联系 bs91m1
2022-06-02 07:18:27facebookha → 需要 群、发，找  bs91m1
2022-06-02 07:19:48si1688 → 想找人（ 发 ）广告，找   bs91m1
2022-06-02 07:20:07sunshineyyds → 来（发 ）广告，联系 bs91m1
2022-06-02 07:21:23xinbi_088 → 专业（发 ）广告，联系我 bs91m1
2022-06-02 07:22:07xjltq → 准备（发 ）广告，找  bs91m1
2022-06-02 07:23:02DragonIndia → 需要 群、发，找  bs91m1
2022-06-02 07:24:10dx119168 → 来（发 ）广告，联系 bs91m1
2022-06-02 07:24:28WKLhuaren → 想找人（ 发 ）广告，找   bs91m1
2022-06-02 07:25:55yugzf → 想找人（ 发 ）广告，找   bs91m1
2022-06-02 07:27:36usdtdfds → 需要 群、发软、件，找  bs91m1
2022-06-02 07:27:50daishou15 → 需要 群、发软、件，找  bs91m1
2022-06-02 07:29:40wz513064 → 需要 群、发软、件，找  bs91m1
2022-06-02 07:35:40dbjlq1 → 专业（发 ）广告，联系我 bs91m1
2022-06-02 07:37:28tongdao25 → 准备（发 ）广告，找  bs91m1
2022-06-02 07:38:22USDTm → 要（发 ）广告，联系 bs91m1
2022-06-02 07:38:40huione888 → 来（发 ）广告，联系 bs91m1
2022-06-02 07:39:13haoma69 → 需要 群、发软、件，找  bs91m1
2022-06-02 07:42:00daishou15 → 专业（发 ）广告，联系我 bs91m1
2022-06-02 07:42:19bailaohui_cvv → 专业（发 ）广告，联系我 bs91m1
2022-06-02 07:44:40qunz0081 → 想找人（ 发 ）广告，找   bs91m1
2022-06-02 07:45:24fbws8866 → 来（发 ）广告，联系 bs91m1
2022-06-02 07:45:58TG0188 → 需要 软、件，找  bs91m1
2022-06-02 07:50:40baocai217 → 来（发 ）广告，联系 bs91m1
2022-06-02 07:51:21jfhfhdgd → 需要 软、件，找  bs91m1
2022-06-02 07:52:28aliqudao → 需要 群、发软、件，找  bs91m1
2022-06-02 07:53:04usdtdfds → 需要 群、发，找  bs91m1
2022-06-02 07:53:55jwtam168168 → 需要 群、发，找  bs91m1
2022-06-02 07:54:14xjltq → 来（发 ）广告，联系 bs91m1
2022-06-02 07:55:17daifawhatspp → 来（发 ）广告，联系 bs91m1
2022-06-02 07:55:35Usdtbmw → 需要 群、发，找  bs91m1
2022-06-02 07:56:07TG088 → 需要 群、发软、件，找  bs91m1
2022-06-02 07:59:00xjltq → 准备（发 ）广告，找  bs91m1
2022-06-02 07:59:41daishou15 → 需要 软、件，找  bs91m1
2022-06-02 08:01:28chaxun2020 → 要（发 ）广告，联系 bs91m1
2022-06-02 08:02:38bailaohui_cvv → 需要 软、件，找  bs91m1
2022-06-02 08:02:56WKLhuaren → 需要 群、发，找  bs91m1
2022-06-02 08:06:52WKLhuaren → 准备（发 ）广告，找  bs91m1
2022-06-02 08:10:58dx119188 → 需要 软、件，找  bs91m1
2022-06-02 08:11:16jiu_777 → 需要 群、发，找  bs91m1
2022-06-02 08:11:36yugzf → 需要 群、发，找  bs91m1
2022-06-02 08:13:16usdtdfds → 需要 软、件，找  bs91m1
2022-06-02 08:16:00daifu76 → 需要 群、发软、件，找  bs91m1
2022-06-02 08:17:15juliang666 → 准备（发 ）广告，找  bs91m1
2022-06-02 08:20:50sunshineyyds → 需要 软、件，找  bs91m1
2022-06-02 08:23:57yugzf → 需要 群、发软、件，找  bs91m1
2022-06-02 08:25:03USDThuzhu3 → 需要 群、发软、件，找  bs91m1
2022-06-02 08:25:36axujj → 要（发 ）广告，联系 bs91m1
2022-06-02 08:27:56jfhfhdgd → 来（发 ）广告，联系 bs91m1
2022-06-02 08:28:33XxUP1121 → 需要 群、发，找  bs91m1
2022-06-02 08:29:42Usdtbmw → 需要 群、发，找  bs91m1
2022-06-02 08:30:19qsf888 → 准备（发 ）广告，找  bs91m1
2022-06-02 08:32:29smsjiema666 → 需要 软、件，找  bs91m1
2022-06-02 08:32:49tongdao25 → 来（发 ）广告，联系 bs91m1
2022-06-02 08:33:31hswrrzhxz → 需要 群、发软、件，找  bs91m1
2022-06-02 08:34:00facebookyouyuandingzhi → 准备（发 ）广告，找  bs91m1
2022-06-02 08:34:42huione888 → 想要（发 ）广告，找 bs91m1
2022-06-02 08:35:55si1688 → 想找人（ 发 ）广告，找   bs91m1
2022-06-02 08:37:22daishou15 → 想要（发 ）广告，找 bs91m1
2022-06-02 08:38:42dbjlq1 → 想找人（ 发 ）广告，找   bs91m1
2022-06-02 08:39:34bailaohui_cvv → 需要 软、件，找  bs91m1
2022-06-02 08:42:55xinbi_088 → 要（发 ）广告，联系 bs91m1
2022-06-02 08:43:51tanxiaofengshengha → 需要 群、发软、件，找  bs91m1
2022-06-02 08:44:32ssrtools → 想找人（ 发 ）广告，找   bs91m1
2022-06-02 08:45:05XxUP1121 → 想找人（ 发 ）广告，找   bs91m1
2022-06-02 08:46:20langrensha258 → 需要 群、发软、件，找  bs91m1
2022-06-02 08:46:39usdtdfds → 来（发 ）广告，联系 bs91m1
2022-06-02 08:46:56huione888 → 需要 软、件，找  bs91m1
2022-06-02 08:48:06TG0188 → 想要（发 ）广告，找 bs91m1
2022-06-02 08:48:38daifu76 → 想找人（ 发 ）广告，找   bs91m1
2022-06-02 08:50:38shanrfgb14 → 要（发 ）广告，联系 bs91m1
2022-06-02 08:50:58bailaohui_cvv → 来（发 ）广告，联系 bs91m1
2022-06-02 08:51:30xjltq → 想要（发 ）广告，找 bs91m1
2022-06-02 08:57:22xjltq → 想找人（ 发 ）广告，找   bs91m1
2022-06-02 08:57:42USDTm → 来（发 ）广告，联系 bs91m1
2022-06-02 08:59:30chaxun2020 → 想找人（ 发 ）广告，找   bs91m1
2022-06-02 08:59:48chuiniuqun → 要（发 ）广告，联系 bs91m1
2022-06-02 09:00:28khjc1133 → 需要 群、发软、件，找  bs91m1
2022-06-02 09:01:15sunshineyyds → 专业（发 ）广告，联系我 bs91m1
2022-06-02 09:01:34axujj → 准备（发 ）广告，找  bs91m1
2022-06-02 09:02:04tongdao25 → 要（发 ）广告，联系 bs91m1
2022-06-02 09:04:03Vgokeji3333 → 想找人（ 发 ）广告，找   bs91m1
2022-06-02 09:04:22TG088 → 想找人（ 发 ）广告，找   bs91m1
2022-06-02 09:05:58juliang666 → 想找人（ 发 ）广告，找   bs91m1
2022-06-02 09:08:22dbjlq1 → 准备（发 ）广告，找  bs91m1
2022-06-02 09:09:09USDThuzhu3 → 需要 群、发软、件，找  bs91m1
2022-06-02 09:10:56DNYPAY → 要（发 ）广告，联系 bs91m1
2022-06-02 09:13:17TG0188 → 来（发 ）广告，联系 bs91m1
2022-06-02 09:13:35WKLhuaren → 需要 软、件，找  bs91m1
2022-06-02 09:15:34WKLhuaren → 专业（发 ）广告，联系我 bs91m1
2022-06-02 09:16:35BadoBumblechu → 需要 群、发软、件，找  bs91m1
2022-06-02 09:16:54baocai217 → 需要 群、发软、件，找  bs91m1
2022-06-02 09:17:13daifu76 → 需要 群、发软、件，找  bs91m1
2022-06-02 09:19:09jiu_777 → 需要 群、发，找  bs91m1
2022-06-02 09:21:19yinduliuliang66 → 来（发 ）广告，联系 bs91m1
2022-06-02 09:21:50yugzf → 需要 群、发，找  bs91m1
2022-06-02 09:22:09xinbi_088 → 需要 群、发软、件，找  bs91m1
2022-06-02 09:23:02bailaohui_cvv → 准备（发 ）广告，找  bs91m1
2022-06-02 09:23:34wz513064 → 需要 群、发软、件，找  bs91m1
2022-06-02 09:24:18xiaoguzhuanyedajian3 → 想要（发 ）广告，找 bs91m1
2022-06-02 09:24:54mygjsms → 专业（发 ）广告，联系我 bs91m1
2022-06-02 09:26:49jfhfhdgd → 来（发 ）广告，联系 bs91m1
2022-06-02 09:27:21daishou15 → 专业（发 ）广告，联系我 bs91m1
2022-06-02 09:27:55TG088 → 需要 群、发软、件，找  bs91m1
2022-06-02 09:28:26XxUP1121 → 专业（发 ）广告，联系我 bs91m1
2022-06-02 09:29:21hmch02 → 想要（发 ）广告，找 bs91m1
2022-06-02 09:30:24Usdtbmw → 需要 群、发，找  bs91m1
2022-06-02 09:30:42si1688 → 需要 软、件，找  bs91m1
2022-06-02 09:31:30jiema868 → 想找人（ 发 ）广告，找   bs91m1
2022-06-02 09:33:05chaxun2020 → 专业（发 ）广告，联系我 bs91m1
2022-06-02 09:33:24USDThuzhu3 → 准备（发 ）广告，找  bs91m1
2022-06-02 09:34:14guge1235 → 需要 群、发软、件，找  bs91m1
2022-06-02 09:35:29qianhuidajian8888 → 准备（发 ）广告，找  bs91m1
2022-06-02 09:36:59baocai217 → 需要 群、发，找  bs91m1
2022-06-02 09:38:33haiqazwsx → 需要 软、件，找  bs91m1
2022-06-02 09:38:59sunshineyyds → 想要（发 ）广告，找 bs91m1
2022-06-02 09:39:34bailaohui_cvv → 需要 软、件，找  bs91m1
2022-06-02 09:40:36fbasfgsd → 专业（发 ）广告，联系我 bs91m1
2022-06-02 09:42:54ZY866 → 准备（发 ）广告，找  bs91m1
2022-06-02 09:44:22juliang666 → 准备（发 ）广告，找  bs91m1
2022-06-02 09:44:39USDTm → 需要 软、件，找  bs91m1
2022-06-02 09:45:16usdtdfds → 需要 软、件，找  bs91m1
2022-06-02 09:47:59daishou15 → 要（发 ）广告，联系 bs91m1
2022-06-02 09:49:20huione888 → 需要 群、发软、件，找  bs91m1
2022-06-02 09:49:56whatsappLQ → 来（发 ）广告，联系 bs91m1
2022-06-02 09:52:52xjltq → 准备（发 ）广告，找  bs91m1
2022-06-02 09:54:05xjltq → 专业（发 ）广告，联系我 bs91m1
2022-06-02 09:54:58tongdao25 → 需要 软、件，找  bs91m1
2022-06-02 09:58:25USDTm → 需要 群、发软、件，找  bs91m1
2022-06-02 09:59:06bailaohui_cvv → 需要 软、件，找  bs91m1
2022-06-02 10:00:12axujj → 想找人（ 发 ）广告，找   bs91m1
2022-06-02 10:02:47daifu76 → 需要 群、发，找  bs91m1
2022-06-02 10:03:55dx119118 → 需要 群、发软、件，找  bs91m1
2022-06-02 10:04:13WKLhuaren → 要（发 ）广告，联系 bs91m1
2022-06-02 10:05:11chaxun2020 → 需要 软、件，找  bs91m1
2022-06-02 10:05:54Dubaifangchan888 → 需要 群、发软、件，找  bs91m1
2022-06-02 10:06:26TG_King80 → 需要 软、件，找  bs91m1
2022-06-02 10:08:24si1688 → 专业（发 ）广告，联系我 bs91m1
2022-06-02 10:12:07bailaohui_cvv → 来（发 ）广告，联系 bs91m1
2022-06-02 10:12:24smsjiema666 → 需要 群、发软、件，找  bs91m1
2022-06-02 10:12:43xjltq → 需要 软、件，找  bs91m1
2022-06-02 10:16:09usdtdfds → 需要 群、发，找  bs91m1
2022-06-02 10:16:28daishou15 → 准备（发 ）广告，找  bs91m1
2022-06-02 10:17:12xinbi_088 → 需要 软、件，找  bs91m1
2022-06-02 10:17:56baocai217 → 需要 软、件，找  bs91m1
2022-06-02 10:18:14TG0188 → 准备（发 ）广告，找  bs91m1
2022-06-02 10:18:42wdhyh888888 → 需要 软、件，找  bs91m1
2022-06-02 10:23:02huione888 → 想找人（ 发 ）广告，找   bs91m1
2022-06-02 10:23:20jfhfhdgd → 要（发 ）广告，联系 bs91m1
2022-06-02 10:24:30tianziusdt → 来（发 ）广告，联系 bs91m1
2022-06-02 10:24:49dbjlq1 → 准备（发 ）广告，找  bs91m1
2022-06-02 10:26:20maomiyunkong01 → 想找人（ 发 ）广告，找   bs91m1
2022-06-02 10:26:37WKLhuaren → 准备（发 ）广告，找  bs91m1
2022-06-02 10:27:42yugzf → 想找人（ 发 ）广告，找   bs91m1
2022-06-02 10:28:30xiaoguzhuanyedajian3 → 准备（发 ）广告，找  bs91m1
2022-06-02 10:28:49jiu_777 → 要（发 ）广告，联系 bs91m1
2022-06-02 10:31:00Usdtbmw → 专业（发 ）广告，联系我 bs91m1
2022-06-02 10:31:58aliqudao → 想要（发 ）广告，找 bs91m1
2022-06-02 10:32:28tongdao25 → 需要 软、件，找  bs91m1
2022-06-02 10:32:58WKLhuaren → 想要（发 ）广告，找 bs91m1
2022-06-02 10:34:26daishou15 → 来（发 ）广告，联系 bs91m1