
2022-06-05 00:01:26USDTm → 需要 群、发，找  bs91m1
2022-06-05 00:02:19tongdao25 → 需要 软、件，找  bs91m1
2022-06-05 00:03:11baocai217 → 准备（发 ）广告，找  bs91m1
2022-06-05 00:11:24Usdtbmw → 需要 群、发，找  bs91m1
2022-06-05 00:14:32daifu76 → 需要 群、发软、件，找  bs91m1
2022-06-05 00:17:22xjltq → 需要 软、件，找  bs91m1
2022-06-05 00:18:55USDThuzhu3 → 想找人（ 发 ）广告，找   bs91m1
2022-06-05 00:19:43zhifuo → 来（发 ）广告，联系 bs91m1
2022-06-05 00:27:23laowangdan → 想要（发 ）广告，找 bs91m1
2022-06-05 00:28:34tongdao25 → 想要（发 ）广告，找 bs91m1
2022-06-05 00:29:20USDTm → 需要 群、发，找  bs91m1
2022-06-05 00:32:31haiqazwsx → 想找人（ 发 ）广告，找   bs91m1
2022-06-05 00:33:18jfhfhdgd → 要（发 ）广告，联系 bs91m1
2022-06-05 00:36:47chaxun2020 → 来（发 ）广告，联系 bs91m1
2022-06-05 00:42:24xinbi_088 → 需要 群、发，找  bs91m1
2022-06-05 00:47:18Usdtbmw → 想找人（ 发 ）广告，找   bs91m1
2022-06-05 00:49:39baocai217 → 准备（发 ）广告，找  bs91m1
2022-06-05 00:51:04usdtdfds → 准备（发 ）广告，找  bs91m1
2022-06-05 00:52:56smsjiema666 → 需要 群、发，找  bs91m1
2022-06-05 00:54:34daishou15 → 需要 群、发软、件，找  bs91m1
2022-06-05 00:55:55bailaohui_cvv → 专业（发 ）广告，联系我 bs91m1
2022-06-05 00:57:18XxUP1121 → 来（发 ）广告，联系 bs91m1
2022-06-05 00:58:03TG_King90 → 来（发 ）广告，联系 bs91m1
2022-06-05 01:00:00tianziusdt → 需要 软、件，找  bs91m1
2022-06-05 01:00:48bailaohui_cvv → 要（发 ）广告，联系 bs91m1
2022-06-05 01:02:34laowangdan → 需要 群、发软、件，找  bs91m1
2022-06-05 01:03:00jfhfhdgd → 需要 群、发，找  bs91m1
2022-06-05 01:11:26chaxun2020 → 想找人（ 发 ）广告，找   bs91m1
2022-06-05 01:11:53laowangdan → 想要（发 ）广告，找 bs91m1
2022-06-05 01:13:24usdtdfds → 需要 群、发，找  bs91m1
2022-06-05 01:14:15znpos8 → 需要 软、件，找  bs91m1
2022-06-05 01:19:07juliang666 → 想找人（ 发 ）广告，找   bs91m1
2022-06-05 01:24:43juliang666 → 需要 群、发软、件，找  bs91m1
2022-06-05 01:25:53bailaohui_cvv → 来（发 ）广告，联系 bs91m1
2022-06-05 01:28:34USDThuzhu3 → 需要 群、发软、件，找  bs91m1
2022-06-05 01:30:53chufen1688 → 需要 群、发，找  bs91m1
2022-06-05 01:34:24daifu76 → 准备（发 ）广告，找  bs91m1
2022-06-05 01:35:18langrensha258 → 要（发 ）广告，联系 bs91m1
2022-06-05 01:35:43TG_King90 → 准备（发 ）广告，找  bs91m1
2022-06-05 01:42:14huione888 → 专业（发 ）广告，联系我 bs91m1
2022-06-05 01:44:12tongdao25 → 准备（发 ）广告，找  bs91m1
2022-06-05 01:45:42wz513064 → 要（发 ）广告，联系 bs91m1
2022-06-05 01:46:34Facebook2666 → 专业（发 ）广告，联系我 bs91m1
2022-06-05 01:49:39laowangdan → 专业（发 ）广告，联系我 bs91m1
2022-06-05 01:50:48Usdtbmw → 来（发 ）广告，联系 bs91m1
2022-06-05 01:51:36xjltq → 需要 群、发软、件，找  bs91m1
2022-06-05 01:52:10bailaohui_cvv → 来（发 ）广告，联系 bs91m1
2022-06-05 01:57:17USDTm → 想要（发 ）广告，找 bs91m1
2022-06-05 02:00:46daifu76 → 想要（发 ）广告，找 bs91m1
2022-06-05 02:01:37TG_King90 → 需要 群、发软、件，找  bs91m1
2022-06-05 02:02:32baocai217 → 需要 软、件，找  bs91m1
2022-06-05 02:04:57dx119168 → 想要（发 ）广告，找 bs91m1
2022-06-05 02:05:24xjltq → 需要 群、发软、件，找  bs91m1
2022-06-05 02:09:52chaxun2020 → 需要 群、发，找  bs91m1
2022-06-05 02:12:11zhifuo → 想找人（ 发 ）广告，找   bs91m1
2022-06-05 02:12:44usdtdfds → 准备（发 ）广告，找  bs91m1
2022-06-05 02:14:38znpos8 → 要（发 ）广告，联系 bs91m1
2022-06-05 02:16:13tianziusdt → 想找人（ 发 ）广告，找   bs91m1
2022-06-05 02:19:35bailaohui_cvv → 来（发 ）广告，联系 bs91m1
2022-06-05 02:21:12XxUP1121 → 需要 群、发软、件，找  bs91m1
2022-06-05 02:23:44xinbi_088 → 准备（发 ）广告，找  bs91m1
2022-06-05 02:26:33jfhfhdgd → 需要 群、发，找  bs91m1
2022-06-05 02:28:45daishou15 → 想要（发 ）广告，找 bs91m1
2022-06-05 02:30:37TG_King90 → 想要（发 ）广告，找 bs91m1
2022-06-05 02:35:44tongdao25 → 专业（发 ）广告，联系我 bs91m1
2022-06-05 02:36:10juliang666 → 要（发 ）广告，联系 bs91m1
2022-06-05 02:37:27juliang666 → 需要 软、件，找  bs91m1
2022-06-05 02:40:21smsjiema666 → 来（发 ）广告，联系 bs91m1
2022-06-05 02:41:08huione888 → 想要（发 ）广告，找 bs91m1
2022-06-05 02:45:07laowangdan → 需要 群、发软、件，找  bs91m1
2022-06-05 02:45:58tongdao25 → 来（发 ）广告，联系 bs91m1
2022-06-05 02:47:58USDThuzhu3 → 需要 群、发，找  bs91m1
2022-06-05 02:51:46daifu76 → 需要 群、发，找  bs91m1
2022-06-05 02:52:19daishou15 → 要（发 ）广告，联系 bs91m1
2022-06-05 02:55:24usdtdfds → 需要 群、发，找  bs91m1
2022-06-05 03:02:50xjltq → 准备（发 ）广告，找  bs91m1
2022-06-05 03:03:37wz513064 → 专业（发 ）广告，联系我 bs91m1
2022-06-05 03:04:03USDTm → 需要 群、发，找  bs91m1
2022-06-05 03:04:52TG_King90 → 需要 群、发软、件，找  bs91m1
2022-06-05 03:09:28znpos8 → 需要 软、件，找  bs91m1
2022-06-05 03:10:15bailaohui_cvv → 需要 软、件，找  bs91m1
2022-06-05 03:13:51laowangdan → 需要 群、发软、件，找  bs91m1
2022-06-05 03:14:38XxUP1121 → 准备（发 ）广告，找  bs91m1
2022-06-05 03:15:29baocai217 → 需要 群、发，找  bs91m1
2022-06-05 03:16:25xinbi_088 → 专业（发 ）广告，联系我 bs91m1
2022-06-05 03:18:54chaxun2020 → 需要 群、发软、件，找  bs91m1
2022-06-05 03:19:20zhifuo → 想找人（ 发 ）广告，找   bs91m1
2022-06-05 03:21:46xjltq → 来（发 ）广告，联系 bs91m1
2022-06-05 03:22:11USDThuzhu3 → 想找人（ 发 ）广告，找   bs91m1
2022-06-05 03:32:09tongdao25 → 需要 群、发软、件，找  bs91m1
2022-06-05 03:33:27jfhfhdgd → 需要 群、发软、件，找  bs91m1
2022-06-05 03:39:06usdtdfds → 需要 群、发软、件，找  bs91m1
2022-06-05 03:39:32juliang666 → 准备（发 ）广告，找  bs91m1
2022-06-05 03:46:18laowangdan → 要（发 ）广告，联系 bs91m1
2022-06-05 03:49:45jiema868 → 准备（发 ）广告，找  bs91m1
2022-06-05 03:50:18TG_King90 → 准备（发 ）广告，找  bs91m1
2022-06-05 03:54:07huione888 → 准备（发 ）广告，找  bs91m1
2022-06-05 03:55:51bailaohui_cvv → 需要 群、发，找  bs91m1
2022-06-05 04:00:03XxUP1121 → 需要 群、发软、件，找  bs91m1
2022-06-05 04:07:02Usdtbmw → 来（发 ）广告，联系 bs91m1
2022-06-05 04:07:28jfhfhdgd → 需要 群、发软、件，找  bs91m1
2022-06-05 04:09:27lineline88 → 来（发 ）广告，联系 bs91m1
2022-06-05 04:11:04bailaohui_cvv → 需要 群、发，找  bs91m1
2022-06-05 04:11:30huione888 → 要（发 ）广告，联系 bs91m1
2022-06-05 04:12:39yinliuzjjia → 需要 群、发软、件，找  bs91m1
2022-06-05 04:13:49laowangdan → 来（发 ）广告，联系 bs91m1
2022-06-05 04:14:15xjltq → 专业（发 ）广告，联系我 bs91m1
2022-06-05 04:17:44haoma69 → 想要（发 ）广告，找 bs91m1
2022-06-05 04:19:22daifu76 → 想要（发 ）广告，找 bs91m1
2022-06-05 04:22:27daishou15 → 准备（发 ）广告，找  bs91m1
2022-06-05 04:23:14zhifuo → 专业（发 ）广告，联系我 bs91m1
2022-06-05 04:23:43bailaohui_cvv → 需要 软、件，找  bs91m1
2022-06-05 04:26:24usdtdfds → 专业（发 ）广告，联系我 bs91m1
2022-06-05 04:27:40dfsdf5545 → 专业（发 ）广告，联系我 bs91m1
2022-06-05 04:28:53Usdtbmw → 准备（发 ）广告，找  bs91m1
2022-06-05 04:32:00xjltq → 想要（发 ）广告，找 bs91m1
2022-06-05 04:33:12TG_King90 → 需要 软、件，找  bs91m1
2022-06-05 04:33:39znpos8 → 专业（发 ）广告，联系我 bs91m1
2022-06-05 04:34:06chaxun2020 → 专业（发 ）广告，联系我 bs91m1
2022-06-05 04:35:17xinmengshehaiwaizhi → 来（发 ）广告，联系 bs91m1
2022-06-05 04:37:49juliang666 → 需要 群、发，找  bs91m1
2022-06-05 04:38:55tongdao25 → 准备（发 ）广告，找  bs91m1
2022-06-05 04:40:06smsjiema666 → 要（发 ）广告，联系 bs91m1
2022-06-05 04:41:06TG_King90 → 来（发 ）广告，联系 bs91m1
2022-06-05 04:43:05bailaohui_cvv → 想要（发 ）广告，找 bs91m1
2022-06-05 04:46:29USDThuzhu3 → 需要 群、发，找  bs91m1
2022-06-05 04:49:09xinbi_088 → 要（发 ）广告，联系 bs91m1
2022-06-05 04:49:55USDTm → 要（发 ）广告，联系 bs91m1
2022-06-05 04:50:24chaxun2020 → 专业（发 ）广告，联系我 bs91m1
2022-06-05 04:54:03baocai217 → 专业（发 ）广告，联系我 bs91m1
2022-06-05 04:56:36juliang666 → 需要 群、发，找  bs91m1
2022-06-05 04:57:02KMFW56789 → 准备（发 ）广告，找  bs91m1
2022-06-05 05:01:18jfhfhdgd → 要（发 ）广告，联系 bs91m1
2022-06-05 05:02:03laowangdan → 需要 群、发软、件，找  bs91m1
2022-06-05 05:06:07daifu76 → 需要 软、件，找  bs91m1
2022-06-05 05:10:02USDThuzhu3 → 想找人（ 发 ）广告，找   bs91m1
2022-06-05 05:11:35bailaohui_cvv → 想要（发 ）广告，找 bs91m1
2022-06-05 05:14:43laowangdan → 想要（发 ）广告，找 bs91m1
2022-06-05 05:18:39baocai217 → 准备（发 ）广告，找  bs91m1
2022-06-05 05:19:33tongdao25 → 要（发 ）广告，联系 bs91m1
2022-06-05 05:27:20fb6789 → 专业（发 ）广告，联系我 bs91m1
2022-06-05 05:32:29TG1949521 → 需要 软、件，找  bs91m1
2022-06-05 05:32:55usdtdfds → 专业（发 ）广告，联系我 bs91m1
2022-06-05 05:34:22yhsz037 → 需要 群、发，找  bs91m1
2022-06-05 05:36:20zhifuo → 来（发 ）广告，联系 bs91m1
2022-06-05 05:40:39juliang666 → 需要 软、件，找  bs91m1
2022-06-05 05:42:37Usdtbmw → 来（发 ）广告，联系 bs91m1
2022-06-05 05:43:22TG_King90 → 想找人（ 发 ）广告，找   bs91m1
2022-06-05 05:44:08xjltq → 需要 软、件，找  bs91m1
2022-06-05 05:45:02huione888 → 准备（发 ）广告，找  bs91m1
2022-06-05 05:48:12xinbi_088 → 需要 群、发，找  bs91m1
2022-06-05 05:50:09TG_King90 → 需要 软、件，找  bs91m1
2022-06-05 05:50:57daishou15 → 需要 群、发，找  bs91m1
2022-06-05 05:52:40TG1949521 → 需要 软、件，找  bs91m1
2022-06-05 05:53:29bailaohui_cvv → 专业（发 ）广告，联系我 bs91m1
2022-06-05 05:55:16daifu76 → 准备（发 ）广告，找  bs91m1
2022-06-05 05:57:08bailaohui_cvv → 需要 软、件，找  bs91m1
2022-06-05 05:58:22xjltq → 专业（发 ）广告，联系我 bs91m1
2022-06-05 05:58:48znpos8 → 需要 软、件，找  bs91m1
2022-06-05 06:06:52jfhfhdgd → 想要（发 ）广告，找 bs91m1
2022-06-05 06:08:35usdtdfds → 专业（发 ）广告，联系我 bs91m1
2022-06-05 06:09:31USDThuzhu3 → 想要（发 ）广告，找 bs91m1
2022-06-05 06:10:22tongdao25 → 需要 群、发软、件，找  bs91m1
2022-06-05 06:12:57smsjiema666 → 想要（发 ）广告，找 bs91m1
2022-06-05 06:13:24tgzhcn → 专业（发 ）广告，联系我 bs91m1
2022-06-05 06:15:04laowangdan → 需要 软、件，找  bs91m1
2022-06-05 06:17:03chaxun2020 → 要（发 ）广告，联系 bs91m1
2022-06-05 06:17:30tianziusdt → 需要 群、发，找  bs91m1
2022-06-05 06:20:16wz513064 → 需要 软、件，找  bs91m1
2022-06-05 06:24:32usdtdfds → 专业（发 ）广告，联系我 bs91m1
2022-06-05 06:26:20laowangdan → 需要 群、发软、件，找  bs91m1
2022-06-05 06:26:47juliang666 → 来（发 ）广告，联系 bs91m1
2022-06-05 06:30:20bailaohui_cvv → 需要 软、件，找  bs91m1
2022-06-05 06:36:20zhifuo → 要（发 ）广告，联系 bs91m1
2022-06-05 06:37:10pshqo → 需要 群、发软、件，找  bs91m1
2022-06-05 06:42:45BTCusdtNFT → 需要 群、发，找  bs91m1
2022-06-05 06:47:18USDTm → 准备（发 ）广告，找  bs91m1
2022-06-05 06:48:09daishou15 → 需要 群、发，找  bs91m1
2022-06-05 06:50:48qianloon → 需要 群、发，找  bs91m1
2022-06-05 06:51:20TG_King90 → 想要（发 ）广告，找 bs91m1
2022-06-05 06:56:02yuantoushuju4 → 想要（发 ）广告，找 bs91m1
2022-06-05 06:56:32mangguohaxivip1 → 想要（发 ）广告，找 bs91m1
2022-06-05 06:56:57baocai217 → 准备（发 ）广告，找  bs91m1
2022-06-05 07:01:38iuhiaq11 → 想找人（ 发 ）广告，找   bs91m1
2022-06-05 07:04:02daifu76 → 准备（发 ）广告，找  bs91m1
2022-06-05 07:06:25xjltq → 来（发 ）广告，联系 bs91m1
2022-06-05 07:08:06NodeGlobal → 需要 群、发软、件，找  bs91m1
2022-06-05 07:09:01bclm1 → 需要 软、件，找  bs91m1
2022-06-05 07:10:49mghxfls → 来（发 ）广告，联系 bs91m1
2022-06-05 07:11:42az123818 → 要（发 ）广告，联系 bs91m1
2022-06-05 07:12:09tianziusdt → 专业（发 ）广告，联系我 bs91m1
2022-06-05 07:14:49usdthuihuan → 需要 群、发软、件，找  bs91m1
2022-06-05 07:15:41FHaak8 → 需要 群、发，找  bs91m1
2022-06-05 07:17:14smsjiema666 → 专业（发 ）广告，联系我 bs91m1
2022-06-05 07:21:13tiktokyinfen → 要（发 ）广告，联系 bs91m1
2022-06-05 07:21:38huione888 → 需要 群、发软、件，找  bs91m1
2022-06-05 07:24:33tongdao25 → 需要 群、发软、件，找  bs91m1
2022-06-05 07:27:50chaxun2020 → 准备（发 ）广告，找  bs91m1
2022-06-05 07:28:39Usdtbmw → 来（发 ）广告，联系 bs91m1
2022-06-05 07:29:36laowangdan → 想要（发 ）广告，找 bs91m1
2022-06-05 07:30:33xinbi_088 → 需要 群、发软、件，找  bs91m1
2022-06-05 07:35:16xinbi_088 → 想要（发 ）广告，找 bs91m1
2022-06-05 07:39:26xjltq → 需要 群、发软、件，找  bs91m1
2022-06-05 07:42:50dibaifa → 需要 群、发软、件，找  bs91m1
2022-06-05 07:45:17langrensha258 → 来（发 ）广告，联系 bs91m1
2022-06-05 07:46:09WKLhuaren → 专业（发 ）广告，联系我 bs91m1
2022-06-05 07:47:32huione888 → 想要（发 ）广告，找 bs91m1
2022-06-05 07:50:02tyhc072 → 需要 群、发，找  bs91m1
2022-06-05 07:51:42usdtdfds → 专业（发 ）广告，联系我 bs91m1
2022-06-05 07:52:08juliang666 → 准备（发 ）广告，找  bs91m1
2022-06-05 07:55:20bailaohui_cvv → 专业（发 ）广告，联系我 bs91m1
2022-06-05 07:56:41juliang666 → 要（发 ）广告，联系 bs91m1
2022-06-05 07:57:49dibai918 → 需要 软、件，找  bs91m1
2022-06-05 08:03:06zhifuo → 需要 群、发软、件，找  bs91m1
2022-06-05 08:04:00BAOAA → 需要 群、发软、件，找  bs91m1
2022-06-05 08:06:39tongdao25 → 想要（发 ）广告，找 bs91m1
2022-06-05 08:08:42xjltq → 准备（发 ）广告，找  bs91m1
2022-06-05 08:10:22TG_King90 → 需要 软、件，找  bs91m1
2022-06-05 08:10:48xingbi0088 → 需要 软、件，找  bs91m1
2022-06-05 08:13:30jfhfhdgd → 需要 软、件，找  bs91m1
2022-06-05 08:14:22DragonIndia → 来（发 ）广告，联系 bs91m1
2022-06-05 08:14:55baocai217 → 来（发 ）广告，联系 bs91m1
2022-06-05 08:23:50bailaohui_cvv → 要（发 ）广告，联系 bs91m1
2022-06-05 08:24:16USDTm → 专业（发 ）广告，联系我 bs91m1
2022-06-05 08:25:53dubai_37 → 需要 群、发软、件，找  bs91m1
2022-06-05 08:28:14danbao96 → 需要 群、发软、件，找  bs91m1
2022-06-05 08:28:40laowangdan → 需要 软、件，找  bs91m1
2022-06-05 08:30:46wz513064 → 需要 群、发，找  bs91m1
2022-06-05 08:33:04bailaohui_cvv → 来（发 ）广告，联系 bs91m1
2022-06-05 08:36:38TG_King90 → 来（发 ）广告，联系 bs91m1
2022-06-05 08:38:58TG006 → 需要 群、发软、件，找  bs91m1
2022-06-05 08:39:51cn_talk → 需要 群、发，找  bs91m1
2022-06-05 08:40:42sougoutgkh → 需要 软、件，找  bs91m1
2022-06-05 08:41:38lovehash929 → 准备（发 ）广告，找  bs91m1
2022-06-05 08:42:53zscd1 → 需要 群、发软、件，找  bs91m1
2022-06-05 08:46:44qsf888 → 要（发 ）广告，联系 bs91m1
2022-06-05 08:49:37daifu76 → 准备（发 ）广告，找  bs91m1
2022-06-05 08:54:49AKAFC888 → 准备（发 ）广告，找  bs91m1
2022-06-05 08:56:25TG1949521 → 需要 软、件，找  bs91m1
2022-06-05 08:56:51USDThuzhu3 → 需要 软、件，找  bs91m1
2022-06-05 08:57:38HuobiGlobal_zw → 想要（发 ）广告，找 bs91m1
2022-06-05 09:01:19chaxun2020 → 需要 群、发，找  bs91m1
2022-06-05 09:03:26usdtdfds → 专业（发 ）广告，联系我 bs91m1
2022-06-05 09:04:42haiwailiuliang111 → 来（发 ）广告，联系 bs91m1
2022-06-05 09:05:31bitcoindfds → 想找人（ 发 ）广告，找   bs91m1
2022-06-05 09:07:06tsdb01 → 来（发 ）广告，联系 bs91m1
2022-06-05 09:09:37zhifuo → 需要 群、发，找  bs91m1
2022-06-05 09:13:55juliang666 → 专业（发 ）广告，联系我 bs91m1
2022-06-05 09:14:25HWDBQ → 想要（发 ）广告，找 bs91m1
2022-06-05 09:15:12shuju888666 → 准备（发 ）广告，找  bs91m1
2022-06-05 09:17:20bailaohui_cvv → 想找人（ 发 ）广告，找   bs91m1
2022-06-05 09:18:49fbws8866 → 准备（发 ）广告，找  bs91m1
2022-06-05 09:19:19yinhe1661 → 来（发 ）广告，联系 bs91m1
2022-06-05 09:25:42laowangdan → 来（发 ）广告，联系 bs91m1
2022-06-05 09:27:24Usdtbmw → 需要 群、发软、件，找  bs91m1
2022-06-05 09:31:25deguobank → 需要 群、发软、件，找  bs91m1
2022-06-05 09:35:34NodeGlobal → 专业（发 ）广告，联系我 bs91m1
2022-06-05 09:35:59xjltq → 需要 群、发软、件，找  bs91m1
2022-06-05 09:36:26smsjiema666 → 来（发 ）广告，联系 bs91m1
2022-06-05 09:37:20DNYPAY → 想找人（ 发 ）广告，找   bs91m1
2022-06-05 09:42:52xjltq → 要（发 ）广告，联系 bs91m1
2022-06-05 09:43:19daishoujiaoyi → 需要 群、发，找  bs91m1
2022-06-05 09:49:58tongdao25 → 要（发 ）广告，联系 bs91m1
2022-06-05 09:52:12yangfanchuhainnz → 需要 群、发，找  bs91m1
2022-06-05 09:53:11FHaak8 → 想要（发 ）广告，找 bs91m1
2022-06-05 09:55:56axujj → 来（发 ）广告，联系 bs91m1
2022-06-05 10:02:13USDThuzhu3 → 需要 群、发，找  bs91m1
2022-06-05 10:03:26dijia02 → 想要（发 ）广告，找 bs91m1
2022-06-05 10:04:18daishou15 → 来（发 ）广告，联系 bs91m1
2022-06-05 10:08:07jfhfhdgd → 需要 软、件，找  bs91m1
2022-06-05 10:09:49qunfalaren2 → 来（发 ）广告，联系 bs91m1
2022-06-05 10:13:11xinbi_088 → 需要 软、件，找  bs91m1
2022-06-05 10:14:44fw992 → 准备（发 ）广告，找  bs91m1
2022-06-05 10:16:19xjltq → 需要 群、发软、件，找  bs91m1
2022-06-05 10:19:05baocai217 → 要（发 ）广告，联系 bs91m1
2022-06-05 10:22:26dx119169 → 来（发 ）广告，联系 bs91m1
2022-06-05 10:22:52Usdtbmw → 需要 软、件，找  bs91m1
2022-06-05 10:23:47TG006 → 想找人（ 发 ）广告，找   bs91m1
2022-06-05 10:26:32TG1949521 → 需要 软、件，找  bs91m1
2022-06-05 10:29:27XxUP1121 → 专业（发 ）广告，联系我 bs91m1
2022-06-05 10:30:36ssrtools → 想要（发 ）广告，找 bs91m1
2022-06-05 10:31:26hfjiema → 来（发 ）广告，联系 bs91m1
2022-06-05 10:36:06usdthuihuan → 来（发 ）广告，联系 bs91m1
2022-06-05 10:36:55laowangdan → 来（发 ）广告，联系 bs91m1
2022-06-05 10:39:28juliang666 → 准备（发 ）广告，找  bs91m1
2022-06-05 10:40:19USDThuzhu3 → 要（发 ）广告，联系 bs91m1
2022-06-05 10:42:47zhifuo → 需要 软、件，找  bs91m1
2022-06-05 10:43:32smsjiema666 → 专业（发 ）广告，联系我 bs91m1
2022-06-05 10:47:26juliang666 → 来（发 ）广告，联系 bs91m1
2022-06-05 10:49:29bailaohui_cvv → 想要（发 ）广告，找 bs91m1
2022-06-05 10:53:59TG_King90 → 需要 群、发，找  bs91m1
2022-06-05 11:05:54AKAFC888 → 需要 群、发软、件，找  bs91m1
2022-06-05 11:06:21AS668825 → 来（发 ）广告，联系 bs91m1
2022-06-05 11:07:06haiqazwsx → 专业（发 ）广告，联系我 bs91m1
2022-06-05 11:08:16xjltq → 需要 软、件，找  bs91m1
2022-06-05 11:09:28jfhfhdgd → 想要（发 ）广告，找 bs91m1
2022-06-05 11:13:15tongdao25 → 准备（发 ）广告，找  bs91m1
2022-06-05 11:14:49daishou15 → 专业（发 ）广告，联系我 bs91m1
2022-06-05 11:16:23xiaochuanch1 → 准备（发 ）广告，找  bs91m1
2022-06-05 11:19:15USDTm → 想找人（ 发 ）广告，找   bs91m1
2022-06-05 11:22:49daifawhatspp → 要（发 ）广告，联系 bs91m1
2022-06-05 11:23:34huione888 → 需要 群、发，找  bs91m1
2022-06-05 11:24:46wz513064 → 来（发 ）广告，联系 bs91m1
2022-06-05 11:25:31TG55555555555 → 准备（发 ）广告，找  bs91m1
2022-06-05 11:25:57daifu76 → 来（发 ）广告，联系 bs91m1
2022-06-05 11:27:08usdtdfds → 想要（发 ）广告，找 bs91m1
2022-06-05 11:29:32laowangdan → 需要 群、发软、件，找  bs91m1
2022-06-05 11:32:57TG1949521 → 要（发 ）广告，联系 bs91m1
2022-06-05 11:39:51bailaohui_cvv → 想要（发 ）广告，找 bs91m1
2022-06-05 11:41:23znpos8 → 需要 软、件，找  bs91m1
2022-06-05 11:43:20chufen1688 → 准备（发 ）广告，找  bs91m1
2022-06-05 11:43:47huione888 → 需要 群、发软、件，找  bs91m1
2022-06-05 11:47:37bailaohui_cvv → 准备（发 ）广告，找  bs91m1
2022-06-05 11:51:12tsdb01 → 要（发 ）广告，联系 bs91m1
2022-06-05 11:52:22haoma69 → 需要 软、件，找  bs91m1
2022-06-05 11:53:33TG_King90 → 需要 群、发软、件，找  bs91m1
2022-06-05 11:56:40baocai217 → 准备（发 ）广告，找  bs91m1
2022-06-05 11:59:47xjltq → 想找人（ 发 ）广告，找   bs91m1
2022-06-05 12:00:36chaxun2020 → 来（发 ）广告，联系 bs91m1
2022-06-05 12:05:04zhifuo → 需要 软、件，找  bs91m1
2022-06-05 12:08:07bailaohui_cvv → 要（发 ）广告，联系 bs91m1
2022-06-05 12:11:39yhsz023 → 需要 软、件，找  bs91m1
2022-06-05 12:19:55xinmengshehaiwaizhi → 需要 软、件，找  bs91m1
2022-06-05 12:23:13juliang666 → 想找人（ 发 ）广告，找   bs91m1
2022-06-05 12:24:39wdhyh888888 → 要（发 ）广告，联系 bs91m1
2022-06-05 12:25:06shuju888666 → 准备（发 ）广告，找  bs91m1
2022-06-05 12:29:40jiema670 → 想找人（ 发 ）广告，找   bs91m1
2022-06-05 12:30:05tongdao25 → 专业（发 ）广告，联系我 bs91m1
2022-06-05 12:30:34BitCoinVipGroup → 想要（发 ）广告，找 bs91m1
2022-06-05 12:33:04XxUP1121 → 需要 群、发软、件，找  bs91m1
2022-06-05 12:34:12axujj → 专业（发 ）广告，联系我 bs91m1
2022-06-05 12:37:30daifu76 → 需要 群、发软、件，找  bs91m1
2022-06-05 12:38:59usdtdfds → 需要 群、发软、件，找  bs91m1
2022-06-05 12:40:56TG_King90 → 要（发 ）广告，联系 bs91m1
2022-06-05 12:42:24jfhfhdgd → 需要 软、件，找  bs91m1
2022-06-05 12:45:12xiaoguzhuanyedajian3 → 需要 群、发软、件，找  bs91m1
2022-06-05 12:45:38tianziusdt → 准备（发 ）广告，找  bs91m1
2022-06-05 12:47:19USDThuzhu3 → 要（发 ）广告，联系 bs91m1
2022-06-05 12:48:07xinbi_088 → 需要 群、发软、件，找  bs91m1
2022-06-05 12:48:49vcgfdgfd522 → 需要 软、件，找  bs91m1
2022-06-05 13:00:50Flea66 → 想要（发 ）广告，找 bs91m1
2022-06-05 13:01:38usdtdfds → 要（发 ）广告，联系 bs91m1
2022-06-05 13:02:23yinliuzjjia → 想要（发 ）广告，找 bs91m1
2022-06-05 13:07:30laowangdan → 专业（发 ）广告，联系我 bs91m1
2022-06-05 13:08:20hswrrzhxz → 需要 群、发软、件，找  bs91m1
2022-06-05 13:11:23danbao96 → 准备（发 ）广告，找  bs91m1
2022-06-05 13:15:32USDTm → 专业（发 ）广告，联系我 bs91m1
2022-06-05 13:16:26dfsdf5545 → 来（发 ）广告，联系 bs91m1
2022-06-05 13:18:04xinbi_088 → 要（发 ）广告，联系 bs91m1
2022-06-05 13:19:33tongdao25 → 想找人（ 发 ）广告，找   bs91m1
2022-06-05 13:20:45chaxun2020 → 专业（发 ）广告，联系我 bs91m1
2022-06-05 13:24:17juliang666 → 准备（发 ）广告，找  bs91m1
2022-06-05 13:25:49xjltq → 需要 群、发软、件，找  bs91m1
2022-06-05 13:27:47tangrenzaidibai → 专业（发 ）广告，联系我 bs91m1
2022-06-05 13:29:41baxifb → 需要 群、发，找  bs91m1
2022-06-05 13:30:13smsjiema666 → 来（发 ）广告，联系 bs91m1
2022-06-05 13:33:58ggggsgjj → 来（发 ）广告，联系 bs91m1
2022-06-05 13:37:06usdthuihuan → 来（发 ）广告，联系 bs91m1
2022-06-05 13:37:53bailaohui_cvv → 需要 群、发软、件，找  bs91m1
2022-06-05 13:38:19zscd1 → 想找人（ 发 ）广告，找   bs91m1
2022-06-05 13:40:19yinduliuliang66 → 需要 群、发，找  bs91m1
2022-06-05 13:41:57zhifuo → 准备（发 ）广告，找  bs91m1
2022-06-05 13:43:45huione888 → 想要（发 ）广告，找 bs91m1
2022-06-05 13:45:21XxUP1121 → 需要 群、发，找  bs91m1
2022-06-05 13:49:41shanrfgb14 → 想要（发 ）广告，找 bs91m1
2022-06-05 13:59:03qianhuidajian8888 → 需要 群、发软、件，找  bs91m1
2022-06-05 13:59:28TG_King90 → 需要 群、发软、件，找  bs91m1
2022-06-05 13:59:54xingbi0088 → 想找人（ 发 ）广告，找   bs91m1
2022-06-05 14:06:09Facebook2666 → 需要 群、发软、件，找  bs91m1
2022-06-05 14:07:24Usdtbmw → 需要 群、发软、件，找  bs91m1
2022-06-05 14:09:41daifu76 → 想找人（ 发 ）广告，找   bs91m1
2022-06-05 14:13:22baocai217 → 需要 群、发软、件，找  bs91m1
2022-06-05 14:13:48WKLhuaren → 想要（发 ）广告，找 bs91m1
2022-06-05 14:14:41bailaohui_cvv → 准备（发 ）广告，找  bs91m1
2022-06-05 14:18:20laowangdan → 专业（发 ）广告，联系我 bs91m1
2022-06-05 14:20:35daishou15 → 要（发 ）广告，联系 bs91m1
2022-06-05 14:25:20OBDL666 → 需要 群、发软、件，找  bs91m1
2022-06-05 14:28:52wz513064 → 需要 软、件，找  bs91m1
2022-06-05 14:29:39tongdao25 → 专业（发 ）广告，联系我 bs91m1
2022-06-05 14:34:28TG_King90 → 需要 群、发，找  bs91m1
2022-06-05 14:39:05tiktokyinfen → 来（发 ）广告，联系 bs91m1
2022-06-05 14:42:02chuhaiVIP88 → 准备（发 ）广告，找  bs91m1
2022-06-05 14:42:28usdtdfds → 想要（发 ）广告，找 bs91m1
2022-06-05 14:44:00TG1949521 → 需要 群、发，找  bs91m1
2022-06-05 14:46:25laowangdan → 需要 群、发软、件，找  bs91m1
2022-06-05 14:52:18juliang666 → 需要 群、发，找  bs91m1
2022-06-05 14:56:22USDThuzhu3 → 需要 群、发，找  bs91m1
2022-06-05 14:56:48dibai918 → 需要 群、发，找  bs91m1
2022-06-05 14:58:14aliqudao → 需要 群、发，找  bs91m1
2022-06-05 15:01:18smsjiema666 → 想要（发 ）广告，找 bs91m1
2022-06-05 15:08:33TGDL128 → 要（发 ）广告，联系 bs91m1
2022-06-05 15:10:11chaxun2020 → 需要 群、发软、件，找  bs91m1
2022-06-05 15:11:44xjltq → 需要 软、件，找  bs91m1
2022-06-05 15:14:03bclm1 → 要（发 ）广告，联系 bs91m1
2022-06-05 15:20:31zhifuo → 需要 群、发软、件，找  bs91m1
2022-06-05 15:24:18jfhfhdgd → 专业（发 ）广告，联系我 bs91m1
2022-06-05 15:30:31laowangdan → 需要 群、发软、件，找  bs91m1
2022-06-05 15:32:03juliang666 → 要（发 ）广告，联系 bs91m1
2022-06-05 15:32:50huione888 → 想要（发 ）广告，找 bs91m1
2022-06-05 15:40:48USDTm → 需要 软、件，找  bs91m1
2022-06-05 15:44:36chaxun2020 → 来（发 ）广告，联系 bs91m1
2022-06-05 15:45:23TG1949521 → 需要 群、发软、件，找  bs91m1
2022-06-05 15:49:41tongdao25 → 来（发 ）广告，联系 bs91m1
2022-06-05 15:55:27juliang666 → 需要 软、件，找  bs91m1
2022-06-05 15:55:53iuhiaq11 → 要（发 ）广告，联系 bs91m1
2022-06-05 15:58:54bailaohui_cvv → 想找人（ 发 ）广告，找   bs91m1
2022-06-05 16:04:26khjc1133 → 需要 群、发，找  bs91m1
2022-06-05 16:06:28PingAn66Shop → 想找人（ 发 ）广告，找   bs91m1
2022-06-05 16:07:59XxUP1121 → 专业（发 ）广告，联系我 bs91m1
2022-06-05 16:08:25XxUP1121 → 专业（发 ）广告，联系我 bs91m1
2022-06-05 16:08:51Usdtbmw → 需要 群、发，找  bs91m1
2022-06-05 16:10:24baocai217 → 要（发 ）广告，联系 bs91m1
2022-06-05 16:13:09TG_King90 → 需要 群、发软、件，找  bs91m1
2022-06-05 16:14:00yuantoushuju4 → 需要 群、发软、件，找  bs91m1
2022-06-05 16:16:24tsdb01 → 来（发 ）广告，联系 bs91m1
2022-06-05 16:18:55daishou15 → 需要 群、发，找  bs91m1
2022-06-05 16:22:08tianziusdt → 需要 软、件，找  bs91m1
2022-06-05 16:24:05usdtdfds → 准备（发 ）广告，找  bs91m1
2022-06-05 16:24:53wangzhuan75 → 专业（发 ）广告，联系我 bs91m1
2022-06-05 16:26:43bailaohui_cvv → 需要 群、发软、件，找  bs91m1
2022-06-05 16:27:33tyui1234563 → 想找人（ 发 ）广告，找   bs91m1
2022-06-05 16:32:29laowangdan → 需要 群、发，找  bs91m1
2022-06-05 16:34:48TG55555555555 → 准备（发 ）广告，找  bs91m1
2022-06-05 16:36:24fbasfgsd → 想找人（ 发 ）广告，找   bs91m1
2022-06-05 16:40:19dibaihrg009 → 需要 软、件，找  bs91m1
2022-06-05 16:41:33daifu76 → 需要 群、发，找  bs91m1
2022-06-05 16:42:40chuhai666 → 需要 群、发软、件，找  bs91m1
2022-06-05 16:45:27xinbi_088 → 来（发 ）广告，联系 bs91m1
2022-06-05 16:47:58wz513064 → 想找人（ 发 ）广告，找   bs91m1
2022-06-05 16:49:08caifushequ10000 → 来（发 ）广告，联系 bs91m1
2022-06-05 16:50:35BAOAA → 需要 软、件，找  bs91m1
2022-06-05 16:52:44dx119188 → 准备（发 ）广告，找  bs91m1
2022-06-05 16:55:11xjltq → 需要 群、发软、件，找  bs91m1
2022-06-05 16:56:40fb6789 → 准备（发 ）广告，找  bs91m1
2022-06-05 17:00:56USDThuzhu3 → 准备（发 ）广告，找  bs91m1
2022-06-05 17:02:49bailaohui_cvv → 需要 群、发软、件，找  bs91m1
2022-06-05 17:04:05USDTm → 需要 软、件，找  bs91m1
2022-06-05 17:05:12jfhfhdgd → 需要 软、件，找  bs91m1
2022-06-05 17:06:20HuobiGlobal_zw → 要（发 ）广告，联系 bs91m1
2022-06-05 17:08:23usdtdfds → 准备（发 ）广告，找  bs91m1
2022-06-05 17:10:16zhifuo → 来（发 ）广告，联系 bs91m1
2022-06-05 17:13:11TG_King90 → 想要（发 ）广告，找 bs91m1
2022-06-05 17:14:24tangrenzaijian → 需要 群、发软、件，找  bs91m1
2022-06-05 17:16:24xjltq → 要（发 ）广告，联系 bs91m1
2022-06-05 17:18:05uthx0 → 需要 软、件，找  bs91m1
2022-06-05 17:22:43bailaohui_cvv → 要（发 ）广告，联系 bs91m1
2022-06-05 17:24:14smsjiema666 → 想要（发 ）广告，找 bs91m1
2022-06-05 17:30:21weikang2020 → 要（发 ）广告，联系 bs91m1
2022-06-05 17:33:34xjltq → 要（发 ）广告，联系 bs91m1
2022-06-05 17:35:31baocai217 → 专业（发 ）广告，联系我 bs91m1
2022-06-05 17:36:18juliang666 → 想找人（ 发 ）广告，找   bs91m1
2022-06-05 17:36:52tianziusdt → 需要 群、发，找  bs91m1
2022-06-05 17:37:17tongdao25 → 来（发 ）广告，联系 bs91m1
2022-06-05 17:40:41USDThuzhu3 → 需要 软、件，找  bs91m1
2022-06-05 17:44:07menglongchuhai → 需要 群、发软、件，找  bs91m1
2022-06-05 17:45:01jfhfhdgd → 想要（发 ）广告，找 bs91m1
2022-06-05 17:47:20Vgokeji3333 → 专业（发 ）广告，联系我 bs91m1
2022-06-05 17:48:56zhifuo → 想找人（ 发 ）广告，找   bs91m1
2022-06-05 17:54:32TGlianmeng002 → 准备（发 ）广告，找  bs91m1
2022-06-05 17:56:05huione888 → 需要 群、发软、件，找  bs91m1
2022-06-05 17:59:11az123818 → 需要 群、发，找  bs91m1
2022-06-05 17:59:57juliang666 → 准备（发 ）广告，找  bs91m1
2022-06-05 18:01:04laowangdan → 想要（发 ）广告，找 bs91m1
2022-06-05 18:05:31a_h5_tg → 想找人（ 发 ）广告，找   bs91m1
2022-06-05 18:07:29bcweb → 想找人（ 发 ）广告，找   bs91m1
2022-06-05 18:07:54tradinginvestmen04 → 需要 群、发，找  bs91m1
2022-06-05 18:10:26daishou15 → 想找人（ 发 ）广告，找   bs91m1
2022-06-05 18:14:46usdtdfds → 要（发 ）广告，联系 bs91m1
2022-06-05 18:17:01TG_King90 → 需要 群、发，找  bs91m1
2022-06-05 18:18:52bailaohui_cvv → 准备（发 ）广告，找  bs91m1
2022-06-05 18:21:03xinbi_088 → 需要 群、发，找  bs91m1
2022-06-05 18:22:21chuhai007028 → 需要 软、件，找  bs91m1
2022-06-05 18:25:29chaxun2020 → 需要 群、发，找  bs91m1
2022-06-05 18:26:01bianqune → 想要（发 ）广告，找 bs91m1
2022-06-05 18:26:27tongdao25 → 来（发 ）广告，联系 bs91m1
2022-06-05 18:27:35zhifuo → 想要（发 ）广告，找 bs91m1
2022-06-05 18:28:43daifu76 → 想要（发 ）广告，找 bs91m1
2022-06-05 18:30:16wz513064 → 来（发 ）广告，联系 bs91m1
2022-06-05 18:31:03Usdtbmw → 准备（发 ）广告，找  bs91m1
2022-06-05 18:32:19yxbjx → 想找人（ 发 ）广告，找   bs91m1
2022-06-05 18:33:36XxUP1121 → 想要（发 ）广告，找 bs91m1
2022-06-05 18:39:07TG_King90 → 想找人（ 发 ）广告，找   bs91m1
2022-06-05 18:40:03deguobank → 需要 群、发，找  bs91m1
2022-06-05 18:40:53znpos8 → 需要 群、发软、件，找  bs91m1
2022-06-05 18:43:05dibaifa → 专业（发 ）广告，联系我 bs91m1
2022-06-05 18:45:32qianhuidajian8888 → 要（发 ）广告，联系 bs91m1
2022-06-05 18:46:20SHITOUTM168 → 专业（发 ）广告，联系我 bs91m1
2022-06-05 18:47:54laowangdan → 要（发 ）广告，联系 bs91m1
2022-06-05 18:53:06USDTm → 准备（发 ）广告，找  bs91m1
2022-06-05 18:53:35xingxingpiaohao1 → 想找人（ 发 ）广告，找   bs91m1
2022-06-05 18:56:16daifawhatspp → 想要（发 ）广告，找 bs91m1
2022-06-05 18:58:19bailaohui_cvv → 需要 软、件，找  bs91m1
2022-06-05 18:59:14N1chuhai0I → 来（发 ）广告，联系 bs91m1
2022-06-05 19:03:29jiema868 → 需要 软、件，找  bs91m1
2022-06-05 19:06:24xjltq → 需要 群、发软、件，找  bs91m1
2022-06-05 19:08:18TG1949521 → 需要 群、发，找  bs91m1
2022-06-05 19:12:43chaxun2020 → 来（发 ）广告，联系 bs91m1
2022-06-05 19:13:09usdtdfds → 要（发 ）广告，联系 bs91m1
2022-06-05 19:14:34mghxfls → 需要 群、发，找  bs91m1
2022-06-05 19:20:08XxUP1121 → 想找人（ 发 ）广告，找   bs91m1
2022-06-05 19:21:46smsjiema666 → 想要（发 ）广告，找 bs91m1
2022-06-05 19:23:23huione888 → 准备（发 ）广告，找  bs91m1
2022-06-05 19:25:19xjltq → 想要（发 ）广告，找 bs91m1
2022-06-05 19:26:08laowangdan → 准备（发 ）广告，找  bs91m1
2022-06-05 19:27:48yinduliuliang66 → 要（发 ）广告，联系 bs91m1
2022-06-05 19:29:47TG1949521 → 需要 群、发软、件，找  bs91m1
2022-06-05 19:30:16fbwsline2021 → 需要 群、发，找  bs91m1
2022-06-05 19:30:43wz513064 → 来（发 ）广告，联系 bs91m1
2022-06-05 19:34:36USDT43 → 想找人（ 发 ）广告，找   bs91m1
2022-06-05 19:35:27Usdtbmw → 要（发 ）广告，联系 bs91m1
2022-06-05 19:36:20xinmengshehaiwaizhi → 准备（发 ）广告，找  bs91m1
2022-06-05 19:36:47xjltq → 需要 群、发，找  bs91m1
2022-06-05 19:43:20TG_King90 → 需要 群、发，找  bs91m1
2022-06-05 19:44:32tianziusdt → 需要 群、发软、件，找  bs91m1
2022-06-05 19:45:17haoma69 → 需要 群、发，找  bs91m1
2022-06-05 19:46:28zhonwen6 → 要（发 ）广告，联系 bs91m1
2022-06-05 19:47:56daifu76 → 想找人（ 发 ）广告，找   bs91m1
2022-06-05 19:50:02jfhfhdgd → 需要 软、件，找  bs91m1
2022-06-05 19:53:20BadoBumblechu → 要（发 ）广告，联系 bs91m1
2022-06-05 19:55:31juliang666 → 需要 群、发，找  bs91m1
2022-06-05 19:55:57xbdb01 → 想找人（ 发 ）广告，找   bs91m1
2022-06-05 19:58:16zhifuo → 想要（发 ）广告，找 bs91m1
2022-06-05 19:58:41USDThuzhu3 → 准备（发 ）广告，找  bs91m1
2022-06-05 20:00:31bailaohui_cvv → 需要 群、发，找  bs91m1
2022-06-05 20:01:21cvv822 → 需要 软、件，找  bs91m1
2022-06-05 20:03:02tongdao25 → 需要 群、发软、件，找  bs91m1
2022-06-05 20:03:48juliang666 → 需要 群、发软、件，找  bs91m1
2022-06-05 20:05:01chuhaiHT → 想要（发 ）广告，找 bs91m1
2022-06-05 20:06:37daishoujiaoyi → 需要 软、件，找  bs91m1
2022-06-05 20:07:24baocai217 → 需要 软、件，找  bs91m1
2022-06-05 20:08:33xinbi_088 → 专业（发 ）广告，联系我 bs91m1
2022-06-05 20:11:46SextoearnCN → 需要 软、件，找  bs91m1
2022-06-05 20:14:55bs91m990 → 需要 群、发，找  bs91m1
2022-06-05 20:15:21laowangdan → 要（发 ）广告，联系 bs91m1
2022-06-05 20:18:35heimachuhai → 专业（发 ）广告，联系我 bs91m1
2022-06-05 20:19:01bailaohui_cvv → 要（发 ）广告，联系 bs91m1
2022-06-05 20:20:55bailaohui_cvv → 准备（发 ）广告，找  bs91m1
2022-06-05 20:22:03TG_King90 → 需要 软、件，找  bs91m1
2022-06-05 20:27:25BTCusdtNFT → 需要 群、发，找  bs91m1
2022-06-05 20:27:54qipaipan54 → 专业（发 ）广告，联系我 bs91m1
2022-06-05 20:28:43daifu76 → 需要 群、发软、件，找  bs91m1
2022-06-05 20:40:13aliqudao → 想找人（ 发 ）广告，找   bs91m1
2022-06-05 20:41:01daishou15 → 准备（发 ）广告，找  bs91m1
2022-06-05 20:42:56smsjiema666 → 需要 群、发，找  bs91m1
2022-06-05 20:43:26TG1949521 → 想要（发 ）广告，找 bs91m1
2022-06-05 20:45:26WKLhuaren → 需要 群、发，找  bs91m1
2022-06-05 20:48:56BCdaikou → 要（发 ）广告，联系 bs91m1
2022-06-05 20:51:37usdtdfds → 需要 群、发，找  bs91m1
2022-06-05 20:54:36shanrfgb14 → 想找人（ 发 ）广告，找   bs91m1
2022-06-05 20:55:23baocai217 → 需要 群、发软、件，找  bs91m1
2022-06-05 21:00:09tongdao25 → 想找人（ 发 ）广告，找   bs91m1
2022-06-05 21:02:26khjc1133 → 想要（发 ）广告，找 bs91m1
2022-06-05 21:04:07chaxun2020 → 专业（发 ）广告，联系我 bs91m1
2022-06-05 21:08:30zhifuo → 想要（发 ）广告，找 bs91m1
2022-06-05 21:22:00jfhfhdgd → 需要 软、件，找  bs91m1
2022-06-05 21:24:10xjltq → 专业（发 ）广告，联系我 bs91m1
2022-06-05 21:24:35laowangdan → 来（发 ）广告，联系 bs91m1
2022-06-05 21:28:17juliang666 → 想找人（ 发 ）广告，找   bs91m1
2022-06-05 21:30:33bailaohui_cvv → 想找人（ 发 ）广告，找   bs91m1
2022-06-05 21:31:05yinhangkausdt → 准备（发 ）广告，找  bs91m1
2022-06-05 21:31:56TG_King90 → 想找人（ 发 ）广告，找   bs91m1
2022-06-05 21:34:20dbjlq1 → 想要（发 ）广告，找 bs91m1
2022-06-05 21:35:27Facebook2666 → 需要 群、发，找  bs91m1
2022-06-05 21:35:54daishou15 → 来（发 ）广告，联系 bs91m1
2022-06-05 21:37:42usdtdfds → 来（发 ）广告，联系 bs91m1
2022-06-05 21:44:05USDThuzhu3 → 准备（发 ）广告，找  bs91m1
2022-06-05 21:45:34bailaohui_cvv → 想找人（ 发 ）广告，找   bs91m1
2022-06-05 21:45:59xjltq → 专业（发 ）广告，联系我 bs91m1
2022-06-05 21:47:23fb6789 → 来（发 ）广告，联系 bs91m1
2022-06-05 21:48:41huione888 → 想要（发 ）广告，找 bs91m1
2022-06-05 21:49:06TG1949521 → 需要 群、发软、件，找  bs91m1
2022-06-05 21:51:44yinliuzjjia → 需要 群、发软、件，找  bs91m1
2022-06-05 21:52:59tianziusdt → 想找人（ 发 ）广告，找   bs91m1
2022-06-05 21:55:00TG_King90 → 想找人（ 发 ）广告，找   bs91m1
2022-06-05 21:57:24laowangdan → 想要（发 ）广告，找 bs91m1
2022-06-05 22:00:09BNBAA22 → 来（发 ）广告，联系 bs91m1
2022-06-05 22:00:35tongdao25 → 需要 群、发软、件，找  bs91m1
2022-06-05 22:01:52wz513064 → 来（发 ）广告，联系 bs91m1
2022-06-05 22:05:41juliang666 → 准备（发 ）广告，找  bs91m1
2022-06-05 22:06:28smsjiema666 → 专业（发 ）广告，联系我 bs91m1
2022-06-05 22:17:34chaxun2020 → 需要 软、件，找  bs91m1
2022-06-05 22:18:43xieyihao12 → 需要 群、发软、件，找  bs91m1
2022-06-05 22:19:10Usdtbmw → 需要 群、发，找  bs91m1
2022-06-05 22:21:03BtokCN_0014 → 想要（发 ）广告，找 bs91m1
2022-06-05 22:24:37USDTm → 来（发 ）广告，联系 bs91m1
2022-06-05 22:25:04baocai217 → 要（发 ）广告，联系 bs91m1
2022-06-05 22:26:42hfjiema → 准备（发 ）广告，找  bs91m1
2022-06-05 22:27:10bailaohui_cvv → 需要 群、发软、件，找  bs91m1
2022-06-05 22:28:54zhifuo → 要（发 ）广告，联系 bs91m1
2022-06-05 22:33:31xinbi_088 → 需要 群、发软、件，找  bs91m1
2022-06-05 22:38:34laowangdan → 想找人（ 发 ）广告，找   bs91m1
2022-06-05 22:39:41tongdao25 → 需要 群、发软、件，找  bs91m1
2022-06-05 22:48:47usdtdfds → 来（发 ）广告，联系 bs91m1
2022-06-05 22:49:32jfhfhdgd → 想找人（ 发 ）广告，找   bs91m1
2022-06-05 22:50:28USDThuzhu3 → 准备（发 ）广告，找  bs91m1
2022-06-05 22:51:51juliang666 → 准备（发 ）广告，找  bs91m1
2022-06-05 22:52:45xjltq → 需要 群、发，找  bs91m1
2022-06-05 22:55:47ggggsgjj → 准备（发 ）广告，找  bs91m1
2022-06-05 22:57:08TG_King90 → 来（发 ）广告，联系 bs91m1
2022-06-05 22:57:57Usdtbmw → 想找人（ 发 ）广告，找   bs91m1
2022-06-05 22:59:14xieyihao12 → 需要 软、件，找  bs91m1
2022-06-05 23:00:33TG1949521 → 专业（发 ）广告，联系我 bs91m1
2022-06-05 23:02:22huione888 → 需要 群、发软、件，找  bs91m1
2022-06-05 23:04:32daifu76 → 专业（发 ）广告，联系我 bs91m1
2022-06-05 23:05:26xingbi0888 → 需要 群、发，找  bs91m1
2022-06-05 23:22:30facebookha → 专业（发 ）广告，联系我 bs91m1
2022-06-05 23:25:16yindutg → 需要 群、发，找  bs91m1
2022-06-05 23:27:39tongdao25 → 来（发 ）广告，联系 bs91m1
2022-06-05 23:29:24Dubaifangchan888 → 想找人（ 发 ）广告，找   bs91m1
2022-06-05 23:30:15wangzhuanusdt → 要（发 ）广告，联系 bs91m1
2022-06-05 23:34:14USDTm → 需要 群、发，找  bs91m1
2022-06-05 23:34:40xjltq → 想找人（ 发 ）广告，找   bs91m1
2022-06-05 23:35:10qianloon → 需要 群、发，找  bs91m1
2022-06-05 23:35:35laowangdan → 来（发 ）广告，联系 bs91m1
2022-06-05 23:39:32Vgokeji3333 → 准备（发 ）广告，找  bs91m1
2022-06-05 23:41:34bailaohui_cvv → 准备（发 ）广告，找  bs91m1
2022-06-05 23:43:06jiema670 → 准备（发 ）广告，找  bs91m1
2022-06-05 23:44:20daishou15 → 需要 群、发软、件，找  bs91m1
2022-06-05 23:44:46bailaohui_cvv → 专业（发 ）广告，联系我 bs91m1
2022-06-05 23:46:48huione888 → 想要（发 ）广告，找 bs91m1
2022-06-05 23:48:54diyidaifu → 来（发 ）广告，联系 bs91m1
2022-06-05 23:49:21XxUP1121 → 想找人（ 发 ）广告，找   bs91m1
2022-06-05 23:53:23chuhai666 → 来（发 ）广告，联系 bs91m1
2022-06-05 23:54:08jfhfhdgd → 需要 软、件，找  bs91m1
2022-06-05 23:55:54USDThuzhu3 → 想找人（ 发 ）广告，找   bs91m1
2022-06-05 23:57:01USDThuzhu3 → 想要（发 ）广告，找 bs91m1
2022-06-05 23:58:33dx119188 → 需要 群、发，找  bs91m1
2022-06-05 23:59:46zhifuo → 专业（发 ）广告，联系我 bs91m1