
2022-05-07 16:51:24ewttsfdgcjtwt → 91M Boss 精准代发
2022-05-07 16:51:37UraniumFinanceF → 91M Boss 精准代发
2022-05-07 16:51:49xjltq → 📣📣出海🏄资源💋流量🌴出海💕
2022-05-07 16:52:05TG_King90 → 📣📣出海🏄资源💋流量🌴出海💕
2022-05-07 16:53:03TG_King80 → 91M Boss 精准代发 认准 客户ID bs91m1
2022-05-07 16:53:12Fkzy_Group → 91M Boss 精准代发 认准 客户ID bs91m1
2022-05-07 16:53:28fw992 → 91M Boss 精准代发 认准 客户ID bs91m1
2022-05-07 16:53:38huaao1 → 91M Boss 精准代发
2022-05-07 16:54:14SquidGameS_CN → 91M Boss 精准代发
2022-05-07 16:54:26lshakaan20 → 91M Boss 精准代发
2022-05-07 17:03:12jiu_777 → 【91M Boss】 精准代发 认准 客户ID bs91m1
2022-05-07 17:03:34TG_King80 → 【91M Boss】 精准代发 认准 客户ID bs91m1
2022-05-07 17:03:58ewttsfdgcjtwt → 【91M Boss】 精准代发 认准 客户ID bs91m1
2022-05-07 17:04:10UraniumFinanceF → 【91M Boss】 精准代发 认准 客户ID bs91m1
2022-05-07 17:04:26TG_King90 → 91M Boss 精准代发 认准 客户ID bs91m1
2022-05-07 17:04:50lshakaan20 → 91M Boss 精准代发 认准 客户ID bs91m1
2022-05-07 17:04:59fw992 → 【91M Boss】 精准代发 认准 客户ID bs91m1
2022-05-07 17:05:14Fkzy_Group → 91M Boss 精准代发 认准 客户ID bs91m1
2022-05-07 17:05:24jiu_777 → 91M Boss 精准代发 认准 客户ID bs91m1
2022-05-07 17:05:40huaao1 → 【91M Boss】 精准代发 认准 客户ID bs91m1
2022-05-07 17:06:49xjltq → 【91M Boss】 精准代发 认准 客户ID bs91m1
2022-05-07 17:06:53SquidGameS_CN → 91M Boss 精准代发 认准 客户ID bs91m1
2022-05-07 17:07:15Fkzy_Group → 【91M Boss】 精准代发 认准 客户ID bs91m1
2022-05-07 17:07:27UraniumFinanceF → 91M Boss 精准代发 认准 客户ID bs91m1
2022-05-07 17:07:42lshakaan20 → 91M Boss 精准代发 认准 客户ID bs91m1
2022-05-07 17:07:55TG_King80 → 91M Boss 精准代发 认准 客户ID bs91m1
2022-05-07 17:08:31TG_King90 → 【91M Boss】 精准代发 认准 客户ID bs91m1
2022-05-07 17:08:49fw992 → 91M Boss 精准代发 认准 客户ID bs91m1
2022-05-07 17:09:14huaao1 → 91M Boss 精准代发 认准 客户ID bs91m1
2022-05-07 17:09:28SquidGameS_CN → 【91M Boss】 精准代发 认准 客户ID bs91m1
2022-05-07 17:09:40ewttsfdgcjtwt → 91M Boss 精准代发 认准 客户ID bs91m1
2022-05-07 17:09:56jiu_777 → 【91M Boss】 精准代发 认准 客户ID bs91m1
2022-05-07 17:10:19jiu_777 → 【91M Boss】 精准代发 认准 客户ID bs91m1
2022-05-07 17:10:46fw992 → 91M Boss 精准代发 认准 客户ID bs91m1
2022-05-07 17:11:11ewttsfdgcjtwt → 91M Boss 精准代发 认准 客户ID bs91m1
2022-05-07 17:11:25lshakaan20 → 91M Boss 精准代发 认准 客户ID bs91m1
2022-05-07 17:18:09Fkzy_Group → 91M Boss 精准代发 认准 客户ID bs91m1
2022-05-07 17:18:21TG_King80 → 【91M Boss】 精准代发 认准 客户ID bs91m1
2022-05-07 17:18:30UraniumFinanceF → 【91M Boss】 精准代发 认准 客户ID bs91m1
2022-05-07 17:18:39SquidGameS_CN → 91M Boss 精准代发 认准 客户ID bs91m1