
2022-06-12 00:00:42fgdfdfherh → (session) 协议号，零售、批发 找，bs91m1
2022-06-12 00:02:28yunqian68 → 准备（发 ）广告，找 bs91m1
2022-06-12 00:03:26adasdasw → (session) 协议号，零售、批发 找，bs91m1
2022-06-12 00:05:23jinsanjiaobc → (session) 协议号，零售、批发 找，bs91m1
2022-06-12 00:07:21cvv666money → 需要 群、发软、件，找 bs91m1
2022-06-12 00:08:27yhksijiantao11 → 需要 群、发软、件，找 bs91m1
2022-06-12 00:10:18youxidaili → 来（发 ）广告，联系 bs91m1
2022-06-12 00:11:16dubai13148888 → 需要 群、发软、件，找 bs91m1
2022-06-12 00:13:14phpzufang → 来（发 ）广告，联系 bs91m1
2022-06-12 00:14:12AG686 → (session) 协议号，零售、批发 找，bs91m1
2022-06-12 00:15:13amjwg → 准备（发 ）广告，找 bs91m1
2022-06-12 00:17:10lbbet → 来（发 ）广告，联系 bs91m1
2022-06-12 00:18:08fv0015 → 准备（发 ）广告，找 bs91m1
2022-06-12 00:19:07Hpy111 → 想找人（ 发 ）广告，找 bs91m1
2022-06-12 00:20:14xd836809 → 准备（发 ）广告，找 bs91m1
2022-06-12 00:21:12jiaoyouqun123 → 需要 群、发，找 bs91m1
2022-06-12 00:25:00guojitongdaoduanxin → 来（发 ）广告，联系 bs91m1
2022-06-12 00:29:42fjhq000hz → 准备（发 ）广告，找 bs91m1
2022-06-12 00:31:39dsfdshhs → 来（发 ）广告，联系 bs91m1
2022-06-12 00:32:38zuqiushuju → 专业（发 ）广告，联系我 bs91m1
2022-06-12 00:33:37zgfCYJT → 来（发 ）广告，联系 bs91m1
2022-06-12 00:35:36yhksijiantao11 → 专业（发 ）广告，联系我 bs91m1
2022-06-12 00:38:25jinsanjiaobc → 来（发 ）广告，联系 bs91m1
2022-06-12 00:39:32miaomiao12356 → 需要 群、发软、件，找 bs91m1
2022-06-12 00:41:22adasdasw → 要（发 ）广告，联系 bs91m1
2022-06-12 00:42:21yunqian68 → 准备（发 ）广告，找 bs91m1
2022-06-12 00:44:17srjlq → 需要 群、发软、件，找 bs91m1
2022-06-12 00:46:10seguiren → 想要（发 ）广告，找 bs91m1
2022-06-12 00:48:10jiaoyouqun123 → 来（发 ）广告，联系 bs91m1
2022-06-12 00:49:09youxidaili → 专业（发 ）广告，联系我 bs91m1
2022-06-12 00:51:06buyusdtx → 来（发 ）广告，联系 bs91m1
2022-06-12 00:58:41ziyuanduijie1 → 需要 软、件，找 bs91m1
2022-06-12 01:01:25phpzufang → 需要 软、件，找 bs91m1
2022-06-12 01:02:29USDThuzhu3 → 需要 群、发软、件，找 bs91m1
2022-06-12 01:04:24joinBCPH → 来（发 ）广告，联系 bs91m1
2022-06-12 01:05:24xianliaoq → 需要 群、发，找 bs91m1
2022-06-12 01:06:29shujyinl → (session) 协议号，零售、批发 找，bs91m1
2022-06-12 01:08:21dream888 → 想找人（ 发 ）广告，找 bs91m1
2022-06-12 01:09:19hnsdfhs155 → 想找人（ 发 ）广告，找 bs91m1
2022-06-12 01:10:25lbbet → 来（发 ）广告，联系 bs91m1
2022-06-12 01:11:25yinlianguoji → 专业（发 ）广告，联系我 bs91m1
2022-06-12 01:12:23dunxin106 → 专业（发 ）广告，联系我 bs91m1
2022-06-12 01:14:21fv0015 → 准备（发 ）广告，找 bs91m1
2022-06-12 01:16:12dubai13148888 → 准备（发 ）广告，找 bs91m1
2022-06-12 01:17:11cvv666money → 来（发 ）广告，联系 bs91m1
2022-06-12 01:18:18Philippines_visa → 准备（发 ）广告，找 bs91m1
2022-06-12 01:22:08youxidaili → 需要 群、发，找 bs91m1
2022-06-12 01:24:51zgfCYJT → 想找人（ 发 ）广告，找 bs91m1
2022-06-12 01:25:55adasdasw → 要（发 ）广告，联系 bs91m1
2022-06-12 01:28:45jiaoyouqun123 → 需要 群、发，找 bs91m1
2022-06-12 01:29:51fgdfdfherh → 来（发 ）广告，联系 bs91m1
2022-06-12 01:30:49dunxin106 → 准备（发 ）广告，找 bs91m1
2022-06-12 01:31:47phpzufang → 要（发 ）广告，联系 bs91m1
2022-06-12 01:33:43seguiren → 专业（发 ）广告，联系我 bs91m1
2022-06-12 01:35:35Hpy111 → 想找人（ 发 ）广告，找 bs91m1
2022-06-12 01:37:38cvv666money → 想要（发 ）广告，找 bs91m1
2022-06-12 01:38:37miaomiao12356 → 准备（发 ）广告，找 bs91m1
2022-06-12 01:40:27hnsdfhs155 → 专业（发 ）广告，联系我 bs91m1
2022-06-12 01:42:27yunqian68 → 准备（发 ）广告，找 bs91m1
2022-06-12 01:43:26USDThuzhu3 → (session) 协议号，零售、批发 找，bs91m1
2022-06-12 01:47:09fjhq000hz → (session) 协议号，零售、批发 找，bs91m1
2022-06-12 01:49:13yhksijiantao11 → 需要 群、发软、件，找 bs91m1
2022-06-12 01:51:04jinsanjiaobc → 想要（发 ）广告，找 bs91m1
2022-06-12 01:53:03fv0015 → 想要（发 ）广告，找 bs91m1
2022-06-12 01:54:01dsfdshhs → 需要 群、发，找 bs91m1
2022-06-12 01:57:47shujyinl → 想找人（ 发 ）广告，找 bs91m1
2022-06-12 02:00:38sirenweixin3 → (session) 协议号，零售、批发 找，bs91m1
2022-06-12 02:03:23zuqiushuju → 要（发 ）广告，联系 bs91m1
2022-06-12 02:04:29lbbet → 要（发 ）广告，联系 bs91m1
2022-06-12 02:06:19AG686 → 准备（发 ）广告，找 bs91m1
2022-06-12 02:10:14srjlq → 要（发 ）广告，联系 bs91m1
2022-06-12 02:12:10buyusdtx → 来（发 ）广告，联系 bs91m1
2022-06-12 02:13:08xianliaoq → 准备（发 ）广告，找 bs91m1
2022-06-12 02:14:10dream888 → (session) 协议号，零售、批发 找，bs91m1
2022-06-12 02:17:52G88888880 → 想要（发 ）广告，找 bs91m1
2022-06-12 02:19:50yhksijiantao11 → 需要 软、件，找 bs91m1
2022-06-12 02:21:42amjwg → 需要 软、件，找 bs91m1
2022-06-12 02:23:43hnsdfhs155 → 要（发 ）广告，联系 bs91m1
2022-06-12 02:25:33shujyinl → (session) 协议号，零售、批发 找，bs91m1
2022-06-12 02:26:31joinBCPH → 来（发 ）广告，联系 bs91m1
2022-06-12 02:27:36yunqian68 → 需要 群、发软、件，找 bs91m1
2022-06-12 02:28:35srjlq → (session) 协议号，零售、批发 找，bs91m1
2022-06-12 02:30:27phniuniu → 需要 群、发软、件，找 bs91m1
2022-06-12 02:33:18fv0015 → 想要（发 ）广告，找 bs91m1
2022-06-12 02:34:16xianliaoq → 来（发 ）广告，联系 bs91m1
2022-06-12 02:35:22USDThuzhu3 → 准备（发 ）广告，找 bs91m1
2022-06-12 02:36:21dubai13148888 → 需要 群、发，找 bs91m1
2022-06-12 02:37:20sirenweixin3 → 要（发 ）广告，联系 bs91m1
2022-06-12 02:40:09dunxin106 → 想要（发 ）广告，找 bs91m1
2022-06-12 02:41:08xd836809 → 需要 群、发软、件，找 bs91m1
2022-06-12 02:42:07dsfdshhs → (session) 协议号，零售、批发 找，bs91m1
2022-06-12 02:43:13zgfCYJT → 专业（发 ）广告，联系我 bs91m1
2022-06-12 02:44:13seguiren → 需要 软、件，找 bs91m1
2022-06-12 02:45:10youxidaili → 想要（发 ）广告，找 bs91m1
2022-06-12 02:47:08cvv666money → 需要 群、发，找 bs91m1
2022-06-12 02:48:06jinsanjiaobc → 想要（发 ）广告，找 bs91m1
2022-06-12 02:49:05Hpy111 → 要（发 ）广告，联系 bs91m1
2022-06-12 02:51:02adasdasw → 来（发 ）广告，联系 bs91m1
2022-06-12 02:52:55phpzufang → 需要 软、件，找 bs91m1
2022-06-12 02:59:29zuqiushuju → 来（发 ）广告，联系 bs91m1
2022-06-12 03:00:27jiaoyouqun123 → 需要 群、发，找 bs91m1
2022-06-12 03:03:19YHK_security → 要（发 ）广告，联系 bs91m1
2022-06-12 03:05:12ziyuanduijie1 → 要（发 ）广告，联系 bs91m1
2022-06-12 03:09:02lbbet → 准备（发 ）广告，找 bs91m1
2022-06-12 03:11:50yinlianguoji → 想要（发 ）广告，找 bs91m1
2022-06-12 03:12:49fjhq000hz → 来（发 ）广告，联系 bs91m1
2022-06-12 03:16:39Philippines_visa → 想找人（ 发 ）广告，找 bs91m1
2022-06-12 03:17:45cvv666money → 要（发 ）广告，联系 bs91m1
2022-06-12 03:19:37buyusdtx → 来（发 ）广告，联系 bs91m1
2022-06-12 03:21:34zuqiushuju → 需要 群、发，找 bs91m1
2022-06-12 03:22:32shujyinl → 需要 群、发，找 bs91m1
2022-06-12 03:24:25G88888880 → 需要 软、件，找 bs91m1
2022-06-12 03:25:30jiaoyouqun123 → 要（发 ）广告，联系 bs91m1
2022-06-12 03:27:21fjhq000hz → 想要（发 ）广告，找 bs91m1
2022-06-12 03:28:21dream888 → 专业（发 ）广告，联系我 bs91m1
2022-06-12 03:30:19dunxin106 → 专业（发 ）广告，联系我 bs91m1
2022-06-12 03:31:18zgfCYJT → 专业（发 ）广告，联系我 bs91m1
2022-06-12 03:32:17yunqian68 → 需要 群、发，找 bs91m1
2022-06-12 03:34:13yhksijiantao11 → 来（发 ）广告，联系 bs91m1
2022-06-12 03:35:12yinlianguoji → 准备（发 ）广告，找 bs91m1
2022-06-12 03:36:11adasdasw → 来（发 ）广告，联系 bs91m1
2022-06-12 03:37:17amjwg → 想找人（ 发 ）广告，找 bs91m1
2022-06-12 03:40:06seguiren → 需要 软、件，找 bs91m1
2022-06-12 03:41:12xd836809 → 来（发 ）广告，联系 bs91m1
2022-06-12 03:43:02hnsdfhs155 → 需要 群、发软、件，找 bs91m1
2022-06-12 03:44:03xianliaoq → 想要（发 ）广告，找 bs91m1
2022-06-12 03:46:58Philippines_visa → 想找人（ 发 ）广告，找 bs91m1
2022-06-12 03:47:57fv0015 → 要（发 ）广告，联系 bs91m1
2022-06-12 03:49:54dsfdshhs → 要（发 ）广告，联系 bs91m1
2022-06-12 03:50:52youxidaili → 来（发 ）广告，联系 bs91m1
2022-06-12 03:51:51fgdfdfherh → 想要（发 ）广告，找 bs91m1
2022-06-12 03:53:51AG686 → 来（发 ）广告，联系 bs91m1
2022-06-12 03:54:49lbbet → 准备（发 ）广告，找 bs91m1
2022-06-12 03:58:33phpzufang → 需要 群、发软、件，找 bs91m1
2022-06-12 03:59:30srjlq → 需要 群、发，找 bs91m1
2022-06-12 04:01:28USDThuzhu3 → 来（发 ）广告，联系 bs91m1
2022-06-12 04:05:17ziyuanduijie1 → 专业（发 ）广告，联系我 bs91m1
2022-06-12 04:09:04yhksijiantao11 → 来（发 ）广告，联系 bs91m1
2022-06-12 04:10:03jinsanjiaobc → 需要 软、件，找 bs91m1
2022-06-12 04:12:00miaomiao12356 → 需要 群、发软、件，找 bs91m1
2022-06-12 04:14:43YHK_security → 专业（发 ）广告，联系我 bs91m1
2022-06-12 04:15:49yunqian68 → 专业（发 ）广告，联系我 bs91m1
2022-06-12 04:16:49joinBCPH → 来（发 ）广告，联系 bs91m1
2022-06-12 04:19:46cvv666money → 来（发 ）广告，联系 bs91m1
2022-06-12 04:20:43fv0015 → 需要 群、发软、件，找 bs91m1
2022-06-12 04:21:43phniuniu → 想要（发 ）广告，找 bs91m1
2022-06-12 04:24:33shujyinl → (session) 协议号，零售、批发 找，bs91m1
2022-06-12 04:26:26Hpy111 → 来（发 ）广告，联系 bs91m1
2022-06-12 04:28:23buyusdtx → (session) 协议号，零售、批发 找，bs91m1
2022-06-12 04:30:14lbbet → 来（发 ）广告，联系 bs91m1
2022-06-12 04:31:19sirenweixin3 → 来（发 ）广告，联系 bs91m1
2022-06-12 04:32:17jinsanjiaobc → 需要 软、件，找 bs91m1
2022-06-12 04:34:09miaomiao12356 → 需要 群、发软、件，找 bs91m1
2022-06-12 04:35:17dream888 → 来（发 ）广告，联系 bs91m1
2022-06-12 04:36:15fjhq000hz → 需要 群、发，找 bs91m1
2022-06-12 04:38:05xianliaoq → 需要 群、发软、件，找 bs91m1
2022-06-12 04:41:59hnsdfhs155 → 来（发 ）广告，联系 bs91m1
2022-06-12 04:43:03adasdasw → 来（发 ）广告，联系 bs91m1
2022-06-12 04:45:49phpzufang → 需要 软、件，找 bs91m1
2022-06-12 04:46:53srjlq → 准备（发 ）广告，找 bs91m1
2022-06-12 04:47:52dsfdshhs → 需要 群、发软、件，找 bs91m1
2022-06-12 04:49:44dubai13148888 → 需要 群、发软、件，找 bs91m1
2022-06-12 04:51:42jiaoyouqun123 → 专业（发 ）广告，联系我 bs91m1
2022-06-12 04:52:40guojitongdaoduanxin → 需要 软、件，找 bs91m1
2022-06-12 04:53:38youxidaili → 来（发 ）广告，联系 bs91m1
2022-06-12 04:55:36seguiren → 需要 群、发软、件，找 bs91m1
2022-06-12 04:56:36Philippines_visa → 需要 群、发软、件，找 bs91m1
2022-06-12 04:57:35zuqiushuju → 要（发 ）广告，联系 bs91m1
2022-06-12 05:01:17USDThuzhu3 → 准备（发 ）广告，找 bs91m1
2022-06-12 05:04:13sirenweixin3 → 专业（发 ）广告，联系我 bs91m1
2022-06-12 05:07:05dunxin106 → 专业（发 ）广告，联系我 bs91m1
2022-06-12 05:08:04xianliaoq → 需要 群、发，找 bs91m1
2022-06-12 05:10:02dsfdshhs → 专业（发 ）广告，联系我 bs91m1
2022-06-12 05:12:06zgfCYJT → 需要 群、发软、件，找 bs91m1
2022-06-12 05:14:56Hpy111 → 需要 软、件，找 bs91m1
2022-06-12 05:15:56jiaoyouqun123 → 专业（发 ）广告，联系我 bs91m1
2022-06-12 05:16:55fv0015 → 需要 软、件，找 bs91m1
2022-06-12 05:18:01yinlianguoji → 来（发 ）广告，联系 bs91m1
2022-06-12 05:19:00seguiren → (session) 协议号，零售、批发 找，bs91m1
2022-06-12 05:20:50USDThuzhu3 → 想要（发 ）广告，找 bs91m1
2022-06-12 05:21:58phniuniu → 想找人（ 发 ）广告，找 bs91m1
2022-06-12 05:23:47jinsanjiaobc → 想找人（ 发 ）广告，找 bs91m1
2022-06-12 05:24:46cvv666money → 需要 软、件，找 bs91m1
2022-06-12 05:25:51fjhq000hz → (session) 协议号，零售、批发 找，bs91m1
2022-06-12 05:26:48yhksijiantao11 → 要（发 ）广告，联系 bs91m1
2022-06-12 05:27:48xd836809 → 需要 软、件，找 bs91m1
2022-06-12 05:30:36srjlq → 需要 软、件，找 bs91m1
2022-06-12 05:31:36G88888880 → 想要（发 ）广告，找 bs91m1
2022-06-12 05:32:34shujyinl → 需要 群、发，找 bs91m1
2022-06-12 05:33:40YHK_security → 准备（发 ）广告，找 bs91m1
2022-06-12 05:35:31joinBCPH → 需要 群、发软、件，找 bs91m1
2022-06-12 05:36:28ziyuanduijie1 → (session) 协议号，零售、批发 找，bs91m1
2022-06-12 05:38:26youxidaili → 需要 软、件，找 bs91m1
2022-06-12 05:40:16lbbet → 需要 群、发，找 bs91m1
2022-06-12 05:44:12dream888 → 需要 群、发，找 bs91m1
2022-06-12 05:45:17adasdasw → 需要 软、件，找 bs91m1
2022-06-12 05:46:16yunqian68 → 专业（发 ）广告，联系我 bs91m1
2022-06-12 05:48:06amjwg → 想找人（ 发 ）广告，找 bs91m1
2022-06-12 05:50:04phpzufang → 来（发 ）广告，联系 bs91m1
2022-06-12 05:52:00buyusdtx → 需要 软、件，找 bs91m1
2022-06-12 05:55:42AG686 → 专业（发 ）广告，联系我 bs91m1
2022-06-12 05:56:50yhksijiantao11 → 想找人（ 发 ）广告，找 bs91m1
2022-06-12 05:58:42dunxin106 → 需要 群、发，找 bs91m1
2022-06-12 06:00:39hnsdfhs155 → 需要 软、件，找 bs91m1
2022-06-12 06:01:38yunqian68 → 来（发 ）广告，联系 bs91m1
2022-06-12 06:04:30zuqiushuju → 准备（发 ）广告，找 bs91m1
2022-06-12 06:05:29jiaoyouqun123 → 专业（发 ）广告，联系我 bs91m1
2022-06-12 06:10:58lbbet → 想找人（ 发 ）广告，找 bs91m1
2022-06-12 06:12:04USDThuzhu3 → 准备（发 ）广告，找 bs91m1
2022-06-12 06:13:03cvv666money → 准备（发 ）广告，找 bs91m1
2022-06-12 06:14:54G88888880 → 要（发 ）广告，联系 bs91m1
2022-06-12 06:18:45dubai13148888 → 准备（发 ）广告，找 bs91m1
2022-06-12 06:19:50fv0015 → 准备（发 ）广告，找 bs91m1
2022-06-12 06:20:48phpzufang → 来（发 ）广告，联系 bs91m1
2022-06-12 06:22:39xd836809 → 想要（发 ）广告，找 bs91m1
2022-06-12 06:24:37miaomiao12356 → 需要 群、发软、件，找 bs91m1
2022-06-12 06:25:35dsfdshhs → 准备（发 ）广告，找 bs91m1
2022-06-12 06:26:33youxidaili → 来（发 ）广告，联系 bs91m1
2022-06-12 06:27:39seguiren → 准备（发 ）广告，找 bs91m1
2022-06-12 06:28:36zuqiushuju → 想找人（ 发 ）广告，找 bs91m1
2022-06-12 06:30:28yinlianguoji → 想要（发 ）广告，找 bs91m1
2022-06-12 06:32:25shujyinl → 想找人（ 发 ）广告，找 bs91m1
2022-06-12 06:34:23Hpy888 → 需要 群、发软、件，找 bs91m1
2022-06-12 06:36:23zgfCYJT → 需要 软、件，找 bs91m1
2022-06-12 06:37:21xianliaoq → 需要 群、发软、件，找 bs91m1
2022-06-12 06:39:20Hpy111 → 需要 群、发软、件，找 bs91m1
2022-06-12 06:40:18srjlq → 想要（发 ）广告，找 bs91m1
2022-06-12 06:44:06adasdasw → 来（发 ）广告，联系 bs91m1
2022-06-12 06:48:53ziyuanduijie1 → 需要 软、件，找 bs91m1
2022-06-12 06:50:50hnsdfhs155 → 准备（发 ）广告，找 bs91m1
2022-06-12 06:51:49cvv666money → 来（发 ）广告，联系 bs91m1
2022-06-12 06:53:41dubai13148888 → 需要 群、发，找 bs91m1
2022-06-12 06:55:40dunxin106 → 专业（发 ）广告，联系我 bs91m1
2022-06-12 06:57:31sirenweixin3 → 想要（发 ）广告，找 bs91m1
2022-06-12 06:58:36seguiren → (session) 协议号，零售、批发 找，bs91m1
2022-06-12 07:00:27jinsanjiaobc → 需要 群、发，找 bs91m1
2022-06-12 07:03:20jiaoyouqun123 → 需要 群、发，找 bs91m1
2022-06-12 07:05:10fjhq000hz → 要（发 ）广告，联系 bs91m1
2022-06-12 07:08:02lbbet → 需要 群、发，找 bs91m1
2022-06-12 07:10:51yunqian68 → 来（发 ）广告，联系 bs91m1
2022-06-12 07:12:43jinsanjiaobc → 准备（发 ）广告，找 bs91m1
2022-06-12 07:13:48dsfdshhs → (session) 协议号，零售、批发 找，bs91m1
2022-06-12 07:15:39xd836809 → (session) 协议号，零售、批发 找，bs91m1
2022-06-12 07:18:30adasdasw → 准备（发 ）广告，找 bs91m1
2022-06-12 07:19:30yinlianguoji → 需要 群、发，找 bs91m1
2022-06-12 07:20:29YHK_security → 要（发 ）广告，联系 bs91m1
2022-06-12 07:22:26shujyinl → 想找人（ 发 ）广告，找 bs91m1
2022-06-12 07:24:22hnsdfhs155 → 专业（发 ）广告，联系我 bs91m1
2022-06-12 07:25:28phpzufang → 来（发 ）广告，联系 bs91m1
2022-06-12 07:26:26zuqiushuju → 要（发 ）广告，联系 bs91m1
2022-06-12 07:28:19Hpy111 → 要（发 ）广告，联系 bs91m1
2022-06-12 07:29:24buyusdtx → 来（发 ）广告，联系 bs91m1
2022-06-12 07:30:23zgfCYJT → 来（发 ）广告，联系 bs91m1
2022-06-12 07:31:23xianliaoq → 来（发 ）广告，联系 bs91m1
2022-06-12 07:33:21dunxin106 → (session) 协议号，零售、批发 找，bs91m1
2022-06-12 07:34:20miaomiao12356 → 来（发 ）广告，联系 bs91m1
2022-06-12 07:38:09G88888880 → 想要（发 ）广告，找 bs91m1
2022-06-12 07:39:07USDThuzhu3 → 需要 软、件，找 bs91m1
2022-06-12 07:40:06yhksijiantao11 → 需要 软、件，找 bs91m1
2022-06-12 07:41:12fv0015 → 需要 软、件，找 bs91m1
2022-06-12 07:43:05guojitongdaoduanxin → 想要（发 ）广告，找 bs91m1
2022-06-12 07:45:01fjhq000hz → 来（发 ）广告，联系 bs91m1
2022-06-12 07:46:02lbbet → (session) 协议号，零售、批发 找，bs91m1
2022-06-12 07:48:58AG686 → 需要 群、发，找 bs91m1
2022-06-12 07:50:48cvv666money → 专业（发 ）广告，联系我 bs91m1
2022-06-12 07:51:47amjwg → 想找人（ 发 ）广告，找 bs91m1
2022-06-12 07:53:45seguiren → (session) 协议号，零售、批发 找，bs91m1
2022-06-12 07:57:35YHK_security → 来（发 ）广告，联系 bs91m1
2022-06-12 07:58:33srjlq → 要（发 ）广告，联系 bs91m1
2022-06-12 08:01:21phpzufang → 专业（发 ）广告，联系我 bs91m1
2022-06-12 08:03:13youxidaili → 准备（发 ）广告，找 bs91m1
2022-06-12 08:06:57dsfdshhs → 需要 群、发，找 bs91m1
2022-06-12 08:10:48dunxin106 → 专业（发 ）广告，联系我 bs91m1
2022-06-12 08:13:40USDThuzhu3 → 需要 软、件，找 bs91m1
2022-06-12 08:14:38jiaoyouqun123 → 来（发 ）广告，联系 bs91m1
2022-06-12 08:15:44yhksijiantao11 → 需要 群、发软、件，找 bs91m1
2022-06-12 08:16:43hnsdfhs155 → 需要 群、发，找 bs91m1
2022-06-12 08:17:43miaomiao12356 → 想要（发 ）广告，找 bs91m1
2022-06-12 08:19:38yunqian68 → 想要（发 ）广告，找 bs91m1
2022-06-12 08:20:38dubai13148888 → 想找人（ 发 ）广告，找 bs91m1
2022-06-12 08:22:27srjlq → 准备（发 ）广告，找 bs91m1
2022-06-12 08:23:33sirenweixin3 → 需要 群、发软、件，找 bs91m1
2022-06-12 08:24:34dream888 → 专业（发 ）广告，联系我 bs91m1
2022-06-12 08:25:33jinsanjiaobc → 来（发 ）广告，联系 bs91m1
2022-06-12 08:27:30xianliaoq → 需要 群、发软、件，找 bs91m1
2022-06-12 08:29:22Philippines_visa → 想找人（ 发 ）广告，找 bs91m1
2022-06-12 08:30:20youxidaili → 需要 群、发，找 bs91m1
2022-06-12 08:34:15shujyinl → (session) 协议号，零售、批发 找，bs91m1
2022-06-12 08:35:21zgfCYJT → 准备（发 ）广告，找 bs91m1
2022-06-12 08:37:12buyusdtx → 需要 群、发软、件，找 bs91m1
2022-06-12 08:40:02fgdfdfherh → 需要 群、发，找 bs91m1
2022-06-12 08:42:00zuqiushuju → 准备（发 ）广告，找 bs91m1
2022-06-12 08:43:05jiaoyouqun123 → (session) 协议号，零售、批发 找，bs91m1
2022-06-12 08:44:04ziyuanduijie1 → 需要 群、发，找 bs91m1
2022-06-12 08:45:55Hpy888 → 想要（发 ）广告，找 bs91m1
2022-06-12 08:47:52yhksijiantao11 → 需要 软、件，找 bs91m1
2022-06-12 08:48:50fv0015 → 来（发 ）广告，联系 bs91m1
2022-06-12 08:49:49G88888880 → 准备（发 ）广告，找 bs91m1
2022-06-12 08:50:55amjwg → 需要 软、件，找 bs91m1
2022-06-12 08:51:55xianliaoq → 需要 软、件，找 bs91m1
2022-06-12 08:52:54adasdasw → 来（发 ）广告，联系 bs91m1
2022-06-12 08:55:44fjhq000hz → 来（发 ）广告，联系 bs91m1
2022-06-12 08:57:36sirenweixin3 → 来（发 ）广告，联系 bs91m1
2022-06-12 08:59:34AG686 → 准备（发 ）广告，找 bs91m1
2022-06-12 09:00:33lbbet → 来（发 ）广告，联系 bs91m1
2022-06-12 09:05:12shujyinl → 来（发 ）广告，联系 bs91m1
2022-06-12 09:07:09USDThuzhu3 → (session) 协议号，零售、批发 找，bs91m1
2022-06-12 09:09:01dsfdshhs → 来（发 ）广告，联系 bs91m1
2022-06-12 09:11:53dunxin106 → 准备（发 ）广告，找 bs91m1
2022-06-12 09:12:51cvv666money → (session) 协议号，零售、批发 找，bs91m1
2022-06-12 09:13:56yunqian68 → 专业（发 ）广告，联系我 bs91m1
2022-06-12 09:14:54jinsanjiaobc → 需要 群、发软、件，找 bs91m1
2022-06-12 09:18:45phpzufang → 要（发 ）广告，联系 bs91m1
2022-06-12 09:21:41seguiren → 需要 软、件，找 bs91m1
2022-06-12 09:23:35Hpy111 → 专业（发 ）广告，联系我 bs91m1
2022-06-12 09:27:23youxidaili → 来（发 ）广告，联系 bs91m1
2022-06-12 09:29:23adasdasw → 来（发 ）广告，联系 bs91m1
2022-06-12 09:30:22fgdfdfherh → 准备（发 ）广告，找 bs91m1
2022-06-12 09:33:12srjlq → 想找人（ 发 ）广告，找 bs91m1
2022-06-12 09:36:04phniuniu → 专业（发 ）广告，联系我 bs91m1
2022-06-12 09:37:09zuqiushuju → 来（发 ）广告，联系 bs91m1
2022-06-12 09:39:07miaomiao12356 → 需要 群、发软、件，找 bs91m1
2022-06-12 09:41:06yinlianguoji → 来（发 ）广告，联系 bs91m1
2022-06-12 09:42:55dsfdshhs → (session) 协议号，零售、批发 找，bs91m1
2022-06-12 09:43:53fjhq000hz → 想要（发 ）广告，找 bs91m1
2022-06-12 09:44:59Philippines_visa → 要（发 ）广告，联系 bs91m1
2022-06-12 09:46:52phpzufang → 需要 群、发软、件，找 bs91m1
2022-06-12 09:48:49ziyuanduijie1 → 来（发 ）广告，联系 bs91m1
2022-06-12 09:49:47xd836809 → 想要（发 ）广告，找 bs91m1
2022-06-12 09:51:38jiaoyouqun123 → 想要（发 ）广告，找 bs91m1
2022-06-12 09:54:38cvv666money → 来（发 ）广告，联系 bs91m1
2022-06-12 09:55:36hnsdfhs155 → 要（发 ）广告，联系 bs91m1
2022-06-12 09:56:42fv0015 → 来（发 ）广告，联系 bs91m1
2022-06-12 09:58:40lbbet → 需要 软、件，找 bs91m1
2022-06-12 10:01:31sirenweixin3 → 需要 群、发，找 bs91m1
2022-06-12 10:04:20seguiren → 需要 群、发软、件，找 bs91m1
2022-06-12 10:06:12dunxin106 → (session) 协议号，零售、批发 找，bs91m1
2022-06-12 10:10:05yhksijiantao11 → 需要 软、件，找 bs91m1
2022-06-12 10:12:03yunqian68 → 需要 软、件，找 bs91m1
2022-06-12 10:13:01adasdasw → 想要（发 ）广告，找 bs91m1
2022-06-12 10:16:45shujyinl → 需要 群、发，找 bs91m1
2022-06-12 10:17:44AG686 → (session) 协议号，零售、批发 找，bs91m1
2022-06-12 10:20:43xianliaoq → 来（发 ）广告，联系 bs91m1
2022-06-12 10:22:34USDThuzhu3 → 需要 群、发，找 bs91m1
2022-06-12 10:24:31fv0015 → 想找人（ 发 ）广告，找 bs91m1
2022-06-12 10:25:31yinlianguoji → 来（发 ）广告，联系 bs91m1
2022-06-12 10:28:20zuqiushuju → 准备（发 ）广告，找 bs91m1
2022-06-12 10:30:18yhksijiantao11 → 来（发 ）广告，联系 bs91m1
2022-06-12 10:31:24shujyinl → 来（发 ）广告，联系 bs91m1
2022-06-12 10:34:12buyusdtx → 专业（发 ）广告，联系我 bs91m1
2022-06-12 10:36:10xianliaoq → 想要（发 ）广告，找 bs91m1
2022-06-12 10:37:08hnsdfhs155 → (session) 协议号，零售、批发 找，bs91m1
2022-06-12 10:38:06amjwg → 想要（发 ）广告，找 bs91m1
2022-06-12 10:39:12yunqian68 → 专业（发 ）广告，联系我 bs91m1
2022-06-12 10:40:10jinsanjiaobc → (session) 协议号，零售、批发 找，bs91m1
2022-06-12 10:41:09Hpy111 → 需要 软、件，找 bs91m1
2022-06-12 10:43:05cvv666money → 需要 软、件，找 bs91m1
2022-06-12 10:44:04guojitongdaoduanxin → 来（发 ）广告，联系 bs91m1
2022-06-12 10:47:48joinBCPH → 想找人（ 发 ）广告，找 bs91m1
2022-06-12 10:48:46lbbet → 要（发 ）广告，联系 bs91m1
2022-06-12 10:49:44srjlq → 需要 软、件，找 bs91m1
2022-06-12 10:50:49youxidaili → 来（发 ）广告，联系 bs91m1
2022-06-12 10:51:49Philippines_visa → 需要 群、发，找 bs91m1
2022-06-12 10:52:47dsfdshhs → 想要（发 ）广告，找 bs91m1
2022-06-12 10:56:34fjhq000hz → 需要 群、发，找 bs91m1
2022-06-12 10:57:34phniuniu → 要（发 ）广告，联系 bs91m1
2022-06-12 11:01:19phpzufang → (session) 协议号，零售、批发 找，bs91m1
2022-06-12 11:03:19seguiren → 需要 群、发，找 bs91m1
2022-06-12 11:04:17dunxin106 → 来（发 ）广告，联系 bs91m1
2022-06-12 11:07:06adasdasw → 想找人（ 发 ）广告，找 bs91m1
2022-06-12 11:08:07jiaoyouqun123 → (session) 协议号，零售、批发 找，bs91m1
2022-06-12 11:12:50zuqiushuju → 需要 群、发软、件，找 bs91m1
2022-06-12 11:16:40fv0015 → 想要（发 ）广告，找 bs91m1
2022-06-12 11:20:28xd836809 → 来（发 ）广告，联系 bs91m1
2022-06-12 11:22:26fgdfdfherh → (session) 协议号，零售、批发 找，bs91m1
2022-06-12 11:24:20phpzufang → 想找人（ 发 ）广告，找 bs91m1
2022-06-12 11:28:10AG686 → 想找人（ 发 ）广告，找 bs91m1
2022-06-12 11:29:15ziyuanduijie1 → 来（发 ）广告，联系 bs91m1
2022-06-12 11:30:14shujyinl → 需要 群、发，找 bs91m1
2022-06-12 11:31:15phniuniu → 想要（发 ）广告，找 bs91m1
2022-06-12 11:33:13jiaoyouqun123 → 想要（发 ）广告，找 bs91m1
2022-06-12 11:34:10USDThuzhu3 → 来（发 ）广告，联系 bs91m1
2022-06-12 11:35:10Hpy111 → 准备（发 ）广告，找 bs91m1
2022-06-12 11:37:58dsfdshhs → 要（发 ）广告，联系 bs91m1
2022-06-12 11:38:57fgdfdfherh → 想要（发 ）广告，找 bs91m1
2022-06-12 11:39:56fjhq000hz → 想找人（ 发 ）广告，找 bs91m1
2022-06-12 11:41:00jinsanjiaobc → 专业（发 ）广告，联系我 bs91m1
2022-06-12 11:41:59yhksijiantao11 → 需要 软、件，找 bs91m1
2022-06-12 11:43:49Philippines_visa → 专业（发 ）广告，联系我 bs91m1
2022-06-12 11:45:47srjlq → 需要 群、发，找 bs91m1
2022-06-12 11:46:46sirenweixin3 → 专业（发 ）广告，联系我 bs91m1
2022-06-12 11:48:44dubai13148888 → 准备（发 ）广告，找 bs91m1
2022-06-12 11:49:42youxidaili → 专业（发 ）广告，联系我 bs91m1
2022-06-12 11:50:41cvv666money → 想找人（ 发 ）广告，找 bs91m1
2022-06-12 11:52:39miaomiao12356 → 需要 软、件，找 bs91m1
2022-06-12 11:54:29hnsdfhs155 → 要（发 ）广告，联系 bs91m1
2022-06-12 11:55:28lbbet → 专业（发 ）广告，联系我 bs91m1
2022-06-12 11:58:17seguiren → (session) 协议号，零售、批发 找，bs91m1
2022-06-12 12:00:22guojitongdaoduanxin → 需要 群、发，找 bs91m1
2022-06-12 12:01:21YHK_security → 来（发 ）广告，联系 bs91m1
2022-06-12 12:03:12dunxin106 → 专业（发 ）广告，联系我 bs91m1
2022-06-12 12:07:01yunqian68 → 需要 群、发软、件，找 bs91m1
2022-06-12 12:09:52xianliaoq → 想要（发 ）广告，找 bs91m1
2022-06-12 12:10:50fjhq000hz → 需要 软、件，找 bs91m1
2022-06-12 12:12:49USDThuzhu3 → 需要 群、发软、件，找 bs91m1
2022-06-12 12:15:38srjlq → 要（发 ）广告，联系 bs91m1
2022-06-12 12:17:33yunqian68 → 需要 群、发软、件，找 bs91m1
2022-06-12 12:20:39yinlianguoji → 来（发 ）广告，联系 bs91m1
2022-06-12 12:22:14sirenweixin3 → 准备（发 ）广告，找 bs91m1
2022-06-12 12:23:12adasdasw → 专业（发 ）广告，联系我 bs91m1
2022-06-12 12:24:17buyusdtx → 来（发 ）广告，联系 bs91m1
2022-06-12 12:25:17amjwg → 专业（发 ）广告，联系我 bs91m1
2022-06-12 12:26:16seguiren → 准备（发 ）广告，找 bs91m1
2022-06-12 12:28:13G88888880 → 需要 群、发，找 bs91m1
2022-06-12 12:29:12yhksijiantao11 → 来（发 ）广告，联系 bs91m1
2022-06-12 12:30:11ziyuanduijie1 → 想要（发 ）广告，找 bs91m1
2022-06-12 12:32:09xd836809 → 来（发 ）广告，联系 bs91m1
2022-06-12 12:33:07jinsanjiaobc → 需要 群、发，找 bs91m1
2022-06-12 12:34:58phpzufang → 来（发 ）广告，联系 bs91m1
2022-06-12 12:38:45AG686 → 来（发 ）广告，联系 bs91m1
2022-06-12 12:39:51cvv666money → 要（发 ）广告，联系 bs91m1
2022-06-12 12:40:49fv0015 → 来（发 ）广告，联系 bs91m1
2022-06-12 12:42:42guojitongdaoduanxin → 需要 群、发软、件，找 bs91m1
2022-06-12 12:43:46hnsdfhs155 → 准备（发 ）广告，找 bs91m1
2022-06-12 12:45:36dsfdshhs → 专业（发 ）广告，联系我 bs91m1
2022-06-12 12:46:36yinlianguoji → 准备（发 ）广告，找 bs91m1
2022-06-12 12:48:35phniuniu → 需要 群、发，找 bs91m1
2022-06-12 12:49:33youxidaili → 需要 群、发软、件，找 bs91m1
2022-06-12 12:50:31shujyinl → 要（发 ）广告，联系 bs91m1
2022-06-12 12:51:36zuqiushuju → 来（发 ）广告，联系 bs91m1
2022-06-12 12:53:27YHK_security → 想找人（ 发 ）广告，找 bs91m1
2022-06-12 12:54:26zgfCYJT → 来（发 ）广告，联系 bs91m1
2022-06-12 12:55:33jiaoyouqun123 → 专业（发 ）广告，联系我 bs91m1
2022-06-12 12:58:16Hpy111 → 需要 群、发软、件，找 bs91m1
2022-06-12 12:59:21dubai13148888 → 需要 群、发，找 bs91m1
2022-06-12 13:00:21USDThuzhu3 → 来（发 ）广告，联系 bs91m1
2022-06-12 13:01:19xianliaoq → 需要 软、件，找 bs91m1
2022-06-12 13:03:17fv0015 → 要（发 ）广告，联系 bs91m1
2022-06-12 13:06:01lbbet → 需要 群、发，找 bs91m1
2022-06-12 13:08:00dunxin106 → 来（发 ）广告，联系 bs91m1
2022-06-12 13:10:50hnsdfhs155 → 想要（发 ）广告，找 bs91m1
2022-06-12 13:12:41sirenweixin3 → (session) 协议号，零售、批发 找，bs91m1
2022-06-12 13:14:41seguiren → 要（发 ）广告，联系 bs91m1
2022-06-12 13:20:13yhksijiantao11 → 专业（发 ）广告，联系我 bs91m1
2022-06-12 13:22:13xd836809 → 来（发 ）广告，联系 bs91m1
2022-06-12 13:24:03lbbet → 专业（发 ）广告，联系我 bs91m1
2022-06-12 13:25:00jinsanjiaobc → 想要（发 ）广告，找 bs91m1
2022-06-12 13:26:06amjwg → 想找人（ 发 ）广告，找 bs91m1
2022-06-12 13:27:04srjlq → 来（发 ）广告，联系 bs91m1
2022-06-12 13:28:02dsfdshhs → 需要 群、发软、件，找 bs91m1
2022-06-12 13:29:59yunqian68 → 来（发 ）广告，联系 bs91m1
2022-06-12 13:30:58joinBCPH → 需要 软、件，找 bs91m1
2022-06-12 13:31:57adasdasw → 专业（发 ）广告，联系我 bs91m1
2022-06-12 13:33:52zuqiushuju → (session) 协议号，零售、批发 找，bs91m1
2022-06-12 13:34:51shujyinl → 准备（发 ）广告，找 bs91m1
2022-06-12 13:36:43miaomiao12356 → 来（发 ）广告，联系 bs91m1
2022-06-12 13:39:38AG686 → 想找人（ 发 ）广告，找 bs91m1
2022-06-12 13:40:37Hpy888 → 想找人（ 发 ）广告，找 bs91m1
2022-06-12 13:41:42phpzufang → 来（发 ）广告，联系 bs91m1
2022-06-12 13:46:34youxidaili → 专业（发 ）广告，联系我 bs91m1
2022-06-12 13:50:23G88888880 → 需要 群、发软、件，找 bs91m1
2022-06-12 13:51:22xianliaoq → 来（发 ）广告，联系 bs91m1
2022-06-12 13:55:04amjwg → 需要 群、发软、件，找 bs91m1
2022-06-12 13:56:03jiaoyouqun123 → 需要 群、发软、件，找 bs91m1
2022-06-12 13:58:01cvv666money → 来（发 ）广告，联系 bs91m1
2022-06-12 13:59:00phniuniu → 想要（发 ）广告，找 bs91m1
2022-06-12 14:00:00buyusdtx → (session) 协议号，零售、批发 找，bs91m1
2022-06-12 14:01:55dunxin106 → 来（发 ）广告，联系 bs91m1
2022-06-12 14:04:47fgdfdfherh → 需要 群、发软、件，找 bs91m1
2022-06-12 14:05:47lbbet → (session) 协议号，零售、批发 找，bs91m1
2022-06-12 14:09:30ziyuanduijie1 → 需要 群、发软、件，找 bs91m1
2022-06-12 14:13:21sirenweixin3 → 想要（发 ）广告，找 bs91m1
2022-06-12 14:14:19srjlq → 想找人（ 发 ）广告，找 bs91m1
2022-06-12 14:16:17xianliaoq → 需要 软、件，找 bs91m1
2022-06-12 14:19:01adasdasw → 需要 软、件，找 bs91m1
2022-06-12 14:21:53yhksijiantao11 → 需要 群、发，找 bs91m1
2022-06-12 14:22:51fv0015 → 要（发 ）广告，联系 bs91m1
2022-06-12 14:24:47yunqian68 → 专业（发 ）广告，联系我 bs91m1
2022-06-12 14:25:46dubai13148888 → 想找人（ 发 ）广告，找 bs91m1
2022-06-12 14:27:49seguiren → 需要 软、件，找 bs91m1
2022-06-12 14:29:40USDThuzhu3 → 需要 群、发，找 bs91m1
2022-06-12 14:32:37zuqiushuju → 需要 群、发，找 bs91m1
2022-06-12 14:33:34phpzufang → 需要 群、发软、件，找 bs91m1
2022-06-12 14:34:33miaomiao12356 → 需要 群、发，找 bs91m1
2022-06-12 14:36:29cvv666money → 专业（发 ）广告，联系我 bs91m1
2022-06-12 14:37:28xd836809 → 要（发 ）广告，联系 bs91m1
2022-06-12 14:38:25jinsanjiaobc → 需要 软、件，找 bs91m1
2022-06-12 14:39:31yinlianguoji → 需要 群、发，找 bs91m1
2022-06-12 14:40:29youxidaili → 专业（发 ）广告，联系我 bs91m1
2022-06-12 14:43:24hnsdfhs155 → 想找人（ 发 ）广告，找 bs91m1
2022-06-12 14:44:24Philippines_visa → 想找人（ 发 ）广告，找 bs91m1
2022-06-12 14:46:13jiaoyouqun123 → 想要（发 ）广告，找 bs91m1
2022-06-12 14:47:19guojitongdaoduanxin → 专业（发 ）广告，联系我 bs91m1
2022-06-12 14:48:18shujyinl → 需要 群、发软、件，找 bs91m1
2022-06-12 14:50:09fjhq000hz → 准备（发 ）广告，找 bs91m1
2022-06-12 14:51:14dsfdshhs → 需要 群、发软、件，找 bs91m1
2022-06-12 14:52:15Hpy111 → 要（发 ）广告，联系 bs91m1
2022-06-12 14:56:49srjlq → 想要（发 ）广告，找 bs91m1
2022-06-12 14:58:48G88888880 → 想找人（ 发 ）广告，找 bs91m1
2022-06-12 15:01:37shujyinl → 要（发 ）广告，联系 bs91m1
2022-06-12 15:03:34hnsdfhs155 → 专业（发 ）广告，联系我 bs91m1
2022-06-12 15:04:33xianliaoq → 来（发 ）广告，联系 bs91m1
2022-06-12 15:05:33Hpy111 → 来（发 ）广告，联系 bs91m1
2022-06-12 15:06:38USDThuzhu3 → 要（发 ）广告，联系 bs91m1
2022-06-12 15:08:29YHK_security → (session) 协议号，零售、批发 找，bs91m1
2022-06-12 15:10:28sirenweixin3 → 来（发 ）广告，联系 bs91m1
2022-06-12 15:12:20jinsanjiaobc → 想要（发 ）广告，找 bs91m1
2022-06-12 15:14:17fv0015 → 来（发 ）广告，联系 bs91m1
2022-06-12 15:16:09cvv666money → 准备（发 ）广告，找 bs91m1
2022-06-12 15:19:00AG686 → 需要 群、发软、件，找 bs91m1
2022-06-12 15:22:49fjhq000hz → 专业（发 ）广告，联系我 bs91m1
2022-06-12 15:23:48jiaoyouqun123 → (session) 协议号，零售、批发 找，bs91m1
2022-06-12 15:25:47youxidaili → 需要 群、发软、件，找 bs91m1
2022-06-12 15:27:37dubai13148888 → 需要 群、发，找 bs91m1
2022-06-12 15:28:36phpzufang → (session) 协议号，零售、批发 找，bs91m1
2022-06-12 15:29:43zgfCYJT → 想找人（ 发 ）广告，找 bs91m1
2022-06-12 15:31:32adasdasw → 需要 群、发，找 bs91m1
2022-06-12 15:32:31yunqian68 → (session) 协议号，零售、批发 找，bs91m1
2022-06-12 15:34:28buyusdtx → 要（发 ）广告，联系 bs91m1
2022-06-12 15:35:26seguiren → 要（发 ）广告，联系 bs91m1
2022-06-12 15:36:26fgdfdfherh → (session) 协议号，零售、批发 找，bs91m1
2022-06-12 15:37:30lbbet → 需要 群、发，找 bs91m1
2022-06-12 15:38:28dunxin106 → 来（发 ）广告，联系 bs91m1
2022-06-12 15:41:24zuqiushuju → 要（发 ）广告，联系 bs91m1
2022-06-12 15:42:22xd836809 → 需要 群、发，找 bs91m1
2022-06-12 15:44:11dsfdshhs → 准备（发 ）广告，找 bs91m1
2022-06-12 15:45:17yhksijiantao11 → 想要（发 ）广告，找 bs91m1
2022-06-12 15:47:07ziyuanduijie1 → 专业（发 ）广告，联系我 bs91m1
2022-06-12 15:48:06miaomiao12356 → 专业（发 ）广告，联系我 bs91m1
2022-06-12 15:53:46YHK_security → 想找人（ 发 ）广告，找 bs91m1
2022-06-12 15:55:40amjwg → 需要 群、发，找 bs91m1
2022-06-12 15:56:46cvv666money → 要（发 ）广告，联系 bs91m1
2022-06-12 15:59:32dream888 → 需要 群、发，找 bs91m1
2022-06-12 16:00:39phniuniu → (session) 协议号，零售、批发 找，bs91m1
2022-06-12 16:02:29phpzufang → 来（发 ）广告，联系 bs91m1
2022-06-12 16:03:27dunxin106 → (session) 协议号，零售、批发 找，bs91m1
2022-06-12 16:05:25yhksijiantao11 → 来（发 ）广告，联系 bs91m1
2022-06-12 16:06:22USDThuzhu3 → 想要（发 ）广告，找 bs91m1
2022-06-12 16:13:56seguiren → (session) 协议号，零售、批发 找，bs91m1
2022-06-12 16:14:54hnsdfhs155 → 想要（发 ）广告，找 bs91m1
2022-06-12 16:18:43fv0015 → 来（发 ）广告，联系 bs91m1
2022-06-12 16:20:42xianliaoq → 需要 群、发，找 bs91m1
2022-06-12 16:21:40youxidaili → 专业（发 ）广告，联系我 bs91m1
2022-06-12 16:24:29jiaoyouqun123 → 想要（发 ）广告，找 bs91m1
2022-06-12 16:27:22fjhq000hz → 来（发 ）广告，联系 bs91m1
2022-06-12 16:29:14zgfCYJT → 专业（发 ）广告，联系我 bs91m1
2022-06-12 16:30:12shujyinl → 来（发 ）广告，联系 bs91m1
2022-06-12 16:33:06zuqiushuju → (session) 协议号，零售、批发 找，bs91m1
2022-06-12 16:34:05lbbet → 来（发 ）广告，联系 bs91m1
2022-06-12 16:35:11dsfdshhs → 专业（发 ）广告，联系我 bs91m1
2022-06-12 16:36:09yinlianguoji → 需要 软、件，找 bs91m1
2022-06-12 16:37:59srjlq → 需要 软、件，找 bs91m1
2022-06-12 16:39:06Hpy111 → 准备（发 ）广告，找 bs91m1
2022-06-12 16:40:03jinsanjiaobc → 需要 群、发软、件，找 bs91m1
2022-06-12 16:41:00yunqian68 → 想找人（ 发 ）广告，找 bs91m1
2022-06-12 16:43:48adasdasw → 准备（发 ）广告，找 bs91m1
2022-06-12 16:45:40Hpy888 → 专业（发 ）广告，联系我 bs91m1
2022-06-12 16:49:26amjwg → 来（发 ）广告，联系 bs91m1
2022-06-12 16:50:31phniuniu → 准备（发 ）广告，找 bs91m1
2022-06-12 16:52:22dunxin106 → 来（发 ）广告，联系 bs91m1
2022-06-12 16:53:22yunqian68 → 来（发 ）广告，联系 bs91m1
2022-06-12 16:54:28guojitongdaoduanxin → 想要（发 ）广告，找 bs91m1
2022-06-12 16:56:19youxidaili → 准备（发 ）广告，找 bs91m1
2022-06-12 16:57:17yhksijiantao11 → 需要 群、发软、件，找 bs91m1
2022-06-12 16:58:23lbbet → 要（发 ）广告，联系 bs91m1
2022-06-12 16:59:21adasdasw → 需要 群、发，找 bs91m1
2022-06-12 17:00:19dream888 → 要（发 ）广告，联系 bs91m1
2022-06-12 17:04:06hnsdfhs155 → 想要（发 ）广告，找 bs91m1
2022-06-12 17:05:05dubai13148888 → 准备（发 ）广告，找 bs91m1
2022-06-12 17:07:02YHK_security → 需要 群、发，找 bs91m1
2022-06-12 17:10:52srjlq → 需要 软、件，找 bs91m1
2022-06-12 17:12:43jiaoyouqun123 → 来（发 ）广告，联系 bs91m1
2022-06-12 17:13:48fv0015 → 准备（发 ）广告，找 bs91m1
2022-06-12 17:15:39shujyinl → 需要 群、发，找 bs91m1
2022-06-12 17:19:27jinsanjiaobc → 需要 群、发软、件，找 bs91m1
2022-06-12 17:23:13cvv666money → 需要 群、发软、件，找 bs91m1
2022-06-12 17:24:10AG686 → 需要 群、发，找 bs91m1
2022-06-12 17:26:09USDThuzhu3 → 来（发 ）广告，联系 bs91m1
2022-06-12 17:27:59xianliaoq → 准备（发 ）广告，找 bs91m1
2022-06-12 17:29:20xd836809 → 想找人（ 发 ）广告，找 bs91m1
2022-06-12 17:31:17phpzufang → 需要 软、件，找 bs91m1
2022-06-12 17:33:14fgdfdfherh → 来（发 ）广告，联系 bs91m1
2022-06-12 17:34:13buyusdtx → 需要 群、发，找 bs91m1
2022-06-12 17:35:11seguiren → (session) 协议号，零售、批发 找，bs91m1
2022-06-12 17:38:02zgfCYJT → 想要（发 ）广告，找 bs91m1
2022-06-12 17:39:51ziyuanduijie1 → 来（发 ）广告，联系 bs91m1
2022-06-12 17:40:58sirenweixin3 → 准备（发 ）广告，找 bs91m1
2022-06-12 17:42:47zuqiushuju → 需要 群、发软、件，找 bs91m1
2022-06-12 17:43:46guojitongdaoduanxin → 想找人（ 发 ）广告，找 bs91m1
2022-06-12 17:44:53Philippines_visa → 需要 软、件，找 bs91m1
2022-06-12 17:46:43xianliaoq → (session) 协议号，零售、批发 找，bs91m1
2022-06-12 17:48:39phpzufang → 需要 软、件，找 bs91m1
2022-06-12 17:49:38G88888880 → 来（发 ）广告，联系 bs91m1
2022-06-12 17:52:29youxidaili → 专业（发 ）广告，联系我 bs91m1
2022-06-12 17:53:29amjwg → 需要 群、发软、件，找 bs91m1
2022-06-12 17:55:20YHK_security → 想找人（ 发 ）广告，找 bs91m1
2022-06-12 17:57:17fjhq000hz → 想找人（ 发 ）广告，找 bs91m1
2022-06-12 17:58:16jiaoyouqun123 → 来（发 ）广告，联系 bs91m1
2022-06-12 17:59:17joinBCPH → 想要（发 ）广告，找 bs91m1
2022-06-12 18:00:21yhksijiantao11 → 需要 群、发软、件，找 bs91m1
2022-06-12 18:02:11adasdasw → 准备（发 ）广告，找 bs91m1
2022-06-12 18:03:11dubai13148888 → 专业（发 ）广告，联系我 bs91m1
2022-06-12 18:04:18phniuniu → 需要 群、发软、件，找 bs91m1
2022-06-12 18:06:08shujyinl → 准备（发 ）广告，找 bs91m1
2022-06-12 18:07:06srjlq → 需要 群、发，找 bs91m1
2022-06-12 18:08:12seguiren → 准备（发 ）广告，找 bs91m1
2022-06-12 18:11:56hnsdfhs155 → 准备（发 ）广告，找 bs91m1
2022-06-12 18:12:55lbbet → 想要（发 ）广告，找 bs91m1
2022-06-12 18:19:29jinsanjiaobc → (session) 协议号，零售、批发 找，bs91m1
2022-06-12 18:20:28dsfdshhs → 需要 软、件，找 bs91m1
2022-06-12 18:24:11fv0015 → 想要（发 ）广告，找 bs91m1
2022-06-12 18:25:10cvv666money → 想找人（ 发 ）广告，找 bs91m1
2022-06-12 18:27:08yunqian68 → 想要（发 ）广告，找 bs91m1
2022-06-12 18:29:19miaomiao12356 → (session) 协议号，零售、批发 找，bs91m1
2022-06-12 18:30:18USDThuzhu3 → 想要（发 ）广告，找 bs91m1
2022-06-12 18:32:17dream888 → 需要 软、件，找 bs91m1
2022-06-12 18:33:15dunxin106 → 想找人（ 发 ）广告，找 bs91m1
2022-06-12 18:36:04zuqiushuju → 要（发 ）广告，联系 bs91m1
2022-06-12 18:38:03shujyinl → 想找人（ 发 ）广告，找 bs91m1
2022-06-12 18:39:09xd836809 → 专业（发 ）广告，联系我 bs91m1
2022-06-12 18:40:07sirenweixin3 → (session) 协议号，零售、批发 找，bs91m1
2022-06-12 18:43:02yunqian68 → 准备（发 ）广告，找 bs91m1
2022-06-12 18:44:53phniuniu → 准备（发 ）广告，找 bs91m1
2022-06-12 18:47:50G88888880 → 要（发 ）广告，联系 bs91m1
2022-06-12 18:48:49xianliaoq → 需要 软、件，找 bs91m1
2022-06-12 18:50:48phpzufang → 需要 软、件，找 bs91m1
2022-06-12 18:51:46AG686 → 需要 软、件，找 bs91m1
2022-06-12 18:55:37fgdfdfherh → 需要 软、件，找 bs91m1
2022-06-12 18:56:35fv0015 → 来（发 ）广告，联系 bs91m1
2022-06-12 18:59:38adasdasw → 想要（发 ）广告，找 bs91m1
2022-06-12 19:00:37cvv666money → (session) 协议号，零售、批发 找，bs91m1
2022-06-12 19:03:26buyusdtx → 来（发 ）广告，联系 bs91m1
2022-06-12 19:04:26yhksijiantao11 → 来（发 ）广告，联系 bs91m1
2022-06-12 19:05:24joinBCPH → 专业（发 ）广告，联系我 bs91m1
2022-06-12 19:06:29fjhq000hz → 需要 群、发，找 bs91m1
2022-06-12 19:09:12lbbet → 来（发 ）广告，联系 bs91m1
2022-06-12 19:11:10seguiren → 准备（发 ）广告，找 bs91m1
2022-06-12 19:13:02srjlq → 想找人（ 发 ）广告，找 bs91m1
2022-06-12 19:15:06hnsdfhs155 → 准备（发 ）广告，找 bs91m1
2022-06-12 19:16:59dsfdshhs → 需要 群、发软、件，找 bs91m1
2022-06-12 19:19:00jiaoyouqun123 → 需要 群、发，找 bs91m1
2022-06-12 19:20:50zuqiushuju → 准备（发 ）广告，找 bs91m1
2022-06-12 19:21:55USDThuzhu3 → 需要 群、发，找 bs91m1
2022-06-12 19:28:22ziyuanduijie1 → 准备（发 ）广告，找 bs91m1
2022-06-12 19:29:28guojitongdaoduanxin → 需要 群、发，找 bs91m1
2022-06-12 19:30:28cvv666money → 想找人（ 发 ）广告，找 bs91m1
2022-06-12 19:32:19youxidaili → (session) 协议号，零售、批发 找，bs91m1
2022-06-12 19:33:24jinsanjiaobc → 来（发 ）广告，联系 bs91m1
2022-06-12 19:35:16phpzufang → (session) 协议号，零售、批发 找，bs91m1
2022-06-12 19:38:05dunxin106 → 来（发 ）广告，联系 bs91m1
2022-06-12 19:39:06fgdfdfherh → 来（发 ）广告，联系 bs91m1
2022-06-12 19:41:11miaomiao12356 → 需要 软、件，找 bs91m1
2022-06-12 19:43:54yunqian68 → 来（发 ）广告，联系 bs91m1
2022-06-12 19:45:01dream888 → 需要 群、发，找 bs91m1
2022-06-12 19:46:00jinsanjiaobc → 需要 群、发，找 bs91m1
2022-06-12 19:46:59sirenweixin3 → 想找人（ 发 ）广告，找 bs91m1
2022-06-12 19:48:59Hpy111 → 要（发 ）广告，联系 bs91m1
2022-06-12 19:50:50yhksijiantao11 → 需要 软、件，找 bs91m1
2022-06-12 19:54:39lbbet → 需要 群、发软、件，找 bs91m1
2022-06-12 19:55:39zgfCYJT → 专业（发 ）广告，联系我 bs91m1
2022-06-12 19:56:46dubai13148888 → (session) 协议号，零售、批发 找，bs91m1
2022-06-12 19:57:45xianliaoq → (session) 协议号，零售、批发 找，bs91m1
2022-06-12 19:58:43fjhq000hz → 需要 群、发，找 bs91m1
2022-06-12 20:00:39hnsdfhs155 → 来（发 ）广告，联系 bs91m1
2022-06-12 20:02:37YHK_security → 来（发 ）广告，联系 bs91m1
2022-06-12 20:04:34shujyinl → 来（发 ）广告，联系 bs91m1
2022-06-12 20:05:34Philippines_visa → 要（发 ）广告，联系 bs91m1
2022-06-12 20:06:32fv0015 → 想要（发 ）广告，找 bs91m1
2022-06-12 20:08:29AG686 → 来（发 ）广告，联系 bs91m1
2022-06-12 20:09:29seguiren → 要（发 ）广告，联系 bs91m1
2022-06-12 20:10:29xd836809 → 来（发 ）广告，联系 bs91m1
2022-06-12 20:14:13dsfdshhs → 想要（发 ）广告，找 bs91m1
2022-06-12 20:15:11dunxin106 → 需要 软、件，找 bs91m1
2022-06-12 20:16:16adasdasw → 准备（发 ）广告，找 bs91m1
2022-06-12 20:18:07jiaoyouqun123 → 来（发 ）广告，联系 bs91m1
2022-06-12 20:21:52zuqiushuju → 需要 群、发软、件，找 bs91m1
2022-06-12 20:24:49USDThuzhu3 → 需要 群、发软、件，找 bs91m1
2022-06-12 20:27:40cvv666money → 来（发 ）广告，联系 bs91m1
2022-06-12 20:28:38srjlq → 来（发 ）广告，联系 bs91m1
2022-06-12 20:29:37amjwg → 需要 群、发软、件，找 bs91m1
2022-06-12 20:31:35seguiren → 来（发 ）广告，联系 bs91m1
2022-06-12 20:33:25youxidaili → 需要 群、发软、件，找 bs91m1
2022-06-12 20:34:25phniuniu → 准备（发 ）广告，找 bs91m1
2022-06-12 20:35:30ziyuanduijie1 → 需要 软、件，找 bs91m1
2022-06-12 20:36:29yunqian68 → 准备（发 ）广告，找 bs91m1
2022-06-12 20:38:18guojitongdaoduanxin → 准备（发 ）广告，找 bs91m1
2022-06-12 20:42:06phpzufang → 来（发 ）广告，联系 bs91m1
2022-06-12 20:44:56lbbet → 需要 群、发，找 bs91m1
2022-06-12 20:45:56USDThuzhu3 → (session) 协议号，零售、批发 找，bs91m1
2022-06-12 20:47:01dsfdshhs → 要（发 ）广告，联系 bs91m1
2022-06-12 20:47:59zuqiushuju → 要（发 ）广告，联系 bs91m1
2022-06-12 20:49:52Philippines_visa → 准备（发 ）广告，找 bs91m1
2022-06-12 20:53:44xianliaoq → 来（发 ）广告，联系 bs91m1
2022-06-12 20:54:49hnsdfhs155 → 准备（发 ）广告，找 bs91m1
2022-06-12 20:55:48shujyinl → 需要 群、发软、件，找 bs91m1
2022-06-12 20:57:41dream888 → 想找人（ 发 ）广告，找 bs91m1
2022-06-12 20:59:49phniuniu → 要（发 ）广告，联系 bs91m1
2022-06-12 21:00:47youxidaili → 需要 群、发软、件，找 bs91m1
2022-06-12 21:03:45Hpy111 → 来（发 ）广告，联系 bs91m1
2022-06-12 21:05:35buyusdtx → 需要 群、发软、件，找 bs91m1
2022-06-12 21:06:40fjhq000hz → 来（发 ）广告，联系 bs91m1
2022-06-12 21:08:37jiaoyouqun123 → 想要（发 ）广告，找 bs91m1
2022-06-12 21:12:21yhksijiantao11 → 专业（发 ）广告，联系我 bs91m1
2022-06-12 21:13:19jinsanjiaobc → (session) 协议号，零售、批发 找，bs91m1
2022-06-12 21:16:09adasdasw → 来（发 ）广告，联系 bs91m1
2022-06-12 21:19:51fv0015 → 要（发 ）广告，联系 bs91m1
2022-06-12 21:21:56dunxin106 → (session) 协议号，零售、批发 找，bs91m1
2022-06-12 21:23:49lbbet → 要（发 ）广告，联系 bs91m1
2022-06-12 21:27:35srjlq → 想找人（ 发 ）广告，找 bs91m1
2022-06-12 21:28:33shujyinl → 需要 群、发，找 bs91m1
2022-06-12 21:29:42xd836809 → 准备（发 ）广告，找 bs91m1
2022-06-12 21:32:29YHK_security → 需要 软、件，找 bs91m1
2022-06-12 21:34:33phpzufang → 需要 群、发，找 bs91m1
2022-06-12 21:35:31ziyuanduijie1 → 专业（发 ）广告，联系我 bs91m1
2022-06-12 21:39:14dubai13148888 → 需要 群、发软、件，找 bs91m1
2022-06-12 21:40:12yunqian68 → 需要 群、发软、件，找 bs91m1
2022-06-12 21:41:18USDThuzhu3 → 来（发 ）广告，联系 bs91m1
2022-06-12 21:42:16sirenweixin3 → 需要 群、发，找 bs91m1
2022-06-12 21:43:16fgdfdfherh → 准备（发 ）广告，找 bs91m1
2022-06-12 21:45:13miaomiao12356 → 来（发 ）广告，联系 bs91m1
2022-06-12 21:47:03yhksijiantao11 → 想找人（ 发 ）广告，找 bs91m1
2022-06-12 21:48:01AG686 → 专业（发 ）广告，联系我 bs91m1
2022-06-12 21:50:00Hpy888 → 想要（发 ）广告，找 bs91m1
2022-06-12 21:50:58hnsdfhs155 → 来（发 ）广告，联系 bs91m1
2022-06-12 21:51:57cvv666money → 要（发 ）广告，联系 bs91m1
2022-06-12 21:53:03dsfdshhs → 想找人（ 发 ）广告，找 bs91m1
2022-06-12 21:54:53fv0015 → 需要 软、件，找 bs91m1
2022-06-12 21:56:50jinsanjiaobc → 需要 群、发软、件，找 bs91m1
2022-06-12 21:57:49seguiren → 想找人（ 发 ）广告，找 bs91m1
2022-06-12 21:59:40dream888 → 来（发 ）广告，联系 bs91m1
2022-06-12 22:01:37jiaoyouqun123 → 专业（发 ）广告，联系我 bs91m1
2022-06-12 22:02:36fjhq000hz → 需要 软、件，找 bs91m1
2022-06-12 22:03:37miaomiao12356 → 想要（发 ）广告，找 bs91m1
2022-06-12 22:05:35xianliaoq → 准备（发 ）广告，找 bs91m1
2022-06-12 22:06:34phniuniu → 需要 软、件，找 bs91m1
2022-06-12 22:07:32zuqiushuju → 需要 群、发软、件，找 bs91m1
2022-06-12 22:10:22dunxin106 → (session) 协议号，零售、批发 找，bs91m1
2022-06-12 22:13:20lbbet → 需要 软、件，找 bs91m1
2022-06-12 22:17:11jiaoyouqun123 → 来（发 ）广告，联系 bs91m1
2022-06-12 22:18:09youxidaili → 需要 软、件，找 bs91m1
2022-06-12 22:21:00cvv666money → (session) 协议号，零售、批发 找，bs91m1
2022-06-12 22:22:51adasdasw → 来（发 ）广告，联系 bs91m1
2022-06-12 22:24:54srjlq → 来（发 ）广告，联系 bs91m1
2022-06-12 22:28:40shujyinl → 来（发 ）广告，联系 bs91m1
2022-06-12 22:31:31buyusdtx → 需要 群、发软、件，找 bs91m1
2022-06-12 22:32:31Philippines_visa → 专业（发 ）广告，联系我 bs91m1
2022-06-12 22:33:31yunqian68 → 需要 群、发软、件，找 bs91m1
2022-06-12 22:36:22zgfCYJT → 要（发 ）广告，联系 bs91m1
2022-06-12 22:38:12xianliaoq → 来（发 ）广告，联系 bs91m1
2022-06-12 22:39:18dunxin106 → 专业（发 ）广告，联系我 bs91m1
2022-06-12 22:40:18fgdfdfherh → 专业（发 ）广告，联系我 bs91m1
2022-06-12 22:42:09phpzufang → 想找人（ 发 ）广告，找 bs91m1
2022-06-12 22:43:13jinsanjiaobc → 专业（发 ）广告，联系我 bs91m1
2022-06-12 22:44:13amjwg → 需要 群、发，找 bs91m1
2022-06-12 22:46:05dsfdshhs → 需要 群、发软、件，找 bs91m1
2022-06-12 22:48:09YHK_security → 需要 软、件，找 bs91m1
2022-06-12 22:51:00zuqiushuju → 想要（发 ）广告，找 bs91m1
2022-06-12 22:54:57yhksijiantao11 → 想找人（ 发 ）广告，找 bs91m1
2022-06-12 22:56:49dubai13148888 → 想要（发 ）广告，找 bs91m1
2022-06-12 22:57:47ziyuanduijie1 → 专业（发 ）广告，联系我 bs91m1
2022-06-12 22:59:45seguiren → 需要 软、件，找 bs91m1
2022-06-12 23:00:43fjhq000hz → 需要 软、件，找 bs91m1
2022-06-12 23:01:42xd836809 → 要（发 ）广告，联系 bs91m1
2022-06-12 23:06:30fgdfdfherh → (session) 协议号，零售、批发 找，bs91m1
2022-06-12 23:07:27adasdasw → 要（发 ）广告，联系 bs91m1
2022-06-12 23:09:18xianliaoq → 需要 群、发软、件，找 bs91m1
2022-06-12 23:10:23hnsdfhs155 → (session) 协议号，零售、批发 找，bs91m1
2022-06-12 23:12:14dsfdshhs → 需要 群、发，找 bs91m1
2022-06-12 23:13:12xd836809 → 需要 软、件，找 bs91m1
2022-06-12 23:14:17youxidaili → 来（发 ）广告，联系 bs91m1
2022-06-12 23:18:07USDThuzhu3 → (session) 协议号，零售、批发 找，bs91m1
2022-06-12 23:19:58shujyinl → 需要 软、件，找 bs91m1
2022-06-12 23:21:58fv0015 → 想找人（ 发 ）广告，找 bs91m1
2022-06-12 23:23:49yhksijiantao11 → 需要 软、件，找 bs91m1
2022-06-12 23:28:32srjlq → 需要 群、发，找 bs91m1
2022-06-12 23:30:32AG686 → 来（发 ）广告，联系 bs91m1
2022-06-12 23:31:30seguiren → 准备（发 ）广告，找 bs91m1
2022-06-12 23:33:29cvv666money → 准备（发 ）广告，找 bs91m1
2022-06-12 23:36:13Hpy111 → 想找人（ 发 ）广告，找 bs91m1
2022-06-12 23:37:19phniuniu → 要（发 ）广告，联系 bs91m1
2022-06-12 23:39:10jinsanjiaobc → 来（发 ）广告，联系 bs91m1
2022-06-12 23:40:08phpzufang → 专业（发 ）广告，联系我 bs91m1
2022-06-12 23:42:04lbbet → 想要（发 ）广告，找 bs91m1
2022-06-12 23:43:03buyusdtx → 来（发 ）广告，联系 bs91m1
2022-06-12 23:44:02amjwg → 专业（发 ）广告，联系我 bs91m1
2022-06-12 23:45:59yunqian68 → (session) 协议号，零售、批发 找，bs91m1
2022-06-12 23:46:59joinBCPH → 需要 软、件，找 bs91m1
2022-06-12 23:48:58youxidaili → 要（发 ）广告，联系 bs91m1
2022-06-12 23:50:49jiaoyouqun123 → 需要 群、发，找 bs91m1
2022-06-12 23:51:49dream888 → 需要 软、件，找 bs91m1
2022-06-12 23:54:45Hpy888 → 需要 群、发软、件，找 bs91m1
2022-06-12 23:55:44USDThuzhu3 → 准备（发 ）广告，找 bs91m1
2022-06-12 23:56:49G88888880 → 来（发 ）广告，联系 bs91m1
2022-06-12 23:59:31fv0015 → 需要 群、发软、件，找 bs91m1