
2022-05-24 05:27:30bocaipay3505 → 精准🔥代🌹发🔥轰🌍炸 bs91m1
2022-05-24 05:27:40Owowokwe → 精准🔥代🌹发🔥轰🌍炸 bs91m1
2022-05-24 05:27:52TG_King90 → 精准🔥代🌹发🔥轰🌍炸 bs91m1
2022-05-24 05:28:33xjltq → 精准🔥代🌹发🔥轰🌍炸 bs91m1
2022-05-24 05:28:55xinbi_088 → 精准🔥代🌹发🔥轰🌍炸 bs91m1
2022-05-24 05:29:07mghxfls → 精准🔥代🌹发🔥轰🌍炸 bs91m1
2022-05-24 05:31:06Shore999888 → 精准🔥代🌹发🔥轰🌍炸 bs91m1
2022-05-24 05:31:16allswapCN → 精准🔥代🌹发🔥轰🌍炸 bs91m1
2022-05-24 05:31:30NodeGlobal → 精准🔥代🌹发🔥轰🌍炸 bs91m1
2022-05-24 05:32:04fw866 → 精准🔥代🌹发🔥轰🌍炸 bs91m1
2022-05-24 05:32:52yinhangkausdt → 精准🔥代🌹发🔥轰🌍炸 bs91m1
2022-05-24 05:33:09Usdtbmw → 精准🔥代🌹发🔥轰🌍炸 bs91m1
2022-05-24 05:33:29huichan0000 → 精准🔥代🌹发🔥轰🌍炸 bs91m1
2022-05-24 05:33:49sichouzhilu0 → 精准🔥代🌹发🔥轰🌍炸 bs91m1
2022-05-24 05:33:59USDT43 → 精准🔥代🌹发🔥轰🌍炸 bs91m1
2022-05-24 05:34:37dubai1199 → 精准🔥代🌹发🔥轰🌍炸 bs91m1
2022-05-24 05:35:24tiktokyinfen → 精准🔥代🌹发🔥轰🌍炸 bs91m1
2022-05-24 05:35:57LUNARPROTOCOLA → 精准🔥代🌹发🔥轰🌍炸 bs91m1
2022-05-24 05:36:46mangguohaxivip1 → 精准🔥代🌹发🔥轰🌍炸 bs91m1
2022-05-24 05:37:00tsdb01 → 精准🔥代🌹发🔥轰🌍炸 bs91m1
2022-05-24 05:37:11FBNVT2001 → 精准🔥代🌹发🔥轰🌍炸 bs91m1
2022-05-24 05:37:20yongliguojidanbao → 精准🔥代🌹发🔥轰🌍炸 bs91m1
2022-05-24 05:37:31TG12389 → 精准🔥代🌹发🔥轰🌍炸 bs91m1
2022-05-24 05:37:41AsunaHentai → 精准🔥代🌹发🔥轰🌍炸 bs91m1
2022-05-24 05:38:36x00008 → 精准🔥代🌹发🔥轰🌍炸 bs91m1
2022-05-24 05:39:09nanyangdb → 精准🔥代🌹发🔥轰🌍炸 bs91m1
2022-05-24 05:39:22sishengq1 → 精准🔥代🌹发🔥轰🌍炸 bs91m1
2022-05-24 05:39:36zhhsbdbde → 精准🔥代🌹发🔥轰🌍炸 bs91m1
2022-05-24 05:40:29loveuchina → 精准🔥代🌹发🔥轰🌍炸 bs91m1
2022-05-24 05:40:48CaloriesA → 精准🔥代🌹发🔥轰🌍炸 bs91m1
2022-05-24 05:40:59mangguohaxivip1 → 精准🔥代🌹发🔥轰🌍炸 bs91m1
2022-05-24 05:41:11Teachersclubm → 精准🔥代🌹发🔥轰🌍炸 bs91m1
2022-05-24 05:41:23tsdb01 → 精准🔥代🌹发🔥轰🌍炸 bs91m1
2022-05-24 05:41:52fbwsline2021 → 精准🔥代🌹发🔥轰🌍炸 bs91m1
2022-05-24 05:42:43TG006 → 精准🔥代🌹发🔥轰🌍炸 bs91m1
2022-05-24 05:57:22Lovehash343 → 精准🔥代🌹发🔥轰🌍炸 bs91m1
2022-05-24 05:57:32TGlianmeng002 → 精准🔥代🌹发🔥轰🌍炸 bs91m1
2022-05-24 05:57:42DBhuaren1 → 精准🔥代🌹发🔥轰🌍炸 bs91m1
2022-05-24 05:57:59DXB68 → 精准🔥代🌹发🔥轰🌍炸 bs91m1
2022-05-24 05:58:10yindutg → 精准🔥代🌹发🔥轰🌍炸 bs91m1
2022-05-24 05:58:19Lovehash97 → 精准🔥代🌹发🔥轰🌍炸 bs91m1
2022-05-24 05:59:04dibai9988 → 精准🔥代🌹发🔥轰🌍炸 bs91m1
2022-05-24 05:59:20JWYL8888 → 精准🔥代🌹发🔥轰🌍炸 bs91m1
2022-05-24 05:59:32xbdb01 → 精准🔥代🌹发🔥轰🌍炸 bs91m1
2022-05-24 05:59:50CPQPWZ898989 → 精准🔥代🌹发🔥轰🌍炸 bs91m1
2022-05-24 06:00:03TheDogeKingc → 精准🔥代🌹发🔥轰🌍炸 bs91m1
2022-05-24 06:00:14dcdbxyzs → 精准🔥代🌹发🔥轰🌍炸 bs91m1
2022-05-24 06:00:18bailaohui_cvv → 精准🔥代🌹发🔥轰🌍炸 bs91m1
2022-05-24 06:00:29juliang666 → 精准🔥代🌹发🔥轰🌍炸 bs91m1
2022-05-24 06:00:38bclm1 → 精准🔥代🌹发🔥轰🌍炸 bs91m1
2022-05-24 06:01:01USDT43 → 精准🔥代🌹发🔥轰🌍炸 bs91m1
2022-05-24 06:01:20BSC_ID_vip12 → 精准🔥代🌹发🔥轰🌍炸 bs91m1
2022-05-24 06:01:44nanyangdb → 精准🔥代🌹发🔥轰🌍炸 bs91m1
2022-05-24 06:03:11laowangdan → 精准🔥代🌹发🔥轰🌍炸 bs91m1
2022-05-24 06:03:35LUNARPROTOCOLA → 精准🔥代🌹发🔥轰🌍炸 bs91m1
2022-05-24 06:03:48HWDBQ → 精准🔥代🌹发🔥轰🌍炸 bs91m1
2022-05-24 06:03:59MDhuaren1 → 精准🔥代🌹发🔥轰🌍炸 bs91m1
2022-05-24 06:04:09ytc66 → 精准🔥代🌹发🔥轰🌍炸 bs91m1
2022-05-24 06:04:21mangguoVIP → 精准🔥代🌹发🔥轰🌍炸 bs91m1
2022-05-24 06:04:34TG_Market_Group → 精准🔥代🌹发🔥轰🌍炸 bs91m1
2022-05-24 06:04:57Flea66 → 精准🔥代🌹发🔥轰🌍炸 bs91m1
2022-05-24 06:05:23haxitouzhu → 精准🔥代🌹发🔥轰🌍炸 bs91m1
2022-05-24 06:05:35BNBMastersd → 精准🔥代🌹发🔥轰🌍炸 bs91m1
2022-05-24 06:06:57bc1314ssss → 精准🔥代🌹发🔥轰🌍炸 bs91m1
2022-05-24 06:07:26qianloon → 精准🔥代🌹发🔥轰🌍炸 bs91m1
2022-05-24 06:07:45gonghailianmeng → 精准🔥代🌹发🔥轰🌍炸 bs91m1
2022-05-24 06:08:10AsunaHentai → 精准🔥代🌹发🔥轰🌍炸 bs91m1
2022-05-24 06:08:40USDThuzhu3 → 精准🔥代🌹发🔥轰🌍炸 bs91m1
2022-05-24 06:11:33qunfalaren2 → 精准🔥代🌹发🔥轰🌍炸 bs91m1
2022-05-24 06:12:08usdthuihuan → 精准🔥代🌹发🔥轰🌍炸 bs91m1
2022-05-24 06:13:25xn6699 → 精准🔥代🌹发🔥轰🌍炸 bs91m1
2022-05-24 06:13:58axujj → 精准🔥代🌹发🔥轰🌍炸 bs91m1
2022-05-24 06:14:59bcweb → 精准🔥代🌹发🔥轰🌍炸 bs91m1
2022-05-24 06:15:26xjltq → 精准🔥代🌹发🔥轰🌍炸 bs91m1
2022-05-24 06:17:06binancesmartCN → 精准🔥代🌹发🔥轰🌍炸 bs91m1
2022-05-24 06:17:56xingxingpiaohao1 → 精准🔥代🌹发🔥轰🌍炸 bs91m1
2022-05-24 06:18:46TG006 → 精准🔥代🌹发🔥轰🌍炸 bs91m1
2022-05-24 06:20:25Flea66 → 精准🔥代🌹发🔥轰🌍炸 bs91m1
2022-05-24 06:20:56xbdb01 → 精准🔥代🌹发🔥轰🌍炸 bs91m1
2022-05-24 06:22:35dongnanyaliaotian → 精准🔥代🌹发🔥轰🌍炸 bs91m1
2022-05-24 06:23:46zhhsbdbde → 精准🔥代🌹发🔥轰🌍炸 bs91m1