

=============================================

{'api_id': '18806282', 'api_hash': '943cbfa09dd409ad53fba7ebce2ad477', 'phone': '60174771748', 'status': False, 'message': 'The used phone number has been banned from Telegram and cannot be used anymore. Maybe check https://www.telegram.org/faq_spam (caused by SendCodeRequest)', 'submit_code': 'close'}

=============================================

{'api_id': '18806282', 'api_hash': '943cbfa09dd409ad53fba7ebce2ad477', 'phone': '601124038550', 'status': False, 'message': 'The used phone number has been banned from Telegram and cannot be used anymore. Maybe check https://www.telegram.org/faq_spam (caused by SendCodeRequest)', 'submit_code': 'close'}

=============================================

{'api_id': '18806282', 'api_hash': '943cbfa09dd409ad53fba7ebce2ad477', 'phone': '601117564540', 'status': False, 'message': 'The used phone number has been banned from Telegram and cannot be used anymore. Maybe check https://www.telegram.org/faq_spam (caused by SendCodeRequest)', 'submit_code': 'close'}

=============================================

{'api_id': '18806282', 'api_hash': '943cbfa09dd409ad53fba7ebce2ad477', 'phone': '60179457518', 'status': False, 'message': 'The used phone number has been banned from Telegram and cannot be used anymore. Maybe check https://www.telegram.org/faq_spam (caused by SendCodeRequest)', 'submit_code': 'close'}

=============================================

{'api_id': '18806282', 'api_hash': '943cbfa09dd409ad53fba7ebce2ad477', 'phone': '601123730947', 'status': False, 'message': 'The used phone number has been banned from Telegram and cannot be used anymore. Maybe check https://www.telegram.org/faq_spam (caused by SendCodeRequest)', 'submit_code': 'close'}

=============================================

{'api_id': '18806282', 'api_hash': '943cbfa09dd409ad53fba7ebce2ad477', 'phone': '60175676431', 'status': False, 'message': 'The used phone number has been banned from Telegram and cannot be used anymore. Maybe check https://www.telegram.org/faq_spam (caused by SendCodeRequest)', 'submit_code': 'close'}

=============================================

{'api_id': '18806282', 'api_hash': '943cbfa09dd409ad53fba7ebce2ad477', 'phone': '601117601826', 'status': False, 'message': 'The used phone number has been banned from Telegram and cannot be used anymore. Maybe check https://www.telegram.org/faq_spam (caused by SendCodeRequest)', 'submit_code': 'close'}

=============================================

{'api_id': '18806282', 'api_hash': '943cbfa09dd409ad53fba7ebce2ad477', 'phone': '601123811282', 'status': False, 'message': 'The used phone number has been banned from Telegram and cannot be used anymore. Maybe check https://www.telegram.org/faq_spam (caused by SendCodeRequest)', 'submit_code': 'close'}

=============================================

{'api_id': '18806282', 'api_hash': '943cbfa09dd409ad53fba7ebce2ad477', 'phone': '60175491522', 'status': False, 'message': 'The used phone number has been banned from Telegram and cannot be used anymore. Maybe check https://www.telegram.org/faq_spam (caused by SendCodeRequest)', 'submit_code': 'close'}

=============================================

{'api_id': '18806282', 'api_hash': '943cbfa09dd409ad53fba7ebce2ad477', 'phone': '601123846941', 'status': False, 'message': 'The used phone number has been banned from Telegram and cannot be used anymore. Maybe check https://www.telegram.org/faq_spam (caused by SendCodeRequest)', 'submit_code': 'close'}

=============================================

{'api_id': '18806282', 'api_hash': '943cbfa09dd409ad53fba7ebce2ad477', 'phone': '60177760627', 'status': False, 'message': 'The used phone number has been banned from Telegram and cannot be used anymore. Maybe check https://www.telegram.org/faq_spam (caused by SendCodeRequest)', 'submit_code': 'close'}

=============================================

{'api_id': '18806282', 'api_hash': '943cbfa09dd409ad53fba7ebce2ad477', 'phone': '601124028147', 'status': False, 'message': 'The used phone number has been banned from Telegram and cannot be used anymore. Maybe check https://www.telegram.org/faq_spam (caused by SendCodeRequest)', 'submit_code': 'close'}

=============================================

{'api_id': '18806282', 'api_hash': '943cbfa09dd409ad53fba7ebce2ad477', 'phone': '60174860504', 'status': False, 'message': 'The used phone number has been banned from Telegram and cannot be used anymore. Maybe check https://www.telegram.org/faq_spam (caused by SendCodeRequest)', 'submit_code': 'close'}

=============================================

{'api_id': '18806282', 'api_hash': '943cbfa09dd409ad53fba7ebce2ad477', 'phone': '60175677401', 'status': False, 'message': 'The used phone number has been banned from Telegram and cannot be used anymore. Maybe check https://www.telegram.org/faq_spam (caused by SendCodeRequest)', 'submit_code': 'close'}

=============================================

{'api_id': '18806282', 'api_hash': '943cbfa09dd409ad53fba7ebce2ad477', 'phone': '601112308447', 'status': False, 'message': 'The used phone number has been banned from Telegram and cannot be used anymore. Maybe check https://www.telegram.org/faq_spam (caused by SendCodeRequest)', 'submit_code': 'close'}

=============================================

{'api_id': '18806282', 'api_hash': '943cbfa09dd409ad53fba7ebce2ad477', 'phone': '60179427120', 'status': False, 'message': 'The used phone number has been banned from Telegram and cannot be used anymore. Maybe check https://www.telegram.org/faq_spam (caused by SendCodeRequest)', 'submit_code': 'close'}

=============================================

{'api_id': '18806282', 'api_hash': '943cbfa09dd409ad53fba7ebce2ad477', 'phone': '601124023414', 'status': False, 'message': 'The used phone number has been banned from Telegram and cannot be used anymore. Maybe check https://www.telegram.org/faq_spam (caused by SendCodeRequest)', 'submit_code': 'close'}

=============================================

{'api_id': '18806282', 'api_hash': '943cbfa09dd409ad53fba7ebce2ad477', 'phone': '60175479983', 'status': False, 'message': 'The used phone number has been banned from Telegram and cannot be used anymore. Maybe check https://www.telegram.org/faq_spam (caused by SendCodeRequest)', 'submit_code': 'close'}

=============================================

{'api_id': '18806282', 'api_hash': '943cbfa09dd409ad53fba7ebce2ad477', 'phone_code_hash': '71ff333d0337d8bfc8', 'phone': '60179370158', 'status': False, 'message': '启用两步验证，需要密码（由SignInRequest引起）Two-steps verification is enabled and a password is required (caused by SignInRequest)', 'submit_code': 'close'}

=============================================

{'api_id': '18806282', 'api_hash': '943cbfa09dd409ad53fba7ebce2ad477', 'phone': '60175683409', 'status': False, 'message': 'The used phone number has been banned from Telegram and cannot be used anymore. Maybe check https://www.telegram.org/faq_spam (caused by SendCodeRequest)', 'submit_code': 'close'}

=============================================

{'api_id': '18806282', 'api_hash': '943cbfa09dd409ad53fba7ebce2ad477', 'phone': '60175492195', 'status': False, 'message': 'The used phone number has been banned from Telegram and cannot be used anymore. Maybe check https://www.telegram.org/faq_spam (caused by SendCodeRequest)', 'submit_code': 'close'}

=============================================

{'api_id': '18806282', 'api_hash': '943cbfa09dd409ad53fba7ebce2ad477', 'phone': '60174854823', 'status': False, 'message': 'The used phone number has been banned from Telegram and cannot be used anymore. Maybe check https://www.telegram.org/faq_spam (caused by SendCodeRequest)', 'submit_code': 'close'}

=============================================

{'api_id': '18806282', 'api_hash': '943cbfa09dd409ad53fba7ebce2ad477', 'phone': '60104367680', 'status': False, 'message': 'The used phone number has been banned from Telegram and cannot be used anymore. Maybe check https://www.telegram.org/faq_spam (caused by SendCodeRequest)', 'submit_code': 'close'}

=============================================

{'api_id': '18806282', 'api_hash': '943cbfa09dd409ad53fba7ebce2ad477', 'phone': '60179457896', 'status': False, 'message': 'The used phone number has been banned from Telegram and cannot be used anymore. Maybe check https://www.telegram.org/faq_spam (caused by SendCodeRequest)', 'submit_code': 'close'}

=============================================

{'api_id': '18806282', 'api_hash': '943cbfa09dd409ad53fba7ebce2ad477', 'phone_code_hash': 'c6615deb439ea75daa', 'phone': '60179457072', 'status': False, 'message': '启用两步验证，需要密码（由SignInRequest引起）Two-steps verification is enabled and a password is required (caused by SignInRequest)', 'submit_code': 'close'}

=============================================

{'api_id': '18806282', 'api_hash': '943cbfa09dd409ad53fba7ebce2ad477', 'phone': '60177758568', 'status': False, 'message': 'The used phone number has been banned from Telegram and cannot be used anymore. Maybe check https://www.telegram.org/faq_spam (caused by SendCodeRequest)', 'submit_code': 'close'}

=============================================

{'api_id': '18806282', 'api_hash': '943cbfa09dd409ad53fba7ebce2ad477', 'phone': '60179424965', 'status': False, 'message': 'The used phone number has been banned from Telegram and cannot be used anymore. Maybe check https://www.telegram.org/faq_spam (caused by SendCodeRequest)', 'submit_code': 'close'}

=============================================

{'api_id': '18806282', 'api_hash': '943cbfa09dd409ad53fba7ebce2ad477', 'phone': '60179366975', 'status': False, 'message': 'The used phone number has been banned from Telegram and cannot be used anymore. Maybe check https://www.telegram.org/faq_spam (caused by SendCodeRequest)', 'submit_code': 'close'}

=============================================

{'api_id': '18806282', 'api_hash': '943cbfa09dd409ad53fba7ebce2ad477', 'phone': '60174767363', 'status': False, 'message': 'The used phone number has been banned from Telegram and cannot be used anymore. Maybe check https://www.telegram.org/faq_spam (caused by SendCodeRequest)', 'submit_code': 'close'}

=============================================

{'api_id': '18806282', 'api_hash': '943cbfa09dd409ad53fba7ebce2ad477', 'phone': '601172699024', 'status': False, 'message': 'The used phone number has been banned from Telegram and cannot be used anymore. Maybe check https://www.telegram.org/faq_spam (caused by SendCodeRequest)', 'submit_code': 'close'}

=============================================

{'api_id': '18806282', 'api_hash': '943cbfa09dd409ad53fba7ebce2ad477', 'phone': '60142510268', 'status': False, 'message': 'The used phone number has been banned from Telegram and cannot be used anymore. Maybe check https://www.telegram.org/faq_spam (caused by SendCodeRequest)', 'submit_code': 'close'}

=============================================


api_id
api_hash
api_code
phone
api_respose
status
message
submit_code
rejectActivation_respose

=============================================


api_id
api_hash
api_code
phone
api_respose
status
message
submit_code
rejectActivation_respose

=============================================


api_id
api_hash
api_code
phone
api_respose
status
message
submit_code
rejectActivation_respose

=============================================


api_id
api_hash
api_code
phone
api_respose
status
message
submit_code
rejectActivation_respose
=============================================
2022-05-19 01:11:19
api_id → 18806282
api_hash → 943cbfa09dd409ad53fba7ebce2ad477
api_code → sms-man
phone_code_hash → 43a5719fa1410ef0d4
phone → 60174864551
api_respose → ACCESS_NUMBER:114045227:60174864551
status → False
message → 启用两步验证，需要密码（由SignInRequest引起）Two-steps verification is enabled and a password is required (caused by SignInRequest)
submit_code → close
rejectActivation_respose → BAD_STATUS
=============================================
2022-05-19 01:11:29
api_id → 18806282
api_hash → 943cbfa09dd409ad53fba7ebce2ad477
api_code → sms-man
phone → 601172699043
api_respose → ACCESS_NUMBER:114045715:601172699043
status → False
message → The used phone number has been banned from Telegram and cannot be used anymore. Maybe check https://www.telegram.org/faq_spam (caused by SendCodeRequest)
submit_code → close
rejectActivation_respose → ACCESS_CANCEL
=============================================

【2022-05-19 01:12:57】
api_id → 18806282
api_hash → 943cbfa09dd409ad53fba7ebce2ad477
api_code → sms-man
phone → 60179436078
api_respose → ACCESS_NUMBER:114045274:60179436078
status → False
message → The used phone number has been banned from Telegram and cannot be used anymore. Maybe check https://www.telegram.org/faq_spam (caused by SendCodeRequest)
submit_code → close
rejectActivation_respose → NO_ACTIVATION
=============================================

【 2022-05-19 01:18:07 】
api_id → 18806282
api_hash → 943cbfa09dd409ad53fba7ebce2ad477
api_code → sms-man
phone → 601123820046
api_respose → ACCESS_NUMBER:114047227:601123820046
status → False
message → 官方禁用The used phone number has been banned from Telegram and cannot be used anymore. Maybe check https://www.telegram.org/faq_spam (caused by SendCodeRequest)
submit_code → close
rejectActivation_respose → ACCESS_CANCEL
=============================================

【 2022-05-19 01:18:18 】
api_id → 18806282
api_hash → 943cbfa09dd409ad53fba7ebce2ad477
api_code → sms-man
phone → 60172980862
api_respose → ACCESS_NUMBER:114047255:60172980862
status → False
message → 官方禁用The used phone number has been banned from Telegram and cannot be used anymore. Maybe check https://www.telegram.org/faq_spam (caused by SendCodeRequest)
submit_code → close
rejectActivation_respose → ACCESS_CANCEL

=============================================

【 2022-05-19 01:37:15 】
api_id → 18806282
api_hash → 943cbfa09dd409ad53fba7ebce2ad477
api_code → sms-man
phone_code_hash → 0079a02f12fe3c515b
phone → 60179428265
api_respose → ACCESS_NUMBER:114051216:60179428265
status → False
message → 启用两步验证，需要密码（由SignInRequest引起）Two-steps verification is enabled and a password is required (caused by SignInRequest)
submit_code → close
rejectActivation_respose → BAD_STATUS

=============================================

【 2022-05-19 01:55:30 】
api_code → sms-man
api_respose → ACCESS_NUMBER:114051367:60179458356
message → ACCESS_NUMBER:114051367:60179458356 超过5分钟未出码主动放弃
submit_code → close
rejectActivation_respose → ACCESS_CANCEL

=============================================

【 2022-05-19 01:55:34 】
api_code → sms-man
api_respose → ACCESS_NUMBER:114051367:60179458356
message → ACCESS_NUMBER:114051367:60179458356 超过5分钟未出码主动放弃
submit_code → close
rejectActivation_respose → NO_ACTIVATION

=============================================

【 2022-05-19 01:55:38 】
api_code → sms-man
api_respose → ACCESS_NUMBER:114051367:60179458356
message → ACCESS_NUMBER:114051367:60179458356 超过5分钟未出码主动放弃
submit_code → close
rejectActivation_respose → NO_ACTIVATION

=============================================

【 2022-05-19 01:55:42 】
api_code → sms-man
api_respose → ACCESS_NUMBER:114051367:60179458356
message → ACCESS_NUMBER:114051367:60179458356 超过5分钟未出码主动放弃
submit_code → close
rejectActivation_respose → NO_ACTIVATION

=============================================

【 2022-05-19 01:55:46 】
api_code → sms-man
api_respose → ACCESS_NUMBER:114051367:60179458356
message → ACCESS_NUMBER:114051367:60179458356 超过5分钟未出码主动放弃
submit_code → close
rejectActivation_respose → NO_ACTIVATION

=============================================

【 2022-05-19 01:55:49 】
api_code → sms-man
api_respose → ACCESS_NUMBER:114051367:60179458356
message → ACCESS_NUMBER:114051367:60179458356 超过5分钟未出码主动放弃
submit_code → close
rejectActivation_respose → NO_ACTIVATION

=============================================

【 2022-05-19 01:55:53 】
api_code → sms-man
api_respose → ACCESS_NUMBER:114051367:60179458356
message → ACCESS_NUMBER:114051367:60179458356 超过5分钟未出码主动放弃
submit_code → close
rejectActivation_respose → NO_ACTIVATION

=============================================

【 2022-05-19 01:55:57 】
api_code → sms-man
api_respose → ACCESS_NUMBER:114051367:60179458356
message → ACCESS_NUMBER:114051367:60179458356 超过5分钟未出码主动放弃
submit_code → close
rejectActivation_respose → NO_ACTIVATION

=============================================

【 2022-05-19 01:56:00 】
api_code → sms-man
api_respose → ACCESS_NUMBER:114051367:60179458356
message → ACCESS_NUMBER:114051367:60179458356 超过5分钟未出码主动放弃
submit_code → close
rejectActivation_respose → NO_ACTIVATION

=============================================

【 2022-05-19 01:56:04 】
api_code → sms-man
api_respose → ACCESS_NUMBER:114051367:60179458356
message → ACCESS_NUMBER:114051367:60179458356 超过5分钟未出码主动放弃
submit_code → close
rejectActivation_respose → NO_ACTIVATION

=============================================

【 2022-05-19 01:56:08 】
api_code → sms-man
api_respose → ACCESS_NUMBER:114051367:60179458356
message → ACCESS_NUMBER:114051367:60179458356 超过5分钟未出码主动放弃
submit_code → close
rejectActivation_respose → NO_ACTIVATION

=============================================

【 2022-05-19 01:56:13 】
api_code → sms-man
api_respose → ACCESS_NUMBER:114051367:60179458356
message → ACCESS_NUMBER:114051367:60179458356 超过5分钟未出码主动放弃
submit_code → close
rejectActivation_respose → NO_ACTIVATION

=============================================

【 2022-05-19 01:56:40 】
api_code → sms-man
api_respose → ACCESS_NUMBER:114051367:60179458356
message → ACCESS_NUMBER:114051367:60179458356 超过5分钟未出码主动放弃
submit_code → close
rejectActivation_respose → NO_ACTIVATION

=============================================

【 2022-05-19 01:58:33 】
api_id → 18806282
api_hash → 943cbfa09dd409ad53fba7ebce2ad477
api_code → sms-man
phone → 601123821246
api_respose → ACCESS_NUMBER:114055206:601123821246
status → False
message → 官方禁用 The used phone number has been banned from Telegram and cannot be used anymore. Maybe check https://www.telegram.org/faq_spam (caused by SendCodeRequest)
submit_code → close
rejectActivation_respose → ACCESS_CANCEL

=============================================

【 2022-05-19 01:58:43 】
api_id → 18806282
api_hash → 943cbfa09dd409ad53fba7ebce2ad477
api_code → sms-man
phone → 60175494299
api_respose → ACCESS_NUMBER:114055234:60175494299
status → False
message → 官方禁用 The used phone number has been banned from Telegram and cannot be used anymore. Maybe check https://www.telegram.org/faq_spam (caused by SendCodeRequest)
submit_code → close
rejectActivation_respose → ACCESS_CANCEL

=============================================

【 2022-05-19 01:59:14 】
api_id → 18806282
api_hash → 943cbfa09dd409ad53fba7ebce2ad477
api_code → sms-man
phone → 601117592095
api_respose → ACCESS_NUMBER:114055332:601117592095
status → False
message → 官方禁用 The used phone number has been banned from Telegram and cannot be used anymore. Maybe check https://www.telegram.org/faq_spam (caused by SendCodeRequest)
submit_code → close
rejectActivation_respose → ACCESS_CANCEL

=============================================

【 2022-05-19 01:59:34 】
api_id → 18806282
api_hash → 943cbfa09dd409ad53fba7ebce2ad477
api_code → sms-man
phone_code_hash → caabc08c796557d272
phone → 60174859981
api_respose → ACCESS_NUMBER:114055298:60174859981
status → False
message → 启用两步验证，需要密码（由SignInRequest引起）Two-steps verification is enabled and a password is required (caused by SignInRequest)
submit_code → close
rejectActivation_respose → BAD_STATUS

=============================================

【 2022-05-19 01:59:47 】
api_id → 18806282
api_hash → 943cbfa09dd409ad53fba7ebce2ad477
api_code → sms-man
phone → 601172699052
api_respose → ACCESS_NUMBER:114055425:601172699052
status → False
message → 官方禁用 The used phone number has been banned from Telegram and cannot be used anymore. Maybe check https://www.telegram.org/faq_spam (caused by SendCodeRequest)
submit_code → close
rejectActivation_respose → ACCESS_CANCEL