

=====================================================

2022-06-08 05:25:59 → +6281993378760 → kaoshan  → 要（发）广告，来这里（对接） bs91m1

=====================================================

2022-06-08 05:31:15 → +6281993379050 → Act3432 → 🔥樂赢集团🇨🇦pc28网盘赔率群🔥
    ❤️❤️❤️ 《充值福利》❤️❤️❤️
1 每日首充送5%,本金加赠送5倍下分！
2 笔笔充值送1%,一倍流水即可提现！

❤️❤️❤️ 《时时反水》❤️❤️❤️
反水返2.6%  反水返2.6%  反水返2.6%

返水一:投注100+返0.6%
返水二:投注10万+返1.0%
返水三:投注50万+返1.5%
返水四:投注100万+返2.0%
返水五:投注500万+返2.6%

樂赢网盘客服ID： LYJTKF001
樂赢集团官网频道ID: LYJTGF


此广告由(91M Boss) 代发 (ID) ( bs91m0 )

=====================================================

2022-06-08 05:31:59 → +6281993383439 → Rehan401 → 🔥樂赢集团🇨🇦pc28网盘赔率群🔥
    ❤️❤️❤️ 《充值福利》❤️❤️❤️
1 每日首充送5%,本金加赠送5倍下分！
2 笔笔充值送1%,一倍流水即可提现！

❤️❤️❤️ 《时时反水》❤️❤️❤️
反水返2.6%  反水返2.6%  反水返2.6%

返水一:投注100+返0.6%
返水二:投注10万+返1.0%
返水三:投注50万+返1.5%
返水四:投注100万+返2.0%
返水五:投注500万+返2.6%

樂赢网盘客服ID： LYJTKF001
樂赢集团官网频道ID: LYJTGF


此广告由(91M Boss) 代发 (ID) ( bs91m0 )

=====================================================

2022-06-08 05:33:11 → +6282128566552 → sq625 → 🔥樂赢集团🇨🇦pc28网盘赔率群🔥
    ❤️❤️❤️ 《充值福利》❤️❤️❤️
1 每日首充送5%,本金加赠送5倍下分！
2 笔笔充值送1%,一倍流水即可提现！

❤️❤️❤️ 《时时反水》❤️❤️❤️
反水返2.6%  反水返2.6%  反水返2.6%

返水一:投注100+返0.6%
返水二:投注10万+返1.0%
返水三:投注50万+返1.5%
返水四:投注100万+返2.0%
返水五:投注500万+返2.6%

樂赢网盘客服ID： LYJTKF001
樂赢集团官网频道ID: LYJTGF


此广告由(91M Boss) 代发 (ID) ( bs91m0 )

=====================================================

2022-06-08 05:33:28 → +6285956506563 → alwingoh → 🔥樂赢集团🇨🇦pc28网盘赔率群🔥
    ❤️❤️❤️ 《充值福利》❤️❤️❤️
1 每日首充送5%,本金加赠送5倍下分！
2 笔笔充值送1%,一倍流水即可提现！

❤️❤️❤️ 《时时反水》❤️❤️❤️
反水返2.6%  反水返2.6%  反水返2.6%

返水一:投注100+返0.6%
返水二:投注10万+返1.0%
返水三:投注50万+返1.5%
返水四:投注100万+返2.0%
返水五:投注500万+返2.6%

樂赢网盘客服ID： LYJTKF001
樂赢集团官网频道ID: LYJTGF


此广告由(91M Boss) 代发 (ID) ( bs91m0 )

=====================================================

2022-06-08 05:33:45 → +6285974224305 → Alsreheen → 🔥樂赢集团🇨🇦pc28网盘赔率群🔥
    ❤️❤️❤️ 《充值福利》❤️❤️❤️
1 每日首充送5%,本金加赠送5倍下分！
2 笔笔充值送1%,一倍流水即可提现！

❤️❤️❤️ 《时时反水》❤️❤️❤️
反水返2.6%  反水返2.6%  反水返2.6%

返水一:投注100+返0.6%
返水二:投注10万+返1.0%
返水三:投注50万+返1.5%
返水四:投注100万+返2.0%
返水五:投注500万+返2.6%

樂赢网盘客服ID： LYJTKF001
樂赢集团官网频道ID: LYJTGF


此广告由(91M Boss) 代发 (ID) ( bs91m0 )

=====================================================

2022-06-08 05:33:55 → +6285974224384 → Dvid_777 → 🔥樂赢集团🇨🇦pc28网盘赔率群🔥
    ❤️❤️❤️ 《充值福利》❤️❤️❤️
1 每日首充送5%,本金加赠送5倍下分！
2 笔笔充值送1%,一倍流水即可提现！

❤️❤️❤️ 《时时反水》❤️❤️❤️
反水返2.6%  反水返2.6%  反水返2.6%

返水一:投注100+返0.6%
返水二:投注10万+返1.0%
返水三:投注50万+返1.5%
返水四:投注100万+返2.0%
返水五:投注500万+返2.6%

樂赢网盘客服ID： LYJTKF001
樂赢集团官网频道ID: LYJTGF


此广告由(91M Boss) 代发 (ID) ( bs91m0 )

=====================================================

2022-06-08 05:34:05 → +6285974227167 → myh331 → 🔥樂赢集团🇨🇦pc28网盘赔率群🔥
    ❤️❤️❤️ 《充值福利》❤️❤️❤️
1 每日首充送5%,本金加赠送5倍下分！
2 笔笔充值送1%,一倍流水即可提现！

❤️❤️❤️ 《时时反水》❤️❤️❤️
反水返2.6%  反水返2.6%  反水返2.6%

返水一:投注100+返0.6%
返水二:投注10万+返1.0%
返水三:投注50万+返1.5%
返水四:投注100万+返2.0%
返水五:投注500万+返2.6%

樂赢网盘客服ID： LYJTKF001
樂赢集团官网频道ID: LYJTGF


此广告由(91M Boss) 代发 (ID) ( bs91m0 )

=====================================================

2022-06-08 05:34:22 → +6285974229632 → kakokhabu → 🔥樂赢集团🇨🇦pc28网盘赔率群🔥
    ❤️❤️❤️ 《充值福利》❤️❤️❤️
1 每日首充送5%,本金加赠送5倍下分！
2 笔笔充值送1%,一倍流水即可提现！

❤️❤️❤️ 《时时反水》❤️❤️❤️
反水返2.6%  反水返2.6%  反水返2.6%

返水一:投注100+返0.6%
返水二:投注10万+返1.0%
返水三:投注50万+返1.5%
返水四:投注100万+返2.0%
返水五:投注500万+返2.6%

樂赢网盘客服ID： LYJTKF001
樂赢集团官网频道ID: LYJTGF


此广告由(91M Boss) 代发 (ID) ( bs91m0 )

=====================================================

2022-06-08 05:34:31 → +6285974620018 → ashvin333 → 🔥樂赢集团🇨🇦pc28网盘赔率群🔥
    ❤️❤️❤️ 《充值福利》❤️❤️❤️
1 每日首充送5%,本金加赠送5倍下分！
2 笔笔充值送1%,一倍流水即可提现！

❤️❤️❤️ 《时时反水》❤️❤️❤️
反水返2.6%  反水返2.6%  反水返2.6%

返水一:投注100+返0.6%
返水二:投注10万+返1.0%
返水三:投注50万+返1.5%
返水四:投注100万+返2.0%
返水五:投注500万+返2.6%

樂赢网盘客服ID： LYJTKF001
樂赢集团官网频道ID: LYJTGF


此广告由(91M Boss) 代发 (ID) ( bs91m0 )

=====================================================

2022-06-08 05:34:55 → +6287877038309 → chu_53139 → 🔥樂赢集团🇨🇦pc28网盘赔率群🔥
    ❤️❤️❤️ 《充值福利》❤️❤️❤️
1 每日首充送5%,本金加赠送5倍下分！
2 笔笔充值送1%,一倍流水即可提现！

❤️❤️❤️ 《时时反水》❤️❤️❤️
反水返2.6%  反水返2.6%  反水返2.6%

返水一:投注100+返0.6%
返水二:投注10万+返1.0%
返水三:投注50万+返1.5%
返水四:投注100万+返2.0%
返水五:投注500万+返2.6%

樂赢网盘客服ID： LYJTKF001
樂赢集团官网频道ID: LYJTGF


此广告由(91M Boss) 代发 (ID) ( bs91m0 )

=====================================================

2022-06-08 05:35:05 → +6287877038336 → Adaapa345 → 🔥樂赢集团🇨🇦pc28网盘赔率群🔥
    ❤️❤️❤️ 《充值福利》❤️❤️❤️
1 每日首充送5%,本金加赠送5倍下分！
2 笔笔充值送1%,一倍流水即可提现！

❤️❤️❤️ 《时时反水》❤️❤️❤️
反水返2.6%  反水返2.6%  反水返2.6%

返水一:投注100+返0.6%
返水二:投注10万+返1.0%
返水三:投注50万+返1.5%
返水四:投注100万+返2.0%
返水五:投注500万+返2.6%

樂赢网盘客服ID： LYJTKF001
樂赢集团官网频道ID: LYJTGF


此广告由(91M Boss) 代发 (ID) ( bs91m0 )

=====================================================

2022-06-08 05:35:15 → +6287877038594 → a1599268 → 🔥樂赢集团🇨🇦pc28网盘赔率群🔥
    ❤️❤️❤️ 《充值福利》❤️❤️❤️
1 每日首充送5%,本金加赠送5倍下分！
2 笔笔充值送1%,一倍流水即可提现！

❤️❤️❤️ 《时时反水》❤️❤️❤️
反水返2.6%  反水返2.6%  反水返2.6%

返水一:投注100+返0.6%
返水二:投注10万+返1.0%
返水三:投注50万+返1.5%
返水四:投注100万+返2.0%
返水五:投注500万+返2.6%

樂赢网盘客服ID： LYJTKF001
樂赢集团官网频道ID: LYJTGF


此广告由(91M Boss) 代发 (ID) ( bs91m0 )

=====================================================

2022-06-08 05:39:09 → 6282195908973 → hasan8941 → 🔥樂赢集团🇨🇦pc28网盘赔率群🔥
    ❤️❤️❤️ 《充值福利》❤️❤️❤️
1 每日首充送5%,本金加赠送5倍下分！
2 笔笔充值送1%,一倍流水即可提现！

❤️❤️❤️ 《时时反水》❤️❤️❤️
反水返2.6%  反水返2.6%  反水返2.6%

返水一:投注100+返0.6%
返水二:投注10万+返1.0%
返水三:投注50万+返1.5%
返水四:投注100万+返2.0%
返水五:投注500万+返2.6%

樂赢网盘客服ID： LYJTKF001
樂赢集团官网频道ID: LYJTGF


此广告由(91M Boss) 代发 (ID) ( bs91m0 )

=====================================================

2022-06-08 05:39:19 → 6283870892658 → AAA13499 → 🔥樂赢集团🇨🇦pc28网盘赔率群🔥
    ❤️❤️❤️ 《充值福利》❤️❤️❤️
1 每日首充送5%,本金加赠送5倍下分！
2 笔笔充值送1%,一倍流水即可提现！

❤️❤️❤️ 《时时反水》❤️❤️❤️
反水返2.6%  反水返2.6%  反水返2.6%

返水一:投注100+返0.6%
返水二:投注10万+返1.0%
返水三:投注50万+返1.5%
返水四:投注100万+返2.0%
返水五:投注500万+返2.6%

樂赢网盘客服ID： LYJTKF001
樂赢集团官网频道ID: LYJTGF


此广告由(91M Boss) 代发 (ID) ( bs91m0 )

=====================================================

2022-06-08 05:46:56 → 6281274302036 → Sujon8900 → 想要（发）广告，来这里（对接）bs91m1

=====================================================

2022-06-08 05:47:06 → 6282190182730 → anni2358 → （发）广告要（找）专业的人来（做）bs91m1

=====================================================

2022-06-08 05:47:16 → 6282195241492 → antcpa111 → 想找专业的人帮（发）广告，（找）bs91m1

=====================================================

2022-06-08 05:47:26 → 6282195242238 → yeapen → 想找专业的人帮（发）广告，（找）bs91m1

=====================================================

2022-06-08 05:47:36 → 6282284114509 → AJ66678 → 要找人（发）广告，（找）bs91m1

=====================================================

2022-06-08 05:47:46 → 6283129267387 → AXs112211 → 想要（发）广告，来这里（对接）bs91m1

=====================================================

2022-06-08 05:47:56 → 6283129267390 → bckcxj → 想找专业的人帮（发）广告，（找）bs91m1

=====================================================

2022-06-08 05:48:06 → 6283129267399 → laodu20 → 想要（发）广告，来这里（对接）bs91m1

=====================================================

2022-06-08 05:48:16 → 6283162790627 → amoy7777 → 要找人（发）广告，（找）bs91m1

=====================================================

2022-06-08 05:48:26 → 6283163015335 → AmandaR56 → 想要（发）广告，来这里（对接）bs91m1

=====================================================

2022-06-08 05:48:36 → 6283163015360 → amingbs → 要（发）广告，来这里（对接） bs91m1

=====================================================

2022-06-08 05:48:46 → 6283169213766 → yandy18 → 想要（发）广告，来这里（对接）bs91m1

=====================================================

2022-06-08 05:48:56 → 6283831911487 → Adaa889 → 要找人（发）广告，（找）bs91m1

=====================================================

2022-06-08 05:49:06 → 6283854252840 → AAA918666 → 要找人（发）广告，（找）bs91m1

=====================================================

2022-06-08 05:49:36 → 6282190182730 → Paliniar → 要找人（发）广告，（找）bs91m1

=====================================================

2022-06-08 05:49:47 → 6282195241492 → aqiaqin → 想要（发）广告，来这里（对接）bs91m1

=====================================================

2022-06-08 05:49:56 → 6282195242238 → greg141 → 要找人（发）广告，（找）bs91m1

=====================================================

2022-06-08 05:50:06 → 6282284114509 → AKS778899 → （发）广告要（找）专业的人来（做）bs91m1

=====================================================

2022-06-08 05:50:16 → 6283129267387 → Mo7amn1 → 想要（发）广告，来这里（对接）bs91m1

=====================================================

2022-06-08 05:50:33 → 6283129267399 → ArthurKok → 要找人（发）广告，（找）bs91m1

=====================================================

2022-06-08 05:50:43 → 6283162790627 → Alvy4 → 想要（发）广告，来这里（对接）bs91m1

=====================================================

2022-06-08 05:50:53 → 6283163015335 → Allllicee → 想找专业的人帮（发）广告，（找）bs91m1

=====================================================

2022-06-08 05:56:10 → 6282195241492 → ama9da → 🔥樂赢集团🇨🇦pc28网盘赔率群🔥
    ❤️❤️❤️ 《充值福利》❤️❤️❤️
1 每日首充送5%,本金加赠送5倍下分！
2 笔笔充值送1%,一倍流水即可提现！

❤️❤️❤️ 《时时反水》❤️❤️❤️
反水返2.6%  反水返2.6%  反水返2.6%

返水一:投注100+返0.6%
返水二:投注10万+返1.0%
返水三:投注50万+返1.5%
返水四:投注100万+返2.0%
返水五:投注500万+返2.6%

樂赢网盘客服ID： LYJTKF001
樂赢集团官网频道ID: LYJTGF


此广告由(91M Boss) 代发 (ID) ( bs91m0 )

=====================================================

2022-06-08 05:56:20 → 6282195242238 → ananksndn → 🔥樂赢集团🇨🇦pc28网盘赔率群🔥
    ❤️❤️❤️ 《充值福利》❤️❤️❤️
1 每日首充送5%,本金加赠送5倍下分！
2 笔笔充值送1%,一倍流水即可提现！

❤️❤️❤️ 《时时反水》❤️❤️❤️
反水返2.6%  反水返2.6%  反水返2.6%

返水一:投注100+返0.6%
返水二:投注10万+返1.0%
返水三:投注50万+返1.5%
返水四:投注100万+返2.0%
返水五:投注500万+返2.6%

樂赢网盘客服ID： LYJTKF001
樂赢集团官网频道ID: LYJTGF


此广告由(91M Boss) 代发 (ID) ( bs91m0 )

=====================================================

2022-06-08 05:56:37 → 6283129267387 → ATieg → 🔥樂赢集团🇨🇦pc28网盘赔率群🔥
    ❤️❤️❤️ 《充值福利》❤️❤️❤️
1 每日首充送5%,本金加赠送5倍下分！
2 笔笔充值送1%,一倍流水即可提现！

❤️❤️❤️ 《时时反水》❤️❤️❤️
反水返2.6%  反水返2.6%  反水返2.6%

返水一:投注100+返0.6%
返水二:投注10万+返1.0%
返水三:投注50万+返1.5%
返水四:投注100万+返2.0%
返水五:投注500万+返2.6%

樂赢网盘客服ID： LYJTKF001
樂赢集团官网频道ID: LYJTGF


此广告由(91M Boss) 代发 (ID) ( bs91m0 )

=====================================================

2022-06-08 05:56:48 → 6283129267399 → ai193934 → 🔥樂赢集团🇨🇦pc28网盘赔率群🔥
    ❤️❤️❤️ 《充值福利》❤️❤️❤️
1 每日首充送5%,本金加赠送5倍下分！
2 笔笔充值送1%,一倍流水即可提现！

❤️❤️❤️ 《时时反水》❤️❤️❤️
反水返2.6%  反水返2.6%  反水返2.6%

返水一:投注100+返0.6%
返水二:投注10万+返1.0%
返水三:投注50万+返1.5%
返水四:投注100万+返2.0%
返水五:投注500万+返2.6%

樂赢网盘客服ID： LYJTKF001
樂赢集团官网频道ID: LYJTGF


此广告由(91M Boss) 代发 (ID) ( bs91m0 )

=====================================================

2022-06-08 05:56:58 → 6283162790627 → AN_DE3 → 🔥樂赢集团🇨🇦pc28网盘赔率群🔥
    ❤️❤️❤️ 《充值福利》❤️❤️❤️
1 每日首充送5%,本金加赠送5倍下分！
2 笔笔充值送1%,一倍流水即可提现！

❤️❤️❤️ 《时时反水》❤️❤️❤️
反水返2.6%  反水返2.6%  反水返2.6%

返水一:投注100+返0.6%
返水二:投注10万+返1.0%
返水三:投注50万+返1.5%
返水四:投注100万+返2.0%
返水五:投注500万+返2.6%

樂赢网盘客服ID： LYJTKF001
樂赢集团官网频道ID: LYJTGF


此广告由(91M Boss) 代发 (ID) ( bs91m0 )

=====================================================

2022-06-08 05:57:35 → 6283854252840 → zeuss1110 → 🔥樂赢集团🇨🇦pc28网盘赔率群🔥
    ❤️❤️❤️ 《充值福利》❤️❤️❤️
1 每日首充送5%,本金加赠送5倍下分！
2 笔笔充值送1%,一倍流水即可提现！

❤️❤️❤️ 《时时反水》❤️❤️❤️
反水返2.6%  反水返2.6%  反水返2.6%

返水一:投注100+返0.6%
返水二:投注10万+返1.0%
返水三:投注50万+返1.5%
返水四:投注100万+返2.0%
返水五:投注500万+返2.6%

樂赢网盘客服ID： LYJTKF001
樂赢集团官网频道ID: LYJTGF


此广告由(91M Boss) 代发 (ID) ( bs91m0 )

=====================================================

2022-06-08 05:57:45 → 6283877463969 → xcan2021 → 🔥樂赢集团🇨🇦pc28网盘赔率群🔥
    ❤️❤️❤️ 《充值福利》❤️❤️❤️
1 每日首充送5%,本金加赠送5倍下分！
2 笔笔充值送1%,一倍流水即可提现！

❤️❤️❤️ 《时时反水》❤️❤️❤️
反水返2.6%  反水返2.6%  反水返2.6%

返水一:投注100+返0.6%
返水二:投注10万+返1.0%
返水三:投注50万+返1.5%
返水四:投注100万+返2.0%
返水五:投注500万+返2.6%

樂赢网盘客服ID： LYJTKF001
樂赢集团官网频道ID: LYJTGF


此广告由(91M Boss) 代发 (ID) ( bs91m0 )

=====================================================

2022-06-08 05:57:55 → 6283877463984 → Andersonx → 🔥樂赢集团🇨🇦pc28网盘赔率群🔥
    ❤️❤️❤️ 《充值福利》❤️❤️❤️
1 每日首充送5%,本金加赠送5倍下分！
2 笔笔充值送1%,一倍流水即可提现！

❤️❤️❤️ 《时时反水》❤️❤️❤️
反水返2.6%  反水返2.6%  反水返2.6%

返水一:投注100+返0.6%
返水二:投注10万+返1.0%
返水三:投注50万+返1.5%
返水四:投注100万+返2.0%
返水五:投注500万+返2.6%

樂赢网盘客服ID： LYJTKF001
樂赢集团官网频道ID: LYJTGF


此广告由(91M Boss) 代发 (ID) ( bs91m0 )

=====================================================

2022-06-08 05:58:05 → 6283878039819 → yssl_ABCD → 🔥樂赢集团🇨🇦pc28网盘赔率群🔥
    ❤️❤️❤️ 《充值福利》❤️❤️❤️
1 每日首充送5%,本金加赠送5倍下分！
2 笔笔充值送1%,一倍流水即可提现！

❤️❤️❤️ 《时时反水》❤️❤️❤️
反水返2.6%  反水返2.6%  反水返2.6%

返水一:投注100+返0.6%
返水二:投注10万+返1.0%
返水三:投注50万+返1.5%
返水四:投注100万+返2.0%
返水五:投注500万+返2.6%

樂赢网盘客服ID： LYJTKF001
樂赢集团官网频道ID: LYJTGF


此广告由(91M Boss) 代发 (ID) ( bs91m0 )

=====================================================

2022-06-08 05:59:22 → 6283878470482 → accaces → 🔥樂赢集团🇨🇦pc28网盘赔率群🔥
    ❤️❤️❤️ 《充值福利》❤️❤️❤️
1 每日首充送5%,本金加赠送5倍下分！
2 笔笔充值送1%,一倍流水即可提现！

❤️❤️❤️ 《时时反水》❤️❤️❤️
反水返2.6%  反水返2.6%  反水返2.6%

返水一:投注100+返0.6%
返水二:投注10万+返1.0%
返水三:投注50万+返1.5%
返水四:投注100万+返2.0%
返水五:投注500万+返2.6%

樂赢网盘客服ID： LYJTKF001
樂赢集团官网频道ID: LYJTGF


此广告由(91M Boss) 代发 (ID) ( bs91m0 )

=====================================================

2022-06-08 05:59:33 → 6283890455511 → A8_reborn → 🔥樂赢集团🇨🇦pc28网盘赔率群🔥
    ❤️❤️❤️ 《充值福利》❤️❤️❤️
1 每日首充送5%,本金加赠送5倍下分！
2 笔笔充值送1%,一倍流水即可提现！

❤️❤️❤️ 《时时反水》❤️❤️❤️
反水返2.6%  反水返2.6%  反水返2.6%

返水一:投注100+返0.6%
返水二:投注10万+返1.0%
返水三:投注50万+返1.5%
返水四:投注100万+返2.0%
返水五:投注500万+返2.6%

樂赢网盘客服ID： LYJTKF001
樂赢集团官网频道ID: LYJTGF


此广告由(91M Boss) 代发 (ID) ( bs91m0 )

=====================================================

2022-06-08 05:59:42 → 6285863261721 → Aa989858 → 🔥樂赢集团🇨🇦pc28网盘赔率群🔥
    ❤️❤️❤️ 《充值福利》❤️❤️❤️
1 每日首充送5%,本金加赠送5倍下分！
2 笔笔充值送1%,一倍流水即可提现！

❤️❤️❤️ 《时时反水》❤️❤️❤️
反水返2.6%  反水返2.6%  反水返2.6%

返水一:投注100+返0.6%
返水二:投注10万+返1.0%
返水三:投注50万+返1.5%
返水四:投注100万+返2.0%
返水五:投注500万+返2.6%

樂赢网盘客服ID： LYJTKF001
樂赢集团官网频道ID: LYJTGF


此广告由(91M Boss) 代发 (ID) ( bs91m0 )

=====================================================

2022-06-08 05:59:52 → 6285863261726 → adv666 → 🔥樂赢集团🇨🇦pc28网盘赔率群🔥
    ❤️❤️❤️ 《充值福利》❤️❤️❤️
1 每日首充送5%,本金加赠送5倍下分！
2 笔笔充值送1%,一倍流水即可提现！

❤️❤️❤️ 《时时反水》❤️❤️❤️
反水返2.6%  反水返2.6%  反水返2.6%

返水一:投注100+返0.6%
返水二:投注10万+返1.0%
返水三:投注50万+返1.5%
返水四:投注100万+返2.0%
返水五:投注500万+返2.6%

樂赢网盘客服ID： LYJTKF001
樂赢集团官网频道ID: LYJTGF


此广告由(91M Boss) 代发 (ID) ( bs91m0 )

=====================================================

2022-06-08 06:00:02 → 6288213376206 → only1010e → 🔥樂赢集团🇨🇦pc28网盘赔率群🔥
    ❤️❤️❤️ 《充值福利》❤️❤️❤️
1 每日首充送5%,本金加赠送5倍下分！
2 笔笔充值送1%,一倍流水即可提现！

❤️❤️❤️ 《时时反水》❤️❤️❤️
反水返2.6%  反水返2.6%  反水返2.6%

返水一:投注100+返0.6%
返水二:投注10万+返1.0%
返水三:投注50万+返1.5%
返水四:投注100万+返2.0%
返水五:投注500万+返2.6%

樂赢网盘客服ID： LYJTKF001
樂赢集团官网频道ID: LYJTGF


此广告由(91M Boss) 代发 (ID) ( bs91m0 )

=====================================================

2022-06-08 06:34:24 → 6281264849089 → ave991919 → 樂赢集团博彩游戏电报在线投注群
拥有强大的背景，雄厚的财力支撑、给您一个公平 公正 公开 保障的娱乐下注群
精彩尽在 LYJTGF

此广告由(91M Boss) 代发 (ID) ( bs91m0 )

=====================================================

2022-06-08 06:34:40 → 6281349220228 → kxyuuuut → 樂赢集团博彩游戏电报在线投注群
拥有强大的背景，雄厚的财力支撑、给您一个公平 公正 公开 保障的娱乐下注群
精彩尽在 LYJTGF

此广告由(91M Boss) 代发 (ID) ( bs91m0 )

=====================================================

2022-06-08 06:34:51 → 6281349231355 → Au0_0388 → 樂赢集团博彩游戏电报在线投注群
拥有强大的背景，雄厚的财力支撑、给您一个公平 公正 公开 保障的娱乐下注群
精彩尽在 LYJTGF

此广告由(91M Boss) 代发 (ID) ( bs91m0 )

=====================================================

2022-06-08 06:35:01 → 6281354509198 → aluo8899 → 樂赢集团博彩游戏电报在线投注群
拥有强大的背景，雄厚的财力支撑、给您一个公平 公正 公开 保障的娱乐下注群
精彩尽在 LYJTGF

此广告由(91M Boss) 代发 (ID) ( bs91m0 )

=====================================================

2022-06-08 06:35:11 → 6281354509199 → ahlqqk → 樂赢集团博彩游戏电报在线投注群
拥有强大的背景，雄厚的财力支撑、给您一个公平 公正 公开 保障的娱乐下注群
精彩尽在 LYJTGF

此广告由(91M Boss) 代发 (ID) ( bs91m0 )

=====================================================

2022-06-08 06:35:21 → 6281363319258 → Madtical → 樂赢集团博彩游戏电报在线投注群
拥有强大的背景，雄厚的财力支撑、给您一个公平 公正 公开 保障的娱乐下注群
精彩尽在 LYJTGF

此广告由(91M Boss) 代发 (ID) ( bs91m0 )

=====================================================

2022-06-08 06:35:31 → 6281372348395 → tie_54845 → 樂赢集团博彩游戏电报在线投注群
拥有强大的背景，雄厚的财力支撑、给您一个公平 公正 公开 保障的娱乐下注群
精彩尽在 LYJTGF

此广告由(91M Boss) 代发 (ID) ( bs91m0 )

=====================================================

2022-06-08 06:35:41 → 6281393169077 → abcdkkp → 樂赢集团博彩游戏电报在线投注群
拥有强大的背景，雄厚的财力支撑、给您一个公平 公正 公开 保障的娱乐下注群
精彩尽在 LYJTGF

此广告由(91M Boss) 代发 (ID) ( bs91m0 )

=====================================================

2022-06-08 06:36:05 → 6282112885974 → APG963 → 樂赢集团博彩游戏电报在线投注群
拥有强大的背景，雄厚的财力支撑、给您一个公平 公正 公开 保障的娱乐下注群
精彩尽在 LYJTGF

此广告由(91M Boss) 代发 (ID) ( bs91m0 )

=====================================================

2022-06-08 06:36:15 → 6282189443842 → Aaronzoo → 樂赢集团博彩游戏电报在线投注群
拥有强大的背景，雄厚的财力支撑、给您一个公平 公正 公开 保障的娱乐下注群
精彩尽在 LYJTGF

此广告由(91M Boss) 代发 (ID) ( bs91m0 )

=====================================================

2022-06-08 06:36:25 → 6282268584769 → CrazyAngs → 樂赢集团博彩游戏电报在线投注群
拥有强大的背景，雄厚的财力支撑、给您一个公平 公正 公开 保障的娱乐下注群
精彩尽在 LYJTGF

此广告由(91M Boss) 代发 (ID) ( bs91m0 )

=====================================================

2022-06-08 06:37:57 → 6283822465978 → aMoltke → 樂赢集团博彩游戏电报在线投注群
拥有强大的背景，雄厚的财力支撑、给您一个公平 公正 公开 保障的娱乐下注群
精彩尽在 LYJTGF

此广告由(91M Boss) 代发 (ID) ( bs91m0 )

=====================================================

2022-06-08 06:38:06 → 6283856335352 → ahaotoken → 樂赢集团博彩游戏电报在线投注群
拥有强大的背景，雄厚的财力支撑、给您一个公平 公正 公开 保障的娱乐下注群
精彩尽在 LYJTGF

此广告由(91M Boss) 代发 (ID) ( bs91m0 )

=====================================================

2022-06-08 06:38:16 → 6283870893252 → j9token88 → 樂赢集团博彩游戏电报在线投注群
拥有强大的背景，雄厚的财力支撑、给您一个公平 公正 公开 保障的娱乐下注群
精彩尽在 LYJTGF

此广告由(91M Boss) 代发 (ID) ( bs91m0 )

=====================================================

2022-06-08 06:38:26 → 6283877463755 → abaaba002 → 樂赢集团博彩游戏电报在线投注群
拥有强大的背景，雄厚的财力支撑、给您一个公平 公正 公开 保障的娱乐下注群
精彩尽在 LYJTGF

此广告由(91M Boss) 代发 (ID) ( bs91m0 )

=====================================================

2022-06-08 06:39:11 → 6283877463775 → Allyel → 樂赢集团博彩游戏电报在线投注群
拥有强大的背景，雄厚的财力支撑、给您一个公平 公正 公开 保障的娱乐下注群
精彩尽在 LYJTGF

此广告由(91M Boss) 代发 (ID) ( bs91m0 )

=====================================================

2022-06-08 06:39:21 → 6283877463781 → AVC278 → 樂赢集团博彩游戏电报在线投注群
拥有强大的背景，雄厚的财力支撑、给您一个公平 公正 公开 保障的娱乐下注群
精彩尽在 LYJTGF

此广告由(91M Boss) 代发 (ID) ( bs91m0 )

=====================================================

2022-06-08 06:39:31 → 6283877464696 → Gouge222 → 樂赢集团博彩游戏电报在线投注群
拥有强大的背景，雄厚的财力支撑、给您一个公平 公正 公开 保障的娱乐下注群
精彩尽在 LYJTGF

此广告由(91M Boss) 代发 (ID) ( bs91m0 )

=====================================================

2022-06-08 06:39:41 → 6283877464705 → Geezero → 樂赢集团博彩游戏电报在线投注群
拥有强大的背景，雄厚的财力支撑、给您一个公平 公正 公开 保障的娱乐下注群
精彩尽在 LYJTGF

此广告由(91M Boss) 代发 (ID) ( bs91m0 )

=====================================================

2022-06-08 06:39:50 → 6283877464716 → rex1133 → 樂赢集团博彩游戏电报在线投注群
拥有强大的背景，雄厚的财力支撑、给您一个公平 公正 公开 保障的娱乐下注群
精彩尽在 LYJTGF

此广告由(91M Boss) 代发 (ID) ( bs91m0 )

=====================================================

2022-06-08 06:40:00 → 6285863533668 → bellbaye → 樂赢集团博彩游戏电报在线投注群
拥有强大的背景，雄厚的财力支撑、给您一个公平 公正 公开 保障的娱乐下注群
精彩尽在 LYJTGF

此广告由(91M Boss) 代发 (ID) ( bs91m0 )

=====================================================

2022-06-08 06:40:10 → 6287835717370 → bobo7474 → 樂赢集团博彩游戏电报在线投注群
拥有强大的背景，雄厚的财力支撑、给您一个公平 公正 公开 保障的娱乐下注群
精彩尽在 LYJTGF

此广告由(91M Boss) 代发 (ID) ( bs91m0 )

=====================================================

2022-06-08 06:40:27 → 6288213511335 → bvghjjg → 樂赢集团博彩游戏电报在线投注群
拥有强大的背景，雄厚的财力支撑、给您一个公平 公正 公开 保障的娱乐下注群
精彩尽在 LYJTGF

此广告由(91M Boss) 代发 (ID) ( bs91m0 )

=====================================================

2022-06-08 06:40:37 → 6288213541133 → crypton09 → 樂赢集团博彩游戏电报在线投注群
拥有强大的背景，雄厚的财力支撑、给您一个公平 公正 公开 保障的娱乐下注群
精彩尽在 LYJTGF

此广告由(91M Boss) 代发 (ID) ( bs91m0 )