
2022-05-13 17:15:40 → 79516876428 → aa056600 → 妈妈回家吗
2022-05-13 17:23:53 → 79516876428 → baiwanbusuanfu → 看，即可，看见，即可，，
2022-05-13 17:26:40 → 79516876428 → episarkine2050 → 看，即可，看见，即可，，
2022-05-13 17:31:59 → 79516876428 → Ben_915 → 看，即可，看见，即可，，
2022-05-13 17:34:39 → 79516876428 → hcbg_bot → 妈妈回家吗
2022-05-13 17:36:05 → 79516876428 → baize1688 → 可好看就好看好看好看看
2022-05-13 17:36:22 → 79516876428 → xiaoxiaoluoli → 可好看就好看好看好看看
2022-05-13 17:36:40 → 79516876428 → bali1586 → 妈妈回家吗
2022-05-13 17:48:45 → 79516876428 → bln888 → 看，即可，看见，即可，，
2022-05-13 17:49:17 → 79516876428 → onb168 → 妈妈回家吗
2022-05-13 17:50:47 → 79516876428 → bomao66 → 看，即可，看见，即可，，
2022-05-13 17:51:40 → 79516876428 → baomi888 → 妈妈回家吗
2022-05-13 17:51:48 → 79516876428 → cc6688689 → 可好看就好看好看好看看
2022-05-13 17:52:03 → 79516876428 → yida1333 → 妈妈回家吗
2022-05-13 17:52:22 → 79516876428 → voaKIu → 看，即可，看见，即可，，
2022-05-13 17:53:05 → 79516876428 → cg6699 → 看，即可，看见，即可，，
2022-05-13 17:55:40 → 79516876428 → cc649959 → 妈妈回家吗
2022-05-13 17:55:55 → 79516876428 → converse1996 → 妈妈回家吗
2022-05-13 17:56:05 → 79516876428 → converse1996 → 看，即可，看见，即可，，
2022-05-13 17:58:05 → 79516876428 → chenfeng77 → 可好看就好看好看好看看
2022-05-13 17:59:14 → 79516876428 → cdncloud69 → 看，即可，看见，即可，，
2022-05-13 18:01:18 → 79516876428 → caribou1879 → 可好看就好看好看好看看
2022-05-13 18:01:33 → 79516876428 → caibutou1688 → 看，即可，看见，即可，，
2022-05-13 18:01:42 → 79516876428 → Chun980285 → 妈妈回家吗
2022-05-13 18:01:57 → 79516876428 → ujknimdjrz → 妈妈回家吗
2022-05-13 18:02:04 → 79516876428 → hmb888888 → 看，即可，看见，即可，，
2022-05-13 18:05:18 → 79516876428 → Cain118 → 可好看就好看好看好看看
2022-05-13 18:06:15 → 79516876428 → lzh2020 → 妈妈回家吗
2022-05-13 18:06:49 → 79516876428 → bs91m0 → 妈妈回家吗
2022-05-13 18:07:04 → 79516876428 → bs91m1 → 妈妈回家吗
2022-05-13 18:07:59 → 79516876428 → lzh2020 → 可好看就好看好看好看看
2022-05-13 18:08:16 → 79516876428 → bs91m1 → 看，即可，看见，即可，，
2022-05-13 18:08:33 → 79516876428 → bs91m0 → 看，即可，看见，即可，，
2022-05-13 20:02:27 → 79516876428 → rmb860 → 看，即可，看见，即可，，