

=====================================================

2022-05-30 19:06:18 → 60142963511 → DD52418 → 精准代发广告，✈️：bs91m1

=====================================================

2022-05-30 19:07:27 → 60142963511 → wns9988 → 专业代发广告，✈️：bs91m1

=====================================================

2022-05-30 19:08:00 → 60178838240 → guawang88 → 精准代发广告，✈️：bs91m1

=====================================================

2022-05-30 19:08:37 → 60178838240 → kok55333 → 专业代发广告，✈️：bs91m1

=====================================================

2022-05-30 19:09:09 → 60142963511 → jinli8889 → 专业代发广告，✈️：bs91m1

=====================================================

2022-05-30 19:09:48 → 60142963511 → jinli889 → 精准代发广告，✈️：bs91m1

=====================================================

2022-05-30 19:10:20 → 60178838240 → Dane2019 → ┃TG群发助手┃诚招代理┃ 联系✈️：bs91m1

=====================================================

2022-05-30 19:10:57 → 60178838240 → jczyh → 精准代发广告，✈️：bs91m1

=====================================================

2022-05-30 19:11:29 → 60142963511 → usdt009 → ┃TG群发助手┃诚招代理┃ 联系✈️：bs91m1

=====================================================

2022-05-30 19:12:08 → 60178838240 → jinxin66688 → 专业代发广告，✈️：bs91m1

=====================================================

2022-05-30 19:12:39 → 60142963511 → tianshi_888 → ┃TG群发助手┃诚招代理┃ 联系✈️：bs91m1

=====================================================

2022-05-30 19:13:17 → 60178838240 → xs688868 → 专业代发广告，✈️：bs91m1

=====================================================

2022-05-30 19:13:49 → 60142963511 → USDT5353 → 精准代发广告，✈️：bs91m1

=====================================================

2022-05-30 19:14:28 → 60142963511 → ht44551 → 专业代发广告，✈️：bs91m1

=====================================================

2022-05-30 19:15:00 → 60178838240 → houzi668866 → ┃TG群发助手┃诚招代理┃ 联系✈️：bs91m1

=====================================================

2022-05-30 19:15:37 → 60142963511 → sfcd1196 → 精准代发广告，✈️：bs91m1

=====================================================

2022-05-30 19:16:08 → 60178838240 → chedui2 → ┃TG群发助手┃诚招代理┃ 联系✈️：bs91m1

=====================================================

2022-05-30 19:16:47 → 60178838240 → CaiS988 → 精准代发广告，✈️：bs91m1

=====================================================

2022-05-30 19:17:19 → 60142963511 → mmkf001 → ┃TG群发助手┃诚招代理┃ 联系✈️：bs91m1

=====================================================

2022-05-30 19:17:57 → 60142963511 → baochu01 → ┃TG群发助手┃诚招代理┃ 联系✈️：bs91m1

=====================================================

2022-05-30 19:18:29 → 60178838240 → jxgzs9 → 专业代发广告，✈️：bs91m1

=====================================================

2022-05-30 19:19:07 → 60142963511 → dingdabaoj → 专业代发广告，✈️：bs91m1

=====================================================

2022-05-30 19:19:39 → 60178838240 → Sanfangzhiz → 精准代发广告，✈️：bs91m1

=====================================================

2022-05-30 19:20:17 → 60142963511 → qkds5678 → 专业代发广告，✈️：bs91m1

=====================================================

2022-05-30 19:20:49 → 60178838240 → opzppp → 精准代发广告，✈️：bs91m1

=====================================================

2022-05-30 19:21:27 → 60178838240 → vava888888 → 专业代发广告，✈️：bs91m1

=====================================================

2022-05-30 19:21:59 → 60142963511 → shundao666 → 专业代发广告，✈️：bs91m1

=====================================================

2022-05-30 19:22:38 → 60178838240 → abc11185 → ┃TG群发助手┃诚招代理┃ 联系✈️：bs91m1

=====================================================

2022-05-30 19:23:09 → 60142963511 → GAZL88 → 专业代发广告，✈️：bs91m1

=====================================================

2022-05-30 19:23:47 → 60142963511 → ktv110 → 精准代发广告，✈️：bs91m1

=====================================================

2022-05-30 19:24:19 → 60178838240 → ZhiZhaoHR_yao → 精准代发广告，✈️：bs91m1

=====================================================

2022-05-30 19:24:57 → 60142963511 → wz7720100866 → 专业代发广告，✈️：bs91m1

=====================================================

2022-05-30 19:25:29 → 60178838240 → mr00222 → 精准代发广告，✈️：bs91m1

=====================================================

2022-05-30 19:26:08 → 60142963511 → RioooRio → 精准代发广告，✈️：bs91m1

=====================================================

2022-05-30 19:26:40 → 60178838240 → blm123123123 → 专业代发广告，✈️：bs91m1

=====================================================

2022-05-30 19:27:18 → 60178838240 → kaixuan9977 → 精准代发广告，✈️：bs91m1

=====================================================

2022-05-30 19:27:50 → 60142963511 → obdudu → 专业代发广告，✈️：bs91m1

=====================================================

2022-05-30 19:28:28 → 60142963511 → youxin001 → ┃TG群发助手┃诚招代理┃ 联系✈️：bs91m1

=====================================================

2022-05-30 19:29:00 → 60178838240 → xsj88886 → 专业代发广告，✈️：bs91m1

=====================================================

2022-05-30 19:29:38 → 60178838240 → tongdao123 → ┃TG群发助手┃诚招代理┃ 联系✈️：bs91m1

=====================================================

2022-05-30 19:30:10 → 60142963511 → kb553 → 精准代发广告，✈️：bs91m1

=====================================================

2022-05-30 19:30:49 → 60142963511 → ayxzijing → 专业代发广告，✈️：bs91m1

=====================================================

2022-05-30 19:31:59 → 60142963511 → bmwhaxi02 → ┃TG群发助手┃诚招代理┃ 联系✈️：bs91m1

=====================================================

2022-05-30 19:32:38 → 60142963511 → QQ80000 → ┃TG群发助手┃诚招代理┃ 联系✈️：bs91m1

=====================================================

2022-05-30 19:34:31 → 60142963511 → k8hash_003 → 精准代发广告，✈️：bs91m1

=====================================================

2022-05-30 19:35:48 → 60142963511 → anna18060 → 精准代发广告，✈️：bs91m1

=====================================================

2022-05-30 19:36:25 → 60142963511 → richu789 → 专业代发广告，✈️：bs91m1

=====================================================

2022-05-30 19:37:03 → 60142963511 → can565688 → ┃TG群发助手┃诚招代理┃ 联系✈️：bs91m1

=====================================================

2022-05-30 19:37:41 → 60142963511 → laoGao6688 → ┃TG群发助手┃诚招代理┃ 联系✈️：bs91m1

=====================================================

2022-05-30 19:38:19 → 60142963511 → weixiao741 → ┃TG群发助手┃诚招代理┃ 联系✈️：bs91m1

=====================================================

2022-05-30 19:38:58 → 60142963511 → lantinxu09 → 精准代发广告，✈️：bs91m1

=====================================================

2022-05-30 19:39:35 → 60142963511 → Aero300 → 精准代发广告，✈️：bs91m1

=====================================================

2022-05-30 19:40:13 → 60142963511 → shoukadun888 → 专业代发广告，✈️：bs91m1

=====================================================

2022-05-30 19:40:52 → 60142963511 → haopai → 专业代发广告，✈️：bs91m1

=====================================================

2022-05-30 19:41:30 → 60142963511 → linlinfaaa8 → ┃TG群发助手┃诚招代理┃ 联系✈️：bs91m1

=====================================================

2022-05-30 19:42:07 → 60142963511 → qw8868 → ┃TG群发助手┃诚招代理┃ 联系✈️：bs91m1

=====================================================

2022-05-30 19:44:01 → 60142963511 → dlzsgf → ┃TG群发助手┃诚招代理┃ 联系✈️：bs91m1

=====================================================

2022-05-30 19:44:39 → 60142963511 → dlzskf → 专业代发广告，✈️：bs91m1

=====================================================

2022-05-30 19:45:17 → 60142963511 → zsgf8 → 专业代发广告，✈️：bs91m1

=====================================================

2022-05-30 19:45:55 → 60142963511 → KzingSales1 → 精准代发广告，✈️：bs91m1

=====================================================

2022-05-30 19:46:34 → 60142963511 → Kzingsales → ┃TG群发助手┃诚招代理┃ 联系✈️：bs91m1

=====================================================

2022-05-30 19:47:13 → 60142963511 → Zz0544 → 专业代发广告，✈️：bs91m1

=====================================================

2022-05-30 19:47:51 → 60142963511 → yuanding6666 → 专业代发广告，✈️：bs91m1

=====================================================

2022-05-30 19:48:29 → 60142963511 → muomi8 → 专业代发广告，✈️：bs91m1

=====================================================

2022-05-30 22:48:37 → 6282190184556 → qqwx88886666 → 精准代发广告，✈️：bs91m1