

=====================================================

2022-05-31 06:16:10 → 6282144789066 → DFF88888 → ☆ㄏ☆☆☆ 《专业代发广告》	联系bs91m1

=====================================================

2022-05-31 06:16:53 → 6281218966272 → weixin088 → （づ￣3￣）づ╭❤～ 《专业代发广告》	联系bs91m1

=====================================================

2022-05-31 06:17:30 → 6282144789066 → qingge888 → ☆ㄏ☆☆☆ 《精准代发广告》 联系bs91m1

=====================================================

2022-05-31 06:18:12 → 6282144789066 → NM_8888 → （づ￣3￣）づ╭❤～ 《精准代发广告》 联系		bs91m1

=====================================================

2022-05-31 06:18:50 → 6281218966272 → yjkj888 → ☆ㄏ☆☆☆ 《精准代发广告》 联系bs91m1

=====================================================

2022-05-31 06:19:34 → 6282144789066 → yongxiongziben → （づ￣3￣）づ╭❤～ 《专业代发广告》	联系bs91m1

=====================================================

2022-05-31 06:20:11 → 6281218966272 → xiaomiqqwx → （づ￣3￣）づ╭❤～ 《专业代发广告》	联系bs91m1

=====================================================

2022-05-31 06:20:55 → 6282144789066 → yhk36 → ☆ㄏ☆☆☆ 《专业代发广告》	联系bs91m1

=====================================================

2022-05-31 06:21:33 → 6281218966272 → YBailun → （づ￣3￣）づ╭❤～ 《专业代发广告》	联系bs91m1

=====================================================

2022-05-31 06:22:16 → 6282144789066 → BGhash_1 → ☆ㄏ☆☆☆ 《专业代发广告》	联系bs91m1

=====================================================

2022-05-31 06:22:56 → 6281218966272 → AOA668 → ☆ㄏ☆☆☆ 《精准代发广告》 联系bs91m1

=====================================================

2022-05-31 06:23:41 → 6281218966272 → Qiaoer1989 → ☆ㄏ☆☆☆ 《专业代发广告》	联系bs91m1

=====================================================

2022-05-31 06:24:21 → 6282144789066 → timi1869 → （づ￣3￣）づ╭❤～ 《专业代发广告》	联系bs91m1

=====================================================

2022-05-31 06:25:07 → 6282144789066 → szw66 → （づ￣3￣）づ╭❤～ 《精准代发广告》 联系		bs91m1

=====================================================

2022-05-31 06:25:45 → 6281218966272 → angeltian → （づ￣3￣）づ╭❤～ 《专业代发广告》	联系bs91m1

=====================================================

2022-05-31 06:26:30 → 6282144789066 → chengxinkaye → （づ￣3￣）づ╭❤～ 《专业代发广告》	联系bs91m1

=====================================================

2022-05-31 06:27:08 → 6281218966272 → YBailun → ☆ㄏ☆☆☆ 《精准代发广告》 联系bs91m1

=====================================================

2022-05-31 06:27:53 → 6282144789066 → Hudjdjdh → ☆ㄏ☆☆☆ 《精准代发广告》 联系bs91m1

=====================================================

2022-05-31 06:28:37 → 6281218966272 → qqhao12 → （づ￣3￣）づ╭❤～ 《精准代发广告》 联系		bs91m1

=====================================================

2022-05-31 06:29:24 → 6281218966272 → bajie013 → ☆ㄏ☆☆☆ 《专业代发广告》	联系bs91m1

=====================================================

2022-05-31 06:30:04 → 6282144789066 → wz7720100866 → （づ￣3￣）づ╭❤～ 《专业代发广告》	联系bs91m1

=====================================================

2022-05-31 06:31:04 → 6281218966272 → cx551 → ☆ㄏ☆☆☆ 《精准代发广告》 联系bs91m1

=====================================================

2022-05-31 06:31:44 → 6282144789066 → TEXCENT008 → （づ￣3￣）づ╭❤～ 《精准代发广告》 联系		bs91m1

=====================================================

2022-05-31 06:32:32 → 6281218966272 → yb014 → ☆ㄏ☆☆☆ 《专业代发广告》	联系bs91m1

=====================================================

2022-05-31 06:33:12 → 6282144789066 → ar9998888 → （づ￣3￣）づ╭❤～ 《精准代发广告》 联系		bs91m1

=====================================================

2022-05-31 06:33:58 → 6281218966272 → Anmuxi_Max → （づ￣3￣）づ╭❤～ 《专业代发广告》	联系bs91m1

=====================================================

2022-05-31 06:34:37 → 6282144789066 → xinba818 → ☆ㄏ☆☆☆ 《精准代发广告》 联系bs91m1

=====================================================

2022-05-31 06:35:24 → 6281218966272 → aa888883 → （づ￣3￣）づ╭❤～ 《精准代发广告》 联系		bs91m1

=====================================================

2022-05-31 06:36:04 → 6282144789066 → yingzheng1688  → （づ￣3￣）づ╭❤～ 《精准代发广告》 联系		bs91m1

=====================================================

2022-05-31 06:36:51 → 6282144789066 → hs866655 → （づ￣3￣）づ╭❤～ 《精准代发广告》 联系		bs91m1

=====================================================

2022-05-31 06:37:30 → 6281218966272 → ws888818svip   → （づ￣3￣）づ╭❤～ 《专业代发广告》	联系bs91m1

=====================================================

2022-05-31 06:38:18 → 6281218966272 → shiyi02 → （づ￣3￣）づ╭❤～ 《精准代发广告》 联系		bs91m1

=====================================================

2022-05-31 06:38:58 → 6282144789066 → v66662 → （づ￣3￣）づ╭❤～ 《专业代发广告》	联系bs91m1

=====================================================

2022-05-31 06:39:47 → 6282144789066 → QQ27777 → （づ￣3￣）づ╭❤～ 《精准代发广告》 联系		bs91m1

=====================================================

2022-05-31 06:40:26 → 6281218966272 → cd91888 → （づ￣3￣）づ╭❤～ 《精准代发广告》 联系		bs91m1

=====================================================

2022-05-31 06:41:13 → 6281218966272 → Pg85888 → ☆ㄏ☆☆☆ 《专业代发广告》	联系bs91m1

=====================================================

2022-05-31 06:41:52 → 6282144789066 → Pg30678 → ☆ㄏ☆☆☆ 《精准代发广告》 联系bs91m1

=====================================================

2022-05-31 06:42:41 → 6282144789066 → paofu168 → ☆ㄏ☆☆☆ 《专业代发广告》	联系bs91m1

=====================================================

2022-05-31 06:43:20 → 6281218966272 → paofu66 → ☆ㄏ☆☆☆ 《专业代发广告》	联系bs91m1

=====================================================

2022-05-31 06:44:07 → 6282144789066 → jiuge666 → ☆ㄏ☆☆☆ 《专业代发广告》	联系bs91m1

=====================================================

2022-05-31 06:44:46 → 6281218966272 → ts55558 → （づ￣3￣）づ╭❤～ 《专业代发广告》	联系bs91m1

=====================================================

2022-05-31 06:45:35 → 6281218966272 → xiaozhang9168 → ☆ㄏ☆☆☆ 《精准代发广告》 联系bs91m1

=====================================================

2022-05-31 06:46:16 → 6282144789066 → v68886 → ☆ㄏ☆☆☆ 《专业代发广告》	联系bs91m1

=====================================================

2022-05-31 06:47:03 → 6282144789066 → guogong → ☆ㄏ☆☆☆ 《专业代发广告》	联系bs91m1

=====================================================

2022-05-31 06:47:43 → 6281218966272 → tianjiao → ☆ㄏ☆☆☆ 《精准代发广告》 联系bs91m1

=====================================================

2022-05-31 06:49:09 → 6282144789066 → qc87555 → ☆ㄏ☆☆☆ 《精准代发广告》 联系bs91m1

=====================================================

2022-05-31 06:49:56 → 6282144789066 → QQ80000 → ☆ㄏ☆☆☆ 《专业代发广告》	联系bs91m1

=====================================================

2022-05-31 06:50:43 → 6282144789066 → dbg25855 → ☆ㄏ☆☆☆ 《精准代发广告》 联系bs91m1

=====================================================

2022-05-31 06:51:30 → 6282144789066 → dbg80333 → ☆ㄏ☆☆☆ 《专业代发广告》	联系bs91m1

=====================================================

2022-05-31 06:52:17 → 6282144789066 → VIP72760 → ☆ㄏ☆☆☆ 《精准代发广告》 联系bs91m1