

=====================================================

2022-06-02 05:47:41 → 6281283070774 → hthali → 要找人（发）广告，（找）bs91m1

=====================================================

2022-06-02 05:48:19 → 6281283602716 → zhan159753 → （发）广告要（找）专业的人来（做）bs91m1

=====================================================

2022-06-02 05:49:03 → 6281282996563 → pfdr666888 → 要找人（发）广告，（找）bs91m1

=====================================================

2022-06-02 05:49:41 → 6281283602694 → elang66 → 想找专业的人帮（发）广告，（找）bs91m

=====================================================

2022-06-02 05:50:26 → 6281283069298 → Z8hxkfm → 想找专业的人帮（发）广告，（找）bs91m

=====================================================

2022-06-02 05:51:04 → 6281283602694 → xiaozhu66881 → （发）广告要（找）专业的人来（做）bs91m1

=====================================================

2022-06-02 05:51:49 → 6281283070774 → jinmatou8 → （发）广告要（找）专业的人来（做）bs91m1

=====================================================

2022-06-02 05:52:27 → 6281282996563 → DFF88888 → （发）广告要（找）专业的人来（做）bs91m1

=====================================================

2022-06-02 05:53:12 → 6281282996563 → weixin088 → 要（发）广告，来这里（对接） bs91m1

=====================================================

2022-06-02 05:53:49 → 6281283602716 → qingge888 → 要（发）广告，来这里（对接） bs91m1

=====================================================

2022-06-02 05:54:35 → 6281282996563 → NM_8888 → （发）广告要（找）专业的人来（做）bs91m1

=====================================================

2022-06-02 05:56:02 → 6281282996563 → yongxiongziben → 想要（发）广告，来这里（对接）bs91m1

=====================================================

2022-06-02 05:56:40 → 6281283070774 → xiaomiqqwx → 要找人（发）广告，（找）bs91m1

=====================================================

2022-06-02 05:57:26 → 6281282996563 → yhk36 → （发）广告要（找）专业的人来（做）bs91m1

=====================================================

2022-06-02 05:58:04 → 6281283070774 → YBailun → 要（发）广告，来这里（对接） bs91m1

=====================================================

2022-06-02 05:58:51 → 6281282996563 → BGhash_1 → （发）广告要（找）专业的人来（做）bs91m1

=====================================================

2022-06-02 05:59:29 → 6281283070774 → AOA668 → 想要（发）广告，来这里（对接）bs91m1

=====================================================

2022-06-02 06:00:16 → 6281282996563 → Qiaoer1989 → （发）广告要（找）专业的人来（做）bs91m1

=====================================================

2022-06-02 06:00:54 → 6281283070774 → timi1869 → 想要（发）广告，来这里（对接）bs91m1

=====================================================

2022-06-02 06:01:40 → 6281282996563 → szw66 → 想要（发）广告，来这里（对接）bs91m1

=====================================================

2022-06-02 06:02:19 → 6281283070774 → angeltian → 想找专业的人帮（发）广告，（找）bs91m

=====================================================

2022-06-02 06:03:04 → 6281282996563 → chengxinkaye → （发）广告要（找）专业的人来（做）bs91m1

=====================================================

2022-06-02 06:03:41 → 6281283070774 → YBailun → （发）广告要（找）专业的人来（做）bs91m1

=====================================================

2022-06-02 06:04:26 → 6281282996563 → Hudjdjdh → 想找专业的人帮（发）广告，（找）bs91m

=====================================================

2022-06-02 06:05:05 → 6281283070774 → qqhao12 → 想找专业的人帮（发）广告，（找）bs91m

=====================================================

2022-06-02 06:05:52 → 6281282996563 → bajie013 → （发）广告要（找）专业的人来（做）bs91m1

=====================================================

2022-06-02 06:06:30 → 6281283070774 → wz7720100866 → 想要（发）广告，来这里（对接）bs91m1

=====================================================

2022-06-02 06:07:15 → 6281282996563 → cx551 → （发）广告要（找）专业的人来（做）bs91m1

=====================================================

2022-06-02 06:07:53 → 6281283070774 → TEXCENT008 → （发）广告要（找）专业的人来（做）bs91m1

=====================================================

2022-06-02 06:08:39 → 6281282996563 → yb014 → （发）广告要（找）专业的人来（做）bs91m1

=====================================================

2022-06-02 06:09:18 → 6281283070774 → ar9998888 → （发）广告要（找）专业的人来（做）bs91m1

=====================================================

2022-06-02 06:10:04 → 6281282996563 → Anmuxi_Max → 想要（发）广告，来这里（对接）bs91m1

=====================================================

2022-06-02 06:10:42 → 6281283070774 → aa888883 → 想找专业的人帮（发）广告，（找）bs91m

=====================================================

2022-06-02 06:11:30 → 6281282996563 → yingzheng1688  → 要（发）广告，来这里（对接） bs91m1

=====================================================

2022-06-02 06:12:08 → 6281283070774 → hs866655 → 想找专业的人帮（发）广告，（找）bs91m

=====================================================

2022-06-02 06:12:53 → 6281282996563 → ws888818svip   → 要找人（发）广告，（找）bs91m1

=====================================================

2022-06-02 06:13:32 → 6281283070774 → shiyi02 → （发）广告要（找）专业的人来（做）bs91m1

=====================================================

2022-06-02 06:14:18 → 6281282996563 → v66662 → （发）广告要（找）专业的人来（做）bs91m1

=====================================================

2022-06-02 06:14:56 → 6281283070774 → QQ27777 → 想找专业的人帮（发）广告，（找）bs91m

=====================================================

2022-06-02 06:15:41 → 6281282996563 → cd91888 → 要（发）广告，来这里（对接） bs91m1

=====================================================

2022-06-02 06:16:19 → 6281283070774 → Pg85888 → 要（发）广告，来这里（对接） bs91m1

=====================================================

2022-06-02 06:17:03 → 6281282996563 → Pg30678 → 要找人（发）广告，（找）bs91m1

=====================================================

2022-06-02 06:17:41 → 6281283070774 → paofu168 → 想找专业的人帮（发）广告，（找）bs91m

=====================================================

2022-06-02 06:18:26 → 6281282996563 → paofu66 → （发）广告要（找）专业的人来（做）bs91m1

=====================================================

2022-06-02 06:19:03 → 6281283070774 → jiuge666 → 要（发）广告，来这里（对接） bs91m1

=====================================================

2022-06-02 06:19:48 → 6281282996563 → ts55558 → （发）广告要（找）专业的人来（做）bs91m1

=====================================================

2022-06-02 06:20:26 → 6281283070774 → xiaozhang9168 → 想要（发）广告，来这里（对接）bs91m1

=====================================================

2022-06-02 06:21:10 → 6281282996563 → v68886 → 要（发）广告，来这里（对接） bs91m1

=====================================================

2022-06-02 06:21:48 → 6281283070774 → guogong → （发）广告要（找）专业的人来（做）bs91m1

=====================================================

2022-06-02 06:22:32 → 6281282996563 → tianjiao → （发）广告要（找）专业的人来（做）bs91m1

=====================================================

2022-06-02 06:23:55 → 6281282996563 → qc87555 → （发）广告要（找）专业的人来（做）bs91m1

=====================================================

2022-06-02 06:24:34 → 6281283602694 → QQ80000 → 想找专业的人帮（发）广告，（找）bs91m

=====================================================

2022-06-02 06:25:18 → 6281282996563 → dbg25855 → 要找人（发）广告，（找）bs91m1

=====================================================

2022-06-02 06:25:56 → 6281283602694 → dbg80333 → 想要（发）广告，来这里（对接）bs91m1

=====================================================

2022-06-02 06:26:41 → 6281282996563 → VIP72760 → 想找专业的人帮（发）广告，（找）bs91m

=====================================================

2022-06-02 06:28:04 → 6281282996563 → lq11113vip2 → 要（发）广告，来这里（对接） bs91m1

=====================================================

2022-06-02 06:28:41 → 6281283602716 → lq11113vip3 → 要（发）广告，来这里（对接） bs91m1

=====================================================

2022-06-02 06:30:03 → 6281283602716 → shiyue168 → 要找人（发）广告，（找）bs91m1

=====================================================

2022-06-02 06:30:47 → 6281282996563 → aa888883 → （发）广告要（找）专业的人来（做）bs91m1

=====================================================

2022-06-02 06:31:25 → 6281283602716 → ts55558 → 要（发）广告，来这里（对接） bs91m1

=====================================================

2022-06-02 06:32:09 → 6281282996563 → jhczs_bd   → 想找专业的人帮（发）广告，（找）bs91m

=====================================================

2022-06-02 06:32:47 → 6281283602716 → tjyl888 → 要（发）广告，来这里（对接） bs91m1

=====================================================

2022-06-02 06:33:33 → 6281282996563 → eia12345 → 要找人（发）广告，（找）bs91m1

=====================================================

2022-06-02 06:34:58 → 6281282996563 → Panguantuandui → （发）广告要（找）专业的人来（做）bs91m1

=====================================================

2022-06-02 06:35:36 → 6281283602716 → ashin888 → 想要（发）广告，来这里（对接）bs91m1

=====================================================

2022-06-02 06:36:23 → 6281282996563 → Pg_33300 → 要找人（发）广告，（找）bs91m1

=====================================================

2022-06-02 06:37:02 → 6281283602716 → LE99333 → （发）广告要（找）专业的人来（做）bs91m1

=====================================================

2022-06-02 06:38:26 → 6281283602716 → BMW07569 → 想要（发）广告，来这里（对接）bs91m1

=====================================================

2022-06-02 06:39:12 → 6281283602716 → yt665666 → 要找人（发）广告，（找）bs91m1

=====================================================

2022-06-02 06:39:57 → 6281283602716 → jacky426626 → 想要（发）广告，来这里（对接）bs91m1

=====================================================

2022-06-02 06:40:41 → 6281283602716 → hrjulisports → （发）广告要（找）专业的人来（做）bs91m1

=====================================================

2022-06-02 06:41:26 → 6281283602716 → AionCOX → 想要（发）广告，来这里（对接）bs91m1

=====================================================

2022-06-02 06:42:11 → 6281283602716 → FBDBET → 想找专业的人帮（发）广告，（找）bs91m1

=====================================================

2022-06-02 06:42:55 → 6281283602716 → LW65333 → （发）广告要（找）专业的人来（做）bs91m1

=====================================================

2022-06-02 06:43:39 → 6281283602716 → tjyl888 → 想找专业的人帮（发）广告，（找）bs91m1

=====================================================

2022-06-02 06:44:23 → 6281283602716 → LW65333 → 想找专业的人帮（发）广告，（找）bs91m1

=====================================================

2022-06-02 06:45:08 → 6281283602716 → dizi1234 → 想要（发）广告，来这里（对接）bs91m1

=====================================================

2022-06-02 06:45:52 → 6281283602716 → xingshi01 → 想要（发）广告，来这里（对接）bs91m1

=====================================================

2022-06-02 06:46:36 → 6281283602716 → xingshi02 → 想要（发）广告，来这里（对接）bs91m1

=====================================================

2022-06-02 06:47:23 → 6281283602716 → xingshi03 → 想要（发）广告，来这里（对接）bs91m1

=====================================================

2022-06-02 06:48:09 → 6281283602716 → xingshi04 → 要找人（发）广告，（找）bs91m1

=====================================================

2022-06-02 06:48:55 → 6281283602716 → chang1202 → 要找人（发）广告，（找）bs91m1

=====================================================

2022-06-02 06:49:41 → 6281283602716 → zhaocaimaokeji888 → 想要（发）广告，来这里（对接）bs91m1

=====================================================

2022-06-02 06:50:27 → 6281283602716 → aisi555555 → 要找人（发）广告，（找）bs91m1

=====================================================

2022-06-02 06:51:14 → 6281283602716 → kefu0012 → 要找人（发）广告，（找）bs91m1

=====================================================

2022-06-02 06:51:59 → 6281283602716 → huangpian8 → 要（发）广告，来这里（对接） bs91m1

=====================================================

2022-06-02 06:52:45 → 6281283602716 → hthali → 想找专业的人帮（发）广告，（找）bs91m1

=====================================================

2022-06-02 06:53:31 → 6281283602716 → daili77365 → 要（发）广告，来这里（对接） bs91m1

=====================================================

2022-06-02 06:54:17 → 6281283602716 → kefu77365 → 想要（发）广告，来这里（对接）bs91m1

=====================================================

2022-06-02 06:55:48 → 6281283602716 → jundao16888 → （发）广告要（找）专业的人来（做）bs91m1

=====================================================

2022-06-02 06:56:34 → 6281283602716 → qt37997 → 想找专业的人帮（发）广告，（找）bs91m1

=====================================================

2022-06-02 06:57:20 → 6281283602716 → qingtian520 → 想要（发）广告，来这里（对接）bs91m1

=====================================================

2022-06-02 06:58:06 → 6281283602716 → lu13999 → 要（发）广告，来这里（对接） bs91m1

=====================================================

2022-06-02 06:58:52 → 6281283602716 → xingyun8899 → 要找人（发）广告，（找）bs91m1