

=====================================================

2022-06-29 23:08:19 → 12567926408 → dbg25855 → 老板，最近业务做的怎么样了，看你忙前忙后的。 了解下我们公司代发广告业务哈 联系客服 `Boss91m1`

=====================================================

2022-06-29 23:08:45 → 12567926408 → dbg80333 → 老板，最近业务做的怎么样了，看你忙前忙后的。 了解下我们公司代发广告业务哈 联系客服 `Boss91m1`

=====================================================

2022-06-29 23:09:10 → 12567926408 → VIP72760 → 老板，最近业务做的怎么样了，看你忙前忙后的。 了解下我们公司代发广告业务哈 联系客服 `Boss91m1`

=====================================================

2022-06-29 23:09:40 → 12567926408 → lq11113vip2 → 老板，最近业务做的怎么样了，看你忙前忙后的。 了解下我们公司代发广告业务哈 联系客服 `Boss91m1`

=====================================================

2022-06-29 23:12:20 → 12567926408 → shiyue168 → 老板，最近业务做的怎么样了，看你忙前忙后的。 了解下我们公司代发广告业务哈 联系客服 `Boss91m1`

=====================================================

2022-06-29 23:12:35 → 12567926408 → aa888883 → 老板，最近业务做的怎么样了，看你忙前忙后的。 了解下我们公司代发广告业务哈 联系客服 `Boss91m1`

=====================================================

2022-06-29 23:12:50 → 12567926408 → jhczs_bd   → 老板，最近业务做的怎么样了，看你忙前忙后的。 了解下我们公司代发广告业务哈 联系客服 `Boss91m1`

=====================================================

2022-06-29 23:13:04 → 12567926408 → tjyl888 → 老板，最近业务做的怎么样了，看你忙前忙后的。 了解下我们公司代发广告业务哈 联系客服 `Boss91m1`

=====================================================

2022-06-29 23:13:46 → 12567926408 → Panguantuandui → 老板，最近业务做的怎么样了，看你忙前忙后的。 了解下我们公司代发广告业务哈 联系客服 `Boss91m1`

=====================================================

2022-06-29 23:14:01 → 12567926408 → ashin888 → 老板，最近业务做的怎么样了，看你忙前忙后的。 了解下我们公司代发广告业务哈 联系客服 `Boss91m1`

=====================================================

2022-06-29 23:14:16 → 12567926408 → Pg_33300 → 老板，最近业务做的怎么样了，看你忙前忙后的。 了解下我们公司代发广告业务哈 联系客服 `Boss91m1`