

=====================================================

2022-05-30 22:49:08 → 6282190183584 → zaizaizaiy → 精准代发广告，✈️：bs91m1

=====================================================

2022-05-30 22:49:46 → 6282190183584 → karina11113 → ┃TG群发助手┃诚招代理┃ 联系✈️：bs91m1

=====================================================

2022-05-30 22:50:18 → 6282190184556 → leyu_TM → ┃TG群发助手┃诚招代理┃ 联系✈️：bs91m1

=====================================================

2022-05-30 22:51:28 → 6282190183584 → jdkj88288 → 精准代发广告，✈️：bs91m1

=====================================================

2022-05-30 22:52:06 → 6282190183584 → tjyl888 → ┃TG群发助手┃诚招代理┃ 联系✈️：bs91m1

=====================================================

2022-05-30 22:52:40 → 6282190184556 → LW65333 → 专业代发广告，✈️：bs91m1

=====================================================

2022-05-30 22:53:17 → 6282190183584 → dizi1234 → 精准代发广告，✈️：bs91m1

=====================================================

2022-05-30 22:54:27 → 6282190183584 → xingshi02 → 精准代发广告，✈️：bs91m1

=====================================================

2022-05-30 22:55:06 → 6282190183584 → xingshi03 → 精准代发广告，✈️：bs91m1

=====================================================

2022-05-30 22:55:43 → 6282190183584 → xingshi04 → ┃TG群发助手┃诚招代理┃ 联系✈️：bs91m1

=====================================================

2022-05-30 22:56:21 → 6282190183584 → chang1202 → 精准代发广告，✈️：bs91m1

=====================================================

2022-05-30 22:56:59 → 6282190183584 → zhaocaimaokeji888 → 专业代发广告，✈️：bs91m1

=====================================================

2022-05-30 22:57:37 → 6282190183584 → aisi555555 → 专业代发广告，✈️：bs91m1

=====================================================

2022-05-30 22:58:16 → 6282190183584 → kefu0012 → 精准代发广告，✈️：bs91m1

=====================================================

2022-05-30 22:58:53 → 6282190183584 → huangpian8 → 精准代发广告，✈️：bs91m1

=====================================================

2022-05-30 22:59:32 → 6282190183584 → hthali → ┃TG群发助手┃诚招代理┃ 联系✈️：bs91m1

=====================================================

2022-05-30 23:00:09 → 6282190183584 → daili77365 → 精准代发广告，✈️：bs91m1

=====================================================

2022-05-30 23:00:47 → 6282190183584 → kefu77365 → ┃TG群发助手┃诚招代理┃ 联系✈️：bs91m1

=====================================================

2022-05-30 23:02:03 → 6282190183584 → jundao16888 → ┃TG群发助手┃诚招代理┃ 联系✈️：bs91m1

=====================================================

2022-05-30 23:02:42 → 6282190183584 → qt37997 → ┃TG群发助手┃诚招代理┃ 联系✈️：bs91m1

=====================================================

2022-05-30 23:52:14 → 6287775710015 → lu13999 → 专业代发广告，✈️：bs91m1

=====================================================

2022-05-30 23:52:46 → 6285242443022 → xingyun8899 → ┃TG群发助手┃诚招代理┃ 联系✈️：bs91m1

=====================================================

2022-05-30 23:53:56 → 6285242443022 → jy810220 → 专业代发广告，✈️：bs91m1

=====================================================

2022-05-30 23:54:35 → 6285242443022 → kaoshan  → ┃TG群发助手┃诚招代理┃ 联系✈️：bs91m1

=====================================================

2022-05-30 23:55:07 → 6287775710015 → a788803 → ┃TG群发助手┃诚招代理┃ 联系✈️：bs91m1

=====================================================

2022-05-30 23:55:45 → 6285242443022 → fenghuangzhuguan → ┃TG群发助手┃诚招代理┃ 联系✈️：bs91m1

=====================================================

2022-05-30 23:56:17 → 6287775710015 → hthali → ┃TG群发助手┃诚招代理┃ 联系✈️：bs91m1

=====================================================

2022-05-30 23:56:56 → 6287775710015 → zhan159753 → 精准代发广告，✈️：bs91m1

=====================================================

2022-05-30 23:57:27 → 6285242443022 → pfdr666888 → 专业代发广告，✈️：bs91m1

=====================================================

2022-05-30 23:58:06 → 6287775710015 → elang66 → ┃TG群发助手┃诚招代理┃ 联系✈️：bs91m1

=====================================================

2022-05-30 23:58:37 → 6285242443022 → Z8hxkfm → ┃TG群发助手┃诚招代理┃ 联系✈️：bs91m1

=====================================================

2022-05-30 23:59:15 → 6287775710015 → xiaozhu66881 → 精准代发广告，✈️：bs91m1

=====================================================

2022-05-30 23:59:49 → 6285242443022 → jinmatou8 → ┃TG群发助手┃诚招代理┃ 联系✈️：bs91m1