

=====================================================

2022-05-31 00:00:27 → 6285242443022 → DFF88888 → 专业代发广告，✈️：bs91m1

=====================================================

2022-05-31 00:00:59 → 6287775710015 → weixin088 → 精准代发广告，✈️：bs91m1

=====================================================

2022-05-31 00:01:36 → 6287775710015 → qingge888 → 专业代发广告，✈️：bs91m1

=====================================================

2022-05-31 00:02:08 → 6285242443022 → NM_8888 → ┃TG群发助手┃诚招代理┃ 联系✈️：bs91m1

=====================================================

2022-05-31 00:02:46 → 6287775710015 → yjkj888 → 精准代发广告，✈️：bs91m1

=====================================================

2022-05-31 00:03:18 → 6285242443022 → yongxiongziben → 精准代发广告，✈️：bs91m1

=====================================================

2022-05-31 00:03:56 → 6285242443022 → xiaomiqqwx → 精准代发广告，✈️：bs91m1

=====================================================

2022-05-31 00:04:28 → 6287775710015 → yhk36 → 精准代发广告，✈️：bs91m1

=====================================================

2022-05-31 00:05:06 → 6287775710015 → YBailun → ┃TG群发助手┃诚招代理┃ 联系✈️：bs91m1

=====================================================

2022-05-31 00:05:38 → 6285242443022 → BGhash_1 → 精准代发广告，✈️：bs91m1

=====================================================

2022-05-31 00:06:16 → 6285242443022 → AOA668 → 精准代发广告，✈️：bs91m1

=====================================================

2022-05-31 00:06:48 → 6287775710015 → Qiaoer1989 → ┃TG群发助手┃诚招代理┃ 联系✈️：bs91m1

=====================================================

2022-05-31 00:07:26 → 6287775710015 → timi1869 → 专业代发广告，✈️：bs91m1

=====================================================

2022-05-31 00:07:58 → 6285242443022 → szw66 → ┃TG群发助手┃诚招代理┃ 联系✈️：bs91m1

=====================================================

2022-05-31 00:08:36 → 6285242443022 → angeltian → ┃TG群发助手┃诚招代理┃ 联系✈️：bs91m1

=====================================================

2022-05-31 00:09:08 → 6287775710015 → chengxinkaye → 专业代发广告，✈️：bs91m1

=====================================================

2022-05-31 00:09:46 → 6285242443022 → YBailun → ┃TG群发助手┃诚招代理┃ 联系✈️：bs91m1

=====================================================

2022-05-31 00:10:20 → 6287775710015 → Hudjdjdh → 精准代发广告，✈️：bs91m1

=====================================================

2022-05-31 00:10:57 → 6285242443022 → qqhao12 → 精准代发广告，✈️：bs91m1

=====================================================

2022-05-31 00:11:29 → 6287775710015 → bajie013 → 精准代发广告，✈️：bs91m1

=====================================================

2022-05-31 00:12:06 → 6287775710015 → wz7720100866 → ┃TG群发助手┃诚招代理┃ 联系✈️：bs91m1

=====================================================

2022-05-31 00:12:39 → 6285242443022 → cx551 → ┃TG群发助手┃诚招代理┃ 联系✈️：bs91m1

=====================================================

2022-05-31 00:13:16 → 6285242443022 → TEXCENT008 → 专业代发广告，✈️：bs91m1

=====================================================

2022-05-31 00:13:48 → 6287775710015 → yb014 → 精准代发广告，✈️：bs91m1

=====================================================

2022-05-31 00:14:27 → 6287775710015 → ar9998888 → 专业代发广告，✈️：bs91m1

=====================================================

2022-05-31 00:14:58 → 6285242443022 → Anmuxi_Max → ┃TG群发助手┃诚招代理┃ 联系✈️：bs91m1

=====================================================

2022-05-31 00:16:08 → 6285242443022 → aa888883 → ┃TG群发助手┃诚招代理┃ 联系✈️：bs91m1

=====================================================

2022-05-31 00:16:47 → 6285242443022 → yingzheng1688  → 精准代发广告，✈️：bs91m1

=====================================================

2022-05-31 00:17:26 → 6285242443022 → hs866655 → 精准代发广告，✈️：bs91m1

=====================================================

2022-05-31 01:05:48 → 6285242443022 → ws888818svip   → 《91M Boss》 [专业代发广告] | (✈️) | ( bs91m1 )

=====================================================

2022-05-31 01:06:55 → 6285242442969 → shiyi02 → ||专业发广告||联系||✈|| bs91m1 || 

=====================================================

2022-05-31 01:08:04 → 6285242443022 → v66662 → \(@^0^@)/ 专业代发广告 \(@^0^@)/ 联系✈️ \(@^0^@)/   bs91m1

=====================================================

2022-05-31 01:09:08 → 6285242442969 → QQ27777 → ||专业发广告||联系||✈|| bs91m1 || 

=====================================================

2022-05-31 01:10:19 → 6285242442969 → cd91888 → \(@^0^@)/ 专业代发广告 \(@^0^@)/ 联系✈️ \(@^0^@)/   bs91m1

=====================================================

2022-05-31 01:11:23 → 6285242443022 → Pg85888 → 《91M Boss》 [专业代发广告] | (✈️) | ( bs91m1 )

=====================================================

2022-05-31 01:12:33 → 6285242442969 → Pg30678 → ☆ㄟ( ･ө･ )ㄏ☆ 《专业代发广告》 ☆ㄟ( ･ө･ )ㄏ☆ || 联系✈️ ||  ☆ㄟ( ･ө･ )ㄏ☆ 【  bs91m1  】

=====================================================

2022-05-31 01:13:38 → 6285242443022 → paofu168 → ☆ㄟ( ･ө･ )ㄏ☆ 《专业代发广告》 ☆ㄟ( ･ө･ )ㄏ☆ || 联系✈️ ||  ☆ㄟ( ･ө･ )ㄏ☆ 【  bs91m1  】

=====================================================

2022-05-31 01:14:48 → 6285242442969 → paofu66 → ||专业发广告||联系||✈|| bs91m1 || 

=====================================================

2022-05-31 01:15:52 → 6285242443022 → jiuge666 → \(@^0^@)/ 专业代发广告 \(@^0^@)/ 联系✈️ \(@^0^@)/   bs91m1

=====================================================

2022-05-31 01:17:05 → 6285242442969 → ts55558 → ||专业发广告||联系||✈|| bs91m1 || 

=====================================================

2022-05-31 01:18:08 → 6285242443022 → xiaozhang9168 → \(@^0^@)/ 专业代发广告 \(@^0^@)/ 联系✈️ \(@^0^@)/   bs91m1

=====================================================

2022-05-31 01:19:18 → 6285242442969 → v68886 → \(@^0^@)/ 专业代发广告 \(@^0^@)/ 联系✈️ \(@^0^@)/   bs91m1

=====================================================

2022-05-31 01:21:32 → 6285242442969 → tianjiao → |专业发广告|群发|私聊|✈| bs91m1 |

=====================================================

2022-05-31 01:22:42 → 6285242442969 → Pz88811 → 《91M Boss》 [专业代发广告] | (✈️) | ( bs91m1 )

=====================================================

2022-05-31 01:23:52 → 6285242442969 → qc87555 → ||专业发广告||联系||✈|| bs91m1 || 

=====================================================

2022-05-31 01:25:02 → 6285242442969 → QQ80000 → ||专业发广告||联系||✈|| bs91m1 || 

=====================================================

2022-05-31 01:26:12 → 6285242442969 → dbg25855 → ||专业发广告||联系||✈|| bs91m1 || 

=====================================================

2022-05-31 01:27:22 → 6285242442969 → dbg80333 → ☆ㄏ☆☆☆ || 《专业代发广告》 联系✈️   bs91m1   || ☆☆☆ㄏ☆ 

=====================================================

2022-05-31 01:27:30 → 6285242442969 → VIP72760 → 《91M Boss》 [专业代发广告] | (✈️) | ( bs91m1 )

=====================================================

2022-05-31 01:28:32 → 6285242442969 → lq11113vip1 → 《91M Boss》 [专业代发广告] | (✈️) | ( bs91m1 )

=====================================================

2022-05-31 01:28:53 → 6285242442969 → lq11113vip2 → 《91M Boss》 [专业代发广告] | (✈️) | ( bs91m1 )

=====================================================

2022-05-31 01:29:02 → 6285242442969 → lq11113vip3 → ||ㄏ☆☆☆ || 《专业代发广告》 联系✈️ bs91m1

=====================================================

2022-05-31 01:29:46 → 6285242442969 → shiyue168 → →  || 《专业代发广告》 ☆ㄏ☆☆☆ 联系✈️ bs91m1

=====================================================

2022-05-31 01:30:29 → 6285242442969 → aa888883 → →  || 《专业代发广告》 ☆ㄏ☆☆☆ 联系✈️ bs91m1

=====================================================

2022-05-31 01:30:51 → 6285242442969 → ts55558 → ☆ㄏ☆☆☆ || 专业发广告 || 《私聊》《群发》 联系✈️  bs91m1 ☆ㄏ☆☆☆

=====================================================

2022-05-31 01:31:12 → 6285242442969 → jhczs_bd   → 《91M Boss》 [专业代发广告] | (✈️) | ( bs91m1 )

=====================================================

2022-05-31 01:31:57 → 6285242442969 → tjyl888 → ||ㄏ☆☆☆ || 《专业代发广告》 联系✈️ bs91m1

=====================================================

2022-05-31 01:32:00 → 6285242442969 → eia12345 → →  || 《专业代发广告》 ☆ㄏ☆☆☆ 联系✈️ bs91m1

=====================================================

2022-05-31 01:33:07 → 6285242442969 → Panguantuandui → ☆ㄏ☆☆☆ || 专业发广告 || 《私聊》《群发》 联系✈️  bs91m1 ☆ㄏ☆☆☆

=====================================================

2022-05-31 01:33:10 → 6285242442969 → ashin888 → ||ㄏ☆☆☆ || 《专业代发广告》 联系✈️ bs91m1

=====================================================

2022-05-31 01:33:50 → 62895324567242 → LE99333 → ☆ㄏ☆☆☆ || 专业发广告 || 《私聊》《群发》 联系✈️  bs91m1 ☆ㄏ☆☆☆

=====================================================

2022-05-31 01:34:14 → 62895324567242 → Pg_33300 → ||ㄏ☆☆☆ || 《专业代发广告》 联系✈️ bs91m1

=====================================================

2022-05-31 01:35:24 → 62895324567242 → BMW07569 → ☆ㄏ☆☆☆ || 专业发广告 || 《私聊》《群发》 联系✈️  bs91m1 ☆ㄏ☆☆☆

=====================================================

2022-05-31 01:36:28 → 6285242442969 → yt665666 → 《91M Boss》 [专业代发广告] | (✈️) | ( bs91m1 )

=====================================================

2022-05-31 01:37:38 → 6285242442969 → jacky426626 → ||ㄏ☆☆☆ || 《专业代发广告》 联系✈️ bs91m1

=====================================================

2022-05-31 01:38:58 → 6285242442969 → FBDBET → →  || 《专业代发广告》 ☆ㄏ☆☆☆ 联系✈️ bs91m1

=====================================================

2022-05-31 01:39:43 → 6285242442969 → LW65333 → →  || 《专业代发广告》 ☆ㄏ☆☆☆ 联系✈️ bs91m1

=====================================================

2022-05-31 01:40:28 → 6285242442969 → tjyl888 → →  || 《专业代发广告》 ☆ㄏ☆☆☆ 联系✈️ bs91m1

=====================================================

2022-05-31 01:41:12 → 6285242442969 → LW65333 → ☆ㄏ☆☆☆ || 专业发广告 || 《私聊》《群发》 联系✈️  bs91m1 ☆ㄏ☆☆☆

=====================================================

2022-05-31 01:41:56 → 6285242442969 → dizi1234 → →  || 《专业代发广告》 ☆ㄏ☆☆☆ 联系✈️ bs91m1

=====================================================

2022-05-31 01:42:41 → 6285242442969 → xingshi01 → ||ㄏ☆☆☆ || 《专业代发广告》 联系✈️ bs91m1

=====================================================

2022-05-31 01:43:26 → 6285242442969 → xingshi02 → ||ㄏ☆☆☆ || 《专业代发广告》 联系✈️ bs91m1

=====================================================

2022-05-31 01:44:12 → 6285242442969 → xingshi03 → ||ㄏ☆☆☆ || 《专业代发广告》 联系✈️ bs91m1

=====================================================

2022-05-31 01:44:56 → 6285242442969 → xingshi04 → →  || 《专业代发广告》 ☆ㄏ☆☆☆ 联系✈️ bs91m1

=====================================================

2022-05-31 01:45:41 → 6285242442969 → chang1202 → →  || 《专业代发广告》 ☆ㄏ☆☆☆ 联系✈️ bs91m1

=====================================================

2022-05-31 01:46:26 → 6285242442969 → zhaocaimaokeji888 → ☆ㄏ☆☆☆ || 专业发广告 || 《私聊》《群发》 联系✈️  bs91m1 ☆ㄏ☆☆☆

=====================================================

2022-05-31 01:47:09 → 6285242442969 → aisi555555 → ☆ㄏ☆☆☆ || 专业发广告 || 《私聊》《群发》 联系✈️  bs91m1 ☆ㄏ☆☆☆

=====================================================

2022-05-31 01:47:52 → 6285242442969 → kefu0012 → ||ㄏ☆☆☆ || 《专业代发广告》 联系✈️ bs91m1

=====================================================

2022-05-31 01:48:35 → 6285242442969 → huangpian8 → ||ㄏ☆☆☆ || 《专业代发广告》 联系✈️ bs91m1

=====================================================

2022-05-31 01:49:18 → 6285242442969 → hthali → →  || 《专业代发广告》 ☆ㄏ☆☆☆ 联系✈️ bs91m1

=====================================================

2022-05-31 01:50:01 → 6285242442969 → daili77365 → 《91M Boss》 [专业代发广告] | (✈️) | ( bs91m1 )

=====================================================

2022-05-31 01:50:44 → 6285242442969 → kefu77365 → 《91M Boss》 [专业代发广告] | (✈️) | ( bs91m1 )

=====================================================

2022-05-31 01:52:10 → 6285242442969 → jundao16888 → ☆ㄏ☆☆☆ || 专业发广告 || 《私聊》《群发》 联系✈️  bs91m1 ☆ㄏ☆☆☆

=====================================================

2022-05-31 06:15:26 → 6281218966272 → Z8hxkfm → （づ￣3￣）づ╭❤～ 《专业代发广告》	联系bs91m1

=====================================================

2022-05-31 06:15:33 → 6281218966272 → jinmatou8 → （づ￣3￣）づ╭❤～ 《专业代发广告》	联系bs91m1