

=====================================================

2022-05-30 07:36:44 → 6285242442967 → hthali → 专业代发广告，✈️：bs91m1

=====================================================

2022-05-30 07:37:04 → 6285242442963 → zhan159753 → 精准代发广告，✈️：bs91m1

=====================================================

2022-05-30 07:37:14 → 6285242442963 → pfdr666888 → 专业代发广告，✈️：bs91m1

=====================================================

2022-05-30 07:37:28 → 6285242442967 → Z8hxkfm → 专业代发广告，✈️：bs91m1

=====================================================

2022-05-30 07:38:00 → 6285242442963 → xiaozhu66881 → ┃TG群发助手┃诚招代理┃ 联系✈️：bs91m1

=====================================================

2022-05-30 07:38:37 → 6285242442963 → jinmatou8 → ┃TG群发助手┃诚招代理┃ 联系✈️：bs91m1

=====================================================

2022-05-30 07:39:09 → 6285242442967 → DFF88888 → 专业代发广告，✈️：bs91m1

=====================================================

2022-05-30 07:39:46 → 6285242442963 → weixin088 → 精准代发广告，✈️：bs91m1

=====================================================

2022-05-30 07:40:18 → 6285242442967 → qingge888 → 专业代发广告，✈️：bs91m1

=====================================================

2022-05-30 07:40:55 → 6285242442963 → NM_8888 → 专业代发广告，✈️：bs91m1

=====================================================

2022-05-30 07:41:28 → 6285242442967 → yjkj888 → 精准代发广告，✈️：bs91m1

=====================================================

2022-05-30 07:42:05 → 6285242442963 → yongxiongziben → 专业代发广告，✈️：bs91m1

=====================================================

2022-05-30 07:43:14 → 6285242442963 → xiaomiqqwx → 专业代发广告，✈️：bs91m1

=====================================================

2022-05-30 07:44:22 → 6285242442967 → yhk36 → 专业代发广告，✈️：bs91m1

=====================================================

2022-05-30 07:45:30 → 6285242442967 → YBailun → ┃TG群发助手┃诚招代理┃ 联系✈️：bs91m1

=====================================================

2022-05-30 07:46:02 → 6285242442963 → BGhash_1 → 专业代发广告，✈️：bs91m1

=====================================================

2022-05-30 07:46:38 → 6285242442967 → AOA668 → 专业代发广告，✈️：bs91m1

=====================================================

2022-05-30 07:47:10 → 6285242442963 → Qiaoer1989 → 专业代发广告，✈️：bs91m1

=====================================================

2022-05-30 07:47:47 → 6285242442963 → timi1869 → 专业代发广告，✈️：bs91m1

=====================================================

2022-05-30 07:48:19 → 6285242442967 → szw66 → ┃TG群发助手┃诚招代理┃ 联系✈️：bs91m1

=====================================================

2022-05-30 07:48:57 → 6285242442967 → angeltian → 专业代发广告，✈️：bs91m1

=====================================================

2022-05-30 07:49:28 → 6285242442963 → chengxinkaye → ┃TG群发助手┃诚招代理┃ 联系✈️：bs91m1

=====================================================

2022-05-30 07:50:04 → 6285242442967 → YBailun → 专业代发广告，✈️：bs91m1

=====================================================

2022-05-30 07:50:36 → 6285242442963 → Hudjdjdh → ┃TG群发助手┃诚招代理┃ 联系✈️：bs91m1

=====================================================

2022-05-30 07:51:12 → 6285242442963 → qqhao12 → ┃TG群发助手┃诚招代理┃ 联系✈️：bs91m1

=====================================================

2022-05-30 07:51:44 → 6285242442967 → bajie013 → 专业代发广告，✈️：bs91m1

=====================================================

2022-05-30 07:52:21 → 6285242442967 → wz7720100866 → 精准代发广告，✈️：bs91m1

=====================================================

2022-05-30 07:52:52 → 6285242442963 → cx551 → 精准代发广告，✈️：bs91m1

=====================================================

2022-05-30 07:53:29 → 6285242442963 → TEXCENT008 → ┃TG群发助手┃诚招代理┃ 联系✈️：bs91m1

=====================================================

2022-05-30 07:54:00 → 6285242442967 → yb014 → ┃TG群发助手┃诚招代理┃ 联系✈️：bs91m1

=====================================================

2022-05-30 07:54:37 → 6285242442963 → ar9998888 → ┃TG群发助手┃诚招代理┃ 联系✈️：bs91m1

=====================================================

2022-05-30 07:55:08 → 6285242442967 → Anmuxi_Max → 精准代发广告，✈️：bs91m1

=====================================================

2022-05-30 07:55:45 → 6285242442963 → xinba818 → 精准代发广告，✈️：bs91m1

=====================================================

2022-05-30 07:56:16 → 6285242442967 → aa888883 → 专业代发广告，✈️：bs91m1

=====================================================

2022-05-30 07:57:24 → 6285242442963 → yingzheng1688  → 精准代发广告，✈️：bs91m1

=====================================================

2022-05-30 07:58:00 → 6285242442963 → hs866655 → 精准代发广告，✈️：bs91m1

=====================================================

2022-05-30 07:58:32 → 6285242442967 → ws888818svip   → ┃TG群发助手┃诚招代理┃ 联系✈️：bs91m1

=====================================================

2022-05-30 07:59:09 → 6285242442963 → shiyi02 → 专业代发广告，✈️：bs91m1

=====================================================

2022-05-30 07:59:41 → 6285242442967 → v66662 → ┃TG群发助手┃诚招代理┃ 联系✈️：bs91m1

=====================================================

2022-05-30 08:00:17 → 6285242442967 → QQ27777 → 专业代发广告，✈️：bs91m1

=====================================================

2022-05-30 08:01:25 → 6285242442967 → cd91888 → 精准代发广告，✈️：bs91m1

=====================================================

2022-05-30 08:01:56 → 6285242442963 → Pg85888 → ┃TG群发助手┃诚招代理┃ 联系✈️：bs91m1

=====================================================

2022-05-30 08:02:33 → 6285242442967 → Pg30678   → 精准代发广告，✈️：bs91m1

=====================================================

2022-05-30 08:03:41 → 6285242442963 → paofu168 → 精准代发广告，✈️：bs91m1

=====================================================

2022-05-30 08:04:13 → 6285242442967 → paofu66 → 精准代发广告，✈️：bs91m1

=====================================================

2022-05-30 08:04:50 → 6285242442963 → jiuge666 → ┃TG群发助手┃诚招代理┃ 联系✈️：bs91m1

=====================================================

2022-05-30 08:05:23 → 6285242442967 → ts55558 → 专业代发广告，✈️：bs91m1

=====================================================

2022-05-30 08:05:59 → 6285242442963 → xiaozhang9168 → ┃TG群发助手┃诚招代理┃ 联系✈️：bs91m1

=====================================================

2022-05-30 08:06:31 → 6285242442967 → v68886 → 专业代发广告，✈️：bs91m1

=====================================================

2022-05-30 08:07:07 → 6285242442967 → guogong → 专业代发广告，✈️：bs91m1

=====================================================

2022-05-30 08:07:40 → 6285242442963 → tianjiao → ┃TG群发助手┃诚招代理┃ 联系✈️：bs91m1

=====================================================

2022-05-30 08:08:18 → 6285242442963 → Pz88811 → ┃TG群发助手┃诚招代理┃ 联系✈️：bs91m1

=====================================================

2022-05-30 08:08:50 → 6285242442967 → qc87555 → 专业代发广告，✈️：bs91m1

=====================================================

2022-05-30 08:09:27 → 6285242442967 → QQ80000 → ┃TG群发助手┃诚招代理┃ 联系✈️：bs91m1

=====================================================

2022-05-30 08:09:58 → 6285242442963 → dbg25855 → ┃TG群发助手┃诚招代理┃ 联系✈️：bs91m1

=====================================================

2022-05-30 08:10:35 → 6285242442963 → dbg80333 → ┃TG群发助手┃诚招代理┃ 联系✈️：bs91m1

=====================================================

2022-05-30 08:11:06 → 6285242442967 → VIP72760 → 精准代发广告，✈️：bs91m1

=====================================================

2022-05-30 08:11:43 → 6285242442963 → lq11113vip1 → 专业代发广告，✈️：bs91m1

=====================================================

2022-05-30 08:12:15 → 6285242442967 → lq11113vip2 → ┃TG群发助手┃诚招代理┃ 联系✈️：bs91m1

=====================================================

2022-05-30 08:12:53 → 6285242442963 → lq11113vip3 → 精准代发广告，✈️：bs91m1

=====================================================

2022-05-30 08:14:00 → 6285242442963 → shiyue168 → 精准代发广告，✈️：bs91m1

=====================================================

2022-05-30 08:14:32 → 6285242442967 → aa888883 → ┃TG群发助手┃诚招代理┃ 联系✈️：bs91m1

=====================================================

2022-05-30 08:15:08 → 6285242442967 → ts55558 → 专业代发广告，✈️：bs91m1

=====================================================

2022-05-30 08:15:39 → 6285242442963 → jhczs_bd   → ┃TG群发助手┃诚招代理┃ 联系✈️：bs91m1

=====================================================

2022-05-30 08:16:47 → 6285242442963 → eia12345 → 专业代发广告，✈️：bs91m1

=====================================================

2022-05-30 08:18:01 → 6285242442963 → Panguantuandui → ┃TG群发助手┃诚招代理┃ 联系✈️：bs91m1

=====================================================

2022-05-30 08:18:38 → 6285242442963 → ashin888 → 专业代发广告，✈️：bs91m1

=====================================================

2022-05-30 08:19:14 → 6285242442963 → Pg_33300 → 专业代发广告，✈️：bs91m1

=====================================================

2022-05-30 08:20:32 → 6285242442963 → LE99333 → 专业代发广告，✈️：bs91m1

=====================================================

2022-05-30 08:22:44 → 6285242442963 → wansui113 → ┃TG群发助手┃诚招代理┃ 联系✈️：bs91m1

=====================================================

2022-05-30 08:23:51 → 6285242442963 → BMW07569 → ┃TG群发助手┃诚招代理┃ 联系✈️：bs91m1

=====================================================

2022-05-30 08:24:57 → 6285242442963 → yt665666 → 精准代发广告，✈️：bs91m1

=====================================================

2022-05-30 08:26:06 → 6285242442963 → jacky426626 → 专业代发广告，✈️：bs91m1

=====================================================

2022-05-30 08:27:14 → 6285242442963 → hrjulisports → 专业代发广告，✈️：bs91m1

=====================================================

2022-05-30 08:28:22 → 6285242442963 → AionCOX → ┃TG群发助手┃诚招代理┃ 联系✈️：bs91m1

=====================================================

2022-05-30 08:29:29 → 6285242442963 → FBDBET → 专业代发广告，✈️：bs91m1