

=====================================================

2022-06-02 02:22:22 → 6289635971327 → hthali → （づ￣3￣）づ╭❤～ 《精准代发广告》 联系		bs91m1

=====================================================

2022-06-02 02:23:00 → 62895324567778 → zhan159753 → （づ￣3￣）づ╭❤～ 《精准代发广告》 联系		bs91m1

=====================================================

2022-06-02 02:23:45 → 6289635971327 → pfdr666888 → ☆ㄏ☆☆☆ 《专业代发广告》	联系bs91m1

=====================================================

2022-06-02 02:24:23 → 62895324567778 → elang66 → （づ￣3￣）づ╭❤～ 《精准代发广告》 联系		bs91m1

=====================================================

2022-06-02 02:25:08 → 6289635971327 → Z8hxkfm → ☆ㄏ☆☆☆ 《专业代发广告》	联系bs91m1

=====================================================

2022-06-02 02:25:46 → 62895324567778 → xiaozhu66881 → （づ￣3￣）づ╭❤～ 《精准代发广告》 联系		bs91m1

=====================================================

2022-06-02 02:26:31 → 6289635971327 → jinmatou8 → ☆ㄏ☆☆☆ 《专业代发广告》	联系bs91m1

=====================================================

2022-06-02 02:27:09 → 62895324567778 → DFF88888 → ☆ㄏ☆☆☆ 《精准代发广告》 联系bs91m1

=====================================================

2022-06-02 02:27:54 → 62895324567778 → weixin088 → ☆ㄏ☆☆☆ 《专业代发广告》	联系bs91m1

=====================================================

2022-06-02 02:28:32 → 6289635971327 → qingge888 → ☆ㄏ☆☆☆ 《专业代发广告》	联系bs91m1

=====================================================

2022-06-02 02:29:17 → 6289635971327 → NM_8888 → ☆ㄏ☆☆☆ 《专业代发广告》	联系bs91m1

=====================================================

2022-06-02 02:29:55 → 62895324567778 → yjkj888 → ☆ㄏ☆☆☆ 《精准代发广告》 联系bs91m1

=====================================================

2022-06-02 02:30:40 → 62895324567778 → yongxiongziben → （づ￣3￣）づ╭❤～ 《专业代发广告》	联系bs91m1

=====================================================

2022-06-02 02:31:18 → 6289635971327 → xiaomiqqwx → （づ￣3￣）づ╭❤～ 《专业代发广告》	联系bs91m1

=====================================================

2022-06-02 02:32:03 → 62895324567778 → yhk36 → ☆ㄏ☆☆☆ 《专业代发广告》	联系bs91m1

=====================================================

2022-06-02 02:32:41 → 6289635971327 → YBailun → （づ￣3￣）づ╭❤～ 《专业代发广告》	联系bs91m1

=====================================================

2022-06-02 02:33:26 → 6289635971327 → BGhash_1 → （づ￣3￣）づ╭❤～ 《专业代发广告》	联系bs91m1

=====================================================

2022-06-02 02:34:04 → 62895324567778 → AOA668 → （づ￣3￣）づ╭❤～ 《专业代发广告》	联系bs91m1

=====================================================

2022-06-02 02:34:49 → 62895324567778 → Qiaoer1989 → （づ￣3￣）づ╭❤～ 《精准代发广告》 联系		bs91m1

=====================================================

2022-06-02 02:35:27 → 6289635971327 → timi1869 → （づ￣3￣）づ╭❤～ 《专业代发广告》	联系bs91m1

=====================================================

2022-06-02 02:36:12 → 62895324567778 → szw66 → （づ￣3￣）づ╭❤～ 《精准代发广告》 联系		bs91m1

=====================================================

2022-06-02 02:36:50 → 6289635971327 → angeltian → （づ￣3￣）づ╭❤～ 《精准代发广告》 联系		bs91m1

=====================================================

2022-06-02 02:37:35 → 62895324567778 → chengxinkaye → ☆ㄏ☆☆☆ 《精准代发广告》 联系bs91m1

=====================================================

2022-06-02 02:38:13 → 6289635971327 → YBailun → ☆ㄏ☆☆☆ 《精准代发广告》 联系bs91m1

=====================================================

2022-06-02 02:38:57 → 62895324567778 → Hudjdjdh → （づ￣3￣）づ╭❤～ 《精准代发广告》 联系		bs91m1

=====================================================

2022-06-02 02:39:35 → 6289635971327 → qqhao12 → （づ￣3￣）づ╭❤～ 《精准代发广告》 联系		bs91m1

=====================================================

2022-06-02 02:40:20 → 62895324567778 → bajie013 → （づ￣3￣）づ╭❤～ 《精准代发广告》 联系		bs91m1

=====================================================

2022-06-02 02:40:58 → 6289635971327 → wz7720100866 → ☆ㄏ☆☆☆ 《精准代发广告》 联系bs91m1

=====================================================

2022-06-02 02:41:43 → 62895324567778 → cx551 → ☆ㄏ☆☆☆ 《专业代发广告》	联系bs91m1

=====================================================

2022-06-02 02:42:21 → 6289635971327 → TEXCENT008 → ☆ㄏ☆☆☆ 《专业代发广告》	联系bs91m1

=====================================================

2022-06-02 02:43:06 → 6289635971327 → yb014 → （づ￣3￣）づ╭❤～ 《专业代发广告》	联系bs91m1

=====================================================

2022-06-02 02:43:44 → 62895324567778 → ar9998888 → ☆ㄏ☆☆☆ 《精准代发广告》 联系bs91m1

=====================================================

2022-06-02 02:44:29 → 6289635971327 → Anmuxi_Max → （づ￣3￣）づ╭❤～ 《专业代发广告》	联系bs91m1

=====================================================

2022-06-02 02:45:51 → 62895324567778 → aa888883 → ☆ㄏ☆☆☆ 《专业代发广告》	联系bs91m1

=====================================================

2022-06-02 02:46:29 → 6289635971327 → yingzheng1688  → ☆ㄏ☆☆☆ 《专业代发广告》	联系bs91m1

=====================================================

2022-06-02 02:47:14 → 62895324567778 → hs866655 → （づ￣3￣）づ╭❤～ 《专业代发广告》	联系bs91m1

=====================================================

2022-06-02 02:47:52 → 6289635971327 → ws888818svip   → （づ￣3￣）づ╭❤～ 《专业代发广告》	联系bs91m1

=====================================================

2022-06-02 02:48:37 → 6289635971327 → shiyi02 → ☆ㄏ☆☆☆ 《专业代发广告》	联系bs91m1

=====================================================

2022-06-02 02:49:15 → 62895324567778 → v66662 → ☆ㄏ☆☆☆ 《精准代发广告》 联系bs91m1

=====================================================

2022-06-02 02:50:00 → 6289635971327 → QQ27777 → （づ￣3￣）づ╭❤～ 《精准代发广告》 联系		bs91m1

=====================================================

2022-06-02 02:50:38 → 62895324567778 → cd91888 → ☆ㄏ☆☆☆ 《精准代发广告》 联系bs91m1

=====================================================

2022-06-02 02:51:23 → 6289635971327 → Pg85888 → （づ￣3￣）づ╭❤～ 《精准代发广告》 联系		bs91m1

=====================================================

2022-06-02 02:52:01 → 62895324567778 → Pg30678 → （づ￣3￣）づ╭❤～ 《专业代发广告》	联系bs91m1

=====================================================

2022-06-02 02:52:46 → 6289635971327 → paofu168 → （づ￣3￣）づ╭❤～ 《专业代发广告》	联系bs91m1

=====================================================

2022-06-02 02:53:24 → 62895324567778 → paofu66 → ☆ㄏ☆☆☆ 《专业代发广告》	联系bs91m1

=====================================================

2022-06-02 02:54:09 → 62895324567778 → jiuge666 → ☆ㄏ☆☆☆ 《精准代发广告》 联系bs91m1

=====================================================

2022-06-02 02:54:47 → 6289635971327 → ts55558 → ☆ㄏ☆☆☆ 《专业代发广告》	联系bs91m1

=====================================================

2022-06-02 02:55:32 → 6289635971327 → xiaozhang9168 → （づ￣3￣）づ╭❤～ 《精准代发广告》 联系		bs91m1

=====================================================

2022-06-02 02:56:11 → 62895324567778 → v68886 → （づ￣3￣）づ╭❤～ 《专业代发广告》	联系bs91m1

=====================================================

2022-06-02 02:56:55 → 6289635971327 → guogong → ☆ㄏ☆☆☆ 《专业代发广告》	联系bs91m1

=====================================================

2022-06-02 02:57:33 → 62895324567778 → tianjiao → （づ￣3￣）づ╭❤～ 《专业代发广告》	联系bs91m1

=====================================================

2022-06-02 02:58:55 → 62895324567778 → qc87555 → （づ￣3￣）づ╭❤～ 《专业代发广告》	联系bs91m1

=====================================================

2022-06-02 02:59:40 → 62895324567778 → QQ80000 → ☆ㄏ☆☆☆ 《精准代发广告》 联系bs91m1

=====================================================

2022-06-02 03:00:25 → 62895324567778 → dbg25855 → （づ￣3￣）づ╭❤～ 《专业代发广告》	联系bs91m1

=====================================================

2022-06-02 03:01:10 → 62895324567778 → dbg80333 → （づ￣3￣）づ╭❤～ 《精准代发广告》 联系		bs91m1

=====================================================

2022-06-02 03:01:55 → 62895324567778 → VIP72760 → ☆ㄏ☆☆☆ 《精准代发广告》 联系bs91m1