

=====================================================

2022-05-20 08:59:33 → 917602129536 → weixiao741 → 91M Boss】专业投放广告 
①精准采集客户进行私信轰炸 
②精准采集聊天群进行群发轰炸 
③可每天提供 拍视频、发日志文件提供检查工作
 ④同时像市场诚招10位（为控制市场份额，保证代理利益）电报群发软件代理，剩余名额3位 

联系官方专员：https://t.me/bs91m1 
联系官方频道：https://t.me/bs91mChannel 
电报群发软件代理/购买方案查看：https://t.me/bs91mChannel/72 
电报群发软件 session 广告号购买联系：https://t.me/bs91m1

=====================================================

2022-05-20 09:02:15 → 79917733563 → Aero300 → 91M Boss】专业投放广告 
①精准采集客户进行私信轰炸 
②精准采集聊天群进行群发轰炸 
③可每天提供 拍视频、发日志文件提供检查工作
 ④同时像市场诚招10位（为控制市场份额，保证代理利益）电报群发软件代理，剩余名额3位 

联系官方专员：https://t.me/bs91m1 
联系官方频道：https://t.me/bs91mChannel 
电报群发软件代理/购买方案查看：https://t.me/bs91mChannel/72 
电报群发软件 session 广告号购买联系：https://t.me/bs91m1

=====================================================

2022-05-20 09:02:57 → 79917733563 → shoukadun888 → 91M Boss】专业投放广告 
①精准采集客户进行私信轰炸 
②精准采集聊天群进行群发轰炸 
③可每天提供 拍视频、发日志文件提供检查工作
 ④同时像市场诚招10位（为控制市场份额，保证代理利益）电报群发软件代理，剩余名额3位 

联系官方专员：https://t.me/bs91m1 
联系官方频道：https://t.me/bs91mChannel 
电报群发软件代理/购买方案查看：https://t.me/bs91mChannel/72 
电报群发软件 session 广告号购买联系：https://t.me/bs91m1

=====================================================

2022-05-20 09:03:31 → 917602129536 → shoukadun888 → 91M Boss】专业投放广告 
①精准采集客户进行私信轰炸 
②精准采集聊天群进行群发轰炸 
③可每天提供 拍视频、发日志文件提供检查工作
 ④同时像市场诚招10位（为控制市场份额，保证代理利益）电报群发软件代理，剩余名额3位 

联系官方专员：https://t.me/bs91m1 
联系官方频道：https://t.me/bs91mChannel 
电报群发软件代理/购买方案查看：https://t.me/bs91mChannel/72 
电报群发软件 session 广告号购买联系：https://t.me/bs91m1

=====================================================

2022-05-20 09:04:13 → 917602129536 → haopai → 91M Boss】专业投放广告 
①精准采集客户进行私信轰炸 
②精准采集聊天群进行群发轰炸 
③可每天提供 拍视频、发日志文件提供检查工作
 ④同时像市场诚招10位（为控制市场份额，保证代理利益）电报群发软件代理，剩余名额3位 

联系官方专员：https://t.me/bs91m1 
联系官方频道：https://t.me/bs91mChannel 
电报群发软件代理/购买方案查看：https://t.me/bs91mChannel/72 
电报群发软件 session 广告号购买联系：https://t.me/bs91m1

=====================================================

2022-05-20 09:04:49 → 79917733563 → haopai → 91M Boss】专业投放广告 
①精准采集客户进行私信轰炸 
②精准采集聊天群进行群发轰炸 
③可每天提供 拍视频、发日志文件提供检查工作
 ④同时像市场诚招10位（为控制市场份额，保证代理利益）电报群发软件代理，剩余名额3位 

联系官方专员：https://t.me/bs91m1 
联系官方频道：https://t.me/bs91mChannel 
电报群发软件代理/购买方案查看：https://t.me/bs91mChannel/72 
电报群发软件 session 广告号购买联系：https://t.me/bs91m1

=====================================================

2022-05-20 09:05:30 → 79917733563 → linlinfaaa8 → 91M Boss】专业投放广告 
①精准采集客户进行私信轰炸 
②精准采集聊天群进行群发轰炸 
③可每天提供 拍视频、发日志文件提供检查工作
 ④同时像市场诚招10位（为控制市场份额，保证代理利益）电报群发软件代理，剩余名额3位 

联系官方专员：https://t.me/bs91m1 
联系官方频道：https://t.me/bs91mChannel 
电报群发软件代理/购买方案查看：https://t.me/bs91mChannel/72 
电报群发软件 session 广告号购买联系：https://t.me/bs91m1

=====================================================

2022-05-20 09:06:04 → 917602129536 → linlinfaaa8 → 91M Boss】专业投放广告 
①精准采集客户进行私信轰炸 
②精准采集聊天群进行群发轰炸 
③可每天提供 拍视频、发日志文件提供检查工作
 ④同时像市场诚招10位（为控制市场份额，保证代理利益）电报群发软件代理，剩余名额3位 

联系官方专员：https://t.me/bs91m1 
联系官方频道：https://t.me/bs91mChannel 
电报群发软件代理/购买方案查看：https://t.me/bs91mChannel/72 
电报群发软件 session 广告号购买联系：https://t.me/bs91m1

=====================================================

2022-05-20 09:07:17 → 917602129536 → qw8868 → 91M Boss】专业投放广告 
①精准采集客户进行私信轰炸 
②精准采集聊天群进行群发轰炸 
③可每天提供 拍视频、发日志文件提供检查工作
 ④同时像市场诚招10位（为控制市场份额，保证代理利益）电报群发软件代理，剩余名额3位 

联系官方专员：https://t.me/bs91m1 
联系官方频道：https://t.me/bs91mChannel 
电报群发软件代理/购买方案查看：https://t.me/bs91mChannel/72 
电报群发软件 session 广告号购买联系：https://t.me/bs91m1

=====================================================

2022-05-20 09:08:09 → 917602129536 → huang658 → 91M Boss】专业投放广告 
①精准采集客户进行私信轰炸 
②精准采集聊天群进行群发轰炸 
③可每天提供 拍视频、发日志文件提供检查工作
 ④同时像市场诚招10位（为控制市场份额，保证代理利益）电报群发软件代理，剩余名额3位 

联系官方专员：https://t.me/bs91m1 
联系官方频道：https://t.me/bs91mChannel 
电报群发软件代理/购买方案查看：https://t.me/bs91mChannel/72 
电报群发软件 session 广告号购买联系：https://t.me/bs91m1

=====================================================

2022-05-20 09:09:40 → 917602129536 → dlzsgf → 91M Boss】专业投放广告 
①精准采集客户进行私信轰炸 
②精准采集聊天群进行群发轰炸 
③可每天提供 拍视频、发日志文件提供检查工作
 ④同时像市场诚招10位（为控制市场份额，保证代理利益）电报群发软件代理，剩余名额3位 

联系官方专员：https://t.me/bs91m1 
联系官方频道：https://t.me/bs91mChannel 
电报群发软件代理/购买方案查看：https://t.me/bs91mChannel/72 
电报群发软件 session 广告号购买联系：https://t.me/bs91m1

=====================================================

2022-05-20 09:10:42 → 917602129536 → dlzskf → 91M Boss】专业投放广告 
①精准采集客户进行私信轰炸 
②精准采集聊天群进行群发轰炸 
③可每天提供 拍视频、发日志文件提供检查工作
 ④同时像市场诚招10位（为控制市场份额，保证代理利益）电报群发软件代理，剩余名额3位 

联系官方专员：https://t.me/bs91m1 
联系官方频道：https://t.me/bs91mChannel 
电报群发软件代理/购买方案查看：https://t.me/bs91mChannel/72 
电报群发软件 session 广告号购买联系：https://t.me/bs91m1

=====================================================

2022-05-20 09:11:26 → 917602129536 → zsgf8 → 91M Boss】专业投放广告 
①精准采集客户进行私信轰炸 
②精准采集聊天群进行群发轰炸 
③可每天提供 拍视频、发日志文件提供检查工作
 ④同时像市场诚招10位（为控制市场份额，保证代理利益）电报群发软件代理，剩余名额3位 

联系官方专员：https://t.me/bs91m1 
联系官方频道：https://t.me/bs91mChannel 
电报群发软件代理/购买方案查看：https://t.me/bs91mChannel/72 
电报群发软件 session 广告号购买联系：https://t.me/bs91m1

=====================================================

2022-05-20 09:12:08 → 917602129536 → KzingSales1 → 91M Boss】专业投放广告 
①精准采集客户进行私信轰炸 
②精准采集聊天群进行群发轰炸 
③可每天提供 拍视频、发日志文件提供检查工作
 ④同时像市场诚招10位（为控制市场份额，保证代理利益）电报群发软件代理，剩余名额3位 

联系官方专员：https://t.me/bs91m1 
联系官方频道：https://t.me/bs91mChannel 
电报群发软件代理/购买方案查看：https://t.me/bs91mChannel/72 
电报群发软件 session 广告号购买联系：https://t.me/bs91m1

=====================================================

2022-05-20 09:12:51 → 917602129536 → Kzingsales → 91M Boss】专业投放广告 
①精准采集客户进行私信轰炸 
②精准采集聊天群进行群发轰炸 
③可每天提供 拍视频、发日志文件提供检查工作
 ④同时像市场诚招10位（为控制市场份额，保证代理利益）电报群发软件代理，剩余名额3位 

联系官方专员：https://t.me/bs91m1 
联系官方频道：https://t.me/bs91mChannel 
电报群发软件代理/购买方案查看：https://t.me/bs91mChannel/72 
电报群发软件 session 广告号购买联系：https://t.me/bs91m1

=====================================================

2022-05-20 09:13:33 → 917602129536 → Zz0544 → 91M Boss】专业投放广告 
①精准采集客户进行私信轰炸 
②精准采集聊天群进行群发轰炸 
③可每天提供 拍视频、发日志文件提供检查工作
 ④同时像市场诚招10位（为控制市场份额，保证代理利益）电报群发软件代理，剩余名额3位 

联系官方专员：https://t.me/bs91m1 
联系官方频道：https://t.me/bs91mChannel 
电报群发软件代理/购买方案查看：https://t.me/bs91mChannel/72 
电报群发软件 session 广告号购买联系：https://t.me/bs91m1

=====================================================

2022-05-20 09:14:15 → 917602129536 → yuanding6666 → 91M Boss】专业投放广告 
①精准采集客户进行私信轰炸 
②精准采集聊天群进行群发轰炸 
③可每天提供 拍视频、发日志文件提供检查工作
 ④同时像市场诚招10位（为控制市场份额，保证代理利益）电报群发软件代理，剩余名额3位 

联系官方专员：https://t.me/bs91m1 
联系官方频道：https://t.me/bs91mChannel 
电报群发软件代理/购买方案查看：https://t.me/bs91mChannel/72 
电报群发软件 session 广告号购买联系：https://t.me/bs91m1

=====================================================

2022-05-20 09:14:59 → 917602129536 → muomi8 → 91M Boss】专业投放广告 
①精准采集客户进行私信轰炸 
②精准采集聊天群进行群发轰炸 
③可每天提供 拍视频、发日志文件提供检查工作
 ④同时像市场诚招10位（为控制市场份额，保证代理利益）电报群发软件代理，剩余名额3位 

联系官方专员：https://t.me/bs91m1 
联系官方频道：https://t.me/bs91mChannel 
电报群发软件代理/购买方案查看：https://t.me/bs91mChannel/72 
电报群发软件 session 广告号购买联系：https://t.me/bs91m1

=====================================================

2022-05-20 09:15:41 → 917602129536 → long6999 → 91M Boss】专业投放广告 
①精准采集客户进行私信轰炸 
②精准采集聊天群进行群发轰炸 
③可每天提供 拍视频、发日志文件提供检查工作
 ④同时像市场诚招10位（为控制市场份额，保证代理利益）电报群发软件代理，剩余名额3位 

联系官方专员：https://t.me/bs91m1 
联系官方频道：https://t.me/bs91mChannel 
电报群发软件代理/购买方案查看：https://t.me/bs91mChannel/72 
电报群发软件 session 广告号购买联系：https://t.me/bs91m1

=====================================================

2022-05-20 09:16:22 → 917602129536 → qqwx88886666 → 91M Boss】专业投放广告 
①精准采集客户进行私信轰炸 
②精准采集聊天群进行群发轰炸 
③可每天提供 拍视频、发日志文件提供检查工作
 ④同时像市场诚招10位（为控制市场份额，保证代理利益）电报群发软件代理，剩余名额3位 

联系官方专员：https://t.me/bs91m1 
联系官方频道：https://t.me/bs91mChannel 
电报群发软件代理/购买方案查看：https://t.me/bs91mChannel/72 
电报群发软件 session 广告号购买联系：https://t.me/bs91m1

=====================================================

2022-05-20 09:17:04 → 917602129536 → zaizaizaiy → 91M Boss】专业投放广告 
①精准采集客户进行私信轰炸 
②精准采集聊天群进行群发轰炸 
③可每天提供 拍视频、发日志文件提供检查工作
 ④同时像市场诚招10位（为控制市场份额，保证代理利益）电报群发软件代理，剩余名额3位 

联系官方专员：https://t.me/bs91m1 
联系官方频道：https://t.me/bs91mChannel 
电报群发软件代理/购买方案查看：https://t.me/bs91mChannel/72 
电报群发软件 session 广告号购买联系：https://t.me/bs91m1

=====================================================

2022-05-20 09:17:46 → 917602129536 → karina11113 → 91M Boss】专业投放广告 
①精准采集客户进行私信轰炸 
②精准采集聊天群进行群发轰炸 
③可每天提供 拍视频、发日志文件提供检查工作
 ④同时像市场诚招10位（为控制市场份额，保证代理利益）电报群发软件代理，剩余名额3位 

联系官方专员：https://t.me/bs91m1 
联系官方频道：https://t.me/bs91mChannel 
电报群发软件代理/购买方案查看：https://t.me/bs91mChannel/72 
电报群发软件 session 广告号购买联系：https://t.me/bs91m1

=====================================================

2022-05-20 09:18:27 → 917602129536 → leyu_TM → 91M Boss】专业投放广告 
①精准采集客户进行私信轰炸 
②精准采集聊天群进行群发轰炸 
③可每天提供 拍视频、发日志文件提供检查工作
 ④同时像市场诚招10位（为控制市场份额，保证代理利益）电报群发软件代理，剩余名额3位 

联系官方专员：https://t.me/bs91m1 
联系官方频道：https://t.me/bs91mChannel 
电报群发软件代理/购买方案查看：https://t.me/bs91mChannel/72 
电报群发软件 session 广告号购买联系：https://t.me/bs91m1

=====================================================

2022-05-20 09:19:08 → 917602129536 → jinzuan88 → 91M Boss】专业投放广告 
①精准采集客户进行私信轰炸 
②精准采集聊天群进行群发轰炸 
③可每天提供 拍视频、发日志文件提供检查工作
 ④同时像市场诚招10位（为控制市场份额，保证代理利益）电报群发软件代理，剩余名额3位 

联系官方专员：https://t.me/bs91m1 
联系官方频道：https://t.me/bs91mChannel 
电报群发软件代理/购买方案查看：https://t.me/bs91mChannel/72 
电报群发软件 session 广告号购买联系：https://t.me/bs91m1

=====================================================

2022-05-20 09:19:50 → 917602129536 → jdkj88288 → 91M Boss】专业投放广告 
①精准采集客户进行私信轰炸 
②精准采集聊天群进行群发轰炸 
③可每天提供 拍视频、发日志文件提供检查工作
 ④同时像市场诚招10位（为控制市场份额，保证代理利益）电报群发软件代理，剩余名额3位 

联系官方专员：https://t.me/bs91m1 
联系官方频道：https://t.me/bs91mChannel 
电报群发软件代理/购买方案查看：https://t.me/bs91mChannel/72 
电报群发软件 session 广告号购买联系：https://t.me/bs91m1