

=====================================================

2022-06-20
咨询客户ID：5553251729
回复消息：代发广告、购买群发软件、session协议号 请联系
【91M Boss】 客户经理：https://t.me/bs91m1
【91M Boss】 官方交流群：https://t.me/bs91m990

=====================================================

2022-06-20
咨询客户ID：5513367493
回复消息：代发广告、购买群发软件、session协议号 请联系
【91M Boss】 客户经理：https://t.me/bs91m1
【91M Boss】 官方交流群：https://t.me/bs91m990

=====================================================

2022-06-20
咨询客户ID：5365904700
回复消息：代发广告、购买群发软件、session协议号 请联系
【91M Boss】 客户经理：https://t.me/bs91m1
【91M Boss】 官方交流群：https://t.me/bs91m990

=====================================================

2022-06-20
咨询客户ID：964838119
回复消息：代发广告、购买群发软件、session协议号 请联系
【91M Boss】 客户经理：https://t.me/bs91m1
【91M Boss】 官方交流群：https://t.me/bs91m990

=====================================================

2022-06-20
咨询客户ID：1916708883
回复消息：代发广告、购买群发软件、session协议号 请联系
【91M Boss】 客户经理：https://t.me/bs91m1
【91M Boss】 官方交流群：https://t.me/bs91m990

=====================================================

2022-06-20
咨询客户ID：5320559917
回复消息：代发广告、购买群发软件、session协议号 请联系
【91M Boss】 客户经理：https://t.me/bs91m1
【91M Boss】 官方交流群：https://t.me/bs91m990

=====================================================

2022-06-20
咨询客户ID：5198528123
回复消息：代发广告、购买群发软件、session协议号 请联系
【91M Boss】 客户经理：https://t.me/bs91m1
【91M Boss】 官方交流群：https://t.me/bs91m990

=====================================================

2022-06-20
咨询客户ID：5431158306
回复消息：代发广告、购买群发软件、session协议号 请联系
【91M Boss】 客户经理：https://t.me/bs91m1
【91M Boss】 官方交流群：https://t.me/bs91m990

=====================================================

2022-06-20
咨询客户ID：5521780447
回复消息：代发广告、购买群发软件、session协议号 请联系
【91M Boss】 客户经理：https://t.me/bs91m1
【91M Boss】 官方交流群：https://t.me/bs91m990

=====================================================

2022-06-20
咨询客户ID：5376505728
回复消息：代发广告、购买群发软件、session协议号 请联系
【91M Boss】 客户经理：https://t.me/bs91m1
【91M Boss】 官方交流群：https://t.me/bs91m990

=====================================================

2022-06-20
咨询客户ID：5374423548
回复消息：代发广告、购买群发软件、session协议号 请联系
【91M Boss】 客户经理：https://t.me/bs91m1
【91M Boss】 官方交流群：https://t.me/bs91m990

=====================================================

2022-06-20
咨询客户ID：5513367493
回复消息：代发广告、购买群发软件、session协议号 请联系
【91M Boss】 客户经理：https://t.me/bs91m1
【91M Boss】 官方交流群：https://t.me/bs91m990

=====================================================

2022-06-20
咨询客户ID：5584727665
回复消息：代发广告、购买群发软件、session协议号 请联系
【91M Boss】 客户经理：https://t.me/bs91m1
【91M Boss】 官方交流群：https://t.me/bs91m990

=====================================================

2022-06-20
咨询客户ID：5143059543
回复消息：代发广告、购买群发软件、session协议号 请联系
【91M Boss】 客户经理：https://t.me/bs91m1
【91M Boss】 官方交流群：https://t.me/bs91m990

=====================================================

2022-06-20
咨询客户ID：5374423548
回复消息：代发广告、购买群发软件、session协议号 请联系
【91M Boss】 客户经理：https://t.me/bs91m1
【91M Boss】 官方交流群：https://t.me/bs91m990

=====================================================

2022-06-20
咨询客户ID：5540137349
回复消息：代发广告、购买群发软件、session协议号 请联系
【91M Boss】 客户经理：https://t.me/bs91m1
【91M Boss】 官方交流群：https://t.me/bs91m990

=====================================================

2022-06-20
咨询客户ID：5472406994
回复消息：代发广告、购买群发软件、session协议号 请联系
【91M Boss】 客户经理：https://t.me/bs91m1
【91M Boss】 官方交流群：https://t.me/bs91m990

=====================================================

2022-06-20
咨询客户ID：5499943009
回复消息：代发广告、购买群发软件、session协议号 请联系
【91M Boss】 客户经理：https://t.me/bs91m1
【91M Boss】 官方交流群：https://t.me/bs91m990

=====================================================

2022-06-20
咨询客户ID：1205349985
回复消息：代发广告、购买群发软件、session协议号 请联系
【91M Boss】 客户经理：https://t.me/bs91m1
【91M Boss】 官方交流群：https://t.me/bs91m990

=====================================================

2022-06-20
咨询客户ID：5039795038
回复消息：代发广告、购买群发软件、session协议号 请联系
【91M Boss】 客户经理：https://t.me/bs91m1
【91M Boss】 官方交流群：https://t.me/bs91m990

=====================================================

2022-06-20
咨询客户ID：5539814079
回复消息：代发广告、购买群发软件、session协议号 请联系
【91M Boss】 客户经理：https://t.me/bs91m1
【91M Boss】 官方交流群：https://t.me/bs91m990

=====================================================

2022-06-20
咨询客户ID：5342293162
回复消息：代发广告、购买群发软件、session协议号 请联系
【91M Boss】 客户经理：https://t.me/bs91m1
【91M Boss】 官方交流群：https://t.me/bs91m990

=====================================================

2022-06-20
咨询客户ID：5393043905
回复消息：代发广告、购买群发软件、session协议号 请联系
【91M Boss】 客户经理：https://t.me/bs91m1
【91M Boss】 官方交流群：https://t.me/bs91m990

=====================================================

2022-06-20
咨询客户ID：5595454722
回复消息：代发广告、购买群发软件、session协议号 请联系
【91M Boss】 客户经理：https://t.me/bs91m1
【91M Boss】 官方交流群：https://t.me/bs91m990

=====================================================

2022-06-20
咨询客户ID：5539050323
回复消息：代发广告、购买群发软件、session协议号 请联系
【91M Boss】 客户经理：https://t.me/bs91m1
【91M Boss】 官方交流群：https://t.me/bs91m990

=====================================================

2022-06-20
咨询客户ID：5443714711
回复消息：代发广告、购买群发软件、session协议号 请联系
【91M Boss】 客户经理：https://t.me/bs91m1
【91M Boss】 官方交流群：https://t.me/bs91m990

=====================================================

2022-06-20
咨询客户ID：5366166165
回复消息：代发广告、购买群发软件、session协议号 请联系
【91M Boss】 客户经理：https://t.me/bs91m1
【91M Boss】 官方交流群：https://t.me/bs91m990

=====================================================

2022-06-20
咨询客户ID：5419304074
回复消息：代发广告、购买群发软件、session协议号 请联系
【91M Boss】 客户经理：https://t.me/bs91m1
【91M Boss】 官方交流群：https://t.me/bs91m990

=====================================================

2022-06-20
咨询客户ID：813063855
回复消息：代发广告、购买群发软件、session协议号 请联系
【91M Boss】 客户经理：https://t.me/bs91m1
【91M Boss】 官方交流群：https://t.me/bs91m990

=====================================================

2022-06-20
咨询客户ID：5312735710
回复消息：代发广告、购买群发软件、session协议号 请联系
【91M Boss】 客户经理：https://t.me/bs91m1
【91M Boss】 官方交流群：https://t.me/bs91m990

=====================================================

2022-06-20
咨询客户ID：5433630887
回复消息：代发广告、购买群发软件、session协议号 请联系
【91M Boss】 客户经理：https://t.me/bs91m1
【91M Boss】 官方交流群：https://t.me/bs91m990

=====================================================

2022-06-20
咨询客户ID：5530004986
回复消息：代发广告、购买群发软件、session协议号 请联系
【91M Boss】 客户经理：https://t.me/bs91m1
【91M Boss】 官方交流群：https://t.me/bs91m990

=====================================================

2022-06-20
咨询客户ID：5500248896
回复消息：代发广告、购买群发软件、session协议号 请联系
【91M Boss】 客户经理：https://t.me/bs91m1
【91M Boss】 官方交流群：https://t.me/bs91m990

=====================================================

2022-06-20
咨询客户ID：5480973996
回复消息：代发广告、购买群发软件、session协议号 请联系
【91M Boss】 客户经理：https://t.me/bs91m1
【91M Boss】 官方交流群：https://t.me/bs91m990

=====================================================

2022-06-20
咨询客户ID：1916708883
回复消息：代发广告、购买群发软件、session协议号 请联系
【91M Boss】 客户经理：https://t.me/bs91m1
【91M Boss】 官方交流群：https://t.me/bs91m990

=====================================================

2022-06-20
咨询客户ID：5328293922
回复消息：代发广告、购买群发软件、session协议号 请联系
【91M Boss】 客户经理：https://t.me/bs91m1
【91M Boss】 官方交流群：https://t.me/bs91m990

=====================================================

2022-06-20
咨询客户ID：5119527308
回复消息：代发广告、购买群发软件、session协议号 请联系
【91M Boss】 客户经理：https://t.me/bs91m1
【91M Boss】 官方交流群：https://t.me/bs91m990

=====================================================

2022-06-20
咨询客户ID：5591294775
回复消息：代发广告、购买群发软件、session协议号 请联系
【91M Boss】 客户经理：https://t.me/bs91m1
【91M Boss】 官方交流群：https://t.me/bs91m990

=====================================================

2022-06-20
咨询客户ID：5486662788
回复消息：代发广告、购买群发软件、session协议号 请联系
【91M Boss】 客户经理：https://t.me/bs91m1
【91M Boss】 官方交流群：https://t.me/bs91m990

=====================================================

2022-06-20
咨询客户ID：5052314774
回复消息：代发广告、购买群发软件、session协议号 请联系
【91M Boss】 客户经理：https://t.me/bs91m1
【91M Boss】 官方交流群：https://t.me/bs91m990

=====================================================

2022-06-20
咨询客户ID：5590905637
回复消息：代发广告、购买群发软件、session协议号 请联系
【91M Boss】 客户经理：https://t.me/bs91m1
【91M Boss】 官方交流群：https://t.me/bs91m990

=====================================================

2022-06-20
咨询客户ID：5566591708
回复消息：代发广告、购买群发软件、session协议号 请联系
【91M Boss】 客户经理：https://t.me/bs91m1
【91M Boss】 官方交流群：https://t.me/bs91m990

=====================================================

2022-06-20
咨询客户ID：1544793885
回复消息：代发广告、购买群发软件、session协议号 请联系
【91M Boss】 客户经理：https://t.me/bs91m1
【91M Boss】 官方交流群：https://t.me/bs91m990

=====================================================

2022-06-20
咨询客户ID：5596179380
回复消息：代发广告、购买群发软件、session协议号 请联系
【91M Boss】 客户经理：https://t.me/bs91m1
【91M Boss】 官方交流群：https://t.me/bs91m990

=====================================================

2022-06-20
咨询客户ID：5463970263
回复消息：代发广告、购买群发软件、session协议号 请联系
【91M Boss】 客户经理：https://t.me/bs91m1
【91M Boss】 官方交流群：https://t.me/bs91m990

=====================================================

2022-06-20
咨询客户ID：5555220098
回复消息：代发广告、购买群发软件、session协议号 请联系
【91M Boss】 客户经理：https://t.me/bs91m1
【91M Boss】 官方交流群：https://t.me/bs91m990

=====================================================

2022-06-20
咨询客户ID：5028538404
回复消息：代发广告、购买群发软件、session协议号 请联系
【91M Boss】 客户经理：https://t.me/bs91m1
【91M Boss】 官方交流群：https://t.me/bs91m990

=====================================================

2022-06-20
咨询客户ID：5485464234
回复消息：代发广告、购买群发软件、session协议号 请联系
【91M Boss】 客户经理：https://t.me/bs91m1
【91M Boss】 官方交流群：https://t.me/bs91m990

=====================================================

2022-06-20
咨询客户ID：1636473037
回复消息：代发广告、购买群发软件、session协议号 请联系
【91M Boss】 客户经理：https://t.me/bs91m1
【91M Boss】 官方交流群：https://t.me/bs91m990

=====================================================

2022-06-20
咨询客户ID：5595416097
回复消息：代发广告、购买群发软件、session协议号 请联系
【91M Boss】 客户经理：https://t.me/bs91m1
【91M Boss】 官方交流群：https://t.me/bs91m990

=====================================================

2022-06-20
咨询客户ID：1121127098
回复消息：代发广告、购买群发软件、session协议号 请联系
【91M Boss】 客户经理：https://t.me/bs91m1
【91M Boss】 官方交流群：https://t.me/bs91m990

=====================================================

2022-06-20
咨询客户ID：5509408132
回复消息：代发广告、购买群发软件、session协议号 请联系
【91M Boss】 客户经理：https://t.me/bs91m1
【91M Boss】 官方交流群：https://t.me/bs91m990

=====================================================

2022-06-20
咨询客户ID：2111955748
回复消息：代发广告、购买群发软件、session协议号 请联系
【91M Boss】 客户经理：https://t.me/bs91m1
【91M Boss】 官方交流群：https://t.me/bs91m990

=====================================================

2022-06-20
咨询客户ID：2140656054
回复消息：代发广告、购买群发软件、session协议号 请联系
【91M Boss】 客户经理：https://t.me/bs91m1
【91M Boss】 官方交流群：https://t.me/bs91m990

=====================================================

2022-06-20
咨询客户ID：2113554478
回复消息：代发广告、购买群发软件、session协议号 请联系
【91M Boss】 客户经理：https://t.me/bs91m1
【91M Boss】 官方交流群：https://t.me/bs91m990

=====================================================

2022-06-20
咨询客户ID：5091665729
回复消息：代发广告、购买群发软件、session协议号 请联系
【91M Boss】 客户经理：https://t.me/bs91m1
【91M Boss】 官方交流群：https://t.me/bs91m990

=====================================================

2022-06-20
咨询客户ID：5154413695
回复消息：代发广告、购买群发软件、session协议号 请联系
【91M Boss】 客户经理：https://t.me/bs91m1
【91M Boss】 官方交流群：https://t.me/bs91m990

=====================================================

2022-06-20
咨询客户ID：5596842978
回复消息：代发广告、购买群发软件、session协议号 请联系
【91M Boss】 客户经理：https://t.me/bs91m1
【91M Boss】 官方交流群：https://t.me/bs91m990

=====================================================

2022-06-20
咨询客户ID：5223594445
回复消息：代发广告、购买群发软件、session协议号 请联系
【91M Boss】 客户经理：https://t.me/bs91m1
【91M Boss】 官方交流群：https://t.me/bs91m990

=====================================================

2022-06-20
咨询客户ID：5381892555
回复消息：代发广告、购买群发软件、session协议号 请联系
【91M Boss】 客户经理：https://t.me/bs91m1
【91M Boss】 官方交流群：https://t.me/bs91m990

=====================================================

2022-06-20
咨询客户ID：5545064533
回复消息：代发广告、购买群发软件、session协议号 请联系
【91M Boss】 客户经理：https://t.me/bs91m1
【91M Boss】 官方交流群：https://t.me/bs91m990

=====================================================

2022-06-20
咨询客户ID：5577749062
回复消息：代发广告、购买群发软件、session协议号 请联系
【91M Boss】 客户经理：https://t.me/bs91m1
【91M Boss】 官方交流群：https://t.me/bs91m990

=====================================================

2022-06-20
咨询客户ID：5406875113
回复消息：代发广告、购买群发软件、session协议号 请联系
【91M Boss】 客户经理：https://t.me/bs91m1
【91M Boss】 官方交流群：https://t.me/bs91m990

=====================================================

2022-06-20
咨询客户ID：5478448543
回复消息：代发广告、购买群发软件、session协议号 请联系
【91M Boss】 客户经理：https://t.me/bs91m1
【91M Boss】 官方交流群：https://t.me/bs91m990

=====================================================

2022-06-20
咨询客户ID：5338504712
回复消息：代发广告、购买群发软件、session协议号 请联系
【91M Boss】 客户经理：https://t.me/bs91m1
【91M Boss】 官方交流群：https://t.me/bs91m990

=====================================================

2022-06-20
咨询客户ID：2126962317
回复消息：代发广告、购买群发软件、session协议号 请联系
【91M Boss】 客户经理：https://t.me/bs91m1
【91M Boss】 官方交流群：https://t.me/bs91m990

=====================================================

2022-06-20
咨询客户ID：1852010896
回复消息：代发广告、购买群发软件、session协议号 请联系
【91M Boss】 客户经理：https://t.me/bs91m1
【91M Boss】 官方交流群：https://t.me/bs91m990

=====================================================

2022-06-20
咨询客户ID：5549484020
回复消息：代发广告、购买群发软件、session协议号 请联系
【91M Boss】 客户经理：https://t.me/bs91m1
【91M Boss】 官方交流群：https://t.me/bs91m990

=====================================================

2022-06-20
咨询客户ID：5495312635
回复消息：代发广告、购买群发软件、session协议号 请联系
【91M Boss】 客户经理：https://t.me/bs91m1
【91M Boss】 官方交流群：https://t.me/bs91m990

=====================================================

2022-06-20
咨询客户ID：5566473259
回复消息：代发广告、购买群发软件、session协议号 请联系
【91M Boss】 客户经理：https://t.me/bs91m1
【91M Boss】 官方交流群：https://t.me/bs91m990

=====================================================

2022-06-20
咨询客户ID：5486032451
回复消息：代发广告、购买群发软件、session协议号 请联系
【91M Boss】 客户经理：https://t.me/bs91m1
【91M Boss】 官方交流群：https://t.me/bs91m990

=====================================================

2022-06-20
咨询客户ID：5172245559
回复消息：代发广告、购买群发软件、session协议号 请联系
【91M Boss】 客户经理：https://t.me/bs91m1
【91M Boss】 官方交流群：https://t.me/bs91m990

=====================================================

2022-06-20
咨询客户ID：2100105248
回复消息：代发广告、购买群发软件、session协议号 请联系
【91M Boss】 客户经理：https://t.me/bs91m1
【91M Boss】 官方交流群：https://t.me/bs91m990

=====================================================

2022-06-20
咨询客户ID：5345540882
回复消息：代发广告、购买群发软件、session协议号 请联系
【91M Boss】 客户经理：https://t.me/bs91m1
【91M Boss】 官方交流群：https://t.me/bs91m990

=====================================================

2022-06-20
咨询客户ID：1278112129
回复消息：代发广告、购买群发软件、session协议号 请联系
【91M Boss】 客户经理：https://t.me/bs91m1
【91M Boss】 官方交流群：https://t.me/bs91m990

=====================================================

2022-06-20
咨询客户ID：5294760142
回复消息：代发广告、购买群发软件、session协议号 请联系
【91M Boss】 客户经理：https://t.me/bs91m1
【91M Boss】 官方交流群：https://t.me/bs91m990

=====================================================

2022-06-20
咨询客户ID：5102601461
回复消息：代发广告、购买群发软件、session协议号 请联系
【91M Boss】 客户经理：https://t.me/bs91m1
【91M Boss】 官方交流群：https://t.me/bs91m990

=====================================================

2022-06-20
咨询客户ID：5166485596
回复消息：代发广告、购买群发软件、session协议号 请联系
【91M Boss】 客户经理：https://t.me/bs91m1
【91M Boss】 官方交流群：https://t.me/bs91m990

=====================================================

2022-06-20
咨询客户ID：2128634942
回复消息：代发广告、购买群发软件、session协议号 请联系
【91M Boss】 客户经理：https://t.me/bs91m1
【91M Boss】 官方交流群：https://t.me/bs91m990

=====================================================

2022-06-20
咨询客户ID：1761552084
回复消息：代发广告、购买群发软件、session协议号 请联系
【91M Boss】 客户经理：https://t.me/bs91m1
【91M Boss】 官方交流群：https://t.me/bs91m990

=====================================================

2022-06-20
咨询客户ID：5166988183
回复消息：代发广告、购买群发软件、session协议号 请联系
【91M Boss】 客户经理：https://t.me/bs91m1
【91M Boss】 官方交流群：https://t.me/bs91m990

=====================================================

2022-06-20
咨询客户ID：5358720434
回复消息：代发广告、购买群发软件、session协议号 请联系
【91M Boss】 客户经理：https://t.me/bs91m1
【91M Boss】 官方交流群：https://t.me/bs91m990

=====================================================

2022-06-20
咨询客户ID：5018962025
回复消息：代发广告、购买群发软件、session协议号 请联系
【91M Boss】 客户经理：https://t.me/bs91m1
【91M Boss】 官方交流群：https://t.me/bs91m990

=====================================================

2022-06-20
咨询客户ID：5347539629
回复消息：代发广告、购买群发软件、session协议号 请联系
【91M Boss】 客户经理：https://t.me/bs91m1
【91M Boss】 官方交流群：https://t.me/bs91m990

=====================================================

2022-06-20
咨询客户ID：5488406211
回复消息：代发广告、购买群发软件、session协议号 请联系
【91M Boss】 客户经理：https://t.me/bs91m1
【91M Boss】 官方交流群：https://t.me/bs91m990

=====================================================

2022-06-20
咨询客户ID：1849373094
回复消息：代发广告、购买群发软件、session协议号 请联系
【91M Boss】 客户经理：https://t.me/bs91m1
【91M Boss】 官方交流群：https://t.me/bs91m990

=====================================================

2022-06-20
咨询客户ID：2034921500
回复消息：代发广告、购买群发软件、session协议号 请联系
【91M Boss】 客户经理：https://t.me/bs91m1
【91M Boss】 官方交流群：https://t.me/bs91m990

=====================================================

2022-06-20
咨询客户ID：5327343614
回复消息：代发广告、购买群发软件、session协议号 请联系
【91M Boss】 客户经理：https://t.me/bs91m1
【91M Boss】 官方交流群：https://t.me/bs91m990

=====================================================

2022-06-20
咨询客户ID：5104389541
回复消息：代发广告、购买群发软件、session协议号 请联系
【91M Boss】 客户经理：https://t.me/bs91m1
【91M Boss】 官方交流群：https://t.me/bs91m990

=====================================================

2022-06-20
咨询客户ID：5517184597
回复消息：代发广告、购买群发软件、session协议号 请联系
【91M Boss】 客户经理：https://t.me/bs91m1
【91M Boss】 官方交流群：https://t.me/bs91m990

=====================================================

2022-06-20
咨询客户ID：1437231992
回复消息：代发广告、购买群发软件、session协议号 请联系
【91M Boss】 客户经理：https://t.me/bs91m1
【91M Boss】 官方交流群：https://t.me/bs91m990

=====================================================

2022-06-20
咨询客户ID：5550312194
回复消息：代发广告、购买群发软件、session协议号 请联系
【91M Boss】 客户经理：https://t.me/bs91m1
【91M Boss】 官方交流群：https://t.me/bs91m990

=====================================================

2022-06-20
咨询客户ID：2050361887
回复消息：代发广告、购买群发软件、session协议号 请联系
【91M Boss】 客户经理：https://t.me/bs91m1
【91M Boss】 官方交流群：https://t.me/bs91m990

=====================================================

2022-06-20
咨询客户ID：5480711856
回复消息：代发广告、购买群发软件、session协议号 请联系
【91M Boss】 客户经理：https://t.me/bs91m1
【91M Boss】 官方交流群：https://t.me/bs91m990

=====================================================

2022-06-20
咨询客户ID：5550312194
回复消息：代发广告、购买群发软件、session协议号 请联系
【91M Boss】 客户经理：https://t.me/bs91m1
【91M Boss】 官方交流群：https://t.me/bs91m990

=====================================================

2022-06-20
咨询客户ID：5353062350
回复消息：代发广告、购买群发软件、session协议号 请联系
【91M Boss】 客户经理：https://t.me/bs91m1
【91M Boss】 官方交流群：https://t.me/bs91m990

=====================================================

2022-06-20
咨询客户ID：5418496494
回复消息：代发广告、购买群发软件、session协议号 请联系
【91M Boss】 客户经理：https://t.me/bs91m1
【91M Boss】 官方交流群：https://t.me/bs91m990

=====================================================

2022-06-20
咨询客户ID：5418496494
回复消息：代发广告、购买群发软件、session协议号 请联系
【91M Boss】 客户经理：https://t.me/bs91m1
【91M Boss】 官方交流群：https://t.me/bs91m990

=====================================================

2022-06-20
咨询客户ID：5418496494
回复消息：代发广告、购买群发软件、session协议号 请联系
【91M Boss】 客户经理：https://t.me/bs91m1
【91M Boss】 官方交流群：https://t.me/bs91m990

=====================================================

2022-06-20
咨询客户ID：1848543069
回复消息：代发广告、购买群发软件、session协议号 请联系
【91M Boss】 客户经理：https://t.me/bs91m1
【91M Boss】 官方交流群：https://t.me/bs91m990

=====================================================

2022-06-20
咨询客户ID：1335297378
回复消息：代发广告、购买群发软件、session协议号 请联系
【91M Boss】 客户经理：https://t.me/bs91m1
【91M Boss】 官方交流群：https://t.me/bs91m990

=====================================================

2022-06-20
咨询客户ID：5462599478
回复消息：代发广告、购买群发软件、session协议号 请联系
【91M Boss】 客户经理：https://t.me/bs91m1
【91M Boss】 官方交流群：https://t.me/bs91m990

=====================================================

2022-06-20
咨询客户ID：5378762437
回复消息：代发广告、购买群发软件、session协议号 请联系
【91M Boss】 客户经理：https://t.me/bs91m1
【91M Boss】 官方交流群：https://t.me/bs91m990

=====================================================

2022-06-20
咨询客户ID：5517439699
回复消息：代发广告、购买群发软件、session协议号 请联系
【91M Boss】 客户经理：https://t.me/bs91m1
【91M Boss】 官方交流群：https://t.me/bs91m990

=====================================================

2022-06-20
咨询客户ID：718995591
回复消息：代发广告、购买群发软件、session协议号 请联系
【91M Boss】 客户经理：https://t.me/bs91m1
【91M Boss】 官方交流群：https://t.me/bs91m990

=====================================================

2022-06-20
咨询客户ID：5505160219
回复消息：代发广告、购买群发软件、session协议号 请联系
【91M Boss】 客户经理：https://t.me/bs91m1
【91M Boss】 官方交流群：https://t.me/bs91m990

=====================================================

2022-06-20
咨询客户ID：2133537176
回复消息：代发广告、购买群发软件、session协议号 请联系
【91M Boss】 客户经理：https://t.me/bs91m1
【91M Boss】 官方交流群：https://t.me/bs91m990

=====================================================

2022-06-20
咨询客户ID：5404202336
回复消息：代发广告、购买群发软件、session协议号 请联系
【91M Boss】 客户经理：https://t.me/bs91m1
【91M Boss】 官方交流群：https://t.me/bs91m990

=====================================================

2022-06-20
咨询客户ID：5573219780
回复消息：代发广告、购买群发软件、session协议号 请联系
【91M Boss】 客户经理：https://t.me/bs91m1
【91M Boss】 官方交流群：https://t.me/bs91m990

=====================================================

2022-06-20
咨询客户ID：5305023072
回复消息：代发广告、购买群发软件、session协议号 请联系
【91M Boss】 客户经理：https://t.me/bs91m1
【91M Boss】 官方交流群：https://t.me/bs91m990

=====================================================

2022-06-20
咨询客户ID：5307516689
回复消息：代发广告、购买群发软件、session协议号 请联系
【91M Boss】 客户经理：https://t.me/bs91m1
【91M Boss】 官方交流群：https://t.me/bs91m990

=====================================================

2022-06-20
咨询客户ID：5257339248
回复消息：代发广告、购买群发软件、session协议号 请联系
【91M Boss】 客户经理：https://t.me/bs91m1
【91M Boss】 官方交流群：https://t.me/bs91m990

=====================================================

2022-06-20
咨询客户ID：5579887460
回复消息：代发广告、购买群发软件、session协议号 请联系
【91M Boss】 客户经理：https://t.me/bs91m1
【91M Boss】 官方交流群：https://t.me/bs91m990

=====================================================

2022-06-20
咨询客户ID：5391183589
回复消息：代发广告、购买群发软件、session协议号 请联系
【91M Boss】 客户经理：https://t.me/bs91m1
【91M Boss】 官方交流群：https://t.me/bs91m990

=====================================================

2022-06-20
咨询客户ID：5486582460
回复消息：代发广告、购买群发软件、session协议号 请联系
【91M Boss】 客户经理：https://t.me/bs91m1
【91M Boss】 官方交流群：https://t.me/bs91m990

=====================================================

2022-06-20
咨询客户ID：5500876726
回复消息：代发广告、购买群发软件、session协议号 请联系
【91M Boss】 客户经理：https://t.me/bs91m1
【91M Boss】 官方交流群：https://t.me/bs91m990

=====================================================

2022-06-20
咨询客户ID：5305744775
回复消息：代发广告、购买群发软件、session协议号 请联系
【91M Boss】 客户经理：https://t.me/bs91m1
【91M Boss】 官方交流群：https://t.me/bs91m990

=====================================================

2022-06-20
咨询客户ID：5522540405
回复消息：代发广告、购买群发软件、session协议号 请联系
【91M Boss】 客户经理：https://t.me/bs91m1
【91M Boss】 官方交流群：https://t.me/bs91m990

=====================================================

2022-06-20
咨询客户ID：5154413695
回复消息：代发广告、购买群发软件、session协议号 请联系
【91M Boss】 客户经理：https://t.me/bs91m1
【91M Boss】 官方交流群：https://t.me/bs91m990

=====================================================

2022-06-20
咨询客户ID：5321441312
回复消息：代发广告、购买群发软件、session协议号 请联系
【91M Boss】 客户经理：https://t.me/bs91m1
【91M Boss】 官方交流群：https://t.me/bs91m990

=====================================================

2022-06-20
咨询客户ID：5300945175
回复消息：代发广告、购买群发软件、session协议号 请联系
【91M Boss】 客户经理：https://t.me/bs91m1
【91M Boss】 官方交流群：https://t.me/bs91m990

=====================================================

2022-06-20
咨询客户ID：1058492268
回复消息：代发广告、购买群发软件、session协议号 请联系
【91M Boss】 客户经理：https://t.me/bs91m1
【91M Boss】 官方交流群：https://t.me/bs91m990

=====================================================

2022-06-20
咨询客户ID：5380317977
回复消息：代发广告、购买群发软件、session协议号 请联系
【91M Boss】 客户经理：https://t.me/bs91m1
【91M Boss】 官方交流群：https://t.me/bs91m990

=====================================================

2022-06-20
咨询客户ID：1677890968
回复消息：代发广告、购买群发软件、session协议号 请联系
【91M Boss】 客户经理：https://t.me/bs91m1
【91M Boss】 官方交流群：https://t.me/bs91m990

=====================================================

2022-06-20
咨询客户ID：2010313422
回复消息：代发广告、购买群发软件、session协议号 请联系
【91M Boss】 客户经理：https://t.me/bs91m1
【91M Boss】 官方交流群：https://t.me/bs91m990

=====================================================

2022-06-20
咨询客户ID：890568602
回复消息：代发广告、购买群发软件、session协议号 请联系
【91M Boss】 客户经理：https://t.me/bs91m1
【91M Boss】 官方交流群：https://t.me/bs91m990

=====================================================

2022-06-20
咨询客户ID：5028270398
回复消息：代发广告、购买群发软件、session协议号 请联系
【91M Boss】 客户经理：https://t.me/bs91m1
【91M Boss】 官方交流群：https://t.me/bs91m990

=====================================================

2022-06-20
咨询客户ID：1005061314
回复消息：代发广告、购买群发软件、session协议号 请联系
【91M Boss】 客户经理：https://t.me/bs91m1
【91M Boss】 官方交流群：https://t.me/bs91m990

=====================================================

2022-06-20
咨询客户ID：1758720100
回复消息：代发广告、购买群发软件、session协议号 请联系
【91M Boss】 客户经理：https://t.me/bs91m1
【91M Boss】 官方交流群：https://t.me/bs91m990

=====================================================

2022-06-20
咨询客户ID：5108934936
回复消息：代发广告、购买群发软件、session协议号 请联系
【91M Boss】 客户经理：https://t.me/bs91m1
【91M Boss】 官方交流群：https://t.me/bs91m990

=====================================================

2022-06-20
咨询客户ID：5199376293
回复消息：代发广告、购买群发软件、session协议号 请联系
【91M Boss】 客户经理：https://t.me/bs91m1
【91M Boss】 官方交流群：https://t.me/bs91m990

=====================================================

2022-06-20
咨询客户ID：5134232546
回复消息：代发广告、购买群发软件、session协议号 请联系
【91M Boss】 客户经理：https://t.me/bs91m1
【91M Boss】 官方交流群：https://t.me/bs91m990

=====================================================

2022-06-20
咨询客户ID：2086065990
回复消息：代发广告、购买群发软件、session协议号 请联系
【91M Boss】 客户经理：https://t.me/bs91m1
【91M Boss】 官方交流群：https://t.me/bs91m990

=====================================================

2022-06-20
咨询客户ID：5360894670
回复消息：代发广告、购买群发软件、session协议号 请联系
【91M Boss】 客户经理：https://t.me/bs91m1
【91M Boss】 官方交流群：https://t.me/bs91m990

=====================================================

2022-06-20
咨询客户ID：5395647180
回复消息：代发广告、购买群发软件、session协议号 请联系
【91M Boss】 客户经理：https://t.me/bs91m1
【91M Boss】 官方交流群：https://t.me/bs91m990

=====================================================

2022-06-20
咨询客户ID：5303332545
回复消息：代发广告、购买群发软件、session协议号 请联系
【91M Boss】 客户经理：https://t.me/bs91m1
【91M Boss】 官方交流群：https://t.me/bs91m990

=====================================================

2022-06-20
咨询客户ID：5303332545
回复消息：代发广告、购买群发软件、session协议号 请联系
【91M Boss】 客户经理：https://t.me/bs91m1
【91M Boss】 官方交流群：https://t.me/bs91m990

=====================================================

2022-06-20
咨询客户ID：5303332545
回复消息：代发广告、购买群发软件、session协议号 请联系
【91M Boss】 客户经理：https://t.me/bs91m1
【91M Boss】 官方交流群：https://t.me/bs91m990

=====================================================

2022-06-20
咨询客户ID：5453019355
回复消息：代发广告、购买群发软件、session协议号 请联系
【91M Boss】 客户经理：https://t.me/bs91m1
【91M Boss】 官方交流群：https://t.me/bs91m990

=====================================================

2022-06-20
咨询客户ID：5303332545
回复消息：代发广告、购买群发软件、session协议号 请联系
【91M Boss】 客户经理：https://t.me/bs91m1
【91M Boss】 官方交流群：https://t.me/bs91m990

=====================================================

2022-06-20
咨询客户ID：5303332545
回复消息：代发广告、购买群发软件、session协议号 请联系
【91M Boss】 客户经理：https://t.me/bs91m1
【91M Boss】 官方交流群：https://t.me/bs91m990

=====================================================

2022-06-20
咨询客户ID：5453019355
回复消息：代发广告、购买群发软件、session协议号 请联系
【91M Boss】 客户经理：https://t.me/bs91m1
【91M Boss】 官方交流群：https://t.me/bs91m990

=====================================================

2022-06-20
咨询客户ID：5303332545
回复消息：代发广告、购买群发软件、session协议号 请联系
【91M Boss】 客户经理：https://t.me/bs91m1
【91M Boss】 官方交流群：https://t.me/bs91m990

=====================================================

2022-06-20
咨询客户ID：5303332545
回复消息：代发广告、购买群发软件、session协议号 请联系
【91M Boss】 客户经理：https://t.me/bs91m1
【91M Boss】 官方交流群：https://t.me/bs91m990

=====================================================

2022-06-20
咨询客户ID：5303332545
回复消息：代发广告、购买群发软件、session协议号 请联系
【91M Boss】 客户经理：https://t.me/bs91m1
【91M Boss】 官方交流群：https://t.me/bs91m990

=====================================================

2022-06-20
咨询客户ID：5303332545
回复消息：代发广告、购买群发软件、session协议号 请联系
【91M Boss】 客户经理：https://t.me/bs91m1
【91M Boss】 官方交流群：https://t.me/bs91m990

=====================================================

2022-06-20
咨询客户ID：5154413695
回复消息：代发广告、购买群发软件、session协议号 请联系
【91M Boss】 客户经理：https://t.me/bs91m1
【91M Boss】 官方交流群：https://t.me/bs91m990

=====================================================

2022-06-20
咨询客户ID：5303332545
回复消息：代发广告、购买群发软件、session协议号 请联系
【91M Boss】 客户经理：https://t.me/bs91m1
【91M Boss】 官方交流群：https://t.me/bs91m990

=====================================================

2022-06-20
咨询客户ID：5303332545
回复消息：代发广告、购买群发软件、session协议号 请联系
【91M Boss】 客户经理：https://t.me/bs91m1
【91M Boss】 官方交流群：https://t.me/bs91m990

=====================================================

2022-06-20
咨询客户ID：5154413695
回复消息：代发广告、购买群发软件、session协议号 请联系
【91M Boss】 客户经理：https://t.me/bs91m1
【91M Boss】 官方交流群：https://t.me/bs91m990

=====================================================

2022-06-20
咨询客户ID：5303332545
回复消息：代发广告、购买群发软件、session协议号 请联系
【91M Boss】 客户经理：https://t.me/bs91m1
【91M Boss】 官方交流群：https://t.me/bs91m990

=====================================================

2022-06-20
咨询客户ID：5357364085
回复消息：代发广告、购买群发软件、session协议号 请联系
【91M Boss】 客户经理：https://t.me/bs91m1
【91M Boss】 官方交流群：https://t.me/bs91m990

=====================================================

2022-06-20
咨询客户ID：5303332545
回复消息：代发广告、购买群发软件、session协议号 请联系
【91M Boss】 客户经理：https://t.me/bs91m1
【91M Boss】 官方交流群：https://t.me/bs91m990

=====================================================

2022-06-20
咨询客户ID：5303332545
回复消息：代发广告、购买群发软件、session协议号 请联系
【91M Boss】 客户经理：https://t.me/bs91m1
【91M Boss】 官方交流群：https://t.me/bs91m990

=====================================================

2022-06-20
咨询客户ID：5303332545
回复消息：代发广告、购买群发软件、session协议号 请联系
【91M Boss】 客户经理：https://t.me/bs91m1
【91M Boss】 官方交流群：https://t.me/bs91m990

=====================================================

2022-06-20
咨询客户ID：5303332545
回复消息：代发广告、购买群发软件、session协议号 请联系
【91M Boss】 客户经理：https://t.me/bs91m1
【91M Boss】 官方交流群：https://t.me/bs91m990

=====================================================

2022-06-20
咨询客户ID：5303332545
回复消息：代发广告、购买群发软件、session协议号 请联系
【91M Boss】 客户经理：https://t.me/bs91m1
【91M Boss】 官方交流群：https://t.me/bs91m990

=====================================================

2022-06-20
咨询客户ID：5154413695
回复消息：代发广告、购买群发软件、session协议号 请联系
【91M Boss】 客户经理：https://t.me/bs91m1
【91M Boss】 官方交流群：https://t.me/bs91m990

=====================================================

2022-06-20
咨询客户ID：5154413695
回复消息：代发广告、购买群发软件、session协议号 请联系
【91M Boss】 客户经理：https://t.me/bs91m1
【91M Boss】 官方交流群：https://t.me/bs91m990

=====================================================

2022-06-20
咨询客户ID：5563356654
回复消息：代发广告、购买群发软件、session协议号 请联系
【91M Boss】 客户经理：https://t.me/bs91m1
【91M Boss】 官方交流群：https://t.me/bs91m990

=====================================================

2022-06-20
咨询客户ID：5154413695
回复消息：代发广告、购买群发软件、session协议号 请联系
【91M Boss】 客户经理：https://t.me/bs91m1
【91M Boss】 官方交流群：https://t.me/bs91m990

=====================================================

2022-06-20
咨询客户ID：5154413695
回复消息：代发广告、购买群发软件、session协议号 请联系
【91M Boss】 客户经理：https://t.me/bs91m1
【91M Boss】 官方交流群：https://t.me/bs91m990

=====================================================

2022-06-20
咨询客户ID：5596635879
回复消息：代发广告、购买群发软件、session协议号 请联系
【91M Boss】 客户经理：https://t.me/bs91m1
【91M Boss】 官方交流群：https://t.me/bs91m990

=====================================================

2022-06-20
咨询客户ID：5533259044
回复消息：代发广告、购买群发软件、session协议号 请联系
【91M Boss】 客户经理：https://t.me/bs91m1
【91M Boss】 官方交流群：https://t.me/bs91m990

=====================================================

2022-06-20
咨询客户ID：5429158358
回复消息：代发广告、购买群发软件、session协议号 请联系
【91M Boss】 客户经理：https://t.me/bs91m1
【91M Boss】 官方交流群：https://t.me/bs91m990

=====================================================

2022-06-20
咨询客户ID：5477267440
回复消息：代发广告、购买群发软件、session协议号 请联系
【91M Boss】 客户经理：https://t.me/bs91m1
【91M Boss】 官方交流群：https://t.me/bs91m990

=====================================================

2022-06-20
咨询客户ID：1480178329
回复消息：代发广告、购买群发软件、session协议号 请联系
【91M Boss】 客户经理：https://t.me/bs91m1
【91M Boss】 官方交流群：https://t.me/bs91m990