

=====================================================

2022-06-22
咨询客户ID：5290875628
回复消息：代发广告、购买群发软件、session协议号 请联系
【91M Boss】 客户经理：https://t.me/bs91m1
【91M Boss】 官方交流群：https://t.me/bs91m990

=====================================================

2022-06-22
咨询客户ID：5080404762
回复消息：代发广告、购买群发软件、session协议号 请联系
【91M Boss】 客户经理：https://t.me/bs91m1
【91M Boss】 官方交流群：https://t.me/bs91m990

=====================================================

2022-06-22
咨询客户ID：5460453287
回复消息：代发广告、购买群发软件、session协议号 请联系
【91M Boss】 客户经理：https://t.me/bs91m1
【91M Boss】 官方交流群：https://t.me/bs91m990

=====================================================

2022-06-22
咨询客户ID：5326874872
回复消息：代发广告、购买群发软件、session协议号 请联系
【91M Boss】 客户经理：https://t.me/bs91m1
【91M Boss】 官方交流群：https://t.me/bs91m990