

=====================================================

2022-05-09
咨询客户ID：5332397288
回复消息：请联系主号：https://t.me/bs91m1
【91M Boss】官方交流群：https://t.me/bs91m990

=====================================================

2022-05-09
咨询客户ID：1891302107
回复消息：请联系主号：https://t.me/bs91m1
【91M Boss】官方交流群：https://t.me/bs91m990

=====================================================

2022-05-09
咨询客户ID：5322476840
回复消息：请联系主号：https://t.me/bs91m1
【91M Boss】官方交流群：https://t.me/bs91m990

=====================================================

2022-05-09
咨询客户ID：5235552782
回复消息：请联系主号：https://t.me/bs91m1
【91M Boss】官方交流群：https://t.me/bs91m990

=====================================================

2022-05-09
咨询客户ID：5168152356
回复消息：请联系主号：https://t.me/bs91m1
【91M Boss】官方交流群：https://t.me/bs91m990

=====================================================

2022-05-09
咨询客户ID：5220725291
回复消息：请联系主号：https://t.me/bs91m1
【91M Boss】官方交流群：https://t.me/bs91m990

=====================================================

2022-05-09
咨询客户ID：5216468548
回复消息：请联系主号：https://t.me/bs91m1
【91M Boss】官方交流群：https://t.me/bs91m990

=====================================================

2022-05-09
咨询客户ID：5301209245
回复消息：请联系主号：https://t.me/bs91m1
【91M Boss】官方交流群：https://t.me/bs91m990

=====================================================

2022-05-09
咨询客户ID：2085007226
回复消息：请联系主号：https://t.me/bs91m1
【91M Boss】官方交流群：https://t.me/bs91m990

=====================================================

2022-05-09
咨询客户ID：2131793656
回复消息：请联系主号：https://t.me/bs91m1
【91M Boss】官方交流群：https://t.me/bs91m990

=====================================================

2022-05-09
咨询客户ID：5383435939
回复消息：请联系主号：https://t.me/bs91m1
【91M Boss】官方交流群：https://t.me/bs91m990

=====================================================

2022-05-09
咨询客户ID：5221331695
回复消息：请联系主号：https://t.me/bs91m1
【91M Boss】官方交流群：https://t.me/bs91m990

=====================================================

2022-05-09
咨询客户ID：1650663301
回复消息：请联系主号：https://t.me/bs91m1
【91M Boss】官方交流群：https://t.me/bs91m990

=====================================================

2022-05-09
咨询客户ID：5235847171
回复消息：请联系主号：https://t.me/bs91m1
【91M Boss】官方交流群：https://t.me/bs91m990

=====================================================

2022-05-09
咨询客户ID：5326382040
回复消息：请联系主号：https://t.me/bs91m1
【91M Boss】官方交流群：https://t.me/bs91m990

=====================================================

2022-05-09
咨询客户ID：5279260242
回复消息：请联系主号：https://t.me/bs91m1
【91M Boss】官方交流群：https://t.me/bs91m990

=====================================================

2022-05-09
咨询客户ID：5375439953
回复消息：请联系主号：https://t.me/bs91m1
【91M Boss】官方交流群：https://t.me/bs91m990

=====================================================

2022-05-09
咨询客户ID：5395808918
回复消息：请联系主号：https://t.me/bs91m1
【91M Boss】官方交流群：https://t.me/bs91m990

=====================================================

2022-05-09
咨询客户ID：5366570489
回复消息：请联系主号：https://t.me/bs91m1
【91M Boss】官方交流群：https://t.me/bs91m990

=====================================================

2022-05-09
咨询客户ID：2139763036
回复消息：请联系主号：https://t.me/bs91m1
【91M Boss】官方交流群：https://t.me/bs91m990

=====================================================

2022-05-09
咨询客户ID：5026818667
回复消息：请联系主号：https://t.me/bs91m1
【91M Boss】官方交流群：https://t.me/bs91m990

=====================================================

2022-05-09
咨询客户ID：5163962194
回复消息：请联系主号：https://t.me/bs91m1
【91M Boss】官方交流群：https://t.me/bs91m990

=====================================================

2022-05-09
咨询客户ID：2105761114
回复消息：请联系主号：https://t.me/bs91m1
【91M Boss】官方交流群：https://t.me/bs91m990

=====================================================

2022-05-09
咨询客户ID：5332376116
回复消息：请联系主号：https://t.me/bs91m1
【91M Boss】官方交流群：https://t.me/bs91m990

=====================================================

2022-05-09
咨询客户ID：5067899384
回复消息：请联系主号：https://t.me/bs91m1
【91M Boss】官方交流群：https://t.me/bs91m990

=====================================================

2022-05-09
咨询客户ID：5390579439
回复消息：请联系主号：https://t.me/bs91m1
【91M Boss】官方交流群：https://t.me/bs91m990

=====================================================

2022-05-09
咨询客户ID：5354514078
回复消息：请联系主号：https://t.me/bs91m1
【91M Boss】官方交流群：https://t.me/bs91m990

=====================================================

2022-05-09
咨询客户ID：1610485352
回复消息：请联系主号：https://t.me/bs91m1
【91M Boss】官方交流群：https://t.me/bs91m990

=====================================================

2022-05-09
咨询客户ID：2015198678
回复消息：请联系主号：https://t.me/bs91m1
【91M Boss】官方交流群：https://t.me/bs91m990

=====================================================

2022-05-09
咨询客户ID：2106689073
回复消息：请联系主号：https://t.me/bs91m1
【91M Boss】官方交流群：https://t.me/bs91m990

=====================================================

2022-05-09
咨询客户ID：1800994827
回复消息：请联系主号：https://t.me/bs91m1
【91M Boss】官方交流群：https://t.me/bs91m990

=====================================================

2022-05-09
咨询客户ID：5385272321
回复消息：请联系主号：https://t.me/bs91m1
【91M Boss】官方交流群：https://t.me/bs91m990

=====================================================

2022-05-09
咨询客户ID：1887294458
回复消息：请联系主号：https://t.me/bs91m1
【91M Boss】官方交流群：https://t.me/bs91m990

=====================================================

2022-05-09
咨询客户ID：5201359326
回复消息：请联系主号：https://t.me/bs91m1
【91M Boss】官方交流群：https://t.me/bs91m990

=====================================================

2022-05-09
咨询客户ID：5351938410
回复消息：请联系主号：https://t.me/bs91m1
【91M Boss】官方交流群：https://t.me/bs91m990

=====================================================

2022-05-09
咨询客户ID：5392277784
回复消息：请联系主号：https://t.me/bs91m1
【91M Boss】官方交流群：https://t.me/bs91m990

=====================================================

2022-05-09
咨询客户ID：5335672417
回复消息：请联系主号：https://t.me/bs91m1
【91M Boss】官方交流群：https://t.me/bs91m990

=====================================================

2022-05-09
咨询客户ID：5338812521
回复消息：请联系主号：https://t.me/bs91m1
【91M Boss】官方交流群：https://t.me/bs91m990

=====================================================

2022-05-09
咨询客户ID：5399672252
回复消息：请联系主号：https://t.me/bs91m1
【91M Boss】官方交流群：https://t.me/bs91m990

=====================================================

2022-05-09
咨询客户ID：5117824460
回复消息：请联系主号：https://t.me/bs91m1
【91M Boss】官方交流群：https://t.me/bs91m990

=====================================================

2022-05-09
咨询客户ID：5343926924
回复消息：请联系主号：https://t.me/bs91m1
【91M Boss】官方交流群：https://t.me/bs91m990

=====================================================

2022-05-09
咨询客户ID：5286571162
回复消息：请联系主号：https://t.me/bs91m1
【91M Boss】官方交流群：https://t.me/bs91m990

=====================================================

2022-05-09
咨询客户ID：2032526950
回复消息：请联系主号：https://t.me/bs91m1
【91M Boss】官方交流群：https://t.me/bs91m990

=====================================================

2022-05-09
咨询客户ID：5354799087
回复消息：请联系主号：https://t.me/bs91m1
【91M Boss】官方交流群：https://t.me/bs91m990

=====================================================

2022-05-09
咨询客户ID：5344271615
回复消息：请联系主号：https://t.me/bs91m1
【91M Boss】官方交流群：https://t.me/bs91m990

=====================================================

2022-05-09
咨询客户ID：5376399624
回复消息：请联系主号：https://t.me/bs91m1
【91M Boss】官方交流群：https://t.me/bs91m990

=====================================================

2022-05-09
咨询客户ID：5316293291
回复消息：请联系主号：https://t.me/bs91m1
【91M Boss】官方交流群：https://t.me/bs91m990

=====================================================

2022-05-09
咨询客户ID：5262907369
回复消息：请联系主号：https://t.me/bs91m1
【91M Boss】官方交流群：https://t.me/bs91m990

=====================================================

2022-05-09
咨询客户ID：5265600349
回复消息：请联系主号：https://t.me/bs91m1
【91M Boss】官方交流群：https://t.me/bs91m990

=====================================================

2022-05-09
咨询客户ID：5300308549
回复消息：请联系主号：https://t.me/bs91m1
【91M Boss】官方交流群：https://t.me/bs91m990

=====================================================

2022-05-09
咨询客户ID：5126225753
回复消息：请联系主号：https://t.me/bs91m1
【91M Boss】官方交流群：https://t.me/bs91m990

=====================================================

2022-05-09
咨询客户ID：5155981908
回复消息：请联系主号：https://t.me/bs91m1
【91M Boss】官方交流群：https://t.me/bs91m990

=====================================================

2022-05-09
咨询客户ID：5149222692
回复消息：请联系主号：https://t.me/bs91m1
【91M Boss】官方交流群：https://t.me/bs91m990

=====================================================

2022-05-09
咨询客户ID：5305583649
回复消息：请联系主号：https://t.me/bs91m1
【91M Boss】官方交流群：https://t.me/bs91m990

=====================================================

2022-05-09
咨询客户ID：5362657963
回复消息：请联系主号：https://t.me/bs91m1
【91M Boss】官方交流群：https://t.me/bs91m990

=====================================================

2022-05-09
咨询客户ID：5226348012
回复消息：请联系主号：https://t.me/bs91m1
【91M Boss】官方交流群：https://t.me/bs91m990

=====================================================

2022-05-09
咨询客户ID：5160833592
回复消息：请联系主号：https://t.me/bs91m1
【91M Boss】官方交流群：https://t.me/bs91m990

=====================================================

2022-05-09
咨询客户ID：5324073110
回复消息：请联系主号：https://t.me/bs91m1
【91M Boss】官方交流群：https://t.me/bs91m990

=====================================================

2022-05-09
咨询客户ID：5316467763
回复消息：请联系主号：https://t.me/bs91m1
【91M Boss】官方交流群：https://t.me/bs91m990

=====================================================

2022-05-09
咨询客户ID：5179076096
回复消息：请联系主号：https://t.me/bs91m1
【91M Boss】官方交流群：https://t.me/bs91m990

=====================================================

2022-05-09
咨询客户ID：5032985037
回复消息：请联系主号：https://t.me/bs91m1
【91M Boss】官方交流群：https://t.me/bs91m990

=====================================================

2022-05-09
咨询客户ID：5195608372
回复消息：请联系主号：https://t.me/bs91m1
【91M Boss】官方交流群：https://t.me/bs91m990

=====================================================

2022-05-09
咨询客户ID：5121166575
回复消息：请联系主号：https://t.me/bs91m1
【91M Boss】官方交流群：https://t.me/bs91m990

=====================================================

2022-05-09
咨询客户ID：5117589783
回复消息：请联系主号：https://t.me/bs91m1
【91M Boss】官方交流群：https://t.me/bs91m990

=====================================================

2022-05-09
咨询客户ID：5133721905
回复消息：请联系主号：https://t.me/bs91m1
【91M Boss】官方交流群：https://t.me/bs91m990

=====================================================

2022-05-09
咨询客户ID：5212000532
回复消息：请联系主号：https://t.me/bs91m1
【91M Boss】官方交流群：https://t.me/bs91m990

=====================================================

2022-05-09
咨询客户ID：5107944047
回复消息：请联系主号：https://t.me/bs91m1
【91M Boss】官方交流群：https://t.me/bs91m990

=====================================================

2022-05-09
咨询客户ID：5214945981
回复消息：请联系主号：https://t.me/bs91m1
【91M Boss】官方交流群：https://t.me/bs91m990

=====================================================

2022-05-09
咨询客户ID：5148905055
回复消息：请联系主号：https://t.me/bs91m1
【91M Boss】官方交流群：https://t.me/bs91m990

=====================================================

2022-05-09
咨询客户ID：5304310166
回复消息：请联系主号：https://t.me/bs91m1
【91M Boss】官方交流群：https://t.me/bs91m990

=====================================================

2022-05-09
咨询客户ID：5300755782
回复消息：请联系主号：https://t.me/bs91m1
【91M Boss】官方交流群：https://t.me/bs91m990

=====================================================

2022-05-09
咨询客户ID：5335504353
回复消息：请联系主号：https://t.me/bs91m1
【91M Boss】官方交流群：https://t.me/bs91m990

=====================================================

2022-05-09
咨询客户ID：5302085127
回复消息：请联系主号：https://t.me/bs91m1
【91M Boss】官方交流群：https://t.me/bs91m990

=====================================================

2022-05-09
咨询客户ID：2096782640
回复消息：请联系主号：https://t.me/bs91m1
【91M Boss】官方交流群：https://t.me/bs91m990

=====================================================

2022-05-09
咨询客户ID：2142470776
回复消息：请联系主号：https://t.me/bs91m1
【91M Boss】官方交流群：https://t.me/bs91m990

=====================================================

2022-05-09
咨询客户ID：1949804854
回复消息：请联系主号：https://t.me/bs91m1
【91M Boss】官方交流群：https://t.me/bs91m990

=====================================================

2022-05-09
咨询客户ID：5247307160
回复消息：请联系主号：https://t.me/bs91m1
【91M Boss】官方交流群：https://t.me/bs91m990

=====================================================

2022-05-09
咨询客户ID：5102810318
回复消息：请联系主号：https://t.me/bs91m1
【91M Boss】官方交流群：https://t.me/bs91m990

=====================================================

2022-05-09
咨询客户ID：5328052434
回复消息：请联系主号：https://t.me/bs91m1
【91M Boss】官方交流群：https://t.me/bs91m990

=====================================================

2022-05-09
咨询客户ID：5357273092
回复消息：请联系主号：https://t.me/bs91m1
【91M Boss】官方交流群：https://t.me/bs91m990

=====================================================

2022-05-09
咨询客户ID：5268765746
回复消息：请联系主号：https://t.me/bs91m1
【91M Boss】官方交流群：https://t.me/bs91m990

=====================================================

2022-05-09
咨询客户ID：5219714044
回复消息：请联系主号：https://t.me/bs91m1
【91M Boss】官方交流群：https://t.me/bs91m990

=====================================================

2022-05-09
咨询客户ID：2010185567
回复消息：请联系主号：https://t.me/bs91m1
【91M Boss】官方交流群：https://t.me/bs91m990

=====================================================

2022-05-09
咨询客户ID：768679952
回复消息：请联系主号：https://t.me/bs91m1
【91M Boss】官方交流群：https://t.me/bs91m990

=====================================================

2022-05-09
咨询客户ID：1365770138
回复消息：请联系主号：https://t.me/bs91m1
【91M Boss】官方交流群：https://t.me/bs91m990

=====================================================

2022-05-09
咨询客户ID：830080034
回复消息：请联系主号：https://t.me/bs91m1
【91M Boss】官方交流群：https://t.me/bs91m990

=====================================================

2022-05-09
咨询客户ID：5365417092
回复消息：请联系主号：https://t.me/bs91m1
【91M Boss】官方交流群：https://t.me/bs91m990

=====================================================

2022-05-09
咨询客户ID：2077201155
回复消息：请联系主号：https://t.me/bs91m1
【91M Boss】官方交流群：https://t.me/bs91m990

=====================================================

2022-05-09
咨询客户ID：5367413335
回复消息：请联系主号：https://t.me/bs91m1
【91M Boss】官方交流群：https://t.me/bs91m990

=====================================================

2022-05-09
咨询客户ID：5388692083
回复消息：请联系主号：https://t.me/bs91m1
【91M Boss】官方交流群：https://t.me/bs91m990

=====================================================

2022-05-09
咨询客户ID：1965742779
回复消息：请联系主号：https://t.me/bs91m1
【91M Boss】官方交流群：https://t.me/bs91m990

=====================================================

2022-05-09
咨询客户ID：1254641253
回复消息：请联系主号：https://t.me/bs91m1
【91M Boss】官方交流群：https://t.me/bs91m990

=====================================================

2022-05-09
咨询客户ID：5371715618
回复消息：请联系主号：https://t.me/bs91m1
【91M Boss】官方交流群：https://t.me/bs91m990

=====================================================

2022-05-09
咨询客户ID：5244932535
回复消息：请联系主号：https://t.me/bs91m1
【91M Boss】官方交流群：https://t.me/bs91m990

=====================================================

2022-05-09
咨询客户ID：5379446833
回复消息：请联系主号：https://t.me/bs91m1
【91M Boss】官方交流群：https://t.me/bs91m990

=====================================================

2022-05-09
咨询客户ID：2122458210
回复消息：请联系主号：https://t.me/bs91m1
【91M Boss】官方交流群：https://t.me/bs91m990

=====================================================

2022-05-09
咨询客户ID：2022502157
回复消息：请联系主号：https://t.me/bs91m1
【91M Boss】官方交流群：https://t.me/bs91m990

=====================================================

2022-05-09
咨询客户ID：1769233852
回复消息：请联系主号：https://t.me/bs91m1
【91M Boss】官方交流群：https://t.me/bs91m990

=====================================================

2022-05-09
咨询客户ID：5386797467
回复消息：请联系主号：https://t.me/bs91m1
【91M Boss】官方交流群：https://t.me/bs91m990

=====================================================

2022-05-09
咨询客户ID：5391939364
回复消息：请联系主号：https://t.me/bs91m1
【91M Boss】官方交流群：https://t.me/bs91m990

=====================================================

2022-05-09
咨询客户ID：2005856015
回复消息：请联系主号：https://t.me/bs91m1
【91M Boss】官方交流群：https://t.me/bs91m990

=====================================================

2022-05-09
咨询客户ID：5195608372
回复消息：请联系主号：https://t.me/bs91m1
【91M Boss】官方交流群：https://t.me/bs91m990

=====================================================

2022-05-09
咨询客户ID：874839003
回复消息：请联系主号：https://t.me/bs91m1
【91M Boss】官方交流群：https://t.me/bs91m990

=====================================================

2022-05-09
咨询客户ID：5196859564
回复消息：请联系主号：https://t.me/bs91m1
【91M Boss】官方交流群：https://t.me/bs91m990

=====================================================

2022-05-09
咨询客户ID：5302286104
回复消息：请联系主号：https://t.me/bs91m1
【91M Boss】官方交流群：https://t.me/bs91m990

=====================================================

2022-05-09
咨询客户ID：5216468548
回复消息：请联系主号：https://t.me/bs91m1
【91M Boss】官方交流群：https://t.me/bs91m990

=====================================================

2022-05-09
咨询客户ID：5183132372
回复消息：请联系主号：https://t.me/bs91m1
【91M Boss】官方交流群：https://t.me/bs91m990

=====================================================

2022-05-09
咨询客户ID：5171632066
回复消息：请联系主号：https://t.me/bs91m1
【91M Boss】官方交流群：https://t.me/bs91m990

=====================================================

2022-05-09
咨询客户ID：5286901457
回复消息：请联系主号：https://t.me/bs91m1
【91M Boss】官方交流群：https://t.me/bs91m990

=====================================================

2022-05-09
咨询客户ID：5155981908
回复消息：请联系主号：https://t.me/bs91m1
【91M Boss】官方交流群：https://t.me/bs91m990

=====================================================

2022-05-09
咨询客户ID：5145861279
回复消息：请联系主号：https://t.me/bs91m1
【91M Boss】官方交流群：https://t.me/bs91m990

=====================================================

2022-05-09
咨询客户ID：5116084774
回复消息：请联系主号：https://t.me/bs91m1
【91M Boss】官方交流群：https://t.me/bs91m990

=====================================================

2022-05-09
咨询客户ID：5252100466
回复消息：请联系主号：https://t.me/bs91m1
【91M Boss】官方交流群：https://t.me/bs91m990

=====================================================

2022-05-09
咨询客户ID：5106873296
回复消息：请联系主号：https://t.me/bs91m1
【91M Boss】官方交流群：https://t.me/bs91m990

=====================================================

2022-05-09
咨询客户ID：5168524376
回复消息：请联系主号：https://t.me/bs91m1
【91M Boss】官方交流群：https://t.me/bs91m990

=====================================================

2022-05-09
咨询客户ID：5252100466
回复消息：请联系主号：https://t.me/bs91m1
【91M Boss】官方交流群：https://t.me/bs91m990

=====================================================

2022-05-09
咨询客户ID：5317009640
回复消息：请联系主号：https://t.me/bs91m1
【91M Boss】官方交流群：https://t.me/bs91m990

=====================================================

2022-05-09
咨询客户ID：5289870140
回复消息：请联系主号：https://t.me/bs91m1
【91M Boss】官方交流群：https://t.me/bs91m990

=====================================================

2022-05-09
咨询客户ID：1984390403
回复消息：请联系主号：https://t.me/bs91m1
【91M Boss】官方交流群：https://t.me/bs91m990

=====================================================

2022-05-09
咨询客户ID：5214228071
回复消息：请联系主号：https://t.me/bs91m1
【91M Boss】官方交流群：https://t.me/bs91m990

=====================================================

2022-05-09
咨询客户ID：2057007602
回复消息：请联系主号：https://t.me/bs91m1
【91M Boss】官方交流群：https://t.me/bs91m990

=====================================================

2022-05-09
咨询客户ID：2017094544
回复消息：请联系主号：https://t.me/bs91m1
【91M Boss】官方交流群：https://t.me/bs91m990

=====================================================

2022-05-09
咨询客户ID：5323587106
回复消息：请联系主号：https://t.me/bs91m1
【91M Boss】官方交流群：https://t.me/bs91m990

=====================================================

2022-05-09
咨询客户ID：1465737985
回复消息：请联系主号：https://t.me/bs91m1
【91M Boss】官方交流群：https://t.me/bs91m990

=====================================================

2022-05-09
咨询客户ID：5116047876
回复消息：请联系主号：https://t.me/bs91m1
【91M Boss】官方交流群：https://t.me/bs91m990

=====================================================

2022-05-09
咨询客户ID：2104046168
回复消息：请联系主号：https://t.me/bs91m1
【91M Boss】官方交流群：https://t.me/bs91m990

=====================================================

2022-05-09
咨询客户ID：2088139973
回复消息：请联系主号：https://t.me/bs91m1
【91M Boss】官方交流群：https://t.me/bs91m990

=====================================================

2022-05-09
咨询客户ID：5366367575
回复消息：请联系主号：https://t.me/bs91m1
【91M Boss】官方交流群：https://t.me/bs91m990

=====================================================

2022-05-09
咨询客户ID：5299077522
回复消息：请联系主号：https://t.me/bs91m1
【91M Boss】官方交流群：https://t.me/bs91m990

=====================================================

2022-05-09
咨询客户ID：5398465766
回复消息：请联系主号：https://t.me/bs91m1
【91M Boss】官方交流群：https://t.me/bs91m990

=====================================================

2022-05-09
咨询客户ID：5331541358
回复消息：请联系主号：https://t.me/bs91m1
【91M Boss】官方交流群：https://t.me/bs91m990

=====================================================

2022-05-09
咨询客户ID：5276741643
回复消息：请联系主号：https://t.me/bs91m1
【91M Boss】官方交流群：https://t.me/bs91m990

=====================================================

2022-05-09
咨询客户ID：5379476488
回复消息：请联系主号：https://t.me/bs91m1
【91M Boss】官方交流群：https://t.me/bs91m990

=====================================================

2022-05-09
咨询客户ID：5351986622
回复消息：请联系主号：https://t.me/bs91m1
【91M Boss】官方交流群：https://t.me/bs91m990

=====================================================

2022-05-09
咨询客户ID：1599137892
回复消息：请联系主号：https://t.me/bs91m1
【91M Boss】官方交流群：https://t.me/bs91m990

=====================================================

2022-05-09
咨询客户ID：5355748188
回复消息：请联系主号：https://t.me/bs91m1
【91M Boss】官方交流群：https://t.me/bs91m990

=====================================================

2022-05-09
咨询客户ID：5248874432
回复消息：请联系主号：https://t.me/bs91m1
【91M Boss】官方交流群：https://t.me/bs91m990

=====================================================

2022-05-09
咨询客户ID：5167309314
回复消息：请联系主号：https://t.me/bs91m1
【91M Boss】官方交流群：https://t.me/bs91m990

=====================================================

2022-05-09
咨询客户ID：5209913288
回复消息：请联系主号：https://t.me/bs91m1
【91M Boss】官方交流群：https://t.me/bs91m990

=====================================================

2022-05-09
咨询客户ID：5110807364
回复消息：请联系主号：https://t.me/bs91m1
【91M Boss】官方交流群：https://t.me/bs91m990

=====================================================

2022-05-09
咨询客户ID：2005069371
回复消息：请联系主号：https://t.me/bs91m1
【91M Boss】官方交流群：https://t.me/bs91m990

=====================================================

2022-05-09
咨询客户ID：5166290230
回复消息：请联系主号：https://t.me/bs91m1
【91M Boss】官方交流群：https://t.me/bs91m990

=====================================================

2022-05-09
咨询客户ID：5234458887
回复消息：请联系主号：https://t.me/bs91m1
【91M Boss】官方交流群：https://t.me/bs91m990

=====================================================

2022-05-09
咨询客户ID：5201622751
回复消息：请联系主号：https://t.me/bs91m1
【91M Boss】官方交流群：https://t.me/bs91m990

=====================================================

2022-05-09
咨询客户ID：5188667626
回复消息：请联系主号：https://t.me/bs91m1
【91M Boss】官方交流群：https://t.me/bs91m990

=====================================================

2022-05-09
咨询客户ID：1205760889
回复消息：请联系主号：https://t.me/bs91m1
【91M Boss】官方交流群：https://t.me/bs91m990

=====================================================

2022-05-09
咨询客户ID：5381864294
回复消息：请联系主号：https://t.me/bs91m1
【91M Boss】官方交流群：https://t.me/bs91m990

=====================================================

2022-05-09
咨询客户ID：5313038182
回复消息：请联系主号：https://t.me/bs91m1
【91M Boss】官方交流群：https://t.me/bs91m990

=====================================================

2022-05-09
咨询客户ID：5334644568
回复消息：请联系主号：https://t.me/bs91m1
【91M Boss】官方交流群：https://t.me/bs91m990

=====================================================

2022-05-09
咨询客户ID：5322817902
回复消息：请联系主号：https://t.me/bs91m1
【91M Boss】官方交流群：https://t.me/bs91m990

=====================================================

2022-05-09
咨询客户ID：5134360928
回复消息：请联系主号：https://t.me/bs91m1
【91M Boss】官方交流群：https://t.me/bs91m990

=====================================================

2022-05-09
咨询客户ID：5166290230
回复消息：请联系主号：https://t.me/bs91m1
【91M Boss】官方交流群：https://t.me/bs91m990

=====================================================

2022-05-09
咨询客户ID：5316675986
回复消息：请联系主号：https://t.me/bs91m1
【91M Boss】官方交流群：https://t.me/bs91m990

=====================================================

2022-05-09
咨询客户ID：5202232448
回复消息：请联系主号：https://t.me/bs91m1
【91M Boss】官方交流群：https://t.me/bs91m990

=====================================================

2022-05-09
咨询客户ID：5185228333
回复消息：请联系主号：https://t.me/bs91m1
【91M Boss】官方交流群：https://t.me/bs91m990

=====================================================

2022-05-09
咨询客户ID：5134225829
回复消息：请联系主号：https://t.me/bs91m1
【91M Boss】官方交流群：https://t.me/bs91m990

=====================================================

2022-05-09
咨询客户ID：5120238418
回复消息：请联系主号：https://t.me/bs91m1
【91M Boss】官方交流群：https://t.me/bs91m990

=====================================================

2022-05-09
咨询客户ID：5102194873
回复消息：请联系主号：https://t.me/bs91m1
【91M Boss】官方交流群：https://t.me/bs91m990

=====================================================

2022-05-09
咨询客户ID：5166290230
回复消息：请联系主号：https://t.me/bs91m1
【91M Boss】官方交流群：https://t.me/bs91m990

=====================================================

2022-05-09
咨询客户ID：5238638722
回复消息：请联系主号：https://t.me/bs91m1
【91M Boss】官方交流群：https://t.me/bs91m990

=====================================================

2022-05-09
咨询客户ID：5250445476
回复消息：请联系主号：https://t.me/bs91m1
【91M Boss】官方交流群：https://t.me/bs91m990

=====================================================

2022-05-09
咨询客户ID：1079408899
回复消息：请联系主号：https://t.me/bs91m1
【91M Boss】官方交流群：https://t.me/bs91m990

=====================================================

2022-05-09
咨询客户ID：5162351536
回复消息：请联系主号：https://t.me/bs91m1
【91M Boss】官方交流群：https://t.me/bs91m990

=====================================================

2022-05-09
咨询客户ID：5034557475
回复消息：请联系主号：https://t.me/bs91m1
【91M Boss】官方交流群：https://t.me/bs91m990

=====================================================

2022-05-09
咨询客户ID：5373208520
回复消息：请联系主号：https://t.me/bs91m1
【91M Boss】官方交流群：https://t.me/bs91m990

=====================================================

2022-05-09
咨询客户ID：5166290230
回复消息：请联系主号：https://t.me/bs91m1
【91M Boss】官方交流群：https://t.me/bs91m990

=====================================================

2022-05-09
咨询客户ID：1822071276
回复消息：请联系主号：https://t.me/bs91m1
【91M Boss】官方交流群：https://t.me/bs91m990

=====================================================

2022-05-09
咨询客户ID：5311351323
回复消息：请联系主号：https://t.me/bs91m1
【91M Boss】官方交流群：https://t.me/bs91m990

=====================================================

2022-05-09
咨询客户ID：5291267608
回复消息：请联系主号：https://t.me/bs91m1
【91M Boss】官方交流群：https://t.me/bs91m990

=====================================================

2022-05-09
咨询客户ID：5272684450
回复消息：请联系主号：https://t.me/bs91m1
【91M Boss】官方交流群：https://t.me/bs91m990

=====================================================

2022-05-09
咨询客户ID：5198396778
回复消息：请联系主号：https://t.me/bs91m1
【91M Boss】官方交流群：https://t.me/bs91m990

=====================================================

2022-05-09
咨询客户ID：5156226689
回复消息：请联系主号：https://t.me/bs91m1
【91M Boss】官方交流群：https://t.me/bs91m990