

=====================================================

2022-05-25
咨询客户ID：5081610148
回复消息：请联系主号：https://t.me/bs91m1
【91M Boss】官方交流群：https://t.me/bs91m990

=====================================================

2022-05-25
咨询客户ID：1237219488
回复消息：请联系主号：https://t.me/bs91m1
【91M Boss】官方交流群：https://t.me/bs91m990

=====================================================

2022-05-25
咨询客户ID：5334125156
回复消息：请联系主号：https://t.me/bs91m1
【91M Boss】官方交流群：https://t.me/bs91m990

=====================================================

2022-05-25
咨询客户ID：5165404026
回复消息：请联系主号：https://t.me/bs91m1
【91M Boss】官方交流群：https://t.me/bs91m990

=====================================================

2022-05-25
咨询客户ID：5313152477
回复消息：请联系主号：https://t.me/bs91m1
【91M Boss】官方交流群：https://t.me/bs91m990

=====================================================

2022-05-25
咨询客户ID：5399151719
回复消息：请联系主号：https://t.me/bs91m1
【91M Boss】官方交流群：https://t.me/bs91m990

=====================================================

2022-05-25
咨询客户ID：5381909148
回复消息：请联系主号：https://t.me/bs91m1
【91M Boss】官方交流群：https://t.me/bs91m990

=====================================================

2022-05-25
咨询客户ID：5371814757
回复消息：请联系主号：https://t.me/bs91m1
【91M Boss】官方交流群：https://t.me/bs91m990

=====================================================

2022-05-25
咨询客户ID：5391507344
回复消息：请联系主号：https://t.me/bs91m1
【91M Boss】官方交流群：https://t.me/bs91m990

=====================================================

2022-05-25
咨询客户ID：5332624388
回复消息：请联系主号：https://t.me/bs91m1
【91M Boss】官方交流群：https://t.me/bs91m990

=====================================================

2022-05-25
咨询客户ID：5376050955
回复消息：请联系主号：https://t.me/bs91m1
【91M Boss】官方交流群：https://t.me/bs91m990

=====================================================

2022-05-25
咨询客户ID：5325802111
回复消息：请联系主号：https://t.me/bs91m1
【91M Boss】官方交流群：https://t.me/bs91m990

=====================================================

2022-05-25
咨询客户ID：5376920456
回复消息：请联系主号：https://t.me/bs91m1
【91M Boss】官方交流群：https://t.me/bs91m990

=====================================================

2022-05-25
咨询客户ID：5368125115
回复消息：请联系主号：https://t.me/bs91m1
【91M Boss】官方交流群：https://t.me/bs91m990

=====================================================

2022-05-25
咨询客户ID：5308581296
回复消息：请联系主号：https://t.me/bs91m1
【91M Boss】官方交流群：https://t.me/bs91m990

=====================================================

2022-05-25
咨询客户ID：5334125156
回复消息：请联系主号：https://t.me/bs91m1
【91M Boss】官方交流群：https://t.me/bs91m990

=====================================================

2022-05-25
咨询客户ID：5391651494
回复消息：请联系主号：https://t.me/bs91m1
【91M Boss】官方交流群：https://t.me/bs91m990