

=====================================================

2022-06-01
咨询客户ID：5426710830
回复消息：请联系主号：https://t.me/bs91m1
【91M Boss】官方交流群：https://t.me/bs91m990

=====================================================

2022-06-01
咨询客户ID：5472942450
回复消息：请联系主号：https://t.me/bs91m1
【91M Boss】官方交流群：https://t.me/bs91m990

=====================================================

2022-06-01
咨询客户ID：5273233213
回复消息：请联系主号：https://t.me/bs91m1
【91M Boss】官方交流群：https://t.me/bs91m990

=====================================================

2022-06-01
咨询客户ID：5463625722
回复消息：请联系主号：https://t.me/bs91m1
【91M Boss】官方交流群：https://t.me/bs91m990

=====================================================

2022-06-01
咨询客户ID：5388440640
回复消息：请联系主号：https://t.me/bs91m1
【91M Boss】官方交流群：https://t.me/bs91m990

=====================================================

2022-06-01
咨询客户ID：5306134832
回复消息：请联系主号：https://t.me/bs91m1
【91M Boss】官方交流群：https://t.me/bs91m990

=====================================================

2022-06-01
咨询客户ID：5593823493
回复消息：请联系主号：https://t.me/bs91m1
【91M Boss】官方交流群：https://t.me/bs91m990

=====================================================

2022-06-01
咨询客户ID：5082353544
回复消息：请联系主号：https://t.me/bs91m1
【91M Boss】官方交流群：https://t.me/bs91m990

=====================================================

2022-06-01
咨询客户ID：5273233213
回复消息：请联系主号：https://t.me/bs91m1
【91M Boss】官方交流群：https://t.me/bs91m990

=====================================================

2022-06-01
咨询客户ID：5097962928
回复消息：请联系主号：https://t.me/bs91m1
【91M Boss】官方交流群：https://t.me/bs91m990

=====================================================

2022-06-01
咨询客户ID：5568830009
回复消息：请联系主号：https://t.me/bs91m1
【91M Boss】官方交流群：https://t.me/bs91m990

=====================================================

2022-06-01
咨询客户ID：5567866149
回复消息：请联系主号：https://t.me/bs91m1
【91M Boss】官方交流群：https://t.me/bs91m990

=====================================================

2022-06-01
咨询客户ID：531159846
回复消息：请联系主号：https://t.me/bs91m1
【91M Boss】官方交流群：https://t.me/bs91m990

=====================================================

2022-06-01
咨询客户ID：5554051310
回复消息：请联系主号：https://t.me/bs91m1
【91M Boss】官方交流群：https://t.me/bs91m990

=====================================================

2022-06-01
咨询客户ID：5268097642
回复消息：请联系主号：https://t.me/bs91m1
【91M Boss】官方交流群：https://t.me/bs91m990

=====================================================

2022-06-01
咨询客户ID：5261745889
回复消息：请联系主号：https://t.me/bs91m1
【91M Boss】官方交流群：https://t.me/bs91m990

=====================================================

2022-06-01
咨询客户ID：5182207719
回复消息：请联系主号：https://t.me/bs91m1
【91M Boss】官方交流群：https://t.me/bs91m990

=====================================================

2022-06-01
咨询客户ID：5319467870
回复消息：请联系主号：https://t.me/bs91m1
【91M Boss】官方交流群：https://t.me/bs91m990

=====================================================

2022-06-01
咨询客户ID：5567861954
回复消息：请联系主号：https://t.me/bs91m1
【91M Boss】官方交流群：https://t.me/bs91m990

=====================================================

2022-06-01
咨询客户ID：5360237130
回复消息：请联系主号：https://t.me/bs91m1
【91M Boss】官方交流群：https://t.me/bs91m990

=====================================================

2022-06-01
咨询客户ID：5517432835
回复消息：请联系主号：https://t.me/bs91m1
【91M Boss】官方交流群：https://t.me/bs91m990

=====================================================

2022-06-01
咨询客户ID：2080818796
回复消息：请联系主号：https://t.me/bs91m1
【91M Boss】官方交流群：https://t.me/bs91m990

=====================================================

2022-06-01
咨询客户ID：5350871268
回复消息：请联系主号：https://t.me/bs91m1
【91M Boss】官方交流群：https://t.me/bs91m990

=====================================================

2022-06-01
咨询客户ID：5536569342
回复消息：请联系主号：https://t.me/bs91m1
【91M Boss】官方交流群：https://t.me/bs91m990

=====================================================

2022-06-01
咨询客户ID：5309887830
回复消息：请联系主号：https://t.me/bs91m1
【91M Boss】官方交流群：https://t.me/bs91m990

=====================================================

2022-06-01
咨询客户ID：5485443619
回复消息：请联系主号：https://t.me/bs91m1
【91M Boss】官方交流群：https://t.me/bs91m990

=====================================================

2022-06-01
咨询客户ID：5117408021
回复消息：请联系主号：https://t.me/bs91m1
【91M Boss】官方交流群：https://t.me/bs91m990

=====================================================

2022-06-01
咨询客户ID：5547598830
回复消息：请联系主号：https://t.me/bs91m1
【91M Boss】官方交流群：https://t.me/bs91m990

=====================================================

2022-06-01
咨询客户ID：5307871668
回复消息：请联系主号：https://t.me/bs91m1
【91M Boss】官方交流群：https://t.me/bs91m990

=====================================================

2022-06-01
咨询客户ID：5074664745
回复消息：请联系主号：https://t.me/bs91m1
【91M Boss】官方交流群：https://t.me/bs91m990

=====================================================

2022-06-01
咨询客户ID：1783693687
回复消息：请联系主号：https://t.me/bs91m1
【91M Boss】官方交流群：https://t.me/bs91m990

=====================================================

2022-06-01
咨询客户ID：1925933125
回复消息：请联系主号：https://t.me/bs91m1
【91M Boss】官方交流群：https://t.me/bs91m990

=====================================================

2022-06-01
咨询客户ID：5523521877
回复消息：请联系主号：https://t.me/bs91m1
【91M Boss】官方交流群：https://t.me/bs91m990

=====================================================

2022-06-01
咨询客户ID：5340913416
回复消息：请联系主号：https://t.me/bs91m1
【91M Boss】官方交流群：https://t.me/bs91m990

=====================================================

2022-06-01
咨询客户ID：5366205353
回复消息：请联系主号：https://t.me/bs91m1
【91M Boss】官方交流群：https://t.me/bs91m990

=====================================================

2022-06-01
咨询客户ID：5309120878
回复消息：请联系主号：https://t.me/bs91m1
【91M Boss】官方交流群：https://t.me/bs91m990

=====================================================

2022-06-01
咨询客户ID：5275514643
回复消息：请联系主号：https://t.me/bs91m1
【91M Boss】官方交流群：https://t.me/bs91m990

=====================================================

2022-06-01
咨询客户ID：5499554763
回复消息：请联系主号：https://t.me/bs91m1
【91M Boss】官方交流群：https://t.me/bs91m990

=====================================================

2022-06-01
咨询客户ID：5306435818
回复消息：请联系主号：https://t.me/bs91m1
【91M Boss】官方交流群：https://t.me/bs91m990

=====================================================

2022-06-01
咨询客户ID：1154987304
回复消息：请联系主号：https://t.me/bs91m1
【91M Boss】官方交流群：https://t.me/bs91m990

=====================================================

2022-06-01
咨询客户ID：5436012131
回复消息：请联系主号：https://t.me/bs91m1
【91M Boss】官方交流群：https://t.me/bs91m990

=====================================================

2022-06-01
咨询客户ID：531159846
回复消息：请联系主号：https://t.me/bs91m1
【91M Boss】官方交流群：https://t.me/bs91m990

=====================================================

2022-06-01
咨询客户ID：5117408021
回复消息：请联系主号：https://t.me/bs91m1
【91M Boss】官方交流群：https://t.me/bs91m990

=====================================================

2022-06-01
咨询客户ID：5302344255
回复消息：请联系主号：https://t.me/bs91m1
【91M Boss】官方交流群：https://t.me/bs91m990

=====================================================

2022-06-01
咨询客户ID：5344551557
回复消息：请联系主号：https://t.me/bs91m1
【91M Boss】官方交流群：https://t.me/bs91m990

=====================================================

2022-06-01
咨询客户ID：91881998
回复消息：请联系主号：https://t.me/bs91m1
【91M Boss】官方交流群：https://t.me/bs91m990

=====================================================

2022-06-01
咨询客户ID：5425034419
回复消息：请联系主号：https://t.me/bs91m1
【91M Boss】官方交流群：https://t.me/bs91m990

=====================================================

2022-06-01
咨询客户ID：5302309465
回复消息：请联系主号：https://t.me/bs91m1
【91M Boss】官方交流群：https://t.me/bs91m990

=====================================================

2022-06-01
咨询客户ID：468139294
回复消息：请联系主号：https://t.me/bs91m1
【91M Boss】官方交流群：https://t.me/bs91m990

=====================================================

2022-06-01
咨询客户ID：5393389523
回复消息：请联系主号：https://t.me/bs91m1
【91M Boss】官方交流群：https://t.me/bs91m990

=====================================================

2022-06-01
咨询客户ID：5303332545
回复消息：请联系主号：https://t.me/bs91m1
【91M Boss】官方交流群：https://t.me/bs91m990

=====================================================

2022-06-01
咨询客户ID：5380105057
回复消息：请联系主号：https://t.me/bs91m1
【91M Boss】官方交流群：https://t.me/bs91m990

=====================================================

2022-06-01
咨询客户ID：5320705425
回复消息：请联系主号：https://t.me/bs91m1
【91M Boss】官方交流群：https://t.me/bs91m990

=====================================================

2022-06-01
咨询客户ID：5318048181
回复消息：请联系主号：https://t.me/bs91m1
【91M Boss】官方交流群：https://t.me/bs91m990

=====================================================

2022-06-01
咨询客户ID：5016485329
回复消息：请联系主号：https://t.me/bs91m1
【91M Boss】官方交流群：https://t.me/bs91m990

=====================================================

2022-06-01
咨询客户ID：5128886638
回复消息：请联系主号：https://t.me/bs91m1
【91M Boss】官方交流群：https://t.me/bs91m990

=====================================================

2022-06-01
咨询客户ID：5169743825
回复消息：请联系主号：https://t.me/bs91m1
【91M Boss】官方交流群：https://t.me/bs91m990

=====================================================

2022-06-01
咨询客户ID：5344462636
回复消息：请联系主号：https://t.me/bs91m1
【91M Boss】官方交流群：https://t.me/bs91m990

=====================================================

2022-06-01
咨询客户ID：5381827112
回复消息：请联系主号：https://t.me/bs91m1
【91M Boss】官方交流群：https://t.me/bs91m990

=====================================================

2022-06-01
咨询客户ID：5389114236
回复消息：请联系主号：https://t.me/bs91m1
【91M Boss】官方交流群：https://t.me/bs91m990

=====================================================

2022-06-01
咨询客户ID：5302454850
回复消息：请联系主号：https://t.me/bs91m1
【91M Boss】官方交流群：https://t.me/bs91m990

=====================================================

2022-06-01
咨询客户ID：1015273831
回复消息：请联系主号：https://t.me/bs91m1
【91M Boss】官方交流群：https://t.me/bs91m990

=====================================================

2022-06-01
咨询客户ID：587840453
回复消息：请联系主号：https://t.me/bs91m1
【91M Boss】官方交流群：https://t.me/bs91m990

=====================================================

2022-06-01
咨询客户ID：5074664745
回复消息：请联系主号：https://t.me/bs91m1
【91M Boss】官方交流群：https://t.me/bs91m990

=====================================================

2022-06-01
咨询客户ID：5120358602
回复消息：请联系主号：https://t.me/bs91m1
【91M Boss】官方交流群：https://t.me/bs91m990

=====================================================

2022-06-01
咨询客户ID：5303332545
回复消息：请联系主号：https://t.me/bs91m1
【91M Boss】官方交流群：https://t.me/bs91m990

=====================================================

2022-06-01
咨询客户ID：5371133302
回复消息：请联系主号：https://t.me/bs91m1
【91M Boss】官方交流群：https://t.me/bs91m990

=====================================================

2022-06-01
咨询客户ID：5452883321
回复消息：请联系主号：https://t.me/bs91m1
【91M Boss】官方交流群：https://t.me/bs91m990

=====================================================

2022-06-01
咨询客户ID：5050760613
回复消息：请联系主号：https://t.me/bs91m1
【91M Boss】官方交流群：https://t.me/bs91m990

=====================================================

2022-06-01
咨询客户ID：5223338922
回复消息：请联系主号：https://t.me/bs91m1
【91M Boss】官方交流群：https://t.me/bs91m990

=====================================================

2022-06-01
咨询客户ID：872117636
回复消息：请联系主号：https://t.me/bs91m1
【91M Boss】官方交流群：https://t.me/bs91m990

=====================================================

2022-06-01
咨询客户ID：5383430039
回复消息：请联系主号：https://t.me/bs91m1
【91M Boss】官方交流群：https://t.me/bs91m990

=====================================================

2022-06-01
咨询客户ID：5348817075
回复消息：请联系主号：https://t.me/bs91m1
【91M Boss】官方交流群：https://t.me/bs91m990

=====================================================

2022-06-01
咨询客户ID：5303332545
回复消息：请联系主号：https://t.me/bs91m1
【91M Boss】官方交流群：https://t.me/bs91m990

=====================================================

2022-06-01
咨询客户ID：2008953606
回复消息：请联系主号：https://t.me/bs91m1
【91M Boss】官方交流群：https://t.me/bs91m990

=====================================================

2022-06-01
咨询客户ID：872117636
回复消息：请联系主号：https://t.me/bs91m1
【91M Boss】官方交流群：https://t.me/bs91m990

=====================================================

2022-06-01
咨询客户ID：5074664745
回复消息：请联系主号：https://t.me/bs91m1
【91M Boss】官方交流群：https://t.me/bs91m990

=====================================================

2022-06-01
咨询客户ID：5355912244
回复消息：请联系主号：https://t.me/bs91m1
【91M Boss】官方交流群：https://t.me/bs91m990

=====================================================

2022-06-01
咨询客户ID：2008953606
回复消息：请联系主号：https://t.me/bs91m1
【91M Boss】官方交流群：https://t.me/bs91m990

=====================================================

2022-06-01
咨询客户ID：951555380
回复消息：请联系主号：https://t.me/bs91m1
【91M Boss】官方交流群：https://t.me/bs91m990

=====================================================

2022-06-01
咨询客户ID：5431286868
回复消息：请联系主号：https://t.me/bs91m1
【91M Boss】官方交流群：https://t.me/bs91m990

=====================================================

2022-06-01
咨询客户ID：5336468143
回复消息：请联系主号：https://t.me/bs91m1
【91M Boss】官方交流群：https://t.me/bs91m990

=====================================================

2022-06-01
咨询客户ID：5535666750
回复消息：请联系主号：https://t.me/bs91m1
【91M Boss】官方交流群：https://t.me/bs91m990

=====================================================

2022-06-01
咨询客户ID：5224601305
回复消息：请联系主号：https://t.me/bs91m1
【91M Boss】官方交流群：https://t.me/bs91m990

=====================================================

2022-06-01
咨询客户ID：5328053357
回复消息：请联系主号：https://t.me/bs91m1
【91M Boss】官方交流群：https://t.me/bs91m990

=====================================================

2022-06-01
咨询客户ID：2008953606
回复消息：请联系主号：https://t.me/bs91m1
【91M Boss】官方交流群：https://t.me/bs91m990

=====================================================

2022-06-01
咨询客户ID：5082004520
回复消息：请联系主号：https://t.me/bs91m1
【91M Boss】官方交流群：https://t.me/bs91m990

=====================================================

2022-06-01
咨询客户ID：5079426128
回复消息：请联系主号：https://t.me/bs91m1
【91M Boss】官方交流群：https://t.me/bs91m990

=====================================================

2022-06-01
咨询客户ID：5303332545
回复消息：请联系主号：https://t.me/bs91m1
【91M Boss】官方交流群：https://t.me/bs91m990

=====================================================

2022-06-01
咨询客户ID：964838119
回复消息：请联系主号：https://t.me/bs91m1
【91M Boss】官方交流群：https://t.me/bs91m990

=====================================================

2022-06-01
咨询客户ID：5303332545
回复消息：请联系主号：https://t.me/bs91m1
【91M Boss】官方交流群：https://t.me/bs91m990

=====================================================

2022-06-01
咨询客户ID：2008953606
回复消息：请联系主号：https://t.me/bs91m1
【91M Boss】官方交流群：https://t.me/bs91m990

=====================================================

2022-06-01
咨询客户ID：5335408544
回复消息：请联系主号：https://t.me/bs91m1
【91M Boss】官方交流群：https://t.me/bs91m990

=====================================================

2022-06-01
咨询客户ID：5354676436
回复消息：请联系主号：https://t.me/bs91m1
【91M Boss】官方交流群：https://t.me/bs91m990

=====================================================

2022-06-01
咨询客户ID：964838119
回复消息：请联系主号：https://t.me/bs91m1
【91M Boss】官方交流群：https://t.me/bs91m990

=====================================================

2022-06-01
咨询客户ID：5346291623
回复消息：请联系主号：https://t.me/bs91m1
【91M Boss】官方交流群：https://t.me/bs91m990

=====================================================

2022-06-01
咨询客户ID：5074664745
回复消息：请联系主号：https://t.me/bs91m1
【91M Boss】官方交流群：https://t.me/bs91m990

=====================================================

2022-06-01
咨询客户ID：2008953606
回复消息：请联系主号：https://t.me/bs91m1
【91M Boss】官方交流群：https://t.me/bs91m990

=====================================================

2022-06-01
咨询客户ID：5303332545
回复消息：请联系主号：https://t.me/bs91m1
【91M Boss】官方交流群：https://t.me/bs91m990

=====================================================

2022-06-01
咨询客户ID：5366781622
回复消息：请联系主号：https://t.me/bs91m1
【91M Boss】官方交流群：https://t.me/bs91m990

=====================================================

2022-06-01
咨询客户ID：964838119
回复消息：请联系主号：https://t.me/bs91m1
【91M Boss】官方交流群：https://t.me/bs91m990

=====================================================

2022-06-01
咨询客户ID：2008953606
回复消息：请联系主号：https://t.me/bs91m1
【91M Boss】官方交流群：https://t.me/bs91m990

=====================================================

2022-06-01
咨询客户ID：964838119
回复消息：请联系主号：https://t.me/bs91m1
【91M Boss】官方交流群：https://t.me/bs91m990

=====================================================

2022-06-01
咨询客户ID：5303332545
回复消息：请联系主号：https://t.me/bs91m1
【91M Boss】官方交流群：https://t.me/bs91m990

=====================================================

2022-06-01
咨询客户ID：1394796297
回复消息：请联系主号：https://t.me/bs91m1
【91M Boss】官方交流群：https://t.me/bs91m990

=====================================================

2022-06-01
咨询客户ID：5340121179
回复消息：请联系主号：https://t.me/bs91m1
【91M Boss】官方交流群：https://t.me/bs91m990

=====================================================

2022-06-01
咨询客户ID：2008953606
回复消息：请联系主号：https://t.me/bs91m1
【91M Boss】官方交流群：https://t.me/bs91m990

=====================================================

2022-06-01
咨询客户ID：2008953606
回复消息：请联系主号：https://t.me/bs91m1
【91M Boss】官方交流群：https://t.me/bs91m990

=====================================================

2022-06-01
咨询客户ID：5074664745
回复消息：请联系主号：https://t.me/bs91m1
【91M Boss】官方交流群：https://t.me/bs91m990

=====================================================

2022-06-01
咨询客户ID：5363768116
回复消息：请联系主号：https://t.me/bs91m1
【91M Boss】官方交流群：https://t.me/bs91m990

=====================================================

2022-06-01
咨询客户ID：5303332545
回复消息：请联系主号：https://t.me/bs91m1
【91M Boss】官方交流群：https://t.me/bs91m990

=====================================================

2022-06-01
咨询客户ID：5378410347
回复消息：请联系主号：https://t.me/bs91m1
【91M Boss】官方交流群：https://t.me/bs91m990

=====================================================

2022-06-01
咨询客户ID：2008953606
回复消息：请联系主号：https://t.me/bs91m1
【91M Boss】官方交流群：https://t.me/bs91m990

=====================================================

2022-06-01
咨询客户ID：5303332545
回复消息：请联系主号：https://t.me/bs91m1
【91M Boss】官方交流群：https://t.me/bs91m990

=====================================================

2022-06-01
咨询客户ID：5074664745
回复消息：请联系主号：https://t.me/bs91m1
【91M Boss】官方交流群：https://t.me/bs91m990

=====================================================

2022-06-01
咨询客户ID：2008953606
回复消息：请联系主号：https://t.me/bs91m1
【91M Boss】官方交流群：https://t.me/bs91m990

=====================================================

2022-06-01
咨询客户ID：2008953606
回复消息：请联系主号：https://t.me/bs91m1
【91M Boss】官方交流群：https://t.me/bs91m990

=====================================================

2022-06-01
咨询客户ID：5303332545
回复消息：请联系主号：https://t.me/bs91m1
【91M Boss】官方交流群：https://t.me/bs91m990

=====================================================

2022-06-01
咨询客户ID：5115272670
回复消息：请联系主号：https://t.me/bs91m1
【91M Boss】官方交流群：https://t.me/bs91m990

=====================================================

2022-06-01
咨询客户ID：2008953606
回复消息：请联系主号：https://t.me/bs91m1
【91M Boss】官方交流群：https://t.me/bs91m990

=====================================================

2022-06-01
咨询客户ID：5307393286
回复消息：请联系主号：https://t.me/bs91m1
【91M Boss】官方交流群：https://t.me/bs91m990

=====================================================

2022-06-01
咨询客户ID：5303332545
回复消息：请联系主号：https://t.me/bs91m1
【91M Boss】官方交流群：https://t.me/bs91m990

=====================================================

2022-06-01
咨询客户ID：5303332545
回复消息：请联系主号：https://t.me/bs91m1
【91M Boss】官方交流群：https://t.me/bs91m990

=====================================================

2022-06-01
咨询客户ID：2008953606
回复消息：请联系主号：https://t.me/bs91m1
【91M Boss】官方交流群：https://t.me/bs91m990

=====================================================

2022-06-01
咨询客户ID：5303332545
回复消息：请联系主号：https://t.me/bs91m1
【91M Boss】官方交流群：https://t.me/bs91m990

=====================================================

2022-06-01
咨询客户ID：2008953606
回复消息：请联系主号：https://t.me/bs91m1
【91M Boss】官方交流群：https://t.me/bs91m990

=====================================================

2022-06-01
咨询客户ID：1198051700
回复消息：请联系主号：https://t.me/bs91m1
【91M Boss】官方交流群：https://t.me/bs91m990

=====================================================

2022-06-01
咨询客户ID：1198051700
回复消息：请联系主号：https://t.me/bs91m1
【91M Boss】官方交流群：https://t.me/bs91m990

=====================================================

2022-06-01
咨询客户ID：5303332545
回复消息：请联系主号：https://t.me/bs91m1
【91M Boss】官方交流群：https://t.me/bs91m990

=====================================================

2022-06-01
咨询客户ID：5347395713
回复消息：请联系主号：https://t.me/bs91m1
【91M Boss】官方交流群：https://t.me/bs91m990

=====================================================

2022-06-01
咨询客户ID：1198051700
回复消息：请联系主号：https://t.me/bs91m1
【91M Boss】官方交流群：https://t.me/bs91m990

=====================================================

2022-06-01
咨询客户ID：5302580084
回复消息：请联系主号：https://t.me/bs91m1
【91M Boss】官方交流群：https://t.me/bs91m990

=====================================================

2022-06-01
咨询客户ID：5303332545
回复消息：请联系主号：https://t.me/bs91m1
【91M Boss】官方交流群：https://t.me/bs91m990

=====================================================

2022-06-01
咨询客户ID：5303332545
回复消息：请联系主号：https://t.me/bs91m1
【91M Boss】官方交流群：https://t.me/bs91m990

=====================================================

2022-06-01
咨询客户ID：2008953606
回复消息：请联系主号：https://t.me/bs91m1
【91M Boss】官方交流群：https://t.me/bs91m990

=====================================================

2022-06-01
咨询客户ID：5303332545
回复消息：请联系主号：https://t.me/bs91m1
【91M Boss】官方交流群：https://t.me/bs91m990

=====================================================

2022-06-01
咨询客户ID：2008953606
回复消息：请联系主号：https://t.me/bs91m1
【91M Boss】官方交流群：https://t.me/bs91m990

=====================================================

2022-06-01
咨询客户ID：5591806750
回复消息：请联系主号：https://t.me/bs91m1
【91M Boss】官方交流群：https://t.me/bs91m990

=====================================================

2022-06-01
咨询客户ID：5303332545
回复消息：请联系主号：https://t.me/bs91m1
【91M Boss】官方交流群：https://t.me/bs91m990

=====================================================

2022-06-01
咨询客户ID：5303332545
回复消息：请联系主号：https://t.me/bs91m1
【91M Boss】官方交流群：https://t.me/bs91m990

=====================================================

2022-06-01
咨询客户ID：2008953606
回复消息：请联系主号：https://t.me/bs91m1
【91M Boss】官方交流群：https://t.me/bs91m990

=====================================================

2022-06-01
咨询客户ID：5591806750
回复消息：请联系主号：https://t.me/bs91m1
【91M Boss】官方交流群：https://t.me/bs91m990

=====================================================

2022-06-01
咨询客户ID：2008953606
回复消息：请联系主号：https://t.me/bs91m1
【91M Boss】官方交流群：https://t.me/bs91m990

=====================================================

2022-06-01
咨询客户ID：5303332545
回复消息：请联系主号：https://t.me/bs91m1
【91M Boss】官方交流群：https://t.me/bs91m990

=====================================================

2022-06-01
咨询客户ID：5303332545
回复消息：请联系主号：https://t.me/bs91m1
【91M Boss】官方交流群：https://t.me/bs91m990

=====================================================

2022-06-01
咨询客户ID：5303332545
回复消息：请联系主号：https://t.me/bs91m1
【91M Boss】官方交流群：https://t.me/bs91m990

=====================================================

2022-06-01
咨询客户ID：2008953606
回复消息：请联系主号：https://t.me/bs91m1
【91M Boss】官方交流群：https://t.me/bs91m990

=====================================================

2022-06-01
咨询客户ID：5303332545
回复消息：请联系主号：https://t.me/bs91m1
【91M Boss】官方交流群：https://t.me/bs91m990

=====================================================

2022-06-01
咨询客户ID：2008953606
回复消息：请联系主号：https://t.me/bs91m1
【91M Boss】官方交流群：https://t.me/bs91m990

=====================================================

2022-06-01
咨询客户ID：2008953606
回复消息：请联系主号：https://t.me/bs91m1
【91M Boss】官方交流群：https://t.me/bs91m990

=====================================================

2022-06-01
咨询客户ID：5303332545
回复消息：请联系主号：https://t.me/bs91m1
【91M Boss】官方交流群：https://t.me/bs91m990

=====================================================

2022-06-01
咨询客户ID：2008953606
回复消息：请联系主号：https://t.me/bs91m1
【91M Boss】官方交流群：https://t.me/bs91m990

=====================================================

2022-06-01
咨询客户ID：2008953606
回复消息：请联系主号：https://t.me/bs91m1
【91M Boss】官方交流群：https://t.me/bs91m990

=====================================================

2022-06-01
咨询客户ID：5303332545
回复消息：请联系主号：https://t.me/bs91m1
【91M Boss】官方交流群：https://t.me/bs91m990

=====================================================

2022-06-01
咨询客户ID：2008953606
回复消息：请联系主号：https://t.me/bs91m1
【91M Boss】官方交流群：https://t.me/bs91m990

=====================================================

2022-06-01
咨询客户ID：5303428450
回复消息：请联系主号：https://t.me/bs91m1
【91M Boss】官方交流群：https://t.me/bs91m990

=====================================================

2022-06-01
咨询客户ID：2008953606
回复消息：请联系主号：https://t.me/bs91m1
【91M Boss】官方交流群：https://t.me/bs91m990

=====================================================

2022-06-01
咨询客户ID：2008953606
回复消息：请联系主号：https://t.me/bs91m1
【91M Boss】官方交流群：https://t.me/bs91m990

=====================================================

2022-06-01
咨询客户ID：5303332545
回复消息：请联系主号：https://t.me/bs91m1
【91M Boss】官方交流群：https://t.me/bs91m990

=====================================================

2022-06-01
咨询客户ID：2008953606
回复消息：请联系主号：https://t.me/bs91m1
【91M Boss】官方交流群：https://t.me/bs91m990

=====================================================

2022-06-01
咨询客户ID：5303332545
回复消息：请联系主号：https://t.me/bs91m1
【91M Boss】官方交流群：https://t.me/bs91m990

=====================================================

2022-06-01
咨询客户ID：2008953606
回复消息：请联系主号：https://t.me/bs91m1
【91M Boss】官方交流群：https://t.me/bs91m990

=====================================================

2022-06-01
咨询客户ID：5303332545
回复消息：请联系主号：https://t.me/bs91m1
【91M Boss】官方交流群：https://t.me/bs91m990

=====================================================

2022-06-01
咨询客户ID：5303332545
回复消息：请联系主号：https://t.me/bs91m1
【91M Boss】官方交流群：https://t.me/bs91m990

=====================================================

2022-06-01
咨询客户ID：2008953606
回复消息：请联系主号：https://t.me/bs91m1
【91M Boss】官方交流群：https://t.me/bs91m990

=====================================================

2022-06-01
咨询客户ID：2008953606
回复消息：请联系主号：https://t.me/bs91m1
【91M Boss】官方交流群：https://t.me/bs91m990

=====================================================

2022-06-01
咨询客户ID：5303332545
回复消息：请联系主号：https://t.me/bs91m1
【91M Boss】官方交流群：https://t.me/bs91m990

=====================================================

2022-06-01
咨询客户ID：5303332545
回复消息：请联系主号：https://t.me/bs91m1
【91M Boss】官方交流群：https://t.me/bs91m990

=====================================================

2022-06-01
咨询客户ID：2008953606
回复消息：请联系主号：https://t.me/bs91m1
【91M Boss】官方交流群：https://t.me/bs91m990

=====================================================

2022-06-01
咨询客户ID：5303332545
回复消息：请联系主号：https://t.me/bs91m1
【91M Boss】官方交流群：https://t.me/bs91m990

=====================================================

2022-06-01
咨询客户ID：2008953606
回复消息：请联系主号：https://t.me/bs91m1
【91M Boss】官方交流群：https://t.me/bs91m990

=====================================================

2022-06-01
咨询客户ID：5303332545
回复消息：请联系主号：https://t.me/bs91m1
【91M Boss】官方交流群：https://t.me/bs91m990

=====================================================

2022-06-01
咨询客户ID：5303332545
回复消息：请联系主号：https://t.me/bs91m1
【91M Boss】官方交流群：https://t.me/bs91m990

=====================================================

2022-06-01
咨询客户ID：2008953606
回复消息：请联系主号：https://t.me/bs91m1
【91M Boss】官方交流群：https://t.me/bs91m990

=====================================================

2022-06-01
咨询客户ID：1770663478
回复消息：请联系主号：https://t.me/bs91m1
【91M Boss】官方交流群：https://t.me/bs91m990

=====================================================

2022-06-01
咨询客户ID：2008953606
回复消息：请联系主号：https://t.me/bs91m1
【91M Boss】官方交流群：https://t.me/bs91m990

=====================================================

2022-06-01
咨询客户ID：5303332545
回复消息：请联系主号：https://t.me/bs91m1
【91M Boss】官方交流群：https://t.me/bs91m990

=====================================================

2022-06-01
咨询客户ID：2008953606
回复消息：请联系主号：https://t.me/bs91m1
【91M Boss】官方交流群：https://t.me/bs91m990

=====================================================

2022-06-01
咨询客户ID：5303332545
回复消息：请联系主号：https://t.me/bs91m1
【91M Boss】官方交流群：https://t.me/bs91m990

=====================================================

2022-06-01
咨询客户ID：2008953606
回复消息：请联系主号：https://t.me/bs91m1
【91M Boss】官方交流群：https://t.me/bs91m990

=====================================================

2022-06-01
咨询客户ID：5303332545
回复消息：请联系主号：https://t.me/bs91m1
【91M Boss】官方交流群：https://t.me/bs91m990

=====================================================

2022-06-01
咨询客户ID：5303332545
回复消息：请联系主号：https://t.me/bs91m1
【91M Boss】官方交流群：https://t.me/bs91m990

=====================================================

2022-06-01
咨询客户ID：2008953606
回复消息：请联系主号：https://t.me/bs91m1
【91M Boss】官方交流群：https://t.me/bs91m990

=====================================================

2022-06-01
咨询客户ID：5303332545
回复消息：请联系主号：https://t.me/bs91m1
【91M Boss】官方交流群：https://t.me/bs91m990

=====================================================

2022-06-01
咨询客户ID：2008953606
回复消息：请联系主号：https://t.me/bs91m1
【91M Boss】官方交流群：https://t.me/bs91m990

=====================================================

2022-06-01
咨询客户ID：5303332545
回复消息：请联系主号：https://t.me/bs91m1
【91M Boss】官方交流群：https://t.me/bs91m990

=====================================================

2022-06-01
咨询客户ID：5303332545
回复消息：请联系主号：https://t.me/bs91m1
【91M Boss】官方交流群：https://t.me/bs91m990

=====================================================

2022-06-01
咨询客户ID：2008953606
回复消息：请联系主号：https://t.me/bs91m1
【91M Boss】官方交流群：https://t.me/bs91m990

=====================================================

2022-06-01
咨询客户ID：5050846470
回复消息：请联系主号：https://t.me/bs91m1
【91M Boss】官方交流群：https://t.me/bs91m990

=====================================================

2022-06-01
咨询客户ID：5303332545
回复消息：请联系主号：https://t.me/bs91m1
【91M Boss】官方交流群：https://t.me/bs91m990

=====================================================

2022-06-01
咨询客户ID：5303332545
回复消息：请联系主号：https://t.me/bs91m1
【91M Boss】官方交流群：https://t.me/bs91m990

=====================================================

2022-06-01
咨询客户ID：2008953606
回复消息：请联系主号：https://t.me/bs91m1
【91M Boss】官方交流群：https://t.me/bs91m990

=====================================================

2022-06-01
咨询客户ID：5303332545
回复消息：请联系主号：https://t.me/bs91m1
【91M Boss】官方交流群：https://t.me/bs91m990

=====================================================

2022-06-01
咨询客户ID：2008953606
回复消息：请联系主号：https://t.me/bs91m1
【91M Boss】官方交流群：https://t.me/bs91m990

=====================================================

2022-06-01
咨询客户ID：2008953606
回复消息：请联系主号：https://t.me/bs91m1
【91M Boss】官方交流群：https://t.me/bs91m990

=====================================================

2022-06-01
咨询客户ID：5303332545
回复消息：请联系主号：https://t.me/bs91m1
【91M Boss】官方交流群：https://t.me/bs91m990

=====================================================

2022-06-01
咨询客户ID：5303332545
回复消息：请联系主号：https://t.me/bs91m1
【91M Boss】官方交流群：https://t.me/bs91m990

=====================================================

2022-06-01
咨询客户ID：2008953606
回复消息：请联系主号：https://t.me/bs91m1
【91M Boss】官方交流群：https://t.me/bs91m990

=====================================================

2022-06-01
咨询客户ID：5303332545
回复消息：请联系主号：https://t.me/bs91m1
【91M Boss】官方交流群：https://t.me/bs91m990

=====================================================

2022-06-01
咨询客户ID：2008953606
回复消息：请联系主号：https://t.me/bs91m1
【91M Boss】官方交流群：https://t.me/bs91m990

=====================================================

2022-06-01
咨询客户ID：5303332545
回复消息：请联系主号：https://t.me/bs91m1
【91M Boss】官方交流群：https://t.me/bs91m990

=====================================================

2022-06-01
咨询客户ID：5303332545
回复消息：请联系主号：https://t.me/bs91m1
【91M Boss】官方交流群：https://t.me/bs91m990

=====================================================

2022-06-01
咨询客户ID：2008953606
回复消息：请联系主号：https://t.me/bs91m1
【91M Boss】官方交流群：https://t.me/bs91m990

=====================================================

2022-06-01
咨询客户ID：5303332545
回复消息：请联系主号：https://t.me/bs91m1
【91M Boss】官方交流群：https://t.me/bs91m990

=====================================================

2022-06-01
咨询客户ID：5030688301
回复消息：请联系主号：https://t.me/bs91m1
【91M Boss】官方交流群：https://t.me/bs91m990

=====================================================

2022-06-01
咨询客户ID：2008953606
回复消息：请联系主号：https://t.me/bs91m1
【91M Boss】官方交流群：https://t.me/bs91m990

=====================================================

2022-06-01
咨询客户ID：5030688301
回复消息：请联系主号：https://t.me/bs91m1
【91M Boss】官方交流群：https://t.me/bs91m990

=====================================================

2022-06-01
咨询客户ID：5303332545
回复消息：请联系主号：https://t.me/bs91m1
【91M Boss】官方交流群：https://t.me/bs91m990

=====================================================

2022-06-01
咨询客户ID：5303332545
回复消息：请联系主号：https://t.me/bs91m1
【91M Boss】官方交流群：https://t.me/bs91m990

=====================================================

2022-06-01
咨询客户ID：2008953606
回复消息：请联系主号：https://t.me/bs91m1
【91M Boss】官方交流群：https://t.me/bs91m990

=====================================================

2022-06-01
咨询客户ID：5030688301
回复消息：请联系主号：https://t.me/bs91m1
【91M Boss】官方交流群：https://t.me/bs91m990

=====================================================

2022-06-01
咨询客户ID：2008953606
回复消息：请联系主号：https://t.me/bs91m1
【91M Boss】官方交流群：https://t.me/bs91m990

=====================================================

2022-06-01
咨询客户ID：5303332545
回复消息：请联系主号：https://t.me/bs91m1
【91M Boss】官方交流群：https://t.me/bs91m990

=====================================================

2022-06-01
咨询客户ID：5303332545
回复消息：请联系主号：https://t.me/bs91m1
【91M Boss】官方交流群：https://t.me/bs91m990

=====================================================

2022-06-01
咨询客户ID：2008953606
回复消息：请联系主号：https://t.me/bs91m1
【91M Boss】官方交流群：https://t.me/bs91m990

=====================================================

2022-06-01
咨询客户ID：5303332545
回复消息：请联系主号：https://t.me/bs91m1
【91M Boss】官方交流群：https://t.me/bs91m990

=====================================================

2022-06-01
咨询客户ID：2008953606
回复消息：请联系主号：https://t.me/bs91m1
【91M Boss】官方交流群：https://t.me/bs91m990

=====================================================

2022-06-01
咨询客户ID：2008953606
回复消息：请联系主号：https://t.me/bs91m1
【91M Boss】官方交流群：https://t.me/bs91m990

=====================================================

2022-06-01
咨询客户ID：5303332545
回复消息：请联系主号：https://t.me/bs91m1
【91M Boss】官方交流群：https://t.me/bs91m990

=====================================================

2022-06-01
咨询客户ID：5303332545
回复消息：请联系主号：https://t.me/bs91m1
【91M Boss】官方交流群：https://t.me/bs91m990

=====================================================

2022-06-01
咨询客户ID：2008953606
回复消息：请联系主号：https://t.me/bs91m1
【91M Boss】官方交流群：https://t.me/bs91m990

=====================================================

2022-06-01
咨询客户ID：2008953606
回复消息：请联系主号：https://t.me/bs91m1
【91M Boss】官方交流群：https://t.me/bs91m990

=====================================================

2022-06-01
咨询客户ID：5303332545
回复消息：请联系主号：https://t.me/bs91m1
【91M Boss】官方交流群：https://t.me/bs91m990

=====================================================

2022-06-01
咨询客户ID：5303332545
回复消息：请联系主号：https://t.me/bs91m1
【91M Boss】官方交流群：https://t.me/bs91m990

=====================================================

2022-06-01
咨询客户ID：2008953606
回复消息：请联系主号：https://t.me/bs91m1
【91M Boss】官方交流群：https://t.me/bs91m990

=====================================================

2022-06-01
咨询客户ID：5303332545
回复消息：请联系主号：https://t.me/bs91m1
【91M Boss】官方交流群：https://t.me/bs91m990

=====================================================

2022-06-01
咨询客户ID：2008953606
回复消息：请联系主号：https://t.me/bs91m1
【91M Boss】官方交流群：https://t.me/bs91m990

=====================================================

2022-06-01
咨询客户ID：5303332545
回复消息：请联系主号：https://t.me/bs91m1
【91M Boss】官方交流群：https://t.me/bs91m990

=====================================================

2022-06-01
咨询客户ID：2008953606
回复消息：请联系主号：https://t.me/bs91m1
【91M Boss】官方交流群：https://t.me/bs91m990

=====================================================

2022-06-01
咨询客户ID：5303332545
回复消息：请联系主号：https://t.me/bs91m1
【91M Boss】官方交流群：https://t.me/bs91m990

=====================================================

2022-06-01
咨询客户ID：2008953606
回复消息：请联系主号：https://t.me/bs91m1
【91M Boss】官方交流群：https://t.me/bs91m990

=====================================================

2022-06-01
咨询客户ID：2008953606
回复消息：请联系主号：https://t.me/bs91m1
【91M Boss】官方交流群：https://t.me/bs91m990

=====================================================

2022-06-01
咨询客户ID：2008953606
回复消息：请联系主号：https://t.me/bs91m1
【91M Boss】官方交流群：https://t.me/bs91m990

=====================================================

2022-06-01
咨询客户ID：5303332545
回复消息：请联系主号：https://t.me/bs91m1
【91M Boss】官方交流群：https://t.me/bs91m990

=====================================================

2022-06-01
咨询客户ID：2008953606
回复消息：请联系主号：https://t.me/bs91m1
【91M Boss】官方交流群：https://t.me/bs91m990

=====================================================

2022-06-01
咨询客户ID：2008953606
回复消息：请联系主号：https://t.me/bs91m1
【91M Boss】官方交流群：https://t.me/bs91m990

=====================================================

2022-06-01
咨询客户ID：5303332545
回复消息：请联系主号：https://t.me/bs91m1
【91M Boss】官方交流群：https://t.me/bs91m990

=====================================================

2022-06-01
咨询客户ID：5303332545
回复消息：请联系主号：https://t.me/bs91m1
【91M Boss】官方交流群：https://t.me/bs91m990

=====================================================

2022-06-01
咨询客户ID：2008953606
回复消息：请联系主号：https://t.me/bs91m1
【91M Boss】官方交流群：https://t.me/bs91m990

=====================================================

2022-06-01
咨询客户ID：5303332545
回复消息：请联系主号：https://t.me/bs91m1
【91M Boss】官方交流群：https://t.me/bs91m990

=====================================================

2022-06-01
咨询客户ID：2008953606
回复消息：请联系主号：https://t.me/bs91m1
【91M Boss】官方交流群：https://t.me/bs91m990

=====================================================

2022-06-01
咨询客户ID：5303332545
回复消息：请联系主号：https://t.me/bs91m1
【91M Boss】官方交流群：https://t.me/bs91m990

=====================================================

2022-06-01
咨询客户ID：2008953606
回复消息：请联系主号：https://t.me/bs91m1
【91M Boss】官方交流群：https://t.me/bs91m990

=====================================================

2022-06-01
咨询客户ID：2008953606
回复消息：请联系主号：https://t.me/bs91m1
【91M Boss】官方交流群：https://t.me/bs91m990

=====================================================

2022-06-01
咨询客户ID：2008953606
回复消息：请联系主号：https://t.me/bs91m1
【91M Boss】官方交流群：https://t.me/bs91m990

=====================================================

2022-06-01
咨询客户ID：5303332545
回复消息：请联系主号：https://t.me/bs91m1
【91M Boss】官方交流群：https://t.me/bs91m990

=====================================================

2022-06-01
咨询客户ID：2008953606
回复消息：请联系主号：https://t.me/bs91m1
【91M Boss】官方交流群：https://t.me/bs91m990

=====================================================

2022-06-01
咨询客户ID：5303332545
回复消息：请联系主号：https://t.me/bs91m1
【91M Boss】官方交流群：https://t.me/bs91m990

=====================================================

2022-06-01
咨询客户ID：2008953606
回复消息：请联系主号：https://t.me/bs91m1
【91M Boss】官方交流群：https://t.me/bs91m990

=====================================================

2022-06-01
咨询客户ID：5303332545
回复消息：请联系主号：https://t.me/bs91m1
【91M Boss】官方交流群：https://t.me/bs91m990

=====================================================

2022-06-01
咨询客户ID：5303332545
回复消息：请联系主号：https://t.me/bs91m1
【91M Boss】官方交流群：https://t.me/bs91m990

=====================================================

2022-06-01
咨询客户ID：5303332545
回复消息：请联系主号：https://t.me/bs91m1
【91M Boss】官方交流群：https://t.me/bs91m990

=====================================================

2022-06-01
咨询客户ID：5303332545
回复消息：请联系主号：https://t.me/bs91m1
【91M Boss】官方交流群：https://t.me/bs91m990

=====================================================

2022-06-01
咨询客户ID：2008953606
回复消息：请联系主号：https://t.me/bs91m1
【91M Boss】官方交流群：https://t.me/bs91m990

=====================================================

2022-06-01
咨询客户ID：5303332545
回复消息：请联系主号：https://t.me/bs91m1
【91M Boss】官方交流群：https://t.me/bs91m990

=====================================================

2022-06-01
咨询客户ID：5303332545
回复消息：请联系主号：https://t.me/bs91m1
【91M Boss】官方交流群：https://t.me/bs91m990

=====================================================

2022-06-01
咨询客户ID：2008953606
回复消息：请联系主号：https://t.me/bs91m1
【91M Boss】官方交流群：https://t.me/bs91m990

=====================================================

2022-06-01
咨询客户ID：5050846470
回复消息：请联系主号：https://t.me/bs91m1
【91M Boss】官方交流群：https://t.me/bs91m990

=====================================================

2022-06-01
咨询客户ID：5303332545
回复消息：请联系主号：https://t.me/bs91m1
【91M Boss】官方交流群：https://t.me/bs91m990

=====================================================

2022-06-01
咨询客户ID：5303332545
回复消息：请联系主号：https://t.me/bs91m1
【91M Boss】官方交流群：https://t.me/bs91m990

=====================================================

2022-06-01
咨询客户ID：2008953606
回复消息：请联系主号：https://t.me/bs91m1
【91M Boss】官方交流群：https://t.me/bs91m990

=====================================================

2022-06-01
咨询客户ID：2008953606
回复消息：请联系主号：https://t.me/bs91m1
【91M Boss】官方交流群：https://t.me/bs91m990

=====================================================

2022-06-01
咨询客户ID：5303332545
回复消息：请联系主号：https://t.me/bs91m1
【91M Boss】官方交流群：https://t.me/bs91m990

=====================================================

2022-06-01
咨询客户ID：5303332545
回复消息：请联系主号：https://t.me/bs91m1
【91M Boss】官方交流群：https://t.me/bs91m990

=====================================================

2022-06-01
咨询客户ID：5303332545
回复消息：请联系主号：https://t.me/bs91m1
【91M Boss】官方交流群：https://t.me/bs91m990

=====================================================

2022-06-01
咨询客户ID：2008953606
回复消息：请联系主号：https://t.me/bs91m1
【91M Boss】官方交流群：https://t.me/bs91m990

=====================================================

2022-06-01
咨询客户ID：5303332545
回复消息：请联系主号：https://t.me/bs91m1
【91M Boss】官方交流群：https://t.me/bs91m990

=====================================================

2022-06-01
咨询客户ID：2008953606
回复消息：请联系主号：https://t.me/bs91m1
【91M Boss】官方交流群：https://t.me/bs91m990

=====================================================

2022-06-01
咨询客户ID：5303332545
回复消息：请联系主号：https://t.me/bs91m1
【91M Boss】官方交流群：https://t.me/bs91m990

=====================================================

2022-06-01
咨询客户ID：2008953606
回复消息：请联系主号：https://t.me/bs91m1
【91M Boss】官方交流群：https://t.me/bs91m990

=====================================================

2022-06-01
咨询客户ID：5303332545
回复消息：请联系主号：https://t.me/bs91m1
【91M Boss】官方交流群：https://t.me/bs91m990

=====================================================

2022-06-01
咨询客户ID：2008953606
回复消息：请联系主号：https://t.me/bs91m1
【91M Boss】官方交流群：https://t.me/bs91m990

=====================================================

2022-06-01
咨询客户ID：5303332545
回复消息：请联系主号：https://t.me/bs91m1
【91M Boss】官方交流群：https://t.me/bs91m990

=====================================================

2022-06-01
咨询客户ID：5303332545
回复消息：请联系主号：https://t.me/bs91m1
【91M Boss】官方交流群：https://t.me/bs91m990

=====================================================

2022-06-01
咨询客户ID：2008953606
回复消息：请联系主号：https://t.me/bs91m1
【91M Boss】官方交流群：https://t.me/bs91m990

=====================================================

2022-06-01
咨询客户ID：5303332545
回复消息：请联系主号：https://t.me/bs91m1
【91M Boss】官方交流群：https://t.me/bs91m990

=====================================================

2022-06-01
咨询客户ID：2008953606
回复消息：请联系主号：https://t.me/bs91m1
【91M Boss】官方交流群：https://t.me/bs91m990

=====================================================

2022-06-01
咨询客户ID：5303332545
回复消息：请联系主号：https://t.me/bs91m1
【91M Boss】官方交流群：https://t.me/bs91m990

=====================================================

2022-06-01
咨询客户ID：2008953606
回复消息：请联系主号：https://t.me/bs91m1
【91M Boss】官方交流群：https://t.me/bs91m990

=====================================================

2022-06-01
咨询客户ID：2008953606
回复消息：请联系主号：https://t.me/bs91m1
【91M Boss】官方交流群：https://t.me/bs91m990

=====================================================

2022-06-01
咨询客户ID：2008953606
回复消息：请联系主号：https://t.me/bs91m1
【91M Boss】官方交流群：https://t.me/bs91m990

=====================================================

2022-06-01
咨询客户ID：5303332545
回复消息：请联系主号：https://t.me/bs91m1
【91M Boss】官方交流群：https://t.me/bs91m990

=====================================================

2022-06-01
咨询客户ID：2008953606
回复消息：请联系主号：https://t.me/bs91m1
【91M Boss】官方交流群：https://t.me/bs91m990

=====================================================

2022-06-01
咨询客户ID：5303332545
回复消息：请联系主号：https://t.me/bs91m1
【91M Boss】官方交流群：https://t.me/bs91m990

=====================================================

2022-06-01
咨询客户ID：2008953606
回复消息：请联系主号：https://t.me/bs91m1
【91M Boss】官方交流群：https://t.me/bs91m990

=====================================================

2022-06-01
咨询客户ID：5303332545
回复消息：请联系主号：https://t.me/bs91m1
【91M Boss】官方交流群：https://t.me/bs91m990

=====================================================

2022-06-01
咨询客户ID：5303332545
回复消息：请联系主号：https://t.me/bs91m1
【91M Boss】官方交流群：https://t.me/bs91m990

=====================================================

2022-06-01
咨询客户ID：2008953606
回复消息：请联系主号：https://t.me/bs91m1
【91M Boss】官方交流群：https://t.me/bs91m990

=====================================================

2022-06-01
咨询客户ID：2008953606
回复消息：请联系主号：https://t.me/bs91m1
【91M Boss】官方交流群：https://t.me/bs91m990

=====================================================

2022-06-01
咨询客户ID：5303332545
回复消息：请联系主号：https://t.me/bs91m1
【91M Boss】官方交流群：https://t.me/bs91m990

=====================================================

2022-06-01
咨询客户ID：2008953606
回复消息：请联系主号：https://t.me/bs91m1
【91M Boss】官方交流群：https://t.me/bs91m990

=====================================================

2022-06-01
咨询客户ID：5303332545
回复消息：请联系主号：https://t.me/bs91m1
【91M Boss】官方交流群：https://t.me/bs91m990

=====================================================

2022-06-01
咨询客户ID：5303332545
回复消息：请联系主号：https://t.me/bs91m1
【91M Boss】官方交流群：https://t.me/bs91m990

=====================================================

2022-06-01
咨询客户ID：2008953606
回复消息：请联系主号：https://t.me/bs91m1
【91M Boss】官方交流群：https://t.me/bs91m990

=====================================================

2022-06-01
咨询客户ID：5303332545
回复消息：请联系主号：https://t.me/bs91m1
【91M Boss】官方交流群：https://t.me/bs91m990

=====================================================

2022-06-01
咨询客户ID：2008953606
回复消息：请联系主号：https://t.me/bs91m1
【91M Boss】官方交流群：https://t.me/bs91m990

=====================================================

2022-06-01
咨询客户ID：2008953606
回复消息：请联系主号：https://t.me/bs91m1
【91M Boss】官方交流群：https://t.me/bs91m990

=====================================================

2022-06-01
咨询客户ID：5303332545
回复消息：请联系主号：https://t.me/bs91m1
【91M Boss】官方交流群：https://t.me/bs91m990

=====================================================

2022-06-01
咨询客户ID：5303332545
回复消息：请联系主号：https://t.me/bs91m1
【91M Boss】官方交流群：https://t.me/bs91m990

=====================================================

2022-06-01
咨询客户ID：2008953606
回复消息：请联系主号：https://t.me/bs91m1
【91M Boss】官方交流群：https://t.me/bs91m990

=====================================================

2022-06-01
咨询客户ID：5303332545
回复消息：请联系主号：https://t.me/bs91m1
【91M Boss】官方交流群：https://t.me/bs91m990

=====================================================

2022-06-01
咨询客户ID：2008953606
回复消息：请联系主号：https://t.me/bs91m1
【91M Boss】官方交流群：https://t.me/bs91m990

=====================================================

2022-06-01
咨询客户ID：5303332545
回复消息：请联系主号：https://t.me/bs91m1
【91M Boss】官方交流群：https://t.me/bs91m990

=====================================================

2022-06-01
咨询客户ID：5334125156
回复消息：请联系主号：https://t.me/bs91m1
【91M Boss】官方交流群：https://t.me/bs91m990

=====================================================

2022-06-01
咨询客户ID：2008953606
回复消息：请联系主号：https://t.me/bs91m1
【91M Boss】官方交流群：https://t.me/bs91m990

=====================================================

2022-06-01
咨询客户ID：5303332545
回复消息：请联系主号：https://t.me/bs91m1
【91M Boss】官方交流群：https://t.me/bs91m990

=====================================================

2022-06-01
咨询客户ID：5303332545
回复消息：请联系主号：https://t.me/bs91m1
【91M Boss】官方交流群：https://t.me/bs91m990

=====================================================

2022-06-01
咨询客户ID：2008953606
回复消息：请联系主号：https://t.me/bs91m1
【91M Boss】官方交流群：https://t.me/bs91m990

=====================================================

2022-06-01
咨询客户ID：2008953606
回复消息：请联系主号：https://t.me/bs91m1
【91M Boss】官方交流群：https://t.me/bs91m990

=====================================================

2022-06-01
咨询客户ID：2008953606
回复消息：请联系主号：https://t.me/bs91m1
【91M Boss】官方交流群：https://t.me/bs91m990

=====================================================

2022-06-01
咨询客户ID：5303332545
回复消息：请联系主号：https://t.me/bs91m1
【91M Boss】官方交流群：https://t.me/bs91m990

=====================================================

2022-06-01
咨询客户ID：5303332545
回复消息：请联系主号：https://t.me/bs91m1
【91M Boss】官方交流群：https://t.me/bs91m990

=====================================================

2022-06-01
咨询客户ID：2008953606
回复消息：请联系主号：https://t.me/bs91m1
【91M Boss】官方交流群：https://t.me/bs91m990

=====================================================

2022-06-01
咨询客户ID：5303332545
回复消息：请联系主号：https://t.me/bs91m1
【91M Boss】官方交流群：https://t.me/bs91m990

=====================================================

2022-06-01
咨询客户ID：5334125156
回复消息：请联系主号：https://t.me/bs91m1
【91M Boss】官方交流群：https://t.me/bs91m990

=====================================================

2022-06-01
咨询客户ID：5303332545
回复消息：请联系主号：https://t.me/bs91m1
【91M Boss】官方交流群：https://t.me/bs91m990

=====================================================

2022-06-01
咨询客户ID：2008953606
回复消息：请联系主号：https://t.me/bs91m1
【91M Boss】官方交流群：https://t.me/bs91m990

=====================================================

2022-06-01
咨询客户ID：5303332545
回复消息：请联系主号：https://t.me/bs91m1
【91M Boss】官方交流群：https://t.me/bs91m990

=====================================================

2022-06-01
咨询客户ID：2008953606
回复消息：请联系主号：https://t.me/bs91m1
【91M Boss】官方交流群：https://t.me/bs91m990

=====================================================

2022-06-01
咨询客户ID：5303332545
回复消息：请联系主号：https://t.me/bs91m1
【91M Boss】官方交流群：https://t.me/bs91m990

=====================================================

2022-06-01
咨询客户ID：2008953606
回复消息：请联系主号：https://t.me/bs91m1
【91M Boss】官方交流群：https://t.me/bs91m990

=====================================================

2022-06-01
咨询客户ID：5334125156
回复消息：请联系主号：https://t.me/bs91m1
【91M Boss】官方交流群：https://t.me/bs91m990

=====================================================

2022-06-01
咨询客户ID：2008953606
回复消息：请联系主号：https://t.me/bs91m1
【91M Boss】官方交流群：https://t.me/bs91m990

=====================================================

2022-06-01
咨询客户ID：5303332545
回复消息：请联系主号：https://t.me/bs91m1
【91M Boss】官方交流群：https://t.me/bs91m990

=====================================================

2022-06-01
咨询客户ID：2008953606
回复消息：请联系主号：https://t.me/bs91m1
【91M Boss】官方交流群：https://t.me/bs91m990

=====================================================

2022-06-01
咨询客户ID：5235922996
回复消息：请联系主号：https://t.me/bs91m1
【91M Boss】官方交流群：https://t.me/bs91m990

=====================================================

2022-06-01
咨询客户ID：5334125156
回复消息：请联系主号：https://t.me/bs91m1
【91M Boss】官方交流群：https://t.me/bs91m990

=====================================================

2022-06-01
咨询客户ID：2008953606
回复消息：请联系主号：https://t.me/bs91m1
【91M Boss】官方交流群：https://t.me/bs91m990

=====================================================

2022-06-01
咨询客户ID：5303332545
回复消息：请联系主号：https://t.me/bs91m1
【91M Boss】官方交流群：https://t.me/bs91m990

=====================================================

2022-06-01
咨询客户ID：2008953606
回复消息：请联系主号：https://t.me/bs91m1
【91M Boss】官方交流群：https://t.me/bs91m990

=====================================================

2022-06-01
咨询客户ID：5303332545
回复消息：请联系主号：https://t.me/bs91m1
【91M Boss】官方交流群：https://t.me/bs91m990