

=====================================================

2022-06-05
咨询客户ID：5446183888
回复消息：代发广告、购买软件请联系
【91M Boss】 客户经理：https://t.me/bs91m1
【91M Boss】 官方交流群：https://t.me/bs91m990

=====================================================

2022-06-05
咨询客户ID：5485568684
回复消息：代发广告、购买软件请联系
【91M Boss】 客户经理：https://t.me/bs91m1
【91M Boss】 官方交流群：https://t.me/bs91m990

=====================================================

2022-06-05
咨询客户ID：5468861094
回复消息：代发广告、购买软件请联系
【91M Boss】 客户经理：https://t.me/bs91m1
【91M Boss】 官方交流群：https://t.me/bs91m990

=====================================================

2022-06-05
咨询客户ID：5148948122
回复消息：代发广告、购买软件请联系
【91M Boss】 客户经理：https://t.me/bs91m1
【91M Boss】 官方交流群：https://t.me/bs91m990

=====================================================

2022-06-05
咨询客户ID：5491368185
回复消息：代发广告、购买软件请联系
【91M Boss】 客户经理：https://t.me/bs91m1
【91M Boss】 官方交流群：https://t.me/bs91m990

=====================================================

2022-06-05
咨询客户ID：5117408021
回复消息：代发广告、购买软件请联系
【91M Boss】 客户经理：https://t.me/bs91m1
【91M Boss】 官方交流群：https://t.me/bs91m990

=====================================================

2022-06-05
咨询客户ID：1489480663
回复消息：代发广告、购买软件请联系
【91M Boss】 客户经理：https://t.me/bs91m1
【91M Boss】 官方交流群：https://t.me/bs91m990

=====================================================

2022-06-05
咨询客户ID：5308208755
回复消息：代发广告、购买软件请联系
【91M Boss】 客户经理：https://t.me/bs91m1
【91M Boss】 官方交流群：https://t.me/bs91m990

=====================================================

2022-06-05
咨询客户ID：818128463
回复消息：代发广告、购买软件请联系
【91M Boss】 客户经理：https://t.me/bs91m1
【91M Boss】 官方交流群：https://t.me/bs91m990

=====================================================

2022-06-05
咨询客户ID：2102370421
回复消息：代发广告、购买软件请联系
【91M Boss】 客户经理：https://t.me/bs91m1
【91M Boss】 官方交流群：https://t.me/bs91m990

=====================================================

2022-06-05
咨询客户ID：5383704112
回复消息：代发广告、购买软件请联系
【91M Boss】 客户经理：https://t.me/bs91m1
【91M Boss】 官方交流群：https://t.me/bs91m990

=====================================================

2022-06-05
咨询客户ID：696341090
回复消息：代发广告、购买软件请联系
【91M Boss】 客户经理：https://t.me/bs91m1
【91M Boss】 官方交流群：https://t.me/bs91m990

=====================================================

2022-06-05
咨询客户ID：5549449906
回复消息：代发广告、购买软件请联系
【91M Boss】 客户经理：https://t.me/bs91m1
【91M Boss】 官方交流群：https://t.me/bs91m990

=====================================================

2022-06-05
咨询客户ID：1402880500
回复消息：代发广告、购买软件请联系
【91M Boss】 客户经理：https://t.me/bs91m1
【91M Boss】 官方交流群：https://t.me/bs91m990

=====================================================

2022-06-05
咨询客户ID：5520352598
回复消息：代发广告、购买软件请联系
【91M Boss】 客户经理：https://t.me/bs91m1
【91M Boss】 官方交流群：https://t.me/bs91m990

=====================================================

2022-06-05
咨询客户ID：5182207719
回复消息：代发广告、购买软件请联系
【91M Boss】 客户经理：https://t.me/bs91m1
【91M Boss】 官方交流群：https://t.me/bs91m990

=====================================================

2022-06-05
咨询客户ID：5382796493
回复消息：代发广告、购买软件请联系
【91M Boss】 客户经理：https://t.me/bs91m1
【91M Boss】 官方交流群：https://t.me/bs91m990

=====================================================

2022-06-05
咨询客户ID：5564152297
回复消息：代发广告、购买软件请联系
【91M Boss】 客户经理：https://t.me/bs91m1
【91M Boss】 官方交流群：https://t.me/bs91m990

=====================================================

2022-06-05
咨询客户ID：5107455501
回复消息：代发广告、购买软件请联系
【91M Boss】 客户经理：https://t.me/bs91m1
【91M Boss】 官方交流群：https://t.me/bs91m990

=====================================================

2022-06-05
咨询客户ID：5144232499
回复消息：代发广告、购买软件请联系
【91M Boss】 客户经理：https://t.me/bs91m1
【91M Boss】 官方交流群：https://t.me/bs91m990

=====================================================

2022-06-05
咨询客户ID：5412779409
回复消息：代发广告、购买软件请联系
【91M Boss】 客户经理：https://t.me/bs91m1
【91M Boss】 官方交流群：https://t.me/bs91m990

=====================================================

2022-06-05
咨询客户ID：5328648408
回复消息：代发广告、购买软件请联系
【91M Boss】 客户经理：https://t.me/bs91m1
【91M Boss】 官方交流群：https://t.me/bs91m990

=====================================================

2022-06-05
咨询客户ID：5526437057
回复消息：代发广告、购买软件请联系
【91M Boss】 客户经理：https://t.me/bs91m1
【91M Boss】 官方交流群：https://t.me/bs91m990

=====================================================

2022-06-05
咨询客户ID：5348986748
回复消息：代发广告、购买软件请联系
【91M Boss】 客户经理：https://t.me/bs91m1
【91M Boss】 官方交流群：https://t.me/bs91m990

=====================================================

2022-06-05
咨询客户ID：5350787993
回复消息：代发广告、购买软件请联系
【91M Boss】 客户经理：https://t.me/bs91m1
【91M Boss】 官方交流群：https://t.me/bs91m990

=====================================================

2022-06-05
咨询客户ID：5562227572
回复消息：代发广告、购买软件请联系
【91M Boss】 客户经理：https://t.me/bs91m1
【91M Boss】 官方交流群：https://t.me/bs91m990

=====================================================

2022-06-05
咨询客户ID：5551783995
回复消息：代发广告、购买软件请联系
【91M Boss】 客户经理：https://t.me/bs91m1
【91M Boss】 官方交流群：https://t.me/bs91m990

=====================================================

2022-06-05
咨询客户ID：5300022391
回复消息：代发广告、购买软件请联系
【91M Boss】 客户经理：https://t.me/bs91m1
【91M Boss】 官方交流群：https://t.me/bs91m990

=====================================================

2022-06-05
咨询客户ID：5565748731
回复消息：代发广告、购买软件请联系
【91M Boss】 客户经理：https://t.me/bs91m1
【91M Boss】 官方交流群：https://t.me/bs91m990

=====================================================

2022-06-05
咨询客户ID：5344551557
回复消息：代发广告、购买软件请联系
【91M Boss】 客户经理：https://t.me/bs91m1
【91M Boss】 官方交流群：https://t.me/bs91m990

=====================================================

2022-06-05
咨询客户ID：2107641937
回复消息：代发广告、购买软件请联系
【91M Boss】 客户经理：https://t.me/bs91m1
【91M Boss】 官方交流群：https://t.me/bs91m990

=====================================================

2022-06-05
咨询客户ID：5488080767
回复消息：代发广告、购买软件请联系
【91M Boss】 客户经理：https://t.me/bs91m1
【91M Boss】 官方交流群：https://t.me/bs91m990

=====================================================

2022-06-05
咨询客户ID：5379224879
回复消息：代发广告、购买软件请联系
【91M Boss】 客户经理：https://t.me/bs91m1
【91M Boss】 官方交流群：https://t.me/bs91m990

=====================================================

2022-06-05
咨询客户ID：5345906859
回复消息：代发广告、购买软件请联系
【91M Boss】 客户经理：https://t.me/bs91m1
【91M Boss】 官方交流群：https://t.me/bs91m990

=====================================================

2022-06-05
咨询客户ID：5353136797
回复消息：代发广告、购买软件请联系
【91M Boss】 客户经理：https://t.me/bs91m1
【91M Boss】 官方交流群：https://t.me/bs91m990

=====================================================

2022-06-05
咨询客户ID：5395788575
回复消息：代发广告、购买软件请联系
【91M Boss】 客户经理：https://t.me/bs91m1
【91M Boss】 官方交流群：https://t.me/bs91m990

=====================================================

2022-06-05
咨询客户ID：5123767509
回复消息：代发广告、购买软件请联系
【91M Boss】 客户经理：https://t.me/bs91m1
【91M Boss】 官方交流群：https://t.me/bs91m990

=====================================================

2022-06-05
咨询客户ID：5422031485
回复消息：代发广告、购买软件请联系
【91M Boss】 客户经理：https://t.me/bs91m1
【91M Boss】 官方交流群：https://t.me/bs91m990

=====================================================

2022-06-05
咨询客户ID：5357672840
回复消息：代发广告、购买软件请联系
【91M Boss】 客户经理：https://t.me/bs91m1
【91M Boss】 官方交流群：https://t.me/bs91m990

=====================================================

2022-06-05
咨询客户ID：5463073802
回复消息：代发广告、购买软件请联系
【91M Boss】 客户经理：https://t.me/bs91m1
【91M Boss】 官方交流群：https://t.me/bs91m990

=====================================================

2022-06-05
咨询客户ID：5544468240
回复消息：代发广告、购买软件请联系
【91M Boss】 客户经理：https://t.me/bs91m1
【91M Boss】 官方交流群：https://t.me/bs91m990

=====================================================

2022-06-05
咨询客户ID：5423226586
回复消息：代发广告、购买软件请联系
【91M Boss】 客户经理：https://t.me/bs91m1
【91M Boss】 官方交流群：https://t.me/bs91m990

=====================================================

2022-06-05
咨询客户ID：5296401964
回复消息：代发广告、购买软件请联系
【91M Boss】 客户经理：https://t.me/bs91m1
【91M Boss】 官方交流群：https://t.me/bs91m990

=====================================================

2022-06-05
咨询客户ID：5352797947
回复消息：代发广告、购买软件请联系
【91M Boss】 客户经理：https://t.me/bs91m1
【91M Boss】 官方交流群：https://t.me/bs91m990

=====================================================

2022-06-05
咨询客户ID：5354269659
回复消息：代发广告、购买软件请联系
【91M Boss】 客户经理：https://t.me/bs91m1
【91M Boss】 官方交流群：https://t.me/bs91m990

=====================================================

2022-06-05
咨询客户ID：5545076327
回复消息：代发广告、购买软件请联系
【91M Boss】 客户经理：https://t.me/bs91m1
【91M Boss】 官方交流群：https://t.me/bs91m990

=====================================================

2022-06-05
咨询客户ID：5375695524
回复消息：代发广告、购买软件请联系
【91M Boss】 客户经理：https://t.me/bs91m1
【91M Boss】 官方交流群：https://t.me/bs91m990

=====================================================

2022-06-05
咨询客户ID：5317179116
回复消息：代发广告、购买软件请联系
【91M Boss】 客户经理：https://t.me/bs91m1
【91M Boss】 官方交流群：https://t.me/bs91m990

=====================================================

2022-06-05
咨询客户ID：5264647096
回复消息：代发广告、购买软件请联系
【91M Boss】 客户经理：https://t.me/bs91m1
【91M Boss】 官方交流群：https://t.me/bs91m990

=====================================================

2022-06-05
咨询客户ID：5442286569
回复消息：代发广告、购买软件请联系
【91M Boss】 客户经理：https://t.me/bs91m1
【91M Boss】 官方交流群：https://t.me/bs91m990

=====================================================

2022-06-05
咨询客户ID：5590517873
回复消息：代发广告、购买软件请联系
【91M Boss】 客户经理：https://t.me/bs91m1
【91M Boss】 官方交流群：https://t.me/bs91m990

=====================================================

2022-06-05
咨询客户ID：5509056782
回复消息：代发广告、购买软件请联系
【91M Boss】 客户经理：https://t.me/bs91m1
【91M Boss】 官方交流群：https://t.me/bs91m990

=====================================================

2022-06-05
咨询客户ID：5169090908
回复消息：代发广告、购买软件请联系
【91M Boss】 客户经理：https://t.me/bs91m1
【91M Boss】 官方交流群：https://t.me/bs91m990

=====================================================

2022-06-05
咨询客户ID：5522378829
回复消息：代发广告、购买软件请联系
【91M Boss】 客户经理：https://t.me/bs91m1
【91M Boss】 官方交流群：https://t.me/bs91m990

=====================================================

2022-06-05
咨询客户ID：5567631869
回复消息：代发广告、购买软件请联系
【91M Boss】 客户经理：https://t.me/bs91m1
【91M Boss】 官方交流群：https://t.me/bs91m990

=====================================================

2022-06-05
咨询客户ID：5541664939
回复消息：代发广告、购买软件请联系
【91M Boss】 客户经理：https://t.me/bs91m1
【91M Boss】 官方交流群：https://t.me/bs91m990

=====================================================

2022-06-05
咨询客户ID：5333250557
回复消息：代发广告、购买软件请联系
【91M Boss】 客户经理：https://t.me/bs91m1
【91M Boss】 官方交流群：https://t.me/bs91m990

=====================================================

2022-06-05
咨询客户ID：5565697303
回复消息：代发广告、购买软件请联系
【91M Boss】 客户经理：https://t.me/bs91m1
【91M Boss】 官方交流群：https://t.me/bs91m990

=====================================================

2022-06-05
咨询客户ID：5130425120
回复消息：代发广告、购买软件请联系
【91M Boss】 客户经理：https://t.me/bs91m1
【91M Boss】 官方交流群：https://t.me/bs91m990

=====================================================

2022-06-05
咨询客户ID：5442099093
回复消息：代发广告、购买软件请联系
【91M Boss】 客户经理：https://t.me/bs91m1
【91M Boss】 官方交流群：https://t.me/bs91m990

=====================================================

2022-06-05
咨询客户ID：5220208737
回复消息：代发广告、购买软件请联系
【91M Boss】 客户经理：https://t.me/bs91m1
【91M Boss】 官方交流群：https://t.me/bs91m990

=====================================================

2022-06-05
咨询客户ID：1175634047
回复消息：代发广告、购买软件请联系
【91M Boss】 客户经理：https://t.me/bs91m1
【91M Boss】 官方交流群：https://t.me/bs91m990