

=====================================================

2022-06-04
咨询客户ID：5492029246
回复消息：代发广告、购买软件请联系
【91M Boss】 客户经理：https://t.me/bs91m1
【91M Boss】 官方交流群：https://t.me/bs91m990

=====================================================

2022-06-04
咨询客户ID：5550094110
回复消息：代发广告、购买软件请联系
【91M Boss】 客户经理：https://t.me/bs91m1
【91M Boss】 官方交流群：https://t.me/bs91m990

=====================================================

2022-06-04
咨询客户ID：5445244244
回复消息：代发广告、购买软件请联系
【91M Boss】 客户经理：https://t.me/bs91m1
【91M Boss】 官方交流群：https://t.me/bs91m990

=====================================================

2022-06-04
咨询客户ID：468139294
回复消息：代发广告、购买软件请联系
【91M Boss】 客户经理：https://t.me/bs91m1
【91M Boss】 官方交流群：https://t.me/bs91m990

=====================================================

2022-06-04
咨询客户ID：5563057987
回复消息：代发广告、购买软件请联系
【91M Boss】 客户经理：https://t.me/bs91m1
【91M Boss】 官方交流群：https://t.me/bs91m990

=====================================================

2022-06-04
咨询客户ID：5594760497
回复消息：代发广告、购买软件请联系
【91M Boss】 客户经理：https://t.me/bs91m1
【91M Boss】 官方交流群：https://t.me/bs91m990

=====================================================

2022-06-04
咨询客户ID：5385782486
回复消息：代发广告、购买软件请联系
【91M Boss】 客户经理：https://t.me/bs91m1
【91M Boss】 官方交流群：https://t.me/bs91m990