
https://t.me/+-gQhQNg6UedmYzhh
https://t.me/+-jAPlPqNLng3NTk1
https://t.me/+-J3EkxDRssplNmQx
https://t.me/+-gQhQNg6UedmYzhh
https://t.me/+kF5YAHBQ7b8yMDVl
https://t.me/+-HKE3ttySdAxMTk1
https://t.me/ffcyx
https://t.me/+-RvPwnYZ0fo2NzE1
https://t.me/+-jAPlPqNLng3NTk1
https://t.me/+-FuT5gvc2BwyNzg5
https://t.me/+-ZBvuqf9AYtkM2Q5
https://t.me/+-bcWU8v_IGBjNDBl
https://t.me/+-jAPlPqNLng3NTk1
https://t.me/+-J3EkxDRssplNmQx
https://t.me/+-HKE3ttySdAxMTk1
https://t.me/+-FuT5gvc2BwyNzg5
https://t.me/+kF5YAHBQ7b8yMDVl
https://t.me/+-ZBvuqf9AYtkM2Q5
https://t.me/+-gQhQNg6UedmYzhh
https://t.me/ffcyx
https://t.me/wangbo28
https://t.me/+-bcWU8v_IGBjNDBl
https://t.me/+-RvPwnYZ0fo2NzE1
https://t.me/ffcyx
https://t.me/wangbo28
https://t.me/+-HKE3ttySdAxMTk1
https://t.me/+kF5YAHBQ7b8yMDVl
https://t.me/+-jAPlPqNLng3NTk1
https://t.me/+-bcWU8v_IGBjNDBl
https://t.me/+-FuT5gvc2BwyNzg5
https://t.me/+-J3EkxDRssplNmQx
https://t.me/+-ZBvuqf9AYtkM2Q5
https://t.me/+-gQhQNg6UedmYzhh
https://t.me/+-RvPwnYZ0fo2NzE1
https://t.me/+-HKE3ttySdAxMTk1
https://t.me/+-ZBvuqf9AYtkM2Q5
https://t.me/+-RvPwnYZ0fo2NzE1
https://t.me/ffcyx
https://t.me/+-jAPlPqNLng3NTk1
https://t.me/+-gQhQNg6UedmYzhh
https://t.me/+kF5YAHBQ7b8yMDVl
https://t.me/+-bcWU8v_IGBjNDBl
https://t.me/wangbo28
https://t.me/+-FuT5gvc2BwyNzg5
https://t.me/+-J3EkxDRssplNmQx
https://t.me/+l1slk5dV5jE3ZjNl
https://t.me/+-bcWU8v_IGBjNDBl
https://t.me/ffcyx
https://t.me/+-jAPlPqNLng3NTk1
https://t.me/+-HKE3ttySdAxMTk1
https://t.me/+-FuT5gvc2BwyNzg5
https://t.me/+-J3EkxDRssplNmQx
https://t.me/+-gQhQNg6UedmYzhh
https://t.me/+kF5YAHBQ7b8yMDVl
https://t.me/+-RvPwnYZ0fo2NzE1
https://t.me/+ftCy3AbJQ2FkZTdh
https://t.me/+-ZBvuqf9AYtkM2Q5
https://t.me/wangbo28
https://t.me/+QmtEDlDoYLlkMGVl
https://t.me/+9oE0N-acgdo0NTNl
https://t.me/+rUlOEDqXoIM4NDk9
https://t.me/+z-xgWFuhbXRiMmU1
https://t.me/+m7Ys3kdhOQ5jODQ1
https://t.me/wangbo28
https://t.me/+mrJcyx4RlCoyZDE9
https://t.me/+-bcWU8v_IGBjNDBl
https://t.me/+qG8NTgtN0akxM2Ex
https://t.me/+REYpWO1e16djZDUx
https://t.me/+z-xgWFuhbXRiMmU1
https://t.me/+1450TvdWFDg3ZDlh
https://t.me/+H9LG2jzQBeA4NjMx
https://t.me/+zYJQMkPK-txmNTc1
https://t.me/+C0RIb6Z0lM8xY2Q1
https://t.me/ffcyx
https://t.me/+yB1tBXdqMKFkMGFl
https://t.me/+-FuT5gvc2BwyNzg5
https://t.me/+VwDoIE1fU34wNDRl
https://t.me/+kF5YAHBQ7b8yMDVl
https://t.me/+iBdNpf3vLzBkOTFl
https://t.me/+-gQhQNg6UedmYzhh
https://t.me/+-ZBvuqf9AYtkM2Q5
https://t.me/+Ak8f4ofbKpEzYTU1
https://t.me/+-jAPlPqNLng3NTk1
https://t.me/+-HKE3ttySdAxMTk1
https://t.me/+Hu3nlzXur5djMzg1
https://t.me/+NZfDxbAhxBRjMmZl
https://t.me/+-RvPwnYZ0fo2NzE1
https://t.me/+5qiD_XQNy8ozMmI1
https://t.me/+-gQhQNg6UedmYzhh
https://t.me/+WgZhCn-jDiY2YjRl
https://t.me/+umxZ8YEpnEo2MWUx
https://t.me/+-HKE3ttySdAxMTk1
https://t.me/+k7skOSclEXNkY2M1
https://t.me/+1zXkNRlLObA1NGNl
https://t.me/+-FuT5gvc2BwyNzg5
https://t.me/+xn2eYKH-rlI5N2E5
https://t.me/+Rn0gXKwDBdZiMzhl
https://t.me/+zYJQMkPK-txmNTc1
https://t.me/+z-xgWFuhbXRiMmU1
https://t.me/+-J3EkxDRssplNmQx
https://t.me/+-bcWU8v_IGBjNDBl
https://t.me/+9oE0N-acgdo0NTNl
https://t.me/+C0RIb6Z0lM8xY2Q1
https://t.me/+7NnqHySmWQM2ODU9