
2022-06-16 00:01:08 → 62895324567778 → amjwg → (session) 协议号，零售、批发 找，bs91m1
2022-06-16 00:03:59 → 62895324567778 → xd836809 → 需要 群、发，找 bs91m1
2022-06-16 00:04:59 → 60142963511 → lbbet → 来（发 ）广告，联系 bs91m1
2022-06-16 00:09:50 → 60142963511 → yhksijiantao11 → 要（发 ）广告，联系 bs91m1
2022-06-16 00:13:33 → 60142963511 → yunqian68 → 需要 群、发，找 bs91m1
2022-06-16 00:14:39 → 60142963511 → dsfdshhs → 想找人（ 发 ）广告，找 bs91m1
2022-06-16 00:19:18 → 60142963511 → shujyinl → 专业（发 ）广告，联系我 bs91m1
2022-06-16 00:21:16 → 60142963511 → cvv666money → 需要 群、发软、件，找 bs91m1
2022-06-16 00:24:13 → 60142963511 → phpzufang → 需要 群、发，找 bs91m1
2022-06-16 00:26:13 → 60142963511 → xianliaoq → 来（发 ）广告，联系 bs91m1
2022-06-16 00:29:59 → 60142963511 → jiaoyouqun123 → 来（发 ）广告，联系 bs91m1
2022-06-16 00:34:50 → 60142963511 → seguiren → 要（发 ）广告，联系 bs91m1
2022-06-16 00:40:08 → 62895324567778 → Philippines_visa → 想找人（ 发 ）广告，找 bs91m1
2022-06-16 00:42:08 → 60142963511 → shujyinl → 专业（发 ）广告，联系我 bs91m1
2022-06-16 00:43:08 → 62895324567778 → miaomiao12356 → 需要 群、发，找 bs91m1
2022-06-16 00:44:14 → 62895324567778 → Hpy888 → 想要（发 ）广告，找 bs91m1
2022-06-16 00:46:04 → 60142963511 → yhksijiantao11 → 需要 群、发，找 bs91m1
2022-06-16 00:48:02 → 60142963511 → cvv666money → 要（发 ）广告，联系 bs91m1
2022-06-16 00:49:03 → 62895324567778 → yinlianguoji → 要（发 ）广告，联系 bs91m1
2022-06-16 00:50:11 → 62895324567778 → Hpy111 → 想要（发 ）广告，找 bs91m1
2022-06-16 00:52:03 → 60142963511 → phpzufang → 需要 软、件，找 bs91m1
2022-06-16 00:53:11 → 62895324567778 → amjwg → 要（发 ）广告，联系 bs91m1
2022-06-16 00:55:03 → 60142963511 → seguiren → 准备（发 ）广告，找 bs91m1
2022-06-16 00:56:09 → 60142963511 → jiaoyouqun123 → 想要（发 ）广告，找 bs91m1
2022-06-16 01:00:50 → 60142963511 → sirenweixin3 → 想找人（ 发 ）广告，找 bs91m1
2022-06-16 01:02:00 → 60142963511 → yunqian68 → 准备（发 ）广告，找 bs91m1
2022-06-16 01:03:03 → 62895324567778 → miaomiao12356 → 需要 群、发，找 bs91m1
2022-06-16 01:05:54 → 62895324567778 → zgfCYJT → 需要 群、发软、件，找 bs91m1
2022-06-16 01:06:53 → 60142963511 → xianliaoq → 专业（发 ）广告，联系我 bs91m1
2022-06-16 01:12:37 → 60142963511 → lbbet → 需要 群、发软、件，找 bs91m1
2022-06-16 01:18:22 → 60142963511 → dsfdshhs → (session) 协议号，零售、批发 找，bs91m1
2022-06-16 01:22:15 → 60142963511 → phpzufang → 专业（发 ）广告，联系我 bs91m1
2022-06-16 01:26:02 → 60142963511 → shujyinl → 专业（发 ）广告，联系我 bs91m1
2022-06-16 01:30:53 → 60142963511 → cvv666money → 来（发 ）广告，联系 bs91m1
2022-06-16 01:35:38 → 60142963511 → jiaoyouqun123 → 需要 软、件，找 bs91m1
2022-06-16 01:36:44 → 60142963511 → seguiren → 需要 软、件，找 bs91m1
2022-06-16 01:37:45 → 62895324567778 → xd836809 → 专业（发 ）广告，联系我 bs91m1
2022-06-16 01:40:38 → 62895324567778 → fgdfdfherh → 需要 软、件，找 bs91m1
2022-06-16 01:41:36 → 60142963511 → yhksijiantao11 → 专业（发 ）广告，联系我 bs91m1
2022-06-16 01:42:46 → 62895324567778 → amjwg → 需要 群、发软、件，找 bs91m1
2022-06-16 01:43:45 → 60142963511 → lbbet → (session) 协议号，零售、批发 找，bs91m1
2022-06-16 01:46:33 → 60142963511 → yunqian68 → 想找人（ 发 ）广告，找 bs91m1
2022-06-16 01:47:36 → 62895324567778 → guojitongdaoduanxin → 准备（发 ）广告，找 bs91m1
2022-06-16 01:48:45 → 62895324567778 → dream888 → 来（发 ）广告，联系 bs91m1
2022-06-16 01:53:27 → 60142963511 → dsfdshhs → 准备（发 ）广告，找 bs91m1
2022-06-16 01:57:09 → 62895324567778 → joinBCPH → 需要 软、件，找 bs91m1
2022-06-16 01:58:17 → 60142963511 → xianliaoq → 需要 群、发软、件，找 bs91m1
2022-06-16 02:00:09 → 62895324567778 → miaomiao12356 → 需要 软、件，找 bs91m1
2022-06-16 02:01:17 → 62895324567778 → dream888 → 要（发 ）广告，联系 bs91m1
2022-06-16 02:04:08 → 62895324567778 → xd836809 → 来（发 ）广告，联系 bs91m1
2022-06-16 02:06:00 → 60142963511 → sirenweixin3 → 专业（发 ）广告，联系我 bs91m1
2022-06-16 02:07:59 → 60142963511 → phpzufang → 准备（发 ）广告，找 bs91m1
2022-06-16 02:11:00 → 60142963511 → shujyinl → 想找人（ 发 ）广告，找 bs91m1
2022-06-16 02:16:10 → 60142963511 → cvv666money → 需要 群、发软、件，找 bs91m1
2022-06-16 02:19:03 → 60142963511 → yhksijiantao11 → 准备（发 ）广告，找 bs91m1
2022-06-16 02:25:40 → 60142963511 → yunqian68 → 想找人（ 发 ）广告，找 bs91m1
2022-06-16 02:29:26 → 60142963511 → seguiren → 想要（发 ）广告，找 bs91m1
2022-06-16 02:33:24 → 60142963511 → jiaoyouqun123 → 想找人（ 发 ）广告，找 bs91m1
2022-06-16 02:37:07 → 60142963511 → dsfdshhs → 准备（发 ）广告，找 bs91m1
2022-06-16 02:38:08 → 62895324567778 → Hpy111 → 需要 群、发软、件，找 bs91m1
2022-06-16 02:39:16 → 62895324567778 → dubai13148888 → 准备（发 ）广告，找 bs91m1
2022-06-16 02:40:14 → 60142963511 → xianliaoq → (session) 协议号，零售、批发 找，bs91m1
2022-06-16 02:43:03 → 60142963511 → lbbet → 需要 群、发，找 bs91m1
2022-06-16 02:44:04 → 62895324567778 → guojitongdaoduanxin → 来（发 ）广告，联系 bs91m1
2022-06-16 02:47:54 → 60142963511 → yunqian68 → 需要 群、发软、件，找 bs91m1
2022-06-16 02:50:53 → 60142963511 → jiaoyouqun123 → 要（发 ）广告，联系 bs91m1
2022-06-16 02:52:44 → 62895324567778 → yinlianguoji → 来（发 ）广告，联系 bs91m1
2022-06-16 02:53:49 → 60142963511 → cvv666money → 需要 群、发，找 bs91m1
2022-06-16 02:54:51 → 62895324567778 → xd836809 → (session) 协议号，零售、批发 找，bs91m1
2022-06-16 02:56:50 → 62895324567778 → zgfCYJT → 准备（发 ）广告，找 bs91m1
2022-06-16 02:57:50 → 60142963511 → lbbet → 准备（发 ）广告，找 bs91m1
2022-06-16 03:01:40 → 62895324567778 → Hpy111 → 来（发 ）广告，联系 bs91m1
2022-06-16 03:02:46 → 60142963511 → seguiren → 需要 群、发，找 bs91m1
2022-06-16 03:03:46 → 62895324567778 → Philippines_visa → 来（发 ）广告，联系 bs91m1
2022-06-16 03:05:43 → 60142963511 → sirenweixin3 → 想找人（ 发 ）广告，找 bs91m1
2022-06-16 03:07:37 → 62895324567778 → phniuniu → 专业（发 ）广告，联系我 bs91m1
2022-06-16 03:10:30 → 60142963511 → dsfdshhs → (session) 协议号，零售、批发 找，bs91m1
2022-06-16 03:12:29 → 60142963511 → xianliaoq → (session) 协议号，零售、批发 找，bs91m1
2022-06-16 03:15:24 → 60142963511 → phpzufang → 来（发 ）广告，联系 bs91m1
2022-06-16 03:18:13 → 60142963511 → yhksijiantao11 → 需要 群、发软、件，找 bs91m1
2022-06-16 03:23:59 → 60142963511 → shujyinl → 需要 软、件，找 bs91m1
2022-06-16 03:28:45 → 60142963511 → jiaoyouqun123 → 来（发 ）广告，联系 bs91m1
2022-06-16 03:36:14 → 60142963511 → phpzufang → 准备（发 ）广告，找 bs91m1
2022-06-16 03:39:03 → 60142963511 → shujyinl → 来（发 ）广告，联系 bs91m1
2022-06-16 03:43:04 → 62895324567778 → amjwg → 想要（发 ）广告，找 bs91m1
2022-06-16 03:44:55 → 60142963511 → seguiren → 需要 群、发软、件，找 bs91m1
2022-06-16 03:46:03 → 62895324567778 → phniuniu → 需要 群、发，找 bs91m1
2022-06-16 03:47:03 → 60142963511 → dsfdshhs → 需要 群、发软、件，找 bs91m1
2022-06-16 03:49:01 → 60142963511 → yhksijiantao11 → (session) 协议号，零售、批发 找，bs91m1
2022-06-16 03:50:54 → 62895324567778 → dubai13148888 → 专业（发 ）广告，联系我 bs91m1
2022-06-16 03:52:52 → 60142963511 → xianliaoq → 需要 群、发软、件，找 bs91m1
2022-06-16 03:53:53 → 62895324567778 → fgdfdfherh → 专业（发 ）广告，联系我 bs91m1
2022-06-16 03:54:59 → 60142963511 → cvv666money → 专业（发 ）广告，联系我 bs91m1
2022-06-16 03:56:50 → 62895324567778 → xd836809 → (session) 协议号，零售、批发 找，bs91m1
2022-06-16 03:59:00 → 62895324567778 → Philippines_visa → 需要 群、发软、件，找 bs91m1
2022-06-16 04:01:52 → 60142963511 → lbbet → 来（发 ）广告，联系 bs91m1
2022-06-16 04:02:52 → 62895324567778 → G88888880 → (session) 协议号，零售、批发 找，bs91m1
2022-06-16 04:03:59 → 60142963511 → yunqian68 → 准备（发 ）广告，找 bs91m1
2022-06-16 04:10:40 → 60142963511 → seguiren → 来（发 ）广告，联系 bs91m1
2022-06-16 04:13:31 → 60142963511 → xianliaoq → 准备（发 ）广告，找 bs91m1
2022-06-16 04:15:30 → 60142963511 → sirenweixin3 → (session) 协议号，零售、批发 找，bs91m1
2022-06-16 04:20:05 → 60142963511 → yunqian68 → 要（发 ）广告，联系 bs91m1
2022-06-16 04:25:44 → 60142963511 → jiaoyouqun123 → 想要（发 ）广告，找 bs91m1
2022-06-16 04:27:41 → 60142963511 → dsfdshhs → 想找人（ 发 ）广告，找 bs91m1
2022-06-16 04:29:39 → 60142963511 → yhksijiantao11 → 需要 群、发软、件，找 bs91m1
2022-06-16 04:34:12 → 60142963511 → shujyinl → 来（发 ）广告，联系 bs91m1
2022-06-16 04:36:11 → 60142963511 → lbbet → 要（发 ）广告，联系 bs91m1
2022-06-16 04:40:05 → 60142963511 → phpzufang → 想找人（ 发 ）广告，找 bs91m1
2022-06-16 04:41:11 → 60142963511 → cvv666money → 想找人（ 发 ）广告，找 bs91m1
2022-06-16 04:45:03 → 60142963511 → jiaoyouqun123 → 想要（发 ）广告，找 bs91m1
2022-06-16 04:49:51 → 60142963511 → sirenweixin3 → 来（发 ）广告，联系 bs91m1
2022-06-16 04:50:57 → 60142963511 → dsfdshhs → 需要 群、发软、件，找 bs91m1
2022-06-16 04:52:55 → 60142963511 → cvv666money → (session) 协议号，零售、批发 找，bs91m1
2022-06-16 04:54:57 → 60142963511 → yhksijiantao11 → 想要（发 ）广告，找 bs91m1
2022-06-16 04:56:55 → 60142963511 → lbbet → (session) 协议号，零售、批发 找，bs91m1
2022-06-16 04:59:44 → 60142963511 → phpzufang → 准备（发 ）广告，找 bs91m1
2022-06-16 05:00:49 → 60142963511 → xianliaoq → 来（发 ）广告，联系 bs91m1
2022-06-16 05:03:40 → 60142963511 → shujyinl → 想找人（ 发 ）广告，找 bs91m1
2022-06-16 05:06:43 → 60142963511 → yunqian68 → 来（发 ）广告，联系 bs91m1
2022-06-16 05:08:42 → 60142963511 → seguiren → 来（发 ）广告，联系 bs91m1
2022-06-16 05:13:22 → 60142963511 → yhksijiantao11 → 要（发 ）广告，联系 bs91m1
2022-06-16 05:16:43 → 60142963511 → sirenweixin3 → 专业（发 ）广告，联系我 bs91m1
2022-06-16 05:19:33 → 60142963511 → phpzufang → (session) 协议号，零售、批发 找，bs91m1
2022-06-16 05:21:32 → 60142963511 → dsfdshhs → 需要 群、发，找 bs91m1
2022-06-16 05:22:38 → 60142963511 → yunqian68 → 想要（发 ）广告，找 bs91m1
2022-06-16 05:24:35 → 60142963511 → xianliaoq → (session) 协议号，零售、批发 找，bs91m1
2022-06-16 05:26:33 → 60142963511 → lbbet → 来（发 ）广告，联系 bs91m1
2022-06-16 05:29:23 → 60142963511 → cvv666money → 需要 群、发，找 bs91m1
2022-06-16 05:31:20 → 60142963511 → jiaoyouqun123 → 想找人（ 发 ）广告，找 bs91m1
2022-06-16 05:33:17 → 60142963511 → seguiren → 来（发 ）广告，联系 bs91m1
2022-06-16 05:34:25 → 60142963511 → shujyinl → 需要 软、件，找 bs91m1
2022-06-16 05:40:11 → 60142963511 → dsfdshhs → 要（发 ）广告，联系 bs91m1
2022-06-16 05:43:01 → 60142963511 → lbbet → 想要（发 ）广告，找 bs91m1
2022-06-16 05:44:59 → 60142963511 → sirenweixin3 → (session) 协议号，零售、批发 找，bs91m1
2022-06-16 05:46:05 → 60142963511 → xianliaoq → 来（发 ）广告，联系 bs91m1
2022-06-16 05:48:56 → 60142963511 → seguiren → 来（发 ）广告，联系 bs91m1
2022-06-16 05:52:00 → 60142963511 → yunqian68 → 准备（发 ）广告，找 bs91m1
2022-06-16 05:54:49 → 60142963511 → shujyinl → 来（发 ）广告，联系 bs91m1
2022-06-16 05:58:46 → 60142963511 → cvv666money → 来（发 ）广告，联系 bs91m1
2022-06-16 05:59:52 → 60142963511 → phpzufang → 需要 群、发，找 bs91m1
2022-06-16 06:01:50 → 60142963511 → jiaoyouqun123 → (session) 协议号，零售、批发 找，bs91m1
2022-06-16 06:03:48 → 60142963511 → yhksijiantao11 → 需要 软、件，找 bs91m1
2022-06-16 06:07:37 → 60142963511 → yhksijiantao11 → 来（发 ）广告，联系 bs91m1
2022-06-16 06:10:27 → 60142963511 → shujyinl → 想找人（ 发 ）广告，找 bs91m1
2022-06-16 06:11:33 → 60142963511 → lbbet → 需要 群、发，找 bs91m1
2022-06-16 06:15:34 → 60142963511 → cvv666money → 需要 群、发，找 bs91m1
2022-06-16 06:18:24 → 60142963511 → sirenweixin3 → 想要（发 ）广告，找 bs91m1
2022-06-16 06:20:21 → 60142963511 → seguiren → 来（发 ）广告，联系 bs91m1
2022-06-16 06:26:18 → 60142963511 → xianliaoq → 来（发 ）广告，联系 bs91m1
2022-06-16 06:27:23 → 60142963511 → phpzufang → 专业（发 ）广告，联系我 bs91m1
2022-06-16 06:30:14 → 60142963511 → dsfdshhs → (session) 协议号，零售、批发 找，bs91m1
2022-06-16 06:32:13 → 60142963511 → jiaoyouqun123 → 想找人（ 发 ）广告，找 bs91m1
2022-06-16 06:33:20 → 60142963511 → yunqian68 → 专业（发 ）广告，联系我 bs91m1
2022-06-16 06:39:57 → 60142963511 → yunqian68 → 专业（发 ）广告，联系我 bs91m1
2022-06-16 06:41:03 → 60142963511 → cvv666money → 想要（发 ）广告，找 bs91m1
2022-06-16 06:43:53 → 60142963511 → yhksijiantao11 → 想找人（ 发 ）广告，找 bs91m1
2022-06-16 06:44:59 → 60142963511 → seguiren → 专业（发 ）广告，联系我 bs91m1
2022-06-16 06:46:58 → 60142963511 → xianliaoq → 需要 软、件，找 bs91m1
2022-06-16 06:48:57 → 60142963511 → jiaoyouqun123 → 来（发 ）广告，联系 bs91m1
2022-06-16 06:51:47 → 60142963511 → shujyinl → (session) 协议号，零售、批发 找，bs91m1
2022-06-16 06:53:46 → 60142963511 → dsfdshhs → (session) 协议号，零售、批发 找，bs91m1
2022-06-16 06:54:52 → 60142963511 → lbbet → 要（发 ）广告，联系 bs91m1
2022-06-16 06:58:48 → 60142963511 → phpzufang → 需要 软、件，找 bs91m1
2022-06-16 07:00:46 → 60142963511 → sirenweixin3 → 专业（发 ）广告，联系我 bs91m1
2022-06-16 07:07:25 → 60142963511 → cvv666money → 想找人（ 发 ）广告，找 bs91m1
2022-06-16 07:11:22 → 60142963511 → yhksijiantao11 → 专业（发 ）广告，联系我 bs91m1
2022-06-16 07:13:21 → 60142963511 → seguiren → 来（发 ）广告，联系 bs91m1
2022-06-16 07:14:27 → 60142963511 → phpzufang → 准备（发 ）广告，找 bs91m1
2022-06-16 07:17:15 → 60142963511 → shujyinl → 想找人（ 发 ）广告，找 bs91m1
2022-06-16 07:18:22 → 60142963511 → xianliaoq → 想找人（ 发 ）广告，找 bs91m1
2022-06-16 07:23:07 → 60142963511 → yunqian68 → 想找人（ 发 ）广告，找 bs91m1
2022-06-16 07:24:13 → 60142963511 → jiaoyouqun123 → 准备（发 ）广告，找 bs91m1
2022-06-16 07:27:02 → 60142963511 → dsfdshhs → 需要 软、件，找 bs91m1
2022-06-16 07:28:59 → 60142963511 → sirenweixin3 → 来（发 ）广告，联系 bs91m1
2022-06-16 07:31:58 → 60142963511 → xianliaoq → 来（发 ）广告，联系 bs91m1
2022-06-16 07:33:57 → 60142963511 → yunqian68 → 来（发 ）广告，联系 bs91m1
2022-06-16 07:35:55 → 60142963511 → shujyinl → 需要 群、发，找 bs91m1
2022-06-16 07:37:51 → 60142963511 → seguiren → 来（发 ）广告，联系 bs91m1
2022-06-16 07:40:42 → 60142963511 → jiaoyouqun123 → 需要 软、件，找 bs91m1
2022-06-16 07:42:41 → 60142963511 → yhksijiantao11 → 要（发 ）广告，联系 bs91m1
2022-06-16 07:43:47 → 60142963511 → lbbet → 想找人（ 发 ）广告，找 bs91m1
2022-06-16 07:45:45 → 60142963511 → cvv666money → 想要（发 ）广告，找 bs91m1
2022-06-16 07:47:44 → 60142963511 → sirenweixin3 → 需要 群、发，找 bs91m1
2022-06-16 07:51:40 → 60142963511 → dsfdshhs → 来（发 ）广告，联系 bs91m1
2022-06-16 07:53:37 → 60142963511 → phpzufang → 想找人（ 发 ）广告，找 bs91m1
2022-06-16 07:59:24 → 60142963511 → shujyinl → (session) 协议号，零售、批发 找，bs91m1
2022-06-16 08:02:15 → 60142963511 → yhksijiantao11 → 需要 软、件，找 bs91m1
2022-06-16 08:03:21 → 60142963511 → lbbet → (session) 协议号，零售、批发 找，bs91m1
2022-06-16 08:05:18 → 60142963511 → cvv666money → 需要 群、发软、件，找 bs91m1
2022-06-16 08:08:07 → 60142963511 → seguiren → 需要 软、件，找 bs91m1
2022-06-16 08:12:03 → 60142963511 → yunqian68 → 要（发 ）广告，联系 bs91m1
2022-06-16 08:15:59 → 60142963511 → xianliaoq → 想找人（ 发 ）广告，找 bs91m1
2022-06-16 08:17:57 → 60142963511 → dsfdshhs → 想找人（ 发 ）广告，找 bs91m1
2022-06-16 08:19:04 → 60142963511 → jiaoyouqun123 → 需要 群、发软、件，找 bs91m1
2022-06-16 08:22:59 → 60142963511 → phpzufang → 想找人（ 发 ）广告，找 bs91m1
2022-06-16 08:27:40 → 60142963511 → sirenweixin3 → 需要 群、发，找 bs91m1
2022-06-16 08:28:47 → 60142963511 → seguiren → 需要 群、发软、件，找 bs91m1
2022-06-16 08:30:46 → 60142963511 → phpzufang → 想找人（ 发 ）广告，找 bs91m1
2022-06-16 08:33:37 → 60142963511 → shujyinl → (session) 协议号，零售、批发 找，bs91m1
2022-06-16 08:37:34 → 60142963511 → lbbet → 需要 软、件，找 bs91m1
2022-06-16 08:38:41 → 60142963511 → yunqian68 → 需要 群、发，找 bs91m1
2022-06-16 08:40:38 → 60142963511 → xianliaoq → 要（发 ）广告，联系 bs91m1
2022-06-16 08:43:28 → 60142963511 → cvv666money → 需要 群、发，找 bs91m1
2022-06-16 08:45:28 → 60142963511 → yhksijiantao11 → 专业（发 ）广告，联系我 bs91m1
2022-06-16 08:46:35 → 60142963511 → jiaoyouqun123 → 需要 群、发，找 bs91m1
2022-06-16 08:49:27 → 60142963511 → dsfdshhs → 专业（发 ）广告，联系我 bs91m1
2022-06-16 08:54:21 → 60142963511 → xianliaoq → 专业（发 ）广告，联系我 bs91m1
2022-06-16 08:58:21 → 60142963511 → seguiren → 需要 群、发软、件，找 bs91m1
2022-06-16 09:00:19 → 60142963511 → jiaoyouqun123 → 想找人（ 发 ）广告，找 bs91m1
2022-06-16 09:04:18 → 60142963511 → shujyinl → (session) 协议号，零售、批发 找，bs91m1
2022-06-16 09:07:07 → 60142963511 → lbbet → 准备（发 ）广告，找 bs91m1
2022-06-16 09:08:14 → 60142963511 → yhksijiantao11 → 专业（发 ）广告，联系我 bs91m1
2022-06-16 09:11:05 → 60142963511 → cvv666money → 想找人（ 发 ）广告，找 bs91m1
2022-06-16 09:12:11 → 60142963511 → phpzufang → 准备（发 ）广告，找 bs91m1
2022-06-16 09:16:59 → 60142963511 → dsfdshhs → 准备（发 ）广告，找 bs91m1
2022-06-16 09:18:56 → 60142963511 → sirenweixin3 → 需要 群、发软、件，找 bs91m1
2022-06-16 09:20:02 → 60142963511 → yunqian68 → 专业（发 ）广告，联系我 bs91m1
2022-06-16 09:26:42 → 60142963511 → xianliaoq → 需要 群、发，找 bs91m1
2022-06-16 09:29:41 → 60142963511 → yunqian68 → 想找人（ 发 ）广告，找 bs91m1
2022-06-16 09:31:40 → 60142963511 → yhksijiantao11 → 需要 群、发，找 bs91m1
2022-06-16 09:34:29 → 60142963511 → seguiren → 准备（发 ）广告，找 bs91m1
2022-06-16 09:36:27 → 60142963511 → phpzufang → 准备（发 ）广告，找 bs91m1
2022-06-16 09:39:31 → 60142963511 → cvv666money → 来（发 ）广告，联系 bs91m1
2022-06-16 09:41:29 → 60142963511 → shujyinl → 需要 软、件，找 bs91m1
2022-06-16 09:44:18 → 60142963511 → lbbet → 想找人（ 发 ）广告，找 bs91m1
2022-06-16 09:46:16 → 60142963511 → jiaoyouqun123 → 来（发 ）广告，联系 bs91m1
2022-06-16 09:52:18 → 60142963511 → shujyinl → 来（发 ）广告，联系 bs91m1
2022-06-16 09:54:16 → 60142963511 → cvv666money → (session) 协议号，零售、批发 找，bs91m1
2022-06-16 09:58:11 → 60142963511 → lbbet → 需要 群、发，找 bs91m1
2022-06-16 09:59:17 → 60142963511 → jiaoyouqun123 → 来（发 ）广告，联系 bs91m1
2022-06-16 10:02:07 → 60142963511 → xianliaoq → 需要 群、发，找 bs91m1
2022-06-16 10:03:15 → 60142963511 → seguiren → 要（发 ）广告，联系 bs91m1
2022-06-16 10:06:06 → 60142963511 → dsfdshhs → (session) 协议号，零售、批发 找，bs91m1
2022-06-16 10:07:11 → 60142963511 → phpzufang → 准备（发 ）广告，找 bs91m1
2022-06-16 10:12:00 → 60142963511 → yhksijiantao11 → 准备（发 ）广告，找 bs91m1
2022-06-16 10:13:58 → 60142963511 → sirenweixin3 → 需要 软、件，找 bs91m1
2022-06-16 10:15:55 → 60142963511 → yunqian68 → 需要 群、发软、件，找 bs91m1
2022-06-16 10:18:54 → 60142963511 → sirenweixin3 → (session) 协议号，零售、批发 找，bs91m1
2022-06-16 10:20:53 → 60142963511 → yunqian68 → 需要 群、发软、件，找 bs91m1
2022-06-16 10:25:40 → 60142963511 → jiaoyouqun123 → 需要 群、发软、件，找 bs91m1
2022-06-16 10:26:47 → 60142963511 → cvv666money → 需要 群、发，找 bs91m1
2022-06-16 10:29:37 → 60142963511 → yhksijiantao11 → 想要（发 ）广告，找 bs91m1
2022-06-16 10:31:35 → 60142963511 → phpzufang → 专业（发 ）广告，联系我 bs91m1
2022-06-16 10:32:42 → 60142963511 → xianliaoq → 需要 群、发，找 bs91m1
2022-06-16 10:34:40 → 60142963511 → lbbet → 需要 群、发，找 bs91m1
2022-06-16 10:37:30 → 60142963511 → seguiren → 来（发 ）广告，联系 bs91m1
2022-06-16 10:39:28 → 60142963511 → shujyinl → 想找人（ 发 ）广告，找 bs91m1
2022-06-16 10:42:32 → 60142963511 → dsfdshhs → 想找人（ 发 ）广告，找 bs91m1
2022-06-16 10:46:22 → 60142963511 → phpzufang → 来（发 ）广告，联系 bs91m1
2022-06-16 10:48:19 → 60142963511 → cvv666money → 要（发 ）广告，联系 bs91m1
2022-06-16 10:52:09 → 60142963511 → jiaoyouqun123 → 专业（发 ）广告，联系我 bs91m1
2022-06-16 10:54:08 → 60142963511 → shujyinl → 来（发 ）广告，联系 bs91m1
2022-06-16 10:56:57 → 60142963511 → seguiren → 需要 软、件，找 bs91m1
2022-06-16 11:01:58 → 60142963511 → lbbet → 想找人（ 发 ）广告，找 bs91m1
2022-06-16 11:06:46 → 60142963511 → xianliaoq → 需要 软、件，找 bs91m1
2022-06-16 11:08:46 → 60142963511 → yunqian68 → 需要 群、发，找 bs91m1
2022-06-16 11:10:43 → 60142963511 → yhksijiantao11 → 要（发 ）广告，联系 bs91m1
2022-06-16 11:16:31 → 60142963511 → yunqian68 → 想找人（ 发 ）广告，找 bs91m1
2022-06-16 11:18:27 → 60142963511 → dsfdshhs → 需要 软、件，找 bs91m1
2022-06-16 11:20:25 → 60142963511 → lbbet → 需要 软、件，找 bs91m1
2022-06-16 11:22:24 → 60142963511 → phpzufang → 来（发 ）广告，联系 bs91m1
2022-06-16 11:24:22 → 60142963511 → jiaoyouqun123 → 想找人（ 发 ）广告，找 bs91m1
2022-06-16 11:26:21 → 60142963511 → yhksijiantao11 → (session) 协议号，零售、批发 找，bs91m1
2022-06-16 11:30:17 → 60142963511 → YHK_security → 专业（发 ）广告，联系我 bs91m1
2022-06-16 11:32:15 → 60142963511 → shujyinl → 需要 群、发，找 bs91m1
2022-06-16 11:34:14 → 60142963511 → xianliaoq → (session) 协议号，零售、批发 找，bs91m1
2022-06-16 11:36:13 → 60142963511 → cvv666money → 专业（发 ）广告，联系我 bs91m1
2022-06-16 11:38:12 → 60142963511 → seguiren → 来（发 ）广告，联系 bs91m1
2022-06-16 11:43:58 → 60142963511 → sirenweixin3 → 专业（发 ）广告，联系我 bs91m1
2022-06-16 11:45:06 → 60142963511 → cvv666money → (session) 协议号，零售、批发 找，bs91m1
2022-06-16 11:47:54 → 60142963511 → dsfdshhs → 来（发 ）广告，联系 bs91m1
2022-06-16 11:49:00 → 60142963511 → shujyinl → 想找人（ 发 ）广告，找 bs91m1
2022-06-16 11:53:49 → 60142963511 → yunqian68 → 专业（发 ）广告，联系我 bs91m1
2022-06-16 11:55:46 → 60142963511 → phpzufang → (session) 协议号，零售、批发 找，bs91m1
2022-06-16 11:57:42 → 60142963511 → seguiren → 需要 群、发软、件，找 bs91m1
2022-06-16 11:59:41 → 60142963511 → lbbet → 专业（发 ）广告，联系我 bs91m1
2022-06-16 12:01:38 → 60142963511 → jiaoyouqun123 → 需要 群、发，找 bs91m1
2022-06-16 12:02:44 → 60142963511 → xianliaoq → 想找人（ 发 ）广告，找 bs91m1
2022-06-16 12:04:40 → 60142963511 → yhksijiantao11 → 准备（发 ）广告，找 bs91m1
2022-06-16 12:11:19 → 60142963511 → shujyinl → 准备（发 ）广告，找 bs91m1
2022-06-16 12:15:12 → 60142963511 → jiaoyouqun123 → 专业（发 ）广告，联系我 bs91m1
2022-06-16 12:16:18 → 60142963511 → yhksijiantao11 → 专业（发 ）广告，联系我 bs91m1
2022-06-16 12:18:15 → 60142963511 → phpzufang → 来（发 ）广告，联系 bs91m1
2022-06-16 12:23:02 → 60142963511 → yunqian68 → 要（发 ）广告，联系 bs91m1
2022-06-16 12:25:00 → 60142963511 → dsfdshhs → 要（发 ）广告，联系 bs91m1
2022-06-16 12:26:57 → 60142963511 → cvv666money → 需要 群、发软、件，找 bs91m1
2022-06-16 12:28:03 → 60142963511 → xianliaoq → 需要 群、发，找 bs91m1
2022-06-16 12:30:01 → 60142963511 → lbbet → 想找人（ 发 ）广告，找 bs91m1
2022-06-16 12:31:59 → 60142963511 → seguiren → 专业（发 ）广告，联系我 bs91m1
2022-06-16 12:37:44 → 60142963511 → cvv666money → 来（发 ）广告，联系 bs91m1
2022-06-16 12:40:35 → 60142963511 → lbbet → 专业（发 ）广告，联系我 bs91m1
2022-06-16 12:41:42 → 60142963511 → dsfdshhs → 来（发 ）广告，联系 bs91m1
2022-06-16 12:43:40 → 60142963511 → shujyinl → 来（发 ）广告，联系 bs91m1
2022-06-16 12:45:37 → 60142963511 → YHK_security → 要（发 ）广告，联系 bs91m1
2022-06-16 12:47:36 → 60142963511 → seguiren → 需要 群、发，找 bs91m1
2022-06-16 12:49:33 → 60142963511 → sirenweixin3 → 准备（发 ）广告，找 bs91m1
2022-06-16 12:51:31 → 60142963511 → xianliaoq → 来（发 ）广告，联系 bs91m1
2022-06-16 12:54:20 → 60142963511 → yhksijiantao11 → 要（发 ）广告，联系 bs91m1
2022-06-16 12:56:16 → 60142963511 → jiaoyouqun123 → 来（发 ）广告，联系 bs91m1