
2022-06-04 00:00:02 → 601112672704 → baocai217 → 准备（发 ）广告，找  bs91m1
2022-06-04 00:01:30 → 6285242442963 → XxUP1121 → 专业（发 ）广告，联系我 bs91m1
2022-06-04 00:01:57 → 6285242443022 → juliang666 → 想要（发 ）广告，找 bs91m1
2022-06-04 00:02:42 → 6281282996563 → Zfb_qq → 想找人（ 发 ）广告，找   bs91m1
2022-06-04 00:04:25 → 62895324567242 → bailaohui_cvv → 来（发 ）广告，联系 bs91m1
2022-06-04 00:06:54 → 919482799261 → BCdaikou → 想找人（ 发 ）广告，找   bs91m1
2022-06-04 00:07:20 → 6281282996563 → laowangdan → 专业（发 ）广告，联系我 bs91m1
2022-06-04 00:07:46 → 6282144789066 → usdtdfds → 想要（发 ）广告，找 bs91m1
2022-06-04 00:10:01 → 601112672704 → pshqo → 专业（发 ）广告，联系我 bs91m1
2022-06-04 00:14:16 → 60142963511 → jiu_777 → 需要 群、发，找  bs91m1
2022-06-04 00:14:43 → 6285242443022 → WKLhuaren → 需要 群、发，找  bs91m1
2022-06-04 00:17:04 → 6285242443022 → daifu76 → 想要（发 ）广告，找 bs91m1
2022-06-04 00:22:56 → 6281282996563 → TG_King90 → 需要 群、发，找  bs91m1
2022-06-04 00:28:28 → 6285242443022 → jfhfhdgd → 需要 群、发软、件，找  bs91m1
2022-06-04 00:31:30 → 6281282996563 → TG_King90 → 准备（发 ）广告，找  bs91m1
2022-06-04 00:33:01 → 6285242443022 → smsjiema666 → 来（发 ）广告，联系 bs91m1
2022-06-04 00:36:13 → 60142963511 → dbjlq1 → 想要（发 ）广告，找 bs91m1
2022-06-04 00:38:14 → 62895324567242 → Usdtbmw → 需要 软、件，找  bs91m1
2022-06-04 00:38:39 → 60142963511 → si1688 → 准备（发 ）广告，找  bs91m1
2022-06-04 00:39:05 → 6285242443022 → yugzf → 来（发 ）广告，联系 bs91m1
2022-06-04 00:40:12 → 601112672704 → baocai217 → 来（发 ）广告，联系 bs91m1
2022-06-04 00:41:08 → 6282144789066 → tongdao25 → 需要 群、发，找  bs91m1
2022-06-04 00:41:34 → 6281282996563 → sunshineyyds → 要（发 ）广告，联系 bs91m1
2022-06-04 00:42:34 → 6282144789066 → bailaohui_cvv → 要（发 ）广告，联系 bs91m1
2022-06-04 00:43:00 → 6281282996563 → zhifuo → 想找人（ 发 ）广告，找   bs91m1
2022-06-04 00:44:13 → 601112672704 → sunshineyyds → 准备（发 ）广告，找  bs91m1
2022-06-04 00:45:00 → 60174313054 → kkkttt369 → 需要 软、件，找  bs91m1
2022-06-04 00:47:29 → 6285242443022 → daifu76 → 想要（发 ）广告，找 bs91m1
2022-06-04 00:49:17 → 601112672704 → WKLhuaren → 需要 群、发，找  bs91m1
2022-06-04 00:50:06 → 6285242442963 → daishou15 → 需要 软、件，找  bs91m1
2022-06-04 00:50:34 → 62895324567242 → bailaohui_cvv → 要（发 ）广告，联系 bs91m1
2022-06-04 00:53:42 → 60142963511 → dbjlq1 → 想找人（ 发 ）广告，找   bs91m1
2022-06-04 00:55:59 → 6285242442963 → wz513064 → 想找人（ 发 ）广告，找   bs91m1
2022-06-04 00:57:36 → 6281282996563 → Zfb_qq → 准备（发 ）广告，找  bs91m1
2022-06-04 00:58:02 → 60174313054 → kkkttt369 → 要（发 ）广告，联系 bs91m1
2022-06-04 01:01:48 → 6285242442963 → xjltq → 需要 群、发软、件，找  bs91m1
2022-06-04 01:02:39 → 60142963511 → daishou15 → 专业（发 ）广告，联系我 bs91m1
2022-06-04 01:03:05 → 6281282996563 → laowangdan → 准备（发 ）广告，找  bs91m1
2022-06-04 01:03:32 → 6285242443022 → chaxun2020 → 想要（发 ）广告，找 bs91m1
2022-06-04 01:04:49 → 6282144789066 → usdtdfds → 想找人（ 发 ）广告，找   bs91m1
2022-06-04 01:08:37 → 601112672704 → USDThuzhu3 → 想找人（ 发 ）广告，找   bs91m1
2022-06-04 01:09:45 → 6285242443022 → juliang666 → 要（发 ）广告，联系 bs91m1
2022-06-04 01:12:36 → 60142963511 → TG0188 → 需要 群、发软、件，找  bs91m1
2022-06-04 01:14:38 → 6285242443022 → WKLhuaren → 想要（发 ）广告，找 bs91m1
2022-06-04 01:15:45 → 6285242442963 → juliang666 → 想找人（ 发 ）广告，找   bs91m1
2022-06-04 01:19:02 → 6281282996563 → Zfb_qq → 准备（发 ）广告，找  bs91m1
2022-06-04 01:20:43 → 62895324567242 → USDTm → 需要 群、发，找  bs91m1
2022-06-04 01:26:03 → 6282144789066 → usdtdfds → 专业（发 ）广告，联系我 bs91m1
2022-06-04 01:27:42 → 601112672704 → huione888 → 想要（发 ）广告，找 bs91m1
2022-06-04 01:28:36 → 6282144789066 → bailaohui_cvv → 想要（发 ）广告，找 bs91m1
2022-06-04 01:29:59 → 60142963511 → axujj → 需要 软、件，找  bs91m1
2022-06-04 01:30:49 → 60178838240 → xjltq → 需要 群、发，找  bs91m1
2022-06-04 01:31:16 → 6285242442963 → xjltq → 准备（发 ）广告，找  bs91m1
2022-06-04 01:32:03 → 6281282996563 → sunshineyyds → 准备（发 ）广告，找  bs91m1
2022-06-04 01:35:57 → 6285242443022 → WKLhuaren → 来（发 ）广告，联系 bs91m1
2022-06-04 01:37:17 → 6281282996563 → TG_King90 → 需要 群、发，找  bs91m1
2022-06-04 01:38:04 → 62895324567242 → Usdtbmw → 需要 群、发，找  bs91m1
2022-06-04 01:38:57 → 6282144789066 → tongdao25 → 需要 群、发软、件，找  bs91m1
2022-06-04 01:41:26 → 62895324567242 → bailaohui_cvv → 想要（发 ）广告，找 bs91m1
2022-06-04 01:43:28 → 6281282996563 → laowangdan → 需要 软、件，找  bs91m1
2022-06-04 01:43:54 → 601112672704 → baocai217 → 专业（发 ）广告，联系我 bs91m1
2022-06-04 01:46:01 → 60142963511 → si1688 → 需要 群、发软、件，找  bs91m1
2022-06-04 01:46:28 → 6285242442963 → xinbi_088 → 需要 群、发，找  bs91m1
2022-06-04 01:46:54 → 6285242443022 → jfhfhdgd → 需要 群、发软、件，找  bs91m1
2022-06-04 01:50:47 → 60142963511 → jiu_777 → 准备（发 ）广告，找  bs91m1
2022-06-04 01:51:12 → 6281282996563 → zhifuo → 想找人（ 发 ）广告，找   bs91m1
2022-06-04 01:53:10 → 6285242443022 → chaxun2020 → 需要 软、件，找  bs91m1
2022-06-04 02:03:29 → 6282144789066 → tongdao25 → 要（发 ）广告，联系 bs91m1
2022-06-04 02:04:35 → 601112672704 → huione888 → 需要 群、发，找  bs91m1
2022-06-04 02:05:02 → 6285242442963 → wz513064 → 准备（发 ）广告，找  bs91m1
2022-06-04 02:05:28 → 6281282996563 → sunshineyyds → 想找人（ 发 ）广告，找   bs91m1
2022-06-04 02:05:53 → 6285242443022 → smsjiema666 → 需要 群、发软、件，找  bs91m1
2022-06-04 02:06:39 → 60178838240 → yxbjx → 专业（发 ）广告，联系我 bs91m1
2022-06-04 02:07:12 → 601112672704 → WKLhuaren → 想找人（ 发 ）广告，找   bs91m1
2022-06-04 02:08:10 → 919482799261 → aliqudao → 专业（发 ）广告，联系我 bs91m1
2022-06-04 02:09:17 → 6282144789066 → usdtdfds → 需要 软、件，找  bs91m1
2022-06-04 02:10:08 → 62895324567242 → USDTm → 想要（发 ）广告，找 bs91m1
2022-06-04 02:11:21 → 6285242443022 → daifu76 → 需要 群、发，找  bs91m1
2022-06-04 02:13:49 → 6281282996563 → TG_King90 → 需要 软、件，找  bs91m1
2022-06-04 02:14:43 → 919482799261 → BadoBumblechu → 需要 软、件，找  bs91m1
2022-06-04 02:16:40 → 6285242442963 → daishou15 → 要（发 ）广告，联系 bs91m1
2022-06-04 02:19:09 → 6282144789066 → bailaohui_cvv → 想要（发 ）广告，找 bs91m1
2022-06-04 02:21:22 → 601112672704 → sunshineyyds → 来（发 ）广告，联系 bs91m1
2022-06-04 02:21:49 → 6285242442963 → XxUP1121 → 要（发 ）广告，联系 bs91m1
2022-06-04 02:22:14 → 6281282996563 → Zfb_qq → 需要 群、发，找  bs91m1
2022-06-04 02:23:30 → 6285242443022 → yugzf → 需要 软、件，找  bs91m1
2022-06-04 02:24:47 → 601112672704 → USDThuzhu3 → 想要（发 ）广告，找 bs91m1
2022-06-04 02:27:05 → 6281282996563 → laowangdan → 需要 软、件，找  bs91m1
2022-06-04 02:30:07 → 60142963511 → axujj → 想找人（ 发 ）广告，找   bs91m1
2022-06-04 02:38:39 → 62895324567242 → bailaohui_cvv → 需要 群、发软、件，找  bs91m1
2022-06-04 02:40:41 → 60142963511 → dbjlq1 → 准备（发 ）广告，找  bs91m1
2022-06-04 02:41:34 → 6285242442963 → juliang666 → 准备（发 ）广告，找  bs91m1
2022-06-04 02:49:23 → 60142963511 → TG0188 → 需要 群、发软、件，找  bs91m1
2022-06-04 02:51:02 → 60178838240 → xjltq → 想找人（ 发 ）广告，找   bs91m1
2022-06-04 02:51:28 → 6285242443022 → juliang666 → 需要 群、发软、件，找  bs91m1
2022-06-04 02:52:20 → 6281282996563 → sunshineyyds → 需要 群、发软、件，找  bs91m1
2022-06-04 02:53:54 → 6282144789066 → usdtdfds → 专业（发 ）广告，联系我 bs91m1
2022-06-04 02:55:32 → 60142963511 → si1688 → 想找人（ 发 ）广告，找   bs91m1
2022-06-04 02:56:54 → 6285242442963 → tianziusdt → 准备（发 ）广告，找  bs91m1
2022-06-04 02:58:02 → 60142963511 → daishou15 → 需要 软、件，找  bs91m1
2022-06-04 03:01:17 → 6281282996563 → laowangdan → 需要 群、发软、件，找  bs91m1
2022-06-04 03:03:25 → 60142963511 → jiu_777 → 准备（发 ）广告，找  bs91m1
2022-06-04 03:04:17 → 6285242443022 → chaxun2020 → 要（发 ）广告，联系 bs91m1
2022-06-04 03:05:06 → 6282144789066 → bailaohui_cvv → 要（发 ）广告，联系 bs91m1
2022-06-04 03:06:18 → 62895324567242 → USDTm → 来（发 ）广告，联系 bs91m1
2022-06-04 03:08:16 → 6285242443022 → daifu76 → 准备（发 ）广告，找  bs91m1
2022-06-04 03:09:28 → 6281282996563 → TG_King90 → 来（发 ）广告，联系 bs91m1
2022-06-04 03:09:53 → 601112672704 → WKLhuaren → 准备（发 ）广告，找  bs91m1
2022-06-04 03:11:16 → 6285242442963 → xinbi_088 → 准备（发 ）广告，找  bs91m1
2022-06-04 03:15:01 → 919482799261 → deguobank → 专业（发 ）广告，联系我 bs91m1
2022-06-04 03:18:49 → 6281282996563 → Zfb_qq → 需要 软、件，找  bs91m1
2022-06-04 03:20:22 → 919482799261 → yhsz023 → 来（发 ）广告，联系 bs91m1
2022-06-04 03:22:44 → 6282144789066 → tongdao25 → 想找人（ 发 ）广告，找   bs91m1
2022-06-04 03:28:27 → 6285242443022 → jfhfhdgd → 需要 群、发，找  bs91m1
2022-06-04 03:29:15 → 6285242442963 → xjltq → 来（发 ）广告，联系 bs91m1
2022-06-04 03:29:41 → 60142963511 → jiu_777 → 要（发 ）广告，联系 bs91m1
2022-06-04 03:30:07 → 62895324567242 → Usdtbmw → 需要 软、件，找  bs91m1
2022-06-04 03:32:49 → 6285242443022 → yugzf → 准备（发 ）广告，找  bs91m1
2022-06-04 03:33:37 → 60142963511 → daishou15 → 想找人（ 发 ）广告，找   bs91m1
2022-06-04 03:34:24 → 601112672704 → baocai217 → 需要 群、发软、件，找  bs91m1
2022-06-04 03:34:51 → 6281282996563 → laowangdan → 想要（发 ）广告，找 bs91m1
2022-06-04 03:36:13 → 6285242442963 → daishou15 → 准备（发 ）广告，找  bs91m1
2022-06-04 03:36:40 → 6282144789066 → tongdao25 → 需要 软、件，找  bs91m1
2022-06-04 03:39:26 → 60178838240 → xjltq → 需要 群、发软、件，找  bs91m1
2022-06-04 03:40:37 → 60142963511 → axujj → 来（发 ）广告，联系 bs91m1
2022-06-04 03:43:39 → 6281282996563 → zhifuo → 准备（发 ）广告，找  bs91m1
2022-06-04 03:44:35 → 601112672704 → huione888 → 专业（发 ）广告，联系我 bs91m1
2022-06-04 03:48:06 → 6285242442963 → daishou15 → 想找人（ 发 ）广告，找   bs91m1
2022-06-04 03:48:57 → 60142963511 → TG0188 → 需要 软、件，找  bs91m1
2022-06-04 03:50:03 → 601112672704 → USDThuzhu3 → 想要（发 ）广告，找 bs91m1
2022-06-04 03:50:48 → 919482799261 → yinduliuliang66 → 准备（发 ）广告，找  bs91m1
2022-06-04 03:51:36 → 6285242443022 → daifu76 → 想要（发 ）广告，找 bs91m1
2022-06-04 03:52:55 → 6285242442963 → wz513064 → 来（发 ）广告，联系 bs91m1
2022-06-04 03:53:43 → 6281282996563 → TG_King90 → 需要 群、发，找  bs91m1
2022-06-04 03:54:10 → 62895324567242 → USDTm → 想找人（ 发 ）广告，找   bs91m1
2022-06-04 03:54:37 → 6285242443022 → chaxun2020 → 准备（发 ）广告，找  bs91m1
2022-06-04 03:57:55 → 6282144789066 → bailaohui_cvv → 需要 群、发，找  bs91m1
2022-06-04 04:00:46 → 6281282996563 → sunshineyyds → 想要（发 ）广告，找 bs91m1
2022-06-04 04:01:34 → 62895324567242 → Usdtbmw → 专业（发 ）广告，联系我 bs91m1
2022-06-04 04:01:59 → 6285242443022 → XxUP1121 → 需要 群、发，找  bs91m1
2022-06-04 04:06:48 → 601112672704 → sunshineyyds → 准备（发 ）广告，找  bs91m1
2022-06-04 04:08:53 → 919482799261 → xiaoguzhuanyedajian3 → 需要 软、件，找  bs91m1
2022-06-04 04:10:09 → 60142963511 → dbjlq1 → 需要 软、件，找  bs91m1
2022-06-04 04:10:56 → 6282144789066 → usdtdfds → 需要 群、发软、件，找  bs91m1
2022-06-04 04:11:22 → 6281282996563 → Zfb_qq → 需要 群、发，找  bs91m1
2022-06-04 04:12:49 → 6285242443022 → WKLhuaren → 需要 软、件，找  bs91m1
2022-06-04 04:14:31 → 919482799261 → ssrtools → 想要（发 ）广告，找 bs91m1
2022-06-04 04:16:00 → 6285242442963 → juliang666 → 想要（发 ）广告，找 bs91m1
2022-06-04 04:16:48 → 62895324567242 → bailaohui_cvv → 想找人（ 发 ）广告，找   bs91m1
2022-06-04 04:20:21 → 919482799261 → chuhai666 → 要（发 ）广告，联系 bs91m1
2022-06-04 04:20:48 → 60178838240 → xjltq → 准备（发 ）广告，找  bs91m1
2022-06-04 04:23:06 → 6285242443022 → juliang666 → 想要（发 ）广告，找 bs91m1
2022-06-04 04:26:10 → 6282144789066 → bailaohui_cvv → 想要（发 ）广告，找 bs91m1
2022-06-04 04:27:18 → 6285242443022 → smsjiema666 → 来（发 ）广告，联系 bs91m1
2022-06-04 04:28:04 → 60142963511 → si1688 → 来（发 ）广告，联系 bs91m1
2022-06-04 04:28:30 → 6281282996563 → TG_King90 → 需要 群、发软、件，找  bs91m1
2022-06-04 04:31:46 → 6285242443022 → yugzf → 来（发 ）广告，联系 bs91m1
2022-06-04 04:33:24 → 6281282996563 → sunshineyyds → 想要（发 ）广告，找 bs91m1
2022-06-04 04:34:48 → 6285242443022 → jfhfhdgd → 专业（发 ）广告，联系我 bs91m1
2022-06-04 04:37:25 → 6282144789066 → usdtdfds → 想要（发 ）广告，找 bs91m1
2022-06-04 04:38:13 → 601112672704 → sunshineyyds → 需要 群、发，找  bs91m1
2022-06-04 04:38:46 → 601112672704 → USDThuzhu3 → 想要（发 ）广告，找 bs91m1
2022-06-04 04:41:03 → 60142963511 → TG0188 → 需要 群、发，找  bs91m1
2022-06-04 04:43:22 → 6285242442963 → xjltq → 需要 软、件，找  bs91m1
2022-06-04 04:45:59 → 6281282996563 → Zfb_qq → 需要 群、发软、件，找  bs91m1
2022-06-04 04:46:47 → 6285242442963 → xinbi_088 → 专业（发 ）广告，联系我 bs91m1
2022-06-04 04:49:33 → 6281282996563 → zhifuo → 需要 群、发软、件，找  bs91m1
2022-06-04 04:50:44 → 6282144789066 → tongdao25 → 专业（发 ）广告，联系我 bs91m1
2022-06-04 04:54:56 → 60142963511 → dbjlq1 → 来（发 ）广告，联系 bs91m1
2022-06-04 04:56:13 → 6285242443022 → yugzf → 专业（发 ）广告，联系我 bs91m1
2022-06-04 04:56:59 → 6281282996563 → laowangdan → 想找人（ 发 ）广告，找   bs91m1
2022-06-04 04:57:47 → 601112672704 → huione888 → 准备（发 ）广告，找  bs91m1
2022-06-04 04:59:08 → 601112672704 → baocai217 → 需要 软、件，找  bs91m1
2022-06-04 05:00:47 → 6285242442963 → wz513064 → 来（发 ）广告，联系 bs91m1
2022-06-04 05:03:28 → 60142963511 → daishou15 → 想要（发 ）广告，找 bs91m1
2022-06-04 05:05:34 → 6285242443022 → chaxun2020 → 要（发 ）广告，联系 bs91m1
2022-06-04 05:06:21 → 62895324567242 → Usdtbmw → 想找人（ 发 ）广告，找   bs91m1
2022-06-04 05:07:35 → 6281282996563 → TG_King90 → 想找人（ 发 ）广告，找   bs91m1
2022-06-04 05:11:43 → 6282144789066 → bailaohui_cvv → 需要 群、发软、件，找  bs91m1
2022-06-04 05:12:31 → 6281282996563 → Zfb_qq → 想找人（ 发 ）广告，找   bs91m1
2022-06-04 05:20:13 → 6285242443022 → jfhfhdgd → 专业（发 ）广告，联系我 bs91m1
2022-06-04 05:20:39 → 6282144789066 → usdtdfds → 需要 软、件，找  bs91m1
2022-06-04 05:21:05 → 601112672704 → WKLhuaren → 专业（发 ）广告，联系我 bs91m1
2022-06-04 05:23:08 → 60142963511 → si1688 → 准备（发 ）广告，找  bs91m1
2022-06-04 05:25:26 → 6282144789066 → tongdao25 → 需要 群、发软、件，找  bs91m1
2022-06-04 05:26:43 → 6285242442963 → juliang666 → 需要 群、发软、件，找  bs91m1
2022-06-04 05:29:04 → 6281282996563 → sunshineyyds → 需要 群、发软、件，找  bs91m1
2022-06-04 05:29:54 → 60142963511 → jiu_777 → 准备（发 ）广告，找  bs91m1
2022-06-04 05:30:20 → 6285242443022 → daifu76 → 需要 软、件，找  bs91m1
2022-06-04 05:30:46 → 60178838240 → xjltq → 需要 群、发，找  bs91m1
2022-06-04 05:37:26 → 6285242442963 → xinbi_088 → 需要 软、件，找  bs91m1
2022-06-04 05:39:32 → 60142963511 → axujj → 想找人（ 发 ）广告，找   bs91m1
2022-06-04 05:40:20 → 62895324567242 → USDTm → 专业（发 ）广告，联系我 bs91m1
2022-06-04 05:41:29 → 6285242442963 → daishou15 → 想要（发 ）广告，找 bs91m1
2022-06-04 05:43:03 → 6285242443022 → juliang666 → 来（发 ）广告，联系 bs91m1
2022-06-04 05:43:29 → 6281282996563 → laowangdan → 想要（发 ）广告，找 bs91m1
2022-06-04 05:47:12 → 601112672704 → huione888 → 需要 群、发，找  bs91m1
2022-06-04 05:50:34 → 601112672704 → baocai217 → 来（发 ）广告，联系 bs91m1
2022-06-04 05:51:31 → 6281282996563 → zhifuo → 需要 群、发，找  bs91m1
2022-06-04 05:52:41 → 6285242442963 → xjltq → 想找人（ 发 ）广告，找   bs91m1
2022-06-04 05:53:08 → 62895324567242 → bailaohui_cvv → 需要 群、发，找  bs91m1
2022-06-04 05:57:07 → 6282144789066 → usdtdfds → 需要 群、发，找  bs91m1
2022-06-04 05:57:54 → 6281282996563 → laowangdan → 准备（发 ）广告，找  bs91m1
2022-06-04 05:58:49 → 62895324567242 → BAOAA → 专业（发 ）广告，联系我 bs91m1
2022-06-04 06:02:22 → 6281282996563 → TG_King90 → 来（发 ）广告，联系 bs91m1
2022-06-04 06:04:13 → 919482799261 → haiqazwsx → 专业（发 ）广告，联系我 bs91m1
2022-06-04 06:08:29 → 6281282996563 → sunshineyyds → 想找人（ 发 ）广告，找   bs91m1
2022-06-04 06:10:50 → 60142963511 → axujj → 来（发 ）广告，联系 bs91m1
2022-06-04 06:13:36 → 60142963511 → si1688 → 要（发 ）广告，联系 bs91m1
2022-06-04 06:14:43 → 6282144789066 → bailaohui_cvv → 需要 群、发，找  bs91m1
2022-06-04 06:16:17 → 6285242443022 → chaxun2020 → 想要（发 ）广告，找 bs91m1
2022-06-04 06:17:08 → 6285242442963 → KMFW56789 → 需要 群、发，找  bs91m1
2022-06-04 06:19:34 → 62895324567242 → Usdtbmw → 准备（发 ）广告，找  bs91m1
2022-06-04 06:20:00 → 601112672704 → USDThuzhu3 → 专业（发 ）广告，联系我 bs91m1
2022-06-04 06:21:08 → 6282144789066 → tongdao25 → 准备（发 ）广告，找  bs91m1
2022-06-04 06:22:18 → 6285242443022 → smsjiema666 → 需要 群、发，找  bs91m1
2022-06-04 06:24:15 → 6285242443022 → yugzf → 准备（发 ）广告，找  bs91m1
2022-06-04 06:27:46 → 919482799261 → fbws8866 → 需要 群、发软、件，找  bs91m1
2022-06-04 06:29:07 → 6285242442963 → xinbi_088 → 想要（发 ）广告，找 bs91m1
2022-06-04 06:30:37 → 6285242443022 → jfhfhdgd → 需要 群、发，找  bs91m1
2022-06-04 06:31:49 → 919482799261 → xinmengshehaiwaizhi → 想找人（ 发 ）广告，找   bs91m1
2022-06-04 06:32:36 → 60142963511 → jiu_777 → 要（发 ）广告，联系 bs91m1
2022-06-04 06:33:01 → 601112672704 → WKLhuaren → 来（发 ）广告，联系 bs91m1
2022-06-04 06:35:27 → 6282144789066 → usdtdfds → 来（发 ）广告，联系 bs91m1
2022-06-04 06:36:34 → 601112672704 → sunshineyyds → 需要 群、发软、件，找  bs91m1
2022-06-04 06:38:31 → 6285242442963 → xjltq → 需要 软、件，找  bs91m1
2022-06-04 06:40:13 → 60142963511 → dbjlq1 → 要（发 ）广告，联系 bs91m1
2022-06-04 06:40:38 → 6281282996563 → laowangdan → 想要（发 ）广告，找 bs91m1
2022-06-04 06:43:01 → 6285242442963 → tianziusdt → 需要 群、发，找  bs91m1
2022-06-04 06:43:47 → 6282144789066 → bailaohui_cvv → 准备（发 ）广告，找  bs91m1
2022-06-04 06:45:29 → 62895324567242 → bailaohui_cvv → 需要 群、发，找  bs91m1
2022-06-04 06:45:54 → 6282144789066 → tongdao25 → 来（发 ）广告，联系 bs91m1
2022-06-04 06:48:14 → 60142963511 → TG0188 → 专业（发 ）广告，联系我 bs91m1
2022-06-04 06:49:47 → 6281282996563 → sunshineyyds → 需要 群、发软、件，找  bs91m1
2022-06-04 06:53:06 → 6285242442963 → wz513064 → 准备（发 ）广告，找  bs91m1
2022-06-04 06:56:35 → 6285242442963 → daishou15 → 想要（发 ）广告，找 bs91m1
2022-06-04 06:57:01 → 601112672704 → WKLhuaren → 想找人（ 发 ）广告，找   bs91m1
2022-06-04 07:00:21 → 6285242442963 → juliang666 → 要（发 ）广告，联系 bs91m1
2022-06-04 07:01:09 → 62895324567242 → USDTm → 要（发 ）广告，联系 bs91m1
2022-06-04 07:02:50 → 60142963511 → daishou15 → 来（发 ）广告，联系 bs91m1
2022-06-04 07:03:16 → 6285242443022 → juliang666 → 需要 群、发，找  bs91m1
2022-06-04 07:05:42 → 62895324567242 → BAOAA → 需要 群、发，找  bs91m1
2022-06-04 07:06:30 → 601112672704 → USDThuzhu3 → 来（发 ）广告，联系 bs91m1
2022-06-04 07:09:45 → 6281282996563 → TG_King90 → 专业（发 ）广告，联系我 bs91m1
2022-06-04 07:12:53 → 60142963511 → si1688 → 需要 软、件，找  bs91m1
2022-06-04 07:14:10 → 6285242442963 → daishou15 → 想找人（ 发 ）广告，找   bs91m1
2022-06-04 07:15:02 → 60142963511 → dbjlq1 → 需要 群、发，找  bs91m1
2022-06-04 07:18:05 → 6285242443022 → daifu76 → 需要 群、发，找  bs91m1
2022-06-04 07:19:42 → 6281282996563 → zhifuo → 要（发 ）广告，联系 bs91m1
2022-06-04 07:21:47 → 601112672704 → huione888 → 需要 群、发，找  bs91m1
2022-06-04 07:22:57 → 6285242443022 → chaxun2020 → 需要 软、件，找  bs91m1
2022-06-04 07:23:24 → 60142963511 → daishou15 → 要（发 ）广告，联系 bs91m1
2022-06-04 07:25:34 → 6285242443022 → jfhfhdgd → 专业（发 ）广告，联系我 bs91m1
2022-06-04 07:25:59 → 60142963511 → jiu_777 → 需要 群、发软、件，找  bs91m1
2022-06-04 07:26:46 → 6281282996563 → laowangdan → 要（发 ）广告，联系 bs91m1
2022-06-04 07:29:16 → 60178838240 → xjltq → 需要 群、发软、件，找  bs91m1
2022-06-04 07:30:52 → 6285242443022 → yugzf → 需要 群、发软、件，找  bs91m1
2022-06-04 07:33:14 → 601112672704 → sunshineyyds → 准备（发 ）广告，找  bs91m1
2022-06-04 07:36:56 → 6281282996563 → sunshineyyds → 要（发 ）广告，联系 bs91m1
2022-06-04 07:37:24 → 6285242442963 → xjltq → 专业（发 ）广告，联系我 bs91m1
2022-06-04 07:43:05 → 6282144789066 → bailaohui_cvv → 专业（发 ）广告，联系我 bs91m1
2022-06-04 07:45:05 → 601112672704 → baocai217 → 想找人（ 发 ）广告，找   bs91m1
2022-06-04 07:49:01 → 6281282996563 → sunshineyyds → 准备（发 ）广告，找  bs91m1
2022-06-04 07:49:59 → 6285242443022 → smsjiema666 → 需要 群、发软、件，找  bs91m1
2022-06-04 07:50:24 → 6282144789066 → tongdao25 → 需要 群、发，找  bs91m1
2022-06-04 07:52:45 → 62895324567242 → USDTm → 要（发 ）广告，联系 bs91m1
2022-06-04 07:56:26 → 6282144789066 → usdtdfds → 需要 群、发软、件，找  bs91m1
2022-06-04 07:57:23 → 6285242442963 → xinbi_088 → 准备（发 ）广告，找  bs91m1
2022-06-04 07:59:22 → 601112672704 → sunshineyyds → 需要 群、发，找  bs91m1
2022-06-04 07:59:48 → 6285242443022 → yugzf → 专业（发 ）广告，联系我 bs91m1
2022-06-04 08:02:33 → 6285242442963 → tianziusdt → 想找人（ 发 ）广告，找   bs91m1
2022-06-04 08:03:54 → 6282144789066 → bailaohui_cvv → 准备（发 ）广告，找  bs91m1
2022-06-04 08:07:23 → 60142963511 → TG0188 → 来（发 ）广告，联系 bs91m1
2022-06-04 08:09:07 → 60142963511 → axujj → 要（发 ）广告，联系 bs91m1
2022-06-04 08:09:59 → 6285242442963 → juliang666 → 来（发 ）广告，联系 bs91m1
2022-06-04 08:10:24 → 601112672704 → huione888 → 要（发 ）广告，联系 bs91m1
2022-06-04 08:10:51 → 62895324567242 → Usdtbmw → 需要 群、发，找  bs91m1
2022-06-04 08:11:17 → 6285242443022 → jfhfhdgd → 需要 软、件，找  bs91m1
2022-06-04 08:12:02 → 6282144789066 → tongdao25 → 需要 软、件，找  bs91m1
2022-06-04 08:13:27 → 62895324567242 → bailaohui_cvv → 想找人（ 发 ）广告，找   bs91m1
2022-06-04 08:13:52 → 601112672704 → USDThuzhu3 → 想找人（ 发 ）广告，找   bs91m1
2022-06-04 08:17:20 → 6281282996563 → TG_King90 → 需要 群、发，找  bs91m1
2022-06-04 08:19:18 → 6281282996563 → laowangdan → 要（发 ）广告，联系 bs91m1
2022-06-04 08:22:06 → 6285242443022 → juliang666 → 想要（发 ）广告，找 bs91m1
2022-06-04 08:26:20 → 60142963511 → jiu_777 → 准备（发 ）广告，找  bs91m1
2022-06-04 08:27:35 → 60178838240 → xjltq → 需要 群、发软、件，找  bs91m1
2022-06-04 08:28:02 → 6285242443022 → chaxun2020 → 需要 群、发，找  bs91m1
2022-06-04 08:30:28 → 60142963511 → TG0188 → 想要（发 ）广告，找 bs91m1
2022-06-04 08:30:54 → 6281282996563 → TG_King90 → 想要（发 ）广告，找 bs91m1
2022-06-04 08:31:20 → 6282144789066 → usdtdfds → 要（发 ）广告，联系 bs91m1
2022-06-04 08:34:46 → 6281282996563 → laowangdan → 需要 群、发，找  bs91m1
2022-06-04 08:39:46 → 601112672704 → WKLhuaren → 准备（发 ）广告，找  bs91m1
2022-06-04 08:42:55 → 6285242443022 → daifu76 → 需要 软、件，找  bs91m1
2022-06-04 08:46:00 → 6281282996563 → zhifuo → 要（发 ）广告，联系 bs91m1
2022-06-04 08:51:00 → 60142963511 → si1688 → 需要 群、发软、件，找  bs91m1
2022-06-04 08:54:57 → 601112672704 → baocai217 → 想要（发 ）广告，找 bs91m1
2022-06-04 08:57:31 → 60142963511 → daishou15 → 需要 软、件，找  bs91m1
2022-06-04 08:58:04 → 6285242443022 → chaxun2020 → 想找人（ 发 ）广告，找   bs91m1
2022-06-04 08:58:52 → 62895324567242 → Usdtbmw → 需要 群、发，找  bs91m1
2022-06-04 08:59:42 → 6285242442963 → wz513064 → 要（发 ）广告，联系 bs91m1
2022-06-04 09:02:29 → 6281282996563 → sunshineyyds → 需要 群、发软、件，找  bs91m1
2022-06-04 09:03:43 → 6285242442963 → xjltq → 想要（发 ）广告，找 bs91m1
2022-06-04 09:04:52 → 6282144789066 → bailaohui_cvv → 需要 群、发软、件，找  bs91m1
2022-06-04 09:06:00 → 62895324567242 → bailaohui_cvv → 需要 群、发软、件，找  bs91m1
2022-06-04 09:09:58 → 6285242442963 → juliang666 → 想找人（ 发 ）广告，找   bs91m1
2022-06-04 09:10:47 → 60142963511 → dbjlq1 → 想要（发 ）广告，找 bs91m1
2022-06-04 09:11:33 → 919482799261 → moxigeguge → 需要 群、发，找  bs91m1
2022-06-04 09:12:44 → 6285242443022 → yugzf → 想找人（ 发 ）广告，找   bs91m1
2022-06-04 09:14:26 → 601112672704 → sunshineyyds → 想要（发 ）广告，找 bs91m1
2022-06-04 09:19:43 → 6282144789066 → tongdao25 → 需要 群、发软、件，找  bs91m1
2022-06-04 09:21:42 → 6281282996563 → sunshineyyds → 需要 群、发，找  bs91m1
2022-06-04 09:22:34 → 6285242442963 → xinbi_088 → 要（发 ）广告，联系 bs91m1
2022-06-04 09:23:00 → 60142963511 → axujj → 来（发 ）广告，联系 bs91m1
2022-06-04 09:23:26 → 6285242443022 → daifu76 → 需要 群、发，找  bs91m1
2022-06-04 09:23:52 → 62895324567242 → USDTm → 需要 群、发软、件，找  bs91m1
2022-06-04 09:24:47 → 601112672704 → WKLhuaren → 要（发 ）广告，联系 bs91m1
2022-06-04 09:25:13 → 6282144789066 → usdtdfds → 想要（发 ）广告，找 bs91m1
2022-06-04 09:25:39 → 6285242443022 → smsjiema666 → 想找人（ 发 ）广告，找   bs91m1
2022-06-04 09:26:51 → 62895324567242 → BAOAA → 准备（发 ）广告，找  bs91m1
2022-06-04 09:32:45 → 60178838240 → xjltq → 想要（发 ）广告，找 bs91m1
2022-06-04 09:33:55 → 6281282996563 → TG_King90 → 要（发 ）广告，联系 bs91m1
2022-06-04 09:34:21 → 6285242443022 → jfhfhdgd → 需要 群、发软、件，找  bs91m1
2022-06-04 09:34:56 → 6285242442963 → daishou15 → 准备（发 ）广告，找  bs91m1
2022-06-04 09:39:40 → 6281282996563 → laowangdan → 需要 群、发软、件，找  bs91m1
2022-06-04 09:40:14 → 601112672704 → huione888 → 需要 群、发，找  bs91m1
2022-06-04 09:41:46 → 62895324567242 → bailaohui_cvv → 来（发 ）广告，联系 bs91m1
2022-06-04 09:42:31 → 6282144789066 → bailaohui_cvv → 准备（发 ）广告，找  bs91m1
2022-06-04 09:45:34 → 601112672704 → baocai217 → 需要 群、发软、件，找  bs91m1
2022-06-04 09:54:51 → 60142963511 → jiu_777 → 想找人（ 发 ）广告，找   bs91m1
2022-06-04 09:57:11 → 62895324567242 → Usdtbmw → 需要 群、发软、件，找  bs91m1
2022-06-04 10:01:11 → 60142963511 → daishou15 → 想找人（ 发 ）广告，找   bs91m1
2022-06-04 10:01:37 → 6285242443022 → jfhfhdgd → 准备（发 ）广告，找  bs91m1
2022-06-04 10:03:43 → 60142963511 → TG0188 → 需要 软、件，找  bs91m1
2022-06-04 10:05:21 → 6285242443022 → daifu76 → 专业（发 ）广告，联系我 bs91m1
2022-06-04 10:08:57 → 6281282996563 → laowangdan → 要（发 ）广告，联系 bs91m1
2022-06-04 10:11:59 → 601112672704 → USDThuzhu3 → 来（发 ）广告，联系 bs91m1
2022-06-04 10:13:40 → 6282144789066 → tongdao25 → 需要 软、件，找  bs91m1
2022-06-04 10:14:57 → 6285242442963 → xinbi_088 → 专业（发 ）广告，联系我 bs91m1
2022-06-04 10:17:16 → 6282144789066 → usdtdfds → 专业（发 ）广告，联系我 bs91m1
2022-06-04 10:20:55 → 6281282996563 → zhifuo → 专业（发 ）广告，联系我 bs91m1
2022-06-04 10:21:22 → 6285242442963 → xjltq → 想找人（ 发 ）广告，找   bs91m1
2022-06-04 10:22:16 → 6281282996563 → sunshineyyds → 想要（发 ）广告，找 bs91m1
2022-06-04 10:23:02 → 6285242443022 → yugzf → 需要 软、件，找  bs91m1
2022-06-04 10:25:46 → 60178838240 → xjltq → 需要 群、发，找  bs91m1
2022-06-04 10:26:13 → 6285242442963 → daishou15 → 想要（发 ）广告，找 bs91m1
2022-06-04 10:26:40 → 60142963511 → dbjlq1 → 需要 群、发，找  bs91m1
2022-06-04 10:27:33 → 6281282996563 → TG_King90 → 来（发 ）广告，联系 bs91m1
2022-06-04 10:28:44 → 6282144789066 → tongdao25 → 来（发 ）广告，联系 bs91m1
2022-06-04 10:29:55 → 919482799261 → fb6789 → 需要 软、件，找  bs91m1
2022-06-04 10:32:24 → 6285242443022 → juliang666 → 要（发 ）广告，联系 bs91m1
2022-06-04 10:32:51 → 6285242442963 → juliang666 → 要（发 ）广告，联系 bs91m1
2022-06-04 10:35:55 → 6282144789066 → bailaohui_cvv → 想找人（ 发 ）广告，找   bs91m1
2022-06-04 10:36:42 → 60142963511 → si1688 → 需要 群、发，找  bs91m1
2022-06-04 10:38:21 → 6281282996563 → TG_King90 → 需要 软、件，找  bs91m1
2022-06-04 10:39:11 → 62895324567242 → USDTm → 想找人（ 发 ）广告，找   bs91m1
2022-06-04 10:42:31 → 601112672704 → sunshineyyds → 想找人（ 发 ）广告，找   bs91m1
2022-06-04 10:45:41 → 6285242443022 → smsjiema666 → 需要 软、件，找  bs91m1
2022-06-04 10:48:03 → 6282144789066 → usdtdfds → 要（发 ）广告，联系 bs91m1
2022-06-04 10:48:28 → 60142963511 → axujj → 需要 群、发，找  bs91m1
2022-06-04 10:48:55 → 6285242443022 → chaxun2020 → 想找人（ 发 ）广告，找   bs91m1
2022-06-04 10:51:16 → 601112672704 → WKLhuaren → 需要 软、件，找  bs91m1
2022-06-04 10:56:21 → 6281282996563 → laowangdan → 需要 软、件，找  bs91m1
2022-06-04 10:57:23 → 6281282996563 → sunshineyyds → 想要（发 ）广告，找 bs91m1
2022-06-04 11:02:01 → 6285242443022 → yugzf → 想要（发 ）广告，找 bs91m1
2022-06-04 11:02:49 → 601112672704 → huione888 → 需要 群、发软、件，找  bs91m1
2022-06-04 11:03:35 → 6285242442963 → wz513064 → 需要 软、件，找  bs91m1
2022-06-04 11:06:59 → 60142963511 → dbjlq1 → 来（发 ）广告，联系 bs91m1
2022-06-04 11:09:34 → 6285242442963 → tianziusdt → 准备（发 ）广告，找  bs91m1
2022-06-04 11:11:15 → 601112672704 → USDThuzhu3 → 需要 群、发软、件，找  bs91m1
2022-06-04 11:12:06 → 60142963511 → TG0188 → 准备（发 ）广告，找  bs91m1
2022-06-04 11:12:55 → 62895324567242 → bailaohui_cvv → 来（发 ）广告，联系 bs91m1
2022-06-04 11:16:02 → 6282144789066 → tongdao25 → 要（发 ）广告，联系 bs91m1
2022-06-04 11:16:28 → 6285242443022 → XxUP1121 → 想要（发 ）广告，找 bs91m1
2022-06-04 11:16:53 → 60142963511 → daishou15 → 想要（发 ）广告，找 bs91m1
2022-06-04 11:18:15 → 6285242442963 → xinbi_088 → 需要 群、发软、件，找  bs91m1
2022-06-04 11:20:30 → 6281282996563 → laowangdan → 需要 群、发软、件，找  bs91m1
2022-06-04 11:24:02 → 60142963511 → axujj → 想要（发 ）广告，找 bs91m1
2022-06-04 11:24:58 → 6282144789066 → usdtdfds → 来（发 ）广告，联系 bs91m1
2022-06-04 11:27:26 → 6281282996563 → zhifuo → 想找人（ 发 ）广告，找   bs91m1
2022-06-04 11:30:53 → 6285242443022 → jfhfhdgd → 需要 软、件，找  bs91m1
2022-06-04 11:31:47 → 6285242442963 → daishou15 → 想找人（ 发 ）广告，找   bs91m1
2022-06-04 11:32:33 → 6281282996563 → TG_King90 → 专业（发 ）广告，联系我 bs91m1
2022-06-04 11:35:17 → 919482799261 → dfsdf5545 → 需要 群、发软、件，找  bs91m1
2022-06-04 11:36:04 → 6285242443022 → daifu76 → 准备（发 ）广告，找  bs91m1
2022-06-04 11:36:37 → 601112672704 → baocai217 → 想找人（ 发 ）广告，找   bs91m1
2022-06-04 11:43:24 → 62895324567242 → Usdtbmw → 准备（发 ）广告，找  bs91m1
2022-06-04 11:46:24 → 60142963511 → jiu_777 → 需要 群、发，找  bs91m1
2022-06-04 11:47:59 → 6285242443022 → chaxun2020 → 来（发 ）广告，联系 bs91m1
2022-06-04 11:49:05 → 6281282996563 → sunshineyyds → 来（发 ）广告，联系 bs91m1
2022-06-04 11:50:31 → 601112672704 → sunshineyyds → 需要 群、发，找  bs91m1
2022-06-04 11:51:19 → 6282144789066 → bailaohui_cvv → 想要（发 ）广告，找 bs91m1
2022-06-04 11:52:55 → 6285242442963 → xjltq → 来（发 ）广告，联系 bs91m1
2022-06-04 11:53:46 → 60178838240 → xjltq → 需要 软、件，找  bs91m1
2022-06-04 11:57:13 → 60142963511 → si1688 → 需要 群、发，找  bs91m1
2022-06-04 11:58:38 → 62895324567242 → USDTm → 准备（发 ）广告，找  bs91m1
2022-06-04 11:59:04 → 601112672704 → baocai217 → 需要 软、件，找  bs91m1
2022-06-04 11:59:51 → 6285242442963 → XxUP1121 → 准备（发 ）广告，找  bs91m1
2022-06-04 12:01:26 → 6285242443022 → daifu76 → 专业（发 ）广告，联系我 bs91m1
2022-06-04 12:01:59 → 6281282996563 → laowangdan → 准备（发 ）广告，找  bs91m1
2022-06-04 12:05:09 → 6285242443022 → smsjiema666 → 来（发 ）广告，联系 bs91m1
2022-06-04 12:08:13 → 601112672704 → huione888 → 要（发 ）广告，联系 bs91m1
2022-06-04 12:11:02 → 60142963511 → BAOAA → 来（发 ）广告，联系 bs91m1
2022-06-04 12:11:29 → 6282144789066 → bailaohui_cvv → 来（发 ）广告，联系 bs91m1
2022-06-04 12:12:02 → 601112672704 → WKLhuaren → 想要（发 ）广告，找 bs91m1
2022-06-04 12:12:28 → 6285242443022 → juliang666 → 准备（发 ）广告，找  bs91m1
2022-06-04 12:14:23 → 62895324567242 → USDTm → 准备（发 ）广告，找  bs91m1
2022-06-04 12:16:04 → 6282144789066 → usdtdfds → 想要（发 ）广告，找 bs91m1
2022-06-04 12:21:04 → 62895324567242 → BAOAA → 专业（发 ）广告，联系我 bs91m1
2022-06-04 12:23:07 → 6281282996563 → TG_King90 → 来（发 ）广告，联系 bs91m1
2022-06-04 12:25:39 → 60142963511 → TG0188 → 想找人（ 发 ）广告，找   bs91m1
2022-06-04 12:28:28 → 62895324567242 → bailaohui_cvv → 准备（发 ）广告，找  bs91m1
2022-06-04 12:30:07 → 6285242442963 → juliang666 → 准备（发 ）广告，找  bs91m1
2022-06-04 12:32:35 → 6282144789066 → tongdao25 → 需要 软、件，找  bs91m1
2022-06-04 12:35:58 → 601112672704 → USDThuzhu3 → 需要 群、发软、件，找  bs91m1
2022-06-04 12:37:20 → 6285242442963 → daishou15 → 专业（发 ）广告，联系我 bs91m1
2022-06-04 12:38:07 → 60142963511 → BAOAA → 专业（发 ）广告，联系我 bs91m1
2022-06-04 12:39:41 → 6281282996563 → TG_King90 → 专业（发 ）广告，联系我 bs91m1
2022-06-04 12:41:09 → 6285242443022 → chaxun2020 → 想要（发 ）广告，找 bs91m1
2022-06-04 12:42:02 → 6285242443022 → jfhfhdgd → 需要 群、发软、件，找  bs91m1
2022-06-04 12:42:28 → 60142963511 → jiu_777 → 想要（发 ）广告，找 bs91m1
2022-06-04 12:44:29 → 6282144789066 → bailaohui_cvv → 需要 群、发，找  bs91m1
2022-06-04 12:47:11 → 6285242443022 → XxUP1121 → 需要 群、发软、件，找  bs91m1
2022-06-04 12:48:50 → 60142963511 → axujj → 需要 群、发软、件，找  bs91m1
2022-06-04 12:50:48 → 6282144789066 → tongdao25 → 需要 群、发，找  bs91m1
2022-06-04 12:53:32 → 60142963511 → daishou15 → 专业（发 ）广告，联系我 bs91m1
2022-06-04 12:55:40 → 6281282996563 → zhifuo → 想要（发 ）广告，找 bs91m1
2022-06-04 12:57:44 → 6285242443022 → yugzf → 专业（发 ）广告，联系我 bs91m1
2022-06-04 12:58:56 → 6281282996563 → laowangdan → 需要 群、发软、件，找  bs91m1
2022-06-04 13:00:05 → 60178838240 → TG12389 → 需要 群、发软、件，找  bs91m1
2022-06-04 13:03:01 → 60142963511 → si1688 → 专业（发 ）广告，联系我 bs91m1
2022-06-04 13:05:49 → 601112672704 → baocai217 → 要（发 ）广告，联系 bs91m1
2022-06-04 13:06:36 → 6285242442963 → xjltq → 想找人（ 发 ）广告，找   bs91m1
2022-06-04 13:08:30 → 62895324567242 → Usdtbmw → 需要 群、发，找  bs91m1
2022-06-04 13:12:07 → 60142963511 → dbjlq1 → 需要 软、件，找  bs91m1
2022-06-04 13:14:21 → 6282144789066 → usdtdfds → 想要（发 ）广告，找 bs91m1
2022-06-04 13:14:46 → 6285242443022 → daifu76 → 想找人（ 发 ）广告，找   bs91m1
2022-06-04 13:18:29 → 6285242443022 → juliang666 → 要（发 ）广告，联系 bs91m1
2022-06-04 13:19:36 → 6281282996563 → TG_King90 → 要（发 ）广告，联系 bs91m1
2022-06-04 13:24:11 → 6285242443022 → chaxun2020 → 专业（发 ）广告，联系我 bs91m1
2022-06-04 13:27:56 → 6285242443022 → jfhfhdgd → 专业（发 ）广告，联系我 bs91m1
2022-06-04 13:29:33 → 601112672704 → huione888 → 想找人（ 发 ）广告，找   bs91m1
2022-06-04 13:31:53 → 6281282996563 → laowangdan → 需要 群、发，找  bs91m1
2022-06-04 13:33:03 → 60178838240 → xjltq → 专业（发 ）广告，联系我 bs91m1
2022-06-04 13:33:58 → 6285242443022 → smsjiema666 → 需要 软、件，找  bs91m1
2022-06-04 13:36:25 → 60142963511 → daishou15 → 来（发 ）广告，联系 bs91m1
2022-06-04 13:37:33 → 6282144789066 → bailaohui_cvv → 准备（发 ）广告，找  bs91m1
2022-06-04 13:38:23 → 601112672704 → pshqo → 来（发 ）广告，联系 bs91m1
2022-06-04 13:39:36 → 62895324567242 → USDTm → 想找人（ 发 ）广告，找   bs91m1
2022-06-04 13:40:31 → 6285242442963 → xinbi_088 → 想要（发 ）广告，找 bs91m1
2022-06-04 13:45:14 → 62895324567242 → Usdtbmw → 需要 软、件，找  bs91m1
2022-06-04 13:47:21 → 60142963511 → jiu_777 → 来（发 ）广告，联系 bs91m1
2022-06-04 13:49:17 → 6285242442963 → wz513064 → 来（发 ）广告，联系 bs91m1
2022-06-04 13:49:49 → 60142963511 → si1688 → 来（发 ）广告，联系 bs91m1
2022-06-04 13:51:15 → 6281282996563 → laowangdan → 专业（发 ）广告，联系我 bs91m1
2022-06-04 13:55:12 → 6281282996563 → TG_King90 → 想要（发 ）广告，找 bs91m1
2022-06-04 13:58:26 → 6285242443022 → daifu76 → 专业（发 ）广告，联系我 bs91m1
2022-06-04 13:58:52 → 6282144789066 → tongdao25 → 来（发 ）广告，联系 bs91m1
2022-06-04 13:59:24 → 601112672704 → USDThuzhu3 → 准备（发 ）广告，找  bs91m1
2022-06-04 14:03:34 → 6282144789066 → usdtdfds → 准备（发 ）广告，找  bs91m1
2022-06-04 14:04:27 → 6285242442963 → xinbi_088 → 需要 群、发软、件，找  bs91m1
2022-06-04 14:06:12 → 6285242443022 → jfhfhdgd → 想要（发 ）广告，找 bs91m1
2022-06-04 14:08:08 → 6281282996563 → zhifuo → 专业（发 ）广告，联系我 bs91m1
2022-06-04 14:14:48 → 6282144789066 → usdtdfds → 来（发 ）广告，联系 bs91m1
2022-06-04 14:15:59 → 60142963511 → TG0188 → 准备（发 ）广告，找  bs91m1
2022-06-04 14:17:26 → 6285242442963 → juliang666 → 想找人（ 发 ）广告，找   bs91m1
2022-06-04 14:18:52 → 60178838240 → xjltq → 想要（发 ）广告，找 bs91m1
2022-06-04 14:19:25 → 6282144789066 → tongdao25 → 要（发 ）广告，联系 bs91m1
2022-06-04 14:20:37 → 60142963511 → dbjlq1 → 来（发 ）广告，联系 bs91m1
2022-06-04 14:21:04 → 6285242442963 → tianziusdt → 需要 群、发，找  bs91m1
2022-06-04 14:22:01 → 62895324567242 → bailaohui_cvv → 想找人（ 发 ）广告，找   bs91m1
2022-06-04 14:27:22 → 6281282996563 → laowangdan → 需要 软、件，找  bs91m1
2022-06-04 14:28:34 → 601112672704 → baocai217 → 专业（发 ）广告，联系我 bs91m1
2022-06-04 14:29:26 → 62895324567242 → USDTm → 专业（发 ）广告，联系我 bs91m1
2022-06-04 14:31:46 → 601112672704 → USDThuzhu3 → 想找人（ 发 ）广告，找   bs91m1
2022-06-04 14:33:02 → 6282144789066 → bailaohui_cvv → 要（发 ）广告，联系 bs91m1
2022-06-04 14:36:34 → 919482799261 → lineline88 → 需要 群、发，找  bs91m1
2022-06-04 14:37:22 → 60142963511 → axujj → 想找人（ 发 ）广告，找   bs91m1
2022-06-04 14:38:29 → 6281282996563 → TG_King90 → 需要 软、件，找  bs91m1
2022-06-04 14:42:01 → 6285242442963 → daishou15 → 需要 软、件，找  bs91m1
2022-06-04 14:45:38 → 60142963511 → TG0188 → 想找人（ 发 ）广告，找   bs91m1
2022-06-04 14:46:26 → 62895324567242 → Usdtbmw → 需要 软、件，找  bs91m1
2022-06-04 14:48:32 → 6285242443022 → chaxun2020 → 想要（发 ）广告，找 bs91m1
2022-06-04 14:50:06 → 6285242442963 → xjltq → 准备（发 ）广告，找  bs91m1
2022-06-04 14:51:57 → 60142963511 → jiu_777 → 专业（发 ）广告，联系我 bs91m1
2022-06-04 14:53:32 → 601112672704 → huione888 → 想要（发 ）广告，找 bs91m1
2022-06-04 14:56:31 → 6281282996563 → laowangdan → 需要 群、发软、件，找  bs91m1
2022-06-04 15:01:34 → 6281282996563 → TG_King90 → 准备（发 ）广告，找  bs91m1
2022-06-04 15:05:22 → 6285242443022 → yugzf → 准备（发 ）广告，找  bs91m1
2022-06-04 15:07:27 → 6282144789066 → bailaohui_cvv → 准备（发 ）广告，找  bs91m1
2022-06-04 15:10:39 → 6285242443022 → juliang666 → 需要 群、发软、件，找  bs91m1
2022-06-04 15:13:44 → 6285242442963 → tianziusdt → 来（发 ）广告，联系 bs91m1
2022-06-04 15:14:57 → 919482799261 → DNYPAY → 想要（发 ）广告，找 bs91m1
2022-06-04 15:16:50 → 6282144789066 → tongdao25 → 要（发 ）广告，联系 bs91m1
2022-06-04 15:17:37 → 6285242443022 → jfhfhdgd → 想找人（ 发 ）广告，找   bs91m1
2022-06-04 15:18:31 → 62895324567242 → bailaohui_cvv → 想找人（ 发 ）广告，找   bs91m1
2022-06-04 15:18:58 → 6285242443022 → chaxun2020 → 需要 群、发软、件，找  bs91m1
2022-06-04 15:20:57 → 919482799261 → haoma69 → 需要 软、件，找  bs91m1
2022-06-04 15:21:22 → 6281282996563 → zhifuo → 需要 群、发软、件，找  bs91m1
2022-06-04 15:25:15 → 6285242442963 → wz513064 → 需要 群、发软、件，找  bs91m1
2022-06-04 15:28:27 → 6285242443022 → smsjiema666 → 准备（发 ）广告，找  bs91m1
2022-06-04 15:28:59 → 6282144789066 → usdtdfds → 需要 软、件，找  bs91m1
2022-06-04 15:29:45 → 60142963511 → axujj → 专业（发 ）广告，联系我 bs91m1
2022-06-04 15:30:12 → 6281282996563 → TG_King90 → 来（发 ）广告，联系 bs91m1
2022-06-04 15:31:23 → 601112672704 → USDThuzhu3 → 想要（发 ）广告，找 bs91m1
2022-06-04 15:31:49 → 6285242442963 → xinbi_088 → 专业（发 ）广告，联系我 bs91m1
2022-06-04 15:32:35 → 60178838240 → xjltq → 专业（发 ）广告，联系我 bs91m1
2022-06-04 15:34:45 → 6285242443022 → daifu76 → 来（发 ）广告，联系 bs91m1
2022-06-04 15:37:44 → 60142963511 → si1688 → 需要 群、发，找  bs91m1
2022-06-04 15:39:16 → 60142963511 → daishou15 → 需要 群、发，找  bs91m1
2022-06-04 15:40:08 → 601112672704 → baocai217 → 想要（发 ）广告，找 bs91m1
2022-06-04 15:41:17 → 6282144789066 → bailaohui_cvv → 专业（发 ）广告，联系我 bs91m1
2022-06-04 15:43:10 → 6285242442963 → daishou15 → 需要 群、发软、件，找  bs91m1
2022-06-04 15:44:59 → 60142963511 → dbjlq1 → 需要 软、件，找  bs91m1
2022-06-04 15:51:07 → 6281282996563 → laowangdan → 想找人（ 发 ）广告，找   bs91m1
2022-06-04 15:54:50 → 6285242443022 → daifu76 → 专业（发 ）广告，联系我 bs91m1
2022-06-04 15:55:15 → 6285242442963 → xjltq → 要（发 ）广告，联系 bs91m1
2022-06-04 15:55:42 → 62895324567242 → bailaohui_cvv → 准备（发 ）广告，找  bs91m1
2022-06-04 15:59:39 → 62895324567242 → USDTm → 需要 群、发，找  bs91m1
2022-06-04 16:02:16 → 601112672704 → huione888 → 需要 软、件，找  bs91m1
2022-06-04 16:03:55 → 6282144789066 → usdtdfds → 专业（发 ）广告，联系我 bs91m1
2022-06-04 16:04:42 → 62895324567242 → Usdtbmw → 要（发 ）广告，联系 bs91m1
2022-06-04 16:05:09 → 60142963511 → axujj → 来（发 ）广告，联系 bs91m1
2022-06-04 16:07:04 → 6285242442963 → juliang666 → 需要 群、发软、件，找  bs91m1
2022-06-04 16:08:40 → 6285242443022 → jfhfhdgd → 准备（发 ）广告，找  bs91m1
2022-06-04 16:13:17 → 6282144789066 → tongdao25 → 需要 群、发软、件，找  bs91m1
2022-06-04 16:16:22 → 60142963511 → jiu_777 → 要（发 ）广告，联系 bs91m1
2022-06-04 16:18:23 → 6281282996563 → laowangdan → 需要 群、发，找  bs91m1
2022-06-04 16:20:15 → 6285242443022 → chaxun2020 → 需要 软、件，找  bs91m1
2022-06-04 16:24:41 → 6281282996563 → TG_King90 → 需要 软、件，找  bs91m1
2022-06-04 16:26:41 → 6285242443022 → juliang666 → 想找人（ 发 ）广告，找   bs91m1
2022-06-04 16:27:52 → 6281282996563 → zhifuo → 想要（发 ）广告，找 bs91m1
2022-06-04 16:32:58 → 601112672704 → USDThuzhu3 → 想找人（ 发 ）广告，找   bs91m1
2022-06-04 16:33:24 → 60142963511 → TG0188 → 想要（发 ）广告，找 bs91m1
2022-06-04 16:37:47 → 6282144789066 → tongdao25 → 需要 群、发软、件，找  bs91m1
2022-06-04 16:38:13 → 60142963511 → dbjlq1 → 想要（发 ）广告，找 bs91m1
2022-06-04 16:38:39 → 6281282996563 → laowangdan → 来（发 ）广告，联系 bs91m1
2022-06-04 16:39:05 → 6285242442963 → xinbi_088 → 想找人（ 发 ）广告，找   bs91m1
2022-06-04 16:40:16 → 601112672704 → baocai217 → 需要 软、件，找  bs91m1
2022-06-04 16:51:36 → 6281282996563 → TG_King90 → 需要 群、发，找  bs91m1
2022-06-04 16:52:01 → 6282144789066 → usdtdfds → 需要 群、发软、件，找  bs91m1
2022-06-04 16:52:27 → 60142963511 → daishou15 → 想找人（ 发 ）广告，找   bs91m1
2022-06-04 16:57:46 → 6285242442963 → daishou15 → 需要 软、件，找  bs91m1
2022-06-04 16:58:32 → 60142963511 → si1688 → 需要 群、发，找  bs91m1
2022-06-04 17:00:05 → 6282144789066 → bailaohui_cvv → 需要 群、发软、件，找  bs91m1
2022-06-04 17:01:54 → 60178838240 → xjltq → 想找人（ 发 ）广告，找   bs91m1
2022-06-04 17:02:20 → 601112672704 → huione888 → 想要（发 ）广告，找 bs91m1
2022-06-04 17:03:58 → 6285242443022 → smsjiema666 → 需要 软、件，找  bs91m1
2022-06-04 17:04:23 → 60142963511 → BAOAA → 需要 软、件，找  bs91m1
2022-06-04 17:07:04 → 6285242443022 → jfhfhdgd → 来（发 ）广告，联系 bs91m1
2022-06-04 17:10:42 → 6282144789066 → tongdao25 → 想要（发 ）广告，找 bs91m1
2022-06-04 17:16:00 → 6285242442963 → xjltq → 需要 软、件，找  bs91m1
2022-06-04 17:16:32 → 6281282996563 → TG_King90 → 想找人（ 发 ）广告，找   bs91m1
2022-06-04 17:19:05 → 6282144789066 → usdtdfds → 准备（发 ）广告，找  bs91m1
2022-06-04 17:26:45 → 6285242443022 → daifu76 → 准备（发 ）广告，找  bs91m1
2022-06-04 17:29:56 → 6282144789066 → bailaohui_cvv → 要（发 ）广告，联系 bs91m1
2022-06-04 17:30:22 → 601112672704 → huione888 → 需要 群、发软、件，找  bs91m1
2022-06-04 17:31:41 → 60142963511 → TG0188 → 需要 群、发软、件，找  bs91m1
2022-06-04 17:33:29 → 6281282996563 → laowangdan → 想找人（ 发 ）广告，找   bs91m1
2022-06-04 17:35:38 → 6285242442963 → juliang666 → 准备（发 ）广告，找  bs91m1
2022-06-04 17:39:07 → 62895324567242 → bailaohui_cvv → 需要 群、发，找  bs91m1
2022-06-04 17:40:20 → 6281282996563 → zhifuo → 要（发 ）广告，联系 bs91m1
2022-06-04 17:41:36 → 919482799261 → khjc1133 → 想要（发 ）广告，找 bs91m1
2022-06-04 17:42:23 → 6285242443022 → yugzf → 想找人（ 发 ）广告，找   bs91m1
2022-06-04 17:44:58 → 6285242442963 → wz513064 → 来（发 ）广告，联系 bs91m1
2022-06-04 17:45:58 → 60142963511 → si1688 → 准备（发 ）广告，找  bs91m1
2022-06-04 17:49:13 → 6285242443022 → chaxun2020 → 准备（发 ）广告，找  bs91m1
2022-06-04 17:51:59 → 60142963511 → daishou15 → 来（发 ）广告，联系 bs91m1
2022-06-04 17:56:40 → 62895324567242 → USDTm → 想找人（ 发 ）广告，找   bs91m1
2022-06-04 17:57:49 → 601112672704 → baocai217 → 想找人（ 发 ）广告，找   bs91m1
2022-06-04 18:00:42 → 6285242443022 → chaxun2020 → 想找人（ 发 ）广告，找   bs91m1
2022-06-04 18:03:04 → 62895324567242 → Usdtbmw → 准备（发 ）广告，找  bs91m1
2022-06-04 18:05:03 → 6285242442963 → XxUP1121 → 需要 群、发，找  bs91m1
2022-06-04 18:07:14 → 6282144789066 → bailaohui_cvv → 要（发 ）广告，联系 bs91m1
2022-06-04 18:07:40 → 6285242443022 → jfhfhdgd → 想要（发 ）广告，找 bs91m1
2022-06-04 18:08:06 → 60142963511 → dbjlq1 → 需要 群、发，找  bs91m1
2022-06-04 18:10:19 → 6281282996563 → laowangdan → 专业（发 ）广告，联系我 bs91m1
2022-06-04 18:11:53 → 60142963511 → axujj → 需要 群、发，找  bs91m1
2022-06-04 18:12:43 → 6281282996563 → TG_King90 → 准备（发 ）广告，找  bs91m1
2022-06-04 18:13:08 → 6282144789066 → usdtdfds → 要（发 ）广告，联系 bs91m1
2022-06-04 18:13:33 → 60178838240 → xjltq → 需要 群、发，找  bs91m1
2022-06-04 18:14:01 → 62895324567242 → bailaohui_cvv → 需要 群、发，找  bs91m1
2022-06-04 18:15:23 → 601112672704 → USDThuzhu3 → 准备（发 ）广告，找  bs91m1
2022-06-04 18:16:25 → 60142963511 → jiu_777 → 准备（发 ）广告，找  bs91m1
2022-06-04 18:19:21 → 6285242443022 → smsjiema666 → 需要 群、发，找  bs91m1
2022-06-04 18:22:03 → 62895324567242 → USDTm → 准备（发 ）广告，找  bs91m1
2022-06-04 18:27:37 → 6285242443022 → juliang666 → 需要 群、发软、件，找  bs91m1
2022-06-04 18:28:03 → 6282144789066 → tongdao25 → 要（发 ）广告，联系 bs91m1
2022-06-04 18:30:27 → 6285242443022 → daifu76 → 来（发 ）广告，联系 bs91m1
2022-06-04 18:32:40 → 6285242442963 → daishou15 → 需要 软、件，找  bs91m1
2022-06-04 18:34:47 → 6281282996563 → TG_King90 → 专业（发 ）广告，联系我 bs91m1
2022-06-04 18:35:13 → 6282144789066 → usdtdfds → 专业（发 ）广告，联系我 bs91m1
2022-06-04 18:38:19 → 6285242442963 → xinbi_088 → 需要 群、发软、件，找  bs91m1
2022-06-04 18:40:46 → 6282144789066 → tongdao25 → 需要 软、件，找  bs91m1
2022-06-04 18:41:12 → 6281282996563 → laowangdan → 专业（发 ）广告，联系我 bs91m1
2022-06-04 18:44:25 → 601112672704 → baocai217 → 想找人（ 发 ）广告，找   bs91m1
2022-06-04 18:47:44 → 6285242442963 → xjltq → 需要 群、发，找  bs91m1
2022-06-04 18:48:09 → 6281282996563 → zhifuo → 需要 群、发，找  bs91m1
2022-06-04 18:49:49 → 6285242442963 → wz513064 → 要（发 ）广告，联系 bs91m1
2022-06-04 18:53:33 → 60142963511 → dbjlq1 → 准备（发 ）广告，找  bs91m1
2022-06-04 18:54:27 → 60142963511 → jiu_777 → 想要（发 ）广告，找 bs91m1
2022-06-04 18:56:25 → 6285242443022 → XxUP1121 → 想找人（ 发 ）广告，找   bs91m1
2022-06-04 18:58:57 → 601112672704 → USDThuzhu3 → 想要（发 ）广告，找 bs91m1
2022-06-04 19:00:13 → 6281282996563 → TG_King90 → 需要 群、发软、件，找  bs91m1
2022-06-04 19:01:25 → 6285242443022 → chaxun2020 → 需要 群、发，找  bs91m1
2022-06-04 19:02:44 → 6282144789066 → bailaohui_cvv → 想要（发 ）广告，找 bs91m1
2022-06-04 19:03:49 → 60142963511 → daishou15 → 来（发 ）广告，联系 bs91m1
2022-06-04 19:10:05 → 601112672704 → huione888 → 要（发 ）广告，联系 bs91m1
2022-06-04 19:13:12 → 60178838240 → xjltq → 需要 软、件，找  bs91m1
2022-06-04 19:14:06 → 62895324567242 → Usdtbmw → 要（发 ）广告，联系 bs91m1
2022-06-04 19:15:33 → 60142963511 → TG0188 → 需要 软、件，找  bs91m1
2022-06-04 19:18:12 → 6281282996563 → laowangdan → 想要（发 ）广告，找 bs91m1
2022-06-04 19:19:31 → 60142963511 → si1688 → 需要 软、件，找  bs91m1
2022-06-04 19:20:18 → 919482799261 → dx119188 → 想要（发 ）广告，找 bs91m1
2022-06-04 19:22:12 → 6282144789066 → usdtdfds → 准备（发 ）广告，找  bs91m1
2022-06-04 19:24:12 → 6285242442963 → xjltq → 需要 软、件，找  bs91m1
2022-06-04 19:28:28 → 6285242443022 → jfhfhdgd → 需要 群、发软、件，找  bs91m1
2022-06-04 19:32:55 → 6285242442963 → xinbi_088 → 需要 软、件，找  bs91m1
2022-06-04 19:34:14 → 6285242442963 → tianziusdt → 来（发 ）广告，联系 bs91m1
2022-06-04 19:35:09 → 6281282996563 → laowangdan → 要（发 ）广告，联系 bs91m1
2022-06-04 19:36:22 → 601112672704 → USDThuzhu3 → 想要（发 ）广告，找 bs91m1
2022-06-04 19:38:10 → 62895324567242 → USDTm → 需要 软、件，找  bs91m1
2022-06-04 19:38:36 → 6285242443022 → daifu76 → 需要 群、发软、件，找  bs91m1
2022-06-04 19:43:45 → 601112672704 → huione888 → 想找人（ 发 ）广告，找   bs91m1
2022-06-04 19:45:23 → 6282144789066 → tongdao25 → 来（发 ）广告，联系 bs91m1
2022-06-04 19:46:10 → 60142963511 → axujj → 需要 群、发，找  bs91m1
2022-06-04 19:48:32 → 6285242442963 → daishou15 → 需要 群、发软、件，找  bs91m1
2022-06-04 19:49:20 → 6282144789066 → bailaohui_cvv → 需要 群、发软、件，找  bs91m1
2022-06-04 19:49:46 → 601112672704 → baocai217 → 来（发 ）广告，联系 bs91m1
2022-06-04 19:50:36 → 62895324567242 → bailaohui_cvv → 专业（发 ）广告，联系我 bs91m1
2022-06-04 19:53:53 → 60142963511 → dbjlq1 → 想要（发 ）广告，找 bs91m1
2022-06-04 19:54:50 → 6285242443022 → jfhfhdgd → 想找人（ 发 ）广告，找   bs91m1
2022-06-04 19:57:27 → 60178838240 → xjltq → 想要（发 ）广告，找 bs91m1
2022-06-04 20:01:55 → 60142963511 → si1688 → 想找人（ 发 ）广告，找   bs91m1
2022-06-04 20:04:52 → 62895324567242 → Usdtbmw → 想要（发 ）广告，找 bs91m1
2022-06-04 20:06:03 → 6285242443022 → juliang666 → 需要 群、发，找  bs91m1
2022-06-04 20:12:16 → 6285242442963 → juliang666 → 来（发 ）广告，联系 bs91m1
2022-06-04 20:14:36 → 6282144789066 → bailaohui_cvv → 想要（发 ）广告，找 bs91m1
2022-06-04 20:15:53 → 60142963511 → daishou15 → 需要 群、发软、件，找  bs91m1
2022-06-04 20:16:19 → 6285242443022 → daifu76 → 需要 群、发软、件，找  bs91m1
2022-06-04 20:18:46 → 60142963511 → TG0188 → 专业（发 ）广告，联系我 bs91m1
2022-06-04 20:19:43 → 919482799261 → jiema868 → 需要 软、件，找  bs91m1
2022-06-04 20:20:53 → 6281282996563 → zhifuo → 需要 群、发，找  bs91m1
2022-06-04 20:25:06 → 6281282996563 → TG_King90 → 需要 群、发，找  bs91m1
2022-06-04 20:27:18 → 919482799261 → heimachuhai → 来（发 ）广告，联系 bs91m1
2022-06-04 20:29:08 → 6282144789066 → tongdao25 → 准备（发 ）广告，找  bs91m1
2022-06-04 20:29:36 → 6285242442963 → wz513064 → 来（发 ）广告，联系 bs91m1
2022-06-04 20:30:44 → 6285242443022 → chaxun2020 → 要（发 ）广告，联系 bs91m1
2022-06-04 20:31:56 → 6281282996563 → laowangdan → 来（发 ）广告，联系 bs91m1
2022-06-04 20:35:10 → 6285242443022 → smsjiema666 → 需要 群、发，找  bs91m1
2022-06-04 20:35:55 → 6282144789066 → usdtdfds → 需要 群、发软、件，找  bs91m1
2022-06-04 20:37:32 → 601112672704 → baocai217 → 专业（发 ）广告，联系我 bs91m1
2022-06-04 20:39:19 → 60142963511 → jiu_777 → 准备（发 ）广告，找  bs91m1
2022-06-04 20:46:10 → 6281282996563 → laowangdan → 想要（发 ）广告，找 bs91m1
2022-06-04 20:50:33 → 6282144789066 → tongdao25 → 想要（发 ）广告，找 bs91m1
2022-06-04 20:51:21 → 6281282996563 → TG_King90 → 想要（发 ）广告，找 bs91m1
2022-06-04 20:51:47 → 62895324567242 → Usdtbmw → 来（发 ）广告，联系 bs91m1
2022-06-04 20:53:03 → 62895324567242 → bailaohui_cvv → 需要 群、发软、件，找  bs91m1
2022-06-04 20:54:11 → 6282144789066 → bailaohui_cvv → 专业（发 ）广告，联系我 bs91m1
2022-06-04 20:55:30 → 60142963511 → axujj → 想找人（ 发 ）广告，找   bs91m1
2022-06-04 20:57:53 → 6285242442963 → xinbi_088 → 需要 群、发软、件，找  bs91m1
2022-06-04 21:01:57 → 601112672704 → USDThuzhu3 → 专业（发 ）广告，联系我 bs91m1
2022-06-04 21:03:31 → 6282144789066 → usdtdfds → 想要（发 ）广告，找 bs91m1
2022-06-04 21:05:01 → 6285242443022 → jfhfhdgd → 需要 群、发，找  bs91m1
2022-06-04 21:05:57 → 60142963511 → jiu_777 → 需要 软、件，找  bs91m1
2022-06-04 21:07:15 → 6285242442963 → daishou15 → 需要 群、发，找  bs91m1
2022-06-04 21:11:37 → 6285242443022 → XxUP1121 → 需要 群、发，找  bs91m1
2022-06-04 21:13:19 → 6281282996563 → TG_King90 → 需要 群、发，找  bs91m1
2022-06-04 21:18:10 → 62895324567242 → USDTm → 准备（发 ）广告，找  bs91m1
2022-06-04 21:19:43 → 6281282996563 → laowangdan → 准备（发 ）广告，找  bs91m1
2022-06-04 21:21:22 → 6285242442963 → xjltq → 来（发 ）广告，联系 bs91m1
2022-06-04 21:21:48 → 60178838240 → xjltq → 需要 群、发，找  bs91m1
2022-06-04 21:22:39 → 6285242443022 → juliang666 → 要（发 ）广告，联系 bs91m1
2022-06-04 21:25:05 → 601112672704 → huione888 → 想要（发 ）广告，找 bs91m1
2022-06-04 21:34:00 → 6285242443022 → daifu76 → 来（发 ）广告，联系 bs91m1
2022-06-04 21:36:43 → 6285242443022 → chaxun2020 → 要（发 ）广告，联系 bs91m1
2022-06-04 21:37:36 → 6282144789066 → bailaohui_cvv → 想要（发 ）广告，找 bs91m1
2022-06-04 21:38:02 → 6281282996563 → zhifuo → 需要 群、发，找  bs91m1
2022-06-04 21:47:00 → 6285242442963 → xinbi_088 → 要（发 ）广告，联系 bs91m1
2022-06-04 21:47:45 → 601112672704 → baocai217 → 想要（发 ）广告，找 bs91m1
2022-06-04 21:55:34 → 6282144789066 → tongdao25 → 想找人（ 发 ）广告，找   bs91m1
2022-06-04 21:56:19 → 60178838240 → xjltq → 专业（发 ）广告，联系我 bs91m1
2022-06-04 21:57:07 → 6285242442963 → wz513064 → 来（发 ）广告，联系 bs91m1
2022-06-04 21:57:34 → 6285242443022 → jfhfhdgd → 需要 群、发软、件，找  bs91m1
2022-06-04 22:04:35 → 919482799261 → yinduliuliang66 → 想找人（ 发 ）广告，找   bs91m1
2022-06-04 22:06:17 → 62895324567242 → USDTm → 需要 群、发，找  bs91m1
2022-06-04 22:06:42 → 6282144789066 → usdtdfds → 需要 群、发软、件，找  bs91m1
2022-06-04 22:07:08 → 601112672704 → USDThuzhu3 → 需要 群、发软、件，找  bs91m1
2022-06-04 22:08:26 → 919482799261 → haiqazwsx → 需要 群、发，找  bs91m1
2022-06-04 22:10:19 → 6281282996563 → TG_King90 → 需要 群、发，找  bs91m1
2022-06-04 22:11:12 → 6281282996563 → laowangdan → 要（发 ）广告，联系 bs91m1
2022-06-04 22:14:45 → 6285242442963 → XxUP1121 → 准备（发 ）广告，找  bs91m1
2022-06-04 22:16:31 → 6285242443022 → daifu76 → 来（发 ）广告，联系 bs91m1
2022-06-04 22:23:26 → 6285242443022 → chaxun2020 → 需要 群、发，找  bs91m1
2022-06-04 22:26:50 → 62895324567242 → bailaohui_cvv → 想找人（ 发 ）广告，找   bs91m1
2022-06-04 22:27:37 → 6285242442963 → daishou15 → 专业（发 ）广告，联系我 bs91m1
2022-06-04 22:28:03 → 601112672704 → huione888 → 需要 群、发，找  bs91m1
2022-06-04 22:29:13 → 6285242443022 → XxUP1121 → 准备（发 ）广告，找  bs91m1
2022-06-04 22:33:37 → 6285242443022 → smsjiema666 → 需要 群、发软、件，找  bs91m1
2022-06-04 22:36:39 → 62895324567242 → Usdtbmw → 专业（发 ）广告，联系我 bs91m1
2022-06-04 22:39:52 → 6281282996563 → TG_King90 → 专业（发 ）广告，联系我 bs91m1
2022-06-04 22:40:19 → 6285242442963 → juliang666 → 需要 软、件，找  bs91m1
2022-06-04 22:40:52 → 6281282996563 → laowangdan → 专业（发 ）广告，联系我 bs91m1
2022-06-04 22:41:41 → 6282144789066 → usdtdfds → 想找人（ 发 ）广告，找   bs91m1
2022-06-04 22:46:42 → 6282144789066 → bailaohui_cvv → 需要 群、发，找  bs91m1
2022-06-04 22:48:16 → 6285242442963 → xjltq → 需要 群、发，找  bs91m1
2022-06-04 22:51:49 → 6285242443022 → chaxun2020 → 来（发 ）广告，联系 bs91m1
2022-06-04 22:53:02 → 6282144789066 → tongdao25 → 来（发 ）广告，联系 bs91m1
2022-06-04 23:00:11 → 601112672704 → baocai217 → 专业（发 ）广告，联系我 bs91m1
2022-06-04 23:01:18 → 6281282996563 → TG_King90 → 来（发 ）广告，联系 bs91m1
2022-06-04 23:04:22 → 6281282996563 → zhifuo → 来（发 ）广告，联系 bs91m1
2022-06-04 23:05:58 → 6285242442963 → xjltq → 准备（发 ）广告，找  bs91m1
2022-06-04 23:08:19 → 6285242443022 → jfhfhdgd → 来（发 ）广告，联系 bs91m1
2022-06-04 23:15:41 → 62895324567242 → znpos8 → 准备（发 ）广告，找  bs91m1
2022-06-04 23:17:19 → 6285242443022 → daifu76 → 需要 软、件，找  bs91m1
2022-06-04 23:18:56 → 6281282996563 → laowangdan → 想找人（ 发 ）广告，找   bs91m1
2022-06-04 23:23:16 → 6282144789066 → bailaohui_cvv → 需要 群、发软、件，找  bs91m1
2022-06-04 23:26:39 → 601112672704 → USDThuzhu3 → 想要（发 ）广告，找 bs91m1
2022-06-04 23:28:46 → 601112672704 → huione888 → 想找人（ 发 ）广告，找   bs91m1
2022-06-04 23:29:13 → 6281282996563 → laowangdan → 需要 群、发，找  bs91m1
2022-06-04 23:31:04 → 6282144789066 → tongdao25 → 来（发 ）广告，联系 bs91m1
2022-06-04 23:32:54 → 6285242442963 → daishou15 → 想找人（ 发 ）广告，找   bs91m1
2022-06-04 23:34:09 → 6282144789066 → usdtdfds → 要（发 ）广告，联系 bs91m1
2022-06-04 23:36:51 → 6285242443022 → juliang666 → 来（发 ）广告，联系 bs91m1
2022-06-04 23:43:38 → 60178838240 → xjltq → 准备（发 ）广告，找  bs91m1
2022-06-04 23:44:05 → 601112672704 → huione888 → 需要 群、发软、件，找  bs91m1
2022-06-04 23:45:57 → 6281282996563 → TG_King90 → 想要（发 ）广告，找 bs91m1
2022-06-04 23:46:54 → 6285242442963 → tianziusdt → 需要 群、发，找  bs91m1
2022-06-04 23:47:52 → 6285242443022 → smsjiema666 → 需要 群、发，找  bs91m1
2022-06-04 23:48:40 → 6282144789066 → bailaohui_cvv → 需要 群、发软、件，找  bs91m1
2022-06-04 23:49:07 → 6285242442963 → wz513064 → 需要 软、件，找  bs91m1
2022-06-04 23:51:30 → 62895324567242 → bailaohui_cvv → 来（发 ）广告，联系 bs91m1
2022-06-04 23:55:49 → 6285242442963 → xinbi_088 → 准备（发 ）广告，找  bs91m1
2022-06-04 23:56:35 → 6282144789066 → usdtdfds → 准备（发 ）广告，找  bs91m1