
2022-05-24 05:27:30 → 79773856754 → bocaipay3505 → 精准🔥代🌹发🔥轰🌍炸 bs91m1
2022-05-24 05:27:40 → 79919429746 → Owowokwe → 精准🔥代🌹发🔥轰🌍炸 bs91m1
2022-05-24 05:27:52 → 79919431787 → TG_King90 → 精准🔥代🌹发🔥轰🌍炸 bs91m1
2022-05-24 05:28:33 → 79917731981 → xjltq → 精准🔥代🌹发🔥轰🌍炸 bs91m1
2022-05-24 05:28:55 → 918092132118 → xinbi_088 → 精准🔥代🌹发🔥轰🌍炸 bs91m1
2022-05-24 05:29:07 → 79045541142 → mghxfls → 精准🔥代🌹发🔥轰🌍炸 bs91m1
2022-05-24 05:31:06 → 79045541142 → Shore999888 → 精准🔥代🌹发🔥轰🌍炸 bs91m1
2022-05-24 05:31:16 → 79773856754 → allswapCN → 精准🔥代🌹发🔥轰🌍炸 bs91m1
2022-05-24 05:31:30 → 918092132118 → NodeGlobal → 精准🔥代🌹发🔥轰🌍炸 bs91m1
2022-05-24 05:32:04 → 79919431787 → fw866 → 精准🔥代🌹发🔥轰🌍炸 bs91m1
2022-05-24 05:32:52 → 79917730705 → yinhangkausdt → 精准🔥代🌹发🔥轰🌍炸 bs91m1
2022-05-24 05:33:09 → 79773856754 → Usdtbmw → 精准🔥代🌹发🔥轰🌍炸 bs91m1
2022-05-24 05:33:29 → 79917731981 → huichan0000 → 精准🔥代🌹发🔥轰🌍炸 bs91m1
2022-05-24 05:33:49 → 918092132118 → sichouzhilu0 → 精准🔥代🌹发🔥轰🌍炸 bs91m1
2022-05-24 05:33:59 → 79045541142 → USDT43 → 精准🔥代🌹发🔥轰🌍炸 bs91m1
2022-05-24 05:34:37 → 79917730705 → dubai1199 → 精准🔥代🌹发🔥轰🌍炸 bs91m1
2022-05-24 05:35:24 → 918092132118 → tiktokyinfen → 精准🔥代🌹发🔥轰🌍炸 bs91m1
2022-05-24 05:35:57 → 79917731981 → LUNARPROTOCOLA → 精准🔥代🌹发🔥轰🌍炸 bs91m1
2022-05-24 05:36:46 → 918092132118 → mangguohaxivip1 → 精准🔥代🌹发🔥轰🌍炸 bs91m1
2022-05-24 05:37:00 → 917061771362 → tsdb01 → 精准🔥代🌹发🔥轰🌍炸 bs91m1
2022-05-24 05:37:11 → 79919429746 → FBNVT2001 → 精准🔥代🌹发🔥轰🌍炸 bs91m1
2022-05-24 05:37:20 → 79917731981 → yongliguojidanbao → 精准🔥代🌹发🔥轰🌍炸 bs91m1
2022-05-24 05:37:31 → 79773856754 → TG12389 → 精准🔥代🌹发🔥轰🌍炸 bs91m1
2022-05-24 05:37:41 → 79917730705 → AsunaHentai → 精准🔥代🌹发🔥轰🌍炸 bs91m1
2022-05-24 05:38:36 → 79917730705 → x00008 → 精准🔥代🌹发🔥轰🌍炸 bs91m1
2022-05-24 05:39:09 → 79773856754 → nanyangdb → 精准🔥代🌹发🔥轰🌍炸 bs91m1
2022-05-24 05:39:22 → 79919431787 → sishengq1 → 精准🔥代🌹发🔥轰🌍炸 bs91m1
2022-05-24 05:39:36 → 918092132118 → zhhsbdbde → 精准🔥代🌹发🔥轰🌍炸 bs91m1
2022-05-24 05:40:29 → 917061771362 → loveuchina → 精准🔥代🌹发🔥轰🌍炸 bs91m1
2022-05-24 05:40:48 → 79917730705 → CaloriesA → 精准🔥代🌹发🔥轰🌍炸 bs91m1
2022-05-24 05:40:59 → 79919431787 → mangguohaxivip1 → 精准🔥代🌹发🔥轰🌍炸 bs91m1
2022-05-24 05:41:11 → 79917731981 → Teachersclubm → 精准🔥代🌹发🔥轰🌍炸 bs91m1
2022-05-24 05:41:23 → 918092132118 → tsdb01 → 精准🔥代🌹发🔥轰🌍炸 bs91m1
2022-05-24 05:41:52 → 918092132118 → fbwsline2021 → 精准🔥代🌹发🔥轰🌍炸 bs91m1
2022-05-24 05:42:43 → 79917730705 → TG006 → 精准🔥代🌹发🔥轰🌍炸 bs91m1
2022-05-24 05:57:22 → 79917731981 → Lovehash343 → 精准🔥代🌹发🔥轰🌍炸 bs91m1
2022-05-24 05:57:32 → 79045541142 → TGlianmeng002 → 精准🔥代🌹发🔥轰🌍炸 bs91m1
2022-05-24 05:57:42 → 79919429746 → DBhuaren1 → 精准🔥代🌹发🔥轰🌍炸 bs91m1
2022-05-24 05:57:59 → 79917730705 → DXB68 → 精准🔥代🌹发🔥轰🌍炸 bs91m1
2022-05-24 05:58:10 → 79919431787 → yindutg → 精准🔥代🌹发🔥轰🌍炸 bs91m1
2022-05-24 05:58:19 → 79773856754 → Lovehash97 → 精准🔥代🌹发🔥轰🌍炸 bs91m1
2022-05-24 05:59:04 → 79773856754 → dibai9988 → 精准🔥代🌹发🔥轰🌍炸 bs91m1
2022-05-24 05:59:20 → 79919431787 → JWYL8888 → 精准🔥代🌹发🔥轰🌍炸 bs91m1
2022-05-24 05:59:32 → 918092132118 → xbdb01 → 精准🔥代🌹发🔥轰🌍炸 bs91m1
2022-05-24 05:59:50 → 917061771362 → CPQPWZ898989 → 精准🔥代🌹发🔥轰🌍炸 bs91m1
2022-05-24 06:00:03 → 79919431787 → TheDogeKingc → 精准🔥代🌹发🔥轰🌍炸 bs91m1
2022-05-24 06:00:14 → 79773856754 → dcdbxyzs → 精准🔥代🌹发🔥轰🌍炸 bs91m1
2022-05-24 06:00:18 → 79045541142 → bailaohui_cvv → 精准🔥代🌹发🔥轰🌍炸 bs91m1
2022-05-24 06:00:29 → 918092132118 → juliang666 → 精准🔥代🌹发🔥轰🌍炸 bs91m1
2022-05-24 06:00:38 → 918092132118 → bclm1 → 精准🔥代🌹发🔥轰🌍炸 bs91m1
2022-05-24 06:01:01 → 79917731981 → USDT43 → 精准🔥代🌹发🔥轰🌍炸 bs91m1
2022-05-24 06:01:20 → 918092132118 → BSC_ID_vip12 → 精准🔥代🌹发🔥轰🌍炸 bs91m1
2022-05-24 06:01:44 → 79919429746 → nanyangdb → 精准🔥代🌹发🔥轰🌍炸 bs91m1
2022-05-24 06:03:11 → 79919431787 → laowangdan → 精准🔥代🌹发🔥轰🌍炸 bs91m1
2022-05-24 06:03:35 → 79917730705 → LUNARPROTOCOLA → 精准🔥代🌹发🔥轰🌍炸 bs91m1
2022-05-24 06:03:48 → 918092132118 → HWDBQ → 精准🔥代🌹发🔥轰🌍炸 bs91m1
2022-05-24 06:03:59 → 79917731981 → MDhuaren1 → 精准🔥代🌹发🔥轰🌍炸 bs91m1
2022-05-24 06:04:09 → 79773856754 → ytc66 → 精准🔥代🌹发🔥轰🌍炸 bs91m1
2022-05-24 06:04:21 → 79045541142 → mangguoVIP → 精准🔥代🌹发🔥轰🌍炸 bs91m1
2022-05-24 06:04:34 → 79919429746 → TG_Market_Group → 精准🔥代🌹发🔥轰🌍炸 bs91m1
2022-05-24 06:04:57 → 918092132118 → Flea66 → 精准🔥代🌹发🔥轰🌍炸 bs91m1
2022-05-24 06:05:23 → 79045541142 → haxitouzhu → 精准🔥代🌹发🔥轰🌍炸 bs91m1
2022-05-24 06:05:35 → 79917730705 → BNBMastersd → 精准🔥代🌹发🔥轰🌍炸 bs91m1
2022-05-24 06:06:57 → 918092132118 → bc1314ssss → 精准🔥代🌹发🔥轰🌍炸 bs91m1
2022-05-24 06:07:26 → 918092132118 → qianloon → 精准🔥代🌹发🔥轰🌍炸 bs91m1
2022-05-24 06:07:45 → 917061771362 → gonghailianmeng → 精准🔥代🌹发🔥轰🌍炸 bs91m1
2022-05-24 06:08:10 → 79919429746 → AsunaHentai → 精准🔥代🌹发🔥轰🌍炸 bs91m1
2022-05-24 06:08:40 → 918092132118 → USDThuzhu3 → 精准🔥代🌹发🔥轰🌍炸 bs91m1
2022-05-24 06:11:33 → 918092132118 → qunfalaren2 → 精准🔥代🌹发🔥轰🌍炸 bs91m1
2022-05-24 06:12:08 → 918092132118 → usdthuihuan → 精准🔥代🌹发🔥轰🌍炸 bs91m1
2022-05-24 06:13:25 → 79919429746 → xn6699 → 精准🔥代🌹发🔥轰🌍炸 bs91m1
2022-05-24 06:13:58 → 918092132118 → axujj → 精准🔥代🌹发🔥轰🌍炸 bs91m1
2022-05-24 06:14:59 → 918092132118 → bcweb → 精准🔥代🌹发🔥轰🌍炸 bs91m1
2022-05-24 06:15:26 → 918092132118 → xjltq → 精准🔥代🌹发🔥轰🌍炸 bs91m1
2022-05-24 06:17:06 → 79919429746 → binancesmartCN → 精准🔥代🌹发🔥轰🌍炸 bs91m1
2022-05-24 06:17:56 → 918092132118 → xingxingpiaohao1 → 精准🔥代🌹发🔥轰🌍炸 bs91m1
2022-05-24 06:18:46 → 917061771362 → TG006 → 精准🔥代🌹发🔥轰🌍炸 bs91m1
2022-05-24 06:20:25 → 918092132118 → Flea66 → 精准🔥代🌹发🔥轰🌍炸 bs91m1
2022-05-24 06:20:56 → 918092132118 → xbdb01 → 精准🔥代🌹发🔥轰🌍炸 bs91m1
2022-05-24 06:22:35 → 917061771362 → dongnanyaliaotian → 精准🔥代🌹发🔥轰🌍炸 bs91m1
2022-05-24 06:23:46 → 918092132118 → zhhsbdbde → 精准🔥代🌹发🔥轰🌍炸 bs91m1