
2022-06-03 11:21:02 → 601112672704 → USDThuzhu3 → 需要 群、发，找  bs91m1
2022-06-03 11:23:18 → 6281282996563 → TG_King90 → 想要（发 ）广告，找 bs91m1
2022-06-03 11:27:21 → 6285242443022 → chaxun2020 → 来（发 ）广告，联系 bs91m1
2022-06-03 11:28:07 → 8801743979741 → wsfbtt → 来（发 ）广告，联系 bs91m1
2022-06-03 11:30:40 → 6281282996563 → laowangdan → 想找人（ 发 ）广告，找   bs91m1
2022-06-03 11:31:06 → 6282144789066 → usdtdfds → 需要 群、发，找  bs91m1
2022-06-03 11:31:53 → 601124036748 → botong002 → 要（发 ）广告，联系 bs91m1
2022-06-03 11:32:20 → 6285242442963 → daishou15 → 需要 软、件，找  bs91m1
2022-06-03 11:34:00 → 6285242442963 → xinbi_088 → 需要 群、发，找  bs91m1
2022-06-03 11:34:38 → 8801743979741 → Tothemoonws → 需要 软、件，找  bs91m1
2022-06-03 11:36:56 → 601124036748 → tsdb01 → 需要 群、发软、件，找  bs91m1
2022-06-03 11:37:44 → 919482799261 → fb6789 → 准备（发 ）广告，找  bs91m1
2022-06-03 11:38:52 → 8801743979741 → tgh56734 → 需要 软、件，找  bs91m1
2022-06-03 11:39:39 → 60142963511 → axujj → 想找人（ 发 ）广告，找   bs91m1
2022-06-03 11:40:31 → 919482799261 → lineline88 → 准备（发 ）广告，找  bs91m1
2022-06-03 11:41:21 → 601112672704 → sunshineyyds → 要（发 ）广告，联系 bs91m1
2022-06-03 11:42:58 → 6281282996563 → Zfb_qq → 专业（发 ）广告，联系我 bs91m1
2022-06-03 11:44:08 → 6282144789066 → bailaohui_cvv → 需要 软、件，找  bs91m1
2022-06-03 11:45:25 → 60142963511 → TG0188 → 专业（发 ）广告，联系我 bs91m1
2022-06-03 11:45:50 → 601112672704 → pshqo → 准备（发 ）广告，找  bs91m1
2022-06-03 11:46:51 → 8801743979741 → wsxieyi → 专业（发 ）广告，联系我 bs91m1
2022-06-03 11:48:17 → 60174313054 → TRJ_shore001 → 专业（发 ）广告，联系我 bs91m1
2022-06-03 11:50:36 → 60142963511 → daishou15 → 需要 群、发，找  bs91m1
2022-06-03 11:51:32 → 6285242443022 → smsjiema666 → 需要 群、发，找  bs91m1
2022-06-03 11:52:03 → 8801743979741 → wslinezalo → 需要 群、发，找  bs91m1
2022-06-03 11:52:48 → 62895324567242 → USDTm → 想要（发 ）广告，找 bs91m1
2022-06-03 11:55:02 → 6281282996563 → cccccccxyyy → 要（发 ）广告，联系 bs91m1
2022-06-03 11:55:28 → 6285242442963 → juliang666 → 要（发 ）广告，联系 bs91m1
2022-06-03 11:57:59 → 6282144789066 → tongdao25 → 想找人（ 发 ）广告，找   bs91m1
2022-06-03 11:58:25 → 6285242443022 → jfhfhdgd → 来（发 ）广告，联系 bs91m1
2022-06-03 11:59:02 → 8801743979741 → huanxunzhifu → 想要（发 ）广告，找 bs91m1
2022-06-03 12:02:26 → 60174313054 → WGFLQ00081 → 需要 群、发，找  bs91m1
2022-06-03 12:03:12 → 6281282996563 → sunshineyyds → 来（发 ）广告，联系 bs91m1
2022-06-03 12:03:58 → 919482799261 → haoma69 → 需要 群、发软、件，找  bs91m1
2022-06-03 12:05:09 → 6285242442963 → tianziusdt → 要（发 ）广告，联系 bs91m1
2022-06-03 12:06:43 → 60142963511 → si1688 → 需要 软、件，找  bs91m1
2022-06-03 12:08:23 → 919482799261 → yhsz023 → 需要 软、件，找  bs91m1
2022-06-03 12:09:36 → 6285242443022 → XxUP1121 → 想找人（ 发 ）广告，找   bs91m1
2022-06-03 12:11:04 → 601124036748 → TG110 → 来（发 ）广告，联系 bs91m1
2022-06-03 12:12:22 → 8801743979741 → zlguanlian57 → 需要 软、件，找  bs91m1
2022-06-03 12:13:57 → 6281282996563 → zhifuo → 要（发 ）广告，联系 bs91m1
2022-06-03 12:14:47 → 6282144789066 → TG_King80 → 想找人（ 发 ）广告，找   bs91m1
2022-06-03 12:16:16 → 6285242443022 → daifu76 → 要（发 ）广告，联系 bs91m1
2022-06-03 12:17:30 → 60174313054 → kkkttt369 → 想要（发 ）广告，找 bs91m1
2022-06-03 12:19:52 → 6281282996563 → monstainfinitechinese → 想找人（ 发 ）广告，找   bs91m1
2022-06-03 12:20:36 → 601112672704 → WKLhuaren → 准备（发 ）广告，找  bs91m1
2022-06-03 12:21:24 → 60174313054 → TG006 → 需要 群、发软、件，找  bs91m1
2022-06-03 12:22:37 → 6285242443022 → juliang666 → 来（发 ）广告，联系 bs91m1
2022-06-03 12:24:16 → 6282144789066 → bailaohui_cvv → 需要 群、发软、件，找  bs91m1
2022-06-03 12:25:28 → 60142963511 → dbjlq1 → 想找人（ 发 ）广告，找   bs91m1
2022-06-03 12:25:54 → 62895324567242 → bailaohui_cvv → 要（发 ）广告，联系 bs91m1
2022-06-03 12:29:15 → 919482799261 → jiema670 → 来（发 ）广告，联系 bs91m1
2022-06-03 12:29:40 → 6285242443022 → yugzf → 准备（发 ）广告，找  bs91m1
2022-06-03 12:30:49 → 8801743979741 → hgjlaa → 准备（发 ）广告，找  bs91m1
2022-06-03 12:31:15 → 6285242443022 → WKLhuaren → 需要 群、发软、件，找  bs91m1
2022-06-03 12:31:40 → 62895324567242 → Usdtbmw → 准备（发 ）广告，找  bs91m1
2022-06-03 12:32:06 → 60142963511 → jiu_777 → 准备（发 ）广告，找  bs91m1
2022-06-03 12:33:12 → 60178838240 → xjltq → 需要 群、发，找  bs91m1
2022-06-03 12:33:39 → 6285242442963 → wz513064 → 想找人（ 发 ）广告，找   bs91m1
2022-06-03 12:34:45 → 919482799261 → facebookha → 来（发 ）广告，联系 bs91m1
2022-06-03 12:37:57 → 8801743979741 → yhsz057 → 专业（发 ）广告，联系我 bs91m1
2022-06-03 12:39:43 → 6285242442963 → xjltq → 想要（发 ）广告，找 bs91m1
2022-06-03 12:41:25 → 60142963511 → dbjlq1 → 想要（发 ）广告，找 bs91m1
2022-06-03 12:42:31 → 6282144789066 → usdtdfds → 来（发 ）广告，联系 bs91m1
2022-06-03 12:43:17 → 60174313054 → WGFLQ00081 → 需要 软、件，找  bs91m1
2022-06-03 12:45:01 → 8801743979741 → zyzftd → 准备（发 ）广告，找  bs91m1
2022-06-03 12:46:14 → 601124036748 → TG110 → 要（发 ）广告，联系 bs91m1
2022-06-03 12:46:47 → 60142963511 → TG0188 → 需要 群、发软、件，找  bs91m1
2022-06-03 12:47:12 → 601112672704 → baocai217 → 要（发 ）广告，联系 bs91m1
2022-06-03 12:47:37 → 6285242443022 → daifu76 → 需要 软、件，找  bs91m1
2022-06-03 12:48:03 → 6281282996563 → Zfb_qq → 想要（发 ）广告，找 bs91m1
2022-06-03 12:51:21 → 8801743979741 → HSguojiSMS → 要（发 ）广告，联系 bs91m1
2022-06-03 12:52:55 → 60178838240 → TG12389 → 需要 群、发软、件，找  bs91m1
2022-06-03 12:54:15 → 62895324567242 → Usdtbmw → 想要（发 ）广告，找 bs91m1
2022-06-03 12:55:18 → 8801743979741 → shenma360bbaidu → 准备（发 ）广告，找  bs91m1
2022-06-03 12:56:03 → 6281282996563 → laowangdan → 想要（发 ）广告，找 bs91m1
2022-06-03 12:57:14 → 6282144789066 → bailaohui_cvv → 需要 群、发软、件，找  bs91m1
2022-06-03 12:57:39 → 601112672704 → USDThuzhu3 → 准备（发 ）广告，找  bs91m1
2022-06-03 12:58:04 → 6285242443022 → jfhfhdgd → 想要（发 ）广告，找 bs91m1
2022-06-03 12:59:29 → 6285242443022 → WKLhuaren → 准备（发 ）广告，找  bs91m1
2022-06-03 13:01:26 → 919482799261 → Facebook2666 → 准备（发 ）广告，找  bs91m1
2022-06-03 13:02:11 → 60174313054 → kkkttt369 → 想找人（ 发 ）广告，找   bs91m1
2022-06-03 13:03:14 → 8801743979741 → cxhfd232 → 想找人（ 发 ）广告，找   bs91m1
2022-06-03 13:05:17 → 60142963511 → daishou15 → 要（发 ）广告，联系 bs91m1
2022-06-03 13:05:42 → 6285242442963 → KMFW56789 → 要（发 ）广告，联系 bs91m1
2022-06-03 13:06:45 → 919482799261 → Maike003 → 来（发 ）广告，联系 bs91m1
2022-06-03 13:07:10 → 601112672704 → sunshineyyds → 要（发 ）广告，联系 bs91m1
2022-06-03 13:07:57 → 62895324567242 → USDTm → 需要 软、件，找  bs91m1
2022-06-03 13:08:37 → 8801743979741 → feilvbinguge → 专业（发 ）广告，联系我 bs91m1
2022-06-03 13:09:49 → 601124036748 → tsdb01 → 需要 群、发，找  bs91m1
2022-06-03 13:10:34 → 8801743979741 → facebookyouyuandingzhi → 想找人（ 发 ）广告，找   bs91m1
2022-06-03 13:12:13 → 6282144789066 → usdtdfds → 想找人（ 发 ）广告，找   bs91m1
2022-06-03 13:13:00 → 601112672704 → huione888 → 想找人（ 发 ）广告，找   bs91m1
2022-06-03 13:14:29 → 919482799261 → haiwailiuliang111 → 想要（发 ）广告，找 bs91m1
2022-06-03 13:16:51 → 6281282996563 → sunshineyyds → 需要 群、发，找  bs91m1
2022-06-03 13:19:25 → 6282144789066 → tongdao25 → 需要 群、发软、件，找  bs91m1
2022-06-03 13:20:04 → 8801743979741 → feichuang002 → 想要（发 ）广告，找 bs91m1
2022-06-03 13:22:35 → 8801743979741 → dx119778 → 准备（发 ）广告，找  bs91m1
2022-06-03 13:23:02 → 6285242442963 → daishou15 → 想找人（ 发 ）广告，找   bs91m1
2022-06-03 13:26:00 → 60142963511 → axujj → 想要（发 ）广告，找 bs91m1
2022-06-03 13:26:50 → 6285242443022 → yugzf → 专业（发 ）广告，联系我 bs91m1
2022-06-03 13:30:23 → 8801743979741 → yinduchuhai → 想要（发 ）广告，找 bs91m1
2022-06-03 13:31:31 → 6285242442963 → xjltq → 需要 软、件，找  bs91m1
2022-06-03 13:31:57 → 6285242443022 → chaxun2020 → 准备（发 ）广告，找  bs91m1
2022-06-03 13:33:25 → 8801743979741 → whatsappyewu5 → 准备（发 ）广告，找  bs91m1
2022-06-03 13:33:51 → 6285242442963 → wz513064 → 需要 群、发，找  bs91m1
2022-06-03 13:35:22 → 6281282996563 → sunshineyyds → 想要（发 ）广告，找 bs91m1
2022-06-03 13:37:01 → 6285242443022 → juliang666 → 想要（发 ）广告，找 bs91m1
2022-06-03 13:37:26 → 601124036748 → tsdb01 → 专业（发 ）广告，联系我 bs91m1
2022-06-03 13:38:40 → 6285242442963 → xinbi_088 → 来（发 ）广告，联系 bs91m1
2022-06-03 13:40:37 → 6285242443022 → smsjiema666 → 想找人（ 发 ）广告，找   bs91m1
2022-06-03 13:45:04 → 60142963511 → jiu_777 → 专业（发 ）广告，联系我 bs91m1
2022-06-03 13:46:24 → 8801743979741 → WWOOPQI → 想要（发 ）广告，找 bs91m1
2022-06-03 13:46:50 → 62895324567242 → bailaohui_cvv → 想要（发 ）广告，找 bs91m1
2022-06-03 13:48:13 → 60174313054 → kkkttt369 → 准备（发 ）广告，找  bs91m1
2022-06-03 13:52:46 → 919482799261 → a_h5_tg → 来（发 ）广告，联系 bs91m1
2022-06-03 13:54:43 → 601112672704 → sunshineyyds → 想要（发 ）广告，找 bs91m1
2022-06-03 13:55:17 → 6285242443022 → daifu76 → 来（发 ）广告，联系 bs91m1
2022-06-03 13:55:54 → 8801743979741 → momo19853696896 → 想要（发 ）广告，找 bs91m1
2022-06-03 13:56:19 → 6281282996563 → zhifuo → 准备（发 ）广告，找  bs91m1
2022-06-03 13:56:45 → 6285242442963 → juliang666 → 需要 群、发，找  bs91m1
2022-06-03 13:58:43 → 60142963511 → si1688 → 想要（发 ）广告，找 bs91m1
2022-06-03 14:01:18 → 60174313054 → WGFLQ00081 → 专业（发 ）广告，联系我 bs91m1
2022-06-03 14:03:36 → 8801743979741 → dasdasf2 → 想找人（ 发 ）广告，找   bs91m1
2022-06-03 14:04:22 → 601124036748 → TG110 → 专业（发 ）广告，联系我 bs91m1
2022-06-03 14:05:18 → 919482799261 → tyhc072 → 来（发 ）广告，联系 bs91m1
2022-06-03 14:07:57 → 6282144789066 → TG_King80 → 要（发 ）广告，联系 bs91m1
2022-06-03 14:08:43 → 919482799261 → BadoBumblechu → 想要（发 ）广告，找 bs91m1
2022-06-03 14:10:12 → 8801743979741 → tyhc082 → 准备（发 ）广告，找  bs91m1
2022-06-03 14:10:38 → 6281282996563 → laowangdan → 需要 群、发，找  bs91m1
2022-06-03 14:11:56 → 6285242443022 → chaxun2020 → 来（发 ）广告，联系 bs91m1
2022-06-03 14:12:50 → 6282144789066 → tongdao25 → 想找人（ 发 ）广告，找   bs91m1
2022-06-03 14:14:11 → 6281282996563 → Zfb_qq → 想找人（ 发 ）广告，找   bs91m1
2022-06-03 14:14:37 → 6285242443022 → yugzf → 需要 群、发，找  bs91m1
2022-06-03 14:17:43 → 601112672704 → USDThuzhu3 → 需要 群、发软、件，找  bs91m1
2022-06-03 14:20:32 → 8801743979741 → whatsappyewu6 → 想要（发 ）广告，找 bs91m1
2022-06-03 14:20:59 → 6282144789066 → bailaohui_cvv → 需要 群、发软、件，找  bs91m1
2022-06-03 14:21:50 → 60178838240 → xjltq → 需要 群、发，找  bs91m1
2022-06-03 14:23:25 → 6285242443022 → WKLhuaren → 要（发 ）广告，联系 bs91m1
2022-06-03 14:24:44 → 8801743979741 → fachai8 → 来（发 ）广告，联系 bs91m1
2022-06-03 14:25:09 → 6282144789066 → usdtdfds → 准备（发 ）广告，找  bs91m1
2022-06-03 14:26:57 → 60142963511 → dbjlq1 → 要（发 ）广告，联系 bs91m1
2022-06-03 14:33:19 → 6281282996563 → sunshineyyds → 需要 群、发软、件，找  bs91m1
2022-06-03 14:33:44 → 60142963511 → si1688 → 来（发 ）广告，联系 bs91m1
2022-06-03 14:34:40 → 6285242443022 → jfhfhdgd → 来（发 ）广告，联系 bs91m1
2022-06-03 14:35:42 → 8801743979741 → chuhai007014 → 准备（发 ）广告，找  bs91m1
2022-06-03 14:37:53 → 6285242442963 → daishou15 → 需要 群、发软、件，找  bs91m1
2022-06-03 14:38:18 → 601112672704 → baocai217 → 准备（发 ）广告，找  bs91m1
2022-06-03 14:39:25 → 62895324567242 → bailaohui_cvv → 专业（发 ）广告，联系我 bs91m1
2022-06-03 14:41:07 → 6285242443022 → juliang666 → 想找人（ 发 ）广告，找   bs91m1
2022-06-03 14:41:53 → 60142963511 → TG0188 → 要（发 ）广告，联系 bs91m1
2022-06-03 14:43:11 → 60178838240 → xjltq → 需要 群、发软、件，找  bs91m1
2022-06-03 14:44:58 → 8801743979741 → shanyjk58 → 要（发 ）广告，联系 bs91m1
2022-06-03 14:45:23 → 601112672704 → huione888 → 需要 软、件，找  bs91m1
2022-06-03 14:45:48 → 6281282996563 → laowangdan → 需要 群、发，找  bs91m1
2022-06-03 14:47:31 → 601124036748 → TG110 → 要（发 ）广告，联系 bs91m1
2022-06-03 14:50:52 → 6285242442963 → wz513064 → 需要 软、件，找  bs91m1
2022-06-03 14:51:31 → 8801743979741 → HQ1DB001 → 需要 群、发软、件，找  bs91m1
2022-06-03 14:53:45 → 8801743979741 → hmch02 → 来（发 ）广告，联系 bs91m1
2022-06-03 14:56:53 → 6282144789066 → usdtdfds → 准备（发 ）广告，找  bs91m1
2022-06-03 14:58:33 → 60142963511 → axujj → 来（发 ）广告，联系 bs91m1
2022-06-03 15:00:11 → 6285242442963 → xjltq → 来（发 ）广告，联系 bs91m1
2022-06-03 15:00:56 → 62895324567242 → Usdtbmw → 需要 软、件，找  bs91m1
2022-06-03 15:01:48 → 8801743979741 → facebook1116 → 想找人（ 发 ）广告，找   bs91m1
2022-06-03 15:02:13 → 6282144789066 → tongdao25 → 要（发 ）广告，联系 bs91m1
2022-06-03 15:03:05 → 60174313054 → kkkttt369 → 专业（发 ）广告，联系我 bs91m1
2022-06-03 15:04:10 → 6281282996563 → zhifuo → 需要 群、发，找  bs91m1
2022-06-03 15:05:12 → 601112672704 → WKLhuaren → 准备（发 ）广告，找  bs91m1
2022-06-03 15:05:59 → 601124036748 → tsdb01 → 要（发 ）广告，联系 bs91m1
2022-06-03 15:07:19 → 8801743979741 → wsqf168888 → 准备（发 ）广告，找  bs91m1
2022-06-03 15:08:11 → 60142963511 → daishou15 → 需要 群、发，找  bs91m1
2022-06-03 15:09:18 → 8801743979741 → mygjsms → 要（发 ）广告，联系 bs91m1
2022-06-03 15:09:43 → 6281282996563 → Zfb_qq → 准备（发 ）广告，找  bs91m1
2022-06-03 15:10:09 → 60142963511 → jiu_777 → 准备（发 ）广告，找  bs91m1
2022-06-03 15:12:49 → 6285242442963 → xinbi_088 → 需要 群、发，找  bs91m1
2022-06-03 15:14:26 → 601112672704 → huione888 → 准备（发 ）广告，找  bs91m1
2022-06-03 15:15:58 → 919482799261 → Vgokeji3333 → 需要 软、件，找  bs91m1
2022-06-03 15:16:23 → 6285242443022 → XxUP1121 → 准备（发 ）广告，找  bs91m1
2022-06-03 15:17:08 → 8801743979741 → ddd5555d → 要（发 ）广告，联系 bs91m1
2022-06-03 15:17:34 → 6285242442963 → XxUP1121 → 专业（发 ）广告，联系我 bs91m1
2022-06-03 15:17:59 → 62895324567242 → USDTm → 来（发 ）广告，联系 bs91m1
2022-06-03 15:19:10 → 60174313054 → WGFLQ00081 → 专业（发 ）广告，联系我 bs91m1
2022-06-03 15:23:04 → 6282144789066 → bailaohui_cvv → 想找人（ 发 ）广告，找   bs91m1
2022-06-03 15:24:51 → 919482799261 → langrensha258 → 专业（发 ）广告，联系我 bs91m1
2022-06-03 15:25:23 → 6281282996563 → laowangdan → 想要（发 ）广告，找 bs91m1
2022-06-03 15:26:25 → 8801743979741 → laqizi521 → 来（发 ）广告，联系 bs91m1
2022-06-03 15:27:47 → 60174313054 → WGFLQ00081 → 想要（发 ）广告，找 bs91m1
2022-06-03 15:30:19 → 6285242443022 → WKLhuaren → 需要 群、发软、件，找  bs91m1
2022-06-03 15:30:44 → 601124036748 → TG110 → 准备（发 ）广告，找  bs91m1
2022-06-03 15:32:49 → 6285242442963 → xinbi_088 → 要（发 ）广告，联系 bs91m1
2022-06-03 15:33:15 → 60142963511 → axujj → 要（发 ）广告，联系 bs91m1
2022-06-03 15:33:42 → 6285242443022 → jfhfhdgd → 需要 软、件，找  bs91m1
2022-06-03 15:38:12 → 8801743979741 → jishuqihaixianghx → 需要 软、件，找  bs91m1
2022-06-03 15:39:20 → 60142963511 → daishou15 → 要（发 ）广告，联系 bs91m1
2022-06-03 15:39:45 → 601124036748 → tsdb01 → 需要 群、发软、件，找  bs91m1
2022-06-03 15:40:31 → 62895324567242 → bailaohui_cvv → 要（发 ）广告，联系 bs91m1
2022-06-03 15:41:16 → 6285242443022 → daifu76 → 想找人（ 发 ）广告，找   bs91m1
2022-06-03 15:44:17 → 6285242442963 → tianziusdt → 专业（发 ）广告，联系我 bs91m1
2022-06-03 15:44:43 → 60174313054 → kkkttt369 → 来（发 ）广告，联系 bs91m1
2022-06-03 15:46:44 → 8801743979741 → NodeGlobal → 需要 群、发软、件，找  bs91m1
2022-06-03 15:48:04 → 6282144789066 → usdtdfds → 准备（发 ）广告，找  bs91m1
2022-06-03 15:48:55 → 60142963511 → dbjlq1 → 准备（发 ）广告，找  bs91m1
2022-06-03 15:50:05 → 6285242443022 → juliang666 → 来（发 ）广告，联系 bs91m1
2022-06-03 15:50:53 → 6285242442963 → daishou15 → 来（发 ）广告，联系 bs91m1
2022-06-03 15:51:48 → 6281282996563 → sunshineyyds → 需要 软、件，找  bs91m1
2022-06-03 15:53:13 → 601112672704 → USDThuzhu3 → 需要 群、发软、件，找  bs91m1
2022-06-03 15:55:45 → 8801743979741 → haixiangapp2020 → 要（发 ）广告，联系 bs91m1
2022-06-03 15:56:32 → 62895324567242 → USDTm → 想找人（ 发 ）广告，找   bs91m1
2022-06-03 15:56:57 → 60142963511 → TG0188 → 想要（发 ）广告，找 bs91m1
2022-06-03 15:58:59 → 919482799261 → wdhyh888888 → 准备（发 ）广告，找  bs91m1
2022-06-03 15:59:25 → 6285242442963 → xjltq → 来（发 ）广告，联系 bs91m1
2022-06-03 16:01:53 → 6285242443022 → yugzf → 要（发 ）广告，联系 bs91m1
2022-06-03 16:03:41 → 8801743979741 → qilin020 → 需要 群、发，找  bs91m1
2022-06-03 16:06:32 → 919482799261 → vcgfdgfd522 → 需要 群、发软、件，找  bs91m1
2022-06-03 16:07:18 → 6285242443022 → smsjiema666 → 要（发 ）广告，联系 bs91m1
2022-06-03 16:07:44 → 60142963511 → si1688 → 需要 群、发软、件，找  bs91m1
2022-06-03 16:08:09 → 6285242442963 → XxUP1121 → 需要 群、发，找  bs91m1
2022-06-03 16:08:54 → 8801743979741 → tinder668 → 需要 群、发软、件，找  bs91m1
2022-06-03 16:09:19 → 601112672704 → sunshineyyds → 来（发 ）广告，联系 bs91m1
2022-06-03 16:11:13 → 6282144789066 → tongdao25 → 专业（发 ）广告，联系我 bs91m1
2022-06-03 16:12:11 → 8801743979741 → youzichuhai168 → 准备（发 ）广告，找  bs91m1
2022-06-03 16:13:39 → 919482799261 → menglongchuhai → 来（发 ）广告，联系 bs91m1
2022-06-03 16:14:26 → 60174313054 → kkkttt369 → 需要 群、发软、件，找  bs91m1
2022-06-03 16:14:51 → 6285242442963 → juliang666 → 需要 软、件，找  bs91m1
2022-06-03 16:15:40 → 6285242443022 → chaxun2020 → 准备（发 ）广告，找  bs91m1
2022-06-03 16:16:05 → 601112672704 → baocai217 → 想找人（ 发 ）广告，找   bs91m1
2022-06-03 16:17:21 → 6282144789066 → bailaohui_cvv → 要（发 ）广告，联系 bs91m1
2022-06-03 16:19:50 → 8801743979741 → guge1235 → 要（发 ）广告，联系 bs91m1
2022-06-03 16:20:15 → 60178838240 → xjltq → 需要 软、件，找  bs91m1
2022-06-03 16:22:14 → 919482799261 → chuhai007028 → 专业（发 ）广告，联系我 bs91m1
2022-06-03 16:23:49 → 6285242442963 → wz513064 → 准备（发 ）广告，找  bs91m1
2022-06-03 16:24:27 → 8801743979741 → dx119118 → 需要 软、件，找  bs91m1
2022-06-03 16:27:37 → 6285242443022 → chaxun2020 → 准备（发 ）广告，找  bs91m1
2022-06-03 16:28:11 → 601112672704 → USDThuzhu3 → 准备（发 ）广告，找  bs91m1
2022-06-03 16:30:46 → 62895324567242 → Usdtbmw → 来（发 ）广告，联系 bs91m1
2022-06-03 16:31:33 → 6281282996563 → laowangdan → 准备（发 ）广告，找  bs91m1
2022-06-03 16:32:48 → 919482799261 → dx119168 → 需要 群、发软、件，找  bs91m1
2022-06-03 16:33:33 → 8801743979741 → rdnb35688 → 想要（发 ）广告，找 bs91m1
2022-06-03 16:34:06 → 601112672704 → baocai217 → 要（发 ）广告，联系 bs91m1
2022-06-03 16:34:50 → 6285242443022 → yugzf → 准备（发 ）广告，找  bs91m1
2022-06-03 16:37:31 → 60142963511 → jiu_777 → 准备（发 ）广告，找  bs91m1
2022-06-03 16:38:11 → 8801743979741 → kh958 → 需要 群、发软、件，找  bs91m1
2022-06-03 16:40:19 → 8801743979741 → kaifahaiwai4 → 准备（发 ）广告，找  bs91m1
2022-06-03 16:40:44 → 601112672704 → huione888 → 要（发 ）广告，联系 bs91m1
2022-06-03 16:43:46 → 601124036748 → TG110 → 想找人（ 发 ）广告，找   bs91m1
2022-06-03 16:46:46 → 8801743979741 → heimayunkongguanfang → 需要 群、发软、件，找  bs91m1
2022-06-03 16:47:12 → 601124036748 → tsdb01 → 来（发 ）广告，联系 bs91m1
2022-06-03 16:48:43 → 6281282996563 → sunshineyyds → 需要 群、发软、件，找  bs91m1
2022-06-03 16:49:48 → 60142963511 → BAOAA → 专业（发 ）广告，联系我 bs91m1
2022-06-03 16:54:51 → 6281282996563 → zhifuo → 要（发 ）广告，联系 bs91m1
2022-06-03 16:56:24 → 6285242443022 → jfhfhdgd → 来（发 ）广告，联系 bs91m1
2022-06-03 16:59:28 → 60142963511 → si1688 → 需要 群、发软、件，找  bs91m1
2022-06-03 16:59:54 → 62895324567242 → USDTm → 准备（发 ）广告，找  bs91m1
2022-06-03 17:04:03 → 6282144789066 → bailaohui_cvv → 专业（发 ）广告，联系我 bs91m1
2022-06-03 17:05:36 → 60142963511 → daishou15 → 来（发 ）广告，联系 bs91m1
2022-06-03 17:07:13 → 62895324567242 → bailaohui_cvv → 准备（发 ）广告，找  bs91m1
2022-06-03 17:07:38 → 6281282996563 → Zfb_qq → 需要 群、发，找  bs91m1
2022-06-03 17:08:10 → 6282144789066 → tongdao25 → 想要（发 ）广告，找 bs91m1
2022-06-03 17:08:36 → 6285242443022 → XxUP1121 → 需要 软、件，找  bs91m1
2022-06-03 17:10:27 → 60142963511 → jiu_777 → 想找人（ 发 ）广告，找   bs91m1
2022-06-03 17:13:18 → 919482799261 → shanrfgb14 → 来（发 ）广告，联系 bs91m1
2022-06-03 17:13:51 → 6285242442963 → daishou15 → 要（发 ）广告，联系 bs91m1
2022-06-03 17:14:58 → 60142963511 → dbjlq1 → 准备（发 ）广告，找  bs91m1
2022-06-03 17:21:02 → 6281282996563 → TG_King90 → 想要（发 ）广告，找 bs91m1
2022-06-03 17:22:31 → 60174313054 → kkkttt369 → 需要 群、发，找  bs91m1
2022-06-03 17:23:57 → 6285242443022 → WKLhuaren → 准备（发 ）广告，找  bs91m1
2022-06-03 17:26:26 → 6282144789066 → usdtdfds → 要（发 ）广告，联系 bs91m1
2022-06-03 17:27:12 → 601124036748 → TG110 → 来（发 ）广告，联系 bs91m1
2022-06-03 17:27:38 → 601112672704 → sunshineyyds → 专业（发 ）广告，联系我 bs91m1
2022-06-03 17:28:34 → 6285242443022 → daifu76 → 专业（发 ）广告，联系我 bs91m1
2022-06-03 17:29:20 → 6285242442963 → xinbi_088 → 准备（发 ）广告，找  bs91m1
2022-06-03 17:29:46 → 60142963511 → axujj → 需要 软、件，找  bs91m1
2022-06-03 17:35:38 → 62895324567242 → Usdtbmw → 想要（发 ）广告，找 bs91m1
2022-06-03 17:36:25 → 6282144789066 → tongdao25 → 来（发 ）广告，联系 bs91m1
2022-06-03 17:37:41 → 6281282996563 → sunshineyyds → 需要 软、件，找  bs91m1
2022-06-03 17:39:05 → 6285242443022 → WKLhuaren → 需要 群、发软、件，找  bs91m1
2022-06-03 17:39:30 → 601124036748 → tsdb01 → 来（发 ）广告，联系 bs91m1
2022-06-03 17:41:04 → 6281282996563 → laowangdan → 专业（发 ）广告，联系我 bs91m1
2022-06-03 17:42:41 → 6285242442963 → juliang666 → 需要 群、发，找  bs91m1
2022-06-03 17:43:52 → 60174313054 → kkkttt369 → 需要 群、发软、件，找  bs91m1
2022-06-03 17:44:43 → 6285242443022 → yugzf → 想找人（ 发 ）广告，找   bs91m1
2022-06-03 17:46:02 → 6281282996563 → Zfb_qq → 需要 软、件，找  bs91m1
2022-06-03 17:46:53 → 6285242443022 → juliang666 → 想找人（ 发 ）广告，找   bs91m1
2022-06-03 17:49:07 → 6285242442963 → XxUP1121 → 准备（发 ）广告，找  bs91m1
2022-06-03 17:52:45 → 6285242442963 → xjltq → 准备（发 ）广告，找  bs91m1
2022-06-03 17:59:56 → 601112672704 → huione888 → 需要 群、发，找  bs91m1
2022-06-03 18:01:06 → 6282144789066 → usdtdfds → 需要 软、件，找  bs91m1
2022-06-03 18:02:49 → 6285242442963 → xinbi_088 → 要（发 ）广告，联系 bs91m1
2022-06-03 18:03:15 → 60142963511 → TG0188 → 准备（发 ）广告，找  bs91m1
2022-06-03 18:03:41 → 6282144789066 → bailaohui_cvv → 想找人（ 发 ）广告，找   bs91m1
2022-06-03 18:06:14 → 60178838240 → xjltq → 要（发 ）广告，联系 bs91m1
2022-06-03 18:07:30 → 6285242443022 → daifu76 → 专业（发 ）广告，联系我 bs91m1
2022-06-03 18:10:52 → 601112672704 → sunshineyyds → 要（发 ）广告，联系 bs91m1
2022-06-03 18:14:20 → 6285242443022 → jfhfhdgd → 需要 软、件，找  bs91m1
2022-06-03 18:14:46 → 6281282996563 → zhifuo → 专业（发 ）广告，联系我 bs91m1
2022-06-03 18:18:32 → 6281282996563 → laowangdan → 想要（发 ）广告，找 bs91m1
2022-06-03 18:18:57 → 601112672704 → WKLhuaren → 来（发 ）广告，联系 bs91m1
2022-06-03 18:23:44 → 6285242442963 → xjltq → 需要 群、发，找  bs91m1
2022-06-03 18:24:29 → 919482799261 → dfsdf5545 → 来（发 ）广告，联系 bs91m1
2022-06-03 18:27:03 → 6285242443022 → chaxun2020 → 想要（发 ）广告，找 bs91m1
2022-06-03 18:30:06 → 919482799261 → hswrrzhxz → 需要 软、件，找  bs91m1
2022-06-03 18:30:32 → 62895324567242 → bailaohui_cvv → 需要 群、发，找  bs91m1
2022-06-03 18:31:58 → 6281282996563 → sunshineyyds → 需要 软、件，找  bs91m1
2022-06-03 18:33:54 → 601112672704 → USDThuzhu3 → 需要 软、件，找  bs91m1
2022-06-03 18:34:19 → 6285242442963 → daishou15 → 来（发 ）广告，联系 bs91m1
2022-06-03 18:34:45 → 6285242443022 → smsjiema666 → 来（发 ）广告，联系 bs91m1
2022-06-03 18:35:53 → 60178838240 → xjltq → 需要 群、发，找  bs91m1
2022-06-03 18:37:57 → 60174313054 → kkkttt369 → 来（发 ）广告，联系 bs91m1
2022-06-03 18:43:37 → 60142963511 → jiu_777 → 来（发 ）广告，联系 bs91m1
2022-06-03 18:44:34 → 601124036748 → tsdb01 → 准备（发 ）广告，找  bs91m1
2022-06-03 18:45:42 → 6281282996563 → Zfb_qq → 来（发 ）广告，联系 bs91m1
2022-06-03 18:47:55 → 6282144789066 → tongdao25 → 要（发 ）广告，联系 bs91m1
2022-06-03 18:49:38 → 601112672704 → baocai217 → 需要 群、发，找  bs91m1
2022-06-03 18:50:04 → 6285242443022 → jfhfhdgd → 来（发 ）广告，联系 bs91m1
2022-06-03 18:50:30 → 6282144789066 → usdtdfds → 要（发 ）广告，联系 bs91m1
2022-06-03 18:50:55 → 62895324567242 → Usdtbmw → 想要（发 ）广告，找 bs91m1
2022-06-03 18:51:23 → 6285242442963 → tianziusdt → 来（发 ）广告，联系 bs91m1
2022-06-03 18:57:15 → 6282144789066 → bailaohui_cvv → 专业（发 ）广告，联系我 bs91m1
2022-06-03 18:57:41 → 60142963511 → daishou15 → 专业（发 ）广告，联系我 bs91m1
2022-06-03 18:58:27 → 6285242443022 → chaxun2020 → 想要（发 ）广告，找 bs91m1
2022-06-03 18:58:53 → 62895324567242 → USDTm → 需要 群、发，找  bs91m1
2022-06-03 19:00:57 → 60142963511 → axujj → 准备（发 ）广告，找  bs91m1
2022-06-03 19:01:23 → 6285242443022 → yugzf → 想要（发 ）广告，找 bs91m1
2022-06-03 19:03:01 → 919482799261 → chufen1688 → 需要 群、发软、件，找  bs91m1
2022-06-03 19:05:46 → 6285242442963 → wz513064 → 想找人（ 发 ）广告，找   bs91m1
2022-06-03 19:06:39 → 601124036748 → tsdb01 → 想要（发 ）广告，找 bs91m1
2022-06-03 19:07:26 → 60174313054 → kkkttt369 → 准备（发 ）广告，找  bs91m1
2022-06-03 19:07:51 → 6281282996563 → TG_King90 → 需要 软、件，找  bs91m1
2022-06-03 19:09:28 → 6285242443022 → XxUP1121 → 专业（发 ）广告，联系我 bs91m1
2022-06-03 19:10:37 → 919482799261 → DragonIndia → 专业（发 ）广告，联系我 bs91m1
2022-06-03 19:12:31 → 919482799261 → sougoutgkh → 需要 群、发软、件，找  bs91m1
2022-06-03 19:13:18 → 6285242443022 → juliang666 → 准备（发 ）广告，找  bs91m1
2022-06-03 19:16:19 → 601112672704 → baocai217 → 专业（发 ）广告，联系我 bs91m1
2022-06-03 19:17:32 → 60142963511 → TG0188 → 想找人（ 发 ）广告，找   bs91m1
2022-06-03 19:19:45 → 6281282996563 → sunshineyyds → 专业（发 ）广告，联系我 bs91m1
2022-06-03 19:21:00 → 62895324567242 → USDTm → 想要（发 ）广告，找 bs91m1
2022-06-03 19:22:53 → 6282144789066 → usdtdfds → 需要 软、件，找  bs91m1
2022-06-03 19:24:03 → 60142963511 → si1688 → 准备（发 ）广告，找  bs91m1
2022-06-03 19:25:56 → 6285242443022 → daifu76 → 来（发 ）广告，联系 bs91m1
2022-06-03 19:28:37 → 6285242442963 → xjltq → 需要 软、件，找  bs91m1
2022-06-03 19:30:10 → 62895324567242 → Usdtbmw → 需要 群、发软、件，找  bs91m1
2022-06-03 19:31:51 → 60174313054 → kkkttt369 → 想要（发 ）广告，找 bs91m1
2022-06-03 19:32:36 → 6285242443022 → WKLhuaren → 准备（发 ）广告，找  bs91m1
2022-06-03 19:33:03 → 60142963511 → dbjlq1 → 需要 群、发软、件，找  bs91m1
2022-06-03 19:34:58 → 601112672704 → huione888 → 要（发 ）广告，联系 bs91m1
2022-06-03 19:35:23 → 6282144789066 → bailaohui_cvv → 想要（发 ）广告，找 bs91m1
2022-06-03 19:37:28 → 62895324567242 → bailaohui_cvv → 需要 群、发软、件，找  bs91m1
2022-06-03 19:38:18 → 6281282996563 → laowangdan → 要（发 ）广告，联系 bs91m1
2022-06-03 19:39:52 → 6281282996563 → Zfb_qq → 想要（发 ）广告，找 bs91m1
2022-06-03 19:41:55 → 6282144789066 → tongdao25 → 需要 群、发，找  bs91m1
2022-06-03 19:46:08 → 6285242443022 → smsjiema666 → 专业（发 ）广告，联系我 bs91m1
2022-06-03 19:46:34 → 6282144789066 → TG_King80 → 专业（发 ）广告，联系我 bs91m1
2022-06-03 19:54:52 → 6281282996563 → Zfb_qq → 需要 群、发，找  bs91m1
2022-06-03 19:56:11 → 6281282996563 → laowangdan → 准备（发 ）广告，找  bs91m1
2022-06-03 19:57:44 → 6285242443022 → yugzf → 专业（发 ）广告，联系我 bs91m1
2022-06-03 19:58:10 → 6285242442963 → xinbi_088 → 想要（发 ）广告，找 bs91m1
2022-06-03 19:58:36 → 60142963511 → si1688 → 需要 群、发，找  bs91m1
2022-06-03 19:59:27 → 601124036748 → tsdb01 → 来（发 ）广告，联系 bs91m1
2022-06-03 20:00:50 → 6285242442963 → juliang666 → 需要 群、发软、件，找  bs91m1
2022-06-03 20:03:16 → 601112672704 → USDThuzhu3 → 想要（发 ）广告，找 bs91m1
2022-06-03 20:03:41 → 60142963511 → axujj → 准备（发 ）广告，找  bs91m1
2022-06-03 20:05:17 → 6281282996563 → zhifuo → 需要 软、件，找  bs91m1
2022-06-03 20:06:37 → 60142963511 → TG0188 → 需要 软、件，找  bs91m1
2022-06-03 20:07:02 → 601112672704 → sunshineyyds → 来（发 ）广告，联系 bs91m1
2022-06-03 20:08:10 → 6285242442963 → wz513064 → 想找人（ 发 ）广告，找   bs91m1
2022-06-03 20:08:55 → 6281282996563 → sunshineyyds → 准备（发 ）广告，找  bs91m1
2022-06-03 20:12:14 → 6285242443022 → WKLhuaren → 需要 群、发软、件，找  bs91m1
2022-06-03 20:14:37 → 6285242442963 → KMFW56789 → 来（发 ）广告，联系 bs91m1
2022-06-03 20:16:08 → 601112672704 → WKLhuaren → 想找人（ 发 ）广告，找   bs91m1
2022-06-03 20:21:18 → 6281282996563 → TG_King90 → 想要（发 ）广告，找 bs91m1
2022-06-03 20:21:51 → 6285242442963 → daishou15 → 需要 群、发，找  bs91m1
2022-06-03 20:22:16 → 60174313054 → kkkttt369 → 想要（发 ）广告，找 bs91m1
2022-06-03 20:23:24 → 6285242443022 → chaxun2020 → 需要 群、发软、件，找  bs91m1
2022-06-03 20:26:11 → 60142963511 → jiu_777 → 准备（发 ）广告，找  bs91m1
2022-06-03 20:30:49 → 60142963511 → daishou15 → 需要 软、件，找  bs91m1
2022-06-03 20:32:04 → 6282144789066 → bailaohui_cvv → 要（发 ）广告，联系 bs91m1
2022-06-03 20:32:52 → 6285242442963 → xinbi_088 → 需要 软、件，找  bs91m1
2022-06-03 20:35:00 → 6285242443022 → daifu76 → 来（发 ）广告，联系 bs91m1
2022-06-03 20:36:53 → 62895324567242 → Usdtbmw → 需要 群、发，找  bs91m1
2022-06-03 20:37:27 → 62895324567242 → bailaohui_cvv → 想要（发 ）广告，找 bs91m1
2022-06-03 20:38:15 → 6281282996563 → Zfb_qq → 需要 群、发，找  bs91m1
2022-06-03 20:40:05 → 6282144789066 → usdtdfds → 需要 群、发软、件，找  bs91m1
2022-06-03 20:42:55 → 601124036748 → tsdb01 → 需要 群、发，找  bs91m1
2022-06-03 20:44:33 → 60142963511 → dbjlq1 → 想找人（ 发 ）广告，找   bs91m1
2022-06-03 20:45:48 → 60178838240 → xjltq → 需要 群、发，找  bs91m1
2022-06-03 20:47:37 → 601112672704 → huione888 → 来（发 ）广告，联系 bs91m1
2022-06-03 20:48:10 → 6281282996563 → sunshineyyds → 需要 群、发软、件，找  bs91m1
2022-06-03 20:55:32 → 6282144789066 → TG_King80 → 想找人（ 发 ）广告，找   bs91m1
2022-06-03 20:58:28 → 6285242443022 → jfhfhdgd → 要（发 ）广告，联系 bs91m1
2022-06-03 21:02:44 → 6282144789066 → tongdao25 → 想要（发 ）广告，找 bs91m1
2022-06-03 21:03:35 → 919482799261 → fbasfgsd → 需要 群、发，找  bs91m1
2022-06-03 21:05:10 → 60174313054 → kkkttt369 → 需要 群、发，找  bs91m1
2022-06-03 21:07:30 → 60178838240 → xjltq → 专业（发 ）广告，联系我 bs91m1
2022-06-03 21:10:58 → 6281282996563 → TG_King90 → 想找人（ 发 ）广告，找   bs91m1
2022-06-03 21:12:11 → 6285242443022 → WKLhuaren → 需要 群、发，找  bs91m1
2022-06-03 21:12:37 → 60142963511 → jiu_777 → 想找人（ 发 ）广告，找   bs91m1
2022-06-03 21:13:03 → 601112672704 → baocai217 → 准备（发 ）广告，找  bs91m1
2022-06-03 21:14:14 → 919482799261 → dfsdf5545 → 需要 群、发，找  bs91m1
2022-06-03 21:16:05 → 6285242443022 → yugzf → 需要 软、件，找  bs91m1
2022-06-03 21:17:42 → 6281282996563 → laowangdan → 需要 群、发软、件，找  bs91m1
2022-06-03 21:18:52 → 6285242442963 → wz513064 → 想找人（ 发 ）广告，找   bs91m1
2022-06-03 21:19:17 → 6282144789066 → usdtdfds → 准备（发 ）广告，找  bs91m1
2022-06-03 21:19:43 → 60142963511 → axujj → 来（发 ）广告，联系 bs91m1
2022-06-03 21:24:43 → 6285242442963 → daishou15 → 需要 群、发，找  bs91m1
2022-06-03 21:25:08 → 60142963511 → daishou15 → 需要 群、发软、件，找  bs91m1
2022-06-03 21:26:37 → 6282144789066 → bailaohui_cvv → 要（发 ）广告，联系 bs91m1
2022-06-03 21:27:25 → 6285242442963 → juliang666 → 需要 软、件，找  bs91m1
2022-06-03 21:28:56 → 6285242443022 → daifu76 → 想找人（ 发 ）广告，找   bs91m1
2022-06-03 21:29:22 → 62895324567242 → USDTm → 来（发 ）广告，联系 bs91m1
2022-06-03 21:35:35 → 601112672704 → USDThuzhu3 → 要（发 ）广告，联系 bs91m1
2022-06-03 21:37:14 → 601112672704 → WKLhuaren → 准备（发 ）广告，找  bs91m1
2022-06-03 21:37:40 → 6281282996563 → TG_King90 → 专业（发 ）广告，联系我 bs91m1
2022-06-03 21:39:36 → 6285242443022 → chaxun2020 → 要（发 ）广告，联系 bs91m1
2022-06-03 21:41:21 → 6285242442963 → xjltq → 准备（发 ）广告，找  bs91m1
2022-06-03 21:43:09 → 601112672704 → sunshineyyds → 需要 群、发软、件，找  bs91m1
2022-06-03 21:43:35 → 60142963511 → dbjlq1 → 来（发 ）广告，联系 bs91m1
2022-06-03 21:44:42 → 6282144789066 → TG_King80 → 需要 群、发，找  bs91m1
2022-06-03 21:45:08 → 60174313054 → kkkttt369 → 准备（发 ）广告，找  bs91m1
2022-06-03 21:48:40 → 6281282996563 → zhifuo → 专业（发 ）广告，联系我 bs91m1
2022-06-03 21:49:54 → 62895324567242 → bailaohui_cvv → 专业（发 ）广告，联系我 bs91m1
2022-06-03 21:50:20 → 60142963511 → TG0188 → 要（发 ）广告，联系 bs91m1
2022-06-03 21:52:13 → 6285242443022 → jfhfhdgd → 需要 软、件，找  bs91m1
2022-06-03 21:52:46 → 6281282996563 → sunshineyyds → 想要（发 ）广告，找 bs91m1
2022-06-03 21:54:19 → 62895324567242 → USDTm → 要（发 ）广告，联系 bs91m1
2022-06-03 21:55:16 → 601112672704 → sunshineyyds → 专业（发 ）广告，联系我 bs91m1
2022-06-03 21:55:42 → 6285242443022 → juliang666 → 需要 群、发软、件，找  bs91m1
2022-06-03 21:56:55 → 6282144789066 → tongdao25 → 想要（发 ）广告，找 bs91m1
2022-06-03 22:01:12 → 6281282996563 → laowangdan → 专业（发 ）广告，联系我 bs91m1
2022-06-03 22:02:00 → 6285242443022 → smsjiema666 → 来（发 ）广告，联系 bs91m1
2022-06-03 22:02:51 → 601112672704 → huione888 → 来（发 ）广告，联系 bs91m1
2022-06-03 22:03:24 → 6281282996563 → Zfb_qq → 需要 群、发，找  bs91m1
2022-06-03 22:04:37 → 60174313054 → kkkttt369 → 需要 群、发软、件，找  bs91m1
2022-06-03 22:06:27 → 6285242442963 → xinbi_088 → 要（发 ）广告，联系 bs91m1
2022-06-03 22:11:50 → 60142963511 → si1688 → 来（发 ）广告，联系 bs91m1
2022-06-03 22:15:49 → 601124036748 → tsdb01 → 需要 群、发软、件，找  bs91m1
2022-06-03 22:17:46 → 62895324567242 → Usdtbmw → 需要 群、发，找  bs91m1
2022-06-03 22:18:33 → 6285242443022 → WKLhuaren → 想找人（ 发 ）广告，找   bs91m1
2022-06-03 22:19:08 → 60142963511 → dbjlq1 → 需要 群、发，找  bs91m1
2022-06-03 22:21:06 → 601112672704 → USDThuzhu3 → 需要 群、发，找  bs91m1
2022-06-03 22:22:38 → 6281282996563 → Zfb_qq → 专业（发 ）广告，联系我 bs91m1
2022-06-03 22:25:58 → 6285242442963 → xjltq → 准备（发 ）广告，找  bs91m1
2022-06-03 22:26:24 → 60142963511 → si1688 → 需要 软、件，找  bs91m1
2022-06-03 22:26:49 → 6282144789066 → usdtdfds → 要（发 ）广告，联系 bs91m1
2022-06-03 22:28:21 → 6281282996563 → TG_King90 → 准备（发 ）广告，找  bs91m1
2022-06-03 22:29:37 → 6282144789066 → bailaohui_cvv → 要（发 ）广告，联系 bs91m1
2022-06-03 22:33:53 → 6285242442963 → daishou15 → 专业（发 ）广告，联系我 bs91m1
2022-06-03 22:35:50 → 601112672704 → baocai217 → 需要 群、发，找  bs91m1
2022-06-03 22:36:41 → 6285242443022 → jfhfhdgd → 需要 群、发，找  bs91m1
2022-06-03 22:37:32 → 6281282996563 → sunshineyyds → 准备（发 ）广告，找  bs91m1
2022-06-03 22:40:25 → 601112672704 → WKLhuaren → 准备（发 ）广告，找  bs91m1
2022-06-03 22:42:51 → 6285242442963 → juliang666 → 准备（发 ）广告，找  bs91m1
2022-06-03 22:43:43 → 6282144789066 → TG_King80 → 专业（发 ）广告，联系我 bs91m1
2022-06-03 22:46:26 → 6281282996563 → laowangdan → 需要 群、发，找  bs91m1
2022-06-03 22:47:17 → 60174313054 → kkkttt369 → 需要 群、发软、件，找  bs91m1
2022-06-03 22:49:19 → 6282144789066 → tongdao25 → 需要 群、发，找  bs91m1
2022-06-03 22:53:14 → 6285242442963 → tianziusdt → 要（发 ）广告，联系 bs91m1
2022-06-03 22:55:47 → 60142963511 → axujj → 需要 群、发软、件，找  bs91m1
2022-06-03 22:59:21 → 60142963511 → daishou15 → 需要 软、件，找  bs91m1
2022-06-03 23:01:39 → 6282144789066 → bailaohui_cvv → 想要（发 ）广告，找 bs91m1
2022-06-03 23:02:05 → 6285242443022 → chaxun2020 → 专业（发 ）广告，联系我 bs91m1
2022-06-03 23:02:33 → 6285242442963 → wz513064 → 需要 群、发，找  bs91m1
2022-06-03 23:02:59 → 62895324567242 → Usdtbmw → 专业（发 ）广告，联系我 bs91m1
2022-06-03 23:04:57 → 60142963511 → TG0188 → 需要 群、发软、件，找  bs91m1
2022-06-03 23:06:59 → 6285242443022 → daifu76 → 要（发 ）广告，联系 bs91m1
2022-06-03 23:08:57 → 62895324567242 → USDTm → 要（发 ）广告，联系 bs91m1
2022-06-03 23:10:26 → 6285242442963 → xinbi_088 → 准备（发 ）广告，找  bs91m1
2022-06-03 23:11:59 → 6281282996563 → laowangdan → 需要 群、发，找  bs91m1
2022-06-03 23:12:24 → 60174313054 → kkkttt369 → 需要 群、发，找  bs91m1
2022-06-03 23:14:50 → 6285242442963 → daishou15 → 来（发 ）广告，联系 bs91m1
2022-06-03 23:15:35 → 6285242443022 → yugzf → 要（发 ）广告，联系 bs91m1
2022-06-03 23:16:02 → 601112672704 → sunshineyyds → 准备（发 ）广告，找  bs91m1
2022-06-03 23:17:16 → 60178838240 → xjltq → 想找人（ 发 ）广告，找   bs91m1
2022-06-03 23:18:54 → 6281282996563 → sunshineyyds → 需要 群、发，找  bs91m1
2022-06-03 23:21:22 → 6285242443022 → smsjiema666 → 专业（发 ）广告，联系我 bs91m1
2022-06-03 23:22:08 → 6281282996563 → zhifuo → 需要 软、件，找  bs91m1
2022-06-03 23:23:50 → 6282144789066 → TG_King80 → 需要 群、发，找  bs91m1
2022-06-03 23:25:44 → 60142963511 → jiu_777 → 专业（发 ）广告，联系我 bs91m1
2022-06-03 23:29:17 → 6282144789066 → usdtdfds → 要（发 ）广告，联系 bs91m1
2022-06-03 23:31:26 → 6281282996563 → Zfb_qq → 需要 群、发软、件，找  bs91m1
2022-06-03 23:34:57 → 6282144789066 → tongdao25 → 想要（发 ）广告，找 bs91m1
2022-06-03 23:38:24 → 601112672704 → huione888 → 要（发 ）广告，联系 bs91m1
2022-06-03 23:40:46 → 6281282996563 → TG_King90 → 准备（发 ）广告，找  bs91m1
2022-06-03 23:42:30 → 6285242443022 → yugzf → 想找人（ 发 ）广告，找   bs91m1
2022-06-03 23:42:57 → 60174313054 → kkkttt369 → 专业（发 ）广告，联系我 bs91m1
2022-06-03 23:45:00 → 60142963511 → axujj → 想找人（ 发 ）广告，找   bs91m1
2022-06-03 23:46:12 → 60178838240 → xjltq → 专业（发 ）广告，联系我 bs91m1
2022-06-03 23:47:27 → 6285242442963 → xjltq → 要（发 ）广告，联系 bs91m1
2022-06-03 23:48:35 → 6285242443022 → chaxun2020 → 需要 群、发软、件，找  bs91m1
2022-06-03 23:51:59 → 60142963511 → daishou15 → 要（发 ）广告，联系 bs91m1
2022-06-03 23:53:16 → 6281282996563 → sunshineyyds → 想要（发 ）广告，找 bs91m1
2022-06-03 23:53:42 → 6282144789066 → tongdao25 → 需要 群、发，找  bs91m1
2022-06-03 23:55:16 → 601112672704 → USDThuzhu3 → 需要 群、发软、件，找  bs91m1
2022-06-03 23:55:42 → 6285242443022 → jfhfhdgd → 专业（发 ）广告，联系我 bs91m1
2022-06-03 23:57:22 → 6282144789066 → bailaohui_cvv → 需要 群、发软、件，找  bs91m1
2022-06-03 23:58:34 → 60142963511 → TG0188 → 需要 软、件，找  bs91m1