
2022-06-11 00:01:31 → 601112672704 → hnsdfhs155 → 来（发 ）广告，联系 bs91m1
2022-06-11 00:02:30 → 62895324567778 → Hpy111 → 需要 软、件，找 bs91m1
2022-06-11 00:04:26 → 601112672704 → USDThuzhu3 → 要（发 ）广告，联系 bs91m1
2022-06-11 00:09:03 → 601112672704 → srjlq → 准备（发 ）广告，找 bs91m1
2022-06-11 00:10:02 → 60142963511 → yhksijiantao11 → 来（发 ）广告，联系 bs91m1
2022-06-11 00:12:00 → 60142963511 → yunqian68 → 想找人（ 发 ）广告，找 bs91m1
2022-06-11 00:16:36 → 601112672704 → youxidaili → (session) 协议号，零售、批发 找，bs91m1
2022-06-11 00:18:29 → 60142963511 → cvv666money → 需要 群、发软、件，找 bs91m1
2022-06-11 00:20:29 → 60142963511 → phpzufang → 来（发 ）广告，联系 bs91m1
2022-06-11 00:21:27 → 601112672704 → adasdasw → 来（发 ）广告，联系 bs91m1
2022-06-11 00:25:09 → 62895324567778 → fgdfdfherh → 来（发 ）广告，联系 bs91m1
2022-06-11 00:26:07 → 60142963511 → jiaoyouqun123 → 来（发 ）广告，联系 bs91m1
2022-06-11 00:27:13 → 60142963511 → shujyinl → (session) 协议号，零售、批发 找，bs91m1
2022-06-11 00:29:03 → 601112672704 → ziyuanduijie1 → (session) 协议号，零售、批发 找，bs91m1
2022-06-11 00:30:03 → 62895324567778 → xd836809 → 来（发 ）广告，联系 bs91m1
2022-06-11 00:32:00 → 601112672704 → dunxin106 → 准备（发 ）广告，找 bs91m1
2022-06-11 00:32:59 → 60142963511 → xianliaoq → 来（发 ）广告，联系 bs91m1
2022-06-11 00:33:58 → 62895324567778 → Hpy888 → 想找人（ 发 ）广告，找 bs91m1
2022-06-11 00:35:58 → 62895324567778 → amjwg → 专业（发 ）广告，联系我 bs91m1
2022-06-11 00:36:57 → 60142963511 → lbbet → 想找人（ 发 ）广告，找 bs91m1
2022-06-11 00:37:55 → 601112672704 → USDThuzhu3 → 来（发 ）广告，联系 bs91m1
2022-06-11 00:39:00 → 601112672704 → hnsdfhs155 → 来（发 ）广告，联系 bs91m1
2022-06-11 00:40:00 → 60142963511 → seguiren → (session) 协议号，零售、批发 找，bs91m1
2022-06-11 00:42:49 → 601112672704 → fjhq000hz → 想要（发 ）广告，找 bs91m1
2022-06-11 00:44:40 → 60142963511 → YHK_security → 准备（发 ）广告，找 bs91m1
2022-06-11 00:45:40 → 62895324567778 → guojitongdaoduanxin → 需要 软、件，找 bs91m1
2022-06-11 00:47:44 → 60142963511 → sirenweixin3 → 想找人（ 发 ）广告，找 bs91m1
2022-06-11 00:49:35 → 62895324567778 → dream888 → 需要 群、发软、件，找 bs91m1
2022-06-11 00:50:40 → 60142963511 → dsfdshhs → (session) 协议号，零售、批发 找，bs91m1
2022-06-11 00:51:38 → 601112672704 → zuqiushuju → 来（发 ）广告，联系 bs91m1
2022-06-11 00:53:29 → 62895324567778 → Hpy111 → (session) 协议号，零售、批发 找，bs91m1
2022-06-11 00:57:24 → 601112672704 → AG686 → 准备（发 ）广告，找 bs91m1
2022-06-11 00:58:29 → 601112672704 → fv0015 → 要（发 ）广告，联系 bs91m1
2022-06-11 01:01:12 → 62895324567778 → Philippines_visa → 准备（发 ）广告，找 bs91m1
2022-06-11 01:02:18 → 62895324567778 → amjwg → 准备（发 ）广告，找 bs91m1
2022-06-11 01:03:18 → 60142963511 → jiaoyouqun123 → 想要（发 ）广告，找 bs91m1
2022-06-11 01:04:16 → 601112672704 → srjlq → (session) 协议号，零售、批发 找，bs91m1
2022-06-11 01:08:58 → 601112672704 → jinsanjiaobc → 想找人（ 发 ）广告，找 bs91m1
2022-06-11 01:12:41 → 60142963511 → dsfdshhs → 准备（发 ）广告，找 bs91m1
2022-06-11 01:15:33 → 601112672704 → adasdasw → 需要 群、发软、件，找 bs91m1
2022-06-11 01:16:31 → 60142963511 → sirenweixin3 → (session) 协议号，零售、批发 找，bs91m1
2022-06-11 01:17:36 → 60142963511 → cvv666money → 专业（发 ）广告，联系我 bs91m1
2022-06-11 01:23:09 → 60142963511 → yunqian68 → 专业（发 ）广告，联系我 bs91m1
2022-06-11 01:25:13 → 62895324567778 → G88888880 → 需要 群、发，找 bs91m1
2022-06-11 01:26:12 → 601112672704 → fjhq000hz → (session) 协议号，零售、批发 找，bs91m1
2022-06-11 01:28:03 → 60142963511 → seguiren → 要（发 ）广告，联系 bs91m1
2022-06-11 01:29:10 → 62895324567778 → zgfCYJT → 来（发 ）广告，联系 bs91m1
2022-06-11 01:30:09 → 60142963511 → phpzufang → 需要 群、发软、件，找 bs91m1
2022-06-11 01:31:07 → 601112672704 → srjlq → 想要（发 ）广告，找 bs91m1
2022-06-11 01:33:04 → 601112672704 → hnsdfhs155 → 来（发 ）广告，联系 bs91m1
2022-06-11 01:34:03 → 62895324567778 → dubai13148888 → 要（发 ）广告，联系 bs91m1
2022-06-11 01:35:53 → 60142963511 → xianliaoq → 需要 群、发软、件，找 bs91m1
2022-06-11 01:38:50 → 60142963511 → lbbet → 要（发 ）广告，联系 bs91m1
2022-06-11 01:39:48 → 601112672704 → USDThuzhu3 → 来（发 ）广告，联系 bs91m1
2022-06-11 01:40:54 → 62895324567778 → miaomiao12356 → 要（发 ）广告，联系 bs91m1
2022-06-11 01:41:52 → 601112672704 → zuqiushuju → 来（发 ）广告，联系 bs91m1
2022-06-11 01:42:51 → 60142963511 → YHK_security → 专业（发 ）广告，联系我 bs91m1
2022-06-11 01:45:40 → 601112672704 → ziyuanduijie1 → 想要（发 ）广告，找 bs91m1
2022-06-11 01:46:39 → 62895324567778 → fgdfdfherh → 需要 群、发，找 bs91m1
2022-06-11 01:47:37 → 60142963511 → yhksijiantao11 → 要（发 ）广告，联系 bs91m1
2022-06-11 01:48:42 → 601112672704 → youxidaili → 需要 软、件，找 bs91m1
2022-06-11 01:49:40 → 60142963511 → shujyinl → 准备（发 ）广告，找 bs91m1
2022-06-11 01:53:28 → 601112672704 → jinsanjiaobc → (session) 协议号，零售、批发 找，bs91m1
2022-06-11 01:56:17 → 601112672704 → fv0015 → 准备（发 ）广告，找 bs91m1
2022-06-11 01:57:18 → 60142963511 → seguiren → 要（发 ）广告，联系 bs91m1
2022-06-11 01:58:16 → 62895324567778 → guojitongdaoduanxin → 需要 群、发，找 bs91m1
2022-06-11 02:00:15 → 62895324567778 → yinlianguoji → 来（发 ）广告，联系 bs91m1
2022-06-11 02:01:13 → 601112672704 → dunxin106 → 专业（发 ）广告，联系我 bs91m1
2022-06-11 02:02:11 → 60142963511 → lbbet → 需要 群、发软、件，找 bs91m1
2022-06-11 02:04:09 → 601112672704 → buyusdtx → 准备（发 ）广告，找 bs91m1
2022-06-11 02:05:09 → 62895324567778 → miaomiao12356 → 来（发 ）广告，联系 bs91m1
2022-06-11 02:06:07 → 60142963511 → phpzufang → 来（发 ）广告，联系 bs91m1
2022-06-11 02:13:41 → 601112672704 → dunxin106 → (session) 协议号，零售、批发 找，bs91m1
2022-06-11 02:15:38 → 60142963511 → shujyinl → 需要 软、件，找 bs91m1
2022-06-11 02:20:18 → 60142963511 → xianliaoq → (session) 协议号，零售、批发 找，bs91m1
2022-06-11 02:22:10 → 601112672704 → youxidaili → 准备（发 ）广告，找 bs91m1
2022-06-11 02:23:16 → 60142963511 → yhksijiantao11 → 来（发 ）广告，联系 bs91m1
2022-06-11 02:24:14 → 601112672704 → srjlq → 想找人（ 发 ）广告，找 bs91m1
2022-06-11 02:25:14 → 62895324567778 → joinBCPH → (session) 协议号，零售、批发 找，bs91m1
2022-06-11 02:27:12 → 60142963511 → yunqian68 → 需要 群、发软、件，找 bs91m1
2022-06-11 02:29:57 → 62895324567778 → dubai13148888 → 想找人（ 发 ）广告，找 bs91m1
2022-06-11 02:31:03 → 60142963511 → cvv666money → 要（发 ）广告，联系 bs91m1
2022-06-11 02:32:03 → 62895324567778 → phniuniu → 来（发 ）广告，联系 bs91m1
2022-06-11 02:33:02 → 601112672704 → zuqiushuju → 准备（发 ）广告，找 bs91m1
2022-06-11 02:35:01 → 62895324567778 → G88888880 → 需要 群、发，找 bs91m1
2022-06-11 02:37:49 → 601112672704 → fv0015 → 需要 群、发，找 bs91m1
2022-06-11 02:38:55 → 62895324567778 → amjwg → 需要 软、件，找 bs91m1
2022-06-11 02:40:45 → 60142963511 → jiaoyouqun123 → 专业（发 ）广告，联系我 bs91m1
2022-06-11 02:41:45 → 601112672704 → USDThuzhu3 → 要（发 ）广告，联系 bs91m1
2022-06-11 02:43:42 → 60142963511 → dsfdshhs → 来（发 ）广告，联系 bs91m1
2022-06-11 02:44:40 → 601112672704 → adasdasw → (session) 协议号，零售、批发 找，bs91m1
2022-06-11 02:45:39 → 62895324567778 → dream888 → 专业（发 ）广告，联系我 bs91m1
2022-06-11 02:46:45 → 62895324567778 → fgdfdfherh → 专业（发 ）广告，联系我 bs91m1
2022-06-11 02:49:27 → 601112672704 → jinsanjiaobc → 来（发 ）广告，联系 bs91m1
2022-06-11 02:50:33 → 60142963511 → jiaoyouqun123 → (session) 协议号，零售、批发 找，bs91m1
2022-06-11 02:51:31 → 601112672704 → ziyuanduijie1 → 需要 软、件，找 bs91m1
2022-06-11 02:53:22 → 62895324567778 → Hpy888 → 想找人（ 发 ）广告，找 bs91m1
2022-06-11 02:54:28 → 60142963511 → shujyinl → 来（发 ）广告，联系 bs91m1
2022-06-11 02:55:27 → 62895324567778 → zgfCYJT → 需要 软、件，找 bs91m1
2022-06-11 02:57:17 → 601112672704 → AG686 → 来（发 ）广告，联系 bs91m1
2022-06-11 02:58:22 → 601112672704 → fjhq000hz → 准备（发 ）广告，找 bs91m1
2022-06-11 03:00:13 → 60142963511 → cvv666money → 要（发 ）广告，联系 bs91m1
2022-06-11 03:02:10 → 60142963511 → yhksijiantao11 → 需要 群、发软、件，找 bs91m1
2022-06-11 03:04:00 → 601112672704 → hnsdfhs155 → 需要 群、发软、件，找 bs91m1
2022-06-11 03:05:00 → 62895324567778 → zgfCYJT → 来（发 ）广告，联系 bs91m1
2022-06-11 03:10:39 → 60142963511 → dsfdshhs → 想要（发 ）广告，找 bs91m1
2022-06-11 03:11:38 → 601112672704 → hnsdfhs155 → 来（发 ）广告，联系 bs91m1
2022-06-11 03:16:21 → 60142963511 → YHK_security → 要（发 ）广告，联系 bs91m1
2022-06-11 03:18:20 → 601112672704 → youxidaili → 想找人（ 发 ）广告，找 bs91m1
2022-06-11 03:20:11 → 60142963511 → yunqian68 → (session) 协议号，零售、批发 找，bs91m1
2022-06-11 03:23:01 → 601112672704 → srjlq → 需要 软、件，找 bs91m1
2022-06-11 03:23:59 → 60142963511 → phpzufang → 来（发 ）广告，联系 bs91m1
2022-06-11 03:26:52 → 62895324567778 → fgdfdfherh → 想要（发 ）广告，找 bs91m1
2022-06-11 03:27:50 → 60142963511 → seguiren → 来（发 ）广告，联系 bs91m1
2022-06-11 03:28:55 → 60142963511 → lbbet → 专业（发 ）广告，联系我 bs91m1
2022-06-11 03:29:53 → 601112672704 → buyusdtx → 需要 群、发，找 bs91m1
2022-06-11 03:30:52 → 62895324567778 → Hpy111 → 需要 软、件，找 bs91m1
2022-06-11 03:32:49 → 601112672704 → zuqiushuju → 需要 群、发软、件，找 bs91m1
2022-06-11 03:33:47 → 62895324567778 → yinlianguoji → (session) 协议号，零售、批发 找，bs91m1
2022-06-11 03:35:38 → 60142963511 → sirenweixin3 → 准备（发 ）广告，找 bs91m1
2022-06-11 03:36:43 → 60142963511 → xianliaoq → 想要（发 ）广告，找 bs91m1
2022-06-11 03:37:41 → 601112672704 → USDThuzhu3 → 需要 群、发软、件，找 bs91m1
2022-06-11 03:40:37 → 601112672704 → jinsanjiaobc → 需要 群、发软、件，找 bs91m1
2022-06-11 03:44:25 → 60142963511 → cvv666money → 准备（发 ）广告，找 bs91m1
2022-06-11 03:45:25 → 62895324567778 → phniuniu → 要（发 ）广告，联系 bs91m1
2022-06-11 03:46:23 → 601112672704 → fv0015 → 要（发 ）广告，联系 bs91m1
2022-06-11 03:49:11 → 60142963511 → lbbet → 来（发 ）广告，联系 bs91m1
2022-06-11 03:50:09 → 62895324567778 → amjwg → 准备（发 ）广告，找 bs91m1
2022-06-11 03:51:07 → 601112672704 → fjhq000hz → 想找人（ 发 ）广告，找 bs91m1
2022-06-11 03:52:14 → 62895324567778 → xd836809 → 来（发 ）广告，联系 bs91m1
2022-06-11 03:54:04 → 60142963511 → YHK_security → 需要 群、发，找 bs91m1
2022-06-11 03:55:02 → 601112672704 → adasdasw → 需要 群、发，找 bs91m1
2022-06-11 03:56:08 → 60142963511 → yhksijiantao11 → 想找人（ 发 ）广告，找 bs91m1
2022-06-11 03:57:06 → 601112672704 → dunxin106 → 需要 群、发，找 bs91m1
2022-06-11 03:58:57 → 62895324567778 → G88888880 → 想要（发 ）广告，找 bs91m1
2022-06-11 04:00:54 → 60142963511 → phpzufang → 需要 群、发软、件，找 bs91m1
2022-06-11 04:01:52 → 601112672704 → ziyuanduijie1 → 需要 软、件，找 bs91m1
2022-06-11 04:02:52 → 62895324567778 → Hpy888 → 需要 群、发软、件，找 bs91m1
2022-06-11 04:06:35 → 60142963511 → dsfdshhs → 想找人（ 发 ）广告，找 bs91m1
2022-06-11 04:09:25 → 60142963511 → yunqian68 → 准备（发 ）广告，找 bs91m1
2022-06-11 04:11:25 → 60142963511 → xianliaoq → 专业（发 ）广告，联系我 bs91m1
2022-06-11 04:15:11 → 60142963511 → shujyinl → 需要 软、件，找 bs91m1
2022-06-11 04:16:09 → 601112672704 → zuqiushuju → 专业（发 ）广告，联系我 bs91m1
2022-06-11 04:19:52 → 601112672704 → fv0015 → 来（发 ）广告，联系 bs91m1
2022-06-11 04:24:41 → 601112672704 → youxidaili → 来（发 ）广告，联系 bs91m1
2022-06-11 04:26:38 → 60142963511 → seguiren → 需要 软、件，找 bs91m1
2022-06-11 04:27:36 → 601112672704 → srjlq → (session) 协议号，零售、批发 找，bs91m1
2022-06-11 04:29:28 → 62895324567778 → amjwg → 来（发 ）广告，联系 bs91m1
2022-06-11 04:30:35 → 62895324567778 → G88888880 → 准备（发 ）广告，找 bs91m1
2022-06-11 04:32:27 → 60142963511 → jiaoyouqun123 → 来（发 ）广告，联系 bs91m1
2022-06-11 04:33:25 → 601112672704 → fjhq000hz → (session) 协议号，零售、批发 找，bs91m1
2022-06-11 04:34:30 → 601112672704 → AG686 → 专业（发 ）广告，联系我 bs91m1
2022-06-11 04:35:29 → 62895324567778 → Philippines_visa → 需要 群、发软、件，找 bs91m1
2022-06-11 04:38:20 → 60142963511 → dsfdshhs → 需要 软、件，找 bs91m1
2022-06-11 04:40:11 → 62895324567778 → guojitongdaoduanxin → 专业（发 ）广告，联系我 bs91m1
2022-06-11 04:41:09 → 601112672704 → dunxin106 → 来（发 ）广告，联系 bs91m1
2022-06-11 04:43:06 → 601112672704 → jinsanjiaobc → (session) 协议号，零售、批发 找，bs91m1
2022-06-11 04:44:04 → 62895324567778 → Hpy111 → 需要 软、件，找 bs91m1
2022-06-11 04:45:03 → 60142963511 → jiaoyouqun123 → 专业（发 ）广告，联系我 bs91m1
2022-06-11 04:46:08 → 601112672704 → hnsdfhs155 → 准备（发 ）广告，找 bs91m1
2022-06-11 04:47:06 → 60142963511 → seguiren → 想找人（ 发 ）广告，找 bs91m1
2022-06-11 04:51:52 → 62895324567778 → phniuniu → 来（发 ）广告，联系 bs91m1
2022-06-11 04:52:51 → 60142963511 → yhksijiantao11 → 需要 群、发，找 bs91m1
2022-06-11 04:54:54 → 601112672704 → USDThuzhu3 → 需要 软、件，找 bs91m1
2022-06-11 04:55:53 → 62895324567778 → zgfCYJT → 专业（发 ）广告，联系我 bs91m1
2022-06-11 04:57:50 → 601112672704 → adasdasw → 专业（发 ）广告，联系我 bs91m1
2022-06-11 04:58:48 → 62895324567778 → yinlianguoji → 需要 软、件，找 bs91m1
2022-06-11 04:59:47 → 60142963511 → cvv666money → 来（发 ）广告，联系 bs91m1
2022-06-11 05:03:36 → 60142963511 → lbbet → 需要 群、发，找 bs91m1
2022-06-11 05:05:33 → 60142963511 → phpzufang → 需要 软、件，找 bs91m1
2022-06-11 05:07:28 → 601112672704 → fjhq000hz → 来（发 ）广告，联系 bs91m1
2022-06-11 05:13:16 → 60142963511 → shujyinl → 来（发 ）广告，联系 bs91m1
2022-06-11 05:15:08 → 601112672704 → dunxin106 → 需要 群、发软、件，找 bs91m1
2022-06-11 05:18:49 → 60142963511 → sirenweixin3 → 需要 群、发，找 bs91m1
2022-06-11 05:19:47 → 601112672704 → adasdasw → 需要 群、发，找 bs91m1
2022-06-11 05:20:53 → 60142963511 → xianliaoq → 要（发 ）广告，联系 bs91m1
2022-06-11 05:22:43 → 601112672704 → zuqiushuju → 专业（发 ）广告，联系我 bs91m1
2022-06-11 05:24:44 → 60142963511 → yunqian68 → 想要（发 ）广告，找 bs91m1
2022-06-11 05:26:36 → 601112672704 → fv0015 → 需要 软、件，找 bs91m1
2022-06-11 05:31:13 → 62895324567778 → guojitongdaoduanxin → 需要 群、发软、件，找 bs91m1
2022-06-11 05:32:18 → 601112672704 → hnsdfhs155 → 想要（发 ）广告，找 bs91m1
2022-06-11 05:34:16 → 60142963511 → YHK_security → 准备（发 ）广告，找 bs91m1
2022-06-11 05:36:13 → 601112672704 → youxidaili → 专业（发 ）广告，联系我 bs91m1
2022-06-11 05:38:04 → 62895324567778 → zgfCYJT → 想找人（ 发 ）广告，找 bs91m1
2022-06-11 05:40:09 → 62895324567778 → Philippines_visa → (session) 协议号，零售、批发 找，bs91m1
2022-06-11 05:41:59 → 601112672704 → ziyuanduijie1 → 想找人（ 发 ）广告，找 bs91m1
2022-06-11 05:42:57 → 60142963511 → lbbet → 需要 群、发软、件，找 bs91m1
2022-06-11 05:44:03 → 62895324567778 → G88888880 → (session) 协议号，零售、批发 找，bs91m1
2022-06-11 05:45:53 → 60142963511 → seguiren → (session) 协议号，零售、批发 找，bs91m1
2022-06-11 05:46:51 → 601112672704 → jinsanjiaobc → 需要 群、发，找 bs91m1
2022-06-11 05:48:48 → 601112672704 → srjlq → 想要（发 ）广告，找 bs91m1
2022-06-11 05:49:46 → 60142963511 → yhksijiantao11 → 要（发 ）广告，联系 bs91m1
2022-06-11 05:51:49 → 60142963511 → shujyinl → 来（发 ）广告，联系 bs91m1
2022-06-11 05:52:46 → 601112672704 → USDThuzhu3 → 准备（发 ）广告，找 bs91m1
2022-06-11 05:54:36 → 62895324567778 → xd836809 → 需要 软、件，找 bs91m1
2022-06-11 05:55:42 → 62895324567778 → miaomiao12356 → 需要 群、发软、件，找 bs91m1
2022-06-11 05:56:40 → 601112672704 → buyusdtx → 来（发 ）广告，联系 bs91m1
2022-06-11 05:57:39 → 60142963511 → phpzufang → 想找人（ 发 ）广告，找 bs91m1
2022-06-11 06:01:20 → 60142963511 → jiaoyouqun123 → 想找人（ 发 ）广告，找 bs91m1
2022-06-11 06:02:19 → 62895324567778 → Hpy111 → 要（发 ）广告，联系 bs91m1
2022-06-11 06:05:12 → 62895324567778 → yinlianguoji → 来（发 ）广告，联系 bs91m1
2022-06-11 06:06:10 → 60142963511 → dsfdshhs → 专业（发 ）广告，联系我 bs91m1
2022-06-11 06:08:08 → 60142963511 → sirenweixin3 → 来（发 ）广告，联系 bs91m1
2022-06-11 06:09:07 → 601112672704 → srjlq → 需要 群、发软、件，找 bs91m1
2022-06-11 06:11:07 → 60142963511 → xianliaoq → 想找人（ 发 ）广告，找 bs91m1
2022-06-11 06:13:00 → 601112672704 → youxidaili → 来（发 ）广告，联系 bs91m1
2022-06-11 06:14:58 → 60142963511 → cvv666money → 想要（发 ）广告，找 bs91m1
2022-06-11 06:16:50 → 601112672704 → fv0015 → (session) 协议号，零售、批发 找，bs91m1
2022-06-11 06:19:39 → 60142963511 → yunqian68 → 需要 软、件，找 bs91m1
2022-06-11 06:20:38 → 601112672704 → zuqiushuju → 需要 群、发，找 bs91m1
2022-06-11 06:22:37 → 601112672704 → dunxin106 → 想要（发 ）广告，找 bs91m1
2022-06-11 06:28:05 → 60142963511 → lbbet → 需要 软、件，找 bs91m1
2022-06-11 06:29:03 → 601112672704 → jinsanjiaobc → 需要 群、发，找 bs91m1
2022-06-11 06:31:14 → 62895324567778 → joinBCPH → 想要（发 ）广告，找 bs91m1
2022-06-11 06:33:06 → 60142963511 → dsfdshhs → 来（发 ）广告，联系 bs91m1
2022-06-11 06:35:04 → 62895324567778 → yinlianguoji → 来（发 ）广告，联系 bs91m1
2022-06-11 06:36:02 → 60142963511 → phpzufang → 想要（发 ）广告，找 bs91m1
2022-06-11 06:38:05 → 601112672704 → USDThuzhu3 → (session) 协议号，零售、批发 找，bs91m1
2022-06-11 06:39:04 → 62895324567778 → fgdfdfherh → 要（发 ）广告，联系 bs91m1
2022-06-11 06:42:56 → 62895324567778 → dubai13148888 → 想找人（ 发 ）广告，找 bs91m1
2022-06-11 06:44:46 → 601112672704 → AG686 → 准备（发 ）广告，找 bs91m1
2022-06-11 06:45:51 → 601112672704 → adasdasw → 专业（发 ）广告，联系我 bs91m1
2022-06-11 06:46:49 → 60142963511 → jiaoyouqun123 → 需要 群、发软、件，找 bs91m1
2022-06-11 06:47:49 → 62895324567778 → Hpy888 → 需要 群、发软、件，找 bs91m1
2022-06-11 06:49:47 → 62895324567778 → phniuniu → (session) 协议号，零售、批发 找，bs91m1
2022-06-11 06:51:36 → 601112672704 → fjhq000hz → 需要 软、件，找 bs91m1
2022-06-11 06:52:34 → 60142963511 → cvv666money → 需要 群、发，找 bs91m1
2022-06-11 06:53:39 → 601112672704 → hnsdfhs155 → 专业（发 ）广告，联系我 bs91m1
2022-06-11 06:54:39 → 62895324567778 → zgfCYJT → 需要 软、件，找 bs91m1
2022-06-11 06:56:29 → 60142963511 → sirenweixin3 → 专业（发 ）广告，联系我 bs91m1
2022-06-11 06:57:36 → 62895324567778 → guojitongdaoduanxin → (session) 协议号，零售、批发 找，bs91m1
2022-06-11 06:58:34 → 60142963511 → shujyinl → 专业（发 ）广告，联系我 bs91m1
2022-06-11 07:01:23 → 60142963511 → yunqian68 → 准备（发 ）广告，找 bs91m1
2022-06-11 07:02:23 → 62895324567778 → Philippines_visa → 想要（发 ）广告，找 bs91m1
2022-06-11 07:05:15 → 601112672704 → adasdasw → 需要 群、发，找 bs91m1
2022-06-11 07:06:14 → 62895324567778 → G88888880 → 来（发 ）广告，联系 bs91m1
2022-06-11 07:07:13 → 60142963511 → xianliaoq → 想要（发 ）广告，找 bs91m1
2022-06-11 07:11:56 → 60142963511 → yhksijiantao11 → (session) 协议号，零售、批发 找，bs91m1
2022-06-11 07:13:01 → 601112672704 → ziyuanduijie1 → 来（发 ）广告，联系 bs91m1
2022-06-11 07:14:54 → 60142963511 → seguiren → 需要 群、发，找 bs91m1
2022-06-11 07:18:37 → 601112672704 → buyusdtx → 需要 软、件，找 bs91m1
2022-06-11 07:20:34 → 601112672704 → srjlq → 需要 软、件，找 bs91m1
2022-06-11 07:22:26 → 60142963511 → lbbet → 想要（发 ）广告，找 bs91m1
2022-06-11 07:24:25 → 601112672704 → youxidaili → 要（发 ）广告，联系 bs91m1
2022-06-11 07:25:23 → 60142963511 → sirenweixin3 → 需要 群、发，找 bs91m1
2022-06-11 07:28:15 → 60142963511 → phpzufang → 想要（发 ）广告，找 bs91m1
2022-06-11 07:29:13 → 601112672704 → zuqiushuju → 想找人（ 发 ）广告，找 bs91m1
2022-06-11 07:33:55 → 60142963511 → xianliaoq → 来（发 ）广告，联系 bs91m1
2022-06-11 07:34:53 → 601112672704 → fjhq000hz → 来（发 ）广告，联系 bs91m1
2022-06-11 07:37:42 → 601112672704 → fv0015 → 需要 群、发，找 bs91m1
2022-06-11 07:38:40 → 60142963511 → cvv666money → 来（发 ）广告，联系 bs91m1
2022-06-11 07:39:45 → 601112672704 → jinsanjiaobc → 来（发 ）广告，联系 bs91m1
2022-06-11 07:40:45 → 62895324567778 → phniuniu → 专业（发 ）广告，联系我 bs91m1
2022-06-11 07:41:44 → 60142963511 → yunqian68 → (session) 协议号，零售、批发 找，bs91m1
2022-06-11 07:43:42 → 62895324567778 → zgfCYJT → 想要（发 ）广告，找 bs91m1
2022-06-11 07:44:40 → 60142963511 → yhksijiantao11 → 专业（发 ）广告，联系我 bs91m1
2022-06-11 07:45:39 → 601112672704 → dunxin106 → 需要 群、发，找 bs91m1
2022-06-11 07:47:35 → 601112672704 → hnsdfhs155 → 来（发 ）广告，联系 bs91m1
2022-06-11 07:48:34 → 62895324567778 → Hpy888 → 想要（发 ）广告，找 bs91m1
2022-06-11 07:52:20 → 60142963511 → dsfdshhs → 需要 群、发软、件，找 bs91m1
2022-06-11 07:53:18 → 601112672704 → USDThuzhu3 → 需要 群、发软、件，找 bs91m1
2022-06-11 07:54:17 → 62895324567778 → fgdfdfherh → 要（发 ）广告，联系 bs91m1
2022-06-11 07:57:06 → 62895324567778 → dream888 → 来（发 ）广告，联系 bs91m1
2022-06-11 07:58:05 → 60142963511 → seguiren → (session) 协议号，零售、批发 找，bs91m1
2022-06-11 07:59:11 → 601112672704 → fjhq000hz → 专业（发 ）广告，联系我 bs91m1
2022-06-11 08:00:10 → 62895324567778 → Hpy111 → 需要 群、发软、件，找 bs91m1
2022-06-11 08:01:08 → 60142963511 → YHK_security → 需要 软、件，找 bs91m1
2022-06-11 08:03:05 → 60142963511 → jiaoyouqun123 → 专业（发 ）广告，联系我 bs91m1
2022-06-11 08:04:03 → 601112672704 → jinsanjiaobc → 想要（发 ）广告，找 bs91m1
2022-06-11 08:05:01 → 62895324567778 → xd836809 → 想找人（ 发 ）广告，找 bs91m1
2022-06-11 08:06:59 → 62895324567778 → amjwg → 专业（发 ）广告，联系我 bs91m1
2022-06-11 08:09:43 → 60142963511 → shujyinl → 准备（发 ）广告，找 bs91m1
2022-06-11 08:10:48 → 601112672704 → zuqiushuju → 需要 群、发软、件，找 bs91m1
2022-06-11 08:12:39 → 62895324567778 → dubai13148888 → (session) 协议号，零售、批发 找，bs91m1
2022-06-11 08:16:27 → 60142963511 → yhksijiantao11 → 来（发 ）广告，联系 bs91m1
2022-06-11 08:18:26 → 601112672704 → AG686 → 要（发 ）广告，联系 bs91m1
2022-06-11 08:22:16 → 60142963511 → shujyinl → 专业（发 ）广告，联系我 bs91m1
2022-06-11 08:24:07 → 601112672704 → USDThuzhu3 → 要（发 ）广告，联系 bs91m1
2022-06-11 08:26:07 → 60142963511 → dsfdshhs → 准备（发 ）广告，找 bs91m1
2022-06-11 08:28:51 → 601112672704 → dunxin106 → 想找人（ 发 ）广告，找 bs91m1
2022-06-11 08:31:42 → 601112672704 → hnsdfhs155 → 需要 软、件，找 bs91m1
2022-06-11 08:32:42 → 60142963511 → cvv666money → 来（发 ）广告，联系 bs91m1
2022-06-11 08:33:47 → 60142963511 → lbbet → 专业（发 ）广告，联系我 bs91m1
2022-06-11 08:35:37 → 601112672704 → adasdasw → 准备（发 ）广告，找 bs91m1
2022-06-11 08:36:37 → 62895324567778 → G88888880 → 需要 群、发软、件，找 bs91m1
2022-06-11 08:38:34 → 601112672704 → srjlq → 要（发 ）广告，联系 bs91m1
2022-06-11 08:39:32 → 60142963511 → xianliaoq → 来（发 ）广告，联系 bs91m1
2022-06-11 08:40:32 → 62895324567778 → joinBCPH → 需要 软、件，找 bs91m1
2022-06-11 08:41:37 → 60142963511 → jiaoyouqun123 → 来（发 ）广告，联系 bs91m1
2022-06-11 08:44:26 → 601112672704 → buyusdtx → 来（发 ）广告，联系 bs91m1
2022-06-11 08:46:22 → 601112672704 → fv0015 → (session) 协议号，零售、批发 找，bs91m1
2022-06-11 08:47:20 → 60142963511 → sirenweixin3 → 来（发 ）广告，联系 bs91m1
2022-06-11 08:49:17 → 601112672704 → youxidaili → 来（发 ）广告，联系 bs91m1
2022-06-11 08:51:07 → 60142963511 → seguiren → 想找人（ 发 ）广告，找 bs91m1
2022-06-11 08:53:12 → 60142963511 → yunqian68 → (session) 协议号，零售、批发 找，bs91m1
2022-06-11 08:54:10 → 62895324567778 → yinlianguoji → 需要 群、发软、件，找 bs91m1
2022-06-11 08:57:01 → 62895324567778 → Hpy888 → 需要 群、发软、件，找 bs91m1
2022-06-11 08:58:50 → 60142963511 → phpzufang → (session) 协议号，零售、批发 找，bs91m1
2022-06-11 09:00:54 → 60142963511 → YHK_security → 想要（发 ）广告，找 bs91m1
2022-06-11 09:02:44 → 601112672704 → zuqiushuju → 需要 群、发，找 bs91m1
2022-06-11 09:03:43 → 62895324567778 → zgfCYJT → 需要 群、发，找 bs91m1
2022-06-11 09:05:41 → 601112672704 → dunxin106 → 专业（发 ）广告，联系我 bs91m1
2022-06-11 09:07:32 → 62895324567778 → Hpy111 → 需要 群、发软、件，找 bs91m1
2022-06-11 09:08:36 → 601112672704 → adasdasw → 专业（发 ）广告，联系我 bs91m1
2022-06-11 09:09:37 → 62895324567778 → guojitongdaoduanxin → 准备（发 ）广告，找 bs91m1
2022-06-11 09:11:28 → 60142963511 → cvv666money → 要（发 ）广告，联系 bs91m1
2022-06-11 09:12:33 → 60142963511 → jiaoyouqun123 → (session) 协议号，零售、批发 找，bs91m1
2022-06-11 09:13:31 → 62895324567778 → joinBCPH → 准备（发 ）广告，找 bs91m1
2022-06-11 09:14:29 → 601112672704 → fjhq000hz → 想要（发 ）广告，找 bs91m1
2022-06-11 09:16:26 → 601112672704 → jinsanjiaobc → 想找人（ 发 ）广告，找 bs91m1
2022-06-11 09:17:25 → 60142963511 → lbbet → 需要 群、发软、件，找 bs91m1
2022-06-11 09:20:16 → 60142963511 → dsfdshhs → 准备（发 ）广告，找 bs91m1
2022-06-11 09:21:14 → 601112672704 → fv0015 → 要（发 ）广告，联系 bs91m1
2022-06-11 09:24:57 → 601112672704 → USDThuzhu3 → 专业（发 ）广告，联系我 bs91m1
2022-06-11 09:26:50 → 60142963511 → shujyinl → (session) 协议号，零售、批发 找，bs91m1
2022-06-11 09:27:55 → 601112672704 → ziyuanduijie1 → 来（发 ）广告，联系 bs91m1
2022-06-11 09:28:54 → 60142963511 → yhksijiantao11 → 专业（发 ）广告，联系我 bs91m1
2022-06-11 09:31:45 → 60142963511 → phpzufang → 需要 软、件，找 bs91m1
2022-06-11 09:33:35 → 601112672704 → youxidaili → 准备（发 ）广告，找 bs91m1
2022-06-11 09:38:14 → 60142963511 → YHK_security → 需要 群、发软、件，找 bs91m1
2022-06-11 09:39:21 → 62895324567778 → phniuniu → 想找人（ 发 ）广告，找 bs91m1
2022-06-11 09:40:19 → 601112672704 → hnsdfhs155 → 想要（发 ）广告，找 bs91m1
2022-06-11 09:42:09 → 60142963511 → yunqian68 → 来（发 ）广告，联系 bs91m1
2022-06-11 09:43:14 → 60142963511 → xianliaoq → 专业（发 ）广告，联系我 bs91m1
2022-06-11 09:44:13 → 62895324567778 → G88888880 → 专业（发 ）广告，联系我 bs91m1
2022-06-11 09:46:03 → 601112672704 → AG686 → 专业（发 ）广告，联系我 bs91m1
2022-06-11 09:48:01 → 62895324567778 → fgdfdfherh → 想找人（ 发 ）广告，找 bs91m1
2022-06-11 09:48:59 → 601112672704 → srjlq → (session) 协议号，零售、批发 找，bs91m1
2022-06-11 09:49:57 → 60142963511 → seguiren → 来（发 ）广告，联系 bs91m1
2022-06-11 09:52:52 → 62895324567778 → dream888 → (session) 协议号，零售、批发 找，bs91m1
2022-06-11 09:55:49 → 60142963511 → sirenweixin3 → 需要 群、发软、件，找 bs91m1
2022-06-11 09:59:35 → 62895324567778 → xd836809 → 专业（发 ）广告，联系我 bs91m1
2022-06-11 10:02:25 → 601112672704 → jinsanjiaobc → 准备（发 ）广告，找 bs91m1
2022-06-11 10:04:16 → 60142963511 → phpzufang → 来（发 ）广告，联系 bs91m1
2022-06-11 10:05:15 → 62895324567778 → miaomiao12356 → 来（发 ）广告，联系 bs91m1
2022-06-11 10:06:22 → 62895324567778 → Philippines_visa → 需要 群、发，找 bs91m1
2022-06-11 10:07:20 → 60142963511 → xianliaoq → 需要 群、发，找 bs91m1
2022-06-11 10:09:11 → 601112672704 → dunxin106 → 想要（发 ）广告，找 bs91m1
2022-06-11 10:10:16 → 601112672704 → fjhq000hz → 要（发 ）广告，联系 bs91m1
2022-06-11 10:11:15 → 62895324567778 → joinBCPH → 专业（发 ）广告，联系我 bs91m1
2022-06-11 10:14:10 → 601112672704 → zuqiushuju → 来（发 ）广告，联系 bs91m1
2022-06-11 10:15:09 → 60142963511 → yhksijiantao11 → 想要（发 ）广告，找 bs91m1
2022-06-11 10:17:00 → 62895324567778 → yinlianguoji → 准备（发 ）广告，找 bs91m1
2022-06-11 10:18:05 → 62895324567778 → guojitongdaoduanxin → 想找人（ 发 ）广告，找 bs91m1
2022-06-11 10:19:04 → 60142963511 → yunqian68 → 需要 群、发软、件，找 bs91m1
2022-06-11 10:20:02 → 601112672704 → buyusdtx → 需要 群、发软、件，找 bs91m1
2022-06-11 10:21:59 → 60142963511 → YHK_security → 专业（发 ）广告，联系我 bs91m1
2022-06-11 10:22:57 → 601112672704 → youxidaili → 需要 群、发软、件，找 bs91m1
2022-06-11 10:27:34 → 60142963511 → shujyinl → 准备（发 ）广告，找 bs91m1
2022-06-11 10:28:32 → 601112672704 → fv0015 → (session) 协议号，零售、批发 找，bs91m1
2022-06-11 10:30:29 → 60142963511 → sirenweixin3 → (session) 协议号，零售、批发 找，bs91m1
2022-06-11 10:32:21 → 601112672704 → srjlq → 需要 群、发软、件，找 bs91m1
2022-06-11 10:35:12 → 601112672704 → USDThuzhu3 → (session) 协议号，零售、批发 找，bs91m1
2022-06-11 10:36:11 → 60142963511 → lbbet → (session) 协议号，零售、批发 找，bs91m1
2022-06-11 10:38:10 → 601112672704 → hnsdfhs155 → 专业（发 ）广告，联系我 bs91m1
2022-06-11 10:39:08 → 60142963511 → cvv666money → 来（发 ）广告，联系 bs91m1
2022-06-11 10:41:05 → 60142963511 → seguiren → 要（发 ）广告，联系 bs91m1
2022-06-11 10:42:04 → 601112672704 → ziyuanduijie1 → 准备（发 ）广告，找 bs91m1
2022-06-11 10:44:59 → 60142963511 → dsfdshhs → 需要 群、发软、件，找 bs91m1
2022-06-11 10:46:50 → 62895324567778 → phniuniu → 需要 群、发，找 bs91m1
2022-06-11 10:47:48 → 601112672704 → adasdasw → (session) 协议号，零售、批发 找，bs91m1
2022-06-11 10:48:54 → 62895324567778 → zgfCYJT → 需要 软、件，找 bs91m1
2022-06-11 10:50:44 → 60142963511 → jiaoyouqun123 → 准备（发 ）广告，找 bs91m1
2022-06-11 10:54:26 → 62895324567778 → amjwg → 想找人（ 发 ）广告，找 bs91m1
2022-06-11 10:56:26 → 62895324567778 → dubai13148888 → 专业（发 ）广告，联系我 bs91m1
2022-06-11 10:57:25 → 60142963511 → lbbet → 准备（发 ）广告，找 bs91m1
2022-06-11 10:58:23 → 601112672704 → fjhq000hz → 需要 软、件，找 bs91m1
2022-06-11 11:00:20 → 60142963511 → YHK_security → 来（发 ）广告，联系 bs91m1
2022-06-11 11:01:19 → 62895324567778 → dream888 → 需要 软、件，找 bs91m1
2022-06-11 11:02:16 → 601112672704 → AG686 → 来（发 ）广告，联系 bs91m1
2022-06-11 11:04:12 → 601112672704 → zuqiushuju → 准备（发 ）广告，找 bs91m1
2022-06-11 11:05:11 → 60142963511 → shujyinl → 来（发 ）广告，联系 bs91m1
2022-06-11 11:08:02 → 62895324567778 → miaomiao12356 → 来（发 ）广告，联系 bs91m1
2022-06-11 11:09:00 → 601112672704 → adasdasw → 需要 群、发，找 bs91m1
2022-06-11 11:10:49 → 60142963511 → xianliaoq → 准备（发 ）广告，找 bs91m1
2022-06-11 11:11:55 → 60142963511 → jiaoyouqun123 → 需要 群、发，找 bs91m1
2022-06-11 11:12:53 → 601112672704 → USDThuzhu3 → 要（发 ）广告，联系 bs91m1
2022-06-11 11:13:52 → 62895324567778 → Hpy111 → 准备（发 ）广告，找 bs91m1
2022-06-11 11:15:49 → 601112672704 → jinsanjiaobc → (session) 协议号，零售、批发 找，bs91m1
2022-06-11 11:16:47 → 62895324567778 → dream888 → 想要（发 ）广告，找 bs91m1
2022-06-11 11:18:37 → 60142963511 → sirenweixin3 → 需要 群、发软、件，找 bs91m1
2022-06-11 11:21:34 → 601112672704 → youxidaili → 需要 群、发软、件，找 bs91m1
2022-06-11 11:23:32 → 60142963511 → seguiren → 需要 群、发，找 bs91m1
2022-06-11 11:24:30 → 601112672704 → hnsdfhs155 → (session) 协议号，零售、批发 找，bs91m1
2022-06-11 11:25:28 → 62895324567778 → xd836809 → (session) 协议号，零售、批发 找，bs91m1
2022-06-11 11:27:25 → 60142963511 → yhksijiantao11 → 需要 群、发，找 bs91m1
2022-06-11 11:29:16 → 601112672704 → dunxin106 → 想找人（ 发 ）广告，找 bs91m1
2022-06-11 11:31:14 → 60142963511 → phpzufang → 专业（发 ）广告，联系我 bs91m1
2022-06-11 11:36:50 → 60142963511 → cvv666money → 需要 软、件，找 bs91m1
2022-06-11 11:37:48 → 601112672704 → srjlq → 专业（发 ）广告，联系我 bs91m1
2022-06-11 11:40:39 → 601112672704 → fv0015 → 需要 群、发，找 bs91m1
2022-06-11 11:41:38 → 60142963511 → dsfdshhs → 需要 软、件，找 bs91m1
2022-06-11 11:42:43 → 601112672704 → buyusdtx → 想找人（ 发 ）广告，找 bs91m1
2022-06-11 11:43:41 → 60142963511 → yunqian68 → 需要 群、发，找 bs91m1
2022-06-11 11:44:40 → 62895324567778 → phniuniu → 专业（发 ）广告，联系我 bs91m1
2022-06-11 11:46:38 → 62895324567778 → joinBCPH → 准备（发 ）广告，找 bs91m1
2022-06-11 11:54:14 → 62895324567778 → G88888880 → 专业（发 ）广告，联系我 bs91m1
2022-06-11 11:55:12 → 60142963511 → jiaoyouqun123 → 想要（发 ）广告，找 bs91m1
2022-06-11 11:57:01 → 601112672704 → ziyuanduijie1 → 需要 软、件，找 bs91m1
2022-06-11 11:58:07 → 60142963511 → cvv666money → 想找人（ 发 ）广告，找 bs91m1
2022-06-11 11:59:06 → 601112672704 → adasdasw → 来（发 ）广告，联系 bs91m1
2022-06-11 12:02:02 → 62895324567778 → yinlianguoji → 需要 群、发软、件，找 bs91m1
2022-06-11 12:03:00 → 601112672704 → hnsdfhs155 → 准备（发 ）广告，找 bs91m1
2022-06-11 12:03:58 → 60142963511 → phpzufang → 想找人（ 发 ）广告，找 bs91m1
2022-06-11 12:05:55 → 60142963511 → lbbet → 专业（发 ）广告，联系我 bs91m1
2022-06-11 12:06:53 → 62895324567778 → Philippines_visa → 需要 群、发，找 bs91m1
2022-06-11 12:08:42 → 601112672704 → dunxin106 → 专业（发 ）广告，联系我 bs91m1
2022-06-11 12:10:41 → 62895324567778 → dubai13148888 → (session) 协议号，零售、批发 找，bs91m1
2022-06-11 12:11:39 → 60142963511 → sirenweixin3 → 需要 群、发，找 bs91m1
2022-06-11 12:14:31 → 60142963511 → shujyinl → 准备（发 ）广告，找 bs91m1
2022-06-11 12:16:20 → 601112672704 → zuqiushuju → 需要 群、发，找 bs91m1
2022-06-11 12:17:26 → 60142963511 → YHK_security → 需要 群、发软、件，找 bs91m1
2022-06-11 12:18:25 → 62895324567778 → fgdfdfherh → 需要 群、发软、件，找 bs91m1
2022-06-11 12:20:15 → 601112672704 → youxidaili → 专业（发 ）广告，联系我 bs91m1
2022-06-11 12:21:20 → 601112672704 → AG686 → 来（发 ）广告，联系 bs91m1
2022-06-11 12:22:19 → 62895324567778 → dubai13148888 → 想找人（ 发 ）广告，找 bs91m1
2022-06-11 12:24:08 → 60142963511 → yhksijiantao11 → 需要 群、发软、件，找 bs91m1
2022-06-11 12:26:07 → 601112672704 → fjhq000hz → (session) 协议号，零售、批发 找，bs91m1
2022-06-11 12:27:05 → 60142963511 → xianliaoq → 要（发 ）广告，联系 bs91m1
2022-06-11 12:30:48 → 60142963511 → seguiren → (session) 协议号，零售、批发 找，bs91m1
2022-06-11 12:31:46 → 601112672704 → USDThuzhu3 → (session) 协议号，零售、批发 找，bs91m1
2022-06-11 12:34:36 → 60142963511 → yunqian68 → (session) 协议号，零售、批发 找，bs91m1
2022-06-11 12:35:34 → 601112672704 → jinsanjiaobc → 要（发 ）广告，联系 bs91m1
2022-06-11 12:38:25 → 60142963511 → dsfdshhs → 需要 软、件，找 bs91m1
2022-06-11 12:39:23 → 601112672704 → srjlq → 来（发 ）广告，联系 bs91m1
2022-06-11 12:40:29 → 601112672704 → fv0015 → 需要 软、件，找 bs91m1
2022-06-11 12:45:57 → 62895324567778 → Hpy888 → (session) 协议号，零售、批发 找，bs91m1
2022-06-11 12:46:55 → 60142963511 → yunqian68 → 想找人（ 发 ）广告，找 bs91m1
2022-06-11 12:48:01 → 60142963511 → yhksijiantao11 → 专业（发 ）广告，联系我 bs91m1
2022-06-11 12:49:00 → 601112672704 → zuqiushuju → 需要 群、发软、件，找 bs91m1
2022-06-11 12:54:41 → 62895324567778 → dream888 → (session) 协议号，零售、批发 找，bs91m1
2022-06-11 12:55:47 → 62895324567778 → miaomiao12356 → 需要 群、发，找 bs91m1
2022-06-11 12:56:45 → 60142963511 → sirenweixin3 → 准备（发 ）广告，找 bs91m1
2022-06-11 12:58:35 → 601112672704 → USDThuzhu3 → 需要 群、发软、件，找 bs91m1
2022-06-11 12:59:40 → 601112672704 → fv0015 → 要（发 ）广告，联系 bs91m1
2022-06-11 13:00:38 → 60142963511 → lbbet → 准备（发 ）广告，找 bs91m1
2022-06-11 13:01:39 → 62895324567778 → joinBCPH → 需要 群、发软、件，找 bs91m1
2022-06-11 13:05:25 → 60142963511 → YHK_security → 想找人（ 发 ）广告，找 bs91m1
2022-06-11 13:06:24 → 62895324567778 → phniuniu → 想找人（ 发 ）广告，找 bs91m1
2022-06-11 13:07:29 → 601112672704 → youxidaili → 需要 群、发软、件，找 bs91m1
2022-06-11 13:08:27 → 60142963511 → cvv666money → 需要 群、发，找 bs91m1
2022-06-11 13:09:26 → 62895324567778 → zgfCYJT → 想找人（ 发 ）广告，找 bs91m1
2022-06-11 13:12:15 → 601112672704 → fjhq000hz → (session) 协议号，零售、批发 找，bs91m1
2022-06-11 13:13:13 → 62895324567778 → G88888880 → 准备（发 ）广告，找 bs91m1
2022-06-11 13:14:11 → 60142963511 → jiaoyouqun123 → 来（发 ）广告，联系 bs91m1
2022-06-11 13:15:16 → 601112672704 → srjlq → 需要 软、件，找 bs91m1
2022-06-11 13:18:05 → 60142963511 → dsfdshhs → 来（发 ）广告，联系 bs91m1
2022-06-11 13:19:10 → 60142963511 → shujyinl → 专业（发 ）广告，联系我 bs91m1
2022-06-11 13:21:01 → 601112672704 → hnsdfhs155 → (session) 协议号，零售、批发 找，bs91m1
2022-06-11 13:22:00 → 62895324567778 → amjwg → 想找人（ 发 ）广告，找 bs91m1
2022-06-11 13:23:57 → 60142963511 → seguiren → 需要 软、件，找 bs91m1
2022-06-11 13:25:48 → 601112672704 → ziyuanduijie1 → 需要 群、发，找 bs91m1
2022-06-11 13:27:45 → 601112672704 → jinsanjiaobc → 需要 群、发软、件，找 bs91m1
2022-06-11 13:28:42 → 60142963511 → phpzufang → 需要 群、发软、件，找 bs91m1
2022-06-11 13:30:43 → 601112672704 → dunxin106 → 要（发 ）广告，联系 bs91m1
2022-06-11 13:32:36 → 60142963511 → xianliaoq → 想要（发 ）广告，找 bs91m1
2022-06-11 13:35:25 → 601112672704 → buyusdtx → 想要（发 ）广告，找 bs91m1
2022-06-11 13:39:07 → 601112672704 → adasdasw → 专业（发 ）广告，联系我 bs91m1
2022-06-11 13:40:07 → 60142963511 → cvv666money → 要（发 ）广告，联系 bs91m1
2022-06-11 13:42:58 → 60142963511 → xianliaoq → 专业（发 ）广告，联系我 bs91m1
2022-06-11 13:46:06 → 62895324567778 → amjwg → 想要（发 ）广告，找 bs91m1
2022-06-11 13:47:57 → 601112672704 → zuqiushuju → 专业（发 ）广告，联系我 bs91m1
2022-06-11 13:49:59 → 60142963511 → yunqian68 → 想要（发 ）广告，找 bs91m1
2022-06-11 13:50:58 → 601112672704 → AG686 → 准备（发 ）广告，找 bs91m1
2022-06-11 13:51:57 → 62895324567778 → guojitongdaoduanxin → 想找人（ 发 ）广告，找 bs91m1
2022-06-11 13:54:45 → 601112672704 → srjlq → 想要（发 ）广告，找 bs91m1
2022-06-11 13:55:43 → 60142963511 → yhksijiantao11 → 想找人（ 发 ）广告，找 bs91m1
2022-06-11 13:56:41 → 62895324567778 → dubai13148888 → 想要（发 ）广告，找 bs91m1
2022-06-11 13:57:46 → 601112672704 → dunxin106 → 来（发 ）广告，联系 bs91m1
2022-06-11 13:59:35 → 62895324567778 → Philippines_visa → 要（发 ）广告，联系 bs91m1
2022-06-11 14:00:34 → 60142963511 → dsfdshhs → 专业（发 ）广告，联系我 bs91m1
2022-06-11 14:01:41 → 60142963511 → shujyinl → 需要 软、件，找 bs91m1
2022-06-11 14:05:31 → 62895324567778 → miaomiao12356 → 来（发 ）广告，联系 bs91m1
2022-06-11 14:06:29 → 60142963511 → YHK_security → 需要 软、件，找 bs91m1
2022-06-11 14:11:13 → 601112672704 → jinsanjiaobc → 想要（发 ）广告，找 bs91m1
2022-06-11 14:12:11 → 62895324567778 → xd836809 → 专业（发 ）广告，联系我 bs91m1
2022-06-11 14:14:09 → 60142963511 → phpzufang → 来（发 ）广告，联系 bs91m1
2022-06-11 14:15:07 → 62895324567778 → zgfCYJT → 来（发 ）广告，联系 bs91m1
2022-06-11 14:16:05 → 601112672704 → fv0015 → 需要 群、发，找 bs91m1
2022-06-11 14:17:11 → 601112672704 → USDThuzhu3 → 想找人（ 发 ）广告，找 bs91m1
2022-06-11 14:19:02 → 62895324567778 → phniuniu → 想找人（ 发 ）广告，找 bs91m1
2022-06-11 14:20:01 → 60142963511 → jiaoyouqun123 → (session) 协议号，零售、批发 找，bs91m1
2022-06-11 14:21:06 → 601112672704 → hnsdfhs155 → 想找人（ 发 ）广告，找 bs91m1
2022-06-11 14:22:04 → 60142963511 → seguiren → 来（发 ）广告，联系 bs91m1
2022-06-11 14:23:55 → 62895324567778 → dream888 → 准备（发 ）广告，找 bs91m1
2022-06-11 14:26:47 → 60142963511 → lbbet → 要（发 ）广告，联系 bs91m1
2022-06-11 14:27:45 → 601112672704 → adasdasw → 要（发 ）广告，联系 bs91m1
2022-06-11 14:28:50 → 601112672704 → youxidaili → 想找人（ 发 ）广告，找 bs91m1
2022-06-11 14:32:34 → 601112672704 → ziyuanduijie1 → 想要（发 ）广告，找 bs91m1
2022-06-11 14:33:33 → 60142963511 → xianliaoq → 想要（发 ）广告，找 bs91m1
2022-06-11 14:37:17 → 60142963511 → dsfdshhs → 来（发 ）广告，联系 bs91m1
2022-06-11 14:39:07 → 601112672704 → fjhq000hz → 需要 群、发软、件，找 bs91m1
2022-06-11 14:41:04 → 60142963511 → jiaoyouqun123 → 想找人（ 发 ）广告，找 bs91m1
2022-06-11 14:45:41 → 60142963511 → cvv666money → 需要 软、件，找 bs91m1
2022-06-11 14:46:41 → 601112672704 → hnsdfhs155 → 需要 群、发软、件，找 bs91m1
2022-06-11 14:48:38 → 62895324567778 → yinlianguoji → 专业（发 ）广告，联系我 bs91m1
2022-06-11 14:49:36 → 601112672704 → adasdasw → 来（发 ）广告，联系 bs91m1
2022-06-11 14:50:35 → 60142963511 → phpzufang → 专业（发 ）广告，联系我 bs91m1
2022-06-11 14:51:40 → 62895324567778 → miaomiao12356 → 专业（发 ）广告，联系我 bs91m1
2022-06-11 14:52:38 → 601112672704 → fv0015 → 需要 群、发，找 bs91m1
2022-06-11 14:54:29 → 60142963511 → yunqian68 → 来（发 ）广告，联系 bs91m1
2022-06-11 14:56:26 → 62895324567778 → G88888880 → (session) 协议号，零售、批发 找，bs91m1
2022-06-11 14:58:18 → 60142963511 → seguiren → 来（发 ）广告，联系 bs91m1
2022-06-11 14:59:24 → 62895324567778 → joinBCPH → 想找人（ 发 ）广告，找 bs91m1
2022-06-11 15:00:22 → 601112672704 → jinsanjiaobc → 来（发 ）广告，联系 bs91m1
2022-06-11 15:01:20 → 60142963511 → sirenweixin3 → 需要 群、发软、件，找 bs91m1
2022-06-11 15:03:17 → 601112672704 → zuqiushuju → 来（发 ）广告，联系 bs91m1
2022-06-11 15:05:06 → 60142963511 → lbbet → 需要 群、发，找 bs91m1
2022-06-11 15:07:10 → 62895324567778 → guojitongdaoduanxin → 准备（发 ）广告，找 bs91m1
2022-06-11 15:08:08 → 60142963511 → YHK_security → 来（发 ）广告，联系 bs91m1
2022-06-11 15:09:06 → 601112672704 → fjhq000hz → 想要（发 ）广告，找 bs91m1
2022-06-11 15:11:56 → 62895324567778 → phniuniu → 专业（发 ）广告，联系我 bs91m1
2022-06-11 15:13:52 → 60142963511 → shujyinl → 专业（发 ）广告，联系我 bs91m1
2022-06-11 15:14:57 → 60142963511 → yhksijiantao11 → 需要 群、发，找 bs91m1
2022-06-11 15:15:56 → 62895324567778 → fgdfdfherh → 想要（发 ）广告，找 bs91m1
2022-06-11 15:17:46 → 601112672704 → youxidaili → (session) 协议号，零售、批发 找，bs91m1
2022-06-11 15:19:49 → 62895324567778 → Hpy888 → 来（发 ）广告，联系 bs91m1
2022-06-11 15:20:46 → 601112672704 → dunxin106 → 需要 群、发软、件，找 bs91m1
2022-06-11 15:22:43 → 62895324567778 → dubai13148888 → 需要 群、发，找 bs91m1
2022-06-11 15:24:32 → 601112672704 → srjlq → 想要（发 ）广告，找 bs91m1
2022-06-11 15:27:22 → 601112672704 → USDThuzhu3 → 想要（发 ）广告，找 bs91m1
2022-06-11 15:29:15 → 60142963511 → lbbet → 需要 软、件，找 bs91m1
2022-06-11 15:31:11 → 601112672704 → buyusdtx → 想要（发 ）广告，找 bs91m1
2022-06-11 15:32:11 → 60142963511 → yunqian68 → 要（发 ）广告，联系 bs91m1
2022-06-11 15:35:56 → 601112672704 → AG686 → (session) 协议号，零售、批发 找，bs91m1
2022-06-11 15:36:54 → 60142963511 → sirenweixin3 → 来（发 ）广告，联系 bs91m1
2022-06-11 15:41:42 → 601112672704 → adasdasw → 想找人（ 发 ）广告，找 bs91m1
2022-06-11 15:43:32 → 60142963511 → dsfdshhs → 需要 软、件，找 bs91m1
2022-06-11 15:46:23 → 60142963511 → phpzufang → 需要 群、发软、件，找 bs91m1
2022-06-11 15:49:16 → 60142963511 → xianliaoq → 需要 群、发软、件，找 bs91m1
2022-06-11 15:51:07 → 601112672704 → youxidaili → 来（发 ）广告，联系 bs91m1
2022-06-11 15:52:05 → 62895324567778 → zgfCYJT → 准备（发 ）广告，找 bs91m1
2022-06-11 15:54:03 → 60142963511 → seguiren → 需要 软、件，找 bs91m1
2022-06-11 15:55:01 → 62895324567778 → G88888880 → 来（发 ）广告，联系 bs91m1
2022-06-11 15:57:52 → 62895324567778 → fgdfdfherh → 准备（发 ）广告，找 bs91m1
2022-06-11 15:58:50 → 601112672704 → ziyuanduijie1 → 需要 群、发软、件，找 bs91m1
2022-06-11 16:01:44 → 601112672704 → zuqiushuju → 需要 群、发，找 bs91m1
2022-06-11 16:03:40 → 60142963511 → shujyinl → 要（发 ）广告，联系 bs91m1
2022-06-11 16:04:46 → 62895324567778 → guojitongdaoduanxin → 准备（发 ）广告，找 bs91m1
2022-06-11 16:05:43 → 601112672704 → fv0015 → 想找人（ 发 ）广告，找 bs91m1
2022-06-11 16:06:43 → 60142963511 → jiaoyouqun123 → (session) 协议号，零售、批发 找，bs91m1
2022-06-11 16:09:31 → 601112672704 → USDThuzhu3 → (session) 协议号，零售、批发 找，bs91m1
2022-06-11 16:10:30 → 60142963511 → cvv666money → 想要（发 ）广告，找 bs91m1
2022-06-11 16:11:28 → 62895324567778 → yinlianguoji → 专业（发 ）广告，联系我 bs91m1
2022-06-11 16:12:34 → 62895324567778 → phniuniu → 要（发 ）广告，联系 bs91m1
2022-06-11 16:13:31 → 601112672704 → hnsdfhs155 → 来（发 ）广告，联系 bs91m1
2022-06-11 16:14:30 → 60142963511 → yhksijiantao11 → 需要 软、件，找 bs91m1
2022-06-11 16:16:26 → 601112672704 → fjhq000hz → 想要（发 ）广告，找 bs91m1
2022-06-11 16:18:17 → 62895324567778 → Philippines_visa → 专业（发 ）广告，联系我 bs91m1
2022-06-11 16:20:13 → 601112672704 → jinsanjiaobc → 来（发 ）广告，联系 bs91m1
2022-06-11 16:21:13 → 60142963511 → dsfdshhs → 需要 群、发软、件，找 bs91m1
2022-06-11 16:24:07 → 60142963511 → yhksijiantao11 → (session) 协议号，零售、批发 找，bs91m1
2022-06-11 16:25:06 → 62895324567778 → xd836809 → 要（发 ）广告，联系 bs91m1
2022-06-11 16:26:04 → 601112672704 → srjlq → 想要（发 ）广告，找 bs91m1
2022-06-11 16:28:01 → 601112672704 → dunxin106 → 想要（发 ）广告，找 bs91m1
2022-06-11 16:29:00 → 60142963511 → phpzufang → 想找人（ 发 ）广告，找 bs91m1
2022-06-11 16:31:51 → 60142963511 → sirenweixin3 → 需要 软、件，找 bs91m1
2022-06-11 16:32:48 → 601112672704 → buyusdtx → 来（发 ）广告，联系 bs91m1
2022-06-11 16:36:32 → 60142963511 → xianliaoq → 需要 群、发软、件，找 bs91m1
2022-06-11 16:40:16 → 601112672704 → hnsdfhs155 → 来（发 ）广告，联系 bs91m1
2022-06-11 16:43:12 → 60142963511 → seguiren → 要（发 ）广告，联系 bs91m1
2022-06-11 16:45:04 → 601112672704 → AG686 → 准备（发 ）广告，找 bs91m1
2022-06-11 16:47:02 → 60142963511 → shujyinl → 要（发 ）广告，联系 bs91m1
2022-06-11 16:48:51 → 601112672704 → adasdasw → 需要 群、发，找 bs91m1
2022-06-11 16:51:43 → 601112672704 → fjhq000hz → 准备（发 ）广告，找 bs91m1
2022-06-11 16:53:33 → 60142963511 → jiaoyouqun123 → 准备（发 ）广告，找 bs91m1
2022-06-11 16:54:38 → 60142963511 → lbbet → 需要 群、发软、件，找 bs91m1
2022-06-11 16:55:37 → 62895324567778 → Hpy111 → 来（发 ）广告，联系 bs91m1
2022-06-11 16:56:34 → 601112672704 → srjlq → 想要（发 ）广告，找 bs91m1
2022-06-11 16:59:25 → 601112672704 → youxidaili → 想要（发 ）广告，找 bs91m1
2022-06-11 17:02:21 → 60142963511 → cvv666money → 准备（发 ）广告，找 bs91m1
2022-06-11 17:04:10 → 601112672704 → USDThuzhu3 → 想要（发 ）广告，找 bs91m1
2022-06-11 17:05:09 → 62895324567778 → zgfCYJT → 专业（发 ）广告，联系我 bs91m1
2022-06-11 17:07:07 → 60142963511 → yunqian68 → 要（发 ）广告，联系 bs91m1
2022-06-11 17:08:05 → 62895324567778 → amjwg → 要（发 ）广告，联系 bs91m1
2022-06-11 17:11:54 → 62895324567778 → dream888 → 想要（发 ）广告，找 bs91m1
2022-06-11 17:14:42 → 601112672704 → zuqiushuju → 来（发 ）广告，联系 bs91m1
2022-06-11 17:15:42 → 60142963511 → dsfdshhs → 想找人（ 发 ）广告，找 bs91m1
2022-06-11 17:16:40 → 62895324567778 → Philippines_visa → 需要 软、件，找 bs91m1
2022-06-11 17:17:45 → 60142963511 → lbbet → 来（发 ）广告，联系 bs91m1
2022-06-11 17:19:35 → 601112672704 → ziyuanduijie1 → 想找人（ 发 ）广告，找 bs91m1
2022-06-11 17:20:33 → 62895324567778 → yinlianguoji → 想要（发 ）广告，找 bs91m1
2022-06-11 17:21:38 → 62895324567778 → joinBCPH → 想找人（ 发 ）广告，找 bs91m1
2022-06-11 17:22:37 → 60142963511 → jiaoyouqun123 → 需要 群、发，找 bs91m1
2022-06-11 17:23:35 → 601112672704 → dunxin106 → 要（发 ）广告，联系 bs91m1
2022-06-11 17:26:24 → 60142963511 → phpzufang → 来（发 ）广告，联系 bs91m1
2022-06-11 17:27:22 → 601112672704 → jinsanjiaobc → 要（发 ）广告，联系 bs91m1
2022-06-11 17:29:25 → 60142963511 → shujyinl → 需要 软、件，找 bs91m1
2022-06-11 17:30:23 → 62895324567778 → guojitongdaoduanxin → (session) 协议号，零售、批发 找，bs91m1
2022-06-11 17:31:20 → 601112672704 → fv0015 → 需要 群、发，找 bs91m1
2022-06-11 17:33:18 → 62895324567778 → fgdfdfherh → 要（发 ）广告，联系 bs91m1
2022-06-11 17:36:00 → 60142963511 → yunqian68 → 想找人（ 发 ）广告，找 bs91m1
2022-06-11 17:37:59 → 60142963511 → seguiren → 需要 软、件，找 bs91m1
2022-06-11 17:39:50 → 601112672704 → zuqiushuju → 要（发 ）广告，联系 bs91m1
2022-06-11 17:41:47 → 60142963511 → cvv666money → 来（发 ）广告，联系 bs91m1
2022-06-11 17:43:39 → 601112672704 → buyusdtx → 来（发 ）广告，联系 bs91m1
2022-06-11 17:46:29 → 601112672704 → fjhq000hz → 专业（发 ）广告，联系我 bs91m1
2022-06-11 17:47:27 → 60142963511 → yhksijiantao11 → 想找人（ 发 ）广告，找 bs91m1
2022-06-11 17:53:08 → 601112672704 → AG686 → 想找人（ 发 ）广告，找 bs91m1
2022-06-11 17:54:05 → 60142963511 → xianliaoq → 想要（发 ）广告，找 bs91m1
2022-06-11 17:55:50 → 62895324567778 → xd836809 → 来（发 ）广告，联系 bs91m1
2022-06-11 17:57:47 → 62895324567778 → phniuniu → 想要（发 ）广告，找 bs91m1
2022-06-11 17:58:44 → 601112672704 → adasdasw → 需要 群、发，找 bs91m1
2022-06-11 17:59:43 → 60142963511 → YHK_security → 来（发 ）广告，联系 bs91m1
2022-06-11 18:02:31 → 60142963511 → sirenweixin3 → 要（发 ）广告，联系 bs91m1
2022-06-11 18:03:30 → 601112672704 → hnsdfhs155 → 想要（发 ）广告，找 bs91m1
2022-06-11 18:04:34 → 601112672704 → dunxin106 → 要（发 ）广告，联系 bs91m1
2022-06-11 18:07:18 → 62895324567778 → zgfCYJT → 来（发 ）广告，联系 bs91m1
2022-06-11 18:08:23 → 62895324567778 → miaomiao12356 → (session) 协议号，零售、批发 找，bs91m1
2022-06-11 18:11:12 → 60142963511 → cvv666money → 需要 群、发，找 bs91m1
2022-06-11 18:12:17 → 601112672704 → youxidaili → 想找人（ 发 ）广告，找 bs91m1
2022-06-11 18:15:06 → 62895324567778 → guojitongdaoduanxin → 来（发 ）广告，联系 bs91m1
2022-06-11 18:16:11 → 601112672704 → USDThuzhu3 → 要（发 ）广告，联系 bs91m1
2022-06-11 18:17:09 → 60142963511 → yhksijiantao11 → 准备（发 ）广告，找 bs91m1
2022-06-11 18:18:59 → 62895324567778 → dream888 → 想找人（ 发 ）广告，找 bs91m1
2022-06-11 18:20:05 → 62895324567778 → joinBCPH → 来（发 ）广告，联系 bs91m1
2022-06-11 18:21:03 → 60142963511 → lbbet → 想要（发 ）广告，找 bs91m1
2022-06-11 18:22:52 → 601112672704 → jinsanjiaobc → 想找人（ 发 ）广告，找 bs91m1
2022-06-11 18:23:58 → 62895324567778 → fgdfdfherh → 想找人（ 发 ）广告，找 bs91m1
2022-06-11 18:25:48 → 601112672704 → fv0015 → 来（发 ）广告，联系 bs91m1
2022-06-11 18:26:46 → 60142963511 → xianliaoq → 想找人（ 发 ）广告，找 bs91m1
2022-06-11 18:27:52 → 62895324567778 → phniuniu → 想要（发 ）广告，找 bs91m1
2022-06-11 18:28:49 → 601112672704 → srjlq → 需要 软、件，找 bs91m1
2022-06-11 18:30:39 → 60142963511 → jiaoyouqun123 → 来（发 ）广告，联系 bs91m1
2022-06-11 18:31:44 → 62895324567778 → Philippines_visa → 专业（发 ）广告，联系我 bs91m1
2022-06-11 18:33:35 → 60142963511 → YHK_security → 要（发 ）广告，联系 bs91m1
2022-06-11 18:38:14 → 60142963511 → dsfdshhs → 来（发 ）广告，联系 bs91m1
2022-06-11 18:39:20 → 60142963511 → yunqian68 → 专业（发 ）广告，联系我 bs91m1
2022-06-11 18:40:17 → 601112672704 → jinsanjiaobc → 专业（发 ）广告，联系我 bs91m1
2022-06-11 18:43:09 → 601112672704 → zuqiushuju → 来（发 ）广告，联系 bs91m1
2022-06-11 18:44:59 → 60142963511 → shujyinl → 专业（发 ）广告，联系我 bs91m1
2022-06-11 18:46:57 → 601112672704 → dunxin106 → 需要 群、发，找 bs91m1
2022-06-11 18:48:47 → 60142963511 → seguiren → 想找人（ 发 ）广告，找 bs91m1
2022-06-11 18:52:33 → 60142963511 → phpzufang → 专业（发 ）广告，联系我 bs91m1
2022-06-11 18:53:30 → 601112672704 → AG686 → 准备（发 ）广告，找 bs91m1
2022-06-11 18:54:35 → 601112672704 → srjlq → 想要（发 ）广告，找 bs91m1
2022-06-11 18:57:23 → 62895324567778 → Hpy888 → 需要 软、件，找 bs91m1
2022-06-11 18:58:27 → 601112672704 → hnsdfhs155 → 需要 群、发软、件，找 bs91m1
2022-06-11 19:02:13 → 62895324567778 → amjwg → (session) 协议号，零售、批发 找，bs91m1
2022-06-11 19:03:10 → 601112672704 → buyusdtx → 想找人（ 发 ）广告，找 bs91m1
2022-06-11 19:05:02 → 60142963511 → seguiren → 准备（发 ）广告，找 bs91m1
2022-06-11 19:06:07 → 62895324567778 → G88888880 → (session) 协议号，零售、批发 找，bs91m1
2022-06-11 19:07:06 → 60142963511 → xianliaoq → (session) 协议号，零售、批发 找，bs91m1
2022-06-11 19:08:04 → 601112672704 → adasdasw → 想找人（ 发 ）广告，找 bs91m1
2022-06-11 19:10:01 → 60142963511 → phpzufang → 来（发 ）广告，联系 bs91m1
2022-06-11 19:11:50 → 601112672704 → USDThuzhu3 → 需要 软、件，找 bs91m1
2022-06-11 19:13:47 → 601112672704 → fjhq000hz → 准备（发 ）广告，找 bs91m1
2022-06-11 19:15:38 → 60142963511 → cvv666money → 专业（发 ）广告，联系我 bs91m1
2022-06-11 19:16:37 → 62895324567778 → Hpy111 → 准备（发 ）广告，找 bs91m1
2022-06-11 19:17:41 → 60142963511 → jiaoyouqun123 → 专业（发 ）广告，联系我 bs91m1
2022-06-11 19:19:32 → 62895324567778 → zgfCYJT → 想要（发 ）广告，找 bs91m1
2022-06-11 19:20:29 → 601112672704 → fv0015 → 专业（发 ）广告，联系我 bs91m1
2022-06-11 19:21:35 → 62895324567778 → xd836809 → 要（发 ）广告，联系 bs91m1
2022-06-11 19:22:33 → 601112672704 → ziyuanduijie1 → 想找人（ 发 ）广告，找 bs91m1
2022-06-11 19:24:23 → 60142963511 → sirenweixin3 → 需要 群、发软、件，找 bs91m1
2022-06-11 19:25:28 → 601112672704 → youxidaili → 准备（发 ）广告，找 bs91m1
2022-06-11 19:28:16 → 62895324567778 → dubai13148888 → 想找人（ 发 ）广告，找 bs91m1
2022-06-11 19:32:02 → 60142963511 → yunqian68 → 想要（发 ）广告，找 bs91m1
2022-06-11 19:33:08 → 60142963511 → YHK_security → 来（发 ）广告，联系 bs91m1
2022-06-11 19:34:06 → 601112672704 → hnsdfhs155 → 需要 群、发软、件，找 bs91m1
2022-06-11 19:35:57 → 62895324567778 → fgdfdfherh → 专业（发 ）广告，联系我 bs91m1
2022-06-11 19:39:41 → 60142963511 → shujyinl → 想要（发 ）广告，找 bs91m1
2022-06-11 19:40:46 → 601112672704 → srjlq → 需要 群、发软、件，找 bs91m1
2022-06-11 19:41:44 → 60142963511 → lbbet → 要（发 ）广告，联系 bs91m1
2022-06-11 19:45:29 → 601112672704 → zuqiushuju → 要（发 ）广告，联系 bs91m1
2022-06-11 19:46:28 → 60142963511 → dsfdshhs → 来（发 ）广告，联系 bs91m1
2022-06-11 19:49:19 → 60142963511 → yhksijiantao11 → 准备（发 ）广告，找 bs91m1
2022-06-11 19:51:10 → 601112672704 → adasdasw → 需要 群、发软、件，找 bs91m1
2022-06-11 19:53:58 → 601112672704 → dunxin106 → 准备（发 ）广告，找 bs91m1
2022-06-11 19:55:58 → 60142963511 → lbbet → 想要（发 ）广告，找 bs91m1
2022-06-11 19:56:56 → 601112672704 → fv0015 → 来（发 ）广告，联系 bs91m1
2022-06-11 19:57:55 → 62895324567778 → phniuniu → 要（发 ）广告，联系 bs91m1
2022-06-11 20:00:47 → 62895324567778 → guojitongdaoduanxin → 要（发 ）广告，联系 bs91m1
2022-06-11 20:02:37 → 60142963511 → phpzufang → 需要 软、件，找 bs91m1
2022-06-11 20:04:33 → 62895324567778 → joinBCPH → 要（发 ）广告，联系 bs91m1
2022-06-11 20:05:30 → 601112672704 → youxidaili → 想找人（ 发 ）广告，找 bs91m1
2022-06-11 20:06:29 → 60142963511 → seguiren → 来（发 ）广告，联系 bs91m1
2022-06-11 20:08:28 → 62895324567778 → yinlianguoji → 专业（发 ）广告，联系我 bs91m1
2022-06-11 20:10:20 → 60142963511 → YHK_security → 来（发 ）广告，联系 bs91m1
2022-06-11 20:11:25 → 601112672704 → jinsanjiaobc → 想要（发 ）广告，找 bs91m1
2022-06-11 20:12:24 → 62895324567778 → amjwg → 想要（发 ）广告，找 bs91m1
2022-06-11 20:13:23 → 60142963511 → shujyinl → 需要 软、件，找 bs91m1
2022-06-11 20:16:12 → 60142963511 → sirenweixin3 → 需要 软、件，找 bs91m1
2022-06-11 20:17:10 → 62895324567778 → Philippines_visa → 需要 群、发，找 bs91m1
2022-06-11 20:18:09 → 601112672704 → fjhq000hz → 想找人（ 发 ）广告，找 bs91m1
2022-06-11 20:20:05 → 601112672704 → USDThuzhu3 → 需要 软、件，找 bs91m1
2022-06-11 20:21:03 → 60142963511 → xianliaoq → 需要 软、件，找 bs91m1
2022-06-11 20:23:00 → 60142963511 → yunqian68 → 想要（发 ）广告，找 bs91m1
2022-06-11 20:24:00 → 62895324567778 → G88888880 → 想要（发 ）广告，找 bs91m1
2022-06-11 20:27:46 → 60142963511 → dsfdshhs → 想找人（ 发 ）广告，找 bs91m1
2022-06-11 20:29:38 → 62895324567778 → Hpy888 → 专业（发 ）广告，联系我 bs91m1
2022-06-11 20:31:35 → 60142963511 → yhksijiantao11 → 要（发 ）广告，联系 bs91m1
2022-06-11 20:32:34 → 601112672704 → dunxin106 → 想要（发 ）广告，找 bs91m1
2022-06-11 20:33:33 → 62895324567778 → fgdfdfherh → (session) 协议号，零售、批发 找，bs91m1
2022-06-11 20:34:39 → 60142963511 → cvv666money → 来（发 ）广告，联系 bs91m1
2022-06-11 20:41:15 → 601112672704 → hnsdfhs155 → 想要（发 ）广告，找 bs91m1
2022-06-11 20:42:20 → 601112672704 → USDThuzhu3 → (session) 协议号，零售、批发 找，bs91m1
2022-06-11 20:43:18 → 60142963511 → jiaoyouqun123 → 来（发 ）广告，联系 bs91m1
2022-06-11 20:47:55 → 601112672704 → zuqiushuju → 需要 群、发软、件，找 bs91m1
2022-06-11 20:50:44 → 601112672704 → AG686 → 来（发 ）广告，联系 bs91m1
2022-06-11 20:51:43 → 60142963511 → yhksijiantao11 → 需要 群、发软、件，找 bs91m1
2022-06-11 20:54:36 → 601112672704 → srjlq → 准备（发 ）广告，找 bs91m1
2022-06-11 20:55:34 → 60142963511 → jiaoyouqun123 → 需要 群、发软、件，找 bs91m1
2022-06-11 20:57:56 → 62895324567778 → Hpy111 → 来（发 ）广告，联系 bs91m1
2022-06-11 20:58:55 → 60142963511 → yunqian68 → 需要 软、件，找 bs91m1
2022-06-11 21:00:44 → 601112672704 → ziyuanduijie1 → 想要（发 ）广告，找 bs91m1
2022-06-11 21:03:40 → 601112672704 → adasdasw → 需要 群、发软、件，找 bs91m1
2022-06-11 21:04:38 → 62895324567778 → zgfCYJT → 想找人（ 发 ）广告，找 bs91m1
2022-06-11 21:06:36 → 601112672704 → jinsanjiaobc → 想要（发 ）广告，找 bs91m1
2022-06-11 21:07:36 → 62895324567778 → Philippines_visa → 需要 群、发软、件，找 bs91m1
2022-06-11 21:08:34 → 60142963511 → lbbet → 要（发 ）广告，联系 bs91m1
2022-06-11 21:09:40 → 62895324567778 → phniuniu → 要（发 ）广告，联系 bs91m1
2022-06-11 21:12:30 → 601112672704 → fv0015 → 来（发 ）广告，联系 bs91m1
2022-06-11 21:13:35 → 60142963511 → seguiren → 来（发 ）广告，联系 bs91m1
2022-06-11 21:14:33 → 62895324567778 → miaomiao12356 → (session) 协议号，零售、批发 找，bs91m1
2022-06-11 21:16:24 → 601112672704 → youxidaili → (session) 协议号，零售、批发 找，bs91m1
2022-06-11 21:17:28 → 601112672704 → buyusdtx → 专业（发 ）广告，联系我 bs91m1
2022-06-11 21:19:19 → 62895324567778 → dubai13148888 → 需要 软、件，找 bs91m1
2022-06-11 21:21:27 → 60142963511 → dsfdshhs → 想要（发 ）广告，找 bs91m1
2022-06-11 21:23:17 → 62895324567778 → amjwg → (session) 协议号，零售、批发 找，bs91m1
2022-06-11 21:24:16 → 601112672704 → fjhq000hz → 需要 群、发软、件，找 bs91m1
2022-06-11 21:25:21 → 60142963511 → sirenweixin3 → 需要 群、发软、件，找 bs91m1
2022-06-11 21:28:03 → 62895324567778 → xd836809 → 需要 群、发软、件，找 bs91m1
2022-06-11 21:30:00 → 60142963511 → xianliaoq → 专业（发 ）广告，联系我 bs91m1
2022-06-11 21:31:52 → 601112672704 → srjlq → (session) 协议号，零售、批发 找，bs91m1
2022-06-11 21:32:57 → 60142963511 → phpzufang → 需要 群、发软、件，找 bs91m1
2022-06-11 21:33:58 → 62895324567778 → Philippines_visa → 来（发 ）广告，联系 bs91m1
2022-06-11 21:35:49 → 601112672704 → youxidaili → 需要 群、发，找 bs91m1
2022-06-11 21:37:46 → 62895324567778 → G88888880 → 需要 群、发，找 bs91m1
2022-06-11 21:38:45 → 60142963511 → cvv666money → 专业（发 ）广告，联系我 bs91m1
2022-06-11 21:39:44 → 601112672704 → fv0015 → 需要 群、发，找 bs91m1
2022-06-11 21:40:49 → 601112672704 → hnsdfhs155 → 来（发 ）广告，联系 bs91m1
2022-06-11 21:41:47 → 60142963511 → shujyinl → 需要 群、发，找 bs91m1
2022-06-11 21:45:31 → 601112672704 → adasdasw → 来（发 ）广告，联系 bs91m1
2022-06-11 21:50:09 → 60142963511 → shujyinl → 来（发 ）广告，联系 bs91m1
2022-06-11 21:52:08 → 601112672704 → AG686 → 来（发 ）广告，联系 bs91m1
2022-06-11 21:53:59 → 60142963511 → phpzufang → 想找人（ 发 ）广告，找 bs91m1
2022-06-11 21:56:49 → 601112672704 → dunxin106 → 来（发 ）广告，联系 bs91m1
2022-06-11 21:57:47 → 60142963511 → seguiren → 专业（发 ）广告，联系我 bs91m1
2022-06-11 21:58:47 → 62895324567778 → phniuniu → 想找人（ 发 ）广告，找 bs91m1
2022-06-11 21:59:52 → 601112672704 → jinsanjiaobc → 来（发 ）广告，联系 bs91m1
2022-06-11 22:00:50 → 60142963511 → xianliaoq → 想要（发 ）广告，找 bs91m1
2022-06-11 22:01:49 → 62895324567778 → miaomiao12356 → 准备（发 ）广告，找 bs91m1
2022-06-11 22:05:43 → 601112672704 → fjhq000hz → 需要 群、发，找 bs91m1
2022-06-11 22:08:33 → 60142963511 → lbbet → 专业（发 ）广告，联系我 bs91m1
2022-06-11 22:09:32 → 62895324567778 → zgfCYJT → 专业（发 ）广告，联系我 bs91m1
2022-06-11 22:10:30 → 601112672704 → ziyuanduijie1 → 需要 软、件，找 bs91m1
2022-06-11 22:11:36 → 60142963511 → dsfdshhs → 需要 群、发软、件，找 bs91m1
2022-06-11 22:12:35 → 62895324567778 → Hpy888 → 想要（发 ）广告，找 bs91m1
2022-06-11 22:13:34 → 601112672704 → zuqiushuju → (session) 协议号，零售、批发 找，bs91m1
2022-06-11 22:15:31 → 601112672704 → USDThuzhu3 → 想要（发 ）广告，找 bs91m1
2022-06-11 22:17:28 → 60142963511 → cvv666money → 准备（发 ）广告，找 bs91m1
2022-06-11 22:19:25 → 60142963511 → yhksijiantao11 → (session) 协议号，零售、批发 找，bs91m1
2022-06-11 22:20:24 → 62895324567778 → guojitongdaoduanxin → 想找人（ 发 ）广告，找 bs91m1
2022-06-11 22:24:13 → 62895324567778 → fgdfdfherh → 想要（发 ）广告，找 bs91m1
2022-06-11 22:25:11 → 60142963511 → YHK_security → 需要 群、发，找 bs91m1
2022-06-11 22:28:00 → 60142963511 → jiaoyouqun123 → 专业（发 ）广告，联系我 bs91m1
2022-06-11 22:29:00 → 601112672704 → USDThuzhu3 → 需要 群、发软、件，找 bs91m1
2022-06-11 22:29:59 → 62895324567778 → dream888 → (session) 协议号，零售、批发 找，bs91m1
2022-06-11 22:31:57 → 62895324567778 → xd836809 → (session) 协议号，零售、批发 找，bs91m1
2022-06-11 22:32:55 → 601112672704 → hnsdfhs155 → 需要 软、件，找 bs91m1
2022-06-11 22:33:54 → 60142963511 → sirenweixin3 → 需要 软、件，找 bs91m1
2022-06-11 22:37:39 → 60142963511 → yunqian68 → 准备（发 ）广告，找 bs91m1
2022-06-11 22:39:36 → 601112672704 → fv0015 → 专业（发 ）广告，联系我 bs91m1
2022-06-11 22:42:27 → 60142963511 → sirenweixin3 → 需要 群、发，找 bs91m1
2022-06-11 22:44:19 → 601112672704 → dunxin106 → 需要 软、件，找 bs91m1
2022-06-11 22:46:17 → 60142963511 → xianliaoq → 专业（发 ）广告，联系我 bs91m1
2022-06-11 22:50:06 → 601112672704 → buyusdtx → 需要 群、发软、件，找 bs91m1
2022-06-11 22:51:05 → 60142963511 → lbbet → 要（发 ）广告，联系 bs91m1
2022-06-11 22:53:56 → 601112672704 → adasdasw → 来（发 ）广告，联系 bs91m1
2022-06-11 22:55:02 → 60142963511 → phpzufang → 来（发 ）广告，联系 bs91m1
2022-06-11 22:58:51 → 601112672704 → zuqiushuju → 需要 群、发，找 bs91m1
2022-06-11 23:00:42 → 62895324567778 → joinBCPH → 需要 软、件，找 bs91m1
2022-06-11 23:01:47 → 60142963511 → cvv666money → 来（发 ）广告，联系 bs91m1
2022-06-11 23:02:46 → 601112672704 → fjhq000hz → 专业（发 ）广告，联系我 bs91m1
2022-06-11 23:03:45 → 62895324567778 → guojitongdaoduanxin → 准备（发 ）广告，找 bs91m1
2022-06-11 23:05:42 → 601112672704 → youxidaili → 需要 群、发软、件，找 bs91m1
2022-06-11 23:06:41 → 62895324567778 → Philippines_visa → 想要（发 ）广告，找 bs91m1
2022-06-11 23:08:31 → 60142963511 → yunqian68 → 准备（发 ）广告，找 bs91m1
2022-06-11 23:10:29 → 62895324567778 → G88888880 → 想找人（ 发 ）广告，找 bs91m1
2022-06-11 23:11:27 → 601112672704 → AG686 → 来（发 ）广告，联系 bs91m1
2022-06-11 23:12:25 → 60142963511 → dsfdshhs → 准备（发 ）广告，找 bs91m1
2022-06-11 23:14:25 → 62895324567778 → dream888 → 需要 群、发，找 bs91m1
2022-06-11 23:15:22 → 601112672704 → srjlq → (session) 协议号，零售、批发 找，bs91m1
2022-06-11 23:16:20 → 60142963511 → shujyinl → 准备（发 ）广告，找 bs91m1
2022-06-11 23:17:25 → 601112672704 → jinsanjiaobc → 需要 群、发，找 bs91m1
2022-06-11 23:18:26 → 62895324567778 → miaomiao12356 → 来（发 ）广告，联系 bs91m1
2022-06-11 23:19:24 → 60142963511 → YHK_security → 专业（发 ）广告，联系我 bs91m1
2022-06-11 23:22:13 → 60142963511 → seguiren → 来（发 ）广告，联系 bs91m1
2022-06-11 23:24:05 → 62895324567778 → zgfCYJT → 专业（发 ）广告，联系我 bs91m1
2022-06-11 23:25:11 → 62895324567778 → phniuniu → 需要 群、发，找 bs91m1
2022-06-11 23:27:02 → 601112672704 → ziyuanduijie1 → 需要 群、发，找 bs91m1
2022-06-11 23:28:00 → 60142963511 → jiaoyouqun123 → 准备（发 ）广告，找 bs91m1
2022-06-11 23:30:04 → 62895324567778 → Hpy111 → 需要 群、发，找 bs91m1
2022-06-11 23:31:54 → 60142963511 → yhksijiantao11 → 想找人（ 发 ）广告，找 bs91m1
2022-06-11 23:33:51 → 62895324567778 → amjwg → 要（发 ）广告，联系 bs91m1
2022-06-11 23:35:42 → 601112672704 → dunxin106 → 需要 群、发软、件，找 bs91m1
2022-06-11 23:37:43 → 60142963511 → xianliaoq → 想找人（ 发 ）广告，找 bs91m1
2022-06-11 23:39:33 → 601112672704 → fjhq000hz → 要（发 ）广告，联系 bs91m1
2022-06-11 23:43:18 → 60142963511 → dsfdshhs → 需要 群、发，找 bs91m1
2022-06-11 23:44:24 → 60142963511 → seguiren → 专业（发 ）广告，联系我 bs91m1
2022-06-11 23:45:22 → 601112672704 → hnsdfhs155 → 要（发 ）广告，联系 bs91m1
2022-06-11 23:48:14 → 601112672704 → USDThuzhu3 → 想找人（ 发 ）广告，找 bs91m1
2022-06-11 23:50:04 → 60142963511 → shujyinl → 专业（发 ）广告，联系我 bs91m1
2022-06-11 23:53:01 → 601112672704 → srjlq → (session) 协议号，零售、批发 找，bs91m1
2022-06-11 23:55:53 → 60142963511 → sirenweixin3 → 来（发 ）广告，联系 bs91m1
2022-06-11 23:58:38 → 601112672704 → zuqiushuju → 需要 软、件，找 bs91m1