
2022-06-22 00:00:55 → 6282284114509 → axujj → 需要 群、发软、件，找 `boss91m1`
2022-06-22 00:01:12 → 6282190182730 → laowangdan → 专业（发 ）广告，联系我 `boss91m1`
2022-06-22 00:01:49 → 6283853159401 → xingbi0088 → (session) 协议号，零售、批发 找，`boss91m1`
2022-06-22 00:02:30 → 6282284114509 → KMFW56789 → 来（发 ）广告，联系 `boss91m1`
2022-06-22 00:02:49 → 6281341176226 → iBox_official → 需要 群、发软、件，找 `boss91m1`
2022-06-22 00:03:25 → 6282113664005 → meizi005 → 想要（发 ）广告，找 `boss91m1`
2022-06-22 00:03:43 → 601124042925 → jiu_777 → 需要 软、件，找 `boss91m1`
2022-06-22 00:04:21 → 6281274302036 → yindutg → 需要 群、发，找 `boss91m1`
2022-06-22 00:04:51 → 6288212128538 → bclm1 → 想要（发 ）广告，找 `boss91m1`
2022-06-22 00:05:07 → 5541984282336 → divulgacaoblaze → 准备（发 ）广告，找 `boss91m1`
2022-06-22 00:05:25 → 6283129267390 → NodeGlobal → 来（发 ）广告，联系 `boss91m1`
2022-06-22 00:06:14 → 6285929906929 → zscd18 → 需要 群、发软、件，找 `boss91m1`
2022-06-22 00:06:43 → 6282284114509 → qxinw → 要（发 ）广告，联系 `boss91m1`
2022-06-22 00:08:33 → 6288212128538 → dbjlq1 → 需要 软、件，找 `boss91m1`
2022-06-22 00:09:03 → 6282190182730 → laowangdan → 来（发 ）广告，联系 `boss91m1`
2022-06-22 00:09:32 → 6288213655040 → tz636 → (session) 协议号，零售、批发 找，`boss91m1`
2022-06-22 00:09:50 → 6282113664005 → baocai217 → 来（发 ）广告，联系 `boss91m1`
2022-06-22 00:10:45 → 6282113664005 → sanfang53 → 来（发 ）广告，联系 `boss91m1`
2022-06-22 00:11:02 → 6288212128538 → xbdb01 → 准备（发 ）广告，找 `boss91m1`
2022-06-22 00:11:31 → 6282284114509 → dyjiaoliu → 想要（发 ）广告，找 `boss91m1`
2022-06-22 00:11:49 → 6283853159401 → xingbi0088 → 需要 软、件，找 `boss91m1`
2022-06-22 00:12:20 → 601124042925 → jiu_777 → 想找人（ 发 ）广告，找 `boss91m1`
2022-06-22 00:13:06 → 6281274302036 → yindutg → 需要 群、发，找 `boss91m1`
2022-06-22 00:13:25 → 6281341176226 → iBox_official → 需要 软、件，找 `boss91m1`
2022-06-22 00:13:42 → 6282190182730 → xinbi_088 → 需要 群、发软、件，找 `boss91m1`
2022-06-22 00:14:00 → 6283129267390 → NodeGlobal → 想找人（ 发 ）广告，找 `boss91m1`
2022-06-22 00:14:18 → 601124036748 → bc123hx → 需要 群、发软、件，找 `boss91m1`
2022-06-22 00:15:13 → 6285929906929 → zscd18 → 想找人（ 发 ）广告，找 `boss91m1`
2022-06-22 00:17:05 → 6288213655040 → tz636 → 想找人（ 发 ）广告，找 `boss91m1`
2022-06-22 00:17:40 → 601124036748 → si1688 → 需要 群、发软、件，找 `boss91m1`
2022-06-22 00:18:27 → 6288212128538 → sunshineyyds → 来（发 ）广告，联系 `boss91m1`
2022-06-22 00:18:45 → 5541984282336 → divulgacaoblaze → 需要 群、发，找 `boss91m1`
2022-06-22 00:19:54 → 6281341176226 → iBox_official → 来（发 ）广告，联系 `boss91m1`
2022-06-22 00:20:49 → 6282284114509 → KMFW56789 → 来（发 ）广告，联系 `boss91m1`
2022-06-22 00:21:47 → 6282113664005 → sanfang53 → (session) 协议号，零售、批发 找，`boss91m1`
2022-06-22 00:22:30 → 6283129267390 → NodeGlobal → (session) 协议号，零售、批发 找，`boss91m1`
2022-06-22 00:23:07 → 6282190182730 → xinbi_088 → 准备（发 ）广告，找 `boss91m1`
2022-06-22 00:23:25 → 6283853159401 → xingbi0088 → 来（发 ）广告，联系 `boss91m1`
2022-06-22 00:23:44 → 601124042925 → jiu_777 → 来（发 ）广告，联系 `boss91m1`
2022-06-22 00:24:24 → 6281274302036 → yindutg → 想找人（ 发 ）广告，找 `boss91m1`
2022-06-22 00:25:36 → 6288212128538 → bclm1 → 想要（发 ）广告，找 `boss91m1`
2022-06-22 00:25:54 → 6285929906929 → zscd18 → (session) 协议号，零售、批发 找，`boss91m1`
2022-06-22 00:26:50 → 6282284114509 → axujj → 要（发 ）广告，联系 `boss91m1`
2022-06-22 00:27:10 → 6288213655040 → tz636 → 需要 群、发，找 `boss91m1`
2022-06-22 00:27:44 → 6282190182730 → laowangdan → (session) 协议号，零售、批发 找，`boss91m1`
2022-06-22 00:28:45 → 601124036748 → -1001692409589 → 想要（发 ）广告，找 `boss91m1`
2022-06-22 00:29:34 → 6282284114509 → qxinw → 专业（发 ）广告，联系我 `boss91m1`
2022-06-22 00:29:52 → 601124036748 → HWDBQ → 需要 群、发，找 `boss91m1`
2022-06-22 00:30:10 → 6283129267390 → NodeGlobal → (session) 协议号，零售、批发 找，`boss91m1`
2022-06-22 00:30:28 → 601124042925 → jiu_777 → 来（发 ）广告，联系 `boss91m1`
2022-06-22 00:31:22 → 6281341176226 → iBox_official → 需要 群、发软、件，找 `boss91m1`
2022-06-22 00:31:41 → 6283853159401 → xingbi0088 → 准备（发 ）广告，找 `boss91m1`
2022-06-22 00:32:22 → 6288212128538 → dbjlq1 → 准备（发 ）广告，找 `boss91m1`
2022-06-22 00:32:39 → 6282113664005 → baocai217 → (session) 协议号，零售、批发 找，`boss91m1`
2022-06-22 00:33:20 → 6281274302036 → yindutg → (session) 协议号，零售、批发 找，`boss91m1`
2022-06-22 00:33:57 → 6282190182730 → laowangdan → 准备（发 ）广告，找 `boss91m1`
2022-06-22 00:34:40 → 6285929906929 → zscd18 → 准备（发 ）广告，找 `boss91m1`
2022-06-22 00:36:20 → 6282284114509 → dyjiaoliu → 来（发 ）广告，联系 `boss91m1`
2022-06-22 00:36:51 → 6288213655040 → tz636 → 需要 群、发，找 `boss91m1`
2022-06-22 00:37:22 → 6288212128538 → xbdb01 → 要（发 ）广告，联系 `boss91m1`
2022-06-22 00:38:35 → 601124042925 → jiu_777 → 来（发 ）广告，联系 `boss91m1`
2022-06-22 00:39:12 → 601124036748 → -1001692409589 → 需要 群、发软、件，找 `boss91m1`
2022-06-22 00:39:29 → 6288212128538 → sunshineyyds → 要（发 ）广告，联系 `boss91m1`
2022-06-22 00:39:48 → 6282113664005 → sanfang53 → 要（发 ）广告，联系 `boss91m1`
2022-06-22 00:40:08 → 6283129267390 → NodeGlobal → 想找人（ 发 ）广告，找 `boss91m1`
2022-06-22 00:40:24 → 5541984282336 → divulgacaoblaze → 需要 软、件，找 `boss91m1`
2022-06-22 00:40:41 → 6282195908918 → zhongwen6 → 来（发 ）广告，联系 `boss91m1`
2022-06-22 00:40:59 → 6281341176226 → iBox_official → 需要 群、发软、件，找 `boss91m1`
2022-06-22 00:41:28 → 6282190182730 → xinbi_088 → 来（发 ）广告，联系 `boss91m1`
2022-06-22 00:41:47 → 6283853159401 → xingbi0088 → 需要 群、发软、件，找 `boss91m1`
2022-06-22 00:42:17 → 6281274302036 → yindutg → 需要 群、发软、件，找 `boss91m1`
2022-06-22 00:42:43 → 6288213655040 → tz636 → (session) 协议号，零售、批发 找，`boss91m1`
2022-06-22 00:43:24 → 6282113664005 → meizi005 → 准备（发 ）广告，找 `boss91m1`
2022-06-22 00:44:07 → 601124036748 → HWDBQ → 想找人（ 发 ）广告，找 `boss91m1`
2022-06-22 00:45:35 → 6282284114509 → axujj → (session) 协议号，零售、批发 找，`boss91m1`
2022-06-22 00:47:47 → 6288212128538 → dbjlq1 → 需要 群、发软、件，找 `boss91m1`
2022-06-22 00:48:05 → 6282284114509 → qxinw → 专业（发 ）广告，联系我 `boss91m1`
2022-06-22 00:48:24 → 6282190182730 → laowangdan → (session) 协议号，零售、批发 找，`boss91m1`
2022-06-22 00:48:43 → 6281341176226 → iBox_official → 专业（发 ）广告，联系我 `boss91m1`
2022-06-22 00:49:14 → 6282113664005 → baocai217 → 专业（发 ）广告，联系我 `boss91m1`
2022-06-22 00:49:33 → 6281274302036 → yindutg → 要（发 ）广告，联系 `boss91m1`
2022-06-22 00:49:51 → 6285929906929 → zscd18 → 要（发 ）广告，联系 `boss91m1`
2022-06-22 00:50:08 → 601124036748 → bc123hx → 要（发 ）广告，联系 `boss91m1`
2022-06-22 00:50:39 → 601124042925 → jiu_777 → 准备（发 ）广告，找 `boss91m1`
2022-06-22 00:50:58 → 6283129267390 → NodeGlobal → 需要 软、件，找 `boss91m1`
2022-06-22 00:51:16 → 6283853159401 → xingbi0088 → 需要 群、发软、件，找 `boss91m1`
2022-06-22 00:51:41 → 6282190182730 → xinbi_088 → 想找人（ 发 ）广告，找 `boss91m1`
2022-06-22 00:52:23 → 6282284114509 → KMFW56789 → 要（发 ）广告，联系 `boss91m1`
2022-06-22 00:53:09 → 601124036748 → hfjiema → 需要 软、件，找 `boss91m1`
2022-06-22 00:54:03 → 6288213655040 → tz636 → 需要 软、件，找 `boss91m1`
2022-06-22 00:55:16 → 6288212128538 → xbdb01 → 想要（发 ）广告，找 `boss91m1`
2022-06-22 00:55:53 → 601124042925 → jiu_777 → 来（发 ）广告，联系 `boss91m1`
2022-06-22 00:56:11 → 6288212128538 → bclm1 → 来（发 ）广告，联系 `boss91m1`
2022-06-22 00:56:41 → 601124036748 → si1688 → 准备（发 ）广告，找 `boss91m1`
2022-06-22 00:57:11 → 6285929906929 → zscd18 → 来（发 ）广告，联系 `boss91m1`
2022-06-22 00:57:50 → 6283853159401 → xingbi0088 → 专业（发 ）广告，联系我 `boss91m1`
2022-06-22 00:58:06 → 5541984282336 → divulgacaoblaze → 需要 群、发，找 `boss91m1`
2022-06-22 00:58:24 → 6282284114509 → dyjiaoliu → 需要 群、发软、件，找 `boss91m1`
2022-06-22 00:59:07 → 6283129267390 → NodeGlobal → 想找人（ 发 ）广告，找 `boss91m1`
2022-06-22 00:59:25 → 6282113664005 → baocai217 → 准备（发 ）广告，找 `boss91m1`
2022-06-22 00:59:56 → 6281341176226 → iBox_official → 来（发 ）广告，联系 `boss91m1`
2022-06-22 01:00:15 → 6281274302036 → yindutg → 想找人（ 发 ）广告，找 `boss91m1`
2022-06-22 01:01:31 → 6288212128538 → sunshineyyds → (session) 协议号，零售、批发 找，`boss91m1`
2022-06-22 01:02:25 → 6282113664005 → sanfang53 → 专业（发 ）广告，联系我 `boss91m1`
2022-06-22 01:03:07 → 6288213655040 → tz636 → 要（发 ）广告，联系 `boss91m1`
2022-06-22 01:03:37 → 6282190182730 → laowangdan → 需要 群、发软、件，找 `boss91m1`
2022-06-22 01:05:08 → 6283853159401 → xingbi0088 → 需要 群、发软、件，找 `boss91m1`
2022-06-22 01:06:00 → 6281341176226 → iBox_official → 要（发 ）广告，联系 `boss91m1`
2022-06-22 01:06:47 → 6282190182730 → xinbi_088 → 需要 群、发，找 `boss91m1`
2022-06-22 01:07:05 → 601124042925 → jiu_777 → 来（发 ）广告，联系 `boss91m1`
2022-06-22 01:07:24 → 6282284114509 → KMFW56789 → 准备（发 ）广告，找 `boss91m1`
2022-06-22 01:07:58 → 6283129267390 → NodeGlobal → 想找人（ 发 ）广告，找 `boss91m1`
2022-06-22 01:08:41 → 6285929906929 → zscd18 → 来（发 ）广告，联系 `boss91m1`
2022-06-22 01:08:59 → 6281274302036 → yindutg → 需要 群、发软、件，找 `boss91m1`
2022-06-22 01:10:14 → 6288212128538 → xbdb01 → 想要（发 ）广告，找 `boss91m1`
2022-06-22 01:10:31 → 5541984282336 → divulgacaoblaze → 准备（发 ）广告，找 `boss91m1`
2022-06-22 01:10:51 → 6288213655040 → tz636 → 要（发 ）广告，联系 `boss91m1`
2022-06-22 01:12:33 → 601124036748 → HWDBQ → 来（发 ）广告，联系 `boss91m1`
2022-06-22 01:13:24 → 6282284114509 → dyjiaoliu → 需要 软、件，找 `boss91m1`
2022-06-22 01:14:01 → 6283129267390 → NodeGlobal → 需要 软、件，找 `boss91m1`
2022-06-22 01:14:37 → 6282284114509 → qxinw → 需要 群、发，找 `boss91m1`
2022-06-22 01:14:55 → 6282113664005 → meizi005 → 想要（发 ）广告，找 `boss91m1`
2022-06-22 01:15:13 → 6282190182730 → laowangdan → 想要（发 ）广告，找 `boss91m1`
2022-06-22 01:15:31 → 6283853159401 → xingbi0088 → 专业（发 ）广告，联系我 `boss91m1`
2022-06-22 01:16:05 → 6285929906929 → zscd18 → 准备（发 ）广告，找 `boss91m1`
2022-06-22 01:16:22 → 601124036748 → si1688 → 专业（发 ）广告，联系我 `boss91m1`
2022-06-22 01:16:41 → 601124042925 → jiu_777 → 需要 软、件，找 `boss91m1`
2022-06-22 01:17:24 → 6281341176226 → iBox_official → 需要 群、发软、件，找 `boss91m1`
2022-06-22 01:17:42 → 6281274302036 → yindutg → 专业（发 ）广告，联系我 `boss91m1`
2022-06-22 01:18:29 → 6288212128538 → sunshineyyds → 想要（发 ）广告，找 `boss91m1`
2022-06-22 01:19:31 → 6282284114509 → axujj → (session) 协议号，零售、批发 找，`boss91m1`
2022-06-22 01:19:48 → 601124036748 → bc123hx → 专业（发 ）广告，联系我 `boss91m1`
2022-06-22 01:20:29 → 6282190182730 → xinbi_088 → 想找人（ 发 ）广告，找 `boss91m1`
2022-06-22 01:20:59 → 6288213655040 → tz636 → (session) 协议号，零售、批发 找，`boss91m1`
2022-06-22 01:21:16 → 6282113664005 → sanfang53 → 要（发 ）广告，联系 `boss91m1`
2022-06-22 01:22:46 → 6288212128538 → dbjlq1 → 准备（发 ）广告，找 `boss91m1`
2022-06-22 01:23:13 → 6281274302036 → yindutg → 准备（发 ）广告，找 `boss91m1`
2022-06-22 01:23:44 → 6283129267390 → NodeGlobal → 需要 群、发，找 `boss91m1`
2022-06-22 01:24:17 → 6282113664005 → baocai217 → 想找人（ 发 ）广告，找 `boss91m1`
2022-06-22 01:25:19 → 601124036748 → -1001692409589 → 准备（发 ）广告，找 `boss91m1`
2022-06-22 01:26:05 → 6281341176226 → iBox_official → 想要（发 ）广告，找 `boss91m1`
2022-06-22 01:26:32 → 601124042925 → jiu_777 → (session) 协议号，零售、批发 找，`boss91m1`
2022-06-22 01:26:55 → 6283853159401 → xingbi0088 → 想要（发 ）广告，找 `boss91m1`
2022-06-22 01:27:29 → 6285929906929 → zscd18 → 想要（发 ）广告，找 `boss91m1`
2022-06-22 01:27:52 → 6288212128538 → bclm1 → 专业（发 ）广告，联系我 `boss91m1`
2022-06-22 01:28:51 → 6282284114509 → KMFW56789 → 来（发 ）广告，联系 `boss91m1`
2022-06-22 01:32:13 → 6282190182730 → xinbi_088 → 来（发 ）广告，联系 `boss91m1`
2022-06-22 01:32:50 → 6288212128538 → dbjlq1 → 来（发 ）广告，联系 `boss91m1`
2022-06-22 01:33:08 → 6283853159401 → xingbi0088 → 来（发 ）广告，联系 `boss91m1`
2022-06-22 01:33:40 → 6283129267390 → NodeGlobal → 想要（发 ）广告，找 `boss91m1`
2022-06-22 01:33:58 → 601124042925 → jiu_777 → 来（发 ）广告，联系 `boss91m1`
2022-06-22 01:34:28 → 6282284114509 → qxinw → 需要 群、发软、件，找 `boss91m1`
2022-06-22 01:34:45 → 6282190182730 → laowangdan → 需要 群、发，找 `boss91m1`
2022-06-22 01:35:21 → 6281274302036 → yindutg → 需要 群、发软、件，找 `boss91m1`
2022-06-22 01:36:13 → 6285929906929 → zscd18 → 想要（发 ）广告，找 `boss91m1`
2022-06-22 01:36:32 → 6281341176226 → iBox_official → 来（发 ）广告，联系 `boss91m1`
2022-06-22 01:36:50 → 601124036748 → -1001692409589 → 来（发 ）广告，联系 `boss91m1`
2022-06-22 01:37:27 → 6288212128538 → sunshineyyds → 要（发 ）广告，联系 `boss91m1`
2022-06-22 01:38:57 → 6282284114509 → dyjiaoliu → 想找人（ 发 ）广告，找 `boss91m1`
2022-06-22 01:39:26 → 6282113664005 → baocai217 → 来（发 ）广告，联系 `boss91m1`
2022-06-22 01:40:06 → 5541984282336 → divulgacaoblaze → 要（发 ）广告，联系 `boss91m1`
2022-06-22 01:40:23 → 601124036748 → bc123hx → 想要（发 ）广告，找 `boss91m1`
2022-06-22 01:41:23 → 601124042925 → jiu_777 → (session) 协议号，零售、批发 找，`boss91m1`
2022-06-22 01:41:42 → 6283129267390 → NodeGlobal → 需要 群、发，找 `boss91m1`
2022-06-22 01:42:00 → 6283853159401 → xingbi0088 → 想找人（ 发 ）广告，找 `boss91m1`
2022-06-22 01:42:32 → 6281341176226 → iBox_official → 准备（发 ）广告，找 `boss91m1`
2022-06-22 01:42:49 → 6282284114509 → axujj → 想找人（ 发 ）广告，找 `boss91m1`
2022-06-22 01:43:06 → 601124036748 → HWDBQ → 要（发 ）广告，联系 `boss91m1`
2022-06-22 01:43:36 → 6282113664005 → sanfang53 → 要（发 ）广告，联系 `boss91m1`
2022-06-22 01:44:24 → 6282190182730 → xinbi_088 → 准备（发 ）广告，找 `boss91m1`
2022-06-22 01:44:43 → 6285929906929 → zscd18 → 来（发 ）广告，联系 `boss91m1`
2022-06-22 01:45:00 → 6288212128538 → xbdb01 → 专业（发 ）广告，联系我 `boss91m1`
2022-06-22 01:45:18 → 6281274302036 → yindutg → 专业（发 ）广告，联系我 `boss91m1`
2022-06-22 01:46:23 → 601124036748 → hfjiema → 要（发 ）广告，联系 `boss91m1`
2022-06-22 01:47:05 → 6282190182730 → laowangdan → 来（发 ）广告，联系 `boss91m1`
2022-06-22 01:48:09 → 6288212128538 → bclm1 → 需要 群、发软、件，找 `boss91m1`
2022-06-22 01:49:12 → 6281341176226 → iBox_official → 需要 群、发，找 `boss91m1`
2022-06-22 01:49:31 → 601124042925 → jiu_777 → 想找人（ 发 ）广告，找 `boss91m1`
2022-06-22 01:50:01 → 6283853159401 → xingbi0088 → (session) 协议号，零售、批发 找，`boss91m1`
2022-06-22 01:50:19 → 601124036748 → si1688 → 需要 软、件，找 `boss91m1`
2022-06-22 01:50:49 → 6282284114509 → axujj → 想找人（ 发 ）广告，找 `boss91m1`
2022-06-22 01:51:07 → 6283129267390 → NodeGlobal → 专业（发 ）广告，联系我 `boss91m1`
2022-06-22 01:51:39 → 6282113664005 → sanfang53 → 来（发 ）广告，联系 `boss91m1`
2022-06-22 01:52:09 → 6281274302036 → yindutg → 需要 软、件，找 `boss91m1`
2022-06-22 01:52:27 → 6285929906929 → zscd18 → 要（发 ）广告，联系 `boss91m1`
2022-06-22 01:54:03 → 6282284114509 → qxinw → (session) 协议号，零售、批发 找，`boss91m1`
2022-06-22 01:55:03 → 6282190182730 → laowangdan → 想要（发 ）广告，找 `boss91m1`
2022-06-22 01:56:07 → 6282113664005 → baocai217 → 来（发 ）广告，联系 `boss91m1`
2022-06-22 01:56:23 → 5541984282336 → divulgacaoblaze → 来（发 ）广告，联系 `boss91m1`
2022-06-22 01:57:00 → 6288212128538 → sunshineyyds → 想找人（ 发 ）广告，找 `boss91m1`
2022-06-22 01:57:36 → 6285929906929 → zscd18 → 需要 群、发软、件，找 `boss91m1`
2022-06-22 01:58:05 → 6282284114509 → dyjiaoliu → 专业（发 ）广告，联系我 `boss91m1`
2022-06-22 01:58:53 → 6281341176226 → iBox_official → 需要 软、件，找 `boss91m1`
2022-06-22 01:59:41 → 6283129267390 → NodeGlobal → 需要 软、件，找 `boss91m1`
2022-06-22 01:59:59 → 601124042925 → jiu_777 → 来（发 ）广告，联系 `boss91m1`
2022-06-22 02:00:17 → 6283853159401 → xingbi0088 → 需要 群、发，找 `boss91m1`
2022-06-22 02:00:34 → 6282190182730 → xinbi_088 → 需要 群、发，找 `boss91m1`
2022-06-22 02:00:52 → 6281274302036 → yindutg → 想找人（ 发 ）广告，找 `boss91m1`
2022-06-22 02:01:27 → 5541984282336 → divulgacaoblaze → 需要 群、发，找 `boss91m1`
2022-06-22 02:01:44 → 6288212128538 → bclm1 → 需要 软、件，找 `boss91m1`
2022-06-22 02:02:01 → 601124036748 → HWDBQ → 想要（发 ）广告，找 `boss91m1`
2022-06-22 02:03:53 → 6282284114509 → KMFW56789 → 专业（发 ）广告，联系我 `boss91m1`
2022-06-22 02:04:42 → 6285929906929 → zscd18 → 想要（发 ）广告，找 `boss91m1`
2022-06-22 02:05:00 → 601124042925 → jiu_777 → 准备（发 ）广告，找 `boss91m1`
2022-06-22 02:05:18 → 601124036748 → -1001692409589 → 想找人（ 发 ）广告，找 `boss91m1`
2022-06-22 02:05:35 → 6288212128538 → xbdb01 → 想要（发 ）广告，找 `boss91m1`
2022-06-22 02:06:11 → 6283853159401 → xingbi0088 → 需要 群、发软、件，找 `boss91m1`
2022-06-22 02:06:29 → 6282113664005 → sanfang53 → 要（发 ）广告，联系 `boss91m1`
2022-06-22 02:07:31 → 6281274302036 → yindutg → 需要 群、发，找 `boss91m1`
2022-06-22 02:08:02 → 6281341176226 → iBox_official → 想要（发 ）广告，找 `boss91m1`
2022-06-22 02:08:20 → 6283129267390 → NodeGlobal → 需要 软、件，找 `boss91m1`
2022-06-22 02:08:38 → 6282190182730 → laowangdan → 想找人（ 发 ）广告，找 `boss91m1`
2022-06-22 02:09:39 → 6288212128538 → dbjlq1 → 来（发 ）广告，联系 `boss91m1`
2022-06-22 02:10:31 → 6282190182730 → xinbi_088 → 准备（发 ）广告，找 `boss91m1`
2022-06-22 02:11:31 → 6282284114509 → qxinw → 需要 软、件，找 `boss91m1`
2022-06-22 02:12:01 → 601124036748 → si1688 → 需要 群、发软、件，找 `boss91m1`
2022-06-22 02:12:45 → 6281274302036 → yindutg → 需要 软、件，找 `boss91m1`
2022-06-22 02:13:31 → 6281341176226 → iBox_official → (session) 协议号，零售、批发 找，`boss91m1`
2022-06-22 02:13:49 → 6282284114509 → dyjiaoliu → 想要（发 ）广告，找 `boss91m1`
2022-06-22 02:14:07 → 6283853159401 → xingbi0088 → 需要 软、件，找 `boss91m1`
2022-06-22 02:14:49 → 601124042925 → jiu_777 → 想找人（ 发 ）广告，找 `boss91m1`
2022-06-22 02:15:07 → 6285929906929 → zscd18 → (session) 协议号，零售、批发 找，`boss91m1`
2022-06-22 02:15:24 → 601124036748 → bc123hx → 来（发 ）广告，联系 `boss91m1`
2022-06-22 02:15:42 → 6283129267390 → NodeGlobal → 需要 群、发软、件，找 `boss91m1`
2022-06-22 02:16:11 → 6282113664005 → baocai217 → 需要 软、件，找 `boss91m1`
2022-06-22 02:17:01 → 6282284114509 → KMFW56789 → 想找人（ 发 ）广告，找 `boss91m1`
2022-06-22 02:17:21 → 6282190182730 → xinbi_088 → (session) 协议号，零售、批发 找，`boss91m1`
2022-06-22 02:19:18 → 6288212128538 → bclm1 → 需要 群、发软、件，找 `boss91m1`
2022-06-22 02:20:33 → 6282113664005 → baocai217 → 专业（发 ）广告，联系我 `boss91m1`
2022-06-22 02:20:52 → 601124036748 → hfjiema → 要（发 ）广告，联系 `boss91m1`
2022-06-22 02:21:12 → 6282284114509 → axujj → 想要（发 ）广告，找 `boss91m1`
2022-06-22 02:21:57 → 601124042925 → jiu_777 → 准备（发 ）广告，找 `boss91m1`
2022-06-22 02:22:15 → 6282190182730 → laowangdan → 来（发 ）广告，联系 `boss91m1`
2022-06-22 02:22:33 → 6283853159401 → xingbi0088 → 需要 软、件，找 `boss91m1`
2022-06-22 02:22:54 → 6281341176226 → iBox_official → 需要 群、发软、件，找 `boss91m1`
2022-06-22 02:23:20 → 6281274302036 → yindutg → 来（发 ）广告，联系 `boss91m1`
2022-06-22 02:23:38 → 6288212128538 → sunshineyyds → 准备（发 ）广告，找 `boss91m1`
2022-06-22 02:24:56 → 6283129267390 → NodeGlobal → (session) 协议号，零售、批发 找，`boss91m1`
2022-06-22 02:26:13 → 5541984282336 → divulgacaoblaze → 来（发 ）广告，联系 `boss91m1`
2022-06-22 02:26:45 → 601124036748 → -1001692409589 → 专业（发 ）广告，联系我 `boss91m1`
2022-06-22 02:27:26 → 6288212128538 → dbjlq1 → 要（发 ）广告，联系 `boss91m1`
2022-06-22 02:28:15 → 6281274302036 → yindutg → 想要（发 ）广告，找 `boss91m1`
2022-06-22 02:28:59 → 601124042925 → jiu_777 → 想要（发 ）广告，找 `boss91m1`
2022-06-22 02:29:29 → 6282190182730 → xinbi_088 → 需要 群、发，找 `boss91m1`
2022-06-22 02:30:00 → 601124036748 → si1688 → 需要 软、件，找 `boss91m1`
2022-06-22 02:30:18 → 6288212128538 → xbdb01 → 来（发 ）广告，联系 `boss91m1`
2022-06-22 02:30:51 → 6281341176226 → iBox_official → 准备（发 ）广告，找 `boss91m1`
2022-06-22 02:31:10 → 6282284114509 → KMFW56789 → 需要 软、件，找 `boss91m1`
2022-06-22 02:31:28 → 6283853159401 → xingbi0088 → 需要 群、发软、件，找 `boss91m1`
2022-06-22 02:31:53 → 6282284114509 → axujj → 准备（发 ）广告，找 `boss91m1`
2022-06-22 02:32:23 → 6283129267390 → NodeGlobal → 需要 群、发软、件，找 `boss91m1`
2022-06-22 02:32:52 → 601124036748 → bc123hx → 专业（发 ）广告，联系我 `boss91m1`
2022-06-22 02:33:52 → 6282190182730 → laowangdan → 想找人（ 发 ）广告，找 `boss91m1`
2022-06-22 02:35:03 → 601124036748 → HWDBQ → 来（发 ）广告，联系 `boss91m1`
2022-06-22 02:35:22 → 6281274302036 → yindutg → 来（发 ）广告，联系 `boss91m1`
2022-06-22 02:35:38 → 5541984282336 → divulgacaoblaze → 想要（发 ）广告，找 `boss91m1`
2022-06-22 02:36:08 → 6288212128538 → xbdb01 → 专业（发 ）广告，联系我 `boss91m1`
2022-06-22 02:36:27 → 6281341176226 → iBox_official → (session) 协议号，零售、批发 找，`boss91m1`
2022-06-22 02:36:45 → 6282284114509 → qxinw → 需要 群、发软、件，找 `boss91m1`
2022-06-22 02:37:04 → 6283853159401 → xingbi0088 → 要（发 ）广告，联系 `boss91m1`
2022-06-22 02:38:14 → 601124042925 → jiu_777 → 来（发 ）广告，联系 `boss91m1`
2022-06-22 02:39:06 → 6283129267390 → NodeGlobal → 来（发 ）广告，联系 `boss91m1`
2022-06-22 02:39:36 → 6282190182730 → laowangdan → 专业（发 ）广告，联系我 `boss91m1`
2022-06-22 02:40:07 → 6288212128538 → dbjlq1 → 想找人（ 发 ）广告，找 `boss91m1`
2022-06-22 02:40:27 → 6282284114509 → dyjiaoliu → 来（发 ）广告，联系 `boss91m1`
2022-06-22 02:42:05 → 6283853159401 → xingbi0088 → 准备（发 ）广告，找 `boss91m1`
2022-06-22 02:42:25 → 6288212128538 → bclm1 → 来（发 ）广告，联系 `boss91m1`
2022-06-22 02:42:45 → 601124036748 → hfjiema → 需要 群、发软、件，找 `boss91m1`
2022-06-22 02:43:41 → 6282190182730 → xinbi_088 → 来（发 ）广告，联系 `boss91m1`
2022-06-22 02:44:00 → 6281341176226 → iBox_official → 想要（发 ）广告，找 `boss91m1`
2022-06-22 02:44:19 → 6281274302036 → yindutg → 想要（发 ）广告，找 `boss91m1`
2022-06-22 02:44:37 → 601124042925 → jiu_777 → 要（发 ）广告，联系 `boss91m1`
2022-06-22 02:45:52 → 6282284114509 → axujj → 来（发 ）广告，联系 `boss91m1`
2022-06-22 02:46:09 → 6288212128538 → sunshineyyds → 专业（发 ）广告，联系我 `boss91m1`
2022-06-22 02:47:04 → 601124036748 → HWDBQ → 需要 群、发，找 `boss91m1`
2022-06-22 02:48:05 → 6283129267390 → NodeGlobal → 想找人（ 发 ）广告，找 `boss91m1`
2022-06-22 02:49:21 → 6281274302036 → yindutg → 专业（发 ）广告，联系我 `boss91m1`
2022-06-22 02:49:43 → 6281341176226 → iBox_official → 需要 群、发软、件，找 `boss91m1`
2022-06-22 02:50:03 → 6282190182730 → xinbi_088 → 来（发 ）广告，联系 `boss91m1`
2022-06-22 02:50:23 → 601124036748 → jiemaLine → (session) 协议号，零售、批发 找，`boss91m1`
2022-06-22 02:50:43 → 6282284114509 → qxinw → 来（发 ）广告，联系 `boss91m1`
2022-06-22 02:51:51 → 601124042925 → jiu_777 → 需要 群、发，找 `boss91m1`
2022-06-22 02:52:28 → 6283853159401 → xingbi0088 → 要（发 ）广告，联系 `boss91m1`
2022-06-22 02:53:09 → 6282284114509 → KMFW56789 → (session) 协议号，零售、批发 找，`boss91m1`
2022-06-22 02:53:41 → 601124036748 → jiemaWhatsApp → 要（发 ）广告，联系 `boss91m1`
2022-06-22 02:54:19 → 6283129267390 → NodeGlobal → 想要（发 ）广告，找 `boss91m1`
2022-06-22 02:54:37 → 5541984282336 → divulgacaoblaze → (session) 协议号，零售、批发 找，`boss91m1`
2022-06-22 02:55:08 → 6282190182730 → laowangdan → (session) 协议号，零售、批发 找，`boss91m1`
2022-06-22 02:55:33 → 6288212128538 → sunshineyyds → 要（发 ）广告，联系 `boss91m1`
2022-06-22 02:56:44 → 601124036748 → bc123hx → 需要 群、发，找 `boss91m1`
2022-06-22 02:57:45 → 6288212128538 → bclm1 → 需要 群、发，找 `boss91m1`
2022-06-22 02:58:19 → 6281274302036 → yindutg → 想要（发 ）广告，找 `boss91m1`
2022-06-22 02:58:38 → 6282284114509 → dyjiaoliu → 需要 群、发软、件，找 `boss91m1`
2022-06-22 02:59:10 → 6281341176226 → iBox_official → 需要 群、发软、件，找 `boss91m1`
2022-06-22 02:59:31 → 601124042925 → jiu_777 → 想找人（ 发 ）广告，找 `boss91m1`
2022-06-22 03:00:27 → 6282190182730 → xinbi_088 → 来（发 ）广告，联系 `boss91m1`
2022-06-22 03:00:52 → 6283129267390 → NodeGlobal → 来（发 ）广告，联系 `boss91m1`
2022-06-22 03:02:12 → 6288212128538 → dbjlq1 → 需要 软、件，找 `boss91m1`
2022-06-22 03:02:46 → 601124036748 → si1688 → 要（发 ）广告，联系 `boss91m1`
2022-06-22 03:03:26 → 6282284114509 → axujj → (session) 协议号，零售、批发 找，`boss91m1`
2022-06-22 03:03:45 → 6283853159401 → xingbi0088 → 需要 软、件，找 `boss91m1`
2022-06-22 03:04:08 → 6282190182730 → laowangdan → 需要 软、件，找 `boss91m1`
2022-06-22 03:04:42 → 6288212128538 → xbdb01 → 想要（发 ）广告，找 `boss91m1`
2022-06-22 03:05:05 → 601124036748 → -1001692409589 → 想找人（ 发 ）广告，找 `boss91m1`
2022-06-22 03:05:29 → 6281274302036 → yindutg → 专业（发 ）广告，联系我 `boss91m1`
2022-06-22 03:06:19 → 6281341176226 → iBox_official → 需要 群、发软、件，找 `boss91m1`
2022-06-22 03:06:39 → 601124042925 → jiu_777 → 想找人（ 发 ）广告，找 `boss91m1`
2022-06-22 03:08:10 → 6283129267390 → NodeGlobal → 需要 群、发软、件，找 `boss91m1`
2022-06-22 03:09:02 → 5541984282336 → divulgacaoblaze → 来（发 ）广告，联系 `boss91m1`
2022-06-22 03:10:26 → 6281274302036 → yindutg → 需要 群、发，找 `boss91m1`
2022-06-22 03:10:45 → 601124042925 → jiu_777 → (session) 协议号，零售、批发 找，`boss91m1`
2022-06-22 03:11:16 → 6282284114509 → KMFW56789 → 来（发 ）广告，联系 `boss91m1`
2022-06-22 03:11:36 → 6283853159401 → xingbi0088 → 需要 群、发软、件，找 `boss91m1`
2022-06-22 03:11:56 → 6288212128538 → bclm1 → 想要（发 ）广告，找 `boss91m1`
2022-06-22 03:12:15 → 6281341176226 → iBox_official → 准备（发 ）广告，找 `boss91m1`
2022-06-22 03:13:13 → 6282190182730 → laowangdan → 要（发 ）广告，联系 `boss91m1`
2022-06-22 03:13:49 → 6282284114509 → qxinw → 想找人（ 发 ）广告，找 `boss91m1`
2022-06-22 03:14:32 → 601124036748 → -1001692409589 → 想要（发 ）广告，找 `boss91m1`
2022-06-22 03:15:33 → 6283129267390 → NodeGlobal → (session) 协议号，零售、批发 找，`boss91m1`
2022-06-22 03:16:04 → 6282190182730 → xinbi_088 → 专业（发 ）广告，联系我 `boss91m1`
2022-06-22 03:16:24 → 6288212128538 → xbdb01 → 来（发 ）广告，联系 `boss91m1`
2022-06-22 03:17:15 → 6281341176226 → iBox_official → 来（发 ）广告，联系 `boss91m1`
2022-06-22 03:17:38 → 6281274302036 → yindutg → 想要（发 ）广告，找 `boss91m1`
2022-06-22 03:17:58 → 6288212128538 → dbjlq1 → 想要（发 ）广告，找 `boss91m1`
2022-06-22 03:18:30 → 6283853159401 → xingbi0088 → 专业（发 ）广告，联系我 `boss91m1`
2022-06-22 03:18:46 → 5541984282336 → divulgacaoblaze → 需要 软、件，找 `boss91m1`
2022-06-22 03:19:04 → 601124036748 → bc123hx → 要（发 ）广告，联系 `boss91m1`
2022-06-22 03:19:36 → 601124042925 → jiu_777 → 需要 软、件，找 `boss91m1`
2022-06-22 03:20:27 → 6283129267390 → NodeGlobal → (session) 协议号，零售、批发 找，`boss91m1`
2022-06-22 03:21:02 → 601124036748 → HWDBQ → 准备（发 ）广告，找 `boss91m1`
2022-06-22 03:21:36 → 6282284114509 → KMFW56789 → 准备（发 ）广告，找 `boss91m1`
2022-06-22 03:22:19 → 6282190182730 → laowangdan → (session) 协议号，零售、批发 找，`boss91m1`
2022-06-22 03:22:37 → 6288212128538 → sunshineyyds → 要（发 ）广告，联系 `boss91m1`
2022-06-22 03:23:31 → 6283853159401 → xingbi0088 → 来（发 ）广告，联系 `boss91m1`
2022-06-22 03:23:49 → 6282190182730 → xinbi_088 → 需要 群、发，找 `boss91m1`
2022-06-22 03:24:08 → 6281341176226 → iBox_official → 想找人（ 发 ）广告，找 `boss91m1`
2022-06-22 03:26:09 → 6288212128538 → dbjlq1 → 想要（发 ）广告，找 `boss91m1`
2022-06-22 03:26:28 → 601124042925 → jiu_777 → (session) 协议号，零售、批发 找，`boss91m1`
2022-06-22 03:26:59 → 5541984282336 → divulgacaoblaze → 专业（发 ）广告，联系我 `boss91m1`
2022-06-22 03:27:51 → 6282284114509 → qxinw → 来（发 ）广告，联系 `boss91m1`
2022-06-22 03:28:21 → 6281274302036 → yindutg → 专业（发 ）广告，联系我 `boss91m1`
2022-06-22 03:28:38 → 601124036748 → hfjiema → (session) 协议号，零售、批发 找，`boss91m1`
2022-06-22 03:29:19 → 6288212128538 → xbdb01 → 想要（发 ）广告，找 `boss91m1`
2022-06-22 03:29:37 → 601124036748 → si1688 → 想要（发 ）广告，找 `boss91m1`
2022-06-22 03:30:19 → 6282284114509 → axujj → 专业（发 ）广告，联系我 `boss91m1`
2022-06-22 03:30:49 → 6283853159401 → xingbi0088 → 来（发 ）广告，联系 `boss91m1`
2022-06-22 03:31:08 → 6281341176226 → iBox_official → 需要 群、发，找 `boss91m1`
2022-06-22 03:32:24 → 6282284114509 → dyjiaoliu → 专业（发 ）广告，联系我 `boss91m1`
2022-06-22 03:32:53 → 6288212128538 → bclm1 → 需要 软、件，找 `boss91m1`
2022-06-22 03:33:24 → 601124042925 → jiu_777 → 来（发 ）广告，联系 `boss91m1`
2022-06-22 03:34:26 → 6281341176226 → iBox_official → 需要 软、件，找 `boss91m1`
2022-06-22 03:35:49 → 6283853159401 → xingbi0088 → 需要 群、发软、件，找 `boss91m1`
2022-06-22 03:37:04 → 601124036748 → bc123hx → (session) 协议号，零售、批发 找，`boss91m1`
2022-06-22 03:37:35 → 601124042925 → jiu_777 → 专业（发 ）广告，联系我 `boss91m1`
2022-06-22 03:38:27 → 5541984282336 → divulgacaoblaze → 要（发 ）广告，联系 `boss91m1`
2022-06-22 03:39:43 → 6281341176226 → iBox_official → 需要 软、件，找 `boss91m1`
2022-06-22 03:40:01 → 601124036748 → si1688 → 需要 群、发，找 `boss91m1`
2022-06-22 03:40:49 → 6283853159401 → xingbi0088 → 想要（发 ）广告，找 `boss91m1`
2022-06-22 03:41:26 → 601124042925 → jiu_777 → 需要 软、件，找 `boss91m1`
2022-06-22 03:43:47 → 6281341176226 → iBox_official → 想要（发 ）广告，找 `boss91m1`
2022-06-22 03:44:32 → 601124042925 → jiu_777 → 想找人（ 发 ）广告，找 `boss91m1`
2022-06-22 03:45:24 → 601124036748 → -1001692409589 → 想找人（ 发 ）广告，找 `boss91m1`
2022-06-22 03:46:29 → 5541984282336 → divulgacaoblaze → 需要 软、件，找 `boss91m1`
2022-06-22 03:46:47 → 6281341176226 → iBox_official → 想找人（ 发 ）广告，找 `boss91m1`
2022-06-22 03:47:17 → 6283853159401 → xingbi0088 → 想找人（ 发 ）广告，找 `boss91m1`
2022-06-22 03:47:54 → 601124042925 → jiu_777 → 需要 群、发软、件，找 `boss91m1`
2022-06-22 03:48:12 → 601124036748 → HWDBQ → 需要 群、发，找 `boss91m1`
2022-06-22 03:49:29 → 6281341176226 → iBox_official → (session) 协议号，零售、批发 找，`boss91m1`
2022-06-22 03:50:43 → 601124042925 → jiu_777 → 需要 群、发软、件，找 `boss91m1`
2022-06-22 03:51:53 → 601124036748 → HWDBQ → 想要（发 ）广告，找 `boss91m1`
2022-06-22 03:52:46 → 601124036748 → bc123hx → 来（发 ）广告，联系 `boss91m1`
2022-06-22 03:53:04 → 6283853159401 → xingbi0088 → 需要 群、发，找 `boss91m1`
2022-06-22 03:53:22 → 6281341176226 → iBox_official → 需要 群、发，找 `boss91m1`
2022-06-22 03:54:02 → 601124042925 → jiu_777 → 要（发 ）广告，联系 `boss91m1`
2022-06-22 03:54:44 → 601124036748 → jiemaWhatsApp → 需要 群、发软、件，找 `boss91m1`
2022-06-22 03:55:46 → 5541984282336 → puxadasgratis → (session) 协议号，零售、批发 找，`boss91m1`
2022-06-22 03:56:32 → 6281341176226 → iBox_official → 来（发 ）广告，联系 `boss91m1`
2022-06-22 03:56:49 → 601124036748 → jiemaLine → 来（发 ）广告，联系 `boss91m1`
2022-06-22 03:57:13 → 601124036748 → -1001692409589 → 需要 群、发软、件，找 `boss91m1`
2022-06-22 03:58:22 → 601124042925 → jiu_777 → 想要（发 ）广告，找 `boss91m1`
2022-06-22 03:59:12 → 6283853159401 → xingbi0088 → 专业（发 ）广告，联系我 `boss91m1`
2022-06-22 03:59:29 → 601124036748 → si1688 → 要（发 ）广告，联系 `boss91m1`
2022-06-22 04:00:18 → 601124036748 → hfjiema → 需要 群、发软、件，找 `boss91m1`
2022-06-22 04:01:06 → 601124042925 → jiu_777 → 来（发 ）广告，联系 `boss91m1`
2022-06-22 04:03:34 → 601124042925 → jiu_777 → 来（发 ）广告，联系 `boss91m1`
2022-06-22 04:05:18 → 601124036748 → si1688 → 来（发 ）广告，联系 `boss91m1`
2022-06-22 04:05:38 → 601124042925 → jiu_777 → 专业（发 ）广告，联系我 `boss91m1`
2022-06-22 04:07:26 → 601124042925 → jiu_777 → 来（发 ）广告，联系 `boss91m1`
2022-06-22 04:08:24 → 601124036748 → HWDBQ → 来（发 ）广告，联系 `boss91m1`
2022-06-22 04:09:28 → 601124036748 → -1001692409589 → (session) 协议号，零售、批发 找，`boss91m1`
2022-06-22 04:10:41 → 601124042925 → jiu_777 → 来（发 ）广告，联系 `boss91m1`
2022-06-22 04:11:01 → 601124036748 → bc123hx → 来（发 ）广告，联系 `boss91m1`
2022-06-22 04:13:12 → 601124042925 → jiu_777 → 要（发 ）广告，联系 `boss91m1`
2022-06-22 04:14:57 → 601124036748 → bc123hx → 需要 群、发软、件，找 `boss91m1`
2022-06-22 04:15:57 → 601124042925 → jiu_777 → 需要 群、发，找 `boss91m1`
2022-06-22 04:16:53 → 601124036748 → hfjiema → 要（发 ）广告，联系 `boss91m1`
2022-06-22 04:18:13 → 601124042925 → jiu_777 → 来（发 ）广告，联系 `boss91m1`
2022-06-22 04:18:48 → 601124036748 → HWDBQ → 想找人（ 发 ）广告，找 `boss91m1`
2022-06-22 04:19:48 → 601124036748 → si1688 → 专业（发 ）广告，联系我 `boss91m1`
2022-06-22 04:21:00 → 601124042925 → jiu_777 → 要（发 ）广告，联系 `boss91m1`
2022-06-22 04:21:21 → 601124036748 → -1001692409589 → 想找人（ 发 ）广告，找 `boss91m1`
2022-06-22 04:23:12 → 601124036748 → HWDBQ → 需要 软、件，找 `boss91m1`
2022-06-22 04:23:32 → 601124042925 → jiu_777 → 想找人（ 发 ）广告，找 `boss91m1`
2022-06-22 04:24:15 → 601124036748 → -1001692409589 → 要（发 ）广告，联系 `boss91m1`
2022-06-22 04:25:05 → 601124042925 → jiu_777 → 来（发 ）广告，联系 `boss91m1`
2022-06-22 04:26:37 → 601124036748 → si1688 → 需要 群、发，找 `boss91m1`
2022-06-22 04:27:21 → 601124036748 → bc123hx → 来（发 ）广告，联系 `boss91m1`
2022-06-22 04:28:09 → 601124042925 → jiu_777 → 需要 群、发软、件，找 `boss91m1`
2022-06-22 04:30:05 → 601124042925 → jiu_777 → (session) 协议号，零售、批发 找，`boss91m1`
2022-06-22 04:31:54 → 601124042925 → jiu_777 → 需要 群、发软、件，找 `boss91m1`
2022-06-22 04:32:14 → 601124036748 → si1688 → (session) 协议号，零售、批发 找，`boss91m1`
2022-06-22 04:34:46 → 601124036748 → -1001692409589 → 专业（发 ）广告，联系我 `boss91m1`
2022-06-22 04:35:10 → 601124036748 → HWDBQ → 专业（发 ）广告，联系我 `boss91m1`
2022-06-22 04:35:54 → 601124042925 → jiu_777 → 来（发 ）广告，联系 `boss91m1`
2022-06-22 04:37:31 → 601124036748 → bc123hx → (session) 协议号，零售、批发 找，`boss91m1`
2022-06-22 04:37:50 → 601124042925 → jiu_777 → 需要 群、发，找 `boss91m1`
2022-06-22 04:38:43 → 601124036748 → hfjiema → 来（发 ）广告，联系 `boss91m1`
2022-06-22 04:40:00 → 601124042925 → jiu_777 → 需要 软、件，找 `boss91m1`
2022-06-22 04:41:01 → 601124036748 → si1688 → 专业（发 ）广告，联系我 `boss91m1`
2022-06-22 04:41:54 → 601124042925 → jiu_777 → 需要 软、件，找 `boss91m1`
2022-06-22 04:42:12 → 601124036748 → -1001692409589 → 专业（发 ）广告，联系我 `boss91m1`
2022-06-22 04:43:51 → 601124036748 → bc123hx → 需要 群、发软、件，找 `boss91m1`
2022-06-22 04:44:27 → 601124042925 → jiu_777 → 需要 软、件，找 `boss91m1`
2022-06-22 04:45:59 → 601124036748 → HWDBQ → 来（发 ）广告，联系 `boss91m1`
2022-06-22 09:08:29 → 601124042925 → jiu_777 → 需要 软、件，找 `boss91m1`
2022-06-22 09:09:15 → 601124036748 → jiemaWhatsApp → 想找人（ 发 ）广告，找 `boss91m1`
2022-06-22 09:10:35 → 601124042925 → jiu_777 → 需要 软、件，找 `boss91m1`
2022-06-22 09:11:21 → 601124036748 → hfjiema → 需要 群、发，找 `boss91m1`
2022-06-22 09:11:44 → 5541984282336 → rainha_das_laras → (session) 协议号，零售、批发 找，`boss91m1`
2022-06-22 09:12:25 → 601124036748 → si1688 → (session) 协议号，零售、批发 找，`boss91m1`
2022-06-22 09:13:15 → 601124042925 → jiu_777 → 想要（发 ）广告，找 `boss91m1`
2022-06-22 09:14:03 → 601124036748 → -1001692409589 → 需要 软、件，找 `boss91m1`
2022-06-22 09:14:59 → 601124042925 → jiu_777 → 准备（发 ）广告，找 `boss91m1`
2022-06-22 09:15:43 → 601124036748 → jiemaLine → 来（发 ）广告，联系 `boss91m1`
2022-06-22 09:16:19 → 601124036748 → bc123hx → 要（发 ）广告，联系 `boss91m1`
2022-06-22 09:17:08 → 601124042925 → jiu_777 → 要（发 ）广告，联系 `boss91m1`
2022-06-22 09:17:26 → 601124036748 → HWDBQ → 要（发 ）广告，联系 `boss91m1`
2022-06-22 09:19:18 → 601124042925 → jiu_777 → 准备（发 ）广告，找 `boss91m1`
2022-06-22 09:19:37 → 601124036748 → si1688 → 专业（发 ）广告，联系我 `boss91m1`
2022-06-22 09:20:41 → 601124036748 → HWDBQ → 要（发 ）广告，联系 `boss91m1`
2022-06-22 09:21:31 → 601124042925 → jiu_777 → 需要 软、件，找 `boss91m1`
2022-06-22 09:22:17 → 601124036748 → bc123hx → 要（发 ）广告，联系 `boss91m1`
2022-06-22 09:23:53 → 601124036748 → -1001692409589 → (session) 协议号，零售、批发 找，`boss91m1`
2022-06-22 09:24:24 → 601124042925 → jiu_777 → 需要 群、发软、件，找 `boss91m1`
2022-06-22 09:26:13 → 601124042925 → jiu_777 → (session) 协议号，零售、批发 找，`boss91m1`
2022-06-22 09:28:05 → 601124036748 → hfjiema → 需要 群、发软、件，找 `boss91m1`
2022-06-22 09:28:36 → 601124042925 → jiu_777 → (session) 协议号，零售、批发 找，`boss91m1`
2022-06-22 09:29:00 → 601124036748 → -1001692409589 → 需要 软、件，找 `boss91m1`
2022-06-22 09:30:16 → 601124036748 → bc123hx → 准备（发 ）广告，找 `boss91m1`
2022-06-22 09:30:47 → 601124042925 → jiu_777 → 来（发 ）广告，联系 `boss91m1`
2022-06-22 09:31:27 → 601124036748 → si1688 → 想要（发 ）广告，找 `boss91m1`
2022-06-22 09:32:52 → 601124042925 → jiu_777 → 需要 群、发软、件，找 `boss91m1`
2022-06-22 09:36:20 → 601124042925 → jiu_777 → 来（发 ）广告，联系 `boss91m1`
2022-06-22 09:37:27 → 601124036748 → bc123hx → 来（发 ）广告，联系 `boss91m1`
2022-06-22 09:38:03 → 601124036748 → si1688 → 来（发 ）广告，联系 `boss91m1`
2022-06-22 09:38:19 → 5541984282336 → rainha_das_laras → 来（发 ）广告，联系 `boss91m1`
2022-06-22 09:38:37 → 601124042925 → jiu_777 → 需要 群、发软、件，找 `boss91m1`
2022-06-22 09:40:10 → 601124042925 → jiu_777 → 想找人（ 发 ）广告，找 `boss91m1`
2022-06-22 09:42:15 → 601124042925 → jiu_777 → 要（发 ）广告，联系 `boss91m1`
2022-06-22 09:42:56 → 601124036748 → -1001692409589 → (session) 协议号，零售、批发 找，`boss91m1`
2022-06-22 09:45:21 → 601124042925 → jiu_777 → 要（发 ）广告，联系 `boss91m1`
2022-06-22 09:46:03 → 601124036748 → bc123hx → 需要 群、发，找 `boss91m1`
2022-06-22 09:46:38 → 601124036748 → -1001692409589 → 需要 群、发，找 `boss91m1`
2022-06-22 09:47:30 → 601124036748 → hfjiema → 准备（发 ）广告，找 `boss91m1`
2022-06-22 09:48:16 → 601124042925 → jiu_777 → 需要 群、发软、件，找 `boss91m1`
2022-06-22 09:50:18 → 601124042925 → jiu_777 → 来（发 ）广告，联系 `boss91m1`
2022-06-22 09:50:42 → 601124036748 → si1688 → 专业（发 ）广告，联系我 `boss91m1`
2022-06-22 09:51:50 → 601124042925 → jiu_777 → 要（发 ）广告，联系 `boss91m1`
2022-06-22 09:53:51 → 601124042925 → jiu_777 → 需要 群、发，找 `boss91m1`
2022-06-22 09:54:10 → 601124036748 → si1688 → (session) 协议号，零售、批发 找，`boss91m1`
2022-06-22 09:55:58 → 601124036748 → -1001692409589 → 想找人（ 发 ）广告，找 `boss91m1`
2022-06-22 09:56:28 → 601124042925 → jiu_777 → 需要 群、发，找 `boss91m1`
2022-06-22 09:58:11 → 601124042925 → jiu_777 → 需要 软、件，找 `boss91m1`
2022-06-22 09:59:53 → 601124036748 → bc123hx → (session) 协议号，零售、批发 找，`boss91m1`
2022-06-22 10:00:19 → 601124042925 → jiu_777 → 来（发 ）广告，联系 `boss91m1`
2022-06-22 10:03:02 → 601124042925 → jiu_777 → 来（发 ）广告，联系 `boss91m1`
2022-06-22 10:04:28 → 601124042925 → jiu_777 → 需要 群、发，找 `boss91m1`
2022-06-22 10:04:46 → 601124036748 → -1001692409589 → 需要 群、发，找 `boss91m1`
2022-06-22 10:05:34 → 601124036748 → hfjiema → 要（发 ）广告，联系 `boss91m1`
2022-06-22 10:06:56 → 601124042925 → jiu_777 → 需要 群、发，找 `boss91m1`
2022-06-22 10:07:58 → 601124036748 → bc123hx → 要（发 ）广告，联系 `boss91m1`
2022-06-22 10:08:47 → 601124042925 → jiu_777 → 需要 群、发软、件，找 `boss91m1`
2022-06-22 10:09:32 → 601124036748 → si1688 → 需要 群、发软、件，找 `boss91m1`
2022-06-22 10:11:19 → 601124042925 → jiu_777 → 准备（发 ）广告，找 `boss91m1`
2022-06-22 10:12:08 → 601124036748 → -1001692409589 → 需要 群、发，找 `boss91m1`
2022-06-22 10:13:01 → 601124042925 → jiu_777 → 来（发 ）广告，联系 `boss91m1`
2022-06-22 10:13:30 → 601124036748 → si1688 → 要（发 ）广告，联系 `boss91m1`
2022-06-22 10:14:33 → 601124036748 → jiemaWhatsApp → (session) 协议号，零售、批发 找，`boss91m1`
2022-06-22 10:15:44 → 601124036748 → jiemaLine → 来（发 ）广告，联系 `boss91m1`
2022-06-22 10:16:02 → 601124042925 → jiu_777 → 需要 软、件，找 `boss91m1`
2022-06-22 10:18:01 → 601124036748 → bc123hx → 来（发 ）广告，联系 `boss91m1`
2022-06-22 10:18:19 → 601124042925 → jiu_777 → 要（发 ）广告，联系 `boss91m1`
2022-06-22 10:20:34 → 601124036748 → hfjiema → 需要 群、发软、件，找 `boss91m1`
2022-06-22 10:21:09 → 601124042925 → jiu_777 → 想找人（ 发 ）广告，找 `boss91m1`
2022-06-22 10:22:30 → 601124042925 → jiu_777 → 想找人（ 发 ）广告，找 `boss91m1`
2022-06-22 10:22:47 → 601124036748 → bc123hx → 准备（发 ）广告，找 `boss91m1`
2022-06-22 10:24:13 → 601124036748 → HWDBQ → 来（发 ）广告，联系 `boss91m1`
2022-06-22 10:25:14 → 601124042925 → jiu_777 → 要（发 ）广告，联系 `boss91m1`
2022-06-22 10:26:13 → 601124036748 → si1688 → 专业（发 ）广告，联系我 `boss91m1`
2022-06-22 10:26:54 → 601124042925 → jiu_777 → 来（发 ）广告，联系 `boss91m1`
2022-06-22 10:27:40 → 601124036748 → -1001692409589 → 专业（发 ）广告，联系我 `boss91m1`
2022-06-22 10:29:18 → 601124042925 → jiu_777 → 需要 软、件，找 `boss91m1`
2022-06-22 10:30:08 → 601124036748 → HWDBQ → 来（发 ）广告，联系 `boss91m1`
2022-06-22 10:31:24 → 601124042925 → jiu_777 → 需要 软、件，找 `boss91m1`
2022-06-22 10:31:53 → 601124036748 → bc123hx → 需要 群、发，找 `boss91m1`
2022-06-22 10:33:47 → 601124042925 → jiu_777 → 准备（发 ）广告，找 `boss91m1`
2022-06-22 10:34:25 → 601124036748 → -1001692409589 → 想要（发 ）广告，找 `boss91m1`
2022-06-22 10:35:39 → 601124042925 → jiu_777 → 需要 群、发软、件，找 `boss91m1`
2022-06-22 10:35:56 → 601124036748 → si1688 → 准备（发 ）广告，找 `boss91m1`
2022-06-22 10:37:36 → 601124042925 → jiu_777 → 来（发 ）广告，联系 `boss91m1`
2022-06-22 10:38:50 → 601124036748 → si1688 → (session) 协议号，零售、批发 找，`boss91m1`
2022-06-22 10:39:43 → 601124042925 → jiu_777 → 来（发 ）广告，联系 `boss91m1`
2022-06-22 10:40:00 → 601124036748 → HWDBQ → 想找人（ 发 ）广告，找 `boss91m1`
2022-06-22 10:41:04 → 601124036748 → bc123hx → 要（发 ）广告，联系 `boss91m1`
2022-06-22 10:41:52 → 601124036748 → -1001692409589 → 来（发 ）广告，联系 `boss91m1`
2022-06-22 10:42:39 → 601124042925 → jiu_777 → 专业（发 ）广告，联系我 `boss91m1`
2022-06-22 10:43:34 → 601124036748 → hfjiema → 需要 群、发，找 `boss91m1`
2022-06-22 10:44:10 → 601124042925 → jiu_777 → 想找人（ 发 ）广告，找 `boss91m1`
2022-06-22 10:46:11 → 601124042925 → jiu_777 → 想找人（ 发 ）广告，找 `boss91m1`
2022-06-22 10:46:58 → 601124036748 → si1688 → (session) 协议号，零售、批发 找，`boss91m1`
2022-06-22 10:47:45 → 601124036748 → bc123hx → 来（发 ）广告，联系 `boss91m1`
2022-06-22 10:48:35 → 601124042925 → jiu_777 → 需要 群、发软、件，找 `boss91m1`
2022-06-22 10:51:06 → 601124042925 → jiu_777 → (session) 协议号，零售、批发 找，`boss91m1`
2022-06-22 10:51:46 → 601124036748 → HWDBQ → 想要（发 ）广告，找 `boss91m1`
2022-06-22 10:52:51 → 601124042925 → jiu_777 → (session) 协议号，零售、批发 找，`boss91m1`
2022-06-22 10:53:20 → 601124036748 → -1001692409589 → 来（发 ）广告，联系 `boss91m1`
2022-06-22 10:54:39 → 601124036748 → HWDBQ → 需要 软、件，找 `boss91m1`
2022-06-22 10:55:25 → 601124042925 → jiu_777 → (session) 协议号，零售、批发 找，`boss91m1`
2022-06-22 10:56:50 → 601124042925 → jiu_777 → 需要 群、发，找 `boss91m1`
2022-06-22 10:57:31 → 601124036748 → gdd412dfd → 准备（发 ）广告，找 `boss91m1`
2022-06-22 10:58:34 → 601124036748 → hfjiema → 来（发 ）广告，联系 `boss91m1`
2022-06-22 10:59:27 → 601124042925 → jiu_777 → 需要 群、发软、件，找 `boss91m1`
2022-06-22 11:00:20 → 601124036748 → si1688 → (session) 协议号，零售、批发 找，`boss91m1`
2022-06-22 11:01:39 → 601124042925 → jiu_777 → 来（发 ）广告，联系 `boss91m1`
2022-06-22 11:02:09 → 601124036748 → bc123hx → 来（发 ）广告，联系 `boss91m1`
2022-06-22 11:03:01 → 601124036748 → -1001692409589 → 想找人（ 发 ）广告，找 `boss91m1`
2022-06-22 11:03:50 → 601124042925 → jiu_777 → 来（发 ）广告，联系 `boss91m1`
2022-06-22 11:04:50 → 601124036748 → HWDBQ → (session) 协议号，零售、批发 找，`boss91m1`
2022-06-22 11:05:56 → 601124036748 → bc123hx → 想找人（ 发 ）广告，找 `boss91m1`
2022-06-22 11:06:30 → 601124042925 → jiu_777 → 需要 群、发，找 `boss91m1`
2022-06-22 11:07:29 → 601124036748 → -1001692409589 → (session) 协议号，零售、批发 找，`boss91m1`
2022-06-22 11:08:06 → 601124042925 → jiu_777 → 想要（发 ）广告，找 `boss91m1`
2022-06-22 11:09:11 → 601124036748 → si1688 → 需要 群、发，找 `boss91m1`
2022-06-22 11:10:40 → 601124042925 → jiu_777 → 需要 群、发软、件，找 `boss91m1`
2022-06-22 11:12:07 → 601124036748 → gdd412dfd → 想要（发 ）广告，找 `boss91m1`
2022-06-22 11:12:41 → 601124042925 → jiu_777 → 需要 软、件，找 `boss91m1`
2022-06-22 11:14:28 → 601124036748 → -1001692409589 → 想要（发 ）广告，找 `boss91m1`
2022-06-22 11:14:57 → 601124042925 → jiu_777 → 来（发 ）广告，联系 `boss91m1`
2022-06-22 11:16:20 → 601124036748 → hfjiema → 准备（发 ）广告，找 `boss91m1`
2022-06-22 11:17:01 → 601124042925 → jiu_777 → 需要 软、件，找 `boss91m1`
2022-06-22 11:17:25 → 601124036748 → HWDBQ → 想找人（ 发 ）广告，找 `boss91m1`
2022-06-22 11:18:46 → 601124042925 → jiu_777 → 想要（发 ）广告，找 `boss91m1`
2022-06-22 11:19:03 → 601124036748 → jiemaWhatsApp → 来（发 ）广告，联系 `boss91m1`
2022-06-22 11:19:39 → 601124036748 → jiemaLine → 需要 群、发软、件，找 `boss91m1`
2022-06-22 11:20:56 → 601124042925 → jiu_777 → 需要 群、发，找 `boss91m1`
2022-06-22 11:21:13 → 601124036748 → bc123hx → 需要 群、发，找 `boss91m1`
2022-06-22 11:22:01 → 601124036748 → si1688 → 想找人（ 发 ）广告，找 `boss91m1`
2022-06-22 11:23:06 → 601124042925 → jiu_777 → 需要 群、发软、件，找 `boss91m1`
2022-06-22 11:23:55 → 601124036748 → HWDBQ → 准备（发 ）广告，找 `boss91m1`
2022-06-22 11:25:11 → 601124036748 → bc123hx → 需要 软、件，找 `boss91m1`
2022-06-22 11:25:29 → 601124042925 → jiu_777 → 需要 软、件，找 `boss91m1`
2022-06-22 11:26:21 → 601124036748 → -1001692409589 → 来（发 ）广告，联系 `boss91m1`
2022-06-22 11:27:10 → 601124042925 → jiu_777 → 需要 群、发软、件，找 `boss91m1`
2022-06-22 11:28:58 → 601124036748 → si1688 → 准备（发 ）广告，找 `boss91m1`
2022-06-22 11:29:58 → 601124042925 → jiu_777 → 准备（发 ）广告，找 `boss91m1`
2022-06-22 11:31:20 → 601124036748 → hfjiema → (session) 协议号，零售、批发 找，`boss91m1`
2022-06-22 11:32:01 → 601124042925 → jiu_777 → 需要 群、发，找 `boss91m1`
2022-06-22 11:33:46 → 601124036748 → si1688 → 来（发 ）广告，联系 `boss91m1`
2022-06-22 11:34:16 → 601124042925 → jiu_777 → 来（发 ）广告，联系 `boss91m1`
2022-06-22 11:34:58 → 601124036748 → -1001692409589 → 准备（发 ）广告，找 `boss91m1`
2022-06-22 11:36:39 → 601124042925 → jiu_777 → 专业（发 ）广告，联系我 `boss91m1`
2022-06-22 11:37:42 → 601124036748 → HWDBQ → (session) 协议号，零售、批发 找，`boss91m1`
2022-06-22 11:38:06 → 601124036748 → bc123hx → 要（发 ）广告，联系 `boss91m1`
2022-06-22 11:38:24 → 601124042925 → jiu_777 → 专业（发 ）广告，联系我 `boss91m1`
2022-06-22 11:40:24 → 601124042925 → jiu_777 → 来（发 ）广告，联系 `boss91m1`
2022-06-22 11:42:52 → 601124042925 → jiu_777 → 来（发 ）广告，联系 `boss91m1`
2022-06-22 11:43:17 → 601124036748 → HWDBQ → 想要（发 ）广告，找 `boss91m1`
2022-06-22 11:44:40 → 601124042925 → jiu_777 → 需要 群、发软、件，找 `boss91m1`
2022-06-22 11:46:30 → 601124042925 → jiu_777 → (session) 协议号，零售、批发 找，`boss91m1`
2022-06-22 11:47:03 → 601124036748 → -1001692409589 → 想找人（ 发 ）广告，找 `boss91m1`
2022-06-22 11:47:51 → 601124036748 → si1688 → (session) 协议号，零售、批发 找，`boss91m1`
2022-06-22 11:48:55 → 601124036748 → bc123hx → 需要 群、发，找 `boss91m1`
2022-06-22 11:49:13 → 601124042925 → jiu_777 → 专业（发 ）广告，联系我 `boss91m1`
2022-06-22 11:51:03 → 601124042925 → jiu_777 → 来（发 ）广告，联系 `boss91m1`
2022-06-22 11:52:49 → 601124036748 → HWDBQ → 准备（发 ）广告，找 `boss91m1`
2022-06-22 11:53:26 → 601124042925 → jiu_777 → 需要 群、发，找 `boss91m1`
2022-06-22 11:55:03 → 601124042925 → jiu_777 → 需要 群、发软、件，找 `boss91m1`
2022-06-22 11:56:34 → 601124036748 → bc123hx → 来（发 ）广告，联系 `boss91m1`
2022-06-22 11:57:27 → 601124042925 → jiu_777 → 想要（发 ）广告，找 `boss91m1`
2022-06-22 11:57:44 → 601124036748 → si1688 → 需要 群、发，找 `boss91m1`
2022-06-22 11:59:21 → 601124042925 → jiu_777 → 想找人（ 发 ）广告，找 `boss91m1`
2022-06-22 12:00:51 → 601124036748 → -1001692409589 → 专业（发 ）广告，联系我 `boss91m1`
2022-06-22 12:01:31 → 601124036748 → hfjiema → 准备（发 ）广告，找 `boss91m1`
2022-06-22 12:01:49 → 601124042925 → jiu_777 → 需要 群、发软、件，找 `boss91m1`
2022-06-22 12:03:53 → 601124036748 → -1001692409589 → 专业（发 ）广告，联系我 `boss91m1`
2022-06-22 12:04:11 → 601124042925 → jiu_777 → 想要（发 ）广告，找 `boss91m1`
2022-06-22 12:05:10 → 601124036748 → bc123hx → 需要 软、件，找 `boss91m1`
2022-06-22 12:06:00 → 601124042925 → jiu_777 → 要（发 ）广告，联系 `boss91m1`
2022-06-22 12:07:07 → 601124036748 → HWDBQ → 想找人（ 发 ）广告，找 `boss91m1`
2022-06-22 12:08:24 → 601124042925 → jiu_777 → 需要 群、发软、件，找 `boss91m1`
2022-06-22 12:10:29 → 601124036748 → si1688 → 来（发 ）广告，联系 `boss91m1`
2022-06-22 12:10:47 → 601124042925 → jiu_777 → 需要 软、件，找 `boss91m1`
2022-06-22 12:12:32 → 601124042925 → jiu_777 → (session) 协议号，零售、批发 找，`boss91m1`
2022-06-22 12:14:25 → 601124042925 → jiu_777 → 来（发 ）广告，联系 `boss91m1`
2022-06-22 12:14:42 → 601124036748 → HWDBQ → 准备（发 ）广告，找 `boss91m1`
2022-06-22 12:15:30 → 601124036748 → -1001692409589 → 想找人（ 发 ）广告，找 `boss91m1`
2022-06-22 12:16:23 → 601124042925 → jiu_777 → 需要 群、发软、件，找 `boss91m1`
2022-06-22 12:17:11 → 601124036748 → bc123hx → 来（发 ）广告，联系 `boss91m1`
2022-06-22 12:17:47 → 601124036748 → hfjiema → 要（发 ）广告，联系 `boss91m1`
2022-06-22 12:18:47 → 601124042925 → jiu_777 → 需要 群、发，找 `boss91m1`
2022-06-22 12:19:22 → 601124036748 → jiemaWhatsApp → 来（发 ）广告，联系 `boss91m1`
2022-06-22 12:20:57 → 601124042925 → jiu_777 → 专业（发 ）广告，联系我 `boss91m1`
2022-06-22 12:21:14 → 601124036748 → si1688 → 需要 群、发，找 `boss91m1`
2022-06-22 12:23:00 → 601124036748 → HWDBQ → 需要 软、件，找 `boss91m1`
2022-06-22 12:23:34 → 601124042925 → jiu_777 → 需要 群、发，找 `boss91m1`
2022-06-22 12:23:58 → 601124036748 → bc123hx → 准备（发 ）广告，找 `boss91m1`
2022-06-22 12:24:57 → 601124036748 → si1688 → (session) 协议号，零售、批发 找，`boss91m1`
2022-06-22 12:25:27 → 601124042925 → jiu_777 → (session) 协议号，零售、批发 找，`boss91m1`
2022-06-22 12:27:48 → 601124042925 → jiu_777 → 需要 群、发，找 `boss91m1`
2022-06-22 12:28:12 → 601124036748 → jiemaLine → 专业（发 ）广告，联系我 `boss91m1`
2022-06-22 12:29:16 → 601124036748 → -1001692409589 → 想找人（ 发 ）广告，找 `boss91m1`
2022-06-22 12:29:34 → 601124042925 → jiu_777 → 准备（发 ）广告，找 `boss91m1`
2022-06-22 12:31:42 → 601124042925 → jiu_777 → 需要 软、件，找 `boss91m1`
2022-06-22 12:32:55 → 601124036748 → -1001692409589 → (session) 协议号，零售、批发 找，`boss91m1`
2022-06-22 12:33:36 → 601124042925 → jiu_777 → (session) 协议号，零售、批发 找，`boss91m1`
2022-06-22 12:34:15 → 601124036748 → bc123hx → 准备（发 ）广告，找 `boss91m1`
2022-06-22 12:35:07 → 601124036748 → HWDBQ → (session) 协议号，零售、批发 找，`boss91m1`
2022-06-22 12:35:56 → 601124042925 → jiu_777 → 需要 群、发，找 `boss91m1`
2022-06-22 12:36:13 → 601124036748 → hfjiema → 专业（发 ）广告，联系我 `boss91m1`
2022-06-22 12:37:50 → 601124042925 → jiu_777 → 想找人（ 发 ）广告，找 `boss91m1`
2022-06-22 12:38:35 → 601124036748 → si1688 → 需要 软、件，找 `boss91m1`
2022-06-22 12:40:25 → 601124042925 → jiu_777 → (session) 协议号，零售、批发 找，`boss91m1`
2022-06-22 12:42:16 → 601124042925 → jiu_777 → 需要 群、发，找 `boss91m1`
2022-06-22 12:42:46 → 601124036748 → -1001692409589 → 想要（发 ）广告，找 `boss91m1`
2022-06-22 12:44:06 → 601124036748 → bc123hx → 需要 群、发软、件，找 `boss91m1`
2022-06-22 12:44:52 → 601124042925 → jiu_777 → 想要（发 ）广告，找 `boss91m1`
2022-06-22 12:46:27 → 601124036748 → HWDBQ → 想要（发 ）广告，找 `boss91m1`
2022-06-22 12:46:57 → 601124042925 → jiu_777 → 需要 群、发，找 `boss91m1`
2022-06-22 12:48:35 → 601124042925 → jiu_777 → 要（发 ）广告，联系 `boss91m1`
2022-06-22 12:48:52 → 601124036748 → si1688 → 想找人（ 发 ）广告，找 `boss91m1`
2022-06-22 12:50:58 → 601124042925 → jiu_777 → 来（发 ）广告，联系 `boss91m1`
2022-06-22 12:52:34 → 601124036748 → hfjiema → 来（发 ）广告，联系 `boss91m1`
2022-06-22 12:53:16 → 601124042925 → jiu_777 → 想要（发 ）广告，找 `boss91m1`
2022-06-22 12:54:45 → 601124036748 → bc123hx → 需要 群、发，找 `boss91m1`
2022-06-22 12:55:03 → 601124042925 → jiu_777 → 想要（发 ）广告，找 `boss91m1`
2022-06-22 12:56:07 → 601124036748 → HWDBQ → 想找人（ 发 ）广告，找 `boss91m1`
2022-06-22 12:56:55 → 601124042925 → jiu_777 → 专业（发 ）广告，联系我 `boss91m1`
2022-06-22 12:57:12 → 601124036748 → si1688 → (session) 协议号，零售、批发 找，`boss91m1`
2022-06-22 12:58:16 → 601124036748 → -1001692409589 → 需要 群、发软、件，找 `boss91m1`
2022-06-22 12:59:34 → 601124042925 → jiu_777 → 需要 软、件，找 `boss91m1`
2022-06-22 13:01:36 → 601124042925 → jiu_777 → 要（发 ）广告，联系 `boss91m1`
2022-06-22 13:01:54 → 601124036748 → si1688 → (session) 协议号，零售、批发 找，`boss91m1`
2022-06-22 13:02:41 → 601124036748 → bc123hx → 来（发 ）广告，联系 `boss91m1`
2022-06-22 13:03:34 → 601124042925 → jiu_777 → 想找人（ 发 ）广告，找 `boss91m1`
2022-06-22 13:04:23 → 601124036748 → HWDBQ → 需要 群、发，找 `boss91m1`
2022-06-22 13:05:52 → 601124042925 → jiu_777 → 来（发 ）广告，联系 `boss91m1`
2022-06-22 13:07:39 → 601124036748 → -1001692409589 → 准备（发 ）广告，找 `boss91m1`
2022-06-22 13:07:57 → 601124042925 → jiu_777 → 想要（发 ）广告，找 `boss91m1`
2022-06-22 13:08:40 → 601124036748 → hfjiema → 专业（发 ）广告，联系我 `boss91m1`
2022-06-22 13:09:53 → 601124042925 → jiu_777 → 需要 群、发，找 `boss91m1`
2022-06-22 13:11:26 → 601124036748 → HWDBQ → 专业（发 ）广告，联系我 `boss91m1`
2022-06-22 13:11:51 → 601124042925 → jiu_777 → 需要 群、发，找 `boss91m1`
2022-06-22 13:14:28 → 601124036748 → -1001692409589 → 想找人（ 发 ）广告，找 `boss91m1`
2022-06-22 13:15:02 → 601124042925 → jiu_777 → 专业（发 ）广告，联系我 `boss91m1`
2022-06-22 13:15:38 → 601124036748 → si1688 → 专业（发 ）广告，联系我 `boss91m1`
2022-06-22 13:16:26 → 601124036748 → bc123hx → 来（发 ）广告，联系 `boss91m1`
2022-06-22 13:16:44 → 601124042925 → jiu_777 → 专业（发 ）广告，联系我 `boss91m1`
2022-06-22 13:19:13 → 601124042925 → jiu_777 → 要（发 ）广告，联系 `boss91m1`
2022-06-22 13:21:21 → 601124042925 → jiu_777 → 专业（发 ）广告，联系我 `boss91m1`
2022-06-22 13:21:57 → 601124036748 → -1001692409589 → 想要（发 ）广告，找 `boss91m1`
2022-06-22 13:23:39 → 601124036748 → hfjiema → 想找人（ 发 ）广告，找 `boss91m1`
2022-06-22 13:24:13 → 601124042925 → jiu_777 → 需要 群、发软、件，找 `boss91m1`
2022-06-22 13:24:49 → 601124036748 → si1688 → 专业（发 ）广告，联系我 `boss91m1`
2022-06-22 13:26:06 → 601124042925 → jiu_777 → 准备（发 ）广告，找 `boss91m1`
2022-06-22 13:26:55 → 601124036748 → HWDBQ → 来（发 ）广告，联系 `boss91m1`
2022-06-22 13:27:59 → 601124036748 → jiemaWhatsApp → 需要 软、件，找 `boss91m1`
2022-06-22 13:28:45 → 601124042925 → jiu_777 → 专业（发 ）广告，联系我 `boss91m1`
2022-06-22 13:29:22 → 601124036748 → bc123hx → 专业（发 ）广告，联系我 `boss91m1`
2022-06-22 13:30:27 → 601124042925 → jiu_777 → 来（发 ）广告，联系 `boss91m1`
2022-06-22 13:32:17 → 601124036748 → si1688 → 想要（发 ）广告，找 `boss91m1`
2022-06-22 13:32:35 → 601124042925 → jiu_777 → (session) 协议号，零售、批发 找，`boss91m1`
2022-06-22 13:33:23 → 601124036748 → jiemaLine → 准备（发 ）广告，找 `boss91m1`
2022-06-22 13:34:42 → 601124036748 → -1001692409589 → (session) 协议号，零售、批发 找，`boss91m1`
2022-06-22 13:35:12 → 601124042925 → jiu_777 → 专业（发 ）广告，联系我 `boss91m1`
2022-06-22 13:36:45 → 601124042925 → jiu_777 → 需要 群、发，找 `boss91m1`
2022-06-22 13:37:02 → 601124036748 → HWDBQ → 来（发 ）广告，联系 `boss91m1`
2022-06-22 13:38:05 → 601124036748 → bc123hx → 需要 群、发软、件，找 `boss91m1`
2022-06-22 13:38:46 → 601124042925 → jiu_777 → 想要（发 ）广告，找 `boss91m1`
2022-06-22 13:39:03 → 601124036748 → hfjiema → (session) 协议号，零售、批发 找，`boss91m1`
2022-06-22 13:41:26 → 601124036748 → si1688 → 需要 群、发软、件，找 `boss91m1`
2022-06-22 13:41:44 → 601124042925 → jiu_777 → 需要 软、件，找 `boss91m1`
2022-06-22 13:42:33 → 601124036748 → HWDBQ → 想要（发 ）广告，找 `boss91m1`
2022-06-22 13:43:23 → 601124042925 → jiu_777 → 想找人（ 发 ）广告，找 `boss91m1`
2022-06-22 13:45:34 → 601124036748 → -1001692409589 → 需要 软、件，找 `boss91m1`
2022-06-22 13:45:52 → 601124042925 → jiu_777 → 专业（发 ）广告，联系我 `boss91m1`
2022-06-22 13:47:20 → 601124036748 → bc123hx → 来（发 ）广告，联系 `boss91m1`
2022-06-22 13:47:57 → 601124042925 → jiu_777 → 要（发 ）广告，联系 `boss91m1`
2022-06-22 13:49:59 → 601124042925 → jiu_777 → 想要（发 ）广告，找 `boss91m1`
2022-06-22 13:51:04 → 601124036748 → bc123hx → 专业（发 ）广告，联系我 `boss91m1`
2022-06-22 13:51:58 → 601124042925 → jiu_777 → 专业（发 ）广告，联系我 `boss91m1`
2022-06-22 13:54:03 → 601124036748 → hfjiema → 来（发 ）广告，联系 `boss91m1`
2022-06-22 13:55:19 → 601124042925 → jiu_777 → 需要 软、件，找 `boss91m1`
2022-06-22 13:55:36 → 601124036748 → HWDBQ → 需要 群、发，找 `boss91m1`
2022-06-22 13:57:08 → 601124036748 → -1001692409589 → 来（发 ）广告，联系 `boss91m1`
2022-06-22 13:57:42 → 601124042925 → jiu_777 → 需要 群、发软、件，找 `boss91m1`
2022-06-22 13:58:36 → 601124036748 → si1688 → 想要（发 ）广告，找 `boss91m1`
2022-06-22 13:59:38 → 601124042925 → jiu_777 → 要（发 ）广告，联系 `boss91m1`
2022-06-22 14:01:13 → 601124042925 → jiu_777 → 准备（发 ）广告，找 `boss91m1`
2022-06-22 14:01:59 → 601124036748 → bc123hx → 来（发 ）广告，联系 `boss91m1`
2022-06-22 14:03:20 → 601124042925 → jiu_777 → 需要 群、发，找 `boss91m1`
2022-06-22 14:03:48 → 601124036748 → HWDBQ → 需要 群、发软、件，找 `boss91m1`
2022-06-22 14:05:29 → 601124036748 → si1688 → (session) 协议号，零售、批发 找，`boss91m1`
2022-06-22 14:05:47 → 601124042925 → jiu_777 → 需要 群、发，找 `boss91m1`
2022-06-22 14:06:59 → 601124036748 → -1001692409589 → 来（发 ）广告，联系 `boss91m1`
2022-06-22 14:08:09 → 601124042925 → jiu_777 → 需要 软、件，找 `boss91m1`
2022-06-22 14:09:41 → 601124042925 → jiu_777 → 要（发 ）广告，联系 `boss91m1`
2022-06-22 14:11:59 → 601124042925 → jiu_777 → 需要 群、发软、件，找 `boss91m1`
2022-06-22 14:12:28 → 601124036748 → -1001692409589 → 准备（发 ）广告，找 `boss91m1`
2022-06-22 14:13:03 → 601124036748 → bc123hx → 来（发 ）广告，联系 `boss91m1`
2022-06-22 14:14:34 → 601124042925 → jiu_777 → 专业（发 ）广告，联系我 `boss91m1`
2022-06-22 14:15:07 → 601124036748 → HWDBQ → 需要 群、发，找 `boss91m1`
2022-06-22 14:16:16 → 601124036748 → si1688 → 来（发 ）广告，联系 `boss91m1`
2022-06-22 14:16:41 → 601124042925 → jiu_777 → 准备（发 ）广告，找 `boss91m1`
2022-06-22 14:19:14 → 601124036748 → hfjiema → 需要 软、件，找 `boss91m1`
2022-06-22 14:19:32 → 601124042925 → jiu_777 → 准备（发 ）广告，找 `boss91m1`
2022-06-22 14:20:56 → 601124042925 → jiu_777 → (session) 协议号，零售、批发 找，`boss91m1`
2022-06-22 14:22:04 → 601124036748 → HWDBQ → 需要 群、发，找 `boss91m1`
2022-06-22 14:23:05 → 601124042925 → jiu_777 → 需要 软、件，找 `boss91m1`
2022-06-22 14:25:30 → 601124036748 → bc123hx → 要（发 ）广告，联系 `boss91m1`
2022-06-22 14:26:00 → 601124042925 → jiu_777 → 来（发 ）广告，联系 `boss91m1`
2022-06-22 14:28:05 → 601124042925 → jiu_777 → 需要 软、件，找 `boss91m1`
2022-06-22 14:28:40 → 601124036748 → -1001692409589 → 准备（发 ）广告，找 `boss91m1`
2022-06-22 14:29:40 → 601124042925 → jiu_777 → 想找人（ 发 ）广告，找 `boss91m1`
2022-06-22 14:30:13 → 601124036748 → si1688 → 需要 软、件，找 `boss91m1`
2022-06-22 14:31:48 → 601124036748 → -1001692409589 → 要（发 ）广告，联系 `boss91m1`
2022-06-22 14:32:18 → 601124042925 → jiu_777 → 专业（发 ）广告，联系我 `boss91m1`
2022-06-22 14:33:06 → 601124036748 → bc123hx → 要（发 ）广告，联系 `boss91m1`
2022-06-22 14:34:14 → 601124036748 → hfjiema → 想要（发 ）广告，找 `boss91m1`
2022-06-22 14:34:32 → 601124042925 → jiu_777 → 需要 软、件，找 `boss91m1`
2022-06-22 14:36:34 → 601124036748 → jiemaLine → 要（发 ）广告，联系 `boss91m1`
2022-06-22 14:37:04 → 601124042925 → jiu_777 → 要（发 ）广告，联系 `boss91m1`
2022-06-22 14:37:40 → 601124036748 → si1688 → 需要 软、件，找 `boss91m1`
2022-06-22 14:38:43 → 601124036748 → HWDBQ → (session) 协议号，零售、批发 找，`boss91m1`
2022-06-22 14:39:01 → 601124042925 → jiu_777 → 专业（发 ）广告，联系我 `boss91m1`
2022-06-22 14:40:05 → 601124036748 → jiemaWhatsApp → 想要（发 ）广告，找 `boss91m1`
2022-06-22 14:40:54 → 601124042925 → jiu_777 → 想找人（ 发 ）广告，找 `boss91m1`
2022-06-22 14:41:50 → 601124036748 → bc123hx → 需要 群、发软、件，找 `boss91m1`
2022-06-22 14:43:14 → 601124042925 → jiu_777 → 需要 群、发软、件，找 `boss91m1`
2022-06-22 14:45:32 → 601124042925 → jiu_777 → 来（发 ）广告，联系 `boss91m1`
2022-06-22 14:46:08 → 601124036748 → HWDBQ → 需要 群、发软、件，找 `boss91m1`
2022-06-22 14:47:28 → 601124042925 → jiu_777 → 准备（发 ）广告，找 `boss91m1`
2022-06-22 14:48:28 → 601124036748 → si1688 → 专业（发 ）广告，联系我 `boss91m1`
2022-06-22 14:49:22 → 601124036748 → -1001692409589 → 来（发 ）广告，联系 `boss91m1`
2022-06-22 14:49:40 → 601124042925 → jiu_777 → 需要 软、件，找 `boss91m1`
2022-06-22 14:51:27 → 601124042925 → jiu_777 → (session) 协议号，零售、批发 找，`boss91m1`
2022-06-22 14:51:45 → 601124036748 → bc123hx → 需要 群、发软、件，找 `boss91m1`
2022-06-22 14:53:37 → 601124042925 → jiu_777 → 需要 群、发，找 `boss91m1`
2022-06-22 14:54:05 → 601124036748 → -1001692409589 → 准备（发 ）广告，找 `boss91m1`
2022-06-22 14:54:53 → 601124036748 → si1688 → (session) 协议号，零售、批发 找，`boss91m1`
2022-06-22 14:55:42 → 601124042925 → jiu_777 → 需要 软、件，找 `boss91m1`
2022-06-22 14:56:35 → 601124036748 → HWDBQ → 想找人（ 发 ）广告，找 `boss91m1`
2022-06-22 14:57:51 → 601124042925 → jiu_777 → 需要 群、发软、件，找 `boss91m1`
2022-06-22 14:58:08 → 601124036748 → hfjiema → 需要 群、发软、件，找 `boss91m1`
2022-06-22 14:59:45 → 601124042925 → jiu_777 → 想要（发 ）广告，找 `boss91m1`
2022-06-22 15:02:14 → 601124042925 → jiu_777 → 需要 软、件，找 `boss91m1`
2022-06-22 15:04:11 → 601124036748 → HWDBQ → 需要 群、发软、件，找 `boss91m1`
2022-06-22 15:04:41 → 601124042925 → jiu_777 → 准备（发 ）广告，找 `boss91m1`
2022-06-22 15:05:57 → 601124036748 → si1688 → 专业（发 ）广告，联系我 `boss91m1`
2022-06-22 15:06:51 → 601124042925 → jiu_777 → (session) 协议号，零售、批发 找，`boss91m1`
2022-06-22 15:08:01 → 601124036748 → -1001692409589 → 想找人（ 发 ）广告，找 `boss91m1`
2022-06-22 15:08:37 → 601124042925 → jiu_777 → 来（发 ）广告，联系 `boss91m1`
2022-06-22 15:08:54 → 601124036748 → bc123hx → 来（发 ）广告，联系 `boss91m1`
2022-06-22 15:10:35 → 601124042925 → jiu_777 → (session) 协议号，零售、批发 找，`boss91m1`
2022-06-22 15:12:52 → 601124042925 → jiu_777 → 想要（发 ）广告，找 `boss91m1`
2022-06-22 15:13:55 → 601124036748 → -1001692409589 → 需要 群、发，找 `boss91m1`
2022-06-22 15:14:59 → 601124042925 → jiu_777 → (session) 协议号，零售、批发 找，`boss91m1`
2022-06-22 15:15:59 → 601124036748 → bc123hx → 想找人（ 发 ）广告，找 `boss91m1`
2022-06-22 15:17:15 → 601124036748 → si1688 → 来（发 ）广告，联系 `boss91m1`
2022-06-22 15:17:33 → 601124042925 → jiu_777 → 想要（发 ）广告，找 `boss91m1`
2022-06-22 15:18:09 → 601124036748 → HWDBQ → 想找人（ 发 ）广告，找 `boss91m1`
2022-06-22 15:19:13 → 601124042925 → jiu_777 → 需要 软、件，找 `boss91m1`
2022-06-22 15:20:29 → 601124036748 → hfjiema → 需要 群、发，找 `boss91m1`
2022-06-22 15:21:17 → 601124036748 → -1001692409589 → 要（发 ）广告，联系 `boss91m1`
2022-06-22 15:21:35 → 601124042925 → jiu_777 → 来（发 ）广告，联系 `boss91m1`
2022-06-22 15:22:57 → 601124036748 → bc123hx → 专业（发 ）广告，联系我 `boss91m1`
2022-06-22 15:23:34 → 601124042925 → jiu_777 → 准备（发 ）广告，找 `boss91m1`
2022-06-22 15:25:03 → 601124036748 → HWDBQ → (session) 协议号，零售、批发 找，`boss91m1`
2022-06-22 15:25:55 → 601124036748 → si1688 → (session) 协议号，零售、批发 找，`boss91m1`
2022-06-22 15:26:13 → 601124042925 → jiu_777 → 准备（发 ）广告，找 `boss91m1`
2022-06-22 15:28:18 → 601124042925 → jiu_777 → 专业（发 ）广告，联系我 `boss91m1`
2022-06-22 15:30:05 → 601124042925 → jiu_777 → 想要（发 ）广告，找 `boss91m1`
2022-06-22 15:31:43 → 601124036748 → -1001692409589 → (session) 协议号，零售、批发 找，`boss91m1`
2022-06-22 15:32:29 → 601124042925 → jiu_777 → 来（发 ）广告，联系 `boss91m1`
2022-06-22 15:33:17 → 601124036748 → HWDBQ → 来（发 ）广告，联系 `boss91m1`
2022-06-22 15:33:53 → 601124042925 → jiu_777 → 需要 群、发软、件，找 `boss91m1`
2022-06-22 15:35:38 → 601124036748 → bc123hx → (session) 协议号，零售、批发 找，`boss91m1`
2022-06-22 15:36:14 → 601124042925 → jiu_777 → 需要 软、件，找 `boss91m1`
2022-06-22 15:37:03 → 601124036748 → si1688 → 准备（发 ）广告，找 `boss91m1`
2022-06-22 15:38:10 → 601124042925 → jiu_777 → 需要 群、发，找 `boss91m1`
2022-06-22 15:39:15 → 601124036748 → si1688 → 需要 群、发软、件，找 `boss91m1`
2022-06-22 15:40:31 → 601124042925 → jiu_777 → 想要（发 ）广告，找 `boss91m1`
2022-06-22 15:40:48 → 601124036748 → jiemaLine → 想找人（ 发 ）广告，找 `boss91m1`
2022-06-22 15:41:40 → 601124036748 → bc123hx → 需要 软、件，找 `boss91m1`
2022-06-22 15:42:54 → 601124042925 → jiu_777 → 要（发 ）广告，联系 `boss91m1`
2022-06-22 15:43:45 → 601124036748 → jiemaWhatsApp → 想找人（ 发 ）广告，找 `boss91m1`
2022-06-22 15:44:32 → 601124036748 → hfjiema → 想要（发 ）广告，找 `boss91m1`
2022-06-22 15:45:02 → 601124042925 → jiu_777 → (session) 协议号，零售、批发 找，`boss91m1`
2022-06-22 15:46:07 → 601124036748 → -1001692409589 → 准备（发 ）广告，找 `boss91m1`
2022-06-22 15:46:56 → 601124042925 → jiu_777 → 需要 群、发软、件，找 `boss91m1`
2022-06-22 15:47:29 → 601124036748 → HWDBQ → 要（发 ）广告，联系 `boss91m1`
2022-06-22 15:49:05 → 601124036748 → si1688 → 需要 群、发，找 `boss91m1`
2022-06-22 15:49:35 → 601124042925 → jiu_777 → 要（发 ）广告，联系 `boss91m1`
2022-06-22 15:51:43 → 601124042925 → jiu_777 → 专业（发 ）广告，联系我 `boss91m1`
2022-06-22 15:52:19 → 601124036748 → HWDBQ → 来（发 ）广告，联系 `boss91m1`
2022-06-22 15:53:26 → 601124042925 → jiu_777 → 来（发 ）广告，联系 `boss91m1`
2022-06-22 15:53:55 → 601124036748 → bc123hx → (session) 协议号，零售、批发 找，`boss91m1`
2022-06-22 15:54:58 → 601124036748 → -1001692409589 → 来（发 ）广告，联系 `boss91m1`
2022-06-22 15:56:00 → 601124042925 → jiu_777 → 来（发 ）广告，联系 `boss91m1`
2022-06-22 15:57:38 → 601124042925 → jiu_777 → 需要 群、发软、件，找 `boss91m1`
2022-06-22 15:59:52 → 601124042925 → jiu_777 → 要（发 ）广告，联系 `boss91m1`
2022-06-22 16:01:00 → 601124036748 → bc123hx → 要（发 ）广告，联系 `boss91m1`
2022-06-22 16:01:38 → 601124042925 → jiu_777 → 需要 软、件，找 `boss91m1`
2022-06-22 16:02:19 → 601124036748 → HWDBQ → 想找人（ 发 ）广告，找 `boss91m1`
2022-06-22 16:03:43 → 601124042925 → jiu_777 → 来（发 ）广告，联系 `boss91m1`
2022-06-22 16:04:00 → 601124036748 → hfjiema → 想找人（ 发 ）广告，找 `boss91m1`
2022-06-22 16:05:16 → 601124036748 → -1001692409589 → 准备（发 ）广告，找 `boss91m1`
2022-06-22 16:05:53 → 601124042925 → jiu_777 → 要（发 ）广告，联系 `boss91m1`
2022-06-22 16:06:28 → 601124036748 → si1688 → 需要 群、发软、件，找 `boss91m1`
2022-06-22 16:08:27 → 601124036748 → HWDBQ → 来（发 ）广告，联系 `boss91m1`
2022-06-22 16:08:45 → 601124042925 → jiu_777 → 想要（发 ）广告，找 `boss91m1`
2022-06-22 16:10:21 → 601124036748 → -1001692409589 → 准备（发 ）广告，找 `boss91m1`
2022-06-22 16:10:39 → 601124042925 → jiu_777 → 来（发 ）广告，联系 `boss91m1`
2022-06-22 16:12:34 → 601124042925 → jiu_777 → 来（发 ）广告，联系 `boss91m1`
2022-06-22 16:14:10 → 601124036748 → bc123hx → 准备（发 ）广告，找 `boss91m1`
2022-06-22 16:15:30 → 601124042925 → jiu_777 → 专业（发 ）广告，联系我 `boss91m1`
2022-06-22 16:15:48 → 601124036748 → si1688 → 专业（发 ）广告，联系我 `boss91m1`
2022-06-22 16:18:24 → 601124042925 → jiu_777 → 需要 群、发，找 `boss91m1`
2022-06-22 16:20:15 → 601124036748 → -1001692409589 → (session) 协议号，零售、批发 找，`boss91m1`
2022-06-22 16:20:33 → 601124042925 → jiu_777 → 要（发 ）广告，联系 `boss91m1`
2022-06-22 16:21:20 → 601124036748 → bc123hx → 准备（发 ）广告，找 `boss91m1`
2022-06-22 16:21:57 → 601124042925 → jiu_777 → 要（发 ）广告，联系 `boss91m1`
2022-06-22 16:22:14 → 601124036748 → hfjiema → 需要 软、件，找 `boss91m1`
2022-06-22 16:24:21 → 601124042925 → jiu_777 → 来（发 ）广告，联系 `boss91m1`
2022-06-22 16:24:38 → 601124036748 → si1688 → 想要（发 ）广告，找 `boss91m1`
2022-06-22 16:25:26 → 601124036748 → HWDBQ → 来（发 ）广告，联系 `boss91m1`
2022-06-22 16:26:35 → 601124042925 → jiu_777 → 来（发 ）广告，联系 `boss91m1`
2022-06-22 16:28:01 → 601124036748 → si1688 → 来（发 ）广告，联系 `boss91m1`
2022-06-22 16:28:26 → 601124042925 → jiu_777 → 想要（发 ）广告，找 `boss91m1`
2022-06-22 16:28:59 → 601124036748 → bc123hx → 要（发 ）广告，联系 `boss91m1`
2022-06-22 16:30:35 → 601124036748 → HWDBQ → 准备（发 ）广告，找 `boss91m1`
2022-06-22 16:31:04 → 601124042925 → jiu_777 → 来（发 ）广告，联系 `boss91m1`
2022-06-22 16:33:20 → 601124042925 → jiu_777 → (session) 协议号，零售、批发 找，`boss91m1`
2022-06-22 16:34:19 → 601124036748 → -1001692409589 → 需要 群、发软、件，找 `boss91m1`
2022-06-22 16:35:00 → 601124042925 → jiu_777 → 想找人（ 发 ）广告，找 `boss91m1`
2022-06-22 16:37:02 → 601124036748 → -1001692409589 → 专业（发 ）广告，联系我 `boss91m1`
2022-06-22 16:37:20 → 601124042925 → jiu_777 → 需要 群、发软、件，找 `boss91m1`
2022-06-22 16:38:07 → 601124036748 → HWDBQ → 准备（发 ）广告，找 `boss91m1`
2022-06-22 16:39:41 → 601124042925 → jiu_777 → 来（发 ）广告，联系 `boss91m1`
2022-06-22 16:40:48 → 601124036748 → jiemaLine → 专业（发 ）广告，联系我 `boss91m1`
2022-06-22 16:42:07 → 601124042925 → jiu_777 → 准备（发 ）广告，找 `boss91m1`
2022-06-22 16:42:31 → 601124036748 → si1688 → 想找人（ 发 ）广告，找 `boss91m1`
2022-06-22 16:43:34 → 601124036748 → hfjiema → 需要 群、发软、件，找 `boss91m1`
2022-06-22 16:44:04 → 601124042925 → jiu_777 → 要（发 ）广告，联系 `boss91m1`
2022-06-22 16:45:20 → 601124036748 → bc123hx → 想找人（ 发 ）广告，找 `boss91m1`
2022-06-22 16:46:24 → 601124042925 → jiu_777 → 来（发 ）广告，联系 `boss91m1`
2022-06-22 16:46:49 → 601124036748 → HWDBQ → 来（发 ）广告，联系 `boss91m1`
2022-06-22 16:47:48 → 601124042925 → jiu_777 → 需要 软、件，找 `boss91m1`
2022-06-22 16:48:17 → 601124036748 → jiemaWhatsApp → 需要 软、件，找 `boss91m1`
2022-06-22 16:49:26 → 601124036748 → bc123hx → 想要（发 ）广告，找 `boss91m1`
2022-06-22 16:50:14 → 601124042925 → jiu_777 → 需要 群、发，找 `boss91m1`
2022-06-22 16:51:43 → 601124036748 → -1001692409589 → 准备（发 ）广告，找 `boss91m1`
2022-06-22 16:52:08 → 601124042925 → jiu_777 → 准备（发 ）广告，找 `boss91m1`
2022-06-22 16:54:11 → 601124036748 → si1688 → 需要 群、发，找 `boss91m1`
2022-06-22 16:54:29 → 601124042925 → jiu_777 → 准备（发 ）广告，找 `boss91m1`
2022-06-22 16:56:44 → 601124042925 → jiu_777 → 要（发 ）广告，联系 `boss91m1`
2022-06-22 16:57:02 → 601124036748 → -1001692409589 → 想要（发 ）广告，找 `boss91m1`
2022-06-22 16:58:34 → 601124036748 → hfjiema → 想找人（ 发 ）广告，找 `boss91m1`
2022-06-22 17:00:03 → 601124042925 → jiu_777 → 需要 软、件，找 `boss91m1`
2022-06-22 17:01:36 → 601124042925 → jiu_777 → 来（发 ）广告，联系 `boss91m1`
2022-06-22 17:02:30 → 601124036748 → bc123hx → 需要 群、发，找 `boss91m1`
2022-06-22 17:03:36 → 601124036748 → HWDBQ → 需要 群、发软、件，找 `boss91m1`
2022-06-22 17:03:54 → 601124042925 → jiu_777 → 准备（发 ）广告，找 `boss91m1`
2022-06-22 17:05:08 → 601124036748 → si1688 → 需要 群、发，找 `boss91m1`
2022-06-22 17:06:17 → 601124042925 → jiu_777 → 来（发 ）广告，联系 `boss91m1`
2022-06-22 17:08:18 → 601124042925 → jiu_777 → 来（发 ）广告，联系 `boss91m1`
2022-06-22 17:09:58 → 601124042925 → jiu_777 → 专业（发 ）广告，联系我 `boss91m1`
2022-06-22 17:10:26 → 601124036748 → -1001692409589 → 准备（发 ）广告，找 `boss91m1`
2022-06-22 17:11:02 → 601124036748 → bc123hx → 来（发 ）广告，联系 `boss91m1`
2022-06-22 17:12:19 → 601124042925 → jiu_777 → 需要 群、发，找 `boss91m1`
2022-06-22 17:12:52 → 601124036748 → si1688 → 来（发 ）广告，联系 `boss91m1`
2022-06-22 17:14:11 → 601124036748 → HWDBQ → 想要（发 ）广告，找 `boss91m1`
2022-06-22 17:14:57 → 601124042925 → jiu_777 → 来（发 ）广告，联系 `boss91m1`
2022-06-22 17:16:44 → 601124042925 → jiu_777 → 来（发 ）广告，联系 `boss91m1`
2022-06-22 17:17:02 → 601124036748 → si1688 → 需要 群、发软、件，找 `boss91m1`
2022-06-22 17:17:26 → 601124036748 → HWDBQ → 准备（发 ）广告，找 `boss91m1`
2022-06-22 17:19:12 → 601124042925 → jiu_777 → 想要（发 ）广告，找 `boss91m1`
2022-06-22 17:20:45 → 601124042925 → jiu_777 → 需要 群、发，找 `boss91m1`
2022-06-22 17:21:22 → 601124036748 → -1001692409589 → 想要（发 ）广告，找 `boss91m1`
2022-06-22 17:22:14 → 601124036748 → hfjiema → (session) 协议号，零售、批发 找，`boss91m1`
2022-06-22 17:22:50 → 601124036748 → bc123hx → 需要 软、件，找 `boss91m1`
2022-06-22 17:23:08 → 601124042925 → jiu_777 → 想要（发 ）广告，找 `boss91m1`
2022-06-22 17:25:37 → 601124042925 → jiu_777 → 需要 群、发软、件，找 `boss91m1`
2022-06-22 17:26:25 → 601124036748 → HWDBQ → 需要 群、发软、件，找 `boss91m1`
2022-06-22 17:27:01 → 601124036748 → bc123hx → 需要 软、件，找 `boss91m1`
2022-06-22 17:27:19 → 601124042925 → jiu_777 → 来（发 ）广告，联系 `boss91m1`
2022-06-22 17:29:50 → 601124042925 → jiu_777 → 需要 群、发，找 `boss91m1`
2022-06-22 17:31:14 → 601124036748 → si1688 → 想找人（ 发 ）广告，找 `boss91m1`
2022-06-22 17:31:32 → 601124042925 → jiu_777 → (session) 协议号，零售、批发 找，`boss91m1`
2022-06-22 17:33:00 → 601124036748 → -1001692409589 → (session) 协议号，零售、批发 找，`boss91m1`
2022-06-22 17:34:06 → 601124042925 → jiu_777 → 来（发 ）广告，联系 `boss91m1`
2022-06-22 17:35:30 → 601124042925 → jiu_777 → 需要 群、发软、件，找 `boss91m1`
2022-06-22 17:38:00 → 601124042925 → jiu_777 → 要（发 ）广告，联系 `boss91m1`
2022-06-22 17:38:17 → 601124036748 → si1688 → 来（发 ）广告，联系 `boss91m1`
2022-06-22 17:38:53 → 601124036748 → bc123hx → 要（发 ）广告，联系 `boss91m1`
2022-06-22 17:39:54 → 601124042925 → jiu_777 → 需要 群、发，找 `boss91m1`
2022-06-22 17:40:11 → 601124036748 → -1001692409589 → (session) 协议号，零售、批发 找，`boss91m1`
2022-06-22 17:42:03 → 601124036748 → hfjiema → 需要 群、发，找 `boss91m1`
2022-06-22 17:42:33 → 601124042925 → jiu_777 → 专业（发 ）广告，联系我 `boss91m1`
2022-06-22 17:43:41 → 601124036748 → HWDBQ → 要（发 ）广告，联系 `boss91m1`
2022-06-22 17:44:06 → 601124042925 → jiu_777 → 专业（发 ）广告，联系我 `boss91m1`
2022-06-22 17:45:12 → 601124036748 → bc123hx → 需要 软、件，找 `boss91m1`
2022-06-22 17:46:13 → 601124042925 → jiu_777 → 专业（发 ）广告，联系我 `boss91m1`
2022-06-22 17:46:41 → 601124036748 → si1688 → 需要 群、发，找 `boss91m1`
2022-06-22 17:47:50 → 601124036748 → jiemaLine → 需要 群、发软、件，找 `boss91m1`
2022-06-22 17:48:26 → 601124036748 → HWDBQ → 想要（发 ）广告，找 `boss91m1`
2022-06-22 17:48:44 → 601124042925 → jiu_777 → 需要 软、件，找 `boss91m1`
2022-06-22 17:49:32 → 601124036748 → jiemaWhatsApp → 需要 群、发软、件，找 `boss91m1`
2022-06-22 17:51:18 → 601124042925 → jiu_777 → 需要 群、发软、件，找 `boss91m1`
2022-06-22 17:51:55 → 601124036748 → -1001692409589 → 需要 软、件，找 `boss91m1`
2022-06-22 17:52:43 → 601124042925 → jiu_777 → 想找人（ 发 ）广告，找 `boss91m1`
2022-06-22 17:54:48 → 601124042925 → jiu_777 → 需要 群、发软、件，找 `boss91m1`
2022-06-22 17:56:58 → 601124042925 → jiu_777 → 来（发 ）广告，联系 `boss91m1`
2022-06-22 17:57:43 → 601124036748 → -1001692409589 → 需要 软、件，找 `boss91m1`
2022-06-22 17:58:42 → 601124036748 → hfjiema → 来（发 ）广告，联系 `boss91m1`
2022-06-22 17:59:07 → 601124042925 → jiu_777 → 想要（发 ）广告，找 `boss91m1`
2022-06-22 17:59:52 → 601124036748 → HWDBQ → (session) 协议号，零售、批发 找，`boss91m1`
2022-06-22 18:00:44 → 601124036748 → bc123hx → 专业（发 ）广告，联系我 `boss91m1`
2022-06-22 18:01:33 → 601124042925 → jiu_777 → 想要（发 ）广告，找 `boss91m1`
2022-06-22 18:01:50 → 601124036748 → si1688 → (session) 协议号，零售、批发 找，`boss91m1`
2022-06-22 18:03:29 → 601124042925 → jiu_777 → 需要 软、件，找 `boss91m1`
2022-06-22 18:05:39 → 601124042925 → jiu_777 → 需要 软、件，找 `boss91m1`
2022-06-22 18:05:56 → 601124036748 → HWDBQ → 来（发 ）广告，联系 `boss91m1`
2022-06-22 18:07:50 → 601124036748 → bc123hx → 想要（发 ）广告，找 `boss91m1`
2022-06-22 18:08:08 → 601124042925 → jiu_777 → 来（发 ）广告，联系 `boss91m1`
2022-06-22 18:10:26 → 601124042925 → jiu_777 → 专业（发 ）广告，联系我 `boss91m1`
2022-06-22 18:11:01 → 601124036748 → -1001692409589 → 准备（发 ）广告，找 `boss91m1`
2022-06-22 18:11:49 → 601124036748 → si1688 → 来（发 ）广告，联系 `boss91m1`
2022-06-22 18:12:19 → 601124042925 → jiu_777 → 需要 软、件，找 `boss91m1`
2022-06-22 18:14:30 → 601124036748 → HWDBQ → 需要 群、发软、件，找 `boss91m1`
2022-06-22 18:15:00 → 601124042925 → jiu_777 → 要（发 ）广告，联系 `boss91m1`
2022-06-22 18:15:53 → 601124036748 → -1001692409589 → 想找人（ 发 ）广告，找 `boss91m1`
2022-06-22 18:16:53 → 601124042925 → jiu_777 → 来（发 ）广告，联系 `boss91m1`
2022-06-22 18:17:10 → 601124036748 → si1688 → (session) 协议号，零售、批发 找，`boss91m1`
2022-06-22 18:19:18 → 601124042925 → jiu_777 → 来（发 ）广告，联系 `boss91m1`
2022-06-22 18:19:35 → 601124036748 → bc123hx → 专业（发 ）广告，联系我 `boss91m1`
2022-06-22 18:20:59 → 601124036748 → hfjiema → 专业（发 ）广告，联系我 `boss91m1`
2022-06-22 18:21:40 → 601124042925 → jiu_777 → 专业（发 ）广告，联系我 `boss91m1`
2022-06-22 18:23:17 → 601124042925 → jiu_777 → 需要 群、发软、件，找 `boss91m1`
2022-06-22 18:24:22 → 601124036748 → HWDBQ → 来（发 ）广告，联系 `boss91m1`
2022-06-22 18:25:26 → 601124036748 → si1688 → 来（发 ）广告，联系 `boss91m1`
2022-06-22 18:25:56 → 601124042925 → jiu_777 → 想找人（ 发 ）广告，找 `boss91m1`
2022-06-22 18:26:48 → 601124036748 → bc123hx → 需要 软、件，找 `boss91m1`
2022-06-22 18:27:25 → 601124042925 → jiu_777 → 想找人（ 发 ）广告，找 `boss91m1`
2022-06-22 18:29:27 → 601124042925 → jiu_777 → 来（发 ）广告，联系 `boss91m1`
2022-06-22 18:30:54 → 601124036748 → -1001692409589 → 想找人（ 发 ）广告，找 `boss91m1`
2022-06-22 18:31:43 → 601124042925 → jiu_777 → 专业（发 ）广告，联系我 `boss91m1`
2022-06-22 18:34:14 → 601124042925 → jiu_777 → 要（发 ）广告，联系 `boss91m1`
2022-06-22 18:35:38 → 601124036748 → si1688 → 需要 软、件，找 `boss91m1`
2022-06-22 18:35:56 → 601124042925 → jiu_777 → 需要 软、件，找 `boss91m1`
2022-06-22 18:37:12 → 601124036748 → bc123hx → 需要 软、件，找 `boss91m1`
2022-06-22 18:37:48 → 601124036748 → hfjiema → 需要 群、发，找 `boss91m1`
2022-06-22 18:38:22 → 601124042925 → jiu_777 → 专业（发 ）广告，联系我 `boss91m1`
2022-06-22 18:38:58 → 601124036748 → -1001692409589 → 需要 群、发，找 `boss91m1`
2022-06-22 18:40:26 → 601124042925 → jiu_777 → 想要（发 ）广告，找 `boss91m1`
2022-06-22 18:41:31 → 601124036748 → HWDBQ → 专业（发 ）广告，联系我 `boss91m1`
2022-06-22 18:42:47 → 601124042925 → jiu_777 → 来（发 ）广告，联系 `boss91m1`
2022-06-22 18:44:37 → 601124042925 → jiu_777 → 需要 群、发，找 `boss91m1`
2022-06-22 18:45:25 → 601124036748 → HWDBQ → 要（发 ）广告，联系 `boss91m1`
2022-06-22 18:46:28 → 601124036748 → bc123hx → 要（发 ）广告，联系 `boss91m1`
2022-06-22 18:46:58 → 601124042925 → jiu_777 → 需要 软、件，找 `boss91m1`
2022-06-22 18:48:34 → 601124042925 → jiu_777 → 想找人（ 发 ）广告，找 `boss91m1`
2022-06-22 18:48:51 → 601124036748 → -1001692409589 → 需要 软、件，找 `boss91m1`
2022-06-22 18:50:55 → 601124036748 → si1688 → (session) 协议号，零售、批发 找，`boss91m1`
2022-06-22 18:51:25 → 601124042925 → jiu_777 → 来（发 ）广告，联系 `boss91m1`
2022-06-22 18:52:51 → 601124036748 → -1001692409589 → 想找人（ 发 ）广告，找 `boss91m1`
2022-06-22 18:53:33 → 601124042925 → jiu_777 → 需要 群、发软、件，找 `boss91m1`
2022-06-22 18:54:39 → 601124036748 → hfjiema → 需要 群、发软、件，找 `boss91m1`
2022-06-22 18:55:04 → 601124042925 → jiu_777 → 需要 群、发，找 `boss91m1`
2022-06-22 18:55:21 → 601124036748 → jiemaWhatsApp → 要（发 ）广告，联系 `boss91m1`
2022-06-22 18:56:48 → 601124036748 → bc123hx → 需要 软、件，找 `boss91m1`
2022-06-22 18:57:30 → 601124036748 → HWDBQ → (session) 协议号，零售、批发 找，`boss91m1`
2022-06-22 18:57:48 → 601124042925 → jiu_777 → 需要 软、件，找 `boss91m1`
2022-06-22 18:58:48 → 601124036748 → jiemaLine → 来（发 ）广告，联系 `boss91m1`
2022-06-22 18:59:29 → 601124042925 → jiu_777 → 需要 群、发软、件，找 `boss91m1`
2022-06-22 19:00:11 → 601124036748 → si1688 → 想找人（ 发 ）广告，找 `boss91m1`
2022-06-22 19:02:20 → 601124042925 → jiu_777 → 需要 群、发，找 `boss91m1`
2022-06-22 19:03:22 → 601124036748 → -1001692409589 → 要（发 ）广告，联系 `boss91m1`
2022-06-22 19:03:47 → 601124042925 → jiu_777 → 来（发 ）广告，联系 `boss91m1`
2022-06-22 19:05:56 → 601124042925 → jiu_777 → 准备（发 ）广告，找 `boss91m1`
2022-06-22 19:06:56 → 601124036748 → si1688 → 专业（发 ）广告，联系我 `boss91m1`
2022-06-22 19:08:16 → 601124042925 → jiu_777 → 准备（发 ）广告，找 `boss91m1`
2022-06-22 19:08:33 → 601124036748 → bc123hx → 想找人（ 发 ）广告，找 `boss91m1`
2022-06-22 19:09:09 → 601124036748 → HWDBQ → 需要 软、件，找 `boss91m1`
2022-06-22 19:10:09 → 601124042925 → jiu_777 → (session) 协议号，零售、批发 找，`boss91m1`
2022-06-22 19:12:14 → 601124042925 → jiu_777 → 来（发 ）广告，联系 `boss91m1`
2022-06-22 19:12:55 → 601124036748 → HWDBQ → 准备（发 ）广告，找 `boss91m1`
2022-06-22 19:13:37 → 601124036748 → si1688 → (session) 协议号，零售、批发 找，`boss91m1`
2022-06-22 19:15:40 → 601124036748 → hfjiema → (session) 协议号，零售、批发 找，`boss91m1`
2022-06-22 19:15:58 → 601124042925 → jiu_777 → 来（发 ）广告，联系 `boss91m1`
2022-06-22 19:17:14 → 601124036748 → bc123hx → (session) 协议号，零售、批发 找，`boss91m1`
2022-06-22 19:17:38 → 601124036748 → -1001692409589 → 要（发 ）广告，联系 `boss91m1`
2022-06-22 19:18:24 → 601124042925 → jiu_777 → 准备（发 ）广告，找 `boss91m1`
2022-06-22 19:19:44 → 601124042925 → jiu_777 → 来（发 ）广告，联系 `boss91m1`
2022-06-22 19:20:02 → 601124036748 → si1688 → 想找人（ 发 ）广告，找 `boss91m1`
2022-06-22 19:22:35 → 601124042925 → jiu_777 → 来（发 ）广告，联系 `boss91m1`
2022-06-22 19:24:23 → 601124036748 → -1001692409589 → 想要（发 ）广告，找 `boss91m1`
2022-06-22 19:24:41 → 601124042925 → jiu_777 → 需要 软、件，找 `boss91m1`
2022-06-22 19:25:34 → 601124036748 → bc123hx → 来（发 ）广告，联系 `boss91m1`
2022-06-22 19:26:41 → 601124036748 → HWDBQ → (session) 协议号，零售、批发 找，`boss91m1`
2022-06-22 19:26:59 → 601124042925 → jiu_777 → (session) 协议号，零售、批发 找，`boss91m1`
2022-06-22 19:28:47 → 601124036748 → -1001692409589 → 需要 软、件，找 `boss91m1`
2022-06-22 19:29:17 → 601124042925 → jiu_777 → 准备（发 ）广告，找 `boss91m1`
2022-06-22 19:30:43 → 601124042925 → jiu_777 → 要（发 ）广告，联系 `boss91m1`
2022-06-22 19:31:01 → 601124036748 → hfjiema → (session) 协议号，零售、批发 找，`boss91m1`
2022-06-22 19:32:34 → 601124036748 → bc123hx → 想要（发 ）广告，找 `boss91m1`
2022-06-22 19:33:27 → 601124042925 → jiu_777 → 专业（发 ）广告，联系我 `boss91m1`
2022-06-22 19:33:44 → 601124036748 → si1688 → 要（发 ）广告，联系 `boss91m1`
2022-06-22 19:34:48 → 601124036748 → HWDBQ → 要（发 ）广告，联系 `boss91m1`
2022-06-22 19:35:25 → 601124042925 → jiu_777 → 来（发 ）广告，联系 `boss91m1`
2022-06-22 19:37:16 → 601124042925 → jiu_777 → 准备（发 ）广告，找 `boss91m1`
2022-06-22 19:38:02 → 601124036748 → bc123hx → 想找人（ 发 ）广告，找 `boss91m1`
2022-06-22 19:39:21 → 601124036748 → si1688 → 想找人（ 发 ）广告，找 `boss91m1`
2022-06-22 19:39:39 → 601124042925 → jiu_777 → 来（发 ）广告，联系 `boss91m1`
2022-06-22 19:41:33 → 601124036748 → -1001692409589 → 专业（发 ）广告，联系我 `boss91m1`
2022-06-22 19:41:51 → 601124042925 → jiu_777 → 需要 软、件，找 `boss91m1`
2022-06-22 19:42:52 → 601124036748 → HWDBQ → 需要 软、件，找 `boss91m1`
2022-06-22 19:44:26 → 601124042925 → jiu_777 → 要（发 ）广告，联系 `boss91m1`
2022-06-22 19:46:30 → 601124042925 → jiu_777 → (session) 协议号，零售、批发 找，`boss91m1`
2022-06-22 19:47:18 → 601124036748 → HWDBQ → 想找人（ 发 ）广告，找 `boss91m1`
2022-06-22 19:48:12 → 601124042925 → jiu_777 → 准备（发 ）广告，找 `boss91m1`
2022-06-22 19:48:41 → 601124036748 → si1688 → 来（发 ）广告，联系 `boss91m1`
2022-06-22 19:49:18 → 601124036748 → hfjiema → 专业（发 ）广告，联系我 `boss91m1`
2022-06-22 19:50:27 → 601124042925 → jiu_777 → 需要 群、发软、件，找 `boss91m1`
2022-06-22 19:51:19 → 601124036748 → bc123hx → (session) 协议号，零售、批发 找，`boss91m1`
2022-06-22 19:52:34 → 601124036748 → -1001692409589 → 需要 群、发软、件，找 `boss91m1`
2022-06-22 19:53:04 → 601124042925 → jiu_777 → 准备（发 ）广告，找 `boss91m1`
2022-06-22 19:54:29 → 601124042925 → jiu_777 → 来（发 ）广告，联系 `boss91m1`
2022-06-22 19:56:44 → 601124042925 → jiu_777 → 专业（发 ）广告，联系我 `boss91m1`
2022-06-22 19:57:35 → 601124036748 → HWDBQ → 来（发 ）广告，联系 `boss91m1`
2022-06-22 19:58:53 → 601124036748 → -1001692409589 → (session) 协议号，零售、批发 找，`boss91m1`
2022-06-22 19:59:24 → 601124042925 → jiu_777 → 专业（发 ）广告，联系我 `boss91m1`
2022-06-22 19:59:49 → 601124036748 → si1688 → (session) 协议号，零售、批发 找，`boss91m1`
2022-06-22 20:01:06 → 601124036748 → jiemaWhatsApp → 需要 软、件，找 `boss91m1`
2022-06-22 20:01:24 → 601124042925 → jiu_777 → 想要（发 ）广告，找 `boss91m1`
2022-06-22 20:02:28 → 601124036748 → bc123hx → 想要（发 ）广告，找 `boss91m1`
2022-06-22 20:03:05 → 601124042925 → jiu_777 → 准备（发 ）广告，找 `boss91m1`
2022-06-22 20:04:22 → 601124036748 → jiemaLine → 想找人（ 发 ）广告，找 `boss91m1`
2022-06-22 20:05:14 → 601124036748 → HWDBQ → 需要 群、发，找 `boss91m1`
2022-06-22 20:05:32 → 601124042925 → jiu_777 → 想要（发 ）广告，找 `boss91m1`
2022-06-22 20:07:25 → 601124036748 → hfjiema → 准备（发 ）广告，找 `boss91m1`
2022-06-22 20:08:11 → 601124042925 → jiu_777 → 来（发 ）广告，联系 `boss91m1`
2022-06-22 20:08:35 → 601124036748 → -1001692409589 → 需要 群、发，找 `boss91m1`
2022-06-22 20:09:37 → 601124042925 → jiu_777 → 想要（发 ）广告，找 `boss91m1`
2022-06-22 20:09:54 → 601124036748 → bc123hx → 需要 群、发软、件，找 `boss91m1`
2022-06-22 20:11:02 → 601124036748 → si1688 → (session) 协议号，零售、批发 找，`boss91m1`
2022-06-22 20:12:15 → 601124042925 → jiu_777 → 需要 群、发，找 `boss91m1`
2022-06-22 20:14:38 → 601124042925 → jiu_777 → 需要 软、件，找 `boss91m1`
2022-06-22 20:15:51 → 601124036748 → HWDBQ → 专业（发 ）广告，联系我 `boss91m1`
2022-06-22 20:16:28 → 601124042925 → jiu_777 → 需要 群、发，找 `boss91m1`
2022-06-22 20:17:03 → 601124036748 → si1688 → 需要 群、发，找 `boss91m1`
2022-06-22 20:17:56 → 601124036748 → -1001692409589 → 想要（发 ）广告，找 `boss91m1`
2022-06-22 20:19:11 → 601124042925 → jiu_777 → 需要 群、发，找 `boss91m1`
2022-06-22 20:19:47 → 601124036748 → bc123hx → 需要 群、发软、件，找 `boss91m1`
2022-06-22 20:21:19 → 601124042925 → jiu_777 → 准备（发 ）广告，找 `boss91m1`
2022-06-22 20:22:25 → 601124036748 → hfjiema → 专业（发 ）广告，联系我 `boss91m1`
2022-06-22 20:23:12 → 601124036748 → HWDBQ → 准备（发 ）广告，找 `boss91m1`
2022-06-22 20:24:09 → 601124042925 → jiu_777 → 来（发 ）广告，联系 `boss91m1`
2022-06-22 20:25:46 → 601124042925 → jiu_777 → 需要 软、件，找 `boss91m1`
2022-06-22 20:26:03 → 601124036748 → -1001692409589 → 来（发 ）广告，联系 `boss91m1`
2022-06-22 20:27:08 → 601124036748 → bc123hx → 专业（发 ）广告，联系我 `boss91m1`
2022-06-22 20:27:45 → 601124042925 → jiu_777 → 需要 软、件，找 `boss91m1`
2022-06-22 20:28:02 → 601124036748 → si1688 → 来（发 ）广告，联系 `boss91m1`
2022-06-22 20:29:51 → 601124042925 → jiu_777 → 想找人（ 发 ）广告，找 `boss91m1`
2022-06-22 20:31:25 → 601124036748 → -1001692409589 → 想找人（ 发 ）广告，找 `boss91m1`
2022-06-22 20:32:02 → 601124042925 → jiu_777 → 想要（发 ）广告，找 `boss91m1`
2022-06-22 20:32:43 → 601124036748 → chuhai88965 → 需要 群、发，找 `boss91m1`
2022-06-22 20:34:23 → 601124042925 → jiu_777 → 需要 软、件，找 `boss91m1`
2022-06-22 20:34:40 → 601124036748 → si1688 → 准备（发 ）广告，找 `boss91m1`
2022-06-22 20:35:39 → 601124036748 → HWDBQ → 要（发 ）广告，联系 `boss91m1`
2022-06-22 20:36:44 → 601124042925 → jiu_777 → 想找人（ 发 ）广告，找 `boss91m1`
2022-06-22 20:38:02 → 601124036748 → bc123hx → (session) 协议号，零售、批发 找，`boss91m1`
2022-06-22 20:38:40 → 601124042925 → jiu_777 → (session) 协议号，零售、批发 找，`boss91m1`
2022-06-22 20:40:27 → 601124036748 → chuhai88965 → 需要 群、发软、件，找 `boss91m1`
2022-06-22 20:40:57 → 601124042925 → jiu_777 → 来（发 ）广告，联系 `boss91m1`
2022-06-22 20:41:48 → 601124036748 → hfjiema → 来（发 ）广告，联系 `boss91m1`
2022-06-22 20:42:37 → 601124042925 → jiu_777 → 想找人（ 发 ）广告，找 `boss91m1`
2022-06-22 20:43:13 → 601124036748 → bc123hx → 要（发 ）广告，联系 `boss91m1`
2022-06-22 20:43:48 → 601124036748 → HWDBQ → 需要 软、件，找 `boss91m1`
2022-06-22 20:45:07 → 601124042925 → jiu_777 → 想要（发 ）广告，找 `boss91m1`
2022-06-22 20:46:24 → 601124036748 → -1001692409589 → 来（发 ）广告，联系 `boss91m1`
2022-06-22 20:47:19 → 601124042925 → jiu_777 → (session) 协议号，零售、批发 找，`boss91m1`
2022-06-22 20:48:25 → 601124036748 → si1688 → 来（发 ）广告，联系 `boss91m1`
2022-06-22 20:49:26 → 601124042925 → jiu_777 → 想要（发 ）广告，找 `boss91m1`
2022-06-22 20:51:31 → 601124036748 → si1688 → 需要 群、发，找 `boss91m1`
2022-06-22 20:51:50 → 601124042925 → jiu_777 → 要（发 ）广告，联系 `boss91m1`
2022-06-22 20:53:16 → 601124036748 → HWDBQ → 需要 群、发软、件，找 `boss91m1`
2022-06-22 20:53:41 → 601124042925 → jiu_777 → 需要 软、件，找 `boss91m1`
2022-06-22 20:53:58 → 601124036748 → bc123hx → 想找人（ 发 ）广告，找 `boss91m1`
2022-06-22 20:55:48 → 601124042925 → jiu_777 → 专业（发 ）广告，联系我 `boss91m1`
2022-06-22 20:56:05 → 601124036748 → chuhai88965 → 来（发 ）广告，联系 `boss91m1`
2022-06-22 20:58:22 → 601124042925 → jiu_777 → 来（发 ）广告，联系 `boss91m1`
2022-06-22 20:58:40 → 601124036748 → -1001692409589 → 来（发 ）广告，联系 `boss91m1`
2022-06-22 21:00:19 → 601124036748 → bc123hx → 准备（发 ）广告，找 `boss91m1`
2022-06-22 21:00:49 → 601124042925 → jiu_777 → 需要 群、发软、件，找 `boss91m1`
2022-06-22 21:01:50 → 601124036748 → HWDBQ → 来（发 ）广告，联系 `boss91m1`
2022-06-22 21:02:56 → 601124042925 → jiu_777 → 专业（发 ）广告，联系我 `boss91m1`
2022-06-22 21:03:32 → 601124036748 → hfjiema → 准备（发 ）广告，找 `boss91m1`
2022-06-22 21:04:24 → 601124036748 → jiemaWhatsApp → 要（发 ）广告，联系 `boss91m1`
2022-06-22 21:04:42 → 601124042925 → jiu_777 → (session) 协议号，零售、批发 找，`boss91m1`
2022-06-22 21:05:44 → 601124036748 → si1688 → 想找人（ 发 ）广告，找 `boss91m1`
2022-06-22 21:06:38 → 601124036748 → chuhai88965 → 想要（发 ）广告，找 `boss91m1`
2022-06-22 21:07:24 → 601124042925 → jiu_777 → 想要（发 ）广告，找 `boss91m1`
2022-06-22 21:08:12 → 601124036748 → -1001692409589 → (session) 协议号，零售、批发 找，`boss91m1`
2022-06-22 21:09:33 → 601124042925 → jiu_777 → 需要 群、发，找 `boss91m1`
2022-06-22 21:10:27 → 601124036748 → -1001692409589 → 来（发 ）广告，联系 `boss91m1`
2022-06-22 21:11:16 → 601124042925 → jiu_777 → 需要 群、发，找 `boss91m1`
2022-06-22 21:11:33 → 601124036748 → jiemaLine → 准备（发 ）广告，找 `boss91m1`
2022-06-22 21:12:12 → 601124036748 → chuhai88965 → (session) 协议号，零售、批发 找，`boss91m1`
2022-06-22 21:13:20 → 601124042925 → jiu_777 → 想找人（ 发 ）广告，找 `boss91m1`
2022-06-22 21:14:31 → 601124036748 → HWDBQ → 来（发 ）广告，联系 `boss91m1`
2022-06-22 21:15:34 → 601124036748 → si1688 → 需要 软、件，找 `boss91m1`
2022-06-22 21:16:21 → 601124042925 → jiu_777 → 来（发 ）广告，联系 `boss91m1`
2022-06-22 21:17:02 → 601124036748 → bc123hx → 要（发 ）广告，联系 `boss91m1`
2022-06-22 21:18:32 → 601124036748 → hfjiema → 专业（发 ）广告，联系我 `boss91m1`
2022-06-22 21:18:52 → 601124042925 → jiu_777 → 专业（发 ）广告，联系我 `boss91m1`
2022-06-22 21:20:58 → 601124042925 → jiu_777 → 需要 群、发，找 `boss91m1`
2022-06-22 21:21:58 → 601124036748 → chuhai88965 → 需要 群、发，找 `boss91m1`
2022-06-22 21:22:42 → 601124042925 → jiu_777 → 需要 软、件，找 `boss91m1`
2022-06-22 21:22:59 → 601124036748 → bc123hx → 准备（发 ）广告，找 `boss91m1`
2022-06-22 21:24:49 → 601124042925 → jiu_777 → 要（发 ）广告，联系 `boss91m1`
2022-06-22 21:25:06 → 601124036748 → HWDBQ → 来（发 ）广告，联系 `boss91m1`
2022-06-22 21:26:12 → 601124036748 → si1688 → (session) 协议号，零售、批发 找，`boss91m1`
2022-06-22 21:26:49 → 601124042925 → jiu_777 → (session) 协议号，零售、批发 找，`boss91m1`
2022-06-22 21:27:07 → 601124036748 → -1001692409589 → 需要 软、件，找 `boss91m1`
2022-06-22 21:28:55 → 601124042925 → jiu_777 → 来（发 ）广告，联系 `boss91m1`
2022-06-22 21:30:29 → 601124036748 → HWDBQ → 需要 群、发软、件，找 `boss91m1`
2022-06-22 21:31:18 → 601124042925 → jiu_777 → 想找人（ 发 ）广告，找 `boss91m1`
2022-06-22 21:31:48 → 601124036748 → -1001692409589 → 专业（发 ）广告，联系我 `boss91m1`
2022-06-22 21:32:12 → 601124036748 → bc123hx → 专业（发 ）广告，联系我 `boss91m1`
2022-06-22 21:33:59 → 601124042925 → jiu_777 → 需要 群、发软、件，找 `boss91m1`
2022-06-22 21:34:25 → 601124036748 → chuhai88965 → 需要 群、发，找 `boss91m1`
2022-06-22 21:35:38 → 601124036748 → si1688 → 需要 群、发软、件，找 `boss91m1`
2022-06-22 21:36:12 → 601124042925 → jiu_777 → 需要 群、发，找 `boss91m1`
2022-06-22 21:37:50 → 601124036748 → hfjiema → 需要 群、发软、件，找 `boss91m1`
2022-06-22 21:38:08 → 601124042925 → jiu_777 → 专业（发 ）广告，联系我 `boss91m1`
2022-06-22 21:39:50 → 601124042925 → jiu_777 → 需要 群、发，找 `boss91m1`
2022-06-22 21:40:08 → 601124036748 → -1001692409589 → 来（发 ）广告，联系 `boss91m1`
2022-06-22 21:42:03 → 601124042925 → jiu_777 → 来（发 ）广告，联系 `boss91m1`
2022-06-22 21:42:32 → 601124036748 → HWDBQ → 需要 群、发软、件，找 `boss91m1`
2022-06-22 21:43:38 → 601124036748 → bc123hx → 来（发 ）广告，联系 `boss91m1`
2022-06-22 21:44:45 → 601124042925 → jiu_777 → 想要（发 ）广告，找 `boss91m1`
2022-06-22 21:45:45 → 601124036748 → si1688 → 来（发 ）广告，联系 `boss91m1`
2022-06-22 21:46:41 → 601124042925 → jiu_777 → 想找人（ 发 ）广告，找 `boss91m1`
2022-06-22 21:47:14 → 601124036748 → chuhai88965 → 要（发 ）广告，联系 `boss91m1`
2022-06-22 21:48:40 → 601124042925 → jiu_777 → 来（发 ）广告，联系 `boss91m1`
2022-06-22 21:50:15 → 601124036748 → chuhai88965 → 想找人（ 发 ）广告，找 `boss91m1`
2022-06-22 21:51:08 → 601124042925 → jiu_777 → 专业（发 ）广告，联系我 `boss91m1`
2022-06-22 21:51:56 → 601124036748 → HWDBQ → 准备（发 ）广告，找 `boss91m1`
2022-06-22 21:53:18 → 601124042925 → jiu_777 → 要（发 ）广告，联系 `boss91m1`
2022-06-22 21:54:56 → 601124036748 → si1688 → (session) 协议号，零售、批发 找，`boss91m1`
2022-06-22 21:55:21 → 601124042925 → jiu_777 → 想找人（ 发 ）广告，找 `boss91m1`
2022-06-22 21:56:06 → 601124036748 → -1001692409589 → 想要（发 ）广告，找 `boss91m1`
2022-06-22 21:56:55 → 601124036748 → hfjiema → 想要（发 ）广告，找 `boss91m1`
2022-06-22 21:57:36 → 601124036748 → bc123hx → 来（发 ）广告，联系 `boss91m1`
2022-06-22 21:58:20 → 601124042925 → jiu_777 → (session) 协议号，零售、批发 找，`boss91m1`
2022-06-22 22:00:28 → 601124042925 → jiu_777 → (session) 协议号，零售、批发 找，`boss91m1`
2022-06-22 22:01:54 → 601124042925 → jiu_777 → 来（发 ）广告，联系 `boss91m1`
2022-06-22 22:02:39 → 601124036748 → si1688 → 准备（发 ）广告，找 `boss91m1`
2022-06-22 22:03:22 → 601124036748 → -1001692409589 → 来（发 ）广告，联系 `boss91m1`
2022-06-22 22:04:34 → 601124042925 → jiu_777 → 专业（发 ）广告，联系我 `boss91m1`
2022-06-22 22:04:52 → 601124036748 → HWDBQ → 需要 群、发软、件，找 `boss91m1`
2022-06-22 22:05:57 → 601124036748 → chuhai88965 → 需要 群、发软、件，找 `boss91m1`
2022-06-22 22:06:51 → 601124042925 → jiu_777 → 需要 群、发软、件，找 `boss91m1`
2022-06-22 22:07:30 → 601124036748 → bc123hx → 来（发 ）广告，联系 `boss91m1`
2022-06-22 22:08:32 → 601124042925 → jiu_777 → 需要 群、发，找 `boss91m1`
2022-06-22 22:09:19 → 601124036748 → jiemaWhatsApp → (session) 协议号，零售、批发 找，`boss91m1`
2022-06-22 22:10:45 → 601124036748 → si1688 → 需要 软、件，找 `boss91m1`
2022-06-22 22:11:27 → 601124042925 → jiu_777 → 想找人（ 发 ）广告，找 `boss91m1`
2022-06-22 22:12:20 → 601124036748 → HWDBQ → (session) 协议号，零售、批发 找，`boss91m1`
2022-06-22 22:12:56 → 601124036748 → jiemaLine → 想找人（ 发 ）广告，找 `boss91m1`
2022-06-22 22:13:42 → 601124042925 → jiu_777 → 来（发 ）广告，联系 `boss91m1`
2022-06-22 22:14:30 → 601124036748 → hfjiema → 需要 群、发，找 `boss91m1`
2022-06-22 22:15:16 → 601124036748 → bc123hx → 想要（发 ）广告，找 `boss91m1`
2022-06-22 22:15:51 → 601124042925 → jiu_777 → 想要（发 ）广告，找 `boss91m1`
2022-06-22 22:16:39 → 601124036748 → chuhai88965 → 想要（发 ）广告，找 `boss91m1`
2022-06-22 22:17:32 → 601124042925 → jiu_777 → 来（发 ）广告，联系 `boss91m1`
2022-06-22 22:17:50 → 601124036748 → -1001692409589 → 需要 群、发软、件，找 `boss91m1`
2022-06-22 22:19:27 → 601124042925 → jiu_777 → 需要 群、发，找 `boss91m1`
2022-06-22 22:20:31 → 601124036748 → si1688 → 准备（发 ）广告，找 `boss91m1`
2022-06-22 22:21:43 → 601124042925 → jiu_777 → 来（发 ）广告，联系 `boss91m1`
2022-06-22 22:24:10 → 601124036748 → bc123hx → 想找人（ 发 ）广告，找 `boss91m1`
2022-06-22 22:24:28 → 601124042925 → jiu_777 → 准备（发 ）广告，找 `boss91m1`
2022-06-22 22:26:03 → 601124042925 → jiu_777 → 来（发 ）广告，联系 `boss91m1`
2022-06-22 22:26:32 → 601124036748 → chuhai88965 → 准备（发 ）广告，找 `boss91m1`
2022-06-22 22:27:35 → 601124036748 → -1001692409589 → 想找人（ 发 ）广告，找 `boss91m1`
2022-06-22 22:28:12 → 601124042925 → jiu_777 → 来（发 ）广告，联系 `boss91m1`
2022-06-22 22:28:40 → 601124036748 → HWDBQ → 来（发 ）广告，联系 `boss91m1`
2022-06-22 22:30:03 → 601124036748 → chuhai88965 → 要（发 ）广告，联系 `boss91m1`
2022-06-22 22:30:43 → 601124042925 → jiu_777 → 要（发 ）广告，联系 `boss91m1`
2022-06-22 22:32:16 → 601124036748 → -1001692409589 → 要（发 ）广告，联系 `boss91m1`
2022-06-22 22:32:34 → 601124042925 → jiu_777 → 准备（发 ）广告，找 `boss91m1`
2022-06-22 22:34:29 → 601124036748 → hfjiema → 专业（发 ）广告，联系我 `boss91m1`
2022-06-22 22:34:51 → 601124042925 → jiu_777 → 专业（发 ）广告，联系我 `boss91m1`
2022-06-22 22:36:08 → 601124036748 → HWDBQ → 想要（发 ）广告，找 `boss91m1`
2022-06-22 22:36:48 → 601124042925 → jiu_777 → 需要 软、件，找 `boss91m1`
2022-06-22 22:37:25 → 601124036748 → si1688 → 准备（发 ）广告，找 `boss91m1`
2022-06-22 22:42:07 → 601124036748 → bc123hx → 准备（发 ）广告，找 `boss91m1`
2022-06-22 22:43:19 → 601124042925 → jiu_777 → 需要 群、发，找 `boss91m1`