
2022-06-06 00:03:05 → 6281282996563 → TG_King90 → 需要 软、件，找  bs91m1
2022-06-06 00:04:19 → 918092132118 → xbdb01 → 需要 群、发软、件，找  bs91m1
2022-06-06 00:05:58 → 6285242443022 → daifu76 → 需要 群、发，找  bs91m1
2022-06-06 00:09:13 → 6282144789066 → usdtdfds → 要（发 ）广告，联系 bs91m1
2022-06-06 00:10:40 → 6285242442963 → xinbi_088 → 需要 群、发软、件，找  bs91m1
2022-06-06 01:33:24 → 919482799261 → yangfanchuhainnz → 想找人（ 发 ）广告，找   bs91m1
2022-06-06 01:34:28 → 6285242443022 → smsjiema666 → 需要 群、发软、件，找  bs91m1
2022-06-06 01:39:21 → 6285242443022 → chaxun2020 → 需要 软、件，找  bs91m1
2022-06-06 01:42:27 → 79045541142 → usdthuihuan → 需要 群、发，找  bs91m1
2022-06-06 01:45:09 → 918092132118 → xjltq → 需要 软、件，找  bs91m1
2022-06-06 01:47:31 → 8801743979741 → guge1235 → 需要 软、件，找  bs91m1
2022-06-06 01:48:17 → 6281282996563 → laowangdan → 想找人（ 发 ）广告，找   bs91m1
2022-06-06 01:49:05 → 6285242442963 → wz513064 → 需要 群、发，找  bs91m1
2022-06-06 01:50:09 → 919482799261 → yhsz023 → 专业（发 ）广告，联系我 bs91m1
2022-06-06 01:51:49 → 6282144789066 → bailaohui_cvv → 想找人（ 发 ）广告，找   bs91m1
2022-06-06 01:53:40 → 6281282996563 → TG_King90 → 来（发 ）广告，联系 bs91m1
2022-06-06 01:55:29 → 919482799261 → DragonIndia → 要（发 ）广告，联系 bs91m1
2022-06-06 01:57:16 → 8801743979741 → WWOOPQI → 准备（发 ）广告，找  bs91m1
2022-06-06 01:57:42 → 6285242442963 → juliang666 → 想要（发 ）广告，找 bs91m1
2022-06-06 01:58:08 → 601112672704 → baocai217 → 需要 群、发软、件，找  bs91m1
2022-06-06 01:59:17 → 62895324567242 → Usdtbmw → 需要 群、发，找  bs91m1
2022-06-06 02:01:39 → 6281283602694 → az123818 → 想找人（ 发 ）广告，找   bs91m1
2022-06-06 02:04:32 → 79045541142 → bailaohui_cvv → 准备（发 ）广告，找  bs91m1
2022-06-06 02:06:57 → 8801743979741 → Americaninala → 想要（发 ）广告，找 bs91m1
2022-06-06 02:08:33 → 919482799261 → chuhai007028 → 专业（发 ）广告，联系我 bs91m1
2022-06-06 02:12:19 → 8801743979741 → haixiangapp2020 → 需要 软、件，找  bs91m1
2022-06-06 02:15:18 → 6281282996563 → zhifuo → 想找人（ 发 ）广告，找   bs91m1
2022-06-06 02:18:51 → 6285242443022 → daifu76 → 要（发 ）广告，联系 bs91m1
2022-06-06 02:21:15 → 8801743979741 → laqizi521 → 想要（发 ）广告，找 bs91m1
2022-06-06 02:23:10 → 919482799261 → ssrtools → 专业（发 ）广告，联系我 bs91m1
2022-06-06 02:23:58 → 6282144789066 → usdtdfds → 想要（发 ）广告，找 bs91m1
2022-06-06 02:24:41 → 8801743979741 → tgh56734 → 需要 软、件，找  bs91m1
2022-06-06 02:25:29 → 918092132118 → A_K_3A → 要（发 ）广告，联系 bs91m1
2022-06-06 02:29:15 → 6281282996563 → laowangdan → 需要 软、件，找  bs91m1
2022-06-06 02:29:56 → 8801743979741 → whatsappyewu6 → 想找人（ 发 ）广告，找   bs91m1
2022-06-06 02:31:05 → 79045541142 → vjvyg → 准备（发 ）广告，找  bs91m1
2022-06-06 02:32:20 → 919482799261 → dfsdf5545 → 需要 群、发软、件，找  bs91m1
2022-06-06 02:35:04 → 918092132118 → weikang2020 → 需要 群、发软、件，找  bs91m1
2022-06-06 02:35:31 → 6285242442963 → tianziusdt → 专业（发 ）广告，联系我 bs91m1
2022-06-06 02:38:23 → 6285242443022 → chaxun2020 → 来（发 ）广告，联系 bs91m1
2022-06-06 02:40:02 → 62895324567242 → bailaohui_cvv → 需要 软、件，找  bs91m1
2022-06-06 02:41:48 → 8801743979741 → whatsappLQ → 需要 群、发软、件，找  bs91m1
2022-06-06 02:42:26 → 919482799261 → langrensha258 → 需要 软、件，找  bs91m1
2022-06-06 02:42:52 → 6282144789066 → tongdao25 → 要（发 ）广告，联系 bs91m1
2022-06-06 02:43:50 → 62895324567242 → USDTm → 需要 软、件，找  bs91m1
2022-06-06 02:48:05 → 6285242443022 → jfhfhdgd → 想找人（ 发 ）广告，找   bs91m1
2022-06-06 02:49:29 → 8801743979741 → cxhfd232 → 需要 群、发软、件，找  bs91m1
2022-06-06 02:51:23 → 6285242443022 → juliang666 → 准备（发 ）广告，找  bs91m1
2022-06-06 02:51:49 → 60178838240 → TG1949521 → 需要 软、件，找  bs91m1
2022-06-06 02:53:05 → 79045541142 → dubai_37 → 需要 群、发，找  bs91m1
2022-06-06 02:53:32 → 6285242442963 → XxUP1121 → 来（发 ）广告，联系 bs91m1
2022-06-06 02:54:14 → 8801743979741 → NodeGlobal → 准备（发 ）广告，找  bs91m1
2022-06-06 02:56:20 → 6281282996563 → TG_King90 → 来（发 ）广告，联系 bs91m1
2022-06-06 02:59:04 → 79045541142 → huifengtouziVIP1 → 需要 软、件，找  bs91m1
2022-06-06 02:59:30 → 62895324567242 → znpos8 → 想要（发 ）广告，找 bs91m1
2022-06-06 02:59:56 → 6282144789066 → usdtdfds → 要（发 ）广告，联系 bs91m1
2022-06-06 03:01:38 → 8801743979741 → HTKsms → 想找人（ 发 ）广告，找   bs91m1
2022-06-06 03:03:50 → 6285242442963 → xieyihao12 → 专业（发 ）广告，联系我 bs91m1
2022-06-06 03:07:01 → 79045541142 → haxitouzhu → 来（发 ）广告，联系 bs91m1
2022-06-06 03:08:07 → 919482799261 → fbasfgsd → 想要（发 ）广告，找 bs91m1
2022-06-06 03:08:33 → 601112672704 → USDThuzhu3 → 专业（发 ）广告，联系我 bs91m1
2022-06-06 03:10:45 → 60178838240 → xjltq → 准备（发 ）广告，找  bs91m1
2022-06-06 03:13:02 → 8801743979741 → dx119778 → 需要 软、件，找  bs91m1
2022-06-06 03:14:15 → 6285242442963 → xjltq → 需要 群、发软、件，找  bs91m1
2022-06-06 03:16:48 → 919482799261 → xiaochuanch1 → 准备（发 ）广告，找  bs91m1
2022-06-06 03:17:36 → 601112672704 → huione888 → 需要 软、件，找  bs91m1
2022-06-06 03:21:09 → 79045541142 → lovehash929 → 需要 群、发，找  bs91m1
2022-06-06 03:21:58 → 6285242443022 → XxUP1121 → 需要 群、发，找  bs91m1
2022-06-06 03:23:48 → 6281282996563 → TG_King90 → 想要（发 ）广告，找 bs91m1
2022-06-06 03:25:14 → 8801743979741 → xiaopangbaxijiaoliu → 需要 群、发软、件，找  bs91m1
2022-06-06 03:28:25 → 919482799261 → moxigeguge → 准备（发 ）广告，找  bs91m1
2022-06-06 03:30:46 → 6285242443022 → smsjiema666 → 需要 软、件，找  bs91m1
2022-06-06 03:31:57 → 6282144789066 → bailaohui_cvv → 想找人（ 发 ）广告，找   bs91m1
2022-06-06 03:32:44 → 6281282996563 → zhifuo → 想要（发 ）广告，找 bs91m1
2022-06-06 03:33:50 → 8801743979741 → elsjla → 需要 群、发，找  bs91m1
2022-06-06 03:35:18 → 8801743979741 → youzichuhai168 → 需要 软、件，找  bs91m1
2022-06-06 03:38:34 → 919482799261 → Maike003 → 要（发 ）广告，联系 bs91m1
2022-06-06 03:39:47 → 79045541142 → huoshanhaxiyule → 需要 软、件，找  bs91m1
2022-06-06 03:40:13 → 6282144789066 → tongdao25 → 需要 软、件，找  bs91m1
2022-06-06 03:41:01 → 6285242442963 → daishou15 → 想要（发 ）广告，找 bs91m1
2022-06-06 03:41:47 → 919482799261 → dx119169 → 专业（发 ）广告，联系我 bs91m1
2022-06-06 03:42:54 → 6285242443022 → daifu76 → 需要 群、发，找  bs91m1
2022-06-06 03:46:25 → 8801743979741 → xinmengzuixin → 需要 群、发软、件，找  bs91m1
2022-06-06 03:47:33 → 601112672704 → baocai217 → 想要（发 ）广告，找 bs91m1
2022-06-06 03:47:59 → 60178838240 → TG1949521 → 专业（发 ）广告，联系我 bs91m1
2022-06-06 03:48:26 → 6285242442963 → juliang666 → 要（发 ）广告，联系 bs91m1
2022-06-06 03:51:43 → 79045541142 → wangzhuan75 → 来（发 ）广告，联系 bs91m1
2022-06-06 03:52:47 → 8801743979741 → tiandaochuhai0 → 需要 群、发，找  bs91m1
2022-06-06 03:56:32 → 6285242443022 → jfhfhdgd → 想找人（ 发 ）广告，找   bs91m1
2022-06-06 03:57:33 → 919482799261 → dx119168 → 需要 群、发软、件，找  bs91m1
2022-06-06 03:58:25 → 918092132118 → xingbi0088 → 需要 软、件，找  bs91m1
2022-06-06 03:59:33 → 6281282996563 → laowangdan → 来（发 ）广告，联系 bs91m1
2022-06-06 04:00:10 → 8801743979741 → zyzftd → 要（发 ）广告，联系 bs91m1
2022-06-06 04:04:57 → 918092132118 → axujj → 需要 群、发软、件，找  bs91m1
2022-06-06 04:06:18 → 8801743979741 → yhsz057 → 想要（发 ）广告，找 bs91m1
2022-06-06 04:06:44 → 601112672704 → USDThuzhu3 → 想找人（ 发 ）广告，找   bs91m1
2022-06-06 04:07:51 → 6285242443022 → chaxun2020 → 想找人（ 发 ）广告，找   bs91m1
2022-06-06 04:08:39 → 6282144789066 → usdtdfds → 想要（发 ）广告，找 bs91m1
2022-06-06 04:12:03 → 919482799261 → DNYPAY → 需要 软、件，找  bs91m1
2022-06-06 04:14:17 → 8801743979741 → HQ1DB001 → 需要 群、发，找  bs91m1
2022-06-06 04:15:25 → 62895324567242 → Usdtbmw → 想找人（ 发 ）广告，找   bs91m1
2022-06-06 04:18:03 → 919482799261 → lineline88 → 需要 群、发软、件，找  bs91m1
2022-06-06 04:18:28 → 6282144789066 → tongdao25 → 需要 软、件，找  bs91m1
2022-06-06 04:20:02 → 6285242442963 → xjltq → 专业（发 ）广告，联系我 bs91m1
2022-06-06 04:21:36 → 918092132118 → tianyancha08 → 想找人（ 发 ）广告，找   bs91m1
2022-06-06 04:22:23 → 601112672704 → huione888 → 要（发 ）广告，联系 bs91m1
2022-06-06 04:23:00 → 8801743979741 → dx119118 → 来（发 ）广告，联系 bs91m1
2022-06-06 04:24:49 → 8801743979741 → ziyuan682 → 要（发 ）广告，联系 bs91m1
2022-06-06 04:25:15 → 6281282996563 → laowangdan → 想找人（ 发 ）广告，找   bs91m1
2022-06-06 04:26:25 → 62895324567242 → bailaohui_cvv → 需要 群、发软、件，找  bs91m1
2022-06-06 04:28:21 → 601112672704 → baocai217 → 想找人（ 发 ）广告，找   bs91m1
2022-06-06 04:29:07 → 6285242442963 → xinbi_088 → 准备（发 ）广告，找  bs91m1
2022-06-06 04:31:57 → 6281282996563 → TG_King90 → 需要 软、件，找  bs91m1
2022-06-06 04:33:17 → 8801743979741 → feilvbinguge → 需要 群、发，找  bs91m1
2022-06-06 04:38:52 → 8801743979741 → mygjsms → 需要 软、件，找  bs91m1
2022-06-06 04:40:08 → 919482799261 → tyui1234563 → 准备（发 ）广告，找  bs91m1
2022-06-06 04:42:02 → 6285242442963 → daishou15 → 想要（发 ）广告，找 bs91m1
2022-06-06 04:46:19 → 919482799261 → chuhaiVIP88 → 要（发 ）广告，联系 bs91m1
2022-06-06 04:46:45 → 60178838240 → xjltq → 准备（发 ）广告，找  bs91m1
2022-06-06 04:47:33 → 6281282996563 → zhifuo → 要（发 ）广告，联系 bs91m1
2022-06-06 04:48:57 → 8801743979741 → qwdqwdww → 需要 群、发，找  bs91m1
2022-06-06 04:50:11 → 918092132118 → HWDBQ → 要（发 ）广告，联系 bs91m1
2022-06-06 04:52:00 → 6282144789066 → bailaohui_cvv → 要（发 ）广告，联系 bs91m1
2022-06-06 04:55:49 → 8801743979741 → ddd5555d → 来（发 ）广告，联系 bs91m1
2022-06-06 04:56:27 → 919482799261 → vcgfdgfd522 → 来（发 ）广告，联系 bs91m1
2022-06-06 04:56:56 → 918092132118 → yinhe1661 → 专业（发 ）广告，联系我 bs91m1
2022-06-06 04:57:22 → 6285242443022 → daifu76 → 准备（发 ）广告，找  bs91m1
2022-06-06 04:58:10 → 6285242442963 → wz513064 → 需要 软、件，找  bs91m1
2022-06-06 05:03:17 → 6282144789066 → tongdao25 → 准备（发 ）广告，找  bs91m1
2022-06-06 05:04:31 → 918092132118 → Usdtbmw → 需要 群、发，找  bs91m1
2022-06-06 05:05:52 → 919482799261 → wdhyh888888 → 来（发 ）广告，联系 bs91m1
2022-06-06 05:08:41 → 6281282996563 → laowangdan → 需要 软、件，找  bs91m1
2022-06-06 05:10:14 → 79045541142 → xbdb01 → 需要 软、件，找  bs91m1
2022-06-06 05:12:02 → 8801743979741 → jishuqihaixianghx → 专业（发 ）广告，联系我 bs91m1
2022-06-06 05:13:48 → 919482799261 → chufen1688 → 需要 群、发软、件，找  bs91m1
2022-06-06 05:14:36 → 8801743979741 → Tothemoonws → 需要 群、发软、件，找  bs91m1
2022-06-06 05:15:05 → 918092132118 → qunfalaren2 → 专业（发 ）广告，联系我 bs91m1
2022-06-06 05:15:41 → 919482799261 → fbws8866 → 要（发 ）广告，联系 bs91m1
2022-06-06 05:16:07 → 6282144789066 → usdtdfds → 需要 群、发软、件，找  bs91m1
2022-06-06 05:17:16 → 60178838240 → xjltq → 想要（发 ）广告，找 bs91m1
2022-06-06 05:18:54 → 62895324567242 → USDTm → 需要 群、发软、件，找  bs91m1
2022-06-06 05:21:36 → 6285242443022 → chaxun2020 → 准备（发 ）广告，找  bs91m1
2022-06-06 05:23:13 → 6285242442963 → xieyihao12 → 要（发 ）广告，联系 bs91m1
2022-06-06 05:28:11 → 919482799261 → hswrrzhxz → 想要（发 ）广告，找 bs91m1
2022-06-06 05:29:39 → 8801743979741 → maomiyunkong01 → 需要 群、发，找  bs91m1
2022-06-06 05:30:24 → 6281282996563 → TG_King90 → 需要 软、件，找  bs91m1
2022-06-06 05:31:10 → 6285242443022 → smsjiema666 → 需要 群、发，找  bs91m1
2022-06-06 05:31:56 → 6282144789066 → bailaohui_cvv → 想要（发 ）广告，找 bs91m1
2022-06-06 05:39:34 → 8801743979741 → df9978 → 来（发 ）广告，联系 bs91m1
2022-06-06 05:43:43 → 6285242443022 → juliang666 → 要（发 ）广告，联系 bs91m1
2022-06-06 05:45:15 → 79045541142 → luckyyy77777 → 要（发 ）广告，联系 bs91m1
2022-06-06 05:48:30 → 919482799261 → facebookha → 专业（发 ）广告，联系我 bs91m1
2022-06-06 05:50:10 → 6285242442963 → juliang666 → 需要 软、件，找  bs91m1
2022-06-06 05:51:58 → 919482799261 → ssrtools → 专业（发 ）广告，联系我 bs91m1
2022-06-06 05:52:23 → 6285242443022 → jfhfhdgd → 要（发 ）广告，联系 bs91m1
2022-06-06 05:52:50 → 6281282996563 → laowangdan → 想要（发 ）广告，找 bs91m1
2022-06-06 05:53:15 → 601112672704 → huione888 → 专业（发 ）广告，联系我 bs91m1
2022-06-06 05:53:42 → 79045541142 → TGlianmeng002 → 来（发 ）广告，联系 bs91m1
2022-06-06 05:57:07 → 919482799261 → deguobank → 需要 软、件，找  bs91m1
2022-06-06 05:57:55 → 6281282996563 → TG_King90 → 需要 软、件，找  bs91m1
2022-06-06 05:58:27 → 8801743979741 → HSguojiSMS → 需要 群、发软、件，找  bs91m1
2022-06-06 05:59:59 → 62895324567242 → Usdtbmw → 需要 群、发软、件，找  bs91m1
2022-06-06 06:00:25 → 60178838240 → TG1949521 → 准备（发 ）广告，找  bs91m1
2022-06-06 06:01:33 → 601112672704 → baocai217 → 要（发 ）广告，联系 bs91m1
2022-06-06 06:04:13 → 601112672704 → USDThuzhu3 → 需要 软、件，找  bs91m1
2022-06-06 06:08:36 → 918092132118 → shenma001 → 想要（发 ）广告，找 bs91m1
2022-06-06 06:09:28 → 6285242442963 → wz513064 → 专业（发 ）广告，联系我 bs91m1
2022-06-06 06:10:14 → 6281282996563 → zhifuo → 专业（发 ）广告，联系我 bs91m1
2022-06-06 06:12:59 → 62895324567242 → bailaohui_cvv → 需要 群、发软、件，找  bs91m1
2022-06-06 06:14:34 → 79045541142 → cn_talk → 需要 软、件，找  bs91m1
2022-06-06 06:16:38 → 919482799261 → fb6789 → 需要 软、件，找  bs91m1
2022-06-06 06:17:46 → 919482799261 → BadoBumblechu → 想找人（ 发 ）广告，找   bs91m1
2022-06-06 06:19:33 → 8801743979741 → shenma360bbaidu → 想要（发 ）广告，找 bs91m1
2022-06-06 06:21:08 → 6285242442963 → daishou15 → 要（发 ）广告，联系 bs91m1
2022-06-06 06:25:05 → 6285242443022 → daifu76 → 来（发 ）广告，联系 bs91m1
2022-06-06 06:25:30 → 6282144789066 → tongdao25 → 来（发 ）广告，联系 bs91m1
2022-06-06 06:28:48 → 919482799261 → vcgfdgfd522 → 准备（发 ）广告，找  bs91m1
2022-06-06 06:30:19 → 8801743979741 → hgjlaa → 想要（发 ）广告，找 bs91m1
2022-06-06 06:33:08 → 79045541142 → mghxfls → 需要 软、件，找  bs91m1
2022-06-06 06:34:51 → 8801743979741 → jwtam168168 → 要（发 ）广告，联系 bs91m1
2022-06-06 06:38:49 → 6285242442963 → xinbi_088 → 想找人（ 发 ）广告，找   bs91m1
2022-06-06 06:39:23 → 60178838240 → TG1949521 → 需要 群、发，找  bs91m1
2022-06-06 06:41:03 → 6282144789066 → usdtdfds → 想找人（ 发 ）广告，找   bs91m1
2022-06-06 06:42:24 → 79045541142 → yuantoushuju4 → 准备（发 ）广告，找  bs91m1
2022-06-06 06:50:15 → 6285242442963 → juliang666 → 想要（发 ）广告，找 bs91m1
2022-06-06 06:50:46 → 918092132118 → caoji565 → 来（发 ）广告，联系 bs91m1
2022-06-06 06:51:11 → 6285242443022 → juliang666 → 准备（发 ）广告，找  bs91m1
2022-06-06 06:52:00 → 6281282996563 → laowangdan → 需要 软、件，找  bs91m1
2022-06-06 06:53:06 → 919482799261 → haoma69 → 来（发 ）广告，联系 bs91m1
2022-06-06 06:54:05 → 918092132118 → mangguohaxivip1 → 想要（发 ）广告，找 bs91m1
2022-06-06 06:55:11 → 6285242443022 → jfhfhdgd → 准备（发 ）广告，找  bs91m1
2022-06-06 06:55:51 → 919482799261 → dx119168 → 需要 软、件，找  bs91m1
2022-06-06 06:56:37 → 6285242442963 → xjltq → 需要 群、发，找  bs91m1
2022-06-06 06:59:59 → 6282144789066 → bailaohui_cvv → 想要（发 ）广告，找 bs91m1
2022-06-06 07:01:13 → 919482799261 → chuhaiVIP88 → 想找人（ 发 ）广告，找   bs91m1
2022-06-06 07:02:46 → 62895324567242 → USDTm → 来（发 ）广告，联系 bs91m1
2022-06-06 07:09:37 → 79045541142 → daishoujiaoyi → 想找人（ 发 ）广告，找   bs91m1
2022-06-06 07:11:59 → 6281283602694 → az123818 → 要（发 ）广告，联系 bs91m1
2022-06-06 07:13:10 → 919482799261 → daifawhatspp → 需要 群、发，找  bs91m1
2022-06-06 07:14:47 → 6285242443022 → chaxun2020 → 要（发 ）广告，联系 bs91m1
2022-06-06 07:15:13 → 601112672704 → USDThuzhu3 → 需要 群、发，找  bs91m1
2022-06-06 07:17:09 → 6281282996563 → TG_King90 → 专业（发 ）广告，联系我 bs91m1
2022-06-06 07:18:18 → 6282144789066 → bailaohui_cvv → 想要（发 ）广告，找 bs91m1
2022-06-06 07:22:55 → 919482799261 → xiaochuanch1 → 需要 软、件，找  bs91m1
2022-06-06 07:23:41 → 6282144789066 → usdtdfds → 需要 群、发软、件，找  bs91m1
2022-06-06 07:24:29 → 601112672704 → huione888 → 需要 群、发，找  bs91m1
2022-06-06 07:26:20 → 60178838240 → xjltq → 要（发 ）广告，联系 bs91m1
2022-06-06 07:28:03 → 918092132118 → TG0188 → 专业（发 ）广告，联系我 bs91m1
2022-06-06 07:29:37 → 601112672704 → baocai217 → 准备（发 ）广告，找  bs91m1
2022-06-06 07:30:47 → 6281282996563 → TG_King90 → 来（发 ）广告，联系 bs91m1
2022-06-06 07:34:19 → 919482799261 → dfsdf5545 → 需要 软、件，找  bs91m1
2022-06-06 07:34:46 → 79045541142 → USDT43 → 想找人（ 发 ）广告，找   bs91m1
2022-06-06 07:37:23 → 6285242442963 → KMFW56789 → 需要 群、发软、件，找  bs91m1
2022-06-06 07:38:35 → 6285242443022 → daifu76 → 专业（发 ）广告，联系我 bs91m1
2022-06-06 07:40:14 → 918092132118 → wybf168168 → 想要（发 ）广告，找 bs91m1
2022-06-06 07:42:08 → 6281282996563 → zhifuo → 想要（发 ）广告，找 bs91m1
2022-06-06 07:45:26 → 919482799261 → xiaoguzhuanyedajian3 → 要（发 ）广告，联系 bs91m1
2022-06-06 07:45:52 → 6285242442963 → xieyihao12 → 需要 群、发软、件，找  bs91m1
2022-06-06 07:46:48 → 62895324567242 → USDTm → 准备（发 ）广告，找  bs91m1
2022-06-06 07:47:37 → 6285242442963 → tianziusdt → 想要（发 ）广告，找 bs91m1
2022-06-06 07:48:26 → 79045541142 → iuhiaq11 → 来（发 ）广告，联系 bs91m1
2022-06-06 07:49:34 → 6282144789066 → tongdao25 → 专业（发 ）广告，联系我 bs91m1
2022-06-06 07:51:52 → 6285242443022 → juliang666 → 来（发 ）广告，联系 bs91m1
2022-06-06 07:54:23 → 919482799261 → chuhai007028 → 要（发 ）广告，联系 bs91m1
2022-06-06 07:56:56 → 918092132118 → wangzhuanusdt → 需要 群、发软、件，找  bs91m1
2022-06-06 08:00:43 → 6281282996563 → laowangdan → 来（发 ）广告，联系 bs91m1
2022-06-06 08:03:24 → 79045541142 → TG_88888 → 准备（发 ）广告，找  bs91m1
2022-06-06 08:05:17 → 919482799261 → haiqazwsx → 准备（发 ）广告，找  bs91m1
2022-06-06 08:10:44 → 918092132118 → xjltq → 需要 软、件，找  bs91m1
2022-06-06 08:11:11 → 6285242442963 → xieyihao12 → 需要 群、发，找  bs91m1
2022-06-06 08:13:50 → 62895324567242 → bailaohui_cvv → 想找人（ 发 ）广告，找 bs91m0
2022-06-06 08:17:12 → 6285242443022 → smsjiema666 → 需要 群、发，找 bs91m0
2022-06-06 08:24:11 → 6285242442963 → wz513064 → 想找人（ 发 ）广告，找 bs91m0
2022-06-06 08:26:49 → 6282144789066 → bailaohui_cvv → 来（发 ）广告，联系 bs91m0
2022-06-06 08:28:22 → 6281282996563 → laowangdan → 要（发 ）广告，联系 bs91m0
2022-06-06 08:30:52 → 62895324567242 → znpos8 → 需要 群、发，找 bs91m0
2022-06-06 08:35:59 → 6285242442963 → daishou15 → 需要 群、发软、件，找 bs91m0
2022-06-06 08:36:46 → 62895324567242 → Usdtbmw → 需要 群、发软、件，找 bs91m0
2022-06-06 08:37:33 → 6285242443022 → jfhfhdgd → 需要 软、件，找 bs91m0
2022-06-06 08:39:11 → 918092132118 → dibaifa → 来（发 ）广告，联系 bs91m0
2022-06-06 08:42:05 → 6282144789066 → usdtdfds → 需要 群、发，找 bs91m0
2022-06-06 08:44:19 → 6281282996563 → TG_King90 → 专业（发 ）广告，联系我 bs91m0
2022-06-06 08:46:08 → 919482799261 → DragonIndia → 想要（发 ）广告，找 bs91m0
2022-06-06 08:48:20 → 6282144789066 → tongdao25 → 需要 软、件，找 bs91m0
2022-06-06 08:53:51 → 919482799261 → dx119169 → 来（发 ）广告，联系 bs91m0
2022-06-06 08:57:08 → 919482799261 → DNYPAY → 要（发 ）广告，联系 bs91m0
2022-06-06 08:57:54 → 6281282996563 → zhifuo → 准备（发 ）广告，找 bs91m0
2022-06-06 08:58:20 → 6285242443022 → chaxun2020 → 准备（发 ）广告，找 bs91m0
2022-06-06 09:28:10 → 6285242443022 → chaxun2020 → 准备（发 ）广告，找 bs91m0
2022-06-06 09:29:49 → 6281283602694 → az123818 → 来（发 ）广告，联系 bs91m0
2022-06-06 09:31:40 → 601112672704 → USDThuzhu3 → 想找人（ 发 ）广告，找 bs91m0
2022-06-06 09:33:07 → 6285242442963 → xinbi_088 → 要（发 ）广告，联系 bs91m0
2022-06-06 09:43:11 → 6281282996563 → TG_King90 → (session) 协议号，零售、批发 找，bs91m0
2022-06-06 09:43:58 → 6285242443022 → smsjiema666 → 需要 群、发软、件，找 bs91m0
2022-06-06 09:44:43 → 60178838240 → xjltq → 需要 群、发软、件，找 bs91m0
2022-06-06 09:45:33 → 601112672704 → huione888 → (session) 协议号，零售、批发 找，bs91m0
2022-06-06 09:49:00 → 6281282996563 → laowangdan → 要（发 ）广告，联系 bs91m0
2022-06-06 09:52:08 → 6285242443022 → jfhfhdgd → 要（发 ）广告，联系 bs91m0
2022-06-06 09:52:56 → 6285242442963 → juliang666 → 想要（发 ）广告，找 bs91m0
2022-06-06 09:55:47 → 601112672704 → baocai217 → (session) 协议号，零售、批发 找，bs91m0
2022-06-06 10:00:54 → 6285242443022 → daifu76 → 来（发 ）广告，联系 bs91m0
2022-06-06 10:02:26 → 6285242442963 → xjltq → 需要 群、发，找 bs91m0
2022-06-06 10:13:17 → 919482799261 → baxifb → 来（发 ）广告，联系 bs91m0
2022-06-06 10:18:25 → 6281282996563 → zhifuo → 需要 软、件，找 bs91m0
2022-06-06 10:21:01 → 6285242443022 → juliang666 → 专业（发 ）广告，联系我 bs91m0
2022-06-06 10:21:53 → 919482799261 → Vgokeji8888 → 想要（发 ）广告，找 bs91m0
2022-06-06 10:28:40 → 6282144789066 → usdtdfds → 想要（发 ）广告，找 bs91m0
2022-06-06 10:30:33 → 6282144789066 → bailaohui_cvv → 准备（发 ）广告，找 bs91m0
2022-06-06 10:35:44 → 6285242443022 → XxUP1121 → 需要 群、发，找 bs91m0
2022-06-06 10:37:53 → 60178838240 → TG1949521 → 专业（发 ）广告，联系我 bs91m0
2022-06-06 10:40:29 → 6281282996563 → laowangdan → 想找人（ 发 ）广告，找 bs91m0
2022-06-06 10:45:27 → 919482799261 → haiwailiuliang111 → (session) 协议号，零售、批发 找，bs91m0
2022-06-06 10:47:41 → 6282144789066 → tongdao25 → 想找人（ 发 ）广告，找 bs91m0
2022-06-06 10:51:20 → 601112672704 → baocai217 → 专业（发 ）广告，联系我 bs91m0
2022-06-06 10:53:08 → 6285242442963 → tianziusdt → 想要（发 ）广告，找 bs91m0
2022-06-06 10:53:57 → 6281218966272 → iBox_official → 准备（发 ）广告，找 bs91m0
2022-06-06 10:55:28 → 6281282996563 → TG_King90 → 来（发 ）广告，联系 bs91m0
2022-06-06 11:03:28 → 6285242442963 → xieyihao12 → 准备（发 ）广告，找 bs91m0
2022-06-06 11:07:49 → 6281218966272 → caoji565 → 要（发 ）广告，联系 bs91m0
2022-06-06 11:09:17 → 62895324567242 → USDTm → 来（发 ）广告，联系 bs91m0
2022-06-06 11:20:01 → 6282144789066 → bailaohui_cvv → 想找人（ 发 ）广告，找 bs91m0
2022-06-06 11:20:51 → 60178838240 → xjltq → 需要 软、件，找 bs91m0
2022-06-06 11:23:09 → 6285242442963 → juliang666 → 来（发 ）广告，联系 bs91m0
2022-06-06 11:26:05 → 601112672704 → huione888 → 需要 软、件，找 bs91m0
2022-06-06 11:29:42 → 6282144789066 → tongdao25 → 需要 群、发，找 bs91m0
2022-06-06 11:41:00 → 601112672704 → USDThuzhu3 → 需要 软、件，找 bs91m0
2022-06-06 11:43:05 → 6281282996563 → laowangdan → 准备（发 ）广告，找 bs91m0
2022-06-06 11:51:50 → 6285242442963 → daishou15 → (session) 协议号，零售、批发 找，bs91m0
2022-06-06 11:53:25 → 6281282996563 → zhifuo → 来（发 ）广告，联系 bs91m0
2022-06-06 12:01:45 → 6285242442963 → xinbi_088 → 要（发 ）广告，联系 bs91m0
2022-06-06 12:05:03 → 62895324567242 → Usdtbmw → 要（发 ）广告，联系 bs91m0
2022-06-06 12:18:10 → 6281282996563 → TG_King90 → 需要 群、发，找 bs91m0
2022-06-06 12:18:35 → 6282144789066 → usdtdfds → 需要 软、件，找 bs91m0
2022-06-06 12:34:02 → 62895324567242 → bailaohui_cvv → (session) 协议号，零售、批发 找，bs91m0
2022-06-06 12:39:17 → 6285242442963 → XxUP1121 → 想要（发 ）广告，找 bs91m0
2022-06-06 12:43:28 → 6285242442963 → xjltq → 准备（发 ）广告，找 bs91m0
2022-06-06 12:50:00 → 919482799261 → sougoutgkh → 要（发 ）广告，联系 bs91m0
2022-06-06 12:52:34 → 919482799261 → chuhai666 → 来（发 ）广告，联系 bs91m0
2022-06-06 12:53:00 → 6282144789066 → tongdao25 → 专业（发 ）广告，联系我 bs91m0
2022-06-06 12:54:10 → 6285242442963 → KMFW56789 → 需要 软、件，找 bs91m0
2022-06-06 12:57:48 → 6281282996563 → TG_King90 → 想找人（ 发 ）广告，找 bs91m0
2022-06-06 13:00:36 → 62895324567242 → USDTm → 来（发 ）广告，联系 bs91m0
2022-06-06 13:05:56 → 919482799261 → aliqudao → 想要（发 ）广告，找 bs91m0
2022-06-06 13:08:59 → 60178838240 → TG1949521 → 需要 群、发，找 bs91m0
2022-06-06 13:13:27 → 6282144789066 → usdtdfds → 专业（发 ）广告，联系我 bs91m0
2022-06-06 13:18:26 → 6281282996563 → laowangdan → 需要 软、件，找 bs91m0
2022-06-06 13:19:29 → 919482799261 → yhsz023 → 要（发 ）广告，联系 bs91m0
2022-06-06 13:19:55 → 6285242442963 → wz513064 → 专业（发 ）广告，联系我 bs91m0
2022-06-06 13:21:09 → 919482799261 → Facebook2666 → 来（发 ）广告，联系 bs91m0
2022-06-06 13:21:35 → 62895324567242 → Usdtbmw → 需要 软、件，找 bs91m0
2022-06-06 13:27:53 → 601112672704 → baocai217 → 准备（发 ）广告，找 bs91m0
2022-06-06 13:32:05 → 601112672704 → huione888 → 来（发 ）广告，联系 bs91m0
2022-06-06 13:36:39 → 919482799261 → jiema868 → 准备（发 ）广告，找 bs91m0
2022-06-06 13:37:51 → 6281282996563 → laowangdan → 需要 群、发软、件，找 bs91m0
2022-06-06 13:39:24 → 6282144789066 → bailaohui_cvv → 想找人（ 发 ）广告，找 bs91m0
2022-06-06 13:40:11 → 60178838240 → xjltq → 来（发 ）广告，联系 bs91m0
2022-06-06 13:42:20 → 62895324567242 → bailaohui_cvv → 需要 群、发，找 bs91m0
2022-06-06 13:44:49 → 919482799261 → tyui1234563 → 需要 群、发，找 bs91m0
2022-06-06 13:46:21 → 6281282996563 → zhifuo → (session) 协议号，零售、批发 找，bs91m0
2022-06-06 13:48:31 → 6285242442963 → juliang666 → 专业（发 ）广告，联系我 bs91m0
2022-06-06 13:49:03 → 6281282996563 → TG_King90 → 需要 群、发软、件，找 bs91m0
2022-06-06 13:54:14 → 6285242442963 → xieyihao12 → 来（发 ）广告，联系 bs91m0
2022-06-06 13:59:21 → 6285242442963 → daishou15 → 要（发 ）广告，联系 bs91m0
2022-06-06 14:02:53 → 601112672704 → USDThuzhu3 → 需要 群、发软、件，找 bs91m0
2022-06-06 14:04:21 → 6281218966272 → usdthuihuan → 专业（发 ）广告，联系我 bs91m0
2022-06-06 14:17:59 → 6282144789066 → usdtdfds → 想要（发 ）广告，找 bs91m0
2022-06-06 14:23:18 → 6285242442963 → xinbi_088 → 需要 群、发软、件，找 bs91m0
2022-06-06 14:23:44 → 6281218966272 → dyjiaoliu → 想找人（ 发 ）广告，找 bs91m0
2022-06-06 14:34:48 → 6281218966272 → TGdanbao000 → (session) 协议号，零售、批发 找，bs91m0
2022-06-06 14:42:54 → 6285242442963 → tianziusdt → 需要 群、发，找 bs91m0
2022-06-06 14:49:03 → 6281282996563 → TG_King90 → 需要 群、发软、件，找 bs91m0
2022-06-06 14:57:33 → 6285242442963 → xjltq → 要（发 ）广告，联系 bs91m0
2022-06-06 14:58:59 → 6282144789066 → tongdao25 → 来（发 ）广告，联系 bs91m0
2022-06-06 15:07:10 → 6281282996563 → laowangdan → 需要 软、件，找 bs91m0
2022-06-06 15:07:56 → 6282144789066 → bailaohui_cvv → 要（发 ）广告，联系 bs91m0
2022-06-06 15:09:59 → 919482799261 → tyhc072 → 需要 软、件，找 bs91m0
2022-06-06 15:13:37 → 60178838240 → TG1949521 → 需要 软、件，找 bs91m0
2022-06-06 15:18:49 → 919482799261 → dx119188 → 来（发 ）广告，联系 bs91m0
2022-06-06 15:21:24 → 6281282996563 → zhifuo → 需要 软、件，找 bs91m0
2022-06-06 15:23:04 → 919482799261 → fbws8866 → 需要 软、件，找 bs91m0
2022-06-06 15:26:37 → 6281283602694 → az123818 → 需要 群、发软、件，找 bs91m0
2022-06-06 15:29:33 → 6285242442963 → wz513064 → 来（发 ）广告，联系 bs91m0
2022-06-06 15:30:48 → 6281282996563 → TG_King90 → 需要 软、件，找 bs91m0
2022-06-06 15:31:33 → 6281218966272 → wz513064 → 想找人（ 发 ）广告，找 bs91m0
2022-06-06 15:35:43 → 919482799261 → langrensha258 → 专业（发 ）广告，联系我 bs91m0
2022-06-06 15:43:34 → 919482799261 → wdhyh888888 → 来（发 ）广告，联系 bs91m0
2022-06-06 15:51:44 → 6281218966272 → huione888 → 来（发 ）广告，联系 bs91m0
2022-06-06 15:53:56 → 919482799261 → shanrfgb14 → 专业（发 ）广告，联系我 bs91m0
2022-06-06 15:54:21 → 601112672704 → huione888 → 要（发 ）广告，联系 bs91m0
2022-06-06 15:57:06 → 6285242442963 → XxUP1121 → 要（发 ）广告，联系 bs91m0
2022-06-06 15:58:53 → 6281282996563 → laowangdan → (session) 协议号，零售、批发 找，bs91m0
2022-06-06 16:00:41 → 6282144789066 → usdtdfds → 需要 群、发，找 bs91m0
2022-06-06 16:04:40 → 6281218966272 → tsdb01 → 来（发 ）广告，联系 bs91m0
2022-06-06 16:05:07 → 62895324567242 → bailaohui_cvv → 需要 群、发，找 bs91m0
2022-06-06 16:05:53 → 919482799261 → qianhuidajian8888 → 需要 群、发，找 bs91m0
2022-06-06 16:06:41 → 6282144789066 → tongdao25 → (session) 协议号，零售、批发 找，bs91m0
2022-06-06 16:10:55 → 60178838240 → TG1949521 → 需要 软、件，找 bs91m0
2022-06-06 16:12:11 → 6285242442963 → xieyihao12 → 需要 群、发，找 bs91m0
2022-06-06 16:15:57 → 6282144789066 → bailaohui_cvv → 来（发 ）广告，联系 bs91m0
2022-06-06 16:17:07 → 919482799261 → fbasfgsd → 想要（发 ）广告，找 bs91m0
2022-06-06 16:18:55 → 60178838240 → xjltq → 想找人（ 发 ）广告，找 bs91m0
2022-06-06 16:23:36 → 601112672704 → USDThuzhu3 → 需要 软、件，找 bs91m0
2022-06-06 16:24:23 → 6285242442963 → daishou15 → 需要 群、发软、件，找 bs91m0
2022-06-06 16:25:30 → 6281282996563 → TG_King90 → 来（发 ）广告，联系 bs91m0
2022-06-06 16:26:37 → 919482799261 → Maike003 → 来（发 ）广告，联系 bs91m0
2022-06-06 16:30:41 → 919482799261 → moxigeguge → 想要（发 ）广告，找 bs91m0
2022-06-06 16:32:16 → 6281282996563 → laowangdan → 专业（发 ）广告，联系我 bs91m0
2022-06-06 16:33:02 → 601112672704 → baocai217 → 需要 群、发软、件，找 bs91m0
2022-06-06 16:33:48 → 62895324567242 → znpos8 → 需要 群、发软、件，找 bs91m0
2022-06-06 16:36:28 → 919482799261 → heimachuhai → 来（发 ）广告，联系 bs91m0
2022-06-06 16:44:32 → 6281282996563 → zhifuo → (session) 协议号，零售、批发 找，bs91m0
2022-06-06 16:45:59 → 6285242442963 → xjltq → 想要（发 ）广告，找 bs91m0
2022-06-06 16:52:30 → 6282144789066 → bailaohui_cvv → 专业（发 ）广告，联系我 bs91m0
2022-06-06 16:53:16 → 62895324567242 → USDTm → 准备（发 ）广告，找 bs91m0
2022-06-06 16:57:22 → 6281282996563 → laowangdan → 需要 软、件，找 bs91m0
2022-06-06 16:59:12 → 62895324567242 → Usdtbmw → 想找人（ 发 ）广告，找 bs91m0
2022-06-06 17:02:13 → 6285242442963 → juliang666 → 专业（发 ）广告，联系我 bs91m0
2022-06-06 17:08:35 → 919482799261 → lineline88 → 来（发 ）广告，联系 bs91m0
2022-06-06 17:09:29 → 6281282996563 → TG_King90 → (session) 协议号，零售、批发 找，bs91m0
2022-06-06 17:10:17 → 6285242442963 → tianziusdt → 专业（发 ）广告，联系我 bs91m0
2022-06-06 17:11:08 → 6282144789066 → usdtdfds → 想要（发 ）广告，找 bs91m0
2022-06-06 17:16:54 → 6282144789066 → tongdao25 → 需要 软、件，找 bs91m0
2022-06-06 17:18:46 → 919482799261 → jiema670 → 需要 群、发软、件，找 bs91m0
2022-06-06 17:28:46 → 6285242442963 → wz513064 → 来（发 ）广告，联系 bs91m0
2022-06-06 17:30:06 → 919482799261 → shanrfgb14 → 需要 软、件，找 bs91m0
2022-06-06 17:35:02 → 601112672704 → USDThuzhu3 → 需要 群、发，找 bs91m0
2022-06-06 17:35:55 → 60178838240 → TG1949521 → 来（发 ）广告，联系 bs91m0
2022-06-06 17:36:21 → 6281282996563 → TG_King90 → 准备（发 ）广告，找 bs91m0
2022-06-06 17:38:23 → 62895324567242 → Usdtbmw → 需要 群、发软、件，找 bs91m0
2022-06-06 17:42:50 → 6281218966272 → huanqian35 → 准备（发 ）广告，找 bs91m0
2022-06-06 17:45:37 → 919482799261 → BadoBumblechu → 专业（发 ）广告，联系我 bs91m0
2022-06-06 17:47:08 → 6281282996563 → zhifuo → 来（发 ）广告，联系 bs91m0
2022-06-06 17:47:33 → 601112672704 → baocai217 → 需要 群、发，找 bs91m0
2022-06-06 17:51:19 → 6282144789066 → usdtdfds → 想要（发 ）广告，找 bs91m0
2022-06-06 17:52:47 → 601112672704 → huione888 → 想要（发 ）广告，找 bs91m0
2022-06-06 17:53:52 → 919482799261 → yinduliuliang66 → (session) 协议号，零售、批发 找，bs91m0
2022-06-06 17:56:32 → 919482799261 → xiaochuanch1 → 准备（发 ）广告，找 bs91m0
2022-06-06 17:59:09 → 6282144789066 → bailaohui_cvv → 要（发 ）广告，联系 bs91m0
2022-06-06 18:01:49 → 62895324567242 → bailaohui_cvv → 想找人（ 发 ）广告，找 bs91m0
2022-06-06 18:03:42 → 919482799261 → hswrrzhxz → 想找人（ 发 ）广告，找 bs91m0
2022-06-06 18:08:31 → 6281282996563 → laowangdan → 要（发 ）广告，联系 bs91m0
2022-06-06 18:09:47 → 6285242442963 → xjltq → 需要 群、发软、件，找 bs91m0
2022-06-06 18:10:29 → 919482799261 → DNYPAY → 需要 群、发，找 bs91m0
2022-06-06 18:15:01 → 6282144789066 → tongdao25 → 准备（发 ）广告，找 bs91m0
2022-06-06 18:21:25 → 919482799261 → BCdaikou → 需要 群、发，找 bs91m0
2022-06-06 18:23:42 → 6285242442963 → xinbi_088 → 需要 群、发软、件，找 bs91m0
2022-06-06 18:25:52 → 601112672704 → USDThuzhu3 → 想要（发 ）广告，找 bs91m0
2022-06-06 18:27:38 → 919482799261 → haiwailiuliang111 → 要（发 ）广告，联系 bs91m0
2022-06-06 18:30:43 → 60178838240 → xjltq → 要（发 ）广告，联系 bs91m0
2022-06-06 18:31:36 → 919482799261 → xinmengshehaiwaizhi → 要（发 ）广告，联系 bs91m0
2022-06-06 18:36:41 → 6281282996563 → laowangdan → (session) 协议号，零售、批发 找，bs91m0
2022-06-06 18:37:47 → 919482799261 → ssrtools → 来（发 ）广告，联系 bs91m0
2022-06-06 18:41:24 → 6285242442963 → juliang666 → 来（发 ）广告，联系 bs91m0
2022-06-06 18:41:49 → 6281283602694 → az123818 → 想要（发 ）广告，找 bs91m0
2022-06-06 18:43:24 → 6281218966272 → wz513064 → (session) 协议号，零售、批发 找，bs91m0
2022-06-06 18:46:17 → 6282144789066 → tongdao25 → (session) 协议号，零售、批发 找，bs91m0
2022-06-06 18:46:43 → 6281282996563 → TG_King90 → 专业（发 ）广告，联系我 bs91m0
2022-06-06 18:47:33 → 919482799261 → xiaoguzhuanyedajian3 → 需要 软、件，找 bs91m0
2022-06-06 18:49:10 → 601112672704 → huione888 → (session) 协议号，零售、批发 找，bs91m0
2022-06-06 18:52:44 → 6282144789066 → bailaohui_cvv → 专业（发 ）广告，联系我 bs91m0
2022-06-06 18:58:18 → 6285242442963 → daishou15 → 需要 群、发，找 bs91m0
2022-06-06 18:58:45 → 60178838240 → TG1949521 → 要（发 ）广告，联系 bs91m0
2022-06-06 18:59:32 → 6281282996563 → TG_King90 → 来（发 ）广告，联系 bs91m0
2022-06-06 19:03:22 → 601112672704 → baocai217 → 要（发 ）广告，联系 bs91m0
2022-06-06 19:07:56 → 6281218966272 → iBox_official → 需要 软、件，找 bs91m0
2022-06-06 19:09:41 → 62895324567242 → USDTm → 来（发 ）广告，联系 bs91m0
2022-06-06 19:14:24 → 919482799261 → yhsz023 → 需要 群、发，找 bs91m0
2022-06-06 19:15:34 → 6282144789066 → usdtdfds → 专业（发 ）广告，联系我 bs91m0
2022-06-06 19:19:38 → 6281282996563 → laowangdan → 需要 群、发，找 bs91m0
2022-06-06 19:21:54 → 919482799261 → jiema670 → 需要 群、发，找 bs91m0
2022-06-06 19:28:48 → 6281282996563 → zhifuo → 准备（发 ）广告，找 bs91m0
2022-06-06 19:30:43 → 919482799261 → vcgfdgfd522 → 专业（发 ）广告，联系我 bs91m0
2022-06-06 19:41:23 → 6285242442963 → xieyihao12 → 准备（发 ）广告，找 bs91m0
2022-06-06 19:53:38 → 6285242442963 → wz513064 → 要（发 ）广告，联系 bs91m0
2022-06-06 19:54:48 → 919482799261 → yhsz037 → 来（发 ）广告，联系 bs91m0
2022-06-06 19:55:56 → 6281282996563 → laowangdan → 想找人（ 发 ）广告，找 bs91m0
2022-06-06 19:59:13 → 6282144789066 → usdtdfds → 需要 软、件，找 bs91m0
2022-06-06 19:59:38 → 60178838240 → xjltq → 来（发 ）广告，联系 bs91m0
2022-06-06 20:00:55 → 6281282996563 → TG_King90 → (session) 协议号，零售、批发 找，bs91m0
2022-06-06 20:01:42 → 6282144789066 → bailaohui_cvv → 需要 软、件，找 bs91m0
2022-06-06 20:02:08 → 6281218966272 → TGdanbao000 → 想要（发 ）广告，找 bs91m0
2022-06-06 20:04:23 → 919482799261 → moxigeguge → 准备（发 ）广告，找 bs91m0
2022-06-06 20:09:01 → 6281218966272 → tronnetworkCN → 来（发 ）广告，联系 bs91m0
2022-06-06 20:09:47 → 6285242442963 → xjltq → 需要 软、件，找 bs91m0
2022-06-06 20:13:52 → 601112672704 → baocai217 → 来（发 ）广告，联系 bs91m0
2022-06-06 20:14:59 → 6281282996563 → laowangdan → 来（发 ）广告，联系 bs91m0
2022-06-06 20:16:48 → 6282144789066 → tongdao25 → 需要 群、发，找 bs91m0
2022-06-06 20:19:03 → 62895324567242 → bailaohui_cvv → 要（发 ）广告，联系 bs91m0
2022-06-06 20:21:22 → 6285242442963 → juliang666 → 来（发 ）广告，联系 bs91m0
2022-06-06 20:23:14 → 6281218966272 → dyjiaoliu → 想找人（ 发 ）广告，找 bs91m0
2022-06-06 20:24:32 → 601112672704 → USDThuzhu3 → 需要 群、发，找 bs91m0
2022-06-06 20:30:34 → 6281282996563 → TG_King90 → 需要 群、发，找 bs91m0
2022-06-06 20:34:43 → 6285242442963 → xinbi_088 → 专业（发 ）广告，联系我 bs91m0
2022-06-06 20:35:20 → 919482799261 → dfsdf5545 → 准备（发 ）广告，找 bs91m0
2022-06-06 20:37:57 → 60178838240 → xjltq → 想要（发 ）广告，找 bs91m0
2022-06-06 20:39:45 → 919482799261 → fb6789 → 需要 群、发软、件，找 bs91m0
2022-06-06 20:41:14 → 6282144789066 → tongdao25 → 想要（发 ）广告，找 bs91m0
2022-06-06 20:43:49 → 6285242442963 → tianziusdt → 需要 群、发软、件，找 bs91m0
2022-06-06 20:44:13 → 6281282996563 → zhifuo → 要（发 ）广告，联系 bs91m0
2022-06-06 20:44:46 → 601112672704 → huione888 → 专业（发 ）广告，联系我 bs91m0
2022-06-06 20:48:35 → 919482799261 → fbws8866 → 需要 群、发软、件，找 bs91m0
2022-06-06 20:51:39 → 6282144789066 → bailaohui_cvv → 准备（发 ）广告，找 bs91m0
2022-06-06 20:52:26 → 62895324567242 → Usdtbmw → 需要 群、发软、件，找 bs91m0
2022-06-06 20:53:46 → 919482799261 → tyhc072 → 想要（发 ）广告，找 bs91m0
2022-06-06 20:54:12 → 6281282996563 → laowangdan → 专业（发 ）广告，联系我 bs91m0
2022-06-06 21:00:07 → 6281283602694 → az123818 → 需要 群、发，找 bs91m0
2022-06-06 21:00:40 → 919482799261 → wdhyh888888 → 需要 群、发软、件，找 bs91m0
2022-06-06 21:01:06 → 6285242442963 → daishou15 → 来（发 ）广告，联系 bs91m0
2022-06-06 21:02:58 → 6281218966272 → huanqian35 → 准备（发 ）广告，找 bs91m0
2022-06-06 21:05:03 → 601112672704 → baocai217 → 要（发 ）广告，联系 bs91m0
2022-06-06 21:06:50 → 62895324567242 → USDTm → (session) 协议号，零售、批发 找，bs91m0
2022-06-06 21:08:04 → 919482799261 → DragonSouthAfica → 专业（发 ）广告，联系我 bs91m0
2022-06-06 21:08:50 → 60178838240 → TG1949521 → 要（发 ）广告，联系 bs91m0
2022-06-06 21:12:20 → 6281282996563 → TG_King90 → 来（发 ）广告，联系 bs91m0
2022-06-06 21:13:12 → 919482799261 → yhszlianmeng99999 → (session) 协议号，零售、批发 找，bs91m0
2022-06-06 21:15:58 → 6281218966272 → caoji565 → 想要（发 ）广告，找 bs91m0
2022-06-06 21:18:56 → 6282144789066 → usdtdfds → 需要 群、发软、件，找 bs91m0
2022-06-06 21:23:09 → 919482799261 → khjc1133 → 准备（发 ）广告，找 bs91m0
2022-06-06 21:28:58 → 6285242442963 → KMFW56789 → 要（发 ）广告，联系 bs91m0
2022-06-06 21:35:18 → 919482799261 → jiema868 → 想要（发 ）广告，找 bs91m0
2022-06-06 21:35:44 → 60178838240 → tgcnx → 要（发 ）广告，联系 bs91m0
2022-06-06 21:36:32 → 6285242442963 → wz513064 → 需要 群、发，找 bs91m0
2022-06-06 21:37:42 → 6281282996563 → TG_King90 → 准备（发 ）广告，找 bs91m0
2022-06-06 21:43:36 → 919482799261 → dx119188 → 要（发 ）广告，联系 bs91m0
2022-06-06 21:45:25 → 6281218966272 → huione888 → 准备（发 ）广告，找 bs91m0
2022-06-06 21:48:54 → 62895324567242 → znpos8 → 想找人（ 发 ）广告，找 bs91m0
2022-06-06 21:49:20 → 601112672704 → USDThuzhu3 → (session) 协议号，零售、批发 找，bs91m0
2022-06-06 21:50:29 → 6281282996563 → laowangdan → 来（发 ）广告，联系 bs91m0
2022-06-06 21:51:18 → 6281218966272 → tsdb01 → 想找人（ 发 ）广告，找 bs91m0
2022-06-06 21:53:15 → 6281282996563 → zhifuo → 专业（发 ）广告，联系我 bs91m0
2022-06-06 21:54:02 → 6281218966272 → usdthuihuan → 想要（发 ）广告，找 bs91m0
2022-06-06 21:54:50 → 601112672704 → huione888 → 要（发 ）广告，联系 bs91m0
2022-06-06 21:56:45 → 919482799261 → tyui1234563 → 需要 群、发，找 bs91m0
2022-06-06 21:59:07 → 919482799261 → chuhaiHT → 要（发 ）广告，联系 bs91m0
2022-06-06 22:01:00 → 6282144789066 → bailaohui_cvv → (session) 协议号，零售、批发 找，bs91m0
2022-06-06 22:06:54 → 62895324567242 → USDTm → 来（发 ）广告，联系 bs91m0
2022-06-06 22:07:41 → 6281282996563 → laowangdan → 需要 群、发，找 bs91m0
2022-06-06 22:09:10 → 6282144789066 → tongdao25 → 需要 软、件，找 bs91m0
2022-06-06 22:09:35 → 60178838240 → xjltq → 专业（发 ）广告，联系我 bs91m0
2022-06-06 22:10:05 → 919482799261 → deguobank → 需要 群、发，找 bs91m0
2022-06-06 22:13:33 → 919482799261 → dx119169 → 专业（发 ）广告，联系我 bs91m0
2022-06-06 22:13:58 → 6281282996563 → TG_King90 → 需要 群、发软、件，找 bs91m0
2022-06-06 22:14:45 → 6285242442963 → xjltq → (session) 协议号，零售、批发 找，bs91m0
2022-06-06 22:16:14 → 62895324567242 → BAOAA → 想找人（ 发 ）广告，找 bs91m0
2022-06-06 22:19:56 → 6282144789066 → usdtdfds → 来（发 ）广告，联系 bs91m0
2022-06-06 22:21:01 → 6285242442963 → xinbi_088 → 想要（发 ）广告，找 bs91m0
2022-06-06 22:22:11 → 919482799261 → qianhuidajian8888 → 准备（发 ）广告，找 bs91m0
2022-06-06 22:22:45 → 601112672704 → baocai217 → 来（发 ）广告，联系 bs91m0
2022-06-06 22:25:23 → 6285242442963 → tianziusdt → 专业（发 ）广告，联系我 bs91m0
2022-06-06 22:27:31 → 62895324567242 → Usdtbmw → 需要 群、发软、件，找 bs91m0
2022-06-06 22:29:11 → 62895324567242 → bailaohui_cvv → 专业（发 ）广告，联系我 bs91m0
2022-06-06 22:30:22 → 6282144789066 → usdtdfds → 需要 群、发，找 bs91m0
2022-06-06 22:36:04 → 6285242442963 → KMFW56789 → 需要 软、件，找 bs91m0
2022-06-06 22:40:03 → 919482799261 → aliqudao → 需要 群、发，找 bs91m0
2022-06-06 22:42:22 → 6281282996563 → TG_King90 → 想要（发 ）广告，找 bs91m0
2022-06-06 22:45:47 → 6282144789066 → tongdao25 → 专业（发 ）广告，联系我 bs91m0
2022-06-06 22:47:04 → 6285242442963 → juliang666 → 专业（发 ）广告，联系我 bs91m0
2022-06-06 22:49:59 → 60178838240 → TG1949521 → 需要 群、发，找 bs91m0
2022-06-06 22:51:10 → 919482799261 → langrensha258 → 需要 群、发，找 bs91m0
2022-06-06 22:53:48 → 6285242442963 → XxUP1121 → 想找人（ 发 ）广告，找 bs91m0
2022-06-06 22:55:50 → 919482799261 → qsf888 → (session) 协议号，零售、批发 找，bs91m0
2022-06-06 22:57:17 → 601112672704 → huione888 → 想找人（ 发 ）广告，找 bs91m0
2022-06-06 22:58:01 → 6281282996563 → laowangdan → 准备（发 ）广告，找 bs91m0
2022-06-06 22:59:16 → 601112672704 → USDThuzhu3 → 需要 群、发软、件，找 bs91m0
2022-06-06 23:02:14 → 6282144789066 → bailaohui_cvv → 专业（发 ）广告，联系我 bs91m0
2022-06-06 23:03:22 → 6281218966272 → usdthuihuan → 需要 软、件，找 bs91m0
2022-06-06 23:08:12 → 6285242442963 → daishou15 → 想找人（ 发 ）广告，找 bs91m0
2022-06-06 23:10:04 → 919482799261 → haoma69 → 想要（发 ）广告，找 bs91m0
2022-06-06 23:18:04 → 919482799261 → sfg18757976199 → 需要 群、发软、件，找 bs91m0
2022-06-06 23:20:17 → 6281282996563 → zhifuo → 需要 群、发，找 bs91m0
2022-06-06 23:25:16 → 919482799261 → chuhai007028 → 专业（发 ）广告，联系我 bs91m0
2022-06-06 23:26:46 → 6281283602694 → az123818 → 需要 群、发软、件，找 bs91m0
2022-06-06 23:30:29 → 6285242442963 → KMFW56789 → 想要（发 ）广告，找 bs91m0
2022-06-06 23:30:56 → 6281218966272 → caoji565 → 想要（发 ）广告，找 bs91m0
2022-06-06 23:31:45 → 919482799261 → DragonIndia → 准备（发 ）广告，找 bs91m0
2022-06-06 23:32:54 → 6282144789066 → usdtdfds → 准备（发 ）广告，找 bs91m0
2022-06-06 23:34:03 → 60178838240 → TG1949521 → 需要 群、发，找 bs91m0
2022-06-06 23:35:42 → 919482799261 → Facebook2666 → 来（发 ）广告，联系 bs91m0
2022-06-06 23:38:15 → 6281282996563 → TG_King90 → 想要（发 ）广告，找 bs91m0
2022-06-06 23:40:36 → 6281282996563 → laowangdan → 准备（发 ）广告，找 bs91m0
2022-06-06 23:41:02 → 6285242442963 → daishou15 → (session) 协议号，零售、批发 找，bs91m0
2022-06-06 23:41:31 → 919482799261 → Vgokeji3333 → 来（发 ）广告，联系 bs91m0
2022-06-06 23:45:08 → 6282144789066 → tongdao25 → 专业（发 ）广告，联系我 bs91m0
2022-06-06 23:50:16 → 919482799261 → Maike003 → 需要 群、发软、件，找 bs91m0
2022-06-06 23:51:55 → 919482799261 → yangfanchuhainnz → 专业（发 ）广告，联系我 bs91m0
2022-06-06 23:54:34 → 6285242442963 → xjltq → 来（发 ）广告，联系 bs91m0
2022-06-06 23:55:00 → 6281282996563 → laowangdan → 需要 软、件，找 bs91m0
2022-06-06 23:59:08 → 6285242442963 → XxUP1121 → 专业（发 ）广告，联系我 bs91m0
2022-06-06 23:59:36 → 919482799261 → qp155845 → 来（发 ）广告，联系 bs91m0