
2022-05-07 16:51:24 → 917602129536 → ewttsfdgcjtwt → 91M Boss 精准代发
2022-05-07 16:51:37 → 917602129536 → UraniumFinanceF → 91M Boss 精准代发
2022-05-07 16:51:49 → 917602129536 → xjltq → 📣📣出海🏄资源💋流量🌴出海💕
2022-05-07 16:52:05 → 917602129536 → TG_King90 → 📣📣出海🏄资源💋流量🌴出海💕
2022-05-07 16:53:03 → 917602129536 → TG_King80 → 91M Boss 精准代发 认准 客户ID bs91m1
2022-05-07 16:53:12 → 917602129536 → Fkzy_Group → 91M Boss 精准代发 认准 客户ID bs91m1
2022-05-07 16:53:28 → 917602129536 → fw992 → 91M Boss 精准代发 认准 客户ID bs91m1
2022-05-07 16:53:38 → 917602129536 → huaao1 → 91M Boss 精准代发
2022-05-07 16:54:14 → 917602129536 → SquidGameS_CN → 91M Boss 精准代发
2022-05-07 16:54:26 → 917602129536 → lshakaan20 → 91M Boss 精准代发
2022-05-07 17:03:12 → 917602129536 → jiu_777 → 【91M Boss】 精准代发 认准 客户ID bs91m1
2022-05-07 17:03:34 → 917602129536 → TG_King80 → 【91M Boss】 精准代发 认准 客户ID bs91m1
2022-05-07 17:03:58 → 917602129536 → ewttsfdgcjtwt → 【91M Boss】 精准代发 认准 客户ID bs91m1
2022-05-07 17:04:10 → 917602129536 → UraniumFinanceF → 【91M Boss】 精准代发 认准 客户ID bs91m1
2022-05-07 17:04:26 → 917602129536 → TG_King90 → 91M Boss 精准代发 认准 客户ID bs91m1
2022-05-07 17:04:50 → 917602129536 → lshakaan20 → 91M Boss 精准代发 认准 客户ID bs91m1
2022-05-07 17:04:59 → 917602129536 → fw992 → 【91M Boss】 精准代发 认准 客户ID bs91m1
2022-05-07 17:05:14 → 917602129536 → Fkzy_Group → 91M Boss 精准代发 认准 客户ID bs91m1
2022-05-07 17:05:24 → 917602129536 → jiu_777 → 91M Boss 精准代发 认准 客户ID bs91m1
2022-05-07 17:05:40 → 917602129536 → huaao1 → 【91M Boss】 精准代发 认准 客户ID bs91m1
2022-05-07 17:06:49 → 917602129536 → xjltq → 【91M Boss】 精准代发 认准 客户ID bs91m1
2022-05-07 17:06:53 → 917602129536 → SquidGameS_CN → 91M Boss 精准代发 认准 客户ID bs91m1
2022-05-07 17:07:15 → 917602129536 → Fkzy_Group → 【91M Boss】 精准代发 认准 客户ID bs91m1
2022-05-07 17:07:27 → 917602129536 → UraniumFinanceF → 91M Boss 精准代发 认准 客户ID bs91m1
2022-05-07 17:07:42 → 917602129536 → lshakaan20 → 91M Boss 精准代发 认准 客户ID bs91m1
2022-05-07 17:07:55 → 917602129536 → TG_King80 → 91M Boss 精准代发 认准 客户ID bs91m1
2022-05-07 17:08:31 → 917602129536 → TG_King90 → 【91M Boss】 精准代发 认准 客户ID bs91m1
2022-05-07 17:08:49 → 917602129536 → fw992 → 91M Boss 精准代发 认准 客户ID bs91m1
2022-05-07 17:09:14 → 917602129536 → huaao1 → 91M Boss 精准代发 认准 客户ID bs91m1
2022-05-07 17:09:28 → 917602129536 → SquidGameS_CN → 【91M Boss】 精准代发 认准 客户ID bs91m1
2022-05-07 17:09:40 → 917602129536 → ewttsfdgcjtwt → 91M Boss 精准代发 认准 客户ID bs91m1
2022-05-07 17:09:56 → 917602129536 → jiu_777 → 【91M Boss】 精准代发 认准 客户ID bs91m1
2022-05-07 17:10:19 → 917602129536 → jiu_777 → 【91M Boss】 精准代发 认准 客户ID bs91m1
2022-05-07 17:10:46 → 917602129536 → fw992 → 91M Boss 精准代发 认准 客户ID bs91m1
2022-05-07 17:11:11 → 917602129536 → ewttsfdgcjtwt → 91M Boss 精准代发 认准 客户ID bs91m1
2022-05-07 17:11:25 → 917602129536 → lshakaan20 → 91M Boss 精准代发 认准 客户ID bs91m1
2022-05-07 17:18:09 → 917602129536 → Fkzy_Group → 91M Boss 精准代发 认准 客户ID bs91m1
2022-05-07 17:18:21 → 917602129536 → TG_King80 → 【91M Boss】 精准代发 认准 客户ID bs91m1
2022-05-07 17:18:30 → 917602129536 → UraniumFinanceF → 【91M Boss】 精准代发 认准 客户ID bs91m1
2022-05-07 17:18:39 → 917602129536 → SquidGameS_CN → 91M Boss 精准代发 认准 客户ID bs91m1