
2022-06-05 00:01:26 → 62895324567242 → USDTm → 需要 群、发，找  bs91m1
2022-06-05 00:02:19 → 6282144789066 → tongdao25 → 需要 软、件，找  bs91m1
2022-06-05 00:03:11 → 601112672704 → baocai217 → 准备（发 ）广告，找  bs91m1
2022-06-05 00:11:24 → 62895324567242 → Usdtbmw → 需要 群、发，找  bs91m1
2022-06-05 00:14:32 → 6285242443022 → daifu76 → 需要 群、发软、件，找  bs91m1
2022-06-05 00:17:22 → 6285242442963 → xjltq → 需要 软、件，找  bs91m1
2022-06-05 00:18:55 → 601112672704 → USDThuzhu3 → 想找人（ 发 ）广告，找   bs91m1
2022-06-05 00:19:43 → 6281282996563 → zhifuo → 来（发 ）广告，联系 bs91m1
2022-06-05 00:27:23 → 6281282996563 → laowangdan → 想要（发 ）广告，找 bs91m1
2022-06-05 00:28:34 → 6282144789066 → tongdao25 → 想要（发 ）广告，找 bs91m1
2022-06-05 00:29:20 → 62895324567242 → USDTm → 需要 群、发，找  bs91m1
2022-06-05 00:32:31 → 919482799261 → haiqazwsx → 想找人（ 发 ）广告，找   bs91m1
2022-06-05 00:33:18 → 6285242443022 → jfhfhdgd → 要（发 ）广告，联系 bs91m1
2022-06-05 00:36:47 → 6285242443022 → chaxun2020 → 来（发 ）广告，联系 bs91m1
2022-06-05 00:42:24 → 6285242442963 → xinbi_088 → 需要 群、发，找  bs91m1
2022-06-05 00:47:18 → 62895324567242 → Usdtbmw → 想找人（ 发 ）广告，找   bs91m1
2022-06-05 00:49:39 → 601112672704 → baocai217 → 准备（发 ）广告，找  bs91m1
2022-06-05 00:51:04 → 6282144789066 → usdtdfds → 准备（发 ）广告，找  bs91m1
2022-06-05 00:52:56 → 6285242443022 → smsjiema666 → 需要 群、发，找  bs91m1
2022-06-05 00:54:34 → 6285242442963 → daishou15 → 需要 群、发软、件，找  bs91m1
2022-06-05 00:55:55 → 6282144789066 → bailaohui_cvv → 专业（发 ）广告，联系我 bs91m1
2022-06-05 00:57:18 → 6285242443022 → XxUP1121 → 来（发 ）广告，联系 bs91m1
2022-06-05 00:58:03 → 6281282996563 → TG_King90 → 来（发 ）广告，联系 bs91m1
2022-06-05 01:00:00 → 6285242442963 → tianziusdt → 需要 软、件，找  bs91m1
2022-06-05 01:00:48 → 62895324567242 → bailaohui_cvv → 要（发 ）广告，联系 bs91m1
2022-06-05 01:02:34 → 6281282996563 → laowangdan → 需要 群、发软、件，找  bs91m1
2022-06-05 01:03:00 → 6285242443022 → jfhfhdgd → 需要 群、发，找  bs91m1
2022-06-05 01:11:26 → 6285242443022 → chaxun2020 → 想找人（ 发 ）广告，找   bs91m1
2022-06-05 01:11:53 → 6281282996563 → laowangdan → 想要（发 ）广告，找 bs91m1
2022-06-05 01:13:24 → 6282144789066 → usdtdfds → 需要 群、发，找  bs91m1
2022-06-05 01:14:15 → 62895324567242 → znpos8 → 需要 软、件，找  bs91m1
2022-06-05 01:19:07 → 6285242442963 → juliang666 → 想找人（ 发 ）广告，找   bs91m1
2022-06-05 01:24:43 → 6285242443022 → juliang666 → 需要 群、发软、件，找  bs91m1
2022-06-05 01:25:53 → 6282144789066 → bailaohui_cvv → 来（发 ）广告，联系 bs91m1
2022-06-05 01:28:34 → 601112672704 → USDThuzhu3 → 需要 群、发软、件，找  bs91m1
2022-06-05 01:30:53 → 919482799261 → chufen1688 → 需要 群、发，找  bs91m1
2022-06-05 01:34:24 → 6285242443022 → daifu76 → 准备（发 ）广告，找  bs91m1
2022-06-05 01:35:18 → 919482799261 → langrensha258 → 要（发 ）广告，联系 bs91m1
2022-06-05 01:35:43 → 6281282996563 → TG_King90 → 准备（发 ）广告，找  bs91m1
2022-06-05 01:42:14 → 601112672704 → huione888 → 专业（发 ）广告，联系我 bs91m1
2022-06-05 01:44:12 → 6282144789066 → tongdao25 → 准备（发 ）广告，找  bs91m1
2022-06-05 01:45:42 → 6285242442963 → wz513064 → 要（发 ）广告，联系 bs91m1
2022-06-05 01:46:34 → 919482799261 → Facebook2666 → 专业（发 ）广告，联系我 bs91m1
2022-06-05 01:49:39 → 6281282996563 → laowangdan → 专业（发 ）广告，联系我 bs91m1
2022-06-05 01:50:48 → 62895324567242 → Usdtbmw → 来（发 ）广告，联系 bs91m1
2022-06-05 01:51:36 → 60178838240 → xjltq → 需要 群、发软、件，找  bs91m1
2022-06-05 01:52:10 → 62895324567242 → bailaohui_cvv → 来（发 ）广告，联系 bs91m1
2022-06-05 01:57:17 → 62895324567242 → USDTm → 想要（发 ）广告，找 bs91m1
2022-06-05 02:00:46 → 6285242443022 → daifu76 → 想要（发 ）广告，找 bs91m1
2022-06-05 02:01:37 → 6281282996563 → TG_King90 → 需要 群、发软、件，找  bs91m1
2022-06-05 02:02:32 → 601112672704 → baocai217 → 需要 软、件，找  bs91m1
2022-06-05 02:04:57 → 919482799261 → dx119168 → 想要（发 ）广告，找 bs91m1
2022-06-05 02:05:24 → 6285242442963 → xjltq → 需要 群、发软、件，找  bs91m1
2022-06-05 02:09:52 → 6285242443022 → chaxun2020 → 需要 群、发，找  bs91m1
2022-06-05 02:12:11 → 6281282996563 → zhifuo → 想找人（ 发 ）广告，找   bs91m1
2022-06-05 02:12:44 → 6282144789066 → usdtdfds → 准备（发 ）广告，找  bs91m1
2022-06-05 02:14:38 → 62895324567242 → znpos8 → 要（发 ）广告，联系 bs91m1
2022-06-05 02:16:13 → 6285242442963 → tianziusdt → 想找人（ 发 ）广告，找   bs91m1
2022-06-05 02:19:35 → 6282144789066 → bailaohui_cvv → 来（发 ）广告，联系 bs91m1
2022-06-05 02:21:12 → 6285242443022 → XxUP1121 → 需要 群、发软、件，找  bs91m1
2022-06-05 02:23:44 → 6285242442963 → xinbi_088 → 准备（发 ）广告，找  bs91m1
2022-06-05 02:26:33 → 6285242443022 → jfhfhdgd → 需要 群、发，找  bs91m1
2022-06-05 02:28:45 → 6285242442963 → daishou15 → 想要（发 ）广告，找 bs91m1
2022-06-05 02:30:37 → 6281282996563 → TG_King90 → 想要（发 ）广告，找 bs91m1
2022-06-05 02:35:44 → 6282144789066 → tongdao25 → 专业（发 ）广告，联系我 bs91m1
2022-06-05 02:36:10 → 6285242443022 → juliang666 → 要（发 ）广告，联系 bs91m1
2022-06-05 02:37:27 → 6285242442963 → juliang666 → 需要 软、件，找  bs91m1
2022-06-05 02:40:21 → 6285242443022 → smsjiema666 → 来（发 ）广告，联系 bs91m1
2022-06-05 02:41:08 → 601112672704 → huione888 → 想要（发 ）广告，找 bs91m1
2022-06-05 02:45:07 → 6281282996563 → laowangdan → 需要 群、发软、件，找  bs91m1
2022-06-05 02:45:58 → 6282144789066 → tongdao25 → 来（发 ）广告，联系 bs91m1
2022-06-05 02:47:58 → 601112672704 → USDThuzhu3 → 需要 群、发，找  bs91m1
2022-06-05 02:51:46 → 6285242443022 → daifu76 → 需要 群、发，找  bs91m1
2022-06-05 02:52:19 → 6285242442963 → daishou15 → 要（发 ）广告，联系 bs91m1
2022-06-05 02:55:24 → 6282144789066 → usdtdfds → 需要 群、发，找  bs91m1
2022-06-05 03:02:50 → 60178838240 → xjltq → 准备（发 ）广告，找  bs91m1
2022-06-05 03:03:37 → 6285242442963 → wz513064 → 专业（发 ）广告，联系我 bs91m1
2022-06-05 03:04:03 → 62895324567242 → USDTm → 需要 群、发，找  bs91m1
2022-06-05 03:04:52 → 6281282996563 → TG_King90 → 需要 群、发软、件，找  bs91m1
2022-06-05 03:09:28 → 62895324567242 → znpos8 → 需要 软、件，找  bs91m1
2022-06-05 03:10:15 → 6282144789066 → bailaohui_cvv → 需要 软、件，找  bs91m1
2022-06-05 03:13:51 → 6281282996563 → laowangdan → 需要 群、发软、件，找  bs91m1
2022-06-05 03:14:38 → 6285242443022 → XxUP1121 → 准备（发 ）广告，找  bs91m1
2022-06-05 03:15:29 → 601112672704 → baocai217 → 需要 群、发，找  bs91m1
2022-06-05 03:16:25 → 6285242442963 → xinbi_088 → 专业（发 ）广告，联系我 bs91m1
2022-06-05 03:18:54 → 6285242443022 → chaxun2020 → 需要 群、发软、件，找  bs91m1
2022-06-05 03:19:20 → 6281282996563 → zhifuo → 想找人（ 发 ）广告，找   bs91m1
2022-06-05 03:21:46 → 6285242442963 → xjltq → 来（发 ）广告，联系 bs91m1
2022-06-05 03:22:11 → 601112672704 → USDThuzhu3 → 想找人（ 发 ）广告，找   bs91m1
2022-06-05 03:32:09 → 6282144789066 → tongdao25 → 需要 群、发软、件，找  bs91m1
2022-06-05 03:33:27 → 6285242443022 → jfhfhdgd → 需要 群、发软、件，找  bs91m1
2022-06-05 03:39:06 → 6282144789066 → usdtdfds → 需要 群、发软、件，找  bs91m1
2022-06-05 03:39:32 → 6285242443022 → juliang666 → 准备（发 ）广告，找  bs91m1
2022-06-05 03:46:18 → 6281282996563 → laowangdan → 要（发 ）广告，联系 bs91m1
2022-06-05 03:49:45 → 919482799261 → jiema868 → 准备（发 ）广告，找  bs91m1
2022-06-05 03:50:18 → 6281282996563 → TG_King90 → 准备（发 ）广告，找  bs91m1
2022-06-05 03:54:07 → 601112672704 → huione888 → 准备（发 ）广告，找  bs91m1
2022-06-05 03:55:51 → 6282144789066 → bailaohui_cvv → 需要 群、发，找  bs91m1
2022-06-05 04:00:03 → 6285242443022 → XxUP1121 → 需要 群、发软、件，找  bs91m1
2022-06-05 04:07:02 → 62895324567242 → Usdtbmw → 来（发 ）广告，联系 bs91m1
2022-06-05 04:07:28 → 6285242443022 → jfhfhdgd → 需要 群、发软、件，找  bs91m1
2022-06-05 04:09:27 → 919482799261 → lineline88 → 来（发 ）广告，联系 bs91m1
2022-06-05 04:11:04 → 62895324567242 → bailaohui_cvv → 需要 群、发，找  bs91m1
2022-06-05 04:11:30 → 601112672704 → huione888 → 要（发 ）广告，联系 bs91m1
2022-06-05 04:12:39 → 919482799261 → yinliuzjjia → 需要 群、发软、件，找  bs91m1
2022-06-05 04:13:49 → 6281282996563 → laowangdan → 来（发 ）广告，联系 bs91m1
2022-06-05 04:14:15 → 60178838240 → xjltq → 专业（发 ）广告，联系我 bs91m1
2022-06-05 04:17:44 → 919482799261 → haoma69 → 想要（发 ）广告，找 bs91m1
2022-06-05 04:19:22 → 6285242443022 → daifu76 → 想要（发 ）广告，找 bs91m1
2022-06-05 04:22:27 → 6285242442963 → daishou15 → 准备（发 ）广告，找  bs91m1
2022-06-05 04:23:14 → 6281282996563 → zhifuo → 专业（发 ）广告，联系我 bs91m1
2022-06-05 04:23:43 → 62895324567242 → bailaohui_cvv → 需要 软、件，找  bs91m1
2022-06-05 04:26:24 → 6282144789066 → usdtdfds → 专业（发 ）广告，联系我 bs91m1
2022-06-05 04:27:40 → 919482799261 → dfsdf5545 → 专业（发 ）广告，联系我 bs91m1
2022-06-05 04:28:53 → 62895324567242 → Usdtbmw → 准备（发 ）广告，找  bs91m1
2022-06-05 04:32:00 → 6285242442963 → xjltq → 想要（发 ）广告，找 bs91m1
2022-06-05 04:33:12 → 6281282996563 → TG_King90 → 需要 软、件，找  bs91m1
2022-06-05 04:33:39 → 62895324567242 → znpos8 → 专业（发 ）广告，联系我 bs91m1
2022-06-05 04:34:06 → 6285242443022 → chaxun2020 → 专业（发 ）广告，联系我 bs91m1
2022-06-05 04:35:17 → 919482799261 → xinmengshehaiwaizhi → 来（发 ）广告，联系 bs91m1
2022-06-05 04:37:49 → 6285242442963 → juliang666 → 需要 群、发，找  bs91m1
2022-06-05 04:38:55 → 6282144789066 → tongdao25 → 准备（发 ）广告，找  bs91m1
2022-06-05 04:40:06 → 6285242443022 → smsjiema666 → 要（发 ）广告，联系 bs91m1
2022-06-05 04:41:06 → 6281282996563 → TG_King90 → 来（发 ）广告，联系 bs91m1
2022-06-05 04:43:05 → 6282144789066 → bailaohui_cvv → 想要（发 ）广告，找 bs91m1
2022-06-05 04:46:29 → 601112672704 → USDThuzhu3 → 需要 群、发，找  bs91m1
2022-06-05 04:49:09 → 6285242442963 → xinbi_088 → 要（发 ）广告，联系 bs91m1
2022-06-05 04:49:55 → 62895324567242 → USDTm → 要（发 ）广告，联系 bs91m1
2022-06-05 04:50:24 → 6285242443022 → chaxun2020 → 专业（发 ）广告，联系我 bs91m1
2022-06-05 04:54:03 → 601112672704 → baocai217 → 专业（发 ）广告，联系我 bs91m1
2022-06-05 04:56:36 → 6285242443022 → juliang666 → 需要 群、发，找  bs91m1
2022-06-05 04:57:02 → 6285242442963 → KMFW56789 → 准备（发 ）广告，找  bs91m1
2022-06-05 05:01:18 → 6285242443022 → jfhfhdgd → 要（发 ）广告，联系 bs91m1
2022-06-05 05:02:03 → 6281282996563 → laowangdan → 需要 群、发软、件，找  bs91m1
2022-06-05 05:06:07 → 6285242443022 → daifu76 → 需要 软、件，找  bs91m1
2022-06-05 05:10:02 → 601112672704 → USDThuzhu3 → 想找人（ 发 ）广告，找   bs91m1
2022-06-05 05:11:35 → 6282144789066 → bailaohui_cvv → 想要（发 ）广告，找 bs91m1
2022-06-05 05:14:43 → 6281282996563 → laowangdan → 想要（发 ）广告，找 bs91m1
2022-06-05 05:18:39 → 601112672704 → baocai217 → 准备（发 ）广告，找  bs91m1
2022-06-05 05:19:33 → 6282144789066 → tongdao25 → 要（发 ）广告，联系 bs91m1
2022-06-05 05:27:20 → 919482799261 → fb6789 → 专业（发 ）广告，联系我 bs91m1
2022-06-05 05:32:29 → 60178838240 → TG1949521 → 需要 软、件，找  bs91m1
2022-06-05 05:32:55 → 6282144789066 → usdtdfds → 专业（发 ）广告，联系我 bs91m1
2022-06-05 05:34:22 → 919482799261 → yhsz037 → 需要 群、发，找  bs91m1
2022-06-05 05:36:20 → 6281282996563 → zhifuo → 来（发 ）广告，联系 bs91m1
2022-06-05 05:40:39 → 6285242442963 → juliang666 → 需要 软、件，找  bs91m1
2022-06-05 05:42:37 → 62895324567242 → Usdtbmw → 来（发 ）广告，联系 bs91m1
2022-06-05 05:43:22 → 6281282996563 → TG_King90 → 想找人（ 发 ）广告，找   bs91m1
2022-06-05 05:44:08 → 60178838240 → xjltq → 需要 软、件，找  bs91m1
2022-06-05 05:45:02 → 601112672704 → huione888 → 准备（发 ）广告，找  bs91m1
2022-06-05 05:48:12 → 6285242442963 → xinbi_088 → 需要 群、发，找  bs91m1
2022-06-05 05:50:09 → 6281282996563 → TG_King90 → 需要 软、件，找  bs91m1
2022-06-05 05:50:57 → 6285242442963 → daishou15 → 需要 群、发，找  bs91m1
2022-06-05 05:52:40 → 60178838240 → TG1949521 → 需要 软、件，找  bs91m1
2022-06-05 05:53:29 → 62895324567242 → bailaohui_cvv → 专业（发 ）广告，联系我 bs91m1
2022-06-05 05:55:16 → 6285242443022 → daifu76 → 准备（发 ）广告，找  bs91m1
2022-06-05 05:57:08 → 6282144789066 → bailaohui_cvv → 需要 软、件，找  bs91m1
2022-06-05 05:58:22 → 6285242442963 → xjltq → 专业（发 ）广告，联系我 bs91m1
2022-06-05 05:58:48 → 62895324567242 → znpos8 → 需要 软、件，找  bs91m1
2022-06-05 06:06:52 → 6285242443022 → jfhfhdgd → 想要（发 ）广告，找 bs91m1
2022-06-05 06:08:35 → 6282144789066 → usdtdfds → 专业（发 ）广告，联系我 bs91m1
2022-06-05 06:09:31 → 601112672704 → USDThuzhu3 → 想要（发 ）广告，找 bs91m1
2022-06-05 06:10:22 → 6282144789066 → tongdao25 → 需要 群、发软、件，找  bs91m1
2022-06-05 06:12:57 → 6285242443022 → smsjiema666 → 想要（发 ）广告，找 bs91m1
2022-06-05 06:13:24 → 62895324567242 → tgzhcn → 专业（发 ）广告，联系我 bs91m1
2022-06-05 06:15:04 → 6281282996563 → laowangdan → 需要 软、件，找  bs91m1
2022-06-05 06:17:03 → 6285242443022 → chaxun2020 → 要（发 ）广告，联系 bs91m1
2022-06-05 06:17:30 → 6285242442963 → tianziusdt → 需要 群、发，找  bs91m1
2022-06-05 06:20:16 → 6285242442963 → wz513064 → 需要 软、件，找  bs91m1
2022-06-05 06:24:32 → 6282144789066 → usdtdfds → 专业（发 ）广告，联系我 bs91m1
2022-06-05 06:26:20 → 6281282996563 → laowangdan → 需要 群、发软、件，找  bs91m1
2022-06-05 06:26:47 → 6285242443022 → juliang666 → 来（发 ）广告，联系 bs91m1
2022-06-05 06:30:20 → 6282144789066 → bailaohui_cvv → 需要 软、件，找  bs91m1
2022-06-05 06:36:20 → 6281282996563 → zhifuo → 要（发 ）广告，联系 bs91m1
2022-06-05 06:37:10 → 601112672704 → pshqo → 需要 群、发软、件，找  bs91m1
2022-06-05 06:42:45 → 79045541142 → BTCusdtNFT → 需要 群、发，找  bs91m1
2022-06-05 06:47:18 → 62895324567242 → USDTm → 准备（发 ）广告，找  bs91m1
2022-06-05 06:48:09 → 6285242442963 → daishou15 → 需要 群、发，找  bs91m1
2022-06-05 06:50:48 → 918092132118 → qianloon → 需要 群、发，找  bs91m1
2022-06-05 06:51:20 → 6281282996563 → TG_King90 → 想要（发 ）广告，找 bs91m1
2022-06-05 06:56:02 → 79045541142 → yuantoushuju4 → 想要（发 ）广告，找 bs91m1
2022-06-05 06:56:32 → 918092132118 → mangguohaxivip1 → 想要（发 ）广告，找 bs91m1
2022-06-05 06:56:57 → 601112672704 → baocai217 → 准备（发 ）广告，找  bs91m1
2022-06-05 07:01:38 → 79045541142 → iuhiaq11 → 想找人（ 发 ）广告，找   bs91m1
2022-06-05 07:04:02 → 6285242443022 → daifu76 → 准备（发 ）广告，找  bs91m1
2022-06-05 07:06:25 → 60178838240 → xjltq → 来（发 ）广告，联系 bs91m1
2022-06-05 07:08:06 → 601112672414 → NodeGlobal → 需要 群、发软、件，找  bs91m1
2022-06-05 07:09:01 → 918092132118 → bclm1 → 需要 软、件，找  bs91m1
2022-06-05 07:10:49 → 79045541142 → mghxfls → 来（发 ）广告，联系 bs91m1
2022-06-05 07:11:42 → 6281283602694 → az123818 → 要（发 ）广告，联系 bs91m1
2022-06-05 07:12:09 → 6285242442963 → tianziusdt → 专业（发 ）广告，联系我 bs91m1
2022-06-05 07:14:49 → 918092132118 → usdthuihuan → 需要 群、发软、件，找  bs91m1
2022-06-05 07:15:41 → 601112672414 → FHaak8 → 需要 群、发，找  bs91m1
2022-06-05 07:17:14 → 6285242443022 → smsjiema666 → 专业（发 ）广告，联系我 bs91m1
2022-06-05 07:21:13 → 918092132118 → tiktokyinfen → 要（发 ）广告，联系 bs91m1
2022-06-05 07:21:38 → 601112672704 → huione888 → 需要 群、发软、件，找  bs91m1
2022-06-05 07:24:33 → 6282144789066 → tongdao25 → 需要 群、发软、件，找  bs91m1
2022-06-05 07:27:50 → 6285242443022 → chaxun2020 → 准备（发 ）广告，找  bs91m1
2022-06-05 07:28:39 → 62895324567242 → Usdtbmw → 来（发 ）广告，联系 bs91m1
2022-06-05 07:29:36 → 6281282996563 → laowangdan → 想要（发 ）广告，找 bs91m1
2022-06-05 07:30:33 → 918092132118 → xinbi_088 → 需要 群、发软、件，找  bs91m1
2022-06-05 07:35:16 → 6285242442963 → xinbi_088 → 想要（发 ）广告，找 bs91m1
2022-06-05 07:39:26 → 60178838240 → xjltq → 需要 群、发软、件，找  bs91m1
2022-06-05 07:42:50 → 918092132118 → dibaifa → 需要 群、发软、件，找  bs91m1
2022-06-05 07:45:17 → 919482799261 → langrensha258 → 来（发 ）广告，联系 bs91m1
2022-06-05 07:46:09 → 79045541142 → WKLhuaren → 专业（发 ）广告，联系我 bs91m1
2022-06-05 07:47:32 → 601112672704 → huione888 → 想要（发 ）广告，找 bs91m1
2022-06-05 07:50:02 → 919482799261 → tyhc072 → 需要 群、发，找  bs91m1
2022-06-05 07:51:42 → 6282144789066 → usdtdfds → 专业（发 ）广告，联系我 bs91m1
2022-06-05 07:52:08 → 6285242442963 → juliang666 → 准备（发 ）广告，找  bs91m1
2022-06-05 07:55:20 → 79045541142 → bailaohui_cvv → 专业（发 ）广告，联系我 bs91m1
2022-06-05 07:56:41 → 6285242443022 → juliang666 → 要（发 ）广告，联系 bs91m1
2022-06-05 07:57:49 → 601112672414 → dibai918 → 需要 软、件，找  bs91m1
2022-06-05 08:03:06 → 6281282996563 → zhifuo → 需要 群、发软、件，找  bs91m1
2022-06-05 08:04:00 → 62895324567242 → BAOAA → 需要 群、发软、件，找  bs91m1
2022-06-05 08:06:39 → 6282144789066 → tongdao25 → 想要（发 ）广告，找 bs91m1
2022-06-05 08:08:42 → 6285242442963 → xjltq → 准备（发 ）广告，找  bs91m1
2022-06-05 08:10:22 → 6281282996563 → TG_King90 → 需要 软、件，找  bs91m1
2022-06-05 08:10:48 → 601112672414 → xingbi0088 → 需要 软、件，找  bs91m1
2022-06-05 08:13:30 → 6285242443022 → jfhfhdgd → 需要 软、件，找  bs91m1
2022-06-05 08:14:22 → 919482799261 → DragonIndia → 来（发 ）广告，联系 bs91m1
2022-06-05 08:14:55 → 601112672704 → baocai217 → 来（发 ）广告，联系 bs91m1
2022-06-05 08:23:50 → 6282144789066 → bailaohui_cvv → 要（发 ）广告，联系 bs91m1
2022-06-05 08:24:16 → 62895324567242 → USDTm → 专业（发 ）广告，联系我 bs91m1
2022-06-05 08:25:53 → 79045541142 → dubai_37 → 需要 群、发软、件，找  bs91m1
2022-06-05 08:28:14 → 601112672414 → danbao96 → 需要 群、发软、件，找  bs91m1
2022-06-05 08:28:40 → 6281282996563 → laowangdan → 需要 软、件，找  bs91m1
2022-06-05 08:30:46 → 6285242442963 → wz513064 → 需要 群、发，找  bs91m1
2022-06-05 08:33:04 → 62895324567242 → bailaohui_cvv → 来（发 ）广告，联系 bs91m1
2022-06-05 08:36:38 → 6281282996563 → TG_King90 → 来（发 ）广告，联系 bs91m1
2022-06-05 08:38:58 → 601112672414 → TG006 → 需要 群、发软、件，找  bs91m1
2022-06-05 08:39:51 → 79045541142 → cn_talk → 需要 群、发，找  bs91m1
2022-06-05 08:40:42 → 919482799261 → sougoutgkh → 需要 软、件，找  bs91m1
2022-06-05 08:41:38 → 79045541142 → lovehash929 → 准备（发 ）广告，找  bs91m1
2022-06-05 08:42:53 → 601112672414 → zscd1 → 需要 群、发软、件，找  bs91m1
2022-06-05 08:46:44 → 919482799261 → qsf888 → 要（发 ）广告，联系 bs91m1
2022-06-05 08:49:37 → 6285242443022 → daifu76 → 准备（发 ）广告，找  bs91m1
2022-06-05 08:54:49 → 918092132118 → AKAFC888 → 准备（发 ）广告，找  bs91m1
2022-06-05 08:56:25 → 60178838240 → TG1949521 → 需要 软、件，找  bs91m1
2022-06-05 08:56:51 → 601112672704 → USDThuzhu3 → 需要 软、件，找  bs91m1
2022-06-05 08:57:38 → 601112672414 → HuobiGlobal_zw → 想要（发 ）广告，找 bs91m1
2022-06-05 09:01:19 → 6285242443022 → chaxun2020 → 需要 群、发，找  bs91m1
2022-06-05 09:03:26 → 6282144789066 → usdtdfds → 专业（发 ）广告，联系我 bs91m1
2022-06-05 09:04:42 → 919482799261 → haiwailiuliang111 → 来（发 ）广告，联系 bs91m1
2022-06-05 09:05:31 → 918092132118 → bitcoindfds → 想找人（ 发 ）广告，找   bs91m1
2022-06-05 09:07:06 → 601112672414 → tsdb01 → 来（发 ）广告，联系 bs91m1
2022-06-05 09:09:37 → 6281282996563 → zhifuo → 需要 群、发，找  bs91m1
2022-06-05 09:13:55 → 6285242443022 → juliang666 → 专业（发 ）广告，联系我 bs91m1
2022-06-05 09:14:25 → 918092132118 → HWDBQ → 想要（发 ）广告，找 bs91m1
2022-06-05 09:15:12 → 601112672414 → shuju888666 → 准备（发 ）广告，找  bs91m1
2022-06-05 09:17:20 → 6282144789066 → bailaohui_cvv → 想找人（ 发 ）广告，找   bs91m1
2022-06-05 09:18:49 → 919482799261 → fbws8866 → 准备（发 ）广告，找  bs91m1
2022-06-05 09:19:19 → 918092132118 → yinhe1661 → 来（发 ）广告，联系 bs91m1
2022-06-05 09:25:42 → 6281282996563 → laowangdan → 来（发 ）广告，联系 bs91m1
2022-06-05 09:27:24 → 918092132118 → Usdtbmw → 需要 群、发软、件，找  bs91m1
2022-06-05 09:31:25 → 919482799261 → deguobank → 需要 群、发软、件，找  bs91m1
2022-06-05 09:35:34 → 601112672414 → NodeGlobal → 专业（发 ）广告，联系我 bs91m1
2022-06-05 09:35:59 → 60178838240 → xjltq → 需要 群、发软、件，找  bs91m1
2022-06-05 09:36:26 → 6285242443022 → smsjiema666 → 来（发 ）广告，联系 bs91m1
2022-06-05 09:37:20 → 919482799261 → DNYPAY → 想找人（ 发 ）广告，找   bs91m1
2022-06-05 09:42:52 → 6285242442963 → xjltq → 要（发 ）广告，联系 bs91m1
2022-06-05 09:43:19 → 79045541142 → daishoujiaoyi → 需要 群、发，找  bs91m1
2022-06-05 09:49:58 → 6282144789066 → tongdao25 → 要（发 ）广告，联系 bs91m1
2022-06-05 09:52:12 → 919482799261 → yangfanchuhainnz → 需要 群、发，找  bs91m1
2022-06-05 09:53:11 → 601112672414 → FHaak8 → 想要（发 ）广告，找 bs91m1
2022-06-05 09:55:56 → 918092132118 → axujj → 来（发 ）广告，联系 bs91m1
2022-06-05 10:02:13 → 601112672704 → USDThuzhu3 → 需要 群、发，找  bs91m1
2022-06-05 10:03:26 → 6289635971327 → dijia02 → 想要（发 ）广告，找 bs91m1
2022-06-05 10:04:18 → 6285242442963 → daishou15 → 来（发 ）广告，联系 bs91m1
2022-06-05 10:08:07 → 6285242443022 → jfhfhdgd → 需要 软、件，找  bs91m1
2022-06-05 10:09:49 → 918092132118 → qunfalaren2 → 来（发 ）广告，联系 bs91m1
2022-06-05 10:13:11 → 6285242442963 → xinbi_088 → 需要 软、件，找  bs91m1
2022-06-05 10:14:44 → 62895324567778 → fw992 → 准备（发 ）广告，找  bs91m1
2022-06-05 10:16:19 → 918092132118 → xjltq → 需要 群、发软、件，找  bs91m1
2022-06-05 10:19:05 → 601112672704 → baocai217 → 要（发 ）广告，联系 bs91m1
2022-06-05 10:22:26 → 919482799261 → dx119169 → 来（发 ）广告，联系 bs91m1
2022-06-05 10:22:52 → 62895324567242 → Usdtbmw → 需要 软、件，找  bs91m1
2022-06-05 10:23:47 → 601112672414 → TG006 → 想找人（ 发 ）广告，找   bs91m1
2022-06-05 10:26:32 → 60178838240 → TG1949521 → 需要 软、件，找  bs91m1
2022-06-05 10:29:27 → 6285242443022 → XxUP1121 → 专业（发 ）广告，联系我 bs91m1
2022-06-05 10:30:36 → 919482799261 → ssrtools → 想要（发 ）广告，找 bs91m1
2022-06-05 10:31:26 → 918092132118 → hfjiema → 来（发 ）广告，联系 bs91m1
2022-06-05 10:36:06 → 79045541142 → usdthuihuan → 来（发 ）广告，联系 bs91m1
2022-06-05 10:36:55 → 6281282996563 → laowangdan → 来（发 ）广告，联系 bs91m1
2022-06-05 10:39:28 → 6285242442963 → juliang666 → 准备（发 ）广告，找  bs91m1
2022-06-05 10:40:19 → 918092132118 → USDThuzhu3 → 要（发 ）广告，联系 bs91m1
2022-06-05 10:42:47 → 6281282996563 → zhifuo → 需要 软、件，找  bs91m1
2022-06-05 10:43:32 → 6285242443022 → smsjiema666 → 专业（发 ）广告，联系我 bs91m1
2022-06-05 10:47:26 → 6285242443022 → juliang666 → 来（发 ）广告，联系 bs91m1
2022-06-05 10:49:29 → 6282144789066 → bailaohui_cvv → 想要（发 ）广告，找 bs91m1
2022-06-05 10:53:59 → 6281282996563 → TG_King90 → 需要 群、发，找  bs91m1
2022-06-05 11:05:54 → 918092132118 → AKAFC888 → 需要 群、发软、件，找  bs91m1
2022-06-05 11:06:21 → 79045541142 → AS668825 → 来（发 ）广告，联系 bs91m1
2022-06-05 11:07:06 → 919482799261 → haiqazwsx → 专业（发 ）广告，联系我 bs91m1
2022-06-05 11:08:16 → 6285242442963 → xjltq → 需要 软、件，找  bs91m1
2022-06-05 11:09:28 → 6285242443022 → jfhfhdgd → 想要（发 ）广告，找 bs91m1
2022-06-05 11:13:15 → 6282144789066 → tongdao25 → 准备（发 ）广告，找  bs91m1
2022-06-05 11:14:49 → 6285242442963 → daishou15 → 专业（发 ）广告，联系我 bs91m1
2022-06-05 11:16:23 → 919482799261 → xiaochuanch1 → 准备（发 ）广告，找  bs91m1
2022-06-05 11:19:15 → 62895324567242 → USDTm → 想找人（ 发 ）广告，找   bs91m1
2022-06-05 11:22:49 → 919482799261 → daifawhatspp → 要（发 ）广告，联系 bs91m1
2022-06-05 11:23:34 → 601112672704 → huione888 → 需要 群、发，找  bs91m1
2022-06-05 11:24:46 → 6285242442963 → wz513064 → 来（发 ）广告，联系 bs91m1
2022-06-05 11:25:31 → 6281283602716 → TG55555555555 → 准备（发 ）广告，找  bs91m1
2022-06-05 11:25:57 → 6285242443022 → daifu76 → 来（发 ）广告，联系 bs91m1
2022-06-05 11:27:08 → 6282144789066 → usdtdfds → 想要（发 ）广告，找 bs91m1
2022-06-05 11:29:32 → 6281282996563 → laowangdan → 需要 群、发软、件，找  bs91m1
2022-06-05 11:32:57 → 60178838240 → TG1949521 → 要（发 ）广告，联系 bs91m1
2022-06-05 11:39:51 → 6282144789066 → bailaohui_cvv → 想要（发 ）广告，找 bs91m1
2022-06-05 11:41:23 → 62895324567242 → znpos8 → 需要 软、件，找  bs91m1
2022-06-05 11:43:20 → 919482799261 → chufen1688 → 准备（发 ）广告，找  bs91m1
2022-06-05 11:43:47 → 601112672704 → huione888 → 需要 群、发软、件，找  bs91m1
2022-06-05 11:47:37 → 62895324567242 → bailaohui_cvv → 准备（发 ）广告，找  bs91m1
2022-06-05 11:51:12 → 601112672414 → tsdb01 → 要（发 ）广告，联系 bs91m1
2022-06-05 11:52:22 → 919482799261 → haoma69 → 需要 软、件，找  bs91m1
2022-06-05 11:53:33 → 6281282996563 → TG_King90 → 需要 群、发软、件，找  bs91m1
2022-06-05 11:56:40 → 601112672704 → baocai217 → 准备（发 ）广告，找  bs91m1
2022-06-05 11:59:47 → 60178838240 → xjltq → 想找人（ 发 ）广告，找   bs91m1
2022-06-05 12:00:36 → 6285242443022 → chaxun2020 → 来（发 ）广告，联系 bs91m1
2022-06-05 12:05:04 → 6281282996563 → zhifuo → 需要 软、件，找  bs91m1
2022-06-05 12:08:07 → 62895324567242 → bailaohui_cvv → 要（发 ）广告，联系 bs91m1
2022-06-05 12:11:39 → 919482799261 → yhsz023 → 需要 软、件，找  bs91m1
2022-06-05 12:19:55 → 919482799261 → xinmengshehaiwaizhi → 需要 软、件，找  bs91m1
2022-06-05 12:23:13 → 6285242442963 → juliang666 → 想找人（ 发 ）广告，找   bs91m1
2022-06-05 12:24:39 → 919482799261 → wdhyh888888 → 要（发 ）广告，联系 bs91m1
2022-06-05 12:25:06 → 601112672414 → shuju888666 → 准备（发 ）广告，找  bs91m1
2022-06-05 12:29:40 → 919482799261 → jiema670 → 想找人（ 发 ）广告，找   bs91m1
2022-06-05 12:30:05 → 6282144789066 → tongdao25 → 专业（发 ）广告，联系我 bs91m1
2022-06-05 12:30:34 → 918092132118 → BitCoinVipGroup → 想要（发 ）广告，找 bs91m1
2022-06-05 12:33:04 → 6285242442963 → XxUP1121 → 需要 群、发软、件，找  bs91m1
2022-06-05 12:34:12 → 601112672414 → axujj → 专业（发 ）广告，联系我 bs91m1
2022-06-05 12:37:30 → 6285242443022 → daifu76 → 需要 群、发软、件，找  bs91m1
2022-06-05 12:38:59 → 6282144789066 → usdtdfds → 需要 群、发软、件，找  bs91m1
2022-06-05 12:40:56 → 6281282996563 → TG_King90 → 要（发 ）广告，联系 bs91m1
2022-06-05 12:42:24 → 6285242443022 → jfhfhdgd → 需要 软、件，找  bs91m1
2022-06-05 12:45:12 → 919482799261 → xiaoguzhuanyedajian3 → 需要 群、发软、件，找  bs91m1
2022-06-05 12:45:38 → 6285242442963 → tianziusdt → 准备（发 ）广告，找  bs91m1
2022-06-05 12:47:19 → 601112672704 → USDThuzhu3 → 要（发 ）广告，联系 bs91m1
2022-06-05 12:48:07 → 6285242442963 → xinbi_088 → 需要 群、发软、件，找  bs91m1
2022-06-05 12:48:49 → 919482799261 → vcgfdgfd522 → 需要 软、件，找  bs91m1
2022-06-05 13:00:50 → 918092132118 → Flea66 → 想要（发 ）广告，找 bs91m1
2022-06-05 13:01:38 → 6282144789066 → usdtdfds → 要（发 ）广告，联系 bs91m1
2022-06-05 13:02:23 → 919482799261 → yinliuzjjia → 想要（发 ）广告，找 bs91m1
2022-06-05 13:07:30 → 6281282996563 → laowangdan → 专业（发 ）广告，联系我 bs91m1
2022-06-05 13:08:20 → 919482799261 → hswrrzhxz → 需要 群、发软、件，找  bs91m1
2022-06-05 13:11:23 → 601112672414 → danbao96 → 准备（发 ）广告，找  bs91m1
2022-06-05 13:15:32 → 62895324567242 → USDTm → 专业（发 ）广告，联系我 bs91m1
2022-06-05 13:16:26 → 919482799261 → dfsdf5545 → 来（发 ）广告，联系 bs91m1
2022-06-05 13:18:04 → 6285242442963 → xinbi_088 → 要（发 ）广告，联系 bs91m1
2022-06-05 13:19:33 → 6282144789066 → tongdao25 → 想找人（ 发 ）广告，找   bs91m1
2022-06-05 13:20:45 → 6285242443022 → chaxun2020 → 专业（发 ）广告，联系我 bs91m1
2022-06-05 13:24:17 → 6285242443022 → juliang666 → 准备（发 ）广告，找  bs91m1
2022-06-05 13:25:49 → 6285242442963 → xjltq → 需要 群、发软、件，找  bs91m1
2022-06-05 13:27:47 → 918092132118 → tangrenzaidibai → 专业（发 ）广告，联系我 bs91m1
2022-06-05 13:29:41 → 919482799261 → baxifb → 需要 群、发，找  bs91m1
2022-06-05 13:30:13 → 6285242443022 → smsjiema666 → 来（发 ）广告，联系 bs91m1
2022-06-05 13:33:58 → 919482799261 → ggggsgjj → 来（发 ）广告，联系 bs91m1
2022-06-05 13:37:06 → 918092132118 → usdthuihuan → 来（发 ）广告，联系 bs91m1
2022-06-05 13:37:53 → 6282144789066 → bailaohui_cvv → 需要 群、发软、件，找  bs91m1
2022-06-05 13:38:19 → 601112672414 → zscd1 → 想找人（ 发 ）广告，找   bs91m1
2022-06-05 13:40:19 → 919482799261 → yinduliuliang66 → 需要 群、发，找  bs91m1
2022-06-05 13:41:57 → 6281282996563 → zhifuo → 准备（发 ）广告，找  bs91m1
2022-06-05 13:43:45 → 601112672704 → huione888 → 想要（发 ）广告，找 bs91m1
2022-06-05 13:45:21 → 6285242443022 → XxUP1121 → 需要 群、发，找  bs91m1
2022-06-05 13:49:41 → 919482799261 → shanrfgb14 → 想要（发 ）广告，找 bs91m1
2022-06-05 13:59:03 → 919482799261 → qianhuidajian8888 → 需要 群、发软、件，找  bs91m1
2022-06-05 13:59:28 → 6281282996563 → TG_King90 → 需要 群、发软、件，找  bs91m1
2022-06-05 13:59:54 → 601112672414 → xingbi0088 → 想找人（ 发 ）广告，找   bs91m1
2022-06-05 14:06:09 → 919482799261 → Facebook2666 → 需要 群、发软、件，找  bs91m1
2022-06-05 14:07:24 → 62895324567242 → Usdtbmw → 需要 群、发软、件，找  bs91m1
2022-06-05 14:09:41 → 6285242443022 → daifu76 → 想找人（ 发 ）广告，找   bs91m1
2022-06-05 14:13:22 → 601112672704 → baocai217 → 需要 群、发软、件，找  bs91m1
2022-06-05 14:13:48 → 79045541142 → WKLhuaren → 想要（发 ）广告，找 bs91m1
2022-06-05 14:14:41 → 6282144789066 → bailaohui_cvv → 准备（发 ）广告，找  bs91m1
2022-06-05 14:18:20 → 6281282996563 → laowangdan → 专业（发 ）广告，联系我 bs91m1
2022-06-05 14:20:35 → 6285242442963 → daishou15 → 要（发 ）广告，联系 bs91m1
2022-06-05 14:25:20 → 918092132118 → OBDL666 → 需要 群、发软、件，找  bs91m1
2022-06-05 14:28:52 → 6285242442963 → wz513064 → 需要 软、件，找  bs91m1
2022-06-05 14:29:39 → 6282144789066 → tongdao25 → 专业（发 ）广告，联系我 bs91m1
2022-06-05 14:34:28 → 6281282996563 → TG_King90 → 需要 群、发，找  bs91m1
2022-06-05 14:39:05 → 918092132118 → tiktokyinfen → 来（发 ）广告，联系 bs91m1
2022-06-05 14:42:02 → 919482799261 → chuhaiVIP88 → 准备（发 ）广告，找  bs91m1
2022-06-05 14:42:28 → 6282144789066 → usdtdfds → 想要（发 ）广告，找 bs91m1
2022-06-05 14:44:00 → 60178838240 → TG1949521 → 需要 群、发，找  bs91m1
2022-06-05 14:46:25 → 6281282996563 → laowangdan → 需要 群、发软、件，找  bs91m1
2022-06-05 14:52:18 → 6285242443022 → juliang666 → 需要 群、发，找  bs91m1
2022-06-05 14:56:22 → 601112672704 → USDThuzhu3 → 需要 群、发，找  bs91m1
2022-06-05 14:56:48 → 601112672414 → dibai918 → 需要 群、发，找  bs91m1
2022-06-05 14:58:14 → 919482799261 → aliqudao → 需要 群、发，找  bs91m1
2022-06-05 15:01:18 → 6285242443022 → smsjiema666 → 想要（发 ）广告，找 bs91m1
2022-06-05 15:08:33 → 918092132118 → TGDL128 → 要（发 ）广告，联系 bs91m1
2022-06-05 15:10:11 → 6285242443022 → chaxun2020 → 需要 群、发软、件，找  bs91m1
2022-06-05 15:11:44 → 60178838240 → xjltq → 需要 软、件，找  bs91m1
2022-06-05 15:14:03 → 918092132118 → bclm1 → 要（发 ）广告，联系 bs91m1
2022-06-05 15:20:31 → 6281282996563 → zhifuo → 需要 群、发软、件，找  bs91m1
2022-06-05 15:24:18 → 6285242443022 → jfhfhdgd → 专业（发 ）广告，联系我 bs91m1
2022-06-05 15:30:31 → 6281282996563 → laowangdan → 需要 群、发软、件，找  bs91m1
2022-06-05 15:32:03 → 6285242442963 → juliang666 → 要（发 ）广告，联系 bs91m1
2022-06-05 15:32:50 → 601112672704 → huione888 → 想要（发 ）广告，找 bs91m1
2022-06-05 15:40:48 → 62895324567242 → USDTm → 需要 软、件，找  bs91m1
2022-06-05 15:44:36 → 6285242443022 → chaxun2020 → 来（发 ）广告，联系 bs91m1
2022-06-05 15:45:23 → 60178838240 → TG1949521 → 需要 群、发软、件，找  bs91m1
2022-06-05 15:49:41 → 6282144789066 → tongdao25 → 来（发 ）广告，联系 bs91m1
2022-06-05 15:55:27 → 6285242443022 → juliang666 → 需要 软、件，找  bs91m1
2022-06-05 15:55:53 → 79045541142 → iuhiaq11 → 要（发 ）广告，联系 bs91m1
2022-06-05 15:58:54 → 6282144789066 → bailaohui_cvv → 想找人（ 发 ）广告，找   bs91m1
2022-06-05 16:04:26 → 919482799261 → khjc1133 → 需要 群、发，找  bs91m1
2022-06-05 16:06:28 → 918092132118 → PingAn66Shop → 想找人（ 发 ）广告，找   bs91m1
2022-06-05 16:07:59 → 6285242443022 → XxUP1121 → 专业（发 ）广告，联系我 bs91m1
2022-06-05 16:08:25 → 6285242442963 → XxUP1121 → 专业（发 ）广告，联系我 bs91m1
2022-06-05 16:08:51 → 62895324567242 → Usdtbmw → 需要 群、发，找  bs91m1
2022-06-05 16:10:24 → 601112672704 → baocai217 → 要（发 ）广告，联系 bs91m1
2022-06-05 16:13:09 → 6281282996563 → TG_King90 → 需要 群、发软、件，找  bs91m1
2022-06-05 16:14:00 → 79045541142 → yuantoushuju4 → 需要 群、发软、件，找  bs91m1
2022-06-05 16:16:24 → 918092132118 → tsdb01 → 来（发 ）广告，联系 bs91m1
2022-06-05 16:18:55 → 6285242442963 → daishou15 → 需要 群、发，找  bs91m1
2022-06-05 16:22:08 → 918092132118 → tianziusdt → 需要 软、件，找  bs91m1
2022-06-05 16:24:05 → 6282144789066 → usdtdfds → 准备（发 ）广告，找  bs91m1
2022-06-05 16:24:53 → 79045541142 → wangzhuan75 → 专业（发 ）广告，联系我 bs91m1
2022-06-05 16:26:43 → 62895324567242 → bailaohui_cvv → 需要 群、发软、件，找  bs91m1
2022-06-05 16:27:33 → 919482799261 → tyui1234563 → 想找人（ 发 ）广告，找   bs91m1
2022-06-05 16:32:29 → 6281282996563 → laowangdan → 需要 群、发，找  bs91m1
2022-06-05 16:34:48 → 918092132118 → TG55555555555 → 准备（发 ）广告，找  bs91m1
2022-06-05 16:36:24 → 919482799261 → fbasfgsd → 想找人（ 发 ）广告，找   bs91m1
2022-06-05 16:40:19 → 601112672414 → dibaihrg009 → 需要 软、件，找  bs91m1
2022-06-05 16:41:33 → 6285242443022 → daifu76 → 需要 群、发，找  bs91m1
2022-06-05 16:42:40 → 919482799261 → chuhai666 → 需要 群、发软、件，找  bs91m1
2022-06-05 16:45:27 → 6285242442963 → xinbi_088 → 来（发 ）广告，联系 bs91m1
2022-06-05 16:47:58 → 6285242442963 → wz513064 → 想找人（ 发 ）广告，找   bs91m1
2022-06-05 16:49:08 → 79045541142 → caifushequ10000 → 来（发 ）广告，联系 bs91m1
2022-06-05 16:50:35 → 62895324567242 → BAOAA → 需要 软、件，找  bs91m1
2022-06-05 16:52:44 → 919482799261 → dx119188 → 准备（发 ）广告，找  bs91m1
2022-06-05 16:55:11 → 6285242442963 → xjltq → 需要 群、发软、件，找  bs91m1
2022-06-05 16:56:40 → 919482799261 → fb6789 → 准备（发 ）广告，找  bs91m1
2022-06-05 17:00:56 → 601112672704 → USDThuzhu3 → 准备（发 ）广告，找  bs91m1
2022-06-05 17:02:49 → 6282144789066 → bailaohui_cvv → 需要 群、发软、件，找  bs91m1
2022-06-05 17:04:05 → 62895324567242 → USDTm → 需要 软、件，找  bs91m1
2022-06-05 17:05:12 → 6285242443022 → jfhfhdgd → 需要 软、件，找  bs91m1
2022-06-05 17:06:20 → 601112672414 → HuobiGlobal_zw → 要（发 ）广告，联系 bs91m1
2022-06-05 17:08:23 → 6282144789066 → usdtdfds → 准备（发 ）广告，找  bs91m1
2022-06-05 17:10:16 → 6281282996563 → zhifuo → 来（发 ）广告，联系 bs91m1
2022-06-05 17:13:11 → 6281282996563 → TG_King90 → 想要（发 ）广告，找 bs91m1
2022-06-05 17:14:24 → 918092132118 → tangrenzaijian → 需要 群、发软、件，找  bs91m1
2022-06-05 17:16:24 → 60178838240 → xjltq → 要（发 ）广告，联系 bs91m1
2022-06-05 17:18:05 → 79045541142 → uthx0 → 需要 软、件，找  bs91m1
2022-06-05 17:22:43 → 79045541142 → bailaohui_cvv → 要（发 ）广告，联系 bs91m1
2022-06-05 17:24:14 → 6285242443022 → smsjiema666 → 想要（发 ）广告，找 bs91m1
2022-06-05 17:30:21 → 79045541142 → weikang2020 → 要（发 ）广告，联系 bs91m1
2022-06-05 17:33:34 → 60178838240 → xjltq → 要（发 ）广告，联系 bs91m1
2022-06-05 17:35:31 → 601112672704 → baocai217 → 专业（发 ）广告，联系我 bs91m1
2022-06-05 17:36:18 → 6285242443022 → juliang666 → 想找人（ 发 ）广告，找   bs91m1
2022-06-05 17:36:52 → 6285242442963 → tianziusdt → 需要 群、发，找  bs91m1
2022-06-05 17:37:17 → 6282144789066 → tongdao25 → 来（发 ）广告，联系 bs91m1
2022-06-05 17:40:41 → 601112672704 → USDThuzhu3 → 需要 软、件，找  bs91m1
2022-06-05 17:44:07 → 919482799261 → menglongchuhai → 需要 群、发软、件，找  bs91m1
2022-06-05 17:45:01 → 6285242443022 → jfhfhdgd → 想要（发 ）广告，找 bs91m1
2022-06-05 17:47:20 → 919482799261 → Vgokeji3333 → 专业（发 ）广告，联系我 bs91m1
2022-06-05 17:48:56 → 918092132118 → zhifuo → 想找人（ 发 ）广告，找   bs91m1
2022-06-05 17:54:32 → 79045541142 → TGlianmeng002 → 准备（发 ）广告，找  bs91m1
2022-06-05 17:56:05 → 601112672704 → huione888 → 需要 群、发软、件，找  bs91m1
2022-06-05 17:59:11 → 6281283602694 → az123818 → 需要 群、发，找  bs91m1
2022-06-05 17:59:57 → 6285242442963 → juliang666 → 准备（发 ）广告，找  bs91m1
2022-06-05 18:01:04 → 6281282996563 → laowangdan → 想要（发 ）广告，找 bs91m1
2022-06-05 18:05:31 → 919482799261 → a_h5_tg → 想找人（ 发 ）广告，找   bs91m1
2022-06-05 18:07:29 → 918092132118 → bcweb → 想找人（ 发 ）广告，找   bs91m1
2022-06-05 18:07:54 → 60142963511 → tradinginvestmen04 → 需要 群、发，找  bs91m1
2022-06-05 18:10:26 → 6285242442963 → daishou15 → 想找人（ 发 ）广告，找   bs91m1
2022-06-05 18:14:46 → 6282144789066 → usdtdfds → 要（发 ）广告，联系 bs91m1
2022-06-05 18:17:01 → 6281282996563 → TG_King90 → 需要 群、发，找  bs91m1
2022-06-05 18:18:52 → 62895324567242 → bailaohui_cvv → 准备（发 ）广告，找  bs91m1
2022-06-05 18:21:03 → 6285242442963 → xinbi_088 → 需要 群、发，找  bs91m1
2022-06-05 18:22:21 → 919482799261 → chuhai007028 → 需要 软、件，找  bs91m1
2022-06-05 18:25:29 → 6285242443022 → chaxun2020 → 需要 群、发，找  bs91m1
2022-06-05 18:26:01 → 601112672414 → bianqune → 想要（发 ）广告，找 bs91m1
2022-06-05 18:26:27 → 6282144789066 → tongdao25 → 来（发 ）广告，联系 bs91m1
2022-06-05 18:27:35 → 6281282996563 → zhifuo → 想要（发 ）广告，找 bs91m1
2022-06-05 18:28:43 → 6285242443022 → daifu76 → 想要（发 ）广告，找 bs91m1
2022-06-05 18:30:16 → 6285242442963 → wz513064 → 来（发 ）广告，联系 bs91m1
2022-06-05 18:31:03 → 62895324567242 → Usdtbmw → 准备（发 ）广告，找  bs91m1
2022-06-05 18:32:19 → 60178838240 → yxbjx → 想找人（ 发 ）广告，找   bs91m1
2022-06-05 18:33:36 → 6285242443022 → XxUP1121 → 想要（发 ）广告，找 bs91m1
2022-06-05 18:39:07 → 6281282996563 → TG_King90 → 想找人（ 发 ）广告，找   bs91m1
2022-06-05 18:40:03 → 919482799261 → deguobank → 需要 群、发，找  bs91m1
2022-06-05 18:40:53 → 62895324567242 → znpos8 → 需要 群、发软、件，找  bs91m1
2022-06-05 18:43:05 → 918092132118 → dibaifa → 专业（发 ）广告，联系我 bs91m1
2022-06-05 18:45:32 → 919482799261 → qianhuidajian8888 → 要（发 ）广告，联系 bs91m1
2022-06-05 18:46:20 → 79045541142 → SHITOUTM168 → 专业（发 ）广告，联系我 bs91m1
2022-06-05 18:47:54 → 6281282996563 → laowangdan → 要（发 ）广告，联系 bs91m1
2022-06-05 18:53:06 → 62895324567242 → USDTm → 准备（发 ）广告，找  bs91m1
2022-06-05 18:53:35 → 918092132118 → xingxingpiaohao1 → 想找人（ 发 ）广告，找   bs91m1
2022-06-05 18:56:16 → 919482799261 → daifawhatspp → 想要（发 ）广告，找 bs91m1
2022-06-05 18:58:19 → 6282144789066 → bailaohui_cvv → 需要 软、件，找  bs91m1
2022-06-05 18:59:14 → 918092132118 → N1chuhai0I → 来（发 ）广告，联系 bs91m1
2022-06-05 19:03:29 → 919482799261 → jiema868 → 需要 软、件，找  bs91m1
2022-06-05 19:06:24 → 6285242442963 → xjltq → 需要 群、发软、件，找  bs91m1
2022-06-05 19:08:18 → 60178838240 → TG1949521 → 需要 群、发，找  bs91m1
2022-06-05 19:12:43 → 6285242443022 → chaxun2020 → 来（发 ）广告，联系 bs91m1
2022-06-05 19:13:09 → 6282144789066 → usdtdfds → 要（发 ）广告，联系 bs91m1
2022-06-05 19:14:34 → 79045541142 → mghxfls → 需要 群、发，找  bs91m1
2022-06-05 19:20:08 → 918092132118 → XxUP1121 → 想找人（ 发 ）广告，找   bs91m1
2022-06-05 19:21:46 → 6285242443022 → smsjiema666 → 想要（发 ）广告，找 bs91m1
2022-06-05 19:23:23 → 601112672704 → huione888 → 准备（发 ）广告，找  bs91m1
2022-06-05 19:25:19 → 60178838240 → xjltq → 想要（发 ）广告，找 bs91m1
2022-06-05 19:26:08 → 6281282996563 → laowangdan → 准备（发 ）广告，找  bs91m1
2022-06-05 19:27:48 → 919482799261 → yinduliuliang66 → 要（发 ）广告，联系 bs91m1
2022-06-05 19:29:47 → 60178838240 → TG1949521 → 需要 群、发软、件，找  bs91m1
2022-06-05 19:30:16 → 918092132118 → fbwsline2021 → 需要 群、发，找  bs91m1
2022-06-05 19:30:43 → 6285242442963 → wz513064 → 来（发 ）广告，联系 bs91m1
2022-06-05 19:34:36 → 79045541142 → USDT43 → 想找人（ 发 ）广告，找   bs91m1
2022-06-05 19:35:27 → 62895324567242 → Usdtbmw → 要（发 ）广告，联系 bs91m1
2022-06-05 19:36:20 → 919482799261 → xinmengshehaiwaizhi → 准备（发 ）广告，找  bs91m1
2022-06-05 19:36:47 → 6285242442963 → xjltq → 需要 群、发，找  bs91m1
2022-06-05 19:43:20 → 6281282996563 → TG_King90 → 需要 群、发，找  bs91m1
2022-06-05 19:44:32 → 6285242442963 → tianziusdt → 需要 群、发软、件，找  bs91m1
2022-06-05 19:45:17 → 919482799261 → haoma69 → 需要 群、发，找  bs91m1
2022-06-05 19:46:28 → 918092132118 → zhonwen6 → 要（发 ）广告，联系 bs91m1
2022-06-05 19:47:56 → 6285242443022 → daifu76 → 想找人（ 发 ）广告，找   bs91m1
2022-06-05 19:50:02 → 6285242443022 → jfhfhdgd → 需要 软、件，找  bs91m1
2022-06-05 19:53:20 → 919482799261 → BadoBumblechu → 要（发 ）广告，联系 bs91m1
2022-06-05 19:55:31 → 6285242442963 → juliang666 → 需要 群、发，找  bs91m1
2022-06-05 19:55:57 → 79045541142 → xbdb01 → 想找人（ 发 ）广告，找   bs91m1
2022-06-05 19:58:16 → 6281282996563 → zhifuo → 想要（发 ）广告，找 bs91m1
2022-06-05 19:58:41 → 601112672704 → USDThuzhu3 → 准备（发 ）广告，找  bs91m1
2022-06-05 20:00:31 → 6282144789066 → bailaohui_cvv → 需要 群、发，找  bs91m1
2022-06-05 20:01:21 → 919482799261 → cvv822 → 需要 软、件，找  bs91m1
2022-06-05 20:03:02 → 6282144789066 → tongdao25 → 需要 群、发软、件，找  bs91m1
2022-06-05 20:03:48 → 6285242443022 → juliang666 → 需要 群、发软、件，找  bs91m1
2022-06-05 20:05:01 → 919482799261 → chuhaiHT → 想要（发 ）广告，找 bs91m1
2022-06-05 20:06:37 → 918092132118 → daishoujiaoyi → 需要 软、件，找  bs91m1
2022-06-05 20:07:24 → 601112672704 → baocai217 → 需要 软、件，找  bs91m1
2022-06-05 20:08:33 → 6285242442963 → xinbi_088 → 专业（发 ）广告，联系我 bs91m1
2022-06-05 20:11:46 → 918092132118 → SextoearnCN → 需要 软、件，找  bs91m1
2022-06-05 20:14:55 → 79045541142 → bs91m990 → 需要 群、发，找  bs91m1
2022-06-05 20:15:21 → 6281282996563 → laowangdan → 要（发 ）广告，联系 bs91m1
2022-06-05 20:18:35 → 919482799261 → heimachuhai → 专业（发 ）广告，联系我 bs91m1
2022-06-05 20:19:01 → 62895324567242 → bailaohui_cvv → 要（发 ）广告，联系 bs91m1
2022-06-05 20:20:55 → 6282144789066 → bailaohui_cvv → 准备（发 ）广告，找  bs91m1
2022-06-05 20:22:03 → 6281282996563 → TG_King90 → 需要 软、件，找  bs91m1
2022-06-05 20:27:25 → 79045541142 → BTCusdtNFT → 需要 群、发，找  bs91m1
2022-06-05 20:27:54 → 918092132118 → qipaipan54 → 专业（发 ）广告，联系我 bs91m1
2022-06-05 20:28:43 → 6285242443022 → daifu76 → 需要 群、发软、件，找  bs91m1
2022-06-05 20:40:13 → 919482799261 → aliqudao → 想找人（ 发 ）广告，找   bs91m1
2022-06-05 20:41:01 → 6285242442963 → daishou15 → 准备（发 ）广告，找  bs91m1
2022-06-05 20:42:56 → 6285242443022 → smsjiema666 → 需要 群、发，找  bs91m1
2022-06-05 20:43:26 → 918092132118 → TG1949521 → 想要（发 ）广告，找 bs91m1
2022-06-05 20:45:26 → 918092132118 → WKLhuaren → 需要 群、发，找  bs91m1
2022-06-05 20:48:56 → 919482799261 → BCdaikou → 要（发 ）广告，联系 bs91m1
2022-06-05 20:51:37 → 6282144789066 → usdtdfds → 需要 群、发，找  bs91m1
2022-06-05 20:54:36 → 919482799261 → shanrfgb14 → 想找人（ 发 ）广告，找   bs91m1
2022-06-05 20:55:23 → 601112672704 → baocai217 → 需要 群、发软、件，找  bs91m1
2022-06-05 21:00:09 → 6282144789066 → tongdao25 → 想找人（ 发 ）广告，找   bs91m1
2022-06-05 21:02:26 → 919482799261 → khjc1133 → 想要（发 ）广告，找 bs91m1
2022-06-05 21:04:07 → 6285242443022 → chaxun2020 → 专业（发 ）广告，联系我 bs91m1
2022-06-05 21:08:30 → 6281282996563 → zhifuo → 想要（发 ）广告，找 bs91m1
2022-06-05 21:22:00 → 6285242443022 → jfhfhdgd → 需要 软、件，找  bs91m1
2022-06-05 21:24:10 → 6285242442963 → xjltq → 专业（发 ）广告，联系我 bs91m1
2022-06-05 21:24:35 → 6281282996563 → laowangdan → 来（发 ）广告，联系 bs91m1
2022-06-05 21:28:17 → 6285242443022 → juliang666 → 想找人（ 发 ）广告，找   bs91m1
2022-06-05 21:30:33 → 62895324567242 → bailaohui_cvv → 想找人（ 发 ）广告，找   bs91m1
2022-06-05 21:31:05 → 918092132118 → yinhangkausdt → 准备（发 ）广告，找  bs91m1
2022-06-05 21:31:56 → 6281282996563 → TG_King90 → 想找人（ 发 ）广告，找   bs91m1
2022-06-05 21:34:20 → 918092132118 → dbjlq1 → 想要（发 ）广告，找 bs91m1
2022-06-05 21:35:27 → 919482799261 → Facebook2666 → 需要 群、发，找  bs91m1
2022-06-05 21:35:54 → 6285242442963 → daishou15 → 来（发 ）广告，联系 bs91m1
2022-06-05 21:37:42 → 6282144789066 → usdtdfds → 来（发 ）广告，联系 bs91m1
2022-06-05 21:44:05 → 601112672704 → USDThuzhu3 → 准备（发 ）广告，找  bs91m1
2022-06-05 21:45:34 → 6282144789066 → bailaohui_cvv → 想找人（ 发 ）广告，找   bs91m1
2022-06-05 21:45:59 → 60178838240 → xjltq → 专业（发 ）广告，联系我 bs91m1
2022-06-05 21:47:23 → 919482799261 → fb6789 → 来（发 ）广告，联系 bs91m1
2022-06-05 21:48:41 → 601112672704 → huione888 → 想要（发 ）广告，找 bs91m1
2022-06-05 21:49:06 → 60178838240 → TG1949521 → 需要 群、发软、件，找  bs91m1
2022-06-05 21:51:44 → 919482799261 → yinliuzjjia → 需要 群、发软、件，找  bs91m1
2022-06-05 21:52:59 → 6285242442963 → tianziusdt → 想找人（ 发 ）广告，找   bs91m1
2022-06-05 21:55:00 → 6281282996563 → TG_King90 → 想找人（ 发 ）广告，找   bs91m1
2022-06-05 21:57:24 → 6281282996563 → laowangdan → 想要（发 ）广告，找 bs91m1
2022-06-05 22:00:09 → 918092132118 → BNBAA22 → 来（发 ）广告，联系 bs91m1
2022-06-05 22:00:35 → 6282144789066 → tongdao25 → 需要 群、发软、件，找  bs91m1
2022-06-05 22:01:52 → 6285242442963 → wz513064 → 来（发 ）广告，联系 bs91m1
2022-06-05 22:05:41 → 6285242442963 → juliang666 → 准备（发 ）广告，找  bs91m1
2022-06-05 22:06:28 → 6285242443022 → smsjiema666 → 专业（发 ）广告，联系我 bs91m1
2022-06-05 22:17:34 → 6285242443022 → chaxun2020 → 需要 软、件，找  bs91m1
2022-06-05 22:18:43 → 6285242442963 → xieyihao12 → 需要 群、发软、件，找  bs91m1
2022-06-05 22:19:10 → 62895324567242 → Usdtbmw → 需要 群、发，找  bs91m1
2022-06-05 22:21:03 → 6281283602694 → BtokCN_0014 → 想要（发 ）广告，找 bs91m1
2022-06-05 22:24:37 → 62895324567242 → USDTm → 来（发 ）广告，联系 bs91m1
2022-06-05 22:25:04 → 601112672704 → baocai217 → 要（发 ）广告，联系 bs91m1
2022-06-05 22:26:42 → 918092132118 → hfjiema → 准备（发 ）广告，找  bs91m1
2022-06-05 22:27:10 → 6282144789066 → bailaohui_cvv → 需要 群、发软、件，找  bs91m1
2022-06-05 22:28:54 → 6281282996563 → zhifuo → 要（发 ）广告，联系 bs91m1
2022-06-05 22:33:31 → 6285242442963 → xinbi_088 → 需要 群、发软、件，找  bs91m1
2022-06-05 22:38:34 → 6281282996563 → laowangdan → 想找人（ 发 ）广告，找   bs91m1
2022-06-05 22:39:41 → 6282144789066 → tongdao25 → 需要 群、发软、件，找  bs91m1
2022-06-05 22:48:47 → 6282144789066 → usdtdfds → 来（发 ）广告，联系 bs91m1
2022-06-05 22:49:32 → 6285242443022 → jfhfhdgd → 想找人（ 发 ）广告，找   bs91m1
2022-06-05 22:50:28 → 601112672704 → USDThuzhu3 → 准备（发 ）广告，找  bs91m1
2022-06-05 22:51:51 → 6285242443022 → juliang666 → 准备（发 ）广告，找  bs91m1
2022-06-05 22:52:45 → 60178838240 → xjltq → 需要 群、发，找  bs91m1
2022-06-05 22:55:47 → 919482799261 → ggggsgjj → 准备（发 ）广告，找  bs91m1
2022-06-05 22:57:08 → 6281282996563 → TG_King90 → 来（发 ）广告，联系 bs91m1
2022-06-05 22:57:57 → 62895324567242 → Usdtbmw → 想找人（ 发 ）广告，找   bs91m1
2022-06-05 22:59:14 → 6285242442963 → xieyihao12 → 需要 软、件，找  bs91m1
2022-06-05 23:00:33 → 60178838240 → TG1949521 → 专业（发 ）广告，联系我 bs91m1
2022-06-05 23:02:22 → 601112672704 → huione888 → 需要 群、发软、件，找  bs91m1
2022-06-05 23:04:32 → 6285242443022 → daifu76 → 专业（发 ）广告，联系我 bs91m1
2022-06-05 23:05:26 → 918092132118 → xingbi0888 → 需要 群、发，找  bs91m1
2022-06-05 23:22:30 → 919482799261 → facebookha → 专业（发 ）广告，联系我 bs91m1
2022-06-05 23:25:16 → 918092132118 → yindutg → 需要 群、发，找  bs91m1
2022-06-05 23:27:39 → 6282144789066 → tongdao25 → 来（发 ）广告，联系 bs91m1
2022-06-05 23:29:24 → 919482799261 → Dubaifangchan888 → 想找人（ 发 ）广告，找   bs91m1
2022-06-05 23:30:15 → 918092132118 → wangzhuanusdt → 要（发 ）广告，联系 bs91m1
2022-06-05 23:34:14 → 62895324567242 → USDTm → 需要 群、发，找  bs91m1
2022-06-05 23:34:40 → 6285242442963 → xjltq → 想找人（ 发 ）广告，找   bs91m1
2022-06-05 23:35:10 → 918092132118 → qianloon → 需要 群、发，找  bs91m1
2022-06-05 23:35:35 → 6281282996563 → laowangdan → 来（发 ）广告，联系 bs91m1
2022-06-05 23:39:32 → 919482799261 → Vgokeji3333 → 准备（发 ）广告，找  bs91m1
2022-06-05 23:41:34 → 6282144789066 → bailaohui_cvv → 准备（发 ）广告，找  bs91m1
2022-06-05 23:43:06 → 919482799261 → jiema670 → 准备（发 ）广告，找  bs91m1
2022-06-05 23:44:20 → 6285242442963 → daishou15 → 需要 群、发软、件，找  bs91m1
2022-06-05 23:44:46 → 62895324567242 → bailaohui_cvv → 专业（发 ）广告，联系我 bs91m1
2022-06-05 23:46:48 → 601112672704 → huione888 → 想要（发 ）广告，找 bs91m1
2022-06-05 23:48:54 → 918092132118 → diyidaifu → 来（发 ）广告，联系 bs91m1
2022-06-05 23:49:21 → 6285242442963 → XxUP1121 → 想找人（ 发 ）广告，找   bs91m1
2022-06-05 23:53:23 → 919482799261 → chuhai666 → 来（发 ）广告，联系 bs91m1
2022-06-05 23:54:08 → 6285242443022 → jfhfhdgd → 需要 软、件，找  bs91m1
2022-06-05 23:55:54 → 918092132118 → USDThuzhu3 → 想找人（ 发 ）广告，找   bs91m1
2022-06-05 23:57:01 → 601112672704 → USDThuzhu3 → 想要（发 ）广告，找 bs91m1
2022-06-05 23:58:33 → 919482799261 → dx119188 → 需要 群、发，找  bs91m1
2022-06-05 23:59:46 → 6281282996563 → zhifuo → 专业（发 ）广告，联系我 bs91m1