
2022-06-07 00:00:24 → 60178838240 → xjltq → 专业（发 ）广告，联系我 bs91m0
2022-06-07 00:00:50 → 6282144789066 → bailaohui_cvv → 想找人（ 发 ）广告，找 bs91m0
2022-06-07 00:03:55 → 6285242442963 → wz513064 → 准备（发 ）广告，找 bs91m0
2022-06-07 00:05:46 → 6281218966272 → huanqian35 → 需要 群、发，找 bs91m0
2022-06-07 00:06:30 → 6281282996563 → TG_King90 → 要（发 ）广告，联系 bs91m0
2022-06-07 00:08:08 → 919482799261 → menglongchuhai → 需要 群、发软、件，找 bs91m0
2022-06-07 00:12:19 → 6285242442963 → xinbi_088 → 要（发 ）广告，联系 bs91m0
2022-06-07 00:14:35 → 919482799261 → heimachuhai → 想要（发 ）广告，找 bs91m0
2022-06-07 00:16:45 → 919482799261 → dx119168 → 需要 软、件，找 bs91m0
2022-06-07 00:23:11 → 6282144789066 → bailaohui_cvv → (session) 协议号，零售、批发 找，bs91m0
2022-06-07 00:25:05 → 919482799261 → Dubaifangchan888 → 需要 群、发软、件，找 bs91m0
2022-06-07 00:26:41 → 6281282996563 → laowangdan → 想要（发 ）广告，找 bs91m0
2022-06-07 00:29:57 → 919482799261 → baxifb → 来（发 ）广告，联系 bs91m0
2022-06-07 00:31:33 → 601112672704 → huione888 → 需要 群、发软、件，找 bs91m0
2022-06-07 00:31:59 → 6281218966272 → dyjiaoliu → 来（发 ）广告，联系 bs91m0
2022-06-07 00:36:51 → 601112672704 → baocai217 → 来（发 ）广告，联系 bs91m0
2022-06-07 00:37:41 → 919482799261 → daifawhatspp → 需要 软、件，找 bs91m0
2022-06-07 00:38:13 → 601112672704 → USDThuzhu3 → 需要 群、发，找 bs91m0
2022-06-07 00:40:51 → 6281282996563 → TG_King90 → 需要 群、发软、件，找 bs91m0
2022-06-07 00:41:16 → 6282144789066 → tongdao25 → 来（发 ）广告，联系 bs91m0
2022-06-07 00:41:42 → 6285242442963 → juliang666 → 要（发 ）广告，联系 bs91m0
2022-06-07 00:43:14 → 919482799261 → yinliuzjjia → 要（发 ）广告，联系 bs91m0
2022-06-07 00:44:51 → 6281218966272 → tsdb01 → 准备（发 ）广告，找 bs91m0
2022-06-07 00:48:30 → 6281282996563 → zhifuo → 需要 软、件，找 bs91m0
2022-06-07 00:48:59 → 919482799261 → a_h5_tg → 想找人（ 发 ）广告，找 bs91m0
2022-06-07 00:49:25 → 6282144789066 → usdtdfds → 来（发 ）广告，联系 bs91m0
2022-06-07 00:54:39 → 919482799261 → ggggsgjj → (session) 协议号，零售、批发 找，bs91m0
2022-06-07 00:56:15 → 60178838240 → xjltq → 要（发 ）广告，联系 bs91m0
2022-06-07 01:01:37 → 60178838240 → TG1949521 → 准备（发 ）广告，找 bs91m0
2022-06-07 01:03:23 → 6285242442963 → daishou15 → 来（发 ）广告，联系 bs91m0
2022-06-07 01:07:46 → 919482799261 → fbasfgsd → 想找人（ 发 ）广告，找 bs91m0
2022-06-07 01:09:17 → 6282144789066 → usdtdfds → 想要（发 ）广告，找 bs91m0
2022-06-07 01:10:45 → 601112672704 → USDThuzhu3 → 需要 群、发，找 bs91m0
2022-06-07 01:13:04 → 6281282996563 → laowangdan → 想找人（ 发 ）广告，找 bs91m0
2022-06-07 01:14:16 → 919482799261 → chuhai666 → 想要（发 ）广告，找 bs91m0
2022-06-07 01:17:11 → 6282144789066 → tongdao25 → 准备（发 ）广告，找 bs91m0
2022-06-07 01:22:03 → 6281282996563 → TG_King90 → 需要 群、发软、件，找 bs91m0
2022-06-07 01:22:53 → 601112672704 → baocai217 → 要（发 ）广告，联系 bs91m0
2022-06-07 01:23:22 → 919482799261 → lineline88 → 准备（发 ）广告，找 bs91m0
2022-06-07 01:28:57 → 6285242442963 → wz513064 → 需要 软、件，找 bs91m0
2022-06-07 01:29:25 → 919482799261 → chufen1688 → (session) 协议号，零售、批发 找，bs91m0
2022-06-07 01:30:21 → 919482799261 → facebookha → 需要 群、发，找 bs91m0
2022-06-07 01:31:30 → 6281218966272 → TGdanbao000 → 专业（发 ）广告，联系我 bs91m0
2022-06-07 01:38:38 → 6281218966272 → huione888 → 需要 群、发软、件，找 bs91m0
2022-06-07 01:41:21 → 6282144789066 → bailaohui_cvv → 想要（发 ）广告，找 bs91m0
2022-06-07 01:42:08 → 6285242442963 → tianziusdt → 想要（发 ）广告，找 bs91m0
2022-06-07 01:50:33 → 6281282996563 → laowangdan → (session) 协议号，零售、批发 找，bs91m0
2022-06-07 01:52:31 → 6281282996563 → TG_King90 → 想找人（ 发 ）广告，找 bs91m0
2022-06-07 01:53:39 → 6285242442963 → XxUP1121 → 来（发 ）广告，联系 bs91m0
2022-06-07 01:59:56 → 601112672704 → huione888 → 想找人（ 发 ）广告，找 bs91m0
2022-06-07 02:03:40 → 6285242442963 → xjltq → 来（发 ）广告，联系 bs91m0
2022-06-07 02:07:45 → 6285242442963 → KMFW56789 → 准备（发 ）广告，找 bs91m0
2022-06-07 02:12:58 → 6282144789066 → usdtdfds → 要（发 ）广告，联系 bs91m0
2022-06-07 02:14:06 → 6281218966272 → wz513064 → 需要 软、件，找 bs91m0
2022-06-07 02:15:15 → 6281282996563 → TG_King90 → 准备（发 ）广告，找 bs91m0
2022-06-07 02:16:06 → 6285242442963 → xinbi_088 → 想要（发 ）广告，找 bs91m0
2022-06-07 02:23:29 → 6281282996563 → laowangdan → 来（发 ）广告，联系 bs91m0
2022-06-07 02:23:56 → 6285242442963 → xinbi_088 → 专业（发 ）广告，联系我 bs91m0
2022-06-07 02:25:25 → 6282144789066 → bailaohui_cvv → 来（发 ）广告，联系 bs91m0
2022-06-07 02:29:34 → 60178838240 → xjltq → (session) 协议号，零售、批发 找，bs91m0
2022-06-07 02:31:25 → 6281282996563 → zhifuo → 需要 软、件，找 bs91m0
2022-06-07 02:32:35 → 601112672704 → huione888 → 来（发 ）广告，联系 bs91m0
2022-06-07 02:37:25 → 6282144789066 → tongdao25 → 准备（发 ）广告，找 bs91m0
2022-06-07 02:38:10 → 601112672704 → baocai217 → 想找人（ 发 ）广告，找 bs91m0
2022-06-07 02:41:20 → 6281218966272 → iBox_official → 来（发 ）广告，联系 bs91m0
2022-06-07 02:44:42 → 601112672704 → USDThuzhu3 → 需要 群、发，找 bs91m0
2022-06-07 02:45:30 → 6285242442963 → xjltq → 需要 群、发软、件，找 bs91m0
2022-06-07 02:48:02 → 60178838240 → TG1949521 → 要（发 ）广告，联系 bs91m0
2022-06-07 02:50:46 → 6285242442963 → daishou15 → (session) 协议号，零售、批发 找，bs91m0
2022-06-07 02:58:50 → 6281282996563 → TG_King90 → 想要（发 ）广告，找 bs91m0
2022-06-07 02:59:16 → 6282144789066 → bailaohui_cvv → 专业（发 ）广告，联系我 bs91m0
2022-06-07 03:04:25 → 6281282996563 → laowangdan → 需要 群、发，找 bs91m0
2022-06-07 03:05:19 → 6282144789066 → tongdao25 → (session) 协议号，零售、批发 找，bs91m0
2022-06-07 03:07:09 → 6285242442963 → juliang666 → 想找人（ 发 ）广告，找 bs91m0
2022-06-07 03:08:17 → 6281218966272 → iBox_official → 来（发 ）广告，联系 bs91m0
2022-06-07 03:12:25 → 6281282996563 → TG_King90 → 想找人（ 发 ）广告，找 bs91m0
2022-06-07 03:12:50 → 6281283602694 → az123818 → 来（发 ）广告，联系 bs91m0
2022-06-07 03:14:48 → 6285242442963 → wz513064 → 需要 软、件，找 bs91m0
2022-06-07 03:24:04 → 6282144789066 → usdtdfds → 准备（发 ）广告，找 bs91m0
2022-06-07 03:26:50 → 6285242442963 → KMFW56789 → 想找人（ 发 ）广告，找 bs91m0
2022-06-07 03:27:16 → 6281218966272 → wz513064 → 要（发 ）广告，联系 bs91m0
2022-06-07 03:28:43 → 6281282996563 → laowangdan → 来（发 ）广告，联系 bs91m0
2022-06-07 03:32:10 → 60178838240 → xjltq → (session) 协议号，零售、批发 找，bs91m0
2022-06-07 03:32:35 → 6281282996563 → zhifuo → 准备（发 ）广告，找 bs91m0
2022-06-07 03:38:51 → 6282144789066 → tongdao25 → 专业（发 ）广告，联系我 bs91m0
2022-06-07 03:39:58 → 601112672704 → huione888 → 来（发 ）广告，联系 bs91m0
2022-06-07 03:42:59 → 6281283602694 → az123818 → 来（发 ）广告，联系 bs91m0
2022-06-07 03:46:48 → 6285242442963 → XxUP1121 → 来（发 ）广告，联系 bs91m0
2022-06-07 03:50:33 → 6282144789066 → bailaohui_cvv → 专业（发 ）广告，联系我 bs91m0
2022-06-07 03:55:00 → 6281282996563 → laowangdan → 需要 群、发软、件，找 bs91m0
2022-06-07 03:58:43 → 6285242442963 → daishou15 → 来（发 ）广告，联系 bs91m0
2022-06-07 04:03:13 → 6281282996563 → TG_King90 → 想找人（ 发 ）广告，找 bs91m0
2022-06-07 04:03:59 → 6282144789066 → usdtdfds → 需要 群、发软、件，找 bs91m0
2022-06-07 04:06:54 → 6281218966272 → huione888 → 要（发 ）广告，联系 bs91m0
2022-06-07 04:09:31 → 601112672704 → USDThuzhu3 → 来（发 ）广告，联系 bs91m0
2022-06-07 04:13:41 → 601112672704 → baocai217 → 准备（发 ）广告，找 bs91m0
2022-06-07 04:18:01 → 6281282996563 → TG_King90 → 需要 群、发软、件，找 bs91m0
2022-06-07 04:23:33 → 6281282996563 → laowangdan → 要（发 ）广告，联系 bs91m0
2022-06-07 04:32:51 → 6282144789066 → usdtdfds → 要（发 ）广告，联系 bs91m0
2022-06-07 04:34:30 → 6285242442963 → xinbi_088 → (session) 协议号，零售、批发 找，bs91m0
2022-06-07 04:40:06 → 6282144789066 → bailaohui_cvv → 要（发 ）广告，联系 bs91m0
2022-06-07 04:41:55 → 6281218966272 → tsdb01 → 需要 群、发，找 bs91m0
2022-06-07 04:42:42 → 6285242442963 → XxUP1121 → 来（发 ）广告，联系 bs91m0
2022-06-07 04:46:35 → 6281282996563 → laowangdan → 来（发 ）广告，联系 bs91m0
2022-06-07 04:47:00 → 6282144789066 → tongdao25 → 需要 软、件，找 bs91m0
2022-06-07 04:49:12 → 6285242442963 → wz513064 → 需要 群、发，找 bs91m0
2022-06-07 04:54:46 → 6281218966272 → usdthuihuan → 要（发 ）广告，联系 bs91m0
2022-06-07 04:57:02 → 601112672704 → baocai217 → 来（发 ）广告，联系 bs91m0
2022-06-07 04:58:10 → 6285242442963 → xjltq → 需要 软、件，找 bs91m0
2022-06-07 04:59:39 → 6281282996563 → TG_King90 → 想要（发 ）广告，找 bs91m0
2022-06-07 05:01:43 → 6285242442963 → tianziusdt → (session) 协议号，零售、批发 找，bs91m0
2022-06-07 05:02:08 → 6281282996563 → zhifuo → 想找人（ 发 ）广告，找 bs91m0
2022-06-07 05:02:56 → 6281218966272 → caoji565 → 想找人（ 发 ）广告，找 bs91m0
2022-06-07 05:06:40 → 60178838240 → xjltq → 需要 群、发软、件，找 bs91m0
2022-06-07 05:09:20 → 6282144789066 → bailaohui_cvv → 准备（发 ）广告，找 bs91m0
2022-06-07 05:11:07 → 601112672704 → huione888 → 需要 群、发，找 bs91m0
2022-06-07 05:14:34 → 6285242442963 → KMFW56789 → 专业（发 ）广告，联系我 bs91m0
2022-06-07 05:16:57 → 6281282996563 → TG_King90 → 要（发 ）广告，联系 bs91m0
2022-06-07 05:19:29 → 601112672704 → USDThuzhu3 → 需要 软、件，找 bs91m0
2022-06-07 05:28:46 → 6285242442963 → tianziusdt → 需要 群、发，找 bs91m0
2022-06-07 05:33:33 → 6281218966272 → dyjiaoliu → 想要（发 ）广告，找 bs91m0
2022-06-07 05:34:43 → 6285242442963 → KMFW56789 → 需要 软、件，找 bs91m0
2022-06-07 05:35:52 → 601112672704 → USDThuzhu3 → 要（发 ）广告，联系 bs91m0
2022-06-07 05:37:51 → 6285242442963 → XxUP1121 → 来（发 ）广告，联系 bs91m0
2022-06-07 05:38:16 → 6282144789066 → usdtdfds → 需要 群、发，找 bs91m0
2022-06-07 05:41:30 → 6281282996563 → laowangdan → (session) 协议号，零售、批发 找，bs91m0
2022-06-07 05:43:08 → 6282144789066 → tongdao25 → 要（发 ）广告，联系 bs91m0
2022-06-07 05:49:20 → 6281282996563 → TG_King90 → 想要（发 ）广告，找 bs91m0
2022-06-07 05:53:31 → 6281282996563 → laowangdan → (session) 协议号，零售、批发 找，bs91m0
2022-06-07 05:55:41 → 60178838240 → xjltq → 来（发 ）广告，联系 bs91m0
2022-06-07 06:02:19 → 6285242442963 → xjltq → 需要 软、件，找 bs91m0
2022-06-07 06:02:44 → 601112672704 → huione888 → 要（发 ）广告，联系 bs91m0
2022-06-07 06:03:32 → 6282144789066 → tongdao25 → 准备（发 ）广告，找 bs91m0
2022-06-07 06:04:50 → 6285242442963 → xinbi_088 → (session) 协议号，零售、批发 找，bs91m0
2022-06-07 06:07:08 → 601112672704 → baocai217 → 要（发 ）广告，联系 bs91m0
2022-06-07 06:17:05 → 6281218966272 → huanqian35 → 要（发 ）广告，联系 bs91m0
2022-06-07 06:17:30 → 6282144789066 → usdtdfds → 想找人（ 发 ）广告，找 bs91m0
2022-06-07 06:22:25 → 6281283602694 → az123818 → 来（发 ）广告，联系 bs91m0
2022-06-07 06:28:08 → 6281282996563 → laowangdan → 想找人（ 发 ）广告，找 bs91m0
2022-06-07 06:29:18 → 6281218966272 → TGdanbao000 → 需要 群、发软、件，找 bs91m0
2022-06-07 06:33:23 → 6285242442963 → juliang666 → (session) 协议号，零售、批发 找，bs91m0
2022-06-07 06:33:49 → 6282144789066 → bailaohui_cvv → 需要 群、发软、件，找 bs91m0
2022-06-07 06:36:09 → 6285242442963 → wz513064 → 要（发 ）广告，联系 bs91m0
2022-06-07 06:38:18 → 6281282996563 → zhifuo → 要（发 ）广告，联系 bs91m0
2022-06-07 06:43:04 → 6281282996563 → TG_King90 → 来（发 ）广告，联系 bs91m0
2022-06-07 06:43:31 → 601112672704 → USDThuzhu3 → (session) 协议号，零售、批发 找，bs91m0
2022-06-07 06:43:57 → 6285242442963 → daishou15 → 需要 群、发，找 bs91m0
2022-06-07 06:47:24 → 6281218966272 → tsdb01 → 专业（发 ）广告，联系我 bs91m0
2022-06-07 06:59:18 → 6285242442963 → xinbi_088 → 需要 群、发软、件，找 bs91m0
2022-06-07 07:01:18 → 6281282996563 → TG_King90 → 需要 群、发，找 bs91m0
2022-06-07 07:03:18 → 601112672704 → baocai217 → 来（发 ）广告，联系 bs91m0
2022-06-07 07:06:35 → 6282144789066 → usdtdfds → 需要 群、发，找 bs91m0
2022-06-07 07:08:16 → 6282144789066 → bailaohui_cvv → 需要 群、发软、件，找 bs91m0
2022-06-07 07:14:14 → 6281282996563 → laowangdan → 需要 软、件，找 bs91m0
2022-06-07 07:15:22 → 6285242442963 → daishou15 → 需要 群、发软、件，找 bs91m0
2022-06-07 07:21:33 → 6282144789066 → tongdao25 → 要（发 ）广告，联系 bs91m0
2022-06-07 07:24:14 → 6281218966272 → dyjiaoliu → 需要 群、发，找 bs91m0
2022-06-07 07:25:46 → 6281282996563 → TG_King90 → 想要（发 ）广告，找 bs91m0
2022-06-07 07:27:30 → 60178838240 → xjltq → (session) 协议号，零售、批发 找，bs91m0
2022-06-07 07:28:20 → 6281282996563 → laowangdan → (session) 协议号，零售、批发 找，bs91m0
2022-06-07 07:32:44 → 6285242442963 → tianziusdt → 来（发 ）广告，联系 bs91m0
2022-06-07 07:33:10 → 6281218966272 → wz513064 → 来（发 ）广告，联系 bs91m0
2022-06-07 07:33:41 → 6285242442963 → juliang666 → 来（发 ）广告，联系 bs91m0
2022-06-07 07:34:07 → 601112672704 → huione888 → 来（发 ）广告，联系 bs91m0
2022-06-07 07:36:58 → 6281218966272 → huanqian35 → 需要 群、发软、件，找 bs91m0
2022-06-07 07:40:13 → 6282144789066 → usdtdfds → 想找人（ 发 ）广告，找 bs91m0
2022-06-07 07:41:44 → 6285242442963 → KMFW56789 → 需要 群、发，找 bs91m0
2022-06-07 07:55:11 → 6282144789066 → bailaohui_cvv → 准备（发 ）广告，找 bs91m0
2022-06-07 07:59:14 → 601112672704 → baocai217 → 想找人（ 发 ）广告，找 bs91m0
2022-06-07 08:00:22 → 6285242442963 → xjltq → 需要 软、件，找 bs91m0
2022-06-07 08:01:31 → 6282144789066 → tongdao25 → 来（发 ）广告，联系 bs91m0
2022-06-07 08:03:38 → 6281282996563 → laowangdan → 来（发 ）广告，联系 bs91m0
2022-06-07 08:08:50 → 6281282996563 → zhifuo → 来（发 ）广告，联系 bs91m0
2022-06-07 08:10:22 → 6281282996563 → TG_King90 → 专业（发 ）广告，联系我 bs91m0
2022-06-07 08:11:08 → 6281218966272 → TGdanbao000 → 需要 软、件，找 bs91m0
2022-06-07 08:12:16 → 6281283602694 → az123818 → 需要 群、发软、件，找 bs91m0
2022-06-07 08:13:00 → 601112672704 → USDThuzhu3 → 来（发 ）广告，联系 bs91m0
2022-06-07 08:13:47 → 60178838240 → xjltq → 需要 软、件，找 bs91m0
2022-06-07 08:14:13 → 6285242442963 → wz513064 → (session) 协议号，零售、批发 找，bs91m0
2022-06-07 08:23:30 → 6285242442963 → daishou15 → 准备（发 ）广告，找 bs91m0
2022-06-07 08:31:26 → 6282144789066 → tongdao25 → (session) 协议号，零售、批发 找，bs91m0
2022-06-07 08:32:11 → 6281282996563 → TG_King90 → 要（发 ）广告，联系 bs91m0
2022-06-07 08:37:03 → 6282144789066 → bailaohui_cvv → (session) 协议号，零售、批发 找，bs91m0
2022-06-07 08:38:13 → 6285242442963 → XxUP1121 → 准备（发 ）广告，找 bs91m0
2022-06-07 08:38:39 → 6281218966272 → iBox_official → 想要（发 ）广告，找 bs91m0
2022-06-07 08:42:05 → 601112672704 → huione888 → 准备（发 ）广告，找 bs91m0
2022-06-07 08:46:19 → 6281282996563 → laowangdan → (session) 协议号，零售、批发 找，bs91m0
2022-06-07 08:47:06 → 6282144789066 → usdtdfds → 要（发 ）广告，联系 bs91m0
2022-06-07 08:50:42 → 6281218966272 → caoji565 → 准备（发 ）广告，找 bs91m0
2022-06-07 08:55:32 → 6285242442963 → xinbi_088 → 需要 软、件，找 bs91m0
2022-06-07 09:01:23 → 601112672704 → huione888 → 来（发 ）广告，联系 bs91m0
2022-06-07 09:05:57 → 6285242442963 → KMFW56789 → 要（发 ）广告，联系 bs91m0
2022-06-07 09:09:47 → 6285242442963 → juliang666 → 需要 软、件，找 bs91m0
2022-06-07 09:13:50 → 6281218966272 → usdthuihuan → 想要（发 ）广告，找 bs91m0
2022-06-07 09:17:07 → 6281282996563 → laowangdan → 需要 软、件，找 bs91m0
2022-06-07 09:18:23 → 6281282996563 → TG_King90 → 专业（发 ）广告，联系我 bs91m0
2022-06-07 09:18:48 → 6282144789066 → tongdao25 → 专业（发 ）广告，联系我 bs91m0
2022-06-07 09:19:33 → 601112672704 → baocai217 → 需要 软、件，找 bs91m0
2022-06-07 09:24:21 → 6282144789066 → bailaohui_cvv → 要（发 ）广告，联系 bs91m0
2022-06-07 09:30:21 → 6281282996563 → laowangdan → 需要 群、发，找 bs91m0
2022-06-07 09:36:18 → 6281218966272 → huione888 → 专业（发 ）广告，联系我 bs91m0
2022-06-07 09:39:24 → 6281282996563 → TG_King90 → 需要 群、发软、件，找 bs91m0
2022-06-07 09:40:11 → 601112672704 → USDThuzhu3 → 需要 软、件，找 bs91m0
2022-06-07 09:40:57 → 6282144789066 → usdtdfds → 专业（发 ）广告，联系我 bs91m0
2022-06-07 09:42:04 → 6285242442963 → xjltq → 想找人（ 发 ）广告，找 bs91m0
2022-06-07 09:51:32 → 6281282996563 → zhifuo → 需要 群、发软、件，找 bs91m0
2022-06-07 09:53:03 → 6285242442963 → KMFW56789 → 准备（发 ）广告，找 bs91m0
2022-06-07 10:01:10 → 60178838240 → xjltq → 专业（发 ）广告，联系我 bs91m0
2022-06-07 10:06:28 → 6285242442963 → daishou15 → 想要（发 ）广告，找 bs91m0
2022-06-07 10:13:47 → 601112672704 → baocai217 → 来（发 ）广告，联系 bs91m0
2022-06-07 10:14:12 → 6282144789066 → tongdao25 → 需要 群、发软、件，找 bs91m0
2022-06-07 10:15:53 → 601112672704 → USDThuzhu3 → 需要 群、发，找 bs91m0
2022-06-07 10:17:44 → 6285242442963 → XxUP1121 → (session) 协议号，零售、批发 找，bs91m0
2022-06-07 10:18:52 → 6281282996563 → TG_King90 → 来（发 ）广告，联系 bs91m0
2022-06-07 10:20:31 → 6282144789066 → bailaohui_cvv → 准备（发 ）广告，找 bs91m0
2022-06-07 10:21:38 → 6281282996563 → laowangdan → 想要（发 ）广告，找 bs91m0
2022-06-07 10:28:12 → 6282144789066 → usdtdfds → 需要 群、发，找 bs91m0
2022-06-07 10:32:17 → 6281218966272 → wz513064 → (session) 协议号，零售、批发 找，bs91m0
2022-06-07 10:37:55 → 6281218966272 → caoji565 → 想要（发 ）广告，找 bs91m0
2022-06-07 10:39:45 → 6281282996563 → TG_King90 → 准备（发 ）广告，找 bs91m0
2022-06-07 10:43:54 → 60178838240 → xjltq → 来（发 ）广告，联系 bs91m0
2022-06-07 10:50:14 → 6281282996563 → laowangdan → 想找人（ 发 ）广告，找 bs91m0
2022-06-07 10:53:35 → 6281282996563 → zhifuo → 专业（发 ）广告，联系我 bs91m0
2022-06-07 10:54:44 → 6285242442963 → xinbi_088 → 来（发 ）广告，联系 bs91m0
2022-06-07 10:58:47 → 601112672704 → huione888 → 需要 软、件，找 bs91m0
2022-06-07 10:59:12 → 6282144789066 → tongdao25 → 来（发 ）广告，联系 bs91m0
2022-06-07 11:01:26 → 6285242442963 → wz513064 → 要（发 ）广告，联系 bs91m0
2022-06-07 11:02:40 → 6285242442963 → xjltq → 要（发 ）广告，联系 bs91m0
2022-06-07 11:03:48 → 6282144789066 → usdtdfds → 想要（发 ）广告，找 bs91m0
2022-06-07 11:05:19 → 6281283602694 → az123818 → 想找人（ 发 ）广告，找 bs91m0
2022-06-07 11:14:12 → 6282144789066 → bailaohui_cvv → (session) 协议号，零售、批发 找，bs91m0
2022-06-07 11:14:39 → 601112672704 → USDThuzhu3 → 想要（发 ）广告，找 bs91m0
2022-06-07 11:21:14 → 6281218966272 → iBox_official → 想要（发 ）广告，找 bs91m0
2022-06-07 11:22:42 → 6281282996563 → laowangdan → 需要 群、发，找 bs91m0
2022-06-07 11:24:18 → 6285242442963 → juliang666 → 准备（发 ）广告，找 bs91m0
2022-06-07 11:26:35 → 6281282996563 → TG_King90 → 来（发 ）广告，联系 bs91m0
2022-06-07 11:34:45 → 6281282996563 → laowangdan → (session) 协议号，零售、批发 找，bs91m0
2022-06-07 11:40:12 → 6281282996563 → TG_King90 → 需要 群、发软、件，找 bs91m0
2022-06-07 11:43:04 → 6285242442963 → XxUP1121 → 想找人（ 发 ）广告，找 bs91m0
2022-06-07 11:46:43 → 6282144789066 → usdtdfds → 专业（发 ）广告，联系我 bs91m0
2022-06-07 11:49:05 → 6282144789066 → bailaohui_cvv → 需要 群、发软、件，找 bs91m0
2022-06-07 11:49:31 → 6285242442963 → tianziusdt → 准备（发 ）广告，找 bs91m0
2022-06-07 11:50:39 → 60178838240 → xjltq → 专业（发 ）广告，联系我 bs91m0
2022-06-07 11:54:25 → 6285242442963 → xinbi_088 → 需要 软、件，找 bs91m0
2022-06-07 11:56:56 → 6282144789066 → tongdao25 → 需要 群、发，找 bs91m0
2022-06-07 11:59:39 → 6285242442963 → KMFW56789 → 想要（发 ）广告，找 bs91m0
2022-06-07 12:01:49 → 601112672704 → baocai217 → 专业（发 ）广告，联系我 bs91m0
2022-06-07 12:05:11 → 601112672704 → huione888 → 想要（发 ）广告，找 bs91m0
2022-06-07 12:05:58 → 6281218966272 → huanqian35 → 来（发 ）广告，联系 bs91m0
2022-06-07 12:11:53 → 6281282996563 → TG_King90 → (session) 协议号，零售、批发 找，bs91m0
2022-06-07 12:23:02 → 601112672704 → USDThuzhu3 → 专业（发 ）广告，联系我 bs91m0
2022-06-07 12:23:27 → 6281282996563 → laowangdan → 需要 软、件，找 bs91m0
2022-06-07 12:23:52 → 6285242442963 → xjltq → 准备（发 ）广告，找 bs91m0
2022-06-07 12:25:49 → 6281283602694 → az123818 → 专业（发 ）广告，联系我 bs91m0
2022-06-07 12:26:59 → 6285242442963 → wz513064 → 需要 群、发软、件，找 bs91m0
2022-06-07 12:28:28 → 601112672704 → huione888 → 来（发 ）广告，联系 bs91m0
2022-06-07 12:28:53 → 6282144789066 → usdtdfds → 需要 群、发软、件，找 bs91m0
2022-06-07 12:30:00 → 6281282996563 → zhifuo → 需要 群、发软、件，找 bs91m0
2022-06-07 12:30:47 → 6281218966272 → huione888 → (session) 协议号，零售、批发 找，bs91m0
2022-06-07 12:31:19 → 6282144789066 → bailaohui_cvv → 专业（发 ）广告，联系我 bs91m0
2022-06-07 12:32:06 → 6285242442963 → daishou15 → 需要 群、发软、件，找 bs91m0
2022-06-07 12:43:00 → 6281282996563 → TG_King90 → 需要 软、件，找 bs91m0
2022-06-07 12:43:45 → 60178838240 → tgcnx → 来（发 ）广告，联系 bs91m0
2022-06-07 12:44:10 → 6282144789066 → tongdao25 → 专业（发 ）广告，联系我 bs91m0
2022-06-07 12:44:35 → 6281218966272 → dyjiaoliu → 需要 软、件，找 bs91m0
2022-06-07 12:47:37 → 6285242442963 → xjltq → 要（发 ）广告，联系 bs91m0
2022-06-07 12:48:44 → 6281218966272 → tsdb01 → 需要 群、发，找 bs91m0
2022-06-07 12:49:31 → 6281282996563 → laowangdan → 想找人（ 发 ）广告，找 bs91m0
2022-06-07 12:53:08 → 6281218966272 → TGdanbao000 → 来（发 ）广告，联系 bs91m0
2022-06-07 12:53:34 → 601112672704 → baocai217 → 专业（发 ）广告，联系我 bs91m0
2022-06-07 12:55:26 → 6285242442963 → daishou15 → 来（发 ）广告，联系 bs91m0
2022-06-07 13:03:58 → 6282144789066 → usdtdfds → 要（发 ）广告，联系 bs91m0
2022-06-07 13:08:24 → 6281282996563 → laowangdan → 专业（发 ）广告，联系我 bs91m0
2022-06-07 13:09:52 → 6285242442963 → xinbi_088 → 需要 群、发软、件，找 bs91m0
2022-06-07 13:12:57 → 6281282996563 → TG_King90 → 需要 软、件，找 bs91m0
2022-06-07 13:15:51 → 6285242442963 → XxUP1121 → 来（发 ）广告，联系 bs91m0
2022-06-07 13:17:19 → 6282144789066 → tongdao25 → 来（发 ）广告，联系 bs91m0
2022-06-07 13:18:12 → 601112672704 → tgzhcn → 想找人（ 发 ）广告，找 bs91m0
2022-06-07 13:29:07 → 6281218966272 → usdthuihuan → 需要 软、件，找 bs91m0
2022-06-07 13:30:38 → 6281282996563 → zhifuo → 想找人（ 发 ）广告，找 bs91m0
2022-06-07 13:35:26 → 6285242442963 → wz513064 → 需要 软、件，找 bs91m0
2022-06-07 13:36:34 → 6282144789066 → bailaohui_cvv → 来（发 ）广告，联系 bs91m0
2022-06-07 13:37:42 → 601112672704 → huione888 → (session) 协议号，零售、批发 找，bs91m0
2022-06-07 13:42:09 → 6281282996563 → laowangdan → 来（发 ）广告，联系 bs91m0
2022-06-07 13:42:34 → 60178838240 → xjltq → 准备（发 ）广告，找 bs91m0
2022-06-07 13:46:36 → 601112672704 → baocai217 → 准备（发 ）广告，找 bs91m0
2022-06-07 13:52:47 → 6285242442963 → KMFW56789 → 来（发 ）广告，联系 bs91m0
2022-06-07 13:55:33 → 6281282996563 → TG_King90 → 专业（发 ）广告，联系我 bs91m0
2022-06-07 14:00:24 → 6282144789066 → usdtdfds → 要（发 ）广告，联系 bs91m0
2022-06-07 14:04:58 → 6282144789066 → tongdao25 → 准备（发 ）广告，找 bs91m0
2022-06-07 14:07:49 → 6285242442963 → juliang666 → 想找人（ 发 ）广告，找 bs91m0
2022-06-07 14:11:11 → 6281282996563 → laowangdan → 想要（发 ）广告，找 bs91m0
2022-06-07 14:11:57 → 601112672704 → USDThuzhu3 → (session) 协议号，零售、批发 找，bs91m0
2022-06-07 14:12:45 → 6281218966272 → dyjiaoliu → 想找人（ 发 ）广告，找 bs91m0
2022-06-07 14:21:28 → 6285242442963 → KMFW56789 → 专业（发 ）广告，联系我 bs91m0
2022-06-07 14:22:40 → 6282144789066 → bailaohui_cvv → 准备（发 ）广告，找 bs91m0
2022-06-07 14:28:27 → 6281282996563 → TG_King90 → 需要 群、发，找 bs91m0
2022-06-07 14:36:16 → 6282144789066 → tongdao25 → 专业（发 ）广告，联系我 bs91m0
2022-06-07 14:46:41 → 6285242442963 → xinbi_088 → 需要 群、发软、件，找 bs91m0
2022-06-07 14:48:52 → 601112672704 → huione888 → 来（发 ）广告，联系 bs91m0
2022-06-07 14:50:21 → 6281282996563 → zhifuo → 想找人（ 发 ）广告，找 bs91m0
2022-06-07 14:51:08 → 6281283602694 → az123818 → 专业（发 ）广告，联系我 bs91m0
2022-06-07 14:53:03 → 6281282996563 → laowangdan → (session) 协议号，零售、批发 找，bs91m0
2022-06-07 14:54:57 → 6285242442963 → wz513064 → 想要（发 ）广告，找 bs91m0
2022-06-07 14:55:23 → 6282144789066 → usdtdfds → 想要（发 ）广告，找 bs91m0
2022-06-07 14:57:19 → 6281282996563 → TG_King90 → (session) 协议号，零售、批发 找，bs91m0
2022-06-07 15:08:36 → 6285242442963 → daishou15 → 要（发 ）广告，联系 bs91m0
2022-06-07 15:09:01 → 6282144789066 → bailaohui_cvv → 需要 群、发，找 bs91m0
2022-06-07 15:09:27 → 60178838240 → xjltq → 来（发 ）广告，联系 bs91m0
2022-06-07 15:14:49 → 6285242442963 → xjltq → 准备（发 ）广告，找 bs91m0
2022-06-07 15:19:55 → 6285242442963 → XxUP1121 → (session) 协议号，零售、批发 找，bs91m0
2022-06-07 15:30:22 → 6282144789066 → tongdao25 → 准备（发 ）广告，找 bs91m0
2022-06-07 15:30:47 → 6281282996563 → laowangdan → 准备（发 ）广告，找 bs91m0
2022-06-07 15:33:03 → 6282144789066 → bailaohui_cvv → 要（发 ）广告，联系 bs91m0
2022-06-07 15:36:02 → 601112672704 → baocai217 → (session) 协议号，零售、批发 找，bs91m0
2022-06-07 15:39:06 → 601112672704 → USDThuzhu3 → 需要 群、发软、件，找 bs91m0
2022-06-07 15:39:53 → 6281218966272 → caoji565 → 想找人（ 发 ）广告，找 bs91m0
2022-06-07 15:40:39 → 6281282996563 → TG_King90 → 来（发 ）广告，联系 bs91m0
2022-06-07 15:50:07 → 6285242442963 → KMFW56789 → 专业（发 ）广告，联系我 bs91m0
2022-06-07 15:54:35 → 6281282996563 → zhifuo → 准备（发 ）广告，找 bs91m0
2022-06-07 15:57:10 → 601112672704 → baocai217 → 来（发 ）广告，联系 bs91m0
2022-06-07 15:58:47 → 6281218966272 → tsdb01 → 想要（发 ）广告，找 bs91m0
2022-06-07 16:00:38 → 6282144789066 → usdtdfds → 来（发 ）广告，联系 bs91m0
2022-06-07 16:02:28 → 6281282996563 → TG_King90 → 要（发 ）广告，联系 bs91m0
2022-06-07 16:06:59 → 6285242442963 → tianziusdt → 来（发 ）广告，联系 bs91m0
2022-06-07 16:11:42 → 6281282996563 → laowangdan → 要（发 ）广告，联系 bs91m0
2022-06-07 16:15:30 → 6282144789066 → usdtdfds → 需要 群、发，找 bs91m0
2022-06-07 16:21:16 → 60178838240 → xjltq → 来（发 ）广告，联系 bs91m0
2022-06-07 16:23:53 → 6282144789066 → bailaohui_cvv → 需要 群、发，找 bs91m0
2022-06-07 16:27:20 → 6281282996563 → laowangdan → 想要（发 ）广告，找 bs91m0
2022-06-07 16:27:45 → 601112672704 → USDThuzhu3 → 需要 群、发，找 bs91m0
2022-06-07 16:32:51 → 6285242442963 → xjltq → (session) 协议号，零售、批发 找，bs91m0
2022-06-07 16:33:17 → 6281282996563 → TG_King90 → 准备（发 ）广告，找 bs91m0
2022-06-07 16:35:20 → 6281218966272 → iBox_official → 来（发 ）广告，联系 bs91m0
2022-06-07 16:36:07 → 6285242442963 → daishou15 → 来（发 ）广告，联系 bs91m0
2022-06-07 16:37:58 → 601112672704 → huione888 → 专业（发 ）广告，联系我 bs91m0
2022-06-07 16:41:13 → 6282144789066 → tongdao25 → 准备（发 ）广告，找 bs91m0
2022-06-07 16:44:53 → 6285242442963 → wz513064 → 需要 群、发软、件，找 bs91m0
2022-06-07 16:49:22 → 6285242442963 → xinbi_088 → 想找人（ 发 ）广告，找 bs91m0
2022-06-07 16:50:09 → 6281218966272 → usdthuihuan → 准备（发 ）广告，找 bs91m0
2022-06-07 16:55:36 → 6285242442963 → XxUP1121 → 来（发 ）广告，联系 bs91m0
2022-06-07 17:00:29 → 6285242442963 → juliang666 → 来（发 ）广告，联系 bs91m0
2022-06-07 17:03:53 → 6281218966272 → TGdanbao000 → 来（发 ）广告，联系 bs91m0
2022-06-07 17:04:19 → 6281283602694 → az123818 → 来（发 ）广告，联系 bs91m0
2022-06-07 17:04:44 → 6282144789066 → usdtdfds → 来（发 ）广告，联系 bs91m0
2022-06-07 17:10:12 → 6281282996563 → laowangdan → 准备（发 ）广告，找 bs91m0
2022-06-07 17:12:49 → 601112672704 → huione888 → 需要 软、件，找 bs91m0
2022-06-07 17:13:14 → 6281282996563 → TG_King90 → 来（发 ）广告，联系 bs91m0
2022-06-07 17:15:26 → 6282144789066 → tongdao25 → 准备（发 ）广告，找 bs91m0
2022-06-07 17:17:46 → 6281218966272 → huione888 → 来（发 ）广告，联系 bs91m0
2022-06-07 17:18:35 → 6285242442963 → xjltq → 需要 群、发软、件，找 bs91m0
2022-06-07 17:21:09 → 60178838240 → xjltq → 需要 群、发，找 bs91m0
2022-06-07 17:26:15 → 6285242442963 → KMFW56789 → 需要 群、发，找 bs91m0
2022-06-07 17:28:35 → 6281282996563 → TG_King90 → 专业（发 ）广告，联系我 bs91m0
2022-06-07 17:31:52 → 6282144789066 → bailaohui_cvv → 需要 群、发，找 bs91m0
2022-06-07 17:35:19 → 6281282996563 → laowangdan → 来（发 ）广告，联系 bs91m0
2022-06-07 17:40:12 → 6281282996563 → zhifuo → 需要 群、发软、件，找 bs91m0
2022-06-07 17:40:58 → 6281218966272 → huanqian35 → 专业（发 ）广告，联系我 bs91m0
2022-06-07 17:46:54 → 601112672704 → baocai217 → 来（发 ）广告，联系 bs91m0
2022-06-07 17:51:50 → 6281218966272 → wz513064 → 需要 群、发，找 bs91m0
2022-06-07 17:54:45 → 6281282996563 → TG_King90 → 来（发 ）广告，联系 bs91m0
2022-06-07 17:56:37 → 601112672704 → USDThuzhu3 → 专业（发 ）广告，联系我 bs91m0
2022-06-07 17:58:04 → 6282144789066 → usdtdfds → 想要（发 ）广告，找 bs91m0
2022-06-07 17:58:29 → 6285242442963 → daishou15 → 专业（发 ）广告，联系我 bs91m0
2022-06-07 18:06:11 → 6282144789066 → tongdao25 → 专业（发 ）广告，联系我 bs91m0
2022-06-07 18:08:32 → 601112672704 → USDThuzhu3 → (session) 协议号，零售、批发 找，bs91m0
2022-06-07 18:13:44 → 60178838240 → xjltq → 要（发 ）广告，联系 bs91m0
2022-06-07 18:14:38 → 601112672704 → baocai217 → 需要 群、发软、件，找 bs91m0
2022-06-07 18:18:37 → 6281282996563 → laowangdan → (session) 协议号，零售、批发 找，bs91m0
2022-06-07 18:22:47 → 6285242442963 → XxUP1121 → 要（发 ）广告，联系 bs91m0
2022-06-07 18:23:33 → 6282144789066 → bailaohui_cvv → 来（发 ）广告，联系 bs91m0
2022-06-07 18:28:03 → 6285242442963 → xinbi_088 → 来（发 ）广告，联系 bs91m0
2022-06-07 18:37:01 → 6281282996563 → laowangdan → 来（发 ）广告，联系 bs91m0
2022-06-07 18:40:44 → 6282144789066 → bailaohui_cvv → 需要 群、发，找 bs91m0
2022-06-07 18:42:35 → 6281282996563 → TG_King90 → 需要 软、件，找 bs91m0
2022-06-07 18:46:16 → 601112672704 → huione888 → 需要 群、发，找 bs91m0
2022-06-07 18:48:09 → 6285242442963 → KMFW56789 → 专业（发 ）广告，联系我 bs91m0
2022-06-07 18:52:56 → 6285242442963 → xjltq → 想要（发 ）广告，找 bs91m0
2022-06-07 18:53:41 → 6282144789066 → tongdao25 → 想找人（ 发 ）广告，找 bs91m0
2022-06-07 18:55:11 → 6281283602694 → az123818 → 需要 群、发，找 bs91m0
2022-06-07 18:55:37 → 6281218966272 → usdthuihuan → 想要（发 ）广告，找 bs91m0
2022-06-07 18:56:32 → 6282144789066 → usdtdfds → 准备（发 ）广告，找 bs91m0
2022-06-07 18:58:02 → 6281282996563 → TG_King90 → (session) 协议号，零售、批发 找，bs91m0
2022-06-07 19:00:53 → 6281218966272 → huione888 → 来（发 ）广告，联系 bs91m0
2022-06-07 19:02:07 → 6281282996563 → zhifuo → 需要 群、发软、件，找 bs91m0
2022-06-07 19:12:57 → 6281282996563 → laowangdan → 需要 软、件，找 bs91m0
2022-06-07 19:13:44 → 6285242442963 → wz513064 → 专业（发 ）广告，联系我 bs91m0
2022-06-07 19:14:33 → 601112672704 → baocai217 → 准备（发 ）广告，找 bs91m0
2022-06-07 19:22:40 → 6281218966272 → caoji565 → 需要 群、发，找 bs91m0
2022-06-07 19:24:32 → 6282144789066 → tongdao25 → 专业（发 ）广告，联系我 bs91m0
2022-06-07 19:26:40 → 60178838240 → xjltq → 想找人（ 发 ）广告，找 bs91m0
2022-06-07 19:32:08 → 601112672704 → USDThuzhu3 → 想要（发 ）广告，找 bs91m0
2022-06-07 19:35:13 → 601112672704 → huione888 → 来（发 ）广告，联系 bs91m0
2022-06-07 19:36:21 → 6285242442963 → juliang666 → 想找人（ 发 ）广告，找 bs91m0
2022-06-07 19:37:08 → 6281282996563 → TG_King90 → 来（发 ）广告，联系 bs91m0
2022-06-07 19:38:22 → 6281218966272 → dyjiaoliu → 需要 软、件，找 bs91m0
2022-06-07 19:39:31 → 6281282996563 → laowangdan → 来（发 ）广告，联系 bs91m0
2022-06-07 19:41:22 → 6281283602694 → az123818 → 需要 群、发，找 bs91m0
2022-06-07 19:42:53 → 6282144789066 → bailaohui_cvv → 需要 软、件，找 bs91m0
2022-06-07 19:47:45 → 6285242442963 → XxUP1121 → 准备（发 ）广告，找 bs91m0
2022-06-07 19:53:05 → 6285242442963 → tianziusdt → 需要 软、件，找 bs91m0
2022-06-07 19:56:48 → 6281218966272 → tsdb01 → 需要 群、发软、件，找 bs91m0
2022-06-07 19:57:35 → 6282144789066 → usdtdfds → 需要 群、发软、件，找 bs91m0
2022-06-07 19:58:00 → 6285242442963 → xinbi_088 → 想找人（ 发 ）广告，找 bs91m0