
2022-06-14 00:01:19 → 601112672704 → fv0015 → 要（发 ）广告，联系 bs91m1
2022-06-14 00:02:26 → 62895324567778 → xd836809 → 需要 软、件，找 bs91m1
2022-06-14 00:05:15 → 60142963511 → cvv666money → 要（发 ）广告，联系 bs91m1
2022-06-14 00:06:20 → 60142963511 → phpzufang → 专业（发 ）广告，联系我 bs91m1
2022-06-14 00:08:11 → 601112672704 → dunxin106 → 专业（发 ）广告，联系我 bs91m1
2022-06-14 00:09:10 → 62895324567778 → joinBCPH → 准备（发 ）广告，找 bs91m1
2022-06-14 00:11:13 → 601112672704 → USDThuzhu3 → 准备（发 ）广告，找 bs91m1
2022-06-14 00:12:11 → 60142963511 → dsfdshhs → 需要 群、发，找 bs91m1
2022-06-14 00:14:08 → 601112672704 → youxidaili → 要（发 ）广告，联系 bs91m1
2022-06-14 00:15:06 → 60142963511 → xianliaoq → (session) 协议号，零售、批发 找，bs91m1
2022-06-14 00:16:58 → 62895324567778 → dream888 → 准备（发 ）广告，找 bs91m1
2022-06-14 00:18:02 → 601112672704 → jinsanjiaobc → 需要 群、发软、件，找 bs91m1
2022-06-14 00:19:03 → 62895324567778 → fgdfdfherh → 想找人（ 发 ）广告，找 bs91m1
2022-06-14 00:21:59 → 60142963511 → shujyinl → 准备（发 ）广告，找 bs91m1
2022-06-14 00:22:59 → 62895324567778 → Hpy111 → 想要（发 ）广告，找 bs91m1
2022-06-14 00:24:50 → 601112672704 → adasdasw → (session) 协议号，零售、批发 找，bs91m1
2022-06-14 00:27:45 → 601112672704 → srjlq → 来（发 ）广告，联系 bs91m1
2022-06-14 00:28:46 → 62895324567778 → guojitongdaoduanxin → 准备（发 ）广告，找 bs91m1
2022-06-14 00:29:52 → 601112672704 → fjhq000hz → (session) 协议号，零售、批发 找，bs91m1
2022-06-14 00:32:35 → 62895324567778 → Hpy888 → 想找人（ 发 ）广告，找 bs91m1
2022-06-14 00:33:42 → 62895324567778 → miaomiao12356 → 来（发 ）广告，联系 bs91m1
2022-06-14 00:36:27 → 60142963511 → dsfdshhs → 想要（发 ）广告，找 bs91m1
2022-06-14 00:37:33 → 60142963511 → yhksijiantao11 → 来（发 ）广告，联系 bs91m1
2022-06-14 00:38:31 → 601112672704 → hnsdfhs155 → 需要 群、发，找 bs91m1
2022-06-14 00:40:23 → 62895324567778 → yinlianguoji → 专业（发 ）广告，联系我 bs91m1
2022-06-14 00:42:30 → 62895324567778 → phniuniu → 需要 群、发软、件，找 bs91m1
2022-06-14 00:44:20 → 601112672704 → zuqiushuju → 需要 软、件，找 bs91m1
2022-06-14 00:46:18 → 60142963511 → cvv666money → 需要 群、发软、件，找 bs91m1
2022-06-14 00:47:17 → 62895324567778 → dubai13148888 → 想找人（ 发 ）广告，找 bs91m1
2022-06-14 00:50:15 → 62895324567778 → zgfCYJT → 来（发 ）广告，联系 bs91m1
2022-06-14 00:51:13 → 60142963511 → yunqian68 → 专业（发 ）广告，联系我 bs91m1
2022-06-14 00:54:57 → 60142963511 → jiaoyouqun123 → 想要（发 ）广告，找 bs91m1
2022-06-14 00:55:55 → 601112672704 → srjlq → 想找人（ 发 ）广告，找 bs91m1
2022-06-14 00:58:00 → 601112672704 → adasdasw → 想要（发 ）广告，找 bs91m1
2022-06-14 01:00:48 → 601112672704 → youxidaili → 准备（发 ）广告，找 bs91m1
2022-06-14 01:02:40 → 60142963511 → seguiren → 想找人（ 发 ）广告，找 bs91m1
2022-06-14 01:06:26 → 60142963511 → shujyinl → 专业（发 ）广告，联系我 bs91m1
2022-06-14 01:07:24 → 601112672704 → fv0015 → 需要 群、发，找 bs91m1
2022-06-14 01:08:31 → 60142963511 → sirenweixin3 → 需要 群、发软、件，找 bs91m1
2022-06-14 01:11:14 → 601112672704 → AG686 → 想要（发 ）广告，找 bs91m1
2022-06-14 01:13:14 → 601112672704 → jinsanjiaobc → 想要（发 ）广告，找 bs91m1
2022-06-14 01:14:13 → 60142963511 → phpzufang → 想要（发 ）广告，找 bs91m1
2022-06-14 01:16:10 → 601112672704 → dunxin106 → 需要 群、发软、件，找 bs91m1
2022-06-14 01:18:58 → 60142963511 → xianliaoq → 要（发 ）广告，联系 bs91m1
2022-06-14 01:20:55 → 601112672704 → fjhq000hz → 需要 群、发软、件，找 bs91m1
2022-06-14 01:21:55 → 60142963511 → lbbet → 来（发 ）广告，联系 bs91m1
2022-06-14 01:22:54 → 62895324567778 → yinlianguoji → 要（发 ）广告，联系 bs91m1
2022-06-14 01:26:41 → 601112672704 → ziyuanduijie1 → 需要 群、发软、件，找 bs91m1
2022-06-14 01:27:48 → 62895324567778 → phniuniu → 准备（发 ）广告，找 bs91m1
2022-06-14 01:30:39 → 601112672704 → buyusdtx → 想找人（ 发 ）广告，找 bs91m1
2022-06-14 01:33:35 → 62895324567778 → zgfCYJT → (session) 协议号，零售、批发 找，bs91m1
2022-06-14 01:34:32 → 601112672704 → hnsdfhs155 → 需要 软、件，找 bs91m1
2022-06-14 01:35:37 → 601112672704 → USDThuzhu3 → 来（发 ）广告，联系 bs91m1
2022-06-14 01:36:36 → 60142963511 → yhksijiantao11 → 来（发 ）广告，联系 bs91m1
2022-06-14 01:38:28 → 62895324567778 → joinBCPH → 专业（发 ）广告，联系我 bs91m1
2022-06-14 01:40:26 → 60142963511 → phpzufang → 需要 群、发软、件，找 bs91m1
2022-06-14 01:41:24 → 601112672704 → zuqiushuju → 需要 群、发，找 bs91m1
2022-06-14 01:42:23 → 62895324567778 → dubai13148888 → 准备（发 ）广告，找 bs91m1
2022-06-14 01:44:21 → 62895324567778 → Philippines_visa → 来（发 ）广告，联系 bs91m1
2022-06-14 01:45:19 → 60142963511 → sirenweixin3 → 想要（发 ）广告，找 bs91m1
2022-06-14 01:48:10 → 62895324567778 → Hpy111 → 想要（发 ）广告，找 bs91m1
2022-06-14 01:49:08 → 60142963511 → lbbet → 准备（发 ）广告，找 bs91m1
2022-06-14 01:50:07 → 601112672704 → fv0015 → 准备（发 ）广告，找 bs91m1
2022-06-14 01:52:05 → 601112672704 → dunxin106 → 需要 群、发，找 bs91m1
2022-06-14 01:53:04 → 60142963511 → shujyinl → 来（发 ）广告，联系 bs91m1
2022-06-14 01:54:03 → 62895324567778 → miaomiao12356 → 来（发 ）广告，联系 bs91m1
2022-06-14 01:55:08 → 601112672704 → jinsanjiaobc → 想要（发 ）广告，找 bs91m1
2022-06-14 01:56:58 → 60142963511 → cvv666money → 专业（发 ）广告，联系我 bs91m1
2022-06-14 01:59:50 → 60142963511 → seguiren → 专业（发 ）广告，联系我 bs91m1
2022-06-14 02:03:38 → 601112672704 → USDThuzhu3 → 需要 软、件，找 bs91m1
2022-06-14 02:05:28 → 60142963511 → yunqian68 → 想找人（ 发 ）广告，找 bs91m1
2022-06-14 02:07:25 → 60142963511 → xianliaoq → 来（发 ）广告，联系 bs91m1
2022-06-14 02:08:23 → 601112672704 → srjlq → 准备（发 ）广告，找 bs91m1
2022-06-14 02:10:21 → 601112672704 → adasdasw → 需要 群、发软、件，找 bs91m1
2022-06-14 02:11:19 → 60142963511 → dsfdshhs → 需要 群、发，找 bs91m1
2022-06-14 02:14:13 → 60142963511 → jiaoyouqun123 → 要（发 ）广告，联系 bs91m1
2022-06-14 02:21:43 → 601112672704 → hnsdfhs155 → 需要 群、发，找 bs91m1
2022-06-14 02:22:49 → 62895324567778 → fgdfdfherh → 来（发 ）广告，联系 bs91m1
2022-06-14 02:23:48 → 60142963511 → yunqian68 → 需要 软、件，找 bs91m1
2022-06-14 02:26:41 → 62895324567778 → miaomiao12356 → 想要（发 ）广告，找 bs91m1
2022-06-14 02:27:38 → 60142963511 → dsfdshhs → 准备（发 ）广告，找 bs91m1
2022-06-14 02:28:37 → 601112672704 → zuqiushuju → 需要 软、件，找 bs91m1
2022-06-14 02:30:34 → 60142963511 → cvv666money → (session) 协议号，零售、批发 找，bs91m1
2022-06-14 02:33:18 → 601112672704 → AG686 → 准备（发 ）广告，找 bs91m1
2022-06-14 02:34:25 → 62895324567778 → Hpy111 → 想要（发 ）广告，找 bs91m1
2022-06-14 02:35:24 → 60142963511 → lbbet → 来（发 ）广告，联系 bs91m1
2022-06-14 02:37:14 → 601112672704 → youxidaili → 来（发 ）广告，联系 bs91m1
2022-06-14 02:39:11 → 601112672704 → fjhq000hz → 想找人（ 发 ）广告，找 bs91m1
2022-06-14 02:40:11 → 62895324567778 → dream888 → 来（发 ）广告，联系 bs91m1
2022-06-14 02:41:11 → 60142963511 → shujyinl → (session) 协议号，零售、批发 找，bs91m1
2022-06-14 02:42:18 → 62895324567778 → amjwg → 想要（发 ）广告，找 bs91m1
2022-06-14 02:43:16 → 60142963511 → phpzufang → 想要（发 ）广告，找 bs91m1
2022-06-14 02:47:57 → 601112672704 → buyusdtx → 专业（发 ）广告，联系我 bs91m1
2022-06-14 02:48:56 → 62895324567778 → Philippines_visa → 想找人（ 发 ）广告，找 bs91m1
2022-06-14 02:50:01 → 60142963511 → seguiren → 需要 软、件，找 bs91m1
2022-06-14 02:50:59 → 601112672704 → jinsanjiaobc → 想找人（ 发 ）广告，找 bs91m1
2022-06-14 02:52:51 → 62895324567778 → dubai13148888 → 要（发 ）广告，联系 bs91m1
2022-06-14 02:53:57 → 60142963511 → sirenweixin3 → 来（发 ）广告，联系 bs91m1
2022-06-14 02:54:55 → 601112672704 → fjhq000hz → (session) 协议号，零售、批发 找，bs91m1
2022-06-14 02:55:54 → 62895324567778 → xd836809 → 准备（发 ）广告，找 bs91m1
2022-06-14 02:57:53 → 60142963511 → jiaoyouqun123 → 想找人（ 发 ）广告，找 bs91m1
2022-06-14 02:59:44 → 601112672704 → zuqiushuju → 专业（发 ）广告，联系我 bs91m1
2022-06-14 03:02:34 → 60142963511 → yhksijiantao11 → 需要 群、发，找 bs91m1
2022-06-14 03:07:19 → 60142963511 → xianliaoq → 需要 软、件，找 bs91m1
2022-06-14 03:08:18 → 601112672704 → adasdasw → 想找人（ 发 ）广告，找 bs91m1
2022-06-14 03:09:23 → 601112672704 → fv0015 → 来（发 ）广告，联系 bs91m1
2022-06-14 03:12:08 → 60142963511 → YHK_security → 想要（发 ）广告，找 bs91m1
2022-06-14 03:15:51 → 601112672704 → youxidaili → 专业（发 ）广告，联系我 bs91m1
2022-06-14 03:17:48 → 601112672704 → srjlq → 想找人（ 发 ）广告，找 bs91m1
2022-06-14 03:19:41 → 60142963511 → phpzufang → 来（发 ）广告，联系 bs91m1
2022-06-14 03:20:46 → 60142963511 → dsfdshhs → 需要 群、发，找 bs91m1
2022-06-14 03:23:33 → 62895324567778 → dubai13148888 → 需要 群、发，找 bs91m1
2022-06-14 03:24:37 → 601112672704 → hnsdfhs155 → 想要（发 ）广告，找 bs91m1
2022-06-14 03:25:36 → 60142963511 → yunqian68 → 想要（发 ）广告，找 bs91m1
2022-06-14 03:28:33 → 62895324567778 → G88888880 → 想找人（ 发 ）广告，找 bs91m1
2022-06-14 03:29:30 → 601112672704 → USDThuzhu3 → 专业（发 ）广告，联系我 bs91m1
2022-06-14 03:30:29 → 60142963511 → yhksijiantao11 → 要（发 ）广告，联系 bs91m1
2022-06-14 03:32:27 → 60142963511 → xianliaoq → 需要 群、发软、件，找 bs91m1
2022-06-14 03:35:11 → 62895324567778 → phniuniu → 需要 群、发软、件，找 bs91m1
2022-06-14 03:36:19 → 62895324567778 → joinBCPH → 准备（发 ）广告，找 bs91m1
2022-06-14 03:39:02 → 60142963511 → shujyinl → 来（发 ）广告，联系 bs91m1
2022-06-14 03:40:08 → 60142963511 → cvv666money → 需要 群、发软、件，找 bs91m1
2022-06-14 03:42:51 → 62895324567778 → amjwg → 准备（发 ）广告，找 bs91m1
2022-06-14 03:43:59 → 62895324567778 → xd836809 → 需要 软、件，找 bs91m1
2022-06-14 03:46:41 → 60142963511 → YHK_security → 专业（发 ）广告，联系我 bs91m1
2022-06-14 03:47:47 → 60142963511 → seguiren → 专业（发 ）广告，联系我 bs91m1
2022-06-14 03:48:48 → 62895324567778 → yinlianguoji → 需要 群、发，找 bs91m1
2022-06-14 03:52:36 → 62895324567778 → Hpy111 → 专业（发 ）广告，联系我 bs91m1
2022-06-14 03:53:43 → 62895324567778 → dream888 → 专业（发 ）广告，联系我 bs91m1
2022-06-14 03:54:42 → 60142963511 → jiaoyouqun123 → 需要 软、件，找 bs91m1
2022-06-14 03:58:25 → 60142963511 → sirenweixin3 → 需要 软、件，找 bs91m1
2022-06-14 04:00:23 → 60142963511 → lbbet → 想找人（ 发 ）广告，找 bs91m1
2022-06-14 04:06:01 → 60142963511 → shujyinl → 需要 群、发，找 bs91m1
2022-06-14 04:08:00 → 60142963511 → phpzufang → 准备（发 ）广告，找 bs91m1
2022-06-14 04:11:44 → 60142963511 → seguiren → 来（发 ）广告，联系 bs91m1
2022-06-14 04:13:44 → 60142963511 → sirenweixin3 → 来（发 ）广告，联系 bs91m1
2022-06-14 04:18:19 → 60142963511 → cvv666money → 专业（发 ）广告，联系我 bs91m1
2022-06-14 04:20:19 → 60142963511 → yhksijiantao11 → 要（发 ）广告，联系 bs91m1
2022-06-14 04:24:09 → 62895324567778 → amjwg → 专业（发 ）广告，联系我 bs91m1
2022-06-14 04:25:15 → 62895324567778 → dubai13148888 → 想要（发 ）广告，找 bs91m1
2022-06-14 04:27:06 → 60142963511 → lbbet → 需要 软、件，找 bs91m1
2022-06-14 04:28:12 → 62895324567778 → zgfCYJT → 要（发 ）广告，联系 bs91m1
2022-06-14 04:29:10 → 60142963511 → YHK_security → 专业（发 ）广告，联系我 bs91m1
2022-06-14 04:31:09 → 62895324567778 → joinBCPH → (session) 协议号，零售、批发 找，bs91m1
2022-06-14 04:32:07 → 60142963511 → dsfdshhs → 需要 群、发软、件，找 bs91m1
2022-06-14 04:34:04 → 60142963511 → xianliaoq → 准备（发 ）广告，找 bs91m1
2022-06-14 04:35:04 → 62895324567778 → guojitongdaoduanxin → 要（发 ）广告，联系 bs91m1
2022-06-14 04:37:02 → 60142963511 → yunqian68 → 需要 群、发，找 bs91m1
2022-06-14 04:40:00 → 62895324567778 → dream888 → 专业（发 ）广告，联系我 bs91m1
2022-06-14 04:41:51 → 60142963511 → jiaoyouqun123 → 要（发 ）广告，联系 bs91m1
2022-06-14 04:45:42 → 60142963511 → seguiren → (session) 协议号，零售、批发 找，bs91m1
2022-06-14 04:47:33 → 62895324567778 → Hpy111 → 需要 群、发，找 bs91m1
2022-06-14 04:49:31 → 62895324567778 → G88888880 → 要（发 ）广告，联系 bs91m1
2022-06-14 04:50:31 → 60142963511 → jiaoyouqun123 → 专业（发 ）广告，联系我 bs91m1
2022-06-14 04:52:29 → 60142963511 → shujyinl → 要（发 ）广告，联系 bs91m1
2022-06-14 04:53:31 → 62895324567778 → fgdfdfherh → 需要 群、发，找 bs91m1
2022-06-14 04:54:37 → 60142963511 → dsfdshhs → 想要（发 ）广告，找 bs91m1
2022-06-14 04:59:15 → 60142963511 → YHK_security → (session) 协议号，零售、批发 找，bs91m1
2022-06-14 05:01:12 → 60142963511 → phpzufang → 来（发 ）广告，联系 bs91m1
2022-06-14 05:03:11 → 60142963511 → yunqian68 → (session) 协议号，零售、批发 找，bs91m1
2022-06-14 05:06:56 → 60142963511 → yhksijiantao11 → 来（发 ）广告，联系 bs91m1
2022-06-14 05:09:45 → 60142963511 → sirenweixin3 → 专业（发 ）广告，联系我 bs91m1
2022-06-14 05:13:29 → 60142963511 → cvv666money → (session) 协议号，零售、批发 找，bs91m1
2022-06-14 05:17:29 → 60142963511 → lbbet → 需要 群、发软、件，找 bs91m1
2022-06-14 05:22:06 → 60142963511 → xianliaoq → 需要 软、件，找 bs91m1
2022-06-14 05:24:25 → 62895324567778 → dream888 → 想要（发 ）广告，找 bs91m1
2022-06-14 05:27:47 → 60142963511 → cvv666money → 需要 群、发，找 bs91m1
2022-06-14 05:28:50 → 62895324567778 → miaomiao12356 → 来（发 ）广告，联系 bs91m1
2022-06-14 05:29:56 → 62895324567778 → dubai13148888 → 需要 软、件，找 bs91m1
2022-06-14 05:31:47 → 60142963511 → xianliaoq → (session) 协议号，零售、批发 找，bs91m1
2022-06-14 05:32:55 → 62895324567778 → Hpy111 → 来（发 ）广告，联系 bs91m1
2022-06-14 05:33:55 → 60142963511 → lbbet → 专业（发 ）广告，联系我 bs91m1
2022-06-14 05:36:53 → 60142963511 → shujyinl → 需要 群、发软、件，找 bs91m1
2022-06-14 05:39:44 → 62895324567778 → phniuniu → 需要 群、发，找 bs91m1
2022-06-14 05:40:43 → 60142963511 → dsfdshhs → 需要 软、件，找 bs91m1
2022-06-14 05:42:43 → 62895324567778 → zgfCYJT → 想要（发 ）广告，找 bs91m1
2022-06-14 05:43:42 → 60142963511 → phpzufang → 需要 群、发软、件，找 bs91m1
2022-06-14 05:45:41 → 60142963511 → yunqian68 → 想找人（ 发 ）广告，找 bs91m1
2022-06-14 05:46:41 → 62895324567778 → xd836809 → 准备（发 ）广告，找 bs91m1
2022-06-14 05:48:41 → 62895324567778 → Philippines_visa → 想找人（ 发 ）广告，找 bs91m1
2022-06-14 05:49:40 → 60142963511 → jiaoyouqun123 → 想找人（ 发 ）广告，找 bs91m1
2022-06-14 05:51:39 → 60142963511 → seguiren → 需要 群、发，找 bs91m1
2022-06-14 05:53:44 → 60142963511 → yhksijiantao11 → 专业（发 ）广告，联系我 bs91m1
2022-06-14 05:56:36 → 60142963511 → sirenweixin3 → 需要 群、发软、件，找 bs91m1
2022-06-14 06:07:54 → 60142963511 → phpzufang → 需要 软、件，找 bs91m1
2022-06-14 06:12:33 → 60142963511 → sirenweixin3 → 来（发 ）广告，联系 bs91m1
2022-06-14 06:14:31 → 60142963511 → lbbet → 想找人（ 发 ）广告，找 bs91m1
2022-06-14 06:18:17 → 60142963511 → shujyinl → 想要（发 ）广告，找 bs91m1
2022-06-14 06:21:09 → 60142963511 → dsfdshhs → 需要 群、发，找 bs91m1
2022-06-14 06:22:15 → 60142963511 → xianliaoq → 想找人（ 发 ）广告，找 bs91m1
2022-06-14 06:24:49 → 62895324567778 → miaomiao12356 → 想要（发 ）广告，找 bs91m1
2022-06-14 06:25:56 → 62895324567778 → xd836809 → 要（发 ）广告，联系 bs91m1
2022-06-14 06:26:55 → 60142963511 → yunqian68 → 需要 群、发软、件，找 bs91m1
2022-06-14 06:29:46 → 60142963511 → cvv666money → 需要 群、发软、件，找 bs91m1
2022-06-14 06:31:44 → 62895324567778 → dubai13148888 → 需要 群、发软、件，找 bs91m1
2022-06-14 06:34:39 → 60142963511 → seguiren → 专业（发 ）广告，联系我 bs91m1
2022-06-14 06:36:31 → 62895324567778 → dream888 → 需要 软、件，找 bs91m1
2022-06-14 06:38:31 → 60142963511 → jiaoyouqun123 → 专业（发 ）广告，联系我 bs91m1
2022-06-14 06:39:31 → 62895324567778 → guojitongdaoduanxin → 准备（发 ）广告，找 bs91m1
2022-06-14 06:40:37 → 60142963511 → yhksijiantao11 → 需要 群、发，找 bs91m1
2022-06-14 06:42:29 → 62895324567778 → yinlianguoji → 来（发 ）广告，联系 bs91m1
2022-06-14 06:43:35 → 60142963511 → YHK_security → 需要 群、发软、件，找 bs91m1
2022-06-14 06:44:35 → 62895324567778 → zgfCYJT → 想找人（ 发 ）广告，找 bs91m1
2022-06-14 06:47:26 → 62895324567778 → Hpy111 → 想要（发 ）广告，找 bs91m1
2022-06-14 06:49:23 → 60142963511 → lbbet → 需要 软、件，找 bs91m1
2022-06-14 06:55:18 → 60142963511 → sirenweixin3 → 准备（发 ）广告，找 bs91m1
2022-06-14 06:58:59 → 60142963511 → cvv666money → 来（发 ）广告，联系 bs91m1
2022-06-14 07:01:00 → 60142963511 → seguiren → 需要 群、发软、件，找 bs91m1
2022-06-14 07:04:45 → 60142963511 → dsfdshhs → 专业（发 ）广告，联系我 bs91m1
2022-06-14 07:08:29 → 60142963511 → shujyinl → 需要 群、发软、件，找 bs91m1
2022-06-14 07:11:21 → 60142963511 → xianliaoq → 来（发 ）广告，联系 bs91m1
2022-06-14 07:13:21 → 60142963511 → yunqian68 → 需要 软、件，找 bs91m1
2022-06-14 07:18:14 → 60142963511 → yhksijiantao11 → 专业（发 ）广告，联系我 bs91m1
2022-06-14 07:21:58 → 60142963511 → phpzufang → 需要 软、件，找 bs91m1
2022-06-14 07:23:58 → 60142963511 → jiaoyouqun123 → 需要 群、发软、件，找 bs91m1
2022-06-14 07:24:57 → 62895324567778 → Hpy888 → 准备（发 ）广告，找 bs91m1
2022-06-14 07:27:49 → 62895324567778 → xd836809 → 想要（发 ）广告，找 bs91m1
2022-06-14 07:31:40 → 60142963511 → YHK_security → 想找人（ 发 ）广告，找 bs91m1
2022-06-14 07:32:49 → 62895324567778 → Hpy111 → (session) 协议号，零售、批发 找，bs91m1
2022-06-14 07:34:39 → 60142963511 → sirenweixin3 → 专业（发 ）广告，联系我 bs91m1
2022-06-14 07:35:47 → 60142963511 → cvv666money → 想找人（ 发 ）广告，找 bs91m1
2022-06-14 07:37:39 → 62895324567778 → G88888880 → 需要 群、发，找 bs91m1
2022-06-14 07:38:45 → 60142963511 → phpzufang → 专业（发 ）广告，联系我 bs91m1
2022-06-14 07:40:37 → 62895324567778 → dubai13148888 → 来（发 ）广告，联系 bs91m1
2022-06-14 07:42:43 → 62895324567778 → dream888 → 专业（发 ）广告，联系我 bs91m1
2022-06-14 07:44:40 → 60142963511 → jiaoyouqun123 → 想要（发 ）广告，找 bs91m1
2022-06-14 07:45:41 → 62895324567778 → joinBCPH → 来（发 ）广告，联系 bs91m1
2022-06-14 07:47:40 → 60142963511 → shujyinl → 想找人（ 发 ）广告，找 bs91m1
2022-06-14 07:52:25 → 60142963511 → seguiren → 想找人（ 发 ）广告，找 bs91m1
2022-06-14 07:53:31 → 60142963511 → xianliaoq → 需要 软、件，找 bs91m1
2022-06-14 07:54:32 → 62895324567778 → zgfCYJT → 需要 软、件，找 bs91m1
2022-06-14 07:56:29 → 60142963511 → yunqian68 → 来（发 ）广告，联系 bs91m1
2022-06-14 08:01:07 → 60142963511 → lbbet → 来（发 ）广告，联系 bs91m1
2022-06-14 08:04:00 → 60142963511 → dsfdshhs → 想找人（ 发 ）广告，找 bs91m1
2022-06-14 08:06:53 → 60142963511 → yhksijiantao11 → 想要（发 ）广告，找 bs91m1
2022-06-14 08:10:44 → 60142963511 → phpzufang → 准备（发 ）广告，找 bs91m1
2022-06-14 08:13:36 → 60142963511 → xianliaoq → 想找人（ 发 ）广告，找 bs91m1
2022-06-14 08:18:14 → 60142963511 → seguiren → 想要（发 ）广告，找 bs91m1
2022-06-14 08:20:14 → 60142963511 → dsfdshhs → 需要 软、件，找 bs91m1
2022-06-14 08:22:11 → 60142963511 → jiaoyouqun123 → 要（发 ）广告，联系 bs91m1
2022-06-14 08:27:06 → 60142963511 → shujyinl → 想要（发 ）广告，找 bs91m1
2022-06-14 08:30:03 → 60142963511 → cvv666money → 要（发 ）广告，联系 bs91m1
2022-06-14 08:33:53 → 60142963511 → yhksijiantao11 → 需要 群、发软、件，找 bs91m1
2022-06-14 08:36:50 → 62895324567778 → xd836809 → 准备（发 ）广告，找 bs91m1
2022-06-14 08:38:47 → 60142963511 → sirenweixin3 → 来（发 ）广告，联系 bs91m1
2022-06-14 08:39:49 → 62895324567778 → miaomiao12356 → 需要 群、发软、件，找 bs91m1
2022-06-14 08:43:47 → 62895324567778 → fgdfdfherh → 需要 软、件，找 bs91m1
2022-06-14 08:45:37 → 60142963511 → yunqian68 → 来（发 ）广告，联系 bs91m1
2022-06-14 08:46:43 → 60142963511 → lbbet → 想找人（ 发 ）广告，找 bs91m1