
2022-06-01 10:35:57 → 79917731981 → HWDBQ → 想要（发 ）广告，找 bs91m1
2022-06-01 10:37:04 → 79045541142 → usdthuihuan → 需要 群、发软、件，找  bs91m1
2022-06-01 10:37:39 → 6281218966272 → dyjiaoliu → 需要 软、件，找  bs91m1
2022-06-01 10:37:53 → 79919431787 → TG_King90 → 专业（发 ）广告，联系我 bs91m1
2022-06-01 10:38:29 → 6285242442969 → caoji565 → 想要（发 ）广告，找 bs91m1
2022-06-01 10:38:53 → 79917733563 → BtokCN_001 → 专业（发 ）广告，联系我 bs91m1
2022-06-01 10:39:37 → 6285242442963 → daishou15 → 需要 软、件，找  bs91m1
2022-06-01 10:39:52 → 6287775712315 → BtokCN_0020 → 来（发 ）广告，联系 bs91m1
2022-06-01 10:40:06 → 60142963511 → daishou15 → 想要（发 ）广告，找 bs91m1
2022-06-01 10:40:18 → 60178862101 → shenma001 → 需要 软、件，找  bs91m1
2022-06-01 10:40:53 → 917061771362 → qunfalaren2 → 要（发 ）广告，联系 bs91m1
2022-06-01 10:41:22 → 79917730705 → chaxun2020 → 准备（发 ）广告，找  bs91m1
2022-06-01 10:42:13 → 918509922477 → dcdbxyzs → 准备（发 ）广告，找  bs91m1
2022-06-01 10:43:11 → 6287775712585 → BtokCN_001 → 需要 软、件，找  bs91m1
2022-06-01 10:43:34 → 79917730705 → liuhedadui → 需要 软、件，找  bs91m1
2022-06-01 10:43:46 → 62895324567242 → Sz1888 → 需要 软、件，找  bs91m1
2022-06-01 10:44:29 → 601124042925 → jiu_777 → 需要 群、发软、件，找  bs91m1
2022-06-01 10:44:50 → 79917733563 → daishoujiaoyi → 需要 群、发，找  bs91m1
2022-06-01 10:45:28 → 918092132118 → bc1314ssss → 来（发 ）广告，联系 bs91m1
2022-06-01 10:45:44 → 917061771362 → aoa99999 → 要（发 ）广告，联系 bs91m1
2022-06-01 10:46:10 → 6285242442963 → TG006 → 想找人（ 发 ）广告，找   bs91m1
2022-06-01 10:46:49 → 60178862101 → dijia02 → 准备（发 ）广告，找  bs91m1
2022-06-01 10:47:03 → 79919431787 → BtokCN_001 → 想要（发 ）广告，找 bs91m1
2022-06-01 10:47:15 → 601112672704 → tgzhcn → 需要 群、发软、件，找  bs91m1
2022-06-01 10:48:36 → 6285242442969 → TG12389 → 来（发 ）广告，联系 bs91m1
2022-06-01 10:49:13 → 6287775712585 → ALHYT6651 → 需要 群、发，找  bs91m1
2022-06-01 10:49:37 → 60178862101 → TG12389 → 想要（发 ）广告，找 bs91m1
2022-06-01 10:50:38 → 6287775712315 → RaicoinCN → 专业（发 ）广告，联系我 bs91m1
2022-06-01 10:50:56 → 601112672704 → MDhuaren1 → 想要（发 ）广告，找 bs91m1
2022-06-01 10:51:20 → 79919429746 → xingxingpiaohao1 → 要（发 ）广告，联系 bs91m1
2022-06-01 10:51:34 → 79919431787 → lovehash2999B → 要（发 ）广告，联系 bs91m1
2022-06-01 10:52:04 → 79917731981 → huichan0000 → 需要 群、发软、件，找  bs91m1
2022-06-01 10:52:35 → 601112672414 → danbao96 → 专业（发 ）广告，联系我 bs91m1
2022-06-01 10:52:48 → 6285242442963 → wz513064 → 需要 软、件，找  bs91m1
2022-06-01 10:53:11 → 79917730705 → yinhangkausdt → 专业（发 ）广告，联系我 bs91m1
2022-06-01 10:54:06 → 918092132118 → mangguohaxivip1 → 需要 群、发，找  bs91m1
2022-06-01 10:54:26 → 6282144789066 → huiguophp → 需要 群、发，找  bs91m1
2022-06-01 10:54:38 → 60178862101 → usdtdfds → 想要（发 ）广告，找 bs91m1
2022-06-01 10:55:02 → 6285242442963 → YYL001 → 要（发 ）广告，联系 bs91m1
2022-06-01 10:55:14 → 60142963511 → TG0188 → 需要 软、件，找  bs91m1
2022-06-01 10:55:30 → 79917730705 → BNBMastersd → 专业（发 ）广告，联系我 bs91m1
2022-06-01 10:55:43 → 601112672704 → DIP9188 → 专业（发 ）广告，联系我 bs91m1
2022-06-01 10:56:25 → 79917731981 → LUNARPROTOCOLA → 想找人（ 发 ）广告，找   bs91m1
2022-06-01 10:56:38 → 6287775712315 → TG55555555555 → 想找人（ 发 ）广告，找   bs91m1
2022-06-01 10:57:14 → 6281218966272 → fw992 → 需要 群、发软、件，找  bs91m1
2022-06-01 10:57:26 → 6285242442969 → TGdibai168 → 准备（发 ）广告，找  bs91m1
2022-06-01 10:57:39 → 60178838240 → pingan66chadang → 要（发 ）广告，联系 bs91m1
2022-06-01 10:57:54 → 917061771362 → loveuchina → 想要（发 ）广告，找 bs91m1
2022-06-01 10:58:09 → 79919431787 → danbao96 → 来（发 ）广告，联系 bs91m1
2022-06-01 10:58:23 → 79917733563 → cyj00 → 想要（发 ）广告，找 bs91m1
2022-06-01 10:58:47 → 79919429746 → nanyangdb → 专业（发 ）广告，联系我 bs91m1
2022-06-01 10:58:59 → 6285242443022 → juliang666 → 要（发 ）广告，联系 bs91m1
2022-06-01 10:59:12 → 601112672414 → axujj → 专业（发 ）广告，联系我 bs91m1
2022-06-01 10:59:24 → 79045541142 → mghxfls → 要（发 ）广告，联系 bs91m1
2022-06-01 11:00:20 → 6285242442969 → TG55555555555 → 专业（发 ）广告，联系我 bs91m1
2022-06-01 11:00:33 → 79045541142 → mangguoVIP → 需要 群、发，找  bs91m1
2022-06-01 11:00:46 → 60178838240 → TG1949521 → 来（发 ）广告，联系 bs91m1
2022-06-01 11:00:58 → 62895324567242 → USDTm → 需要 群、发软、件，找  bs91m1
2022-06-01 11:01:10 → 6285242443022 → yugzf → 要（发 ）广告，联系 bs91m1
2022-06-01 11:01:28 → 918509922477 → tz636 → 专业（发 ）广告，联系我 bs91m1
2022-06-01 11:01:43 → 79917731981 → szsx027 → 需要 群、发，找  bs91m1
2022-06-01 11:02:08 → 601112672414 → FHaak8 → 来（发 ）广告，联系 bs91m1
2022-06-01 11:03:35 → 79917730705 → DXB68 → 需要 群、发软、件，找  bs91m1
2022-06-01 11:04:13 → 6281218966272 → huaxingYL8 → 想找人（ 发 ）广告，找   bs91m1
2022-06-01 11:04:33 → 601112672704 → USDThuzhu3 → 想找人（ 发 ）广告，找   bs91m1
2022-06-01 11:04:48 → 917061771362 → dongnanyaliaotian → 准备（发 ）广告，找  bs91m1
2022-06-01 11:05:30 → 79919429746 → zscd1 → 要（发 ）广告，联系 bs91m1
2022-06-01 11:05:43 → 601112672414 → HuobiGlobal_zw → 想要（发 ）广告，找 bs91m1
2022-06-01 11:06:08 → 6285242442963 → xjltq → 需要 群、发软、件，找  bs91m1
2022-06-01 11:06:29 → 60142963511 → xianliao01 → 想找人（ 发 ）广告，找   bs91m1
2022-06-01 11:06:52 → 6285242443022 → chaxun2020 → 想要（发 ）广告，找 bs91m1
2022-06-01 11:07:10 → 6282144789066 → A_K_3A → 要（发 ）广告，联系 bs91m1
2022-06-01 11:07:25 → 917061771362 → shouxi88 → 需要 软、件，找  bs91m1
2022-06-01 11:07:38 → 79045541142 → bailaohui_cvv → 需要 群、发软、件，找  bs91m1
2022-06-01 11:07:59 → 601112672704 → sunshineyyds → 要（发 ）广告，联系 bs91m1
2022-06-01 11:08:12 → 60178862101 → sanfang53 → 需要 群、发，找  bs91m1
2022-06-01 11:08:35 → 6281218966272 → goutui1113 → 需要 软、件，找  bs91m1
2022-06-01 11:08:48 → 6285242442967 → DB_LM → 要（发 ）广告，联系 bs91m1
2022-06-01 11:09:34 → 62895324567242 → guiyangpapa → 专业（发 ）广告，联系我 bs91m1
2022-06-01 11:09:47 → 601124042925 → huihui220 → 需要 群、发软、件，找  bs91m1
2022-06-01 11:10:24 → 917061771362 → DEA1BSC → 需要 软、件，找  bs91m1
2022-06-01 11:10:37 → 79045541142 → TG166 → 准备（发 ）广告，找  bs91m1
2022-06-01 11:10:57 → 601112672704 → huione888 → 专业（发 ）广告，联系我 bs91m1
2022-06-01 11:11:18 → 62895324567242 → botong002 → 需要 软、件，找  bs91m1
2022-06-01 11:11:42 → 6285242442967 → programertalk → 需要 群、发，找  bs91m1
2022-06-01 11:12:05 → 6281218966272 → caoji565 → 来（发 ）广告，联系 bs91m1
2022-06-01 11:12:26 → 60178838240 → TGDL128 → 要（发 ）广告，联系 bs91m1
2022-06-01 11:12:39 → 60142963511 → maticnetwork_china → 要（发 ）广告，联系 bs91m1
2022-06-01 11:13:12 → 601124042925 → shenma001 → 准备（发 ）广告，找  bs91m1
2022-06-01 11:13:25 → 60178862101 → TG088 → 要（发 ）广告，联系 bs91m1
2022-06-01 11:13:46 → 6287775712585 → Asiaweed → 要（发 ）广告，联系 bs91m1
2022-06-01 11:14:00 → 6287775712315 → xingbi0088 → 来（发 ）广告，联系 bs91m1
2022-06-01 11:14:23 → 6285242442963 → juliang666 → 想找人（ 发 ）广告，找   bs91m1
2022-06-01 11:14:51 → 79919429746 → HENGM01 → 想要（发 ）广告，找 bs91m1
2022-06-01 11:15:09 → 60178838240 → monstainfinitechinese → 准备（发 ）广告，找  bs91m1
2022-06-01 11:15:24 → 917061771362 → USsyu → 想找人（ 发 ）广告，找   bs91m1
2022-06-01 11:15:36 → 6281218966272 → wz513064 → 想要（发 ）广告，找 bs91m1
2022-06-01 11:15:54 → 918509922477 → huanqian35 → 需要 软、件，找  bs91m1
2022-06-01 11:16:28 → 62895324567242 → GIBXChange_cn → 需要 群、发软、件，找  bs91m1
2022-06-01 11:17:08 → 6287775712315 → TGdibai168 → 来（发 ）广告，联系 bs91m1
2022-06-01 11:17:42 → 6285242442967 → elemonchinese → 需要 群、发，找  bs91m1
2022-06-01 11:17:55 → 601124042925 → fbwsline2021 → 专业（发 ）广告，联系我 bs91m1
2022-06-01 11:18:23 → 601112672414 → xingbi0088 → 需要 软、件，找  bs91m1
2022-06-01 11:18:54 → 6282144789066 → bailaohui_cvv → 想找人（ 发 ）广告，找   bs91m1
2022-06-01 11:19:38 → 6281218966272 → usdthuihuan → 要（发 ）广告，联系 bs91m1
2022-06-01 11:19:50 → 6285242442967 → allswapCN → 来（发 ）广告，联系 bs91m1
2022-06-01 11:21:03 → 60142963511 → ccv348 → 准备（发 ）广告，找  bs91m1
2022-06-01 11:21:17 → 79045541142 → xianliao01 → 来（发 ）广告，联系 bs91m1
2022-06-01 11:21:37 → 60178862101 → yindutg → 准备（发 ）广告，找  bs91m1
2022-06-01 11:22:27 → 601112672704 → baocai217 → 来（发 ）广告，联系 bs91m1
2022-06-01 11:22:40 → 6285242442963 → tcelue1 → 准备（发 ）广告，找  bs91m1
2022-06-01 11:22:52 → 601112672414 → dibai918 → 需要 软、件，找  bs91m1
2022-06-01 11:23:18 → 6287775712585 → tsdb01 → 需要 群、发，找  bs91m1
2022-06-01 11:23:39 → 6287775712315 → usdthuihuan → 想要（发 ）广告，找 bs91m1
2022-06-01 11:23:56 → 918092132118 → AKAFC888 → 专业（发 ）广告，联系我 bs91m1
2022-06-01 11:24:16 → 917061771362 → CPQPWZ898989 → 想要（发 ）广告，找 bs91m1
2022-06-01 11:24:39 → 6285242442963 → A_K_3A → 要（发 ）广告，联系 bs91m1
2022-06-01 11:24:51 → 601112672414 → NodeGlobal → 来（发 ）广告，联系 bs91m1
2022-06-01 11:25:59 → 6285242442967 → az123818 → 需要 软、件，找  bs91m1
2022-06-01 11:26:24 → 601112672704 → blsq55 → 需要 群、发，找  bs91m1
2022-06-01 11:27:16 → 6287775712315 → MaYiSheQu → 专业（发 ）广告，联系我 bs91m1
2022-06-01 11:27:30 → 6281218966272 → ml520 → 准备（发 ）广告，找  bs91m1
2022-06-01 11:27:42 → 60178838240 → yxbjx → 专业（发 ）广告，联系我 bs91m1
2022-06-01 11:27:56 → 62895324567242 → dibaifa → 要（发 ）广告，联系 bs91m1
2022-06-01 11:28:17 → 6287775712585 → rsshub → 准备（发 ）广告，找  bs91m1
2022-06-01 11:29:08 → 917061771362 → dibai918 → 要（发 ）广告，联系 bs91m1
2022-06-01 11:29:21 → 6281218966272 → iBox_official → 需要 群、发，找  bs91m1
2022-06-01 11:30:04 → 60142963511 → si1688 → 准备（发 ）广告，找  bs91m1
2022-06-01 11:30:19 → 6287775712315 → TG108 → 来（发 ）广告，联系 bs91m1
2022-06-01 11:30:47 → 60178838240 → YYL001 → 想找人（ 发 ）广告，找   bs91m1
2022-06-01 11:31:11 → 918092132118 → dbjlq1 → 专业（发 ）广告，联系我 bs91m1
2022-06-01 11:31:36 → 79045541142 → BTCusdtNFT → 准备（发 ）广告，找  bs91m1
2022-06-01 11:31:59 → 60178862101 → three001 → 想要（发 ）广告，找 bs91m1
2022-06-01 11:32:11 → 6282144789066 → x00008 → 来（发 ）广告，联系 bs91m1
2022-06-01 11:32:32 → 6285242442967 → yindutg → 想找人（ 发 ）广告，找   bs91m1
2022-06-01 11:33:10 → 62895324567242 → bailaohui_cvv → 需要 群、发，找  bs91m1
2022-06-01 11:34:13 → 918092132118 → bcweb → 需要 群、发，找  bs91m1
2022-06-01 11:34:26 → 6287775712585 → DariusGroup → 需要 群、发，找  bs91m1
2022-06-01 11:34:55 → 60178838240 → TG12389 → 准备（发 ）广告，找  bs91m1
2022-06-01 11:35:37 → 6285242443022 → WKLhuaren → 需要 软、件，找  bs91m1
2022-06-01 11:36:08 → 601112672704 → WKLhuaren → 想要（发 ）广告，找 bs91m1
2022-06-01 11:36:33 → 62895324567242 → TG771 → 想要（发 ）广告，找 bs91m1
2022-06-01 11:36:54 → 6282144789066 → usdtdfds → 准备（发 ）广告，找  bs91m1
2022-06-01 11:37:06 → 601112672414 → zscd1 → 要（发 ）广告，联系 bs91m1
2022-06-01 11:37:20 → 79045541142 → bs91m990 → 专业（发 ）广告，联系我 bs91m1
2022-06-01 11:37:43 → 6281218966272 → huanqian35 → 需要 软、件，找  bs91m1
2022-06-01 11:38:38 → 917061771362 → chaxun2020 → 来（发 ）广告，联系 bs91m1
2022-06-01 11:38:52 → 6287775712585 → paofen555 → 需要 软、件，找  bs91m1
2022-06-01 11:39:30 → 601124042925 → sq577 → 专业（发 ）广告，联系我 bs91m1
2022-06-01 11:40:17 → 79045541142 → caifushequ10000 → 要（发 ）广告，联系 bs91m1
2022-06-01 11:41:03 → 918092132118 → fbwsline2021 → 需要 群、发，找  bs91m1
2022-06-01 11:41:38 → 6287775712315 → TG771 → 需要 群、发软、件，找  bs91m1
2022-06-01 11:42:05 → 6285242442963 → tianziusdt → 专业（发 ）广告，联系我 bs91m1
2022-06-01 11:42:26 → 6285242443022 → maticnetwork_china → 需要 群、发软、件，找  bs91m1
2022-06-01 11:42:39 → 62895324567242 → tgzhcn → 专业（发 ）广告，联系我 bs91m1
2022-06-01 11:43:01 → 601112672704 → pshqo → 来（发 ）广告，联系 bs91m1
2022-06-01 11:43:33 → 79919429746 → baocai217 → 来（发 ）广告，联系 bs91m1
2022-06-01 11:44:15 → 79917731981 → xjltq → 需要 群、发软、件，找  bs91m1
2022-06-01 11:44:40 → 917061771362 → USDTm → 想找人（ 发 ）广告，找   bs91m1
2022-06-01 11:44:52 → 6285242443022 → dibai12 → 需要 群、发，找  bs91m1
2022-06-01 11:45:17 → 60142963511 → axujj → 来（发 ）广告，联系 bs91m1
2022-06-01 11:45:31 → 601124042925 → TG1949521 → 来（发 ）广告，联系 bs91m1
2022-06-01 11:46:46 → 6287775712585 → taobao857 → 需要 群、发软、件，找  bs91m1
2022-06-01 11:47:55 → 6285242442963 → TG_King80 → 来（发 ）广告，联系 bs91m1
2022-06-01 11:48:07 → 6282144789066 → tongdao25 → 需要 软、件，找  bs91m1
2022-06-01 11:48:22 → 918092132118 → xingxingpiaohao1 → 需要 软、件，找  bs91m1
2022-06-01 11:48:44 → 79917731981 → TG148 → 需要 群、发软、件，找  bs91m1
2022-06-01 11:48:56 → 60178838240 → xjltq → 想要（发 ）广告，找 bs91m1
2022-06-01 11:49:09 → 79045541142 → daishoujiaoyi → 来（发 ）广告，联系 bs91m1
2022-06-01 11:49:22 → 60142963511 → jiu_777 → 需要 软、件，找  bs91m1
2022-06-01 11:49:44 → 917061771362 → sq577 → 想要（发 ）广告，找 bs91m1
2022-06-01 11:49:58 → 6287775712315 → HWDBQQ → 需要 群、发，找  bs91m1
2022-06-01 11:50:45 → 601112672704 → TGhuaren1 → 想找人（ 发 ）广告，找   bs91m1
2022-06-01 11:50:58 → 6285242442963 → humanresource63 → 来（发 ）广告，联系 bs91m1
2022-06-01 11:51:12 → 601124042925 → tz636 → 想找人（ 发 ）广告，找   bs91m1
2022-06-01 11:51:34 → 79917733563 → boniu365com → 需要 软、件，找  bs91m1
2022-06-01 11:52:21 → 6281218966272 → TGdanbao000 → 专业（发 ）广告，联系我 bs91m1
2022-06-01 11:53:17 → 6282144789066 → x00008 → 要（发 ）广告，联系 bs91m1
2022-06-01 11:53:59 → 6285242442967 → OKXGroup_CN → 准备（发 ）广告，找  bs91m1
2022-06-01 11:54:12 → 6285242442963 → YS52111 → 想找人（ 发 ）广告，找   bs91m1
2022-06-01 11:54:36 → 79919431787 → zhifuo → 需要 软、件，找  bs91m1
2022-06-01 11:54:49 → 6285242443022 → daifu76 → 准备（发 ）广告，找  bs91m1
2022-06-01 11:55:24 → 79917733563 → tz636 → 要（发 ）广告，联系 bs91m1
2022-06-01 11:55:49 → 60178838240 → dibaifa → 专业（发 ）广告，联系我 bs91m1
2022-06-01 11:56:24 → 918092132118 → HWDBQ → 来（发 ）广告，联系 bs91m1
2022-06-01 11:56:50 → 62895324567242 → Usdtbmw → 要（发 ）广告，联系 bs91m1
2022-06-01 11:57:02 → 601112672704 → TG006 → 来（发 ）广告，联系 bs91m1
2022-06-01 11:57:14 → 601112672414 → fw866 → 需要 软、件，找  bs91m1
2022-06-01 11:58:23 → 79917730705 → dbjlq1 → 需要 群、发软、件，找  bs91m1
2022-06-01 11:58:36 → 6285242443022 → programertalk → 想要（发 ）广告，找 bs91m1
2022-06-01 11:58:57 → 60178838240 → WKLhuaren → 要（发 ）广告，联系 bs91m1
2022-06-01 11:59:52 → 601124042925 → sunshineyyds → 需要 群、发软、件，找  bs91m1
2022-06-01 12:00:07 → 6287775712315 → DIP9188 → 想找人（ 发 ）广告，找   bs91m1
2022-06-01 12:00:36 → 79919429746 → kenanlailegroup → 需要 群、发软、件，找  bs91m1
2022-06-01 12:01:04 → 6285242442963 → xinbi_088 → 来（发 ）广告，联系 bs91m1
2022-06-01 12:01:37 → 79045541142 → dibai12 → 需要 群、发，找  bs91m1
2022-06-01 12:01:52 → 79917733563 → hashjt → 专业（发 ）广告，联系我 bs91m1
2022-06-01 12:02:05 → 601112672414 → fw992 → 准备（发 ）广告，找  bs91m1
2022-06-01 12:02:17 → 6285242442967 → wangzhuanusdt → 来（发 ）广告，联系 bs91m1
2022-06-01 12:03:03 → 918092132118 → bc1314ssss → 专业（发 ）广告，联系我 bs91m1
2022-06-01 12:03:30 → 79919429746 → MDhuaren1 → 想要（发 ）广告，找 bs91m1
2022-06-01 12:03:58 → 601124042925 → yizhifu678 → 需要 群、发软、件，找  bs91m1
2022-06-01 12:05:20 → 601112672704 → x00008 → 来（发 ）广告，联系 bs91m1
2022-06-01 12:05:32 → 6281218966272 → tsdb01 → 需要 群、发软、件，找  bs91m1
2022-06-01 12:05:57 → 601112672414 → shuju888666 → 想找人（ 发 ）广告，找   bs91m1
2022-06-01 12:06:10 → 6282144789066 → huiguophp → 需要 群、发，找  bs91m1
2022-06-01 12:06:35 → 79919431787 → jiu_777 → 需要 群、发软、件，找  bs91m1
2022-06-01 12:07:18 → 6285242443022 → paofen33 → 准备（发 ）广告，找  bs91m1
2022-06-01 12:07:32 → 6282144789066 → bailaohui_cvv → 专业（发 ）广告，联系我 bs91m1
2022-06-01 12:07:45 → 6285242442963 → TG_88888 → 要（发 ）广告，联系 bs91m1
2022-06-01 12:07:59 → 79917731981 → HWDBQ → 想找人（ 发 ）广告，找   bs91m1
2022-06-01 12:08:40 → 79919431787 → USDT43 → 准备（发 ）广告，找  bs91m1
2022-06-01 12:09:14 → 60142963511 → dbjlq1 → 想找人（ 发 ）广告，找   bs91m1
2022-06-01 12:09:35 → 79045541142 → humanresource63 → 需要 软、件，找  bs91m1
2022-06-01 12:09:51 → 79919429746 → GouTui → 需要 群、发，找  bs91m1
2022-06-01 12:10:36 → 601124042925 → TGlianmeng002 → 想要（发 ）广告，找 bs91m1
2022-06-01 12:12:22 → 62895324567242 → TG088 → 需要 软、件，找  bs91m1
2022-06-01 12:12:35 → 79919431787 → Xiaoxuanfengjiaoliuqun → 需要 群、发，找  bs91m1
2022-06-01 12:12:49 → 79045541142 → iuhiaq11 → 想找人（ 发 ）广告，找   bs91m1
2022-06-01 12:13:37 → 60178838240 → sichouzhilu0 → 要（发 ）广告，联系 bs91m1
2022-06-01 12:14:18 → 79919429746 → szqq3201 → 想要（发 ）广告，找 bs91m1
2022-06-01 12:14:31 → 6285242442963 → dbf6666 → 专业（发 ）广告，联系我 bs91m1
2022-06-01 12:14:50 → 6285242442967 → everscale_china → 专业（发 ）广告，联系我 bs91m1
2022-06-01 12:15:13 → 601124042925 → blsq55 → 需要 软、件，找  bs91m1
2022-06-01 12:15:35 → 60142963511 → sichouzhilu0 → 想找人（ 发 ）广告，找   bs91m1
2022-06-01 12:16:58 → 60142963511 → dbf6666 → 专业（发 ）广告，联系我 bs91m1
2022-06-01 12:18:03 → 6285242442967 → TRJ_shore001 → 要（发 ）广告，联系 bs91m1
2022-06-01 12:18:16 → 6285242443022 → yugzf → 要（发 ）广告，联系 bs91m1
2022-06-01 12:18:30 → 601124042925 → TG166 → 专业（发 ）广告，联系我 bs91m1
2022-06-01 12:18:43 → 79045541142 → mangguoVIP → 需要 群、发软、件，找  bs91m1
2022-06-01 12:19:06 → 60178838240 → Shore999888 → 要（发 ）广告，联系 bs91m1
2022-06-01 12:19:58 → 79917730705 → DB_LM → 准备（发 ）广告，找  bs91m1
2022-06-01 12:20:12 → 601112672414 → tsdb01 → 要（发 ）广告，联系 bs91m1
2022-06-01 12:20:32 → 6285242442967 → TG907 → 专业（发 ）广告，联系我 bs91m1
2022-06-01 12:21:07 → 79045541142 → weikang2020 → 来（发 ）广告，联系 bs91m1
2022-06-01 12:22:00 → 917061771362 → bacommu → 需要 群、发软、件，找  bs91m1
2022-06-01 12:22:12 → 60178838240 → TG088 → 需要 软、件，找  bs91m1
2022-06-01 12:22:51 → 6281218966272 → liang1112233 → 想找人（ 发 ）广告，找   bs91m1
2022-06-01 12:23:39 → 601112672704 → WKLhuaren → 想要（发 ）广告，找 bs91m1
2022-06-01 12:24:11 → 601112672414 → TG006 → 想找人（ 发 ）广告，找   bs91m1
2022-06-01 12:24:52 → 6282144789066 → tongdao25 → 来（发 ）广告，联系 bs91m1
2022-06-01 12:25:06 → 60142963511 → TG0188 → 需要 群、发，找  bs91m1
2022-06-01 12:25:19 → 601112672414 → pigcommunity → 需要 群、发，找  bs91m1
2022-06-01 12:27:29 → 6287775712315 → TGHC1 → 想找人（ 发 ）广告，找   bs91m1
2022-06-01 12:29:59 → 601112672704 → sunshineyyds → 要（发 ）广告，联系 bs91m1
2022-06-01 12:30:12 → 6281218966272 → huione888 → 想找人（ 发 ）广告，找   bs91m1
2022-06-01 12:30:40 → 918092132118 → bclm1 → 需要 群、发软、件，找  bs91m1
2022-06-01 12:31:12 → 6285242442963 → TG006 → 来（发 ）广告，联系 bs91m1
2022-06-01 12:31:39 → 917061771362 → kpou15 → 想要（发 ）广告，找 bs91m1
2022-06-01 12:32:04 → 6285242443022 → paofen33 → 想要（发 ）广告，找 bs91m1
2022-06-01 12:32:17 → 60178838240 → shuju888666 → 来（发 ）广告，联系 bs91m1
2022-06-01 12:33:00 → 601124042925 → BikingChineseGroup → 专业（发 ）广告，联系我 bs91m1
2022-06-01 12:33:29 → 918509922477 → allswapCN → 来（发 ）广告，联系 bs91m1
2022-06-01 12:33:49 → 6285242442963 → xjltq → 来（发 ）广告，联系 bs91m1
2022-06-01 12:34:13 → 917061771362 → danbao96 → 想要（发 ）广告，找 bs91m1
2022-06-01 12:34:32 → 6285242443022 → maticnetwork_china → 要（发 ）广告，联系 bs91m1
2022-06-01 12:34:45 → 6282144789066 → usdtdfds → 需要 软、件，找  bs91m1
2022-06-01 12:36:20 → 601112672704 → x00008 → 专业（发 ）广告，联系我 bs91m1
2022-06-01 12:36:32 → 6285242442967 → sanfang53 → 准备（发 ）广告，找  bs91m1
2022-06-01 12:36:58 → 6287775712315 → adda9523 → 需要 群、发，找  bs91m1
2022-06-01 12:38:53 → 6287775712315 → YS52111 → 需要 软、件，找  bs91m1
2022-06-01 12:39:23 → 601112672704 → baocai217 → 需要 群、发软、件，找  bs91m1
2022-06-01 12:39:45 → 918092132118 → xinbi_088 → 想要（发 ）广告，找 bs91m1
2022-06-01 12:39:58 → 6281218966272 → usdthuihuan → 想要（发 ）广告，找 bs91m1
2022-06-01 12:41:17 → 79917733563 → jinsanjiao2020 → 准备（发 ）广告，找  bs91m1
2022-06-01 12:41:30 → 60178838240 → TG088 → 需要 群、发软、件，找  bs91m1
2022-06-01 12:42:48 → 79919431787 → jiangqxsixsixsix → 准备（发 ）广告，找  bs91m1
2022-06-01 12:44:23 → 6281218966272 → huaxingYL8 → 需要 软、件，找  bs91m1
2022-06-01 12:44:36 → 6285242442963 → xinbi_088 → 准备（发 ）广告，找  bs91m1
2022-06-01 12:44:58 → 6285242442967 → wangzhuanusdt → 想找人（ 发 ）广告，找   bs91m1
2022-06-01 12:46:06 → 6287775712315 → daishou44 → 专业（发 ）广告，联系我 bs91m1
2022-06-01 12:46:59 → 601112672704 → USDThuzhu3 → 想要（发 ）广告，找 bs91m1
2022-06-01 12:47:27 → 6285242442963 → tcelue1 → 想找人（ 发 ）广告，找   bs91m1
2022-06-01 12:47:40 → 60142963511 → si1688 → 想要（发 ）广告，找 bs91m1
2022-06-01 12:47:52 → 6281218966272 → huione888 → 需要 群、发软、件，找  bs91m1
2022-06-01 12:48:15 → 6282144789066 → A_K_3A → 要（发 ）广告，联系 bs91m1
2022-06-01 12:48:49 → 79917731981 → niuniuqu → 要（发 ）广告，联系 bs91m1
2022-06-01 12:49:03 → 79917733563 → InsultingEmpire → 想找人（ 发 ）广告，找   bs91m1
2022-06-01 12:49:23 → 601112672414 → axujj → 专业（发 ）广告，联系我 bs91m1
2022-06-01 12:49:50 → 79045541142 → tokauCN → 需要 软、件，找  bs91m1
2022-06-01 12:50:03 → 601124042925 → sq577 → 要（发 ）广告，联系 bs91m1
2022-06-01 12:50:17 → 6287775712315 → amytelecomgroup → 准备（发 ）广告，找  bs91m1
2022-06-01 12:50:42 → 79919429746 → TG_Market_Group → 来（发 ）广告，联系 bs91m1
2022-06-01 12:51:22 → 601112672704 → TG006 → 专业（发 ）广告，联系我 bs91m1
2022-06-01 12:51:36 → 601124042925 → TG166 → 专业（发 ）广告，联系我 bs91m1
2022-06-01 12:51:54 → 60178838240 → Shore999888 → 专业（发 ）广告，联系我 bs91m1
2022-06-01 12:52:23 → 917061771362 → tsdb01 → 需要 软、件，找  bs91m1
2022-06-01 12:52:35 → 601112672414 → pigcommunity → 专业（发 ）广告，联系我 bs91m1
2022-06-01 12:53:18 → 918509922477 → YTB888 → 准备（发 ）广告，找  bs91m1
2022-06-01 12:53:32 → 79917730705 → TG12389 → 需要 群、发软、件，找  bs91m1
2022-06-01 12:54:18 → 6282144789066 → TG_King80 → 来（发 ）广告，联系 bs91m1
2022-06-01 12:54:40 → 60142963511 → axujj → 准备（发 ）广告，找  bs91m1
2022-06-01 12:54:53 → 6287775712315 → huaren88 → 来（发 ）广告，联系 bs91m1
2022-06-01 12:55:06 → 62895324567242 → Sz1888 → 来（发 ）广告，联系 bs91m1
2022-06-01 12:55:43 → 79919429746 → ps082 → 需要 软、件，找  bs91m1
2022-06-01 12:56:20 → 6287775712315 → shufm → 想找人（ 发 ）广告，找   bs91m1
2022-06-01 12:56:45 → 79917730705 → TG0188 → 要（发 ）广告，联系 bs91m1
2022-06-01 12:57:21 → 917061771362 → dyjiaoliu → 要（发 ）广告，联系 bs91m1
2022-06-01 12:57:36 → 918092132118 → mangguohaxivip1 → 想要（发 ）广告，找 bs91m1
2022-06-01 12:58:27 → 60178838240 → TG1949521 → 想找人（ 发 ）广告，找   bs91m1
2022-06-01 12:58:47 → 6281218966272 → ml520 → 想找人（ 发 ）广告，找   bs91m1
2022-06-01 12:59:00 → 60142963511 → dbjlq1 → 要（发 ）广告，联系 bs91m1
2022-06-01 12:59:21 → 62895324567242 → TG771 → 要（发 ）广告，联系 bs91m1
2022-06-01 13:00:01 → 6287775712315 → sq583 → 需要 群、发，找  bs91m1
2022-06-01 13:00:14 → 601124042925 → jiu_777 → 准备（发 ）广告，找  bs91m1
2022-06-01 13:00:40 → 79919429746 → Hash99028 → 专业（发 ）广告，联系我 bs91m1
2022-06-01 13:00:53 → 6282144789066 → tongdao25 → 专业（发 ）广告，联系我 bs91m1
2022-06-01 13:01:53 → 60142963511 → maticnetwork_china → 来（发 ）广告，联系 bs91m1
2022-06-01 13:02:06 → 60178838240 → sichouzhilu0 → 要（发 ）广告，联系 bs91m1
2022-06-01 13:02:20 → 79919431787 → huanqian35 → 想找人（ 发 ）广告，找   bs91m1
2022-06-01 13:02:46 → 601112672704 → HuobiGlobal_zw → 准备（发 ）广告，找  bs91m1
2022-06-01 13:03:08 → 918509922477 → chenggong006 → 来（发 ）广告，联系 bs91m1
2022-06-01 13:03:33 → 6285242443022 → dibai12 → 想找人（ 发 ）广告，找   bs91m1
2022-06-01 13:04:04 → 79917731981 → OKexyunl12 → 来（发 ）广告，联系 bs91m1
2022-06-01 13:04:25 → 6287775712315 → qipaipan6 → 来（发 ）广告，联系 bs91m1
2022-06-01 13:04:40 → 917061771362 → Xiaoxuanfengjiaoliuqun → 需要 群、发，找  bs91m1
2022-06-01 13:05:04 → 918092132118 → tiktokyinfen → 需要 群、发，找  bs91m1
2022-06-01 13:05:31 → 79919431787 → tsdb01 → 想找人（ 发 ）广告，找   bs91m1
2022-06-01 13:05:47 → 79917731981 → dip9186 → 需要 群、发，找  bs91m1
2022-06-01 13:05:59 → 79045541142 → dubai_37 → 需要 软、件，找  bs91m1
2022-06-01 13:06:33 → 79919429746 → TG108 → 需要 群、发软、件，找  bs91m1
2022-06-01 13:06:45 → 6281218966272 → tsdb01 → 需要 群、发，找  bs91m1
2022-06-01 13:06:58 → 60142963511 → xianliao01 → 需要 群、发，找  bs91m1
2022-06-01 13:07:19 → 601124042925 → shenma001 → 需要 软、件，找  bs91m1
2022-06-01 13:07:38 → 6285242443022 → juliang666 → 准备（发 ）广告，找  bs91m1
2022-06-01 13:08:13 → 79917730705 → TG96110 → 准备（发 ）广告，找  bs91m1
2022-06-01 13:08:29 → 79917733563 → Shore999888 → 想找人（ 发 ）广告，找   bs91m1
2022-06-01 13:09:10 → 6281218966272 → TGdanbao000 → 需要 群、发软、件，找  bs91m1
2022-06-01 13:09:23 → 6285242443022 → dibai778899 → 需要 群、发，找  bs91m1
2022-06-01 13:09:50 → 62895324567242 → TG088 → 准备（发 ）广告，找  bs91m1
2022-06-01 13:10:12 → 6285242442963 → humanresource63 → 想找人（ 发 ）广告，找   bs91m1
2022-06-01 13:10:37 → 918092132118 → CCP5223 → 来（发 ）广告，联系 bs91m1
2022-06-01 13:10:49 → 60178838240 → dibai8880 → 需要 软、件，找  bs91m1
2022-06-01 13:11:02 → 79045541142 → AS668825 → 需要 群、发，找  bs91m1
2022-06-01 13:11:40 → 79917730705 → x00008 → 想要（发 ）广告，找 bs91m1
2022-06-01 13:12:28 → 917061771362 → tongdao25 → 准备（发 ）广告，找  bs91m1
2022-06-01 13:12:40 → 6282144789066 → huiguophp → 需要 软、件，找  bs91m1
2022-06-01 13:12:55 → 79917731981 → MLA9999 → 需要 群、发，找  bs91m1
2022-06-01 13:13:28 → 62895324567242 → USDTm → 来（发 ）广告，联系 bs91m1
2022-06-01 13:14:14 → 6285242442967 → allswapCN → 来（发 ）广告，联系 bs91m1
2022-06-01 13:14:29 → 918092132118 → feihelp → 想找人（ 发 ）广告，找   bs91m1
2022-06-01 13:15:07 → 6285242442963 → juliang666 → 要（发 ）广告，联系 bs91m1
2022-06-01 13:16:13 → 60142963511 → daishou15 → 需要 群、发，找  bs91m1
2022-06-01 13:16:26 → 6285242443022 → WKLhuaren → 来（发 ）广告，联系 bs91m1
2022-06-01 13:17:34 → 79919431787 → qunfalaren2 → 准备（发 ）广告，找  bs91m1
2022-06-01 13:18:42 → 79919429746 → hdjdjod → 想要（发 ）广告，找 bs91m1
2022-06-01 13:20:12 → 6282144789066 → usdtdfds → 需要 群、发，找  bs91m1
2022-06-01 13:20:25 → 79045541142 → usdthuihuan → 需要 群、发软、件，找  bs91m1
2022-06-01 13:20:37 → 6285242442963 → daishou15 → 需要 群、发软、件，找  bs91m1
2022-06-01 13:20:51 → 60142963511 → sichouzhilu0 → 准备（发 ）广告，找  bs91m1
2022-06-01 13:21:14 → 917061771362 → dibai9988 → 准备（发 ）广告，找  bs91m1
2022-06-01 13:21:35 → 62895324567242 → dibaifa → 准备（发 ）广告，找  bs91m1
2022-06-01 13:22:19 → 60142963511 → jiu_777 → 需要 群、发，找  bs91m1
2022-06-01 13:23:22 → 79045541142 → wangzhuan75 → 准备（发 ）广告，找  bs91m1
2022-06-01 13:23:53 → 6285242443022 → daifu76 → 需要 群、发，找  bs91m1
2022-06-01 13:24:15 → 917061771362 → liang1112233 → 专业（发 ）广告，联系我 bs91m1
2022-06-01 13:25:06 → 6287775712315 → TG907 → 来（发 ）广告，联系 bs91m1
2022-06-01 13:25:21 → 918092132118 → xianliao01 → 需要 群、发，找  bs91m1
2022-06-01 13:25:50 → 79045541142 → xbdb01 → 想要（发 ）广告，找 bs91m1
2022-06-01 13:26:37 → 918092132118 → hfjiema → 需要 群、发，找  bs91m1
2022-06-01 13:27:08 → 6285242442967 → TG907 → 想要（发 ）广告，找 bs91m1
2022-06-01 13:27:31 → 62895324567242 → bailaohui_cvv → 需要 软、件，找  bs91m1
2022-06-01 13:27:46 → 6287775712315 → YTZX2 → 想要（发 ）广告，找 bs91m1
2022-06-01 13:29:53 → 917061771362 → gonghailianmeng → 来（发 ）广告，联系 bs91m1
2022-06-01 13:30:05 → 601112672704 → huione888 → 想要（发 ）广告，找 bs91m1
2022-06-01 13:30:52 → 6282144789066 → bailaohui_cvv → 准备（发 ）广告，找  bs91m1
2022-06-01 13:31:43 → 6285242442963 → phbbs → 要（发 ）广告，联系 bs91m1
2022-06-01 13:32:17 → 62895324567242 → Usdtbmw → 需要 群、发软、件，找  bs91m1
2022-06-01 13:32:29 → 60178838240 → dibaifa → 准备（发 ）广告，找  bs91m1
2022-06-01 13:33:04 → 918509922477 → tz636 → 来（发 ）广告，联系 bs91m1
2022-06-01 13:34:41 → 60142963511 → ccv348 → 专业（发 ）广告，联系我 bs91m1
2022-06-01 13:35:14 → 6285242442963 → A_K_3A → 想要（发 ）广告，找 bs91m1
2022-06-01 13:35:35 → 6285242442967 → yindutg → 专业（发 ）广告，联系我 bs91m1
2022-06-01 13:35:48 → 601124042925 → yizhifu678 → 来（发 ）广告，联系 bs91m1
2022-06-01 13:36:50 → 6285242443022 → WKLhuaren → 需要 软、件，找  bs91m1
2022-06-01 13:37:16 → 918509922477 → BAOAA → 需要 软、件，找  bs91m1
2022-06-01 13:37:29 → 6285242442963 → XxUP1121 → 需要 群、发软、件，找  bs91m1
2022-06-01 13:37:53 → 918092132118 → axujj → 来（发 ）广告，联系 bs91m1
2022-06-01 13:38:06 → 601124042925 → sunshineyyds → 需要 群、发，找  bs91m1
2022-06-01 13:38:54 → 62895324567242 → botong002 → 需要 群、发软、件，找  bs91m1
2022-06-01 13:39:06 → 6282144789066 → x00008 → 想找人（ 发 ）广告，找   bs91m1
2022-06-01 13:39:39 → 601112672704 → TG006 → 想要（发 ）广告，找 bs91m1
2022-06-01 13:40:27 → 79045541142 → lovehash929 → 准备（发 ）广告，找  bs91m1
2022-06-01 13:41:18 → 79917733563 → chenggong017 → 需要 软、件，找  bs91m1
2022-06-01 13:41:47 → 601124042925 → TG1949521 → 需要 群、发软、件，找  bs91m1
2022-06-01 13:41:59 → 62895324567242 → GIBXChange_cn → 需要 软、件，找  bs91m1
2022-06-01 13:42:42 → 60178838240 → wy173 → 专业（发 ）广告，联系我 bs91m1
2022-06-01 13:43:18 → 6281218966272 → wz513064 → 需要 群、发软、件，找  bs91m1
2022-06-01 13:44:03 → 79045541142 → TG166 → 想找人（ 发 ）广告，找   bs91m1
2022-06-01 13:44:56 → 79919431787 → sishengq2 → 需要 软、件，找  bs91m1
2022-06-01 13:45:19 → 917061771362 → usdtdfds → 需要 群、发，找  bs91m1
2022-06-01 13:45:56 → 918092132118 → NodeGlobal → 需要 群、发软、件，找  bs91m1
2022-06-01 13:46:40 → 6281218966272 → caoji565 → 专业（发 ）广告，联系我 bs91m1
2022-06-01 13:47:00 → 79045541142 → bailaohui_cvv → 专业（发 ）广告，联系我 bs91m1
2022-06-01 13:47:13 → 6285242442963 → TG_88888 → 需要 软、件，找  bs91m1
2022-06-01 13:47:25 → 601112672704 → baocai217 → 准备（发 ）广告，找  bs91m1
2022-06-01 13:47:37 → 6282144789066 → A_K_3A → 专业（发 ）广告，联系我 bs91m1
2022-06-01 13:47:49 → 6285242442967 → TRJ_shore001 → 需要 群、发软、件，找  bs91m1
2022-06-01 13:48:14 → 79917733563 → shorelalala → 要（发 ）广告，联系 bs91m1
2022-06-01 13:48:30 → 79919431787 → tiandeng88 → 要（发 ）广告，联系 bs91m1
2022-06-01 13:49:04 → 79917730705 → LUNARPROTOCOLA → 要（发 ）广告，联系 bs91m1
2022-06-01 13:49:42 → 918509922477 → haxizongbu8888 → 来（发 ）广告，联系 bs91m1
2022-06-01 13:49:57 → 6287775712315 → ps082 → 需要 群、发软、件，找  bs91m1
2022-06-01 13:50:12 → 79917731981 → programertalk → 要（发 ）广告，联系 bs91m1
2022-06-01 13:50:26 → 918092132118 → Flea66 → 需要 群、发软、件，找  bs91m1
2022-06-01 13:50:39 → 60178838240 → pingan66chadang → 需要 群、发，找  bs91m1
2022-06-01 13:51:00 → 6287775712315 → dongnanyaliaotian → 需要 群、发软、件，找  bs91m1
2022-06-01 13:51:38 → 60142963511 → maticnetwork_china → 想找人（ 发 ）广告，找   bs91m1
2022-06-01 13:52:04 → 79919429746 → mangguohaxivip1 → 需要 群、发软、件，找  bs91m1
2022-06-01 13:52:58 → 79917730705 → sdjsafhsudij → 专业（发 ）广告，联系我 bs91m1
2022-06-01 13:53:41 → 917061771362 → KOKO9963 → 专业（发 ）广告，联系我 bs91m1
2022-06-01 13:54:11 → 6281218966272 → huanqian35 → 准备（发 ）广告，找  bs91m1
2022-06-01 13:54:40 → 918092132118 → usdthuihuan → 想找人（ 发 ）广告，找   bs91m1
2022-06-01 13:55:26 → 79919429746 → NodeGlobal → 需要 群、发，找  bs91m1
2022-06-01 13:55:47 → 6285242443022 → paofen33 → 想要（发 ）广告，找 bs91m1
2022-06-01 13:56:32 → 79917731981 → yqtqi8 → 想找人（ 发 ）广告，找   bs91m1
2022-06-01 13:56:46 → 79919431787 → jiu_777 → 需要 软、件，找  bs91m1
2022-06-01 13:57:20 → 918092132118 → xjltq → 需要 软、件，找  bs91m1
2022-06-01 13:57:33 → 79917730705 → sucai_629 → 要（发 ）广告，联系 bs91m1
2022-06-01 13:57:47 → 601124042925 → tz636 → 专业（发 ）广告，联系我 bs91m1
2022-06-01 13:58:09 → 79045541142 → TGlianmeng002 → 需要 软、件，找  bs91m1
2022-06-01 13:58:24 → 79917733563 → Zfb_qq → 需要 软、件，找  bs91m1
2022-06-01 13:58:37 → 6285242442963 → tcelue1 → 想要（发 ）广告，找 bs91m1
2022-06-01 13:58:51 → 60142963511 → si1688 → 需要 群、发软、件，找  bs91m1
2022-06-01 13:59:05 → 917061771362 → cccccccxyyy → 准备（发 ）广告，找  bs91m1
2022-06-01 13:59:44 → 918509922477 → HWDBQ → 想要（发 ）广告，找 bs91m1
2022-06-01 13:59:57 → 601112672704 → MDhuaren1 → 要（发 ）广告，联系 bs91m1
2022-06-01 14:00:24 → 6281218966272 → liang1112233 → 专业（发 ）广告，联系我 bs91m1
2022-06-01 14:00:47 → 6285242443022 → daifu76 → 需要 群、发，找  bs91m1
2022-06-01 14:01:14 → 6285242442967 → az123818 → 想要（发 ）广告，找 bs91m1
2022-06-01 14:01:37 → 79917730705 → shorelalala → 专业（发 ）广告，联系我 bs91m1
2022-06-01 14:01:58 → 79919431787 → tongdao25 → 来（发 ）广告，联系 bs91m1
2022-06-01 14:02:21 → 6287775712315 → Flea66 → 想找人（ 发 ）广告，找   bs91m1
2022-06-01 14:02:35 → 6285242442963 → TG006 → 来（发 ）广告，联系 bs91m1
2022-06-01 14:02:49 → 917061771362 → daishou586 → 想找人（ 发 ）广告，找   bs91m1
2022-06-01 14:03:01 → 60178838240 → WKLhuaren → 来（发 ）广告，联系 bs91m1
2022-06-01 14:03:17 → 918092132118 → qipaipan54 → 需要 群、发，找  bs91m1
2022-06-01 14:03:33 → 79919429746 → BNBMastersd → 要（发 ）广告，联系 bs91m1
2022-06-01 14:03:45 → 62895324567242 → TG088 → 想找人（ 发 ）广告，找   bs91m1
2022-06-01 14:04:46 → 79917730705 → xingbi0088 → 要（发 ）广告，联系 bs91m1
2022-06-01 14:05:14 → 79919429746 → xn6699 → 来（发 ）广告，联系 bs91m1
2022-06-01 14:05:48 → 6282144789066 → dayofdefeatCN → 想找人（ 发 ）广告，找   bs91m1
2022-06-01 14:06:15 → 62895324567242 → TG771 → 想找人（ 发 ）广告，找   bs91m1
2022-06-01 14:06:33 → 918509922477 → chenggong049 → 要（发 ）广告，联系 bs91m1
2022-06-01 14:07:10 → 918092132118 → huiguophp → 要（发 ）广告，联系 bs91m1
2022-06-01 14:07:24 → 79919431787 → lovehash2999B → 来（发 ）广告，联系 bs91m1
2022-06-01 14:07:38 → 6281218966272 → iBox_official → 需要 群、发软、件，找  bs91m1
2022-06-01 14:08:34 → 918509922477 → phbbs → 准备（发 ）广告，找  bs91m1
2022-06-01 14:08:49 → 79917731981 → fbwsline2021 → 想要（发 ）广告，找 bs91m1
2022-06-01 14:09:04 → 6287775712315 → zhifuo → 需要 群、发，找  bs91m1
2022-06-01 14:10:14 → 62895324567242 → Sz1888 → 需要 软、件，找  bs91m1
2022-06-01 14:10:48 → 601112672704 → sunshineyyds → 要（发 ）广告，联系 bs91m1
2022-06-01 14:11:00 → 6285242442967 → sanfang53 → 需要 群、发软、件，找  bs91m1
2022-06-01 14:11:49 → 79919429746 → Owowokwe → 来（发 ）广告，联系 bs91m1
2022-06-01 14:12:01 → 6285242443022 → yugzf → 要（发 ）广告，联系 bs91m1
2022-06-01 14:12:13 → 6282144789066 → TG_King80 → 想要（发 ）广告，找 bs91m1
2022-06-01 14:12:43 → 60142963511 → TG0188 → 想要（发 ）广告，找 bs91m1
2022-06-01 14:13:04 → 60178838240 → xjltq → 需要 群、发软、件，找  bs91m1
2022-06-01 14:13:17 → 6281218966272 → dyjiaoliu → 要（发 ）广告，联系 bs91m1
2022-06-01 14:13:34 → 79919429746 → shenma001 → 想要（发 ）广告，找 bs91m1
2022-06-01 14:13:55 → 79045541142 → xinbi_088 → 来（发 ）广告，联系 bs91m1
2022-06-01 14:14:28 → 6285242442967 → elemonchinese → 需要 群、发，找  bs91m1
2022-06-01 14:15:04 → 601124042925 → fbwsline2021 → 要（发 ）广告，联系 bs91m1
2022-06-01 14:15:31 → 6285242443022 → maticnetwork_china → 专业（发 ）广告，联系我 bs91m1
2022-06-01 14:15:46 → 917061771362 → TG006 → 要（发 ）广告，联系 bs91m1
2022-06-01 14:16:25 → 6282144789066 → bailaohui_cvv → 要（发 ）广告，联系 bs91m1
2022-06-01 14:16:38 → 6285242442963 → XxUP1121 → 需要 群、发，找  bs91m1
2022-06-01 14:17:10 → 6285242442963 → TG_88888 → 来（发 ）广告，联系 bs91m1
2022-06-01 14:17:35 → 601112672704 → USDThuzhu3 → 需要 群、发，找  bs91m1
2022-06-01 14:18:19 → 918092132118 → tsdb01 → 需要 群、发，找  bs91m1
2022-06-01 14:18:48 → 6282144789066 → usdtdfds → 准备（发 ）广告，找  bs91m1
2022-06-01 14:19:00 → 6285242442967 → everscale_china → 想找人（ 发 ）广告，找   bs91m1
2022-06-01 14:19:31 → 79919429746 → TG_King90 → 需要 群、发软、件，找  bs91m1
2022-06-01 14:19:51 → 918509922477 → xn6699 → 需要 软、件，找  bs91m1
2022-06-01 14:20:38 → 79045541142 → mghxfls → 准备（发 ）广告，找  bs91m1
2022-06-01 14:21:10 → 79919429746 → dibaifa → 专业（发 ）广告，联系我 bs91m1
2022-06-01 14:21:26 → 917061771362 → bclm1 → 来（发 ）广告，联系 bs91m1
2022-06-01 14:21:52 → 601112672704 → x00008 → 需要 群、发，找  bs91m1
2022-06-01 14:22:38 → 918092132118 → yinhe1661 → 需要 群、发，找  bs91m1
2022-06-01 14:22:53 → 6287775712315 → tcelue1 → 需要 软、件，找  bs91m1
2022-06-01 14:23:36 → 601124042925 → TG166 → 需要 群、发软、件，找  bs91m1
2022-06-01 14:23:50 → 60142963511 → dbjlq1 → 准备（发 ）广告，找  bs91m1
2022-06-01 14:24:04 → 6281218966272 → huaxingYL8 → 来（发 ）广告，联系 bs91m1
2022-06-01 14:24:16 → 62895324567242 → dibaifa → 来（发 ）广告，联系 bs91m1
2022-06-01 14:24:50 → 79917730705 → sunshineyyds → 想要（发 ）广告，找 bs91m1
2022-06-01 14:25:45 → 79917730705 → yinhangkausdt → 需要 软、件，找  bs91m1
2022-06-01 14:26:21 → 79045541142 → USDT43 → 要（发 ）广告，联系 bs91m1
2022-06-01 14:26:41 → 60178838240 → pingan66chadang → 想要（发 ）广告，找 bs91m1
2022-06-01 14:27:37 → 6285242442967 → wangzhuanusdt → 想要（发 ）广告，找 bs91m1
2022-06-01 14:27:49 → 601112672704 → WKLhuaren → 需要 软、件，找  bs91m1
2022-06-01 14:28:03 → 6285242443022 → chaxun2020 → 准备（发 ）广告，找  bs91m1
2022-06-01 14:28:16 → 6281218966272 → liang1112233 → 想找人（ 发 ）广告，找   bs91m1
2022-06-01 14:28:40 → 60142963511 → axujj → 想要（发 ）广告，找 bs91m1
2022-06-01 14:29:21 → 6287775712315 → tg018 → 需要 软、件，找  bs91m1
2022-06-01 14:29:49 → 62895324567242 → USDTm → 需要 群、发软、件，找  bs91m1
2022-06-01 14:31:05 → 79045541142 → TG907 → 需要 群、发软、件，找  bs91m1
2022-06-01 14:31:19 → 918092132118 → Usdtbmw → 想要（发 ）广告，找 bs91m1
2022-06-01 14:31:32 → 6281218966272 → huione888 → 需要 群、发，找  bs91m1
2022-06-01 14:32:42 → 6287775712315 → wushi95 → 需要 群、发软、件，找  bs91m1
2022-06-01 14:34:29 → 6285242443022 → WKLhuaren → 需要 群、发软、件，找  bs91m1
2022-06-01 14:35:19 → 62895324567242 → GIBXChange_cn → 专业（发 ）广告，联系我 bs91m1
2022-06-01 14:36:28 → 601124042925 → sunshineyyds → 准备（发 ）广告，找  bs91m1
2022-06-01 14:36:48 → 6282144789066 → huiguophp → 专业（发 ）广告，联系我 bs91m1
2022-06-01 14:37:15 → 6285242442967 → az123818 → 想要（发 ）广告，找 bs91m1
2022-06-01 14:37:30 → 918092132118 → qunfalaren2 → 要（发 ）广告，联系 bs91m1
2022-06-01 14:38:35 → 60142963511 → daishou15 → 需要 群、发，找  bs91m1
2022-06-01 14:39:25 → 6285242442963 → daishou15 → 想要（发 ）广告，找 bs91m1
2022-06-01 14:40:27 → 79045541142 → x00008 → 想找人（ 发 ）广告，找   bs91m1
2022-06-01 14:40:45 → 917061771362 → a8hash9 → 专业（发 ）广告，联系我 bs91m1
2022-06-01 14:41:07 → 6287775712315 → TGdanbao000 → 需要 群、发，找  bs91m1
2022-06-01 14:41:19 → 6281218966272 → iBox_official → 想要（发 ）广告，找 bs91m1
2022-06-01 14:41:46 → 601112672704 → huione888 → 想要（发 ）广告，找 bs91m1
2022-06-01 14:41:59 → 6287775712315 → hareair_1 → 需要 群、发软、件，找  bs91m1
2022-06-01 14:42:43 → 918509922477 → hengxinjituan66 → 专业（发 ）广告，联系我 bs91m1
2022-06-01 14:43:16 → 917061771362 → TG00018 → 想要（发 ）广告，找 bs91m1
2022-06-01 14:43:53 → 601124042925 → TGlianmeng002 → 想找人（ 发 ）广告，找   bs91m1
2022-06-01 14:44:08 → 918092132118 → xbdb01 → 来（发 ）广告，联系 bs91m1
2022-06-01 14:45:36 → 6285242442963 → phbbs → 专业（发 ）广告，联系我 bs91m1
2022-06-01 14:45:48 → 6285242443022 → paofen33 → 准备（发 ）广告，找  bs91m1
2022-06-01 14:46:12 → 60178838240 → sichouzhilu0 → 专业（发 ）广告，联系我 bs91m1
2022-06-01 14:46:33 → 918092132118 → USDThuzhu3 → 需要 群、发软、件，找  bs91m1
2022-06-01 14:47:14 → 79917733563 → huzituandui → 需要 软、件，找  bs91m1
2022-06-01 14:47:26 → 601112672704 → HuobiGlobal_zw → 要（发 ）广告，联系 bs91m1
2022-06-01 14:47:40 → 79045541142 → TGlianmeng002 → 需要 群、发，找  bs91m1
2022-06-01 14:47:52 → 60142963511 → jiu_777 → 需要 软、件，找  bs91m1
2022-06-01 14:48:06 → 917061771362 → loveuchina → 需要 群、发软、件，找  bs91m1
2022-06-01 14:48:28 → 6285242443022 → yugzf → 要（发 ）广告，联系 bs91m1
2022-06-01 14:48:41 → 60178838240 → WKLhuaren → 要（发 ）广告，联系 bs91m1
2022-06-01 14:48:55 → 79919431787 → BtokCN_001 → 要（发 ）广告，联系 bs91m1
2022-06-01 14:49:09 → 6285242442963 → juliang666 → 需要 群、发，找  bs91m1
2022-06-01 14:49:57 → 6287775712315 → liang1112233 → 准备（发 ）广告，找  bs91m1
2022-06-01 14:50:11 → 62895324567242 → bailaohui_cvv → 要（发 ）广告，联系 bs91m1
2022-06-01 14:50:25 → 601124042925 → sq577 → 需要 群、发，找  bs91m1
2022-06-01 14:50:40 → 918509922477 → DXtuandui1 → 专业（发 ）广告，联系我 bs91m1
2022-06-01 14:51:32 → 79919431787 → CA0505 → 需要 软、件，找  bs91m1
2022-06-01 14:52:33 → 60178838240 → xjltq → 需要 群、发，找  bs91m1
2022-06-01 14:53:32 → 6287775712315 → TG_857 → 专业（发 ）广告，联系我 bs91m1
2022-06-01 14:53:45 → 6281218966272 → usdthuihuan → 来（发 ）广告，联系 bs91m1
2022-06-01 14:55:11 → 79917731981 → bacommu → 要（发 ）广告，联系 bs91m1
2022-06-01 14:56:08 → 918092132118 → bitcoindfds → 来（发 ）广告，联系 bs91m1
2022-06-01 14:56:47 → 79917730705 → chaxun2020 → 需要 群、发，找  bs91m1
2022-06-01 14:57:02 → 79917733563 → wetfsgscbcgdf → 需要 群、发软、件，找  bs91m1
2022-06-01 14:57:22 → 79919431787 → daishou15 → 需要 软、件，找  bs91m1
2022-06-01 14:57:59 → 6282144789066 → x00008 → 准备（发 ）广告，找  bs91m1
2022-06-01 14:58:22 → 79917731981 → tangbao_001 → 需要 软、件，找  bs91m1
2022-06-01 14:59:16 → 6281218966272 → huanqian35 → 专业（发 ）广告，联系我 bs91m1
2022-06-01 15:01:06 → 60178838240 → wy173 → 需要 群、发，找  bs91m1
2022-06-01 15:01:19 → 60142963511 → sichouzhilu0 → 准备（发 ）广告，找  bs91m1
2022-06-01 15:01:49 → 6285242442967 → TG907 → 要（发 ）广告，联系 bs91m1
2022-06-01 15:02:10 → 6282144789066 → tongdao25 → 需要 软、件，找  bs91m1
2022-06-01 15:02:25 → 79917730705 → huihui220 → 要（发 ）广告，联系 bs91m1
2022-06-01 15:02:40 → 917061771362 → KOKO9963 → 准备（发 ）广告，找  bs91m1
2022-06-01 15:03:11 → 79917731981 → Fh1hz5168 → 准备（发 ）广告，找  bs91m1
2022-06-01 15:03:32 → 6285242442963 → xinbi_088 → 需要 软、件，找  bs91m1
2022-06-01 15:04:03 → 917061771362 → xjltq → 想找人（ 发 ）广告，找   bs91m1
2022-06-01 15:04:26 → 6287775712315 → HWDBQQ → 需要 群、发，找  bs91m1
2022-06-01 15:04:39 → 60178838240 → TG1949521 → 来（发 ）广告，联系 bs91m1
2022-06-01 15:04:53 → 79917733563 → TG_King90 → 准备（发 ）广告，找  bs91m1
2022-06-01 15:05:18 → 6281218966272 → ml520 → 想要（发 ）广告，找 bs91m1
2022-06-01 15:05:31 → 6285242442963 → xjltq → 需要 群、发软、件，找  bs91m1
2022-06-01 15:05:49 → 918509922477 → iBox_official → 需要 软、件，找  bs91m1
2022-06-01 15:06:21 → 79917731981 → Actioner_Of_Wind → 想要（发 ）广告，找 bs91m1
2022-06-01 15:07:02 → 79045541142 → WKLhuaren → 来（发 ）广告，联系 bs91m1
2022-06-01 15:07:14 → 601112672704 → pshqo → 来（发 ）广告，联系 bs91m1
2022-06-01 15:07:26 → 6285242442967 → allswapCN → 想要（发 ）广告，找 bs91m1
2022-06-01 15:07:41 → 918092132118 → AKAFC888 → 需要 群、发软、件，找  bs91m1
2022-06-01 15:08:37 → 6287775712315 → qipaipan6 → 需要 软、件，找  bs91m1
2022-06-01 15:09:14 → 79917731981 → huihui220 → 专业（发 ）广告，联系我 bs91m1
2022-06-01 15:10:06 → 60178838240 → TG088 → 需要 软、件，找  bs91m1
2022-06-01 15:10:18 → 79045541142 → AS668825 → 准备（发 ）广告，找  bs91m1
2022-06-01 15:10:33 → 601124042925 → shenma001 → 需要 软、件，找  bs91m1
2022-06-01 15:10:49 → 79919429746 → dibai8880 → 准备（发 ）广告，找  bs91m1
2022-06-01 15:11:03 → 6282144789066 → huiguophp → 来（发 ）广告，联系 bs91m1
2022-06-01 15:11:22 → 6285242443022 → juliang666 → 需要 软、件，找  bs91m1
2022-06-01 15:11:37 → 917061771362 → zhongbenmiao → 需要 群、发软、件，找  bs91m1
2022-06-01 15:11:51 → 918092132118 → mangguohaxivip1 → 专业（发 ）广告，联系我 bs91m1
2022-06-01 15:12:33 → 79917733563 → tianyancha08 → 要（发 ）广告，联系 bs91m1
2022-06-01 15:12:45 → 6285242442967 → yindutg → 要（发 ）广告，联系 bs91m1
2022-06-01 15:13:00 → 79919429746 → bcweb → 准备（发 ）广告，找  bs91m1
2022-06-01 15:13:31 → 601112672704 → sunshineyyds → 需要 群、发软、件，找  bs91m1
2022-06-01 15:14:03 → 918509922477 → Shore999888 → 要（发 ）广告，联系 bs91m1
2022-06-01 15:14:33 → 601124042925 → TG1949521 → 想要（发 ）广告，找 bs91m1
2022-06-01 15:14:46 → 917061771362 → WGFLQ0024 → 需要 群、发，找  bs91m1
2022-06-01 15:15:08 → 62895324567242 → Usdtbmw → 想找人（ 发 ）广告，找   bs91m1
2022-06-01 15:15:53 → 6285242442963 → tianziusdt → 想找人（ 发 ）广告，找   bs91m1
2022-06-01 15:16:06 → 79045541142 → wy173 → 专业（发 ）广告，联系我 bs91m1
2022-06-01 15:16:33 → 6282144789066 → TG_King80 → 要（发 ）广告，联系 bs91m1
2022-06-01 15:16:45 → 60178838240 → dibaifa → 要（发 ）广告，联系 bs91m1
2022-06-01 15:17:15 → 601112672704 → WKLhuaren → 需要 群、发软、件，找  bs91m1
2022-06-01 15:17:38 → 918092132118 → hfjiema → 要（发 ）广告，联系 bs91m1
2022-06-01 15:17:51 → 79045541142 → yuantoushuju4 → 想要（发 ）广告，找 bs91m1
2022-06-01 15:18:05 → 79919431787 → Xiaoxuanfengjiaoliuqun → 准备（发 ）广告，找  bs91m1
2022-06-01 15:18:30 → 79917730705 → USDTm → 准备（发 ）广告，找  bs91m1
2022-06-01 15:18:49 → 6281218966272 → TGdanbao000 → 需要 群、发，找  bs91m1
2022-06-01 15:19:02 → 6285242442963 → humanresource63 → 需要 群、发，找  bs91m1
2022-06-01 15:19:15 → 6285242443022 → chaxun2020 → 想要（发 ）广告，找 bs91m1
2022-06-01 15:19:56 → 6287775712315 → xingbi0088 → 准备（发 ）广告，找  bs91m1
2022-06-01 15:20:20 → 601124042925 → jiu_777 → 需要 群、发软、件，找  bs91m1
2022-06-01 15:21:00 → 79045541142 → daishoujiaoyi → 想找人（ 发 ）广告，找   bs91m1
2022-06-01 15:21:58 → 917061771362 → mnl111 → 来（发 ）广告，联系 bs91m1
2022-06-01 15:22:12 → 918092132118 → xingxingpiaohao1 → 需要 群、发，找  bs91m1
2022-06-01 15:22:25 → 79919431787 → sanfang53 → 来（发 ）广告，联系 bs91m1
2022-06-01 15:22:48 → 60142963511 → TG0188 → 来（发 ）广告，联系 bs91m1
2022-06-01 15:23:46 → 79919429746 → lhc918 → 来（发 ）广告，联系 bs91m1
2022-06-01 15:24:12 → 6281218966272 → dyjiaoliu → 专业（发 ）广告，联系我 bs91m1
2022-06-01 15:25:31 → 918509922477 → bclm1 → 需要 群、发软、件，找  bs91m1
2022-06-01 15:26:09 → 6282144789066 → bailaohui_cvv → 需要 软、件，找  bs91m1
2022-06-01 15:26:24 → 918092132118 → TG006 → 要（发 ）广告，联系 bs91m1
2022-06-01 15:26:47 → 6287775712315 → zhifuo → 来（发 ）广告，联系 bs91m1
2022-06-01 15:28:12 → 6285242442967 → elemonchinese → 要（发 ）广告，联系 bs91m1
2022-06-01 15:29:11 → 918092132118 → Usdtbmw → 需要 群、发软、件，找  bs91m1
2022-06-01 15:29:25 → 601124042925 → BAOAA → 准备（发 ）广告，找  bs91m1
2022-06-01 15:30:06 → 6285242442967 → sanfang53 → 专业（发 ）广告，联系我 bs91m1
2022-06-01 15:30:40 → 6285242442963 → xjltq → 需要 群、发，找  bs91m1
2022-06-01 15:31:18 → 6287775712315 → WorldMobile_CN → 想找人（ 发 ）广告，找   bs91m1
2022-06-01 15:31:54 → 917061771362 → usdtdfds → 来（发 ）广告，联系 bs91m1
2022-06-01 15:32:38 → 60142963511 → axujj → 专业（发 ）广告，联系我 bs91m1
2022-06-01 15:33:12 → 918509922477 → cccccccxyyy → 需要 软、件，找  bs91m1
2022-06-01 15:34:10 → 60178838240 → Shore999888 → 需要 群、发，找  bs91m1
2022-06-01 15:34:53 → 62895324567242 → USDTm → 需要 软、件，找  bs91m1
2022-06-01 15:35:37 → 917061771362 → gonghailianmeng → 专业（发 ）广告，联系我 bs91m1
2022-06-01 15:36:19 → 918509922477 → oasisnetworkchina → 准备（发 ）广告，找  bs91m1
2022-06-01 15:36:32 → 60142963511 → daishou15 → 需要 群、发软、件，找  bs91m1
2022-06-01 15:37:47 → 62895324567242 → bailaohui_cvv → 准备（发 ）广告，找  bs91m1
2022-06-01 15:38:17 → 6282144789066 → tongdao25 → 想要（发 ）广告，找 bs91m1
2022-06-01 15:38:29 → 601112672704 → USDThuzhu3 → 想找人（ 发 ）广告，找   bs91m1
2022-06-01 15:38:51 → 918092132118 → USDThuzhu3 → 需要 群、发软、件，找  bs91m1
2022-06-01 15:39:05 → 6285242442963 → wz513064 → 需要 群、发软、件，找  bs91m1
2022-06-01 15:39:17 → 6285242442967 → TRJ_shore001 → 想找人（ 发 ）广告，找   bs91m1
2022-06-01 15:39:32 → 6287775712315 → BtokCN_0020 → 想找人（ 发 ）广告，找   bs91m1
2022-06-01 15:39:44 → 6281218966272 → wz513064 → 准备（发 ）广告，找  bs91m1
2022-06-01 15:41:00 → 79045541142 → USDT43 → 需要 群、发软、件，找  bs91m1
2022-06-01 15:41:30 → 918092132118 → bc1314ssss → 想要（发 ）广告，找 bs91m1
2022-06-01 15:42:01 → 6287775712315 → usdthuihuan → 准备（发 ）广告，找  bs91m1
2022-06-01 15:42:22 → 62895324567242 → Sz1888 → 来（发 ）广告，联系 bs91m1
2022-06-01 15:42:37 → 917061771362 → dibai12 → 来（发 ）广告，联系 bs91m1
2022-06-01 15:42:51 → 601124042925 → tz636 → 需要 软、件，找  bs91m1
2022-06-01 15:43:20 → 918509922477 → chaxun2020 → 要（发 ）广告，联系 bs91m1
2022-06-01 15:43:53 → 601112672704 → TG006 → 需要 群、发软、件，找  bs91m1
2022-06-01 15:44:13 → 6285242442963 → phbbs → 想找人（ 发 ）广告，找   bs91m1
2022-06-01 15:44:36 → 6281218966272 → caoji565 → 专业（发 ）广告，联系我 bs91m1
2022-06-01 15:45:21 → 918509922477 → wetfsgscbcgdf → 要（发 ）广告，联系 bs91m1
2022-06-01 15:45:42 → 79917733563 → jinsanjiao2020 → 来（发 ）广告，联系 bs91m1
2022-06-01 15:46:32 → 79045541142 → mangguoVIP → 来（发 ）广告，联系 bs91m1
2022-06-01 15:47:06 → 62895324567242 → botong002 → 准备（发 ）广告，找  bs91m1
2022-06-01 15:47:28 → 6282144789066 → x00008 → 想要（发 ）广告，找 bs91m1
2022-06-01 15:47:41 → 601124042925 → yizhifu678 → 准备（发 ）广告，找  bs91m1
2022-06-01 15:47:53 → 6285242443022 → WKLhuaren → 要（发 ）广告，联系 bs91m1
2022-06-01 15:48:18 → 918509922477 → starfishoscn → 需要 群、发，找  bs91m1
2022-06-01 15:49:11 → 6285242442963 → juliang666 → 想找人（ 发 ）广告，找   bs91m1
2022-06-01 15:49:53 → 917061771362 → shouxi88 → 要（发 ）广告，联系 bs91m1
2022-06-01 15:50:08 → 79917733563 → luckyy99999 → 需要 软、件，找  bs91m1
2022-06-01 15:50:58 → 79919431787 → bclm1 → 需要 软、件，找  bs91m1
2022-06-01 15:51:21 → 918092132118 → NodeGlobal → 想要（发 ）广告，找 bs91m1
2022-06-01 15:51:42 → 6281218966272 → tsdb01 → 要（发 ）广告，联系 bs91m1
2022-06-01 15:52:04 → 60142963511 → ccv348 → 需要 群、发，找  bs91m1
2022-06-01 15:52:30 → 601112672704 → baocai217 → 需要 群、发软、件，找  bs91m1
2022-06-01 15:53:00 → 918509922477 → tsdb01 → 想要（发 ）广告，找 bs91m1
2022-06-01 15:53:13 → 6285242442963 → tcelue1 → 准备（发 ）广告，找  bs91m1
2022-06-01 15:53:26 → 62895324567242 → Usdtbmw → 要（发 ）广告，联系 bs91m1
2022-06-01 15:53:39 → 79045541142 → TG_88888 → 需要 群、发，找  bs91m1
2022-06-01 15:54:02 → 601112672704 → huione888 → 需要 群、发，找  bs91m1
2022-06-01 15:54:54 → 79917731981 → obhaxi07 → 要（发 ）广告，联系 bs91m1
2022-06-01 15:55:39 → 79917733563 → GoRideCommunityChat → 要（发 ）广告，联系 bs91m1
2022-06-01 15:56:01 → 918092132118 → tiktokyinfen → 来（发 ）广告，联系 bs91m1
2022-06-01 15:56:14 → 60142963511 → si1688 → 想找人（ 发 ）广告，找   bs91m1
2022-06-01 15:56:26 → 6282144789066 → usdtdfds → 想要（发 ）广告，找 bs91m1
2022-06-01 15:56:48 → 79919429746 → DBhuaren1 → 需要 群、发，找  bs91m1
2022-06-01 15:57:17 → 601112672704 → x00008 → 要（发 ）广告，联系 bs91m1
2022-06-01 15:57:40 → 79917730705 → DBhuaren1 → 想要（发 ）广告，找 bs91m1
2022-06-01 15:57:52 → 6285242442963 → xinbi_088 → 需要 软、件，找  bs91m1
2022-06-01 15:58:20 → 601124042925 → TGlianmeng002 → 想要（发 ）广告，找 bs91m1
2022-06-01 15:59:06 → 6287775712315 → tcelue1 → 需要 群、发，找  bs91m1
2022-06-01 15:59:27 → 60142963511 → sichouzhilu0 → 需要 群、发，找  bs91m1
2022-06-01 15:59:52 → 79919431787 → zhifuo → 要（发 ）广告，联系 bs91m1
2022-06-01 16:00:37 → 79917731981 → TGlianmeng002 → 想找人（ 发 ）广告，找   bs91m1
2022-06-01 16:01:54 → 601124042925 → sunshineyyds → 专业（发 ）广告，联系我 bs91m1
2022-06-01 16:02:18 → 918092132118 → feihelp → 需要 群、发软、件，找  bs91m1
2022-06-01 16:03:03 → 79919431787 → az123818 → 需要 群、发软、件，找  bs91m1
2022-06-01 16:03:18 → 79919429746 → oeunetwork → 专业（发 ）广告，联系我 bs91m1
2022-06-01 16:03:30 → 6285242443022 → MDhuaren1 → 专业（发 ）广告，联系我 bs91m1
2022-06-01 16:03:43 → 60142963511 → BAOAA → 想找人（ 发 ）广告，找   bs91m1
2022-06-01 16:04:05 → 79917731981 → TGdanbao000 → 要（发 ）广告，联系 bs91m1
2022-06-01 16:04:23 → 918509922477 → chenggong005 → 想要（发 ）广告，找 bs91m1
2022-06-01 16:04:37 → 79917730705 → BtokCN_0018 → 来（发 ）广告，联系 bs91m1
2022-06-01 16:05:23 → 79919431787 → jdghkjghkjghkhcgkh → 需要 群、发，找  bs91m1
2022-06-01 16:05:35 → 79045541142 → humanresource63 → 需要 群、发，找  bs91m1
2022-06-01 16:05:53 → 918509922477 → bdflb365 → 来（发 ）广告，联系 bs91m1
2022-06-01 16:06:19 → 6285242442963 → KMFW56789 → 专业（发 ）广告，联系我 bs91m1
2022-06-01 16:06:33 → 60178838240 → WKLhuaren → 要（发 ）广告，联系 bs91m1
2022-06-01 16:06:47 → 60142963511 → jiu_777 → 准备（发 ）广告，找  bs91m1
2022-06-01 16:07:00 → 79917730705 → tsdb01 → 来（发 ）广告，联系 bs91m1
2022-06-01 16:07:28 → 918092132118 → CCP5223 → 专业（发 ）广告，联系我 bs91m1
2022-06-01 16:07:51 → 917061771362 → cccccccxyyy → 要（发 ）广告，联系 bs91m1
2022-06-01 16:08:04 → 62895324567242 → dibaifa → 需要 软、件，找  bs91m1
2022-06-01 16:08:17 → 601124042925 → tz636 → 准备（发 ）广告，找  bs91m1
2022-06-01 16:08:32 → 79919429746 → baocai217 → 想要（发 ）广告，找 bs91m1
2022-06-01 16:09:05 → 601112672704 → x00008 → 来（发 ）广告，联系 bs91m1
2022-06-01 16:09:18 → 6285242443022 → chaxun2020 → 要（发 ）广告，联系 bs91m1
2022-06-01 16:09:49 → 79919431787 → wangzhuanusdt → 来（发 ）广告，联系 bs91m1
2022-06-01 16:10:03 → 79917730705 → hyshx999 → 专业（发 ）广告，联系我 bs91m1
2022-06-01 16:10:20 → 79919429746 → yinhangkausdt → 需要 群、发，找  bs91m1
2022-06-01 16:10:32 → 79045541142 → BTCusdtNFT → 想要（发 ）广告，找 bs91m1
2022-06-01 16:10:46 → 79917731981 → DiP887 → 来（发 ）广告，联系 bs91m1
2022-06-01 16:11:07 → 60142963511 → dbjlq1 → 来（发 ）广告，联系 bs91m1
2022-06-01 16:11:34 → 60178838240 → TG1949521 → 需要 群、发，找  bs91m1
2022-06-01 16:12:24 → 917061771362 → chenggong045 → 想要（发 ）广告，找 bs91m1
2022-06-01 16:12:53 → 6285242443022 → dibai778899 → 想要（发 ）广告，找 bs91m1
2022-06-01 16:13:06 → 62895324567242 → GIBXChange_cn → 来（发 ）广告，联系 bs91m1
2022-06-01 16:13:21 → 918092132118 → Flea66 → 专业（发 ）广告，联系我 bs91m1
2022-06-01 16:13:34 → 6285242442963 → TG006 → 需要 软、件，找  bs91m1
2022-06-01 16:13:48 → 6287775712315 → TG108 → 需要 软、件，找  bs91m1
2022-06-01 16:14:44 → 917061771362 → USDTm → 要（发 ）广告，联系 bs91m1
2022-06-01 16:14:59 → 79917731981 → xinshi888 → 需要 群、发，找  bs91m1
2022-06-01 16:15:18 → 601112672704 → huione888 → 需要 群、发软、件，找  bs91m1
2022-06-01 16:15:48 → 79045541142 → TG166 → 要（发 ）广告，联系 bs91m1
2022-06-01 16:16:13 → 79919429746 → FQ3P3 → 需要 群、发，找  bs91m1
2022-06-01 16:16:37 → 6285242443022 → juliang666 → 需要 群、发，找  bs91m1
2022-06-01 16:17:14 → 6285242442963 → daishou15 → 需要 软、件，找  bs91m1
2022-06-01 16:17:55 → 601112672704 → TG006 → 需要 群、发软、件，找  bs91m1
2022-06-01 16:18:10 → 79917730705 → TRJ_shore001 → 需要 软、件，找  bs91m1
2022-06-01 16:18:33 → 79045541142 → haxitouzhu → 想找人（ 发 ）广告，找   bs91m1
2022-06-01 16:18:47 → 6285242442963 → XxUP1121 → 专业（发 ）广告，联系我 bs91m1
2022-06-01 16:19:06 → 6285242443022 → XxUP1121 → 准备（发 ）广告，找  bs91m1
2022-06-01 16:20:02 → 6287775712315 → TG_857 → 专业（发 ）广告，联系我 bs91m1
2022-06-01 16:20:44 → 6282144789066 → usdtdfds → 专业（发 ）广告，联系我 bs91m1
2022-06-01 16:20:59 → 917061771362 → chaxun2020 → 想要（发 ）广告，找 bs91m1
2022-06-01 16:21:20 → 6281218966272 → usdthuihuan → 想要（发 ）广告，找 bs91m1
2022-06-01 16:21:34 → 918092132118 → dbjlq1 → 需要 软、件，找  bs91m1
2022-06-01 16:21:55 → 6282144789066 → bailaohui_cvv → 要（发 ）广告，联系 bs91m1
2022-06-01 16:22:29 → 79917730705 → qxinw → 想要（发 ）广告，找 bs91m1
2022-06-01 16:22:42 → 6285242443022 → daifu76 → 需要 群、发，找  bs91m1
2022-06-01 16:23:35 → 601112672704 → sunshineyyds → 准备（发 ）广告，找  bs91m1
2022-06-01 16:23:48 → 60142963511 → jiu_777 → 准备（发 ）广告，找  bs91m1
2022-06-01 16:24:16 → 917061771362 → TG0799 → 需要 软、件，找  bs91m1
2022-06-01 16:24:43 → 79045541142 → tokauCN → 专业（发 ）广告，联系我 bs91m1
2022-06-01 16:26:15 → 6285242443022 → yugzf → 专业（发 ）广告，联系我 bs91m1
2022-06-01 16:26:46 → 79045541142 → usdthuihuan → 想要（发 ）广告，找 bs91m1
2022-06-01 16:27:31 → 917061771362 → TG907 → 需要 群、发软、件，找  bs91m1
2022-06-01 16:27:55 → 60142963511 → axujj → 需要 群、发软、件，找  bs91m1
2022-06-01 16:28:11 → 6287775712315 → TG907 → 需要 软、件，找  bs91m1
2022-06-01 16:29:05 → 62895324567242 → HooGroupChinese → 需要 群、发软、件，找  bs91m1
2022-06-01 16:29:55 → 62895324567242 → TG088 → 要（发 ）广告，联系 bs91m1
2022-06-01 16:31:25 → 6281218966272 → huione888 → 需要 群、发，找  bs91m1
2022-06-01 16:31:59 → 601124042925 → shenma001 → 需要 软、件，找  bs91m1
2022-06-01 16:32:19 → 6282144789066 → tongdao25 → 需要 群、发软、件，找  bs91m1
2022-06-01 16:33:28 → 60142963511 → daishou15 → 需要 软、件，找  bs91m1
2022-06-01 16:33:48 → 601112672704 → USDThuzhu3 → 来（发 ）广告，联系 bs91m1
2022-06-01 16:34:21 → 6285242442963 → XxUP1121 → 准备（发 ）广告，找  bs91m1
2022-06-01 16:34:53 → 917061771362 → dibai9988 → 想找人（ 发 ）广告，找   bs91m1
2022-06-01 16:35:14 → 918092132118 → usdthuihuan → 来（发 ）广告，联系 bs91m1
2022-06-01 16:36:13 → 6287775712315 → TGdanbao000 → 想要（发 ）广告，找 bs91m1
2022-06-01 16:36:35 → 6281218966272 → TGdanbao000 → 需要 软、件，找  bs91m1
2022-06-01 16:38:06 → 918092132118 → yinhe1661 → 专业（发 ）广告，联系我 bs91m1
2022-06-01 16:38:20 → 6281218966272 → caoji565 → 专业（发 ）广告，联系我 bs91m1
2022-06-01 16:39:05 → 918509922477 → sishengq1 → 想要（发 ）广告，找 bs91m1
2022-06-01 16:39:45 → 6282144789066 → x00008 → 想找人（ 发 ）广告，找   bs91m1
2022-06-01 16:40:16 → 62895324567242 → Usdtbmw → 需要 软、件，找  bs91m1
2022-06-01 16:41:00 → 79045541142 → weikang2020 → 想找人（ 发 ）广告，找   bs91m1
2022-06-01 16:41:35 → 918509922477 → WKLhuaren → 需要 软、件，找  bs91m1
2022-06-01 16:42:05 → 6285242443022 → yugzf → 来（发 ）广告，联系 bs91m1
2022-06-01 16:42:17 → 62895324567242 → TG_King80 → 想找人（ 发 ）广告，找   bs91m1
2022-06-01 16:42:50 → 79045541142 → wangzhuan75 → 需要 群、发软、件，找  bs91m1
2022-06-01 16:43:14 → 917061771362 → bclm1 → 准备（发 ）广告，找  bs91m1
2022-06-01 16:43:27 → 6281218966272 → wz513064 → 需要 群、发软、件，找  bs91m1
2022-06-01 16:44:17 → 918092132118 → qianloon → 来（发 ）广告，联系 bs91m1
2022-06-01 16:44:54 → 60178838240 → xjltq → 要（发 ）广告，联系 bs91m1
2022-06-01 16:46:31 → 62895324567242 → TG088 → 需要 群、发，找  bs91m1
2022-06-01 16:47:07 → 918509922477 → Flea66 → 想找人（ 发 ）广告，找   bs91m1
2022-06-01 16:47:57 → 60142963511 → ccv348 → 需要 软、件，找  bs91m1
2022-06-01 16:48:20 → 601124042925 → jiu_777 → 需要 群、发软、件，找  bs91m1
2022-06-01 16:48:55 → 60142963511 → dbjlq1 → 需要 群、发，找  bs91m1
2022-06-01 16:49:19 → 6281218966272 → liang1112233 → 想找人（ 发 ）广告，找   bs91m1
2022-06-01 16:50:03 → 60178838240 → pgycnxxx → 想要（发 ）广告，找 bs91m1
2022-06-01 16:50:16 → 601112672704 → WKLhuaren → 想要（发 ）广告，找 bs91m1
2022-06-01 16:51:17 → 6287775712315 → phbbs → 想要（发 ）广告，找 bs91m1
2022-06-01 16:51:32 → 79917731981 → Shore999888 → 想要（发 ）广告，找 bs91m1
2022-06-01 16:51:46 → 6285242442963 → humanresource63 → 来（发 ）广告，联系 bs91m1
2022-06-01 16:52:00 → 601124042925 → TG1949521 → 需要 软、件，找  bs91m1
2022-06-01 16:52:14 → 917061771362 → tsdb01 → 要（发 ）广告，联系 bs91m1
2022-06-01 16:52:40 → 918092132118 → axujj → 需要 群、发软、件，找  bs91m1
2022-06-01 16:53:42 → 79919431787 → jkdgkfghfhg → 需要 群、发，找  bs91m1
2022-06-01 16:53:57 → 918092132118 → HWDBQ → 需要 群、发软、件，找  bs91m1
2022-06-01 16:54:10 → 60178838240 → dibaifa → 来（发 ）广告，联系 bs91m1
2022-06-01 16:54:24 → 6287775712315 → Flea66 → 想要（发 ）广告，找 bs91m1
2022-06-01 16:54:51 → 6285242442963 → TG006 → 想要（发 ）广告，找 bs91m1
2022-06-01 16:55:12 → 6281218966272 → tsdb01 → 需要 群、发软、件，找  bs91m1
2022-06-01 16:55:30 → 918509922477 → chenggong020 → 准备（发 ）广告，找  bs91m1
2022-06-01 16:56:12 → 79917731981 → lovehash2999 → 想找人（ 发 ）广告，找   bs91m1
2022-06-01 16:56:25 → 6285242443022 → daifu76 → 想要（发 ）广告，找 bs91m1
2022-06-01 16:56:37 → 79045541142 → iuhiaq11 → 需要 群、发，找  bs91m1
2022-06-01 16:57:54 → 6281218966272 → dyjiaoliu → 准备（发 ）广告，找  bs91m1
2022-06-01 16:58:08 → 79919431787 → shiqi430 → 要（发 ）广告，联系 bs91m1
2022-06-01 16:58:25 → 79919429746 → mljlq → 专业（发 ）广告，联系我 bs91m1
2022-06-01 16:58:59 → 60142963511 → sichouzhilu0 → 需要 软、件，找  bs91m1
2022-06-01 16:59:14 → 917061771362 → DXtuandui1 → 要（发 ）广告，联系 bs91m1
2022-06-01 16:59:26 → 601124042925 → fbwsline2021 → 要（发 ）广告，联系 bs91m1
2022-06-01 16:59:40 → 6285242442963 → xinbi_088 → 需要 群、发软、件，找  bs91m1
2022-06-01 17:00:00 → 79045541142 → bs91m990 → 想找人（ 发 ）广告，找   bs91m1
2022-06-01 17:00:31 → 79917733563 → usdthuihuan → 来（发 ）广告，联系 bs91m1
2022-06-01 17:01:12 → 918509922477 → DXtuandui2 → 需要 群、发软、件，找  bs91m1
2022-06-01 17:01:35 → 79917730705 → dip9186 → 来（发 ）广告，联系 bs91m1
2022-06-01 17:01:55 → 601112672704 → baocai217 → 想要（发 ）广告，找 bs91m1
2022-06-01 17:02:08 → 917061771362 → phbbs → 来（发 ）广告，联系 bs91m1
2022-06-01 17:02:23 → 6287775712315 → ps082 → 来（发 ）广告，联系 bs91m1
2022-06-01 17:02:42 → 6281218966272 → huanqian35 → 来（发 ）广告，联系 bs91m1
2022-06-01 17:03:16 → 79045541142 → x00008 → 来（发 ）广告，联系 bs91m1
2022-06-01 17:03:34 → 918509922477 → bailaohui_cvv → 想找人（ 发 ）广告，找   bs91m1
2022-06-01 17:03:48 → 918092132118 → xbdb01 → 想找人（ 发 ）广告，找   bs91m1
2022-06-01 17:04:09 → 62895324567242 → GIBXChange_cn → 需要 群、发软、件，找  bs91m1
2022-06-01 17:04:24 → 79917733563 → duanxinma → 想要（发 ）广告，找 bs91m1
2022-06-01 17:04:36 → 601124042925 → sq577 → 需要 群、发，找  bs91m1
2022-06-01 17:04:50 → 79917731981 → tz636 → 需要 软、件，找  bs91m1
2022-06-01 17:05:23 → 79919429746 → Owowokwe → 需要 群、发，找  bs91m1
2022-06-01 17:07:02 → 6285242442963 → daishou15 → 需要 群、发，找  bs91m1
2022-06-01 17:07:31 → 6287775712315 → liang1112233 → 来（发 ）广告，联系 bs91m1
2022-06-01 17:08:00 → 917061771362 → DXB68 → 想找人（ 发 ）广告，找   bs91m1
2022-06-01 17:08:16 → 601124042925 → yizhifu678 → 要（发 ）广告，联系 bs91m1
2022-06-01 17:08:29 → 60142963511 → TG0188 → 来（发 ）广告，联系 bs91m1
2022-06-01 17:08:57 → 79045541142 → caifushequ10000 → 准备（发 ）广告，找  bs91m1
2022-06-01 17:09:21 → 79917730705 → DXB68 → 专业（发 ）广告，联系我 bs91m1
2022-06-01 17:10:17 → 79917731981 → three001 → 想找人（ 发 ）广告，找   bs91m1
2022-06-01 17:10:30 → 6287775712315 → TG12389 → 来（发 ）广告，联系 bs91m1
2022-06-01 17:10:45 → 918092132118 → xjltq → 专业（发 ）广告，联系我 bs91m1
2022-06-01 17:11:17 → 79917733563 → cyj00 → 想要（发 ）广告，找 bs91m1
2022-06-01 17:11:29 → 60178838240 → pingan66chadang → 来（发 ）广告，联系 bs91m1
2022-06-01 17:11:58 → 6281218966272 → iBox_official → 需要 群、发软、件，找  bs91m1
2022-06-01 17:12:24 → 79045541142 → xbdb01 → 需要 群、发软、件，找  bs91m1
2022-06-01 17:12:37 → 6285242443022 → WKLhuaren → 需要 群、发，找  bs91m1
2022-06-01 17:12:53 → 79919429746 → a8hash9 → 想找人（ 发 ）广告，找   bs91m1
2022-06-01 17:13:08 → 917061771362 → liang1112233 → 来（发 ）广告，联系 bs91m1
2022-06-01 17:13:25 → 918509922477 → yindutg → 准备（发 ）广告，找  bs91m1
2022-06-01 17:14:23 → 6285242442963 → wz513064 → 要（发 ）广告，联系 bs91m1
2022-06-01 17:14:35 → 6282144789066 → x00008 → 需要 群、发软、件，找  bs91m1
2022-06-01 17:15:22 → 918509922477 → yizhifu678 → 来（发 ）广告，联系 bs91m1
2022-06-01 17:15:49 → 6281218966272 → huaxingYL8 → 想要（发 ）广告，找 bs91m1
2022-06-01 17:16:13 → 918092132118 → qunfalaren2 → 想要（发 ）广告，找 bs91m1
2022-06-01 17:16:28 → 6287775712315 → TGdibai168 → 需要 软、件，找  bs91m1
2022-06-01 17:16:52 → 79917733563 → jiemaLine → 需要 软、件，找  bs91m1
2022-06-01 17:17:55 → 79919431787 → mangguohaxivip1 → 来（发 ）广告，联系 bs91m1
2022-06-01 17:18:28 → 917061771362 → mamina26 → 来（发 ）广告，联系 bs91m1
2022-06-01 17:18:40 → 79045541142 → dubai_37 → 需要 群、发软、件，找  bs91m1
2022-06-01 17:19:25 → 60142963511 → si1688 → 专业（发 ）广告，联系我 bs91m1
2022-06-01 17:20:02 → 601112672704 → WKLhuaren → 想找人（ 发 ）广告，找   bs91m1
2022-06-01 17:20:34 → 79919429746 → daifu76 → 想找人（ 发 ）广告，找   bs91m1
2022-06-01 17:20:46 → 6282144789066 → tongdao25 → 想找人（ 发 ）广告，找   bs91m1
2022-06-01 17:20:58 → 6285242442963 → xjltq → 想要（发 ）广告，找 bs91m1
2022-06-01 17:21:12 → 62895324567242 → USDTm → 来（发 ）广告，联系 bs91m1
2022-06-01 17:21:58 → 6285242443022 → chaxun2020 → 想找人（ 发 ）广告，找   bs91m1
2022-06-01 17:22:19 → 601112672704 → TG006 → 来（发 ）广告，联系 bs91m1
2022-06-01 17:22:47 → 918092132118 → bclm1 → 需要 群、发软、件，找  bs91m1
2022-06-01 17:23:34 → 79045541142 → cn_talk → 需要 软、件，找  bs91m1
2022-06-01 17:23:56 → 6287775712315 → huaren88 → 来（发 ）广告，联系 bs91m1
2022-06-01 17:24:12 → 601124042925 → yizhifu678 → 准备（发 ）广告，找  bs91m1
2022-06-01 17:24:28 → 917061771362 → daishou586 → 需要 群、发软、件，找  bs91m1
2022-06-01 17:24:49 → 60178838240 → dibai8880 → 想找人（ 发 ）广告，找   bs91m1
2022-06-01 17:25:55 → 62895324567242 → tgzhcn → 来（发 ）广告，联系 bs91m1
2022-06-01 17:26:15 → 6282144789066 → bailaohui_cvv → 来（发 ）广告，联系 bs91m1
2022-06-01 17:27:13 → 79919429746 → TGlianmeng002 → 想要（发 ）广告，找 bs91m1
2022-06-01 17:27:31 → 918509922477 → K8FLQ042 → 准备（发 ）广告，找  bs91m1
2022-06-01 17:27:53 → 60142963511 → axujj → 准备（发 ）广告，找  bs91m1
2022-06-01 17:28:08 → 6287775712315 → sq583 → 来（发 ）广告，联系 bs91m1
2022-06-01 17:28:20 → 601112672704 → huione888 → 准备（发 ）广告，找  bs91m1
2022-06-01 17:28:42 → 917061771362 → DEA1BSC → 来（发 ）广告，联系 bs91m1
2022-06-01 17:28:57 → 79917730705 → TG_King80 → 想要（发 ）广告，找 bs91m1
2022-06-01 17:29:20 → 6285242442963 → tcelue1 → 需要 群、发，找  bs91m1
2022-06-01 17:29:34 → 918092132118 → tsdb01 → 准备（发 ）广告，找  bs91m1
2022-06-01 17:30:19 → 918509922477 → tonghuashun1 → 准备（发 ）广告，找  bs91m1
2022-06-01 17:30:32 → 60178838240 → TG088 → 来（发 ）广告，联系 bs91m1
2022-06-01 17:30:46 → 918092132118 → bcweb → 需要 软、件，找  bs91m1
2022-06-01 17:31:23 → 6282144789066 → TG_King80 → 专业（发 ）广告，联系我 bs91m1
2022-06-01 17:31:47 → 917061771362 → xianliao01 → 需要 群、发，找  bs91m1
2022-06-01 17:32:01 → 6287775712315 → YS52111 → 想找人（ 发 ）广告，找   bs91m1
2022-06-01 17:32:13 → 6281218966272 → dyjiaoliu → 需要 群、发软、件，找  bs91m1
2022-06-01 17:32:26 → 6285242443022 → WKLhuaren → 来（发 ）广告，联系 bs91m1
2022-06-01 17:32:48 → 62895324567242 → bailaohui_cvv → 想找人（ 发 ）广告，找   bs91m1
2022-06-01 17:34:30 → 601124042925 → sq577 → 准备（发 ）广告，找  bs91m1
2022-06-01 17:34:54 → 917061771362 → aoa99999 → 想要（发 ）广告，找 bs91m1
2022-06-01 17:35:44 → 918509922477 → huione888 → 需要 软、件，找  bs91m1
2022-06-01 17:36:21 → 62895324567242 → botong002 → 需要 群、发软、件，找  bs91m1
2022-06-01 17:36:33 → 6282144789066 → usdtdfds → 来（发 ）广告，联系 bs91m1
2022-06-01 17:37:11 → 60142963511 → si1688 → 要（发 ）广告，联系 bs91m1
2022-06-01 17:38:27 → 917061771362 → dibai918 → 专业（发 ）广告，联系我 bs91m1
2022-06-01 17:38:41 → 6285242442963 → daishou15 → 专业（发 ）广告，联系我 bs91m1
2022-06-01 17:38:54 → 6281218966272 → liang1112233 → 需要 群、发，找  bs91m1
2022-06-01 17:39:09 → 601124042925 → TG1949521 → 准备（发 ）广告，找  bs91m1
2022-06-01 17:39:54 → 6285242443022 → daifu76 → 来（发 ）广告，联系 bs91m1
2022-06-01 17:42:24 → 918092132118 → xinbi_088 → 专业（发 ）广告，联系我 bs91m1
2022-06-01 17:42:42 → 918509922477 → qiangpaof → 要（发 ）广告，联系 bs91m1
2022-06-01 17:43:07 → 60142963511 → ccv348 → 需要 群、发软、件，找  bs91m1
2022-06-01 17:43:51 → 6281218966272 → huione888 → 专业（发 ）广告，联系我 bs91m1
2022-06-01 17:44:30 → 917061771362 → upperdecknetworkchn → 来（发 ）广告，联系 bs91m1
2022-06-01 17:45:00 → 6285242442963 → xjltq → 需要 群、发，找  bs91m1
2022-06-01 17:45:47 → 79045541142 → xinbi_088 → 想找人（ 发 ）广告，找   bs91m1
2022-06-01 17:46:15 → 918509922477 → maticnetwork_china → 需要 软、件，找  bs91m1
2022-06-01 17:46:55 → 79917733563 → SWDJ889 → 来（发 ）广告，联系 bs91m1
2022-06-01 17:47:25 → 6287775712315 → TG771 → 需要 群、发，找  bs91m1
2022-06-01 17:48:23 → 917061771362 → qunfalaren2 → 专业（发 ）广告，联系我 bs91m1
2022-06-01 17:49:21 → 79045541142 → iuhiaq11 → 需要 软、件，找  bs91m1
2022-06-01 17:49:35 → 62895324567242 → USDTm → 专业（发 ）广告，联系我 bs91m1
2022-06-01 17:49:49 → 6282144789066 → bailaohui_cvv → 要（发 ）广告，联系 bs91m1
2022-06-01 17:50:20 → 601112672704 → USDThuzhu3 → 要（发 ）广告，联系 bs91m1
2022-06-01 17:50:52 → 918092132118 → qipaipan54 → 想要（发 ）广告，找 bs91m1
2022-06-01 17:51:32 → 60178838240 → xjltq → 准备（发 ）广告，找  bs91m1
2022-06-01 17:52:05 → 601124042925 → tz636 → 需要 群、发，找  bs91m1
2022-06-01 17:52:34 → 60142963511 → TG0188 → 要（发 ）广告，联系 bs91m1
2022-06-01 17:52:47 → 6285242442963 → juliang666 → 准备（发 ）广告，找  bs91m1
2022-06-01 17:53:29 → 918092132118 → XxUP1121 → 要（发 ）广告，联系 bs91m1
2022-06-01 17:54:16 → 6281218966272 → caoji565 → 想找人（ 发 ）广告，找   bs91m1
2022-06-01 17:54:50 → 79917733563 → GB4RSm3vSvM3YzI9 → 需要 群、发软、件，找  bs91m1
2022-06-01 17:55:26 → 79917731981 → yongliguojidanbao → 需要 群、发，找  bs91m1
2022-06-01 17:56:09 → 79045541142 → huiguo6688 → 想找人（ 发 ）广告，找   bs91m1
2022-06-01 17:56:42 → 6282144789066 → usdtdfds → 需要 群、发软、件，找  bs91m1
2022-06-01 17:56:54 → 6281218966272 → wz513064 → 来（发 ）广告，联系 bs91m1
2022-06-01 17:57:33 → 79917733563 → fw866 → 需要 群、发软、件，找  bs91m1
2022-06-01 17:57:55 → 6285242443022 → chaxun2020 → 要（发 ）广告，联系 bs91m1
2022-06-01 17:58:10 → 79919431787 → caoji565 → 需要 群、发，找  bs91m1
2022-06-01 17:58:23 → 6285242442963 → xinbi_088 → 需要 群、发软、件，找  bs91m1
2022-06-01 17:59:36 → 601124042925 → fbwsline2021 → 想找人（ 发 ）广告，找   bs91m1
2022-06-01 17:59:46 → 917061771362 → USsyu → 想找人（ 发 ）广告，找   bs91m1
2022-06-01 17:59:58 → 62895324567242 → Usdtbmw → 专业（发 ）广告，联系我 bs91m1
2022-06-01 18:00:12 → 79917730705 → shorelalala → 想找人（ 发 ）广告，找   bs91m1
2022-06-01 18:00:26 → 79917731981 → HSHX66 → 专业（发 ）广告，联系我 bs91m1
2022-06-01 18:00:41 → 79919429746 → huione888 → 要（发 ）广告，联系 bs91m1
2022-06-01 18:00:51 → 601124042925 → TGlianmeng002 → 需要 群、发软、件，找  bs91m1
2022-06-01 18:01:22 → 60142963511 → dbjlq1 → 需要 群、发，找  bs91m1
2022-06-01 18:02:29 → 79917730705 → FHaak8 → 想要（发 ）广告，找 bs91m1
2022-06-01 18:02:46 → 6281218966272 → usdthuihuan → 专业（发 ）广告，联系我 bs91m1
2022-06-01 18:03:07 → 79919429746 → BNBMastersd → 专业（发 ）广告，联系我 bs91m1
2022-06-01 18:04:08 → 79917733563 → tianziusdt → 需要 软、件，找  bs91m1
2022-06-01 18:04:28 → 79919431787 → BAOAA → 准备（发 ）广告，找  bs91m1
2022-06-01 18:04:46 → 6285242442963 → TG006 → 来（发 ）广告，联系 bs91m1
2022-06-01 18:05:36 → 79045541142 → caifushequ10000 → 专业（发 ）广告，联系我 bs91m1
2022-06-01 18:05:56 → 6287775712315 → A_K_3A → 准备（发 ）广告，找  bs91m1
2022-06-01 18:07:06 → 918092132118 → Flea66 → 来（发 ）广告，联系 bs91m1
2022-06-01 18:07:26 → 79919429746 → xxxggg999 → 准备（发 ）广告，找  bs91m1
2022-06-01 18:08:02 → 62895324567242 → GIBXChange_cn → 需要 群、发，找  bs91m1
2022-06-01 18:09:08 → 79917733563 → daishou15 → 准备（发 ）广告，找  bs91m1
2022-06-01 18:09:26 → 6287775712315 → dongnanyaliaotian → 想找人（ 发 ）广告，找   bs91m1
2022-06-01 18:09:44 → 6285242443022 → yugzf → 来（发 ）广告，联系 bs91m1
2022-06-01 18:10:03 → 601124042925 → sunshineyyds → 需要 群、发软、件，找  bs91m1
2022-06-01 18:10:21 → 79917730705 → qxinw → 需要 软、件，找  bs91m1
2022-06-01 18:10:57 → 601112672704 → sunshineyyds → 想要（发 ）广告，找 bs91m1
2022-06-01 18:12:24 → 79917731981 → qgky8888 → 专业（发 ）广告，联系我 bs91m1
2022-06-01 18:12:44 → 79917733563 → hashjt → 需要 软、件，找  bs91m1
2022-06-01 18:13:01 → 60178838240 → sichouzhilu0 → 需要 群、发软、件，找  bs91m1
2022-06-01 18:13:42 → 601112672704 → baocai217 → 准备（发 ）广告，找  bs91m1
2022-06-01 18:14:20 → 79919431787 → fbwsline2021 → 要（发 ）广告，联系 bs91m1
2022-06-01 18:14:53 → 6282144789066 → TG_King80 → 专业（发 ）广告，联系我 bs91m1
2022-06-01 18:15:12 → 79917730705 → dip9186 → 需要 群、发，找  bs91m1
2022-06-01 18:16:15 → 79919429746 → MDhuaren1 → 来（发 ）广告，联系 bs91m1
2022-06-01 18:17:13 → 79045541142 → mghxfls → 想找人（ 发 ）广告，找   bs91m1
2022-06-01 18:17:32 → 62895324567242 → TG_King80 → 专业（发 ）广告，联系我 bs91m1
2022-06-01 18:18:32 → 79919431787 → tongdao25 → 需要 软、件，找  bs91m1
2022-06-01 18:19:22 → 6287775712315 → tg018 → 需要 群、发，找  bs91m1
2022-06-01 18:19:52 → 79045541142 → haxitouzhu → 需要 软、件，找  bs91m1
2022-06-01 18:20:14 → 79919429746 → duanxinma → 需要 群、发，找  bs91m1
2022-06-01 18:20:32 → 60178838240 → TG1949521 → 想要（发 ）广告，找 bs91m1
2022-06-01 18:20:50 → 6285242442963 → tcelue1 → 想要（发 ）广告，找 bs91m1
2022-06-01 18:21:49 → 917061771362 → tongdao25 → 要（发 ）广告，联系 bs91m1
2022-06-01 18:22:08 → 79917730705 → jiuDing999999 → 想要（发 ）广告，找 bs91m1
2022-06-01 18:23:01 → 918509922477 → huanqian35 → 需要 群、发，找  bs91m1
2022-06-01 18:23:39 → 6282144789066 → tongdao25 → 专业（发 ）广告，联系我 bs91m1
2022-06-01 18:24:27 → 79917731981 → ml520 → 想要（发 ）广告，找 bs91m1
2022-06-01 18:24:58 → 60178838240 → dibaifa → 需要 群、发软、件，找  bs91m1
2022-06-01 18:25:29 → 6285242443022 → juliang666 → 要（发 ）广告，联系 bs91m1
2022-06-01 18:25:47 → 6281218966272 → iBox_official → 需要 群、发，找  bs91m1
2022-06-01 18:26:09 → 79919429746 → TG166 → 需要 群、发软、件，找  bs91m1
2022-06-01 18:26:58 → 60142963511 → daishou15 → 专业（发 ）广告，联系我 bs91m1
2022-06-01 18:27:16 → 79045541142 → TG166 → 想要（发 ）广告，找 bs91m1
2022-06-01 18:28:08 → 918092132118 → qipaipan54 → 来（发 ）广告，联系 bs91m1
2022-06-01 18:29:17 → 917061771362 → CPQPWZ898989 → 需要 群、发，找  bs91m1
2022-06-01 18:30:24 → 918509922477 → mangguo_99fe → 想要（发 ）广告，找 bs91m1
2022-06-01 18:33:19 → 601124042925 → jiu_777 → 来（发 ）广告，联系 bs91m1
2022-06-01 18:34:06 → 918092132118 → tsdb01 → 需要 群、发软、件，找  bs91m1
2022-06-01 18:34:31 → 6285242442963 → tianziusdt → 想要（发 ）广告，找 bs91m1
2022-06-01 18:34:49 → 6287775712315 → daishou44 → 想找人（ 发 ）广告，找   bs91m1
2022-06-01 18:36:00 → 79045541142 → bailaohui_cvv → 需要 群、发，找  bs91m1
2022-06-01 18:36:19 → 60142963511 → jiu_777 → 来（发 ）广告，联系 bs91m1
2022-06-01 18:36:38 → 917061771362 → bacommu → 想找人（ 发 ）广告，找   bs91m1
2022-06-01 18:37:37 → 6281218966272 → TGdanbao000 → 准备（发 ）广告，找  bs91m1
2022-06-01 18:38:10 → 601124042925 → shenma001 → 需要 软、件，找  bs91m1
2022-06-01 18:38:29 → 918092132118 → dbjlq1 → 想要（发 ）广告，找 bs91m1
2022-06-01 18:40:00 → 917061771362 → OKXGroup_CN → 专业（发 ）广告，联系我 bs91m1
2022-06-01 18:41:02 → 6281218966272 → huanqian35 → 需要 软、件，找  bs91m1
2022-06-01 18:41:33 → 918092132118 → bcweb → 准备（发 ）广告，找  bs91m1
2022-06-01 18:42:03 → 60178838240 → TG088 → 专业（发 ）广告，联系我 bs91m1
2022-06-01 18:46:56 → 79917733563 → HooGroupChinese → 需要 群、发，找  bs91m1
2022-06-01 18:47:08 → 6285242442963 → phbbs → 想要（发 ）广告，找 bs91m1
2022-06-01 18:47:39 → 79045541142 → yuantoushuju4 → 需要 软、件，找  bs91m1
2022-06-01 18:48:14 → 918092132118 → fbwsline2021 → 准备（发 ）广告，找  bs91m1
2022-06-01 18:49:00 → 62895324567242 → TG088 → 想要（发 ）广告，找 bs91m1
2022-06-01 18:50:41 → 6285242443022 → WKLhuaren → 想找人（ 发 ）广告，找   bs91m1
2022-06-01 18:50:59 → 6281218966272 → tsdb01 → 需要 群、发，找  bs91m1
2022-06-01 18:53:21 → 918509922477 → BNBStarsChinese → 想找人（ 发 ）广告，找   bs91m1
2022-06-01 18:53:53 → 6281218966272 → BtokCN_0014 → 需要 群、发软、件，找  bs91m1
2022-06-01 18:54:25 → 918092132118 → xingxingpiaohao1 → 专业（发 ）广告，联系我 bs91m1
2022-06-01 18:55:00 → 6282144789066 → usdtdfds → 想要（发 ）广告，找 bs91m1
2022-06-01 18:56:17 → 79917730705 → dubai2611 → 需要 软、件，找  bs91m1
2022-06-01 18:58:21 → 917061771362 → dongnanyaliaotian → 想要（发 ）广告，找 bs91m1
2022-06-01 19:00:44 → 62895324567242 → botong002 → 想要（发 ）广告，找 bs91m1
2022-06-01 19:01:02 → 79045541142 → wangzhuan75 → 准备（发 ）广告，找  bs91m1
2022-06-01 19:01:20 → 60142963511 → TG0188 → 准备（发 ）广告，找  bs91m1
2022-06-01 19:01:41 → 79919429746 → az123818 → 需要 软、件，找  bs91m1
2022-06-01 19:02:14 → 79917731981 → DNY770 → 需要 群、发，找  bs91m1
2022-06-01 19:02:45 → 79919431787 → jfoisjfiodvfd → 需要 群、发，找  bs91m1
2022-06-01 19:03:03 → 601112672704 → huione888 → 专业（发 ）广告，联系我 bs91m1
2022-06-01 19:03:22 → 79917733563 → botong002 → 需要 群、发软、件，找  bs91m1
2022-06-01 19:04:49 → 79917733563 → FG528 → 准备（发 ）广告，找  bs91m1
2022-06-01 19:05:26 → 60142963511 → si1688 → 想找人（ 发 ）广告，找   bs91m1
2022-06-01 19:06:03 → 79917730705 → dubai1199 → 需要 软、件，找  bs91m1
2022-06-01 19:06:23 → 918092132118 → TG006 → 想要（发 ）广告，找 bs91m1
2022-06-01 19:07:15 → 6287775712315 → openwrt_lede_v2ray_plugin → 专业（发 ）广告，联系我 bs91m1
2022-06-01 19:07:34 → 6281218966272 → huaxingYL8 → 准备（发 ）广告，找  bs91m1
2022-06-01 19:08:10 → 62895324567242 → bailaohui_cvv → 需要 软、件，找  bs91m1
2022-06-01 19:08:39 → 79045541142 → PG528 → 专业（发 ）广告，联系我 bs91m1
2022-06-01 19:09:52 → 60178838240 → pingan66chadang → 来（发 ）广告，联系 bs91m1
2022-06-01 19:10:23 → 6285242443022 → yugzf → 需要 软、件，找  bs91m1
2022-06-01 19:11:07 → 79919431787 → sishengq2 → 准备（发 ）广告，找  bs91m1
2022-06-01 19:12:10 → 79917731981 → LUNARPROTOCOLA → 需要 群、发，找  bs91m1
2022-06-01 19:12:45 → 917061771362 → kpou15 → 需要 软、件，找  bs91m1
2022-06-01 19:13:43 → 79919429746 → TG55555555555 → 专业（发 ）广告，联系我 bs91m1
2022-06-01 19:14:00 → 6282144789066 → TG_King80 → 想找人（ 发 ）广告，找   bs91m1
2022-06-01 19:15:10 → 6285242443022 → daifu76 → 需要 群、发，找  bs91m1
2022-06-01 19:15:55 → 62895324567242 → GIBXChange_cn → 要（发 ）广告，联系 bs91m1
2022-06-01 19:16:14 → 6282144789066 → bailaohui_cvv → 专业（发 ）广告，联系我 bs91m1
2022-06-01 19:16:31 → 6285242442963 → TG006 → 需要 群、发软、件，找  bs91m1
2022-06-01 19:16:50 → 917061771362 → bcweb → 想找人（ 发 ）广告，找   bs91m1
2022-06-01 19:17:09 → 6281218966272 → iBox_official → 需要 软、件，找  bs91m1
2022-06-01 19:17:46 → 79917733563 → qipaipan54 → 想要（发 ）广告，找 bs91m1
2022-06-01 19:18:31 → 601112672704 → USDThuzhu3 → 专业（发 ）广告，联系我 bs91m1
2022-06-01 19:18:49 → 79045541142 → mangguoVIP → 需要 软、件，找  bs91m1
2022-06-01 19:19:10 → 79919429746 → block18PLAyatai → 来（发 ）广告，联系 bs91m1
2022-06-01 19:19:54 → 62895324567242 → USDTm → 来（发 ）广告，联系 bs91m1
2022-06-01 19:20:14 → 79917733563 → haxijiaoliuqun → 想要（发 ）广告，找 bs91m1
2022-06-01 19:21:01 → 79917730705 → Fkzy_Group → 来（发 ）广告，联系 bs91m1
2022-06-01 19:21:30 → 601112672704 → sunshineyyds → 需要 软、件，找  bs91m1
2022-06-01 19:22:11 → 6281218966272 → wz513064 → 要（发 ）广告，联系 bs91m1
2022-06-01 19:22:32 → 79919429746 → dbf6666 → 需要 群、发软、件，找  bs91m1
2022-06-01 19:23:19 → 60142963511 → ccv348 → 要（发 ）广告，联系 bs91m1
2022-06-01 19:23:37 → 6287775712315 → sq583 → 专业（发 ）广告，联系我 bs91m1
2022-06-01 19:23:56 → 6285242442963 → juliang666 → 来（发 ）广告，联系 bs91m1
2022-06-01 19:24:13 → 6282144789066 → BIYONGOfficial0015 → 想要（发 ）广告，找 bs91m1
2022-06-01 19:25:04 → 601112672704 → baocai217 → 需要 群、发，找  bs91m1
2022-06-01 19:25:25 → 79919429746 → mnl111 → 准备（发 ）广告，找  bs91m1
2022-06-01 19:26:23 → 6285242442963 → XxUP1121 → 要（发 ）广告，联系 bs91m1
2022-06-01 19:26:42 → 60142963511 → jiu_777 → 要（发 ）广告，联系 bs91m1
2022-06-01 19:27:03 → 917061771362 → zscd1 → 想找人（ 发 ）广告，找   bs91m1
2022-06-01 19:27:20 → 6281218966272 → usdthuihuan → 来（发 ）广告，联系 bs91m1
2022-06-01 19:27:39 → 62895324567242 → botong002 → 要（发 ）广告，联系 bs91m1
2022-06-01 19:27:56 → 79045541142 → lovehash929 → 需要 群、发软、件，找  bs91m1
2022-06-01 19:28:55 → 6282144789066 → tongdao25 → 要（发 ）广告，联系 bs91m1
2022-06-01 19:29:36 → 601112672704 → WKLhuaren → 想要（发 ）广告，找 bs91m1
2022-06-01 19:29:54 → 6285242442963 → xjltq → 要（发 ）广告，联系 bs91m1
2022-06-01 19:31:33 → 6281218966272 → caoji565 → 专业（发 ）广告，联系我 bs91m1
2022-06-01 19:32:58 → 601124042925 → sunshineyyds → 想找人（ 发 ）广告，找   bs91m1
2022-06-01 19:34:28 → 60142963511 → daishou15 → 想找人（ 发 ）广告，找   bs91m1
2022-06-01 19:34:59 → 62895324567242 → bailaohui_cvv → 准备（发 ）广告，找  bs91m1
2022-06-01 19:35:45 → 6281218966272 → BtokCN_0016 → 来（发 ）广告，联系 bs91m1
2022-06-01 19:36:02 → 79045541142 → usdthuihuan → 需要 软、件，找  bs91m1
2022-06-01 19:36:51 → 601124042925 → jiu_777 → 需要 群、发软、件，找  bs91m1
2022-06-01 19:37:10 → 6285242443022 → chaxun2020 → 来（发 ）广告，联系 bs91m1
2022-06-01 19:38:39 → 6285242442963 → xinbi_088 → 需要 群、发，找  bs91m1
2022-06-01 19:39:30 → 60142963511 → dbjlq1 → 来（发 ）广告，联系 bs91m1
2022-06-01 19:40:57 → 917061771362 → Geniusinu_coin7 → 专业（发 ）广告，联系我 bs91m1
2022-06-01 19:41:27 → 79045541142 → WKLhuaren → 需要 群、发软、件，找  bs91m1
2022-06-01 19:41:46 → 6281218966272 → huaxingYL8 → 需要 软、件，找  bs91m1
2022-06-01 19:42:24 → 601112672704 → TG006 → 要（发 ）广告，联系 bs91m1
2022-06-01 19:42:44 → 917061771362 → TG_King90 → 需要 群、发，找  bs91m1
2022-06-01 19:44:23 → 6282144789066 → TG_King80 → 要（发 ）广告，联系 bs91m1
2022-06-01 19:44:41 → 79045541142 → bs91m990 → 要（发 ）广告，联系 bs91m1
2022-06-01 19:45:47 → 6287775712315 → Flea66 → 需要 群、发软、件，找  bs91m1
2022-06-01 19:46:36 → 6285242442963 → wz513064 → 需要 群、发，找  bs91m1
2022-06-01 19:47:45 → 60178838240 → TG088 → 准备（发 ）广告，找  bs91m1
2022-06-01 19:48:44 → 79045541142 → TG_88888 → 需要 群、发软、件，找  bs91m1
2022-06-01 19:49:04 → 79917733563 → zhongwen6 → 来（发 ）广告，联系 bs91m1
2022-06-01 19:52:44 → 79045541142 → tokauCN → 要（发 ）广告，联系 bs91m1
2022-06-01 19:53:01 → 60142963511 → axujj → 需要 群、发，找  bs91m1
2022-06-01 19:53:31 → 6282144789066 → bailaohui_cvv → 想找人（ 发 ）广告，找   bs91m1
2022-06-01 19:54:04 → 6285242443022 → chaxun2020 → 需要 群、发软、件，找  bs91m1
2022-06-01 19:55:05 → 6287775712315 → YS52111 → 想要（发 ）广告，找 bs91m1
2022-06-01 19:55:43 → 60178838240 → TGDL128 → 需要 群、发软、件，找  bs91m1
2022-06-01 19:56:00 → 6281218966272 → huanqian35 → 想找人（ 发 ）广告，找   bs91m1
2022-06-01 19:56:47 → 6285242442963 → daishou15 → 专业（发 ）广告，联系我 bs91m1
2022-06-01 19:57:51 → 601112672704 → baocai217 → 专业（发 ）广告，联系我 bs91m1
2022-06-01 19:58:22 → 62895324567242 → Usdtbmw → 想要（发 ）广告，找 bs91m1
2022-06-01 20:00:27 → 6285242442963 → tcelue1 → 想找人（ 发 ）广告，找   bs91m1
2022-06-01 20:00:45 → 6285242443022 → WKLhuaren → 需要 软、件，找  bs91m1
2022-06-01 20:01:56 → 6282144789066 → tongdao25 → 想要（发 ）广告，找 bs91m1
2022-06-01 20:02:45 → 60142963511 → sichouzhilu0 → 专业（发 ）广告，联系我 bs91m1
2022-06-01 20:04:41 → 601112672704 → huione888 → 来（发 ）广告，联系 bs91m1
2022-06-01 20:04:59 → 6287775712315 → TRJ_Cavite → 需要 群、发，找  bs91m1
2022-06-01 20:05:31 → 79917733563 → DXB68 → 来（发 ）广告，联系 bs91m1
2022-06-01 20:06:01 → 79045541142 → AS668825 → 需要 软、件，找  bs91m1
2022-06-01 20:07:23 → 6285242443022 → daifu76 → 专业（发 ）广告，联系我 bs91m1
2022-06-01 20:08:26 → 6282144789066 → usdtdfds → 想找人（ 发 ）广告，找   bs91m1
2022-06-01 20:09:04 → 601112672704 → TG006 → 想要（发 ）广告，找 bs91m1
2022-06-01 20:10:47 → 6285242443022 → yugzf → 需要 软、件，找  bs91m1
2022-06-01 20:11:50 → 6285242442963 → xjltq → 想要（发 ）广告，找 bs91m1
2022-06-01 20:12:48 → 60178838240 → TG1949521 → 准备（发 ）广告，找  bs91m1
2022-06-01 20:13:13 → 60178838240 → BIYONGOfficial0015 → 需要 群、发，找  bs91m1
2022-06-01 20:13:30 → 79045541142 → BTCusdtNFT → 需要 软、件，找  bs91m1
2022-06-01 20:14:07 → 917061771362 → TG771 → 想要（发 ）广告，找 bs91m1
2022-06-01 20:14:24 → 6285242443022 → juliang666 → 需要 软、件，找  bs91m1
2022-06-01 20:15:13 → 601124042925 → yizhifu678 → 专业（发 ）广告，联系我 bs91m1
2022-06-01 20:16:12 → 60142963511 → axujj → 需要 软、件，找  bs91m1
2022-06-01 20:16:53 → 601112672704 → WKLhuaren → 来（发 ）广告，联系 bs91m1
2022-06-01 20:17:58 → 6281218966272 → dyjiaoliu → 要（发 ）广告，联系 bs91m1
2022-06-01 20:18:15 → 62895324567242 → TG088 → 想找人（ 发 ）广告，找   bs91m1
2022-06-01 20:19:30 → 917061771362 → danbao96 → 需要 群、发软、件，找  bs91m1
2022-06-01 20:20:28 → 6285242442963 → daishou15 → 需要 群、发软、件，找  bs91m1
2022-06-01 20:21:06 → 79917730705 → TG0188 → 想找人（ 发 ）广告，找   bs91m1
2022-06-01 20:23:10 → 6285242443022 → jjdd0002 → 需要 软、件，找  bs91m1
2022-06-01 20:23:27 → 601124042925 → sq577 → 需要 软、件，找  bs91m1
2022-06-01 20:24:36 → 6281218966272 → tronnetworkCN → 需要 软、件，找  bs91m1
2022-06-01 20:25:16 → 79917733563 → InsultingEmpire → 要（发 ）广告，联系 bs91m1
2022-06-01 20:25:33 → 60178838240 → xjltq → 准备（发 ）广告，找  bs91m1
2022-06-01 20:27:11 → 62895324567242 → GTRhash999 → 需要 群、发软、件，找  bs91m1
2022-06-01 20:27:55 → 60178838240 → sichouzhilu0 → 想要（发 ）广告，找 bs91m1
2022-06-01 20:28:13 → 6285242442963 → XxUP1121 → 来（发 ）广告，联系 bs91m1
2022-06-01 20:30:01 → 79045541142 → xbdb01 → 需要 软、件，找  bs91m1
2022-06-01 20:30:19 → 6281218966272 → tsdb01 → 需要 群、发软、件，找  bs91m1
2022-06-01 20:31:24 → 917061771362 → tianziusdt → 要（发 ）广告，联系 bs91m1
2022-06-01 20:31:43 → 60142963511 → ccv348 → 要（发 ）广告，联系 bs91m1
2022-06-01 20:32:56 → 6285242443022 → XxUP1121 → 需要 群、发软、件，找  bs91m1