
2022-06-08 05:42:43 → 6281283602694 → longteng132 → 来（发 ）广告，联系 bs91m0
2022-06-08 05:45:02 → 6281283602694 → dalongQQ515711111 → 需要 群、发软、件，找 bs91m0
2022-06-08 05:53:34 → 6281283602694 → GNNMYJHJM → 想要（发 ）广告，找 bs91m0
2022-06-08 06:00:32 → 601112672704 → hnsdfhs155 → 来（发 ）广告，联系 bs91m0
2022-06-08 06:01:42 → 6281283602694 → jcqdtg → 需要 软、件，找 bs91m0
2022-06-08 06:03:39 → 601112672704 → zuqiushuju → 来（发 ）广告，联系 bs91m0
2022-06-08 06:06:01 → 601112672704 → fv0015 → 需要 软、件，找 bs91m0
2022-06-08 06:07:29 → 6281283602694 → idc461965163 → 来（发 ）广告，联系 bs91m0
2022-06-08 06:17:16 → 60178838240 → LBBET83332 → 来（发 ）广告，联系 bs91m0
2022-06-08 06:19:57 → 601112672704 → adasdasw → 需要 群、发，找 bs91m0
2022-06-08 06:22:58 → 60178838240 → bs16888 → 来（发 ）广告，联系 bs91m0
2022-06-08 06:24:13 → 601112672704 → youxidaili → 想找人（ 发 ）广告，找 bs91m0
2022-06-08 06:26:06 → 60178838240 → dashujuquanguo1 → 来（发 ）广告，联系 bs91m0
2022-06-08 06:27:22 → 6281283602694 → msmm001 → 来（发 ）广告，联系 bs91m0
2022-06-08 06:31:48 → 60178838240 → zhaopinqiuzhi → 专业（发 ）广告，联系我 bs91m0
2022-06-08 06:33:24 → 601112672704 → jinsanjiaobc → 想要（发 ）广告，找 bs91m0
2022-06-08 06:33:49 → 6281283602694 → ananan2020229 → 想要（发 ）广告，找 bs91m0
2022-06-08 06:34:35 → 60178838240 → yishoushuj → (session) 协议号，零售、批发 找，bs91m0
2022-06-08 06:36:48 → 60178838240 → SWDJ666 → 来（发 ）广告，联系 bs91m0
2022-06-08 06:37:38 → 62895324567778 → guojitongdaoduanxin → 要（发 ）广告，联系 bs91m0
2022-06-08 06:38:26 → 601112672704 → fjhq000hz → (session) 协议号，零售、批发 找，bs91m0
2022-06-08 06:39:43 → 601112672704 → AG686 → 要（发 ）广告，联系 bs91m0
2022-06-08 06:40:52 → 6281283602694 → uhjhdhjj → 想找人（ 发 ）广告，找 bs91m0
2022-06-08 06:42:08 → 60178838240 → linlinpppppyy → 想找人（ 发 ）广告，找 bs91m0
2022-06-08 06:44:02 → 601112672704 → ziyuanduijie1 → 需要 群、发，找 bs91m0
2022-06-08 06:44:35 → 60178838240 → hao1234555 → 来（发 ）广告，联系 bs91m0
2022-06-08 06:48:19 → 60178838240 → idcgaofang → 需要 群、发，找 bs91m0
2022-06-08 06:49:09 → 62895324567778 → zgfCYJT → 来（发 ）广告，联系 bs91m0
2022-06-08 06:50:46 → 601112672704 → dunxin106 → 需要 软、件，找 bs91m0
2022-06-08 06:52:26 → 62895324567778 → fgdfdfherh → 需要 群、发软、件，找 bs91m0
2022-06-08 06:57:06 → 62895324567778 → joinBCPH → 要（发 ）广告，联系 bs91m0
2022-06-08 06:57:52 → 6281283602694 → az123818 → 需要 群、发软、件，找 bs91m0
2022-06-08 06:58:19 → 60142963511 → shujyinl → 来（发 ）广告，联系 bs91m0
2022-06-08 06:59:14 → 6281283602694 → meishi0018 → 需要 群、发，找 bs91m0
2022-06-08 06:59:41 → 60142963511 → dsfdshhs → 来（发 ）广告，联系 bs91m0
2022-06-08 07:01:41 → 60142963511 → lbbet → 来（发 ）广告，联系 bs91m0
2022-06-08 07:02:30 → 601112672704 → srjlq → (session) 协议号，零售、批发 找，bs91m0
2022-06-08 07:04:06 → 6281283602694 → xigang168 → (session) 协议号，零售、批发 找，bs91m0
2022-06-08 07:04:55 → 62895324567778 → dream888 → 想要（发 ）广告，找 bs91m0
2022-06-08 07:05:22 → 601112672704 → USDThuzhu3 → 来（发 ）广告，联系 bs91m0
2022-06-08 07:15:22 → 62895324567778 → Philippines_visa → 要（发 ）广告，联系 bs91m0
2022-06-08 07:17:43 → 60142963511 → xianliaoq → (session) 协议号，零售、批发 找，bs91m0
2022-06-08 07:20:05 → 62895324567778 → dubai13148888 → (session) 协议号，零售、批发 找，bs91m0
2022-06-08 07:23:59 → 601112672704 → srjlq → 需要 群、发，找 bs91m0
2022-06-08 07:25:15 → 601112672704 → USDThuzhu3 → 需要 群、发，找 bs91m0
2022-06-08 07:27:35 → 601112672704 → fjhq000hz → 专业（发 ）广告，联系我 bs91m0
2022-06-08 07:28:52 → 601112672704 → zuqiushuju → 专业（发 ）广告，联系我 bs91m0
2022-06-08 07:31:34 → 60142963511 → yhksijiantao11 → 想找人（ 发 ）广告，找 bs91m0
2022-06-08 07:32:49 → 60142963511 → YHK_security → 专业（发 ）广告，联系我 bs91m0
2022-06-08 07:34:33 → 62895324567778 → phniuniu → 准备（发 ）广告，找 bs91m0
2022-06-08 07:35:18 → 601112672704 → youxidaili → (session) 协议号，零售、批发 找，bs91m0
2022-06-08 07:36:06 → 60178838240 → xjltq → 准备（发 ）广告，找 bs91m0
2022-06-08 07:36:40 → 60178838240 → idcgaofang → 需要 软、件，找 bs91m0
2022-06-08 07:37:29 → 62895324567778 → miaomiao12356 → 准备（发 ）广告，找 bs91m0
2022-06-08 07:39:51 → 60142963511 → jiaoyouqun123 → 要（发 ）广告，联系 bs91m0
2022-06-08 07:41:06 → 60178838240 → hao1234555 → 准备（发 ）广告，找 bs91m0
2022-06-08 07:41:32 → 601112672704 → jinsanjiaobc → (session) 协议号，零售、批发 找，bs91m0
2022-06-08 07:42:48 → 60142963511 → cvv666money → 想要（发 ）广告，找 bs91m0
2022-06-08 07:44:19 → 60178838240 → dashujuquanguo1 → 准备（发 ）广告，找 bs91m0
2022-06-08 07:47:10 → 62895324567778 → amjwg → 来（发 ）广告，联系 bs91m0
2022-06-08 07:48:19 → 601112672704 → AG686 → 来（发 ）广告，联系 bs91m0
2022-06-08 07:49:34 → 601112672704 → buyusdtx → 准备（发 ）广告，找 bs91m0
2022-06-08 07:50:22 → 60178838240 → xbl388 → 需要 群、发软、件，找 bs91m0
2022-06-08 07:51:37 → 62895324567778 → Hpy888 → 准备（发 ）广告，找 bs91m0
2022-06-08 07:52:04 → 601112672704 → dunxin106 → 准备（发 ）广告，找 bs91m0
2022-06-08 07:52:59 → 60178838240 → bdyinliu → 来（发 ）广告，联系 bs91m0
2022-06-08 07:54:10 → 60142963511 → phpzufang → (session) 协议号，零售、批发 找，bs91m0
2022-06-08 07:56:07 → 601112672704 → fv0015 → 需要 群、发软、件，找 bs91m0
2022-06-08 07:59:27 → 62895324567778 → G88888880 → 想要（发 ）广告，找 bs91m0
2022-06-08 07:59:54 → 60178838240 → LYRZ32 → 想要（发 ）广告，找 bs91m0
2022-06-08 08:00:41 → 601112672704 → adasdasw → 需要 群、发软、件，找 bs91m0
2022-06-08 08:01:15 → 60142963511 → sirenweixin3 → 来（发 ）广告，联系 bs91m0
2022-06-08 08:03:35 → 62895324567778 → yinlianguoji → 准备（发 ）广告，找 bs91m0
2022-06-08 08:11:07 → 62895324567778 → Hpy111 → 要（发 ）广告，联系 bs91m0
2022-06-08 08:11:34 → 601112672704 → hnsdfhs155 → 需要 群、发，找 bs91m0
2022-06-08 08:17:20 → 601112672704 → ziyuanduijie1 → 专业（发 ）广告，联系我 bs91m0
2022-06-08 08:20:57 → 60142963511 → yunqian68 → 专业（发 ）广告，联系我 bs91m0
2022-06-08 08:22:28 → 62895324567778 → miaomiao12356 → (session) 协议号，零售、批发 找，bs91m0
2022-06-08 08:23:24 → 60142963511 → seguiren → 来（发 ）广告，联系 bs91m0
2022-06-08 08:25:23 → 601112672704 → hnsdfhs155 → (session) 协议号，零售、批发 找，bs91m0
2022-06-08 08:30:19 → 60142963511 → seguiren → 想找人（ 发 ）广告，找 bs91m0
2022-06-08 08:35:17 → 60178838240 → yunyuyan → 专业（发 ）广告，联系我 bs91m0
2022-06-08 08:37:15 → 601112672704 → jinsanjiaobc → 需要 群、发，找 bs91m0
2022-06-08 08:41:30 → 62895324567778 → joinBCPH → 准备（发 ）广告，找 bs91m0
2022-06-08 08:42:19 → 60142963511 → xianliaoq → 专业（发 ）广告，联系我 bs91m0
2022-06-08 08:42:52 → 62895324567778 → xd836809 → 想要（发 ）广告，找 bs91m0
2022-06-08 08:44:21 → 601112672704 → dunxin106 → 需要 群、发，找 bs91m0
2022-06-08 08:45:37 → 60142963511 → cvv666money → 来（发 ）广告，联系 bs91m0
2022-06-08 08:46:54 → 60142963511 → YHK_security → 想要（发 ）广告，找 bs91m0
2022-06-08 08:48:23 → 60178838240 → zhaopinqiuzhi → 想要（发 ）广告，找 bs91m0
2022-06-08 08:49:19 → 62895324567778 → G88888880 → 需要 群、发，找 bs91m0
2022-06-08 08:53:35 → 601112672704 → adasdasw → 需要 群、发软、件，找 bs91m0
2022-06-08 08:55:15 → 62895324567778 → dream888 → 来（发 ）广告，联系 bs91m0
2022-06-08 08:55:42 → 601112672704 → USDThuzhu3 → 想要（发 ）广告，找 bs91m0
2022-06-08 08:57:18 → 60142963511 → yunqian68 → 想要（发 ）广告，找 bs91m0
2022-06-08 08:58:06 → 62895324567778 → Philippines_visa → 要（发 ）广告，联系 bs91m0
2022-06-08 09:00:28 → 60178838240 → LBBET83332 → 需要 群、发软、件，找 bs91m0
2022-06-08 09:01:02 → 601112672704 → zuqiushuju → 来（发 ）广告，联系 bs91m0
2022-06-08 09:03:01 → 62895324567778 → dubai13148888 → 想要（发 ）广告，找 bs91m0
2022-06-08 09:03:49 → 60178838240 → idcgaofang → 想要（发 ）广告，找 bs91m0
2022-06-08 09:09:17 → 60178838240 → yishoushuj → 需要 软、件，找 bs91m0
2022-06-08 09:10:03 → 601112672704 → srjlq → 专业（发 ）广告，联系我 bs91m0
2022-06-08 09:12:11 → 601112672704 → AG686 → (session) 协议号，零售、批发 找，bs91m0
2022-06-08 09:12:38 → 60142963511 → lbbet → 需要 软、件，找 bs91m0
2022-06-08 09:14:15 → 601112672704 → youxidaili → 想要（发 ）广告，找 bs91m0
2022-06-08 09:15:53 → 60142963511 → jiaoyouqun123 → 想找人（ 发 ）广告，找 bs91m0
2022-06-08 09:16:20 → 601112672704 → fjhq000hz → 准备（发 ）广告，找 bs91m0
2022-06-08 09:16:46 → 60178838240 → xjltq → 需要 群、发，找 bs91m0
2022-06-08 09:20:18 → 601112672704 → fv0015 → 来（发 ）广告，联系 bs91m0
2022-06-08 09:25:08 → 601112672704 → USDThuzhu3 → (session) 协议号，零售、批发 找，bs91m0
2022-06-08 09:25:35 → 60142963511 → yhksijiantao11 → 来（发 ）广告，联系 bs91m0
2022-06-08 09:27:53 → 60142963511 → phpzufang → 准备（发 ）广告，找 bs91m0
2022-06-08 09:28:20 → 601112672704 → zuqiushuju → 需要 群、发，找 bs91m0
2022-06-08 09:29:16 → 601112672704 → fv0015 → 专业（发 ）广告，联系我 bs91m0
2022-06-08 09:33:33 → 601112672704 → hnsdfhs155 → 专业（发 ）广告，联系我 bs91m0
2022-06-08 09:33:58 → 60178838240 → bdyinliu → 想找人（ 发 ）广告，找 bs91m0
2022-06-08 09:35:13 → 60178838240 → bs16888 → 需要 群、发软、件，找 bs91m0
2022-06-08 09:39:52 → 60178838240 → bs16888 → 来（发 ）广告，联系 bs91m0
2022-06-08 09:40:40 → 62895324567778 → dream888 → 来（发 ）广告，联系 bs91m0
2022-06-08 09:43:09 → 601112672704 → adasdasw → 来（发 ）广告，联系 bs91m0
2022-06-08 09:43:35 → 62895324567778 → Philippines_visa → 想找人（ 发 ）广告，找 bs91m0
2022-06-08 09:44:01 → 60178838240 → dashujuquanguo1 → 要（发 ）广告，联系 bs91m0
2022-06-08 09:45:37 → 601112672704 → jinsanjiaobc → 需要 软、件，找 bs91m0
2022-06-08 09:46:47 → 62895324567778 → zgfCYJT → 专业（发 ）广告，联系我 bs91m0
2022-06-08 09:48:24 → 60178838240 → dsddsdsqa → 专业（发 ）广告，联系我 bs91m0
2022-06-08 09:49:19 → 601112672704 → ziyuanduijie1 → 准备（发 ）广告，找 bs91m0
2022-06-08 09:50:30 → 60142963511 → sirenweixin3 → 想要（发 ）广告，找 bs91m0
2022-06-08 09:51:24 → 62895324567778 → joinBCPH → 需要 群、发软、件，找 bs91m0
2022-06-08 09:51:51 → 601112672704 → youxidaili → 要（发 ）广告，联系 bs91m0
2022-06-08 09:52:38 → 60142963511 → dsfdshhs → 想要（发 ）广告，找 bs91m0
2022-06-08 09:53:04 → 60178838240 → LBBET83332 → 要（发 ）广告，联系 bs91m0
2022-06-08 09:54:27 → 601112672704 → srjlq → 需要 群、发软、件，找 bs91m0
2022-06-08 09:56:01 → 60178838240 → xjltq → 来（发 ）广告，联系 bs91m0
2022-06-08 09:56:28 → 60142963511 → shujyinl → 专业（发 ）广告，联系我 bs91m0
2022-06-08 09:57:17 → 62895324567778 → fgdfdfherh → 要（发 ）广告，联系 bs91m0
2022-06-08 10:02:24 → 601112672704 → fjhq000hz → (session) 协议号，零售、批发 找，bs91m0
2022-06-08 10:04:06 → 62895324567778 → Hpy111 → 需要 群、发软、件，找 bs91m0
2022-06-08 10:04:51 → 601112672704 → buyusdtx → 要（发 ）广告，联系 bs91m0
2022-06-08 10:08:22 → 62895324567778 → miaomiao12356 → 准备（发 ）广告，找 bs91m0
2022-06-08 10:08:51 → 60142963511 → cvv666money → 准备（发 ）广告，找 bs91m0
2022-06-08 10:09:47 → 62895324567778 → amjwg → 要（发 ）广告，联系 bs91m0
2022-06-08 10:10:35 → 60178838240 → zhaopinqiuzhi → 来（发 ）广告，联系 bs91m0
2022-06-08 10:12:13 → 62895324567778 → dubai13148888 → 来（发 ）广告，联系 bs91m0
2022-06-08 10:13:51 → 60142963511 → yhksijiantao11 → 需要 群、发软、件，找 bs91m0
2022-06-08 10:21:35 → 60142963511 → phpzufang → 要（发 ）广告，联系 bs91m0
2022-06-08 10:22:30 → 601112672704 → dunxin106 → 来（发 ）广告，联系 bs91m0
2022-06-08 10:22:57 → 60142963511 → xianliaoq → 想要（发 ）广告，找 bs91m0
2022-06-08 10:25:15 → 601112672704 → AG686 → 想要（发 ）广告，找 bs91m0
2022-06-08 10:27:21 → 601112672704 → srjlq → 来（发 ）广告，联系 bs91m0
2022-06-08 10:30:02 → 601112672704 → jinsanjiaobc → 准备（发 ）广告，找 bs91m0
2022-06-08 10:33:46 → 601112672704 → youxidaili → (session) 协议号，零售、批发 找，bs91m0
2022-06-08 10:36:27 → 60142963511 → jiaoyouqun123 → 需要 群、发，找 bs91m0
2022-06-08 10:39:14 → 601112672704 → hnsdfhs155 → 来（发 ）广告，联系 bs91m0
2022-06-08 10:40:32 → 60142963511 → dsfdshhs → 想要（发 ）广告，找 bs91m0
2022-06-08 10:41:17 → 601112672704 → fjhq000hz → (session) 协议号，零售、批发 找，bs91m0
2022-06-08 10:42:54 → 601112672704 → adasdasw → 要（发 ）广告，联系 bs91m0
2022-06-08 10:45:00 → 62895324567778 → xd836809 → 准备（发 ）广告，找 bs91m0
2022-06-08 10:48:53 → 62895324567778 → phniuniu → 需要 群、发软、件，找 bs91m0
2022-06-08 10:52:55 → 60142963511 → lbbet → 要（发 ）广告，联系 bs91m0
2022-06-08 10:54:34 → 62895324567778 → G88888880 → (session) 协议号，零售、批发 找，bs91m0
2022-06-08 10:55:22 → 601112672704 → fv0015 → 需要 软、件，找 bs91m0
2022-06-08 10:57:45 → 601112672704 → zuqiushuju → 专业（发 ）广告，联系我 bs91m0
2022-06-08 11:01:00 → 60142963511 → sirenweixin3 → 想要（发 ）广告，找 bs91m0
2022-06-08 11:02:57 → 601112672704 → dunxin106 → 要（发 ）广告，联系 bs91m0
2022-06-08 11:04:34 → 601112672704 → USDThuzhu3 → 来（发 ）广告，联系 bs91m0
2022-06-08 11:05:00 → 60142963511 → seguiren → 来（发 ）广告，联系 bs91m0
2022-06-08 11:07:03 → 60142963511 → YHK_security → 来（发 ）广告，联系 bs91m0
2022-06-08 11:11:04 → 601112672704 → ziyuanduijie1 → 想要（发 ）广告，找 bs91m0
2022-06-08 11:14:38 → 60142963511 → shujyinl → 来（发 ）广告，联系 bs91m0
2022-06-08 11:15:34 → 60142963511 → yunqian68 → (session) 协议号，零售、批发 找，bs91m0
2022-06-08 11:16:20 → 62895324567778 → Hpy111 → 想要（发 ）广告，找 bs91m0
2022-06-08 11:19:54 → 62895324567778 → fgdfdfherh → (session) 协议号，零售、批发 找，bs91m0
2022-06-08 11:23:06 → 62895324567778 → xd836809 → 来（发 ）广告，联系 bs91m0
2022-06-08 11:28:11 → 601112672704 → hnsdfhs155 → 需要 群、发软、件，找 bs91m0
2022-06-08 11:29:04 → 601112672704 → srjlq → 来（发 ）广告，联系 bs91m0
2022-06-08 11:30:41 → 601112672704 → fv0015 → 准备（发 ）广告，找 bs91m0
2022-06-08 11:35:50 → 601112672704 → buyusdtx → 来（发 ）广告，联系 bs91m0
2022-06-08 11:38:39 → 601112672704 → USDThuzhu3 → 需要 软、件，找 bs91m0
2022-06-08 11:39:04 → 60142963511 → lbbet → 想要（发 ）广告，找 bs91m0
2022-06-08 11:40:38 → 60142963511 → jiaoyouqun123 → 要（发 ）广告，联系 bs91m0
2022-06-08 11:41:05 → 601112672704 → zuqiushuju → 要（发 ）广告，联系 bs91m0
2022-06-08 11:42:41 → 601112672704 → AG686 → 专业（发 ）广告，联系我 bs91m0
2022-06-08 11:43:08 → 60142963511 → dsfdshhs → 专业（发 ）广告，联系我 bs91m0
2022-06-08 11:45:34 → 601112672704 → youxidaili → 想要（发 ）广告，找 bs91m0
2022-06-08 11:46:22 → 60142963511 → seguiren → 需要 软、件，找 bs91m0
2022-06-08 11:47:15 → 62895324567778 → dream888 → (session) 协议号，零售、批发 找，bs91m0
2022-06-08 11:48:54 → 62895324567778 → Hpy888 → 需要 软、件，找 bs91m0
2022-06-08 11:49:20 → 60142963511 → sirenweixin3 → 需要 群、发软、件，找 bs91m0
2022-06-08 11:54:03 → 62895324567778 → yinlianguoji → (session) 协议号，零售、批发 找，bs91m0
2022-06-08 11:55:15 → 62895324567778 → Philippines_visa → 准备（发 ）广告，找 bs91m0
2022-06-08 11:56:03 → 601112672704 → dunxin106 → 需要 软、件，找 bs91m0
2022-06-08 11:57:21 → 60142963511 → shujyinl → 需要 群、发软、件，找 bs91m0
2022-06-08 11:58:14 → 601112672704 → adasdasw → 需要 群、发软、件，找 bs91m0
2022-06-08 12:00:14 → 62895324567778 → amjwg → 来（发 ）广告，联系 bs91m0
2022-06-08 12:01:49 → 62895324567778 → G88888880 → (session) 协议号，零售、批发 找，bs91m0
2022-06-08 12:02:14 → 60142963511 → xianliaoq → 要（发 ）广告，联系 bs91m0
2022-06-08 12:03:09 → 601112672704 → jinsanjiaobc → 要（发 ）广告，联系 bs91m0
2022-06-08 12:05:07 → 62895324567778 → dubai13148888 → 需要 软、件，找 bs91m0
2022-06-08 12:12:52 → 62895324567778 → dubai13148888 → 需要 软、件，找 bs91m0
2022-06-08 12:13:18 → 601112672704 → fv0015 → 需要 软、件，找 bs91m0
2022-06-08 12:15:47 → 601112672704 → fjhq000hz → (session) 协议号，零售、批发 找，bs91m0
2022-06-08 12:17:45 → 601112672704 → dunxin106 → 想找人（ 发 ）广告，找 bs91m0
2022-06-08 12:27:52 → 60142963511 → yunqian68 → 来（发 ）广告，联系 bs91m0
2022-06-08 12:29:29 → 60142963511 → yhksijiantao11 → 来（发 ）广告，联系 bs91m0
2022-06-08 12:30:24 → 601112672704 → youxidaili → 需要 软、件，找 bs91m0
2022-06-08 12:33:37 → 601112672704 → adasdasw → 来（发 ）广告，联系 bs91m0
2022-06-08 12:34:52 → 601112672704 → ziyuanduijie1 → 需要 群、发软、件，找 bs91m0
2022-06-08 12:36:29 → 60142963511 → phpzufang → 需要 群、发，找 bs91m0
2022-06-08 12:40:20 → 601112672704 → zuqiushuju → 来（发 ）广告，联系 bs91m0
2022-06-08 12:41:15 → 601112672704 → hnsdfhs155 → 专业（发 ）广告，联系我 bs91m0
2022-06-08 12:42:00 → 60142963511 → YHK_security → 要（发 ）广告，联系 bs91m0
2022-06-08 12:45:36 → 60142963511 → cvv666money → 来（发 ）广告，联系 bs91m0
2022-06-08 12:48:55 → 62895324567778 → Hpy888 → 来（发 ）广告，联系 bs91m0
2022-06-08 12:53:15 → 62895324567778 → Philippines_visa → 想找人（ 发 ）广告，找 bs91m0
2022-06-08 12:55:33 → 60142963511 → jiaoyouqun123 → 专业（发 ）广告，联系我 bs91m0
2022-06-08 12:56:28 → 62895324567778 → joinBCPH → 要（发 ）广告，联系 bs91m0
2022-06-08 12:56:55 → 60142963511 → lbbet → 想找人（ 发 ）广告，找 bs91m0
2022-06-08 12:57:41 → 601112672704 → jinsanjiaobc → 来（发 ）广告，联系 bs91m0
2022-06-08 12:58:36 → 601112672704 → USDThuzhu3 → 来（发 ）广告，联系 bs91m0
2022-06-08 12:59:51 → 601112672704 → srjlq → 要（发 ）广告，联系 bs91m0
2022-06-08 13:00:58 → 62895324567778 → yinlianguoji → 准备（发 ）广告，找 bs91m0
2022-06-08 13:01:32 → 62895324567778 → dream888 → 想要（发 ）广告，找 bs91m0
2022-06-08 13:03:06 → 62895324567778 → phniuniu → 想找人（ 发 ）广告，找 bs91m0
2022-06-08 13:04:48 → 62895324567778 → guojitongdaoduanxin → (session) 协议号，零售、批发 找，bs91m0
2022-06-08 13:05:56 → 601112672704 → USDThuzhu3 → 需要 软、件，找 bs91m0
2022-06-08 13:06:52 → 62895324567778 → amjwg → 想要（发 ）广告，找 bs91m0
2022-06-08 13:08:27 → 601112672704 → jinsanjiaobc → 准备（发 ）广告，找 bs91m0
2022-06-08 13:09:19 → 60142963511 → seguiren → 需要 群、发软、件，找 bs91m0
2022-06-08 13:09:52 → 601112672704 → youxidaili → 想找人（ 发 ）广告，找 bs91m0
2022-06-08 13:10:38 → 60142963511 → yunqian68 → 需要 群、发软、件，找 bs91m0
2022-06-08 13:11:34 → 62895324567778 → zgfCYJT → 准备（发 ）广告，找 bs91m0
2022-06-08 13:12:00 → 60142963511 → YHK_security → 专业（发 ）广告，联系我 bs91m0
2022-06-08 13:12:46 → 601112672704 → buyusdtx → 要（发 ）广告，联系 bs91m0
2022-06-08 13:14:22 → 601112672704 → fjhq000hz → 需要 群、发，找 bs91m0
2022-06-08 13:19:54 → 601112672704 → fv0015 → 专业（发 ）广告，联系我 bs91m0
2022-06-08 13:21:55 → 60142963511 → shujyinl → 需要 群、发，找 bs91m0
2022-06-08 13:24:22 → 601112672704 → hnsdfhs155 → (session) 协议号，零售、批发 找，bs91m0
2022-06-08 13:25:58 → 60142963511 → xianliaoq → 来（发 ）广告，联系 bs91m0
2022-06-08 13:27:57 → 601112672704 → adasdasw → (session) 协议号，零售、批发 找，bs91m0
2022-06-08 13:28:43 → 60142963511 → sirenweixin3 → 想要（发 ）广告，找 bs91m0
2022-06-08 13:29:38 → 601112672704 → AG686 → 来（发 ）广告，联系 bs91m0
2022-06-08 13:31:57 → 60142963511 → phpzufang → 需要 群、发软、件，找 bs91m0
2022-06-08 13:32:30 → 601112672704 → dunxin106 → (session) 协议号，零售、批发 找，bs91m0
2022-06-08 13:34:51 → 60142963511 → cvv666money → 需要 群、发软、件，找 bs91m0
2022-06-08 13:43:07 → 601112672704 → zuqiushuju → 准备（发 ）广告，找 bs91m0
2022-06-08 13:44:03 → 601112672704 → srjlq → 要（发 ）广告，联系 bs91m0
2022-06-08 13:48:22 → 60142963511 → dsfdshhs → 需要 群、发软、件，找 bs91m0
2022-06-08 13:54:42 → 62895324567778 → Philippines_visa → 需要 软、件，找 bs91m0
2022-06-08 13:55:09 → 601112672704 → hnsdfhs155 → 来（发 ）广告，联系 bs91m0
2022-06-08 13:56:44 → 62895324567778 → yinlianguoji → 需要 群、发，找 bs91m0
2022-06-08 13:57:36 → 60142963511 → yhksijiantao11 → (session) 协议号，零售、批发 找，bs91m0
2022-06-08 13:59:13 → 601112672704 → jinsanjiaobc → 要（发 ）广告，联系 bs91m0
2022-06-08 14:01:48 → 62895324567778 → joinBCPH → 需要 软、件，找 bs91m0
2022-06-08 14:06:55 → 601112672704 → fjhq000hz → 需要 群、发软、件，找 bs91m0
2022-06-08 14:08:29 → 601112672704 → USDThuzhu3 → 专业（发 ）广告，联系我 bs91m0
2022-06-08 14:08:56 → 62895324567778 → G88888880 → 想找人（ 发 ）广告，找 bs91m0
2022-06-08 14:12:04 → 60142963511 → shujyinl → 来（发 ）广告，联系 bs91m0
2022-06-08 14:12:52 → 601112672704 → zuqiushuju → 需要 群、发，找 bs91m0
2022-06-08 14:15:19 → 60142963511 → lbbet → 来（发 ）广告，联系 bs91m0
2022-06-08 14:16:36 → 62895324567778 → fgdfdfherh → 需要 群、发，找 bs91m0
2022-06-08 14:20:12 → 60142963511 → YHK_security → 要（发 ）广告，联系 bs91m0
2022-06-08 14:20:57 → 62895324567778 → miaomiao12356 → 来（发 ）广告，联系 bs91m0
2022-06-08 14:22:33 → 60142963511 → jiaoyouqun123 → 来（发 ）广告，联系 bs91m0
2022-06-08 14:23:07 → 62895324567778 → zgfCYJT → 准备（发 ）广告，找 bs91m0
2022-06-08 14:26:39 → 60142963511 → yhksijiantao11 → 专业（发 ）广告，联系我 bs91m0
2022-06-08 14:28:16 → 601112672704 → dunxin106 → 想要（发 ）广告，找 bs91m0
2022-06-08 14:31:45 → 601112672704 → adasdasw → 需要 群、发，找 bs91m0
2022-06-08 14:33:22 → 601112672704 → srjlq → 要（发 ）广告，联系 bs91m0
2022-06-08 14:36:52 → 60142963511 → yunqian68 → 要（发 ）广告，联系 bs91m0
2022-06-08 14:41:12 → 601112672704 → youxidaili → 想找人（ 发 ）广告，找 bs91m0
2022-06-08 14:43:11 → 601112672704 → fv0015 → (session) 协议号，零售、批发 找，bs91m0
2022-06-08 14:50:41 → 601112672704 → youxidaili → 准备（发 ）广告，找 bs91m0
2022-06-08 14:51:59 → 62895324567778 → dream888 → 专业（发 ）广告，联系我 bs91m0
2022-06-08 14:52:45 → 601112672704 → fv0015 → 来（发 ）广告，联系 bs91m0
2022-06-08 14:54:21 → 601112672704 → hnsdfhs155 → 需要 群、发，找 bs91m0
2022-06-08 14:56:03 → 601112672704 → jinsanjiaobc → 要（发 ）广告，联系 bs91m0
2022-06-08 14:56:37 → 60142963511 → sirenweixin3 → 需要 群、发，找 bs91m0
2022-06-08 14:57:46 → 62895324567778 → Philippines_visa → 要（发 ）广告，联系 bs91m0
2022-06-08 14:59:52 → 62895324567778 → G88888880 → 需要 软、件，找 bs91m0
2022-06-08 15:01:34 → 60142963511 → cvv666money → 来（发 ）广告，联系 bs91m0
2022-06-08 15:02:01 → 601112672704 → adasdasw → 来（发 ）广告，联系 bs91m0
2022-06-08 15:04:50 → 62895324567778 → phniuniu → (session) 协议号，零售、批发 找，bs91m0
2022-06-08 15:05:16 → 601112672704 → zuqiushuju → 需要 群、发，找 bs91m0
2022-06-08 15:08:27 → 62895324567778 → xd836809 → 来（发 ）广告，联系 bs91m0
2022-06-08 15:10:47 → 62895324567778 → joinBCPH → 来（发 ）广告，联系 bs91m0
2022-06-08 15:13:16 → 601112672704 → AG686 → 来（发 ）广告，联系 bs91m0
2022-06-08 15:14:30 → 60142963511 → phpzufang → 需要 群、发，找 bs91m0
2022-06-08 15:14:56 → 601112672704 → dunxin106 → 想找人（ 发 ）广告，找 bs91m0
2022-06-08 15:17:16 → 601112672704 → srjlq → 专业（发 ）广告，联系我 bs91m0
2022-06-08 15:18:11 → 60142963511 → seguiren → 想找人（ 发 ）广告，找 bs91m0
2022-06-08 15:19:45 → 60142963511 → dsfdshhs → 需要 软、件，找 bs91m0
2022-06-08 15:20:12 → 62895324567778 → fgdfdfherh → 来（发 ）广告，联系 bs91m0
2022-06-08 15:22:41 → 60142963511 → xianliaoq → 需要 群、发，找 bs91m0
2022-06-08 15:23:27 → 601112672704 → buyusdtx → 想要（发 ）广告，找 bs91m0
2022-06-08 15:26:57 → 601112672704 → USDThuzhu3 → 想找人（ 发 ）广告，找 bs91m0
2022-06-08 15:31:04 → 601112672704 → fjhq000hz → 来（发 ）广告，联系 bs91m0
2022-06-08 15:32:41 → 60142963511 → phpzufang → 想找人（ 发 ）广告，找 bs91m0
2022-06-08 15:37:22 → 60142963511 → jiaoyouqun123 → 想找人（ 发 ）广告，找 bs91m0
2022-06-08 15:38:38 → 60142963511 → YHK_security → (session) 协议号，零售、批发 找，bs91m0
2022-06-08 15:41:21 → 601112672704 → hnsdfhs155 → 专业（发 ）广告，联系我 bs91m0
2022-06-08 15:44:30 → 60142963511 → xianliaoq → (session) 协议号，零售、批发 找，bs91m0
2022-06-08 15:45:44 → 601112672704 → zuqiushuju → 想要（发 ）广告，找 bs91m0
2022-06-08 15:46:40 → 601112672704 → dunxin106 → (session) 协议号，零售、批发 找，bs91m0
2022-06-08 15:53:39 → 601112672704 → youxidaili → 专业（发 ）广告，联系我 bs91m0
2022-06-08 15:54:56 → 601112672704 → USDThuzhu3 → 准备（发 ）广告，找 bs91m0
2022-06-08 15:58:07 → 62895324567778 → Hpy888 → 来（发 ）广告，联系 bs91m0
2022-06-08 15:59:23 → 62895324567778 → zgfCYJT → 要（发 ）广告，联系 bs91m0
2022-06-08 16:00:10 → 60142963511 → lbbet → 想找人（ 发 ）广告，找 bs91m0
2022-06-08 16:00:35 → 601112672704 → adasdasw → 需要 群、发软、件，找 bs91m0
2022-06-08 16:01:30 → 60142963511 → cvv666money → 需要 群、发，找 bs91m0
2022-06-08 16:01:56 → 601112672704 → srjlq → 需要 群、发，找 bs91m0
2022-06-08 16:02:49 → 601112672704 → fv0015 → 来（发 ）广告，联系 bs91m0
2022-06-08 16:03:58 → 62895324567778 → guojitongdaoduanxin → 来（发 ）广告，联系 bs91m0
2022-06-08 16:07:12 → 62895324567778 → joinBCPH → 想找人（ 发 ）广告，找 bs91m0
2022-06-08 16:09:59 → 62895324567778 → G88888880 → 专业（发 ）广告，联系我 bs91m0
2022-06-08 16:10:26 → 60142963511 → shujyinl → 需要 群、发，找 bs91m0
2022-06-08 16:11:20 → 60142963511 → dsfdshhs → 需要 软、件，找 bs91m0
2022-06-08 16:12:07 → 62895324567778 → Hpy111 → 想找人（ 发 ）广告，找 bs91m0
2022-06-08 16:14:57 → 601112672704 → jinsanjiaobc → (session) 协议号，零售、批发 找，bs91m0
2022-06-08 16:18:10 → 62895324567778 → fgdfdfherh → 需要 群、发软、件，找 bs91m0
2022-06-08 16:19:05 → 601112672704 → ziyuanduijie1 → 准备（发 ）广告，找 bs91m0
2022-06-08 16:22:39 → 62895324567778 → dubai13148888 → 需要 群、发，找 bs91m0
2022-06-08 16:25:50 → 601112672704 → fjhq000hz → 需要 群、发，找 bs91m0
2022-06-08 16:26:38 → 60142963511 → sirenweixin3 → 来（发 ）广告，联系 bs91m0
2022-06-08 16:30:57 → 601112672704 → srjlq → (session) 协议号，零售、批发 找，bs91m0
2022-06-08 16:33:46 → 60142963511 → seguiren → (session) 协议号，零售、批发 找，bs91m0
2022-06-08 16:35:01 → 601112672704 → fv0015 → 需要 群、发软、件，找 bs91m0
2022-06-08 16:41:24 → 60142963511 → yhksijiantao11 → 准备（发 ）广告，找 bs91m0
2022-06-08 16:43:00 → 601112672704 → youxidaili → 想要（发 ）广告，找 bs91m0
2022-06-08 16:43:26 → 60142963511 → yunqian68 → 要（发 ）广告，联系 bs91m0
2022-06-08 16:45:22 → 601112672704 → adasdasw → 需要 群、发软、件，找 bs91m0
2022-06-08 16:46:37 → 60142963511 → shujyinl → 来（发 ）广告，联系 bs91m0
2022-06-08 16:47:53 → 601112672704 → AG686 → 想找人（ 发 ）广告，找 bs91m0
2022-06-08 16:49:52 → 601112672704 → jinsanjiaobc → 来（发 ）广告，联系 bs91m0
2022-06-08 16:54:34 → 601112672704 → USDThuzhu3 → 来（发 ）广告，联系 bs91m0
2022-06-08 16:55:00 → 60142963511 → yunqian68 → 需要 群、发，找 bs91m0
2022-06-08 16:58:29 → 601112672704 → zuqiushuju → 来（发 ）广告，联系 bs91m0
2022-06-08 16:59:02 → 60142963511 → cvv666money → 需要 软、件，找 bs91m0
2022-06-08 17:02:35 → 60142963511 → lbbet → 想要（发 ）广告，找 bs91m0
2022-06-08 17:03:50 → 60142963511 → jiaoyouqun123 → 要（发 ）广告，联系 bs91m0
2022-06-08 17:04:17 → 62895324567778 → zgfCYJT → (session) 协议号，零售、批发 找，bs91m0
2022-06-08 17:06:41 → 62895324567778 → phniuniu → 准备（发 ）广告，找 bs91m0
2022-06-08 17:08:47 → 60142963511 → xianliaoq → 要（发 ）广告，联系 bs91m0
2022-06-08 17:09:54 → 601112672704 → dunxin106 → 需要 软、件，找 bs91m0
2022-06-08 17:10:47 → 62895324567778 → joinBCPH → 需要 群、发软、件，找 bs91m0
2022-06-08 17:11:36 → 601112672704 → hnsdfhs155 → 准备（发 ）广告，找 bs91m0
2022-06-08 17:13:43 → 60142963511 → dsfdshhs → 来（发 ）广告，联系 bs91m0
2022-06-08 17:14:51 → 601112672704 → buyusdtx → 准备（发 ）广告，找 bs91m0
2022-06-08 17:19:34 → 601112672704 → fjhq000hz → 来（发 ）广告，联系 bs91m0
2022-06-08 17:23:36 → 601112672704 → srjlq → 专业（发 ）广告，联系我 bs91m0
2022-06-08 17:24:03 → 62895324567778 → G88888880 → 来（发 ）广告，联系 bs91m0
2022-06-08 17:25:39 → 62895324567778 → miaomiao12356 → 想找人（ 发 ）广告，找 bs91m0
2022-06-08 17:26:57 → 601112672704 → fv0015 → 来（发 ）广告，联系 bs91m0
2022-06-08 17:27:45 → 62895324567778 → guojitongdaoduanxin → (session) 协议号，零售、批发 找，bs91m0
2022-06-08 17:31:15 → 62895324567778 → fgdfdfherh → 准备（发 ）广告，找 bs91m0
2022-06-08 17:32:10 → 62895324567778 → Hpy111 → 来（发 ）广告，联系 bs91m0
2022-06-08 17:36:51 → 601112672704 → youxidaili → 想找人（ 发 ）广告，找 bs91m0
2022-06-08 17:38:06 → 601112672704 → dunxin106 → 需要 群、发，找 bs91m0
2022-06-08 17:39:44 → 601112672704 → zuqiushuju → 来（发 ）广告，联系 bs91m0
2022-06-08 17:40:09 → 60142963511 → YHK_security → 想要（发 ）广告，找 bs91m0
2022-06-08 17:42:06 → 60142963511 → phpzufang → 专业（发 ）广告，联系我 bs91m0
2022-06-08 17:43:44 → 60142963511 → sirenweixin3 → 准备（发 ）广告，找 bs91m0
2022-06-08 17:44:09 → 601112672704 → jinsanjiaobc → (session) 协议号，零售、批发 找，bs91m0
2022-06-08 17:48:51 → 601112672704 → USDThuzhu3 → 需要 软、件，找 bs91m0
2022-06-08 17:51:01 → 601112672704 → fjhq000hz → 专业（发 ）广告，联系我 bs91m0
2022-06-08 17:57:40 → 60142963511 → yhksijiantao11 → 需要 软、件，找 bs91m0
2022-06-08 17:58:06 → 601112672704 → adasdasw → 准备（发 ）广告，找 bs91m0
2022-06-08 17:59:41 → 62895324567778 → yinlianguoji → 需要 群、发，找 bs91m0
2022-06-08 18:00:07 → 60142963511 → seguiren → 需要 群、发，找 bs91m0
2022-06-08 18:06:20 → 62895324567778 → phniuniu → 想找人（ 发 ）广告，找 bs91m0
2022-06-08 18:07:14 → 601112672704 → ziyuanduijie1 → 准备（发 ）广告，找 bs91m0
2022-06-08 18:11:06 → 601112672704 → hnsdfhs155 → 想找人（ 发 ）广告，找 bs91m0
2022-06-08 18:11:40 → 62895324567778 → xd836809 → 来（发 ）广告，联系 bs91m0
2022-06-08 18:13:16 → 60142963511 → lbbet → 需要 群、发，找 bs91m0
2022-06-08 18:13:42 → 62895324567778 → guojitongdaoduanxin → 要（发 ）广告，联系 bs91m0
2022-06-08 18:14:10 → 601112672704 → zuqiushuju → (session) 协议号，零售、批发 找，bs91m0
2022-06-08 18:15:03 → 601112672704 → srjlq → (session) 协议号，零售、批发 找，bs91m0
2022-06-08 18:17:06 → 601112672704 → AG686 → 专业（发 ）广告，联系我 bs91m0
2022-06-08 18:17:32 → 60142963511 → dsfdshhs → 需要 群、发，找 bs91m0
2022-06-08 18:21:32 → 62895324567778 → yinlianguoji → 想找人（ 发 ）广告，找 bs91m0