
2022-06-20 09:33:08 → 79919431787 → zizi55665665 → 想找人（ 发 ）广告，找 bs91m1
2022-06-20 09:37:02 → 79919431787 → wangzaiGZS4 → 来（发 ）广告，联系 bs91m1
2022-06-20 09:38:56 → 6282190182730 → TG96110 → 准备（发 ）广告，找 bs91m1
2022-06-20 09:39:14 → 6283129267390 → NodeGlobal → 需要 群、发软、件，找 bs91m1
2022-06-20 09:41:18 → 918509922477 → -1001685952124 → (session) 协议号，零售、批发 找，bs91m1
2022-06-20 09:41:36 → 6283833724909 → TGlianmeng002 → 需要 群、发，找 bs91m1
2022-06-20 09:42:11 → 8801743979741 → xiaoshizi888 → 专业（发 ）广告，联系我 bs91m1
2022-06-20 09:42:29 → 6281274302036 → yindutg → 来（发 ）广告，联系 bs91m1
2022-06-20 09:42:47 → 6285929906929 → botong002 → 想找人（ 发 ）广告，找 bs91m1
2022-06-20 09:43:05 → 601112672704 → bcweb → 准备（发 ）广告，找 bs91m1
2022-06-20 09:43:51 → 6283853159401 → Shore999888 → 要（发 ）广告，联系 bs91m1
2022-06-20 09:44:24 → 6282113664005 → baocai217 → 专业（发 ）广告，联系我 bs91m1
2022-06-20 09:45:52 → 6288212128538 → dbjlq1 → 需要 软、件，找 bs91m1
2022-06-20 09:46:27 → 6283122179137 → allswapCN → 想找人（ 发 ）广告，找 bs91m1
2022-06-20 09:46:45 → 6281341176226 → iBox_official → 想找人（ 发 ）广告，找 bs91m1
2022-06-20 09:47:03 → 6282195908918 → tcelue1 → 需要 群、发，找 bs91m1
2022-06-20 09:47:20 → 6288213655040 → tz636 → 来（发 ）广告，联系 bs91m1
2022-06-20 09:48:03 → 6288212128538 → xbdb01 → 需要 软、件，找 bs91m1
2022-06-20 09:50:54 → 6283129267390 → three001 → 想要（发 ）广告，找 bs91m1
2022-06-20 09:51:38 → 6282284114509 → tianziusdt → 专业（发 ）广告，联系我 bs91m1
2022-06-20 09:51:55 → 6288213655040 → USTCtg → 准备（发 ）广告，找 bs91m1
2022-06-20 09:53:02 → 5541984282336 → huihui220 → 要（发 ）广告，联系 bs91m1
2022-06-20 09:53:20 → 6283837549531 → TGdibai168 → 想找人（ 发 ）广告，找 bs91m1
2022-06-20 09:53:38 → 601124042925 → -1001084532732 → 需要 群、发，找 bs91m1
2022-06-20 09:54:26 → 8801743979741 → heimayunkongguanfang → 专业（发 ）广告，联系我 bs91m1
2022-06-20 09:54:44 → 6282190182730 → laowangdan → (session) 协议号，零售、批发 找，bs91m1
2022-06-20 09:55:24 → 6283853159401 → TG088 → 准备（发 ）广告，找 bs91m1
2022-06-20 09:55:57 → 79919431787 → yuechuruanjian1 → 准备（发 ）广告，找 bs91m1
2022-06-20 09:56:32 → 6283833724909 → njwwjpxc → 想找人（ 发 ）广告，找 bs91m1
2022-06-20 09:57:01 → 8801743979741 → xiaoguzhuanyedajian8 → 专业（发 ）广告，联系我 bs91m1
2022-06-20 09:57:19 → 6282284114509 → qxinw → 专业（发 ）广告，联系我 bs91m1
2022-06-20 09:57:54 → 6281274302036 → MLA9999 → 要（发 ）广告，联系 bs91m1
2022-06-20 09:58:11 → 6282268584651 → YYL001 → 准备（发 ）广告，找 bs91m1
2022-06-20 09:58:41 → 6283833724909 → sq577 → 要（发 ）广告，联系 bs91m1
2022-06-20 10:02:34 → 6281341176226 → YS52111 → 需要 软、件，找 bs91m1
2022-06-20 10:03:42 → 79919431787 → daishou15 → 来（发 ）广告，联系 bs91m1
2022-06-20 10:04:16 → 6282113664005 → sanfang53 → 需要 群、发软、件，找 bs91m1
2022-06-20 10:05:13 → 79917733563 → TG99877 → 来（发 ）广告，联系 bs91m1
2022-06-20 10:05:30 → 6288212128538 → sunshineyyds → 专业（发 ）广告，联系我 bs91m1
2022-06-20 10:06:12 → 6282195908918 → zhongwen6 → 需要 群、发软、件，找 bs91m1
2022-06-20 10:06:50 → 79919431787 → TGlianmeng002 → 需要 群、发软、件，找 bs91m1
2022-06-20 10:07:12 → 8801743979741 → shanyjk58 → 要（发 ）广告，联系 bs91m1
2022-06-20 10:07:30 → 6288212128538 → bclm1 → 专业（发 ）广告，联系我 bs91m1
2022-06-20 10:07:59 → 601112672704 → wybf168168 → 需要 软、件，找 bs91m1
2022-06-20 10:08:15 → 5541984282336 → MDhuaren1 → 准备（发 ）广告，找 bs91m1
2022-06-20 10:08:45 → 6282190182730 → xinbi_088 → 来（发 ）广告，联系 bs91m1
2022-06-20 10:09:02 → 6283846077843 → TRJ_shore001 → 想找人（ 发 ）广告，找 bs91m1
2022-06-20 10:09:25 → 79917733563 → Shore999888 → 需要 群、发软、件，找 bs91m1
2022-06-20 10:10:18 → 6283833724909 → OKXGroup_CN → 来（发 ）广告，联系 bs91m1
2022-06-20 10:11:19 → 6281341176226 → dongnanyaliaotian → 来（发 ）广告，联系 bs91m1
2022-06-20 10:11:36 → 6283837549531 → PingAn66Shop → 来（发 ）广告，联系 bs91m1
2022-06-20 10:12:31 → 6282113664005 → yuehui8 → 来（发 ）广告，联系 bs91m1
2022-06-20 10:13:01 → 6283853159401 → dibai918 → 想要（发 ）广告，找 bs91m1
2022-06-20 10:13:26 → 6283833724909 → BiboxGroup → 需要 群、发，找 bs91m1
2022-06-20 10:14:34 → 6285929906929 → zscd18 → 想找人（ 发 ）广告，找 bs91m1
2022-06-20 10:14:51 → 6288213655040 → huichan_com_grp → 需要 群、发，找 bs91m1
2022-06-20 10:15:28 → 79917733563 → OYRGEF → 来（发 ）广告，联系 bs91m1
2022-06-20 10:15:46 → 6288212128538 → ziyuan2 → 要（发 ）广告，联系 bs91m1
2022-06-20 10:16:38 → 6283853159401 → xingbi0088 → 准备（发 ）广告，找 bs91m1
2022-06-20 10:17:08 → 6282284114509 → dijia02 → (session) 协议号，零售、批发 找，bs91m1
2022-06-20 10:17:38 → 6282190182730 → TG006 → 来（发 ）广告，联系 bs91m1
2022-06-20 10:18:01 → 8801743979741 → kaifahaiwai4 → 专业（发 ）广告，联系我 bs91m1
2022-06-20 10:18:36 → 6281341176226 → kkkttt369 → 要（发 ）广告，联系 bs91m1
2022-06-20 10:19:20 → 6283846077843 → monstainfinitechinese → 想找人（ 发 ）广告，找 bs91m1
2022-06-20 10:19:50 → 601124036748 → si1688 → 需要 软、件，找 bs91m1
2022-06-20 10:20:08 → 601112672414 → Shore999888 → 需要 群、发软、件，找 bs91m1
2022-06-20 10:20:25 → 6283837549531 → doge88 → 要（发 ）广告，联系 bs91m1
2022-06-20 10:21:04 → 6283129267390 → TGDL128 → 来（发 ）广告，联系 bs91m1
2022-06-20 10:21:51 → 79919431787 → DNY770 → 来（发 ）广告，联系 bs91m1
2022-06-20 10:22:32 → 6282284114509 → dyjiaoliu → 来（发 ）广告，联系 `boss91m1`
2022-06-20 10:22:54 → 8801743979741 → fachai8 → (session) 协议号，零售、批发 找，`boss91m1`
2022-06-20 10:24:57 → 5541984282336 → yugzf → 需要 软、件，找 `boss91m1`
2022-06-20 10:25:29 → 6283846077843 → tokauCN → 需要 软、件，找 `boss91m1`
2022-06-20 10:26:29 → 79917733563 → NB1chat → 准备（发 ）广告，找 `boss91m1`
2022-06-20 10:26:47 → 601124036748 → HWDBQ → 需要 软、件，找 `boss91m1`
2022-06-20 10:27:39 → 6281274302036 → MLA9999 → 需要 软、件，找 `boss91m1`
2022-06-20 10:28:04 → 6283837549531 → guminlaqun66 → 想要（发 ）广告，找 `boss91m1`
2022-06-20 10:28:22 → 6288213655040 → -1001501399950 → 准备（发 ）广告，找 `boss91m1`
2022-06-20 10:28:38 → 5541984282336 → bailaohui_cvv → 需要 软、件，找 `boss91m1`
2022-06-20 10:28:56 → 601124042925 → jiu_777 → 需要 群、发，找 `boss91m1`
2022-06-20 10:29:38 → 6282195908918 → A_K_3A → 需要 群、发软、件，找 `boss91m1`
2022-06-20 10:30:31 → 6285929906929 → botong002 → (session) 协议号，零售、批发 找，`boss91m1`
2022-06-20 10:30:55 → 8801743979741 → facebookyouyuandingzhi → 来（发 ）广告，联系 `boss91m1`
2022-06-20 10:31:13 → 6281341176226 → iBox_official → 专业（发 ）广告，联系我 `boss91m1`
2022-06-20 10:31:31 → 6281274302036 → yindutg → 想要（发 ）广告，找 `boss91m1`
2022-06-20 10:31:49 → 601124036748 → huiguophp → 需要 群、发软、件，找 `boss91m1`
2022-06-20 10:32:21 → 6283853159401 → xingbi0088 → 准备（发 ）广告，找 `boss91m1`
2022-06-20 10:32:39 → 601112672414 → -1001629074860 → 想找人（ 发 ）广告，找 `boss91m1`
2022-06-20 10:32:57 → 6288212128538 → xbdb01 → 要（发 ）广告，联系 `boss91m1`
2022-06-20 10:33:19 → 79919431787 → tiandeng88 → 需要 群、发软、件，找 `boss91m1`
2022-06-20 10:33:48 → 6282284114509 → KMFW56789 → 想找人（ 发 ）广告，找 `boss91m1`
2022-06-20 10:34:33 → 6282190182730 → xinbi_088 → 来（发 ）广告，联系 `boss91m1`
2022-06-20 10:35:04 → 6282113664005 → TG12389 → 需要 软、件，找 `boss91m1`
2022-06-20 10:36:23 → 6288212128538 → dbjlq1 → 想找人（ 发 ）广告，找 `boss91m1`
2022-06-20 10:37:35 → 6281341176226 → YS52111 → 专业（发 ）广告，联系我 `boss91m1`
2022-06-20 10:37:53 → 6283122179137 → allswapCN → (session) 协议号，零售、批发 找，`boss91m1`
2022-06-20 10:40:46 → 8801743979741 → WhatsAppqunfajsq8 → 需要 群、发软、件，找 `boss91m1`
2022-06-20 10:41:03 → 6282190182730 → TG006 → 专业（发 ）广告，联系我 `boss91m1`
2022-06-20 10:41:52 → 79917733563 → xjltq → 想要（发 ）广告，找 `boss91m1`
2022-06-20 10:42:54 → 6283129267390 → NodeGlobal → 专业（发 ）广告，联系我 `boss91m1`
2022-06-20 10:43:24 → 6281341176226 → kkkttt369 → 专业（发 ）广告，联系我 `boss91m1`
2022-06-20 10:44:24 → 6283837549531 → TGdibai168 → 来（发 ）广告，联系 `boss91m1`
2022-06-20 10:44:47 → 8801743979741 → yinduchuhai → 来（发 ）广告，联系 `boss91m1`
2022-06-20 10:46:47 → 79917733563 → luckyyy77777 → 来（发 ）广告，联系 `boss91m1`
2022-06-20 10:47:18 → 601124036748 → -1001692409589 → 要（发 ）广告，联系 `boss91m1`
2022-06-20 10:47:49 → 5541984282336 → huihui220 → (session) 协议号，零售、批发 找，`boss91m1`
2022-06-20 10:48:06 → 601112672704 → TG328 → 要（发 ）广告，联系 `boss91m1`
2022-06-20 10:48:23 → 6283853159401 → TG088 → 专业（发 ）广告，联系我 `boss91m1`
2022-06-20 10:48:58 → 6282113664005 → sanfang53 → 想要（发 ）广告，找 `boss91m1`
2022-06-20 10:49:39 → 6288212128538 → sunshineyyds → 需要 软、件，找 `boss91m1`
2022-06-20 10:50:08 → 6288213655040 → tz636 → 准备（发 ）广告，找 `boss91m1`
2022-06-20 10:50:50 → 601112672414 → daishoujiaoyi → 专业（发 ）广告，联系我 `boss91m1`
2022-06-20 10:51:39 → 8801743979741 → chuhai007014 → 专业（发 ）广告，联系我 `boss91m1`
2022-06-20 10:52:09 → 6282284114509 → axujj → 来（发 ）广告，联系 `boss91m1`
2022-06-20 10:52:44 → 6283837549531 → PingAn66Shop → 准备（发 ）广告，找 `boss91m1`
2022-06-20 10:53:42 → 6282190182730 → TG96110 → 需要 群、发软、件，找 `boss91m1`
2022-06-20 10:54:21 → 6281274302036 → yindutg → (session) 协议号，零售、批发 找，`boss91m1`
2022-06-20 10:55:08 → 6281341176226 → dongnanyaliaotian → 专业（发 ）广告，联系我 `boss91m1`
2022-06-20 10:56:05 → 6288213655040 → USTCtg → 专业（发 ）广告，联系我 `boss91m1`
2022-06-20 10:56:48 → 601124036748 → qwerdt1 → 要（发 ）广告，联系 `boss91m1`
2022-06-20 10:57:05 → 6282190182730 → laowangdan → 想要（发 ）广告，找 `boss91m1`
2022-06-20 10:57:26 → 79919431787 → BtokCN_001 → 想要（发 ）广告，找 `boss91m1`
2022-06-20 10:58:18 → 6281274302036 → MLA9999 → 想要（发 ）广告，找 `boss91m1`
2022-06-20 10:58:48 → 601124042925 → maticnetwork_china → 需要 群、发软、件，找 `boss91m1`
2022-06-20 11:00:07 → 79917733563 → yinhangkausdt → 想找人（ 发 ）广告，找 `boss91m1`
2022-06-20 11:00:25 → 6283853159401 → TG088 → (session) 协议号，零售、批发 找，`boss91m1`
2022-06-20 11:01:24 → 6285929906929 → zscd18 → 要（发 ）广告，联系 `boss91m1`
2022-06-20 11:01:40 → 5541984282336 → MDhuaren1 → 专业（发 ）广告，联系我 `boss91m1`
2022-06-20 11:02:15 → 6288212128538 → bclm1 → 需要 群、发，找 `boss91m1`
2022-06-20 11:03:04 → 6283122179137 → allswapCN → 要（发 ）广告，联系 `boss91m1`
2022-06-20 11:03:22 → 5541984282336 → bailaohui_cvv → 来（发 ）广告，联系 `boss91m1`
2022-06-20 11:03:39 → 601112672704 → wybf168168 → (session) 协议号，零售、批发 找，`boss91m1`
2022-06-20 11:04:49 → 8801743979741 → facebook1116 → 需要 群、发，找 `boss91m1`
2022-06-20 11:05:17 → 6283853159401 → xingbi0088 → 需要 群、发，找 `boss91m1`
2022-06-20 11:05:34 → 6282113664005 → baocai217 → 需要 群、发软、件，找 `boss91m1`
2022-06-20 11:06:21 → 79917733563 → BtokCN_001 → 来（发 ）广告，联系 `boss91m1`
2022-06-20 11:07:33 → 79919431787 → laowangdan → 专业（发 ）广告，联系我 `boss91m1`
2022-06-20 11:09:04 → 5541984282336 → yugzf → 来（发 ）广告，联系 `boss91m1`
2022-06-20 11:09:21 → 601124042925 → FHaak8 → 想找人（ 发 ）广告，找 `boss91m1`
2022-06-20 11:09:54 → 6285929906929 → zscd18 → 准备（发 ）广告，找 `boss91m1`
2022-06-20 11:10:12 → 6281274302036 → MLA9999 → (session) 协议号，零售、批发 找，`boss91m1`
2022-06-20 11:11:10 → 6282190182730 → laowangdan → 准备（发 ）广告，找 `boss91m1`
2022-06-20 11:11:28 → 6281341176226 → dongnanyaliaotian → 需要 群、发软、件，找 `boss91m1`
2022-06-20 11:11:49 → 79919431787 → huanqian35 → 专业（发 ）广告，联系我 `boss91m1`
2022-06-20 11:12:10 → 8801743979741 → wsxieyi → 需要 群、发，找 `boss91m1`
2022-06-20 11:12:58 → 6283846077843 → TRJ_shore001 → 想要（发 ）广告，找 `boss91m1`
2022-06-20 11:13:15 → 6282195908918 → tcelue1 → 需要 群、发软、件，找 `boss91m1`
2022-06-20 11:13:32 → 601112672704 → TG328 → 想要（发 ）广告，找 `boss91m1`
2022-06-20 11:14:27 → 79917733563 → GIBXChange_cn → (session) 协议号，零售、批发 找，`boss91m1`
2022-06-20 11:14:44 → 6282284114509 → KMFW56789 → 想要（发 ）广告，找 `boss91m1`
2022-06-20 11:15:02 → 6288212128538 → dbjlq1 → 专业（发 ）广告，联系我 `boss91m1`
2022-06-20 11:16:08 → 79919431787 → mangguohaxivip1 → 需要 群、发，找 `boss91m1`
2022-06-20 11:17:50 → 6288212128538 → bclm1 → 需要 软、件，找 `boss91m1`
2022-06-20 11:18:20 → 6282190182730 → TG96110 → 需要 群、发，找 `boss91m1`
2022-06-20 11:18:48 → 601124036748 → si1688 → 来（发 ）广告，联系 `boss91m1`
2022-06-20 11:19:30 → 6281274302036 → yindutg → (session) 协议号，零售、批发 找，`boss91m1`
2022-06-20 11:19:59 → 6283837549531 → PingAn66Shop → 来（发 ）广告，联系 `boss91m1`
2022-06-20 11:20:47 → 6282113664005 → yuehui8 → 想找人（ 发 ）广告，找 `boss91m1`
2022-06-20 11:21:07 → 8801743979741 → wsqf168888 → 想找人（ 发 ）广告，找 `boss91m1`
2022-06-20 11:21:24 → 6281341176226 → kkkttt369 → 要（发 ）广告，联系 `boss91m1`
2022-06-20 11:23:00 → 6288213655040 → tz636 → 要（发 ）广告，联系 `boss91m1`
2022-06-20 11:23:23 → 79917733563 → VG0002 → 专业（发 ）广告，联系我 `boss91m1`
2022-06-20 11:25:05 → 601112672414 → Shore999888 → 想找人（ 发 ）广告，找 `boss91m1`
2022-06-20 11:25:22 → 6283837549531 → TGdibai168 → 想找人（ 发 ）广告，找 `boss91m1`
2022-06-20 11:25:43 → 79919431787 → danbao96 → 想要（发 ）广告，找 `boss91m1`
2022-06-20 11:26:13 → 6283846077843 → TRJ_shore001 → 想找人（ 发 ）广告，找 `boss91m1`
2022-06-20 11:27:09 → 6288212128538 → xbdb01 → 需要 群、发软、件，找 `boss91m1`
2022-06-20 11:27:26 → 6282284114509 → dyjiaoliu → 需要 软、件，找 `boss91m1`
2022-06-20 11:27:57 → 601124042925 → jiu_777 → 准备（发 ）广告，找 `boss91m1`
2022-06-20 11:28:48 → 601112672414 → daishoujiaoyi → 要（发 ）广告，联系 `boss91m1`
2022-06-20 11:29:59 → 6288213655040 → USTCtg → 想找人（ 发 ）广告，找 `boss91m1`
2022-06-20 11:30:16 → 6283837549531 → guminlaqun66 → 想要（发 ）广告，找 `boss91m1`
2022-06-20 11:30:39 → 79917733563 → YYL001 → 来（发 ）广告，联系 `boss91m1`
2022-06-20 11:30:56 → 6282190182730 → xinbi_088 → 要（发 ）广告，联系 `boss91m1`
2022-06-20 11:31:39 → 6288212128538 → ziyuan2 → 需要 软、件，找 `boss91m1`
2022-06-20 11:32:08 → 6283853159401 → TG088 → (session) 协议号，零售、批发 找，`boss91m1`
2022-06-20 11:32:25 → 6282284114509 → qxinw → 准备（发 ）广告，找 `boss91m1`
2022-06-20 11:32:46 → 8801743979741 → agtjla → 需要 软、件，找 `boss91m1`
2022-06-20 11:33:50 → 79919431787 → jkdgkfghfhg → 专业（发 ）广告，联系我 `boss91m1`
2022-06-20 11:34:22 → 6281341176226 → iBox_official → 要（发 ）广告，联系 `boss91m1`
2022-06-20 11:35:39 → 601124036748 → -1001692409589 → (session) 协议号，零售、批发 找，`boss91m1`
2022-06-20 11:36:15 → 79917733563 → aomenliuhe88 → 需要 软、件，找 `boss91m1`
2022-06-20 11:37:14 → 8801743979741 → hmch01 → (session) 协议号，零售、批发 找，`boss91m1`
2022-06-20 11:37:32 → 6283853159401 → xingbi0088 → 准备（发 ）广告，找 `boss91m1`
2022-06-20 11:38:39 → 6282190182730 → TG006 → 要（发 ）广告，联系 `boss91m1`
2022-06-20 11:38:56 → 6282195908918 → tcelue1 → 需要 群、发软、件，找 `boss91m1`
2022-06-20 11:40:12 → 5541984282336 → MDhuaren1 → 需要 群、发，找 `boss91m1`
2022-06-20 11:40:42 → 6288212128538 → sunshineyyds → 需要 群、发软、件，找 `boss91m1`
2022-06-20 11:40:59 → 601124042925 → FHaak8 → 想找人（ 发 ）广告，找 `boss91m1`
2022-06-20 11:42:05 → 5541984282336 → yugzf → 来（发 ）广告，联系 `boss91m1`
2022-06-20 11:42:54 → 79917733563 → djsqgali → 想要（发 ）广告，找 `boss91m1`
2022-06-20 11:45:09 → 6281274302036 → MLA9999 → 需要 群、发，找 `boss91m1`
2022-06-20 11:45:27 → 6281341176226 → kkkttt369 → 准备（发 ）广告，找 `boss91m1`
2022-06-20 11:45:45 → 6285929906929 → zscd18 → 来（发 ）广告，联系 `boss91m1`
2022-06-20 11:46:02 → 6283122179137 → allswapCN → (session) 协议号，零售、批发 找，`boss91m1`
2022-06-20 11:46:48 → 6283129267390 → NodeGlobal → 准备（发 ）广告，找 `boss91m1`
2022-06-20 11:47:06 → 601112672414 → -1001629074860 → 需要 群、发，找 `boss91m1`
2022-06-20 11:48:13 → 601112672704 → bcweb → 需要 软、件，找 `boss91m1`
2022-06-20 11:49:08 → 8801743979741 → whatsappyewu5 → (session) 协议号，零售、批发 找，`boss91m1`
2022-06-20 11:49:26 → 6282190182730 → TG006 → (session) 协议号，零售、批发 找，`boss91m1`
2022-06-20 11:50:09 → 601124036748 → HWDBQ → 来（发 ）广告，联系 `boss91m1`
2022-06-20 11:50:26 → 6282284114509 → axujj → 需要 软、件，找 `boss91m1`
2022-06-20 11:50:43 → 6281341176226 → iBox_official → 需要 群、发，找 `boss91m1`
2022-06-20 11:51:02 → 6283853159401 → xingbi0088 → 来（发 ）广告，联系 `boss91m1`
2022-06-20 11:51:44 → 6281274302036 → yindutg → 想找人（ 发 ）广告，找 `boss91m1`
2022-06-20 11:52:06 → 79917733563 → XxUP1121 → 想找人（ 发 ）广告，找 `boss91m1`
2022-06-20 11:54:19 → 601124036748 → huiguophp → 需要 群、发，找 `boss91m1`
2022-06-20 11:54:40 → 79919431787 → sanfang53 → 要（发 ）广告，联系 `boss91m1`
2022-06-20 11:54:57 → 6283129267390 → TGDL128 → 需要 群、发软、件，找 `boss91m1`
2022-06-20 11:55:58 → 6282190182730 → laowangdan → 想找人（ 发 ）广告，找 `boss91m1`
2022-06-20 11:56:15 → 6288212128538 → dbjlq1 → 来（发 ）广告，联系 `boss91m1`
2022-06-20 11:56:55 → 6283837549531 → TGdibai168 → 想要（发 ）广告，找 `boss91m1`
2022-06-20 11:57:17 → 8801743979741 → hmch02 → 来（发 ）广告，联系 `boss91m1`
2022-06-20 11:58:27 → 6288213655040 → USTCtg → 需要 群、发软、件，找 `boss91m1`
2022-06-20 11:58:44 → 601112672704 → fw866 → 来（发 ）广告，联系 `boss91m1`
2022-06-20 11:59:57 → 79917733563 → dyjiaoliu → 专业（发 ）广告，联系我 `boss91m1`
2022-06-20 12:00:34 → 6282113664005 → baocai217 → 需要 群、发，找 `boss91m1`
2022-06-20 12:00:51 → 6282195908918 → zhongwen6 → (session) 协议号，零售、批发 找，`boss91m1`
2022-06-20 12:01:23 → 6282284114509 → KMFW56789 → 想要（发 ）广告，找 `boss91m1`
2022-06-20 12:01:40 → 6288213655040 → tz636 → 要（发 ）广告，联系 `boss91m1`
2022-06-20 12:02:33 → 6281341176226 → dongnanyaliaotian → 想要（发 ）广告，找 `boss91m1`
2022-06-20 12:03:25 → 8801743979741 → wslinezalo → 要（发 ）广告，联系 `boss91m1`
2022-06-20 12:03:53 → 6288212128538 → xbdb01 → 想找人（ 发 ）广告，找 `boss91m1`
2022-06-20 12:04:11 → 601112672414 → daishoujiaoyi → 想找人（ 发 ）广告，找 `boss91m1`
2022-06-20 12:04:58 → 5541984282336 → huihui220 → 需要 软、件，找 `boss91m1`
2022-06-20 12:05:46 → 6283853159401 → TG088 → 来（发 ）广告，联系 `boss91m1`
2022-06-20 12:06:21 → 79919431787 → az123818 → 需要 群、发，找 `boss91m1`
2022-06-20 12:06:46 → 6282113664005 → sanfang53 → (session) 协议号，零售、批发 找，`boss91m1`
2022-06-20 12:07:16 → 6288212128538 → bclm1 → 需要 群、发软、件，找 `boss91m1`
2022-06-20 12:07:57 → 5541984282336 → bailaohui_cvv → 专业（发 ）广告，联系我 `boss91m1`
2022-06-20 12:08:39 → 6281274302036 → yindutg → 准备（发 ）广告，找 `boss91m1`
2022-06-20 12:09:11 → 8801743979741 → wsfbtt → 想找人（ 发 ）广告，找 `boss91m1`
2022-06-20 12:09:33 → 79919431787 → tsdb01 → 来（发 ）广告，联系 `boss91m1`
2022-06-20 12:09:51 → 6282190182730 → xinbi_088 → 需要 软、件，找 `boss91m1`
2022-06-20 12:10:26 → 6283837549531 → PingAn66Shop → 来（发 ）广告，联系 `boss91m1`
2022-06-20 12:11:43 → 6283122179137 → allswapCN → 想要（发 ）广告，找 `boss91m1`
2022-06-20 12:12:14 → 601124036748 → si1688 → 需要 群、发，找 `boss91m1`
2022-06-20 12:13:54 → 601112672414 → -1001629074860 → 准备（发 ）广告，找 `boss91m1`
2022-06-20 12:14:13 → 6288213655040 → tz636 → 想要（发 ）广告，找 `boss91m1`
2022-06-20 12:15:01 → 6281274302036 → MLA9999 → 需要 软、件，找 `boss91m1`
2022-06-20 12:15:18 → 6282190182730 → TG96110 → 来（发 ）广告，联系 `boss91m1`
2022-06-20 12:15:35 → 601124036748 → -1001692409589 → 想找人（ 发 ）广告，找 `boss91m1`
2022-06-20 12:15:52 → 6288212128538 → sunshineyyds → (session) 协议号，零售、批发 找，`boss91m1`
2022-06-20 12:16:13 → 8801743979741 → zhifuzhifu → 需要 软、件，找 `boss91m1`
2022-06-20 12:17:23 → 6285929906929 → zscd18 → 要（发 ）广告，联系 `boss91m1`
2022-06-20 12:18:27 → 79919431787 → bclm1 → 准备（发 ）广告，找 `boss91m1`
2022-06-20 12:19:13 → 6281341176226 → kkkttt369 → 来（发 ）广告，联系 `boss91m1`
2022-06-20 12:19:56 → 79919431787 → USDT43 → 想要（发 ）广告，找 `boss91m1`
2022-06-20 12:21:55 → 601112672704 → bcweb → 专业（发 ）广告，联系我 `boss91m1`
2022-06-20 12:22:25 → 6283853159401 → xingbi0088 → 想要（发 ）广告，找 `boss91m1`
2022-06-20 12:23:35 → 6283129267390 → NodeGlobal → 需要 群、发软、件，找 `boss91m1`
2022-06-20 12:24:22 → 8801743979741 → hhll08 → 准备（发 ）广告，找 `boss91m1`
2022-06-20 12:24:39 → 601112672414 → Shore999888 → 来（发 ）广告，联系 `boss91m1`
2022-06-20 12:24:58 → 6288213655040 → USTCtg → 需要 软、件，找 `boss91m1`
2022-06-20 12:26:40 → 6288212128538 → dbjlq1 → 想要（发 ）广告，找 `boss91m1`
2022-06-20 12:26:57 → 6283853159401 → TG088 → 想找人（ 发 ）广告，找 `boss91m1`
2022-06-20 12:27:26 → 601112672704 → TG328 → 需要 群、发，找 `boss91m1`
2022-06-20 12:28:37 → 601124042925 → jiu_777 → 专业（发 ）广告，联系我 `boss91m1`
2022-06-20 12:28:59 → 8801743979741 → qilin020 → 来（发 ）广告，联系 `boss91m1`
2022-06-20 12:30:29 → 601124036748 → HWDBQ → 想找人（ 发 ）广告，找 `boss91m1`
2022-06-20 12:31:04 → 6282190182730 → TG96110 → 来（发 ）广告，联系 `boss91m1`
2022-06-20 12:31:21 → 6282113664005 → sanfang53 → 想要（发 ）广告，找 `boss91m1`
2022-06-20 12:31:38 → 6281341176226 → iBox_official → 要（发 ）广告，联系 `boss91m1`
2022-06-20 12:31:56 → 6282195908918 → tcelue1 → 需要 群、发软、件，找 `boss91m1`
2022-06-20 12:32:20 → 6282284114509 → dyjiaoliu → 想找人（ 发 ）广告，找 `boss91m1`
2022-06-20 12:32:37 → 6281341176226 → dongnanyaliaotian → 来（发 ）广告，联系 `boss91m1`
2022-06-20 12:33:32 → 6288212128538 → sunshineyyds → 需要 群、发，找 `boss91m1`
2022-06-20 12:33:49 → 601124042925 → FHaak8 → 来（发 ）广告，联系 `boss91m1`
2022-06-20 12:34:49 → 6281274302036 → MLA9999 → 需要 群、发软、件，找 `boss91m1`
2022-06-20 12:35:23 → 79919431787 → xjfghdkjghkdfgh → 需要 群、发，找 `boss91m1`
2022-06-20 12:35:52 → 5541984282336 → huihui220 → 想找人（ 发 ）广告，找 `boss91m1`
2022-06-20 12:37:03 → 601124036748 → qwerdt1 → 来（发 ）广告，联系 `boss91m1`
2022-06-20 12:37:24 → 8801743979741 → rdnb35688 → 想找人（ 发 ）广告，找 `boss91m1`
2022-06-20 12:37:58 → 601112672414 → tgzhcn → 需要 群、发软、件，找 `boss91m1`
2022-06-20 12:38:27 → 6282190182730 → laowangdan → 需要 群、发软、件，找 `boss91m1`
2022-06-20 12:38:51 → 6281274302036 → yindutg → (session) 协议号，零售、批发 找，`boss91m1`
2022-06-20 12:39:08 → 601112672704 → wybf168168 → 专业（发 ）广告，联系我 `boss91m1`
2022-06-20 12:40:10 → 79919431787 → zhifuo → 来（发 ）广告，联系 `boss91m1`
2022-06-20 12:40:27 → 6283853159401 → TG088 → 需要 软、件，找 `boss91m1`
2022-06-20 12:40:50 → 79917733563 → CryptoLegionsChinese → 想要（发 ）广告，找 `boss91m1`
2022-06-20 12:41:12 → 8801743979741 → zlguanlian57 → 来（发 ）广告，联系 `boss91m1`
2022-06-20 12:41:42 → 5541984282336 → bailaohui_cvv → 需要 软、件，找 `boss91m1`
2022-06-20 12:42:25 → 6282190182730 → xinbi_088 → (session) 协议号，零售、批发 找，`boss91m1`
2022-06-20 12:42:42 → 6288212128538 → xbdb01 → 需要 软、件，找 `boss91m1`
2022-06-20 12:43:24 → 601124036748 → huiguophp → 需要 群、发软、件，找 `boss91m1`
2022-06-20 12:43:41 → 6282284114509 → axujj → 来（发 ）广告，联系 `boss91m1`
2022-06-20 12:45:34 → 79919431787 → qunfalaren2 → 要（发 ）广告，联系 `boss91m1`
2022-06-20 12:46:09 → 6283853159401 → xingbi0088 → 要（发 ）广告，联系 `boss91m1`
2022-06-20 12:47:17 → 5541984282336 → MDhuaren1 → 想找人（ 发 ）广告，找 `boss91m1`
2022-06-20 12:48:43 → 6285929906929 → zscd18 → 专业（发 ）广告，联系我 `boss91m1`
2022-06-20 12:49:00 → 6288212128538 → bclm1 → 想找人（ 发 ）广告，找 `boss91m1`
2022-06-20 12:49:29 → 6282113664005 → yuehui8 → 专业（发 ）广告，联系我 `boss91m1`
2022-06-20 12:49:51 → 8801743979741 → tinder668 → 需要 群、发软、件，找 `boss91m1`
2022-06-20 12:50:08 → 6283837549531 → TGdibai168 → 想找人（ 发 ）广告，找 `boss91m1`
2022-06-20 12:50:26 → 6282284114509 → qxinw → 想找人（ 发 ）广告，找 `boss91m1`
2022-06-20 12:50:44 → 6281341176226 → iBox_official → (session) 协议号，零售、批发 找，`boss91m1`
2022-06-20 12:51:37 → 79919431787 → yindutg → 专业（发 ）广告，联系我 `boss91m1`
2022-06-20 12:52:48 → 601124042925 → FHaak8 → 想找人（ 发 ）广告，找 `boss91m1`
2022-06-20 12:53:17 → 6283122179137 → allswapCN → 要（发 ）广告，联系 `boss91m1`
2022-06-20 12:53:45 → 6288213655040 → USTCtg → 想找人（ 发 ）广告，找 `boss91m1`
2022-06-20 12:54:02 → 6283837549531 → PingAn66Shop → 想要（发 ）广告，找 `boss91m1`
2022-06-20 12:54:19 → 6281341176226 → kkkttt369 → 需要 软、件，找 `boss91m1`
2022-06-20 12:54:36 → 601112672704 → fw866 → 来（发 ）广告，联系 `boss91m1`
2022-06-20 12:54:52 → 5541984282336 → TG_King80 → 准备（发 ）广告，找 `boss91m1`
2022-06-20 12:55:10 → 6288212128538 → ziyuan2 → 专业（发 ）广告，联系我 `boss91m1`
2022-06-20 12:56:34 → 6282190182730 → TG006 → 来（发 ）广告，联系 `boss91m1`
2022-06-20 12:57:22 → 6282113664005 → baocai217 → 需要 群、发软、件，找 `boss91m1`
2022-06-20 12:57:46 → 6281274302036 → MLA9999 → 准备（发 ）广告，找 `boss91m1`
2022-06-20 12:58:03 → 6281341176226 → dongnanyaliaotian → 想要（发 ）广告，找 `boss91m1`
2022-06-20 12:59:35 → 5541984282336 → yugzf → 要（发 ）广告，联系 `boss91m1`
2022-06-20 13:00:09 → 8801743979741 → tyhc082 → 想找人（ 发 ）广告，找 `boss91m1`
2022-06-20 13:01:10 → 79919431787 → Xiaoxuanfengjiaoliuqun → 需要 群、发，找 `boss91m1`
2022-06-20 13:03:15 → 79917733563 → CryptoHubGamesCN → 专业（发 ）广告，联系我 `boss91m1`
2022-06-20 13:04:10 → 79919431787 → TG_King90 → 要（发 ）广告，联系 `boss91m1`
2022-06-20 13:04:28 → 6288212128538 → dbjlq1 → 需要 软、件，找 `boss91m1`
2022-06-20 13:05:11 → 6288213655040 → tz636 → 需要 群、发软、件，找 `boss91m1`
2022-06-20 13:05:28 → 6283853159401 → TG088 → 要（发 ）广告，联系 `boss91m1`
2022-06-20 13:05:47 → 6283837549531 → PingAn66Shop → 来（发 ）广告，联系 `boss91m1`
2022-06-20 13:06:17 → 6281274302036 → yindutg → 想要（发 ）广告，找 `boss91m1`
2022-06-20 13:07:01 → 6283129267390 → NodeGlobal → 想找人（ 发 ）广告，找 `boss91m1`
2022-06-20 13:07:45 → 6282113664005 → sanfang53 → 准备（发 ）广告，找 `boss91m1`
2022-06-20 13:08:03 → 6282284114509 → KMFW56789 → 需要 软、件，找 `boss91m1`
2022-06-20 13:08:34 → 8801743979741 → Fbzhpf7 → 准备（发 ）广告，找 `boss91m1`
2022-06-20 13:09:10 → 79917733563 → dyjiaoliu → 来（发 ）广告，联系 `boss91m1`
2022-06-20 13:09:45 → 6281283070774 → juliang666 → 想找人（ 发 ）广告，找 `boss91m1`
2022-06-20 13:10:09 → 6282113664005 → yuehui8 → 专业（发 ）广告，联系我 `boss91m1`
2022-06-20 13:11:09 → 79919431787 → dibaifa → 准备（发 ）广告，找 `boss91m1`
2022-06-20 13:11:26 → 6283853159401 → xingbi0088 → 需要 群、发软、件，找 `boss91m1`
2022-06-20 13:12:07 → 6282284114509 → qxinw → 专业（发 ）广告，联系我 `boss91m1`
2022-06-20 13:13:08 → 6282195908918 → tcelue1 → 需要 软、件，找 `boss91m1`
2022-06-20 13:13:54 → 601124036748 → huiguophp → 来（发 ）广告，联系 `boss91m1`
2022-06-20 13:14:53 → 79917733563 → shiguang5555 → 要（发 ）广告，联系 `boss91m1`
2022-06-20 13:15:10 → 6288212128538 → bclm1 → 需要 群、发软、件，找 `boss91m1`
2022-06-20 13:16:22 → 601124036748 → si1688 → 需要 群、发，找 `boss91m1`
2022-06-20 13:16:39 → 6282190182730 → xinbi_088 → 来（发 ）广告，联系 `boss91m1`
2022-06-20 13:16:56 → 6281274302036 → MLA9999 → 需要 群、发，找 `boss91m1`
2022-06-20 13:18:07 → 6283837549531 → guminlaqun66 → 需要 软、件，找 `boss91m1`
2022-06-20 13:18:42 → 601112672704 → wybf168168 → 想要（发 ）广告，找 `boss91m1`
2022-06-20 13:19:13 → 6288212128538 → xbdb01 → 想要（发 ）广告，找 `boss91m1`
2022-06-20 13:19:34 → 79919431787 → juliang666 → 专业（发 ）广告，联系我 `boss91m1`
2022-06-20 13:19:59 → 8801743979741 → hmch01 → 需要 群、发，找 `boss91m1`
2022-06-20 13:20:54 → 5541984282336 → huihui220 → 要（发 ）广告，联系 `boss91m1`
2022-06-20 13:21:11 → 6283122179137 → allswapCN → 想找人（ 发 ）广告，找 `boss91m1`
2022-06-20 13:21:28 → 601124042925 → jiu_777 → 想找人（ 发 ）广告，找 `boss91m1`
2022-06-20 13:22:22 → 601112672414 → -1001629074860 → 要（发 ）广告，联系 `boss91m1`
2022-06-20 13:23:04 → 79917733563 → mangghaxiVIP → (session) 协议号，零售、批发 找，`boss91m1`
2022-06-20 13:23:22 → 601112672704 → TG328 → 需要 群、发软、件，找 `boss91m1`
2022-06-20 13:23:50 → 5541984282336 → bailaohui_cvv → 需要 群、发软、件，找 `boss91m1`
2022-06-20 13:24:22 → 6282190182730 → TG96110 → 专业（发 ）广告，联系我 `boss91m1`
2022-06-20 13:24:39 → 601112672414 → daishoujiaoyi → 来（发 ）广告，联系 `boss91m1`
2022-06-20 13:25:00 → 79919431787 → TG1949521 → 要（发 ）广告，联系 `boss91m1`
2022-06-20 13:25:30 → 6288213655040 → tz636 → 来（发 ）广告，联系 `boss91m1`
2022-06-20 13:26:04 → 6288212128538 → sunshineyyds → 来（发 ）广告，联系 `boss91m1`
2022-06-20 13:26:25 → 8801743979741 → whatsappyewu6 → 需要 软、件，找 `boss91m1`
2022-06-20 13:26:59 → 6282113664005 → baocai217 → 准备（发 ）广告，找 `boss91m1`
2022-06-20 13:27:33 → 6282195908918 → zhongwen6 → 专业（发 ）广告，联系我 `boss91m1`
2022-06-20 13:30:06 → 6281283070774 → BikingChineseGroup → 准备（发 ）广告，找 `boss91m1`
2022-06-20 13:30:30 → 79917733563 → FQ3P3 → 想要（发 ）广告，找 `boss91m1`
2022-06-20 13:30:48 → 6281274302036 → yindutg → 来（发 ）广告，联系 `boss91m1`
2022-06-20 13:31:58 → 6282284114509 → dyjiaoliu → 需要 软、件，找 `boss91m1`
2022-06-20 13:32:46 → 6283853159401 → xingbi0088 → 需要 群、发，找 `boss91m1`
2022-06-20 13:33:30 → 6288213655040 → USTCtg → 要（发 ）广告，联系 `boss91m1`
2022-06-20 13:33:47 → 6282190182730 → laowangdan → 来（发 ）广告，联系 `boss91m1`
2022-06-20 13:34:03 → 5541984282336 → yugzf → 想要（发 ）广告，找 `boss91m1`
2022-06-20 13:34:31 → 601124036748 → -1001692409589 → 来（发 ）广告，联系 `boss91m1`
2022-06-20 13:35:12 → 601112672704 → bcweb → 想找人（ 发 ）广告，找 `boss91m1`
2022-06-20 13:35:37 → 6283129267390 → NodeGlobal → (session) 协议号，零售、批发 找，`boss91m1`
2022-06-20 13:35:54 → 6281341176226 → kkkttt369 → 需要 群、发，找 `boss91m1`
2022-06-20 13:37:31 → 601124042925 → FHaak8 → 要（发 ）广告，联系 `boss91m1`
2022-06-20 13:38:28 → 79919431787 → FHaak8 → (session) 协议号，零售、批发 找，`boss91m1`
2022-06-20 13:38:45 → 601124036748 → HWDBQ → 准备（发 ）广告，找 `boss91m1`
2022-06-20 13:39:02 → 6282284114509 → axujj → 需要 群、发，找 `boss91m1`
2022-06-20 13:39:19 → 6285929906929 → zscd18 → 想找人（ 发 ）广告，找 `boss91m1`
2022-06-20 13:40:25 → 8801743979741 → xiaoguzhuanyedajian8 → 要（发 ）广告，联系 `boss91m1`
2022-06-20 13:41:08 → 6282113664005 → meizi005 → 来（发 ）广告，联系 `boss91m1`
2022-06-20 13:42:05 → 8801743979741 → qilin020 → 想要（发 ）广告，找 `boss91m1`
2022-06-20 13:42:22 → 601112672704 → fw866 → 专业（发 ）广告，联系我 `boss91m1`
2022-06-20 13:42:52 → 6283853159401 → TG088 → 想找人（ 发 ）广告，找 `boss91m1`
2022-06-20 13:43:15 → 79917733563 → neihanxiaoshipin → 需要 群、发软、件，找 `boss91m1`
2022-06-20 13:43:32 → 6283122179137 → allswapCN → 准备（发 ）广告，找 `boss91m1`
2022-06-20 13:44:13 → 6281274302036 → yindutg → 要（发 ）广告，联系 `boss91m1`
2022-06-20 13:44:32 → 6282190182730 → xinbi_088 → 想要（发 ）广告，找 `boss91m1`
2022-06-20 13:45:19 → 6288212128538 → dbjlq1 → 想找人（ 发 ）广告，找 `boss91m1`
2022-06-20 13:46:13 → 6283837549531 → PingAn66Shop → 想找人（ 发 ）广告，找 `boss91m1`
2022-06-20 13:46:30 → 601112672414 → daishoujiaoyi → 需要 群、发软、件，找 `boss91m1`
2022-06-20 13:47:04 → 79919431787 → wangzaiGZS4 → 想找人（ 发 ）广告，找 `boss91m1`
2022-06-20 13:47:35 → 6281341176226 → iBox_official → 专业（发 ）广告，联系我 `boss91m1`
2022-06-20 13:47:52 → 5541984282336 → MDhuaren1 → 需要 群、发软、件，找 `boss91m1`
2022-06-20 13:49:12 → 6283837549531 → guminlaqun66 → 来（发 ）广告，联系 `boss91m1`
2022-06-20 13:49:43 → 6283129267390 → TGDL128 → 想要（发 ）广告，找 `boss91m1`
2022-06-20 13:51:06 → 6282113664005 → baocai217 → 想要（发 ）广告，找 `boss91m1`
2022-06-20 13:51:48 → 601124036748 → si1688 → 要（发 ）广告，联系 `boss91m1`
2022-06-20 13:52:32 → 6288213655040 → tz636 → (session) 协议号，零售、批发 找，`boss91m1`
2022-06-20 13:54:37 → 6288213655040 → USTCtg → 准备（发 ）广告，找 `boss91m1`
2022-06-20 13:54:54 → 6281274302036 → MLA9999 → 需要 群、发，找 `boss91m1`
2022-06-20 13:55:11 → 601124036748 → -1001692409589 → 需要 群、发软、件，找 `boss91m1`
2022-06-20 13:57:35 → 6288212128538 → xbdb01 → 想要（发 ）广告，找 `boss91m1`
2022-06-20 13:57:52 → 601124042925 → jiu_777 → 来（发 ）广告，联系 `boss91m1`
2022-06-20 13:59:23 → 6285929906929 → zscd18 → (session) 协议号，零售、批发 找，`boss91m1`
2022-06-20 13:59:45 → 79919431787 → quanrizhi → (session) 协议号，零售、批发 找，`boss91m1`
2022-06-20 14:00:05 → 8801743979741 → ziyuan682 → 想找人（ 发 ）广告，找 `boss91m1`
2022-06-20 14:00:22 → 6282190182730 → TG96110 → 想找人（ 发 ）广告，找 `boss91m1`
2022-06-20 14:00:39 → 601112672414 → -1001629074860 → 要（发 ）广告，联系 `boss91m1`
2022-06-20 14:01:31 → 6281341176226 → iBox_official → 来（发 ）广告，联系 `boss91m1`
2022-06-20 14:01:51 → 8801743979741 → tiandaochuhai0 → 想找人（ 发 ）广告，找 `boss91m1`
2022-06-20 14:02:55 → 601124036748 → HWDBQ → 来（发 ）广告，联系 `boss91m1`
2022-06-20 14:03:29 → 79919431787 → mingmen520 → 想找人（ 发 ）广告，找 `boss91m1`
2022-06-20 14:04:12 → 6288212128538 → sunshineyyds → 想找人（ 发 ）广告，找 `boss91m1`
2022-06-20 14:04:53 → 6282113664005 → yuehui8 → 专业（发 ）广告，联系我 `boss91m1`
2022-06-20 14:06:35 → 6283853159401 → TG088 → (session) 协议号，零售、批发 找，`boss91m1`
2022-06-20 14:07:13 → 6282190182730 → laowangdan → 来（发 ）广告，联系 `boss91m1`
2022-06-20 14:08:34 → 79917733563 → -1001276702050 → 需要 群、发，找 `boss91m1`
2022-06-20 14:09:28 → 5541984282336 → huihui220 → 想找人（ 发 ）广告，找 `boss91m1`
2022-06-20 14:10:12 → 6282195908918 → tcelue1 → 来（发 ）广告，联系 `boss91m1`
2022-06-20 14:10:29 → 6281274302036 → yindutg → 想要（发 ）广告，找 `boss91m1`
2022-06-20 14:11:26 → 6282113664005 → sanfang53 → 需要 群、发软、件，找 `boss91m1`
2022-06-20 14:11:43 → 6288212128538 → bclm1 → 专业（发 ）广告，联系我 `boss91m1`
2022-06-20 14:12:06 → 8801743979741 → facebookyouyuandingzhi → 想找人（ 发 ）广告，找 `boss91m1`
2022-06-20 14:13:05 → 79919431787 → neihanxiaoshipin → 需要 软、件，找 `boss91m1`
2022-06-20 14:13:43 → 6283853159401 → xingbi0088 → 来（发 ）广告，联系 `boss91m1`
2022-06-20 14:14:27 → 79917733563 → A8_6669900 → 需要 群、发，找 `boss91m1`
2022-06-20 14:16:14 → 8801743979741 → wsxieyi → 专业（发 ）广告，联系我 `boss91m1`
2022-06-20 14:17:07 → 5541984282336 → yugzf → 想找人（ 发 ）广告，找 `boss91m1`
2022-06-20 14:17:36 → 6283837549531 → PingAn66Shop → 准备（发 ）广告，找 `boss91m1`
2022-06-20 14:18:10 → 6281341176226 → kkkttt369 → 需要 软、件，找 `boss91m1`
2022-06-20 14:18:27 → 601124036748 → qwerdt1 → 需要 群、发软、件，找 `boss91m1`
2022-06-20 14:18:45 → 601112672704 → fw866 → 想找人（ 发 ）广告，找 `boss91m1`
2022-06-20 14:20:08 → 6281274302036 → MLA9999 → 来（发 ）广告，联系 `boss91m1`
2022-06-20 14:20:25 → 601112672704 → wybf168168 → 需要 群、发软、件，找 `boss91m1`
2022-06-20 14:20:42 → 6281341176226 → dongnanyaliaotian → 专业（发 ）广告，联系我 `boss91m1`
2022-06-20 14:21:00 → 6288213655040 → tz636 → 准备（发 ）广告，找 `boss91m1`
2022-06-20 14:21:48 → 6283837549531 → guminlaqun66 → 想找人（ 发 ）广告，找 `boss91m1`
2022-06-20 14:22:09 → 6282284114509 → axujj → 想找人（ 发 ）广告，找 `boss91m1`
2022-06-20 14:22:27 → 601124036748 → huiguophp → 需要 群、发软、件，找 `boss91m1`
2022-06-20 14:22:58 → 6288212128538 → sunshineyyds → (session) 协议号，零售、批发 找，`boss91m1`
2022-06-20 14:24:03 → 6282190182730 → xinbi_088 → 准备（发 ）广告，找 `boss91m1`
2022-06-20 14:24:43 → 8801743979741 → NodeGlobal → 来（发 ）广告，联系 `boss91m1`
2022-06-20 14:25:02 → 601112672414 → -1001629074860 → 需要 软、件，找 `boss91m1`
2022-06-20 14:25:46 → 5541984282336 → bailaohui_cvv → 需要 群、发，找 `boss91m1`
2022-06-20 14:26:23 → 6282284114509 → qxinw → 要（发 ）广告，联系 `boss91m1`
2022-06-20 14:26:44 → 8801743979741 → WWOOPQI → (session) 协议号，零售、批发 找，`boss91m1`
2022-06-20 14:27:14 → 6288212128538 → dbjlq1 → 准备（发 ）广告，找 `boss91m1`
2022-06-20 14:28:06 → 79917733563 → jiu_777 → 来（发 ）广告，联系 `boss91m1`
2022-06-20 14:30:55 → 6283122179137 → allswapCN → 来（发 ）广告，联系 `boss91m1`
2022-06-20 14:31:24 → 6288213655040 → USTCtg → 需要 软、件，找 `boss91m1`
2022-06-20 14:32:52 → 5541984282336 → MDhuaren1 → 需要 群、发，找 `boss91m1`
2022-06-20 14:33:24 → 6281341176226 → dongnanyaliaotian → 需要 群、发软、件，找 `boss91m1`
2022-06-20 14:33:41 → 6288212128538 → bclm1 → 需要 软、件，找 `boss91m1`
2022-06-20 14:34:11 → 601112672414 → daishoujiaoyi → 需要 群、发，找 `boss91m1`
2022-06-20 14:34:41 → 6281274302036 → yindutg → 要（发 ）广告，联系 `boss91m1`
2022-06-20 14:34:58 → 6282195908918 → tcelue1 → 专业（发 ）广告，联系我 `boss91m1`
2022-06-20 14:36:38 → 8801743979741 → zlguanlian57 → 想找人（ 发 ）广告，找 `boss91m1`
2022-06-20 14:36:55 → 6282284114509 → dyjiaoliu → 需要 软、件，找 `boss91m1`
2022-06-20 14:37:26 → 6282113664005 → yuehui8 → 需要 软、件，找 `boss91m1`
2022-06-20 14:37:44 → 601112672704 → bcweb → 需要 群、发，找 `boss91m1`
2022-06-20 14:38:37 → 79917733563 → KLjiaoliuqun → 需要 软、件，找 `boss91m1`
2022-06-20 14:39:32 → 6283853159401 → xingbi0088 → (session) 协议号，零售、批发 找，`boss91m1`
2022-06-20 14:40:35 → 79919431787 → sishengq2 → 需要 群、发软、件，找 `boss91m1`
2022-06-20 14:40:53 → 601124042925 → FHaak8 → 需要 群、发软、件，找 `boss91m1`
2022-06-20 14:41:26 → 6285929906929 → zscd18 → 需要 群、发，找 `boss91m1`
2022-06-20 14:41:44 → 6282284114509 → KMFW56789 → (session) 协议号，零售、批发 找，`boss91m1`
2022-06-20 14:42:04 → 6288212128538 → xbdb01 → (session) 协议号，零售、批发 找，`boss91m1`
2022-06-20 14:43:31 → 6282113664005 → baocai217 → 来（发 ）广告，联系 `boss91m1`
2022-06-20 14:43:49 → 6282190182730 → TG96110 → 需要 软、件，找 `boss91m1`
2022-06-20 14:44:12 → 8801743979741 → facebook1116 → 需要 群、发，找 `boss91m1`
2022-06-20 14:44:31 → 6281341176226 → kkkttt369 → 准备（发 ）广告，找 `boss91m1`
2022-06-20 14:45:36 → 79917733563 → jfojpf633f → 准备（发 ）广告，找 `boss91m1`
2022-06-20 14:45:58 → 6283837549531 → guminlaqun66 → (session) 协议号，零售、批发 找，`boss91m1`
2022-06-20 14:47:17 → 601124036748 → huiguophp → 专业（发 ）广告，联系我 `boss91m1`
2022-06-20 14:47:34 → 6281274302036 → MLA9999 → 需要 群、发软、件，找 `boss91m1`
2022-06-20 14:47:54 → 6282113664005 → sanfang53 → 来（发 ）广告，联系 `boss91m1`
2022-06-20 14:48:13 → 6288212128538 → ziyuan2 → 来（发 ）广告，联系 `boss91m1`
2022-06-20 14:49:22 → 8801743979741 → mygjsms → 来（发 ）广告，联系 `boss91m1`
2022-06-20 14:50:58 → 5541984282336 → TG_King80 → 准备（发 ）广告，找 `boss91m1`
2022-06-20 14:51:20 → 79917733563 → XxUP1121 → (session) 协议号，零售、批发 找，`boss91m1`
2022-06-20 14:51:51 → 6282190182730 → laowangdan → 要（发 ）广告，联系 `boss91m1`
2022-06-20 14:52:55 → 6282195908918 → zhongwen6 → 需要 群、发软、件，找 `boss91m1`
2022-06-20 14:53:12 → 6283129267390 → NodeGlobal → 想找人（ 发 ）广告，找 `boss91m1`
2022-06-20 14:54:00 → 601124042925 → jiu_777 → 准备（发 ）广告，找 `boss91m1`
2022-06-20 14:55:09 → 79919431787 → DNY770 → 需要 软、件，找 `boss91m1`
2022-06-20 14:55:26 → 6288213655040 → USTCtg → (session) 协议号，零售、批发 找，`boss91m1`
2022-06-20 14:56:09 → 6285929906929 → zscd18 → 需要 软、件，找 `boss91m1`
2022-06-20 14:57:04 → 601124036748 → si1688 → 需要 软、件，找 `boss91m1`
2022-06-20 14:57:22 → 6282284114509 → KMFW56789 → 想找人（ 发 ）广告，找 `boss91m1`
2022-06-20 14:57:50 → 6281341176226 → iBox_official → 来（发 ）广告，联系 `boss91m1`
2022-06-20 14:58:50 → 8801743979741 → WhatsAppqunfajsq8 → 想要（发 ）广告，找 `boss91m1`
2022-06-20 15:00:14 → 79919431787 → tg1756 → 想找人（ 发 ）广告，找 `boss91m1`
2022-06-20 15:00:58 → 8801743979741 → dx119118 → 来（发 ）广告，联系 `boss91m1`
2022-06-20 15:01:15 → 5541984282336 → bailaohui_cvv → (session) 协议号，零售、批发 找，`boss91m1`
2022-06-20 15:01:34 → 6288212128538 → dbjlq1 → 需要 软、件，找 `boss91m1`
2022-06-20 15:02:53 → 6283837549531 → PingAn66Shop → 来（发 ）广告，联系 `boss91m1`
2022-06-20 15:03:10 → 6282284114509 → axujj → 来（发 ）广告，联系 `boss91m1`
2022-06-20 15:03:52 → 601124036748 → HWDBQ → 来（发 ）广告，联系 `boss91m1`
2022-06-20 15:04:41 → 6281274302036 → MLA9999 → 专业（发 ）广告，联系我 `boss91m1`
2022-06-20 15:04:58 → 6283853159401 → xingbi0088 → 想找人（ 发 ）广告，找 `boss91m1`
2022-06-20 15:05:16 → 6282190182730 → xinbi_088 → 想找人（ 发 ）广告，找 `boss91m1`
2022-06-20 15:07:03 → 8801743979741 → rdnb35688 → 需要 软、件，找 `boss91m1`
2022-06-20 15:08:19 → 6288212128538 → bclm1 → 需要 软、件，找 `boss91m1`
2022-06-20 15:08:36 → 6281341176226 → dongnanyaliaotian → 要（发 ）广告，联系 `boss91m1`
2022-06-20 15:09:18 → 5541984282336 → huihui220 → 要（发 ）广告，联系 `boss91m1`
2022-06-20 15:10:24 → 6281274302036 → yindutg → 想要（发 ）广告，找 `boss91m1`
2022-06-20 15:10:41 → 6283122179137 → allswapCN → 想要（发 ）广告，找 `boss91m1`
2022-06-20 15:11:11 → 6283129267390 → TGDL128 → 来（发 ）广告，联系 `boss91m1`
2022-06-20 15:11:30 → 601112672414 → tgzhcn → 想要（发 ）广告，找 `boss91m1`
2022-06-20 15:12:00 → 601124036748 → -1001692409589 → 想找人（ 发 ）广告，找 `boss91m1`
2022-06-20 15:12:37 → 6283129267390 → NodeGlobal → 要（发 ）广告，联系 `boss91m1`
2022-06-20 15:13:18 → 5541984282336 → MDhuaren1 → 想要（发 ）广告，找 `boss91m1`
2022-06-20 15:13:35 → 6288213655040 → tz636 → 准备（发 ）广告，找 `boss91m1`
2022-06-20 15:14:31 → 601112672414 → -1001629074860 → 准备（发 ）广告，找 `boss91m1`
2022-06-20 15:15:06 → 8801743979741 → fachai8 → 需要 群、发软、件，找 `boss91m1`
2022-06-20 15:15:36 → 601124042925 → jiu_777 → 想找人（ 发 ）广告，找 `boss91m1`
2022-06-20 15:16:07 → 6282190182730 → laowangdan → 来（发 ）广告，联系 `boss91m1`
2022-06-20 15:16:30 → 79917733563 → OYRGEF → 准备（发 ）广告，找 `boss91m1`
2022-06-20 15:17:34 → 6288212128538 → xbdb01 → 想要（发 ）广告，找 `boss91m1`
2022-06-20 15:19:09 → 6282113664005 → baocai217 → 想要（发 ）广告，找 `boss91m1`
2022-06-20 15:20:33 → 6283122179137 → allswapCN → 需要 群、发软、件，找 `boss91m1`
2022-06-20 15:21:28 → 601124036748 → -1001692409589 → 想找人（ 发 ）广告，找 `boss91m1`
2022-06-20 15:21:46 → 6281341176226 → kkkttt369 → 想找人（ 发 ）广告，找 `boss91m1`
2022-06-20 15:22:03 → 6283853159401 → xingbi0088 → 来（发 ）广告，联系 `boss91m1`
2022-06-20 15:22:37 → 8801743979741 → hgjlaa → 想找人（ 发 ）广告，找 `boss91m1`
2022-06-20 15:22:54 → 6282190182730 → TG96110 → (session) 协议号，零售、批发 找，`boss91m1`
2022-06-20 15:23:28 → 6288212128538 → sunshineyyds → 准备（发 ）广告，找 `boss91m1`
2022-06-20 15:24:55 → 601112672704 → fw866 → 想找人（ 发 ）广告，找 `boss91m1`
2022-06-20 15:26:43 → 8801743979741 → shanyjk58 → 想找人（ 发 ）广告，找 `boss91m1`
2022-06-20 15:27:27 → 6282284114509 → dyjiaoliu → 来（发 ）广告，联系 `boss91m1`
2022-06-20 15:28:15 → 6281274302036 → MLA9999 → 来（发 ）广告，联系 `boss91m1`
2022-06-20 15:28:33 → 601124036748 → qwerdt1 → 需要 软、件，找 `boss91m1`
2022-06-20 15:29:18 → 6283837549531 → PingAn66Shop → 来（发 ）广告，联系 `boss91m1`
2022-06-20 15:30:37 → 6281341176226 → iBox_official → 来（发 ）广告，联系 `boss91m1`
2022-06-20 15:31:09 → 5541984282336 → yugzf → (session) 协议号，零售、批发 找，`boss91m1`
2022-06-20 15:33:10 → 79917733563 → lovehash22992 → 要（发 ）广告，联系 `boss91m1`
2022-06-20 15:34:06 → 601124042925 → FHaak8 → 来（发 ）广告，联系 `boss91m1`
2022-06-20 15:34:55 → 6283837549531 → guminlaqun66 → 来（发 ）广告，联系 `boss91m1`
2022-06-20 15:35:13 → 601124036748 → si1688 → 来（发 ）广告，联系 `boss91m1`
2022-06-20 15:35:30 → 6288213655040 → USTCtg → 需要 软、件，找 `boss91m1`
2022-06-20 15:37:11 → 6282195908918 → tcelue1 → 专业（发 ）广告，联系我 `boss91m1`
2022-06-20 15:38:16 → 6281283070774 → dibaifa → 想要（发 ）广告，找 `boss91m1`
2022-06-20 15:38:34 → 601112672704 → bcweb → 专业（发 ）广告，联系我 `boss91m1`
2022-06-20 15:38:51 → 601112672414 → daishoujiaoyi → 需要 软、件，找 `boss91m1`
2022-06-20 15:39:08 → 6281274302036 → yindutg → (session) 协议号，零售、批发 找，`boss91m1`
2022-06-20 15:40:33 → 6282113664005 → yuehui8 → 需要 软、件，找 `boss91m1`
2022-06-20 15:41:53 → 6288213655040 → tz636 → 想找人（ 发 ）广告，找 `boss91m1`
2022-06-20 15:42:35 → 6282284114509 → qxinw → 需要 软、件，找 `boss91m1`
2022-06-20 15:42:53 → 6285929906929 → zscd18 → 想找人（ 发 ）广告，找 `boss91m1`
2022-06-20 15:43:15 → 8801743979741 → xinmengzuixin → (session) 协议号，零售、批发 找，`boss91m1`
2022-06-20 15:45:36 → 6282113664005 → sanfang53 → (session) 协议号，零售、批发 找，`boss91m1`
2022-06-20 15:46:10 → 79919431787 → danbao96 → 专业（发 ）广告，联系我 `boss91m1`
2022-06-20 15:47:53 → 6288212128538 → sunshineyyds → 需要 群、发，找 `boss91m1`
2022-06-20 15:48:37 → 6282190182730 → laowangdan → 想要（发 ）广告，找 `boss91m1`
2022-06-20 15:49:51 → 6288212128538 → xbdb01 → 来（发 ）广告，联系 `boss91m1`
2022-06-20 15:50:32 → 6281274302036 → yindutg → 准备（发 ）广告，找 `boss91m1`
2022-06-20 15:51:02 → 6281341176226 → iBox_official → 想要（发 ）广告，找 `boss91m1`
2022-06-20 15:51:39 → 8801743979741 → maomiyunkong01 → 需要 群、发软、件，找 `boss91m1`
2022-06-20 15:52:11 → 6282284114509 → qxinw → 专业（发 ）广告，联系我 `boss91m1`
2022-06-20 15:53:05 → 601124036748 → HWDBQ → 准备（发 ）广告，找 `boss91m1`
2022-06-20 15:53:37 → 601124042925 → FHaak8 → 专业（发 ）广告，联系我 `boss91m1`
2022-06-20 15:54:48 → 6283837549531 → PingAn66Shop → 需要 群、发，找 `boss91m1`
2022-06-20 15:55:09 → 79919431787 → lyn1MRngiQ1NzY1 → 来（发 ）广告，联系 `boss91m1`
2022-06-20 15:55:26 → 5541984282336 → bailaohui_cvv → 需要 软、件，找 `boss91m1`
2022-06-20 15:55:56 → 601112672414 → daishoujiaoyi → 来（发 ）广告，联系 `boss91m1`
2022-06-20 15:56:24 → 79919431787 → atsfytffxy6888 → 要（发 ）广告，联系 `boss91m1`
2022-06-20 15:57:11 → 6282284114509 → axujj → 想找人（ 发 ）广告，找 `boss91m1`
2022-06-20 15:57:44 → 6288212128538 → dbjlq1 → 准备（发 ）广告，找 `boss91m1`
2022-06-20 15:59:55 → 6282195908918 → tcelue1 → 要（发 ）广告，联系 `boss91m1`
2022-06-20 16:00:13 → 6288213655040 → tz636 → 想找人（ 发 ）广告，找 `boss91m1`
2022-06-20 16:00:43 → 6282190182730 → xinbi_088 → 需要 软、件，找 `boss91m1`
2022-06-20 16:01:08 → 79917733563 → hrsj888 → 需要 群、发软、件，找 `boss91m1`
2022-06-20 16:01:50 → 6281341176226 → kkkttt369 → 专业（发 ）广告，联系我 `boss91m1`
2022-06-20 16:02:40 → 6283129267390 → NodeGlobal → 想找人（ 发 ）广告，找 `boss91m1`
2022-06-20 16:02:57 → 6283853159401 → xingbi0088 → 专业（发 ）广告，联系我 `boss91m1`
2022-06-20 16:03:39 → 6283837549531 → guminlaqun66 → 想找人（ 发 ）广告，找 `boss91m1`
2022-06-20 16:04:25 → 601112672704 → wybf168168 → 需要 群、发软、件，找 `boss91m1`
2022-06-20 16:05:27 → 6288212128538 → bclm1 → 专业（发 ）广告，联系我 `boss91m1`
2022-06-20 16:05:57 → 6281274302036 → MLA9999 → 需要 软、件，找 `boss91m1`
2022-06-20 16:06:41 → 6282190182730 → TG96110 → 需要 群、发，找 `boss91m1`
2022-06-20 16:06:57 → 5541984282336 → huihui220 → 想要（发 ）广告，找 `boss91m1`
2022-06-20 16:07:55 → 6285929906929 → zscd18 → 想要（发 ）广告，找 `boss91m1`
2022-06-20 16:08:49 → 601124042925 → jiu_777 → 需要 群、发，找 `boss91m1`
2022-06-20 16:09:24 → 6288213655040 → USTCtg → 需要 群、发，找 `boss91m1`
2022-06-20 16:10:25 → 79917733563 → xqtx6 → 来（发 ）广告，联系 `boss91m1`
2022-06-20 16:10:42 → 6281341176226 → kkkttt369 → 想找人（ 发 ）广告，找 `boss91m1`
2022-06-20 16:12:45 → 6282284114509 → KMFW56789 → (session) 协议号，零售、批发 找，`boss91m1`
2022-06-20 16:13:01 → 5541984282336 → yugzf → (session) 协议号，零售、批发 找，`boss91m1`
2022-06-20 16:13:19 → 601124036748 → -1001692409589 → 来（发 ）广告，联系 `boss91m1`
2022-06-20 16:14:00 → 601112672414 → -1001629074860 → 想要（发 ）广告，找 `boss91m1`
2022-06-20 16:15:46 → 6288212128538 → dbjlq1 → 要（发 ）广告，联系 `boss91m1`
2022-06-20 16:16:17 → 6283837549531 → PingAn66Shop → (session) 协议号，零售、批发 找，`boss91m1`
2022-06-20 16:17:11 → 79917733563 → xinbi_088 → 要（发 ）广告，联系 `boss91m1`
2022-06-20 16:18:23 → 6281274302036 → yindutg → 需要 群、发，找 `boss91m1`
2022-06-20 16:19:25 → 5541984282336 → MDhuaren1 → 想要（发 ）广告，找 `boss91m1`
2022-06-20 16:20:00 → 6283122179137 → allswapCN → 来（发 ）广告，联系 `boss91m1`
2022-06-20 16:20:37 → 6282190182730 → TG96110 → 需要 软、件，找 `boss91m1`
2022-06-20 16:21:34 → 601124036748 → HWDBQ → 需要 群、发软、件，找 `boss91m1`
2022-06-20 16:22:46 → 6288212128538 → bclm1 → 要（发 ）广告，联系 `boss91m1`
2022-06-20 16:24:10 → 79919431787 → hrsj888 → 需要 软、件，找 `boss91m1`
2022-06-20 16:25:24 → 6281283070774 → huione888 → 来（发 ）广告，联系 `boss91m1`
2022-06-20 16:26:43 → 6282284114509 → dyjiaoliu → 来（发 ）广告，联系 `boss91m1`
2022-06-20 16:27:56 → 6282113664005 → yuehui8 → 来（发 ）广告，联系 `boss91m1`
2022-06-20 16:28:25 → 6282195908918 → zhongwen6 → 想要（发 ）广告，找 `boss91m1`
2022-06-20 16:29:14 → 6288212128538 → ziyuan2 → 想要（发 ）广告，找 `boss91m1`
2022-06-20 16:29:31 → 601124036748 → si1688 → 想要（发 ）广告，找 `boss91m1`
2022-06-20 16:29:48 → 6282190182730 → laowangdan → 专业（发 ）广告，联系我 `boss91m1`
2022-06-20 16:31:44 → 6283853159401 → xingbi0088 → 需要 群、发，找 `boss91m1`
2022-06-20 16:32:08 → 6281274302036 → MLA9999 → 需要 软、件，找 `boss91m1`
2022-06-20 16:32:43 → 6281341176226 → iBox_official → 想找人（ 发 ）广告，找 `boss91m1`
2022-06-20 16:34:04 → 79917733563 → niuniuqu → 需要 群、发软、件，找 `boss91m1`
2022-06-20 16:35:15 → 6281283070774 → cccccccxyyy → 专业（发 ）广告，联系我 `boss91m1`
2022-06-20 16:35:34 → 6282113664005 → meizi005 → 来（发 ）广告，联系 `boss91m1`
2022-06-20 16:36:05 → 6288212128538 → xbdb01 → 需要 软、件，找 `boss91m1`
2022-06-20 16:36:48 → 6288213655040 → USTCtg → 需要 群、发软、件，找 `boss91m1`
2022-06-20 16:37:26 → 601112672704 → fw866 → 需要 群、发软、件，找 `boss91m1`
2022-06-20 16:38:11 → 601112672414 → -1001629074860 → 来（发 ）广告，联系 `boss91m1`
2022-06-20 16:38:47 → 6283837549531 → guminlaqun66 → 需要 群、发软、件，找 `boss91m1`
2022-06-20 16:39:28 → 79919431787 → xvswens → (session) 协议号，零售、批发 找，`boss91m1`
2022-06-20 16:40:00 → 6288213655040 → tz636 → 需要 群、发，找 `boss91m1`
2022-06-20 16:40:17 → 6282113664005 → baocai217 → 来（发 ）广告，联系 `boss91m1`
2022-06-20 16:40:34 → 6283853159401 → xingbi0088 → 需要 群、发，找 `boss91m1`
2022-06-20 16:41:05 → 601124042925 → FHaak8 → (session) 协议号，零售、批发 找，`boss91m1`
2022-06-20 16:41:35 → 6281274302036 → MLA9999 → (session) 协议号，零售、批发 找，`boss91m1`
2022-06-20 16:41:58 → 79917733563 → shorelalala → 要（发 ）广告，联系 `boss91m1`
2022-06-20 16:42:15 → 6283122179137 → allswapCN → (session) 协议号，零售、批发 找，`boss91m1`
2022-06-20 16:42:32 → 6282190182730 → xinbi_088 → 想要（发 ）广告，找 `boss91m1`
2022-06-20 16:43:28 → 5541984282336 → bailaohui_cvv → 想要（发 ）广告，找 `boss91m1`
2022-06-20 16:43:46 → 601112672704 → bcweb → 准备（发 ）广告，找 `boss91m1`
2022-06-20 16:45:03 → 6288212128538 → sunshineyyds → 准备（发 ）广告，找 `boss91m1`
2022-06-20 16:46:16 → 6282284114509 → KMFW56789 → 来（发 ）广告，联系 `boss91m1`
2022-06-20 16:46:58 → 601124036748 → si1688 → 需要 群、发，找 `boss91m1`
2022-06-20 16:48:51 → 6285929906929 → zscd18 → 想找人（ 发 ）广告，找 `boss91m1`
2022-06-20 16:49:21 → 601124042925 → jiu_777 → 需要 群、发，找 `boss91m1`
2022-06-20 16:51:02 → 5541984282336 → yugzf → 需要 群、发软、件，找 `boss91m1`
2022-06-20 16:51:42 → 6281341176226 → kkkttt369 → 要（发 ）广告，联系 `boss91m1`
2022-06-20 16:52:36 → 79917733563 → zhonwen6 → 需要 群、发软、件，找 `boss91m1`
2022-06-20 16:53:57 → 6288212128538 → dbjlq1 → 想要（发 ）广告，找 `boss91m1`
2022-06-20 16:54:15 → 601112672704 → wybf168168 → 来（发 ）广告，联系 `boss91m1`
2022-06-20 16:54:32 → 6282113664005 → baocai217 → 想找人（ 发 ）广告，找 `boss91m1`
2022-06-20 16:54:50 → 6282284114509 → dyjiaoliu → 要（发 ）广告，联系 `boss91m1`
2022-06-20 16:56:25 → 6281274302036 → yindutg → 来（发 ）广告，联系 `boss91m1`
2022-06-20 16:56:42 → 601124036748 → qwerdt1 → 要（发 ）广告，联系 `boss91m1`
2022-06-20 16:57:48 → 6288212128538 → sunshineyyds → 准备（发 ）广告，找 `boss91m1`
2022-06-20 16:58:40 → 6283837549531 → guminlaqun66 → 专业（发 ）广告，联系我 `boss91m1`
2022-06-20 16:59:15 → 79919431787 → luckyyy8887 → (session) 协议号，零售、批发 找，`boss91m1`
2022-06-20 16:59:46 → 601112672414 → daishoujiaoyi → 想找人（ 发 ）广告，找 `boss91m1`
2022-06-20 17:00:15 → 6283129267390 → NodeGlobal → 专业（发 ）广告，联系我 `boss91m1`
2022-06-20 17:01:27 → 6288213655040 → USTCtg → 想要（发 ）广告，找 `boss91m1`
2022-06-20 17:01:44 → 601124036748 → HWDBQ → 想找人（ 发 ）广告，找 `boss91m1`
2022-06-20 17:02:17 → 5541984282336 → huihui220 → 来（发 ）广告，联系 `boss91m1`
2022-06-20 17:02:35 → 6282190182730 → xinbi_088 → 想找人（ 发 ）广告，找 `boss91m1`
2022-06-20 17:03:06 → 6281341176226 → iBox_official → 来（发 ）广告，联系 `boss91m1`
2022-06-20 17:04:29 → 6285929906929 → zscd18 → 来（发 ）广告，联系 `boss91m1`
2022-06-20 17:04:47 → 6282284114509 → qxinw → 想要（发 ）广告，找 `boss91m1`
2022-06-20 17:05:33 → 5541984282336 → MDhuaren1 → 想要（发 ）广告，找 `boss91m1`
2022-06-20 17:05:52 → 6281274302036 → MLA9999 → 需要 群、发软、件，找 `boss91m1`
2022-06-20 17:06:09 → 6283837549531 → PingAn66Shop → 来（发 ）广告，联系 `boss91m1`
2022-06-20 17:06:27 → 601124036748 → -1001692409589 → 来（发 ）广告，联系 `boss91m1`
2022-06-20 17:07:11 → 6282190182730 → TG96110 → 想要（发 ）广告，找 `boss91m1`
2022-06-20 17:08:51 → 79919431787 → A_K_3A → 想找人（ 发 ）广告，找 `boss91m1`
2022-06-20 17:09:41 → 6281274302036 → yindutg → 来（发 ）广告，联系 `boss91m1`
2022-06-20 17:09:58 → 6283853159401 → xingbi0088 → 来（发 ）广告，联系 `boss91m1`
2022-06-20 17:10:44 → 6288212128538 → xbdb01 → 需要 群、发，找 `boss91m1`
2022-06-20 17:11:56 → 79917733563 → FG528 → 要（发 ）广告，联系 `boss91m1`
2022-06-20 17:12:13 → 6282113664005 → yuehui8 → 需要 群、发，找 `boss91m1`
2022-06-20 17:12:56 → 6288213655040 → tz636 → 来（发 ）广告，联系 `boss91m1`
2022-06-20 17:13:13 → 6282195908918 → tcelue1 → 需要 群、发，找 `boss91m1`
2022-06-20 17:14:14 → 6281341176226 → iBox_official → (session) 协议号，零售、批发 找，`boss91m1`
2022-06-20 17:15:18 → 601112672414 → daishoujiaoyi → 需要 软、件，找 `boss91m1`
2022-06-20 17:15:34 → 5541984282336 → TG_King80 → 需要 群、发软、件，找 `boss91m1`
2022-06-20 17:16:08 → 6282190182730 → laowangdan → 需要 软、件，找 `boss91m1`
2022-06-20 17:16:37 → 6288212128538 → bclm1 → 要（发 ）广告，联系 `boss91m1`
2022-06-20 17:17:50 → 601124036748 → si1688 → 来（发 ）广告，联系 `boss91m1`
2022-06-20 17:19:18 → 79919431787 → juliang666 → 需要 群、发，找 `boss91m1`
2022-06-20 17:20:16 → 6283837549531 → guminlaqun66 → 来（发 ）广告，联系 `boss91m1`
2022-06-20 17:20:33 → 6281341176226 → kkkttt369 → 想找人（ 发 ）广告，找 `boss91m1`
2022-06-20 17:21:44 → 79917733563 → djsqgali → 准备（发 ）广告，找 `boss91m1`
2022-06-20 17:22:26 → 601124036748 → -1001692409589 → 想找人（ 发 ）广告，找 `boss91m1`
2022-06-20 17:23:12 → 79919431787 → dibai918 → 想找人（ 发 ）广告，找 `boss91m1`
2022-06-20 17:24:47 → 6282113664005 → sanfang53 → 需要 群、发软、件，找 `boss91m1`
2022-06-20 17:26:38 → 6282284114509 → axujj → 来（发 ）广告，联系 `boss91m1`
2022-06-20 17:27:23 → 6288213655040 → tz636 → 来（发 ）广告，联系 `boss91m1`
2022-06-20 17:27:53 → 5541984282336 → bailaohui_cvv → 来（发 ）广告，联系 `boss91m1`
2022-06-20 17:28:22 → 6288212128538 → sunshineyyds → 想要（发 ）广告，找 `boss91m1`
2022-06-20 17:28:54 → 601112672704 → bcweb → 需要 软、件，找 `boss91m1`
2022-06-20 17:29:32 → 601124042925 → jiu_777 → 需要 群、发，找 `boss91m1`
2022-06-20 17:31:03 → 6283129267390 → NodeGlobal → 专业（发 ）广告，联系我 `boss91m1`
2022-06-20 17:32:47 → 6282190182730 → xinbi_088 → 来（发 ）广告，联系 `boss91m1`
2022-06-20 17:33:04 → 6288212128538 → dbjlq1 → 想要（发 ）广告，找 `boss91m1`
2022-06-20 17:33:22 → 5541984282336 → huihui220 → 来（发 ）广告，联系 `boss91m1`
2022-06-20 17:33:40 → 6281274302036 → MLA9999 → 想找人（ 发 ）广告，找 `boss91m1`
2022-06-20 17:34:27 → 601124036748 → HWDBQ → 来（发 ）广告，联系 `boss91m1`
2022-06-20 17:34:44 → 601112672704 → wybf168168 → 来（发 ）广告，联系 `boss91m1`
2022-06-20 17:35:27 → 6282113664005 → baocai217 → 来（发 ）广告，联系 `boss91m1`
2022-06-20 17:35:44 → 601112672414 → -1001629074860 → 需要 软、件，找 `boss91m1`
2022-06-20 17:36:56 → 6283837549531 → PingAn66Shop → 要（发 ）广告，联系 `boss91m1`
2022-06-20 17:38:43 → 6285929906929 → zscd18 → 想找人（ 发 ）广告，找 `boss91m1`
2022-06-20 17:39:03 → 6283853159401 → xingbi0088 → 需要 群、发，找 `boss91m1`
2022-06-20 17:39:33 → 5541984282336 → MDhuaren1 → 需要 群、发软、件，找 `boss91m1`
2022-06-20 17:39:53 → 6282190182730 → laowangdan → 想要（发 ）广告，找 `boss91m1`
2022-06-20 17:40:27 → 6288213655040 → USTCtg → 想要（发 ）广告，找 `boss91m1`
2022-06-20 17:40:47 → 6282113664005 → meizi005 → 准备（发 ）广告，找 `boss91m1`
2022-06-20 17:42:14 → 79917733563 → ALv9shop → 需要 群、发，找 `boss91m1`
2022-06-20 17:43:06 → 6288212128538 → ziyuan2 → 想要（发 ）广告，找 `boss91m1`
2022-06-20 17:44:26 → 79919431787 → fw866 → 专业（发 ）广告，联系我 `boss91m1`
2022-06-20 17:44:44 → 6282195908918 → tcelue1 → 要（发 ）广告，联系 `boss91m1`
2022-06-20 17:45:03 → 6281274302036 → yindutg → 来（发 ）广告，联系 `boss91m1`
2022-06-20 17:45:24 → 6281341176226 → kkkttt369 → 专业（发 ）广告，联系我 `boss91m1`
2022-06-20 17:46:19 → 6282113664005 → yuehui8 → 需要 软、件，找 `boss91m1`
2022-06-20 17:47:22 → 6282284114509 → axujj → (session) 协议号，零售、批发 找，`boss91m1`
2022-06-20 17:49:08 → 6281341176226 → iBox_official → 专业（发 ）广告，联系我 `boss91m1`
2022-06-20 17:50:05 → 6288212128538 → bclm1 → 准备（发 ）广告，找 `boss91m1`
2022-06-20 17:50:37 → 79917733563 → BtokCN_001 → 想要（发 ）广告，找 `boss91m1`
2022-06-20 17:51:40 → 6281274302036 → MLA9999 → 来（发 ）广告，联系 `boss91m1`
2022-06-20 17:52:12 → 601124036748 → HWDBQ → 要（发 ）广告，联系 `boss91m1`
2022-06-20 17:52:50 → 79917733563 → dubailkmv → 专业（发 ）广告，联系我 `boss91m1`
2022-06-20 17:53:32 → 6288212128538 → xbdb01 → 需要 群、发，找 `boss91m1`
2022-06-20 17:56:08 → 79919431787 → zhongwen6 → 想找人（ 发 ）广告，找 `boss91m1`
2022-06-20 17:56:46 → 601112672414 → fxgiantss → 需要 软、件，找 `boss91m1`
2022-06-20 17:57:02 → 5541984282336 → yugzf → 想要（发 ）广告，找 `boss91m1`
2022-06-20 17:59:00 → 601124036748 → si1688 → 专业（发 ）广告，联系我 `boss91m1`
2022-06-20 17:59:17 → 6282284114509 → KMFW56789 → 来（发 ）广告，联系 `boss91m1`
2022-06-20 18:00:44 → 6283853159401 → xingbi0088 → 准备（发 ）广告，找 `boss91m1`
2022-06-20 18:01:02 → 6283129267390 → NodeGlobal → 想找人（ 发 ）广告，找 `boss91m1`
2022-06-20 18:01:19 → 6288213655040 → USTCtg → 来（发 ）广告，联系 `boss91m1`
2022-06-20 18:02:52 → 601112672414 → -1001629074860 → 想找人（ 发 ）广告，找 `boss91m1`
2022-06-20 18:03:09 → 601124036748 → qwerdt1 → 想要（发 ）广告，找 `boss91m1`
2022-06-20 18:03:26 → 6282190182730 → xinbi_088 → 需要 群、发软、件，找 `boss91m1`
2022-06-20 18:04:44 → 601124042925 → jiu_777 → 需要 软、件，找 `boss91m1`
2022-06-20 18:06:15 → 79917733563 → feifei997 → 需要 群、发软、件，找 `boss91m1`
2022-06-20 18:06:44 → 6282113664005 → sanfang53 → 需要 群、发，找 `boss91m1`
2022-06-20 18:07:02 → 6281274302036 → yindutg → 来（发 ）广告，联系 `boss91m1`
2022-06-20 18:08:41 → 79917733563 → BNBAA22 → 专业（发 ）广告，联系我 `boss91m1`
2022-06-20 18:10:16 → 6288213655040 → tz636 → 需要 软、件，找 `boss91m1`
2022-06-20 18:11:10 → 6288212128538 → bclm1 → 来（发 ）广告，联系 `boss91m1`
2022-06-20 18:12:25 → 601112672704 → bcweb → 需要 群、发，找 `boss91m1`
2022-06-20 18:12:54 → 601112672414 → tgzhcn → 要（发 ）广告，联系 `boss91m1`
2022-06-20 18:13:24 → 6282284114509 → dyjiaoliu → 需要 软、件，找 `boss91m1`
2022-06-20 18:14:24 → 6282113664005 → yuehui8 → 准备（发 ）广告，找 `boss91m1`
2022-06-20 18:14:55 → 601124036748 → -1001692409589 → 想找人（ 发 ）广告，找 `boss91m1`
2022-06-20 18:15:12 → 6282284114509 → qxinw → 专业（发 ）广告，联系我 `boss91m1`
2022-06-20 18:15:33 → 79917733563 → Bdui888 → 来（发 ）广告，联系 `boss91m1`
2022-06-20 18:16:16 → 6288212128538 → sunshineyyds → 来（发 ）广告，联系 `boss91m1`
2022-06-20 18:16:33 → 6285929906929 → zscd18 → (session) 协议号，零售、批发 找，`boss91m1`
2022-06-20 18:17:29 → 6281274302036 → yindutg → 需要 软、件，找 `boss91m1`
2022-06-20 18:17:47 → 6282190182730 → laowangdan → 需要 群、发，找 `boss91m1`
2022-06-20 18:18:08 → 79919431787 → caoji565 → 需要 软、件，找 `boss91m1`
2022-06-20 18:19:08 → 601112672704 → wybf168168 → 准备（发 ）广告，找 `boss91m1`
2022-06-20 18:20:10 → 6288212128538 → dbjlq1 → 准备（发 ）广告，找 `boss91m1`
2022-06-20 18:21:38 → 6281341176226 → iBox_official → 专业（发 ）广告，联系我 `boss91m1`
2022-06-20 18:22:22 → 601112672414 → daishoujiaoyi → 准备（发 ）广告，找 `boss91m1`
2022-06-20 18:23:33 → 6282113664005 → meizi005 → 想要（发 ）广告，找 `boss91m1`
2022-06-20 18:24:00 → 5541984282336 → huihui220 → 来（发 ）广告，联系 `boss91m1`
2022-06-20 18:25:15 → 5541984282336 → bailaohui_cvv → 想要（发 ）广告，找 `boss91m1`
2022-06-20 18:25:47 → 6288213655040 → tz636 → (session) 协议号，零售、批发 找，`boss91m1`
2022-06-20 18:26:54 → 601112672704 → btokofficial_03 → 需要 软、件，找 `boss91m1`
2022-06-20 18:27:54 → 6281341176226 → kkkttt369 → 要（发 ）广告，联系 `boss91m1`
2022-06-20 18:29:10 → 6282195908918 → zhongwen6 → 需要 软、件，找 `boss91m1`
2022-06-20 18:29:27 → 6283853159401 → xingbi0088 → 需要 软、件，找 `boss91m1`
2022-06-20 18:29:58 → 6288212128538 → xbdb01 → 专业（发 ）广告，联系我 `boss91m1`
2022-06-20 18:30:22 → 6281274302036 → yindutg → 想要（发 ）广告，找 `boss91m1`
2022-06-20 18:31:39 → 601124036748 → HWDBQ → 想找人（ 发 ）广告，找 `boss91m1`
2022-06-20 18:31:55 → 5541984282336 → TG_King80 → 准备（发 ）广告，找 `boss91m1`
2022-06-20 18:32:13 → 6288213655040 → USTCtg → (session) 协议号，零售、批发 找，`boss91m1`
2022-06-20 18:33:47 → 6282113664005 → sanfang53 → 需要 群、发，找 `boss91m1`
2022-06-20 18:34:04 → 6282190182730 → laowangdan → 准备（发 ）广告，找 `boss91m1`
2022-06-20 18:36:20 → 79919431787 → xjfghdkjghkdfgh → 想找人（ 发 ）广告，找 `boss91m1`
2022-06-20 18:36:50 → 6288212128538 → xbdb01 → 需要 软、件，找 `boss91m1`
2022-06-20 18:40:40 → 6282284114509 → qxinw → 准备（发 ）广告，找 `boss91m1`
2022-06-20 18:41:48 → 6282113664005 → baocai217 → 需要 群、发软、件，找 `boss91m1`
2022-06-20 18:42:05 → 6288212128538 → sunshineyyds → 准备（发 ）广告，找 `boss91m1`
2022-06-20 18:42:38 → 601112672414 → daishoujiaoyi → 专业（发 ）广告，联系我 `boss91m1`
2022-06-20 18:43:36 → 6283853159401 → xingbi0088 → 准备（发 ）广告，找 `boss91m1`
2022-06-20 18:43:53 → 6282190182730 → xinbi_088 → 专业（发 ）广告，联系我 `boss91m1`
2022-06-20 18:44:23 → 601124036748 → -1001692409589 → 专业（发 ）广告，联系我 `boss91m1`
2022-06-20 18:44:41 → 601112672704 → btokofficial_03 → 想找人（ 发 ）广告，找 `boss91m1`
2022-06-20 18:45:15 → 6285929906929 → zscd18 → 来（发 ）广告，联系 `boss91m1`
2022-06-20 18:45:43 → 5541984282336 → yugzf → 想要（发 ）广告，找 `boss91m1`
2022-06-20 18:46:21 → 6281341176226 → iBox_official → 专业（发 ）广告，联系我 `boss91m1`
2022-06-20 18:47:54 → 6282284114509 → KMFW56789 → 需要 群、发，找 `boss91m1`
2022-06-20 18:48:57 → 601124036748 → si1688 → 专业（发 ）广告，联系我 `boss91m1`
2022-06-20 18:49:39 → 6281274302036 → yindutg → 需要 软、件，找 `boss91m1`
2022-06-20 18:50:28 → 5541984282336 → MDhuaren1 → (session) 协议号，零售、批发 找，`boss91m1`
2022-06-20 18:50:53 → 6288212128538 → dbjlq1 → 要（发 ）广告，联系 `boss91m1`
2022-06-20 18:52:19 → 6288212128538 → bclm1 → 专业（发 ）广告，联系我 `boss91m1`
2022-06-20 18:53:46 → 6288213655040 → tz636 → 要（发 ）广告，联系 `boss91m1`
2022-06-20 18:54:20 → 6283129267390 → NodeGlobal → (session) 协议号，零售、批发 找，`boss91m1`
2022-06-20 18:54:38 → 6282284114509 → dyjiaoliu → 来（发 ）广告，联系 `boss91m1`
2022-06-20 18:55:55 → 601112672414 → fxgiantss → 想要（发 ）广告，找 `boss91m1`
2022-06-20 18:57:38 → 5541984282336 → bailaohui_cvv → 需要 群、发，找 `boss91m1`
2022-06-20 18:59:01 → 601124036748 → HWDBQ → (session) 协议号，零售、批发 找，`boss91m1`
2022-06-20 19:00:36 → 6282284114509 → axujj → 需要 群、发软、件，找 `boss91m1`
2022-06-20 19:00:54 → 6288212128538 → ziyuan2 → 需要 软、件，找 `boss91m1`
2022-06-20 19:01:36 → 79919431787 → Asiaweed → 需要 群、发软、件，找 `boss91m1`
2022-06-20 19:02:11 → 601112672414 → -1001629074860 → 想要（发 ）广告，找 `boss91m1`
2022-06-20 19:02:50 → 601112672704 → bcweb → 需要 软、件，找 `boss91m1`
2022-06-20 19:03:06 → 5541984282336 → MDhuaren1 → 需要 群、发软、件，找 `boss91m1`
2022-06-20 19:05:09 → 601124042925 → jiu_777 → 来（发 ）广告，联系 `boss91m1`
2022-06-20 19:05:58 → 6282190182730 → laowangdan → 专业（发 ）广告，联系我 `boss91m1`
2022-06-20 19:06:29 → 6288213655040 → USTCtg → 需要 软、件，找 `boss91m1`
2022-06-20 19:07:45 → 601124036748 → si1688 → 需要 群、发软、件，找 `boss91m1`
2022-06-20 19:08:02 → 6282113664005 → yuehui8 → 需要 群、发，找 `boss91m1`
2022-06-20 19:08:56 → 601124036748 → -1001692409589 → 来（发 ）广告，联系 `boss91m1`
2022-06-20 19:09:25 → 6281274302036 → yindutg → 需要 群、发软、件，找 `boss91m1`
2022-06-20 19:10:24 → 6288212128538 → xbdb01 → 想要（发 ）广告，找 `boss91m1`
2022-06-20 19:10:41 → 6283853159401 → xingbi0088 → 准备（发 ）广告，找 `boss91m1`
2022-06-20 19:11:24 → 6282113664005 → sanfang53 → (session) 协议号，零售、批发 找，`boss91m1`
2022-06-20 19:11:41 → 601112672704 → wybf168168 → 准备（发 ）广告，找 `boss91m1`
2022-06-20 19:13:12 → 6282190182730 → xinbi_088 → 要（发 ）广告，联系 `boss91m1`
2022-06-20 19:14:21 → 79919431787 → TG9010 → 需要 软、件，找 `boss91m1`
2022-06-20 19:15:41 → 6281341176226 → iBox_official → 专业（发 ）广告，联系我 `boss91m1`
2022-06-20 19:16:37 → 6288212128538 → sunshineyyds → (session) 协议号，零售、批发 找，`boss91m1`
2022-06-20 19:16:53 → 5541984282336 → yugzf → (session) 协议号，零售、批发 找，`boss91m1`
2022-06-20 19:17:11 → 6283129267390 → NodeGlobal → 来（发 ）广告，联系 `boss91m1`
2022-06-20 19:17:28 → 6285929906929 → zscd18 → 来（发 ）广告，联系 `boss91m1`
2022-06-20 19:17:45 → 6282113664005 → baocai217 → 要（发 ）广告，联系 `boss91m1`
2022-06-20 19:20:54 → 601124036748 → qwerdt1 → 准备（发 ）广告，找 `boss91m1`
2022-06-20 19:21:37 → 6288212128538 → dbjlq1 → 来（发 ）广告，联系 `boss91m1`
2022-06-20 19:23:31 → 6282190182730 → xinbi_088 → 来（发 ）广告，联系 `boss91m1`
2022-06-20 19:24:03 → 6281274302036 → yindutg → 来（发 ）广告，联系 `boss91m1`
2022-06-20 19:24:28 → 6283853159401 → xingbi0088 → 需要 群、发软、件，找 `boss91m1`
2022-06-20 19:25:37 → 601112672414 → daishoujiaoyi → 需要 软、件，找 `boss91m1`
2022-06-20 19:25:54 → 6288213655040 → USTCtg → 来（发 ）广告，联系 `boss91m1`
2022-06-20 19:26:23 → 6288212128538 → bclm1 → 来（发 ）广告，联系 `boss91m1`
2022-06-20 19:27:10 → 6285929906929 → zscd18 → 想找人（ 发 ）广告，找 `boss91m1`
2022-06-20 19:27:53 → 6282190182730 → laowangdan → 需要 群、发，找 `boss91m1`
2022-06-20 19:28:10 → 601112672704 → bcweb → 想找人（ 发 ）广告，找 `boss91m1`
2022-06-20 19:28:57 → 79919431787 → -1001663297854 → 想找人（ 发 ）广告，找 `boss91m1`
2022-06-20 19:29:46 → 601112672414 → -1001629074860 → 专业（发 ）广告，联系我 `boss91m1`
2022-06-20 19:30:15 → 6282195908918 → zhongwen6 → 需要 群、发，找 `boss91m1`
2022-06-20 19:31:53 → 6281274302036 → yindutg → 需要 群、发，找 `boss91m1`
2022-06-20 19:32:10 → 6282284114509 → axujj → 专业（发 ）广告，联系我 `boss91m1`
2022-06-20 19:32:27 → 6288213655040 → tz636 → 需要 群、发，找 `boss91m1`
2022-06-20 19:34:20 → 6282113664005 → sanfang53 → 想要（发 ）广告，找 `boss91m1`
2022-06-20 19:34:39 → 6281341176226 → iBox_official → 来（发 ）广告，联系 `boss91m1`
2022-06-20 19:35:44 → 6283129267390 → NodeGlobal → 要（发 ）广告，联系 `boss91m1`
2022-06-20 19:36:02 → 601112672704 → wybf168168 → 需要 群、发软、件，找 `boss91m1`
2022-06-20 19:36:59 → 601124036748 → HWDBQ → 想要（发 ）广告，找 `boss91m1`
2022-06-20 19:38:48 → 6282284114509 → qxinw → 需要 群、发，找 `boss91m1`
2022-06-20 19:39:31 → 6283853159401 → xingbi0088 → 专业（发 ）广告，联系我 `boss91m1`
2022-06-20 19:40:17 → 6281274302036 → yindutg → 专业（发 ）广告，联系我 `boss91m1`
2022-06-20 19:40:35 → 6288213655040 → tz636 → (session) 协议号，零售、批发 找，`boss91m1`
2022-06-20 19:41:18 → 6285929906929 → zscd18 → 需要 软、件，找 `boss91m1`
2022-06-20 19:42:02 → 601124036748 → -1001692409589 → 需要 群、发软、件，找 `boss91m1`
2022-06-20 19:42:33 → 6282284114509 → KMFW56789 → (session) 协议号，零售、批发 找，`boss91m1`
2022-06-20 19:42:51 → 6282190182730 → xinbi_088 → 需要 软、件，找 `boss91m1`
2022-06-20 19:43:30 → 601124042925 → jiu_777 → 要（发 ）广告，联系 `boss91m1`
2022-06-20 19:44:00 → 6288212128538 → dbjlq1 → 来（发 ）广告，联系 `boss91m1`
2022-06-20 19:44:29 → 601112672414 → daishoujiaoyi → 专业（发 ）广告，联系我 `boss91m1`
2022-06-20 19:44:47 → 6281341176226 → iBox_official → 专业（发 ）广告，联系我 `boss91m1`
2022-06-20 19:45:34 → 6282190182730 → laowangdan → 需要 群、发，找 `boss91m1`
2022-06-20 19:46:26 → 6283129267390 → NodeGlobal → 要（发 ）广告，联系 `boss91m1`
2022-06-20 19:47:17 → 601124036748 → si1688 → 准备（发 ）广告，找 `boss91m1`
2022-06-20 19:47:46 → 6283853159401 → xingbi0088 → 来（发 ）广告，联系 `boss91m1`
2022-06-20 19:48:03 → 6288213655040 → USTCtg → 来（发 ）广告，联系 `boss91m1`
2022-06-20 19:50:01 → 6282113664005 → baocai217 → 需要 群、发软、件，找 `boss91m1`
2022-06-20 19:50:18 → 6282284114509 → dyjiaoliu → 想要（发 ）广告，找 `boss91m1`
2022-06-20 19:51:27 → 6288212128538 → xbdb01 → 专业（发 ）广告，联系我 `boss91m1`
2022-06-20 19:52:10 → 6285929906929 → zscd18 → 想找人（ 发 ）广告，找 `boss91m1`
2022-06-20 19:52:26 → 5541984282336 → yugzf → 想找人（ 发 ）广告，找 `boss91m1`
2022-06-20 19:52:55 → 601112672414 → daishoujiaoyi → 专业（发 ）广告，联系我 `boss91m1`
2022-06-20 19:53:25 → 6281341176226 → iBox_official → 需要 群、发软、件，找 `boss91m1`
2022-06-20 19:55:05 → 6281274302036 → yindutg → 需要 群、发软、件，找 `boss91m1`
2022-06-20 19:55:48 → 79919431787 → Q4CWWJ3W9wyYzU5 → 要（发 ）广告，联系 `boss91m1`
2022-06-20 19:56:24 → 6283853159401 → xingbi0088 → (session) 协议号，零售、批发 找，`boss91m1`
2022-06-20 19:56:42 → 601124036748 → -1001692409589 → (session) 协议号，零售、批发 找，`boss91m1`
2022-06-20 19:57:03 → 6288213655040 → USTCtg → 准备（发 ）广告，找 `boss91m1`
2022-06-20 19:58:38 → 6282190182730 → xinbi_088 → 来（发 ）广告，联系 `boss91m1`
2022-06-20 19:59:09 → 5541984282336 → bailaohui_cvv → 想找人（ 发 ）广告，找 `boss91m1`
2022-06-20 19:59:42 → 6283129267390 → NodeGlobal → 来（发 ）广告，联系 `boss91m1`
2022-06-20 20:00:44 → 6288212128538 → bclm1 → 专业（发 ）广告，联系我 `boss91m1`
2022-06-20 20:01:21 → 601124042925 → jiu_777 → 想找人（ 发 ）广告，找 `boss91m1`
2022-06-20 20:01:39 → 6288213655040 → tz636 → 来（发 ）广告，联系 `boss91m1`
2022-06-20 20:01:57 → 6282190182730 → laowangdan → 想要（发 ）广告，找 `boss91m1`
2022-06-20 20:02:30 → 601112672414 → daishoujiaoyi → 需要 软、件，找 `boss91m1`
2022-06-20 20:02:47 → 601112672704 → wybf168168 → 需要 群、发软、件，找 `boss91m1`
2022-06-20 20:03:04 → 6282284114509 → KMFW56789 → 来（发 ）广告，联系 `boss91m1`
2022-06-20 20:03:27 → 79919431787 → TG1949521 → 想找人（ 发 ）广告，找 `boss91m1`
2022-06-20 20:03:59 → 6282113664005 → sanfang53 → 要（发 ）广告，联系 `boss91m1`
2022-06-20 20:04:16 → 6288212128538 → sunshineyyds → 准备（发 ）广告，找 `boss91m1`
2022-06-20 20:04:34 → 6281274302036 → yindutg → 想要（发 ）广告，找 `boss91m1`
2022-06-20 20:05:15 → 6285929906929 → zscd18 → 专业（发 ）广告，联系我 `boss91m1`
2022-06-20 20:05:47 → 601124036748 → HWDBQ → 要（发 ）广告，联系 `boss91m1`
2022-06-20 20:06:37 → 6281341176226 → iBox_official → 要（发 ）广告，联系 `boss91m1`
2022-06-20 20:07:24 → 79919431787 → xingbi0088 → 来（发 ）广告，联系 `boss91m1`
2022-06-20 20:10:21 → 6283129267390 → NodeGlobal → 准备（发 ）广告，找 `boss91m1`
2022-06-20 20:10:46 → 6283853159401 → xingbi0088 → (session) 协议号，零售、批发 找，`boss91m1`
2022-06-20 20:11:15 → 601112672704 → bcweb → 准备（发 ）广告，找 `boss91m1`
2022-06-20 20:11:34 → 601124036748 → si1688 → 来（发 ）广告，联系 `boss91m1`
2022-06-20 20:12:14 → 6282284114509 → qxinw → (session) 协议号，零售、批发 找，`boss91m1`
2022-06-20 20:13:15 → 6285929906929 → zscd18 → 来（发 ）广告，联系 `boss91m1`
2022-06-20 20:13:34 → 601124042925 → jiu_777 → 想找人（ 发 ）广告，找 `boss91m1`
2022-06-20 20:13:52 → 6281274302036 → yindutg → 需要 群、发，找 `boss91m1`
2022-06-20 20:14:21 → 5541984282336 → yugzf → 来（发 ）广告，联系 `boss91m1`
2022-06-20 20:14:54 → 601112672414 → daishoujiaoyi → 准备（发 ）广告，找 `boss91m1`
2022-06-20 20:15:44 → 6281341176226 → iBox_official → 想要（发 ）广告，找 `boss91m1`
2022-06-20 20:16:19 → 6288213655040 → tz636 → 专业（发 ）广告，联系我 `boss91m1`
2022-06-20 20:17:17 → 79919431787 → xmarspace → 来（发 ）广告，联系 `boss91m1`
2022-06-20 20:17:52 → 6288212128538 → dbjlq1 → 准备（发 ）广告，找 `boss91m1`
2022-06-20 20:18:14 → 6282190182730 → laowangdan → 想要（发 ）广告，找 `boss91m1`
2022-06-20 20:18:41 → 6282113664005 → baocai217 → 想要（发 ）广告，找 `boss91m1`
2022-06-20 20:19:13 → 6282284114509 → axujj → 需要 群、发软、件，找 `boss91m1`
2022-06-20 20:21:31 → 6288213655040 → USTCtg → 来（发 ）广告，联系 `boss91m1`
2022-06-20 20:22:16 → 6288212128538 → xbdb01 → 想找人（ 发 ）广告，找 `boss91m1`
2022-06-20 20:23:00 → 6282190182730 → xinbi_088 → 来（发 ）广告，联系 `boss91m1`
2022-06-20 20:23:18 → 5541984282336 → bailaohui_cvv → 想找人（ 发 ）广告，找 `boss91m1`
2022-06-20 20:23:50 → 601112672704 → bcweb → 需要 群、发，找 `boss91m1`
2022-06-20 20:24:56 → 6283129267390 → NodeGlobal → 来（发 ）广告，联系 `boss91m1`
2022-06-20 20:25:18 → 6283853159401 → xingbi0088 → 想找人（ 发 ）广告，找 `boss91m1`
2022-06-20 20:26:03 → 6281274302036 → yindutg → 需要 群、发软、件，找 `boss91m1`
2022-06-20 20:26:53 → 601112672704 → wybf168168 → 需要 群、发，找 `boss91m1`
2022-06-20 20:27:12 → 6282113664005 → baocai217 → 专业（发 ）广告，联系我 `boss91m1`
2022-06-20 20:27:37 → 6285929906929 → zscd18 → 想要（发 ）广告，找 `boss91m1`
2022-06-20 20:28:13 → 6288212128538 → sunshineyyds → 需要 群、发，找 `boss91m1`
2022-06-20 20:29:15 → 5541984282336 → puxadasgratis → 想找人（ 发 ）广告，找 `boss91m1`
2022-06-20 20:29:50 → 601124036748 → si1688 → 要（发 ）广告，联系 `boss91m1`
2022-06-20 20:30:20 → 6281341176226 → iBox_official → 想要（发 ）广告，找 `boss91m1`
2022-06-20 20:30:52 → 6282284114509 → dyjiaoliu → 想找人（ 发 ）广告，找 `boss91m1`
2022-06-20 20:31:22 → 601112672414 → daishoujiaoyi → (session) 协议号，零售、批发 找，`boss91m1`
2022-06-20 20:31:47 → 6282195908918 → zhongwen6 → 专业（发 ）广告，联系我 `boss91m1`
2022-06-20 20:32:04 → 6288212128538 → ziyuan2 → 准备（发 ）广告，找 `boss91m1`
2022-06-20 20:32:50 → 6282113664005 → sanfang53 → 需要 群、发，找 `boss91m1`
2022-06-20 20:33:08 → 6283853159401 → xingbi0088 → 需要 软、件，找 `boss91m1`
2022-06-20 20:33:48 → 6282284114509 → qxinw → 来（发 ）广告，联系 `boss91m1`
2022-06-20 20:34:07 → 6282190182730 → xinbi_088 → 来（发 ）广告，联系 `boss91m1`
2022-06-20 20:35:04 → 79919431787 → yuechuruanjian1 → 需要 群、发，找 `boss91m1`
2022-06-20 20:35:34 → 601124042925 → jiu_777 → 专业（发 ）广告，联系我 `boss91m1`
2022-06-20 20:35:52 → 6288213655040 → USTCtg → 需要 群、发，找 `boss91m1`
2022-06-20 20:36:09 → 601124036748 → qwerdt1 → 需要 群、发，找 `boss91m1`
2022-06-20 20:36:42 → 6283129267390 → NodeGlobal → 想要（发 ）广告，找 `boss91m1`
2022-06-20 20:37:19 → 6285929906929 → zscd18 → 需要 群、发软、件，找 `boss91m1`
2022-06-20 20:38:00 → 6282190182730 → laowangdan → 需要 软、件，找 `boss91m1`
2022-06-20 20:38:18 → 6281341176226 → iBox_official → 想要（发 ）广告，找 `boss91m1`
2022-06-20 20:38:37 → 6281274302036 → yindutg → 想要（发 ）广告，找 `boss91m1`
2022-06-20 20:39:24 → 6288212128538 → bclm1 → 来（发 ）广告，联系 `boss91m1`
2022-06-20 20:39:53 → 6282284114509 → KMFW56789 → 需要 群、发，找 `boss91m1`
2022-06-20 20:40:11 → 601112672414 → daishoujiaoyi → 要（发 ）广告，联系 `boss91m1`
2022-06-20 20:40:39 → 6288213655040 → tz636 → 专业（发 ）广告，联系我 `boss91m1`
2022-06-20 20:41:14 → 601112672704 → bcweb → 想要（发 ）广告，找 `boss91m1`
2022-06-20 20:41:49 → 79919431787 → dubailkmv → 来（发 ）广告，联系 `boss91m1`
2022-06-20 20:42:07 → 601124036748 → -1001692409589 → 要（发 ）广告，联系 `boss91m1`
2022-06-20 20:42:43 → 601112672704 → wybf168168 → 想要（发 ）广告，找 `boss91m1`
2022-06-20 20:43:00 → 6283853159401 → xingbi0088 → 准备（发 ）广告，找 `boss91m1`
2022-06-20 20:44:13 → 6283129267390 → NodeGlobal → 专业（发 ）广告，联系我 `boss91m1`
2022-06-20 20:44:31 → 601124036748 → HWDBQ → 想找人（ 发 ）广告，找 `boss91m1`
2022-06-20 20:45:11 → 5541984282336 → bailaohui_cvv → 需要 群、发软、件，找 `boss91m1`
2022-06-20 20:46:15 → 6282284114509 → axujj → 来（发 ）广告，联系 `boss91m1`
2022-06-20 20:47:55 → 6282190182730 → xinbi_088 → 想找人（ 发 ）广告，找 `boss91m1`
2022-06-20 20:48:13 → 601112672414 → daishoujiaoyi → 想要（发 ）广告，找 `boss91m1`
2022-06-20 20:48:31 → 6285929906929 → zscd18 → 需要 群、发，找 `boss91m1`
2022-06-20 20:49:26 → 6288213655040 → USTCtg → 需要 群、发，找 `boss91m1`
2022-06-20 20:49:47 → 79919431787 → diyidaifu → 来（发 ）广告，联系 `boss91m1`
2022-06-20 20:50:25 → 6288212128538 → bclm1 → 想找人（ 发 ）广告，找 `boss91m1`
2022-06-20 20:50:53 → 5541984282336 → yugzf → 来（发 ）广告，联系 `boss91m1`
2022-06-20 20:51:10 → 6282113664005 → sanfang53 → 专业（发 ）广告，联系我 `boss91m1`
2022-06-20 20:51:53 → 6281341176226 → iBox_official → 来（发 ）广告，联系 `boss91m1`
2022-06-20 20:52:10 → 6281274302036 → yindutg → 专业（发 ）广告，联系我 `boss91m1`
2022-06-20 20:53:01 → 6282284114509 → dyjiaoliu → 来（发 ）广告，联系 `boss91m1`
2022-06-20 20:53:36 → 601124042925 → jiu_777 → 需要 群、发，找 `boss91m1`
2022-06-20 20:54:07 → 601112672704 → bcweb → 需要 群、发，找 `boss91m1`
2022-06-20 20:54:25 → 6283853159401 → xingbi0088 → 想找人（ 发 ）广告，找 `boss91m1`
2022-06-20 20:54:55 → 6288213655040 → tz636 → 需要 群、发，找 `boss91m1`
2022-06-20 20:55:13 → 6288212128538 → dbjlq1 → 需要 群、发软、件，找 `boss91m1`
2022-06-20 20:55:35 → 79919431787 → shenma001 → 专业（发 ）广告，联系我 `boss91m1`
2022-06-20 20:56:09 → 6282190182730 → laowangdan → 专业（发 ）广告，联系我 `boss91m1`
2022-06-20 20:56:39 → 601124036748 → HWDBQ → (session) 协议号，零售、批发 找，`boss91m1`
2022-06-20 20:57:37 → 6283129267390 → NodeGlobal → 需要 软、件，找 `boss91m1`
2022-06-20 20:59:16 → 5541984282336 → TG_King80 → 需要 群、发，找 `boss91m1`
2022-06-20 20:59:57 → 6281274302036 → yindutg → 需要 群、发软、件，找 `boss91m1`
2022-06-20 21:00:44 → 601124036748 → -1001692409589 → 需要 群、发，找 `boss91m1`
2022-06-20 21:01:01 → 601112672414 → daishoujiaoyi → 准备（发 ）广告，找 `boss91m1`
2022-06-20 21:01:31 → 6282113664005 → baocai217 → 需要 软、件，找 `boss91m1`
2022-06-20 21:01:50 → 6281341176226 → iBox_official → 想要（发 ）广告，找 `boss91m1`
2022-06-20 21:02:08 → 6285929906929 → zscd18 → (session) 协议号，零售、批发 找，`boss91m1`
2022-06-20 21:02:52 → 6282284114509 → qxinw → 需要 群、发软、件，找 `boss91m1`
2022-06-20 21:03:17 → 6282284114509 → axujj → (session) 协议号，零售、批发 找，`boss91m1`
2022-06-20 21:04:04 → 6288212128538 → sunshineyyds → 想要（发 ）广告，找 `boss91m1`
2022-06-20 21:05:11 → 6283129267390 → NodeGlobal → 想要（发 ）广告，找 `boss91m1`
2022-06-20 21:05:30 → 601124042925 → jiu_777 → 要（发 ）广告，联系 `boss91m1`
2022-06-20 21:06:36 → 6283853159401 → xingbi0088 → 来（发 ）广告，联系 `boss91m1`
2022-06-20 21:06:53 → 6288213655040 → tz636 → 需要 软、件，找 `boss91m1`
2022-06-20 21:07:58 → 6282190182730 → laowangdan → 来（发 ）广告，联系 `boss91m1`
2022-06-20 21:08:53 → 6282190182730 → xinbi_088 → 需要 群、发软、件，找 `boss91m1`
2022-06-20 21:09:22 → 6288213655040 → USTCtg → 需要 软、件，找 `boss91m1`
2022-06-20 21:10:13 → 6282113664005 → baocai217 → 来（发 ）广告，联系 `boss91m1`
2022-06-20 21:10:36 → 79919431787 → USDT43 → 需要 群、发，找 `boss91m1`
2022-06-20 21:10:53 → 6288212128538 → xbdb01 → (session) 协议号，零售、批发 找，`boss91m1`
2022-06-20 21:11:11 → 6281341176226 → iBox_official → 要（发 ）广告，联系 `boss91m1`
2022-06-20 21:11:41 → 601124036748 → si1688 → 专业（发 ）广告，联系我 `boss91m1`
2022-06-20 21:12:12 → 601112672414 → daishoujiaoyi → 需要 群、发软、件，找 `boss91m1`
2022-06-20 21:12:42 → 601112672704 → bcweb → 准备（发 ）广告，找 `boss91m1`
2022-06-20 21:13:13 → 6285929906929 → zscd18 → 来（发 ）广告，联系 `boss91m1`
2022-06-20 21:13:31 → 6281274302036 → yindutg → 要（发 ）广告，联系 `boss91m1`
2022-06-20 21:13:56 → 6283853159401 → xingbi0088 → 来（发 ）广告，联系 `boss91m1`
2022-06-20 21:15:17 → 5541984282336 → bailaohui_cvv → 需要 软、件，找 `boss91m1`
2022-06-20 21:16:07 → 6283129267390 → NodeGlobal → 准备（发 ）广告，找 `boss91m1`
2022-06-20 21:16:37 → 6282113664005 → meizi005 → (session) 协议号，零售、批发 找，`boss91m1`
2022-06-20 21:19:26 → 5541984282336 → yugzf → 来（发 ）广告，联系 `boss91m1`
2022-06-20 21:19:44 → 6282284114509 → KMFW56789 → 想要（发 ）广告，找 `boss91m1`
2022-06-20 21:20:13 → 6282113664005 → sanfang53 → 来（发 ）广告，联系 `boss91m1`
2022-06-20 21:21:05 → 601124036748 → bc123hx → 来（发 ）广告，联系 `boss91m1`
2022-06-20 21:21:27 → 6285929906929 → zscd18 → 想找人（ 发 ）广告，找 `boss91m1`
2022-06-20 21:21:59 → 6281274302036 → yindutg → 想要（发 ）广告，找 `boss91m1`
2022-06-20 21:22:18 → 6282190182730 → xinbi_088 → 想要（发 ）广告，找 `boss91m1`
2022-06-20 21:22:36 → 601112672704 → bcweb → 来（发 ）广告，联系 `boss91m1`
2022-06-20 21:22:55 → 6281341176226 → iBox_official → 需要 群、发，找 `boss91m1`
2022-06-20 21:23:39 → 6288213655040 → tz636 → 需要 群、发软、件，找 `boss91m1`
2022-06-20 21:24:01 → 601112672414 → daishoujiaoyi → 需要 软、件，找 `boss91m1`
2022-06-20 21:24:37 → 6288212128538 → xbdb01 → 来（发 ）广告，联系 `boss91m1`
2022-06-20 21:25:22 → 6288213655040 → USTCtg → 来（发 ）广告，联系 `boss91m1`
2022-06-20 21:25:40 → 6283853159401 → xingbi0088 → 需要 软、件，找 `boss91m1`
2022-06-20 21:25:57 → 6282284114509 → axujj → 准备（发 ）广告，找 `boss91m1`
2022-06-20 21:26:28 → 6282190182730 → laowangdan → 需要 群、发软、件，找 `boss91m1`
2022-06-20 21:27:05 → 6283129267390 → NodeGlobal → 想找人（ 发 ）广告，找 `boss91m1`
2022-06-20 21:28:39 → 601124042925 → jiu_777 → 想找人（ 发 ）广告，找 `boss91m1`
2022-06-20 21:29:10 → 601124036748 → -1001692409589 → 需要 群、发软、件，找 `boss91m1`
2022-06-20 21:30:34 → 6285929906929 → zscd18 → 来（发 ）广告，联系 `boss91m1`
2022-06-20 21:31:06 → 6281341176226 → iBox_official → 要（发 ）广告，联系 `boss91m1`
2022-06-20 21:31:48 → 6282195908918 → zhongwen6 → 来（发 ）广告，联系 `boss91m1`
2022-06-20 21:32:06 → 601112672704 → bcweb → 想要（发 ）广告，找 `boss91m1`
2022-06-20 21:33:15 → 6282284114509 → qxinw → 准备（发 ）广告，找 `boss91m1`
2022-06-20 21:33:33 → 6281274302036 → yindutg → 想要（发 ）广告，找 `boss91m1`
2022-06-20 21:35:12 → 601124036748 → HWDBQ → 专业（发 ）广告，联系我 `boss91m1`
2022-06-20 21:35:30 → 6283853159401 → xingbi0088 → 来（发 ）广告，联系 `boss91m1`
2022-06-20 21:35:47 → 6282284114509 → dyjiaoliu → 要（发 ）广告，联系 `boss91m1`
2022-06-20 21:36:18 → 6288213655040 → tz636 → 想找人（ 发 ）广告，找 `boss91m1`
2022-06-20 21:36:34 → 5541984282336 → yugzf → 准备（发 ）广告，找 `boss91m1`
2022-06-20 21:37:11 → 6282113664005 → baocai217 → (session) 协议号，零售、批发 找，`boss91m1`
2022-06-20 21:37:28 → 6283129267390 → NodeGlobal → 来（发 ）广告，联系 `boss91m1`
2022-06-20 21:37:47 → 601112672414 → daishoujiaoyi → 需要 群、发软、件，找 `boss91m1`
2022-06-20 21:38:22 → 6282190182730 → laowangdan → 专业（发 ）广告，联系我 `boss91m1`
2022-06-20 21:38:55 → 79919431787 → chenggong060 → 需要 群、发软、件，找 `boss91m1`
2022-06-20 21:39:25 → 6288212128538 → sunshineyyds → 需要 群、发软、件，找 `boss91m1`
2022-06-20 21:40:33 → 6281341176226 → iBox_official → 想要（发 ）广告，找 `boss91m1`
2022-06-20 21:40:52 → 6285929906929 → zscd18 → 来（发 ）广告，联系 `boss91m1`
2022-06-20 21:41:10 → 6288212128538 → dbjlq1 → 准备（发 ）广告，找 `boss91m1`
2022-06-20 21:41:28 → 601124042925 → jiu_777 → 要（发 ）广告，联系 `boss91m1`
2022-06-20 21:41:58 → 6282113664005 → sanfang53 → 要（发 ）广告，联系 `boss91m1`
2022-06-20 21:42:27 → 601124036748 → si1688 → 专业（发 ）广告，联系我 `boss91m1`
2022-06-20 21:43:01 → 6288213655040 → USTCtg → 想找人（ 发 ）广告，找 `boss91m1`
2022-06-20 21:43:18 → 6282190182730 → xinbi_088 → 想找人（ 发 ）广告，找 `boss91m1`
2022-06-20 21:43:35 → 6281274302036 → yindutg → 准备（发 ）广告，找 `boss91m1`
2022-06-20 21:44:06 → 601112672704 → bcweb → 准备（发 ）广告，找 `boss91m1`
2022-06-20 21:45:35 → 5541984282336 → bailaohui_cvv → 准备（发 ）广告，找 `boss91m1`
2022-06-20 21:45:54 → 6283129267390 → NodeGlobal → (session) 协议号，零售、批发 找，`boss91m1`
2022-06-20 21:47:08 → 6283853159401 → xingbi0088 → 准备（发 ）广告，找 `boss91m1`
2022-06-20 21:48:13 → 6288212128538 → bclm1 → 专业（发 ）广告，联系我 `boss91m1`
2022-06-20 21:48:47 → 79919431787 → LEFT_LGT_001 → 需要 软、件，找 `boss91m1`
2022-06-20 21:50:01 → 601112672414 → daishoujiaoyi → 要（发 ）广告，联系 `boss91m1`
2022-06-20 21:51:28 → 601124036748 → qwerdt1 → 来（发 ）广告，联系 `boss91m1`
2022-06-20 21:51:47 → 6281274302036 → yindutg → 需要 软、件，找 `boss91m1`
2022-06-20 21:52:58 → 6281341176226 → iBox_official → 想找人（ 发 ）广告，找 `boss91m1`
2022-06-20 21:53:20 → 6285929906929 → zscd18 → 要（发 ）广告，联系 `boss91m1`
2022-06-20 21:53:39 → 601112672704 → bcweb → 需要 群、发软、件，找 `boss91m1`
2022-06-20 21:54:00 → 6288213655040 → USTCtg → 想要（发 ）广告，找 `boss91m1`
2022-06-20 21:54:59 → 6282284114509 → dyjiaoliu → (session) 协议号，零售、批发 找，`boss91m1`
2022-06-20 21:56:01 → 79919431787 → TG907 → (session) 协议号，零售、批发 找，`boss91m1`
2022-06-20 21:56:22 → 6282190182730 → laowangdan → 专业（发 ）广告，联系我 `boss91m1`
2022-06-20 21:57:02 → 6288212128538 → dbjlq1 → 来（发 ）广告，联系 `boss91m1`
2022-06-20 21:57:22 → 6288213655040 → tz636 → 要（发 ）广告，联系 `boss91m1`
2022-06-20 21:58:02 → 6283853159401 → xingbi0088 → 专业（发 ）广告，联系我 `boss91m1`
2022-06-20 21:58:21 → 6283129267390 → NodeGlobal → 需要 群、发，找 `boss91m1`
2022-06-20 21:59:04 → 6282190182730 → xinbi_088 → 要（发 ）广告，联系 `boss91m1`
2022-06-20 21:59:26 → 601112672414 → daishoujiaoyi → 要（发 ）广告，联系 `boss91m1`
2022-06-20 21:59:46 → 601124042925 → jiu_777 → 要（发 ）广告，联系 `boss91m1`
2022-06-20 22:00:18 → 6282284114509 → qxinw → 准备（发 ）广告，找 `boss91m1`
2022-06-20 22:01:11 → 6282113664005 → baocai217 → 需要 群、发软、件，找 `boss91m1`
2022-06-20 22:01:29 → 601124036748 → -1001692409589 → 要（发 ）广告，联系 `boss91m1`
2022-06-20 22:02:32 → 6281341176226 → iBox_official → 专业（发 ）广告，联系我 `boss91m1`
2022-06-20 22:02:49 → 6288212128538 → bclm1 → 要（发 ）广告，联系 `boss91m1`
2022-06-20 22:04:24 → 6285929906929 → zscd18 → 来（发 ）广告，联系 `boss91m1`
2022-06-20 22:05:25 → 6282284114509 → KMFW56789 → 来（发 ）广告，联系 `boss91m1`
2022-06-20 22:05:58 → 601112672704 → bcweb → 需要 群、发软、件，找 `boss91m1`
2022-06-20 22:06:16 → 601124036748 → si1688 → 想找人（ 发 ）广告，找 `boss91m1`
2022-06-20 22:06:51 → 6282113664005 → meizi005 → (session) 协议号，零售、批发 找，`boss91m1`
2022-06-20 22:07:10 → 6281274302036 → yindutg → 来（发 ）广告，联系 `boss91m1`
2022-06-20 22:08:10 → 6282284114509 → axujj → 需要 群、发软、件，找 `boss91m1`
2022-06-20 22:08:27 → 6288212128538 → sunshineyyds → 来（发 ）广告，联系 `boss91m1`
2022-06-20 22:09:12 → 5541984282336 → yugzf → 专业（发 ）广告，联系我 `boss91m1`
2022-06-20 22:09:30 → 6282113664005 → sanfang53 → 准备（发 ）广告，找 `boss91m1`
2022-06-20 22:09:50 → 6288213655040 → USTCtg → 需要 群、发，找 `boss91m1`
2022-06-20 22:10:22 → 6283853159401 → xingbi0088 → 准备（发 ）广告，找 `boss91m1`
2022-06-20 22:10:43 → 601112672414 → daishoujiaoyi → 需要 群、发，找 `boss91m1`
2022-06-20 22:11:25 → 601124036748 → HWDBQ → 准备（发 ）广告，找 `boss91m1`
2022-06-20 22:12:04 → 6282190182730 → xinbi_088 → 需要 群、发，找 `boss91m1`
2022-06-20 22:12:35 → 6283129267390 → NodeGlobal → 想找人（ 发 ）广告，找 `boss91m1`
2022-06-20 22:14:02 → 6282190182730 → laowangdan → 来（发 ）广告，联系 `boss91m1`
2022-06-20 22:14:21 → 601112672704 → bcweb → 需要 群、发，找 `boss91m1`
2022-06-20 22:14:52 → 6288213655040 → tz636 → 想找人（ 发 ）广告，找 `boss91m1`
2022-06-20 22:15:11 → 601124036748 → bc123hx → 想找人（ 发 ）广告，找 `boss91m1`
2022-06-20 22:15:29 → 601124042925 → jiu_777 → 要（发 ）广告，联系 `boss91m1`
2022-06-20 22:15:56 → 5541984282336 → bailaohui_cvv → 想找人（ 发 ）广告，找 `boss91m1`
2022-06-20 22:16:15 → 6281274302036 → yindutg → 来（发 ）广告，联系 `boss91m1`
2022-06-20 22:16:33 → 6285929906929 → zscd18 → 来（发 ）广告，联系 `boss91m1`
2022-06-20 22:17:02 → 6288212128538 → xbdb01 → 专业（发 ）广告，联系我 `boss91m1`
2022-06-20 22:17:46 → 6281341176226 → iBox_official → 来（发 ）广告，联系 `boss91m1`
2022-06-20 22:18:37 → 79919431787 → daishou15 → 想找人（ 发 ）广告，找 `boss91m1`
2022-06-20 22:19:04 → 6282113664005 → meizi005 → 来（发 ）广告，联系 `boss91m1`
2022-06-20 22:19:38 → 79919431787 → Xiaoxuanfengjiaoliuqun → 需要 软、件，找 `boss91m1`
2022-06-20 22:20:08 → 6288212128538 → ziyuan2 → 需要 软、件，找 `boss91m1`
2022-06-20 22:21:44 → 6283853159401 → xingbi0088 → 来（发 ）广告，联系 `boss91m1`
2022-06-20 22:22:14 → 6283129267390 → NodeGlobal → 来（发 ）广告，联系 `boss91m1`
2022-06-20 22:22:31 → 601112672414 → daishoujiaoyi → 需要 群、发软、件，找 `boss91m1`
2022-06-20 22:23:02 → 6282284114509 → axujj → 来（发 ）广告，联系 `boss91m1`
2022-06-20 22:24:49 → 79919431787 → sishengq1 → 想找人（ 发 ）广告，找 `boss91m1`
2022-06-20 22:25:19 → 6282190182730 → laowangdan → 想找人（ 发 ）广告，找 `boss91m1`
2022-06-20 22:25:50 → 6282284114509 → qxinw → 来（发 ）广告，联系 `boss91m1`
2022-06-20 22:26:43 → 6281274302036 → yindutg → 专业（发 ）广告，联系我 `boss91m1`
2022-06-20 22:27:01 → 601112672704 → bcweb → 需要 软、件，找 `boss91m1`
2022-06-20 22:27:30 → 6282113664005 → sanfang53 → 要（发 ）广告，联系 `boss91m1`
2022-06-20 22:27:48 → 601124042925 → jiu_777 → 专业（发 ）广告，联系我 `boss91m1`
2022-06-20 22:28:34 → 6281341176226 → iBox_official → 专业（发 ）广告，联系我 `boss91m1`
2022-06-20 22:28:52 → 6285929906929 → zscd18 → 专业（发 ）广告，联系我 `boss91m1`
2022-06-20 22:29:11 → 6288213655040 → tz636 → 准备（发 ）广告，找 `boss91m1`
2022-06-20 22:29:29 → 601124036748 → bc123hx → 要（发 ）广告，联系 `boss91m1`
2022-06-20 22:30:07 → 6282284114509 → KMFW56789 → 专业（发 ）广告，联系我 `boss91m1`
2022-06-20 22:30:24 → 601124036748 → si1688 → 想找人（ 发 ）广告，找 `boss91m1`
2022-06-20 22:30:46 → 79919431787 → jiangqxsixsixsix → 想要（发 ）广告，找 `boss91m1`
2022-06-20 22:31:03 → 6283129267390 → NodeGlobal → 需要 软、件，找 `boss91m1`
2022-06-20 22:31:39 → 6282190182730 → xinbi_088 → 需要 软、件，找 `boss91m1`
2022-06-20 22:31:57 → 6288212128538 → xbdb01 → 准备（发 ）广告，找 `boss91m1`
2022-06-20 22:32:27 → 6283853159401 → xingbi0088 → 来（发 ）广告，联系 `boss91m1`
2022-06-20 22:33:25 → 6288213655040 → USTCtg → 要（发 ）广告，联系 `boss91m1`
2022-06-20 22:34:23 → 601112672414 → daishoujiaoyi → 专业（发 ）广告，联系我 `boss91m1`
2022-06-20 22:34:52 → 6282113664005 → baocai217 → 专业（发 ）广告，联系我 `boss91m1`
2022-06-20 22:35:29 → 6282195908918 → zhongwen6 → 想要（发 ）广告，找 `boss91m1`
2022-06-20 22:36:39 → 6281341176226 → iBox_official → 需要 群、发，找 `boss91m1`
2022-06-20 22:36:58 → 6282284114509 → dyjiaoliu → 专业（发 ）广告，联系我 `boss91m1`
2022-06-20 22:37:28 → 601112672704 → bcweb → 想找人（ 发 ）广告，找 `boss91m1`
2022-06-20 22:37:45 → 601124036748 → -1001692409589 → 想要（发 ）广告，找 `boss91m1`
2022-06-20 22:38:15 → 6288212128538 → dbjlq1 → 准备（发 ）广告，找 `boss91m1`
2022-06-20 22:38:36 → 79919431787 → bclm1 → 需要 群、发软、件，找 `boss91m1`
2022-06-20 22:39:19 → 6281274302036 → yindutg → 要（发 ）广告，联系 `boss91m1`
2022-06-20 22:39:55 → 6285929906929 → zscd18 → 想找人（ 发 ）广告，找 `boss91m1`
2022-06-20 22:40:30 → 5541984282336 → yugzf → 想找人（ 发 ）广告，找 `boss91m1`
2022-06-20 22:40:47 → 6288213655040 → USTCtg → (session) 协议号，零售、批发 找，`boss91m1`
2022-06-20 22:42:03 → 6283853159401 → xingbi0088 → 想要（发 ）广告，找 `boss91m1`
2022-06-20 22:43:03 → 6282190182730 → laowangdan → 想要（发 ）广告，找 `boss91m1`
2022-06-20 22:43:36 → 6282113664005 → baocai217 → 需要 群、发，找 `boss91m1`
2022-06-20 22:43:54 → 601112672414 → daishoujiaoyi → 需要 软、件，找 `boss91m1`
2022-06-20 22:45:14 → 6283129267390 → NodeGlobal → 要（发 ）广告，联系 `boss91m1`
2022-06-20 22:45:52 → 6282284114509 → qxinw → 专业（发 ）广告，联系我 `boss91m1`
2022-06-20 22:47:14 → 6281274302036 → yindutg → 来（发 ）广告，联系 `boss91m1`
2022-06-20 22:47:32 → 6282190182730 → xinbi_088 → 想要（发 ）广告，找 `boss91m1`
2022-06-20 22:47:53 → 79919431787 → HMYL888 → 需要 群、发软、件，找 `boss91m1`
2022-06-20 22:48:25 → 601124042925 → jiu_777 → 想要（发 ）广告，找 `boss91m1`
2022-06-20 22:48:44 → 6281341176226 → iBox_official → 专业（发 ）广告，联系我 `boss91m1`
2022-06-20 22:49:03 → 601112672704 → bcweb → 想找人（ 发 ）广告，找 `boss91m1`
2022-06-20 22:49:32 → 6288212128538 → sunshineyyds → 准备（发 ）广告，找 `boss91m1`
2022-06-20 22:50:01 → 601124036748 → HWDBQ → 要（发 ）广告，联系 `boss91m1`
2022-06-20 22:50:36 → 6288213655040 → tz636 → 准备（发 ）广告，找 `boss91m1`
2022-06-20 22:50:54 → 6285929906929 → zscd18 → (session) 协议号，零售、批发 找，`boss91m1`
2022-06-20 22:51:57 → 6288212128538 → bclm1 → 想要（发 ）广告，找 `boss91m1`
2022-06-20 22:52:53 → 601112672414 → daishoujiaoyi → (session) 协议号，零售、批发 找，`boss91m1`
2022-06-20 22:53:49 → 6282113664005 → sanfang53 → (session) 协议号，零售、批发 找，`boss91m1`
2022-06-20 22:54:07 → 6283853159401 → xingbi0088 → 专业（发 ）广告，联系我 `boss91m1`
2022-06-20 22:55:01 → 6283129267390 → NodeGlobal → 要（发 ）广告，联系 `boss91m1`
2022-06-20 22:55:48 → 6282284114509 → KMFW56789 → 需要 群、发，找 `boss91m1`
2022-06-20 22:57:12 → 6282190182730 → xinbi_088 → 准备（发 ）广告，找 `boss91m1`
2022-06-20 22:57:29 → 6281274302036 → yindutg → 专业（发 ）广告，联系我 `boss91m1`
2022-06-20 22:58:02 → 79919431787 → paofen33 → 需要 群、发，找 `boss91m1`
2022-06-20 22:59:02 → 601112672704 → bcweb → 专业（发 ）广告，联系我 `boss91m1`
2022-06-20 22:59:50 → 6282284114509 → axujj → 来（发 ）广告，联系 `boss91m1`
2022-06-20 23:00:21 → 6281341176226 → iBox_official → 来（发 ）广告，联系 `boss91m1`
2022-06-20 23:00:40 → 6288213655040 → USTCtg → 专业（发 ）广告，联系我 `boss91m1`
2022-06-20 23:01:10 → 6285929906929 → zscd18 → 需要 软、件，找 `boss91m1`
2022-06-20 23:01:46 → 6288213655040 → tz636 → 需要 软、件，找 `boss91m1`
2022-06-20 23:02:15 → 6283853159401 → xingbi0088 → 来（发 ）广告，联系 `boss91m1`
2022-06-20 23:02:35 → 79919431787 → qwertyuio556 → 专业（发 ）广告，联系我 `boss91m1`
2022-06-20 23:03:09 → 6288212128538 → bclm1 → 专业（发 ）广告，联系我 `boss91m1`
2022-06-20 23:03:28 → 6282113664005 → baocai217 → 想要（发 ）广告，找 `boss91m1`
2022-06-20 23:04:37 → 6282190182730 → laowangdan → 准备（发 ）广告，找 `boss91m1`
2022-06-20 23:04:57 → 601124036748 → -1001692409589 → 专业（发 ）广告，联系我 `boss91m1`
2022-06-20 23:05:59 → 601124042925 → jiu_777 → 需要 软、件，找 `boss91m1`
2022-06-20 23:06:44 → 6283129267390 → NodeGlobal → (session) 协议号，零售、批发 找，`boss91m1`
2022-06-20 23:07:03 → 6282284114509 → dyjiaoliu → 需要 群、发，找 `boss91m1`
2022-06-20 23:07:31 → 6281274302036 → yindutg → 需要 群、发，找 `boss91m1`
2022-06-20 23:07:53 → 6285929906929 → zscd18 → 想找人（ 发 ）广告，找 `boss91m1`
2022-06-20 23:08:54 → 601112672414 → daishoujiaoyi → 专业（发 ）广告，联系我 `boss91m1`
2022-06-20 23:10:07 → 601124036748 → qwerdt1 → 需要 软、件，找 `boss91m1`
2022-06-20 23:11:02 → 6281341176226 → iBox_official → 来（发 ）广告，联系 `boss91m1`
2022-06-20 23:11:20 → 601112672704 → bcweb → 想要（发 ）广告，找 `boss91m1`
2022-06-20 23:11:50 → 6282113664005 → sanfang53 → 来（发 ）广告，联系 `boss91m1`
2022-06-20 23:13:12 → 601124042925 → jiu_777 → 来（发 ）广告，联系 `boss91m1`
2022-06-20 23:13:42 → 601124036748 → si1688 → 来（发 ）广告，联系 `boss91m1`
2022-06-20 23:14:33 → 6282284114509 → axujj → 需要 群、发软、件，找 `boss91m1`
2022-06-20 23:16:22 → 6288212128538 → sunshineyyds → 准备（发 ）广告，找 `boss91m1`
2022-06-20 23:17:14 → 6288213655040 → tz636 → 需要 群、发软、件，找 `boss91m1`
2022-06-20 23:17:41 → 6282113664005 → meizi005 → 要（发 ）广告，联系 `boss91m1`
2022-06-20 23:18:01 → 6283129267390 → NodeGlobal → 需要 群、发，找 `boss91m1`
2022-06-20 23:18:55 → 79919431787 → LinlangtianshangJF → 来（发 ）广告，联系 `boss91m1`
2022-06-20 23:19:24 → 6281341176226 → iBox_official → (session) 协议号，零售、批发 找，`boss91m1`
2022-06-20 23:19:46 → 6288213655040 → USTCtg → 需要 群、发软、件，找 `boss91m1`
2022-06-20 23:20:10 → 6282284114509 → KMFW56789 → 专业（发 ）广告，联系我 `boss91m1`
2022-06-20 23:20:37 → 601112672414 → daishoujiaoyi → 来（发 ）广告，联系 `boss91m1`
2022-06-20 23:21:00 → 6283853159401 → xingbi0088 → 来（发 ）广告，联系 `boss91m1`
2022-06-20 23:21:19 → 601112672704 → bcweb → 想找人（ 发 ）广告，找 `boss91m1`
2022-06-20 23:21:36 → 6282190182730 → xinbi_088 → 需要 软、件，找 `boss91m1`
2022-06-20 23:21:54 → 6285929906929 → zscd18 → 需要 软、件，找 `boss91m1`
2022-06-20 23:22:12 → 6288212128538 → dbjlq1 → 来（发 ）广告，联系 `boss91m1`
2022-06-20 23:23:42 → 601124036748 → bc123hx → 来（发 ）广告，联系 `boss91m1`
2022-06-20 23:24:15 → 6281274302036 → yindutg → 想找人（ 发 ）广告，找 `boss91m1`
2022-06-20 23:25:32 → 6282190182730 → laowangdan → 需要 群、发，找 `boss91m1`
2022-06-20 23:26:13 → 6288212128538 → xbdb01 → 想要（发 ）广告，找 `boss91m1`
2022-06-20 23:26:32 → 6283129267390 → NodeGlobal → 来（发 ）广告，联系 `boss91m1`
2022-06-20 23:27:26 → 601124036748 → HWDBQ → 来（发 ）广告，联系 `boss91m1`
2022-06-20 23:29:20 → 6282284114509 → dyjiaoliu → 要（发 ）广告，联系 `boss91m1`
2022-06-20 23:30:20 → 6282284114509 → qxinw → 需要 软、件，找 `boss91m1`
2022-06-20 23:30:39 → 601112672704 → bcweb → 准备（发 ）广告，找 `boss91m1`
2022-06-20 23:30:57 → 6285929906929 → zscd18 → 来（发 ）广告，联系 `boss91m1`
2022-06-20 23:31:15 → 601124042925 → jiu_777 → 准备（发 ）广告，找 `boss91m1`
2022-06-20 23:31:34 → 601112672414 → daishoujiaoyi → 专业（发 ）广告，联系我 `boss91m1`
2022-06-20 23:31:51 → 6282113664005 → baocai217 → 专业（发 ）广告，联系我 `boss91m1`
2022-06-20 23:32:09 → 6283853159401 → xingbi0088 → 需要 群、发，找 `boss91m1`
2022-06-20 23:32:27 → 6281341176226 → iBox_official → 想找人（ 发 ）广告，找 `boss91m1`
2022-06-20 23:33:15 → 6288213655040 → tz636 → 要（发 ）广告，联系 `boss91m1`
2022-06-20 23:33:33 → 6281274302036 → yindutg → 想要（发 ）广告，找 `boss91m1`
2022-06-20 23:35:53 → 601124042925 → -1001084532732 → 需要 群、发软、件，找 `boss91m1`
2022-06-20 23:36:10 → 601124036748 → bc123hx → (session) 协议号，零售、批发 找，`boss91m1`
2022-06-20 23:36:40 → 6288212128538 → dbjlq1 → 想找人（ 发 ）广告，找 `boss91m1`
2022-06-20 23:37:17 → 79919431787 → jfoisjfiodvfd → 来（发 ）广告，联系 `boss91m1`
2022-06-20 23:38:25 → 6282190182730 → xinbi_088 → (session) 协议号，零售、批发 找，`boss91m1`
2022-06-20 23:38:42 → 6282113664005 → sanfang53 → 需要 群、发软、件，找 `boss91m1`
2022-06-20 23:39:35 → 6288213655040 → USTCtg → 要（发 ）广告，联系 `boss91m1`
2022-06-20 23:40:48 → 601112672704 → bcweb → 想找人（ 发 ）广告，找 `boss91m1`
2022-06-20 23:41:07 → 601112672414 → daishoujiaoyi → 需要 群、发软、件，找 `boss91m1`
2022-06-20 23:41:37 → 6282190182730 → laowangdan → 想要（发 ）广告，找 `boss91m1`
2022-06-20 23:41:54 → 601124036748 → HWDBQ → 想找人（ 发 ）广告，找 `boss91m1`
2022-06-20 23:42:24 → 6285929906929 → zscd18 → 想要（发 ）广告，找 `boss91m1`
2022-06-20 23:42:42 → 6283129267390 → NodeGlobal → 需要 群、发软、件，找 `boss91m1`
2022-06-20 23:43:28 → 6281274302036 → yindutg → 来（发 ）广告，联系 `boss91m1`
2022-06-20 23:44:15 → 6288212128538 → ziyuan2 → (session) 协议号，零售、批发 找，`boss91m1`
2022-06-20 23:44:45 → 6283853159401 → xingbi0088 → 需要 群、发，找 `boss91m1`
2022-06-20 23:45:23 → 6281341176226 → iBox_official → (session) 协议号，零售、批发 找，`boss91m1`
2022-06-20 23:45:42 → 6282284114509 → KMFW56789 → 来（发 ）广告，联系 `boss91m1`
2022-06-20 23:46:46 → 6288213655040 → USTCtg → 需要 群、发软、件，找 `boss91m1`
2022-06-20 23:47:27 → 6282195908918 → zhongwen6 → (session) 协议号，零售、批发 找，`boss91m1`
2022-06-20 23:47:57 → 601124042925 → jiu_777 → 需要 群、发软、件，找 `boss91m1`
2022-06-20 23:49:47 → 6288212128538 → bclm1 → 来（发 ）广告，联系 `boss91m1`
2022-06-20 23:50:04 → 6282284114509 → dyjiaoliu → 需要 软、件，找 `boss91m1`
2022-06-20 23:50:34 → 6282113664005 → sanfang53 → 需要 群、发，找 `boss91m1`
2022-06-20 23:51:11 → 6282190182730 → xinbi_088 → 需要 群、发，找 `boss91m1`
2022-06-20 23:51:28 → 6282284114509 → qxinw → 来（发 ）广告，联系 `boss91m1`
2022-06-20 23:51:45 → 6281274302036 → yindutg → (session) 协议号，零售、批发 找，`boss91m1`
2022-06-20 23:52:34 → 6283129267390 → NodeGlobal → 准备（发 ）广告，找 `boss91m1`
2022-06-20 23:52:51 → 601124036748 → si1688 → 专业（发 ）广告，联系我 `boss91m1`
2022-06-20 23:53:40 → 601124042925 → -1001084532732 → 要（发 ）广告，联系 `boss91m1`
2022-06-20 23:54:20 → 6281341176226 → iBox_official → 需要 群、发软、件，找 `boss91m1`
2022-06-20 23:54:40 → 6283853159401 → xingbi0088 → 需要 群、发，找 `boss91m1`
2022-06-20 23:55:14 → 6285929906929 → zscd18 → 专业（发 ）广告，联系我 `boss91m1`
2022-06-20 23:55:33 → 601112672414 → daishoujiaoyi → 专业（发 ）广告，联系我 `boss91m1`
2022-06-20 23:55:50 → 6288213655040 → tz636 → 要（发 ）广告，联系 `boss91m1`
2022-06-20 23:56:09 → 601112672704 → bcweb → 专业（发 ）广告，联系我 `boss91m1`
2022-06-20 23:56:39 → 6288212128538 → xbdb01 → 来（发 ）广告，联系 `boss91m1`
2022-06-20 23:58:15 → 601124036748 → -1001692409589 → 想找人（ 发 ）广告，找 `boss91m1`
2022-06-20 23:58:33 → 6282284114509 → axujj → 专业（发 ）广告，联系我 `boss91m1`
2022-06-20 23:59:10 → 6282190182730 → laowangdan → 需要 群、发软、件，找 `boss91m1`
2022-06-20 23:59:53 → 6288212128538 → sunshineyyds → 想找人（ 发 ）广告，找 `boss91m1`