
2022-05-25 08:11:08 → 918092132118 → HWDBQ → 精准🔥代🌹发🔥轰🌍炸 bs91m1
2022-05-25 08:11:37 → 79917730705 → TRJ_shore001 → 精准🔥代🌹发🔥轰🌍炸 bs91m1
2022-05-25 08:12:26 → 79919429746 → haxijulebu66 → 精准🔥代🌹发🔥轰🌍炸 bs91m1
2022-05-25 08:12:52 → 918092132118 → xianliao01 → 精准🔥代🌹发🔥轰🌍炸 bs91m1
2022-05-25 08:13:13 → 79917730705 → Fkzy_Group → 精准🔥代🌹发🔥轰🌍炸 bs91m1
2022-05-25 08:13:29 → 79919429746 → TG96110 → 精准🔥代🌹发🔥轰🌍炸 bs91m1
2022-05-25 08:13:42 → 79045541142 → TGlianmeng002 → 精准🔥代🌹发🔥轰🌍炸 bs91m1
2022-05-25 08:17:06 → 79919429746 → yitaifang4 → 精准🔥代🌹发🔥轰🌍炸 bs91m1
2022-05-25 08:17:46 → 79045541142 → haxitouzhu → 精准🔥代🌹发🔥轰🌍炸 bs91m1
2022-05-25 08:18:33 → 79045541142 → dubai_37 → 精准🔥代🌹发🔥轰🌍炸 bs91m1
2022-05-25 08:18:46 → 79919429746 → tianziusdt → 精准🔥代🌹发🔥轰🌍炸 bs91m1
2022-05-25 08:19:34 → 918092132118 → usdthuihuan → 精准🔥代🌹发🔥轰🌍炸 bs91m1
2022-05-25 08:19:48 → 79919431787 → BtokCN_001 → 精准🔥代🌹发🔥轰🌍炸 bs91m1
2022-05-25 08:20:11 → 79919429746 → TGlianmeng002 → 精准🔥代🌹发🔥轰🌍炸 bs91m1
2022-05-25 08:20:18 → 79917730705 → dubai1199 → 精准🔥代🌹发🔥轰🌍炸 bs91m1
2022-05-25 08:20:50 → 79045541142 → weikang2020 → 精准🔥代🌹发🔥轰🌍炸 bs91m1
2022-05-25 08:21:30 → 918092132118 → BSC_ID_vip12 → 精准🔥代🌹发🔥轰🌍炸 bs91m1
2022-05-25 08:22:48 → 79045541142 → bs91m990 → 精准🔥代🌹发🔥轰🌍炸 bs91m1
2022-05-25 08:23:14 → 79917730705 → TG96110 → 可以添加多个广告词
2022-05-25 08:23:35 → 918092132118 → tiktokyinfen → 可以添加多个广告词
2022-05-25 08:23:48 → 79917730705 → USDTm → 可以添加多个广告词
2022-05-25 08:23:55 → 918092132118 → NodeGlobal → 精准🔥代🌹发🔥轰🌍炸 bs91m1
2022-05-25 08:24:08 → 79045541142 → TG_88888 → 精准🔥代🌹发🔥轰🌍炸 bs91m1
2022-05-25 08:24:18 → 79045541142 → yuantoushuju4 → 精准🔥代🌹发🔥轰🌍炸 bs91m1
2022-05-25 08:24:26 → 79919429746 → az123818 → 可以添加多个广告词
2022-05-25 08:24:40 → 79919431787 → AsunaHentai → 精准🔥代🌹发🔥轰🌍炸 bs91m1
2022-05-25 08:25:29 → 79917730705 → x00008 → 可以添加多个广告词
2022-05-25 08:25:45 → 918092132118 → xingxingpiaohao1 → 可以添加多个广告词
2022-05-25 08:26:07 → 917061771362 → usdtdfds → 精准🔥代🌹发🔥轰🌍炸 bs91m1
2022-05-25 08:26:56 → 918092132118 → qunfalaren2 → 可以添加多个广告词
2022-05-25 08:27:19 → 79919429746 → TG0799 → 精准🔥代🌹发🔥轰🌍炸 bs91m1
2022-05-25 08:28:17 → 79917730705 → sdjsafhsudij → 可以添加多个广告词
2022-05-25 08:28:30 → 917061771362 → ws888818svipbot1 → 可以添加多个广告词
2022-05-25 08:28:46 → 79045541142 → TGlianmeng002 → 可以添加多个广告词
2022-05-25 08:29:14 → 79919431787 → zizi55665665 → 可以添加多个广告词
2022-05-25 08:29:43 → 79919431787 → mangguohaxivip1 → 可以添加多个广告词
2022-05-25 08:30:01 → 918092132118 → xjltq → 精准🔥代🌹发🔥轰🌍炸 bs91m1
2022-05-25 08:30:31 → 918092132118 → USDThuzhu3 → 精准🔥代🌹发🔥轰🌍炸 bs91m1
2022-05-25 08:30:51 → 917061771362 → x00008 → 精准🔥代🌹发🔥轰🌍炸 bs91m1
2022-05-25 08:31:07 → 918092132118 → axujj → 可以添加多个广告词
2022-05-25 08:31:37 → 918092132118 → qianloon → 可以添加多个广告词
2022-05-25 08:32:05 → 917061771362 → mnl111 → 精准🔥代🌹发🔥轰🌍炸 bs91m1