
2022-06-10 00:00:51 → 62895324567778 → Hpy888 → 来（发 ）广告，联系 bs91m1
2022-06-10 00:02:41 → 60142963511 → seguiren → (session) 协议号，零售、批发 找，bs91m1
2022-06-10 00:03:40 → 601112672704 → jinsanjiaobc → 需要 软、件，找 bs91m1
2022-06-10 00:04:45 → 60142963511 → lbbet → 需要 软、件，找 bs91m1
2022-06-10 00:07:36 → 601112672704 → dunxin106 → 想要（发 ）广告，找 bs91m1
2022-06-10 00:08:41 → 601112672704 → zuqiushuju → 准备（发 ）广告，找 bs91m1
2022-06-10 00:10:33 → 62895324567778 → guojitongdaoduanxin → 需要 群、发软、件，找 bs91m1
2022-06-10 00:11:31 → 60142963511 → jiaoyouqun123 → 需要 群、发软、件，找 bs91m1
2022-06-10 00:12:38 → 62895324567778 → G88888880 → (session) 协议号，零售、批发 找，bs91m1
2022-06-10 00:14:29 → 601112672704 → fjhq000hz → 来（发 ）广告，联系 bs91m1
2022-06-10 00:16:26 → 60142963511 → cvv666money → 需要 群、发软、件，找 bs91m1
2022-06-10 00:18:23 → 62895324567778 → dream888 → (session) 协议号，零售、批发 找，bs91m1
2022-06-10 00:21:11 → 60142963511 → seguiren → 需要 软、件，找 bs91m1
2022-06-10 00:23:02 → 601112672704 → USDThuzhu3 → 想找人（ 发 ）广告，找 bs91m1
2022-06-10 00:25:02 → 601112672704 → MDhuaren1 → 专业（发 ）广告，联系我 bs91m1
2022-06-10 00:26:00 → 60142963511 → yhksijiantao11 → 需要 群、发软、件，找 bs91m1
2022-06-10 00:28:50 → 601112672704 → youxidaili → 准备（发 ）广告，找 bs91m1
2022-06-10 00:29:48 → 60142963511 → dsfdshhs → 要（发 ）广告，联系 bs91m1
2022-06-10 00:32:39 → 601112672704 → hnsdfhs155 → (session) 协议号，零售、批发 找，bs91m1
2022-06-10 00:34:33 → 60142963511 → jiaoyouqun123 → 来（发 ）广告，联系 bs91m1
2022-06-10 00:35:39 → 60142963511 → lbbet → 准备（发 ）广告，找 bs91m1
2022-06-10 00:36:37 → 601112672704 → srjlq → 要（发 ）广告，联系 bs91m1
2022-06-10 00:39:28 → 601112672704 → ziyuanduijie1 → 要（发 ）广告，联系 bs91m1
2022-06-10 00:43:17 → 60142963511 → phpzufang → 要（发 ）广告，联系 bs91m1
2022-06-10 00:45:08 → 62895324567778 → miaomiao12356 → (session) 协议号，零售、批发 找，bs91m1
2022-06-10 00:46:07 → 601112672704 → AG686 → 需要 软、件，找 bs91m1
2022-06-10 00:48:55 → 62895324567778 → dream888 → 专业（发 ）广告，联系我 bs91m1
2022-06-10 00:49:53 → 60142963511 → sirenweixin3 → 来（发 ）广告，联系 bs91m1
2022-06-10 00:50:59 → 62895324567778 → xd836809 → 来（发 ）广告，联系 bs91m1
2022-06-10 00:53:49 → 601112672704 → zuqiushuju → 需要 群、发软、件，找 bs91m1
2022-06-10 00:54:54 → 60142963511 → shujyinl → 来（发 ）广告，联系 bs91m1
2022-06-10 00:56:45 → 601112672704 → MDhuaren1 → 想找人（ 发 ）广告，找 bs91m1
2022-06-10 00:57:44 → 62895324567778 → joinBCPH → 想找人（ 发 ）广告，找 bs91m1
2022-06-10 00:59:49 → 62895324567778 → Hpy111 → 要（发 ）广告，联系 bs91m1
2022-06-10 01:01:40 → 601112672704 → fjhq000hz → 想找人（ 发 ）广告，找 bs91m1
2022-06-10 01:02:46 → 60142963511 → xianliaoq → (session) 协议号，零售、批发 找，bs91m1
2022-06-10 01:04:43 → 601112672704 → adasdasw → (session) 协议号，零售、批发 找，bs91m1
2022-06-10 01:06:41 → 62895324567778 → amjwg → 来（发 ）广告，联系 bs91m1
2022-06-10 01:07:39 → 60142963511 → yunqian68 → 专业（发 ）广告，联系我 bs91m1
2022-06-10 01:09:30 → 601112672704 → fv0015 → 想找人（ 发 ）广告，找 bs91m1
2022-06-10 01:11:27 → 601112672704 → dunxin106 → 要（发 ）广告，联系 bs91m1
2022-06-10 01:12:26 → 62895324567778 → phniuniu → 想找人（ 发 ）广告，找 bs91m1
2022-06-10 01:14:25 → 60142963511 → lbbet → 需要 群、发软、件，找 bs91m1
2022-06-10 01:15:24 → 62895324567778 → yinlianguoji → 需要 软、件，找 bs91m1
2022-06-10 01:17:14 → 601112672704 → buyusdtx → 专业（发 ）广告，联系我 bs91m1
2022-06-10 01:20:09 → 62895324567778 → dubai13148888 → 要（发 ）广告，联系 bs91m1
2022-06-10 01:21:08 → 60142963511 → shujyinl → 来（发 ）广告，联系 bs91m1
2022-06-10 01:22:14 → 60142963511 → sirenweixin3 → (session) 协议号，零售、批发 找，bs91m1
2022-06-10 01:26:03 → 60142963511 → xianliaoq → (session) 协议号，零售、批发 找，bs91m1
2022-06-10 01:28:48 → 601112672704 → srjlq → (session) 协议号，零售、批发 找，bs91m1
2022-06-10 01:29:53 → 601112672704 → youxidaili → 想找人（ 发 ）广告，找 bs91m1
2022-06-10 01:32:35 → 60142963511 → cvv666money → 需要 群、发，找 bs91m1
2022-06-10 01:35:29 → 60142963511 → phpzufang → 来（发 ）广告，联系 bs91m1
2022-06-10 01:40:09 → 601112672704 → hnsdfhs155 → 要（发 ）广告，联系 bs91m1
2022-06-10 01:42:05 → 601112672704 → jinsanjiaobc → 要（发 ）广告，联系 bs91m1
2022-06-10 01:43:58 → 60142963511 → jiaoyouqun123 → 要（发 ）广告，联系 bs91m1
2022-06-10 01:45:05 → 60142963511 → yhksijiantao11 → 来（发 ）广告，联系 bs91m1
2022-06-10 01:46:04 → 62895324567778 → guojitongdaoduanxin → 来（发 ）广告，联系 bs91m1
2022-06-10 01:47:53 → 601112672704 → USDThuzhu3 → 想找人（ 发 ）广告，找 bs91m1
2022-06-10 01:48:59 → 60142963511 → yunqian68 → 需要 群、发软、件，找 bs91m1
2022-06-10 01:53:39 → 60142963511 → dsfdshhs → 要（发 ）广告，联系 bs91m1
2022-06-10 01:54:38 → 62895324567778 → Hpy111 → 需要 软、件，找 bs91m1
2022-06-10 01:55:38 → 601112672704 → adasdasw → 需要 群、发软、件，找 bs91m1
2022-06-10 01:56:44 → 62895324567778 → dubai13148888 → 要（发 ）广告，联系 bs91m1
2022-06-10 01:59:32 → 60142963511 → YHK_security → (session) 协议号，零售、批发 找，bs91m1
2022-06-10 02:00:38 → 601112672704 → AG686 → 要（发 ）广告，联系 bs91m1
2022-06-10 02:02:28 → 60142963511 → seguiren → 要（发 ）广告，联系 bs91m1
2022-06-10 02:06:22 → 601112672704 → zuqiushuju → 专业（发 ）广告，联系我 bs91m1
2022-06-10 02:07:21 → 62895324567778 → phniuniu → 想要（发 ）广告，找 bs91m1
2022-06-10 02:09:21 → 62895324567778 → fgdfdfherh → 要（发 ）广告，联系 bs91m1
2022-06-10 02:11:10 → 601112672704 → jinsanjiaobc → 准备（发 ）广告，找 bs91m1
2022-06-10 02:12:18 → 60142963511 → phpzufang → (session) 协议号，零售、批发 找，bs91m1
2022-06-10 02:13:17 → 62895324567778 → joinBCPH → 要（发 ）广告，联系 bs91m1
2022-06-10 02:14:16 → 601112672704 → youxidaili → 来（发 ）广告，联系 bs91m1
2022-06-10 02:16:14 → 60142963511 → jiaoyouqun123 → 要（发 ）广告，联系 bs91m1
2022-06-10 02:17:13 → 62895324567778 → dream888 → 来（发 ）广告，联系 bs91m1
2022-06-10 02:19:02 → 601112672704 → srjlq → 要（发 ）广告，联系 bs91m1
2022-06-10 02:20:09 → 60142963511 → cvv666money → 需要 群、发，找 bs91m1
2022-06-10 02:21:59 → 62895324567778 → zgfCYJT → 来（发 ）广告，联系 bs91m1
2022-06-10 02:22:58 → 601112672704 → USDThuzhu3 → 要（发 ）广告，联系 bs91m1
2022-06-10 02:24:54 → 601112672704 → dunxin106 → 要（发 ）广告，联系 bs91m1
2022-06-10 02:26:47 → 60142963511 → seguiren → 需要 群、发软、件，找 bs91m1
2022-06-10 02:30:37 → 60142963511 → lbbet → 需要 群、发软、件，找 bs91m1
2022-06-10 02:32:36 → 60142963511 → shujyinl → 来（发 ）广告，联系 bs91m1
2022-06-10 02:33:34 → 601112672704 → fv0015 → 来（发 ）广告，联系 bs91m1
2022-06-10 02:37:21 → 601112672704 → buyusdtx → 想找人（ 发 ）广告，找 bs91m1
2022-06-10 02:40:12 → 601112672704 → fjhq000hz → (session) 协议号，零售、批发 找，bs91m1
2022-06-10 02:42:03 → 60142963511 → yhksijiantao11 → (session) 协议号，零售、批发 找，bs91m1
2022-06-10 02:44:03 → 601112672704 → hnsdfhs155 → 专业（发 ）广告，联系我 bs91m1
2022-06-10 02:45:53 → 60142963511 → dsfdshhs → (session) 协议号，零售、批发 找，bs91m1
2022-06-10 02:47:00 → 62895324567778 → xd836809 → 需要 软、件，找 bs91m1
2022-06-10 02:48:50 → 60142963511 → yunqian68 → 来（发 ）广告，联系 bs91m1
2022-06-10 02:49:49 → 601112672704 → ziyuanduijie1 → 专业（发 ）广告，联系我 bs91m1
2022-06-10 02:51:46 → 60142963511 → xianliaoq → 想找人（ 发 ）广告，找 bs91m1
2022-06-10 02:52:47 → 62895324567778 → Hpy888 → 需要 群、发软、件，找 bs91m1
2022-06-10 02:54:44 → 62895324567778 → joinBCPH → 想找人（ 发 ）广告，找 bs91m1
2022-06-10 02:56:41 → 601112672704 → adasdasw → 专业（发 ）广告，联系我 bs91m1
2022-06-10 03:00:29 → 62895324567778 → miaomiao12356 → 要（发 ）广告，联系 bs91m1
2022-06-10 03:01:28 → 601112672704 → fjhq000hz → 需要 群、发，找 bs91m1
2022-06-10 03:02:33 → 601112672704 → jinsanjiaobc → 要（发 ）广告，联系 bs91m1
2022-06-10 03:03:32 → 60142963511 → sirenweixin3 → 来（发 ）广告，联系 bs91m1
2022-06-10 03:04:31 → 62895324567778 → amjwg → 需要 软、件，找 bs91m1
2022-06-10 03:06:27 → 601112672704 → youxidaili → 需要 群、发，找 bs91m1
2022-06-10 03:09:10 → 62895324567778 → zgfCYJT → 来（发 ）广告，联系 bs91m1
2022-06-10 03:10:17 → 60142963511 → yhksijiantao11 → 专业（发 ）广告，联系我 bs91m1
2022-06-10 03:12:07 → 601112672704 → hnsdfhs155 → 专业（发 ）广告，联系我 bs91m1
2022-06-10 03:13:07 → 62895324567778 → phniuniu → 准备（发 ）广告，找 bs91m1
2022-06-10 03:14:13 → 62895324567778 → dream888 → 想找人（ 发 ）广告，找 bs91m1
2022-06-10 03:15:12 → 601112672704 → srjlq → 来（发 ）广告，联系 bs91m1
2022-06-10 03:17:02 → 60142963511 → xianliaoq → 想要（发 ）广告，找 bs91m1
2022-06-10 03:18:08 → 60142963511 → phpzufang → 需要 群、发，找 bs91m1
2022-06-10 03:19:07 → 601112672704 → AG686 → 来（发 ）广告，联系 bs91m1
2022-06-10 03:20:05 → 62895324567778 → dubai13148888 → 专业（发 ）广告，联系我 bs91m1
2022-06-10 03:22:58 → 60142963511 → shujyinl → 准备（发 ）广告，找 bs91m1
2022-06-10 03:23:57 → 601112672704 → USDThuzhu3 → 需要 群、发软、件，找 bs91m1
2022-06-10 03:28:35 → 60142963511 → lbbet → 想要（发 ）广告，找 bs91m1
2022-06-10 03:30:35 → 601112672704 → dunxin106 → 需要 群、发，找 bs91m1
2022-06-10 03:32:25 → 60142963511 → sirenweixin3 → 需要 软、件，找 bs91m1
2022-06-10 03:35:19 → 60142963511 → YHK_security → 专业（发 ）广告，联系我 bs91m1
2022-06-10 03:38:08 → 60142963511 → seguiren → (session) 协议号，零售、批发 找，bs91m1
2022-06-10 03:39:07 → 601112672704 → zuqiushuju → (session) 协议号，零售、批发 找，bs91m1
2022-06-10 03:42:02 → 60142963511 → cvv666money → 需要 群、发，找 bs91m1
2022-06-10 03:47:00 → 62895324567778 → Hpy111 → 需要 软、件，找 bs91m1
2022-06-10 03:49:54 → 601112672704 → fv0015 → (session) 协议号，零售、批发 找，bs91m1
2022-06-10 03:51:44 → 60142963511 → yunqian68 → 想要（发 ）广告，找 bs91m1
2022-06-10 03:54:34 → 62895324567778 → dream888 → 想要（发 ）广告，找 bs91m1
2022-06-10 03:58:32 → 60142963511 → jiaoyouqun123 → 需要 群、发软、件，找 bs91m1
2022-06-10 04:01:21 → 60142963511 → dsfdshhs → (session) 协议号，零售、批发 找，bs91m1
2022-06-10 04:02:22 → 62895324567778 → yinlianguoji → 需要 软、件，找 bs91m1
2022-06-10 04:03:20 → 601112672704 → ziyuanduijie1 → (session) 协议号，零售、批发 找，bs91m1
2022-06-10 04:04:24 → 601112672704 → fv0015 → 想要（发 ）广告，找 bs91m1
2022-06-10 04:06:15 → 62895324567778 → joinBCPH → 需要 群、发，找 bs91m1
2022-06-10 04:10:04 → 60142963511 → lbbet → 需要 群、发，找 bs91m1
2022-06-10 04:11:02 → 601112672704 → zuqiushuju → 想要（发 ）广告，找 bs91m1
2022-06-10 04:12:08 → 60142963511 → yunqian68 → 要（发 ）广告，联系 bs91m1
2022-06-10 04:13:59 → 62895324567778 → fgdfdfherh → 需要 群、发，找 bs91m1
2022-06-10 04:16:01 → 601112672704 → srjlq → 准备（发 ）广告，找 bs91m1
2022-06-10 04:17:00 → 62895324567778 → Hpy888 → 来（发 ）广告，联系 bs91m1
2022-06-10 04:17:59 → 60142963511 → phpzufang → 需要 群、发软、件，找 bs91m1
2022-06-10 04:19:57 → 60142963511 → sirenweixin3 → 想找人（ 发 ）广告，找 bs91m1
2022-06-10 04:21:47 → 601112672704 → buyusdtx → 想找人（ 发 ）广告，找 bs91m1
2022-06-10 04:22:46 → 62895324567778 → miaomiao12356 → 需要 群、发软、件，找 bs91m1
2022-06-10 04:23:51 → 62895324567778 → G88888880 → (session) 协议号，零售、批发 找，bs91m1
2022-06-10 04:24:49 → 601112672704 → AG686 → 需要 群、发软、件，找 bs91m1
2022-06-10 04:25:47 → 60142963511 → YHK_security → (session) 协议号，零售、批发 找，bs91m1
2022-06-10 04:31:34 → 601112672704 → hnsdfhs155 → 想找人（ 发 ）广告，找 bs91m1
2022-06-10 04:34:19 → 60142963511 → cvv666money → (session) 协议号，零售、批发 找，bs91m1
2022-06-10 04:35:24 → 601112672704 → USDThuzhu3 → 需要 群、发，找 bs91m1
2022-06-10 04:38:09 → 60142963511 → seguiren → 要（发 ）广告，联系 bs91m1
2022-06-10 04:39:14 → 601112672704 → dunxin106 → 想找人（ 发 ）广告，找 bs91m1
2022-06-10 04:41:05 → 60142963511 → shujyinl → 要（发 ）广告，联系 bs91m1
2022-06-10 04:45:01 → 601112672704 → adasdasw → 来（发 ）广告，联系 bs91m1
2022-06-10 04:46:59 → 601112672704 → jinsanjiaobc → 要（发 ）广告，联系 bs91m1
2022-06-10 04:47:58 → 60142963511 → dsfdshhs → 想找人（ 发 ）广告，找 bs91m1
2022-06-10 04:49:49 → 62895324567778 → phniuniu → 需要 群、发软、件，找 bs91m1
2022-06-10 04:50:55 → 62895324567778 → zgfCYJT → 需要 软、件，找 bs91m1
2022-06-10 04:51:52 → 60142963511 → xianliaoq → 准备（发 ）广告，找 bs91m1
2022-06-10 04:52:51 → 601112672704 → youxidaili → 专业（发 ）广告，联系我 bs91m1
2022-06-10 04:54:55 → 62895324567778 → xd836809 → 来（发 ）广告，联系 bs91m1
2022-06-10 04:57:38 → 60142963511 → jiaoyouqun123 → (session) 协议号，零售、批发 找，bs91m1
2022-06-10 05:01:23 → 60142963511 → yhksijiantao11 → 需要 群、发，找 bs91m1
2022-06-10 05:03:23 → 62895324567778 → joinBCPH → 需要 群、发软、件，找 bs91m1
2022-06-10 05:04:22 → 601112672704 → jinsanjiaobc → 需要 群、发软、件，找 bs91m1
2022-06-10 05:06:18 → 62895324567778 → Hpy111 → 想要（发 ）广告，找 bs91m1
2022-06-10 05:07:17 → 60142963511 → xianliaoq → 来（发 ）广告，联系 bs91m1
2022-06-10 05:09:07 → 601112672704 → srjlq → 想要（发 ）广告，找 bs91m1
2022-06-10 05:10:13 → 60142963511 → dsfdshhs → 来（发 ）广告，联系 bs91m1
2022-06-10 05:11:12 → 601112672704 → youxidaili → (session) 协议号，零售、批发 找，bs91m1
2022-06-10 05:13:02 → 62895324567778 → guojitongdaoduanxin → 来（发 ）广告，联系 bs91m1
2022-06-10 05:15:00 → 60142963511 → jiaoyouqun123 → 想找人（ 发 ）广告，找 bs91m1
2022-06-10 05:15:58 → 601112672704 → adasdasw → 需要 软、件，找 bs91m1
2022-06-10 05:16:57 → 62895324567778 → dubai13148888 → 需要 软、件，找 bs91m1
2022-06-10 05:23:44 → 62895324567778 → phniuniu → 需要 软、件，找 bs91m1
2022-06-10 05:24:43 → 60142963511 → yunqian68 → 需要 群、发软、件，找 bs91m1
2022-06-10 05:27:39 → 62895324567778 → dream888 → 来（发 ）广告，联系 bs91m1
2022-06-10 05:28:37 → 601112672704 → fjhq000hz → 想要（发 ）广告，找 bs91m1
2022-06-10 05:29:43 → 60142963511 → seguiren → 来（发 ）广告，联系 bs91m1
2022-06-10 05:30:41 → 601112672704 → zuqiushuju → 想要（发 ）广告，找 bs91m1
2022-06-10 05:33:32 → 60142963511 → phpzufang → (session) 协议号，零售、批发 找，bs91m1
2022-06-10 05:35:25 → 601112672704 → USDThuzhu3 → 要（发 ）广告，联系 bs91m1
2022-06-10 05:38:14 → 601112672704 → dunxin106 → 来（发 ）广告，联系 bs91m1
2022-06-10 05:39:12 → 60142963511 → yhksijiantao11 → 需要 软、件，找 bs91m1
2022-06-10 05:42:57 → 601112672704 → buyusdtx → 需要 群、发软、件，找 bs91m1
2022-06-10 05:43:56 → 60142963511 → cvv666money → (session) 协议号，零售、批发 找，bs91m1
2022-06-10 05:45:00 → 601112672704 → hnsdfhs155 → 需要 软、件，找 bs91m1
2022-06-10 05:48:50 → 60142963511 → lbbet → (session) 协议号，零售、批发 找，bs91m1
2022-06-10 05:51:42 → 601112672704 → fv0015 → 来（发 ）广告，联系 bs91m1
2022-06-10 05:53:46 → 62895324567778 → Philippines_visa → 想要（发 ）广告，找 bs91m1
2022-06-10 05:55:44 → 60142963511 → shujyinl → 想要（发 ）广告，找 bs91m1
2022-06-10 05:56:50 → 62895324567778 → miaomiao12356 → 想找人（ 发 ）广告，找 bs91m1
2022-06-10 05:58:40 → 60142963511 → sirenweixin3 → 专业（发 ）广告，联系我 bs91m1
2022-06-10 06:02:21 → 62895324567778 → Hpy888 → 需要 软、件，找 bs91m1
2022-06-10 06:03:19 → 601112672704 → ziyuanduijie1 → 要（发 ）广告，联系 bs91m1
2022-06-10 06:04:25 → 62895324567778 → zgfCYJT → 需要 群、发软、件，找 bs91m1
2022-06-10 06:06:17 → 60142963511 → shujyinl → 来（发 ）广告，联系 bs91m1
2022-06-10 06:08:20 → 601112672704 → USDThuzhu3 → 要（发 ）广告，联系 bs91m1
2022-06-10 06:12:08 → 60142963511 → xianliaoq → 想找人（ 发 ）广告，找 bs91m1
2022-06-10 06:14:53 → 601112672704 → srjlq → 专业（发 ）广告，联系我 bs91m1
2022-06-10 06:16:00 → 62895324567778 → zgfCYJT → 想找人（ 发 ）广告，找 bs91m1
2022-06-10 06:16:57 → 601112672704 → hnsdfhs155 → 来（发 ）广告，联系 bs91m1
2022-06-10 06:18:48 → 60142963511 → yunqian68 → 想要（发 ）广告，找 bs91m1
2022-06-10 06:20:46 → 60142963511 → jiaoyouqun123 → 来（发 ）广告，联系 bs91m1
2022-06-10 06:21:44 → 601112672704 → jinsanjiaobc → 要（发 ）广告，联系 bs91m1
2022-06-10 06:22:43 → 62895324567778 → guojitongdaoduanxin → (session) 协议号，零售、批发 找，bs91m1
2022-06-10 06:23:48 → 601112672704 → fv0015 → 需要 软、件，找 bs91m1
2022-06-10 06:25:39 → 60142963511 → sirenweixin3 → (session) 协议号，零售、批发 找，bs91m1
2022-06-10 06:26:40 → 62895324567778 → amjwg → 需要 软、件，找 bs91m1
2022-06-10 06:27:46 → 60142963511 → YHK_security → 要（发 ）广告，联系 bs91m1
2022-06-10 06:29:43 → 601112672704 → dunxin106 → 专业（发 ）广告，联系我 bs91m1
2022-06-10 06:31:42 → 62895324567778 → fgdfdfherh → 需要 群、发软、件，找 bs91m1
2022-06-10 06:32:41 → 60142963511 → dsfdshhs → 需要 群、发，找 bs91m1
2022-06-10 06:34:32 → 601112672704 → youxidaili → 需要 群、发，找 bs91m1
2022-06-10 06:35:37 → 601112672704 → adasdasw → 准备（发 ）广告，找 bs91m1
2022-06-10 06:39:28 → 60142963511 → yhksijiantao11 → 想要（发 ）广告，找 bs91m1
2022-06-10 06:43:17 → 601112672704 → AG686 → 要（发 ）广告，联系 bs91m1
2022-06-10 06:46:02 → 60142963511 → lbbet → 专业（发 ）广告，联系我 bs91m1
2022-06-10 06:47:08 → 601112672704 → zuqiushuju → 要（发 ）广告，联系 bs91m1
2022-06-10 06:49:00 → 60142963511 → seguiren → 需要 软、件，找 bs91m1
2022-06-10 06:51:50 → 62895324567778 → dream888 → 需要 软、件，找 bs91m1
2022-06-10 06:52:48 → 60142963511 → phpzufang → 要（发 ）广告，联系 bs91m1
2022-06-10 06:53:46 → 601112672704 → fjhq000hz → (session) 协议号，零售、批发 找，bs91m1
2022-06-10 06:55:43 → 62895324567778 → dubai13148888 → 要（发 ）广告，联系 bs91m1
2022-06-10 06:56:42 → 60142963511 → cvv666money → 专业（发 ）广告，联系我 bs91m1
2022-06-10 06:57:41 → 601112672704 → buyusdtx → 要（发 ）广告，联系 bs91m1
2022-06-10 06:58:47 → 62895324567778 → Philippines_visa → 要（发 ）广告，联系 bs91m1
2022-06-10 07:03:22 → 62895324567778 → yinlianguoji → 来（发 ）广告，联系 bs91m1
2022-06-10 07:04:23 → 60142963511 → xianliaoq → 专业（发 ）广告，联系我 bs91m1
2022-06-10 07:06:24 → 62895324567778 → xd836809 → 需要 群、发，找 bs91m1
2022-06-10 07:08:15 → 60142963511 → shujyinl → 专业（发 ）广告，联系我 bs91m1
2022-06-10 07:10:15 → 60142963511 → seguiren → 来（发 ）广告，联系 bs91m1
2022-06-10 07:11:14 → 62895324567778 → miaomiao12356 → 来（发 ）广告，联系 bs91m1
2022-06-10 07:13:04 → 601112672704 → jinsanjiaobc → 专业（发 ）广告，联系我 bs91m1
2022-06-10 07:14:11 → 62895324567778 → joinBCPH → 需要 软、件，找 bs91m1
2022-06-10 07:16:01 → 60142963511 → jiaoyouqun123 → 要（发 ）广告，联系 bs91m1
2022-06-10 07:16:59 → 601112672704 → dunxin106 → 专业（发 ）广告，联系我 bs91m1
2022-06-10 07:18:05 → 60142963511 → cvv666money → 需要 软、件，找 bs91m1
2022-06-10 07:21:49 → 62895324567778 → phniuniu → 准备（发 ）广告，找 bs91m1
2022-06-10 07:22:48 → 60142963511 → yhksijiantao11 → 需要 群、发，找 bs91m1
2022-06-10 07:23:46 → 601112672704 → USDThuzhu3 → 需要 群、发软、件，找 bs91m1
2022-06-10 07:26:38 → 62895324567778 → dubai13148888 → 需要 群、发软、件，找 bs91m1
2022-06-10 07:28:31 → 601112672704 → youxidaili → 来（发 ）广告，联系 bs91m1
2022-06-10 07:29:35 → 60142963511 → dsfdshhs → 要（发 ）广告，联系 bs91m1
2022-06-10 07:30:34 → 62895324567778 → amjwg → 需要 软、件，找 bs91m1
2022-06-10 07:33:30 → 601112672704 → hnsdfhs155 → 需要 软、件，找 bs91m1
2022-06-10 07:37:18 → 601112672704 → srjlq → 需要 群、发，找 bs91m1
2022-06-10 07:39:11 → 60142963511 → phpzufang → 要（发 ）广告，联系 bs91m1
2022-06-10 07:42:00 → 601112672704 → ziyuanduijie1 → 想要（发 ）广告，找 bs91m1
2022-06-10 07:42:58 → 60142963511 → lbbet → 来（发 ）广告，联系 bs91m1
2022-06-10 07:44:57 → 60142963511 → yunqian68 → 要（发 ）广告，联系 bs91m1
2022-06-10 07:45:55 → 601112672704 → fv0015 → (session) 协议号，零售、批发 找，bs91m1
2022-06-10 07:50:38 → 601112672704 → zuqiushuju → 想要（发 ）广告，找 bs91m1
2022-06-10 07:52:52 → 62895324567778 → Hpy111 → 需要 软、件，找 bs91m1
2022-06-10 07:53:50 → 60142963511 → YHK_security → 想要（发 ）广告，找 bs91m1
2022-06-10 07:54:48 → 601112672704 → adasdasw → 来（发 ）广告，联系 bs91m1
2022-06-10 07:56:46 → 62895324567778 → zgfCYJT → 来（发 ）广告，联系 bs91m1
2022-06-10 07:58:36 → 601112672704 → fjhq000hz → 来（发 ）广告，联系 bs91m1
2022-06-10 08:02:18 → 62895324567778 → yinlianguoji → 来（发 ）广告，联系 bs91m1
2022-06-10 08:03:17 → 60142963511 → dsfdshhs → 准备（发 ）广告，找 bs91m1
2022-06-10 08:06:14 → 60142963511 → YHK_security → (session) 协议号，零售、批发 找，bs91m1
2022-06-10 08:07:14 → 601112672704 → fv0015 → 来（发 ）广告，联系 bs91m1
2022-06-10 08:10:06 → 62895324567778 → fgdfdfherh → (session) 协议号，零售、批发 找，bs91m1
2022-06-10 08:11:04 → 60142963511 → lbbet → 来（发 ）广告，联系 bs91m1
2022-06-10 08:12:09 → 60142963511 → shujyinl → 需要 群、发，找 bs91m1
2022-06-10 08:13:08 → 601112672704 → adasdasw → 需要 群、发，找 bs91m1
2022-06-10 08:14:58 → 62895324567778 → Philippines_visa → 来（发 ）广告，联系 bs91m1
2022-06-10 08:16:03 → 60142963511 → seguiren → 专业（发 ）广告，联系我 bs91m1
2022-06-10 08:18:52 → 601112672704 → dunxin106 → 来（发 ）广告，联系 bs91m1
2022-06-10 08:20:51 → 60142963511 → jiaoyouqun123 → 专业（发 ）广告，联系我 bs91m1
2022-06-10 08:23:48 → 601112672704 → zuqiushuju → 专业（发 ）广告，联系我 bs91m1
2022-06-10 08:25:39 → 60142963511 → xianliaoq → 要（发 ）广告，联系 bs91m1
2022-06-10 08:26:39 → 62895324567778 → dream888 → (session) 协议号，零售、批发 找，bs91m1
2022-06-10 08:27:44 → 601112672704 → srjlq → 想要（发 ）广告，找 bs91m1
2022-06-10 08:30:27 → 60142963511 → cvv666money → 需要 群、发软、件，找 bs91m1
2022-06-10 08:33:24 → 62895324567778 → dubai13148888 → 来（发 ）广告，联系 bs91m1
2022-06-10 08:35:24 → 601112672704 → youxidaili → 需要 群、发，找 bs91m1
2022-06-10 08:40:04 → 601112672704 → AG686 → 准备（发 ）广告，找 bs91m1
2022-06-10 08:41:02 → 60142963511 → yhksijiantao11 → 准备（发 ）广告，找 bs91m1
2022-06-10 08:43:02 → 601112672704 → USDThuzhu3 → 想要（发 ）广告，找 bs91m1
2022-06-10 08:44:53 → 60142963511 → phpzufang → 需要 群、发软、件，找 bs91m1
2022-06-10 08:47:47 → 60142963511 → yunqian68 → (session) 协议号，零售、批发 找，bs91m1
2022-06-10 08:49:37 → 601112672704 → buyusdtx → 需要 群、发软、件，找 bs91m1
2022-06-10 08:52:29 → 60142963511 → sirenweixin3 → 要（发 ）广告，联系 bs91m1
2022-06-10 08:53:27 → 601112672704 → fjhq000hz → 需要 群、发，找 bs91m1
2022-06-10 08:56:17 → 62895324567778 → Hpy888 → 需要 群、发，找 bs91m1
2022-06-10 08:57:16 → 601112672704 → jinsanjiaobc → 要（发 ）广告，联系 bs91m1
2022-06-10 08:58:21 → 62895324567778 → xd836809 → 要（发 ）广告，联系 bs91m1
2022-06-10 08:59:21 → 60142963511 → dsfdshhs → 专业（发 ）广告，联系我 bs91m1
2022-06-10 09:01:12 → 601112672704 → hnsdfhs155 → 需要 群、发软、件，找 bs91m1
2022-06-10 09:02:17 → 60142963511 → cvv666money → 想找人（ 发 ）广告，找 bs91m1
2022-06-10 09:06:05 → 60142963511 → phpzufang → 想找人（ 发 ）广告，找 bs91m1
2022-06-10 09:08:55 → 601112672704 → youxidaili → 想找人（ 发 ）广告，找 bs91m1
2022-06-10 09:10:01 → 62895324567778 → dream888 → (session) 协议号，零售、批发 找，bs91m1
2022-06-10 09:10:59 → 60142963511 → seguiren → 想要（发 ）广告，找 bs91m1
2022-06-10 09:13:55 → 62895324567778 → zgfCYJT → 想要（发 ）广告，找 bs91m1
2022-06-10 09:14:54 → 60142963511 → shujyinl → 要（发 ）广告，联系 bs91m1
2022-06-10 09:16:45 → 601112672704 → adasdasw → (session) 协议号，零售、批发 找，bs91m1
2022-06-10 09:17:50 → 60142963511 → jiaoyouqun123 → 来（发 ）广告，联系 bs91m1
2022-06-10 09:18:50 → 62895324567778 → Philippines_visa → 想找人（ 发 ）广告，找 bs91m1
2022-06-10 09:19:48 → 601112672704 → dunxin106 → (session) 协议号，零售、批发 找，bs91m1
2022-06-10 09:21:46 → 60142963511 → yunqian68 → 想要（发 ）广告，找 bs91m1
2022-06-10 09:22:46 → 62895324567778 → phniuniu → 需要 软、件，找 bs91m1
2022-06-10 09:23:45 → 601112672704 → zuqiushuju → 想找人（ 发 ）广告，找 bs91m1
2022-06-10 09:27:40 → 601112672704 → hnsdfhs155 → 需要 群、发，找 bs91m1
2022-06-10 09:31:27 → 62895324567778 → Hpy111 → (session) 协议号，零售、批发 找，bs91m1
2022-06-10 09:38:04 → 60142963511 → lbbet → 来（发 ）广告，联系 bs91m1
2022-06-10 09:39:02 → 601112672704 → fv0015 → 想找人（ 发 ）广告，找 bs91m1
2022-06-10 09:41:00 → 60142963511 → sirenweixin3 → 需要 群、发，找 bs91m1
2022-06-10 09:43:45 → 601112672704 → srjlq → 准备（发 ）广告，找 bs91m1
2022-06-10 09:44:49 → 60142963511 → xianliaoq → 来（发 ）广告，联系 bs91m1
2022-06-10 09:47:33 → 601112672704 → jinsanjiaobc → 准备（发 ）广告，找 bs91m1
2022-06-10 09:48:38 → 601112672704 → AG686 → (session) 协议号，零售、批发 找，bs91m1
2022-06-10 09:51:22 → 60142963511 → yhksijiantao11 → 需要 软、件，找 bs91m1
2022-06-10 09:54:13 → 601112672704 → ziyuanduijie1 → 需要 群、发，找 bs91m1
2022-06-10 09:56:12 → 60142963511 → sirenweixin3 → (session) 协议号，零售、批发 找，bs91m1
2022-06-10 09:57:10 → 601112672704 → fjhq000hz → 需要 群、发软、件，找 bs91m1
2022-06-10 09:58:09 → 62895324567778 → Hpy888 → 来（发 ）广告，联系 bs91m1
2022-06-10 10:00:07 → 601112672704 → USDThuzhu3 → 想要（发 ）广告，找 bs91m1
2022-06-10 10:01:08 → 62895324567778 → amjwg → 专业（发 ）广告，联系我 bs91m1
2022-06-10 10:02:06 → 60142963511 → lbbet → 需要 群、发软、件，找 bs91m1
2022-06-10 10:04:53 → 60142963511 → dsfdshhs → 来（发 ）广告，联系 bs91m1
2022-06-10 10:05:53 → 62895324567778 → dream888 → 来（发 ）广告，联系 bs91m1
2022-06-10 10:07:51 → 601112672704 → srjlq → 来（发 ）广告，联系 bs91m1
2022-06-10 10:08:51 → 62895324567778 → G88888880 → 来（发 ）广告，联系 bs91m1
2022-06-10 10:10:42 → 60142963511 → xianliaoq → 准备（发 ）广告，找 bs91m1
2022-06-10 10:15:42 → 62895324567778 → xd836809 → 准备（发 ）广告，找 bs91m1
2022-06-10 10:18:26 → 60142963511 → phpzufang → 需要 群、发，找 bs91m1
2022-06-10 10:19:31 → 62895324567778 → guojitongdaoduanxin → 需要 群、发软、件，找 bs91m1
2022-06-10 10:20:29 → 601112672704 → youxidaili → 想找人（ 发 ）广告，找 bs91m1
2022-06-10 10:21:29 → 60142963511 → yhksijiantao11 → 专业（发 ）广告，联系我 bs91m1
2022-06-10 10:23:26 → 62895324567778 → Philippines_visa → 专业（发 ）广告，联系我 bs91m1
2022-06-10 10:27:17 → 60142963511 → shujyinl → 需要 软、件，找 bs91m1
2022-06-10 10:28:16 → 62895324567778 → zgfCYJT → (session) 协议号，零售、批发 找，bs91m1
2022-06-10 10:31:08 → 60142963511 → jiaoyouqun123 → 想找人（ 发 ）广告，找 bs91m1
2022-06-10 10:32:06 → 601112672704 → zuqiushuju → 需要 软、件，找 bs91m1
2022-06-10 10:33:05 → 62895324567778 → miaomiao12356 → 来（发 ）广告，联系 bs91m1
2022-06-10 10:36:48 → 601112672704 → fv0015 → 要（发 ）广告，联系 bs91m1
2022-06-10 10:38:53 → 60142963511 → yunqian68 → 准备（发 ）广告，找 bs91m1
2022-06-10 10:40:43 → 601112672704 → adasdasw → (session) 协议号，零售、批发 找，bs91m1
2022-06-10 10:42:43 → 60142963511 → seguiren → 准备（发 ）广告，找 bs91m1
2022-06-10 10:44:35 → 601112672704 → fjhq000hz → 需要 软、件，找 bs91m1
2022-06-10 10:48:16 → 60142963511 → cvv666money → (session) 协议号，零售、批发 找，bs91m1
2022-06-10 10:49:14 → 601112672704 → USDThuzhu3 → 准备（发 ）广告，找 bs91m1
2022-06-10 10:52:07 → 601112672704 → dunxin106 → 专业（发 ）广告，联系我 bs91m1
2022-06-10 10:56:48 → 601112672704 → buyusdtx → 想找人（ 发 ）广告，找 bs91m1
2022-06-10 10:58:10 → 62895324567778 → xd836809 → 专业（发 ）广告，联系我 bs91m1
2022-06-10 10:59:08 → 601112672704 → jinsanjiaobc → 需要 群、发软、件，找 bs91m1
2022-06-10 11:00:06 → 60142963511 → sirenweixin3 → 需要 群、发软、件，找 bs91m1
2022-06-10 11:02:03 → 62895324567778 → zgfCYJT → 需要 群、发，找 bs91m1
2022-06-10 11:03:52 → 601112672704 → hnsdfhs155 → 来（发 ）广告，联系 bs91m1
2022-06-10 11:07:40 → 62895324567778 → yinlianguoji → 需要 群、发软、件，找 bs91m1
2022-06-10 11:08:39 → 60142963511 → seguiren → 来（发 ）广告，联系 bs91m1
2022-06-10 11:09:44 → 601112672704 → fv0015 → 想要（发 ）广告，找 bs91m1
2022-06-10 11:10:43 → 60142963511 → YHK_security → 需要 软、件，找 bs91m1
2022-06-10 11:12:34 → 62895324567778 → Hpy888 → 需要 群、发软、件，找 bs91m1
2022-06-10 11:13:39 → 60142963511 → cvv666money → 需要 群、发软、件，找 bs91m1
2022-06-10 11:14:37 → 62895324567778 → dubai13148888 → 需要 软、件，找 bs91m1
2022-06-10 11:15:36 → 601112672704 → ziyuanduijie1 → 需要 软、件，找 bs91m1
2022-06-10 11:17:33 → 601112672704 → zuqiushuju → 需要 软、件，找 bs91m1
2022-06-10 11:18:32 → 60142963511 → phpzufang → (session) 协议号，零售、批发 找，bs91m1
2022-06-10 11:20:22 → 62895324567778 → miaomiao12356 → 准备（发 ）广告，找 bs91m1
2022-06-10 11:22:20 → 62895324567778 → amjwg → 要（发 ）广告，联系 bs91m1
2022-06-10 11:23:18 → 60142963511 → dsfdshhs → 需要 群、发，找 bs91m1
2022-06-10 11:24:16 → 601112672704 → srjlq → 需要 群、发，找 bs91m1
2022-06-10 11:25:21 → 60142963511 → shujyinl → 需要 群、发软、件，找 bs91m1
2022-06-10 11:27:19 → 62895324567778 → Philippines_visa → 专业（发 ）广告，联系我 bs91m1
2022-06-10 11:29:17 → 62895324567778 → G88888880 → 想要（发 ）广告，找 bs91m1
2022-06-10 11:30:16 → 60142963511 → jiaoyouqun123 → 需要 软、件，找 bs91m1
2022-06-10 11:32:05 → 601112672704 → dunxin106 → (session) 协议号，零售、批发 找，bs91m1
2022-06-10 11:34:03 → 601112672704 → USDThuzhu3 → (session) 协议号，零售、批发 找，bs91m1
2022-06-10 11:35:02 → 60142963511 → xianliaoq → 需要 软、件，找 bs91m1
2022-06-10 11:36:00 → 62895324567778 → Hpy111 → 需要 软、件，找 bs91m1
2022-06-10 11:38:51 → 60142963511 → lbbet → 想要（发 ）广告，找 bs91m1
2022-06-10 11:39:48 → 601112672704 → youxidaili → 来（发 ）广告，联系 bs91m1
2022-06-10 11:41:47 → 60142963511 → yhksijiantao11 → 需要 群、发，找 bs91m1
2022-06-10 11:45:31 → 60142963511 → yunqian68 → (session) 协议号，零售、批发 找，bs91m1
2022-06-10 11:46:29 → 601112672704 → jinsanjiaobc → 需要 群、发，找 bs91m1
2022-06-10 11:50:11 → 601112672704 → AG686 → 需要 群、发，找 bs91m1
2022-06-10 11:53:58 → 60142963511 → dsfdshhs → 需要 群、发软、件，找 bs91m1
2022-06-10 11:54:56 → 601112672704 → hnsdfhs155 → 准备（发 ）广告，找 bs91m1
2022-06-10 11:59:38 → 60142963511 → YHK_security → 想要（发 ）广告，找 bs91m1
2022-06-10 12:00:38 → 62895324567778 → yinlianguoji → 专业（发 ）广告，联系我 bs91m1
2022-06-10 12:02:27 → 601112672704 → adasdasw → 准备（发 ）广告，找 bs91m1
2022-06-10 12:03:32 → 601112672704 → fjhq000hz → 需要 软、件，找 bs91m1
2022-06-10 12:04:31 → 60142963511 → yhksijiantao11 → 需要 群、发软、件，找 bs91m1
2022-06-10 12:05:28 → 62895324567778 → G88888880 → 想找人（ 发 ）广告，找 bs91m1
2022-06-10 12:07:25 → 60142963511 → shujyinl → 需要 群、发软、件，找 bs91m1
2022-06-10 12:10:07 → 62895324567778 → zgfCYJT → 来（发 ）广告，联系 bs91m1
2022-06-10 12:11:13 → 601112672704 → fjhq000hz → 专业（发 ）广告，联系我 bs91m1
2022-06-10 12:12:12 → 60142963511 → seguiren → 专业（发 ）广告，联系我 bs91m1
2022-06-10 12:14:02 → 62895324567778 → dream888 → 要（发 ）广告，联系 bs91m1
2022-06-10 12:16:00 → 62895324567778 → miaomiao12356 → 想要（发 ）广告，找 bs91m1
2022-06-10 12:17:53 → 60142963511 → phpzufang → 专业（发 ）广告，联系我 bs91m1
2022-06-10 12:18:58 → 601112672704 → srjlq → 来（发 ）广告，联系 bs91m1
2022-06-10 12:20:49 → 60142963511 → yunqian68 → 专业（发 ）广告，联系我 bs91m1
2022-06-10 12:24:43 → 62895324567778 → xd836809 → 来（发 ）广告，联系 bs91m1
2022-06-10 12:25:42 → 60142963511 → lbbet → 需要 群、发，找 bs91m1
2022-06-10 12:27:37 → 601112672704 → ziyuanduijie1 → 来（发 ）广告，联系 bs91m1
2022-06-10 12:28:36 → 60142963511 → cvv666money → 需要 群、发，找 bs91m1
2022-06-10 12:32:30 → 601112672704 → zuqiushuju → 需要 群、发软、件，找 bs91m1
2022-06-10 12:33:31 → 62895324567778 → phniuniu → 来（发 ）广告，联系 bs91m1
2022-06-10 12:35:34 → 601112672704 → buyusdtx → 专业（发 ）广告，联系我 bs91m1
2022-06-10 12:36:33 → 62895324567778 → joinBCPH → 要（发 ）广告，联系 bs91m1
2022-06-10 12:38:30 → 60142963511 → xianliaoq → 要（发 ）广告，联系 bs91m1
2022-06-10 12:43:09 → 601112672704 → jinsanjiaobc → 需要 软、件，找 bs91m1
2022-06-10 12:44:08 → 60142963511 → jiaoyouqun123 → 来（发 ）广告，联系 bs91m1
2022-06-10 12:46:57 → 601112672704 → fv0015 → 需要 群、发，找 bs91m1
2022-06-10 12:49:48 → 601112672704 → USDThuzhu3 → 需要 群、发软、件，找 bs91m1
2022-06-10 12:52:34 → 60142963511 → lbbet → 想找人（ 发 ）广告，找 bs91m1
2022-06-10 12:55:26 → 60142963511 → sirenweixin3 → 专业（发 ）广告，联系我 bs91m1
2022-06-10 12:56:24 → 601112672704 → dunxin106 → 专业（发 ）广告，联系我 bs91m1
2022-06-10 12:58:21 → 601112672704 → youxidaili → 专业（发 ）广告，联系我 bs91m1
2022-06-10 13:00:14 → 60142963511 → cvv666money → (session) 协议号，零售、批发 找，bs91m1
2022-06-10 13:01:18 → 601112672704 → adasdasw → 来（发 ）广告，联系 bs91m1
2022-06-10 13:02:17 → 60142963511 → phpzufang → 来（发 ）广告，联系 bs91m1
2022-06-10 13:04:07 → 62895324567778 → Hpy111 → 需要 软、件，找 bs91m1
2022-06-10 13:06:03 → 601112672704 → hnsdfhs155 → 要（发 ）广告，联系 bs91m1
2022-06-10 13:08:58 → 60142963511 → shujyinl → 来（发 ）广告，联系 bs91m1
2022-06-10 13:11:41 → 62895324567778 → amjwg → 要（发 ）广告，联系 bs91m1
2022-06-10 13:12:45 → 62895324567778 → guojitongdaoduanxin → 来（发 ）广告，联系 bs91m1
2022-06-10 13:13:44 → 601112672704 → youxidaili → 需要 群、发软、件，找 bs91m1
2022-06-10 13:15:35 → 60142963511 → seguiren → (session) 协议号，零售、批发 找，bs91m1
2022-06-10 13:16:41 → 60142963511 → dsfdshhs → (session) 协议号，零售、批发 找，bs91m1
2022-06-10 13:18:31 → 601112672704 → dunxin106 → 准备（发 ）广告，找 bs91m1
2022-06-10 13:21:22 → 601112672704 → hnsdfhs155 → 想找人（ 发 ）广告，找 bs91m1
2022-06-10 13:22:22 → 60142963511 → jiaoyouqun123 → 来（发 ）广告，联系 bs91m1
2022-06-10 13:23:20 → 62895324567778 → dubai13148888 → 需要 群、发软、件，找 bs91m1
2022-06-10 13:25:19 → 601112672704 → jinsanjiaobc → (session) 协议号，零售、批发 找，bs91m1
2022-06-10 13:27:10 → 62895324567778 → fgdfdfherh → 想找人（ 发 ）广告，找 bs91m1
2022-06-10 13:29:10 → 62895324567778 → yinlianguoji → 要（发 ）广告，联系 bs91m1
2022-06-10 13:31:00 → 60142963511 → yhksijiantao11 → 来（发 ）广告，联系 bs91m1
2022-06-10 13:33:56 → 60142963511 → yunqian68 → (session) 协议号，零售、批发 找，bs91m1
2022-06-10 13:34:56 → 62895324567778 → G88888880 → 要（发 ）广告，联系 bs91m1
2022-06-10 13:36:54 → 62895324567778 → miaomiao12356 → (session) 协议号，零售、批发 找，bs91m1
2022-06-10 13:37:52 → 601112672704 → buyusdtx → (session) 协议号，零售、批发 找，bs91m1
2022-06-10 13:38:50 → 60142963511 → YHK_security → (session) 协议号，零售、批发 找，bs91m1
2022-06-10 13:39:55 → 601112672704 → zuqiushuju → 想找人（ 发 ）广告，找 bs91m1
2022-06-10 13:40:55 → 60142963511 → xianliaoq → 来（发 ）广告，联系 bs91m1
2022-06-10 13:43:51 → 62895324567778 → zgfCYJT → 要（发 ）广告，联系 bs91m1
2022-06-10 13:44:49 → 601112672704 → adasdasw → 想找人（ 发 ）广告，找 bs91m1
2022-06-10 13:49:23 → 601112672704 → fv0015 → 准备（发 ）广告，找 bs91m1
2022-06-10 13:52:17 → 601112672704 → AG686 → (session) 协议号，零售、批发 找，bs91m1
2022-06-10 13:53:16 → 60142963511 → lbbet → 需要 群、发软、件，找 bs91m1
2022-06-10 13:55:13 → 60142963511 → shujyinl → 专业（发 ）广告，联系我 bs91m1
2022-06-10 13:57:05 → 601112672704 → ziyuanduijie1 → 专业（发 ）广告，联系我 bs91m1
2022-06-10 13:59:02 → 60142963511 → phpzufang → 需要 软、件，找 bs91m1
2022-06-10 14:00:51 → 601112672704 → fjhq000hz → 来（发 ）广告，联系 bs91m1
2022-06-10 14:02:50 → 601112672704 → USDThuzhu3 → 要（发 ）广告，联系 bs91m1
2022-06-10 14:03:48 → 60142963511 → yhksijiantao11 → 需要 群、发，找 bs91m1
2022-06-10 14:04:47 → 62895324567778 → joinBCPH → 准备（发 ）广告，找 bs91m1
2022-06-10 14:06:43 → 601112672704 → srjlq → 来（发 ）广告，联系 bs91m1
2022-06-10 14:07:42 → 60142963511 → cvv666money → 要（发 ）广告，联系 bs91m1
2022-06-10 14:08:40 → 62895324567778 → dream888 → 来（发 ）广告，联系 bs91m1
2022-06-10 14:11:28 → 62895324567778 → Hpy111 → (session) 协议号，零售、批发 找，bs91m1
2022-06-10 14:12:27 → 60142963511 → seguiren → (session) 协议号，零售、批发 找，bs91m1
2022-06-10 14:16:09 → 601112672704 → srjlq → 专业（发 ）广告，联系我 bs91m1
2022-06-10 14:18:14 → 60142963511 → xianliaoq → 需要 软、件，找 bs91m1
2022-06-10 14:20:04 → 601112672704 → dunxin106 → 来（发 ）广告，联系 bs91m1
2022-06-10 14:21:03 → 62895324567778 → G88888880 → 来（发 ）广告，联系 bs91m1
2022-06-10 14:22:09 → 60142963511 → jiaoyouqun123 → (session) 协议号，零售、批发 找，bs91m1
2022-06-10 14:23:08 → 62895324567778 → amjwg → 需要 群、发，找 bs91m1
2022-06-10 14:24:58 → 601112672704 → youxidaili → 需要 群、发，找 bs91m1
2022-06-10 14:26:04 → 60142963511 → yunqian68 → 想找人（ 发 ）广告，找 bs91m1
2022-06-10 14:27:53 → 601112672704 → jinsanjiaobc → 要（发 ）广告，联系 bs91m1
2022-06-10 14:28:52 → 62895324567778 → xd836809 → 来（发 ）广告，联系 bs91m1
2022-06-10 14:29:59 → 60142963511 → dsfdshhs → 想要（发 ）广告，找 bs91m1
2022-06-10 14:30:57 → 62895324567778 → joinBCPH → 专业（发 ）广告，联系我 bs91m1
2022-06-10 14:31:56 → 601112672704 → adasdasw → 来（发 ）广告，联系 bs91m1
2022-06-10 14:33:51 → 601112672704 → hnsdfhs155 → 专业（发 ）广告，联系我 bs91m1
2022-06-10 14:34:50 → 60142963511 → YHK_security → 要（发 ）广告，联系 bs91m1
2022-06-10 14:36:42 → 62895324567778 → phniuniu → 想找人（ 发 ）广告，找 bs91m1
2022-06-10 14:37:46 → 601112672704 → fv0015 → 想要（发 ）广告，找 bs91m1
2022-06-10 14:39:36 → 62895324567778 → yinlianguoji → 想找人（ 发 ）广告，找 bs91m1
2022-06-10 14:40:34 → 60142963511 → sirenweixin3 → (session) 协议号，零售、批发 找，bs91m1
2022-06-10 14:41:41 → 62895324567778 → Hpy111 → 想找人（ 发 ）广告，找 bs91m1
2022-06-10 14:49:09 → 60142963511 → shujyinl → 想要（发 ）广告，找 bs91m1
2022-06-10 14:50:07 → 601112672704 → fjhq000hz → 想要（发 ）广告，找 bs91m1
2022-06-10 14:52:58 → 60142963511 → yunqian68 → 来（发 ）广告，联系 bs91m1
2022-06-10 14:57:45 → 601112672704 → buyusdtx → (session) 协议号，零售、批发 找，bs91m1
2022-06-10 15:02:23 → 60142963511 → jiaoyouqun123 → (session) 协议号，零售、批发 找，bs91m1
2022-06-10 15:03:20 → 601112672704 → AG686 → 想要（发 ）广告，找 bs91m1
2022-06-10 15:05:19 → 601112672704 → zuqiushuju → 需要 群、发软、件，找 bs91m1
2022-06-10 15:06:18 → 62895324567778 → dream888 → 要（发 ）广告，联系 bs91m1
2022-06-10 15:09:14 → 60142963511 → lbbet → 想要（发 ）广告，找 bs91m1
2022-06-10 15:11:04 → 601112672704 → USDThuzhu3 → 要（发 ）广告，联系 bs91m1
2022-06-10 15:12:11 → 60142963511 → phpzufang → 想要（发 ）广告，找 bs91m1
2022-06-10 15:13:09 → 62895324567778 → Philippines_visa → 专业（发 ）广告，联系我 bs91m1
2022-06-10 15:15:59 → 601112672704 → hnsdfhs155 → 需要 软、件，找 bs91m1
2022-06-10 15:16:58 → 60142963511 → seguiren → 需要 软、件，找 bs91m1
2022-06-10 15:17:56 → 62895324567778 → dubai13148888 → 想找人（ 发 ）广告，找 bs91m1
2022-06-10 15:19:54 → 62895324567778 → Hpy888 → 需要 群、发，找 bs91m1
2022-06-10 15:22:43 → 601112672704 → USDThuzhu3 → (session) 协议号，零售、批发 找，bs91m1
2022-06-10 15:23:49 → 60142963511 → cvv666money → 准备（发 ）广告，找 bs91m1
2022-06-10 15:27:34 → 62895324567778 → zgfCYJT → 想找人（ 发 ）广告，找 bs91m1
2022-06-10 15:29:25 → 601112672704 → youxidaili → 需要 软、件，找 bs91m1
2022-06-10 15:30:23 → 60142963511 → yhksijiantao11 → 想找人（ 发 ）广告，找 bs91m1
2022-06-10 15:32:22 → 60142963511 → xianliaoq → 想要（发 ）广告，找 bs91m1
2022-06-10 15:33:21 → 62895324567778 → fgdfdfherh → 需要 群、发软、件，找 bs91m1
2022-06-10 15:35:19 → 60142963511 → dsfdshhs → 需要 群、发软、件，找 bs91m1
2022-06-10 15:36:17 → 601112672704 → fjhq000hz → 来（发 ）广告，联系 bs91m1
2022-06-10 15:38:07 → 62895324567778 → Hpy111 → 需要 群、发，找 bs91m1
2022-06-10 15:40:55 → 601112672704 → zuqiushuju → 需要 群、发，找 bs91m1
2022-06-10 15:42:58 → 62895324567778 → joinBCPH → 想找人（ 发 ）广告，找 bs91m1
2022-06-10 15:44:47 → 601112672704 → srjlq → 来（发 ）广告，联系 bs91m1
2022-06-10 15:45:46 → 60142963511 → phpzufang → 要（发 ）广告，联系 bs91m1
2022-06-10 15:48:37 → 60142963511 → xianliaoq → 需要 群、发，找 bs91m1
2022-06-10 15:49:35 → 601112672704 → adasdasw → 专业（发 ）广告，联系我 bs91m1
2022-06-10 15:52:26 → 60142963511 → shujyinl → 要（发 ）广告，联系 bs91m1
2022-06-10 15:53:24 → 601112672704 → dunxin106 → 来（发 ）广告，联系 bs91m1
2022-06-10 15:56:16 → 60142963511 → dsfdshhs → 要（发 ）广告，联系 bs91m1
2022-06-10 15:57:14 → 601112672704 → ziyuanduijie1 → 需要 群、发软、件，找 bs91m1
2022-06-10 15:58:19 → 601112672704 → fv0015 → 准备（发 ）广告，找 bs91m1
2022-06-10 15:59:18 → 60142963511 → cvv666money → (session) 协议号，零售、批发 找，bs91m1
2022-06-10 16:03:00 → 601112672704 → jinsanjiaobc → 想要（发 ）广告，找 bs91m1
2022-06-10 16:03:58 → 60142963511 → YHK_security → 要（发 ）广告，联系 bs91m1
2022-06-10 16:05:57 → 60142963511 → jiaoyouqun123 → 需要 群、发，找 bs91m1
2022-06-10 16:10:41 → 601112672704 → buyusdtx → 需要 群、发，找 bs91m1
2022-06-10 16:11:39 → 60142963511 → lbbet → 来（发 ）广告，联系 bs91m1
2022-06-10 16:12:38 → 62895324567778 → miaomiao12356 → 需要 软、件，找 bs91m1
2022-06-10 16:13:43 → 62895324567778 → yinlianguoji → 需要 软、件，找 bs91m1
2022-06-10 16:15:34 → 60142963511 → seguiren → 来（发 ）广告，联系 bs91m1
2022-06-10 16:18:23 → 60142963511 → sirenweixin3 → 想要（发 ）广告，找 bs91m1
2022-06-10 16:19:22 → 62895324567778 → dubai13148888 → 想找人（ 发 ）广告，找 bs91m1
2022-06-10 16:20:20 → 601112672704 → fv0015 → 想找人（ 发 ）广告，找 bs91m1
2022-06-10 16:21:26 → 62895324567778 → dream888 → 来（发 ）广告，联系 bs91m1
2022-06-10 16:24:13 → 601112672704 → srjlq → 想找人（ 发 ）广告，找 bs91m1
2022-06-10 16:25:18 → 601112672704 → fjhq000hz → 需要 软、件，找 bs91m1
2022-06-10 16:30:02 → 60142963511 → yunqian68 → 需要 群、发软、件，找 bs91m1
2022-06-10 16:31:01 → 62895324567778 → amjwg → 想找人（ 发 ）广告，找 bs91m1
2022-06-10 16:31:59 → 601112672704 → dunxin106 → 准备（发 ）广告，找 bs91m1
2022-06-10 16:33:04 → 60142963511 → yhksijiantao11 → 要（发 ）广告，联系 bs91m1
2022-06-10 16:35:45 → 601112672704 → jinsanjiaobc → 来（发 ）广告，联系 bs91m1
2022-06-10 16:37:44 → 62895324567778 → zgfCYJT → 想找人（ 发 ）广告，找 bs91m1
2022-06-10 16:38:42 → 601112672704 → hnsdfhs155 → 想找人（ 发 ）广告，找 bs91m1
2022-06-10 16:41:39 → 60142963511 → YHK_security → 需要 软、件，找 bs91m1
2022-06-10 16:43:30 → 62895324567778 → miaomiao12356 → (session) 协议号，零售、批发 找，bs91m1
2022-06-10 16:45:26 → 62895324567778 → Hpy888 → 来（发 ）广告，联系 bs91m1
2022-06-10 16:46:24 → 601112672704 → zuqiushuju → 专业（发 ）广告，联系我 bs91m1
2022-06-10 16:47:23 → 60142963511 → shujyinl → 准备（发 ）广告，找 bs91m1
2022-06-10 16:49:22 → 601112672704 → USDThuzhu3 → 准备（发 ）广告，找 bs91m1
2022-06-10 16:51:12 → 60142963511 → yunqian68 → (session) 协议号，零售、批发 找，bs91m1
2022-06-10 16:54:04 → 60142963511 → jiaoyouqun123 → (session) 协议号，零售、批发 找，bs91m1
2022-06-10 16:56:56 → 60142963511 → lbbet → 准备（发 ）广告，找 bs91m1
2022-06-10 16:58:48 → 601112672704 → ziyuanduijie1 → 要（发 ）广告，联系 bs91m1
2022-06-10 16:59:53 → 601112672704 → youxidaili → 想要（发 ）广告，找 bs91m1
2022-06-10 17:05:28 → 60142963511 → phpzufang → 来（发 ）广告，联系 bs91m1
2022-06-10 17:06:26 → 601112672704 → adasdasw → (session) 协议号，零售、批发 找，bs91m1
2022-06-10 17:08:46 → 62895324567778 → xd836809 → 需要 群、发软、件，找 bs91m1
2022-06-10 17:09:45 → 60142963511 → seguiren → 要（发 ）广告，联系 bs91m1
2022-06-10 17:11:44 → 601112672704 → AG686 → 来（发 ）广告，联系 bs91m1
2022-06-10 17:16:32 → 62895324567778 → joinBCPH → 想找人（ 发 ）广告，找 bs91m1
2022-06-10 17:17:31 → 60142963511 → dsfdshhs → 来（发 ）广告，联系 bs91m1
2022-06-10 17:20:21 → 62895324567778 → fgdfdfherh → 想找人（ 发 ）广告，找 bs91m1
2022-06-10 17:21:20 → 60142963511 → yhksijiantao11 → 想找人（ 发 ）广告，找 bs91m1
2022-06-10 17:22:19 → 601112672704 → srjlq → (session) 协议号，零售、批发 找，bs91m1
2022-06-10 17:23:23 → 60142963511 → cvv666money → 准备（发 ）广告，找 bs91m1
2022-06-10 17:25:14 → 62895324567778 → G88888880 → 来（发 ）广告，联系 bs91m1
2022-06-10 17:26:12 → 601112672704 → hnsdfhs155 → 需要 软、件，找 bs91m1
2022-06-10 17:28:09 → 62895324567778 → amjwg → (session) 协议号，零售、批发 找，bs91m1
2022-06-10 17:29:07 → 601112672704 → buyusdtx → 需要 群、发软、件，找 bs91m1
2022-06-10 17:31:12 → 62895324567778 → dubai13148888 → 需要 群、发，找 bs91m1
2022-06-10 17:32:11 → 60142963511 → xianliaoq → (session) 协议号，零售、批发 找，bs91m1
2022-06-10 17:35:02 → 601112672704 → dunxin106 → 需要 群、发软、件，找 bs91m1
2022-06-10 17:38:52 → 60142963511 → sirenweixin3 → 来（发 ）广告，联系 bs91m1
2022-06-10 17:40:42 → 601112672704 → zuqiushuju → 想找人（ 发 ）广告，找 bs91m1
2022-06-10 17:41:41 → 62895324567778 → phniuniu → 想要（发 ）广告，找 bs91m1
2022-06-10 17:45:23 → 60142963511 → YHK_security → 需要 群、发软、件，找 bs91m1
2022-06-10 17:48:19 → 62895324567778 → Hpy111 → 需要 群、发软、件，找 bs91m1
2022-06-10 17:51:09 → 60142963511 → jiaoyouqun123 → 来（发 ）广告，联系 bs91m1
2022-06-10 17:55:52 → 601112672704 → youxidaili → 准备（发 ）广告，找 bs91m1
2022-06-10 17:56:51 → 60142963511 → seguiren → 要（发 ）广告，联系 bs91m1
2022-06-10 17:58:47 → 601112672704 → jinsanjiaobc → 要（发 ）广告，联系 bs91m1
2022-06-10 18:00:40 → 60142963511 → shujyinl → 需要 群、发，找 bs91m1
2022-06-10 18:01:45 → 60142963511 → lbbet → 需要 群、发，找 bs91m1
2022-06-10 18:03:37 → 601112672704 → fjhq000hz → 准备（发 ）广告，找 bs91m1
2022-06-10 18:06:28 → 601112672704 → adasdasw → 需要 群、发软、件，找 bs91m1
2022-06-10 18:07:26 → 60142963511 → dsfdshhs → 来（发 ）广告，联系 bs91m1
2022-06-10 18:09:24 → 60142963511 → yhksijiantao11 → 要（发 ）广告，联系 bs91m1
2022-06-10 18:10:23 → 62895324567778 → amjwg → 需要 群、发软、件，找 bs91m1
2022-06-10 18:12:11 → 601112672704 → USDThuzhu3 → 需要 软、件，找 bs91m1
2022-06-10 18:13:16 → 601112672704 → fv0015 → 准备（发 ）广告，找 bs91m1
2022-06-10 18:15:06 → 60142963511 → yunqian68 → 专业（发 ）广告，联系我 bs91m1
2022-06-10 18:16:06 → 62895324567778 → miaomiao12356 → 想要（发 ）广告，找 bs91m1
2022-06-10 18:18:03 → 62895324567778 → joinBCPH → 需要 群、发，找 bs91m1
2022-06-10 18:20:55 → 62895324567778 → Philippines_visa → 需要 软、件，找 bs91m1
2022-06-10 18:21:54 → 60142963511 → cvv666money → 需要 群、发，找 bs91m1
2022-06-10 18:23:45 → 601112672704 → USDThuzhu3 → 需要 软、件，找 bs91m1
2022-06-10 18:24:51 → 62895324567778 → zgfCYJT → 来（发 ）广告，联系 bs91m1
2022-06-10 18:26:41 → 601112672704 → zuqiushuju → 准备（发 ）广告，找 bs91m1
2022-06-10 18:27:39 → 60142963511 → phpzufang → 来（发 ）广告，联系 bs91m1
2022-06-10 18:29:37 → 62895324567778 → dubai13148888 → (session) 协议号，零售、批发 找，bs91m1
2022-06-10 18:30:35 → 601112672704 → buyusdtx → 想要（发 ）广告，找 bs91m1
2022-06-10 18:31:34 → 60142963511 → xianliaoq → 专业（发 ）广告，联系我 bs91m1
2022-06-10 18:34:24 → 62895324567778 → dream888 → 需要 软、件，找 bs91m1
2022-06-10 18:36:24 → 60142963511 → dsfdshhs → 专业（发 ）广告，联系我 bs91m1
2022-06-10 18:38:14 → 62895324567778 → xd836809 → 准备（发 ）广告，找 bs91m1
2022-06-10 18:39:12 → 601112672704 → fjhq000hz → 需要 群、发软、件，找 bs91m1
2022-06-10 18:40:18 → 60142963511 → seguiren → 想找人（ 发 ）广告，找 bs91m1
2022-06-10 18:41:16 → 601112672704 → hnsdfhs155 → 需要 群、发软、件，找 bs91m1
2022-06-10 18:43:07 → 62895324567778 → fgdfdfherh → (session) 协议号，零售、批发 找，bs91m1
2022-06-10 18:44:13 → 62895324567778 → guojitongdaoduanxin → 需要 群、发，找 bs91m1
2022-06-10 18:45:11 → 60142963511 → xianliaoq → (session) 协议号，零售、批发 找，bs91m1
2022-06-10 18:46:09 → 601112672704 → adasdasw → 准备（发 ）广告，找 bs91m1
2022-06-10 18:50:50 → 601112672704 → jinsanjiaobc → 要（发 ）广告，联系 bs91m1
2022-06-10 18:53:38 → 601112672704 → dunxin106 → 来（发 ）广告，联系 bs91m1
2022-06-10 18:54:36 → 60142963511 → jiaoyouqun123 → 需要 软、件，找 bs91m1
2022-06-10 18:55:41 → 601112672704 → AG686 → 准备（发 ）广告，找 bs91m1
2022-06-10 18:58:26 → 60142963511 → shujyinl → 准备（发 ）广告，找 bs91m1
2022-06-10 18:59:31 → 601112672704 → youxidaili → 需要 群、发，找 bs91m1
2022-06-10 19:00:30 → 60142963511 → yhksijiantao11 → 想要（发 ）广告，找 bs91m1
2022-06-10 19:05:12 → 601112672704 → fv0015 → 需要 群、发软、件，找 bs91m1
2022-06-10 19:09:55 → 601112672704 → ziyuanduijie1 → 需要 软、件，找 bs91m1
2022-06-10 19:12:49 → 60142963511 → yunqian68 → 专业（发 ）广告，联系我 bs91m1
2022-06-10 19:13:47 → 62895324567778 → xd836809 → 想要（发 ）广告，找 bs91m1
2022-06-10 19:14:52 → 601112672704 → srjlq → 想找人（ 发 ）广告，找 bs91m1
2022-06-10 19:15:50 → 60142963511 → cvv666money → 来（发 ）广告，联系 bs91m1
2022-06-10 19:17:41 → 62895324567778 → dream888 → 来（发 ）广告，联系 bs91m1
2022-06-10 19:19:39 → 62895324567778 → zgfCYJT → 想找人（ 发 ）广告，找 bs91m1
2022-06-10 19:20:36 → 60142963511 → YHK_security → 专业（发 ）广告，联系我 bs91m1
2022-06-10 19:25:23 → 60142963511 → lbbet → 需要 群、发，找 bs91m1
2022-06-10 19:26:28 → 60142963511 → phpzufang → (session) 协议号，零售、批发 找，bs91m1
2022-06-10 19:28:18 → 601112672704 → USDThuzhu3 → 准备（发 ）广告，找 bs91m1
2022-06-10 19:29:17 → 62895324567778 → miaomiao12356 → 要（发 ）广告，联系 bs91m1
2022-06-10 19:31:14 → 62895324567778 → Philippines_visa → 准备（发 ）广告，找 bs91m1
2022-06-10 19:32:12 → 601112672704 → youxidaili → (session) 协议号，零售、批发 找，bs91m1
2022-06-10 19:34:11 → 60142963511 → jiaoyouqun123 → 需要 软、件，找 bs91m1
2022-06-10 19:35:09 → 601112672704 → hnsdfhs155 → (session) 协议号，零售、批发 找，bs91m1
2022-06-10 19:37:01 → 62895324567778 → guojitongdaoduanxin → 要（发 ）广告，联系 bs91m1
2022-06-10 19:38:06 → 62895324567778 → dubai13148888 → 需要 群、发，找 bs91m1
2022-06-10 19:39:04 → 601112672704 → dunxin106 → 要（发 ）广告，联系 bs91m1
2022-06-10 19:41:56 → 60142963511 → dsfdshhs → 需要 软、件，找 bs91m1
2022-06-10 19:42:55 → 601112672704 → buyusdtx → 要（发 ）广告，联系 bs91m1
2022-06-10 19:45:49 → 62895324567778 → G88888880 → (session) 协议号，零售、批发 找，bs91m1
2022-06-10 19:46:47 → 601112672704 → zuqiushuju → 来（发 ）广告，联系 bs91m1
2022-06-10 19:51:29 → 60142963511 → YHK_security → 要（发 ）广告，联系 bs91m1
2022-06-10 19:55:13 → 601112672704 → fjhq000hz → 来（发 ）广告，联系 bs91m1
2022-06-10 19:56:12 → 60142963511 → seguiren → 来（发 ）广告，联系 bs91m1
2022-06-10 19:57:18 → 60142963511 → yhksijiantao11 → (session) 协议号，零售、批发 找，bs91m1
2022-06-10 20:00:01 → 601112672704 → AG686 → 需要 群、发软、件，找 bs91m1
2022-06-10 20:01:07 → 60142963511 → xianliaoq → 来（发 ）广告，联系 bs91m1
2022-06-10 20:02:05 → 601112672704 → jinsanjiaobc → 需要 软、件，找 bs91m1
2022-06-10 20:05:48 → 601112672704 → adasdasw → 准备（发 ）广告，找 bs91m1
2022-06-10 20:07:38 → 60142963511 → lbbet → 需要 软、件，找 bs91m1
2022-06-10 20:08:43 → 601112672704 → srjlq → 来（发 ）广告，联系 bs91m1
2022-06-10 20:11:28 → 60142963511 → phpzufang → 想找人（ 发 ）广告，找 bs91m1
2022-06-10 20:13:25 → 601112672704 → fv0015 → 准备（发 ）广告，找 bs91m1
2022-06-10 20:14:23 → 60142963511 → shujyinl → 来（发 ）广告，联系 bs91m1
2022-06-10 20:15:23 → 62895324567778 → guojitongdaoduanxin → 来（发 ）广告，联系 bs91m1
2022-06-10 20:16:30 → 62895324567778 → xd836809 → 专业（发 ）广告，联系我 bs91m1
2022-06-10 20:17:28 → 60142963511 → yunqian68 → 来（发 ）广告，联系 bs91m1
2022-06-10 20:18:26 → 601112672704 → ziyuanduijie1 → 需要 群、发软、件，找 bs91m1
2022-06-10 20:24:12 → 60142963511 → cvv666money → 需要 软、件，找 bs91m1
2022-06-10 20:26:02 → 62895324567778 → zgfCYJT → 需要 群、发，找 bs91m1
2022-06-10 20:28:02 → 601112672704 → fjhq000hz → 来（发 ）广告，联系 bs91m1
2022-06-10 20:31:47 → 60142963511 → dsfdshhs → 需要 群、发软、件，找 bs91m1
2022-06-10 20:32:45 → 62895324567778 → Hpy111 → (session) 协议号，零售、批发 找，bs91m1
2022-06-10 20:35:39 → 601112672704 → jinsanjiaobc → 需要 群、发，找 bs91m1
2022-06-10 20:36:38 → 60142963511 → phpzufang → 来（发 ）广告，联系 bs91m1
2022-06-10 20:37:37 → 62895324567778 → amjwg → 要（发 ）广告，联系 bs91m1
2022-06-10 20:39:34 → 601112672704 → fv0015 → 准备（发 ）广告，找 bs91m1
2022-06-10 20:40:33 → 62895324567778 → dream888 → 需要 群、发软、件，找 bs91m1
2022-06-10 20:42:24 → 60142963511 → YHK_security → 要（发 ）广告，联系 bs91m1
2022-06-10 20:43:30 → 62895324567778 → miaomiao12356 → 想找人（ 发 ）广告，找 bs91m1
2022-06-10 20:45:20 → 601112672704 → hnsdfhs155 → 需要 群、发，找 bs91m1
2022-06-10 20:46:18 → 60142963511 → yunqian68 → 来（发 ）广告，联系 bs91m1
2022-06-10 20:48:17 → 62895324567778 → dubai13148888 → (session) 协议号，零售、批发 找，bs91m1
2022-06-10 20:49:16 → 60142963511 → lbbet → 想要（发 ）广告，找 bs91m1
2022-06-10 20:50:14 → 601112672704 → srjlq → 专业（发 ）广告，联系我 bs91m1
2022-06-10 20:53:08 → 601112672704 → youxidaili → 准备（发 ）广告，找 bs91m1
2022-06-10 20:56:57 → 60142963511 → shujyinl → 需要 群、发软、件，找 bs91m1
2022-06-10 20:58:57 → 601112672704 → USDThuzhu3 → 需要 群、发软、件，找 bs91m1
2022-06-10 20:59:55 → 60142963511 → cvv666money → 要（发 ）广告，联系 bs91m1
2022-06-10 21:03:40 → 601112672704 → zuqiushuju → 来（发 ）广告，联系 bs91m1
2022-06-10 21:05:30 → 60142963511 → seguiren → 需要 群、发软、件，找 bs91m1
2022-06-10 21:06:35 → 60142963511 → yhksijiantao11 → 来（发 ）广告，联系 bs91m1
2022-06-10 21:09:19 → 601112672704 → dunxin106 → 需要 群、发，找 bs91m1
2022-06-10 21:13:03 → 60142963511 → jiaoyouqun123 → 要（发 ）广告，联系 bs91m1
2022-06-10 21:15:56 → 60142963511 → xianliaoq → 想找人（ 发 ）广告，找 bs91m1
2022-06-10 21:16:54 → 601112672704 → adasdasw → (session) 协议号，零售、批发 找，bs91m1
2022-06-10 21:18:53 → 62895324567778 → joinBCPH → 准备（发 ）广告，找 bs91m1
2022-06-10 21:20:43 → 60142963511 → sirenweixin3 → 来（发 ）广告，联系 bs91m1
2022-06-10 21:21:49 → 601112672704 → zuqiushuju → 来（发 ）广告，联系 bs91m1
2022-06-10 21:23:39 → 62895324567778 → zgfCYJT → 想找人（ 发 ）广告，找 bs91m1
2022-06-10 21:25:38 → 60142963511 → dsfdshhs → 专业（发 ）广告，联系我 bs91m1
2022-06-10 21:26:37 → 62895324567778 → fgdfdfherh → 需要 群、发，找 bs91m1
2022-06-10 21:28:27 → 601112672704 → srjlq → 需要 软、件，找 bs91m1
2022-06-10 21:30:25 → 601112672704 → dunxin106 → (session) 协议号，零售、批发 找，bs91m1
2022-06-10 21:31:24 → 60142963511 → sirenweixin3 → 准备（发 ）广告，找 bs91m1
2022-06-10 21:32:23 → 62895324567778 → xd836809 → 准备（发 ）广告，找 bs91m1
2022-06-10 21:34:21 → 62895324567778 → miaomiao12356 → 需要 群、发软、件，找 bs91m1
2022-06-10 21:36:18 → 601112672704 → youxidaili → 准备（发 ）广告，找 bs91m1
2022-06-10 21:37:22 → 601112672704 → fv0015 → 想找人（ 发 ）广告，找 bs91m1
2022-06-10 21:38:20 → 60142963511 → jiaoyouqun123 → 专业（发 ）广告，联系我 bs91m1
2022-06-10 21:39:19 → 62895324567778 → dubai13148888 → (session) 协议号，零售、批发 找，bs91m1
2022-06-10 21:41:16 → 601112672704 → USDThuzhu3 → 来（发 ）广告，联系 bs91m1
2022-06-10 21:42:16 → 62895324567778 → Hpy111 → (session) 协议号，零售、批发 找，bs91m1
2022-06-10 21:43:14 → 60142963511 → cvv666money → 想要（发 ）广告，找 bs91m1
2022-06-10 21:47:01 → 60142963511 → seguiren → 来（发 ）广告，联系 bs91m1
2022-06-10 21:48:00 → 62895324567778 → guojitongdaoduanxin → 来（发 ）广告，联系 bs91m1
2022-06-10 21:49:57 → 60142963511 → lbbet → (session) 协议号，零售、批发 找，bs91m1
2022-06-10 21:50:55 → 601112672704 → fjhq000hz → 准备（发 ）广告，找 bs91m1
2022-06-10 21:51:54 → 62895324567778 → G88888880 → 来（发 ）广告，联系 bs91m1
2022-06-10 21:53:51 → 601112672704 → adasdasw → 来（发 ）广告，联系 bs91m1
2022-06-10 21:54:49 → 60142963511 → xianliaoq → 来（发 ）广告，联系 bs91m1
2022-06-10 21:55:48 → 62895324567778 → dream888 → 需要 群、发软、件，找 bs91m1
2022-06-10 21:58:39 → 60142963511 → yhksijiantao11 → 需要 软、件，找 bs91m1
2022-06-10 21:59:37 → 601112672704 → AG686 → 需要 群、发，找 bs91m1
2022-06-10 22:00:42 → 60142963511 → phpzufang → 专业（发 ）广告，联系我 bs91m1
2022-06-10 22:02:32 → 601112672704 → jinsanjiaobc → 来（发 ）广告，联系 bs91m1
2022-06-10 22:06:17 → 601112672704 → buyusdtx → 需要 群、发，找 bs91m1
2022-06-10 22:07:15 → 60142963511 → shujyinl → 需要 软、件，找 bs91m1
2022-06-10 22:10:06 → 601112672704 → ziyuanduijie1 → 需要 群、发，找 bs91m1
2022-06-10 22:11:05 → 60142963511 → yunqian68 → 准备（发 ）广告，找 bs91m1
2022-06-10 22:13:56 → 60142963511 → YHK_security → 需要 群、发，找 bs91m1
2022-06-10 22:14:54 → 601112672704 → hnsdfhs155 → 想要（发 ）广告，找 bs91m1
2022-06-10 22:19:36 → 601112672704 → fjhq000hz → 想找人（ 发 ）广告，找 bs91m1
2022-06-10 22:21:29 → 60142963511 → jiaoyouqun123 → 来（发 ）广告，联系 bs91m1
2022-06-10 22:24:28 → 60142963511 → shujyinl → 来（发 ）广告，联系 bs91m1
2022-06-10 22:27:20 → 62895324567778 → Hpy111 → 想找人（ 发 ）广告，找 bs91m1
2022-06-10 22:28:19 → 60142963511 → YHK_security → 需要 群、发，找 bs91m1
2022-06-10 22:29:16 → 601112672704 → srjlq → 专业（发 ）广告，联系我 bs91m1
2022-06-10 22:31:13 → 60142963511 → lbbet → 专业（发 ）广告，联系我 bs91m1
2022-06-10 22:33:03 → 601112672704 → USDThuzhu3 → 来（发 ）广告，联系 bs91m1
2022-06-10 22:34:02 → 62895324567778 → xd836809 → 需要 群、发软、件，找 bs91m1
2022-06-10 22:35:08 → 60142963511 → seguiren → 准备（发 ）广告，找 bs91m1
2022-06-10 22:36:07 → 62895324567778 → amjwg → 想找人（ 发 ）广告，找 bs91m1
2022-06-10 22:37:05 → 601112672704 → jinsanjiaobc → 需要 群、发软、件，找 bs91m1
2022-06-10 22:39:02 → 601112672704 → zuqiushuju → 专业（发 ）广告，联系我 bs91m1
2022-06-10 22:40:00 → 62895324567778 → guojitongdaoduanxin → 需要 群、发软、件，找 bs91m1
2022-06-10 22:40:59 → 60142963511 → sirenweixin3 → 需要 群、发软、件，找 bs91m1
2022-06-10 22:42:57 → 62895324567778 → fgdfdfherh → 来（发 ）广告，联系 bs91m1
2022-06-10 22:44:48 → 60142963511 → yhksijiantao11 → 来（发 ）广告，联系 bs91m1
2022-06-10 22:46:52 → 62895324567778 → zgfCYJT → 要（发 ）广告，联系 bs91m1
2022-06-10 22:47:50 → 60142963511 → dsfdshhs → 专业（发 ）广告，联系我 bs91m1
2022-06-10 22:49:40 → 601112672704 → fv0015 → 要（发 ）广告，联系 bs91m1
2022-06-10 22:50:46 → 62895324567778 → dream888 → 想找人（ 发 ）广告，找 bs91m1
2022-06-10 22:51:44 → 601112672704 → adasdasw → 专业（发 ）广告，联系我 bs91m1
2022-06-10 22:52:43 → 60142963511 → phpzufang → (session) 协议号，零售、批发 找，bs91m1
2022-06-10 22:54:40 → 601112672704 → hnsdfhs155 → 准备（发 ）广告，找 bs91m1
2022-06-10 22:57:25 → 60142963511 → xianliaoq → 需要 群、发，找 bs91m1
2022-06-10 22:58:29 → 60142963511 → yunqian68 → (session) 协议号，零售、批发 找，bs91m1
2022-06-10 23:00:19 → 601112672704 → youxidaili → 准备（发 ）广告，找 bs91m1
2022-06-10 23:01:17 → 62895324567778 → miaomiao12356 → 要（发 ）广告，联系 bs91m1
2022-06-10 23:02:23 → 62895324567778 → dubai13148888 → 专业（发 ）广告，联系我 bs91m1
2022-06-10 23:03:21 → 601112672704 → AG686 → 想找人（ 发 ）广告，找 bs91m1
2022-06-10 23:07:10 → 60142963511 → cvv666money → 需要 软、件，找 bs91m1
2022-06-10 23:08:08 → 601112672704 → dunxin106 → 来（发 ）广告，联系 bs91m1
2022-06-10 23:12:41 → 601112672704 → ziyuanduijie1 → 想要（发 ）广告，找 bs91m1
2022-06-10 23:14:39 → 60142963511 → yhksijiantao11 → 要（发 ）广告，联系 bs91m1
2022-06-10 23:19:21 → 60142963511 → xianliaoq → (session) 协议号，零售、批发 找，bs91m1
2022-06-10 23:21:20 → 601112672704 → zuqiushuju → 想找人（ 发 ）广告，找 bs91m1
2022-06-10 23:23:32 → 62895324567778 → joinBCPH → 专业（发 ）广告，联系我 bs91m1
2022-06-10 23:24:31 → 60142963511 → jiaoyouqun123 → 需要 软、件，找 bs91m1
2022-06-10 23:28:25 → 62895324567778 → yinlianguoji → 来（发 ）广告，联系 bs91m1
2022-06-10 23:30:25 → 60142963511 → phpzufang → 要（发 ）广告，联系 bs91m1
2022-06-10 23:34:15 → 601112672704 → jinsanjiaobc → 想要（发 ）广告，找 bs91m1
2022-06-10 23:36:06 → 60142963511 → cvv666money → 准备（发 ）广告，找 bs91m1
2022-06-10 23:37:11 → 60142963511 → shujyinl → 想要（发 ）广告，找 bs91m1
2022-06-10 23:38:10 → 62895324567778 → zgfCYJT → 需要 群、发，找 bs91m1
2022-06-10 23:41:01 → 601112672704 → buyusdtx → 需要 群、发，找 bs91m1
2022-06-10 23:41:59 → 62895324567778 → dream888 → 想找人（ 发 ）广告，找 bs91m1
2022-06-10 23:42:58 → 60142963511 → lbbet → 想找人（ 发 ）广告，找 bs91m1
2022-06-10 23:44:55 → 601112672704 → youxidaili → 准备（发 ）广告，找 bs91m1
2022-06-10 23:45:53 → 60142963511 → YHK_security → 准备（发 ）广告，找 bs91m1
2022-06-10 23:47:44 → 62895324567778 → Philippines_visa → 来（发 ）广告，联系 bs91m1
2022-06-10 23:48:50 → 60142963511 → yunqian68 → 来（发 ）广告，联系 bs91m1
2022-06-10 23:49:48 → 601112672704 → fv0015 → (session) 协议号，零售、批发 找，bs91m1
2022-06-10 23:51:39 → 62895324567778 → yinlianguoji → 想要（发 ）广告，找 bs91m1
2022-06-10 23:52:45 → 62895324567778 → miaomiao12356 → (session) 协议号，零售、批发 找，bs91m1
2022-06-10 23:53:43 → 60142963511 → dsfdshhs → 想找人（ 发 ）广告，找 bs91m1
2022-06-10 23:55:33 → 601112672704 → dunxin106 → 需要 软、件，找 bs91m1
2022-06-10 23:56:39 → 62895324567778 → guojitongdaoduanxin → 要（发 ）广告，联系 bs91m1
2022-06-10 23:57:38 → 60142963511 → seguiren → 需要 群、发软、件，找 bs91m1
2022-06-10 23:58:36 → 601112672704 → adasdasw → 来（发 ）广告，联系 bs91m1