
2022-06-09 18:23:55 → 60142963511 → xianliaoq → 要（发 ）广告，联系 bs91m1
2022-06-09 18:26:15 → 62895324567778 → amjwg → 准备（发 ）广告，找 bs91m1
2022-06-09 18:28:57 → 62895324567778 → Hpy888 → 想要（发 ）广告，找 bs91m1
2022-06-09 18:30:29 → 601112672704 → fv0015 → (session) 协议号，零售、批发 找，bs91m1
2022-06-09 18:35:02 → 62895324567778 → zgfCYJT → 准备（发 ）广告，找 bs91m1
2022-06-09 18:35:28 → 60142963511 → cvv666money → 来（发 ）广告，联系 bs91m1
2022-06-09 18:36:13 → 601112672704 → fjhq000hz → 需要 软、件，找 bs91m1
2022-06-09 18:37:50 → 601112672704 → jinsanjiaobc → 需要 软、件，找 bs91m1
2022-06-09 18:38:45 → 60142963511 → sirenweixin3 → 想找人（ 发 ）广告，找 bs91m1
2022-06-09 18:39:11 → 601112672704 → youxidaili → 需要 软、件，找 bs91m1
2022-06-09 18:40:31 → 601112672704 → ziyuanduijie1 → 想找人（ 发 ）广告，找 bs91m1
2022-06-09 18:42:09 → 601112672704 → hnsdfhs155 → (session) 协议号，零售、批发 找，bs91m1
2022-06-09 18:43:02 → 60142963511 → phpzufang → (session) 协议号，零售、批发 找，bs91m1
2022-06-09 18:48:05 → 601112672704 → dunxin106 → 要（发 ）广告，联系 bs91m1
2022-06-09 18:50:34 → 601112672704 → adasdasw → 想找人（ 发 ）广告，找 bs91m1
2022-06-09 18:52:54 → 601112672704 → USDThuzhu3 → 专业（发 ）广告，联系我 bs91m1
2022-06-09 18:53:51 → 62895324567778 → dubai13148888 → 要（发 ）广告，联系 bs91m1
2022-06-09 18:57:01 → 60142963511 → seguiren → 准备（发 ）广告，找 bs91m1
2022-06-09 19:01:49 → 60142963511 → shujyinl → 需要 软、件，找 bs91m1
2022-06-09 19:03:51 → 62895324567778 → dream888 → 专业（发 ）广告，联系我 bs91m1
2022-06-09 19:05:06 → 62895324567778 → Hpy111 → 需要 软、件，找 bs91m1
2022-06-09 19:05:53 → 60142963511 → yunqian68 → 需要 群、发软、件，找 bs91m1
2022-06-09 19:07:09 → 60142963511 → YHK_security → 准备（发 ）广告，找 bs91m1
2022-06-09 19:07:36 → 601112672704 → jinsanjiaobc → (session) 协议号，零售、批发 找，bs91m1
2022-06-09 19:09:19 → 62895324567778 → joinBCPH → 专业（发 ）广告，联系我 bs91m1
2022-06-09 19:09:52 → 601112672704 → fv0015 → 想要（发 ）广告，找 bs91m1
2022-06-09 19:11:00 → 60142963511 → jiaoyouqun123 → 想找人（ 发 ）广告，找 bs91m1
2022-06-09 19:12:14 → 601112672704 → youxidaili → 需要 群、发，找 bs91m1
2022-06-09 19:13:10 → 601112672704 → fjhq000hz → 需要 软、件，找 bs91m1
2022-06-09 19:13:36 → 60142963511 → yhksijiantao11 → 需要 群、发，找 bs91m1
2022-06-09 19:19:53 → 60142963511 → dsfdshhs → 专业（发 ）广告，联系我 bs91m1
2022-06-09 19:21:15 → 62895324567778 → guojitongdaoduanxin → 想找人（ 发 ）广告，找 bs91m1
2022-06-09 19:24:31 → 601112672704 → srjlq → 专业（发 ）广告，联系我 bs91m1
2022-06-09 19:26:18 → 62895324567778 → Philippines_visa → 想要（发 ）广告，找 bs91m1
2022-06-09 19:27:13 → 601112672704 → buyusdtx → 专业（发 ）广告，联系我 bs91m1
2022-06-09 19:27:40 → 60142963511 → cvv666money → 需要 群、发软、件，找 bs91m1
2022-06-09 19:28:08 → 62895324567778 → amjwg → 要（发 ）广告，联系 bs91m1
2022-06-09 19:29:02 → 601112672704 → AG686 → 专业（发 ）广告，联系我 bs91m1
2022-06-09 19:31:48 → 60142963511 → sirenweixin3 → 需要 群、发，找 bs91m1
2022-06-09 19:35:50 → 601112672704 → zuqiushuju → 准备（发 ）广告，找 bs91m1
2022-06-09 19:36:38 → 62895324567778 → joinBCPH → 专业（发 ）广告，联系我 bs91m1
2022-06-09 19:37:11 → 601112672704 → adasdasw → 专业（发 ）广告，联系我 bs91m1
2022-06-09 19:39:56 → 601112672704 → USDThuzhu3 → (session) 协议号，零售、批发 找，bs91m1
2022-06-09 19:41:19 → 60142963511 → shujyinl → 来（发 ）广告，联系 bs91m1
2022-06-09 19:41:47 → 601112672704 → dunxin106 → (session) 协议号，零售、批发 找，bs91m1
2022-06-09 19:48:05 → 601112672704 → hnsdfhs155 → 来（发 ）广告，联系 bs91m1
2022-06-09 19:51:13 → 60142963511 → xianliaoq → 来（发 ）广告，联系 bs91m1
2022-06-09 19:53:18 → 60142963511 → seguiren → 想找人（ 发 ）广告，找 bs91m1
2022-06-09 19:56:05 → 601112672704 → USDThuzhu3 → 需要 软、件，找 bs91m1
2022-06-09 19:56:31 → 62895324567778 → Hpy888 → 想要（发 ）广告，找 bs91m1
2022-06-09 19:57:44 → 60142963511 → yhksijiantao11 → 要（发 ）广告，联系 bs91m1
2022-06-09 19:58:11 → 601112672704 → youxidaili → 想要（发 ）广告，找 bs91m1
2022-06-09 20:00:07 → 601112672704 → fv0015 → 专业（发 ）广告，联系我 bs91m1
2022-06-09 20:04:39 → 601112672704 → adasdasw → 需要 群、发，找 bs91m1
2022-06-09 20:05:38 → 62895324567778 → zgfCYJT → 要（发 ）广告，联系 bs91m1
2022-06-09 20:10:20 → 60142963511 → yunqian68 → 来（发 ）广告，联系 bs91m1
2022-06-09 20:12:17 → 62895324567778 → dubai13148888 → (session) 协议号，零售、批发 找，bs91m1
2022-06-09 20:15:15 → 601112672704 → srjlq → 想要（发 ）广告，找 bs91m1
2022-06-09 20:17:06 → 62895324567778 → dream888 → 想找人（ 发 ）广告，找 bs91m1
2022-06-09 20:20:00 → 601112672704 → fjhq000hz → 需要 群、发软、件，找 bs91m1
2022-06-09 20:21:51 → 62895324567778 → yinlianguoji → 要（发 ）广告，联系 bs91m1
2022-06-09 20:26:38 → 601112672704 → jinsanjiaobc → 需要 软、件，找 bs91m1
2022-06-09 20:30:28 → 60142963511 → phpzufang → 专业（发 ）广告，联系我 bs91m1
2022-06-09 20:32:18 → 601112672704 → dunxin106 → 想要（发 ）广告，找 bs91m1
2022-06-09 20:38:04 → 62895324567778 → G88888880 → 来（发 ）广告，联系 bs91m1
2022-06-09 20:47:19 → 62895324567778 → phniuniu → 需要 群、发软、件，找 bs91m1
2022-06-09 20:53:55 → 601112672704 → zuqiushuju → 需要 软、件，找 bs91m1
2022-06-09 20:55:45 → 60142963511 → jiaoyouqun123 → 准备（发 ）广告，找 bs91m1
2022-06-09 20:56:45 → 62895324567778 → fgdfdfherh → 想要（发 ）广告，找 bs91m1
2022-06-09 20:59:35 → 601112672704 → buyusdtx → 准备（发 ）广告，找 bs91m1
2022-06-09 21:05:13 → 601112672704 → hnsdfhs155 → 来（发 ）广告，联系 bs91m1
2022-06-09 21:06:13 → 62895324567778 → miaomiao12356 → 需要 群、发，找 bs91m1
2022-06-09 21:09:59 → 62895324567778 → joinBCPH → 来（发 ）广告，联系 bs91m1
2022-06-09 21:11:48 → 601112672704 → ziyuanduijie1 → (session) 协议号，零售、批发 找，bs91m1
2022-06-09 21:13:48 → 60142963511 → YHK_security → 要（发 ）广告，联系 bs91m1
2022-06-09 21:18:25 → 60142963511 → lbbet → 来（发 ）广告，联系 bs91m1
2022-06-09 21:28:39 → 60142963511 → lbbet → 需要 软、件，找 bs91m1
2022-06-09 21:40:48 → 62895324567778 → phniuniu → (session) 协议号，零售、批发 找，bs91m1
2022-06-09 21:43:38 → 601112672704 → zuqiushuju → 要（发 ）广告，联系 bs91m1
2022-06-09 21:46:32 → 62895324567778 → dubai13148888 → 准备（发 ）广告，找 bs91m1
2022-06-09 21:47:30 → 601112672704 → srjlq → 来（发 ）广告，联系 bs91m1
2022-06-09 21:48:29 → 60142963511 → cvv666money → 专业（发 ）广告，联系我 bs91m1
2022-06-09 21:50:26 → 60142963511 → dsfdshhs → 来（发 ）广告，联系 bs91m1
2022-06-09 21:51:24 → 62895324567778 → Philippines_visa → 专业（发 ）广告，联系我 bs91m1
2022-06-09 21:52:22 → 601112672704 → hnsdfhs155 → 准备（发 ）广告，找 bs91m1
2022-06-09 21:55:14 → 601112672704 → adasdasw → 要（发 ）广告，联系 bs91m1
2022-06-09 21:57:04 → 62895324567778 → xd836809 → 需要 群、发软、件，找 bs91m1
2022-06-09 21:58:10 → 60142963511 → jiaoyouqun123 → 需要 软、件，找 bs91m1
2022-06-09 22:01:55 → 601112672704 → buyusdtx → 要（发 ）广告，联系 bs91m1
2022-06-09 22:02:54 → 62895324567778 → Hpy111 → 准备（发 ）广告，找 bs91m1
2022-06-09 22:05:46 → 60142963511 → xianliaoq → 想找人（ 发 ）广告，找 bs91m1
2022-06-09 22:08:30 → 601112672704 → USDThuzhu3 → 要（发 ）广告，联系 bs91m1
2022-06-09 22:10:27 → 601112672704 → dunxin106 → 来（发 ）广告，联系 bs91m1
2022-06-09 22:11:26 → 62895324567778 → yinlianguoji → 需要 软、件，找 bs91m1
2022-06-09 22:15:12 → 601112672704 → AG686 → 专业（发 ）广告，联系我 bs91m1
2022-06-09 22:19:50 → 601112672704 → youxidaili → 需要 群、发软、件，找 bs91m1
2022-06-09 22:23:44 → 601112672704 → ziyuanduijie1 → 来（发 ）广告，联系 bs91m1
2022-06-09 22:25:43 → 62895324567778 → zgfCYJT → 需要 软、件，找 bs91m1
2022-06-09 22:27:33 → 601112672704 → fv0015 → 来（发 ）广告，联系 bs91m1
2022-06-09 22:32:23 → 62895324567778 → Hpy888 → 来（发 ）广告，联系 bs91m1
2022-06-09 22:33:23 → 60142963511 → yunqian68 → (session) 协议号，零售、批发 找，bs91m1
2022-06-09 22:38:00 → 60142963511 → yhksijiantao11 → 想要（发 ）广告，找 bs91m1
2022-06-09 22:38:58 → 601112672704 → fjhq000hz → 来（发 ）广告，联系 bs91m1
2022-06-09 22:40:54 → 60142963511 → seguiren → 想要（发 ）广告，找 bs91m1
2022-06-09 22:41:52 → 62895324567778 → dream888 → 要（发 ）广告，联系 bs91m1
2022-06-09 22:42:50 → 601112672704 → jinsanjiaobc → 专业（发 ）广告，联系我 bs91m1
2022-06-09 22:52:22 → 62895324567778 → fgdfdfherh → 来（发 ）广告，联系 bs91m1
2022-06-09 22:53:19 → 601112672704 → srjlq → 需要 群、发，找 bs91m1
2022-06-09 22:54:18 → 60142963511 → phpzufang → 需要 群、发，找 bs91m1
2022-06-09 22:56:16 → 60142963511 → shujyinl → 想找人（ 发 ）广告，找 bs91m1
2022-06-09 22:57:15 → 62895324567778 → guojitongdaoduanxin → 需要 软、件，找 bs91m1
2022-06-09 22:58:14 → 601112672704 → adasdasw → 想找人（ 发 ）广告，找 bs91m1
2022-06-09 22:59:19 → 601112672704 → dunxin106 → 准备（发 ）广告，找 bs91m1
2022-06-09 23:01:10 → 62895324567778 → amjwg → 准备（发 ）广告，找 bs91m1
2022-06-09 23:02:09 → 60142963511 → YHK_security → 想要（发 ）广告，找 bs91m1
2022-06-09 23:05:59 → 601112672704 → jinsanjiaobc → 需要 群、发软、件，找 bs91m1
2022-06-09 23:11:37 → 601112672704 → fv0015 → 想要（发 ）广告，找 bs91m1
2022-06-09 23:14:25 → 601112672704 → hnsdfhs155 → 需要 群、发，找 bs91m1
2022-06-09 23:15:25 → 62895324567778 → yinlianguoji → 准备（发 ）广告，找 bs91m1
2022-06-09 23:18:16 → 62895324567778 → miaomiao12356 → 想找人（ 发 ）广告，找 bs91m1
2022-06-09 23:21:01 → 60142963511 → YHK_security → 想找人（ 发 ）广告，找 bs91m1
2022-06-09 23:22:08 → 62895324567778 → Philippines_visa → 来（发 ）广告，联系 bs91m1
2022-06-09 23:23:06 → 60142963511 → yhksijiantao11 → 想找人（ 发 ）广告，找 bs91m1
2022-06-09 23:24:04 → 601112672704 → buyusdtx → 想找人（ 发 ）广告，找 bs91m1
2022-06-09 23:26:02 → 62895324567778 → Hpy111 → 需要 群、发，找 bs91m1
2022-06-09 23:27:01 → 60142963511 → phpzufang → 想找人（ 发 ）广告，找 bs91m1
2022-06-09 23:28:00 → 601112672704 → youxidaili → 来（发 ）广告，联系 bs91m1
2022-06-09 23:29:58 → 601112672704 → MDhuaren1 → 需要 群、发软、件，找 bs91m1
2022-06-09 23:31:47 → 60142963511 → sirenweixin3 → 想找人（ 发 ）广告，找 bs91m1
2022-06-09 23:33:47 → 601112672704 → USDThuzhu3 → (session) 协议号，零售、批发 找，bs91m1
2022-06-09 23:35:38 → 60142963511 → dsfdshhs → 来（发 ）广告，联系 bs91m1
2022-06-09 23:38:31 → 60142963511 → shujyinl → 想要（发 ）广告，找 bs91m1
2022-06-09 23:40:21 → 601112672704 → zuqiushuju → 来（发 ）广告，联系 bs91m1
2022-06-09 23:41:26 → 601112672704 → fjhq000hz → 需要 群、发软、件，找 bs91m1
2022-06-09 23:42:24 → 62895324567778 → fgdfdfherh → 专业（发 ）广告，联系我 bs91m1
2022-06-09 23:45:20 → 62895324567778 → amjwg → 准备（发 ）广告，找 bs91m1
2022-06-09 23:48:03 → 60142963511 → xianliaoq → 想找人（ 发 ）广告，找 bs91m1
2022-06-09 23:49:08 → 62895324567778 → joinBCPH → (session) 协议号，零售、批发 找，bs91m1
2022-06-09 23:50:57 → 60142963511 → cvv666money → 来（发 ）广告，联系 bs91m1
2022-06-09 23:52:59 → 62895324567778 → phniuniu → 来（发 ）广告，联系 bs91m1
2022-06-09 23:54:57 → 601112672704 → fv0015 → 需要 群、发软、件，找 bs91m1
2022-06-09 23:57:46 → 601112672704 → adasdasw → 准备（发 ）广告，找 bs91m1
2022-06-09 23:58:46 → 60142963511 → yunqian68 → 专业（发 ）广告，联系我 bs91m1
2022-06-09 23:59:45 → 62895324567778 → dubai13148888 → 来（发 ）广告，联系 bs91m1