
2022-06-13 00:00:39 → 60142963511 → yunqian68 → 专业（发 ）广告，联系我 bs91m1
2022-06-13 00:01:38 → 601112672704 → adasdasw → 要（发 ）广告，联系 bs91m1
2022-06-13 00:05:26 → 601112672704 → zuqiushuju → 来（发 ）广告，联系 bs91m1
2022-06-13 00:06:26 → 62895324567778 → miaomiao12356 → 要（发 ）广告，联系 bs91m1
2022-06-13 00:08:30 → 60142963511 → shujyinl → 专业（发 ）广告，联系我 bs91m1
2022-06-13 00:10:23 → 62895324567778 → yinlianguoji → 专业（发 ）广告，联系我 bs91m1
2022-06-13 00:13:12 → 601112672704 → srjlq → 需要 软、件，找 bs91m1
2022-06-13 00:15:02 → 60142963511 → sirenweixin3 → (session) 协议号，零售、批发 找，bs91m1
2022-06-13 00:17:00 → 60142963511 → dsfdshhs → 需要 群、发，找 bs91m1
2022-06-13 00:17:58 → 601112672704 → hnsdfhs155 → 想要（发 ）广告，找 bs91m1
2022-06-13 00:20:53 → 60142963511 → cvv666money → 需要 群、发，找 bs91m1
2022-06-13 00:24:40 → 601112672704 → dunxin106 → 专业（发 ）广告，联系我 bs91m1
2022-06-13 00:26:33 → 60142963511 → seguiren → 要（发 ）广告，联系 bs91m1
2022-06-13 00:27:38 → 601112672704 → fjhq000hz → 要（发 ）广告，联系 bs91m1
2022-06-13 00:29:31 → 60142963511 → lbbet → 需要 群、发软、件，找 bs91m1
2022-06-13 00:31:30 → 60142963511 → jiaoyouqun123 → (session) 协议号，零售、批发 找，bs91m1
2022-06-13 00:35:14 → 601112672704 → USDThuzhu3 → 专业（发 ）广告，联系我 bs91m1
2022-06-13 00:36:11 → 60142963511 → YHK_security → 想要（发 ）广告，找 bs91m1
2022-06-13 00:37:12 → 62895324567778 → yinlianguoji → 要（发 ）广告，联系 bs91m1
2022-06-13 00:39:07 → 601112672704 → srjlq → 来（发 ）广告，联系 bs91m1
2022-06-13 00:40:07 → 60142963511 → xianliaoq → 需要 群、发软、件，找 bs91m1
2022-06-13 00:41:07 → 62895324567778 → Philippines_visa → (session) 协议号，零售、批发 找，bs91m1
2022-06-13 00:43:06 → 62895324567778 → amjwg → 要（发 ）广告，联系 bs91m1
2022-06-13 00:44:56 → 601112672704 → fjhq000hz → 需要 软、件，找 bs91m1
2022-06-13 00:45:55 → 60142963511 → phpzufang → 专业（发 ）广告，联系我 bs91m1
2022-06-13 00:47:00 → 601112672704 → fv0015 → 准备（发 ）广告，找 bs91m1
2022-06-13 00:49:51 → 60142963511 → yhksijiantao11 → 需要 软、件，找 bs91m1
2022-06-13 00:52:41 → 601112672704 → AG686 → 需要 群、发，找 bs91m1
2022-06-13 00:54:48 → 62895324567778 → fgdfdfherh → 需要 群、发软、件，找 bs91m1
2022-06-13 00:55:46 → 601112672704 → buyusdtx → 来（发 ）广告，联系 bs91m1
2022-06-13 00:57:38 → 60142963511 → seguiren → 要（发 ）广告，联系 bs91m1
2022-06-13 00:58:44 → 62895324567778 → Hpy888 → 需要 群、发软、件，找 bs91m1
2022-06-13 01:00:35 → 601112672704 → hnsdfhs155 → 需要 软、件，找 bs91m1
2022-06-13 01:01:33 → 60142963511 → sirenweixin3 → 需要 群、发软、件，找 bs91m1
2022-06-13 01:02:39 → 601112672704 → zuqiushuju → 需要 软、件，找 bs91m1
2022-06-13 01:03:39 → 62895324567778 → phniuniu → 想找人（ 发 ）广告，找 bs91m1
2022-06-13 01:05:30 → 60142963511 → shujyinl → 想找人（ 发 ）广告，找 bs91m1
2022-06-13 01:06:37 → 60142963511 → cvv666money → 需要 群、发软、件，找 bs91m1
2022-06-13 01:07:37 → 62895324567778 → zgfCYJT → 想找人（ 发 ）广告，找 bs91m1
2022-06-13 01:09:28 → 601112672704 → youxidaili → 想要（发 ）广告，找 bs91m1
2022-06-13 01:11:33 → 60142963511 → xianliaoq → 专业（发 ）广告，联系我 bs91m1
2022-06-13 01:13:23 → 601112672704 → adasdasw → 想要（发 ）广告，找 bs91m1
2022-06-13 01:15:27 → 60142963511 → phpzufang → 想找人（ 发 ）广告，找 bs91m1
2022-06-13 01:19:17 → 601112672704 → ziyuanduijie1 → 想找人（ 发 ）广告，找 bs91m1
2022-06-13 01:24:50 → 601112672704 → dunxin106 → (session) 协议号，零售、批发 找，bs91m1
2022-06-13 01:25:56 → 60142963511 → yhksijiantao11 → 来（发 ）广告，联系 bs91m1
2022-06-13 01:28:40 → 601112672704 → jinsanjiaobc → 需要 群、发软、件，找 bs91m1
2022-06-13 01:32:24 → 60142963511 → dsfdshhs → 需要 软、件，找 bs91m1
2022-06-13 01:34:25 → 601112672704 → dunxin106 → 要（发 ）广告，联系 bs91m1
2022-06-13 01:36:16 → 60142963511 → lbbet → 需要 群、发软、件，找 bs91m1
2022-06-13 01:37:22 → 60142963511 → jiaoyouqun123 → 专业（发 ）广告，联系我 bs91m1
2022-06-13 01:38:20 → 601112672704 → zuqiushuju → 需要 群、发软、件，找 bs91m1
2022-06-13 01:40:12 → 62895324567778 → miaomiao12356 → 专业（发 ）广告，联系我 bs91m1
2022-06-13 01:42:10 → 60142963511 → yunqian68 → 来（发 ）广告，联系 bs91m1
2022-06-13 01:43:10 → 62895324567778 → fgdfdfherh → 想找人（ 发 ）广告，找 bs91m1
2022-06-13 01:45:11 → 62895324567778 → dream888 → 来（发 ）广告，联系 bs91m1
2022-06-13 01:47:01 → 601112672704 → youxidaili → 来（发 ）广告，联系 bs91m1
2022-06-13 01:48:58 → 601112672704 → fjhq000hz → 来（发 ）广告，联系 bs91m1
2022-06-13 01:49:58 → 60142963511 → sirenweixin3 → 准备（发 ）广告，找 bs91m1
2022-06-13 01:50:58 → 62895324567778 → zgfCYJT → 想要（发 ）广告，找 bs91m1
2022-06-13 01:52:56 → 60142963511 → yhksijiantao11 → 专业（发 ）广告，联系我 bs91m1
2022-06-13 01:54:49 → 62895324567778 → joinBCPH → 需要 软、件，找 bs91m1
2022-06-13 01:55:47 → 601112672704 → USDThuzhu3 → 来（发 ）广告，联系 bs91m1
2022-06-13 01:59:45 → 62895324567778 → Hpy111 → 需要 群、发软、件，找 bs91m1
2022-06-13 02:03:39 → 601112672704 → hnsdfhs155 → 专业（发 ）广告，联系我 bs91m1
2022-06-13 02:06:37 → 60142963511 → xianliaoq → 需要 软、件，找 bs91m1
2022-06-13 02:09:29 → 60142963511 → shujyinl → 需要 软、件，找 bs91m1
2022-06-13 02:10:29 → 62895324567778 → dubai13148888 → 需要 群、发，找 bs91m1
2022-06-13 02:11:27 → 601112672704 → srjlq → 需要 软、件，找 bs91m1
2022-06-13 02:12:32 → 601112672704 → buyusdtx → 要（发 ）广告，联系 bs91m1
2022-06-13 02:13:30 → 60142963511 → yunqian68 → 来（发 ）广告，联系 bs91m1
2022-06-13 02:17:19 → 60142963511 → jiaoyouqun123 → (session) 协议号，零售、批发 找，bs91m1
2022-06-13 02:18:17 → 601112672704 → adasdasw → 来（发 ）广告，联系 bs91m1
2022-06-13 02:22:01 → 60142963511 → lbbet → (session) 协议号，零售、批发 找，bs91m1
2022-06-13 02:22:59 → 601112672704 → jinsanjiaobc → 来（发 ）广告，联系 bs91m1
2022-06-13 02:24:04 → 60142963511 → dsfdshhs → 需要 软、件，找 bs91m1
2022-06-13 02:25:55 → 601112672704 → fv0015 → 要（发 ）广告，联系 bs91m1
2022-06-13 02:27:54 → 60142963511 → seguiren → 来（发 ）广告，联系 bs91m1
2022-06-13 02:32:28 → 601112672704 → dunxin106 → 来（发 ）广告，联系 bs91m1
2022-06-13 02:34:19 → 60142963511 → phpzufang → 想要（发 ）广告，找 bs91m1
2022-06-13 02:37:11 → 601112672704 → hnsdfhs155 → (session) 协议号，零售、批发 找，bs91m1
2022-06-13 02:38:09 → 60142963511 → cvv666money → 来（发 ）广告，联系 bs91m1
2022-06-13 02:40:58 → 601112672704 → srjlq → 来（发 ）广告，联系 bs91m1
2022-06-13 02:43:55 → 601112672704 → fv0015 → 想找人（ 发 ）广告，找 bs91m1
2022-06-13 02:44:55 → 62895324567778 → Hpy111 → 要（发 ）广告，联系 bs91m1
2022-06-13 02:45:55 → 60142963511 → shujyinl → 来（发 ）广告，联系 bs91m1
2022-06-13 02:47:01 → 62895324567778 → yinlianguoji → 准备（发 ）广告，找 bs91m1
2022-06-13 02:48:01 → 601112672704 → zuqiushuju → 需要 软、件，找 bs91m1
2022-06-13 02:49:00 → 60142963511 → phpzufang → (session) 协议号，零售、批发 找，bs91m1
2022-06-13 02:51:50 → 60142963511 → yunqian68 → 要（发 ）广告，联系 bs91m1
2022-06-13 02:52:48 → 601112672704 → jinsanjiaobc → 来（发 ）广告，联系 bs91m1
2022-06-13 02:53:48 → 62895324567778 → dream888 → 专业（发 ）广告，联系我 bs91m1
2022-06-13 02:54:54 → 60142963511 → yhksijiantao11 → 专业（发 ）广告，联系我 bs91m1
2022-06-13 02:55:52 → 601112672704 → USDThuzhu3 → (session) 协议号，零售、批发 找，bs91m1
2022-06-13 02:57:44 → 62895324567778 → guojitongdaoduanxin → 来（发 ）广告，联系 bs91m1
2022-06-13 03:00:36 → 60142963511 → xianliaoq → 需要 群、发，找 bs91m1
2022-06-13 03:02:36 → 60142963511 → sirenweixin3 → 想找人（ 发 ）广告，找 bs91m1
2022-06-13 03:04:26 → 601112672704 → AG686 → 准备（发 ）广告，找 bs91m1
2022-06-13 03:05:26 → 62895324567778 → Philippines_visa → 专业（发 ）广告，联系我 bs91m1
2022-06-13 03:06:32 → 62895324567778 → amjwg → 来（发 ）广告，联系 bs91m1
2022-06-13 03:08:23 → 60142963511 → dsfdshhs → 要（发 ）广告，联系 bs91m1
2022-06-13 03:09:22 → 601112672704 → fjhq000hz → 来（发 ）广告，联系 bs91m1
2022-06-13 03:12:19 → 60142963511 → jiaoyouqun123 → 需要 群、发，找 bs91m1
2022-06-13 03:13:17 → 601112672704 → adasdasw → 来（发 ）广告，联系 bs91m1
2022-06-13 03:14:23 → 60142963511 → lbbet → 来（发 ）广告，联系 bs91m1
2022-06-13 03:16:17 → 62895324567778 → phniuniu → 想要（发 ）广告，找 bs91m1
2022-06-13 03:17:15 → 601112672704 → youxidaili → 来（发 ）广告，联系 bs91m1
2022-06-13 03:19:20 → 62895324567778 → joinBCPH → 需要 群、发，找 bs91m1
2022-06-13 03:23:10 → 601112672704 → ziyuanduijie1 → 准备（发 ）广告，找 bs91m1
2022-06-13 03:25:01 → 60142963511 → seguiren → 需要 群、发，找 bs91m1
2022-06-13 03:32:32 → 60142963511 → cvv666money → (session) 协议号，零售、批发 找，bs91m1
2022-06-13 03:33:37 → 601112672704 → zuqiushuju → 专业（发 ）广告，联系我 bs91m1
2022-06-13 03:38:13 → 60142963511 → seguiren → 专业（发 ）广告，联系我 bs91m1
2022-06-13 03:43:53 → 601112672704 → adasdasw → 专业（发 ）广告，联系我 bs91m1
2022-06-13 03:44:58 → 601112672704 → srjlq → 来（发 ）广告，联系 bs91m1
2022-06-13 03:46:00 → 62895324567778 → fgdfdfherh → 需要 群、发软、件，找 bs91m1
2022-06-13 03:47:52 → 60142963511 → jiaoyouqun123 → 专业（发 ）广告，联系我 bs91m1
2022-06-13 03:49:50 → 62895324567778 → Hpy111 → 专业（发 ）广告，联系我 bs91m1
2022-06-13 03:50:48 → 60142963511 → phpzufang → 想要（发 ）广告，找 bs91m1
2022-06-13 03:53:46 → 601112672704 → fjhq000hz → 要（发 ）广告，联系 bs91m1
2022-06-13 03:54:45 → 60142963511 → dsfdshhs → 准备（发 ）广告，找 bs91m1
2022-06-13 03:56:43 → 60142963511 → cvv666money → 准备（发 ）广告，找 bs91m1
2022-06-13 03:57:41 → 601112672704 → USDThuzhu3 → 想要（发 ）广告，找 bs91m1
2022-06-13 03:59:31 → 62895324567778 → zgfCYJT → 来（发 ）广告，联系 bs91m1
2022-06-13 04:00:36 → 601112672704 → jinsanjiaobc → 想要（发 ）广告，找 bs91m1
2022-06-13 04:02:26 → 62895324567778 → amjwg → 想找人（ 发 ）广告，找 bs91m1
2022-06-13 04:03:25 → 60142963511 → xianliaoq → 来（发 ）广告，联系 bs91m1
2022-06-13 04:04:31 → 60142963511 → sirenweixin3 → 需要 群、发，找 bs91m1
2022-06-13 04:05:29 → 601112672704 → fv0015 → 要（发 ）广告，联系 bs91m1
2022-06-13 04:07:21 → 62895324567778 → G88888880 → 需要 群、发软、件，找 bs91m1
2022-06-13 04:08:27 → 62895324567778 → joinBCPH → 来（发 ）广告，联系 bs91m1
2022-06-13 04:09:25 → 601112672704 → buyusdtx → 需要 软、件，找 bs91m1
2022-06-13 04:11:17 → 60142963511 → shujyinl → 想要（发 ）广告，找 bs91m1
2022-06-13 04:12:23 → 62895324567778 → Philippines_visa → 想要（发 ）广告，找 bs91m1
2022-06-13 04:14:13 → 601112672704 → youxidaili → 要（发 ）广告，联系 bs91m1
2022-06-13 04:15:12 → 60142963511 → YHK_security → 来（发 ）广告，联系 bs91m1
2022-06-13 04:16:19 → 62895324567778 → miaomiao12356 → (session) 协议号，零售、批发 找，bs91m1
2022-06-13 04:18:10 → 60142963511 → yhksijiantao11 → 需要 软、件，找 bs91m1
2022-06-13 04:19:09 → 601112672704 → dunxin106 → 来（发 ）广告，联系 bs91m1
2022-06-13 04:20:15 → 601112672704 → hnsdfhs155 → 需要 群、发，找 bs91m1
2022-06-13 04:21:14 → 62895324567778 → guojitongdaoduanxin → 想找人（ 发 ）广告，找 bs91m1
2022-06-13 04:22:15 → 60142963511 → lbbet → 来（发 ）广告，联系 bs91m1
2022-06-13 04:25:58 → 60142963511 → yunqian68 → 需要 群、发，找 bs91m1
2022-06-13 04:29:42 → 601112672704 → fv0015 → (session) 协议号，零售、批发 找，bs91m1
2022-06-13 04:33:30 → 601112672704 → srjlq → 来（发 ）广告，联系 bs91m1
2022-06-13 04:36:21 → 601112672704 → ziyuanduijie1 → 需要 软、件，找 bs91m1
2022-06-13 04:38:14 → 60142963511 → sirenweixin3 → 需要 软、件，找 bs91m1
2022-06-13 04:40:14 → 60142963511 → yhksijiantao11 → 想要（发 ）广告，找 bs91m1
2022-06-13 04:42:04 → 601112672704 → adasdasw → 需要 软、件，找 bs91m1
2022-06-13 04:44:02 → 60142963511 → phpzufang → 想要（发 ）广告，找 bs91m1
2022-06-13 04:46:52 → 601112672704 → AG686 → (session) 协议号，零售、批发 找，bs91m1
2022-06-13 04:47:57 → 601112672704 → jinsanjiaobc → 想要（发 ）广告，找 bs91m1
2022-06-13 04:48:56 → 60142963511 → lbbet → 专业（发 ）广告，联系我 bs91m1
2022-06-13 04:50:47 → 62895324567778 → dream888 → 来（发 ）广告，联系 bs91m1
2022-06-13 04:51:53 → 60142963511 → seguiren → 需要 群、发软、件，找 bs91m1
2022-06-13 04:56:33 → 60142963511 → cvv666money → 需要 软、件，找 bs91m1
2022-06-13 04:57:31 → 601112672704 → dunxin106 → 需要 群、发软、件，找 bs91m1
2022-06-13 04:58:31 → 62895324567778 → Hpy111 → 来（发 ）广告，联系 bs91m1
2022-06-13 05:00:29 → 60142963511 → yunqian68 → 想要（发 ）广告，找 bs91m1
2022-06-13 05:02:21 → 62895324567778 → dubai13148888 → 需要 群、发，找 bs91m1
2022-06-13 05:03:26 → 601112672704 → hnsdfhs155 → 想要（发 ）广告，找 bs91m1
2022-06-13 05:05:17 → 60142963511 → xianliaoq → 准备（发 ）广告，找 bs91m1
2022-06-13 05:06:18 → 62895324567778 → Philippines_visa → 想找人（ 发 ）广告，找 bs91m1
2022-06-13 05:07:23 → 60142963511 → dsfdshhs → 想找人（ 发 ）广告，找 bs91m1
2022-06-13 05:08:23 → 62895324567778 → miaomiao12356 → (session) 协议号，零售、批发 找，bs91m1
2022-06-13 05:09:21 → 601112672704 → USDThuzhu3 → 专业（发 ）广告，联系我 bs91m1
2022-06-13 05:12:09 → 601112672704 → fjhq000hz → 需要 群、发软、件，找 bs91m1
2022-06-13 05:13:08 → 62895324567778 → zgfCYJT → 想要（发 ）广告，找 bs91m1
2022-06-13 05:14:06 → 60142963511 → YHK_security → 准备（发 ）广告，找 bs91m1
2022-06-13 05:16:05 → 601112672704 → youxidaili → 来（发 ）广告，联系 bs91m1
2022-06-13 05:17:04 → 60142963511 → shujyinl → 来（发 ）广告，联系 bs91m1
2022-06-13 05:19:02 → 62895324567778 → guojitongdaoduanxin → 需要 软、件，找 bs91m1
2022-06-13 05:20:00 → 601112672704 → zuqiushuju → (session) 协议号，零售、批发 找，bs91m1
2022-06-13 05:20:59 → 60142963511 → jiaoyouqun123 → (session) 协议号，零售、批发 找，bs91m1
2022-06-13 05:24:42 → 62895324567778 → xd836809 → 需要 软、件，找 bs91m1
2022-06-13 05:27:33 → 62895324567778 → dream888 → 需要 群、发，找 bs91m1
2022-06-13 05:28:33 → 60142963511 → sirenweixin3 → 想找人（ 发 ）广告，找 bs91m1
2022-06-13 05:29:32 → 601112672704 → buyusdtx → 需要 软、件，找 bs91m1
2022-06-13 05:31:29 → 601112672704 → fjhq000hz → 需要 软、件，找 bs91m1
2022-06-13 05:32:28 → 60142963511 → xianliaoq → 准备（发 ）广告，找 bs91m1
2022-06-13 05:33:29 → 62895324567778 → yinlianguoji → (session) 协议号，零售、批发 找，bs91m1
2022-06-13 05:34:34 → 601112672704 → srjlq → 需要 群、发，找 bs91m1
2022-06-13 05:37:19 → 60142963511 → lbbet → 需要 群、发软、件，找 bs91m1
2022-06-13 05:39:18 → 601112672704 → youxidaili → 专业（发 ）广告，联系我 bs91m1
2022-06-13 05:40:17 → 60142963511 → yunqian68 → 要（发 ）广告，联系 bs91m1
2022-06-13 05:42:15 → 60142963511 → phpzufang → 要（发 ）广告，联系 bs91m1
2022-06-13 05:43:13 → 601112672704 → adasdasw → 需要 软、件，找 bs91m1
2022-06-13 05:46:04 → 601112672704 → USDThuzhu3 → 想找人（ 发 ）广告，找 bs91m1
2022-06-13 05:47:58 → 60142963511 → jiaoyouqun123 → 需要 群、发软、件，找 bs91m1
2022-06-13 05:50:52 → 62895324567778 → phniuniu → 准备（发 ）广告，找 bs91m1
2022-06-13 05:53:38 → 601112672704 → hnsdfhs155 → 需要 群、发软、件，找 bs91m1
2022-06-13 05:54:44 → 62895324567778 → fgdfdfherh → (session) 协议号，零售、批发 找，bs91m1
2022-06-13 05:55:43 → 60142963511 → cvv666money → 来（发 ）广告，联系 bs91m1
2022-06-13 05:57:32 → 601112672704 → fv0015 → (session) 协议号，零售、批发 找，bs91m1
2022-06-13 06:00:27 → 601112672704 → jinsanjiaobc → (session) 协议号，零售、批发 找，bs91m1
2022-06-13 06:01:26 → 62895324567778 → joinBCPH → (session) 协议号，零售、批发 找，bs91m1
2022-06-13 06:03:23 → 601112672704 → dunxin106 → 要（发 ）广告，联系 bs91m1
2022-06-13 06:04:22 → 60142963511 → yhksijiantao11 → 准备（发 ）广告，找 bs91m1
2022-06-13 06:06:18 → 601112672704 → AG686 → 想找人（ 发 ）广告，找 bs91m1
2022-06-13 06:07:17 → 60142963511 → seguiren → 来（发 ）广告，联系 bs91m1
2022-06-13 06:09:10 → 62895324567778 → dubai13148888 → 来（发 ）广告，联系 bs91m1
2022-06-13 06:10:15 → 601112672704 → ziyuanduijie1 → 需要 软、件，找 bs91m1
2022-06-13 06:12:05 → 62895324567778 → fgdfdfherh → 需要 软、件，找 bs91m1
2022-06-13 06:13:03 → 60142963511 → shujyinl → 需要 群、发软、件，找 bs91m1
2022-06-13 06:14:08 → 60142963511 → dsfdshhs → 需要 群、发软、件，找 bs91m1
2022-06-13 06:16:58 → 601112672704 → zuqiushuju → (session) 协议号，零售、批发 找，bs91m1
2022-06-13 06:18:56 → 62895324567778 → xd836809 → 来（发 ）广告，联系 bs91m1
2022-06-13 06:25:35 → 62895324567778 → zgfCYJT → 准备（发 ）广告，找 bs91m1
2022-06-13 06:26:35 → 60142963511 → seguiren → 专业（发 ）广告，联系我 bs91m1
2022-06-13 06:28:26 → 601112672704 → jinsanjiaobc → (session) 协议号，零售、批发 找，bs91m1
2022-06-13 06:29:33 → 62895324567778 → yinlianguoji → 要（发 ）广告，联系 bs91m1
2022-06-13 06:32:22 → 601112672704 → fjhq000hz → 要（发 ）广告，联系 bs91m1
2022-06-13 06:35:14 → 601112672704 → fv0015 → 要（发 ）广告，联系 bs91m1
2022-06-13 06:36:15 → 60142963511 → yunqian68 → 想要（发 ）广告，找 bs91m1
2022-06-13 06:38:12 → 601112672704 → adasdasw → 专业（发 ）广告，联系我 bs91m1
2022-06-13 06:42:55 → 60142963511 → lbbet → 来（发 ）广告，联系 bs91m1
2022-06-13 06:43:54 → 601112672704 → srjlq → 准备（发 ）广告，找 bs91m1
2022-06-13 06:44:59 → 60142963511 → yhksijiantao11 → 需要 群、发，找 bs91m1
2022-06-13 06:45:57 → 601112672704 → hnsdfhs155 → 需要 软、件，找 bs91m1
2022-06-13 06:50:33 → 60142963511 → YHK_security → 来（发 ）广告，联系 bs91m1
2022-06-13 06:51:33 → 62895324567778 → Hpy888 → 准备（发 ）广告，找 bs91m1
2022-06-13 06:52:39 → 60142963511 → cvv666money → 想要（发 ）广告，找 bs91m1
2022-06-13 06:57:23 → 62895324567778 → miaomiao12356 → 准备（发 ）广告，找 bs91m1
2022-06-13 06:58:22 → 60142963511 → shujyinl → 准备（发 ）广告，找 bs91m1
2022-06-13 06:59:20 → 601112672704 → zuqiushuju → 需要 软、件，找 bs91m1
2022-06-13 07:00:25 → 60142963511 → phpzufang → 来（发 ）广告，联系 bs91m1
2022-06-13 07:03:18 → 601112672704 → youxidaili → 要（发 ）广告，联系 bs91m1
2022-06-13 07:04:24 → 60142963511 → jiaoyouqun123 → 想找人（ 发 ）广告，找 bs91m1
2022-06-13 07:05:23 → 62895324567778 → joinBCPH → 准备（发 ）广告，找 bs91m1
2022-06-13 07:06:20 → 601112672704 → buyusdtx → 专业（发 ）广告，联系我 bs91m1
2022-06-13 07:08:20 → 62895324567778 → dream888 → 来（发 ）广告，联系 bs91m1
2022-06-13 07:09:18 → 60142963511 → xianliaoq → 准备（发 ）广告，找 bs91m1
2022-06-13 07:14:49 → 601112672704 → dunxin106 → (session) 协议号，零售、批发 找，bs91m1
2022-06-13 07:16:46 → 601112672704 → USDThuzhu3 → 专业（发 ）广告，联系我 bs91m1
2022-06-13 07:17:46 → 60142963511 → lbbet → 需要 软、件，找 bs91m1
2022-06-13 07:20:44 → 60142963511 → yhksijiantao11 → 要（发 ）广告，联系 bs91m1
2022-06-13 07:22:36 → 62895324567778 → Philippines_visa → 专业（发 ）广告，联系我 bs91m1
2022-06-13 07:23:43 → 62895324567778 → amjwg → (session) 协议号，零售、批发 找，bs91m1
2022-06-13 07:24:43 → 601112672704 → hnsdfhs155 → 要（发 ）广告，联系 bs91m1
2022-06-13 07:25:42 → 60142963511 → xianliaoq → 要（发 ）广告，联系 bs91m1
2022-06-13 07:27:40 → 62895324567778 → xd836809 → 来（发 ）广告，联系 bs91m1
2022-06-13 07:28:38 → 601112672704 → zuqiushuju → 需要 群、发软、件，找 bs91m1
2022-06-13 07:29:37 → 60142963511 → sirenweixin3 → 需要 群、发软、件，找 bs91m1
2022-06-13 07:33:20 → 601112672704 → jinsanjiaobc → 来（发 ）广告，联系 bs91m1
2022-06-13 07:36:16 → 60142963511 → yunqian68 → 专业（发 ）广告，联系我 bs91m1
2022-06-13 07:37:14 → 601112672704 → adasdasw → 要（发 ）广告，联系 bs91m1
2022-06-13 07:39:13 → 601112672704 → youxidaili → 来（发 ）广告，联系 bs91m1
2022-06-13 07:43:54 → 601112672704 → AG686 → 需要 群、发，找 bs91m1
2022-06-13 07:44:53 → 60142963511 → dsfdshhs → 需要 群、发，找 bs91m1
2022-06-13 07:46:52 → 60142963511 → shujyinl → 要（发 ）广告，联系 bs91m1
2022-06-13 07:51:49 → 62895324567778 → Hpy111 → 想找人（ 发 ）广告，找 bs91m1
2022-06-13 07:52:29 → 60142963511 → seguiren → 要（发 ）广告，联系 bs91m1
2022-06-13 07:53:28 → 601112672704 → fjhq000hz → 来（发 ）广告，联系 bs91m1
2022-06-13 07:56:16 → 601112672704 → srjlq → 需要 群、发软、件，找 bs91m1
2022-06-13 07:57:15 → 60142963511 → phpzufang → 准备（发 ）广告，找 bs91m1
2022-06-13 08:00:12 → 601112672704 → USDThuzhu3 → 来（发 ）广告，联系 bs91m1
2022-06-13 08:01:11 → 60142963511 → jiaoyouqun123 → 要（发 ）广告，联系 bs91m1
2022-06-13 08:02:10 → 62895324567778 → guojitongdaoduanxin → 需要 软、件，找 bs91m1
2022-06-13 08:03:17 → 60142963511 → cvv666money → 来（发 ）广告，联系 bs91m1
2022-06-13 08:04:16 → 62895324567778 → phniuniu → 来（发 ）广告，联系 bs91m1
2022-06-13 08:06:06 → 601112672704 → dunxin106 → (session) 协议号，零售、批发 找，bs91m1
2022-06-13 08:08:03 → 601112672704 → fv0015 → 需要 软、件，找 bs91m1
2022-06-13 08:09:02 → 62895324567778 → Hpy888 → 来（发 ）广告，联系 bs91m1
2022-06-13 08:13:51 → 60142963511 → yunqian68 → 准备（发 ）广告，找 bs91m1
2022-06-13 08:14:57 → 60142963511 → seguiren → 要（发 ）广告，联系 bs91m1
2022-06-13 08:15:55 → 601112672704 → ziyuanduijie1 → 想要（发 ）广告，找 bs91m1
2022-06-13 08:17:46 → 62895324567778 → fgdfdfherh → 想要（发 ）广告，找 bs91m1
2022-06-13 08:20:42 → 62895324567778 → yinlianguoji → 专业（发 ）广告，联系我 bs91m1
2022-06-13 08:22:40 → 601112672704 → fv0015 → (session) 协议号，零售、批发 找，bs91m1
2022-06-13 08:25:23 → 60142963511 → phpzufang → 需要 群、发软、件，找 bs91m1
2022-06-13 08:26:29 → 60142963511 → dsfdshhs → 准备（发 ）广告，找 bs91m1
2022-06-13 08:27:27 → 601112672704 → hnsdfhs155 → 准备（发 ）广告，找 bs91m1
2022-06-13 08:28:27 → 62895324567778 → xd836809 → 需要 软、件，找 bs91m1
2022-06-13 08:30:25 → 62895324567778 → dream888 → 需要 群、发，找 bs91m1
2022-06-13 08:31:23 → 601112672704 → youxidaili → 需要 软、件，找 bs91m1
2022-06-13 08:33:13 → 60142963511 → cvv666money → 需要 群、发软、件，找 bs91m1
2022-06-13 08:34:19 → 60142963511 → yhksijiantao11 → 想找人（ 发 ）广告，找 bs91m1
2022-06-13 08:37:03 → 601112672704 → jinsanjiaobc → 想找人（ 发 ）广告，找 bs91m1
2022-06-13 08:39:01 → 601112672704 → USDThuzhu3 → 来（发 ）广告，联系 bs91m1
2022-06-13 08:40:54 → 60142963511 → shujyinl → 需要 群、发，找 bs91m1
2022-06-13 08:42:51 → 601112672704 → adasdasw → 专业（发 ）广告，联系我 bs91m1
2022-06-13 08:45:51 → 601112672704 → dunxin106 → 要（发 ）广告，联系 bs91m1
2022-06-13 08:49:41 → 601112672704 → buyusdtx → (session) 协议号，零售、批发 找，bs91m1
2022-06-13 08:53:24 → 60142963511 → xianliaoq → 需要 软、件，找 bs91m1
2022-06-13 08:54:29 → 601112672704 → fjhq000hz → 想找人（ 发 ）广告，找 bs91m1
2022-06-13 08:55:28 → 60142963511 → lbbet → 专业（发 ）广告，联系我 bs91m1
2022-06-13 09:00:10 → 601112672704 → zuqiushuju → 专业（发 ）广告，联系我 bs91m1
2022-06-13 09:01:09 → 60142963511 → jiaoyouqun123 → 需要 群、发软、件，找 bs91m1
2022-06-13 09:03:08 → 62895324567778 → zgfCYJT → 需要 软、件，找 bs91m1
2022-06-13 09:05:59 → 601112672704 → AG686 → 需要 群、发，找 bs91m1
2022-06-13 09:06:59 → 60142963511 → yunqian68 → 需要 群、发软、件，找 bs91m1
2022-06-13 09:08:51 → 62895324567778 → phniuniu → 来（发 ）广告，联系 bs91m1
2022-06-13 09:11:53 → 62895324567778 → yinlianguoji → (session) 协议号，零售、批发 找，bs91m1
2022-06-13 09:13:50 → 60142963511 → lbbet → 需要 群、发软、件，找 bs91m1
2022-06-13 09:14:48 → 601112672704 → srjlq → 要（发 ）广告，联系 bs91m1
2022-06-13 09:16:39 → 62895324567778 → amjwg → 需要 群、发软、件，找 bs91m1
2022-06-13 09:17:45 → 62895324567778 → G88888880 → (session) 协议号，零售、批发 找，bs91m1
2022-06-13 09:18:43 → 60142963511 → xianliaoq → 来（发 ）广告，联系 bs91m1
2022-06-13 09:21:34 → 62895324567778 → Hpy111 → 准备（发 ）广告，找 bs91m1
2022-06-13 09:24:23 → 601112672704 → youxidaili → 想找人（ 发 ）广告，找 bs91m1
2022-06-13 09:26:21 → 62895324567778 → miaomiao12356 → 来（发 ）广告，联系 bs91m1
2022-06-13 09:27:20 → 60142963511 → seguiren → (session) 协议号，零售、批发 找，bs91m1
2022-06-13 09:30:11 → 601112672704 → fv0015 → 准备（发 ）广告，找 bs91m1
2022-06-13 09:31:10 → 62895324567778 → guojitongdaoduanxin → 想找人（ 发 ）广告，找 bs91m1
2022-06-13 09:32:09 → 60142963511 → jiaoyouqun123 → 要（发 ）广告，联系 bs91m1
2022-06-13 09:33:14 → 601112672704 → srjlq → 准备（发 ）广告，找 bs91m1
2022-06-13 09:34:13 → 60142963511 → sirenweixin3 → 需要 群、发软、件，找 bs91m1
2022-06-13 09:37:01 → 601112672704 → adasdasw → 来（发 ）广告，联系 bs91m1
2022-06-13 09:39:47 → 60142963511 → cvv666money → 想找人（ 发 ）广告，找 bs91m1
2022-06-13 09:40:52 → 60142963511 → yhksijiantao11 → 来（发 ）广告，联系 bs91m1
2022-06-13 09:46:28 → 60142963511 → shujyinl → 准备（发 ）广告，找 bs91m1
2022-06-13 09:48:25 → 60142963511 → dsfdshhs → 来（发 ）广告，联系 bs91m1
2022-06-13 09:51:09 → 601112672704 → dunxin106 → 需要 群、发，找 bs91m1
2022-06-13 09:52:15 → 601112672704 → fjhq000hz → 想要（发 ）广告，找 bs91m1
2022-06-13 09:53:14 → 60142963511 → phpzufang → 需要 软、件，找 bs91m1
2022-06-13 09:57:03 → 62895324567778 → G88888880 → 专业（发 ）广告，联系我 bs91m1
2022-06-13 09:58:01 → 601112672704 → jinsanjiaobc → (session) 协议号，零售、批发 找，bs91m1
2022-06-13 09:59:59 → 60142963511 → YHK_security → 专业（发 ）广告，联系我 bs91m1
2022-06-13 10:01:48 → 601112672704 → USDThuzhu3 → 来（发 ）广告，联系 bs91m1
2022-06-13 10:02:48 → 62895324567778 → fgdfdfherh → 专业（发 ）广告，联系我 bs91m1
2022-06-13 10:04:45 → 60142963511 → yhksijiantao11 → 要（发 ）广告，联系 bs91m1
2022-06-13 10:05:43 → 601112672704 → hnsdfhs155 → 需要 群、发，找 bs91m1
2022-06-13 10:06:42 → 62895324567778 → guojitongdaoduanxin → 要（发 ）广告，联系 bs91m1
2022-06-13 10:07:47 → 60142963511 → yunqian68 → 想找人（ 发 ）广告，找 bs91m1
2022-06-13 10:09:39 → 62895324567778 → joinBCPH → 专业（发 ）广告，联系我 bs91m1
2022-06-13 10:10:37 → 601112672704 → ziyuanduijie1 → 准备（发 ）广告，找 bs91m1
2022-06-13 10:12:34 → 60142963511 → jiaoyouqun123 → 准备（发 ）广告，找 bs91m1
2022-06-13 10:13:32 → 601112672704 → zuqiushuju → 需要 软、件，找 bs91m1
2022-06-13 10:14:31 → 62895324567778 → zgfCYJT → 需要 软、件，找 bs91m1
2022-06-13 10:15:37 → 60142963511 → lbbet → 需要 软、件，找 bs91m1
2022-06-13 10:16:36 → 62895324567778 → Hpy111 → 需要 软、件，找 bs91m1
2022-06-13 10:19:25 → 60142963511 → dsfdshhs → 准备（发 ）广告，找 bs91m1
2022-06-13 10:22:11 → 62895324567778 → dream888 → 想要（发 ）广告，找 bs91m1
2022-06-13 10:24:15 → 62895324567778 → miaomiao12356 → 来（发 ）广告，联系 bs91m1
2022-06-13 10:26:05 → 60142963511 → shujyinl → 需要 群、发软、件，找 bs91m1
2022-06-13 10:28:02 → 601112672704 → fv0015 → 来（发 ）广告，联系 bs91m1
2022-06-13 10:30:00 → 60142963511 → xianliaoq → (session) 协议号，零售、批发 找，bs91m1
2022-06-13 10:31:05 → 601112672704 → srjlq → 要（发 ）广告，联系 bs91m1
2022-06-13 10:32:55 → 60142963511 → seguiren → 来（发 ）广告，联系 bs91m1
2022-06-13 10:35:48 → 601112672704 → buyusdtx → 来（发 ）广告，联系 bs91m1
2022-06-13 10:36:47 → 60142963511 → cvv666money → (session) 协议号，零售、批发 找，bs91m1
2022-06-13 10:41:28 → 601112672704 → jinsanjiaobc → 想找人（ 发 ）广告，找 bs91m1
2022-06-13 10:44:17 → 601112672704 → youxidaili → 需要 群、发软、件，找 bs91m1
2022-06-13 10:47:16 → 601112672704 → fjhq000hz → 专业（发 ）广告，联系我 bs91m1
2022-06-13 10:48:15 → 60142963511 → phpzufang → 需要 群、发，找 bs91m1
2022-06-13 10:50:12 → 601112672704 → USDThuzhu3 → 想找人（ 发 ）广告，找 bs91m1
2022-06-13 10:53:55 → 601112672704 → dunxin106 → 需要 软、件，找 bs91m1
2022-06-13 10:54:55 → 60142963511 → yunqian68 → 要（发 ）广告，联系 bs91m1
2022-06-13 10:55:54 → 62895324567778 → phniuniu → 来（发 ）广告，联系 bs91m1
2022-06-13 10:57:52 → 62895324567778 → Hpy111 → 想找人（ 发 ）广告，找 bs91m1
2022-06-13 10:58:51 → 601112672704 → zuqiushuju → 想找人（ 发 ）广告，找 bs91m1
2022-06-13 11:00:41 → 60142963511 → sirenweixin3 → 需要 群、发，找 bs91m1
2022-06-13 11:01:46 → 601112672704 → hnsdfhs155 → 想要（发 ）广告，找 bs91m1
2022-06-13 11:03:38 → 62895324567778 → joinBCPH → 专业（发 ）广告，联系我 bs91m1
2022-06-13 11:04:37 → 60142963511 → seguiren → 想要（发 ）广告，找 bs91m1
2022-06-13 11:05:42 → 601112672704 → AG686 → 需要 软、件，找 bs91m1
2022-06-13 11:07:36 → 60142963511 → shujyinl → 需要 群、发软、件，找 bs91m1
2022-06-13 11:10:25 → 62895324567778 → amjwg → 需要 群、发，找 bs91m1
2022-06-13 11:11:23 → 601112672704 → adasdasw → 想要（发 ）广告，找 bs91m1
2022-06-13 11:12:21 → 60142963511 → xianliaoq → 需要 群、发软、件，找 bs91m1
2022-06-13 11:14:18 → 60142963511 → phpzufang → (session) 协议号，零售、批发 找，bs91m1
2022-06-13 11:15:18 → 62895324567778 → zgfCYJT → 专业（发 ）广告，联系我 bs91m1
2022-06-13 11:18:14 → 60142963511 → lbbet → 要（发 ）广告，联系 bs91m1
2022-06-13 11:20:05 → 601112672704 → fjhq000hz → 想找人（ 发 ）广告，找 bs91m1
2022-06-13 11:21:10 → 60142963511 → yhksijiantao11 → 想要（发 ）广告，找 bs91m1
2022-06-13 11:23:00 → 601112672704 → adasdasw → 需要 群、发软、件，找 bs91m1
2022-06-13 11:23:59 → 62895324567778 → yinlianguoji → 来（发 ）广告，联系 bs91m1
2022-06-13 11:26:50 → 60142963511 → YHK_security → 来（发 ）广告，联系 bs91m1
2022-06-13 11:27:50 → 62895324567778 → fgdfdfherh → (session) 协议号，零售、批发 找，bs91m1
2022-06-13 11:29:48 → 60142963511 → cvv666money → 专业（发 ）广告，联系我 bs91m1
2022-06-13 11:30:47 → 62895324567778 → dubai13148888 → 想要（发 ）广告，找 bs91m1
2022-06-13 11:31:44 → 601112672704 → dunxin106 → 想要（发 ）广告，找 bs91m1
2022-06-13 11:32:50 → 601112672704 → youxidaili → 想找人（ 发 ）广告，找 bs91m1
2022-06-13 11:34:41 → 62895324567778 → xd836809 → 准备（发 ）广告，找 bs91m1
2022-06-13 11:38:31 → 60142963511 → dsfdshhs → 想要（发 ）广告，找 bs91m1
2022-06-13 11:39:29 → 601112672704 → jinsanjiaobc → 专业（发 ）广告，联系我 bs91m1
2022-06-13 11:40:34 → 601112672704 → ziyuanduijie1 → 需要 软、件，找 bs91m1
2022-06-13 11:42:27 → 60142963511 → jiaoyouqun123 → 来（发 ）广告，联系 bs91m1
2022-06-13 11:48:07 → 601112672704 → zuqiushuju → 准备（发 ）广告，找 bs91m1
2022-06-13 11:53:41 → 601112672704 → srjlq → 想要（发 ）广告，找 bs91m1
2022-06-13 11:54:39 → 60142963511 → yhksijiantao11 → (session) 协议号，零售、批发 找，bs91m1
2022-06-13 11:55:45 → 60142963511 → xianliaoq → 来（发 ）广告，联系 bs91m1
2022-06-13 11:56:43 → 601112672704 → fv0015 → 需要 群、发软、件，找 bs91m1
2022-06-13 11:57:44 → 62895324567778 → joinBCPH → 需要 群、发，找 bs91m1
2022-06-13 12:00:33 → 60142963511 → YHK_security → 想要（发 ）广告，找 bs91m1
2022-06-13 12:01:30 → 601112672704 → USDThuzhu3 → 来（发 ）广告，联系 bs91m1
2022-06-13 12:03:35 → 60142963511 → dsfdshhs → 想找人（ 发 ）广告，找 bs91m1
2022-06-13 12:04:34 → 62895324567778 → yinlianguoji → 专业（发 ）广告，联系我 bs91m1
2022-06-13 12:06:25 → 601112672704 → buyusdtx → 来（发 ）广告，联系 bs91m1
2022-06-13 12:07:30 → 60142963511 → shujyinl → 来（发 ）广告，联系 bs91m1
2022-06-13 12:09:21 → 62895324567778 → dubai13148888 → 想要（发 ）广告，找 bs91m1
2022-06-13 12:10:18 → 601112672704 → hnsdfhs155 → 准备（发 ）广告，找 bs91m1
2022-06-13 12:13:07 → 60142963511 → phpzufang → 来（发 ）广告，联系 bs91m1
2022-06-13 12:14:06 → 62895324567778 → Hpy111 → (session) 协议号，零售、批发 找，bs91m1
2022-06-13 12:15:13 → 62895324567778 → zgfCYJT → 要（发 ）广告，联系 bs91m1
2022-06-13 12:18:02 → 60142963511 → jiaoyouqun123 → 来（发 ）广告，联系 bs91m1
2022-06-13 12:19:59 → 60142963511 → yunqian68 → 想找人（ 发 ）广告，找 bs91m1
2022-06-13 12:20:59 → 62895324567778 → amjwg → 需要 群、发软、件，找 bs91m1
2022-06-13 12:21:57 → 601112672704 → AG686 → 专业（发 ）广告，联系我 bs91m1
2022-06-13 12:23:55 → 62895324567778 → miaomiao12356 → 要（发 ）广告，联系 bs91m1
2022-06-13 12:24:53 → 601112672704 → jinsanjiaobc → 需要 群、发软、件，找 bs91m1
2022-06-13 12:25:51 → 60142963511 → seguiren → 需要 软、件，找 bs91m1
2022-06-13 12:26:56 → 601112672704 → srjlq → 需要 群、发软、件，找 bs91m1
2022-06-13 12:29:46 → 62895324567778 → phniuniu → 准备（发 ）广告，找 bs91m1
2022-06-13 12:30:52 → 62895324567778 → G88888880 → 来（发 ）广告，联系 bs91m1
2022-06-13 12:31:50 → 60142963511 → lbbet → 需要 群、发，找 bs91m1
2022-06-13 12:33:40 → 601112672704 → fjhq000hz → 想要（发 ）广告，找 bs91m1
2022-06-13 12:34:45 → 60142963511 → cvv666money → 要（发 ）广告，联系 bs91m1
2022-06-13 12:37:29 → 601112672704 → zuqiushuju → (session) 协议号，零售、批发 找，bs91m1
2022-06-13 12:41:11 → 601112672704 → adasdasw → 要（发 ）广告，联系 bs91m1
2022-06-13 12:46:56 → 60142963511 → yunqian68 → (session) 协议号，零售、批发 找，bs91m1
2022-06-13 12:48:47 → 601112672704 → ziyuanduijie1 → 需要 群、发，找 bs91m1
2022-06-13 12:50:46 → 601112672704 → youxidaili → 来（发 ）广告，联系 bs91m1
2022-06-13 12:52:37 → 60142963511 → YHK_security → 需要 群、发软、件，找 bs91m1
2022-06-13 12:53:42 → 60142963511 → dsfdshhs → 专业（发 ）广告，联系我 bs91m1
2022-06-13 12:56:25 → 601112672704 → dunxin106 → 专业（发 ）广告，联系我 bs91m1
2022-06-13 12:57:31 → 60142963511 → seguiren → (session) 协议号，零售、批发 找，bs91m1
2022-06-13 12:58:29 → 62895324567778 → Hpy888 → 来（发 ）广告，联系 bs91m1
2022-06-13 12:59:27 → 601112672704 → USDThuzhu3 → 需要 群、发软、件，找 bs91m1
2022-06-13 13:02:16 → 60142963511 → yhksijiantao11 → 想要（发 ）广告，找 bs91m1
2022-06-13 13:03:13 → 601112672704 → hnsdfhs155 → 想找人（ 发 ）广告，找 bs91m1
2022-06-13 13:06:10 → 60142963511 → xianliaoq → 需要 群、发，找 bs91m1
2022-06-13 13:07:08 → 601112672704 → fv0015 → (session) 协议号，零售、批发 找，bs91m1
2022-06-13 13:10:00 → 60142963511 → phpzufang → (session) 协议号，零售、批发 找，bs91m1
2022-06-13 13:11:51 → 62895324567778 → fgdfdfherh → 来（发 ）广告，联系 bs91m1
2022-06-13 13:13:49 → 601112672704 → srjlq → 来（发 ）广告，联系 bs91m1
2022-06-13 13:14:47 → 60142963511 → shujyinl → 要（发 ）广告，联系 bs91m1
2022-06-13 13:16:46 → 60142963511 → lbbet → 要（发 ）广告，联系 bs91m1
2022-06-13 13:19:36 → 601112672704 → adasdasw → 需要 群、发软、件，找 bs91m1
2022-06-13 13:20:41 → 601112672704 → hnsdfhs155 → 准备（发 ）广告，找 bs91m1
2022-06-13 13:21:41 → 62895324567778 → joinBCPH → 准备（发 ）广告，找 bs91m1
2022-06-13 13:22:39 → 60142963511 → sirenweixin3 → 准备（发 ）广告，找 bs91m1
2022-06-13 13:26:24 → 62895324567778 → dream888 → 要（发 ）广告，联系 bs91m1
2022-06-13 13:27:23 → 60142963511 → jiaoyouqun123 → 来（发 ）广告，联系 bs91m1
2022-06-13 13:28:28 → 601112672704 → fv0015 → 准备（发 ）广告，找 bs91m1
2022-06-13 13:30:19 → 62895324567778 → Philippines_visa → 来（发 ）广告，联系 bs91m1
2022-06-13 13:31:18 → 60142963511 → cvv666money → (session) 协议号，零售、批发 找，bs91m1
2022-06-13 13:32:23 → 601112672704 → jinsanjiaobc → 来（发 ）广告，联系 bs91m1
2022-06-13 13:34:14 → 62895324567778 → xd836809 → 来（发 ）广告，联系 bs91m1
2022-06-13 13:36:13 → 60142963511 → seguiren → 想找人（ 发 ）广告，找 bs91m1
2022-06-13 13:37:14 → 601112672704 → zuqiushuju → 准备（发 ）广告，找 bs91m1
2022-06-13 13:40:11 → 60142963511 → lbbet → 来（发 ）广告，联系 bs91m1
2022-06-13 13:41:10 → 62895324567778 → yinlianguoji → 专业（发 ）广告，联系我 bs91m1
2022-06-13 13:43:00 → 601112672704 → dunxin106 → 想找人（ 发 ）广告，找 bs91m1
2022-06-13 13:45:51 → 601112672704 → fjhq000hz → 需要 软、件，找 bs91m1
2022-06-13 13:46:50 → 60142963511 → yhksijiantao11 → 想找人（ 发 ）广告，找 bs91m1
2022-06-13 13:53:35 → 60142963511 → yunqian68 → 需要 群、发，找 bs91m1
2022-06-13 13:54:32 → 601112672704 → youxidaili → 来（发 ）广告，联系 bs91m1
2022-06-13 13:57:29 → 601112672704 → buyusdtx → 需要 软、件，找 bs91m1
2022-06-13 13:58:33 → 62895324567778 → Hpy111 → 需要 群、发，找 bs91m1
2022-06-13 13:59:38 → 60142963511 → jiaoyouqun123 → 想要（发 ）广告，找 bs91m1
2022-06-13 14:00:36 → 601112672704 → USDThuzhu3 → 专业（发 ）广告，联系我 bs91m1
2022-06-13 14:02:27 → 62895324567778 → miaomiao12356 → 需要 软、件，找 bs91m1
2022-06-13 14:03:32 → 601112672704 → AG686 → 需要 软、件，找 bs91m1
2022-06-13 14:05:23 → 62895324567778 → dubai13148888 → (session) 协议号，零售、批发 找，bs91m1
2022-06-13 14:06:21 → 60142963511 → xianliaoq → 来（发 ）广告，联系 bs91m1
2022-06-13 14:09:18 → 62895324567778 → amjwg → 来（发 ）广告，联系 bs91m1
2022-06-13 14:11:16 → 601112672704 → fjhq000hz → 想要（发 ）广告，找 bs91m1
2022-06-13 14:12:15 → 60142963511 → dsfdshhs → 想找人（ 发 ）广告，找 bs91m1
2022-06-13 14:15:04 → 60142963511 → cvv666money → 来（发 ）广告，联系 bs91m1
2022-06-13 14:16:05 → 62895324567778 → G88888880 → 来（发 ）广告，联系 bs91m1
2022-06-13 14:17:54 → 601112672704 → dunxin106 → 需要 群、发，找 bs91m1
2022-06-13 14:19:02 → 62895324567778 → dubai13148888 → 想找人（ 发 ）广告，找 bs91m1
2022-06-13 14:21:46 → 60142963511 → shujyinl → 需要 群、发，找 bs91m1
2022-06-13 14:22:51 → 601112672704 → jinsanjiaobc → 专业（发 ）广告，联系我 bs91m1
2022-06-13 14:23:50 → 60142963511 → phpzufang → 需要 软、件，找 bs91m1
2022-06-13 14:25:41 → 62895324567778 → xd836809 → 要（发 ）广告，联系 bs91m1
2022-06-13 14:26:47 → 62895324567778 → Philippines_visa → 想要（发 ）广告，找 bs91m1
2022-06-13 14:28:37 → 601112672704 → ziyuanduijie1 → 来（发 ）广告，联系 bs91m1
2022-06-13 14:30:33 → 601112672704 → USDThuzhu3 → (session) 协议号，零售、批发 找，bs91m1
2022-06-13 14:31:33 → 60142963511 → phpzufang → 准备（发 ）广告，找 bs91m1
2022-06-13 14:33:25 → 62895324567778 → joinBCPH → 需要 软、件，找 bs91m1
2022-06-13 14:35:23 → 60142963511 → yunqian68 → 想找人（ 发 ）广告，找 bs91m1
2022-06-13 14:36:21 → 601112672704 → srjlq → 来（发 ）广告，联系 bs91m1
2022-06-13 14:38:26 → 60142963511 → sirenweixin3 → 来（发 ）广告，联系 bs91m1
2022-06-13 14:39:23 → 601112672704 → zuqiushuju → 来（发 ）广告，联系 bs91m1
2022-06-13 14:42:15 → 601112672704 → youxidaili → 需要 群、发，找 bs91m1
2022-06-13 14:43:13 → 60142963511 → xianliaoq → 需要 软、件，找 bs91m1
2022-06-13 14:46:57 → 60142963511 → yhksijiantao11 → (session) 协议号，零售、批发 找，bs91m1
2022-06-13 14:49:51 → 601112672704 → hnsdfhs155 → 想要（发 ）广告，找 bs91m1
2022-06-13 14:50:50 → 60142963511 → dsfdshhs → 要（发 ）广告，联系 bs91m1
2022-06-13 14:55:26 → 601112672704 → adasdasw → 准备（发 ）广告，找 bs91m1
2022-06-13 14:56:25 → 60142963511 → seguiren → 需要 群、发，找 bs91m1
2022-06-13 14:57:31 → 60142963511 → shujyinl → 来（发 ）广告，联系 bs91m1
2022-06-13 14:58:30 → 601112672704 → fv0015 → 想找人（ 发 ）广告，找 bs91m1
2022-06-13 14:59:28 → 62895324567778 → yinlianguoji → 专业（发 ）广告，联系我 bs91m1
2022-06-13 15:01:26 → 62895324567778 → amjwg → 想找人（ 发 ）广告，找 bs91m1
2022-06-13 15:04:16 → 60142963511 → jiaoyouqun123 → 专业（发 ）广告，联系我 bs91m1
2022-06-13 15:06:14 → 62895324567778 → guojitongdaoduanxin → 需要 群、发，找 bs91m1
2022-06-13 15:08:05 → 60142963511 → lbbet → (session) 协议号，零售、批发 找，bs91m1
2022-06-13 15:09:10 → 60142963511 → cvv666money → 需要 群、发软、件，找 bs91m1
2022-06-13 15:10:10 → 601112672704 → youxidaili → 想要（发 ）广告，找 bs91m1
2022-06-13 15:11:08 → 62895324567778 → Hpy111 → 需要 群、发，找 bs91m1
2022-06-13 15:13:58 → 62895324567778 → fgdfdfherh → 需要 群、发软、件，找 bs91m1
2022-06-13 15:15:55 → 601112672704 → fjhq000hz → 想要（发 ）广告，找 bs91m1
2022-06-13 15:17:02 → 62895324567778 → zgfCYJT → 准备（发 ）广告，找 bs91m1
2022-06-13 15:18:51 → 601112672704 → adasdasw → (session) 协议号，零售、批发 找，bs91m1
2022-06-13 15:21:47 → 601112672704 → srjlq → (session) 协议号，零售、批发 找，bs91m1
2022-06-13 15:24:38 → 62895324567778 → Hpy111 → 想找人（ 发 ）广告，找 bs91m1
2022-06-13 15:25:36 → 601112672704 → buyusdtx → 来（发 ）广告，联系 bs91m1
2022-06-13 15:26:35 → 60142963511 → seguiren → 需要 群、发，找 bs91m1
2022-06-13 15:30:24 → 62895324567778 → zgfCYJT → 专业（发 ）广告，联系我 bs91m1
2022-06-13 15:31:22 → 60142963511 → dsfdshhs → 想要（发 ）广告，找 bs91m1
2022-06-13 15:34:17 → 601112672704 → zuqiushuju → 想找人（ 发 ）广告，找 bs91m1
2022-06-13 15:35:16 → 62895324567778 → dubai13148888 → 需要 群、发，找 bs91m1
2022-06-13 15:37:12 → 60142963511 → YHK_security → 需要 群、发，找 bs91m1
2022-06-13 15:38:12 → 62895324567778 → Philippines_visa → 准备（发 ）广告，找 bs91m1
2022-06-13 15:39:10 → 601112672704 → fv0015 → 想找人（ 发 ）广告，找 bs91m1
2022-06-13 15:40:15 → 60142963511 → jiaoyouqun123 → 需要 软、件，找 bs91m1
2022-06-13 15:41:14 → 601112672704 → hnsdfhs155 → 准备（发 ）广告，找 bs91m1
2022-06-13 15:44:05 → 601112672704 → dunxin106 → 想要（发 ）广告，找 bs91m1
2022-06-13 15:46:50 → 60142963511 → cvv666money → 准备（发 ）广告，找 bs91m1
2022-06-13 15:48:49 → 60142963511 → yunqian68 → 想要（发 ）广告，找 bs91m1
2022-06-13 15:50:39 → 601112672704 → ziyuanduijie1 → (session) 协议号，零售、批发 找，bs91m1
2022-06-13 15:51:44 → 601112672704 → AG686 → 准备（发 ）广告，找 bs91m1
2022-06-13 15:53:33 → 60142963511 → phpzufang → 准备（发 ）广告，找 bs91m1
2022-06-13 15:55:34 → 60142963511 → sirenweixin3 → 要（发 ）广告，联系 bs91m1
2022-06-13 15:56:32 → 601112672704 → jinsanjiaobc → 想找人（ 发 ）广告，找 bs91m1
2022-06-13 15:59:24 → 60142963511 → lbbet → 来（发 ）广告，联系 bs91m1
2022-06-13 16:00:21 → 601112672704 → USDThuzhu3 → 想找人（ 发 ）广告，找 bs91m1
2022-06-13 16:03:16 → 60142963511 → shujyinl → (session) 协议号，零售、批发 找，bs91m1
2022-06-13 16:05:07 → 62895324567778 → Hpy888 → (session) 协议号，零售、批发 找，bs91m1
2022-06-13 16:08:50 → 60142963511 → xianliaoq → 专业（发 ）广告，联系我 bs91m1
2022-06-13 16:09:50 → 62895324567778 → miaomiao12356 → 想找人（ 发 ）广告，找 bs91m1
2022-06-13 16:10:55 → 60142963511 → yhksijiantao11 → 需要 群、发，找 bs91m1
2022-06-13 16:11:53 → 62895324567778 → fgdfdfherh → 要（发 ）广告，联系 bs91m1
2022-06-13 16:12:52 → 601112672704 → USDThuzhu3 → 想要（发 ）广告，找 bs91m1
2022-06-13 16:14:48 → 62895324567778 → guojitongdaoduanxin → 需要 软、件，找 bs91m1
2022-06-13 16:16:39 → 601112672704 → zuqiushuju → 需要 软、件，找 bs91m1
2022-06-13 16:18:38 → 62895324567778 → joinBCPH → 需要 群、发，找 bs91m1
2022-06-13 16:19:37 → 60142963511 → shujyinl → 专业（发 ）广告，联系我 bs91m1
2022-06-13 16:20:34 → 601112672704 → hnsdfhs155 → 需要 软、件，找 bs91m1
2022-06-13 16:23:27 → 62895324567778 → amjwg → 想要（发 ）广告，找 bs91m1
2022-06-13 16:26:22 → 60142963511 → lbbet → 需要 群、发，找 bs91m1
2022-06-13 16:29:08 → 62895324567778 → dream888 → 需要 群、发，找 bs91m1
2022-06-13 16:30:13 → 601112672704 → dunxin106 → 来（发 ）广告，联系 bs91m1
2022-06-13 16:32:03 → 60142963511 → dsfdshhs → 专业（发 ）广告，联系我 bs91m1
2022-06-13 16:34:00 → 60142963511 → xianliaoq → 想找人（ 发 ）广告，找 bs91m1
2022-06-13 16:35:01 → 62895324567778 → dream888 → 专业（发 ）广告，联系我 bs91m1
2022-06-13 16:35:59 → 601112672704 → jinsanjiaobc → 要（发 ）广告，联系 bs91m1
2022-06-13 16:37:56 → 60142963511 → phpzufang → 准备（发 ）广告，找 bs91m1
2022-06-13 16:38:57 → 62895324567778 → joinBCPH → 来（发 ）广告，联系 bs91m1
2022-06-13 16:40:46 → 601112672704 → youxidaili → 需要 软、件，找 bs91m1
2022-06-13 16:43:38 → 60142963511 → seguiren → 来（发 ）广告，联系 bs91m1
2022-06-13 16:44:36 → 601112672704 → adasdasw → 想要（发 ）广告，找 bs91m1
2022-06-13 16:45:41 → 60142963511 → jiaoyouqun123 → 想要（发 ）广告，找 bs91m1
2022-06-13 16:50:24 → 601112672704 → fv0015 → 要（发 ）广告，联系 bs91m1
2022-06-13 16:51:22 → 60142963511 → cvv666money → 需要 软、件，找 bs91m1
2022-06-13 16:56:02 → 601112672704 → srjlq → 想要（发 ）广告，找 bs91m1
2022-06-13 16:57:06 → 601112672704 → fjhq000hz → 想要（发 ）广告，找 bs91m1
2022-06-13 16:59:51 → 60142963511 → yunqian68 → (session) 协议号，零售、批发 找，bs91m1
2022-06-13 17:00:57 → 60142963511 → sirenweixin3 → (session) 协议号，零售、批发 找，bs91m1
2022-06-13 17:05:29 → 62895324567778 → yinlianguoji → 来（发 ）广告，联系 bs91m1
2022-06-13 17:06:28 → 60142963511 → yhksijiantao11 → 需要 软、件，找 bs91m1
2022-06-13 17:07:28 → 601112672704 → USDThuzhu3 → (session) 协议号，零售、批发 找，bs91m1
2022-06-13 17:10:16 → 601112672704 → adasdasw → 想要（发 ）广告，找 bs91m1
2022-06-13 17:15:06 → 62895324567778 → phniuniu → 来（发 ）广告，联系 bs91m1
2022-06-13 17:16:03 → 601112672704 → AG686 → 需要 群、发软、件，找 bs91m1
2022-06-13 17:17:11 → 62895324567778 → xd836809 → 想要（发 ）广告，找 bs91m1
2022-06-13 17:18:09 → 601112672704 → ziyuanduijie1 → 想找人（ 发 ）广告，找 bs91m1
2022-06-13 17:19:07 → 60142963511 → yhksijiantao11 → 专业（发 ）广告，联系我 bs91m1
2022-06-13 17:22:54 → 60142963511 → lbbet → 专业（发 ）广告，联系我 bs91m1
2022-06-13 17:23:54 → 62895324567778 → Hpy111 → 来（发 ）广告，联系 bs91m1
2022-06-13 17:25:00 → 62895324567778 → miaomiao12356 → 来（发 ）广告，联系 bs91m1
2022-06-13 17:25:58 → 601112672704 → srjlq → (session) 协议号，零售、批发 找，bs91m1
2022-06-13 17:26:57 → 60142963511 → jiaoyouqun123 → 需要 群、发软、件，找 bs91m1
2022-06-13 17:28:55 → 60142963511 → phpzufang → 来（发 ）广告，联系 bs91m1
2022-06-13 17:30:44 → 601112672704 → fjhq000hz → 来（发 ）广告，联系 bs91m1
2022-06-13 17:31:45 → 62895324567778 → Philippines_visa → 来（发 ）广告，联系 bs91m1
2022-06-13 17:32:50 → 62895324567778 → guojitongdaoduanxin → 想找人（ 发 ）广告，找 bs91m1
2022-06-13 17:33:50 → 60142963511 → cvv666money → 来（发 ）广告，联系 bs91m1
2022-06-13 17:34:48 → 601112672704 → buyusdtx → 想找人（ 发 ）广告，找 bs91m1
2022-06-13 17:38:37 → 60142963511 → shujyinl → 需要 软、件，找 bs91m1
2022-06-13 17:39:35 → 601112672704 → hnsdfhs155 → 需要 群、发软、件，找 bs91m1
2022-06-13 17:40:39 → 601112672704 → youxidaili → 来（发 ）广告，联系 bs91m1
2022-06-13 17:44:27 → 60142963511 → dsfdshhs → 想要（发 ）广告，找 bs91m1
2022-06-13 17:46:18 → 601112672704 → zuqiushuju → 需要 群、发软、件，找 bs91m1
2022-06-13 17:48:18 → 60142963511 → seguiren → 想找人（ 发 ）广告，找 bs91m1
2022-06-13 17:49:16 → 601112672704 → jinsanjiaobc → 需要 软、件，找 bs91m1
2022-06-13 17:53:54 → 60142963511 → sirenweixin3 → 想找人（ 发 ）广告，找 bs91m1
2022-06-13 17:54:52 → 601112672704 → dunxin106 → 想找人（ 发 ）广告，找 bs91m1
2022-06-13 17:55:57 → 60142963511 → xianliaoq → 准备（发 ）广告，找 bs91m1
2022-06-13 17:56:54 → 601112672704 → fv0015 → 要（发 ）广告，联系 bs91m1
2022-06-13 18:00:38 → 60142963511 → yunqian68 → 想找人（ 发 ）广告，找 bs91m1
2022-06-13 18:05:26 → 601112672704 → srjlq → 需要 群、发软、件，找 bs91m1
2022-06-13 18:10:02 → 60142963511 → seguiren → 专业（发 ）广告，联系我 bs91m1
2022-06-13 18:11:01 → 62895324567778 → dubai13148888 → 想要（发 ）广告，找 bs91m1
2022-06-13 18:13:57 → 60142963511 → sirenweixin3 → 来（发 ）广告，联系 bs91m1
2022-06-13 18:14:54 → 601112672704 → USDThuzhu3 → 需要 群、发软、件，找 bs91m1
2022-06-13 18:16:00 → 601112672704 → fv0015 → 来（发 ）广告，联系 bs91m1
2022-06-13 18:16:58 → 60142963511 → shujyinl → 想找人（ 发 ）广告，找 bs91m1
2022-06-13 18:18:49 → 62895324567778 → xd836809 → 需要 群、发，找 bs91m1
2022-06-13 18:20:46 → 601112672704 → adasdasw → (session) 协议号，零售、批发 找，bs91m1
2022-06-13 18:21:45 → 62895324567778 → dream888 → (session) 协议号，零售、批发 找，bs91m1
2022-06-13 18:22:43 → 60142963511 → lbbet → 要（发 ）广告，联系 bs91m1
2022-06-13 18:23:48 → 60142963511 → jiaoyouqun123 → 要（发 ）广告，联系 bs91m1
2022-06-13 18:24:46 → 601112672704 → hnsdfhs155 → 需要 群、发软、件，找 bs91m1
2022-06-13 18:25:45 → 62895324567778 → G88888880 → 来（发 ）广告，联系 bs91m1
2022-06-13 18:28:36 → 62895324567778 → phniuniu → 需要 群、发，找 bs91m1
2022-06-13 18:29:34 → 601112672704 → zuqiushuju → 准备（发 ）广告，找 bs91m1
2022-06-13 18:31:39 → 62895324567778 → joinBCPH → 准备（发 ）广告，找 bs91m1
2022-06-13 18:32:39 → 60142963511 → dsfdshhs → 需要 软、件，找 bs91m1
2022-06-13 18:33:37 → 601112672704 → youxidaili → 想找人（ 发 ）广告，找 bs91m1
2022-06-13 18:35:34 → 601112672704 → dunxin106 → 需要 软、件，找 bs91m1
2022-06-13 18:36:32 → 60142963511 → xianliaoq → 准备（发 ）广告，找 bs91m1
2022-06-13 18:40:22 → 60142963511 → yunqian68 → 来（发 ）广告，联系 bs91m1
2022-06-13 18:41:20 → 601112672704 → buyusdtx → 想要（发 ）广告，找 bs91m1
2022-06-13 18:43:17 → 601112672704 → fjhq000hz → 需要 群、发，找 bs91m1
2022-06-13 18:48:53 → 601112672704 → jinsanjiaobc → 想找人（ 发 ）广告，找 bs91m1
2022-06-13 18:49:51 → 60142963511 → cvv666money → 来（发 ）广告，联系 bs91m1
2022-06-13 18:50:56 → 60142963511 → phpzufang → 需要 群、发软、件，找 bs91m1
2022-06-13 18:55:37 → 601112672704 → ziyuanduijie1 → (session) 协议号，零售、批发 找，bs91m1
2022-06-13 18:57:28 → 60142963511 → yhksijiantao11 → 想要（发 ）广告，找 bs91m1
2022-06-13 19:03:12 → 60142963511 → lbbet → 专业（发 ）广告，联系我 bs91m1
2022-06-13 19:04:11 → 601112672704 → hnsdfhs155 → (session) 协议号，零售、批发 找，bs91m1
2022-06-13 19:06:09 → 62895324567778 → fgdfdfherh → 来（发 ）广告，联系 bs91m1
2022-06-13 19:07:07 → 601112672704 → dunxin106 → (session) 协议号，零售、批发 找，bs91m1
2022-06-13 19:08:57 → 60142963511 → dsfdshhs → 需要 群、发软、件，找 bs91m1
2022-06-13 19:13:57 → 601112672704 → srjlq → 需要 群、发软、件，找 bs91m1
2022-06-13 19:15:53 → 60142963511 → phpzufang → 准备（发 ）广告，找 bs91m1
2022-06-13 19:18:43 → 601112672704 → youxidaili → 专业（发 ）广告，联系我 bs91m1
2022-06-13 19:19:44 → 62895324567778 → Philippines_visa → 需要 群、发软、件，找 bs91m1
2022-06-13 19:20:43 → 60142963511 → seguiren → 需要 软、件，找 bs91m1
2022-06-13 19:22:39 → 601112672704 → jinsanjiaobc → 来（发 ）广告，联系 bs91m1
2022-06-13 19:23:37 → 62895324567778 → joinBCPH → 来（发 ）广告，联系 bs91m1
2022-06-13 19:24:35 → 60142963511 → yunqian68 → (session) 协议号，零售、批发 找，bs91m1
2022-06-13 19:25:41 → 60142963511 → xianliaoq → 需要 群、发软、件，找 bs91m1
2022-06-13 19:26:39 → 601112672704 → fjhq000hz → 需要 群、发软、件，找 bs91m1
2022-06-13 19:28:29 → 62895324567778 → dream888 → 想要（发 ）广告，找 bs91m1
2022-06-13 19:29:36 → 60142963511 → sirenweixin3 → 想找人（ 发 ）广告，找 bs91m1
2022-06-13 19:30:35 → 62895324567778 → amjwg → 需要 群、发，找 bs91m1
2022-06-13 19:31:33 → 601112672704 → fv0015 → 来（发 ）广告，联系 bs91m1
2022-06-13 19:33:30 → 601112672704 → zuqiushuju → 来（发 ）广告，联系 bs91m1
2022-06-13 19:34:29 → 62895324567778 → guojitongdaoduanxin → 需要 群、发，找 bs91m1
2022-06-13 19:36:19 → 60142963511 → YHK_security → 来（发 ）广告，联系 bs91m1
2022-06-13 19:37:26 → 62895324567778 → G88888880 → 想找人（ 发 ）广告，找 bs91m1
2022-06-13 19:39:14 → 601112672704 → adasdasw → 来（发 ）广告，联系 bs91m1
2022-06-13 19:40:14 → 60142963511 → jiaoyouqun123 → (session) 协议号，零售、批发 找，bs91m1
2022-06-13 19:41:19 → 601112672704 → AG686 → 准备（发 ）广告，找 bs91m1
2022-06-13 19:43:09 → 62895324567778 → zgfCYJT → (session) 协议号，零售、批发 找，bs91m1
2022-06-13 19:44:08 → 60142963511 → shujyinl → 来（发 ）广告，联系 bs91m1
2022-06-13 19:45:13 → 601112672704 → USDThuzhu3 → 要（发 ）广告，联系 bs91m1
2022-06-13 19:47:56 → 60142963511 → cvv666money → 想要（发 ）广告，找 bs91m1
2022-06-13 19:51:41 → 60142963511 → yhksijiantao11 → 准备（发 ）广告，找 bs91m1
2022-06-13 19:54:33 → 601112672704 → buyusdtx → 来（发 ）广告，联系 bs91m1
2022-06-13 19:59:08 → 60142963511 → yunqian68 → 需要 群、发，找 bs91m1
2022-06-13 20:01:06 → 60142963511 → xianliaoq → 需要 群、发软、件，找 bs91m1
2022-06-13 20:02:58 → 601112672704 → fv0015 → (session) 协议号，零售、批发 找，bs91m1
2022-06-13 20:04:58 → 601112672704 → hnsdfhs155 → 想找人（ 发 ）广告，找 bs91m1
2022-06-13 20:05:56 → 60142963511 → jiaoyouqun123 → 准备（发 ）广告，找 bs91m1
2022-06-13 20:07:53 → 60142963511 → cvv666money → 需要 软、件，找 bs91m1
2022-06-13 20:09:43 → 62895324567778 → Hpy888 → 来（发 ）广告，联系 bs91m1
2022-06-13 20:10:41 → 601112672704 → jinsanjiaobc → 专业（发 ）广告，联系我 bs91m1
2022-06-13 20:11:47 → 62895324567778 → yinlianguoji → 准备（发 ）广告，找 bs91m1
2022-06-13 20:12:45 → 60142963511 → YHK_security → 准备（发 ）广告，找 bs91m1
2022-06-13 20:16:28 → 60142963511 → phpzufang → 想要（发 ）广告，找 bs91m1
2022-06-13 20:17:26 → 601112672704 → USDThuzhu3 → 专业（发 ）广告，联系我 bs91m1
2022-06-13 20:18:24 → 62895324567778 → Hpy111 → 来（发 ）广告，联系 bs91m1
2022-06-13 20:20:25 → 62895324567778 → joinBCPH → 想要（发 ）广告，找 bs91m1
2022-06-13 20:21:23 → 60142963511 → sirenweixin3 → 准备（发 ）广告，找 bs91m1
2022-06-13 20:23:22 → 62895324567778 → fgdfdfherh → 专业（发 ）广告，联系我 bs91m1
2022-06-13 20:25:12 → 60142963511 → shujyinl → 需要 群、发软、件，找 bs91m1
2022-06-13 20:26:10 → 601112672704 → fjhq000hz → 需要 软、件，找 bs91m1
2022-06-13 20:27:16 → 601112672704 → adasdasw → 来（发 ）广告，联系 bs91m1
2022-06-13 20:28:16 → 62895324567778 → phniuniu → 准备（发 ）广告，找 bs91m1
2022-06-13 20:30:07 → 60142963511 → yhksijiantao11 → 需要 软、件，找 bs91m1
2022-06-13 20:31:14 → 60142963511 → seguiren → 需要 群、发，找 bs91m1
2022-06-13 20:33:04 → 601112672704 → zuqiushuju → 需要 群、发软、件，找 bs91m1
2022-06-13 20:34:03 → 62895324567778 → miaomiao12356 → 想找人（ 发 ）广告，找 bs91m1
2022-06-13 20:36:57 → 60142963511 → lbbet → 需要 群、发软、件，找 bs91m1
2022-06-13 20:37:55 → 601112672704 → srjlq → 需要 软、件，找 bs91m1
2022-06-13 20:39:00 → 601112672704 → ziyuanduijie1 → 专业（发 ）广告，联系我 bs91m1
2022-06-13 20:41:51 → 62895324567778 → dubai13148888 → 需要 群、发软、件，找 bs91m1
2022-06-13 20:43:48 → 60142963511 → dsfdshhs → 来（发 ）广告，联系 bs91m1
2022-06-13 20:44:47 → 62895324567778 → amjwg → 准备（发 ）广告，找 bs91m1
2022-06-13 20:48:33 → 601112672704 → youxidaili → 需要 群、发，找 bs91m1
2022-06-13 20:50:30 → 601112672704 → dunxin106 → 需要 群、发，找 bs91m1
2022-06-13 20:52:24 → 60142963511 → lbbet → (session) 协议号，零售、批发 找，bs91m1
2022-06-13 20:57:00 → 60142963511 → seguiren → 要（发 ）广告，联系 bs91m1
2022-06-13 20:58:59 → 601112672704 → USDThuzhu3 → (session) 协议号，零售、批发 找，bs91m1
2022-06-13 20:59:58 → 60142963511 → phpzufang → (session) 协议号，零售、批发 找，bs91m1
2022-06-13 21:01:57 → 601112672704 → youxidaili → 需要 群、发，找 bs91m1
2022-06-13 21:03:49 → 60142963511 → yunqian68 → 要（发 ）广告，联系 bs91m1
2022-06-13 21:05:47 → 601112672704 → fjhq000hz → 准备（发 ）广告，找 bs91m1
2022-06-13 21:07:37 → 60142963511 → shujyinl → 专业（发 ）广告，联系我 bs91m1
2022-06-13 21:12:13 → 60142963511 → xianliaoq → 需要 软、件，找 bs91m1
2022-06-13 21:13:22 → 62895324567778 → G88888880 → (session) 协议号，零售、批发 找，bs91m1
2022-06-13 21:14:20 → 601112672704 → hnsdfhs155 → 想要（发 ）广告，找 bs91m1
2022-06-13 21:17:15 → 601112672704 → AG686 → 要（发 ）广告，联系 bs91m1
2022-06-13 21:18:13 → 62895324567778 → amjwg → 要（发 ）广告，联系 bs91m1
2022-06-13 21:19:12 → 60142963511 → cvv666money → 想要（发 ）广告，找 bs91m1
2022-06-13 21:23:01 → 601112672704 → srjlq → 要（发 ）广告，联系 bs91m1
2022-06-13 21:23:59 → 60142963511 → sirenweixin3 → 需要 群、发，找 bs91m1
2022-06-13 21:25:04 → 601112672704 → jinsanjiaobc → 需要 软、件，找 bs91m1
2022-06-13 21:26:03 → 62895324567778 → dubai13148888 → 需要 软、件，找 bs91m1
2022-06-13 21:27:53 → 60142963511 → yhksijiantao11 → 想找人（ 发 ）广告，找 bs91m1
2022-06-13 21:29:49 → 601112672704 → zuqiushuju → 需要 群、发软、件，找 bs91m1
2022-06-13 21:31:47 → 62895324567778 → Hpy888 → 专业（发 ）广告，联系我 bs91m1
2022-06-13 21:32:53 → 601112672704 → adasdasw → (session) 协议号，零售、批发 找，bs91m1
2022-06-13 21:34:44 → 60142963511 → jiaoyouqun123 → 准备（发 ）广告，找 bs91m1
2022-06-13 21:35:43 → 62895324567778 → zgfCYJT → (session) 协议号，零售、批发 找，bs91m1
2022-06-13 21:37:41 → 60142963511 → dsfdshhs → 需要 群、发软、件，找 bs91m1
2022-06-13 21:38:41 → 62895324567778 → yinlianguoji → 需要 群、发，找 bs91m1
2022-06-13 21:39:40 → 601112672704 → fv0015 → 要（发 ）广告，联系 bs91m1
2022-06-13 21:41:38 → 62895324567778 → dream888 → 需要 群、发，找 bs91m1
2022-06-13 21:42:35 → 601112672704 → dunxin106 → 专业（发 ）广告，联系我 bs91m1
2022-06-13 21:44:34 → 62895324567778 → phniuniu → 需要 软、件，找 bs91m1
2022-06-13 21:45:35 → 60142963511 → cvv666money → (session) 协议号，零售、批发 找，bs91m1
2022-06-13 21:47:24 → 601112672704 → buyusdtx → 想找人（ 发 ）广告，找 bs91m1
2022-06-13 21:49:27 → 60142963511 → phpzufang → 专业（发 ）广告，联系我 bs91m1
2022-06-13 21:50:27 → 62895324567778 → Hpy111 → 准备（发 ）广告，找 bs91m1
2022-06-13 21:55:03 → 60142963511 → jiaoyouqun123 → 想要（发 ）广告，找 bs91m1
2022-06-13 21:58:54 → 601112672704 → dunxin106 → 要（发 ）广告，联系 bs91m1
2022-06-13 22:02:45 → 601112672704 → USDThuzhu3 → (session) 协议号，零售、批发 找，bs91m1
2022-06-13 22:05:36 → 60142963511 → dsfdshhs → 想找人（ 发 ）广告，找 bs91m1
2022-06-13 22:06:34 → 601112672704 → hnsdfhs155 → 专业（发 ）广告，联系我 bs91m1
2022-06-13 22:07:39 → 601112672704 → fv0015 → 想要（发 ）广告，找 bs91m1
2022-06-13 22:09:30 → 60142963511 → lbbet → 需要 群、发，找 bs91m1
2022-06-13 22:13:14 → 60142963511 → seguiren → 需要 群、发，找 bs91m1
2022-06-13 22:14:12 → 601112672704 → zuqiushuju → 来（发 ）广告，联系 bs91m1
2022-06-13 22:15:20 → 62895324567778 → guojitongdaoduanxin → 准备（发 ）广告，找 bs91m1
2022-06-13 22:16:18 → 601112672704 → fjhq000hz → 专业（发 ）广告，联系我 bs91m1
2022-06-13 22:18:09 → 60142963511 → sirenweixin3 → 需要 软、件，找 bs91m1
2022-06-13 22:19:14 → 60142963511 → shujyinl → 需要 群、发，找 bs91m1
2022-06-13 22:21:04 → 601112672704 → adasdasw → 要（发 ）广告，联系 bs91m1
2022-06-13 22:23:02 → 60142963511 → xianliaoq → 想找人（ 发 ）广告，找 bs91m1
2022-06-13 22:24:02 → 62895324567778 → Philippines_visa → 准备（发 ）广告，找 bs91m1
2022-06-13 22:26:59 → 62895324567778 → xd836809 → 准备（发 ）广告，找 bs91m1
2022-06-13 22:27:57 → 60142963511 → yhksijiantao11 → 来（发 ）广告，联系 bs91m1
2022-06-13 22:31:40 → 60142963511 → yunqian68 → 来（发 ）广告，联系 bs91m1
2022-06-13 22:32:39 → 601112672704 → jinsanjiaobc → 来（发 ）广告，联系 bs91m1
2022-06-13 22:33:39 → 62895324567778 → amjwg → 想要（发 ）广告，找 bs91m1
2022-06-13 22:36:29 → 62895324567778 → Hpy111 → 专业（发 ）广告，联系我 bs91m1
2022-06-13 22:37:26 → 601112672704 → srjlq → 需要 群、发软、件，找 bs91m1
2022-06-13 22:38:32 → 601112672704 → ziyuanduijie1 → 来（发 ）广告，联系 bs91m1
2022-06-13 22:40:22 → 62895324567778 → Hpy888 → (session) 协议号，零售、批发 找，bs91m1
2022-06-13 22:41:22 → 60142963511 → sirenweixin3 → 需要 群、发软、件，找 bs91m1
2022-06-13 22:42:26 → 601112672704 → AG686 → 来（发 ）广告，联系 bs91m1
2022-06-13 22:44:19 → 62895324567778 → dubai13148888 → 想找人（ 发 ）广告，找 bs91m1
2022-06-13 22:45:18 → 60142963511 → seguiren → 要（发 ）广告，联系 bs91m1
2022-06-13 22:49:10 → 601112672704 → youxidaili → 来（发 ）广告，联系 bs91m1
2022-06-13 22:52:01 → 60142963511 → jiaoyouqun123 → 需要 群、发软、件，找 bs91m1
2022-06-13 22:53:01 → 62895324567778 → miaomiao12356 → 想要（发 ）广告，找 bs91m1
2022-06-13 22:54:07 → 60142963511 → dsfdshhs → 想要（发 ）广告，找 bs91m1
2022-06-13 22:55:07 → 62895324567778 → guojitongdaoduanxin → 需要 群、发软、件，找 bs91m1
2022-06-13 22:56:59 → 601112672704 → USDThuzhu3 → 专业（发 ）广告，联系我 bs91m1
2022-06-13 22:58:58 → 60142963511 → yhksijiantao11 → 需要 群、发软、件，找 bs91m1
2022-06-13 23:00:48 → 601112672704 → fv0015 → 需要 软、件，找 bs91m1
2022-06-13 23:03:38 → 601112672704 → zuqiushuju → (session) 协议号，零售、批发 找，bs91m1
2022-06-13 23:05:40 → 60142963511 → phpzufang → 需要 软、件，找 bs91m1
2022-06-13 23:07:33 → 601112672704 → adasdasw → 要（发 ）广告，联系 bs91m1
2022-06-13 23:10:24 → 60142963511 → shujyinl → 想找人（ 发 ）广告，找 bs91m1
2022-06-13 23:15:06 → 60142963511 → yunqian68 → 想要（发 ）广告，找 bs91m1
2022-06-13 23:17:13 → 62895324567778 → G88888880 → 专业（发 ）广告，联系我 bs91m1
2022-06-13 23:19:04 → 60142963511 → lbbet → 来（发 ）广告，联系 bs91m1
2022-06-13 23:20:02 → 601112672704 → dunxin106 → 需要 群、发，找 bs91m1
2022-06-13 23:22:03 → 62895324567778 → fgdfdfherh → 需要 群、发软、件，找 bs91m1
2022-06-13 23:23:54 → 60142963511 → cvv666money → 需要 群、发，找 bs91m1
2022-06-13 23:25:00 → 601112672704 → srjlq → (session) 协议号，零售、批发 找，bs91m1
2022-06-13 23:26:00 → 62895324567778 → phniuniu → 来（发 ）广告，联系 bs91m1
2022-06-13 23:27:52 → 60142963511 → xianliaoq → 想找人（ 发 ）广告，找 bs91m1
2022-06-13 23:30:40 → 601112672704 → youxidaili → 来（发 ）广告，联系 bs91m1
2022-06-13 23:32:38 → 60142963511 → seguiren → 准备（发 ）广告，找 bs91m1
2022-06-13 23:35:19 → 601112672704 → jinsanjiaobc → 专业（发 ）广告，联系我 bs91m1
2022-06-13 23:39:54 → 601112672704 → buyusdtx → 来（发 ）广告，联系 bs91m1
2022-06-13 23:45:00 → 601112672704 → hnsdfhs155 → 要（发 ）广告，联系 bs91m1
2022-06-13 23:46:49 → 60142963511 → jiaoyouqun123 → 需要 群、发软、件，找 bs91m1
2022-06-13 23:46:58 → 62895324567778 → Philippines_visa → 需要 软、件，找 bs91m1
2022-06-13 23:49:41 → 60142963511 → lbbet → 准备（发 ）广告，找 bs91m1
2022-06-13 23:50:47 → 60142963511 → yhksijiantao11 → 需要 群、发软、件，找 bs91m1
2022-06-13 23:52:38 → 601112672704 → ziyuanduijie1 → 要（发 ）广告，联系 bs91m1
2022-06-13 23:54:33 → 60142963511 → yunqian68 → 来（发 ）广告，联系 bs91m1
2022-06-13 23:56:31 → 601112672704 → AG686 → 来（发 ）广告，联系 bs91m1
2022-06-13 23:58:31 → 62895324567778 → G88888880 → 来（发 ）广告，联系 bs91m1