
2022-05-08 04:59:08 → 917602129536 → xjltq → 【91M Boss】 精准代发 认准 客户ID bs91m1
2022-05-08 06:03:08 → 917602129536 → huaao1 → 91M Boss 精准代发 认准 客户ID bs91m1
2022-05-08 06:03:28 → 917602129536 → SquidGameS_CN → 91M Boss 精准代发 认准 客户ID bs91m1
2022-05-08 06:03:39 → 917602129536 → Fkzy_Group → 【91M Boss】 精准代发 认准 客户ID bs91m1
2022-05-08 06:04:09 → 917602129536 → lshakaan20 → 91M Boss 精准代发 认准 客户ID bs91m1
2022-05-08 06:04:19 → 917602129536 → UraniumFinanceF → 【91M Boss】 精准代发 认准 客户ID bs91m1
2022-05-08 06:04:29 → 917602129536 → xjltq → 91M Boss 精准代发 认准 客户ID bs91m1
2022-05-08 06:04:40 → 917602129536 → ewttsfdgcjtwt → 91M Boss 精准代发 认准 客户ID bs91m1
2022-05-08 06:04:50 → 917602129536 → huaao1 → 91M Boss 精准代发 认准 客户ID bs91m1
2022-05-08 06:05:01 → 917602129536 → TG_King80 → 91M Boss 精准代发 认准 客户ID bs91m1
2022-05-08 06:05:12 → 917602129536 → TG_King90 → 【91M Boss】 精准代发 认准 客户ID bs91m1
2022-05-08 06:05:23 → 917602129536 → fw992 → 【91M Boss】 精准代发 认准 客户ID bs91m1
2022-05-08 06:05:33 → 917602129536 → jiu_777 → 91M Boss 精准代发 认准 客户ID bs91m1
2022-05-08 06:05:53 → 917602129536 → jiu_777 → 91M Boss 精准代发 认准 客户ID bs91m1
2022-05-08 06:06:04 → 917602129536 → fw992 → 91M Boss 精准代发 认准 客户ID bs91m1
2022-05-08 06:06:14 → 917602129536 → TG_King80 → 【91M Boss】 精准代发 认准 客户ID bs91m1
2022-05-08 06:06:25 → 917602129536 → TG_King90 → 【91M Boss】 精准代发 认准 客户ID bs91m1
2022-05-08 06:06:35 → 917602129536 → lshakaan20 → 【91M Boss】 精准代发 认准 客户ID bs91m1
2022-05-08 06:06:45 → 917602129536 → UraniumFinanceF → 91M Boss 精准代发 认准 客户ID bs91m1
2022-05-08 06:07:06 → 917602129536 → huaao1 → 91M Boss 精准代发 认准 客户ID bs91m1
2022-05-08 06:07:17 → 917602129536 → Fkzy_Group → 91M Boss 精准代发 认准 客户ID bs91m1
2022-05-08 06:07:28 → 917602129536 → SquidGameS_CN → 91M Boss 精准代发 认准 客户ID bs91m1
2022-05-08 06:08:02 → 917602129536 → ewttsfdgcjtwt → 91M Boss 精准代发 认准 客户ID bs91m1
2022-05-08 06:08:41 → 917602129536 → jiu_777 → 【91M Boss】 精准代发 认准 客户ID bs91m1
2022-05-08 06:08:52 → 917602129536 → TG_King90 → 91M Boss 精准代发 认准 客户ID bs91m1
2022-05-08 06:09:03 → 917602129536 → fw992 → 91M Boss 精准代发 认准 客户ID bs91m1
2022-05-08 06:09:14 → 917602129536 → SquidGameS_CN → 91M Boss 精准代发 认准 客户ID bs91m1
2022-05-08 06:09:25 → 917602129536 → ewttsfdgcjtwt → 91M Boss 精准代发 认准 客户ID bs91m1
2022-05-08 06:09:36 → 917602129536 → lshakaan20 → 91M Boss 精准代发 认准 客户ID bs91m1
2022-05-08 06:09:57 → 917602129536 → Fkzy_Group → 91M Boss 精准代发 认准 客户ID bs91m1
2022-05-08 06:10:08 → 917602129536 → huaao1 → 【91M Boss】 精准代发 认准 客户ID bs91m1
2022-05-08 06:10:19 → 917602129536 → TG_King80 → 【91M Boss】 精准代发 认准 客户ID bs91m1
2022-05-08 06:10:28 → 917602129536 → UraniumFinanceF → 91M Boss 精准代发 认准 客户ID bs91m1
2022-05-08 06:10:51 → 917602129536 → Fkzy_Group → 91M Boss 精准代发 认准 客户ID bs91m1
2022-05-08 06:11:04 → 917602129536 → jiu_777 → 【91M Boss】 精准代发 认准 客户ID bs91m1
2022-05-08 06:11:14 → 917602129536 → UraniumFinanceF → 【91M Boss】 精准代发 认准 客户ID bs91m1
2022-05-08 06:11:25 → 917602129536 → TG_King80 → 【91M Boss】 精准代发 认准 客户ID bs91m1
2022-05-08 06:11:46 → 917602129536 → ewttsfdgcjtwt → 【91M Boss】 精准代发 认准 客户ID bs91m1
2022-05-08 06:11:56 → 917602129536 → lshakaan20 → 【91M Boss】 精准代发 认准 客户ID bs91m1
2022-05-08 06:12:07 → 917602129536 → TG_King90 → 【91M Boss】 精准代发 认准 客户ID bs91m1
2022-05-08 06:12:17 → 917602129536 → fw992 → 91M Boss 精准代发 认准 客户ID bs91m1
2022-05-08 06:12:38 → 917602129536 → SquidGameS_CN → 【91M Boss】 精准代发 认准 客户ID bs91m1
2022-05-08 06:12:50 → 917602129536 → huaao1 → 【91M Boss】 精准代发 认准 客户ID bs91m1
2022-05-08 06:13:11 → 917602129536 → TG_King90 → 【91M Boss】 精准代发 认准 客户ID bs91m1
2022-05-08 06:13:22 → 917602129536 → ewttsfdgcjtwt → 【91M Boss】 精准代发 认准 客户ID bs91m1
2022-05-08 06:13:32 → 917602129536 → Fkzy_Group → 91M Boss 精准代发 认准 客户ID bs91m1
2022-05-08 06:13:43 → 917602129536 → SquidGameS_CN → 91M Boss 精准代发 认准 客户ID bs91m1
2022-05-08 06:14:03 → 917602129536 → jiu_777 → 【91M Boss】 精准代发 认准 客户ID bs91m1
2022-05-08 06:14:24 → 917602129536 → huaao1 → 91M Boss 精准代发 认准 客户ID bs91m1
2022-05-08 06:14:34 → 917602129536 → TG_King80 → 【91M Boss】 精准代发 认准 客户ID bs91m1
2022-05-08 06:14:44 → 917602129536 → fw992 → 91M Boss 精准代发 认准 客户ID bs91m1
2022-05-08 06:14:55 → 917602129536 → UraniumFinanceF → 91M Boss 精准代发 认准 客户ID bs91m1
2022-05-08 06:15:19 → 917602129536 → lshakaan20 → 91M Boss 精准代发 认准 客户ID bs91m1
2022-05-08 06:15:44 → 917602129536 → ewttsfdgcjtwt → 91M Boss 精准代发 认准 客户ID bs91m1
2022-05-08 06:15:56 → 917602129536 → SquidGameS_CN → 【91M Boss】 精准代发 认准 客户ID bs91m1
2022-05-08 06:16:08 → 917602129536 → TG_King80 → 91M Boss 精准代发 认准 客户ID bs91m1
2022-05-08 06:16:19 → 917602129536 → huaao1 → 【91M Boss】 精准代发 认准 客户ID bs91m1
2022-05-08 06:16:31 → 917602129536 → TG_King90 → 91M Boss 精准代发 认准 客户ID bs91m1
2022-05-08 06:16:42 → 917602129536 → jiu_777 → 91M Boss 精准代发 认准 客户ID bs91m1
2022-05-08 06:16:54 → 917602129536 → Fkzy_Group → 91M Boss 精准代发 认准 客户ID bs91m1
2022-05-08 06:17:06 → 917602129536 → fw992 → 91M Boss 精准代发 认准 客户ID bs91m1
2022-05-08 06:17:40 → 917602129536 → lshakaan20 → 91M Boss 精准代发 认准 客户ID bs91m1
2022-05-08 06:18:02 → 917602129536 → UraniumFinanceF → 91M Boss 精准代发 认准 客户ID bs91m1
2022-05-08 06:18:26 → 917602129536 → Fkzy_Group → 【91M Boss】 精准代发 认准 客户ID bs91m1
2022-05-08 06:18:37 → 917602129536 → lshakaan20 → 91M Boss 精准代发 认准 客户ID bs91m1
2022-05-08 06:18:49 → 917602129536 → jiu_777 → 【91M Boss】 精准代发 认准 客户ID bs91m1
2022-05-08 06:19:00 → 917602129536 → UraniumFinanceF → 【91M Boss】 精准代发 认准 客户ID bs91m1
2022-05-08 06:19:24 → 917602129536 → TG_King90 → 91M Boss 精准代发 认准 客户ID bs91m1
2022-05-08 06:19:47 → 917602129536 → ewttsfdgcjtwt → 91M Boss 精准代发 认准 客户ID bs91m1
2022-05-08 06:19:59 → 917602129536 → fw992 → 91M Boss 精准代发 认准 客户ID bs91m1
2022-05-08 06:20:11 → 917602129536 → TG_King80 → 【91M Boss】 精准代发 认准 客户ID bs91m1
2022-05-08 06:20:23 → 917602129536 → xjltq → 91M Boss 精准代发 认准 客户ID bs91m1
2022-05-08 06:20:35 → 917602129536 → SquidGameS_CN → 91M Boss 精准代发 认准 客户ID bs91m1
2022-05-08 06:20:47 → 917602129536 → huaao1 → 【91M Boss】 精准代发 认准 客户ID bs91m1
2022-05-08 06:21:32 → 917602129536 → Fkzy_Group → 91M Boss 精准代发 认准 客户ID bs91m1
2022-05-08 06:21:44 → 917602129536 → jiu_777 → 91M Boss 精准代发 认准 客户ID bs91m1
2022-05-08 06:22:07 → 917602129536 → ewttsfdgcjtwt → 91M Boss 精准代发 认准 客户ID bs91m1
2022-05-08 06:22:19 → 917602129536 → TG_King90 → 【91M Boss】 精准代发 认准 客户ID bs91m1
2022-05-08 06:22:30 → 917602129536 → TG_King80 → 91M Boss 精准代发 认准 客户ID bs91m1
2022-05-08 06:22:42 → 917602129536 → lshakaan20 → 【91M Boss】 精准代发 认准 客户ID bs91m1
2022-05-08 06:22:53 → 917602129536 → UraniumFinanceF → 【91M Boss】 精准代发 认准 客户ID bs91m1
2022-05-08 06:23:06 → 917602129536 → huaao1 → 91M Boss 精准代发 认准 客户ID bs91m1
2022-05-08 06:23:17 → 917602129536 → SquidGameS_CN → 91M Boss 精准代发 认准 客户ID bs91m1
2022-05-08 06:23:29 → 917602129536 → fw992 → 【91M Boss】 精准代发 认准 客户ID bs91m1
2022-05-08 06:26:35 → 917602129536 → TG_King90 → 【91M Boss】 精准代发 认准 客户ID bs91m1
2022-05-08 06:26:46 → 917602129536 → UraniumFinanceF → 【91M Boss】 精准代发 认准 客户ID bs91m1
2022-05-08 06:26:58 → 917602129536 → SquidGameS_CN → 91M Boss 精准代发 认准 客户ID bs91m1
2022-05-08 06:27:09 → 917602129536 → jiu_777 → 【91M Boss】 精准代发 认准 客户ID bs91m1
2022-05-08 06:27:15 → 917602129536 → Fkzy_Group → 【91M Boss】 精准代发 认准 客户ID bs91m1
2022-05-08 06:27:27 → 917602129536 → ewttsfdgcjtwt → 91M Boss 精准代发 认准 客户ID bs91m1
2022-05-08 06:27:32 → 917602129536 → lshakaan20 → 【91M Boss】 精准代发 认准 客户ID bs91m1
2022-05-08 06:27:44 → 917602129536 → fw992 → 91M Boss 精准代发 认准 客户ID bs91m1
2022-05-08 06:27:58 → 917602129536 → TG_King80 → 91M Boss 精准代发 认准 客户ID bs91m1
2022-05-08 06:28:25 → 917602129536 → huaao1 → 91M Boss 精准代发 认准 客户ID bs91m1
2022-05-08 06:28:52 → 917602129536 → TG_King80 → 【91M Boss】 精准代发 认准 客户ID bs91m1
2022-05-08 06:28:58 → 917602129536 → TG_King90 → 【91M Boss】 精准代发 认准 客户ID bs91m1
2022-05-08 06:29:11 → 917602129536 → Fkzy_Group → 【91M Boss】 精准代发 认准 客户ID bs91m1
2022-05-08 06:29:23 → 917602129536 → ewttsfdgcjtwt → 91M Boss 精准代发 认准 客户ID bs91m1
2022-05-08 06:29:35 → 917602129536 → lshakaan20 → 【91M Boss】 精准代发 认准 客户ID bs91m1
2022-05-08 06:29:46 → 917602129536 → UraniumFinanceF → 【91M Boss】 精准代发 认准 客户ID bs91m1
2022-05-08 06:29:58 → 917602129536 → fw992 → 【91M Boss】 精准代发 认准 客户ID bs91m1