
2022-05-09 12:25:22 → 918373014962 → zhongwen6 → 专业代🔥发广🔥告✈️ bs91m1
2022-05-09 12:26:16 → 918320325390 → jbai9988 → 群🔥发软🔥件代🔥发🔥广告 ✈️ bs91m1
2022-05-09 12:26:43 → 917061771362 → chaxun2020 → 【91M Boss】传媒 代🔥发广🔥告✈️ bs91m1
2022-05-09 12:26:58 → 919392786001 → a1313652 → 专业代🔥发广🔥告✈️ bs91m1
2022-05-09 12:27:25 → 918509922477 → USDT43 → 群🔥发软🔥件代🔥发🔥广告 ✈️ bs91m1
2022-05-09 12:27:40 → 918109281745 → FG528 → 群🔥发软🔥件代🔥发🔥广告 ✈️ bs91m1
2022-05-09 12:28:17 → 918099664695 → agela888 → 专业代🔥发广🔥告✈️ bs91m1
2022-05-09 12:28:43 → 916354850353 → lhc128 → 群🔥发软🔥件代🔥发🔥广告 ✈️ bs91m1
2022-05-09 12:28:58 → 918504957681 → HerdMans3 → 专业代🔥发广🔥告✈️ bs91m1
2022-05-09 12:32:30 → 79917731981 → mmx1688888 → 群🔥发软🔥件代🔥发🔥广告 ✈️ bs91m1
2022-05-09 12:32:44 → 918504957681 → qipai65 → 专业代🔥发广🔥告✈️ bs91m1
2022-05-09 12:33:26 → 79917731981 → dip9186 → 群🔥发软🔥件代🔥发🔥广告 ✈️ bs91m1
2022-05-09 12:34:30 → 916354850353 → TG00018 → 专业代🔥发广🔥告✈️ bs91m1
2022-05-09 12:35:06 → 79045541142 → USTCtg → 群🔥发软🔥件代🔥发🔥广告 ✈️ bs91m1
2022-05-09 12:35:19 → 918099664695 → TGhuaren1 → 专业代🔥发广🔥告✈️ bs91m1
2022-05-09 12:35:34 → 917709312777 → BinanceChinese_OKEX → 专业代🔥发广🔥告✈️ bs91m1
2022-05-09 12:35:51 → 79773856754 → USsyu → 专业代🔥发广🔥告✈️ bs91m1
2022-05-09 12:36:16 → 79516876428 → AsunaHentai → 群🔥发软🔥件代🔥发🔥广告 ✈️ bs91m1
2022-05-09 12:36:58 → 918504957681 → xingbi0088 → 专业代🔥发广🔥告✈️ bs91m1
2022-05-09 12:39:07 → 79917731981 → TP4hIhA9jMzBh → 【91M Boss】传媒 代🔥发广🔥告✈️ bs91m1
2022-05-09 12:39:22 → 917350037815 → bocaipay3505 → 【91M Boss】传媒 代🔥发广🔥告✈️ bs91m1
2022-05-09 12:39:47 → 917709312777 → tianziusdt → 群🔥发软🔥件代🔥发🔥广告 ✈️ bs91m1
2022-05-09 12:40:00 → 79917730705 → RocketGlobalc → 群🔥发软🔥件代🔥发🔥广告 ✈️ bs91m1
2022-05-09 12:40:15 → 79917733563 → lovehash22992 → 群🔥发软🔥件代🔥发🔥广告 ✈️ bs91m1
2022-05-09 12:40:30 → 917004780396 → fun_apks → 群🔥发软🔥件代🔥发🔥广告 ✈️ bs91m1
2022-05-09 12:41:18 → 79516876428 → lovehash292 → 群🔥发软🔥件代🔥发🔥广告 ✈️ bs91m1
2022-05-09 12:42:20 → 79045541142 → WKLhuaren → 【91M Boss】传媒 代🔥发广🔥告✈️ bs91m1
2022-05-09 12:43:12 → 916204102129 → nanyangdb → 专业代🔥发广🔥告✈️ bs91m1
2022-05-09 12:43:38 → 79919431787 → wangzaiGZS4 → 【91M Boss】传媒 代🔥发广🔥告✈️ bs91m1
2022-05-09 12:44:08 → 917037783372 → TRJ62 → 专业代🔥发广🔥告✈️ bs91m1
2022-05-09 12:44:33 → 918504957681 → tg00125 → 群🔥发软🔥件代🔥发🔥广告 ✈️ bs91m1
2022-05-09 12:44:50 → 917838380415 → GQXXQ → 专业代🔥发广🔥告✈️ bs91m1
2022-05-09 12:44:54 → 916354850353 → dijia02 → 群🔥发软🔥件代🔥发🔥广告 ✈️ bs91m1
2022-05-09 12:45:02 → 79919429746 → TG0799 → 【91M Boss】传媒 代🔥发广🔥告✈️ bs91m1
2022-05-09 12:45:13 → 917004780396 → HK100008 → 【91M Boss】传媒 代🔥发广🔥告✈️ bs91m1
2022-05-09 12:45:31 → 79916318026 → njwwjpxc → 专业代🔥发广🔥告✈️ bs91m1
2022-05-09 12:45:42 → 79516876428 → -1001765938448 → 群🔥发软🔥件代🔥发🔥广告 ✈️ bs91m1
2022-05-09 12:45:57 → 79045541142 → TG_88888 → 群🔥发软🔥件代🔥发🔥广告 ✈️ bs91m1
2022-05-09 12:46:03 → 917838380415 → TG96110 → 专业代🔥发广🔥告✈️ bs91m1
2022-05-09 12:46:20 → 918109281745 → TG0977 → 【91M Boss】传媒 代🔥发广🔥告✈️ bs91m1
2022-05-09 12:46:26 → 79917730705 → StepZoro → 专业代🔥发广🔥告✈️ bs91m1
2022-05-09 12:46:32 → 917709312777 → TG166 → 【91M Boss】传媒 代🔥发广🔥告✈️ bs91m1
2022-05-09 12:46:37 → 918099664695 → YYL001 → 【91M Boss】传媒 代🔥发广🔥告✈️ bs91m1
2022-05-09 12:46:43 → 917350037815 → phbbs → 【91M Boss】传媒 代🔥发广🔥告✈️ bs91m1
2022-05-09 12:47:11 → 79773856754 → TG_King80 → 专业代🔥发广🔥告✈️ bs91m1
2022-05-09 12:47:16 → 918504957681 → FHLMTEAM → 群🔥发软🔥件代🔥发🔥广告 ✈️ bs91m1
2022-05-09 12:47:34 → 917061771362 → dibai778899 → 群🔥发软🔥件代🔥发🔥广告 ✈️ bs91m1
2022-05-09 12:47:46 → 916204102129 → maxian420 → 专业代🔥发广🔥告✈️ bs91m1
2022-05-09 12:47:57 → 79773856754 → PG528 → 专业代🔥发广🔥告✈️ bs91m1
2022-05-09 12:48:11 → 917004780396 → haxijingcai011 → 专业代🔥发广🔥告✈️ bs91m1
2022-05-09 12:48:19 → 79917730705 → BtokCN_0018 → 群🔥发软🔥件代🔥发🔥广告 ✈️ bs91m1
2022-05-09 12:48:25 → 79917730705 → UHihJGzaOAc3YjBh → 专业代🔥发广🔥告✈️ bs91m1
2022-05-09 12:48:30 → 79917733563 → dibai918 → 专业代🔥发广🔥告✈️ bs91m1
2022-05-09 12:48:37 → 79917733563 → shorelalala → 【91M Boss】传媒 代🔥发广🔥告✈️ bs91m1
2022-05-09 12:53:12 → 79045541142 → PG528 → 群🔥发软🔥件代🔥发🔥广告 ✈️ bs91m1
2022-05-09 12:53:17 → 916204102129 → VG0002 → 【91M Boss】传媒 代🔥发广🔥告✈️ bs91m1
2022-05-09 12:53:23 → 917004780396 → BKEXChinese → 专业代🔥发广🔥告✈️ bs91m1
2022-05-09 12:54:19 → 79045541142 → -1001611891970 → 【91M Boss】传媒 代🔥发广🔥告✈️ bs91m1
2022-05-09 12:54:58 → 79919431787 → AsunaHentai → 群🔥发软🔥件代🔥发🔥广告 ✈️ bs91m1
2022-05-09 12:55:04 → 79917731981 → EYwKRiLZ2eJhMzBh → 【91M Boss】传媒 代🔥发广🔥告✈️ bs91m1
2022-05-09 12:55:20 → 79917730705 → TGVIP9 → 专业代🔥发广🔥告✈️ bs91m1
2022-05-09 12:55:30 → 79516876428 → -1001787191991 → 【91M Boss】传媒 代🔥发广🔥告✈️ bs91m1
2022-05-09 12:55:41 → 918109281745 → GIBXChange_cn → 【91M Boss】传媒 代🔥发广🔥告✈️ bs91m1
2022-05-09 12:55:46 → 79045541142 → njwwjpxc → 群🔥发软🔥件代🔥发🔥广告 ✈️ bs91m1
2022-05-09 12:55:52 → 917061771362 → sichouzhilu0 → 专业代🔥发广🔥告✈️ bs91m1
2022-05-09 12:56:09 → 918099664695 → StepZoro → 专业代🔥发广🔥告✈️ bs91m1
2022-05-09 12:56:39 → 917037783372 → dibai9988 → 【91M Boss】传媒 代🔥发广🔥告✈️ bs91m1
2022-05-09 12:57:02 → 79919429746 → yitaifang4 → 专业代🔥发广🔥告✈️ bs91m1
2022-05-09 12:57:17 → 917350037815 → BAOAA → 群🔥发软🔥件代🔥发🔥广告 ✈️ bs91m1
2022-05-09 12:57:26 → 917004780396 → FRTD888 → 专业代🔥发广🔥告✈️ bs91m1
2022-05-09 12:57:32 → 917709312777 → tuishouLL01 → 【91M Boss】传媒 代🔥发广🔥告✈️ bs91m1
2022-05-09 12:57:38 → 916204102129 → yizhifu678 → 专业代🔥发广🔥告✈️ bs91m1
2022-05-09 12:57:55 → 79916318026 → KMFW56789 → 【91M Boss】传媒 代🔥发广🔥告✈️ bs91m1
2022-05-09 12:58:10 → 917709312777 → A_K_3A → 群🔥发软🔥件代🔥发🔥广告 ✈️ bs91m1
2022-05-09 12:58:26 → 79917731981 → agela888 → 专业代🔥发广🔥告✈️ bs91m1
2022-05-09 12:58:36 → 917350037815 → dibai12 → 【91M Boss】传媒 代🔥发广🔥告✈️ bs91m1
2022-05-09 12:58:53 → 79917730705 → dubai2611 → 【91M Boss】传媒 代🔥发广🔥告✈️ bs91m1
2022-05-09 12:59:10 → 917037783372 → DBaitgaaya8 → 【91M Boss】传媒 代🔥发广🔥告✈️ bs91m1
2022-05-09 12:59:20 → 916354850353 → loufenha → 【91M Boss】传媒 代🔥发广🔥告✈️ bs91m1
2022-05-09 12:59:26 → 79919431787 → BtokCN_001 → 群🔥发软🔥件代🔥发🔥广告 ✈️ bs91m1
2022-05-09 12:59:41 → 79516876428 → AG7890 → 【91M Boss】传媒 代🔥发广🔥告✈️ bs91m1
2022-05-09 12:59:56 → 79917733563 → GoRideCommunityChat → 专业代🔥发广🔥告✈️ bs91m1
2022-05-09 13:00:02 → 916204102129 → Sz1888 → 群🔥发软🔥件代🔥发🔥广告 ✈️ bs91m1
2022-05-09 13:00:08 → 79773856754 → -1001776211111 → 【91M Boss】传媒 代🔥发广🔥告✈️ bs91m1
2022-05-09 13:00:19 → 79045541142 → TGhuaren1 → 群🔥发软🔥件代🔥发🔥广告 ✈️ bs91m1
2022-05-09 13:00:24 → 918099664695 → ArabianShinjaA → 专业代🔥发广🔥告✈️ bs91m1
2022-05-09 13:00:30 → 917838380415 → meizi005 → 专业代🔥发广🔥告✈️ bs91m1
2022-05-09 13:00:35 → 79919429746 → TG1949521 → 专业代🔥发广🔥告✈️ bs91m1
2022-05-09 13:00:46 → 79773856754 → TG12389 → 群🔥发软🔥件代🔥发🔥广告 ✈️ bs91m1
2022-05-09 13:01:12 → 919392786001 → shuangma88 → 群🔥发软🔥件代🔥发🔥广告 ✈️ bs91m1
2022-05-09 13:01:17 → 79917731981 → chaguaner → 【91M Boss】传媒 代🔥发广🔥告✈️ bs91m1
2022-05-09 13:01:29 → 79919431787 → lovehash2999B → 群🔥发软🔥件代🔥发🔥广告 ✈️ bs91m1
2022-05-09 13:01:47 → 79916318026 → dip9186 → 群🔥发软🔥件代🔥发🔥广告 ✈️ bs91m1
2022-05-09 13:01:59 → 917709312777 → Sz1888 → 专业代🔥发广🔥告✈️ bs91m1
2022-05-09 13:02:16 → 918320325390 → mucnft → 群🔥发软🔥件代🔥发🔥广告 ✈️ bs91m1
2022-05-09 13:02:22 → 79045541142 → daishoujiaoyi → 群🔥发软🔥件代🔥发🔥广告 ✈️ bs91m1
2022-05-09 13:02:28 → 79919429746 → fNVLtRyPOVZmYTRh → 群🔥发软🔥件代🔥发🔥广告 ✈️ bs91m1
2022-05-09 13:02:33 → 918504957681 → jmdzq → 专业代🔥发广🔥告✈️ bs91m1
2022-05-09 13:02:43 → 917350037815 → WKLTG → 专业代🔥发广🔥告✈️ bs91m1
2022-05-09 13:02:49 → 79917733563 → AscendEXChinese → 群🔥发软🔥件代🔥发🔥广告 ✈️ bs91m1
2022-05-09 13:02:56 → 919564211044 → huichan_com_grp → 群🔥发软🔥件代🔥发🔥广告 ✈️ bs91m1
2022-05-09 13:03:01 → 917037783372 → DariusGroup → 【91M Boss】传媒 代🔥发广🔥告✈️ bs91m1
2022-05-09 13:03:08 → 918538928111 → dibai9988 → 专业代🔥发广🔥告✈️ bs91m1
2022-05-09 13:03:14 → 919498170694 → wy173 → 群🔥发软🔥件代🔥发🔥广告 ✈️ bs91m1
2022-05-09 13:03:26 → 918130663666 → HooGroupChinese → 专业代🔥发广🔥告✈️ bs91m1
2022-05-09 13:03:52 → 917061771362 → nrmxmsme → 专业代🔥发广🔥告✈️ bs91m1
2022-05-09 13:03:58 → 79917730705 → sdjsafhsudij → 【91M Boss】传媒 代🔥发广🔥告✈️ bs91m1
2022-05-09 13:04:12 → 79917730705 → BNBMastersd → 【91M Boss】传媒 代🔥发广🔥告✈️ bs91m1
2022-05-09 13:04:21 → 918509922477 → TG858 → 【91M Boss】传媒 代🔥发广🔥告✈️ bs91m1
2022-05-09 13:04:34 → 917004780396 → chaguaner → 【91M Boss】传媒 代🔥发广🔥告✈️ bs91m1
2022-05-09 13:04:48 → 916204102129 → jiajiadaigou → 群🔥发软🔥件代🔥发🔥广告 ✈️ bs91m1
2022-05-09 13:04:58 → 79917731981 → qiu330 → 专业代🔥发广🔥告✈️ bs91m1
2022-05-09 13:05:20 → 918538928111 → TG88168 → 群🔥发软🔥件代🔥发🔥广告 ✈️ bs91m1
2022-05-09 13:05:31 → 79773856754 → DM_USDT → 专业代🔥发广🔥告✈️ bs91m1
2022-05-09 13:05:44 → 917838380415 → luyi228 → 群🔥发软🔥件代🔥发🔥广告 ✈️ bs91m1
2022-05-09 13:05:53 → 917838380415 → zhengguijun → 【91M Boss】传媒 代🔥发广🔥告✈️ bs91m1
2022-05-09 13:06:11 → 918130663666 → Scumddos666 → 群🔥发软🔥件代🔥发🔥广告 ✈️ bs91m1
2022-05-09 13:06:21 → 918320325390 → dibai9988 → 专业代🔥发广🔥告✈️ bs91m1
2022-05-09 13:06:30 → 917709312777 → paofen42 → 群🔥发软🔥件代🔥发🔥广告 ✈️ bs91m1
2022-05-09 13:06:45 → 79916318026 → GANKPADCN → 专业代🔥发广🔥告✈️ bs91m1
2022-05-09 13:07:00 → 79516876428 → huichan0000 → 群🔥发软🔥件代🔥发🔥广告 ✈️ bs91m1
2022-05-09 13:07:09 → 917061771362 → NB1chat → 【91M Boss】传媒 代🔥发广🔥告✈️ bs91m1
2022-05-09 13:07:18 → 919564211044 → SmartinuZG → 专业代🔥发广🔥告✈️ bs91m1
2022-05-09 13:07:49 → 919392786001 → USsyu → 【91M Boss】传媒 代🔥发广🔥告✈️ bs91m1
2022-05-09 13:07:59 → 916354850353 → BKEXChinese → 群🔥发软🔥件代🔥发🔥广告 ✈️ bs91m1
2022-05-09 13:08:10 → 79919429746 → FHaak8 → 专业代🔥发广🔥告✈️ bs91m1
2022-05-09 13:08:19 → 917037783372 → spacex886 → 专业代🔥发广🔥告✈️ bs91m1
2022-05-09 13:08:29 → 918099664695 → dubaiy111 → 【91M Boss】传媒 代🔥发广🔥告✈️ bs91m1
2022-05-09 13:09:03 → 79917733563 → xjltq → 专业代🔥发广🔥告✈️ bs91m1
2022-05-09 13:09:46 → 918109281745 → sichouzhilu0 → 群🔥发软🔥件代🔥发🔥广告 ✈️ bs91m1
2022-05-09 13:09:55 → 79773856754 → bocaipay3505 → 【91M Boss】传媒 代🔥发广🔥告✈️ bs91m1
2022-05-09 13:10:13 → 917004780396 → mian789 → 群🔥发软🔥件代🔥发🔥广告 ✈️ bs91m1
2022-05-09 13:10:29 → 918099664695 → leaptrades → 专业代🔥发广🔥告✈️ bs91m1
2022-05-09 13:12:58 → 79045541142 → wangzhuan75 → 专业代🔥发广🔥告✈️ bs91m1
2022-05-09 13:13:08 → 918504957681 → sougo001 → 专业代🔥发广🔥告✈️ bs91m1
2022-05-09 13:13:17 → 916354850353 → zn88666 → 【91M Boss】传媒 代🔥发广🔥告✈️ bs91m1
2022-05-09 13:13:30 → 79917731981 → sichouzhilu0 → 【91M Boss】传媒 代🔥发广🔥告✈️ bs91m1
2022-05-09 13:13:41 → 79917731981 → TG0977 → 群🔥发软🔥件代🔥发🔥广告 ✈️ bs91m1
2022-05-09 13:13:51 → 79919429746 → weiweihuhu → 【91M Boss】传媒 代🔥发广🔥告✈️ bs91m1
2022-05-09 13:14:09 → 79773856754 → Usdtbmw → 群🔥发软🔥件代🔥发🔥广告 ✈️ bs91m1
2022-05-09 13:14:30 → 917838380415 → Z8_haxi_Game → 【91M Boss】传媒 代🔥发广🔥告✈️ bs91m1
2022-05-09 13:15:15 → 79917733563 → YS52111 → 【91M Boss】传媒 代🔥发广🔥告✈️ bs91m1
2022-05-09 13:15:24 → 919498170694 → YTB888 → 【91M Boss】传媒 代🔥发广🔥告✈️ bs91m1
2022-05-09 13:15:34 → 79919431787 → sichouzhilu0 → 群🔥发软🔥件代🔥发🔥广告 ✈️ bs91m1
2022-05-09 13:15:44 → 79516876428 → tianziusdt → 【91M Boss】传媒 代🔥发广🔥告✈️ bs91m1
2022-05-09 13:16:21 → 917004780396 → TGTRX123 → 群🔥发软🔥件代🔥发🔥广告 ✈️ bs91m1
2022-05-09 13:16:32 → 918373014962 → dibaix918 → 群🔥发软🔥件代🔥发🔥广告 ✈️ bs91m1
2022-05-09 14:40:06 → 79773856754 → TG006 → 【91M Boss】传媒 代🔥发广🔥告✈️ bs91m1
2022-05-09 14:40:32 → 917004780396 → bclm1 → 【91M Boss】传媒 代🔥发广🔥告✈️ bs91m1
2022-05-09 14:40:41 → 918099664695 → GDXCLM → 群🔥发软🔥件代🔥发🔥广告 ✈️ bs91m1
2022-05-09 14:41:20 → 79919429746 → SHCPCO → 群🔥发软🔥件代🔥发🔥广告 ✈️ bs91m1
2022-05-09 14:41:38 → 79045541142 → fuli6889 → 群🔥发软🔥件代🔥发🔥广告 ✈️ bs91m1
2022-05-09 14:41:57 → 918109281745 → az123818 → 【91M Boss】传媒 代🔥发广🔥告✈️ bs91m1
2022-05-09 14:42:07 → 79917733563 → usdthuihuan → 群🔥发软🔥件代🔥发🔥广告 ✈️ bs91m1
2022-05-09 14:42:28 → 917061771362 → TG5171 → 群🔥发软🔥件代🔥发🔥广告 ✈️ bs91m1
2022-05-09 14:42:38 → 918509922477 → DBhuaren1 → 【91M Boss】传媒 代🔥发广🔥告✈️ bs91m1
2022-05-09 14:45:07 → 79773856754 → DBhuaren1 → 专业代🔥发广🔥告✈️ bs91m1
2022-05-09 14:45:20 → 917004780396 → qunliansy61 → 群🔥发软🔥件代🔥发🔥广告 ✈️ bs91m1
2022-05-09 14:45:37 → 917061771362 → ws888818svipbot1 → 群🔥发软🔥件代🔥发🔥广告 ✈️ bs91m1
2022-05-09 14:46:24 → 79919429746 → ps082 → 专业代🔥发广🔥告✈️ bs91m1
2022-05-09 14:47:02 → 918373014962 → MochaMagicWorldCN → 【91M Boss】传媒 代🔥发广🔥告✈️ bs91m1
2022-05-09 14:47:29 → 918109281745 → EverIncomeCoinC → 【91M Boss】传媒 代🔥发广🔥告✈️ bs91m1
2022-05-09 14:47:53 → 79773856754 → VG0002 → 专业代🔥发广🔥告✈️ bs91m1
2022-05-09 14:48:03 → 917004780396 → huzituandui → 专业代🔥发广🔥告✈️ bs91m1
2022-05-09 14:48:32 → 916204102129 → ArabianShinjaA → 专业代🔥发广🔥告✈️ bs91m1
2022-05-09 14:48:41 → 918504957681 → wanghuashe666 → 专业代🔥发广🔥告✈️ bs91m1
2022-05-09 14:48:50 → 79917731981 → qwerdt1 → 群🔥发软🔥件代🔥发🔥广告 ✈️ bs91m1
2022-05-09 14:48:59 → 918130663666 → TGhuaren1 → 【91M Boss】传媒 代🔥发广🔥告✈️ bs91m1
2022-05-09 14:49:10 → 918538928111 → tianjin330 → 【91M Boss】传媒 代🔥发广🔥告✈️ bs91m1
2022-05-09 14:49:19 → 918538928111 → TGhuaren1 → 【91M Boss】传媒 代🔥发广🔥告✈️ bs91m1
2022-05-09 14:49:37 → 79919429746 → BNBMastersd → 【91M Boss】传媒 代🔥发广🔥告✈️ bs91m1
2022-05-09 14:49:50 → 918099664695 → dbjlq1 → 专业代🔥发广🔥告✈️ bs91m1
2022-05-09 14:49:59 → 917037783372 → xingbi0088 → 【91M Boss】传媒 代🔥发广🔥告✈️ bs91m1
2022-05-09 14:50:09 → 917037783372 → TG771 → 专业代🔥发广🔥告✈️ bs91m1
2022-05-09 14:50:46 → 919392786001 → yindutg → 专业代🔥发广🔥告✈️ bs91m1
2022-05-09 14:51:00 → 79916318026 → rerydgsfvgggdf → 【91M Boss】传媒 代🔥发广🔥告✈️ bs91m1
2022-05-09 14:51:12 → 79917730705 → fuli6889 → 群🔥发软🔥件代🔥发🔥广告 ✈️ bs91m1
2022-05-09 14:51:47 → 79917731981 → lovehash2999 → 群🔥发软🔥件代🔥发🔥广告 ✈️ bs91m1
2022-05-09 14:52:00 → 918130663666 → zwdhbot → 【91M Boss】传媒 代🔥发广🔥告✈️ bs91m1
2022-05-09 14:52:09 → 917709312777 → WKLhuaren → 群🔥发软🔥件代🔥发🔥广告 ✈️ bs91m1
2022-05-09 14:52:18 → 918504957681 → Dubai_FH → 【91M Boss】传媒 代🔥发广🔥告✈️ bs91m1
2022-05-09 14:52:41 → 79773856754 → dcdbxyzs → 【91M Boss】传媒 代🔥发广🔥告✈️ bs91m1
2022-05-09 14:52:55 → 79045541142 → ccig91 → 【91M Boss】传媒 代🔥发广🔥告✈️ bs91m1
2022-05-09 14:53:07 → 79917730705 → tsdb01 → 【91M Boss】传媒 代🔥发广🔥告✈️ bs91m1
2022-05-09 14:53:35 → 917004780396 → TG5171 → 群🔥发软🔥件代🔥发🔥广告 ✈️ bs91m1
2022-05-09 14:53:49 → 919392786001 → TG0799 → 专业代🔥发广🔥告✈️ bs91m1
2022-05-09 14:54:12 → 916204102129 → chaguaner → 专业代🔥发广🔥告✈️ bs91m1
2022-05-09 14:54:27 → 79917733563 → dibai12 → 【91M Boss】传媒 代🔥发广🔥告✈️ bs91m1
2022-05-09 14:54:37 → 79919431787 → xianliao01 → 【91M Boss】传媒 代🔥发广🔥告✈️ bs91m1
2022-05-09 14:54:54 → 918099664695 → DBCN2 → 群🔥发软🔥件代🔥发🔥广告 ✈️ bs91m1
2022-05-09 14:55:19 → 917350037815 → xxg863 → 【91M Boss】传媒 代🔥发广🔥告✈️ bs91m1
2022-05-09 14:56:11 → 918504957681 → LUJIE888 → 专业代🔥发广🔥告✈️ bs91m1
2022-05-09 14:56:29 → 917061771362 → daishou586 → 群🔥发软🔥件代🔥发🔥广告 ✈️ bs91m1
2022-05-09 14:56:40 → 918509922477 → TGhuaren1 → 群🔥发软🔥件代🔥发🔥广告 ✈️ bs91m1
2022-05-09 14:56:59 → 79919429746 → pp19902 → 群🔥发软🔥件代🔥发🔥广告 ✈️ bs91m1
2022-05-09 14:57:08 → 79919429746 → xinbi088 → 群🔥发软🔥件代🔥发🔥广告 ✈️ bs91m1
2022-05-09 14:57:51 → 918509922477 → yqtqi8 → 【91M Boss】传媒 代🔥发广🔥告✈️ bs91m1
2022-05-09 14:58:23 → 918099664695 → fw866 → 群🔥发软🔥件代🔥发🔥广告 ✈️ bs91m1
2022-05-09 14:58:31 → 79919429746 → dubaiqq918 → 专业代🔥发广🔥告✈️ bs91m1
2022-05-09 14:58:40 → 917709312777 → TGlianmeng002 → 【91M Boss】传媒 代🔥发广🔥告✈️ bs91m1
2022-05-09 14:58:50 → 79916318026 → dubai3377 → 群🔥发软🔥件代🔥发🔥广告 ✈️ bs91m1
2022-05-09 14:59:26 → 917037783372 → daishou15 → 【91M Boss】传媒 代🔥发广🔥告✈️ bs91m1
2022-05-09 15:00:12 → 917350037815 → AG7890 → 【91M Boss】传媒 代🔥发广🔥告✈️ bs91m1
2022-05-09 15:00:26 → 79045541142 → USDT43 → 群🔥发软🔥件代🔥发🔥广告 ✈️ bs91m1
2022-05-09 15:00:36 → 918130663666 → huanqian35 → 群🔥发软🔥件代🔥发🔥广告 ✈️ bs91m1
2022-05-09 15:00:51 → 918109281745 → GouTui → 群🔥发软🔥件代🔥发🔥广告 ✈️ bs91m1
2022-05-09 15:01:10 → 916204102129 → BtokCN_0020 → 【91M Boss】传媒 代🔥发广🔥告✈️ bs91m1
2022-05-09 15:01:40 → 79917730705 → dip9186 → 【91M Boss】传媒 代🔥发广🔥告✈️ bs91m1
2022-05-09 15:02:02 → 918109281745 → meiship → 【91M Boss】传媒 代🔥发广🔥告✈️ bs91m1
2022-05-09 15:02:32 → 917061771362 → liuhedadui → 专业代🔥发广🔥告✈️ bs91m1
2022-05-09 15:02:41 → 79917731981 → Sz1888 → 【91M Boss】传媒 代🔥发广🔥告✈️ bs91m1
2022-05-09 15:03:01 → 79919429746 → HENGM01 → 专业代🔥发广🔥告✈️ bs91m1
2022-05-09 15:03:11 → 918538928111 → TGlianmeng002 → 群🔥发软🔥件代🔥发🔥广告 ✈️ bs91m1
2022-05-09 15:03:31 → 79916318026 → xiongmaoxia888 → 【91M Boss】传媒 代🔥发广🔥告✈️ bs91m1
2022-05-09 15:03:40 → 916204102129 → MDhuaren1 → 群🔥发软🔥件代🔥发🔥广告 ✈️ bs91m1
2022-05-09 15:04:12 → 79919431787 → jiangqxsixsixsix → 专业代🔥发广🔥告✈️ bs91m1
2022-05-09 15:04:21 → 918130663666 → monstainfinitechinese → 【91M Boss】传媒 代🔥发广🔥告✈️ bs91m1
2022-05-09 15:04:41 → 79045541142 → AS668825 → 群🔥发软🔥件代🔥发🔥广告 ✈️ bs91m1
2022-05-09 15:05:00 → 919392786001 → bacommu → 专业代🔥发广🔥告✈️ bs91m1
2022-05-09 15:05:16 → 918504957681 → zzjl168 → 群🔥发软🔥件代🔥发🔥广告 ✈️ bs91m1
2022-05-09 15:05:25 → 918373014962 → dubai881234 → 群🔥发软🔥件代🔥发🔥广告 ✈️ bs91m1
2022-05-09 15:05:35 → 917350037815 → tg00125 → 群🔥发软🔥件代🔥发🔥广告 ✈️ bs91m1
2022-05-09 15:06:15 → 79773856754 → BKEXChinese → 群🔥发软🔥件代🔥发🔥广告 ✈️ bs91m1
2022-05-09 15:06:30 → 919392786001 → TGhuaren1 → 【91M Boss】传媒 代🔥发广🔥告✈️ bs91m1
2022-05-09 15:06:55 → 918099664695 → XZL06 → 群🔥发软🔥件代🔥发🔥广告 ✈️ bs91m1
2022-05-09 15:07:23 → 79773856754 → ZB_support2 → 专业代🔥发广🔥告✈️ bs91m1
2022-05-09 15:07:53 → 918504957681 → sunshineyyds → 【91M Boss】传媒 代🔥发广🔥告✈️ bs91m1
2022-05-09 15:08:02 → 917004780396 → OKXGroup_CN → 【91M Boss】传媒 代🔥发广🔥告✈️ bs91m1
2022-05-09 15:08:16 → 917350037815 → jfoisjfiodvfd → 群🔥发软🔥件代🔥发🔥广告 ✈️ bs91m1
2022-05-09 15:08:26 → 79045541142 → bailaohui_cvv → 群🔥发软🔥件代🔥发🔥广告 ✈️ bs91m1
2022-05-09 15:08:35 → 79919429746 → dibai8880 → 【91M Boss】传媒 代🔥发广🔥告✈️ bs91m1
2022-05-09 15:08:44 → 79916318026 → xjltq → 群🔥发软🔥件代🔥发🔥广告 ✈️ bs91m1
2022-05-09 15:09:12 → 917709312777 → zscd1 → 【91M Boss】传媒 代🔥发广🔥告✈️ bs91m1
2022-05-09 15:09:21 → 919392786001 → xysbbs6 → 专业代🔥发广🔥告✈️ bs91m1
2022-05-09 15:09:30 → 917838380415 → NB1chat → 专业代🔥发广🔥告✈️ bs91m1
2022-05-09 15:10:17 → 918109281745 → dibaihrg009 → 【91M Boss】传媒 代🔥发广🔥告✈️ bs91m1
2022-05-09 15:11:07 → 917037783372 → huichan_com_grp → 群🔥发软🔥件代🔥发🔥广告 ✈️ bs91m1
2022-05-09 15:11:23 → 918538928111 → telesd204123 → 群🔥发软🔥件代🔥发🔥广告 ✈️ bs91m1
2022-05-09 15:11:53 → 917709312777 → USsyu → 【91M Boss】传媒 代🔥发广🔥告✈️ bs91m1
2022-05-09 15:12:09 → 918509922477 → FHaak8 → 群🔥发软🔥件代🔥发🔥广告 ✈️ bs91m1
2022-05-09 15:12:27 → 79917733563 → XTsupport_EN → 【91M Boss】传媒 代🔥发广🔥告✈️ bs91m1
2022-05-09 15:12:38 → 79919431787 → zscd1 → 专业代🔥发广🔥告✈️ bs91m1
2022-05-09 15:12:55 → 79919429746 → StepZoro → 群🔥发软🔥件代🔥发🔥广告 ✈️ bs91m1
2022-05-09 15:13:07 → 79045541142 → MaYiSheQu → 【91M Boss】传媒 代🔥发广🔥告✈️ bs91m1
2022-05-09 15:13:19 → 79916318026 → PG528 → 专业代🔥发广🔥告✈️ bs91m1
2022-05-09 15:13:26 → 916204102129 → BKEXChinese → 专业代🔥发广🔥告✈️ bs91m1
2022-05-09 15:13:41 → 79919431787 → Xiaoxuanfengjiaoliuqun → 群🔥发软🔥件代🔥发🔥广告 ✈️ bs91m1
2022-05-09 15:13:52 → 79773856754 → paofen33 → 【91M Boss】传媒 代🔥发广🔥告✈️ bs91m1
2022-05-09 15:14:01 → 79045541142 → mghxfls → 【91M Boss】传媒 代🔥发广🔥告✈️ bs91m1
2022-05-09 15:14:21 → 918099664695 → MDhuaren1 → 专业代🔥发广🔥告✈️ bs91m1
2022-05-09 15:14:42 → 918109281745 → huihui220 → 群🔥发软🔥件代🔥发🔥广告 ✈️ bs91m1
2022-05-09 15:15:09 → 79917733563 → BnbCHlNA → 专业代🔥发广🔥告✈️ bs91m1
2022-05-09 15:15:33 → 79045541142 → RocketGlobalc → 专业代🔥发广🔥告✈️ bs91m1
2022-05-09 15:15:42 → 917004780396 → phbbs → 专业代🔥发广🔥告✈️ bs91m1
2022-05-09 15:15:55 → 918099664695 → Geniusinu_coin09 → 群🔥发软🔥件代🔥发🔥广告 ✈️ bs91m1
2022-05-09 15:16:04 → 79917731981 → DiP887 → 专业代🔥发广🔥告✈️ bs91m1
2022-05-09 15:16:14 → 79916318026 → dubai3979 → 【91M Boss】传媒 代🔥发广🔥告✈️ bs91m1
2022-05-09 15:16:23 → 917350037815 → jmdzq → 群🔥发软🔥件代🔥发🔥广告 ✈️ bs91m1
2022-05-09 15:16:32 → 79773856754 → DBaitgaaya8 → 【91M Boss】传媒 代🔥发广🔥告✈️ bs91m1
2022-05-09 15:16:47 → 918130663666 → xvgvaqgaawe → 专业代🔥发广🔥告✈️ bs91m1
2022-05-09 15:16:56 → 918538928111 → xysbbs6 → 【91M Boss】传媒 代🔥发广🔥告✈️ bs91m1
2022-05-09 15:17:05 → 916204102129 → jmdsh888 → 专业代🔥发广🔥告✈️ bs91m1
2022-05-09 15:17:19 → 919392786001 → TG00018 → 群🔥发软🔥件代🔥发🔥广告 ✈️ bs91m1
2022-05-09 15:17:41 → 79917730705 → AsunaHentai → 群🔥发软🔥件代🔥发🔥广告 ✈️ bs91m1