
2022-06-12 00:00:42 → 62895324567778 → fgdfdfherh → (session) 协议号，零售、批发 找，bs91m1
2022-06-12 00:02:28 → 60142963511 → yunqian68 → 准备（发 ）广告，找 bs91m1
2022-06-12 00:03:26 → 601112672704 → adasdasw → (session) 协议号，零售、批发 找，bs91m1
2022-06-12 00:05:23 → 601112672704 → jinsanjiaobc → (session) 协议号，零售、批发 找，bs91m1
2022-06-12 00:07:21 → 60142963511 → cvv666money → 需要 群、发软、件，找 bs91m1
2022-06-12 00:08:27 → 60142963511 → yhksijiantao11 → 需要 群、发软、件，找 bs91m1
2022-06-12 00:10:18 → 601112672704 → youxidaili → 来（发 ）广告，联系 bs91m1
2022-06-12 00:11:16 → 62895324567778 → dubai13148888 → 需要 群、发软、件，找 bs91m1
2022-06-12 00:13:14 → 60142963511 → phpzufang → 来（发 ）广告，联系 bs91m1
2022-06-12 00:14:12 → 601112672704 → AG686 → (session) 协议号，零售、批发 找，bs91m1
2022-06-12 00:15:13 → 62895324567778 → amjwg → 准备（发 ）广告，找 bs91m1
2022-06-12 00:17:10 → 60142963511 → lbbet → 来（发 ）广告，联系 bs91m1
2022-06-12 00:18:08 → 601112672704 → fv0015 → 准备（发 ）广告，找 bs91m1
2022-06-12 00:19:07 → 62895324567778 → Hpy111 → 想找人（ 发 ）广告，找 bs91m1
2022-06-12 00:20:14 → 62895324567778 → xd836809 → 准备（发 ）广告，找 bs91m1
2022-06-12 00:21:12 → 60142963511 → jiaoyouqun123 → 需要 群、发，找 bs91m1
2022-06-12 00:25:00 → 62895324567778 → guojitongdaoduanxin → 来（发 ）广告，联系 bs91m1
2022-06-12 00:29:42 → 601112672704 → fjhq000hz → 准备（发 ）广告，找 bs91m1
2022-06-12 00:31:39 → 60142963511 → dsfdshhs → 来（发 ）广告，联系 bs91m1
2022-06-12 00:32:38 → 601112672704 → zuqiushuju → 专业（发 ）广告，联系我 bs91m1
2022-06-12 00:33:37 → 62895324567778 → zgfCYJT → 来（发 ）广告，联系 bs91m1
2022-06-12 00:35:36 → 60142963511 → yhksijiantao11 → 专业（发 ）广告，联系我 bs91m1
2022-06-12 00:38:25 → 601112672704 → jinsanjiaobc → 来（发 ）广告，联系 bs91m1
2022-06-12 00:39:32 → 62895324567778 → miaomiao12356 → 需要 群、发软、件，找 bs91m1
2022-06-12 00:41:22 → 601112672704 → adasdasw → 要（发 ）广告，联系 bs91m1
2022-06-12 00:42:21 → 60142963511 → yunqian68 → 准备（发 ）广告，找 bs91m1
2022-06-12 00:44:17 → 601112672704 → srjlq → 需要 群、发软、件，找 bs91m1
2022-06-12 00:46:10 → 60142963511 → seguiren → 想要（发 ）广告，找 bs91m1
2022-06-12 00:48:10 → 60142963511 → jiaoyouqun123 → 来（发 ）广告，联系 bs91m1
2022-06-12 00:49:09 → 601112672704 → youxidaili → 专业（发 ）广告，联系我 bs91m1
2022-06-12 00:51:06 → 601112672704 → buyusdtx → 来（发 ）广告，联系 bs91m1
2022-06-12 00:58:41 → 601112672704 → ziyuanduijie1 → 需要 软、件，找 bs91m1
2022-06-12 01:01:25 → 60142963511 → phpzufang → 需要 软、件，找 bs91m1
2022-06-12 01:02:29 → 601112672704 → USDThuzhu3 → 需要 群、发软、件，找 bs91m1
2022-06-12 01:04:24 → 62895324567778 → joinBCPH → 来（发 ）广告，联系 bs91m1
2022-06-12 01:05:24 → 60142963511 → xianliaoq → 需要 群、发，找 bs91m1
2022-06-12 01:06:29 → 60142963511 → shujyinl → (session) 协议号，零售、批发 找，bs91m1
2022-06-12 01:08:21 → 62895324567778 → dream888 → 想找人（ 发 ）广告，找 bs91m1
2022-06-12 01:09:19 → 601112672704 → hnsdfhs155 → 想找人（ 发 ）广告，找 bs91m1
2022-06-12 01:10:25 → 60142963511 → lbbet → 来（发 ）广告，联系 bs91m1
2022-06-12 01:11:25 → 62895324567778 → yinlianguoji → 专业（发 ）广告，联系我 bs91m1
2022-06-12 01:12:23 → 601112672704 → dunxin106 → 专业（发 ）广告，联系我 bs91m1
2022-06-12 01:14:21 → 601112672704 → fv0015 → 准备（发 ）广告，找 bs91m1
2022-06-12 01:16:12 → 62895324567778 → dubai13148888 → 准备（发 ）广告，找 bs91m1
2022-06-12 01:17:11 → 60142963511 → cvv666money → 来（发 ）广告，联系 bs91m1
2022-06-12 01:18:18 → 62895324567778 → Philippines_visa → 准备（发 ）广告，找 bs91m1
2022-06-12 01:22:08 → 601112672704 → youxidaili → 需要 群、发，找 bs91m1
2022-06-12 01:24:51 → 62895324567778 → zgfCYJT → 想找人（ 发 ）广告，找 bs91m1
2022-06-12 01:25:55 → 601112672704 → adasdasw → 要（发 ）广告，联系 bs91m1
2022-06-12 01:28:45 → 60142963511 → jiaoyouqun123 → 需要 群、发，找 bs91m1
2022-06-12 01:29:51 → 62895324567778 → fgdfdfherh → 来（发 ）广告，联系 bs91m1
2022-06-12 01:30:49 → 601112672704 → dunxin106 → 准备（发 ）广告，找 bs91m1
2022-06-12 01:31:47 → 60142963511 → phpzufang → 要（发 ）广告，联系 bs91m1
2022-06-12 01:33:43 → 60142963511 → seguiren → 专业（发 ）广告，联系我 bs91m1
2022-06-12 01:35:35 → 62895324567778 → Hpy111 → 想找人（ 发 ）广告，找 bs91m1
2022-06-12 01:37:38 → 60142963511 → cvv666money → 想要（发 ）广告，找 bs91m1
2022-06-12 01:38:37 → 62895324567778 → miaomiao12356 → 准备（发 ）广告，找 bs91m1
2022-06-12 01:40:27 → 601112672704 → hnsdfhs155 → 专业（发 ）广告，联系我 bs91m1
2022-06-12 01:42:27 → 60142963511 → yunqian68 → 准备（发 ）广告，找 bs91m1
2022-06-12 01:43:26 → 601112672704 → USDThuzhu3 → (session) 协议号，零售、批发 找，bs91m1
2022-06-12 01:47:09 → 601112672704 → fjhq000hz → (session) 协议号，零售、批发 找，bs91m1
2022-06-12 01:49:13 → 60142963511 → yhksijiantao11 → 需要 群、发软、件，找 bs91m1
2022-06-12 01:51:04 → 601112672704 → jinsanjiaobc → 想要（发 ）广告，找 bs91m1
2022-06-12 01:53:03 → 601112672704 → fv0015 → 想要（发 ）广告，找 bs91m1
2022-06-12 01:54:01 → 60142963511 → dsfdshhs → 需要 群、发，找 bs91m1
2022-06-12 01:57:47 → 60142963511 → shujyinl → 想找人（ 发 ）广告，找 bs91m1
2022-06-12 02:00:38 → 60142963511 → sirenweixin3 → (session) 协议号，零售、批发 找，bs91m1
2022-06-12 02:03:23 → 601112672704 → zuqiushuju → 要（发 ）广告，联系 bs91m1
2022-06-12 02:04:29 → 60142963511 → lbbet → 要（发 ）广告，联系 bs91m1
2022-06-12 02:06:19 → 601112672704 → AG686 → 准备（发 ）广告，找 bs91m1
2022-06-12 02:10:14 → 601112672704 → srjlq → 要（发 ）广告，联系 bs91m1
2022-06-12 02:12:10 → 601112672704 → buyusdtx → 来（发 ）广告，联系 bs91m1
2022-06-12 02:13:08 → 60142963511 → xianliaoq → 准备（发 ）广告，找 bs91m1
2022-06-12 02:14:10 → 62895324567778 → dream888 → (session) 协议号，零售、批发 找，bs91m1
2022-06-12 02:17:52 → 62895324567778 → G88888880 → 想要（发 ）广告，找 bs91m1
2022-06-12 02:19:50 → 60142963511 → yhksijiantao11 → 需要 软、件，找 bs91m1
2022-06-12 02:21:42 → 62895324567778 → amjwg → 需要 软、件，找 bs91m1
2022-06-12 02:23:43 → 601112672704 → hnsdfhs155 → 要（发 ）广告，联系 bs91m1
2022-06-12 02:25:33 → 60142963511 → shujyinl → (session) 协议号，零售、批发 找，bs91m1
2022-06-12 02:26:31 → 62895324567778 → joinBCPH → 来（发 ）广告，联系 bs91m1
2022-06-12 02:27:36 → 60142963511 → yunqian68 → 需要 群、发软、件，找 bs91m1
2022-06-12 02:28:35 → 601112672704 → srjlq → (session) 协议号，零售、批发 找，bs91m1
2022-06-12 02:30:27 → 62895324567778 → phniuniu → 需要 群、发软、件，找 bs91m1
2022-06-12 02:33:18 → 601112672704 → fv0015 → 想要（发 ）广告，找 bs91m1
2022-06-12 02:34:16 → 60142963511 → xianliaoq → 来（发 ）广告，联系 bs91m1
2022-06-12 02:35:22 → 601112672704 → USDThuzhu3 → 准备（发 ）广告，找 bs91m1
2022-06-12 02:36:21 → 62895324567778 → dubai13148888 → 需要 群、发，找 bs91m1
2022-06-12 02:37:20 → 60142963511 → sirenweixin3 → 要（发 ）广告，联系 bs91m1
2022-06-12 02:40:09 → 601112672704 → dunxin106 → 想要（发 ）广告，找 bs91m1
2022-06-12 02:41:08 → 62895324567778 → xd836809 → 需要 群、发软、件，找 bs91m1
2022-06-12 02:42:07 → 60142963511 → dsfdshhs → (session) 协议号，零售、批发 找，bs91m1
2022-06-12 02:43:13 → 62895324567778 → zgfCYJT → 专业（发 ）广告，联系我 bs91m1
2022-06-12 02:44:13 → 60142963511 → seguiren → 需要 软、件，找 bs91m1
2022-06-12 02:45:10 → 601112672704 → youxidaili → 想要（发 ）广告，找 bs91m1
2022-06-12 02:47:08 → 60142963511 → cvv666money → 需要 群、发，找 bs91m1
2022-06-12 02:48:06 → 601112672704 → jinsanjiaobc → 想要（发 ）广告，找 bs91m1
2022-06-12 02:49:05 → 62895324567778 → Hpy111 → 要（发 ）广告，联系 bs91m1
2022-06-12 02:51:02 → 601112672704 → adasdasw → 来（发 ）广告，联系 bs91m1
2022-06-12 02:52:55 → 60142963511 → phpzufang → 需要 软、件，找 bs91m1
2022-06-12 02:59:29 → 601112672704 → zuqiushuju → 来（发 ）广告，联系 bs91m1
2022-06-12 03:00:27 → 60142963511 → jiaoyouqun123 → 需要 群、发，找 bs91m1
2022-06-12 03:03:19 → 60142963511 → YHK_security → 要（发 ）广告，联系 bs91m1
2022-06-12 03:05:12 → 601112672704 → ziyuanduijie1 → 要（发 ）广告，联系 bs91m1
2022-06-12 03:09:02 → 60142963511 → lbbet → 准备（发 ）广告，找 bs91m1
2022-06-12 03:11:50 → 62895324567778 → yinlianguoji → 想要（发 ）广告，找 bs91m1
2022-06-12 03:12:49 → 601112672704 → fjhq000hz → 来（发 ）广告，联系 bs91m1
2022-06-12 03:16:39 → 62895324567778 → Philippines_visa → 想找人（ 发 ）广告，找 bs91m1
2022-06-12 03:17:45 → 60142963511 → cvv666money → 要（发 ）广告，联系 bs91m1
2022-06-12 03:19:37 → 601112672704 → buyusdtx → 来（发 ）广告，联系 bs91m1
2022-06-12 03:21:34 → 601112672704 → zuqiushuju → 需要 群、发，找 bs91m1
2022-06-12 03:22:32 → 60142963511 → shujyinl → 需要 群、发，找 bs91m1
2022-06-12 03:24:25 → 62895324567778 → G88888880 → 需要 软、件，找 bs91m1
2022-06-12 03:25:30 → 60142963511 → jiaoyouqun123 → 要（发 ）广告，联系 bs91m1
2022-06-12 03:27:21 → 601112672704 → fjhq000hz → 想要（发 ）广告，找 bs91m1
2022-06-12 03:28:21 → 62895324567778 → dream888 → 专业（发 ）广告，联系我 bs91m1
2022-06-12 03:30:19 → 601112672704 → dunxin106 → 专业（发 ）广告，联系我 bs91m1
2022-06-12 03:31:18 → 62895324567778 → zgfCYJT → 专业（发 ）广告，联系我 bs91m1
2022-06-12 03:32:17 → 60142963511 → yunqian68 → 需要 群、发，找 bs91m1
2022-06-12 03:34:13 → 60142963511 → yhksijiantao11 → 来（发 ）广告，联系 bs91m1
2022-06-12 03:35:12 → 62895324567778 → yinlianguoji → 准备（发 ）广告，找 bs91m1
2022-06-12 03:36:11 → 601112672704 → adasdasw → 来（发 ）广告，联系 bs91m1
2022-06-12 03:37:17 → 62895324567778 → amjwg → 想找人（ 发 ）广告，找 bs91m1
2022-06-12 03:40:06 → 60142963511 → seguiren → 需要 软、件，找 bs91m1
2022-06-12 03:41:12 → 62895324567778 → xd836809 → 来（发 ）广告，联系 bs91m1
2022-06-12 03:43:02 → 601112672704 → hnsdfhs155 → 需要 群、发软、件，找 bs91m1
2022-06-12 03:44:03 → 60142963511 → xianliaoq → 想要（发 ）广告，找 bs91m1
2022-06-12 03:46:58 → 62895324567778 → Philippines_visa → 想找人（ 发 ）广告，找 bs91m1
2022-06-12 03:47:57 → 601112672704 → fv0015 → 要（发 ）广告，联系 bs91m1
2022-06-12 03:49:54 → 60142963511 → dsfdshhs → 要（发 ）广告，联系 bs91m1
2022-06-12 03:50:52 → 601112672704 → youxidaili → 来（发 ）广告，联系 bs91m1
2022-06-12 03:51:51 → 62895324567778 → fgdfdfherh → 想要（发 ）广告，找 bs91m1
2022-06-12 03:53:51 → 601112672704 → AG686 → 来（发 ）广告，联系 bs91m1
2022-06-12 03:54:49 → 60142963511 → lbbet → 准备（发 ）广告，找 bs91m1
2022-06-12 03:58:33 → 60142963511 → phpzufang → 需要 群、发软、件，找 bs91m1
2022-06-12 03:59:30 → 601112672704 → srjlq → 需要 群、发，找 bs91m1
2022-06-12 04:01:28 → 601112672704 → USDThuzhu3 → 来（发 ）广告，联系 bs91m1
2022-06-12 04:05:17 → 601112672704 → ziyuanduijie1 → 专业（发 ）广告，联系我 bs91m1
2022-06-12 04:09:04 → 60142963511 → yhksijiantao11 → 来（发 ）广告，联系 bs91m1
2022-06-12 04:10:03 → 601112672704 → jinsanjiaobc → 需要 软、件，找 bs91m1
2022-06-12 04:12:00 → 62895324567778 → miaomiao12356 → 需要 群、发软、件，找 bs91m1
2022-06-12 04:14:43 → 60142963511 → YHK_security → 专业（发 ）广告，联系我 bs91m1
2022-06-12 04:15:49 → 60142963511 → yunqian68 → 专业（发 ）广告，联系我 bs91m1
2022-06-12 04:16:49 → 62895324567778 → joinBCPH → 来（发 ）广告，联系 bs91m1
2022-06-12 04:19:46 → 60142963511 → cvv666money → 来（发 ）广告，联系 bs91m1
2022-06-12 04:20:43 → 601112672704 → fv0015 → 需要 群、发软、件，找 bs91m1
2022-06-12 04:21:43 → 62895324567778 → phniuniu → 想要（发 ）广告，找 bs91m1
2022-06-12 04:24:33 → 60142963511 → shujyinl → (session) 协议号，零售、批发 找，bs91m1
2022-06-12 04:26:26 → 62895324567778 → Hpy111 → 来（发 ）广告，联系 bs91m1
2022-06-12 04:28:23 → 601112672704 → buyusdtx → (session) 协议号，零售、批发 找，bs91m1
2022-06-12 04:30:14 → 60142963511 → lbbet → 来（发 ）广告，联系 bs91m1
2022-06-12 04:31:19 → 60142963511 → sirenweixin3 → 来（发 ）广告，联系 bs91m1
2022-06-12 04:32:17 → 601112672704 → jinsanjiaobc → 需要 软、件，找 bs91m1
2022-06-12 04:34:09 → 62895324567778 → miaomiao12356 → 需要 群、发软、件，找 bs91m1
2022-06-12 04:35:17 → 62895324567778 → dream888 → 来（发 ）广告，联系 bs91m1
2022-06-12 04:36:15 → 601112672704 → fjhq000hz → 需要 群、发，找 bs91m1
2022-06-12 04:38:05 → 60142963511 → xianliaoq → 需要 群、发软、件，找 bs91m1
2022-06-12 04:41:59 → 601112672704 → hnsdfhs155 → 来（发 ）广告，联系 bs91m1
2022-06-12 04:43:03 → 601112672704 → adasdasw → 来（发 ）广告，联系 bs91m1
2022-06-12 04:45:49 → 60142963511 → phpzufang → 需要 软、件，找 bs91m1
2022-06-12 04:46:53 → 601112672704 → srjlq → 准备（发 ）广告，找 bs91m1
2022-06-12 04:47:52 → 60142963511 → dsfdshhs → 需要 群、发软、件，找 bs91m1
2022-06-12 04:49:44 → 62895324567778 → dubai13148888 → 需要 群、发软、件，找 bs91m1
2022-06-12 04:51:42 → 60142963511 → jiaoyouqun123 → 专业（发 ）广告，联系我 bs91m1
2022-06-12 04:52:40 → 62895324567778 → guojitongdaoduanxin → 需要 软、件，找 bs91m1
2022-06-12 04:53:38 → 601112672704 → youxidaili → 来（发 ）广告，联系 bs91m1
2022-06-12 04:55:36 → 60142963511 → seguiren → 需要 群、发软、件，找 bs91m1
2022-06-12 04:56:36 → 62895324567778 → Philippines_visa → 需要 群、发软、件，找 bs91m1
2022-06-12 04:57:35 → 601112672704 → zuqiushuju → 要（发 ）广告，联系 bs91m1
2022-06-12 05:01:17 → 601112672704 → USDThuzhu3 → 准备（发 ）广告，找 bs91m1
2022-06-12 05:04:13 → 60142963511 → sirenweixin3 → 专业（发 ）广告，联系我 bs91m1
2022-06-12 05:07:05 → 601112672704 → dunxin106 → 专业（发 ）广告，联系我 bs91m1
2022-06-12 05:08:04 → 60142963511 → xianliaoq → 需要 群、发，找 bs91m1
2022-06-12 05:10:02 → 60142963511 → dsfdshhs → 专业（发 ）广告，联系我 bs91m1
2022-06-12 05:12:06 → 62895324567778 → zgfCYJT → 需要 群、发软、件，找 bs91m1
2022-06-12 05:14:56 → 62895324567778 → Hpy111 → 需要 软、件，找 bs91m1
2022-06-12 05:15:56 → 60142963511 → jiaoyouqun123 → 专业（发 ）广告，联系我 bs91m1
2022-06-12 05:16:55 → 601112672704 → fv0015 → 需要 软、件，找 bs91m1
2022-06-12 05:18:01 → 62895324567778 → yinlianguoji → 来（发 ）广告，联系 bs91m1
2022-06-12 05:19:00 → 60142963511 → seguiren → (session) 协议号，零售、批发 找，bs91m1
2022-06-12 05:20:50 → 601112672704 → USDThuzhu3 → 想要（发 ）广告，找 bs91m1
2022-06-12 05:21:58 → 62895324567778 → phniuniu → 想找人（ 发 ）广告，找 bs91m1
2022-06-12 05:23:47 → 601112672704 → jinsanjiaobc → 想找人（ 发 ）广告，找 bs91m1
2022-06-12 05:24:46 → 60142963511 → cvv666money → 需要 软、件，找 bs91m1
2022-06-12 05:25:51 → 601112672704 → fjhq000hz → (session) 协议号，零售、批发 找，bs91m1
2022-06-12 05:26:48 → 60142963511 → yhksijiantao11 → 要（发 ）广告，联系 bs91m1
2022-06-12 05:27:48 → 62895324567778 → xd836809 → 需要 软、件，找 bs91m1
2022-06-12 05:30:36 → 601112672704 → srjlq → 需要 软、件，找 bs91m1
2022-06-12 05:31:36 → 62895324567778 → G88888880 → 想要（发 ）广告，找 bs91m1
2022-06-12 05:32:34 → 60142963511 → shujyinl → 需要 群、发，找 bs91m1
2022-06-12 05:33:40 → 60142963511 → YHK_security → 准备（发 ）广告，找 bs91m1
2022-06-12 05:35:31 → 62895324567778 → joinBCPH → 需要 群、发软、件，找 bs91m1
2022-06-12 05:36:28 → 601112672704 → ziyuanduijie1 → (session) 协议号，零售、批发 找，bs91m1
2022-06-12 05:38:26 → 601112672704 → youxidaili → 需要 软、件，找 bs91m1
2022-06-12 05:40:16 → 60142963511 → lbbet → 需要 群、发，找 bs91m1
2022-06-12 05:44:12 → 62895324567778 → dream888 → 需要 群、发，找 bs91m1
2022-06-12 05:45:17 → 601112672704 → adasdasw → 需要 软、件，找 bs91m1
2022-06-12 05:46:16 → 60142963511 → yunqian68 → 专业（发 ）广告，联系我 bs91m1
2022-06-12 05:48:06 → 62895324567778 → amjwg → 想找人（ 发 ）广告，找 bs91m1
2022-06-12 05:50:04 → 60142963511 → phpzufang → 来（发 ）广告，联系 bs91m1
2022-06-12 05:52:00 → 601112672704 → buyusdtx → 需要 软、件，找 bs91m1
2022-06-12 05:55:42 → 601112672704 → AG686 → 专业（发 ）广告，联系我 bs91m1
2022-06-12 05:56:50 → 60142963511 → yhksijiantao11 → 想找人（ 发 ）广告，找 bs91m1
2022-06-12 05:58:42 → 601112672704 → dunxin106 → 需要 群、发，找 bs91m1
2022-06-12 06:00:39 → 601112672704 → hnsdfhs155 → 需要 软、件，找 bs91m1
2022-06-12 06:01:38 → 60142963511 → yunqian68 → 来（发 ）广告，联系 bs91m1
2022-06-12 06:04:30 → 601112672704 → zuqiushuju → 准备（发 ）广告，找 bs91m1
2022-06-12 06:05:29 → 60142963511 → jiaoyouqun123 → 专业（发 ）广告，联系我 bs91m1
2022-06-12 06:10:58 → 60142963511 → lbbet → 想找人（ 发 ）广告，找 bs91m1
2022-06-12 06:12:04 → 601112672704 → USDThuzhu3 → 准备（发 ）广告，找 bs91m1
2022-06-12 06:13:03 → 60142963511 → cvv666money → 准备（发 ）广告，找 bs91m1
2022-06-12 06:14:54 → 62895324567778 → G88888880 → 要（发 ）广告，联系 bs91m1
2022-06-12 06:18:45 → 62895324567778 → dubai13148888 → 准备（发 ）广告，找 bs91m1
2022-06-12 06:19:50 → 601112672704 → fv0015 → 准备（发 ）广告，找 bs91m1
2022-06-12 06:20:48 → 60142963511 → phpzufang → 来（发 ）广告，联系 bs91m1
2022-06-12 06:22:39 → 62895324567778 → xd836809 → 想要（发 ）广告，找 bs91m1
2022-06-12 06:24:37 → 62895324567778 → miaomiao12356 → 需要 群、发软、件，找 bs91m1
2022-06-12 06:25:35 → 60142963511 → dsfdshhs → 准备（发 ）广告，找 bs91m1
2022-06-12 06:26:33 → 601112672704 → youxidaili → 来（发 ）广告，联系 bs91m1
2022-06-12 06:27:39 → 60142963511 → seguiren → 准备（发 ）广告，找 bs91m1
2022-06-12 06:28:36 → 601112672704 → zuqiushuju → 想找人（ 发 ）广告，找 bs91m1
2022-06-12 06:30:28 → 62895324567778 → yinlianguoji → 想要（发 ）广告，找 bs91m1
2022-06-12 06:32:25 → 60142963511 → shujyinl → 想找人（ 发 ）广告，找 bs91m1
2022-06-12 06:34:23 → 62895324567778 → Hpy888 → 需要 群、发软、件，找 bs91m1
2022-06-12 06:36:23 → 62895324567778 → zgfCYJT → 需要 软、件，找 bs91m1
2022-06-12 06:37:21 → 60142963511 → xianliaoq → 需要 群、发软、件，找 bs91m1
2022-06-12 06:39:20 → 62895324567778 → Hpy111 → 需要 群、发软、件，找 bs91m1
2022-06-12 06:40:18 → 601112672704 → srjlq → 想要（发 ）广告，找 bs91m1
2022-06-12 06:44:06 → 601112672704 → adasdasw → 来（发 ）广告，联系 bs91m1
2022-06-12 06:48:53 → 601112672704 → ziyuanduijie1 → 需要 软、件，找 bs91m1
2022-06-12 06:50:50 → 601112672704 → hnsdfhs155 → 准备（发 ）广告，找 bs91m1
2022-06-12 06:51:49 → 60142963511 → cvv666money → 来（发 ）广告，联系 bs91m1
2022-06-12 06:53:41 → 62895324567778 → dubai13148888 → 需要 群、发，找 bs91m1
2022-06-12 06:55:40 → 601112672704 → dunxin106 → 专业（发 ）广告，联系我 bs91m1
2022-06-12 06:57:31 → 60142963511 → sirenweixin3 → 想要（发 ）广告，找 bs91m1
2022-06-12 06:58:36 → 60142963511 → seguiren → (session) 协议号，零售、批发 找，bs91m1
2022-06-12 07:00:27 → 601112672704 → jinsanjiaobc → 需要 群、发，找 bs91m1
2022-06-12 07:03:20 → 60142963511 → jiaoyouqun123 → 需要 群、发，找 bs91m1
2022-06-12 07:05:10 → 601112672704 → fjhq000hz → 要（发 ）广告，联系 bs91m1
2022-06-12 07:08:02 → 60142963511 → lbbet → 需要 群、发，找 bs91m1
2022-06-12 07:10:51 → 60142963511 → yunqian68 → 来（发 ）广告，联系 bs91m1
2022-06-12 07:12:43 → 601112672704 → jinsanjiaobc → 准备（发 ）广告，找 bs91m1
2022-06-12 07:13:48 → 60142963511 → dsfdshhs → (session) 协议号，零售、批发 找，bs91m1
2022-06-12 07:15:39 → 62895324567778 → xd836809 → (session) 协议号，零售、批发 找，bs91m1
2022-06-12 07:18:30 → 601112672704 → adasdasw → 准备（发 ）广告，找 bs91m1
2022-06-12 07:19:30 → 62895324567778 → yinlianguoji → 需要 群、发，找 bs91m1
2022-06-12 07:20:29 → 60142963511 → YHK_security → 要（发 ）广告，联系 bs91m1
2022-06-12 07:22:26 → 60142963511 → shujyinl → 想找人（ 发 ）广告，找 bs91m1
2022-06-12 07:24:22 → 601112672704 → hnsdfhs155 → 专业（发 ）广告，联系我 bs91m1
2022-06-12 07:25:28 → 60142963511 → phpzufang → 来（发 ）广告，联系 bs91m1
2022-06-12 07:26:26 → 601112672704 → zuqiushuju → 要（发 ）广告，联系 bs91m1
2022-06-12 07:28:19 → 62895324567778 → Hpy111 → 要（发 ）广告，联系 bs91m1
2022-06-12 07:29:24 → 601112672704 → buyusdtx → 来（发 ）广告，联系 bs91m1
2022-06-12 07:30:23 → 62895324567778 → zgfCYJT → 来（发 ）广告，联系 bs91m1
2022-06-12 07:31:23 → 60142963511 → xianliaoq → 来（发 ）广告，联系 bs91m1
2022-06-12 07:33:21 → 601112672704 → dunxin106 → (session) 协议号，零售、批发 找，bs91m1
2022-06-12 07:34:20 → 62895324567778 → miaomiao12356 → 来（发 ）广告，联系 bs91m1
2022-06-12 07:38:09 → 62895324567778 → G88888880 → 想要（发 ）广告，找 bs91m1
2022-06-12 07:39:07 → 601112672704 → USDThuzhu3 → 需要 软、件，找 bs91m1
2022-06-12 07:40:06 → 60142963511 → yhksijiantao11 → 需要 软、件，找 bs91m1
2022-06-12 07:41:12 → 601112672704 → fv0015 → 需要 软、件，找 bs91m1
2022-06-12 07:43:05 → 62895324567778 → guojitongdaoduanxin → 想要（发 ）广告，找 bs91m1
2022-06-12 07:45:01 → 601112672704 → fjhq000hz → 来（发 ）广告，联系 bs91m1
2022-06-12 07:46:02 → 60142963511 → lbbet → (session) 协议号，零售、批发 找，bs91m1
2022-06-12 07:48:58 → 601112672704 → AG686 → 需要 群、发，找 bs91m1
2022-06-12 07:50:48 → 60142963511 → cvv666money → 专业（发 ）广告，联系我 bs91m1
2022-06-12 07:51:47 → 62895324567778 → amjwg → 想找人（ 发 ）广告，找 bs91m1
2022-06-12 07:53:45 → 60142963511 → seguiren → (session) 协议号，零售、批发 找，bs91m1
2022-06-12 07:57:35 → 60142963511 → YHK_security → 来（发 ）广告，联系 bs91m1
2022-06-12 07:58:33 → 601112672704 → srjlq → 要（发 ）广告，联系 bs91m1
2022-06-12 08:01:21 → 60142963511 → phpzufang → 专业（发 ）广告，联系我 bs91m1
2022-06-12 08:03:13 → 601112672704 → youxidaili → 准备（发 ）广告，找 bs91m1
2022-06-12 08:06:57 → 60142963511 → dsfdshhs → 需要 群、发，找 bs91m1
2022-06-12 08:10:48 → 601112672704 → dunxin106 → 专业（发 ）广告，联系我 bs91m1
2022-06-12 08:13:40 → 601112672704 → USDThuzhu3 → 需要 软、件，找 bs91m1
2022-06-12 08:14:38 → 60142963511 → jiaoyouqun123 → 来（发 ）广告，联系 bs91m1
2022-06-12 08:15:44 → 60142963511 → yhksijiantao11 → 需要 群、发软、件，找 bs91m1
2022-06-12 08:16:43 → 601112672704 → hnsdfhs155 → 需要 群、发，找 bs91m1
2022-06-12 08:17:43 → 62895324567778 → miaomiao12356 → 想要（发 ）广告，找 bs91m1
2022-06-12 08:19:38 → 60142963511 → yunqian68 → 想要（发 ）广告，找 bs91m1
2022-06-12 08:20:38 → 62895324567778 → dubai13148888 → 想找人（ 发 ）广告，找 bs91m1
2022-06-12 08:22:27 → 601112672704 → srjlq → 准备（发 ）广告，找 bs91m1
2022-06-12 08:23:33 → 60142963511 → sirenweixin3 → 需要 群、发软、件，找 bs91m1
2022-06-12 08:24:34 → 62895324567778 → dream888 → 专业（发 ）广告，联系我 bs91m1
2022-06-12 08:25:33 → 601112672704 → jinsanjiaobc → 来（发 ）广告，联系 bs91m1
2022-06-12 08:27:30 → 60142963511 → xianliaoq → 需要 群、发软、件，找 bs91m1
2022-06-12 08:29:22 → 62895324567778 → Philippines_visa → 想找人（ 发 ）广告，找 bs91m1
2022-06-12 08:30:20 → 601112672704 → youxidaili → 需要 群、发，找 bs91m1
2022-06-12 08:34:15 → 60142963511 → shujyinl → (session) 协议号，零售、批发 找，bs91m1
2022-06-12 08:35:21 → 62895324567778 → zgfCYJT → 准备（发 ）广告，找 bs91m1
2022-06-12 08:37:12 → 601112672704 → buyusdtx → 需要 群、发软、件，找 bs91m1
2022-06-12 08:40:02 → 62895324567778 → fgdfdfherh → 需要 群、发，找 bs91m1
2022-06-12 08:42:00 → 601112672704 → zuqiushuju → 准备（发 ）广告，找 bs91m1
2022-06-12 08:43:05 → 60142963511 → jiaoyouqun123 → (session) 协议号，零售、批发 找，bs91m1
2022-06-12 08:44:04 → 601112672704 → ziyuanduijie1 → 需要 群、发，找 bs91m1
2022-06-12 08:45:55 → 62895324567778 → Hpy888 → 想要（发 ）广告，找 bs91m1
2022-06-12 08:47:52 → 60142963511 → yhksijiantao11 → 需要 软、件，找 bs91m1
2022-06-12 08:48:50 → 601112672704 → fv0015 → 来（发 ）广告，联系 bs91m1
2022-06-12 08:49:49 → 62895324567778 → G88888880 → 准备（发 ）广告，找 bs91m1
2022-06-12 08:50:55 → 62895324567778 → amjwg → 需要 软、件，找 bs91m1
2022-06-12 08:51:55 → 60142963511 → xianliaoq → 需要 软、件，找 bs91m1
2022-06-12 08:52:54 → 601112672704 → adasdasw → 来（发 ）广告，联系 bs91m1
2022-06-12 08:55:44 → 601112672704 → fjhq000hz → 来（发 ）广告，联系 bs91m1
2022-06-12 08:57:36 → 60142963511 → sirenweixin3 → 来（发 ）广告，联系 bs91m1
2022-06-12 08:59:34 → 601112672704 → AG686 → 准备（发 ）广告，找 bs91m1
2022-06-12 09:00:33 → 60142963511 → lbbet → 来（发 ）广告，联系 bs91m1
2022-06-12 09:05:12 → 60142963511 → shujyinl → 来（发 ）广告，联系 bs91m1
2022-06-12 09:07:09 → 601112672704 → USDThuzhu3 → (session) 协议号，零售、批发 找，bs91m1
2022-06-12 09:09:01 → 60142963511 → dsfdshhs → 来（发 ）广告，联系 bs91m1
2022-06-12 09:11:53 → 601112672704 → dunxin106 → 准备（发 ）广告，找 bs91m1
2022-06-12 09:12:51 → 60142963511 → cvv666money → (session) 协议号，零售、批发 找，bs91m1
2022-06-12 09:13:56 → 60142963511 → yunqian68 → 专业（发 ）广告，联系我 bs91m1
2022-06-12 09:14:54 → 601112672704 → jinsanjiaobc → 需要 群、发软、件，找 bs91m1
2022-06-12 09:18:45 → 60142963511 → phpzufang → 要（发 ）广告，联系 bs91m1
2022-06-12 09:21:41 → 60142963511 → seguiren → 需要 软、件，找 bs91m1
2022-06-12 09:23:35 → 62895324567778 → Hpy111 → 专业（发 ）广告，联系我 bs91m1
2022-06-12 09:27:23 → 601112672704 → youxidaili → 来（发 ）广告，联系 bs91m1
2022-06-12 09:29:23 → 601112672704 → adasdasw → 来（发 ）广告，联系 bs91m1
2022-06-12 09:30:22 → 62895324567778 → fgdfdfherh → 准备（发 ）广告，找 bs91m1
2022-06-12 09:33:12 → 601112672704 → srjlq → 想找人（ 发 ）广告，找 bs91m1
2022-06-12 09:36:04 → 62895324567778 → phniuniu → 专业（发 ）广告，联系我 bs91m1
2022-06-12 09:37:09 → 601112672704 → zuqiushuju → 来（发 ）广告，联系 bs91m1
2022-06-12 09:39:07 → 62895324567778 → miaomiao12356 → 需要 群、发软、件，找 bs91m1
2022-06-12 09:41:06 → 62895324567778 → yinlianguoji → 来（发 ）广告，联系 bs91m1
2022-06-12 09:42:55 → 60142963511 → dsfdshhs → (session) 协议号，零售、批发 找，bs91m1
2022-06-12 09:43:53 → 601112672704 → fjhq000hz → 想要（发 ）广告，找 bs91m1
2022-06-12 09:44:59 → 62895324567778 → Philippines_visa → 要（发 ）广告，联系 bs91m1
2022-06-12 09:46:52 → 60142963511 → phpzufang → 需要 群、发软、件，找 bs91m1
2022-06-12 09:48:49 → 601112672704 → ziyuanduijie1 → 来（发 ）广告，联系 bs91m1
2022-06-12 09:49:47 → 62895324567778 → xd836809 → 想要（发 ）广告，找 bs91m1
2022-06-12 09:51:38 → 60142963511 → jiaoyouqun123 → 想要（发 ）广告，找 bs91m1
2022-06-12 09:54:38 → 60142963511 → cvv666money → 来（发 ）广告，联系 bs91m1
2022-06-12 09:55:36 → 601112672704 → hnsdfhs155 → 要（发 ）广告，联系 bs91m1
2022-06-12 09:56:42 → 601112672704 → fv0015 → 来（发 ）广告，联系 bs91m1
2022-06-12 09:58:40 → 60142963511 → lbbet → 需要 软、件，找 bs91m1
2022-06-12 10:01:31 → 60142963511 → sirenweixin3 → 需要 群、发，找 bs91m1
2022-06-12 10:04:20 → 60142963511 → seguiren → 需要 群、发软、件，找 bs91m1
2022-06-12 10:06:12 → 601112672704 → dunxin106 → (session) 协议号，零售、批发 找，bs91m1
2022-06-12 10:10:05 → 60142963511 → yhksijiantao11 → 需要 软、件，找 bs91m1
2022-06-12 10:12:03 → 60142963511 → yunqian68 → 需要 软、件，找 bs91m1
2022-06-12 10:13:01 → 601112672704 → adasdasw → 想要（发 ）广告，找 bs91m1
2022-06-12 10:16:45 → 60142963511 → shujyinl → 需要 群、发，找 bs91m1
2022-06-12 10:17:44 → 601112672704 → AG686 → (session) 协议号，零售、批发 找，bs91m1
2022-06-12 10:20:43 → 60142963511 → xianliaoq → 来（发 ）广告，联系 bs91m1
2022-06-12 10:22:34 → 601112672704 → USDThuzhu3 → 需要 群、发，找 bs91m1
2022-06-12 10:24:31 → 601112672704 → fv0015 → 想找人（ 发 ）广告，找 bs91m1
2022-06-12 10:25:31 → 62895324567778 → yinlianguoji → 来（发 ）广告，联系 bs91m1
2022-06-12 10:28:20 → 601112672704 → zuqiushuju → 准备（发 ）广告，找 bs91m1
2022-06-12 10:30:18 → 60142963511 → yhksijiantao11 → 来（发 ）广告，联系 bs91m1
2022-06-12 10:31:24 → 60142963511 → shujyinl → 来（发 ）广告，联系 bs91m1
2022-06-12 10:34:12 → 601112672704 → buyusdtx → 专业（发 ）广告，联系我 bs91m1
2022-06-12 10:36:10 → 60142963511 → xianliaoq → 想要（发 ）广告，找 bs91m1
2022-06-12 10:37:08 → 601112672704 → hnsdfhs155 → (session) 协议号，零售、批发 找，bs91m1
2022-06-12 10:38:06 → 62895324567778 → amjwg → 想要（发 ）广告，找 bs91m1
2022-06-12 10:39:12 → 60142963511 → yunqian68 → 专业（发 ）广告，联系我 bs91m1
2022-06-12 10:40:10 → 601112672704 → jinsanjiaobc → (session) 协议号，零售、批发 找，bs91m1
2022-06-12 10:41:09 → 62895324567778 → Hpy111 → 需要 软、件，找 bs91m1
2022-06-12 10:43:05 → 60142963511 → cvv666money → 需要 软、件，找 bs91m1
2022-06-12 10:44:04 → 62895324567778 → guojitongdaoduanxin → 来（发 ）广告，联系 bs91m1
2022-06-12 10:47:48 → 62895324567778 → joinBCPH → 想找人（ 发 ）广告，找 bs91m1
2022-06-12 10:48:46 → 60142963511 → lbbet → 要（发 ）广告，联系 bs91m1
2022-06-12 10:49:44 → 601112672704 → srjlq → 需要 软、件，找 bs91m1
2022-06-12 10:50:49 → 601112672704 → youxidaili → 来（发 ）广告，联系 bs91m1
2022-06-12 10:51:49 → 62895324567778 → Philippines_visa → 需要 群、发，找 bs91m1
2022-06-12 10:52:47 → 60142963511 → dsfdshhs → 想要（发 ）广告，找 bs91m1
2022-06-12 10:56:34 → 601112672704 → fjhq000hz → 需要 群、发，找 bs91m1
2022-06-12 10:57:34 → 62895324567778 → phniuniu → 要（发 ）广告，联系 bs91m1
2022-06-12 11:01:19 → 60142963511 → phpzufang → (session) 协议号，零售、批发 找，bs91m1
2022-06-12 11:03:19 → 60142963511 → seguiren → 需要 群、发，找 bs91m1
2022-06-12 11:04:17 → 601112672704 → dunxin106 → 来（发 ）广告，联系 bs91m1
2022-06-12 11:07:06 → 601112672704 → adasdasw → 想找人（ 发 ）广告，找 bs91m1
2022-06-12 11:08:07 → 60142963511 → jiaoyouqun123 → (session) 协议号，零售、批发 找，bs91m1
2022-06-12 11:12:50 → 601112672704 → zuqiushuju → 需要 群、发软、件，找 bs91m1
2022-06-12 11:16:40 → 601112672704 → fv0015 → 想要（发 ）广告，找 bs91m1
2022-06-12 11:20:28 → 62895324567778 → xd836809 → 来（发 ）广告，联系 bs91m1
2022-06-12 11:22:26 → 62895324567778 → fgdfdfherh → (session) 协议号，零售、批发 找，bs91m1
2022-06-12 11:24:20 → 60142963511 → phpzufang → 想找人（ 发 ）广告，找 bs91m1
2022-06-12 11:28:10 → 601112672704 → AG686 → 想找人（ 发 ）广告，找 bs91m1
2022-06-12 11:29:15 → 601112672704 → ziyuanduijie1 → 来（发 ）广告，联系 bs91m1
2022-06-12 11:30:14 → 60142963511 → shujyinl → 需要 群、发，找 bs91m1
2022-06-12 11:31:15 → 62895324567778 → phniuniu → 想要（发 ）广告，找 bs91m1
2022-06-12 11:33:13 → 60142963511 → jiaoyouqun123 → 想要（发 ）广告，找 bs91m1
2022-06-12 11:34:10 → 601112672704 → USDThuzhu3 → 来（发 ）广告，联系 bs91m1
2022-06-12 11:35:10 → 62895324567778 → Hpy111 → 准备（发 ）广告，找 bs91m1
2022-06-12 11:37:58 → 60142963511 → dsfdshhs → 要（发 ）广告，联系 bs91m1
2022-06-12 11:38:57 → 62895324567778 → fgdfdfherh → 想要（发 ）广告，找 bs91m1
2022-06-12 11:39:56 → 601112672704 → fjhq000hz → 想找人（ 发 ）广告，找 bs91m1
2022-06-12 11:41:00 → 601112672704 → jinsanjiaobc → 专业（发 ）广告，联系我 bs91m1
2022-06-12 11:41:59 → 60142963511 → yhksijiantao11 → 需要 软、件，找 bs91m1
2022-06-12 11:43:49 → 62895324567778 → Philippines_visa → 专业（发 ）广告，联系我 bs91m1
2022-06-12 11:45:47 → 601112672704 → srjlq → 需要 群、发，找 bs91m1
2022-06-12 11:46:46 → 60142963511 → sirenweixin3 → 专业（发 ）广告，联系我 bs91m1
2022-06-12 11:48:44 → 62895324567778 → dubai13148888 → 准备（发 ）广告，找 bs91m1
2022-06-12 11:49:42 → 601112672704 → youxidaili → 专业（发 ）广告，联系我 bs91m1
2022-06-12 11:50:41 → 60142963511 → cvv666money → 想找人（ 发 ）广告，找 bs91m1
2022-06-12 11:52:39 → 62895324567778 → miaomiao12356 → 需要 软、件，找 bs91m1
2022-06-12 11:54:29 → 601112672704 → hnsdfhs155 → 要（发 ）广告，联系 bs91m1
2022-06-12 11:55:28 → 60142963511 → lbbet → 专业（发 ）广告，联系我 bs91m1
2022-06-12 11:58:17 → 60142963511 → seguiren → (session) 协议号，零售、批发 找，bs91m1
2022-06-12 12:00:22 → 62895324567778 → guojitongdaoduanxin → 需要 群、发，找 bs91m1
2022-06-12 12:01:21 → 60142963511 → YHK_security → 来（发 ）广告，联系 bs91m1
2022-06-12 12:03:12 → 601112672704 → dunxin106 → 专业（发 ）广告，联系我 bs91m1
2022-06-12 12:07:01 → 60142963511 → yunqian68 → 需要 群、发软、件，找 bs91m1
2022-06-12 12:09:52 → 60142963511 → xianliaoq → 想要（发 ）广告，找 bs91m1
2022-06-12 12:10:50 → 601112672704 → fjhq000hz → 需要 软、件，找 bs91m1
2022-06-12 12:12:49 → 601112672704 → USDThuzhu3 → 需要 群、发软、件，找 bs91m1
2022-06-12 12:15:38 → 601112672704 → srjlq → 要（发 ）广告，联系 bs91m1
2022-06-12 12:17:33 → 60142963511 → yunqian68 → 需要 群、发软、件，找 bs91m1
2022-06-12 12:20:39 → 62895324567778 → yinlianguoji → 来（发 ）广告，联系 bs91m1
2022-06-12 12:22:14 → 60142963511 → sirenweixin3 → 准备（发 ）广告，找 bs91m1
2022-06-12 12:23:12 → 601112672704 → adasdasw → 专业（发 ）广告，联系我 bs91m1
2022-06-12 12:24:17 → 601112672704 → buyusdtx → 来（发 ）广告，联系 bs91m1
2022-06-12 12:25:17 → 62895324567778 → amjwg → 专业（发 ）广告，联系我 bs91m1
2022-06-12 12:26:16 → 60142963511 → seguiren → 准备（发 ）广告，找 bs91m1
2022-06-12 12:28:13 → 62895324567778 → G88888880 → 需要 群、发，找 bs91m1
2022-06-12 12:29:12 → 60142963511 → yhksijiantao11 → 来（发 ）广告，联系 bs91m1
2022-06-12 12:30:11 → 601112672704 → ziyuanduijie1 → 想要（发 ）广告，找 bs91m1
2022-06-12 12:32:09 → 62895324567778 → xd836809 → 来（发 ）广告，联系 bs91m1
2022-06-12 12:33:07 → 601112672704 → jinsanjiaobc → 需要 群、发，找 bs91m1
2022-06-12 12:34:58 → 60142963511 → phpzufang → 来（发 ）广告，联系 bs91m1
2022-06-12 12:38:45 → 601112672704 → AG686 → 来（发 ）广告，联系 bs91m1
2022-06-12 12:39:51 → 60142963511 → cvv666money → 要（发 ）广告，联系 bs91m1
2022-06-12 12:40:49 → 601112672704 → fv0015 → 来（发 ）广告，联系 bs91m1
2022-06-12 12:42:42 → 62895324567778 → guojitongdaoduanxin → 需要 群、发软、件，找 bs91m1
2022-06-12 12:43:46 → 601112672704 → hnsdfhs155 → 准备（发 ）广告，找 bs91m1
2022-06-12 12:45:36 → 60142963511 → dsfdshhs → 专业（发 ）广告，联系我 bs91m1
2022-06-12 12:46:36 → 62895324567778 → yinlianguoji → 准备（发 ）广告，找 bs91m1
2022-06-12 12:48:35 → 62895324567778 → phniuniu → 需要 群、发，找 bs91m1
2022-06-12 12:49:33 → 601112672704 → youxidaili → 需要 群、发软、件，找 bs91m1
2022-06-12 12:50:31 → 60142963511 → shujyinl → 要（发 ）广告，联系 bs91m1
2022-06-12 12:51:36 → 601112672704 → zuqiushuju → 来（发 ）广告，联系 bs91m1
2022-06-12 12:53:27 → 60142963511 → YHK_security → 想找人（ 发 ）广告，找 bs91m1
2022-06-12 12:54:26 → 62895324567778 → zgfCYJT → 来（发 ）广告，联系 bs91m1
2022-06-12 12:55:33 → 60142963511 → jiaoyouqun123 → 专业（发 ）广告，联系我 bs91m1
2022-06-12 12:58:16 → 62895324567778 → Hpy111 → 需要 群、发软、件，找 bs91m1
2022-06-12 12:59:21 → 62895324567778 → dubai13148888 → 需要 群、发，找 bs91m1
2022-06-12 13:00:21 → 601112672704 → USDThuzhu3 → 来（发 ）广告，联系 bs91m1
2022-06-12 13:01:19 → 60142963511 → xianliaoq → 需要 软、件，找 bs91m1
2022-06-12 13:03:17 → 601112672704 → fv0015 → 要（发 ）广告，联系 bs91m1
2022-06-12 13:06:01 → 60142963511 → lbbet → 需要 群、发，找 bs91m1
2022-06-12 13:08:00 → 601112672704 → dunxin106 → 来（发 ）广告，联系 bs91m1
2022-06-12 13:10:50 → 601112672704 → hnsdfhs155 → 想要（发 ）广告，找 bs91m1
2022-06-12 13:12:41 → 60142963511 → sirenweixin3 → (session) 协议号，零售、批发 找，bs91m1
2022-06-12 13:14:41 → 60142963511 → seguiren → 要（发 ）广告，联系 bs91m1
2022-06-12 13:20:13 → 60142963511 → yhksijiantao11 → 专业（发 ）广告，联系我 bs91m1
2022-06-12 13:22:13 → 62895324567778 → xd836809 → 来（发 ）广告，联系 bs91m1
2022-06-12 13:24:03 → 60142963511 → lbbet → 专业（发 ）广告，联系我 bs91m1
2022-06-12 13:25:00 → 601112672704 → jinsanjiaobc → 想要（发 ）广告，找 bs91m1
2022-06-12 13:26:06 → 62895324567778 → amjwg → 想找人（ 发 ）广告，找 bs91m1
2022-06-12 13:27:04 → 601112672704 → srjlq → 来（发 ）广告，联系 bs91m1
2022-06-12 13:28:02 → 60142963511 → dsfdshhs → 需要 群、发软、件，找 bs91m1
2022-06-12 13:29:59 → 60142963511 → yunqian68 → 来（发 ）广告，联系 bs91m1
2022-06-12 13:30:58 → 62895324567778 → joinBCPH → 需要 软、件，找 bs91m1
2022-06-12 13:31:57 → 601112672704 → adasdasw → 专业（发 ）广告，联系我 bs91m1
2022-06-12 13:33:52 → 601112672704 → zuqiushuju → (session) 协议号，零售、批发 找，bs91m1
2022-06-12 13:34:51 → 60142963511 → shujyinl → 准备（发 ）广告，找 bs91m1
2022-06-12 13:36:43 → 62895324567778 → miaomiao12356 → 来（发 ）广告，联系 bs91m1
2022-06-12 13:39:38 → 601112672704 → AG686 → 想找人（ 发 ）广告，找 bs91m1
2022-06-12 13:40:37 → 62895324567778 → Hpy888 → 想找人（ 发 ）广告，找 bs91m1
2022-06-12 13:41:42 → 60142963511 → phpzufang → 来（发 ）广告，联系 bs91m1
2022-06-12 13:46:34 → 601112672704 → youxidaili → 专业（发 ）广告，联系我 bs91m1
2022-06-12 13:50:23 → 62895324567778 → G88888880 → 需要 群、发软、件，找 bs91m1
2022-06-12 13:51:22 → 60142963511 → xianliaoq → 来（发 ）广告，联系 bs91m1
2022-06-12 13:55:04 → 62895324567778 → amjwg → 需要 群、发软、件，找 bs91m1
2022-06-12 13:56:03 → 60142963511 → jiaoyouqun123 → 需要 群、发软、件，找 bs91m1
2022-06-12 13:58:01 → 60142963511 → cvv666money → 来（发 ）广告，联系 bs91m1
2022-06-12 13:59:00 → 62895324567778 → phniuniu → 想要（发 ）广告，找 bs91m1
2022-06-12 14:00:00 → 601112672704 → buyusdtx → (session) 协议号，零售、批发 找，bs91m1
2022-06-12 14:01:55 → 601112672704 → dunxin106 → 来（发 ）广告，联系 bs91m1
2022-06-12 14:04:47 → 62895324567778 → fgdfdfherh → 需要 群、发软、件，找 bs91m1
2022-06-12 14:05:47 → 60142963511 → lbbet → (session) 协议号，零售、批发 找，bs91m1
2022-06-12 14:09:30 → 601112672704 → ziyuanduijie1 → 需要 群、发软、件，找 bs91m1
2022-06-12 14:13:21 → 60142963511 → sirenweixin3 → 想要（发 ）广告，找 bs91m1
2022-06-12 14:14:19 → 601112672704 → srjlq → 想找人（ 发 ）广告，找 bs91m1
2022-06-12 14:16:17 → 60142963511 → xianliaoq → 需要 软、件，找 bs91m1
2022-06-12 14:19:01 → 601112672704 → adasdasw → 需要 软、件，找 bs91m1
2022-06-12 14:21:53 → 60142963511 → yhksijiantao11 → 需要 群、发，找 bs91m1
2022-06-12 14:22:51 → 601112672704 → fv0015 → 要（发 ）广告，联系 bs91m1
2022-06-12 14:24:47 → 60142963511 → yunqian68 → 专业（发 ）广告，联系我 bs91m1
2022-06-12 14:25:46 → 62895324567778 → dubai13148888 → 想找人（ 发 ）广告，找 bs91m1
2022-06-12 14:27:49 → 60142963511 → seguiren → 需要 软、件，找 bs91m1
2022-06-12 14:29:40 → 601112672704 → USDThuzhu3 → 需要 群、发，找 bs91m1
2022-06-12 14:32:37 → 601112672704 → zuqiushuju → 需要 群、发，找 bs91m1
2022-06-12 14:33:34 → 60142963511 → phpzufang → 需要 群、发软、件，找 bs91m1
2022-06-12 14:34:33 → 62895324567778 → miaomiao12356 → 需要 群、发，找 bs91m1
2022-06-12 14:36:29 → 60142963511 → cvv666money → 专业（发 ）广告，联系我 bs91m1
2022-06-12 14:37:28 → 62895324567778 → xd836809 → 要（发 ）广告，联系 bs91m1
2022-06-12 14:38:25 → 601112672704 → jinsanjiaobc → 需要 软、件，找 bs91m1
2022-06-12 14:39:31 → 62895324567778 → yinlianguoji → 需要 群、发，找 bs91m1
2022-06-12 14:40:29 → 601112672704 → youxidaili → 专业（发 ）广告，联系我 bs91m1
2022-06-12 14:43:24 → 601112672704 → hnsdfhs155 → 想找人（ 发 ）广告，找 bs91m1
2022-06-12 14:44:24 → 62895324567778 → Philippines_visa → 想找人（ 发 ）广告，找 bs91m1
2022-06-12 14:46:13 → 60142963511 → jiaoyouqun123 → 想要（发 ）广告，找 bs91m1
2022-06-12 14:47:19 → 62895324567778 → guojitongdaoduanxin → 专业（发 ）广告，联系我 bs91m1
2022-06-12 14:48:18 → 60142963511 → shujyinl → 需要 群、发软、件，找 bs91m1
2022-06-12 14:50:09 → 601112672704 → fjhq000hz → 准备（发 ）广告，找 bs91m1
2022-06-12 14:51:14 → 60142963511 → dsfdshhs → 需要 群、发软、件，找 bs91m1
2022-06-12 14:52:15 → 62895324567778 → Hpy111 → 要（发 ）广告，联系 bs91m1
2022-06-12 14:56:49 → 601112672704 → srjlq → 想要（发 ）广告，找 bs91m1
2022-06-12 14:58:48 → 62895324567778 → G88888880 → 想找人（ 发 ）广告，找 bs91m1
2022-06-12 15:01:37 → 60142963511 → shujyinl → 要（发 ）广告，联系 bs91m1
2022-06-12 15:03:34 → 601112672704 → hnsdfhs155 → 专业（发 ）广告，联系我 bs91m1
2022-06-12 15:04:33 → 60142963511 → xianliaoq → 来（发 ）广告，联系 bs91m1
2022-06-12 15:05:33 → 62895324567778 → Hpy111 → 来（发 ）广告，联系 bs91m1
2022-06-12 15:06:38 → 601112672704 → USDThuzhu3 → 要（发 ）广告，联系 bs91m1
2022-06-12 15:08:29 → 60142963511 → YHK_security → (session) 协议号，零售、批发 找，bs91m1
2022-06-12 15:10:28 → 60142963511 → sirenweixin3 → 来（发 ）广告，联系 bs91m1
2022-06-12 15:12:20 → 601112672704 → jinsanjiaobc → 想要（发 ）广告，找 bs91m1
2022-06-12 15:14:17 → 601112672704 → fv0015 → 来（发 ）广告，联系 bs91m1
2022-06-12 15:16:09 → 60142963511 → cvv666money → 准备（发 ）广告，找 bs91m1
2022-06-12 15:19:00 → 601112672704 → AG686 → 需要 群、发软、件，找 bs91m1
2022-06-12 15:22:49 → 601112672704 → fjhq000hz → 专业（发 ）广告，联系我 bs91m1
2022-06-12 15:23:48 → 60142963511 → jiaoyouqun123 → (session) 协议号，零售、批发 找，bs91m1
2022-06-12 15:25:47 → 601112672704 → youxidaili → 需要 群、发软、件，找 bs91m1
2022-06-12 15:27:37 → 62895324567778 → dubai13148888 → 需要 群、发，找 bs91m1
2022-06-12 15:28:36 → 60142963511 → phpzufang → (session) 协议号，零售、批发 找，bs91m1
2022-06-12 15:29:43 → 62895324567778 → zgfCYJT → 想找人（ 发 ）广告，找 bs91m1
2022-06-12 15:31:32 → 601112672704 → adasdasw → 需要 群、发，找 bs91m1
2022-06-12 15:32:31 → 60142963511 → yunqian68 → (session) 协议号，零售、批发 找，bs91m1
2022-06-12 15:34:28 → 601112672704 → buyusdtx → 要（发 ）广告，联系 bs91m1
2022-06-12 15:35:26 → 60142963511 → seguiren → 要（发 ）广告，联系 bs91m1
2022-06-12 15:36:26 → 62895324567778 → fgdfdfherh → (session) 协议号，零售、批发 找，bs91m1
2022-06-12 15:37:30 → 60142963511 → lbbet → 需要 群、发，找 bs91m1
2022-06-12 15:38:28 → 601112672704 → dunxin106 → 来（发 ）广告，联系 bs91m1
2022-06-12 15:41:24 → 601112672704 → zuqiushuju → 要（发 ）广告，联系 bs91m1
2022-06-12 15:42:22 → 62895324567778 → xd836809 → 需要 群、发，找 bs91m1
2022-06-12 15:44:11 → 60142963511 → dsfdshhs → 准备（发 ）广告，找 bs91m1
2022-06-12 15:45:17 → 60142963511 → yhksijiantao11 → 想要（发 ）广告，找 bs91m1
2022-06-12 15:47:07 → 601112672704 → ziyuanduijie1 → 专业（发 ）广告，联系我 bs91m1
2022-06-12 15:48:06 → 62895324567778 → miaomiao12356 → 专业（发 ）广告，联系我 bs91m1
2022-06-12 15:53:46 → 60142963511 → YHK_security → 想找人（ 发 ）广告，找 bs91m1
2022-06-12 15:55:40 → 62895324567778 → amjwg → 需要 群、发，找 bs91m1
2022-06-12 15:56:46 → 60142963511 → cvv666money → 要（发 ）广告，联系 bs91m1
2022-06-12 15:59:32 → 62895324567778 → dream888 → 需要 群、发，找 bs91m1
2022-06-12 16:00:39 → 62895324567778 → phniuniu → (session) 协议号，零售、批发 找，bs91m1
2022-06-12 16:02:29 → 60142963511 → phpzufang → 来（发 ）广告，联系 bs91m1
2022-06-12 16:03:27 → 601112672704 → dunxin106 → (session) 协议号，零售、批发 找，bs91m1
2022-06-12 16:05:25 → 60142963511 → yhksijiantao11 → 来（发 ）广告，联系 bs91m1
2022-06-12 16:06:22 → 601112672704 → USDThuzhu3 → 想要（发 ）广告，找 bs91m1
2022-06-12 16:13:56 → 60142963511 → seguiren → (session) 协议号，零售、批发 找，bs91m1
2022-06-12 16:14:54 → 601112672704 → hnsdfhs155 → 想要（发 ）广告，找 bs91m1
2022-06-12 16:18:43 → 601112672704 → fv0015 → 来（发 ）广告，联系 bs91m1
2022-06-12 16:20:42 → 60142963511 → xianliaoq → 需要 群、发，找 bs91m1
2022-06-12 16:21:40 → 601112672704 → youxidaili → 专业（发 ）广告，联系我 bs91m1
2022-06-12 16:24:29 → 60142963511 → jiaoyouqun123 → 想要（发 ）广告，找 bs91m1
2022-06-12 16:27:22 → 601112672704 → fjhq000hz → 来（发 ）广告，联系 bs91m1
2022-06-12 16:29:14 → 62895324567778 → zgfCYJT → 专业（发 ）广告，联系我 bs91m1
2022-06-12 16:30:12 → 60142963511 → shujyinl → 来（发 ）广告，联系 bs91m1
2022-06-12 16:33:06 → 601112672704 → zuqiushuju → (session) 协议号，零售、批发 找，bs91m1
2022-06-12 16:34:05 → 60142963511 → lbbet → 来（发 ）广告，联系 bs91m1
2022-06-12 16:35:11 → 60142963511 → dsfdshhs → 专业（发 ）广告，联系我 bs91m1
2022-06-12 16:36:09 → 62895324567778 → yinlianguoji → 需要 软、件，找 bs91m1
2022-06-12 16:37:59 → 601112672704 → srjlq → 需要 软、件，找 bs91m1
2022-06-12 16:39:06 → 62895324567778 → Hpy111 → 准备（发 ）广告，找 bs91m1
2022-06-12 16:40:03 → 601112672704 → jinsanjiaobc → 需要 群、发软、件，找 bs91m1
2022-06-12 16:41:00 → 60142963511 → yunqian68 → 想找人（ 发 ）广告，找 bs91m1
2022-06-12 16:43:48 → 601112672704 → adasdasw → 准备（发 ）广告，找 bs91m1
2022-06-12 16:45:40 → 62895324567778 → Hpy888 → 专业（发 ）广告，联系我 bs91m1
2022-06-12 16:49:26 → 62895324567778 → amjwg → 来（发 ）广告，联系 bs91m1
2022-06-12 16:50:31 → 62895324567778 → phniuniu → 准备（发 ）广告，找 bs91m1
2022-06-12 16:52:22 → 601112672704 → dunxin106 → 来（发 ）广告，联系 bs91m1
2022-06-12 16:53:22 → 60142963511 → yunqian68 → 来（发 ）广告，联系 bs91m1
2022-06-12 16:54:28 → 62895324567778 → guojitongdaoduanxin → 想要（发 ）广告，找 bs91m1
2022-06-12 16:56:19 → 601112672704 → youxidaili → 准备（发 ）广告，找 bs91m1
2022-06-12 16:57:17 → 60142963511 → yhksijiantao11 → 需要 群、发软、件，找 bs91m1
2022-06-12 16:58:23 → 60142963511 → lbbet → 要（发 ）广告，联系 bs91m1
2022-06-12 16:59:21 → 601112672704 → adasdasw → 需要 群、发，找 bs91m1
2022-06-12 17:00:19 → 62895324567778 → dream888 → 要（发 ）广告，联系 bs91m1
2022-06-12 17:04:06 → 601112672704 → hnsdfhs155 → 想要（发 ）广告，找 bs91m1
2022-06-12 17:05:05 → 62895324567778 → dubai13148888 → 准备（发 ）广告，找 bs91m1
2022-06-12 17:07:02 → 60142963511 → YHK_security → 需要 群、发，找 bs91m1
2022-06-12 17:10:52 → 601112672704 → srjlq → 需要 软、件，找 bs91m1
2022-06-12 17:12:43 → 60142963511 → jiaoyouqun123 → 来（发 ）广告，联系 bs91m1
2022-06-12 17:13:48 → 601112672704 → fv0015 → 准备（发 ）广告，找 bs91m1
2022-06-12 17:15:39 → 60142963511 → shujyinl → 需要 群、发，找 bs91m1
2022-06-12 17:19:27 → 601112672704 → jinsanjiaobc → 需要 群、发软、件，找 bs91m1
2022-06-12 17:23:13 → 60142963511 → cvv666money → 需要 群、发软、件，找 bs91m1
2022-06-12 17:24:10 → 601112672704 → AG686 → 需要 群、发，找 bs91m1
2022-06-12 17:26:09 → 601112672704 → USDThuzhu3 → 来（发 ）广告，联系 bs91m1
2022-06-12 17:27:59 → 60142963511 → xianliaoq → 准备（发 ）广告，找 bs91m1
2022-06-12 17:29:20 → 62895324567778 → xd836809 → 想找人（ 发 ）广告，找 bs91m1
2022-06-12 17:31:17 → 60142963511 → phpzufang → 需要 软、件，找 bs91m1
2022-06-12 17:33:14 → 62895324567778 → fgdfdfherh → 来（发 ）广告，联系 bs91m1
2022-06-12 17:34:13 → 601112672704 → buyusdtx → 需要 群、发，找 bs91m1
2022-06-12 17:35:11 → 60142963511 → seguiren → (session) 协议号，零售、批发 找，bs91m1
2022-06-12 17:38:02 → 62895324567778 → zgfCYJT → 想要（发 ）广告，找 bs91m1
2022-06-12 17:39:51 → 601112672704 → ziyuanduijie1 → 来（发 ）广告，联系 bs91m1
2022-06-12 17:40:58 → 60142963511 → sirenweixin3 → 准备（发 ）广告，找 bs91m1
2022-06-12 17:42:47 → 601112672704 → zuqiushuju → 需要 群、发软、件，找 bs91m1
2022-06-12 17:43:46 → 62895324567778 → guojitongdaoduanxin → 想找人（ 发 ）广告，找 bs91m1
2022-06-12 17:44:53 → 62895324567778 → Philippines_visa → 需要 软、件，找 bs91m1
2022-06-12 17:46:43 → 60142963511 → xianliaoq → (session) 协议号，零售、批发 找，bs91m1
2022-06-12 17:48:39 → 60142963511 → phpzufang → 需要 软、件，找 bs91m1
2022-06-12 17:49:38 → 62895324567778 → G88888880 → 来（发 ）广告，联系 bs91m1
2022-06-12 17:52:29 → 601112672704 → youxidaili → 专业（发 ）广告，联系我 bs91m1
2022-06-12 17:53:29 → 62895324567778 → amjwg → 需要 群、发软、件，找 bs91m1
2022-06-12 17:55:20 → 60142963511 → YHK_security → 想找人（ 发 ）广告，找 bs91m1
2022-06-12 17:57:17 → 601112672704 → fjhq000hz → 想找人（ 发 ）广告，找 bs91m1
2022-06-12 17:58:16 → 60142963511 → jiaoyouqun123 → 来（发 ）广告，联系 bs91m1
2022-06-12 17:59:17 → 62895324567778 → joinBCPH → 想要（发 ）广告，找 bs91m1
2022-06-12 18:00:21 → 60142963511 → yhksijiantao11 → 需要 群、发软、件，找 bs91m1
2022-06-12 18:02:11 → 601112672704 → adasdasw → 准备（发 ）广告，找 bs91m1
2022-06-12 18:03:11 → 62895324567778 → dubai13148888 → 专业（发 ）广告，联系我 bs91m1
2022-06-12 18:04:18 → 62895324567778 → phniuniu → 需要 群、发软、件，找 bs91m1
2022-06-12 18:06:08 → 60142963511 → shujyinl → 准备（发 ）广告，找 bs91m1
2022-06-12 18:07:06 → 601112672704 → srjlq → 需要 群、发，找 bs91m1
2022-06-12 18:08:12 → 60142963511 → seguiren → 准备（发 ）广告，找 bs91m1
2022-06-12 18:11:56 → 601112672704 → hnsdfhs155 → 准备（发 ）广告，找 bs91m1
2022-06-12 18:12:55 → 60142963511 → lbbet → 想要（发 ）广告，找 bs91m1
2022-06-12 18:19:29 → 601112672704 → jinsanjiaobc → (session) 协议号，零售、批发 找，bs91m1
2022-06-12 18:20:28 → 60142963511 → dsfdshhs → 需要 软、件，找 bs91m1
2022-06-12 18:24:11 → 601112672704 → fv0015 → 想要（发 ）广告，找 bs91m1
2022-06-12 18:25:10 → 60142963511 → cvv666money → 想找人（ 发 ）广告，找 bs91m1
2022-06-12 18:27:08 → 60142963511 → yunqian68 → 想要（发 ）广告，找 bs91m1
2022-06-12 18:29:19 → 62895324567778 → miaomiao12356 → (session) 协议号，零售、批发 找，bs91m1
2022-06-12 18:30:18 → 601112672704 → USDThuzhu3 → 想要（发 ）广告，找 bs91m1
2022-06-12 18:32:17 → 62895324567778 → dream888 → 需要 软、件，找 bs91m1
2022-06-12 18:33:15 → 601112672704 → dunxin106 → 想找人（ 发 ）广告，找 bs91m1
2022-06-12 18:36:04 → 601112672704 → zuqiushuju → 要（发 ）广告，联系 bs91m1
2022-06-12 18:38:03 → 60142963511 → shujyinl → 想找人（ 发 ）广告，找 bs91m1
2022-06-12 18:39:09 → 62895324567778 → xd836809 → 专业（发 ）广告，联系我 bs91m1
2022-06-12 18:40:07 → 60142963511 → sirenweixin3 → (session) 协议号，零售、批发 找，bs91m1
2022-06-12 18:43:02 → 60142963511 → yunqian68 → 准备（发 ）广告，找 bs91m1
2022-06-12 18:44:53 → 62895324567778 → phniuniu → 准备（发 ）广告，找 bs91m1
2022-06-12 18:47:50 → 62895324567778 → G88888880 → 要（发 ）广告，联系 bs91m1
2022-06-12 18:48:49 → 60142963511 → xianliaoq → 需要 软、件，找 bs91m1
2022-06-12 18:50:48 → 60142963511 → phpzufang → 需要 软、件，找 bs91m1
2022-06-12 18:51:46 → 601112672704 → AG686 → 需要 软、件，找 bs91m1
2022-06-12 18:55:37 → 62895324567778 → fgdfdfherh → 需要 软、件，找 bs91m1
2022-06-12 18:56:35 → 601112672704 → fv0015 → 来（发 ）广告，联系 bs91m1
2022-06-12 18:59:38 → 601112672704 → adasdasw → 想要（发 ）广告，找 bs91m1
2022-06-12 19:00:37 → 60142963511 → cvv666money → (session) 协议号，零售、批发 找，bs91m1
2022-06-12 19:03:26 → 601112672704 → buyusdtx → 来（发 ）广告，联系 bs91m1
2022-06-12 19:04:26 → 60142963511 → yhksijiantao11 → 来（发 ）广告，联系 bs91m1
2022-06-12 19:05:24 → 62895324567778 → joinBCPH → 专业（发 ）广告，联系我 bs91m1
2022-06-12 19:06:29 → 601112672704 → fjhq000hz → 需要 群、发，找 bs91m1
2022-06-12 19:09:12 → 60142963511 → lbbet → 来（发 ）广告，联系 bs91m1
2022-06-12 19:11:10 → 60142963511 → seguiren → 准备（发 ）广告，找 bs91m1
2022-06-12 19:13:02 → 601112672704 → srjlq → 想找人（ 发 ）广告，找 bs91m1
2022-06-12 19:15:06 → 601112672704 → hnsdfhs155 → 准备（发 ）广告，找 bs91m1
2022-06-12 19:16:59 → 60142963511 → dsfdshhs → 需要 群、发软、件，找 bs91m1
2022-06-12 19:19:00 → 60142963511 → jiaoyouqun123 → 需要 群、发，找 bs91m1
2022-06-12 19:20:50 → 601112672704 → zuqiushuju → 准备（发 ）广告，找 bs91m1
2022-06-12 19:21:55 → 601112672704 → USDThuzhu3 → 需要 群、发，找 bs91m1
2022-06-12 19:28:22 → 601112672704 → ziyuanduijie1 → 准备（发 ）广告，找 bs91m1
2022-06-12 19:29:28 → 62895324567778 → guojitongdaoduanxin → 需要 群、发，找 bs91m1
2022-06-12 19:30:28 → 60142963511 → cvv666money → 想找人（ 发 ）广告，找 bs91m1
2022-06-12 19:32:19 → 601112672704 → youxidaili → (session) 协议号，零售、批发 找，bs91m1
2022-06-12 19:33:24 → 601112672704 → jinsanjiaobc → 来（发 ）广告，联系 bs91m1
2022-06-12 19:35:16 → 60142963511 → phpzufang → (session) 协议号，零售、批发 找，bs91m1
2022-06-12 19:38:05 → 601112672704 → dunxin106 → 来（发 ）广告，联系 bs91m1
2022-06-12 19:39:06 → 62895324567778 → fgdfdfherh → 来（发 ）广告，联系 bs91m1
2022-06-12 19:41:11 → 62895324567778 → miaomiao12356 → 需要 软、件，找 bs91m1
2022-06-12 19:43:54 → 60142963511 → yunqian68 → 来（发 ）广告，联系 bs91m1
2022-06-12 19:45:01 → 62895324567778 → dream888 → 需要 群、发，找 bs91m1
2022-06-12 19:46:00 → 601112672704 → jinsanjiaobc → 需要 群、发，找 bs91m1
2022-06-12 19:46:59 → 60142963511 → sirenweixin3 → 想找人（ 发 ）广告，找 bs91m1
2022-06-12 19:48:59 → 62895324567778 → Hpy111 → 要（发 ）广告，联系 bs91m1
2022-06-12 19:50:50 → 60142963511 → yhksijiantao11 → 需要 软、件，找 bs91m1
2022-06-12 19:54:39 → 60142963511 → lbbet → 需要 群、发软、件，找 bs91m1
2022-06-12 19:55:39 → 62895324567778 → zgfCYJT → 专业（发 ）广告，联系我 bs91m1
2022-06-12 19:56:46 → 62895324567778 → dubai13148888 → (session) 协议号，零售、批发 找，bs91m1
2022-06-12 19:57:45 → 60142963511 → xianliaoq → (session) 协议号，零售、批发 找，bs91m1
2022-06-12 19:58:43 → 601112672704 → fjhq000hz → 需要 群、发，找 bs91m1
2022-06-12 20:00:39 → 601112672704 → hnsdfhs155 → 来（发 ）广告，联系 bs91m1
2022-06-12 20:02:37 → 60142963511 → YHK_security → 来（发 ）广告，联系 bs91m1
2022-06-12 20:04:34 → 60142963511 → shujyinl → 来（发 ）广告，联系 bs91m1
2022-06-12 20:05:34 → 62895324567778 → Philippines_visa → 要（发 ）广告，联系 bs91m1
2022-06-12 20:06:32 → 601112672704 → fv0015 → 想要（发 ）广告，找 bs91m1
2022-06-12 20:08:29 → 601112672704 → AG686 → 来（发 ）广告，联系 bs91m1
2022-06-12 20:09:29 → 60142963511 → seguiren → 要（发 ）广告，联系 bs91m1
2022-06-12 20:10:29 → 62895324567778 → xd836809 → 来（发 ）广告，联系 bs91m1
2022-06-12 20:14:13 → 60142963511 → dsfdshhs → 想要（发 ）广告，找 bs91m1
2022-06-12 20:15:11 → 601112672704 → dunxin106 → 需要 软、件，找 bs91m1
2022-06-12 20:16:16 → 601112672704 → adasdasw → 准备（发 ）广告，找 bs91m1
2022-06-12 20:18:07 → 60142963511 → jiaoyouqun123 → 来（发 ）广告，联系 bs91m1
2022-06-12 20:21:52 → 601112672704 → zuqiushuju → 需要 群、发软、件，找 bs91m1
2022-06-12 20:24:49 → 601112672704 → USDThuzhu3 → 需要 群、发软、件，找 bs91m1
2022-06-12 20:27:40 → 60142963511 → cvv666money → 来（发 ）广告，联系 bs91m1
2022-06-12 20:28:38 → 601112672704 → srjlq → 来（发 ）广告，联系 bs91m1
2022-06-12 20:29:37 → 62895324567778 → amjwg → 需要 群、发软、件，找 bs91m1
2022-06-12 20:31:35 → 60142963511 → seguiren → 来（发 ）广告，联系 bs91m1
2022-06-12 20:33:25 → 601112672704 → youxidaili → 需要 群、发软、件，找 bs91m1
2022-06-12 20:34:25 → 62895324567778 → phniuniu → 准备（发 ）广告，找 bs91m1
2022-06-12 20:35:30 → 601112672704 → ziyuanduijie1 → 需要 软、件，找 bs91m1
2022-06-12 20:36:29 → 60142963511 → yunqian68 → 准备（发 ）广告，找 bs91m1
2022-06-12 20:38:18 → 62895324567778 → guojitongdaoduanxin → 准备（发 ）广告，找 bs91m1
2022-06-12 20:42:06 → 60142963511 → phpzufang → 来（发 ）广告，联系 bs91m1
2022-06-12 20:44:56 → 60142963511 → lbbet → 需要 群、发，找 bs91m1
2022-06-12 20:45:56 → 601112672704 → USDThuzhu3 → (session) 协议号，零售、批发 找，bs91m1
2022-06-12 20:47:01 → 60142963511 → dsfdshhs → 要（发 ）广告，联系 bs91m1
2022-06-12 20:47:59 → 601112672704 → zuqiushuju → 要（发 ）广告，联系 bs91m1
2022-06-12 20:49:52 → 62895324567778 → Philippines_visa → 准备（发 ）广告，找 bs91m1
2022-06-12 20:53:44 → 60142963511 → xianliaoq → 来（发 ）广告，联系 bs91m1
2022-06-12 20:54:49 → 601112672704 → hnsdfhs155 → 准备（发 ）广告，找 bs91m1
2022-06-12 20:55:48 → 60142963511 → shujyinl → 需要 群、发软、件，找 bs91m1
2022-06-12 20:57:41 → 62895324567778 → dream888 → 想找人（ 发 ）广告，找 bs91m1
2022-06-12 20:59:49 → 62895324567778 → phniuniu → 要（发 ）广告，联系 bs91m1
2022-06-12 21:00:47 → 601112672704 → youxidaili → 需要 群、发软、件，找 bs91m1
2022-06-12 21:03:45 → 62895324567778 → Hpy111 → 来（发 ）广告，联系 bs91m1
2022-06-12 21:05:35 → 601112672704 → buyusdtx → 需要 群、发软、件，找 bs91m1
2022-06-12 21:06:40 → 601112672704 → fjhq000hz → 来（发 ）广告，联系 bs91m1
2022-06-12 21:08:37 → 60142963511 → jiaoyouqun123 → 想要（发 ）广告，找 bs91m1
2022-06-12 21:12:21 → 60142963511 → yhksijiantao11 → 专业（发 ）广告，联系我 bs91m1
2022-06-12 21:13:19 → 601112672704 → jinsanjiaobc → (session) 协议号，零售、批发 找，bs91m1
2022-06-12 21:16:09 → 601112672704 → adasdasw → 来（发 ）广告，联系 bs91m1
2022-06-12 21:19:51 → 601112672704 → fv0015 → 要（发 ）广告，联系 bs91m1
2022-06-12 21:21:56 → 601112672704 → dunxin106 → (session) 协议号，零售、批发 找，bs91m1
2022-06-12 21:23:49 → 60142963511 → lbbet → 要（发 ）广告，联系 bs91m1
2022-06-12 21:27:35 → 601112672704 → srjlq → 想找人（ 发 ）广告，找 bs91m1
2022-06-12 21:28:33 → 60142963511 → shujyinl → 需要 群、发，找 bs91m1
2022-06-12 21:29:42 → 62895324567778 → xd836809 → 准备（发 ）广告，找 bs91m1
2022-06-12 21:32:29 → 60142963511 → YHK_security → 需要 软、件，找 bs91m1
2022-06-12 21:34:33 → 60142963511 → phpzufang → 需要 群、发，找 bs91m1
2022-06-12 21:35:31 → 601112672704 → ziyuanduijie1 → 专业（发 ）广告，联系我 bs91m1
2022-06-12 21:39:14 → 62895324567778 → dubai13148888 → 需要 群、发软、件，找 bs91m1
2022-06-12 21:40:12 → 60142963511 → yunqian68 → 需要 群、发软、件，找 bs91m1
2022-06-12 21:41:18 → 601112672704 → USDThuzhu3 → 来（发 ）广告，联系 bs91m1
2022-06-12 21:42:16 → 60142963511 → sirenweixin3 → 需要 群、发，找 bs91m1
2022-06-12 21:43:16 → 62895324567778 → fgdfdfherh → 准备（发 ）广告，找 bs91m1
2022-06-12 21:45:13 → 62895324567778 → miaomiao12356 → 来（发 ）广告，联系 bs91m1
2022-06-12 21:47:03 → 60142963511 → yhksijiantao11 → 想找人（ 发 ）广告，找 bs91m1
2022-06-12 21:48:01 → 601112672704 → AG686 → 专业（发 ）广告，联系我 bs91m1
2022-06-12 21:50:00 → 62895324567778 → Hpy888 → 想要（发 ）广告，找 bs91m1
2022-06-12 21:50:58 → 601112672704 → hnsdfhs155 → 来（发 ）广告，联系 bs91m1
2022-06-12 21:51:57 → 60142963511 → cvv666money → 要（发 ）广告，联系 bs91m1
2022-06-12 21:53:03 → 60142963511 → dsfdshhs → 想找人（ 发 ）广告，找 bs91m1
2022-06-12 21:54:53 → 601112672704 → fv0015 → 需要 软、件，找 bs91m1
2022-06-12 21:56:50 → 601112672704 → jinsanjiaobc → 需要 群、发软、件，找 bs91m1
2022-06-12 21:57:49 → 60142963511 → seguiren → 想找人（ 发 ）广告，找 bs91m1
2022-06-12 21:59:40 → 62895324567778 → dream888 → 来（发 ）广告，联系 bs91m1
2022-06-12 22:01:37 → 60142963511 → jiaoyouqun123 → 专业（发 ）广告，联系我 bs91m1
2022-06-12 22:02:36 → 601112672704 → fjhq000hz → 需要 软、件，找 bs91m1
2022-06-12 22:03:37 → 62895324567778 → miaomiao12356 → 想要（发 ）广告，找 bs91m1
2022-06-12 22:05:35 → 60142963511 → xianliaoq → 准备（发 ）广告，找 bs91m1
2022-06-12 22:06:34 → 62895324567778 → phniuniu → 需要 软、件，找 bs91m1
2022-06-12 22:07:32 → 601112672704 → zuqiushuju → 需要 群、发软、件，找 bs91m1
2022-06-12 22:10:22 → 601112672704 → dunxin106 → (session) 协议号，零售、批发 找，bs91m1
2022-06-12 22:13:20 → 60142963511 → lbbet → 需要 软、件，找 bs91m1
2022-06-12 22:17:11 → 60142963511 → jiaoyouqun123 → 来（发 ）广告，联系 bs91m1
2022-06-12 22:18:09 → 601112672704 → youxidaili → 需要 软、件，找 bs91m1
2022-06-12 22:21:00 → 60142963511 → cvv666money → (session) 协议号，零售、批发 找，bs91m1
2022-06-12 22:22:51 → 601112672704 → adasdasw → 来（发 ）广告，联系 bs91m1
2022-06-12 22:24:54 → 601112672704 → srjlq → 来（发 ）广告，联系 bs91m1
2022-06-12 22:28:40 → 60142963511 → shujyinl → 来（发 ）广告，联系 bs91m1
2022-06-12 22:31:31 → 601112672704 → buyusdtx → 需要 群、发软、件，找 bs91m1
2022-06-12 22:32:31 → 62895324567778 → Philippines_visa → 专业（发 ）广告，联系我 bs91m1
2022-06-12 22:33:31 → 60142963511 → yunqian68 → 需要 群、发软、件，找 bs91m1
2022-06-12 22:36:22 → 62895324567778 → zgfCYJT → 要（发 ）广告，联系 bs91m1
2022-06-12 22:38:12 → 60142963511 → xianliaoq → 来（发 ）广告，联系 bs91m1
2022-06-12 22:39:18 → 601112672704 → dunxin106 → 专业（发 ）广告，联系我 bs91m1
2022-06-12 22:40:18 → 62895324567778 → fgdfdfherh → 专业（发 ）广告，联系我 bs91m1
2022-06-12 22:42:09 → 60142963511 → phpzufang → 想找人（ 发 ）广告，找 bs91m1
2022-06-12 22:43:13 → 601112672704 → jinsanjiaobc → 专业（发 ）广告，联系我 bs91m1
2022-06-12 22:44:13 → 62895324567778 → amjwg → 需要 群、发，找 bs91m1
2022-06-12 22:46:05 → 60142963511 → dsfdshhs → 需要 群、发软、件，找 bs91m1
2022-06-12 22:48:09 → 60142963511 → YHK_security → 需要 软、件，找 bs91m1
2022-06-12 22:51:00 → 601112672704 → zuqiushuju → 想要（发 ）广告，找 bs91m1
2022-06-12 22:54:57 → 60142963511 → yhksijiantao11 → 想找人（ 发 ）广告，找 bs91m1
2022-06-12 22:56:49 → 62895324567778 → dubai13148888 → 想要（发 ）广告，找 bs91m1
2022-06-12 22:57:47 → 601112672704 → ziyuanduijie1 → 专业（发 ）广告，联系我 bs91m1
2022-06-12 22:59:45 → 60142963511 → seguiren → 需要 软、件，找 bs91m1
2022-06-12 23:00:43 → 601112672704 → fjhq000hz → 需要 软、件，找 bs91m1
2022-06-12 23:01:42 → 62895324567778 → xd836809 → 要（发 ）广告，联系 bs91m1
2022-06-12 23:06:30 → 62895324567778 → fgdfdfherh → (session) 协议号，零售、批发 找，bs91m1
2022-06-12 23:07:27 → 601112672704 → adasdasw → 要（发 ）广告，联系 bs91m1
2022-06-12 23:09:18 → 60142963511 → xianliaoq → 需要 群、发软、件，找 bs91m1
2022-06-12 23:10:23 → 601112672704 → hnsdfhs155 → (session) 协议号，零售、批发 找，bs91m1
2022-06-12 23:12:14 → 60142963511 → dsfdshhs → 需要 群、发，找 bs91m1
2022-06-12 23:13:12 → 62895324567778 → xd836809 → 需要 软、件，找 bs91m1
2022-06-12 23:14:17 → 601112672704 → youxidaili → 来（发 ）广告，联系 bs91m1
2022-06-12 23:18:07 → 601112672704 → USDThuzhu3 → (session) 协议号，零售、批发 找，bs91m1
2022-06-12 23:19:58 → 60142963511 → shujyinl → 需要 软、件，找 bs91m1
2022-06-12 23:21:58 → 601112672704 → fv0015 → 想找人（ 发 ）广告，找 bs91m1
2022-06-12 23:23:49 → 60142963511 → yhksijiantao11 → 需要 软、件，找 bs91m1
2022-06-12 23:28:32 → 601112672704 → srjlq → 需要 群、发，找 bs91m1
2022-06-12 23:30:32 → 601112672704 → AG686 → 来（发 ）广告，联系 bs91m1
2022-06-12 23:31:30 → 60142963511 → seguiren → 准备（发 ）广告，找 bs91m1
2022-06-12 23:33:29 → 60142963511 → cvv666money → 准备（发 ）广告，找 bs91m1
2022-06-12 23:36:13 → 62895324567778 → Hpy111 → 想找人（ 发 ）广告，找 bs91m1
2022-06-12 23:37:19 → 62895324567778 → phniuniu → 要（发 ）广告，联系 bs91m1
2022-06-12 23:39:10 → 601112672704 → jinsanjiaobc → 来（发 ）广告，联系 bs91m1
2022-06-12 23:40:08 → 60142963511 → phpzufang → 专业（发 ）广告，联系我 bs91m1
2022-06-12 23:42:04 → 60142963511 → lbbet → 想要（发 ）广告，找 bs91m1
2022-06-12 23:43:03 → 601112672704 → buyusdtx → 来（发 ）广告，联系 bs91m1
2022-06-12 23:44:02 → 62895324567778 → amjwg → 专业（发 ）广告，联系我 bs91m1
2022-06-12 23:45:59 → 60142963511 → yunqian68 → (session) 协议号，零售、批发 找，bs91m1
2022-06-12 23:46:59 → 62895324567778 → joinBCPH → 需要 软、件，找 bs91m1
2022-06-12 23:48:58 → 601112672704 → youxidaili → 要（发 ）广告，联系 bs91m1
2022-06-12 23:50:49 → 60142963511 → jiaoyouqun123 → 需要 群、发，找 bs91m1
2022-06-12 23:51:49 → 62895324567778 → dream888 → 需要 软、件，找 bs91m1
2022-06-12 23:54:45 → 62895324567778 → Hpy888 → 需要 群、发软、件，找 bs91m1
2022-06-12 23:55:44 → 601112672704 → USDThuzhu3 → 准备（发 ）广告，找 bs91m1
2022-06-12 23:56:49 → 62895324567778 → G88888880 → 来（发 ）广告，联系 bs91m1
2022-06-12 23:59:31 → 601112672704 → fv0015 → 需要 群、发软、件，找 bs91m1