
2022-06-02 02:19:32 → 6282144789066 → tongdao25 → 需要 群、发，找  bs91m1
2022-06-02 02:20:19 → 6285242442963 → juliang666 → 需要 软、件，找  bs91m1
2022-06-02 02:22:36 → 62895324567242 → TG_King80 → 需要 群、发，找  bs91m1
2022-06-02 02:23:32 → 79045541142 → daishoujiaoyi → 想要（发 ）广告，找 bs91m1
2022-06-02 02:24:10 → 6282144789066 → bailaohui_cvv → 要（发 ）广告，联系 bs91m1
2022-06-02 02:25:38 → 6285242443022 → smsjiema666 → 来（发 ）广告，联系 bs91m1
2022-06-02 02:25:57 → 6285242442963 → xinbi_088 → 需要 软、件，找  bs91m1
2022-06-02 02:27:05 → 79045541142 → xianliao01 → 需要 群、发，找  bs91m1
2022-06-02 02:27:24 → 62895324567242 → USDTm → 需要 软、件，找  bs91m1
2022-06-02 02:28:08 → 62895324567242 → bailaohui_cvv → 来（发 ）广告，联系 bs91m1
2022-06-02 02:28:39 → 79045541142 → USDT43 → 想要（发 ）广告，找 bs91m1
2022-06-02 02:31:23 → 601112672704 → sunshineyyds → 需要 群、发软、件，找  bs91m1
2022-06-02 02:32:19 → 6282144789066 → usdtdfds → 要（发 ）广告，联系 bs91m1
2022-06-02 02:32:52 → 917061771362 → m8haxi888 → 专业（发 ）广告，联系我 bs91m1
2022-06-02 02:33:37 → 60142963511 → si1688 → 需要 软、件，找  bs91m1
2022-06-02 02:33:56 → 79045541142 → wy173 → 需要 群、发，找  bs91m1
2022-06-02 02:36:21 → 601112672704 → USDThuzhu3 → 要（发 ）广告，联系 bs91m1
2022-06-02 02:36:39 → 62895324567242 → Usdtbmw → 需要 软、件，找  bs91m1
2022-06-02 02:36:58 → 6285242443022 → jfhfhdgd → 准备（发 ）广告，找  bs91m1
2022-06-02 02:37:16 → 79045541142 → weikang2020 → 专业（发 ）广告，联系我 bs91m1
2022-06-02 02:37:43 → 6285242443022 → chaxun2020 → 来（发 ）广告，联系 bs91m1
2022-06-02 02:38:03 → 60142963511 → daishou15 → 需要 群、发软、件，找  bs91m1
2022-06-02 02:38:49 → 6285242442963 → wz513064 → 准备（发 ）广告，找  bs91m1
2022-06-02 02:40:25 → 79045541142 → dubai_37 → 需要 群、发软、件，找  bs91m1
2022-06-02 02:41:29 → 6285242443022 → daifu76 → 专业（发 ）广告，联系我 bs91m1
2022-06-02 02:41:47 → 79045541142 → TGlianmeng002 → 想要（发 ）广告，找 bs91m1
2022-06-02 02:42:20 → 60178838240 → TG1949521 → 想要（发 ）广告，找 bs91m1
2022-06-02 02:42:49 → 60142963511 → TG0188 → 需要 软、件，找  bs91m1
2022-06-02 02:44:50 → 601112672704 → baocai217 → 要（发 ）广告，联系 bs91m1
2022-06-02 02:45:34 → 6285242442963 → xinbi_088 → 需要 软、件，找  bs91m1
2022-06-02 02:45:53 → 6285242443022 → yugzf → 想找人（ 发 ）广告，找   bs91m1
2022-06-02 02:47:11 → 60142963511 → jiu_777 → 来（发 ）广告，联系 bs91m1
2022-06-02 02:48:07 → 6285242443022 → XxUP1121 → 想要（发 ）广告，找 bs91m1
2022-06-02 02:49:25 → 79045541142 → AS668825 → 准备（发 ）广告，找  bs91m1
2022-06-02 02:51:09 → 60142963511 → dbjlq1 → 需要 群、发软、件，找  bs91m1
2022-06-02 02:51:28 → 6285242442963 → daishou15 → 需要 软、件，找  bs91m1
2022-06-02 02:53:13 → 60178838240 → xjltq → 专业（发 ）广告，联系我 bs91m1
2022-06-02 02:53:39 → 79045541142 → xbdb01 → 想要（发 ）广告，找 bs91m1
2022-06-02 02:55:20 → 60178838240 → sichouzhilu0 → 需要 群、发，找  bs91m1
2022-06-02 02:55:50 → 6285242443022 → juliang666 → 要（发 ）广告，联系 bs91m1
2022-06-02 02:56:23 → 917061771362 → wy137 → 想要（发 ）广告，找 bs91m1
2022-06-02 02:57:02 → 917061771362 → dyjiaoliu → 想要（发 ）广告，找 bs91m1
2022-06-02 02:57:47 → 79045541142 → daishoujiaoyi → 要（发 ）广告，联系 bs91m1
2022-06-02 02:58:19 → 60142963511 → si1688 → 要（发 ）广告，联系 bs91m1
2022-06-02 02:59:32 → 62895324567242 → TG088 → 专业（发 ）广告，联系我 bs91m1
2022-06-02 03:00:37 → 60142963511 → axujj → 要（发 ）广告，联系 bs91m1
2022-06-02 03:00:55 → 601112672704 → WKLhuaren → 需要 软、件，找  bs91m1
2022-06-02 03:02:28 → 6285242443022 → WKLhuaren → 想要（发 ）广告，找 bs91m1
2022-06-02 03:05:28 → 917061771362 → tz636 → 准备（发 ）广告，找  bs91m1
2022-06-02 03:06:06 → 6282144789066 → bailaohui_cvv → 专业（发 ）广告，联系我 bs91m1
2022-06-02 03:06:35 → 601112672704 → USDThuzhu3 → 需要 群、发软、件，找  bs91m1
2022-06-02 03:06:55 → 917061771362 → Xiaoxuanfengjiaoliuqun → 专业（发 ）广告，联系我 bs91m1
2022-06-02 03:07:38 → 60178838240 → TG088 → 想找人（ 发 ）广告，找   bs91m1
2022-06-02 03:11:46 → 6282144789066 → usdtdfds → 来（发 ）广告，联系 bs91m1
2022-06-02 03:14:07 → 6285242442963 → xjltq → 要（发 ）广告，联系 bs91m1
2022-06-02 03:14:28 → 917061771362 → x00008 → 想找人（ 发 ）广告，找   bs91m1
2022-06-02 03:14:46 → 601112672704 → huione888 → 专业（发 ）广告，联系我 bs91m1
2022-06-02 03:16:24 → 6285242442963 → tianziusdt → 需要 群、发软、件，找  bs91m1
2022-06-02 03:18:18 → 601112672704 → sunshineyyds → 来（发 ）广告，联系 bs91m1
2022-06-02 03:19:40 → 6285242443022 → WKLhuaren → 专业（发 ）广告，联系我 bs91m1
2022-06-02 03:19:59 → 6282144789066 → usdtdfds → 想找人（ 发 ）广告，找   bs91m1
2022-06-02 03:20:19 → 62895324567242 → Usdtbmw → 想找人（ 发 ）广告，找   bs91m1
2022-06-02 03:20:37 → 6285242442963 → juliang666 → 想要（发 ）广告，找 bs91m1
2022-06-02 03:24:46 → 79045541142 → TG_88888 → 需要 群、发，找  bs91m1
2022-06-02 03:25:05 → 60142963511 → daishou15 → 需要 群、发软、件，找  bs91m1
2022-06-02 03:25:49 → 62895324567242 → TG088 → 专业（发 ）广告，联系我 bs91m1
2022-06-02 03:27:00 → 60142963511 → jiu_777 → 要（发 ）广告，联系 bs91m1
2022-06-02 03:27:17 → 79045541142 → bs91m990 → 需要 群、发，找  bs91m1
2022-06-02 03:27:38 → 917061771362 → chenggong045 → 来（发 ）广告，联系 bs91m1
2022-06-02 03:29:02 → 6282144789066 → bailaohui_cvv → 需要 群、发软、件，找  bs91m1
2022-06-02 03:30:00 → 62895324567242 → BAOAA → 想找人（ 发 ）广告，找   bs91m1
2022-06-02 03:31:02 → 79045541142 → xianliao01 → 专业（发 ）广告，联系我 bs91m1
2022-06-02 03:31:19 → 6285242443022 → dibai778899 → 专业（发 ）广告，联系我 bs91m1
2022-06-02 03:31:37 → 601112672704 → WKLhuaren → 需要 软、件，找  bs91m1
2022-06-02 03:31:56 → 60142963511 → TG0188 → 需要 软、件，找  bs91m1
2022-06-02 03:32:50 → 917061771362 → aoa99999 → 需要 群、发，找  bs91m1
2022-06-02 03:33:52 → 79045541142 → weikang2020 → 来（发 ）广告，联系 bs91m1
2022-06-02 03:34:12 → 6285242443022 → chaxun2020 → 需要 软、件，找  bs91m1
2022-06-02 03:35:14 → 60142963511 → dbjlq1 → 想找人（ 发 ）广告，找   bs91m1
2022-06-02 03:36:07 → 79045541142 → usdthuihuan → 需要 群、发软、件，找  bs91m1
2022-06-02 03:36:37 → 60178838240 → TG088 → 准备（发 ）广告，找  bs91m1
2022-06-02 03:36:55 → 6285242443022 → XxUP1121 → 需要 群、发，找  bs91m1
2022-06-02 03:37:34 → 917061771362 → cccccccxyyy → 专业（发 ）广告，联系我 bs91m1
2022-06-02 03:37:53 → 6285242442963 → daishou15 → 想要（发 ）广告，找 bs91m1
2022-06-02 03:39:15 → 79045541142 → jltyzs → 想要（发 ）广告，找 bs91m1
2022-06-02 03:39:32 → 601112672704 → USDThuzhu3 → 想找人（ 发 ）广告，找   bs91m1
2022-06-02 03:39:52 → 62895324567242 → bailaohui_cvv → 想要（发 ）广告，找 bs91m1
2022-06-02 03:40:56 → 917061771362 → bclm1 → 要（发 ）广告，联系 bs91m1
2022-06-02 03:42:01 → 6285242442963 → tianziusdt → 准备（发 ）广告，找  bs91m1
2022-06-02 03:42:18 → 6282144789066 → tongdao25 → 来（发 ）广告，联系 bs91m1
2022-06-02 03:42:51 → 917061771362 → qunfalaren2 → 要（发 ）广告，联系 bs91m1
2022-06-02 03:44:04 → 62895324567242 → USDTm → 专业（发 ）广告，联系我 bs91m1
2022-06-02 03:44:21 → 601112672704 → huione888 → 想找人（ 发 ）广告，找   bs91m1
2022-06-02 03:47:54 → 6285242443022 → smsjiema666 → 要（发 ）广告，联系 bs91m1
2022-06-02 03:48:25 → 917061771362 → loveuchina → 想要（发 ）广告，找 bs91m1
2022-06-02 03:48:44 → 601112672704 → baocai217 → 想要（发 ）广告，找 bs91m1
2022-06-02 03:49:18 → 6285242442963 → xjltq → 想要（发 ）广告，找 bs91m1
2022-06-02 03:49:36 → 60142963511 → TG0188 → 需要 群、发软、件，找  bs91m1
2022-06-02 03:50:53 → 6285242443022 → daifu76 → 需要 群、发软、件，找  bs91m1
2022-06-02 03:51:12 → 62895324567242 → TG088 → 专业（发 ）广告，联系我 bs91m1
2022-06-02 03:53:11 → 60178838240 → xjltq → 需要 群、发，找  bs91m1
2022-06-02 03:54:23 → 6285242442963 → wz513064 → 来（发 ）广告，联系 bs91m1
2022-06-02 03:55:39 → 6282144789066 → usdtdfds → 需要 群、发软、件，找  bs91m1
2022-06-02 03:56:12 → 6285242443022 → chaxun2020 → 准备（发 ）广告，找  bs91m1
2022-06-02 03:56:45 → 60142963511 → dbjlq1 → 专业（发 ）广告，联系我 bs91m1
2022-06-02 03:57:33 → 62895324567242 → bailaohui_cvv → 来（发 ）广告，联系 bs91m1
2022-06-02 03:57:58 → 601112672704 → sunshineyyds → 想要（发 ）广告，找 bs91m1
2022-06-02 03:58:54 → 60178838240 → sichouzhilu0 → 来（发 ）广告，联系 bs91m1
2022-06-02 03:59:13 → 60142963511 → daishou15 → 需要 群、发，找  bs91m1
2022-06-02 03:59:46 → 6282144789066 → bailaohui_cvv → 需要 群、发，找  bs91m1
2022-06-02 04:00:05 → 6285242442963 → xinbi_088 → 专业（发 ）广告，联系我 bs91m1
2022-06-02 04:01:44 → 60142963511 → jiu_777 → 要（发 ）广告，联系 bs91m1
2022-06-02 04:03:31 → 62895324567242 → Usdtbmw → 需要 群、发软、件，找  bs91m1
2022-06-02 04:04:03 → 6285242443022 → WKLhuaren → 想要（发 ）广告，找 bs91m1
2022-06-02 04:06:27 → 60142963511 → axujj → 来（发 ）广告，联系 bs91m1
2022-06-02 04:06:44 → 6285242443022 → juliang666 → 想要（发 ）广告，找 bs91m1
2022-06-02 04:07:22 → 60142963511 → si1688 → 专业（发 ）广告，联系我 bs91m1
2022-06-02 04:08:20 → 601112672704 → USDThuzhu3 → 想要（发 ）广告，找 bs91m1
2022-06-02 04:09:11 → 6285242443022 → daifu76 → 想找人（ 发 ）广告，找   bs91m1
2022-06-02 04:19:31 → 601112672704 → sunshineyyds → 需要 群、发，找  bs91m1
2022-06-02 04:20:05 → 60142963511 → si1688 → 专业（发 ）广告，联系我 bs91m1
2022-06-02 04:22:28 → 6285242442963 → xinbi_088 → 需要 群、发，找  bs91m1
2022-06-02 04:23:19 → 601112672704 → huione888 → 来（发 ）广告，联系 bs91m1
2022-06-02 04:25:10 → 60178838240 → sichouzhilu0 → 需要 软、件，找  bs91m1
2022-06-02 04:25:42 → 601112672704 → WKLhuaren → 准备（发 ）广告，找  bs91m1
2022-06-02 04:26:19 → 60142963511 → axujj → 想找人（ 发 ）广告，找   bs91m1
2022-06-02 04:27:50 → 60142963511 → dbjlq1 → 来（发 ）广告，联系 bs91m1
2022-06-02 04:28:20 → 6282144789066 → bailaohui_cvv → 专业（发 ）广告，联系我 bs91m1
2022-06-02 04:29:56 → 6282144789066 → tongdao25 → 准备（发 ）广告，找  bs91m1
2022-06-02 04:30:15 → 62895324567242 → TG088 → 想要（发 ）广告，找 bs91m1
2022-06-02 04:30:45 → 601112672704 → baocai217 → 需要 软、件，找  bs91m1
2022-06-02 04:31:54 → 60178838240 → xjltq → 想找人（ 发 ）广告，找   bs91m1
2022-06-02 04:33:40 → 62895324567242 → BAOAA → 想要（发 ）广告，找 bs91m1
2022-06-02 04:35:36 → 60178838240 → TGDL128 → 专业（发 ）广告，联系我 bs91m1
2022-06-02 04:37:50 → 60142963511 → jiu_777 → 需要 软、件，找  bs91m1
2022-06-02 04:38:11 → 6285242442963 → xjltq → 想找人（ 发 ）广告，找   bs91m1
2022-06-02 04:39:03 → 60142963511 → daishou15 → 要（发 ）广告，联系 bs91m1
2022-06-02 04:39:33 → 62895324567242 → Usdtbmw → 想要（发 ）广告，找 bs91m1
2022-06-02 04:40:15 → 6285242443022 → jfhfhdgd → 需要 软、件，找  bs91m1
2022-06-02 04:41:27 → 6282144789066 → usdtdfds → 需要 群、发软、件，找  bs91m1
2022-06-02 04:42:32 → 6285242443022 → WKLhuaren → 要（发 ）广告，联系 bs91m1
2022-06-02 04:42:51 → 60178838240 → TGDL128 → 需要 软、件，找  bs91m1
2022-06-02 04:43:59 → 62895324567242 → USDTm → 要（发 ）广告，联系 bs91m1
2022-06-02 04:45:14 → 60142963511 → TG0188 → 准备（发 ）广告，找  bs91m1
2022-06-02 04:47:54 → 6285242443022 → smsjiema666 → 需要 软、件，找  bs91m1
2022-06-02 04:49:31 → 6282144789066 → bailaohui_cvv → 需要 群、发软、件，找  bs91m1
2022-06-02 04:52:08 → 6285242443022 → chaxun2020 → 需要 群、发，找  bs91m1
2022-06-02 04:52:40 → 6285242442963 → juliang666 → 需要 群、发软、件，找  bs91m1
2022-06-02 04:52:57 → 6282144789066 → tongdao25 → 要（发 ）广告，联系 bs91m1
2022-06-02 04:54:06 → 601112672704 → baocai217 → 来（发 ）广告，联系 bs91m1
2022-06-02 04:54:38 → 62895324567242 → bailaohui_cvv → 要（发 ）广告，联系 bs91m1
2022-06-02 04:56:41 → 60178838240 → TG088 → 准备（发 ）广告，找  bs91m1
2022-06-02 04:59:17 → 60142963511 → dbjlq1 → 专业（发 ）广告，联系我 bs91m1
2022-06-02 04:59:36 → 6285242442963 → xinbi_088 → 想要（发 ）广告，找 bs91m1
2022-06-02 05:00:23 → 62895324567242 → USDTm → 准备（发 ）广告，找  bs91m1
2022-06-02 05:00:49 → 6282144789066 → bailaohui_cvv → 需要 软、件，找  bs91m1
2022-06-02 05:01:38 → 601112672704 → USDThuzhu3 → 想要（发 ）广告，找 bs91m1
2022-06-02 05:03:45 → 6285242443022 → WKLhuaren → 准备（发 ）广告，找  bs91m1
2022-06-02 05:04:29 → 60178838240 → sichouzhilu0 → 要（发 ）广告，联系 bs91m1
2022-06-02 05:05:26 → 6285242443022 → jfhfhdgd → 想找人（ 发 ）广告，找   bs91m1
2022-06-02 05:06:13 → 62895324567242 → Usdtbmw → 准备（发 ）广告，找  bs91m1
2022-06-02 05:07:57 → 60178838240 → btokofficial_03 → 准备（发 ）广告，找  bs91m1
2022-06-02 05:08:28 → 601112672704 → huione888 → 需要 群、发软、件，找  bs91m1
2022-06-02 05:09:22 → 6285242443022 → XxUP1121 → 准备（发 ）广告，找  bs91m1
2022-06-02 05:12:54 → 60178838240 → xjltq → 想找人（ 发 ）广告，找   bs91m1
2022-06-02 05:13:39 → 6285242443022 → chaxun2020 → 需要 群、发，找  bs91m1
2022-06-02 05:13:59 → 60142963511 → daishou15 → 专业（发 ）广告，联系我 bs91m1
2022-06-02 05:14:16 → 601112672704 → sunshineyyds → 需要 群、发，找  bs91m1
2022-06-02 05:16:58 → 6285242443022 → yugzf → 专业（发 ）广告，联系我 bs91m1
2022-06-02 05:17:29 → 60142963511 → TG0188 → 准备（发 ）广告，找  bs91m1
2022-06-02 05:21:51 → 60142963511 → si1688 → 需要 群、发，找  bs91m1
2022-06-02 05:22:09 → 601112672704 → USDThuzhu3 → 准备（发 ）广告，找  bs91m1
2022-06-02 05:24:27 → 60142963511 → jiu_777 → 来（发 ）广告，联系 bs91m1
2022-06-02 05:24:47 → 6285242442963 → xinbi_088 → 需要 群、发，找  bs91m1
2022-06-02 05:26:59 → 6282144789066 → usdtdfds → 来（发 ）广告，联系 bs91m1
2022-06-02 05:28:06 → 6282144789066 → bailaohui_cvv → 想要（发 ）广告，找 bs91m1
2022-06-02 05:30:37 → 6285242442963 → daishou15 → 准备（发 ）广告，找  bs91m1
2022-06-02 05:30:56 → 60142963511 → TG0188 → 需要 群、发软、件，找  bs91m1
2022-06-02 05:31:33 → 601112672704 → baocai217 → 专业（发 ）广告，联系我 bs91m1
2022-06-02 05:33:02 → 6282144789066 → TG_King80 → 专业（发 ）广告，联系我 bs91m1
2022-06-02 05:33:21 → 60178838240 → TG088 → 专业（发 ）广告，联系我 bs91m1
2022-06-02 05:35:32 → 601112672704 → huione888 → 需要 软、件，找  bs91m1
2022-06-02 05:36:03 → 6282144789066 → tongdao25 → 专业（发 ）广告，联系我 bs91m1
2022-06-02 05:36:35 → 60178838240 → sichouzhilu0 → 想要（发 ）广告，找 bs91m1
2022-06-02 05:36:54 → 60142963511 → axujj → 需要 群、发，找  bs91m1
2022-06-02 05:38:01 → 601112672704 → sunshineyyds → 专业（发 ）广告，联系我 bs91m1
2022-06-02 05:40:16 → 6285242443022 → yugzf → 想找人（ 发 ）广告，找   bs91m1
2022-06-02 05:41:20 → 60142963511 → jiu_777 → 想要（发 ）广告，找 bs91m1
2022-06-02 05:41:49 → 601112672704 → WKLhuaren → 想要（发 ）广告，找 bs91m1
2022-06-02 05:42:29 → 62895324567242 → Usdtbmw → 要（发 ）广告，联系 bs91m1
2022-06-02 05:42:49 → 6285242442963 → xinbi_088 → 想要（发 ）广告，找 bs91m1
2022-06-02 05:43:07 → 60178838240 → xjltq → 需要 软、件，找  bs91m1
2022-06-02 05:45:57 → 919482799261 → menglongchuhai → 准备（发 ）广告，找  bs91m1
2022-06-02 05:47:23 → 60142963511 → daishou15 → 专业（发 ）广告，联系我 bs91m1
2022-06-02 05:48:08 → 62895324567242 → bailaohui_cvv → 专业（发 ）广告，联系我 bs91m1
2022-06-02 05:49:01 → 6282144789066 → bailaohui_cvv → 想找人（ 发 ）广告，找   bs91m1
2022-06-02 05:50:56 → 6285242443022 → smsjiema666 → 需要 软、件，找  bs91m1
2022-06-02 05:51:55 → 919482799261 → Facebook2666 → 想找人（ 发 ）广告，找   bs91m1
2022-06-02 05:52:36 → 6282144789066 → usdtdfds → 需要 群、发，找  bs91m1
2022-06-02 05:53:44 → 6285242442963 → juliang666 → 需要 群、发，找  bs91m1
2022-06-02 05:54:03 → 6285242443022 → daifu76 → 要（发 ）广告，联系 bs91m1
2022-06-02 05:55:22 → 8801743979741 → maomiyunkong01 → 来（发 ）广告，联系 bs91m1
2022-06-02 05:57:15 → 60142963511 → si1688 → 专业（发 ）广告，联系我 bs91m1
2022-06-02 05:57:53 → 919482799261 → yinliuzjjia → 需要 群、发，找  bs91m1
2022-06-02 06:00:09 → 6285242442963 → daishou15 → 想找人（ 发 ）广告，找   bs91m1
2022-06-02 06:01:09 → 601112672704 → baocai217 → 准备（发 ）广告，找  bs91m1
2022-06-02 06:05:25 → 6285242443022 → chaxun2020 → 想要（发 ）广告，找 bs91m1
2022-06-02 06:06:17 → 62895324567242 → bailaohui_cvv → 要（发 ）广告，联系 bs91m1
2022-06-02 06:07:23 → 60142963511 → dbjlq1 → 需要 群、发，找  bs91m1
2022-06-02 06:09:38 → 919482799261 → jiema670 → 需要 群、发软、件，找  bs91m1
2022-06-02 06:11:50 → 919482799261 → chuhai666 → 想要（发 ）广告，找 bs91m1
2022-06-02 06:12:21 → 601112672704 → WKLhuaren → 准备（发 ）广告，找  bs91m1
2022-06-02 06:12:58 → 6285242442963 → wz513064 → 来（发 ）广告，联系 bs91m1
2022-06-02 06:15:33 → 60178838240 → TG088 → 需要 群、发软、件，找  bs91m1
2022-06-02 06:16:41 → 60142963511 → dbjlq1 → 来（发 ）广告，联系 bs91m1
2022-06-02 06:18:39 → 601112672704 → sunshineyyds → 专业（发 ）广告，联系我 bs91m1
2022-06-02 06:18:58 → 60142963511 → daishou15 → 想找人（ 发 ）广告，找   bs91m1
2022-06-02 06:21:03 → 62895324567242 → USDTm → 需要 群、发软、件，找  bs91m1
2022-06-02 06:21:33 → 601112672704 → USDThuzhu3 → 想要（发 ）广告，找 bs91m1
2022-06-02 06:23:08 → 6285242443022 → yugzf → 需要 群、发，找  bs91m1
2022-06-02 06:24:00 → 6285242443022 → daifu76 → 来（发 ）广告，联系 bs91m1
2022-06-02 06:24:37 → 919482799261 → Vgokeji8888 → 想要（发 ）广告，找 bs91m1
2022-06-02 06:26:42 → 62895324567242 → Usdtbmw → 专业（发 ）广告，联系我 bs91m1
2022-06-02 06:27:35 → 6282144789066 → bailaohui_cvv → 准备（发 ）广告，找  bs91m1
2022-06-02 06:29:10 → 60142963511 → si1688 → 需要 软、件，找  bs91m1
2022-06-02 06:29:28 → 60178838240 → xjltq → 准备（发 ）广告，找  bs91m1
2022-06-02 06:31:14 → 60142963511 → TG0188 → 想要（发 ）广告，找 bs91m1
2022-06-02 06:34:46 → 60142963511 → jiu_777 → 需要 软、件，找  bs91m1
2022-06-02 06:35:04 → 6282144789066 → tongdao25 → 需要 软、件，找  bs91m1
2022-06-02 06:35:45 → 6285242442963 → xinbi_088 → 想要（发 ）广告，找 bs91m1
2022-06-02 06:36:03 → 6285242443022 → WKLhuaren → 想要（发 ）广告，找 bs91m1
2022-06-02 06:39:06 → 6285242442963 → daishou15 → 专业（发 ）广告，联系我 bs91m1
2022-06-02 06:39:55 → 60178838240 → yxbjx → 需要 软、件，找  bs91m1
2022-06-02 06:40:15 → 62895324567242 → bailaohui_cvv → 需要 群、发软、件，找  bs91m1
2022-06-02 06:40:46 → 6282144789066 → usdtdfds → 要（发 ）广告，联系 bs91m1
2022-06-02 06:41:11 → 60178838240 → sichouzhilu0 → 来（发 ）广告，联系 bs91m1
2022-06-02 06:42:20 → 6285242443022 → jfhfhdgd → 想找人（ 发 ）广告，找   bs91m1
2022-06-02 06:42:51 → 601112672704 → huione888 → 想找人（ 发 ）广告，找   bs91m1
2022-06-02 06:43:10 → 60142963511 → axujj → 需要 群、发软、件，找  bs91m1
2022-06-02 06:44:27 → 6285242442963 → xjltq → 想找人（ 发 ）广告，找   bs91m1
2022-06-02 06:50:56 → 6285242443022 → smsjiema666 → 需要 软、件，找  bs91m1
2022-06-02 06:52:22 → 62895324567242 → Usdtbmw → 需要 群、发，找  bs91m1
2022-06-02 06:54:03 → 919482799261 → deguobank → 需要 软、件，找  bs91m1
2022-06-02 06:54:22 → 6285242443022 → juliang666 → 需要 群、发，找  bs91m1
2022-06-02 06:56:07 → 919482799261 → chuhaiVIP88 → 需要 群、发软、件，找  bs91m1
2022-06-02 06:56:51 → 60178838240 → TG088 → 专业（发 ）广告，联系我 bs91m1
2022-06-02 06:58:01 → 601112672704 → baocai217 → 想找人（ 发 ）广告，找   bs91m1
2022-06-02 07:00:25 → 919482799261 → sougoutgkh → 想要（发 ）广告，找 bs91m1
2022-06-02 07:01:37 → 62895324567242 → USDTm → 想要（发 ）广告，找 bs91m1
2022-06-02 07:01:56 → 6285242443022 → jfhfhdgd → 专业（发 ）广告，联系我 bs91m1
2022-06-02 07:04:13 → 6285242443022 → WKLhuaren → 想找人（ 发 ）广告，找   bs91m1
2022-06-02 07:04:55 → 919482799261 → xiaochuanch1 → 想要（发 ）广告，找 bs91m1
2022-06-02 07:05:45 → 6285242442963 → juliang666 → 想要（发 ）广告，找 bs91m1
2022-06-02 07:07:54 → 601112672704 → USDThuzhu3 → 需要 群、发软、件，找  bs91m1
2022-06-02 07:08:32 → 60142963511 → axujj → 想要（发 ）广告，找 bs91m1
2022-06-02 07:10:25 → 6282144789066 → tongdao25 → 想要（发 ）广告，找 bs91m1
2022-06-02 07:11:45 → 6285242442963 → tianziusdt → 想要（发 ）广告，找 bs91m1
2022-06-02 07:12:53 → 60142963511 → jiu_777 → 专业（发 ）广告，联系我 bs91m1
2022-06-02 07:14:51 → 919482799261 → BCdaikou → 需要 群、发软、件，找  bs91m1
2022-06-02 07:16:05 → 6285242443022 → daifu76 → 想找人（ 发 ）广告，找   bs91m1
2022-06-02 07:16:57 → 6285242443022 → chaxun2020 → 需要 群、发软、件，找  bs91m1
2022-06-02 07:17:42 → 8801743979741 → agtjla → 要（发 ）广告，联系 bs91m1
2022-06-02 07:18:27 → 919482799261 → facebookha → 需要 群、发，找  bs91m1
2022-06-02 07:19:48 → 60142963511 → si1688 → 想找人（ 发 ）广告，找   bs91m1
2022-06-02 07:20:07 → 601112672704 → sunshineyyds → 来（发 ）广告，联系 bs91m1
2022-06-02 07:21:23 → 6285242442963 → xinbi_088 → 专业（发 ）广告，联系我 bs91m1
2022-06-02 07:22:07 → 60178838240 → xjltq → 准备（发 ）广告，找  bs91m1
2022-06-02 07:23:02 → 919482799261 → DragonIndia → 需要 群、发，找  bs91m1
2022-06-02 07:24:10 → 919482799261 → dx119168 → 来（发 ）广告，联系 bs91m1
2022-06-02 07:24:28 → 601112672704 → WKLhuaren → 想找人（ 发 ）广告，找   bs91m1
2022-06-02 07:25:55 → 6285242443022 → yugzf → 想找人（ 发 ）广告，找   bs91m1
2022-06-02 07:27:36 → 6282144789066 → usdtdfds → 需要 群、发软、件，找  bs91m1
2022-06-02 07:27:50 → 60142963511 → daishou15 → 需要 群、发软、件，找  bs91m1
2022-06-02 07:29:40 → 6285242442963 → wz513064 → 需要 群、发软、件，找  bs91m1
2022-06-02 07:35:40 → 60142963511 → dbjlq1 → 专业（发 ）广告，联系我 bs91m1
2022-06-02 07:37:28 → 6282144789066 → tongdao25 → 准备（发 ）广告，找  bs91m1
2022-06-02 07:38:22 → 62895324567242 → USDTm → 要（发 ）广告，联系 bs91m1
2022-06-02 07:38:40 → 601112672704 → huione888 → 来（发 ）广告，联系 bs91m1
2022-06-02 07:39:13 → 919482799261 → haoma69 → 需要 群、发软、件，找  bs91m1
2022-06-02 07:42:00 → 6285242442963 → daishou15 → 专业（发 ）广告，联系我 bs91m1
2022-06-02 07:42:19 → 6282144789066 → bailaohui_cvv → 专业（发 ）广告，联系我 bs91m1
2022-06-02 07:44:40 → 8801743979741 → qunz0081 → 想找人（ 发 ）广告，找   bs91m1
2022-06-02 07:45:24 → 919482799261 → fbws8866 → 来（发 ）广告，联系 bs91m1
2022-06-02 07:45:58 → 60142963511 → TG0188 → 需要 软、件，找  bs91m1
2022-06-02 07:50:40 → 601112672704 → baocai217 → 来（发 ）广告，联系 bs91m1
2022-06-02 07:51:21 → 6285242443022 → jfhfhdgd → 需要 软、件，找  bs91m1
2022-06-02 07:52:28 → 919482799261 → aliqudao → 需要 群、发软、件，找  bs91m1
2022-06-02 07:53:04 → 6282144789066 → usdtdfds → 需要 群、发，找  bs91m1
2022-06-02 07:53:55 → 8801743979741 → jwtam168168 → 需要 群、发，找  bs91m1
2022-06-02 07:54:14 → 6285242442963 → xjltq → 来（发 ）广告，联系 bs91m1
2022-06-02 07:55:17 → 919482799261 → daifawhatspp → 来（发 ）广告，联系 bs91m1
2022-06-02 07:55:35 → 62895324567242 → Usdtbmw → 需要 群、发，找  bs91m1
2022-06-02 07:56:07 → 60178838240 → TG088 → 需要 群、发软、件，找  bs91m1
2022-06-02 07:59:00 → 60178838240 → xjltq → 准备（发 ）广告，找  bs91m1
2022-06-02 07:59:41 → 60142963511 → daishou15 → 需要 软、件，找  bs91m1
2022-06-02 08:01:28 → 6285242443022 → chaxun2020 → 要（发 ）广告，联系 bs91m1
2022-06-02 08:02:38 → 62895324567242 → bailaohui_cvv → 需要 软、件，找  bs91m1
2022-06-02 08:02:56 → 601112672704 → WKLhuaren → 需要 群、发，找  bs91m1
2022-06-02 08:06:52 → 6285242443022 → WKLhuaren → 准备（发 ）广告，找  bs91m1
2022-06-02 08:10:58 → 919482799261 → dx119188 → 需要 软、件，找  bs91m1
2022-06-02 08:11:16 → 60142963511 → jiu_777 → 需要 群、发，找  bs91m1
2022-06-02 08:11:36 → 6285242443022 → yugzf → 需要 群、发，找  bs91m1
2022-06-02 08:13:16 → 6282144789066 → usdtdfds → 需要 软、件，找  bs91m1
2022-06-02 08:16:00 → 6285242443022 → daifu76 → 需要 群、发软、件，找  bs91m1
2022-06-02 08:17:15 → 6285242442963 → juliang666 → 准备（发 ）广告，找  bs91m1
2022-06-02 08:20:50 → 601112672704 → sunshineyyds → 需要 软、件，找  bs91m1
2022-06-02 08:23:57 → 6285242443022 → yugzf → 需要 群、发软、件，找  bs91m1
2022-06-02 08:25:03 → 601112672704 → USDThuzhu3 → 需要 群、发软、件，找  bs91m1
2022-06-02 08:25:36 → 60142963511 → axujj → 要（发 ）广告，联系 bs91m1
2022-06-02 08:27:56 → 6285242443022 → jfhfhdgd → 来（发 ）广告，联系 bs91m1
2022-06-02 08:28:33 → 6285242442963 → XxUP1121 → 需要 群、发，找  bs91m1
2022-06-02 08:29:42 → 62895324567242 → Usdtbmw → 需要 群、发，找  bs91m1
2022-06-02 08:30:19 → 919482799261 → qsf888 → 准备（发 ）广告，找  bs91m1
2022-06-02 08:32:29 → 6285242443022 → smsjiema666 → 需要 软、件，找  bs91m1
2022-06-02 08:32:49 → 6282144789066 → tongdao25 → 来（发 ）广告，联系 bs91m1
2022-06-02 08:33:31 → 919482799261 → hswrrzhxz → 需要 群、发软、件，找  bs91m1
2022-06-02 08:34:00 → 8801743979741 → facebookyouyuandingzhi → 准备（发 ）广告，找  bs91m1
2022-06-02 08:34:42 → 601112672704 → huione888 → 想要（发 ）广告，找 bs91m1
2022-06-02 08:35:55 → 60142963511 → si1688 → 想找人（ 发 ）广告，找   bs91m1
2022-06-02 08:37:22 → 6285242442963 → daishou15 → 想要（发 ）广告，找 bs91m1
2022-06-02 08:38:42 → 60142963511 → dbjlq1 → 想找人（ 发 ）广告，找   bs91m1
2022-06-02 08:39:34 → 62895324567242 → bailaohui_cvv → 需要 软、件，找  bs91m1
2022-06-02 08:42:55 → 6285242442963 → xinbi_088 → 要（发 ）广告，联系 bs91m1
2022-06-02 08:43:51 → 62895324567242 → tanxiaofengshengha → 需要 群、发软、件，找  bs91m1
2022-06-02 08:44:32 → 919482799261 → ssrtools → 想找人（ 发 ）广告，找   bs91m1
2022-06-02 08:45:05 → 6285242443022 → XxUP1121 → 想找人（ 发 ）广告，找   bs91m1
2022-06-02 08:46:20 → 919482799261 → langrensha258 → 需要 群、发软、件，找  bs91m1
2022-06-02 08:46:39 → 6282144789066 → usdtdfds → 来（发 ）广告，联系 bs91m1
2022-06-02 08:46:56 → 601112672704 → huione888 → 需要 软、件，找  bs91m1
2022-06-02 08:48:06 → 60142963511 → TG0188 → 想要（发 ）广告，找 bs91m1
2022-06-02 08:48:38 → 6285242443022 → daifu76 → 想找人（ 发 ）广告，找   bs91m1
2022-06-02 08:50:38 → 919482799261 → shanrfgb14 → 要（发 ）广告，联系 bs91m1
2022-06-02 08:50:58 → 6282144789066 → bailaohui_cvv → 来（发 ）广告，联系 bs91m1
2022-06-02 08:51:30 → 60178838240 → xjltq → 想要（发 ）广告，找 bs91m1
2022-06-02 08:57:22 → 6285242442963 → xjltq → 想找人（ 发 ）广告，找   bs91m1
2022-06-02 08:57:42 → 62895324567242 → USDTm → 来（发 ）广告，联系 bs91m1
2022-06-02 08:59:30 → 6285242443022 → chaxun2020 → 想找人（ 发 ）广告，找   bs91m1
2022-06-02 08:59:48 → 62895324567242 → chuiniuqun → 要（发 ）广告，联系 bs91m1
2022-06-02 09:00:28 → 919482799261 → khjc1133 → 需要 群、发软、件，找  bs91m1
2022-06-02 09:01:15 → 601112672704 → sunshineyyds → 专业（发 ）广告，联系我 bs91m1
2022-06-02 09:01:34 → 60142963511 → axujj → 准备（发 ）广告，找  bs91m1
2022-06-02 09:02:04 → 6282144789066 → tongdao25 → 要（发 ）广告，联系 bs91m1
2022-06-02 09:04:03 → 919482799261 → Vgokeji3333 → 想找人（ 发 ）广告，找   bs91m1
2022-06-02 09:04:22 → 60178838240 → TG088 → 想找人（ 发 ）广告，找   bs91m1
2022-06-02 09:05:58 → 6285242443022 → juliang666 → 想找人（ 发 ）广告，找   bs91m1
2022-06-02 09:08:22 → 60142963511 → dbjlq1 → 准备（发 ）广告，找  bs91m1
2022-06-02 09:09:09 → 601112672704 → USDThuzhu3 → 需要 群、发软、件，找  bs91m1
2022-06-02 09:10:56 → 919482799261 → DNYPAY → 要（发 ）广告，联系 bs91m1
2022-06-02 09:13:17 → 60142963511 → TG0188 → 来（发 ）广告，联系 bs91m1
2022-06-02 09:13:35 → 601112672704 → WKLhuaren → 需要 软、件，找  bs91m1
2022-06-02 09:15:34 → 6285242443022 → WKLhuaren → 专业（发 ）广告，联系我 bs91m1
2022-06-02 09:16:35 → 919482799261 → BadoBumblechu → 需要 群、发软、件，找  bs91m1
2022-06-02 09:16:54 → 601112672704 → baocai217 → 需要 群、发软、件，找  bs91m1
2022-06-02 09:17:13 → 6285242443022 → daifu76 → 需要 群、发软、件，找  bs91m1
2022-06-02 09:19:09 → 60142963511 → jiu_777 → 需要 群、发，找  bs91m1
2022-06-02 09:21:19 → 919482799261 → yinduliuliang66 → 来（发 ）广告，联系 bs91m1
2022-06-02 09:21:50 → 6285242443022 → yugzf → 需要 群、发，找  bs91m1
2022-06-02 09:22:09 → 6285242442963 → xinbi_088 → 需要 群、发软、件，找  bs91m1
2022-06-02 09:23:02 → 6282144789066 → bailaohui_cvv → 准备（发 ）广告，找  bs91m1
2022-06-02 09:23:34 → 6285242442963 → wz513064 → 需要 群、发软、件，找  bs91m1
2022-06-02 09:24:18 → 919482799261 → xiaoguzhuanyedajian3 → 想要（发 ）广告，找 bs91m1
2022-06-02 09:24:54 → 8801743979741 → mygjsms → 专业（发 ）广告，联系我 bs91m1
2022-06-02 09:26:49 → 6285242443022 → jfhfhdgd → 来（发 ）广告，联系 bs91m1
2022-06-02 09:27:21 → 60142963511 → daishou15 → 专业（发 ）广告，联系我 bs91m1
2022-06-02 09:27:55 → 60178838240 → TG088 → 需要 群、发软、件，找  bs91m1
2022-06-02 09:28:26 → 6285242442963 → XxUP1121 → 专业（发 ）广告，联系我 bs91m1
2022-06-02 09:29:21 → 8801743979741 → hmch02 → 想要（发 ）广告，找 bs91m1
2022-06-02 09:30:24 → 62895324567242 → Usdtbmw → 需要 群、发，找  bs91m1
2022-06-02 09:30:42 → 60142963511 → si1688 → 需要 软、件，找  bs91m1
2022-06-02 09:31:30 → 919482799261 → jiema868 → 想找人（ 发 ）广告，找   bs91m1
2022-06-02 09:33:05 → 6285242443022 → chaxun2020 → 专业（发 ）广告，联系我 bs91m1
2022-06-02 09:33:24 → 601112672704 → USDThuzhu3 → 准备（发 ）广告，找  bs91m1
2022-06-02 09:34:14 → 8801743979741 → guge1235 → 需要 群、发软、件，找  bs91m1
2022-06-02 09:35:29 → 919482799261 → qianhuidajian8888 → 准备（发 ）广告，找  bs91m1
2022-06-02 09:36:59 → 601112672704 → baocai217 → 需要 群、发，找  bs91m1
2022-06-02 09:38:33 → 919482799261 → haiqazwsx → 需要 软、件，找  bs91m1
2022-06-02 09:38:59 → 601112672704 → sunshineyyds → 想要（发 ）广告，找 bs91m1
2022-06-02 09:39:34 → 62895324567242 → bailaohui_cvv → 需要 软、件，找  bs91m1
2022-06-02 09:40:36 → 919482799261 → fbasfgsd → 专业（发 ）广告，联系我 bs91m1
2022-06-02 09:42:54 → 919482799261 → ZY866 → 准备（发 ）广告，找  bs91m1
2022-06-02 09:44:22 → 6285242442963 → juliang666 → 准备（发 ）广告，找  bs91m1
2022-06-02 09:44:39 → 62895324567242 → USDTm → 需要 软、件，找  bs91m1
2022-06-02 09:45:16 → 6282144789066 → usdtdfds → 需要 软、件，找  bs91m1
2022-06-02 09:47:59 → 6285242442963 → daishou15 → 要（发 ）广告，联系 bs91m1
2022-06-02 09:49:20 → 601112672704 → huione888 → 需要 群、发软、件，找  bs91m1
2022-06-02 09:49:56 → 8801743979741 → whatsappLQ → 来（发 ）广告，联系 bs91m1
2022-06-02 09:52:52 → 6285242442963 → xjltq → 准备（发 ）广告，找  bs91m1
2022-06-02 09:54:05 → 60178838240 → xjltq → 专业（发 ）广告，联系我 bs91m1
2022-06-02 09:54:58 → 6282144789066 → tongdao25 → 需要 软、件，找  bs91m1
2022-06-02 09:58:25 → 62895324567242 → USDTm → 需要 群、发软、件，找  bs91m1
2022-06-02 09:59:06 → 6282144789066 → bailaohui_cvv → 需要 软、件，找  bs91m1
2022-06-02 10:00:12 → 60142963511 → axujj → 想找人（ 发 ）广告，找   bs91m1
2022-06-02 10:02:47 → 6285242443022 → daifu76 → 需要 群、发，找  bs91m1
2022-06-02 10:03:55 → 8801743979741 → dx119118 → 需要 群、发软、件，找  bs91m1
2022-06-02 10:04:13 → 601112672704 → WKLhuaren → 要（发 ）广告，联系 bs91m1
2022-06-02 10:05:11 → 6285242443022 → chaxun2020 → 需要 软、件，找  bs91m1
2022-06-02 10:05:54 → 919482799261 → Dubaifangchan888 → 需要 群、发软、件，找  bs91m1
2022-06-02 10:06:26 → 6282144789066 → TG_King80 → 需要 软、件，找  bs91m1
2022-06-02 10:08:24 → 60142963511 → si1688 → 专业（发 ）广告，联系我 bs91m1
2022-06-02 10:12:07 → 62895324567242 → bailaohui_cvv → 来（发 ）广告，联系 bs91m1
2022-06-02 10:12:24 → 6285242443022 → smsjiema666 → 需要 群、发软、件，找  bs91m1
2022-06-02 10:12:43 → 60178838240 → xjltq → 需要 软、件，找  bs91m1
2022-06-02 10:16:09 → 6282144789066 → usdtdfds → 需要 群、发，找  bs91m1
2022-06-02 10:16:28 → 60142963511 → daishou15 → 准备（发 ）广告，找  bs91m1
2022-06-02 10:17:12 → 6285242442963 → xinbi_088 → 需要 软、件，找  bs91m1
2022-06-02 10:17:56 → 601112672704 → baocai217 → 需要 软、件，找  bs91m1
2022-06-02 10:18:14 → 60142963511 → TG0188 → 准备（发 ）广告，找  bs91m1
2022-06-02 10:18:42 → 919482799261 → wdhyh888888 → 需要 软、件，找  bs91m1
2022-06-02 10:23:02 → 601112672704 → huione888 → 想找人（ 发 ）广告，找   bs91m1
2022-06-02 10:23:20 → 6285242443022 → jfhfhdgd → 要（发 ）广告，联系 bs91m1
2022-06-02 10:24:30 → 6285242442963 → tianziusdt → 来（发 ）广告，联系 bs91m1
2022-06-02 10:24:49 → 60142963511 → dbjlq1 → 准备（发 ）广告，找  bs91m1
2022-06-02 10:26:20 → 8801743979741 → maomiyunkong01 → 想找人（ 发 ）广告，找   bs91m1
2022-06-02 10:26:37 → 601112672704 → WKLhuaren → 准备（发 ）广告，找  bs91m1
2022-06-02 10:27:42 → 6285242443022 → yugzf → 想找人（ 发 ）广告，找   bs91m1
2022-06-02 10:28:30 → 919482799261 → xiaoguzhuanyedajian3 → 准备（发 ）广告，找  bs91m1
2022-06-02 10:28:49 → 60142963511 → jiu_777 → 要（发 ）广告，联系 bs91m1
2022-06-02 10:31:00 → 62895324567242 → Usdtbmw → 专业（发 ）广告，联系我 bs91m1
2022-06-02 10:31:58 → 919482799261 → aliqudao → 想要（发 ）广告，找 bs91m1
2022-06-02 10:32:28 → 6282144789066 → tongdao25 → 需要 软、件，找  bs91m1
2022-06-02 10:32:58 → 6285242443022 → WKLhuaren → 想要（发 ）广告，找 bs91m1
2022-06-02 10:34:26 → 6285242442963 → daishou15 → 来（发 ）广告，联系 bs91m1