
2022-05-11 02:13:28 → 79916318026 → goutui1113 → 专业代🔥发广🔥告✈️ bs91m1
2022-05-11 02:13:39 → 79917730705 → DiP887 → 群🔥发软🔥件代🔥发🔥广告 ✈️ bs91m1
2022-05-11 02:13:52 → 79773856754 → dibaihuanhuizongqun → 群🔥发软🔥件代🔥发🔥广告 ✈️ bs91m1
2022-05-11 03:57:55 → 79917730705 → yinhangkausdt → 【91M Boss】传媒 代🔥发广🔥告✈️ bs91m1
2022-05-11 03:58:13 → 79916318026 → dibaiddd77 → 【91M Boss】传媒 代🔥发广🔥告✈️ bs91m1
2022-05-11 03:58:23 → 79773856754 → wangzhuanusdt → 群🔥发软🔥件代🔥发🔥广告 ✈️ bs91m1
2022-05-11 03:58:59 → 79916318026 → ewttsfdgcjtwt → 【91M Boss】传媒 代🔥发广🔥告✈️ bs91m1
2022-05-11 03:59:08 → 79917731981 → ETHminerT → 【91M Boss】传媒 代🔥发广🔥告✈️ bs91m1
2022-05-11 03:59:18 → 79045541142 → BTCusdtNFT → 专业代🔥发广🔥告✈️ bs91m1
2022-05-11 03:59:37 → 79773856754 → TG910 → 群🔥发软🔥件代🔥发🔥广告 ✈️ bs91m1
2022-05-11 03:59:53 → 79916318026 → jiu_777 → 专业代🔥发广🔥告✈️ bs91m1
2022-05-11 04:01:05 → 79917731981 → qiugouubi → 【91M Boss】传媒 代🔥发广🔥告✈️ bs91m1
2022-05-11 04:01:21 → 79773856754 → boniu365com → 群🔥发软🔥件代🔥发🔥广告 ✈️ bs91m1
2022-05-11 04:01:30 → 79917730705 → DXB68 → 【91M Boss】传媒 代🔥发广🔥告✈️ bs91m1
2022-05-11 04:01:52 → 79917731981 → cyj00 → 【91M Boss】传媒 代🔥发广🔥告✈️ bs91m1
2022-05-11 04:02:57 → 79917730705 → Fkzy_Group → 专业代🔥发广🔥告✈️ bs91m1
2022-05-11 04:03:08 → 79045541142 → Shore999888 → 群🔥发软🔥件代🔥发🔥广告 ✈️ bs91m1
2022-05-11 04:03:26 → 79773856754 → PHMAKA107 → 专业代🔥发广🔥告✈️ bs91m1
2022-05-11 04:03:38 → 79916318026 → TGhuaren1 → 群🔥发软🔥件代🔥发🔥广告 ✈️ bs91m1
2022-05-11 04:04:07 → 79916318026 → TG166 → 【91M Boss】传媒 代🔥发广🔥告✈️ bs91m1
2022-05-11 04:04:28 → 79045541142 → dubaipigpig → 专业代🔥发广🔥告✈️ bs91m1
2022-05-11 04:04:48 → 79045541142 → botong002 → 群🔥发软🔥件代🔥发🔥广告 ✈️ bs91m1
2022-05-11 04:04:56 → 79917730705 → CaloriesA → 【91M Boss】传媒 代🔥发广🔥告✈️ bs91m1
2022-05-11 04:05:12 → 79773856754 → GANKPADCN → 专业代🔥发广🔥告✈️ bs91m1
2022-05-11 04:05:39 → 79917731981 → xysbbs6 → 群🔥发软🔥件代🔥发🔥广告 ✈️ bs91m1
2022-05-11 04:05:54 → 79916318026 → ccig91 → 群🔥发软🔥件代🔥发🔥广告 ✈️ bs91m1
2022-05-11 04:06:03 → 79773856754 → lovehash29C → 专业代🔥发广🔥告✈️ bs91m1
2022-05-11 04:06:23 → 79917731981 → tgzhcn → 专业代🔥发广🔥告✈️ bs91m1
2022-05-11 04:07:15 → 79917731981 → BtokCN_0016 → 群🔥发软🔥件代🔥发🔥广告 ✈️ bs91m1
2022-05-11 04:07:56 → 79917730705 → bghaxi003 → 群🔥发软🔥件代🔥发🔥广告 ✈️ bs91m1
2022-05-11 04:08:39 → 79916318026 → huzituandui → 【91M Boss】传媒 代🔥发广🔥告✈️ bs91m1
2022-05-11 04:08:50 → 79773856754 → ewterygsdgdggr → 群🔥发软🔥件代🔥发🔥广告 ✈️ bs91m1
2022-05-11 04:09:30 → 79045541142 → DUBAI666 → 专业代🔥发广🔥告✈️ bs91m1
2022-05-11 04:09:41 → 79916318026 → TG5171 → 专业代🔥发广🔥告✈️ bs91m1
2022-05-11 04:09:52 → 79773856754 → felvbin3 → 【91M Boss】传媒 代🔥发广🔥告✈️ bs91m1
2022-05-11 04:10:01 → 79917730705 → AsunaHentai → 【91M Boss】传媒 代🔥发广🔥告✈️ bs91m1
2022-05-11 04:10:18 → 79045541142 → TG88999 → 群🔥发软🔥件代🔥发🔥广告 ✈️ bs91m1
2022-05-11 04:13:45 → 79917730705 → TGHC1 → 群🔥发软🔥件代🔥发🔥广告 ✈️ bs91m1
2022-05-11 04:13:55 → 79917731981 → QYCY1 → 专业代🔥发广🔥告✈️ bs91m1
2022-05-11 04:14:12 → 79916318026 → Flea66 → 【91M Boss】传媒 代🔥发广🔥告✈️ bs91m1
2022-05-11 04:14:28 → 79917731981 → BNBMastersd → 专业代🔥发广🔥告✈️ bs91m1
2022-05-11 04:14:44 → 79917730705 → TGVIP9 → 专业代🔥发广🔥告✈️ bs91m1
2022-05-11 04:14:55 → 79773856754 → TRJ91 → 群🔥发软🔥件代🔥发🔥广告 ✈️ bs91m1
2022-05-11 04:15:23 → 79916318026 → weikang2020 → 【91M Boss】传媒 代🔥发广🔥告✈️ bs91m1
2022-05-11 04:15:34 → 79045541142 → wangzhuan75 → 专业代🔥发广🔥告✈️ bs91m1
2022-05-11 04:15:51 → 79773856754 → ytc66 → 群🔥发软🔥件代🔥发🔥广告 ✈️ bs91m1
2022-05-11 04:16:18 → 79917731981 → USDT43 → 【91M Boss】传媒 代🔥发广🔥告✈️ bs91m1
2022-05-11 04:16:53 → 79045541142 → RocketGlobalc → 群🔥发软🔥件代🔥发🔥广告 ✈️ bs91m1
2022-05-11 04:17:25 → 79045541142 → fuli6889 → 专业代🔥发广🔥告✈️ bs91m1
2022-05-11 04:18:56 → 79917731981 → qgky8888 → 【91M Boss】传媒 代🔥发广🔥告✈️ bs91m1