
2022-06-15 18:25:03 → 62895324567778 → Hpy111 → 来（发 ）广告，联系 bs91m1
2022-06-15 18:27:02 → 60142963511 → shujyinl → 专业（发 ）广告，联系我 bs91m1
2022-06-15 18:28:03 → 62895324567778 → joinBCPH → 准备（发 ）广告，找 bs91m1
2022-06-15 18:29:09 → 60142963511 → seguiren → 想找人（ 发 ）广告，找 bs91m1
2022-06-15 18:33:05 → 62895324567778 → yinlianguoji → 需要 群、发，找 bs91m1
2022-06-15 18:35:03 → 60142963511 → yunqian68 → 需要 群、发软、件，找 bs91m1
2022-06-15 18:36:55 → 62895324567778 → amjwg → 来（发 ）广告，联系 bs91m1
2022-06-15 18:38:53 → 60142963511 → dsfdshhs → 想找人（ 发 ）广告，找 bs91m1
2022-06-15 18:39:52 → 62895324567778 → dream888 → 需要 群、发，找 bs91m1
2022-06-15 18:41:50 → 62895324567778 → G88888880 → 要（发 ）广告，联系 bs91m1
2022-06-15 18:42:48 → 60142963511 → phpzufang → 想要（发 ）广告，找 bs91m1
2022-06-15 18:43:53 → 60142963511 → cvv666money → 准备（发 ）广告，找 bs91m1
2022-06-15 18:44:52 → 62895324567778 → dubai13148888 → 需要 群、发软、件，找 bs91m1
2022-06-15 18:46:50 → 60142963511 → sirenweixin3 → 来（发 ）广告，联系 bs91m1
2022-06-15 18:48:43 → 62895324567778 → miaomiao12356 → 专业（发 ）广告，联系我 bs91m1
2022-06-15 18:50:41 → 60142963511 → jiaoyouqun123 → 想找人（ 发 ）广告，找 bs91m1
2022-06-15 18:51:42 → 62895324567778 → Hpy888 → 想找人（ 发 ）广告，找 bs91m1
2022-06-15 18:52:48 → 60142963511 → yhksijiantao11 → 要（发 ）广告，联系 bs91m1
2022-06-15 18:55:40 → 60142963511 → lbbet → 需要 软、件，找 bs91m1
2022-06-15 19:11:40 → 60142963511 → shujyinl → 要（发 ）广告，联系 bs91m1
2022-06-15 19:13:45 → 60142963511 → seguiren → 需要 群、发，找 bs91m1
2022-06-15 19:15:43 → 60142963511 → phpzufang → 想要（发 ）广告，找 bs91m1
2022-06-15 19:20:20 → 60142963511 → lbbet → 专业（发 ）广告，联系我 bs91m1
2022-06-15 19:23:12 → 60142963511 → yhksijiantao11 → 要（发 ）广告，联系 bs91m1
2022-06-15 19:25:09 → 60142963511 → sirenweixin3 → 来（发 ）广告，联系 bs91m1
2022-06-15 19:34:32 → 62895324567778 → miaomiao12356 → 需要 群、发，找 bs91m1
2022-06-15 19:42:11 → 60142963511 → xianliaoq → 想找人（ 发 ）广告，找 bs91m1
2022-06-15 19:43:06 → 62895324567778 → dubai13148888 → 想找人（ 发 ）广告，找 bs91m1
2022-06-15 19:47:28 → 60142963511 → dsfdshhs → 来（发 ）广告，联系 bs91m1
2022-06-15 19:50:11 → 62895324567778 → guojitongdaoduanxin → 来（发 ）广告，联系 bs91m1
2022-06-15 19:52:18 → 60142963511 → yunqian68 → 要（发 ）广告，联系 bs91m1
2022-06-15 19:59:03 → 62895324567778 → phniuniu → (session) 协议号，零售、批发 找，bs91m1
2022-06-15 20:02:12 → 62895324567778 → fgdfdfherh → 需要 软、件，找 bs91m1
2022-06-15 20:05:23 → 62895324567778 → Hpy111 → 来（发 ）广告，联系 bs91m1
2022-06-15 20:08:13 → 60142963511 → jiaoyouqun123 → (session) 协议号，零售、批发 找，bs91m1
2022-06-15 20:22:06 → 60142963511 → cvv666money → 需要 软、件，找 bs91m1
2022-06-15 20:35:13 → 62895324567778 → xd836809 → 准备（发 ）广告，找 bs91m1
2022-06-15 20:38:19 → 62895324567778 → zgfCYJT → 专业（发 ）广告，联系我 bs91m1
2022-06-15 20:48:28 → 60142963511 → phpzufang → 准备（发 ）广告，找 bs91m1
2022-06-15 20:53:55 → 62895324567778 → yinlianguoji → 来（发 ）广告，联系 bs91m1
2022-06-15 20:54:46 → 60142963511 → cvv666money → 准备（发 ）广告，找 bs91m1
2022-06-15 21:04:57 → 60142963511 → sirenweixin3 → 需要 群、发，找 bs91m1
2022-06-15 21:05:50 → 62895324567778 → dream888 → (session) 协议号，零售、批发 找，bs91m1
2022-06-15 21:26:09 → 60142963511 → xianliaoq → 来（发 ）广告，联系 bs91m1
2022-06-15 21:27:15 → 60142963511 → jiaoyouqun123 → 来（发 ）广告，联系 bs91m1
2022-06-15 21:32:06 → 62895324567778 → miaomiao12356 → 专业（发 ）广告，联系我 bs91m1
2022-06-15 21:34:05 → 62895324567778 → amjwg → 来（发 ）广告，联系 bs91m1
2022-06-15 21:35:04 → 60142963511 → seguiren → 准备（发 ）广告，找 bs91m1
2022-06-15 21:36:11 → 62895324567778 → dream888 → 想找人（ 发 ）广告，找 bs91m1
2022-06-15 21:37:10 → 60142963511 → yhksijiantao11 → 来（发 ）广告，联系 bs91m1
2022-06-15 21:39:08 → 60142963511 → shujyinl → 准备（发 ）广告，找 bs91m1
2022-06-15 21:41:03 → 62895324567778 → fgdfdfherh → 想要（发 ）广告，找 bs91m1
2022-06-15 21:42:08 → 60142963511 → yunqian68 → 要（发 ）广告，联系 bs91m1
2022-06-15 21:45:06 → 62895324567778 → joinBCPH → 要（发 ）广告，联系 bs91m1
2022-06-15 21:46:06 → 60142963511 → dsfdshhs → 需要 软、件，找 bs91m1
2022-06-15 21:48:04 → 62895324567778 → dubai13148888 → 需要 群、发，找 bs91m1
2022-06-15 21:49:53 → 60142963511 → lbbet → 想找人（ 发 ）广告，找 bs91m1
2022-06-15 21:51:53 → 62895324567778 → xd836809 → 准备（发 ）广告，找 bs91m1
2022-06-15 21:53:53 → 60142963511 → seguiren → (session) 协议号，零售、批发 找，bs91m1
2022-06-15 21:55:46 → 62895324567778 → phniuniu → 想找人（ 发 ）广告，找 bs91m1
2022-06-15 21:56:52 → 60142963511 → lbbet → 要（发 ）广告，联系 bs91m1
2022-06-15 21:57:53 → 62895324567778 → yinlianguoji → (session) 协议号，零售、批发 找，bs91m1
2022-06-15 22:00:46 → 62895324567778 → guojitongdaoduanxin → 来（发 ）广告，联系 bs91m1
2022-06-15 22:02:45 → 62895324567778 → Hpy888 → 准备（发 ）广告，找 bs91m1
2022-06-15 22:03:43 → 60142963511 → sirenweixin3 → 来（发 ）广告，联系 bs91m1
2022-06-15 22:06:39 → 60142963511 → shujyinl → 想找人（ 发 ）广告，找 bs91m1
2022-06-15 22:08:37 → 60142963511 → cvv666money → 要（发 ）广告，联系 bs91m1
2022-06-15 22:16:07 → 60142963511 → phpzufang → 想要（发 ）广告，找 bs91m1
2022-06-15 22:18:57 → 60142963511 → xianliaoq → 来（发 ）广告，联系 bs91m1
2022-06-15 22:21:51 → 60142963511 → jiaoyouqun123 → 想找人（ 发 ）广告，找 bs91m1
2022-06-15 22:22:57 → 60142963511 → yunqian68 → 想要（发 ）广告，找 bs91m1
2022-06-15 22:27:42 → 60142963511 → yhksijiantao11 → 专业（发 ）广告，联系我 bs91m1
2022-06-15 22:36:13 → 62895324567778 → dream888 → 想找人（ 发 ）广告，找 bs91m1
2022-06-15 22:37:20 → 62895324567778 → fgdfdfherh → 来（发 ）广告，联系 bs91m1
2022-06-15 22:38:20 → 60142963511 → phpzufang → 专业（发 ）广告，联系我 bs91m1
2022-06-15 22:43:14 → 60142963511 → YHK_security → 专业（发 ）广告，联系我 bs91m1
2022-06-15 22:44:15 → 62895324567778 → dubai13148888 → 要（发 ）广告，联系 bs91m1
2022-06-15 22:46:14 → 62895324567778 → miaomiao12356 → 需要 群、发软、件，找 bs91m1
2022-06-15 22:47:13 → 60142963511 → jiaoyouqun123 → 需要 群、发，找 bs91m1
2022-06-15 22:50:03 → 60142963511 → seguiren → 需要 群、发软、件，找 bs91m1
2022-06-15 22:51:03 → 62895324567778 → joinBCPH → 准备（发 ）广告，找 bs91m1
2022-06-15 22:54:00 → 62895324567778 → zgfCYJT → 要（发 ）广告，联系 bs91m1
2022-06-15 22:56:01 → 60142963511 → yhksijiantao11 → 需要 群、发软、件，找 bs91m1
2022-06-15 22:58:00 → 60142963511 → dsfdshhs → 需要 群、发软、件，找 bs91m1
2022-06-15 22:59:00 → 62895324567778 → guojitongdaoduanxin → 准备（发 ）广告，找 bs91m1
2022-06-15 23:00:58 → 60142963511 → lbbet → 准备（发 ）广告，找 bs91m1
2022-06-15 23:03:57 → 62895324567778 → amjwg → 想要（发 ）广告，找 bs91m1
2022-06-15 23:05:52 → 60142963511 → yunqian68 → 专业（发 ）广告，联系我 bs91m1
2022-06-15 23:07:00 → 60142963511 → cvv666money → 想要（发 ）广告，找 bs91m1
2022-06-15 23:09:52 → 60142963511 → xianliaoq → 想找人（ 发 ）广告，找 bs91m1
2022-06-15 23:13:36 → 60142963511 → shujyinl → 需要 软、件，找 bs91m1
2022-06-15 23:20:07 → 60142963511 → cvv666money → 要（发 ）广告，联系 bs91m1
2022-06-15 23:22:06 → 60142963511 → seguiren → 来（发 ）广告，联系 bs91m1
2022-06-15 23:25:54 → 60142963511 → yunqian68 → (session) 协议号，零售、批发 找，bs91m1
2022-06-15 23:32:43 → 60142963511 → YHK_security → (session) 协议号，零售、批发 找，bs91m1
2022-06-15 23:36:18 → 62895324567778 → phniuniu → 准备（发 ）广告，找 bs91m1
2022-06-15 23:37:16 → 60142963511 → shujyinl → 准备（发 ）广告，找 bs91m1
2022-06-15 23:39:16 → 62895324567778 → dream888 → 专业（发 ）广告，联系我 bs91m1
2022-06-15 23:41:08 → 60142963511 → lbbet → 需要 群、发软、件，找 bs91m1
2022-06-15 23:43:09 → 62895324567778 → yinlianguoji → 需要 群、发软、件，找 bs91m1
2022-06-15 23:44:09 → 60142963511 → sirenweixin3 → 要（发 ）广告，联系 bs91m1
2022-06-15 23:45:17 → 62895324567778 → fgdfdfherh → 准备（发 ）广告，找 bs91m1
2022-06-15 23:47:09 → 60142963511 → yhksijiantao11 → (session) 协议号，零售、批发 找，bs91m1
2022-06-15 23:48:18 → 62895324567778 → dubai13148888 → 要（发 ）广告，联系 bs91m1
2022-06-15 23:50:11 → 60142963511 → dsfdshhs → 专业（发 ）广告，联系我 bs91m1
2022-06-15 23:51:17 → 60142963511 → xianliaoq → 准备（发 ）广告，找 bs91m1
2022-06-15 23:56:08 → 60142963511 → phpzufang → 专业（发 ）广告，联系我 bs91m1