

=====================================================

2022-06-02
咨询客户ID：5390524445 → None
咨询消息：春风十里不如您 

哈希奖金等着您

http://153312.com

妹妹等着您   @qiuqiu168555
回复消息：请联系主号：https://t.me/bs91m1
【91M Boss】官方交流群：https://t.me/bs91m990

=====================================================

2022-06-02
咨询客户ID：2044699258 → xuzeng
咨询消息：海灵邀请制已上线！！！
海灵代币DUW 合约地址
0x70DDEf2114b6369656E5B52456bEa372901c23B1
请卸载旧版本，下载新版本地址：https://duw.live/list.html

登陆后点击左上角，个人信息，点击copy即可复制自己的邀请链接

邀请人可获得一代被邀请人闯关消耗的15%，二代的5%

在右下角点击邮件即可领取推荐收益

被邀请人则可以获得随机钻石礼包[礼物][礼物][礼物]

http://137.175.19.217:8009/chain/recommed.php?from=0xD45Df767FAC7e243156e49d4710FFe15fC195860

BSC 币安链最火链游海灵即将起飞，点最下面链接领取钻石，点上面链接下载app玩游戏，没有门槛，没有烧伤，10油就能起玩，2022第一神盘链油来了[色][色]

兄弟们，cx海灵，10油起玩，推到大户可能一天几百油
回复消息：请联系主号：https://t.me/bs91m1
【91M Boss】官方交流群：https://t.me/bs91m990

=====================================================

2022-06-02
咨询客户ID：5362794343 → nancy_nmqre5
咨询消息：飞机专业引流全功能软件  做最专业的飞机业务 更有大量飞机协议号、直登号出售 需要了解的兄弟可以关注一下我的频道 @ybgzsfc 需要时联系我
回复消息：请联系主号：https://t.me/bs91m1
【91M Boss】官方交流群：https://t.me/bs91m990

=====================================================

2022-06-02
咨询客户ID：2008953606 → zkzk9
咨询消息：此号是广告号不回复 请联系   @mc8988
回复消息：请联系主号：https://t.me/bs91m1
【91M Boss】官方交流群：https://t.me/bs91m990

=====================================================

2022-06-02
咨询客户ID：2008953606 → zkzk9
咨询消息：此号是广告号不回复 请联系   @mc8988
回复消息：请联系主号：https://t.me/bs91m1
【91M Boss】官方交流群：https://t.me/bs91m990

=====================================================

2022-06-02
咨询客户ID：2008953606 → zkzk9
咨询消息：此号是广告号不回复 请联系   @mc8988
回复消息：请联系主号：https://t.me/bs91m1
【91M Boss】官方交流群：https://t.me/bs91m990

=====================================================

2022-06-02
咨询客户ID：2008953606 → zkzk9
咨询消息：此号是广告号不回复 请联系   @mc8988
回复消息：请联系主号：https://t.me/bs91m1
【91M Boss】官方交流群：https://t.me/bs91m990

=====================================================

2022-06-02
咨询客户ID：2008953606 → zkzk9
咨询消息：此号是广告号不回复 请联系   @mc8988
回复消息：请联系主号：https://t.me/bs91m1
【91M Boss】官方交流群：https://t.me/bs91m990

=====================================================

2022-06-02
咨询客户ID：2008953606 → zkzk9
咨询消息：此号是广告号不回复 请联系   @mc8988
回复消息：请联系主号：https://t.me/bs91m1
【91M Boss】官方交流群：https://t.me/bs91m990

=====================================================

2022-06-02
咨询客户ID：2008953606 → zkzk9
咨询消息：此号是广告号不回复 请联系   @mc8988
回复消息：请联系主号：https://t.me/bs91m1
【91M Boss】官方交流群：https://t.me/bs91m990

=====================================================

2022-06-02
咨询客户ID：2008953606 → zkzk9
咨询消息：此号是广告号不回复 请联系   @mc8988
回复消息：请联系主号：https://t.me/bs91m1
【91M Boss】官方交流群：https://t.me/bs91m990

=====================================================

2022-06-02
咨询客户ID：2008953606 → zkzk9
咨询消息：此号是广告号不回复 请联系   @mc8988
回复消息：请联系主号：https://t.me/bs91m1
【91M Boss】官方交流群：https://t.me/bs91m990

=====================================================

2022-06-02
咨询客户ID：2008953606 → zkzk9
咨询消息：此号是广告号不回复 请联系   @mc8988
回复消息：请联系主号：https://t.me/bs91m1
【91M Boss】官方交流群：https://t.me/bs91m990

=====================================================

2022-06-02
咨询客户ID：2008953606 → zkzk9
咨询消息：此号是广告号不回复 请联系   @mc8988
回复消息：请联系主号：https://t.me/bs91m1
【91M Boss】官方交流群：https://t.me/bs91m990

=====================================================

2022-06-02
咨询客户ID：2008953606 → zkzk9
咨询消息：此号是广告号不回复 请联系   @mc8988
回复消息：请联系主号：https://t.me/bs91m1
【91M Boss】官方交流群：https://t.me/bs91m990

=====================================================

2022-06-02
咨询客户ID：2008953606 → zkzk9
咨询消息：此号是广告号不回复 请联系   @mc8988
回复消息：请联系主号：https://t.me/bs91m1
【91M Boss】官方交流群：https://t.me/bs91m990

=====================================================

2022-06-02
咨询客户ID：2008953606 → zkzk9
咨询消息：此号是广告号不回复 请联系   @mc8988
回复消息：请联系主号：https://t.me/bs91m1
【91M Boss】官方交流群：https://t.me/bs91m990

=====================================================

2022-06-02
咨询客户ID：2008953606 → zkzk9
咨询消息：此号是广告号不回复 请联系   @mc8988
回复消息：请联系主号：https://t.me/bs91m1
【91M Boss】官方交流群：https://t.me/bs91m990

=====================================================

2022-06-02
咨询客户ID：2008953606 → zkzk9
咨询消息：此号是广告号不回复 请联系   @mc8988
回复消息：请联系主号：https://t.me/bs91m1
【91M Boss】官方交流群：https://t.me/bs91m990

=====================================================

2022-06-02
咨询客户ID：2008953606 → zkzk9
咨询消息：此号是广告号不回复 请联系   @mc8988
回复消息：请联系主号：https://t.me/bs91m1
【91M Boss】官方交流群：https://t.me/bs91m990

=====================================================

2022-06-02
咨询客户ID：2008953606 → zkzk9
咨询消息：此号是广告号不回复 请联系   @mc8988
回复消息：请联系主号：https://t.me/bs91m1
【91M Boss】官方交流群：https://t.me/bs91m990

=====================================================

2022-06-02
咨询客户ID：2008953606 → zkzk9
咨询消息：此号是广告号不回复 请联系   @mc8988
回复消息：请联系主号：https://t.me/bs91m1
【91M Boss】官方交流群：https://t.me/bs91m990

=====================================================

2022-06-02
咨询客户ID：2008953606 → zkzk9
咨询消息：此号是广告号不回复 请联系   @mc8988
回复消息：请联系主号：https://t.me/bs91m1
【91M Boss】官方交流群：https://t.me/bs91m990

=====================================================

2022-06-02
咨询客户ID：2008953606 → zkzk9
咨询消息：此号是广告号不回复 请联系   @mc8988
回复消息：请联系主号：https://t.me/bs91m1
【91M Boss】官方交流群：https://t.me/bs91m990

=====================================================

2022-06-02
咨询客户ID：2008953606 → zkzk9
咨询消息：此号是广告号不回复 请联系   @mc8988
回复消息：请联系主号：https://t.me/bs91m1
【91M Boss】官方交流群：https://t.me/bs91m990

=====================================================

2022-06-02
咨询客户ID：2008953606 → zkzk9
咨询消息：此号是广告号不回复 请联系   @mc8988
回复消息：请联系主号：https://t.me/bs91m1
【91M Boss】官方交流群：https://t.me/bs91m990

=====================================================

2022-06-02
咨询客户ID：2008953606 → zkzk9
咨询消息：此号是广告号不回复 请联系   @mc8988
回复消息：请联系主号：https://t.me/bs91m1
【91M Boss】官方交流群：https://t.me/bs91m990

=====================================================

2022-06-02
咨询客户ID：2008953606 → zkzk9
咨询消息：此号是广告号不回复 请联系   @mc8988
回复消息：请联系主号：https://t.me/bs91m1
【91M Boss】官方交流群：https://t.me/bs91m990

=====================================================

2022-06-02
咨询客户ID：2008953606 → zkzk9
咨询消息：此号是广告号不回复 请联系   @mc8988
回复消息：请联系主号：https://t.me/bs91m1
【91M Boss】官方交流群：https://t.me/bs91m990

=====================================================

2022-06-02
咨询客户ID：5161551070 → None
咨询消息：😘☘️🌴端午来临，海外项目盘总和技术大牛火速进出海大佬圈😊💜🌵！
非盘总大牛莫进，邀请只限今日免费开放😃☘️😙😺！
👉https://t.me/+RItcfZ8bXmo1NGM1   🌴
回复消息：请联系主号：https://t.me/bs91m1
【91M Boss】官方交流群：https://t.me/bs91m990

=====================================================

2022-06-02
咨询客户ID：5163484333 → marcosssPH
咨询消息：WCR用心各类1手账号批发，低价优质认准用心,1手货源，几乎各类账号软件都有售卖，绝不2次出售，可长期使用，低价优质认准用心https://www.yiduxian.xyz
回复消息：请联系主号：https://t.me/bs91m1
【91M Boss】官方交流群：https://t.me/bs91m990

=====================================================

2022-06-02
咨询客户ID：5524956132 → None
咨询消息：欧宝娱乐    五月代理活动
🅰️🅰️：负盈利55%

人头费300/个+体育电竞流水2%+其他场馆0.2%

【代理转介绍】佣金返利拿一年：
活动介绍：代理推荐代理，成功推荐新代理最高享受被推荐代理开线一年佣金提成，推荐越多，提成比例越高。最高8%！！

诚招SEO团队,代收代付团队👈
🌐欧宝官方永久域名： www.oubao50.com
——————————————————
开代理咨询招商专员：  @OBzs77
回复消息：请联系主号：https://t.me/bs91m1
【91M Boss】官方交流群：https://t.me/bs91m990

=====================================================

2022-06-02
咨询客户ID：5200224720 → None
咨询消息：None
回复消息：请联系主号：https://t.me/bs91m1
【91M Boss】官方交流群：https://t.me/bs91m990

=====================================================

2022-06-02
咨询客户ID：2093911285 → dean036732383453
咨询消息：🦌全网最靠谱哈💸希，东方💸会🦌 
🎄注册就送一百TRX🎄 
💰接受任何金额💶对赌，奖池可查，10秒立返💰 
💶💶信誉盘，投注用户已达6723人，所有福利奖项均兑现💶💶 
https://t.me/+o6BCbUIgEcdmYTJl
回复消息：请联系主号：https://t.me/bs91m1
【91M Boss】官方交流群：https://t.me/bs91m990

=====================================================

2022-06-02
咨询客户ID：5594092453 → DumbsLarruped
咨询消息：https://t.me/hghypd/83
回复消息：请联系主号：https://t.me/bs91m1
【91M Boss】官方交流群：https://t.me/bs91m990

=====================================================

2022-06-02
咨询客户ID：5591875923 → None
咨询消息：None
回复消息：请联系主号：https://t.me/bs91m1
【91M Boss】官方交流群：https://t.me/bs91m990

=====================================================

2022-06-02
咨询客户ID：5318146291 → None
咨询消息：小白可做的线上兼职，工资现结。时薪320$以上，想了解吗 ？
回复消息：请联系主号：https://t.me/bs91m1
【91M Boss】官方交流群：https://t.me/bs91m990

=====================================================

2022-06-02
咨询客户ID：5576367273 → None
咨询消息：None
回复消息：请联系主号：https://t.me/bs91m1
【91M Boss】官方交流群：https://t.me/bs91m990

=====================================================

2022-06-02
咨询客户ID：5089277595 → Arashsx2
咨询消息：💗来来来💝🌾😎，是盘总和技术大佬的 😗🌼😀🙌🏻，今日可以加入这个出海大佬圈子了👏🏻，邀请链接12小时后失效
👉https://t.me/+8foTo6hYgLI5YTg1 🙌🏻😃🥳❣️😗
回复消息：请联系主号：https://t.me/bs91m1
【91M Boss】官方交流群：https://t.me/bs91m990

=====================================================

2022-06-02
咨询客户ID：5441253135 → jrJNtMatveilebedevt
咨询消息：QWC用心各类1手账号批发，低价优质认准用心,1手货源，几乎各类账号软件都有售卖，绝不2次出售，可长期使用，低价优质认准用心https://www.yiduxian.xyz
回复消息：请联系主号：https://t.me/bs91m1
【91M Boss】官方交流群：https://t.me/bs91m990

=====================================================

2022-06-02
咨询客户ID：5549590797 → None
咨询消息：None
回复消息：请联系主号：https://t.me/bs91m1
【91M Boss】官方交流群：https://t.me/bs91m990

=====================================================

2022-06-02
咨询客户ID：1360121714 → Samchavan1090
咨询消息：来来来，出海盘总大咖今日可进海外技术大佬高端圈子合作了😘❤️，
3小时后邀请链接自动失效！
👉https://t.me/+doAsanOg285mY2I1 😚🤩👏🏻✨
回复消息：请联系主号：https://t.me/bs91m1
【91M Boss】官方交流群：https://t.me/bs91m990

=====================================================

2022-06-02
咨询客户ID：5314138733 → None
咨询消息：
回复消息：请联系主号：https://t.me/bs91m1
【91M Boss】官方交流群：https://t.me/bs91m990

=====================================================

2022-06-02
咨询客户ID：5388083536 → None
咨询消息：上.门现*金收U  线上线下收U  骗子嘴炮勿扰！本号为广告号不回复！请加：、/   qing698
回复消息：请联系主号：https://t.me/bs91m1
【91M Boss】官方交流群：https://t.me/bs91m990

=====================================================

2022-06-02
咨询客户ID：1591100713 → None
咨询消息：None
回复消息：请联系主号：https://t.me/bs91m1
【91M Boss】官方交流群：https://t.me/bs91m990

=====================================================

2022-06-02
咨询客户ID：1563630942 → None
咨询消息：None
回复消息：请联系主号：https://t.me/bs91m1
【91M Boss】官方交流群：https://t.me/bs91m990

=====================================================

2022-06-02
咨询客户ID：1498613108 → None
咨询消息：None
回复消息：请联系主号：https://t.me/bs91m1
【91M Boss】官方交流群：https://t.me/bs91m990

=====================================================

2022-06-02
咨询客户ID：1494603368 → None
咨询消息：None
回复消息：请联系主号：https://t.me/bs91m1
【91M Boss】官方交流群：https://t.me/bs91m990

=====================================================

2022-06-02
咨询客户ID：1417764222 → Nelson1113
咨询消息：None
回复消息：请联系主号：https://t.me/bs91m1
【91M Boss】官方交流群：https://t.me/bs91m990

=====================================================

2022-06-02
咨询客户ID：1381815683 → None
咨询消息：None
回复消息：请联系主号：https://t.me/bs91m1
【91M Boss】官方交流群：https://t.me/bs91m990

=====================================================

2022-06-02
咨询客户ID：1305707373 → None
咨询消息：None
回复消息：请联系主号：https://t.me/bs91m1
【91M Boss】官方交流群：https://t.me/bs91m990

=====================================================

2022-06-02
咨询客户ID：1423101254 → None
咨询消息：None
回复消息：请联系主号：https://t.me/bs91m1
【91M Boss】官方交流群：https://t.me/bs91m990

=====================================================

2022-06-02
咨询客户ID：1430157654 → None
咨询消息：None
回复消息：请联系主号：https://t.me/bs91m1
【91M Boss】官方交流群：https://t.me/bs91m990

=====================================================

2022-06-02
咨询客户ID：1480768827 → None
咨询消息：None
回复消息：请联系主号：https://t.me/bs91m1
【91M Boss】官方交流群：https://t.me/bs91m990

=====================================================

2022-06-02
咨询客户ID：1344415118 → None
咨询消息：None
回复消息：请联系主号：https://t.me/bs91m1
【91M Boss】官方交流群：https://t.me/bs91m990

=====================================================

2022-06-02
咨询客户ID：1337403191 → None
咨询消息：None
回复消息：请联系主号：https://t.me/bs91m1
【91M Boss】官方交流群：https://t.me/bs91m990

=====================================================

2022-06-02
咨询客户ID：1276761257 → None
咨询消息：None
回复消息：请联系主号：https://t.me/bs91m1
【91M Boss】官方交流群：https://t.me/bs91m990

=====================================================

2022-06-02
咨询客户ID：1224381775 → None
咨询消息：None
回复消息：请联系主号：https://t.me/bs91m1
【91M Boss】官方交流群：https://t.me/bs91m990

=====================================================

2022-06-02
咨询客户ID：913737363 → None
咨询消息：None
回复消息：请联系主号：https://t.me/bs91m1
【91M Boss】官方交流群：https://t.me/bs91m990

=====================================================

2022-06-02
咨询客户ID：1254123369 → None
咨询消息：None
回复消息：请联系主号：https://t.me/bs91m1
【91M Boss】官方交流群：https://t.me/bs91m990

=====================================================

2022-06-02
咨询客户ID：1266419130 → None
咨询消息：None
回复消息：请联系主号：https://t.me/bs91m1
【91M Boss】官方交流群：https://t.me/bs91m990

=====================================================

2022-06-02
咨询客户ID：1281666688 → None
咨询消息：None
回复消息：请联系主号：https://t.me/bs91m1
【91M Boss】官方交流群：https://t.me/bs91m990

=====================================================

2022-06-02
咨询客户ID：5316045743 → None
咨询消息：A8哈希
不用注册 不用上分
trx或usdt 转账投注
A8奖池地址
 TC9fu6VkM3qK6jq5LdnFfvkZVhhHbN8888
1.98单双地址 
 TLUd7D2QseBVdAjkSpMqU6nip4ESig6666       
10倍牛牛地址
 TNsasM3ngNmKWatbfGrG6eT3RGGz542222
六月最新优惠
  t.me/+k7Klkqtxt1ZiODg1
回复消息：请联系主号：https://t.me/bs91m1
【91M Boss】官方交流群：https://t.me/bs91m990

=====================================================

2022-06-02
咨询客户ID：5121358764 → muyangrenX605
咨询消息：R1🔥哈希火爆限时福利！恭喜你获🉐幸运礼包💮赢拿走🎊输我付‼️
新人注册包赔上限2ooU！！点击👩🏼‍💻领取专属幸运💁🏻‍♀️礼包
🙋🏼：@R1_zhouzhou666
   
http://mdnvoc.xyz
回复消息：请联系主号：https://t.me/bs91m1
【91M Boss】官方交流群：https://t.me/bs91m990

=====================================================

2022-06-02
咨询客户ID：1660269757 → blm123123123
咨询消息：
回复消息：请联系主号：https://t.me/bs91m1
【91M Boss】官方交流群：https://t.me/bs91m990

=====================================================

2022-06-02
咨询客户ID：5306257280 → None
咨询消息：
回复消息：请联系主号：https://t.me/bs91m1
【91M Boss】官方交流群：https://t.me/bs91m990