

=====================================================

2022-06-03
咨询客户ID：5334257362 → None
咨询消息：
回复消息：代发广告、购买软件请联系
【91M Boss】 客户经理：https://t.me/bs91m1
【91M Boss】 官方交流群：https://t.me/bs91m990

=====================================================

2022-06-03
咨询客户ID：1694105266 → None
咨询消息：P
回复消息：代发广告、购买软件请联系
【91M Boss】 客户经理：https://t.me/bs91m1
【91M Boss】 官方交流群：https://t.me/bs91m990

=====================================================

2022-06-03
咨询客户ID：5136829978 → None
咨询消息：🔥 BMW哈希平台🔥

🔥新人下注最高送888U！🔥

   玩法丰富 拒绝单一

  全网最高 牛牛10.0 幸运2.0
   
  最高代理待遇 返佣

  Hxi.app

复制添加小妹   yangyang168555
回复消息：代发广告、购买软件请联系
【91M Boss】 客户经理：https://t.me/bs91m1
【91M Boss】 官方交流群：https://t.me/bs91m990

=====================================================

2022-06-03
咨询客户ID：5434351819 → None
咨询消息：None
回复消息：代发广告、购买软件请联系
【91M Boss】 客户经理：https://t.me/bs91m1
【91M Boss】 官方交流群：https://t.me/bs91m990

=====================================================

2022-06-03
咨询客户ID：5348639118 → None
咨询消息：
回复消息：代发广告、购买软件请联系
【91M Boss】 客户经理：https://t.me/bs91m1
【91M Boss】 官方交流群：https://t.me/bs91m990

=====================================================

2022-06-03
咨询客户ID：5442307315 → None
咨询消息：💜📣🟦
🎉🎉🎉金贝集团加拿大pc28网盘端午节晚8点盛大开业啦！！【赔率4.28-3.68】


为了回馈新老会员首充赠送5%彩金

（限时活动截止6月5日）

㊗️祝老板旗开得胜 赢钱多多

点击进入博彩频道：@JBJT03_bot
回复消息：代发广告、购买软件请联系
【91M Boss】 客户经理：https://t.me/bs91m1
【91M Boss】 官方交流群：https://t.me/bs91m990

=====================================================

2022-06-03
咨询客户ID：5117408021 → BGhash_1
咨询消息：好的，亲，感谢您，需要我们会联系您
回复消息：代发广告、购买软件请联系
【91M Boss】 客户经理：https://t.me/bs91m1
【91M Boss】 官方交流群：https://t.me/bs91m990

=====================================================

2022-06-03
咨询客户ID：691932594 → Nami997
咨询消息：from fb
回复消息：代发广告、购买软件请联系
【91M Boss】 客户经理：https://t.me/bs91m1
【91M Boss】 官方交流群：https://t.me/bs91m990

=====================================================

2022-06-03
咨询客户ID：5475039340 → None
咨询消息：想做大盘没方法没资源没方向？就来找我们，最好的方法就是盗取同行的资源。比如你是做资金盘，投放木马病毒中了自己同行的电脑，那么他电脑里面所有资源都是你的了，还可以盗取他的飞机过来登录，然后里面的所有方法、资料、后台信息等等都变成自己的，是不是就轻松解决了没资源没方法的烦恼？中一台机就等于拥有一间公司的信息，最强木马病毒，教你盗取一切想要的资源！！！
回复消息：代发广告、购买软件请联系
【91M Boss】 客户经理：https://t.me/bs91m1
【91M Boss】 官方交流群：https://t.me/bs91m990

=====================================================

2022-06-03
咨询客户ID：5558449494 → None
咨询消息：🌺铪唏新用户包赔𝟖𝟖𝑼  发展一名有效下级奖励5𝑼🌺 
🥩代理全新返佣双模式 招商合作 吃肉来私🥩
https://t.me/+oW7MBU5KiBJiOTY1
回复消息：代发广告、购买软件请联系
【91M Boss】 客户经理：https://t.me/bs91m1
【91M Boss】 官方交流群：https://t.me/bs91m990

=====================================================

2022-06-03
咨询客户ID：5327161486 → None
咨询消息：
回复消息：代发广告、购买软件请联系
【91M Boss】 客户经理：https://t.me/bs91m1
【91M Boss】 官方交流群：https://t.me/bs91m990

=====================================================

2022-06-03
咨询客户ID：5492029246 → Confucius_Asians
咨询消息：打擾一下 我司是換匯率公司 USDT換各種貨幣 新項目 在家也能賺錢  小白可以教  誠心合作   一單可以拿200以上的￥￥$$  公司大量收U 你要參加嗎？
回复消息：代发广告、购买软件请联系
【91M Boss】 客户经理：https://t.me/bs91m1
【91M Boss】 官方交流群：https://t.me/bs91m990

=====================================================

2022-06-03
咨询客户ID：5492029246 → Confucius_Asians
咨询消息：联络： @gongyinglm9
回复消息：代发广告、购买软件请联系
【91M Boss】 客户经理：https://t.me/bs91m1
【91M Boss】 官方交流群：https://t.me/bs91m990

=====================================================

2022-06-03
咨询客户ID：5574202455 → None
咨询消息：💙🟪🟦
🎉🎉🎉金贝集团加拿大pc28网盘端午节晚8点盛大开业啦！！【赔率4.28-3.68】


为了回馈新老会员首充赠送5%彩金

（限时活动截止6月5日）

㊗️祝老板旗开得胜 赢钱多多

点击进入博彩频道：@JBJT03_bot
回复消息：代发广告、购买软件请联系
【91M Boss】 客户经理：https://t.me/bs91m1
【91M Boss】 官方交流群：https://t.me/bs91m990

=====================================================

2022-06-03
咨询客户ID：5533204619 → AnaSofia520
咨询消息：【哈希招代理-1.5%返佣】

【官网： 7k168.com】
回复消息：代发广告、购买软件请联系
【91M Boss】 客户经理：https://t.me/bs91m1
【91M Boss】 官方交流群：https://t.me/bs91m990

=====================================================

2022-06-03
咨询客户ID：5492029246 → Confucius_Asians
咨询消息：联络： @gongyinglm9
回复消息：代发广告、购买软件请联系
【91M Boss】 客户经理：https://t.me/bs91m1
【91M Boss】 官方交流群：https://t.me/bs91m990