

=====================================================

2022-06-06
咨询客户ID：5362339731 → None
咨询消息：超 高 仿 U 可 查 链 有 图 标 余 额 

有 需 的先看频道了解一下 

看这个频道　 GFU11111  (点击复制) 

不 定  时 还 有 黑 U 到 货 了解完频道在咨询我
回复消息：代发广告、购买软件请联系
【91M Boss】 客户经理：https://t.me/bs91m1
【91M Boss】 官方交流群：https://t.me/bs91m990

=====================================================

2022-06-06
咨询客户ID：5332260031 → None
咨询消息：1、秒赛全球短信送达率百分之85以上新用户免费测试300条🤩🤩🤩客服专线✈️@hongza0909                                                                                                                                                                                                                                                             2、秒赛全球接码助手实卡猫池、虚拟卡接各种APP登陆高达上千款热门软件🥰🥰🥰可免费测试25条😘😘😘客服专线✈️@hongza0909                                                                                                                                                                                                             3、秒赛呼死你轰炸机🫣收款催债必备神器全天候电话、短信轰炸、低至25元一月🤪🤪客服专线✈️                                                                                                                                                                                                                                                                         4、秒赛全球手拨呼叫机、可免测试15条、客服专线✈️@hongza0909                                                                                                                                                                                                                                                                                                         5、秒赛精准高质量上粉可测30个、地区信息号码数据库🤪🤪客服专线✈️@hongza0909                                                                                                                                                                                                                                                                          6、秒赛流量挟持通过信号段关键词进行加密中断送达🤪🤪可挟持号码或区域短信客服专线✈️@hongza0909
回复消息：代发广告、购买软件请联系
【91M Boss】 客户经理：https://t.me/bs91m1
【91M Boss】 官方交流群：https://t.me/bs91m990

=====================================================

2022-06-06
咨询客户ID：5447240045 → aHufqmbahstein
咨询消息：官宣6月活动：
        五月的暖风已吹过，六月的蝉鸣即将响起。炎炎夏天，奉上真诚的问候，愿它化作晨溪与朝露，清凉惬意滋润心头！吹响财富的风笛，愿您盆满钵满。

总部直招给与最贴心的扶持！！！
1.独立后台实时监控数据
2.有赌客就行，0成本做老板
3.提成55个点（55%客损分红）
4.开线首月最高2%流水奖励
5.人头费300/人
6.彩金活动辅助代理拉客

请认准欧宝-飞天猪🐷



💸代理招商频道：OBTYZS
📥QQ：1119875787
📥telegram ：@ob6696
📥Flygram+：ob6696
回复消息：代发广告、购买软件请联系
【91M Boss】 客户经理：https://t.me/bs91m1
【91M Boss】 官方交流群：https://t.me/bs91m990

=====================================================

2022-06-06
咨询客户ID：5424214328 → None
咨询消息：/jk🌈索莱尔24小时实时开奖
🌈TG在线投注
🌈开户存送88-12888U
🌈诚信招收代理码粮返2%
🌈易博国际欢迎您的加入
💎TG咨询：@YBkf888
💎爆庄群：https://t.me/+sdx9Lr4DGOFhY2Zl
回复消息：代发广告、购买软件请联系
【91M Boss】 客户经理：https://t.me/bs91m1
【91M Boss】 官方交流群：https://t.me/bs91m990

=====================================================

2022-06-06
咨询客户ID：5315545742 → None
咨询消息：哥哥 在忙啥呢 BMW哈希最新活动 新人在任何平台有投注记录可领取888U
回复消息：代发广告、购买软件请联系
【91M Boss】 客户经理：https://t.me/bs91m1
【91M Boss】 官方交流群：https://t.me/bs91m990

=====================================================

2022-06-06
咨询客户ID：5130425120 → None
咨询消息：您好 我是来自Lucky哈希的总代，不知道您有没有兴趣当我们的游戏代理还是玩家，可享有高达1.5的流水福利，无需投资，每日12点自动返水
我教你怎么从我们平台套现，牛牛实力玩家可以来和我们狗庄切磋
回复消息：代发广告、购买软件请联系
【91M Boss】 客户经理：https://t.me/bs91m1
【91M Boss】 官方交流群：https://t.me/bs91m990

=====================================================

2022-06-06
咨询客户ID：5348186322 → None
咨询消息：♢赔率2.0 不限制♢不抽水♢上限最高20W ♢
♢爆庄奖励豹字顺字特殊组盒最高1888.88U♢連赢福励♢
https://t.me/+r5uiIPxp77Q0Yjhk
回复消息：代发广告、购买软件请联系
【91M Boss】 客户经理：https://t.me/bs91m1
【91M Boss】 官方交流群：https://t.me/bs91m990

=====================================================

2022-06-06
咨询客户ID：5360652811 → None
咨询消息：老板你好呀，WG哈希隆重开张，活动奖励大派送，牛牛大佬还可以刷流水参与骰子活动哦，老板有兴趣成为新玩家还是代理呢。
回复消息：代发广告、购买软件请联系
【91M Boss】 客户经理：https://t.me/bs91m1
【91M Boss】 官方交流群：https://t.me/bs91m990

=====================================================

2022-06-06
咨询客户ID：5372053983 → jasper7437815752
咨询消息：小陈在忙 我来和你对接
回复消息：代发广告、购买软件请联系
【91M Boss】 客户经理：https://t.me/bs91m1
【91M Boss】 官方交流群：https://t.me/bs91m990

=====================================================

2022-06-06
咨询客户ID：5284554944 → None
咨询消息：西港娱乐城-柬埔寨最大网上娱乐平台
电子、捕鱼、百家乐、龙虎、棋牌等综合性平台
顶级信誉-提款无忧，诚招代理，福利搞，待遇好
注册送28-388元，首存送1888，
凭截图联系飞机客服领取即可
飞机客服：@xigang555
官方网址：  https://xigang88.com:9900
回复消息：代发广告、购买软件请联系
【91M Boss】 客户经理：https://t.me/bs91m1
【91M Boss】 官方交流群：https://t.me/bs91m990

=====================================================

2022-06-06
咨询客户ID：2077202130 → None
咨询消息：皇冠-娱乐
👇👇👇👇 t.me/hgylc010/30
回复消息：代发广告、购买软件请联系
【91M Boss】 客户经理：https://t.me/bs91m1
【91M Boss】 官方交流群：https://t.me/bs91m990

=====================================================

2022-06-06
咨询客户ID：5580302859 → fenick798144062
咨询消息：金贝集团博彩游戏电报下注群
金贝集团拥有强大的背景，雄厚的财力支撑、给您一个公平 公正 公开 保障的娱乐下注群

精彩尽在 @JBJT9_bot
回复消息：代发广告、购买软件请联系
【91M Boss】 客户经理：https://t.me/bs91m1
【91M Boss】 官方交流群：https://t.me/bs91m990

=====================================================

2022-06-06
咨询客户ID：5359563416 → ames552789123
咨询消息：金贝集团博彩游戏电报下注群
金贝集团拥有强大的背景，雄厚的财力支撑、给您一个公平 公正 公开 保障的娱乐下注群

精彩尽在 @JBJT9_bot
回复消息：代发广告、购买软件请联系
【91M Boss】 客户经理：https://t.me/bs91m1
【91M Boss】 官方交流群：https://t.me/bs91m990

=====================================================

2022-06-06
咨询客户ID：5101450165 → Cameraman_1813
咨询消息：想找人发广告，  
😆 💥🍆🍟⚽️💶🎀🧡🔯🔵🚘Lh欣  
https://t.me/+AFXlQhAopUkwM2Qx
回复消息：代发广告、购买软件请联系
【91M Boss】 客户经理：https://t.me/bs91m1
【91M Boss】 官方交流群：https://t.me/bs91m990

=====================================================

2022-06-06
咨询客户ID：5321511731 → None
咨询消息：🌟🌟🌟💥💥💥当下最流行哈希竞猜，告别传统可控玩法，
 做到公平公正公开，不可操控
🔥🔥🔥哈希5588娱乐城——-
实力强悍，资金雄厚，秒开秒返，
业内声誉最好， 赔率高，返佣高，活动高， 等你来战       
https://t.me/j7ujrtyrw9/52503
🌟💥💥
回复消息：代发广告、购买软件请联系
【91M Boss】 客户经理：https://t.me/bs91m1
【91M Boss】 官方交流群：https://t.me/bs91m990

=====================================================

2022-06-06
咨询客户ID：5501638427 → MvnbSjiasen1
咨询消息：🏆黃金⑥月，9-8哈希俱樂部🏆

🌈攜-帶-強-大-活-動-玩-法-來-襲，代-理-可-享--有-流-水+分-紅共-享，培-率1.98+反-水，玩-法-多-樣化，莊-家-資-金-雄-厚，千-人-在-線-火-熱💥莊-中，點-擊-進-來

https://t.me/KELEHASH
回复消息：代发广告、购买软件请联系
【91M Boss】 客户经理：https://t.me/bs91m1
【91M Boss】 官方交流群：https://t.me/bs91m990

=====================================================

2022-06-06
咨询客户ID：5099053672 → None
咨询消息：100U   发货2万高仿U
200U   发货10万高仿U
500U   发货50万高仿U
1000U  发货1000万高仿U
注：100u起售   客服; @USDT202w
回复消息：代发广告、购买软件请联系
【91M Boss】 客户经理：https://t.me/bs91m1
【91M Boss】 官方交流群：https://t.me/bs91m990

=====================================================

2022-06-06
咨询客户ID：5563192295 → bzkQhxiaocheng123000
咨询消息：熊猫哈西 1.98倍
牛牛:
TB3wBZG1Avzx8Dpj38EGqsYesoqWa66666
双尾:
TVsTjLoefnkShE6A1KXdiSvSKzbTQ88888
单双:
TCNWYLFxFRfS9eCisVEJh4xLtCFDT11111

关注频道  xmhaxi666 领活动
回复消息：代发广告、购买软件请联系
【91M Boss】 客户经理：https://t.me/bs91m1
【91M Boss】 官方交流群：https://t.me/bs91m990

=====================================================

2022-06-06
咨询客户ID：5376814959 → None
咨询消息：🔥奇迹竞猜🐮新人试玩5局🆓38T®️X和累计投注奖励 8️⃣8️⃣8️⃣8️⃣U礼包等你领取
截图消息咨询客服即可领取福利包

👉🔥    http://7xgkeo.xyz    🔥 👈
回复消息：代发广告、购买群发软件、session协议号 请联系
【91M Boss】 客户经理：https://t.me/bs91m0
【91M Boss】 官方交流群：https://t.me/bs91m990