

=====================================================

2022-05-24
咨询客户ID：5381123882 → None
咨询消息：OG-哈-希 
五-把-包-賠 
卜-赚-白-卜赚 
火-速-参-与 
联-系-我： 
https://t.me/OG1314
回复消息：请联系主号：https://t.me/bs91m1
【91M Boss】官方交流群：https://t.me/bs91m990

=====================================================

2022-05-24
咨询客户ID：5370365050 → None
咨询消息：😛你好                          
😀                            
😃                               .
☺️您还需要更多的客户看到您的广告吗？需要多条曝光渠道吗？

☺️我们专业做tg私信工具/耐操直登号/全功能协议软件/耐操协议号出售，能够把内容私信百分百到达发送到个人号上的呢！！

:statisfied:支持测试哦～

❤️不会让您失望的～

🤪想了解联系客服小妹：@bjsxgjjx
回复消息：请联系主号：https://t.me/bs91m1
【91M Boss】官方交流群：https://t.me/bs91m990

=====================================================

2022-05-24
咨询客户ID：5360885555 → None
咨询消息：🔥 4484哈希新游戏上线啦 🔥
💰新玩家，餸388TRX
各位老板可以开始投注了哦！！
公平 🈵 公正 🈵  公开 🈵 信誉✅
🔥区块链USDT娱乐新玩法，秒级自动返奖
给您带来超出传统的体验！！
请联系咨询：@hash4484kf
回复消息：请联系主号：https://t.me/bs91m1
【91M Boss】官方交流群：https://t.me/bs91m990

=====================================================

2022-05-24
咨询客户ID：5215017074 → None
咨询消息：国内，现金，上门收USDT，价格,美丽，联系+主*号*：    TSE866
回复消息：请联系主号：https://t.me/bs91m1
【91M Boss】官方交流群：https://t.me/bs91m990

=====================================================

2022-05-24
咨询客户ID：5320416181 → Veronica643508781
咨询消息：—@-🔥🔥💵 88K_哈希💵🔥🔥
🔥 全民推荐【88K-哈希】推 出 新 用 户 体 验 金🔥 
👉前 _5 _把 _我 _来 _包 _赔，赢 _了 _您 _拿 _走
👉锦 _上 _添 _花 _流 _水 _奖 _励、扶 _持 _救 _援 _金、满 _勤 _签 _到 _奖
👉新 _人 _下 _注 _满 _10 _局 _额 _外 _送 118 TRX
👉更 _多 _优 _惠 _进 _入 _频 _道 _官 _方 _网 _址 _了 _解，包 _您 _满 _意 _为 _止😁
🔥 🔥全民推荐【88K-哈希】娱乐城🔥🔥 
👉直 _属 _立 _返 0.5%，二 _级 _立 _返0.2%，三 _级 _立 _返 0.1%
👉直 _属 _下 _线 _有 _效 _下 _注 _再 _送 8U
👉当 _日 _新 _增 _人 _数 _当 _日 _红 _包 88 U到 3888U🧧
👉超 _出 _业 _界 _重 _佣 60% 诚 _招 _代 _理💥

 🌐 网 站 ：   rd5.vip      
   
👉 频道 ：    t.me/hash88k12     

❌ 此_号_不_回_复 ❌
%*}
回复消息：请联系主号：https://t.me/bs91m1
【91M Boss】官方交流群：https://t.me/bs91m990

=====================================================

2022-05-24
咨询客户ID：5320950491 → Laura130440399
咨询消息：1
回复消息：请联系主号：https://t.me/bs91m1
【91M Boss】官方交流群：https://t.me/bs91m990

=====================================================

2022-05-24
咨询客户ID：5223576377 → None
咨询消息：这个月大家业绩不错，老大说下个月准备带大家公费旅游，我这边准备了几个地点选择，大家可以先看看，回头跟大家统计投票，确定了再通知大家。

🔥欧亿体育🔥—代理直招—⚽️备战世界杯⚽️

1️⃣负盈利佣金高达60%分成，行业内最高

2️⃣人头费最高500/人，可做对打，分红快结

3️⃣新会员享8元体验彩金，首存礼包最高5288

4️⃣代理新开线下额外返佣最高可35%，加负盈利佣金60%可达95%

5️⃣会员总存款，代理分红最高可达1%

6️⃣独立代理后台，一线总代，无需任何投资，0成本即可做老板！

7⃣️本人以多年信誉口碑保证，承诺为代理全方位服务，一切问题以实现代理的最大利益为出发点，佣金安全且准时发放。

电脑地址：https://www.oetyb8.com:30468
h5地址：https://www.oetya2.vip:30110
移动端下载地址：https://www.oetyb7.vip:30700      
代理福利飞机订阅号：https://t.me/oety01
私聊咨询： @oety001、@oe1305
回复消息：请联系主号：https://t.me/bs91m1
【91M Boss】官方交流群：https://t.me/bs91m990

=====================================================

2022-05-24
咨询客户ID：5339890612 → phanquanghung239
咨询消息：❤️嗨，你好！❤️
🎉皇.冠.哈.希.娱.乐.城🎉
🦋秒.開.奖⭐️秒.到.账🦋
 💯前.三.局.包.賠.50.u，豪.送.各.种.红.包、福.利   t.me/hypdhx
回复消息：请联系主号：https://t.me/bs91m1
【91M Boss】官方交流群：https://t.me/bs91m990

=====================================================

2022-05-24
咨询客户ID：5320409284 → krixi684172673
咨询消息：1
回复消息：请联系主号：https://t.me/bs91m1
【91M Boss】官方交流群：https://t.me/bs91m990

=====================================================

2022-05-24
咨询客户ID：5244947693 → aleisha855085584
咨询消息：🕶东方会🕶集团🕶哈希娱乐城🕶 
  👜👜哈希新玩法👜来直接送一百TRX👜👜 
  🧢🧢热烈欢迎大家来玩🧢🧢全天美女客服🧢🧢保姆级教学🧢🧢 
  🧳下注前🥽六把赢🧳了带走，输了算我们的🥽🕶我们赔🕶您🧳 
 🦋放心玩放心娱🦋乐，区块链🦋玩法公🦋平公正🦋 
  🐳赔率1.99🐳超高，详细玩🐳法来咨询🐳 
https://t.me/+tL_ubhh5FOJkNDQ1
回复消息：请联系主号：https://t.me/bs91m1
【91M Boss】官方交流群：https://t.me/bs91m990

=====================================================

2022-05-24
咨询客户ID：5385714749 → None
咨询消息：xixi
回复消息：请联系主号：https://t.me/bs91m1
【91M Boss】官方交流群：https://t.me/bs91m990

=====================================================

2022-05-24
咨询客户ID：5236227545 → None
咨询消息：zai ma
回复消息：请联系主号：https://t.me/bs91m1
【91M Boss】官方交流群：https://t.me/bs91m990

=====================================================

2022-05-24
咨询客户ID：5285414261 → None
咨询消息：联系: @chuangsd8
回复消息：请联系主号：https://t.me/bs91m1
【91M Boss】官方交流群：https://t.me/bs91m990

=====================================================

2022-05-24
咨询客户ID：5057281857 → None
咨询消息：❤️❤️玩哈希竞彩，认准第一品牌-爱哈希（Lovehash） 
💋💋限时活动，新人福利188USDT 
https://t.me/+69u1n9LFkpRmNWY1
回复消息：请联系主号：https://t.me/bs91m1
【91M Boss】官方交流群：https://t.me/bs91m990

=====================================================

2022-05-24
咨询客户ID：5362222029 → Jena434248441
咨询消息：+《…🔥🔥💵 88K_哈希💵🔥🔥
🔥 全民推荐【88K-哈希】推 出 新 用 户 体 验 金🔥 
👉前 _5 _把 _我 _来 _包 _赔，赢 _了 _您 _拿 _走
👉锦 _上 _添 _花 _流 _水 _奖 _励、扶 _持 _救 _援 _金、满 _勤 _签 _到 _奖
👉新 _人 _下 _注 _满 _10 _局 _额 _外 _送 118 TRX
👉更 _多 _优 _惠 _进 _入 _频 _道 _官 _方 _网 _址 _了 _解，包 _您 _满 _意 _为 _止😁
🔥 🔥全民推荐【88K-哈希】娱乐城🔥🔥 
👉直 _属 _立 _返 0.5%，二 _级 _立 _返0.2%，三 _级 _立 _返 0.1%
👉直 _属 _下 _线 _有 _效 _下 _注 _再 _送 8U
👉当 _日 _新 _增 _人 _数 _当 _日 _红 _包 88 U到 3888U🧧
👉超 _出 _业 _界 _重 _佣 60% 诚 _招 _代 _理💥

 🌐 网 站 ：   rd5.vip      
   
👉 频道 ：    t.me/hash88k12     

❌ 此_号_不_回_复 ❌
—*+
回复消息：请联系主号：https://t.me/bs91m1
【91M Boss】官方交流群：https://t.me/bs91m990

=====================================================

2022-05-24
咨询客户ID：5377391832 → None
咨询消息：https://t.me/tupianusdt
Jaxon
回复消息：请联系主号：https://t.me/bs91m1
【91M Boss】官方交流群：https://t.me/bs91m990

=====================================================

2022-05-24
咨询客户ID：5320691710 → None
咨询消息：zai ma
回复消息：请联系主号：https://t.me/bs91m1
【91M Boss】官方交流群：https://t.me/bs91m990

=====================================================

2022-05-24
咨询客户ID：5353467897 → None
咨询消息：k8哈希竞猜，新人福利，流水返点，每周返点，连赢，笔数，转运金，推荐彩金，独家代理。

频道客服https://t.me/lllllp8996
回复消息：请联系主号：https://t.me/bs91m1
【91M Boss】官方交流群：https://t.me/bs91m990

=====================================================

2022-05-24
咨询客户ID：5154083776 → Rolling386728559
咨询消息：1
回复消息：请联系主号：https://t.me/bs91m1
【91M Boss】官方交流群：https://t.me/bs91m990

=====================================================

2022-05-24
咨询客户ID：5363511041 → Barracuda_Epigrammatic
咨询消息：陈峰老婆李明媛的转账记录，有本事的人能找到陈峰老婆，给她看转账记录，要个几十万封口费怕是不成问题！！！
回复消息：请联系主号：https://t.me/bs91m1
【91M Boss】官方交流群：https://t.me/bs91m990

=====================================================

2022-05-24
咨询客户ID：5380079697 → None
咨询消息：None
回复消息：请联系主号：https://t.me/bs91m1
【91M Boss】官方交流群：https://t.me/bs91m990

=====================================================

2022-05-24
咨询客户ID：5181306580 → None
咨询消息：$!$重金扶持 全民代理 分紅60%  想要賺錢的老板 還不來嗎

大哥快来 - t.me/kaixin1188 心動不如行動 註冊送88T  手動搜索  88k 哈希免費領取88T

全網賠率最高 福利最好 最公平公正公開的88k哈希平臺 
$*%
回复消息：请联系主号：https://t.me/bs91m1
【91M Boss】官方交流群：https://t.me/bs91m990

=====================================================

2022-05-24
咨询客户ID：5124129556 → Woods790173465
咨询消息：+%{🔥🔥💵 88K_哈希💵🔥🔥
🔥 全民推荐【88K-哈希】推 出 新 用 户 体 验 金🔥 
👉前 _5 _把 _我 _来 _包 _赔，赢 _了 _您 _拿 _走
👉锦 _上 _添 _花 _流 _水 _奖 _励、扶 _持 _救 _援 _金、满 _勤 _签 _到 _奖
👉新 _人 _下 _注 _满 _10 _局 _额 _外 _送 118 TRX
👉更 _多 _优 _惠 _进 _入 _频 _道 _官 _方 _网 _址 _了 _解，包 _您 _满 _意 _为 _止😁
🔥 🔥全民推荐【88K-哈希】娱乐城🔥🔥 
👉直 _属 _立 _返 0.5%，二 _级 _立 _返0.2%，三 _级 _立 _返 0.1%
👉直 _属 _下 _线 _有 _效 _下 _注 _再 _送 8U
👉当 _日 _新 _增 _人 _数 _当 _日 _红 _包 88 U到 3888U🧧
👉超 _出 _业 _界 _重 _佣 60% 诚 _招 _代 _理💥

 🌐 网 站 ：   rd5.vip         
👉 频道 ：  https://t.me/hash88k12     

❌ 此_号_不_回_复 ❌
&《《
回复消息：请联系主号：https://t.me/bs91m1
【91M Boss】官方交流群：https://t.me/bs91m990

=====================================================

2022-05-24
咨询客户ID：5320521287 → None
咨询消息：#*_重金扶持 全民代理 分紅60%  想要賺錢的老板 還不來嗎

大哥快来 - t.me/kaixin1188 心動不如行動 註冊送88T  手動搜索  88k 哈希免費領取88T

全網賠率最高 福利最好 最公平公正公開的88k哈希平臺 
!_(
回复消息：请联系主号：https://t.me/bs91m1
【91M Boss】官方交流群：https://t.me/bs91m990

=====================================================

2022-05-24
咨询客户ID：5395064120 → John376083997
咨询消息：…*+🔥🔥💵 88K_哈希💵🔥🔥
🔥 全民推荐【88K-哈希】推 出 新 用 户 体 验 金🔥 
👉前 _5 _把 _我 _来 _包 _赔，赢 _了 _您 _拿 _走
👉锦 _上 _添 _花 _流 _水 _奖 _励、扶 _持 _救 _援 _金、满 _勤 _签 _到 _奖
👉新 _人 _下 _注 _满 _10 _局 _额 _外 _送 118 TRX
👉更 _多 _优 _惠 _进 _入 _频 _道 _官 _方 _网 _址 _了 _解，包 _您 _满 _意 _为 _止😁
🔥 🔥全民推荐【88K-哈希】娱乐城🔥🔥 
👉直 _属 _立 _返 0.5%，二 _级 _立 _返0.2%，三 _级 _立 _返 0.1%
👉直 _属 _下 _线 _有 _效 _下 _注 _再 _送 8U
👉当 _日 _新 _增 _人 _数 _当 _日 _红 _包 88 U到 3888U🧧
👉超 _出 _业 _界 _重 _佣 60% 诚 _招 _代 _理💥

 🌐 网 站 ：   rd5.vip      
   
👉 频道 ：    t.me/hash88k12     

❌ 此_号_不_回_复 ❌
…}：
回复消息：请联系主号：https://t.me/bs91m1
【91M Boss】官方交流群：https://t.me/bs91m990

=====================================================

2022-05-24
咨询客户ID：1896980309 → None
咨询消息：💙✊🏻5月25日 足球盘口推荐⚽️⚽️⚽️
01:00 日本职业足球甲级联赛
内容：⚽️大阪樱花 VS 浦和红钻⚽️
☝️在红钻的侵袭下😄，大阪樱花也许能在主场在收胜果。
🔥盘口推荐：大阪樱花 +0/0.5，赔率: 2.00👉

标题：00:30 南美解放者杯
内容：⚽️帕尔梅拉斯 VS 塔赤雷⚽️
☝️面对从未输过的对手🌳😁，帕尔梅拉斯呈现碾压之势。
🔥盘口推荐：帕尔梅拉斯 -2/2♥️.5👍🏻😋💕，赔率: 2.07👉

5月25篮球盘口推荐🏀🏀🏀

标题：09:00 NBA分区半决赛
内容：⚔️达拉斯独行侠 VS 金州勇士⚔️
☝️独行侠是否能够打破NBA76年的死亡魔咒呢？
🔥全场让分盘: 金州勇士 +1 @ 1.91👉
今天下注  晚上按摩  收米网址 
H5：https://www.mgbet360.com
APP:https://www.mgbet360.app 😉😘😉👈🏻
回复消息：请联系主号：https://t.me/bs91m1
【91M Boss】官方交流群：https://t.me/bs91m990

=====================================================

2022-05-24
咨询客户ID：5374474203 → None
咨询消息：🟠🟠🟠🔥十倍超牛 抢庄牛牛🔥  
 ❤️金贝赌_场_官_方_直_营_群 火_爆_开_业！❤️
      ❤️疯狂抢庄模式更刺激！❤️
  ❤️1_0_倍✅超_牛，实_时_流_水✅返8%❤️
 ✅———限_时_活_动_截_止_5.31_号———✅
          @jinbegongsi
回复消息：请联系主号：https://t.me/bs91m1
【91M Boss】官方交流群：https://t.me/bs91m990

=====================================================

2022-05-24
咨询客户ID：5334761233 → None
咨询消息：*@%重金扶持 全民代理 分紅60%  想要賺錢的老板 還不來嗎

大哥快来 - t.me/kaixin1188 心動不如行動 註冊送88T  手動搜索  88k 哈希免費領取88T

全網賠率最高 福利最好 最公平公正公開的88k哈希平臺 
^*$
回复消息：请联系主号：https://t.me/bs91m1
【91M Boss】官方交流群：https://t.me/bs91m990

=====================================================

2022-05-24
咨询客户ID：5371366287 → Laura495038604
咨询消息：{++🔥🔥💵 88K_哈希💵🔥🔥
🔥 全民推荐【88K-哈希】推 出 新 用 户 体 验 金🔥 
👉前 _5 _把 _我 _来 _包 _赔，赢 _了 _您 _拿 _走
👉锦 _上 _添 _花 _流 _水 _奖 _励、扶 _持 _救 _援 _金、满 _勤 _签 _到 _奖
👉新 _人 _下 _注 _满 _10 _局 _额 _外 _送 118 TRX
👉更 _多 _优 _惠 _进 _入 _频 _道 _官 _方 _网 _址 _了 _解，包 _您 _满 _意 _为 _止😁
🔥 🔥全民推荐【88K-哈希】娱乐城🔥🔥 
👉直 _属 _立 _返 0.5%，二 _级 _立 _返0.2%，三 _级 _立 _返 0.1%
👉直 _属 _下 _线 _有 _效 _下 _注 _再 _送 8U
👉当 _日 _新 _增 _人 _数 _当 _日 _红 _包 88 U到 3888U🧧
👉超 _出 _业 _界 _重 _佣 60% 诚 _招 _代 _理💥

 🌐 网 站 ：   rd5.vip      
   
👉 频道 ：    t.me/hash88k12     

❌ 此_号_不_回_复 ❌
《…—
回复消息：请联系主号：https://t.me/bs91m1
【91M Boss】官方交流群：https://t.me/bs91m990

=====================================================

2022-05-24
咨询客户ID：5395199545 → None
咨询消息：OG-哈-希 
五-把-包-賠 
全-网-最-高-赔-率 
火-速-参-与 
联-系-我： 
https://t.me/OG1314
回复消息：请联系主号：https://t.me/bs91m1
【91M Boss】官方交流群：https://t.me/bs91m990

=====================================================

2022-05-24
咨询客户ID：5384668020 → Oprah112859030
咨询消息：|+%🔥🔥💵 88K_哈希💵🔥🔥
🔥 全民推荐【88K-哈希】推 出 新 用 户 体 验 金🔥 
👉前 _5 _把 _我 _来 _包 _赔，赢 _了 _您 _拿 _走
👉锦 _上 _添 _花 _流 _水 _奖 _励、扶 _持 _救 _援 _金、满 _勤 _签 _到 _奖
👉新 _人 _下 _注 _满 _10 _局 _额 _外 _送 118 TRX
👉更 _多 _优 _惠 _进 _入 _频 _道 _官 _方 _网 _址 _了 _解，包 _您 _满 _意 _为 _止😁
🔥 🔥全民推荐【88K-哈希】娱乐城🔥🔥 
👉直 _属 _立 _返 0.5%，二 _级 _立 _返0.2%，三 _级 _立 _返 0.1%
👉直 _属 _下 _线 _有 _效 _下 _注 _再 _送 8U
👉当 _日 _新 _增 _人 _数 _当 _日 _红 _包 88 U到 3888U🧧
👉超 _出 _业 _界 _重 _佣 60% 诚 _招 _代 _理💥

 🌐 网 站 ：   rd5.vip      
   
👉 频道 ：    t.me/hash88k12     

❌ 此_号_不_回_复 ❌
》|#
回复消息：请联系主号：https://t.me/bs91m1
【91M Boss】官方交流群：https://t.me/bs91m990

=====================================================

2022-05-24
咨询客户ID：5367591318 → None
咨询消息：假Ｕ高仿Ｕ黑Ｕ　要的联系　 ＧＦＵ１１１  (点击复制)　黑Ｕ　不定时才有
回复消息：请联系主号：https://t.me/bs91m1
【91M Boss】官方交流群：https://t.me/bs91m990

=====================================================

2022-05-24
咨询客户ID：5267684286 → None
咨询消息：zai ma
回复消息：请联系主号：https://t.me/bs91m1
【91M Boss】官方交流群：https://t.me/bs91m990

=====================================================

2022-05-24
咨询客户ID：5364875837 → None
咨询消息：zai ma
回复消息：请联系主号：https://t.me/bs91m1
【91M Boss】官方交流群：https://t.me/bs91m990

=====================================================

2022-05-24
咨询客户ID：5318676531 → None
咨询消息：zai ma
回复消息：请联系主号：https://t.me/bs91m1
【91M Boss】官方交流群：https://t.me/bs91m990

=====================================================

2022-05-24
咨询客户ID：5100857825 → None
咨询消息：哈希2.0赔率 反水1.5%
√投注简单（向玩法地址转账）
√奖源公正（哈希值波场可查）
√中奖秒派（派返到投注地址）
活动多多详情 @T8HX666
回复消息：请联系主号：https://t.me/bs91m1
【91M Boss】官方交流群：https://t.me/bs91m990

=====================================================

2022-05-24
咨询客户ID：5365907984 → Ciara234047486
咨询消息：联络： @gongweilai8
回复消息：请联系主号：https://t.me/bs91m1
【91M Boss】官方交流群：https://t.me/bs91m990

=====================================================

2022-05-24
咨询客户ID：5104970046 → lauriel586294276
咨询消息：在哪呢
回复消息：请联系主号：https://t.me/bs91m1
【91M Boss】官方交流群：https://t.me/bs91m990

=====================================================

2022-05-24
咨询客户ID：5325802111 → None
咨询消息：联络： @gongweilai8
回复消息：请联系主号：https://t.me/bs91m1
【91M Boss】官方交流群：https://t.me/bs91m990

=====================================================

2022-05-24
咨询客户ID：5325802111 → None
咨询消息：联络： @yuncaitx66
回复消息：请联系主号：https://t.me/bs91m1
【91M Boss】官方交流群：https://t.me/bs91m990

=====================================================

2022-05-24
咨询客户ID：5293155548 → None
咨询消息：https://t.me/+qeX9aQ83Wpw4N2Zi
OK哈希俱乐部
官网：  ok185.vip
活动1.当天包赔活动赔付50%最高赔200U🎃🎃
⚡️签到💥投注送TRX❄️次日包赔...
新人注册就有专属礼包
其他隐藏活动咨询客服！
觉得自己在其他地方待遇低可以找我谈
欢迎其他业务做代理
互相支持 一起合作共赢！
联系客服：  @okhash77
回复消息：请联系主号：https://t.me/bs91m1
【91M Boss】官方交流群：https://t.me/bs91m990

=====================================================

2022-05-24
咨询客户ID：5206290775 → None
咨询消息：
回复消息：请联系主号：https://t.me/bs91m1
【91M Boss】官方交流群：https://t.me/bs91m990

=====================================================

2022-05-24
咨询客户ID：5338820650 → None
咨询消息：✅💲🆗点击进入玩家开奖播报群，关注我们的主频道了解更多优惠活动

https://t.me/dgvsdvsa1/1692

放心玩，大胆赢，我们一直都在
💥24小時在線客服為您服務
🆗🆗🆗
回复消息：请联系主号：https://t.me/bs91m1
【91M Boss】官方交流群：https://t.me/bs91m990