

=====================================================

2022-05-11
咨询客户ID：5130102153 → RjmPHY
咨询消息：🔥🔥🔥特大喜讯🔥🔥🔥
中石化加油卡兑换变现，发加油卡你去支付宝成功兑换后，你再返85%我。
🔥现诚邀有合作意向的个人经销商及团队🔥
🗣注意:先给你油卡
🗣注意:先给你油卡
🗣注意:先给你油卡

1000的油卡你挣150元

全程0投资，0风险，要搬砖的赶紧上车🚗🚗🚗

✈️✈️✈️联系：@yktxjinjin
回复消息：请联系主号：https://t.me/bs91m1
【91M Boss】官方交流群：https://t.me/bs91m990

=====================================================

2022-05-11
咨询客户ID：5288555350 → None
咨询消息：658你还在愁着找不到客户么？ ✅太阳代发广告🈶飞机醉猛代发🈶最地价群频道上粉🈶指定群偷huo人🈶指定裙成员私聊🈶耐操协仪号👍👍缺客户的来   👉    https://t.me/+CZboMATvOos2NTQ1
回复消息：请联系主号：https://t.me/bs91m1
【91M Boss】官方交流群：https://t.me/bs91m990

=====================================================

2022-05-11
咨询客户ID：5294423684 → Ticky_scrimpy
咨询消息：865你还在愁着找不到客户么？ ✅太阳代发广告🈶飞机醉猛代发🈶最地价群频道上粉🈶指定群偷huo人🈶指定裙成员私聊🈶耐操协仪号👍👍缺客户的来   👉    https://t.me/+CZboMATvOos2NTQ1
回复消息：请联系主号：https://t.me/bs91m1
【91M Boss】官方交流群：https://t.me/bs91m990

=====================================================

2022-05-11
咨询客户ID：5389980623 → None
咨询消息：最火哈希王者来袭，关注淘宝哈希官网、哈希俱乐部  
  
哈希活动:新人包赔5次,最高可赚50U(输了算我的，赢了你拿走)  
  
六一集团实力品牌QQ：⒈⒈1111，地府传煤邀您看图了解
回复消息：请联系主号：https://t.me/bs91m1
【91M Boss】官方交流群：https://t.me/bs91m990

=====================================================

2022-05-11
咨询客户ID：5106864019 → None
咨询消息：😉你好在吗？
回复消息：请联系主号：https://t.me/bs91m1
【91M Boss】官方交流群：https://t.me/bs91m990

=====================================================

2022-05-11
咨询客户ID：5326440719 → None
咨询消息：陈峰，我知道你能看得到的，你以为这几个亿够你一家人花一辈子？不出来处理好我们一辈子跟你没完！！限期联系我们，否则后果自负！！悬赏5-10万USDT提供陈峰线索，重赏500万USDT捉到陈峰本人！！
回复消息：请联系主号：https://t.me/bs91m1
【91M Boss】官方交流群：https://t.me/bs91m990

=====================================================

2022-05-11
咨询客户ID：5160104984 → None
咨询消息：百事强拉，群组偷人，僵尸粉，炒群，广告代发，私信代发，群组排名，频道浏览，点赞，推特业务，海外抖音 联系客服TG @BSTG01 频道 @BSTG111 软件可测试
回复消息：请联系主号：https://t.me/bs91m1
【91M Boss】官方交流群：https://t.me/bs91m990

=====================================================

2022-05-11
咨询客户ID：5154626815 → None
咨询消息：陈峰老婆李明媛的转账记录，有本事的人能找到陈峰老婆，给她看转账记录，要个几十万封口费怕是不成问题！！！
回复消息：请联系主号：https://t.me/bs91m1
【91M Boss】官方交流群：https://t.me/bs91m990

=====================================================

2022-05-11
咨询客户ID：5166669206 → None
咨询消息：🌏精确定位找人，能知道他（她）当前位置👣👣
现特价优惠，1️⃣元体验一次。真诚合作联系🆔 @dwo996
回复消息：请联系主号：https://t.me/bs91m1
【91M Boss】官方交流群：https://t.me/bs91m990

=====================================================

2022-05-11
咨询客户ID：2131595706 → None
咨询消息：Z8哈希转发：https://t.me/Z8dheyu
回复消息：请联系主号：https://t.me/bs91m1
【91M Boss】官方交流群：https://t.me/bs91m990