

=====================================================

2022-06-04
咨询客户ID：5492029246 → Confucius_Asians
咨询消息：联络： @gongyinglm9
回复消息：代发广告、购买软件请联系
【91M Boss】 客户经理：https://t.me/bs91m1
【91M Boss】 官方交流群：https://t.me/bs91m990

=====================================================

2022-06-04
咨询客户ID：5550094110 → CongDat66738
咨询消息：👉👉😊🏆博U哈希娛樂城🏆 祝您端午安康
返獎地址公開可查，已突破上億成交額，百人在線爆莊

更新內容：
1️⃣ 新增彩票 區塊鏈PC28 波場3D分分彩 新玩法
2️⃣ 保留傳統哈希及所有優惠（大小，單雙，牛牛）

♨️🔆全新遊戲體驗 🔆保持穩定🔆1️⃣至3️⃣秒派獎
♨️🔆 玩家返水0.3%  🔆 賠率1.98 🔆
https://t.me/fdsdfgdf889
🏻👉🏻
回复消息：代发广告、购买软件请联系
【91M Boss】 客户经理：https://t.me/bs91m1
【91M Boss】 官方交流群：https://t.me/bs91m990

=====================================================

2022-06-04
咨询客户ID：5445244244 → CelioFra4846
咨询消息：【哈希招代理-1.5%返佣】

【官网： 7k118.com】
回复消息：代发广告、购买软件请联系
【91M Boss】 客户经理：https://t.me/bs91m1
【91M Boss】 官方交流群：https://t.me/bs91m990

=====================================================

2022-06-04
咨询客户ID：468139294 → RealMtClub88
咨询消息：BAGI SESIAPA YG SELALU MASUK [ MBB ] 

SILA MASUK ACC 
MBB YG BARU  YA😘😘😘
✅NAME: FERNANDEZ GERALD
🏧MBB : 361145836175

JGN LUPA SENANTIASA MINTA ACC MASA BANKIN YA😊
回复消息：代发广告、购买软件请联系
【91M Boss】 客户经理：https://t.me/bs91m1
【91M Boss】 官方交流群：https://t.me/bs91m990

=====================================================

2022-06-04
咨询客户ID：5563057987 → None
咨询消息：🐬⑨·⑧·哈·希·竞·彩·俱·乐·部🐬

💥最熱門的競猜游~戏 ,55~88铪~希娱~乐城

當下最流行玩~法 （大|小，單|雙，牛|
牛）
千人在~线~💥庄中

https://t.me/RNGHASH

点~击进入
回复消息：代发广告、购买软件请联系
【91M Boss】 客户经理：https://t.me/bs91m1
【91M Boss】 官方交流群：https://t.me/bs91m990

=====================================================

2022-06-04
咨询客户ID：5594760497 → None
咨询消息：㊗️最.新.的.哈.稀.娱.楽㊗️
 
💫玩.家前3次输-包.赔50-美💫

🏆全.网.最.糕.赔.律.1.98 🏆

🚀超.高.反.水.仟.分.叁🚀

👇了.解更.多.福.利.进.群👇
 
👉管.淓-瓶.倒：https://t.me/hao123ok
回复消息：代发广告、购买软件请联系
【91M Boss】 客户经理：https://t.me/bs91m1
【91M Boss】 官方交流群：https://t.me/bs91m990

=====================================================

2022-06-04
咨询客户ID：5385782486 → None
咨询消息：🦋贵宾会/蛤希/娱楽城🦋
💋蕞高/赔率1点98
💋蕞高/返-氺/千-份-3
💋薪人前叁局/饱婄/50-U
💋苹台🥇姿金🥇雄厚
   进.入.瓶.道.了.解.更.多.福.利
  👤关芳瓶道：https://t.me/fweiurwo
回复消息：代发广告、购买软件请联系
【91M Boss】 客户经理：https://t.me/bs91m1
【91M Boss】 官方交流群：https://t.me/bs91m990