

=====================================================

2022-06-21
咨询客户ID：2040562179 → None
咨询消息：天使人头中介公群 已上押

https://t.me/+kaKpXorfP0xiNzVl

全飞机最专业的团队，秒结算，秒预付，秒订票，尽在星座集团，一直被模仿从未被超越！！！来了秒开工，来了秒开工！
回复消息：代发广告、购买群发软件、session协议号 请联系
【91M Boss】 客户经理：https://t.me/bs91m1
【91M Boss】 官方交流群：https://t.me/bs91m990

=====================================================

2022-06-21
咨询客户ID：5484152616 → Kevin_DtOtto_geanNichol
咨询消息：》）{🧧实🧧力🧧庄🧧家 🧧等🧧君🧧来🧧站🧧废🧧话🧧不🧧多🧧说 🧧有🧧本🧧事🧧就🧧来🧧对🧧博 🧧   https://t.me/+mK9b4q2-d7c1MWE9  🧧ceo🧧 哈🧧希🧧第🧧二 🧧谁🧧敢🧧说🧧第🧧一🧧
—：？
回复消息：代发广告、购买群发软件、session协议号 请联系
【91M Boss】 客户经理：https://t.me/bs91m1
【91M Boss】 官方交流群：https://t.me/bs91m990

=====================================================

2022-06-21
咨询客户ID：1671915095 → None
咨询消息：urr💸实.力.与.信.誉.并.存💸
      ☄️火 星 H A.C 游 戏 平 台 最 新 优 惠☄️

新 人 首 次 下 注 送 发 财 金8.88.U.S.D.T
      包 ·赚！包 .赚！包 · 赚 . 赚 翻 天
❣️.別.人.已.經.用.本.金.滾.出.翻.倍.本.金 了❣️
    
           快 来 试 试 最 火 项 目
   ☄️ 即.将.手.把.手.带.您.本.金.滚.本.金
      🛎 24 小 时 在 线 客 服:@a258790
回复消息：代发广告、购买群发软件、session协议号 请联系
【91M Boss】 客户经理：https://t.me/bs91m1
【91M Boss】 官方交流群：https://t.me/bs91m990

=====================================================

2022-06-21
咨询客户ID：5443870677 → benjie_Interleaver
咨询消息：🏆火山哈希开业福利大奉送🏆🏆

🏵试手气 玩五把  带您赚零花🏵

🏵赢了你拿走，输了退还给你🏵

🔥‼️ 不管新人旧人🔥注册 ‼️ 包赔5把‼️🏆🏆

🔥送U活动高达888U🏆🏆

提前预留名额
私聊主管预留就送全网最高待遇：https://t.me/HSHX1317
回复消息：代发广告、购买群发软件、session协议号 请联系
【91M Boss】 客户经理：https://t.me/bs91m1
【91M Boss】 官方交流群：https://t.me/bs91m990

=====================================================

2022-06-21
咨询客户ID：5381641475 → None
咨询消息：
回复消息：代发广告、购买群发软件、session协议号 请联系
【91M Boss】 客户经理：https://t.me/bs91m1
【91M Boss】 官方交流群：https://t.me/bs91m990

=====================================================

2022-06-21
咨询客户ID：5537242134 → The4obaGalel660d_PayneS_tanRvob
咨询消息：None
回复消息：代发广告、购买群发软件、session协议号 请联系
【91M Boss】 客户经理：https://t.me/bs91m1
【91M Boss】 官方交流群：https://t.me/bs91m990

=====================================================

2022-06-21
咨询客户ID：5154413695 → ricardowardnv
咨询消息：
回复消息：代发广告、购买群发软件、session协议号 请联系
【91M Boss】 客户经理：https://t.me/bs91m1
【91M Boss】 官方交流群：https://t.me/bs91m990

=====================================================

2022-06-21
咨询客户ID：1981866519 → None
咨询消息：😇😊😊😌找你有事                          
😃                            
😇                               .
😝TG最稳定的引流神器

😚裙发&拉人&私信~助力推广

🙂TG号源协议号全网质量最好

😂出售全功能裙发/私发软件，耐用号！

😂软件可免费测试！更有代拉活人，刷僵尸，监听机器人及其他机器人定制，索引上排名

🤣欢迎来撩客服小姐姐：@TG4706
回复消息：代发广告、购买群发软件、session协议号 请联系
【91M Boss】 客户经理：https://t.me/bs91m1
【91M Boss】 官方交流群：https://t.me/bs91m990