

=====================================================

2022-06-20
咨询客户ID：5553251729 → Quangmo1994
咨询消息：👑您心情好，就来玩玩👑
👇👇👇👇 
https://t.me/yfui06/145
回复消息：代发广告、购买群发软件、session协议号 请联系
【91M Boss】 客户经理：https://t.me/bs91m1
【91M Boss】 官方交流群：https://t.me/bs91m990

=====================================================

2022-06-20
咨询客户ID：5513367493 → mldvvgrifivanq
咨询消息：💥9~9~9~7~7~蛤~希💥
🏆老板好！🏆
🏆所有类型游戏回款秒到🏆
🏆备用资金百万U 欢迎来娱乐🏆
🏆前五局包赔付哦🏆
客服1号-  @Haxi99977
客服2号-  @xiaomei6686
客服3号-  @haxi99977aimi
客服4号-  @HAXi_99977
客服5号-  @Haxi9997
回复消息：代发广告、购买群发软件、session协议号 请联系
【91M Boss】 客户经理：https://t.me/bs91m1
【91M Boss】 官方交流群：https://t.me/bs91m990

=====================================================

2022-06-20
咨询客户ID：5365904700 → None
咨询消息：朋友你也买了FTX？
回复消息：代发广告、购买群发软件、session协议号 请联系
【91M Boss】 客户经理：https://t.me/bs91m1
【91M Boss】 官方交流群：https://t.me/bs91m990

=====================================================

2022-06-20
咨询客户ID：964838119 → MTWBET888
咨询消息：📍M.T.W🏪 
 
☀️WELCOME BONUS 50%☀️
🌪RECOMMEND BONUS 20%🌪
(Rekomen claim dlm 24 jam)
✨ DAILY BONUS 6%✨
⚡️REBATE BONUS 3%⚡️

🔥🔥DIGI, MAXIS & CELCOM🔥🔥
💥💥ACCEPT NOW💥💥

Min Deposit RM10💵
Min Withdraw RM50💸
⚠️All Turnover x2 !! 
⚠️Max cuci x100
⚠️Max Cuci RM10K 

📌 -BONUS Topup hanya boleh main 🎰Slot Game sahaja

 Telegram : 0128033866
📲Telegram:https://t.me/MTWBET888
🔎Channel：https://t.me/monopoly123
回复消息：代发广告、购买群发软件、session协议号 请联系
【91M Boss】 客户经理：https://t.me/bs91m1
【91M Boss】 官方交流群：https://t.me/bs91m990

=====================================================

2022-06-20
咨询客户ID：1916708883 → duingduing
咨询消息：哈希开业大酬宾
新人注册即送，58.88USDT至888.88USDT，秒到账！
https://t.me/haxl8888
回复消息：代发广告、购买群发软件、session协议号 请联系
【91M Boss】 客户经理：https://t.me/bs91m1
【91M Boss】 官方交流群：https://t.me/bs91m990

=====================================================

2022-06-20
咨询客户ID：5320559917 → None
咨询消息：朋友 你狗狗币买进没有  还持有吗 ？
回复消息：代发广告、购买群发软件、session协议号 请联系
【91M Boss】 客户经理：https://t.me/bs91m1
【91M Boss】 官方交流群：https://t.me/bs91m990

=====================================================

2022-06-20
咨询客户ID：5198528123 → Walker_LezNigelxwisB2ria
咨询消息：哈希开业大酬宾
新人注册即送，58.88USDT至888.88USDT，秒到账！
https://t.me/haxl8888
回复消息：代发广告、购买群发软件、session协议号 请联系
【91M Boss】 客户经理：https://t.me/bs91m1
【91M Boss】 官方交流群：https://t.me/bs91m990

=====================================================

2022-06-20
咨询客户ID：5431158306 → KaaFmJulia_Lovew
咨询消息：💥9~9~9~7~7~蛤~希💥
🏆老板好！🏆
🏆所有类型游戏回款秒到🏆
🏆备用资金百万U 欢迎来娱乐🏆
🏆前五局包赔付哦🏆
客服1号-  @Haxi99977
客服2号-  @xiaomei6686
客服3号-  @haxi99977aimi
客服4号-  @HAXi_99977
客服5号-  @Haxi9997
回复消息：代发广告、购买群发软件、session协议号 请联系
【91M Boss】 客户经理：https://t.me/bs91m1
【91M Boss】 官方交流群：https://t.me/bs91m990

=====================================================

2022-06-20
咨询客户ID：5521780447 → None
咨询消息：这个月大家业绩不错，老大说下个月准备带大家公费旅游，我这边准备了几个地点选择，大家可以先看看，回头跟大家统计投票，确定了再通知大家。


🔥欧亿体育🔥—代理直招—⚽️备战世界杯⚽️


1️⃣负盈利佣金高达60%分成，行业内最高


2️⃣人头费最高500/人，可做对打，分红快结


3️⃣新会员享8元体验彩金，首存礼包最高5288


4️⃣代理新开线下额外返佣最高可35%，加负盈利佣金60%可达95%


5️⃣会员总存款，代理分红最高可达1%


6️⃣独立代理后台，一线总代，无需任何投资，0成本即可做老板！


7⃣️本人以多年信誉口碑保证，承诺为代理全方位服务，一切问题以实现代理的最大利益为出发点，佣金安全且准时发放。


电脑地址：https://www.oetyb8.com:30468
h5地址：https://www.oety55.vip:30122
移动端下载地址：https://www.oety66.net:32102


代理福利飞机订阅号：https://t.me/oety01
私聊咨询： @oety001、@oety888
回复消息：代发广告、购买群发软件、session协议号 请联系
【91M Boss】 客户经理：https://t.me/bs91m1
【91M Boss】 官方交流群：https://t.me/bs91m990

=====================================================

2022-06-20
咨询客户ID：5376505728 → None
咨询消息：Bot gerador de número, já comece com 3 reais

https://t.me/sms2you_bot?start=1651680992743
回复消息：代发广告、购买群发软件、session协议号 请联系
【91M Boss】 客户经理：https://t.me/bs91m1
【91M Boss】 官方交流群：https://t.me/bs91m990

=====================================================

2022-06-20
咨询客户ID：5374423548 → Cgrytqlaji
咨询消息：💥9~9~9~7~7~蛤~希💥
🏆老板好！🏆
🏆所有类型游戏回款秒到🏆
🏆备用资金百万U 欢迎来娱乐🏆
🏆前五局包赔付哦🏆
客服1号-  @Haxi99977
客服2号-  @xiaomei6686
客服3号-  @haxi99977aimi
客服4号-  @HAXi_99977
客服5号-  @Haxi9997
回复消息：代发广告、购买群发软件、session协议号 请联系
【91M Boss】 客户经理：https://t.me/bs91m1
【91M Boss】 官方交流群：https://t.me/bs91m990

=====================================================

2022-06-20
咨询客户ID：5513367493 → mldvvgrifivanq
咨询消息：💥9~9~9~7~7~蛤~希💥
🏆老板好！🏆
🏆所有类型游戏回款秒到🏆
🏆备用资金百万U 欢迎来娱乐🏆
🏆前五局包赔付哦🏆
客服1号-  @Haxi99977
客服2号-  @xiaomei6686
客服3号-  @haxi99977aimi
客服4号-  @HAXi_99977
客服5号-  @Haxi9997
回复消息：代发广告、购买群发软件、session协议号 请联系
【91M Boss】 客户经理：https://t.me/bs91m1
【91M Boss】 官方交流群：https://t.me/bs91m990

=====================================================

2022-06-20
咨询客户ID：5584727665 → None
咨询消息：網最高賠率2.0+8%反水  
https://t.me/+p7VpAj_qKv9mZDM9
回复消息：代发广告、购买群发软件、session协议号 请联系
【91M Boss】 客户经理：https://t.me/bs91m1
【91M Boss】 官方交流群：https://t.me/bs91m990

=====================================================

2022-06-20
咨询客户ID：5143059543 → None
咨询消息：👑您心情好，就来玩玩👑
👇👇👇👇👇👇👇
https://t.me/ybhxpd66
回复消息：代发广告、购买群发软件、session协议号 请联系
【91M Boss】 客户经理：https://t.me/bs91m1
【91M Boss】 官方交流群：https://t.me/bs91m990

=====================================================

2022-06-20
咨询客户ID：5374423548 → Cgrytqlaji
咨询消息：💥9~9~9~7~7~蛤~希💥
🏆老板好！🏆
🏆所有类型游戏回款秒到🏆
🏆备用资金百万U 欢迎来娱乐🏆
🏆前五局包赔付哦🏆
客服1号-  @Haxi99977
客服2号-  @xiaomei6686
客服3号-  @haxi99977aimi
客服4号-  @HAXi_99977
客服5号-  @Haxi9997
回复消息：代发广告、购买群发软件、session协议号 请联系
【91M Boss】 客户经理：https://t.me/bs91m1
【91M Boss】 官方交流群：https://t.me/bs91m990

=====================================================

2022-06-20
咨询客户ID：5540137349 → None
咨询消息：None
回复消息：代发广告、购买群发软件、session协议号 请联系
【91M Boss】 客户经理：https://t.me/bs91m1
【91M Boss】 官方交流群：https://t.me/bs91m990

=====================================================

2022-06-20
咨询客户ID：5472406994 → HoLam1953
咨询消息：哈-西-皇冠-高倍率 https://t.me/yfui06/145
回复消息：代发广告、购买群发软件、session协议号 请联系
【91M Boss】 客户经理：https://t.me/bs91m1
【91M Boss】 官方交流群：https://t.me/bs91m990

=====================================================

2022-06-20
咨询客户ID：5499943009 → None
咨询消息：🧧🧧🧧👉牛牛体验金免费送送送👈🧧🧧🧧
⭐️每日红包189倍（每晚10点派送）
⭐️每日竞猜数字领99U趣味活动
⭐️每日停盘期间猜数字和免费红包
⭐️PC28每万返280🔥🔥🔥诚招拉手中介
九博国际主营加拿大pc28，抢庄牛牛常驻玩家福利优惠多，后续更多精彩游戏敬请期
@anlongbot
回复消息：代发广告、购买群发软件、session协议号 请联系
【91M Boss】 客户经理：https://t.me/bs91m1
【91M Boss】 官方交流群：https://t.me/bs91m990

=====================================================

2022-06-20
咨询客户ID：1205349985 → B3N_B
咨询消息：
回复消息：代发广告、购买群发软件、session协议号 请联系
【91M Boss】 客户经理：https://t.me/bs91m1
【91M Boss】 官方交流群：https://t.me/bs91m990

=====================================================

2022-06-20
咨询客户ID：5039795038 → None
咨询消息：👉👉👉 艾瑞SEO为世界杯而生的站群软件
       全自动谷歌自然语言数据
       收录高达百分之80
       日均指定百度搜狗蜘蛛百万

演示测试地址（演示版部分功能关闭）：
  www.airuiseo.com/admin.php
  账号：admin
  密码：123456

👉 官方telegram频道 (https://t.me/erelseo)    @erelseo_zx
👉 购买/咨询 (https://t.me/erelseo)                    @xgfwqll
回复消息：代发广告、购买群发软件、session协议号 请联系
【91M Boss】 客户经理：https://t.me/bs91m1
【91M Boss】 官方交流群：https://t.me/bs91m990

=====================================================

2022-06-20
咨询客户ID：5539814079 → None
咨询消息：None
回复消息：代发广告、购买群发软件、session协议号 请联系
【91M Boss】 客户经理：https://t.me/bs91m1
【91M Boss】 官方交流群：https://t.me/bs91m990

=====================================================

2022-06-20
咨询客户ID：5342293162 → None
咨询消息：仮氷8%最高賠率2.0  
  
https://t.me/+49Tsfm0xKTg5NmU1
回复消息：代发广告、购买群发软件、session协议号 请联系
【91M Boss】 客户经理：https://t.me/bs91m1
【91M Boss】 官方交流群：https://t.me/bs91m990

=====================================================

2022-06-20
咨询客户ID：5393043905 → None
咨询消息：幸运哈希！新人注册前5吧包赔还有跟多福利等你来领取！有兴趣了解一下吗？
回复消息：代发广告、购买群发软件、session协议号 请联系
【91M Boss】 客户经理：https://t.me/bs91m1
【91M Boss】 官方交流群：https://t.me/bs91m990

=====================================================

2022-06-20
咨询客户ID：5595454722 → frtaJD
咨询消息：??????Sign up to get 80??0??0??TRX
?? At least 17% referral commission, teamwork to make more money.
??Address: http://bit.ly/3aQXXwh
Blockchain technology support??Official blockchain technology support??Defi technology??
??Up to 16% income, don't miss it
回复消息：代发广告、购买群发软件、session协议号 请联系
【91M Boss】 客户经理：https://t.me/bs91m1
【91M Boss】 官方交流群：https://t.me/bs91m990

=====================================================

2022-06-20
咨询客户ID：5539050323 → uTgLCMhel1985
咨询消息：📢全网最🔝🈵福利‼️资💵雄厚‼️

t.me/+YQM30_kjtb9lZWY0
回复消息：代发广告、购买群发软件、session协议号 请联系
【91M Boss】 客户经理：https://t.me/bs91m1
【91M Boss】 官方交流群：https://t.me/bs91m990

=====================================================

2022-06-20
咨询客户ID：5443714711 → ali15609
咨询消息：让赚钱的继续赚钱，任何市场也都是在遵循商业的自然法则！成为U8的代理赚钱很容易。高赔率，高返佣，时间自由，平台拥有强大的背景，打款钱包地址透明可查：TF7TVcYQuNjNPRMP2mqfSYfaapwpqbrpiY

可能我是你通讯众多发消息的其中一个，但是还是希望你无聊想赚钱的时候可以想起我的信息，添加我的飞机号：@silver666casinobot
回复消息：代发广告、购买群发软件、session协议号 请联系
【91M Boss】 客户经理：https://t.me/bs91m1
【91M Boss】 官方交流群：https://t.me/bs91m990

=====================================================

2022-06-20
咨询客户ID：5366166165 → Eduard_30EE
咨询消息：https://t.me/+WeCqF1KWvhgzYWFl
回复消息：代发广告、购买群发软件、session协议号 请联系
【91M Boss】 客户经理：https://t.me/bs91m1
【91M Boss】 官方交流群：https://t.me/bs91m990

=====================================================

2022-06-20
咨询客户ID：5419304074 → None
咨询消息：哈-西-皇冠-高倍率 https://t.me/yfui06/145
回复消息：代发广告、购买群发软件、session协议号 请联系
【91M Boss】 客户经理：https://t.me/bs91m1
【91M Boss】 官方交流群：https://t.me/bs91m990

=====================================================

2022-06-20
咨询客户ID：813063855 → morto257
咨询消息：💎💎 DIAMANTES MORTO 💎💎


          🥇 💎NOSSO SITE 💎🥇
👇👇👇👇👇👇👇👇👇👇👇👇👇👇👇

https://diamantesfreefire.uppy.app/

⚠️💎A PARTI DE 50$ GANHE UM CODIGUIN DA CALCA ANGELICAL AZUL OU VERMELHA SUA ESCOLHA 💎⚠️


👾💎 ENVIADO VIA ID CAI NA SUA CONTA EM 10 MINUTOS A 24 HR💎👾


⚠️ BONUS PARA PACOTES ACIMA DE 40$ ⚠️


👉💎1.500 Diamantes 20 Reais💰


👉💎3.400 Diamantes 40 Reais💰


👉💎5.100 Diamantes 55 Reais💰 


👉💎10.200 Diamantes 110 Reais💰


👉💎15.000 Diamantes 130 Reais💰


💎🛡️  *OUTROS VALORES NEGOCIAMOS NO PV* 🛡️💎



MÉTODO 👾 NETFLIX 60$
METODO 👾 TEMOS 6 METODOS DE DIAMANTES  TODOS POR 200$
METODO 👾GIFT CARD GOOGLE PLAY 85$


🖤💰 PAGAMENTOS VIA 💰🖤

🖤 PIX 🖤

🖤 TRANSFERÊNCIA 🖤

🖤 DEPÓSITO LOTÉRICA 🖤

🖤 QR CODE 🖤

🖤 NEXT 🖤

🖤  INTER 🖤

🖤 PAG SEGURO 🖤

🎃nosso🥇grupo🎃: @freefireehifree 

🎃 Nosso SITE 🎃: 

https://diamantesfreefire.uppy.app/

🎃nosso🥇canal🎃de🥇referência: @DiamantesGS

☠ Fala com @morto157
 OU
☠ Fala com @morto257
回复消息：代发广告、购买群发软件、session协议号 请联系
【91M Boss】 客户经理：https://t.me/bs91m1
【91M Boss】 官方交流群：https://t.me/bs91m990

=====================================================

2022-06-20
咨询客户ID：5312735710 → None
咨询消息：yyy🔥爱游戏代理中心·诚邀代理合作共赢🔥
【迎战世界杯55%客损分红+流水2%+人头费+介绍费，多重共享！】
🔥体育/百家乐/电竞/电子/棋牌/彩票  
🔥零成本做老板，实现财富自由！
🔥诚招SEO团队，劫持团队，网站站长，电销团队，主播团队，自媒体UP主共同合作发展
————————————————
🧧可玩可代 优惠福利多🎁在菲团队可约线下面谈
👑代理部长:  @xff222   flygram：xff222
————————————————
🔞福利频道:  https://t.me/porn17x
回复消息：代发广告、购买群发软件、session协议号 请联系
【91M Boss】 客户经理：https://t.me/bs91m1
【91M Boss】 官方交流群：https://t.me/bs91m990

=====================================================

2022-06-20
咨询客户ID：5433630887 → NrWmDJanaiyama_Lleynans97
咨询消息：💥9~9~9~7~7~蛤~希💥
🏆老板好！🏆
🏆所有类型游戏回款秒到🏆
🏆备用资金百万U 欢迎来娱乐🏆
🏆前五局包赔付哦🏆
客服1号-  @Haxi99977
客服2号-  @xiaomei6686
客服3号-  @haxi99977aimi
客服4号-  @HAXi_99977
客服5号-  @Haxi9997
回复消息：代发广告、购买群发软件、session协议号 请联系
【91M Boss】 客户经理：https://t.me/bs91m1
【91M Boss】 官方交流群：https://t.me/bs91m990

=====================================================

2022-06-20
咨询客户ID：5530004986 → None
咨询消息：大老板好~
回复消息：代发广告、购买群发软件、session协议号 请联系
【91M Boss】 客户经理：https://t.me/bs91m1
【91M Boss】 官方交流群：https://t.me/bs91m990

=====================================================

2022-06-20
咨询客户ID：5500248896 → girliesUntamely
咨询消息：仝蛧仮氷洤鎬❽%✾ ั  
https://t.me/+WRWy3MZ7QsthMWVl
回复消息：代发广告、购买群发软件、session协议号 请联系
【91M Boss】 客户经理：https://t.me/bs91m1
【91M Boss】 官方交流群：https://t.me/bs91m990

=====================================================

2022-06-20
咨询客户ID：5480973996 → jzwCTaduzx
咨询消息：💥9~9~9~7~7~蛤~希💥
🏆老板好！🏆
🏆所有类型游戏回款秒到🏆
🏆备用资金百万U 欢迎来娱乐🏆
🏆前五局包赔付哦🏆
客服1号-  @Haxi99977
客服2号-  @xiaomei6686
客服3号-  @haxi99977aimi
客服4号-  @HAXi_99977
客服5号-  @Haxi9997
回复消息：代发广告、购买群发软件、session协议号 请联系
【91M Boss】 客户经理：https://t.me/bs91m1
【91M Boss】 官方交流群：https://t.me/bs91m990

=====================================================

2022-06-20
咨询客户ID：1916708883 → duingduing
咨询消息：哈希开业大酬宾
新人注册即送，58.88USDT至888.88USDT，秒到账！
https://t.me/haxl8888
回复消息：代发广告、购买群发软件、session协议号 请联系
【91M Boss】 客户经理：https://t.me/bs91m1
【91M Boss】 官方交流群：https://t.me/bs91m990

=====================================================

2022-06-20
咨询客户ID：5328293922 → None
咨询消息：仮氷8%最高賠率2.0  
  
https://t.me/+49Tsfm0xKTg5NmU1
回复消息：代发广告、购买群发软件、session协议号 请联系
【91M Boss】 客户经理：https://t.me/bs91m1
【91M Boss】 官方交流群：https://t.me/bs91m990

=====================================================

2022-06-20
咨询客户ID：5119527308 → fz_fernandes
咨询消息：🤖 Robô para Whatsapp🤖 

Oi tudo bem eu sou o  🇷 🇴 🇧 🇴 *VIP 
do WhatsApp

Olá, aqui é o Moebius tudo bem?

🤖Eu sou totalmente Compatível Com: os 
▪️ Celular Android
▪️ Tablet Android
▪️ Computador 
▪️ Notebook

🤖 Mando mensagem no privado de grupo e de lista de transmissão 🤖

🤖 Eu tbm envio 
🟢 Textos,Links, imagem e vídeos
🤖 Você me programar  no seu celular , tablet ,PC e eu faço todo o trabalho  pra você 📲


🤖 E meu sistema e 100% AUTOMÁTICO. 

Essa novidade só eu tenho

🤖 Caso me compre você só irá pagar uma 💰TAXA ÚNICA,  

E eu serei seu 🤖 por apenas 

$😱😱R$67,00😱😱
            Incrível né(SÓ HOJE ESSA PROMOÇÃO!
                                                                   
🤖E o melhor de tudo e quando você me compra  você ainda vai ganha⤵️

🎁 Bônus

🚀Auto Post Facebook
🚀Extrator Facebook
🚀50 mil grupos de Whatsapp
🚀4 auto responder app
🚀app iptv pro
🚀app de extração 
🚀Gerador e validador de números para Whatsapp 

 pra que eu possa trabalhar pra você 💙

E aqui embaixo deixo o meu link do meu whatsapp para vc clicar e saber mais!

📲 Whatsapp⤵️
https://mywhats.net/AutomatizeiTudo
回复消息：代发广告、购买群发软件、session协议号 请联系
【91M Boss】 客户经理：https://t.me/bs91m1
【91M Boss】 官方交流群：https://t.me/bs91m990

=====================================================

2022-06-20
咨询客户ID：5591294775 → M803urph5y_Nathan_ielLesJim
咨询消息：128
买币亏钱？合约爆仓？试试区块链盲盒 OB 哈.希（1.98）
🔥秒杀链上其他合约 土狗币 韭菜项目，每天玩个几把，轻轻松松赚个几百U🧨🧨
区块哈希值是一段数据的DNA，每个区块哈希值是唯一的，随机的且不可破解，不可伪造，投注返奖自动识别，记录不可篡改，奖池资金投注返奖波场TRON公链可查
😊【放心玩】
交易哈希值随机生成    任何人不能操作篡改
链上随时可查看结果    100%公正公正

😊【放心赢】
不需注册充值   不担心回款卡分
不担心银行卡冻结   盈利3秒自动到账

🏆多达4种玩法
🐮牛牛玩法🍀 单双玩法🔥大小玩法👑庄闲玩法
📞OB哈希官方客服:   @HASH_OBjingjing
哈希游戏官方网站：https://hash-ob.com/#/mobile?memberId=19852347
回复消息：代发广告、购买群发软件、session协议号 请联系
【91M Boss】 客户经理：https://t.me/bs91m1
【91M Boss】 官方交流群：https://t.me/bs91m990

=====================================================

2022-06-20
咨询客户ID：5486662788 → None
咨询消息：https://t.me/zjko390
回复消息：代发广告、购买群发软件、session协议号 请联系
【91M Boss】 客户经理：https://t.me/bs91m1
【91M Boss】 官方交流群：https://t.me/bs91m990

=====================================================

2022-06-20
咨询客户ID：5052314774 → None
咨询消息：👉👉👉 艾瑞SEO为世界杯而生的站群软件
       全自动谷歌自然语言数据
       收录高达百分之80
       日均指定百度搜狗蜘蛛百万

演示测试地址（演示版部分功能关闭）：
  www.airuiseo.com/admin.php
  账号：admin
  密码：123456

👉 官方telegram频道 (https://t.me/erelseo)    @erelseo_zx
👉 购买/咨询 (https://t.me/erelseo)                    @xgfwqll
回复消息：代发广告、购买群发软件、session协议号 请联系
【91M Boss】 客户经理：https://t.me/bs91m1
【91M Boss】 官方交流群：https://t.me/bs91m990

=====================================================

2022-06-20
咨询客户ID：5590905637 → None
咨询消息：不好意思打扰了， 有一个游戏可以给你推荐吗 ？
回复消息：代发广告、购买群发软件、session协议号 请联系
【91M Boss】 客户经理：https://t.me/bs91m1
【91M Boss】 官方交流群：https://t.me/bs91m990

=====================================================

2022-06-20
咨询客户ID：5566591708 → None
咨询消息：https://t.me/+v39LCwm0EPhlMDhl
回复消息：代发广告、购买群发软件、session协议号 请联系
【91M Boss】 客户经理：https://t.me/bs91m1
【91M Boss】 官方交流群：https://t.me/bs91m990

=====================================================

2022-06-20
咨询客户ID：1544793885 → seila111111
咨询消息：🤖 Robô para Whatsapp🤖 

Oi tudo bem eu sou o  🇷 🇴 🇧 🇴 *VIP 
do WhatsApp

Olá, aqui é o Moebius tudo bem?

🤖Eu sou totalmente Compatível Com: os 
▪️ Celular Android
▪️ Tablet Android
▪️ Computador 
▪️ Notebook

🤖 Mando mensagem no privado de grupo e de lista de transmissão 🤖

🤖 Eu tbm envio 
🟢 Textos,Links, imagem e vídeos
🤖 Você me programar  no seu celular , tablet ,PC e eu faço todo o trabalho  pra você 📲


🤖 E meu sistema e 100% AUTOMÁTICO. 

Essa novidade só eu tenho

🤖 Caso me compre você só irá pagar uma 💰TAXA ÚNICA,  

E eu serei seu 🤖 por apenas 

$😱😱R$67,00😱😱
            Incrível né(SÓ HOJE ESSA PROMOÇÃO!
                                                                   
🤖E o melhor de tudo e quando você me compra  você ainda vai ganha⤵️

🎁 Bônus

🚀Auto Post Facebook
🚀Extrator Facebook
🚀50 mil grupos de Whatsapp
🚀4 auto responder app
🚀app iptv pro
🚀app de extração 
🚀Gerador e validador de números para Whatsapp 

 pra que eu possa trabalhar pra você 💙

E aqui embaixo deixo o meu link do meu whatsapp para vc clicar e saber mais!

📲 Whatsapp⤵️
https://mywhats.net/AutomatizeiTudo
回复消息：代发广告、购买群发软件、session协议号 请联系
【91M Boss】 客户经理：https://t.me/bs91m1
【91M Boss】 官方交流群：https://t.me/bs91m990

=====================================================

2022-06-20
咨询客户ID：5596179380 → None
咨询消息：大老板好~
回复消息：代发广告、购买群发软件、session协议号 请联系
【91M Boss】 客户经理：https://t.me/bs91m1
【91M Boss】 官方交流群：https://t.me/bs91m990

=====================================================

2022-06-20
咨询客户ID：5463970263 → Morgan_Th40eodo_reMerleRoberEno
咨询消息：￥&%⚡️全⚡️网⚡️最⚡️有⚡️实⚡️力⚡️的⚡️平⚡️台 ⚡️最⚡️合⚡️适⚡️实⚡️力⚡️玩⚡️家⚡️超⚡️高 1.99⚡️赔⚡️率  经⚡️典⚡️玩⚡️法 开⚡️奖⚡️结⚡️果不⚡️可⚡️控 2022⚡️新⚡️风⚡️口 https://t.me/woaini4455 ⚡️哈⚡️希⚡️界⚡️的⚡️杠⚡️把⚡️子
#&！
回复消息：代发广告、购买群发软件、session协议号 请联系
【91M Boss】 客户经理：https://t.me/bs91m1
【91M Boss】 官方交流群：https://t.me/bs91m990

=====================================================

2022-06-20
咨询客户ID：5555220098 → mGzUHAriiZolok
咨询消息：好好您A1哈希，火爆来袭！欢迎来骚扰！！联系客服  suwangfu1
回复消息：代发广告、购买群发软件、session协议号 请联系
【91M Boss】 客户经理：https://t.me/bs91m1
【91M Boss】 官方交流群：https://t.me/bs91m990

=====================================================

2022-06-20
咨询客户ID：5028538404 → Robo_Cerberus_4
咨询消息：🤖 Robô para Whatsapp🤖 

Oi tudo bem eu sou o  🇷 🇴 🇧 🇴 *VIP 
do WhatsApp

Olá, aqui é o Moebius tudo bem?

🤖Eu sou totalmente Compatível Com: os 
▪️ Celular Android
▪️ Tablet Android
▪️ Computador 
▪️ Notebook

🤖 Mando mensagem no privado de grupo e de lista de transmissão 🤖

🤖 Eu tbm envio 
🟢 Textos,Links, imagem e vídeos
🤖 Você me programar  no seu celular , tablet ,PC e eu faço todo o trabalho  pra você 📲


🤖 E meu sistema e 100% AUTOMÁTICO. 

Essa novidade só eu tenho

🤖 Caso me compre você só irá pagar uma 💰TAXA ÚNICA,  

E eu serei seu 🤖 por apenas 

$😱😱R$67,00😱😱
            Incrível né(SÓ HOJE ESSA PROMOÇÃO!
                                                                   
🤖E o melhor de tudo e quando você me compra  você ainda vai ganha⤵️

🎁 Bônus

🚀Auto Post Facebook
🚀Extrator Facebook
🚀50 mil grupos de Whatsapp
🚀4 auto responder app
🚀app iptv pro
🚀app de extração 
🚀Gerador e validador de números para Whatsapp 

 pra que eu possa trabalhar pra você 💙

E aqui embaixo deixo o meu link do meu whatsapp para vc clicar e saber mais!

📲 Whatsapp⤵️
https://mywhats.net/AutomatizeiTudo
回复消息：代发广告、购买群发软件、session协议号 请联系
【91M Boss】 客户经理：https://t.me/bs91m1
【91M Boss】 官方交流群：https://t.me/bs91m990

=====================================================

2022-06-20
咨询客户ID：5485464234 → Alva_DaverCkellyharles
咨询消息：👑荣耀俱乐部竞猜👑
👑保证公平、公正、公开、透明👑
💥奖池可查 TRON公链可查 💥
联系客服 @rongyaoh1
回复消息：代发广告、购买群发软件、session协议号 请联系
【91M Boss】 客户经理：https://t.me/bs91m1
【91M Boss】 官方交流群：https://t.me/bs91m990

=====================================================

2022-06-20
咨询客户ID：1636473037 → PrPedroPeixoto
咨询消息：Áudio de Pastor Pedro Peixoto
回复消息：代发广告、购买群发软件、session协议号 请联系
【91M Boss】 客户经理：https://t.me/bs91m1
【91M Boss】 官方交流群：https://t.me/bs91m990

=====================================================

2022-06-20
咨询客户ID：5595416097 → None
咨询消息：包赔包赔 底池100W USDT https://t.me/+Aa0ZTyYQDkZkM2Rk 客服 R1xiaoxiao1668
回复消息：代发广告、购买群发软件、session协议号 请联系
【91M Boss】 客户经理：https://t.me/bs91m1
【91M Boss】 官方交流群：https://t.me/bs91m990

=====================================================

2022-06-20
咨询客户ID：1121127098 → jhonattadls
咨询消息：
回复消息：代发广告、购买群发软件、session协议号 请联系
【91M Boss】 客户经理：https://t.me/bs91m1
【91M Boss】 官方交流群：https://t.me/bs91m990

=====================================================

2022-06-20
咨询客户ID：5509408132 → None
咨询消息：https://t.me/zjko390
回复消息：代发广告、购买群发软件、session协议号 请联系
【91M Boss】 客户经理：https://t.me/bs91m1
【91M Boss】 官方交流群：https://t.me/bs91m990

=====================================================

2022-06-20
咨询客户ID：2111955748 → None
咨询消息：👑荣耀俱乐部竞猜👑
👑保证公平、公正、公开、透明👑
💥奖池可查 TRON公链可查 💥
联系客服 @rongyaoh1
回复消息：代发广告、购买群发软件、session协议号 请联系
【91M Boss】 客户经理：https://t.me/bs91m1
【91M Boss】 官方交流群：https://t.me/bs91m990

=====================================================

2022-06-20
咨询客户ID：2140656054 → None
咨询消息：👑荣耀俱乐部竞猜👑
👑保证公平、公正、公开、透明👑
💥奖池可查 TRON公链可查 💥
联系客服 @rongyaoh1
回复消息：代发广告、购买群发软件、session协议号 请联系
【91M Boss】 客户经理：https://t.me/bs91m1
【91M Boss】 官方交流群：https://t.me/bs91m990

=====================================================

2022-06-20
咨询客户ID：2113554478 → None
咨询消息：✅飞机全功能引流软件✅

✅小号批量自动群发  防删除 支持图文 视频 文件

✅批量拉人 小号自动拉入用户到自己群组

✅小号自动私发  精准客户一对一私发  高效增粉

✅群内自动聊天  炒群  炸群  活跃群氛围

✅监听机器人  监听关键词  机器人自动推送精准用户

✅协议号 僵尸粉  代拉活人 机器人定制 导航群排名

✅联系客服： @jinmaoqwe (点击复制) 频道：https://t.me/jinmao1111
回复消息：代发广告、购买群发软件、session协议号 请联系
【91M Boss】 客户经理：https://t.me/bs91m1
【91M Boss】 官方交流群：https://t.me/bs91m990

=====================================================

2022-06-20
咨询客户ID：5091665729 → lubberlinessinbounds
咨询消息：想找人发广告，  
😝 ⭐️🥭🥞🎱💵🧧💙🕎⚫️✈️Gq大带财来  
https://t.me/+4m6UnSNrkNgyYTcx
回复消息：代发广告、购买群发软件、session协议号 请联系
【91M Boss】 客户经理：https://t.me/bs91m1
【91M Boss】 官方交流群：https://t.me/bs91m990

=====================================================

2022-06-20
咨询客户ID：5154413695 → ricardowardnv
咨询消息：MDK - E T E R N ∆ L S

Após um tempo fechados, voltamos a recrutar, segue os requisitos abaixo.

- Requisitos: Rajar +15/s e ter compromisso com a team, ou ser membro antigo.

MDK - Ricardo
Wa.me//5511912051881

MDK - Withname
WA.me/+5581986749111
回复消息：代发广告、购买群发软件、session协议号 请联系
【91M Boss】 客户经理：https://t.me/bs91m1
【91M Boss】 官方交流群：https://t.me/bs91m990

=====================================================

2022-06-20
咨询客户ID：5596842978 → Jay_En_ochTayg8lo6rBa
咨询消息：128
🇵🇭菲律宾知名游戏供应商OB集团旗下OB哈希区块链游戏🔥热上线，风靡全球的数字竞猜游戏值得体验💥
🔥OB哈希，新人首单赢好礼🔥
🔥秒杀链上其他合约 土狗币 韭菜项目，每天玩个几把，轻轻松松赚个几百U🧨🧨
🎊活动说明：新注册用户，享有前5局包赔奖励，最多赔50USDT🎊
💵活动奖励：最高赔50USDT💵
🤩活动对象：新会员🤩
💥活动领取：联系客服领取💥
🎲OB哈希：多款游戏，超高赔率，任您选择
🐮牛牛玩法🍀 单双玩法🔥大小玩法👑庄闲玩法
📞OB哈希官方客服:  @HASH_OBjingjing
🔗OB哈希娱乐官网： https://hash-ob.com/#/mobile?memberId=19852347
回复消息：代发广告、购买群发软件、session协议号 请联系
【91M Boss】 客户经理：https://t.me/bs91m1
【91M Boss】 官方交流群：https://t.me/bs91m990

=====================================================

2022-06-20
咨询客户ID：5223594445 → libai91881
咨询消息：🔥铂莱最火爆的视频百家乐群火爆爆庄中🔥
💰铂莱赌场直营、秒杀一切担保💰
🔥公平公正公开的游戏投注平台🔥
🔥全网唯一一个赌场大厅现场视频🔥
🔥大额无忧、下分秒回🔥
🔥全网现场体验感最强、最真实、最人性的视频百家乐🔥
👊一切只为给您更好的娱乐，各位老板也可到现场查看游戏全程👊
🔥铂莱赌场大厅16号台验证，可现场切牌，洗牌哦🔥
💰💰💰广招代理、欢迎各位代理老板骚扰💰💰💰
💰💰充值送客房、ktv酒房、铂莱会所美女💰💰
👊铂莱视频百家乐  欢迎您的到来👊
接待员：@BLguoJ
投注群：https://t.me/+4NeGnKiwhKk1NGM9
回复消息：代发广告、购买群发软件、session协议号 请联系
【91M Boss】 客户经理：https://t.me/bs91m1
【91M Boss】 官方交流群：https://t.me/bs91m990

=====================================================

2022-06-20
咨询客户ID：5381892555 → None
咨询消息：cg哈希前五局包赔 
全网最高赔付可到1000U！ 
  还在等什么？ 快快联系我 
   客服：        @cg0168 
   客服：         @cg1168
回复消息：代发广告、购买群发软件、session协议号 请联系
【91M Boss】 客户经理：https://t.me/bs91m1
【91M Boss】 官方交流群：https://t.me/bs91m990

=====================================================

2022-06-20
咨询客户ID：5545064533 → None
咨询消息：🔥最新版电报模拟器注册机🔥

🔰模拟人工独立设备批量注册协议号

🔰批量注册 批量群发

🔰批量私信 批量拉人

🔰群组监听 号码筛活

🔰自动炒群 采集附近人

🔰可免费试用 业务频道 @tgqunfa8 

🔰上粉 僵尸 克隆拉活人,帖子阅读量

☎️自助网站 www.tgshangfen.com
回复消息：代发广告、购买群发软件、session协议号 请联系
【91M Boss】 客户经理：https://t.me/bs91m1
【91M Boss】 官方交流群：https://t.me/bs91m990

=====================================================

2022-06-20
咨询客户ID：5577749062 → None
咨询消息：AA·haxi顶级大集团1.98赔率

联系飞机领取包赔活动、投注活动●代理●系统最高1.5%返佣●联系24小时在线客服有惊喜哟~~
-
点击复制✈️： AAhaxi123 
w@c
回复消息：代发广告、购买群发软件、session协议号 请联系
【91M Boss】 客户经理：https://t.me/bs91m1
【91M Boss】 官方交流群：https://t.me/bs91m990

=====================================================

2022-06-20
咨询客户ID：5406875113 → LouisaMabel70008
咨询消息：@rlghcvaqjknmdb
🧧🧧Tg红包扫雷进群🧧🧧\n https://t.me/+i-rqnvJXrLdlOWQ1
回复消息：代发广告、购买群发软件、session协议号 请联系
【91M Boss】 客户经理：https://t.me/bs91m1
【91M Boss】 官方交流群：https://t.me/bs91m990

=====================================================

2022-06-20
咨询客户ID：5478448543 → None
咨询消息：全网最高赔率，1：95  1：98 活动超多，返佣最高1.5%
千万奖池等您来拿，单双，牛牛，庄闲，超刺激的区块链游戏~
点击复制联系客服： AAhaxi123 
!|}
回复消息：代发广告、购买群发软件、session协议号 请联系
【91M Boss】 客户经理：https://t.me/bs91m1
【91M Boss】 官方交流群：https://t.me/bs91m990

=====================================================

2022-06-20
咨询客户ID：5338504712 → kaylee1070030001
咨询消息：🔥 TG群管王 《机器人合集》

1  群发私信软件，批量私信软件 ， 日发10万人。
2  指定群成员克隆， 
3  汇旺担保记账机器人，
4  TG群管机器人

------ 注册免费试用15天   @qunbot8  

       本活动 6月21日截止。
回复消息：代发广告、购买群发软件、session协议号 请联系
【91M Boss】 客户经理：https://t.me/bs91m1
【91M Boss】 官方交流群：https://t.me/bs91m990

=====================================================

2022-06-20
咨询客户ID：2126962317 → None
咨询消息：👑荣耀俱乐部竞猜👑
👑保证公平、公正、公开、透明👑
💥奖池可查 TRON公链可查 💥
联系客服 @rongyaoh1
回复消息：代发广告、购买群发软件、session协议号 请联系
【91M Boss】 客户经理：https://t.me/bs91m1
【91M Boss】 官方交流群：https://t.me/bs91m990

=====================================================

2022-06-20
咨询客户ID：1852010896 → reatha1220435713
咨询消息：红包每天不断尽在众信，每天晚上12点准时发放USDT红包   
 
众信哈希，全网最高返水1.5,无抽水还有活动福利奖励連赢福励！   
 
https://t.me/+GGYdq5i_2CMyYmFl
回复消息：代发广告、购买群发软件、session协议号 请联系
【91M Boss】 客户经理：https://t.me/bs91m1
【91M Boss】 官方交流群：https://t.me/bs91m990

=====================================================

2022-06-20
咨询客户ID：5549484020 → WaBoothde_9bGustaveBer90
咨询消息：📌鼎盛集团-鑫银河pc28 5.0流水群震撼来袭

特邀嘉宾，赠送彩金

领取： @min886688
回复消息：代发广告、购买群发软件、session协议号 请联系
【91M Boss】 客户经理：https://t.me/bs91m1
【91M Boss】 官方交流群：https://t.me/bs91m990

=====================================================

2022-06-20
咨询客户ID：5495312635 → Ant_onio_LeopoldMParkerere
咨询消息：128
🇵🇭菲律宾知名游戏供应商OB集团旗下OB哈希区块链游戏🔥热上线，风靡全球的数字竞猜游戏值得体验💥
🔥OB哈希，新人首单赢好礼🔥
🔥秒杀链上其他合约 土狗币 韭菜项目，每天玩个几把，轻轻松松赚个几百U🧨🧨
🎊活动说明：新注册用户，享有前5局包赔奖励，最多赔50USDT🎊
💵活动奖励：最高赔50USDT💵
🤩活动对象：新会员🤩
💥活动领取：联系客服领取💥
🎲OB哈希：多款游戏，超高赔率，任您选择
🐮牛牛玩法🍀 单双玩法🔥大小玩法👑庄闲玩法
📞OB哈希官方客服:  @HASH_OBjingjing
🔗OB哈希娱乐官网： https://hash-ob.com/#/mobile?memberId=19852347
回复消息：代发广告、购买群发软件、session协议号 请联系
【91M Boss】 客户经理：https://t.me/bs91m1
【91M Boss】 官方交流群：https://t.me/bs91m990

=====================================================

2022-06-20
咨询客户ID：5566473259 → None
咨询消息：
回复消息：代发广告、购买群发软件、session协议号 请联系
【91M Boss】 客户经理：https://t.me/bs91m1
【91M Boss】 官方交流群：https://t.me/bs91m990

=====================================================

2022-06-20
咨询客户ID：5486032451 → None
咨询消息：👑保证公平、公正、公开、透明👑
💥（区块哈希值是一段数据DNA，每个哈希值都是唯一并且随机，不可破解、不可篡改，投注返奖TRON公链可查）联系t.me/rongyaohaxi
回复消息：代发广告、购买群发软件、session协议号 请联系
【91M Boss】 客户经理：https://t.me/bs91m1
【91M Boss】 官方交流群：https://t.me/bs91m990

=====================================================

2022-06-20
咨询客户ID：5172245559 → HUriahumphrey_Morkton88Giles
咨询消息：💰4484幸运哈希活动超多，彩金送不停🎉🎉🎉
💰新人捊劦，鎹388TRX
新注册琓傢首次体验，前五挶竞埰瀭錢笣婄。赢了您带走
祝您大奖中不停！！！
🆘所有活动彩金请联系在线客服申请！！！
🙆‍♀️在线客服：@hash_TG04
官方频道：https://t.me/hash4484com/132
回复消息：代发广告、购买群发软件、session协议号 请联系
【91M Boss】 客户经理：https://t.me/bs91m1
【91M Boss】 官方交流群：https://t.me/bs91m990

=====================================================

2022-06-20
咨询客户ID：2100105248 → None
咨询消息：🎺🎺代理最高65个点！！！老牌博企🦞猎杰集团🦞推出【亚洲体育】真诚期望与您合作！

另招：代理专员/组长若干名 （9休4+菲假） 待遇：1W3-1W5

地址：马尼拉ayala大道

详情咨询【红妹子】TG：@hmz2222        @xk6868
回复消息：代发广告、购买群发软件、session协议号 请联系
【91M Boss】 客户经理：https://t.me/bs91m1
【91M Boss】 官方交流群：https://t.me/bs91m990

=====================================================

2022-06-20
咨询客户ID：5345540882 → None
咨询消息：🇸🇸GTR哈希俱乐部 · 迎新玩家

🔘公开透明秒返奖同点退回
🔘精彩活动享不停，最高领取1088U
🔘专属客服随时呼叫
🔘每日反水单日准时结算
🔘奖金池链接余额记录可查

🧧交流大群不定时红包雨
🧧活动福利最高可领取1888U
📤更多详情点击简介进入群聊
回复消息：代发广告、购买群发软件、session协议号 请联系
【91M Boss】 客户经理：https://t.me/bs91m1
【91M Boss】 官方交流群：https://t.me/bs91m990

=====================================================

2022-06-20
咨询客户ID：1278112129 → None
咨询消息：👑  聚U哈希国际娱乐  👑
🎖全网最高返水返佣，赔率1.98
🎖代理最高领取千12，玩家领取千3
  活动福利更是最好
👍🏻欢迎各大代理玩家咨询，百万u资金欢迎查验
不要在小台子玩，要就在最好的
招商TG✈️：@juhx543
回复消息：代发广告、购买群发软件、session协议号 请联系
【91M Boss】 客户经理：https://t.me/bs91m1
【91M Boss】 官方交流群：https://t.me/bs91m990

=====================================================

2022-06-20
咨询客户ID：5294760142 → voka353011261
咨询消息：你好，这里是v8哈希了解更多活动请联系                                                             @limei28172    ❤️❤️
回复消息：代发广告、购买群发软件、session协议号 请联系
【91M Boss】 客户经理：https://t.me/bs91m1
【91M Boss】 官方交流群：https://t.me/bs91m990

=====================================================

2022-06-20
咨询客户ID：5102601461 → latipennate_Constitutions
咨询消息：想发广告，  
😍 ☄️🥥🥙🥎💶🎀💜✡️🟠🚘Fu财进宝  
https://t.me/+fYBXiTqKdj4zYWE9
回复消息：代发广告、购买群发软件、session协议号 请联系
【91M Boss】 客户经理：https://t.me/bs91m1
【91M Boss】 官方交流群：https://t.me/bs91m990

=====================================================

2022-06-20
咨询客户ID：5166485596 → aaxoni29gi3
咨询消息：cg哈希前五局包赔 
全网最高赔付可到1000U！ 
  还在等什么？ 快快联系我 
   客服：        @cg0168 
   客服：         @cg1168
回复消息：代发广告、购买群发软件、session协议号 请联系
【91M Boss】 客户经理：https://t.me/bs91m1
【91M Boss】 官方交流群：https://t.me/bs91m990

=====================================================

2022-06-20
咨询客户ID：2128634942 → None
咨询消息：文档四：
🎊活动说明：新注册用户，享有前3局赠送38USDT🎊
🏢 所有交易有跡可查 无需任何授权 绝对安全🏢
♦️全网最高！单双赔率1.98倍 ♦️
✨          所有项目都是即开即返✨
連赢福励！6把即可而外获得总投注5%返利！体验感包你满意！
💥活动详情请联系招商客服💥
招商客服：@luoluo764
官方网站：https://008-hash.com?channel=15
回复消息：代发广告、购买群发软件、session协议号 请联系
【91M Boss】 客户经理：https://t.me/bs91m1
【91M Boss】 官方交流群：https://t.me/bs91m990

=====================================================

2022-06-20
咨询客户ID：1761552084 → None
咨询消息：🏼🤡👄【博U娛樂城】
 百人会员在線火熱爆賺中~
🐮牛十倍玩|法贏|率高達70%以上

全網最高賠率1賠2，平台無抽取任何油費

专业：业内首家实力哈 🌸希娱乐城
實力：返|獎地|址公開可查，已突破上億成|交額

冷|錢包下|注3秒結算，💰开|奖播报实时报|奖
https://t.me/hjkgjkg12
🗣😜🤡
回复消息：代发广告、购买群发软件、session协议号 请联系
【91M Boss】 客户经理：https://t.me/bs91m1
【91M Boss】 官方交流群：https://t.me/bs91m990

=====================================================

2022-06-20
咨询客户ID：5166988183 → None
咨询消息：https://t.me/yb0004/2
回复消息：代发广告、购买群发软件、session协议号 请联系
【91M Boss】 客户经理：https://t.me/bs91m1
【91M Boss】 官方交流群：https://t.me/bs91m990

=====================================================

2022-06-20
咨询客户ID：5358720434 → None
咨询消息：WhatsApp API群发 ，无需上号，无需养号，不死号，日发10万+WhatsApp广告
专业推广引流--海外精准粉；菠菜--棋牌--彩票--股票--数字货币等
一台电脑管理100个模拟手机，同时操作100个FB账号自动发帖、私信，评论 ,一机一号一IP，不死号。
每天引流50-100+精准粉；有谷歌数据一键采集，各平台邮箱数据一键收集群发，
详情请咨询:@dengyue888
详情请咨询:@dengyue888
详情请咨询:@dengyue888
回复消息：代发广告、购买群发软件、session协议号 请联系
【91M Boss】 客户经理：https://t.me/bs91m1
【91M Boss】 官方交流群：https://t.me/bs91m990

=====================================================

2022-06-20
咨询客户ID：5018962025 → None
咨询消息：TG全能助手＋专业引流业务，联系客服： @huajuan_13
回复消息：代发广告、购买群发软件、session协议号 请联系
【91M Boss】 客户经理：https://t.me/bs91m1
【91M Boss】 官方交流群：https://t.me/bs91m990

=====================================================

2022-06-20
咨询客户ID：5347539629 → Stones794987841
咨询消息：中国黑客建立的真正的暗网杂货铺 一个真正的暗网 内容覆盖了 违禁药物 黑客培训 多种内容  你确定不来见证一下吗？链接  https://t.me/street_mall
Ronald
回复消息：代发广告、购买群发软件、session协议号 请联系
【91M Boss】 客户经理：https://t.me/bs91m1
【91M Boss】 官方交流群：https://t.me/bs91m990

=====================================================

2022-06-20
咨询客户ID：5488406211 → None
咨询消息：M9哈希全新平台 福利自己领 底池400W USDT 客服飞机号 xiaoshi112 群链接 https://t.me/+hlsj9EDLyL43Njg1
回复消息：代发广告、购买群发软件、session协议号 请联系
【91M Boss】 客户经理：https://t.me/bs91m1
【91M Boss】 官方交流群：https://t.me/bs91m990

=====================================================

2022-06-20
咨询客户ID：1849373094 → sovcumelisiniz
咨询消息：https://t.me/+kJNIpTMVHKI2NGNl
回复消息：代发广告、购买群发软件、session协议号 请联系
【91M Boss】 客户经理：https://t.me/bs91m1
【91M Boss】 官方交流群：https://t.me/bs91m990

=====================================================

2022-06-20
咨询客户ID：2034921500 → mardell641180013
咨询消息：⛩东方会哈希 竞彩俱乐部⛩ 
平台六月最新活动更新，活动时间有限 
加入实现你的财富梦想💰💰 
 
新玩家包赔最高领取4️⃣8️⃣.8️⃣USDT 
玩家亏损救援金扶持最高赠送6️⃣% 
每日投注局数最高领取1️⃣8️⃣8️⃣.8️⃣8️⃣USDT 
连赢最高赠送总投注的1️⃣0️⃣0️⃣% 
每周投注最高送8️⃣8️⃣8️⃣.8️⃣8️⃣USDT 
其他平台老玩家最高送1️⃣8️⃣8️⃣8️⃣USDT 
https://t.me/+Yeb3Cv5V6tpmYzY1 
 
🌵疯狂6月活动大放送，TRX用户参与游戏活动也可以领取哦！ 
💎💎平台保证公开，公正，透明，最可靠的加密货币竞彩娱乐平台！
回复消息：代发广告、购买群发软件、session协议号 请联系
【91M Boss】 客户经理：https://t.me/bs91m1
【91M Boss】 官方交流群：https://t.me/bs91m990

=====================================================

2022-06-20
咨询客户ID：5327343614 → xEJdlNaomiykSHem
咨询消息：全网最高赔率，1：95  1：98 活动超多，返佣最高1.5%
千万奖池等您来拿，单双，牛牛，庄闲，超刺激的区块链游戏~
点击复制联系客服： AAhaxi123 
z?t
回复消息：代发广告、购买群发软件、session协议号 请联系
【91M Boss】 客户经理：https://t.me/bs91m1
【91M Boss】 官方交流群：https://t.me/bs91m990

=====================================================

2022-06-20
咨询客户ID：5104389541 → None
咨询消息：Z8哈希 USDT投注 中奖秒返
16种玩法 赔率高活动多！
百万USDT等您来爆庄！
牛牛投注：TYLjt293Pk4sP3BUaY545jVwP2mNUNNNNN
幸运投注：TDUTHB9DhSTUWDeRoDszXNqc6Z4UeYYYYY

Z8官网：    z8hash11.com
招商热线： @Z8zhaoshang1
官方客服:    @z8hash09
官方频道：   t.me/z8_hxyl
回复消息：代发广告、购买群发软件、session协议号 请联系
【91M Boss】 客户经理：https://t.me/bs91m1
【91M Boss】 官方交流群：https://t.me/bs91m990

=====================================================

2022-06-20
咨询客户ID：5517184597 → None
咨询消息：全网最高赔率，1：95  1：98 活动超多，返佣最高1.5%
千万奖池等您来拿，单双，牛牛，庄闲，超刺激的区块链游戏~
点击复制联系客服： AAhaxi123 
't,
回复消息：代发广告、购买群发软件、session协议号 请联系
【91M Boss】 客户经理：https://t.me/bs91m1
【91M Boss】 官方交流群：https://t.me/bs91m990

=====================================================

2022-06-20
咨询客户ID：1437231992 → gaeliyaan
咨询消息：♀️💋🎖🎖55~88娱~乐~城千人在~线爆~庄中🎖🎖
⭐️所有冷|🏆|包保持1-3秒高效返|奖
🧚‍♀️實力：返|獎地址公開可查，已突破上億成|交額

https://t.me/wrfvwasefcfdv10/53759
点击进入玩|家投|注开|奖播报qun
️🌹🧚
回复消息：代发广告、购买群发软件、session协议号 请联系
【91M Boss】 客户经理：https://t.me/bs91m1
【91M Boss】 官方交流群：https://t.me/bs91m990

=====================================================

2022-06-20
咨询客户ID：5550312194 → None
咨询消息：
回复消息：代发广告、购买群发软件、session协议号 请联系
【91M Boss】 客户经理：https://t.me/bs91m1
【91M Boss】 官方交流群：https://t.me/bs91m990

=====================================================

2022-06-20
咨询客户ID：2050361887 → None
咨询消息：皇冠-娱乐
👇👇👇👇 t.me/hgylc010/30
回复消息：代发广告、购买群发软件、session协议号 请联系
【91M Boss】 客户经理：https://t.me/bs91m1
【91M Boss】 官方交流群：https://t.me/bs91m990

=====================================================

2022-06-20
咨询客户ID：5480711856 → antonio_lv52pu
咨询消息：全网最高赔率，1：95  1：98 活动超多，返佣最高1.5%
千万奖池等您来拿，单双，牛牛，庄闲，超刺激的区块链游戏~
点击复制联系客服： AAhaxi123 
eu/
回复消息：代发广告、购买群发软件、session协议号 请联系
【91M Boss】 客户经理：https://t.me/bs91m1
【91M Boss】 官方交流群：https://t.me/bs91m990

=====================================================

2022-06-20
咨询客户ID：5550312194 → None
咨询消息：
回复消息：代发广告、购买群发软件、session协议号 请联系
【91M Boss】 客户经理：https://t.me/bs91m1
【91M Boss】 官方交流群：https://t.me/bs91m990

=====================================================

2022-06-20
咨询客户ID：5353062350 → None
咨询消息：🏎GTR哈希俱乐部火热开张，下注最高赠送888U💰，巨额福利送不停！全网最高待遇招商欢迎合作洽谈☎️ https://t.me/GTRtz
回复消息：代发广告、购买群发软件、session协议号 请联系
【91M Boss】 客户经理：https://t.me/bs91m1
【91M Boss】 官方交流群：https://t.me/bs91m990

=====================================================

2022-06-20
咨询客户ID：5418496494 → None
咨询消息：1
回复消息：代发广告、购买群发软件、session协议号 请联系
【91M Boss】 客户经理：https://t.me/bs91m1
【91M Boss】 官方交流群：https://t.me/bs91m990

=====================================================

2022-06-20
咨询客户ID：5418496494 → None
咨询消息：此号小号不回复详情联系主号： @xiaohanrj4
可以订阅一下频道随时关注最新公告：https://t.me/xiaohangzs6
回复消息：代发广告、购买群发软件、session协议号 请联系
【91M Boss】 客户经理：https://t.me/bs91m1
【91M Boss】 官方交流群：https://t.me/bs91m990

=====================================================

2022-06-20
咨询客户ID：5418496494 → None
咨询消息：此号小号不回复详情联系主号： @xiaohanrj4
可以订阅一下频道随时关注最新公告：https://t.me/xiaohangzs6
回复消息：代发广告、购买群发软件、session协议号 请联系
【91M Boss】 客户经理：https://t.me/bs91m1
【91M Boss】 官方交流群：https://t.me/bs91m990

=====================================================

2022-06-20
咨询客户ID：1848543069 → None
咨询消息：全新越南车 https://t.me/qmszx
回复消息：代发广告、购买群发软件、session协议号 请联系
【91M Boss】 客户经理：https://t.me/bs91m1
【91M Boss】 官方交流群：https://t.me/bs91m990

=====================================================

2022-06-20
咨询客户ID：1335297378 → verna_4s0p71
咨询消息：🔥万达国际🔥
 🎉 6月盛大开业🎉
       全网首发  震撼来袭 
 回馈新老会员前5把包赔 
 ㊗️祝老板旗开得胜 赢钱多多💵
 人人都是大庄家！

公群：wanda5188（复制ID搜索）
回复消息：代发广告、购买群发软件、session协议号 请联系
【91M Boss】 客户经理：https://t.me/bs91m1
【91M Boss】 官方交流群：https://t.me/bs91m990

=====================================================

2022-06-20
咨询客户ID：5462599478 → KevAr3thurin_Thomashardy
咨询消息：👑  聚U哈希国际娱乐  👑
🎖全网最高返水返佣，赔率1.98
🎖代理最高领取千12，玩家领取千3
  活动福利更是最好
👍🏻欢迎各大代理玩家咨询，百万u资金欢迎查验
不要在小台子玩，要就在最好的
招商TG✈️：@juhx543
回复消息：代发广告、购买群发软件、session协议号 请联系
【91M Boss】 客户经理：https://t.me/bs91m1
【91M Boss】 官方交流群：https://t.me/bs91m990

=====================================================

2022-06-20
咨询客户ID：5378762437 → None
咨询消息：🇨🇳萝卜TG最强营销神器🇨🇳🔥24小时全自动裙发🔥
✅批量✅采集✅拉人✅私信✅炒群
✈️软件测试 @luobo09
🔷更有-代发-代拉-僵尸-活粉-直登号-协议号🔷
🤖监听机器人🤖接各种机器人定制🤖
回复消息：代发广告、购买群发软件、session协议号 请联系
【91M Boss】 客户经理：https://t.me/bs91m1
【91M Boss】 官方交流群：https://t.me/bs91m990

=====================================================

2022-06-20
咨询客户ID：5517439699 → None
咨询消息：就在这时资金盘突然转变，充值量飙升，开始有上百万充值量了，我们看到好转起来就没日没夜的继续努力做着。慢慢做到几百万一天，很快的账上资金达到1.5亿，我们就去找陈峰要发分红工资，但是他拖着，说我们没见过钱一样，说这个盘起码做到10个亿，到时再分大钱。当然我们也知道问题不大，保底6-7个亿肯定有，所以我们又听他的话先做下去，毕竟我们认识很多年了，大家都是想发展想赚大钱的人！
回复消息：代发广告、购买群发软件、session协议号 请联系
【91M Boss】 客户经理：https://t.me/bs91m1
【91M Boss】 官方交流群：https://t.me/bs91m990

=====================================================

2022-06-20
咨询客户ID：718995591 → dKVDmmu963215
咨询消息：💥9~9~9~7~7~哈~希💥

🏆老板好！🏆

🏆所有类型游戏回款秒到🏆

🏆备用资金百万U 欢迎来娱乐🏆

🏆前五局包赔付哦🏆
哈希交流群：https://t.me/hash99977yyy
回复消息：代发广告、购买群发软件、session协议号 请联系
【91M Boss】 客户经理：https://t.me/bs91m1
【91M Boss】 官方交流群：https://t.me/bs91m990

=====================================================

2022-06-20
咨询客户ID：5505160219 → Joenas_AnselSamKeBensonnl
咨询消息：我们是南博湾官方，希望创造在菲一个良好的工作环境，大家如果禧欢可以进入频道看各公司的简章，帮助大家找到更好的工作机会。https://t.me/NO1Hrgroup
回复消息：代发广告、购买群发软件、session协议号 请联系
【91M Boss】 客户经理：https://t.me/bs91m1
【91M Boss】 官方交流群：https://t.me/bs91m990

=====================================================

2022-06-20
咨询客户ID：2133537176 → None
咨询消息：Ｚ８哈希区块链最新竞彩玩法 奖金１９８０
⭕️代理加盟：佣金比例全网最高⭕️
活动一、新人注册奖励28USDT、活动二、每邀请一个会员送10USDT
活动三、连续签到三天送18USDT、活动四、连赢奖励最高送投注额100%
活动五、累计局数最高奖励888U、活动六、爆庄奖励最高奖励8888U
活动七、玩家救济金负盈利最高送5%
活动八、Z8哈希回馈玩家的大秀活动群第三群即将开群，人数达300即开启美女大秀福利之夜！各位狼友敬请期待！！
活动联系：  @z8zhaoshang9
官方频道：  @z8_hxyl
官网地址：  http://z8hash11.com
大秀活动群：@z8daxiu
回复消息：代发广告、购买群发软件、session协议号 请联系
【91M Boss】 客户经理：https://t.me/bs91m1
【91M Boss】 官方交流群：https://t.me/bs91m990

=====================================================

2022-06-20
咨询客户ID：5404202336 → jwlugywnprb
咨询消息：⚽️欧宝体育🏆诚招代理🎗合作共赢
🌟：负盈利佣金分红55%（1w=5500）
🌟：会员首存复存有彩金，人头费300/个
🌟：体育，电竞流水佣金2%扶持（其它0.2%）
🌟：介绍代理分8%+专享：独立代理后台和推广域名
好消息🎉好福利🎉好扶持🎉直到世界杯结束当月5个活跃即可享受55%佣金分红💵
招商频道：@obaji182888
中文成人指南频道：@zhongwen1828
☎️telegram：@obaji1828
☎️Flygram+：obaji1828
☎️potato: ob1828
📣欧宝官方永久域名： 588ob.cn  （浏览器打开）
回复消息：代发广告、购买群发软件、session协议号 请联系
【91M Boss】 客户经理：https://t.me/bs91m1
【91M Boss】 官方交流群：https://t.me/bs91m990

=====================================================

2022-06-20
咨询客户ID：5573219780 → None
咨询消息：🔥易博百家乐🔥
💎开户存送88—12888U
💎诚招代理码粮退2%
🚀 TG爆庄群: @YBGJ8
————————————
🌈菲律宾索莱尔赌场实时开奖
🌈百万USDT超级爆庄金池
🌈易博国际恭候各位老板进群
**d
回复消息：代发广告、购买群发软件、session协议号 请联系
【91M Boss】 客户经理：https://t.me/bs91m1
【91M Boss】 官方交流群：https://t.me/bs91m990

=====================================================

2022-06-20
咨询客户ID：5305023072 → None
咨询消息：你好，这里是v8哈希了解更多活动请联系                                                             @limei28172    ❤️❤️
回复消息：代发广告、购买群发软件、session协议号 请联系
【91M Boss】 客户经理：https://t.me/bs91m1
【91M Boss】 官方交流群：https://t.me/bs91m990

=====================================================

2022-06-20
咨询客户ID：5307516689 → None
咨询消息：TBR哈希竞猜游戏，无需充值提现！转账即投注！区块链透明开奖！奖金3秒返回钱包！
更有新人福利大礼包详情咨询下方联系方式
官方网址：https://009-hash.com?channel=16
招商TG：@TBR_nuonuo
回复消息：代发广告、购买群发软件、session协议号 请联系
【91M Boss】 客户经理：https://t.me/bs91m1
【91M Boss】 官方交流群：https://t.me/bs91m990

=====================================================

2022-06-20
咨询客户ID：5257339248 → None
咨询消息：TBR哈希竞猜游戏，无需充值提现！转账即投注！区块链透明开奖！奖金3秒返回钱包！
更有新人福利大礼包详情咨询下方联系方式
官方网址：https://009-hash.com?channel=16
招商TG：@TBR_nuonuo
回复消息：代发广告、购买群发软件、session协议号 请联系
【91M Boss】 客户经理：https://t.me/bs91m1
【91M Boss】 官方交流群：https://t.me/bs91m990

=====================================================

2022-06-20
咨询客户ID：5579887460 → Keva55888438
咨询消息：滴滴滴 在吗？
回复消息：代发广告、购买群发软件、session协议号 请联系
【91M Boss】 客户经理：https://t.me/bs91m1
【91M Boss】 官方交流群：https://t.me/bs91m990

=====================================================

2022-06-20
咨询客户ID：5391183589 → Ber412nGeorgeci_e_Ed
咨询消息：
回复消息：代发广告、购买群发软件、session协议号 请联系
【91M Boss】 客户经理：https://t.me/bs91m1
【91M Boss】 官方交流群：https://t.me/bs91m990

=====================================================

2022-06-20
咨询客户ID：5486582460 → Michael410165410
咨询消息：聊聊合作的事情
回复消息：代发广告、购买群发软件、session协议号 请联系
【91M Boss】 客户经理：https://t.me/bs91m1
【91M Boss】 官方交流群：https://t.me/bs91m990

=====================================================

2022-06-20
咨询客户ID：5500876726 → krixi69324726
咨询消息：兄弟，今天过得如何？
回复消息：代发广告、购买群发软件、session协议号 请联系
【91M Boss】 客户经理：https://t.me/bs91m1
【91M Boss】 官方交流群：https://t.me/bs91m990

=====================================================

2022-06-20
咨询客户ID：5305744775 → Platypus_bocoy
咨询消息：联系客服 @A8_customer
https://t.me/A8dafuhao
https://t.me/Tg_16888
🧧🧧🧧大富豪哈希红包私密群🧧🧧🧧
https://t.me/+D1fqh5C_IJ5jYmM1
🧧Welcome to 🅰️🎱hash Group📣🧧
https://t.me/+yX7O-W5A0lZjOTQ0
 🅰️🎱哈希💎频道💎
https://t.me/Tz_888888
💵大富豪新玩家·日返水结算1.2·💵
💵代理可享受1.2反水+10负盈利提成·💵
回复消息：代发广告、购买群发软件、session协议号 请联系
【91M Boss】 客户经理：https://t.me/bs91m1
【91M Boss】 官方交流群：https://t.me/bs91m990

=====================================================

2022-06-20
咨询客户ID：5522540405 → None
咨询消息：https://t.me/+VkC4lmUu55hkYmI1
回复消息：代发广告、购买群发软件、session协议号 请联系
【91M Boss】 客户经理：https://t.me/bs91m1
【91M Boss】 官方交流群：https://t.me/bs91m990

=====================================================

2022-06-20
咨询客户ID：5154413695 → ricardowardnv
咨询消息：+1 block da team "FSH"
回复消息：代发广告、购买群发软件、session协议号 请联系
【91M Boss】 客户经理：https://t.me/bs91m1
【91M Boss】 官方交流群：https://t.me/bs91m990

=====================================================

2022-06-20
咨询客户ID：5321441312 → lamsynhan590
咨询消息：中国黑客建立的真正的暗网杂货铺 一个真正的暗网 内容覆盖了 违禁药物 黑客培训 多种内容  你确定不来见证一下吗？链接  https://t.me/street_mall
Emmet
回复消息：代发广告、购买群发软件、session协议号 请联系
【91M Boss】 客户经理：https://t.me/bs91m1
【91M Boss】 官方交流群：https://t.me/bs91m990

=====================================================

2022-06-20
咨询客户ID：5300945175 → gf7df1f2
咨询消息：🥰🥰😇￥全%自5动裙发%私信$拉人软件可测试# 僵尸#活人$飞机号协议号大批量批发🙊更有机器人定制%  @mmgzs_bot️☺😊
回复消息：代发广告、购买群发软件、session协议号 请联系
【91M Boss】 客户经理：https://t.me/bs91m1
【91M Boss】 官方交流群：https://t.me/bs91m990

=====================================================

2022-06-20
咨询客户ID：1058492268 → None
咨询消息：在吗？
回复消息：代发广告、购买群发软件、session协议号 请联系
【91M Boss】 客户经理：https://t.me/bs91m1
【91M Boss】 官方交流群：https://t.me/bs91m990

=====================================================

2022-06-20
咨询客户ID：5380317977 → MCO666fAt
咨询消息：🧧🧧【贵宾会】🧧🧧 
✔️汇旺押金200万💵USDT✔️
——————————————————
为回馈新老客户推出以下活动
——————————————————

快3骰子存款福利：
❤️新用户首次存款赠送10%→（最高送3888）
❤️二次存款笔笔存笔笔赠送5%彩金 （最高3888）

❣️以上福利一倍流水即可提现❣️
（注：同时下注超过2个组合以上必须达到充值金额加彩金的三倍流水才可提现）
—————————————————
PC28福利：
❤️新老用户每笔存款赠送3%

❣️同时下注2个组合以上包含必须本金加彩金的3倍流水并且同时下注单式投注3期以上和组合同等金额即可提现❣️
——————————————————
❣️以上福利活动如果每期下注都只下注单式例如：单1000 或 大1000大单1000（本金加存款只需2倍流水即可提现）❣️
——————————————————
每周负盈利返利5% （要求必须达到每周总充值金额3倍流水方可申请，每周一联系客服申请）（逾期未领视为自动放弃）
——————————————————
💋贵宾会vip红包群每天发红包，请私聊客服进群💋
💋充值未领取福利一倍流水即可下分💋
回复消息：代发广告、购买群发软件、session协议号 请联系
【91M Boss】 客户经理：https://t.me/bs91m1
【91M Boss】 官方交流群：https://t.me/bs91m990

=====================================================

2022-06-20
咨询客户ID：1677890968 → None
咨询消息：超 高 仿 U 可 查 链 有 图 标 余 额 

有 需 的先看频道了解一下 

看这个频道　 GFU11111  (点击复制) 

不 定  时 还 有 黑 U 到 货 了解完频道在咨询我
回复消息：代发广告、购买群发软件、session协议号 请联系
【91M Boss】 客户经理：https://t.me/bs91m1
【91M Boss】 官方交流群：https://t.me/bs91m990

=====================================================

2022-06-20
咨询客户ID：2010313422 → HangLanh14080
咨询消息：https://t.me/juhx21
回复消息：代发广告、购买群发软件、session协议号 请联系
【91M Boss】 客户经理：https://t.me/bs91m1
【91M Boss】 官方交流群：https://t.me/bs91m990

=====================================================

2022-06-20
咨询客户ID：890568602 → None
咨询消息：西港娱乐城-柬埔寨最大网上娱乐平台
电子、捕鱼、百家乐、龙虎、棋牌等综合性平台
顶级信誉-提款无忧，诚招代理，福利搞，待遇好
注册送28-388元，首存送1888，
凭截图联系飞机客服领取即可

飞机客服：@xigang555
官方网址： xigang88.com
回复消息：代发广告、购买群发软件、session协议号 请联系
【91M Boss】 客户经理：https://t.me/bs91m1
【91M Boss】 官方交流群：https://t.me/bs91m990

=====================================================

2022-06-20
咨询客户ID：5028270398 → None
咨询消息：老板你好，文王钱庄收U提供白资送现、转账、ATM现存、代付，全国可上门！如有打扰望海涵，如有需要请联系客服I.D FeitianM wenwang666
回复消息：代发广告、购买群发软件、session协议号 请联系
【91M Boss】 客户经理：https://t.me/bs91m1
【91M Boss】 官方交流群：https://t.me/bs91m990

=====================================================

2022-06-20
咨询客户ID：1005061314 → None
咨询消息：🔥 BMW哈希平台🔥

🔥新人下注最高送888U！🔥

   玩法丰富 拒绝单一

  全网最高 牛牛10.0 幸运2.0
   
  最高代理待遇 返佣

   hxi.wiki

添加小妹  @ouou168555
回复消息：代发广告、购买群发软件、session协议号 请联系
【91M Boss】 客户经理：https://t.me/bs91m1
【91M Boss】 官方交流群：https://t.me/bs91m990

=====================================================

2022-06-20
咨询客户ID：1758720100 → None
咨询消息：西港娱乐城-柬埔寨最大网上娱乐平台
电子、捕鱼、百家乐、龙虎、棋牌等综合性平台
顶级信誉-提款无忧，诚招代理，福利搞，待遇好
注册送28-388元，首存送1888，
凭截图联系飞机客服领取即可
飞机客服：@xigang555
官方网址：  xigang88.com
回复消息：代发广告、购买群发软件、session协议号 请联系
【91M Boss】 客户经理：https://t.me/bs91m1
【91M Boss】 官方交流群：https://t.me/bs91m990

=====================================================

2022-06-20
咨询客户ID：5108934936 → None
咨询消息：九馆娱乐加拿大PC28电报在线投注群
❤️【VIP活动】❤️
活动一每日首充送5%
活动二笔笔充值送1%,一倍流水即可提现！
活动三2.5%+5%（10000流水反250，负盈利5%

更有高赔率 高反水 全新代理模式！

九馆娱乐公告群：https://t.me/+IxH4o-i1Xb01Yzhl
回复消息：代发广告、购买群发软件、session协议号 请联系
【91M Boss】 客户经理：https://t.me/bs91m1
【91M Boss】 官方交流群：https://t.me/bs91m990

=====================================================

2022-06-20
咨询客户ID：5199376293 → None
咨询消息：OKXBET亚洲数一数二的加密货币平台，千种游戏任您选择，全程加密货币存取，无需实名或者手机号码绑定，安全无忧，7*24小时在线客服，随时兑换，体育实况直播，随时投注，欢迎您的到来！
官网：www.okxbet3点com
电报联系：@okx12345
联系电报专员还有更多优惠哦！
回复消息：代发广告、购买群发软件、session协议号 请联系
【91M Boss】 客户经理：https://t.me/bs91m1
【91M Boss】 官方交流群：https://t.me/bs91m990

=====================================================

2022-06-20
咨询客户ID：5134232546 → None
咨询消息：1
回复消息：代发广告、购买群发软件、session协议号 请联系
【91M Boss】 客户经理：https://t.me/bs91m1
【91M Boss】 官方交流群：https://t.me/bs91m990

=====================================================

2022-06-20
咨询客户ID：2086065990 → None
咨询消息：99977哈❤️希  会😍员福😍利 
👉客服:@a198304 ❤️ 试手气 玩两把  带您赚零花🔥
玩法丰富🌟拒绝单一 ❤️‍🔥全网最高 陪率2.0  公开-透明-公正-安全💕亏损分红模式 日流水返佣🍄
回复消息：代发广告、购买群发软件、session协议号 请联系
【91M Boss】 客户经理：https://t.me/bs91m1
【91M Boss】 官方交流群：https://t.me/bs91m990

=====================================================

2022-06-20
咨询客户ID：5360894670 → None
咨询消息：春风十里不如您 

哈希奖金等着您

http://153312.com

妹妹等着您   @qiuqiu168555
回复消息：代发广告、购买群发软件、session协议号 请联系
【91M Boss】 客户经理：https://t.me/bs91m1
【91M Boss】 官方交流群：https://t.me/bs91m990

=====================================================

2022-06-20
咨询客户ID：5395647180 → Joh_n_FredericKentLo42
咨询消息：
回复消息：代发广告、购买群发软件、session协议号 请联系
【91M Boss】 客户经理：https://t.me/bs91m1
【91M Boss】 官方交流群：https://t.me/bs91m990

=====================================================

2022-06-20
咨询客户ID：5303332545 → sjjy9
咨询消息：请联系本人业务号   @tt969
回复消息：代发广告、购买群发软件、session协议号 请联系
【91M Boss】 客户经理：https://t.me/bs91m1
【91M Boss】 官方交流群：https://t.me/bs91m990

=====================================================

2022-06-20
咨询客户ID：5303332545 → sjjy9
咨询消息：此号是广告号不回复 请联系   @mc8988
回复消息：代发广告、购买群发软件、session协议号 请联系
【91M Boss】 客户经理：https://t.me/bs91m1
【91M Boss】 官方交流群：https://t.me/bs91m990

=====================================================

2022-06-20
咨询客户ID：5303332545 → sjjy9
咨询消息：此号是广告号不回复 请联系   @mc8988
回复消息：代发广告、购买群发软件、session协议号 请联系
【91M Boss】 客户经理：https://t.me/bs91m1
【91M Boss】 官方交流群：https://t.me/bs91m990

=====================================================

2022-06-20
咨询客户ID：5453019355 → Gaeral169d_BowenVitoInayat
咨询消息：None
回复消息：代发广告、购买群发软件、session协议号 请联系
【91M Boss】 客户经理：https://t.me/bs91m1
【91M Boss】 官方交流群：https://t.me/bs91m990

=====================================================

2022-06-20
咨询客户ID：5303332545 → sjjy9
咨询消息：此号是广告号不回复 请联系   @mc8988
回复消息：代发广告、购买群发软件、session协议号 请联系
【91M Boss】 客户经理：https://t.me/bs91m1
【91M Boss】 官方交流群：https://t.me/bs91m990

=====================================================

2022-06-20
咨询客户ID：5303332545 → sjjy9
咨询消息：此号是广告号不回复 请联系   @mc8988
回复消息：代发广告、购买群发软件、session协议号 请联系
【91M Boss】 客户经理：https://t.me/bs91m1
【91M Boss】 官方交流群：https://t.me/bs91m990

=====================================================

2022-06-20
咨询客户ID：5453019355 → Gaeral169d_BowenVitoInayat
咨询消息：🧑🏻‍⚖️💁🏻  @zzhucang
回复消息：代发广告、购买群发软件、session协议号 请联系
【91M Boss】 客户经理：https://t.me/bs91m1
【91M Boss】 官方交流群：https://t.me/bs91m990

=====================================================

2022-06-20
咨询客户ID：5303332545 → sjjy9
咨询消息：此号是广告号不回复 请联系   @mc8988
回复消息：代发广告、购买群发软件、session协议号 请联系
【91M Boss】 客户经理：https://t.me/bs91m1
【91M Boss】 官方交流群：https://t.me/bs91m990

=====================================================

2022-06-20
咨询客户ID：5303332545 → sjjy9
咨询消息：此号是广告号不回复 请联系   @mc8988
回复消息：代发广告、购买群发软件、session协议号 请联系
【91M Boss】 客户经理：https://t.me/bs91m1
【91M Boss】 官方交流群：https://t.me/bs91m990

=====================================================

2022-06-20
咨询客户ID：5303332545 → sjjy9
咨询消息：此号是广告号不回复 请联系   @mc8988
回复消息：代发广告、购买群发软件、session协议号 请联系
【91M Boss】 客户经理：https://t.me/bs91m1
【91M Boss】 官方交流群：https://t.me/bs91m990

=====================================================

2022-06-20
咨询客户ID：5303332545 → sjjy9
咨询消息：此号是广告号不回复 请联系   @mc8988
回复消息：代发广告、购买群发软件、session协议号 请联系
【91M Boss】 客户经理：https://t.me/bs91m1
【91M Boss】 官方交流群：https://t.me/bs91m990

=====================================================

2022-06-20
咨询客户ID：5154413695 → ricardowardnv
咨询消息：MDK - ADMS

• Bom, boa noite a todos, viemos aqui declarar guerra à team denominada "Boris", bom, estávamos na nossa até receber uma suposta ameaça de uma futura guerra, e vamos agir primeiro. 

• Será uma guerra objetiva, começaremos nas travas, e será revidado à altura. Boa sorte e uma boa noite a todos.

𝐌𝐃𝐊 - 𝐀𝐑𝐌𝐀𝐆𝐄𝐃𝐃𝐎𝐍

MDK - RICARDO
MDK - SÓCRATES 
MDK - ASTHAROTH
MDK - AZAZEL
MDK - iFALEN
MDK - MINATO
MDK - SHIZUI
MDK - JAMES
MDK - KAUA
MDK - KURTXZ
MDK - BARACHIEL
✵═════卐═════✵
回复消息：代发广告、购买群发软件、session协议号 请联系
【91M Boss】 客户经理：https://t.me/bs91m1
【91M Boss】 官方交流群：https://t.me/bs91m990

=====================================================

2022-06-20
咨询客户ID：5303332545 → sjjy9
咨询消息：此号是广告号不回复 请联系   @mc8988
回复消息：代发广告、购买群发软件、session协议号 请联系
【91M Boss】 客户经理：https://t.me/bs91m1
【91M Boss】 官方交流群：https://t.me/bs91m990

=====================================================

2022-06-20
咨询客户ID：5303332545 → sjjy9
咨询消息：此号是广告号不回复 请联系   @mc8988
回复消息：代发广告、购买群发软件、session协议号 请联系
【91M Boss】 客户经理：https://t.me/bs91m1
【91M Boss】 官方交流群：https://t.me/bs91m990

=====================================================

2022-06-20
咨询客户ID：5154413695 → ricardowardnv
咨询消息：MDK - ADMS

- Viemos anunciar o velório bem capivarudo, de número #1 da Boris, segue os mortos:

1 - wa.me/+553588289919

2 - wa.me/+554499624136

3 - wa.me/+551694108227

"A guerra começa, quando vocês insultam a capivara"

𝐌𝐃𝐊 - 𝐀𝐑𝐌𝐀𝐆𝐄𝐃𝐃𝐎𝐍

MDK - RICARDO
MDK - SÓCRATES 
MDK - ASTHAROTH
MDK - AZAZEL
MDK - iFALEN
MDK - MINATO
MDK - SHIZUI
MDK - JAMES
MDK - KAUA
MDK - KURTXZ
MDK - BARACHIEL
✵═════卐═════✵
回复消息：代发广告、购买群发软件、session协议号 请联系
【91M Boss】 客户经理：https://t.me/bs91m1
【91M Boss】 官方交流群：https://t.me/bs91m990

=====================================================

2022-06-20
咨询客户ID：5303332545 → sjjy9
咨询消息：此号是广告号不回复 请联系   @mc8988
回复消息：代发广告、购买群发软件、session协议号 请联系
【91M Boss】 客户经理：https://t.me/bs91m1
【91M Boss】 官方交流群：https://t.me/bs91m990

=====================================================

2022-06-20
咨询客户ID：5357364085 → cherlyn250516817
咨询消息：每日不定时红包雨，最高可抢555U！！https://t.me/MGpcnn/21
回复消息：代发广告、购买群发软件、session协议号 请联系
【91M Boss】 客户经理：https://t.me/bs91m1
【91M Boss】 官方交流群：https://t.me/bs91m990

=====================================================

2022-06-20
咨询客户ID：5303332545 → sjjy9
咨询消息：此号是广告号不回复 请联系   @mc8988
回复消息：代发广告、购买群发软件、session协议号 请联系
【91M Boss】 客户经理：https://t.me/bs91m1
【91M Boss】 官方交流群：https://t.me/bs91m990

=====================================================

2022-06-20
咨询客户ID：5303332545 → sjjy9
咨询消息：此号是广告号不回复 请联系   @mc8988
回复消息：代发广告、购买群发软件、session协议号 请联系
【91M Boss】 客户经理：https://t.me/bs91m1
【91M Boss】 官方交流群：https://t.me/bs91m990

=====================================================

2022-06-20
咨询客户ID：5303332545 → sjjy9
咨询消息：此号是广告号不回复 请联系   @mc8988
回复消息：代发广告、购买群发软件、session协议号 请联系
【91M Boss】 客户经理：https://t.me/bs91m1
【91M Boss】 官方交流群：https://t.me/bs91m990

=====================================================

2022-06-20
咨询客户ID：5303332545 → sjjy9
咨询消息：此号是广告号不回复 请联系   @mc8988
回复消息：代发广告、购买群发软件、session协议号 请联系
【91M Boss】 客户经理：https://t.me/bs91m1
【91M Boss】 官方交流群：https://t.me/bs91m990

=====================================================

2022-06-20
咨询客户ID：5303332545 → sjjy9
咨询消息：此号是广告号不回复 请联系   @mc8988
回复消息：代发广告、购买群发软件、session协议号 请联系
【91M Boss】 客户经理：https://t.me/bs91m1
【91M Boss】 官方交流群：https://t.me/bs91m990

=====================================================

2022-06-20
咨询客户ID：5154413695 → ricardowardnv
咨询消息：MDK - ADMS

- Viemos anunciar o velório bem capivarudo, de número #2 da Boris, segue os mortos:

1 - wa.me/+553588289919

2 - WA.me/+559199175877

3 - wa.me/+551694108227

"A guerra começa, quando vocês insultam a capivara"

𝐌𝐃𝐊 - 𝐀𝐑𝐌𝐀𝐆𝐄𝐃𝐃𝐎𝐍

MDK - RICARDO
MDK - SÓCRATES 
MDK - ASTHAROTH
MDK - AZAZEL
MDK - iFALEN
MDK - MINATO
MDK - SHIZUI
MDK - JAMES
MDK - KAUA
MDK - KURTXZ
MDK - BARACHIEL
✵═════卐═════✵
回复消息：代发广告、购买群发软件、session协议号 请联系
【91M Boss】 客户经理：https://t.me/bs91m1
【91M Boss】 官方交流群：https://t.me/bs91m990

=====================================================

2022-06-20
咨询客户ID：5154413695 → ricardowardnv
咨询消息：
回复消息：代发广告、购买群发软件、session协议号 请联系
【91M Boss】 客户经理：https://t.me/bs91m1
【91M Boss】 官方交流群：https://t.me/bs91m990

=====================================================

2022-06-20
咨询客户ID：5563356654 → None
咨询消息：全能群发器可测试💯满意再买，保障售后 👉 @heibao01_bot
软件🉑采集群✅群发✅拉人✅私发✅炒群
黑豹工作室✈️全业务🖤僵尸/代拉/✈️号/协议号批发/定制机器人
回复消息：代发广告、购买群发软件、session协议号 请联系
【91M Boss】 客户经理：https://t.me/bs91m1
【91M Boss】 官方交流群：https://t.me/bs91m990

=====================================================

2022-06-20
咨询客户ID：5154413695 → ricardowardnv
咨询消息：
回复消息：代发广告、购买群发软件、session协议号 请联系
【91M Boss】 客户经理：https://t.me/bs91m1
【91M Boss】 官方交流群：https://t.me/bs91m990

=====================================================

2022-06-20
咨询客户ID：5154413695 → ricardowardnv
咨询消息：Respondendo o passa fome do j2 prime ( linght )
回复消息：代发广告、购买群发软件、session协议号 请联系
【91M Boss】 客户经理：https://t.me/bs91m1
【91M Boss】 官方交流群：https://t.me/bs91m990

=====================================================

2022-06-20
咨询客户ID：5596635879 → gapiHElAlish0
咨询消息：fha     ⭐️火星Ha/sh竞/彩 // 全网最高赔率⭐️
💋专人:👉🏻@fantasy522👈🏻💋
❤️  高✨ 返佣/返水❤️
 🤟 游戏限红：10 ～5000 USDT🤘
⚡️  极速开奖：秒开 / 自动开奖结算  💫
回复消息：代发广告、购买群发软件、session协议号 请联系
【91M Boss】 客户经理：https://t.me/bs91m1
【91M Boss】 官方交流群：https://t.me/bs91m990

=====================================================

2022-06-20
咨询客户ID：5533259044 → De888an_RonMandBruceel
咨询消息：%@"1️⃣想爆庄找实力🔥88K哈希🔥就看你够不够猛💪代理7种模式，流水日结，新增送18U🎉🎉
2️⃣你敢来就敢每天让你申请前5局包赔👍，赔率超出业界1.99，样样优先，这就是实力！
3️⃣不需要存款一分钱，下注秒派彩，USDT转账订单哈希值做为开奖结果，公开透明可查！

优 惠频 道 ：   https://t.me/hx88k88k

      此 宣 传 号 不 回 复    

 👇👇 下  方  官  方  总  频  道 👇👇
<><
回复消息：代发广告、购买群发软件、session协议号 请联系
【91M Boss】 客户经理：https://t.me/bs91m1
【91M Boss】 官方交流群：https://t.me/bs91m990

=====================================================

2022-06-20
咨询客户ID：5429158358 → ashley_nusw9a
咨询消息：🐮区块链上当韭菜？🐮来我们区块链哈希 🐮
💰区块哈希尾数开奖💰真实💰庄钱包可查💰信誉
🐮最新活动 前五把包赔 赢了拿走🐮
老版进群

https://t.me/rongyaohaxai1
回复消息：代发广告、购买群发软件、session协议号 请联系
【91M Boss】 客户经理：https://t.me/bs91m1
【91M Boss】 官方交流群：https://t.me/bs91m990

=====================================================

2022-06-20
咨询客户ID：5477267440 → ERqwEhuyenkht1
咨询消息：🐮区块链上当韭菜？🐮来我们区块链哈希 🐮
💰区块哈希尾数开奖💰真实💰庄钱包可查💰信誉
🐮最新活动 前五把包赔 赢了拿走🐮
老版进群

https://t.me/rongyaohaxai1
回复消息：代发广告、购买群发软件、session协议号 请联系
【91M Boss】 客户经理：https://t.me/bs91m1
【91M Boss】 官方交流群：https://t.me/bs91m990

=====================================================

2022-06-20
咨询客户ID：1480178329 → yHZcbAXH152816
咨询消息：亲爱的我会给你带来好运哦，转运神器，你值得拥有。要约的私聊我哟。@nsjjddk
回复消息：代发广告、购买群发软件、session协议号 请联系
【91M Boss】 客户经理：https://t.me/bs91m1
【91M Boss】 官方交流群：https://t.me/bs91m990