

=====================================================

2022-06-05
咨询客户ID：5446183888 → None
咨询消息：你好
回复消息：代发广告、购买软件请联系
【91M Boss】 客户经理：https://t.me/bs91m1
【91M Boss】 官方交流群：https://t.me/bs91m990

=====================================================

2022-06-05
咨询客户ID：5485568684 → howard_9v99oh
咨询消息：公司成立后分工合作，陈峰负责到处跑来跑去找资源，我们就在公司负责运营。一开始不是很顺利，2个月时间就花费了差不多2000万，后来才发现陈峰根本一分还没投入，而且他个人所有花费也都是问财务拿的，我们就去找他质问，他就找了一堆借口敷衍我们。过没几天资金盘开始好转，每天充值量过百万了，我们看到这些数据就没管其他事了，继续加班加点奋斗。然后慢慢的一天有好几百万了，没多久账户上已经到1.5个亿了。
回复消息：代发广告、购买软件请联系
【91M Boss】 客户经理：https://t.me/bs91m1
【91M Boss】 官方交流群：https://t.me/bs91m990

=====================================================

2022-06-05
咨询客户ID：5468861094 → snake_decubitus
咨询消息：我们看到各方面的数据觉得这个盘要做起来不难，我们就听他的了，安抚下面的员工，没日没夜的加班，从一天一百多万到一天几百万，账上的资金已接近很多了，我们吵着要发工资要分红，他又拖着我们说，没见过大世面，这个盘最少可以做到10个亿，叫我们再撑下去！当然我们也知道要做到6-7亿不是问题，所以我们也决定了继续下去，因为我们毕竟认识十几年了，不考虑钱的问题，就是想着把盘做大！
回复消息：代发广告、购买软件请联系
【91M Boss】 客户经理：https://t.me/bs91m1
【91M Boss】 官方交流群：https://t.me/bs91m990

=====================================================

2022-06-05
咨询客户ID：5148948122 → lee2660642515112
咨询消息：🍀你好六月🍀 
🌿东方会六月新增至尊VIP福利活动🌿 
🌽日投注1️⃣0️⃣0️⃣局,每注高于5️⃣0️⃣0️⃣U🌽 
即可成为⛩至尊VIP会员⛩ 
💵享受日反水0️⃣.3️⃣%💵 
💵💵来玩即送钱！💵💵 
💰玩法丰富 💰拒绝单一💰 让您赢面更大💰  
✅全新的游戏体验 始终保持稳定1️⃣至3️⃣秒内派奖✅ 
✅超高中奖率💰东方会哈希娱乐实现您的💵财富自由💵💵✅ 
 
❇️游戏更新内容包括：❇️ 
1, 新增彩票✅ 
2,区块链PC2️⃣8️⃣ ✅ 
3,波场3️⃣D分分彩  
❇️新玩法,新征程 ❇️ 
https://t.me/+po_cq6KFrNA1NGZl
回复消息：代发广告、购买软件请联系
【91M Boss】 客户经理：https://t.me/bs91m1
【91M Boss】 官方交流群：https://t.me/bs91m990

=====================================================

2022-06-05
咨询客户ID：5491368185 → None
咨询消息：https://t.me/ybjshubet/20
回复消息：代发广告、购买软件请联系
【91M Boss】 客户经理：https://t.me/bs91m1
【91M Boss】 官方交流群：https://t.me/bs91m990

=====================================================

2022-06-05
咨询客户ID：5117408021 → BGhash_1
咨询消息：好的，亲，感谢您，需要我们会联系您
回复消息：代发广告、购买软件请联系
【91M Boss】 客户经理：https://t.me/bs91m1
【91M Boss】 官方交流群：https://t.me/bs91m990

=====================================================

2022-06-05
咨询客户ID：1489480663 → None
咨询消息：西港娱乐城-柬埔寨最大网上娱乐平台
电子、捕鱼、百家乐、龙虎、棋牌等综合性平台
顶级信誉-提款无忧，诚招代理，福利搞，待遇好
注册送28-888元，首存送1888，
凭截图联系飞机客服领取即可
飞机客服： @xigang555
官方网址：  xigang88.com
回复消息：代发广告、购买软件请联系
【91M Boss】 客户经理：https://t.me/bs91m1
【91M Boss】 官方交流群：https://t.me/bs91m990

=====================================================

2022-06-05
咨询客户ID：5308208755 → None
咨询消息：🍸新.人前5-芭包.賠🍸

👍全.網最.高.賠.律1.98👍

🍡玩.家反.水.竿.汾.3🍡
t.me/Q7hash875
回复消息：代发广告、购买软件请联系
【91M Boss】 客户经理：https://t.me/bs91m1
【91M Boss】 官方交流群：https://t.me/bs91m990

=====================================================

2022-06-05
咨询客户ID：818128463 → None
咨询消息：西港娱乐城-柬埔寨最大网上娱乐平台
电子、捕鱼、百家乐、龙虎、棋牌等综合性平台
顶级信誉-提款无忧，诚招代理，福利搞，待遇好
注册送28-888元，首存送1888，
凭截图联系飞机客服领取即可
飞机客服： @xigang555
官方网址：  xigang88.com
回复消息：代发广告、购买软件请联系
【91M Boss】 客户经理：https://t.me/bs91m1
【91M Boss】 官方交流群：https://t.me/bs91m990

=====================================================

2022-06-05
咨询客户ID：2102370421 → zhangtongxue99
咨询消息：##*飞机群发拉人私信炒群软件❤️频道上粉代拉活人❤️机器人定制❤️可试用❤️  @aob886
回复消息：代发广告、购买软件请联系
【91M Boss】 客户经理：https://t.me/bs91m1
【91M Boss】 官方交流群：https://t.me/bs91m990

=====================================================

2022-06-05
咨询客户ID：5383704112 → None
咨询消息：
回复消息：代发广告、购买软件请联系
【91M Boss】 客户经理：https://t.me/bs91m1
【91M Boss】 官方交流群：https://t.me/bs91m990

=====================================================

2022-06-05
咨询客户ID：696341090 → Restovratsiya_mebel
咨询消息：西港娱乐城-柬埔寨最大网上娱乐平台
电子、捕鱼、百家乐、龙虎、棋牌等综合性平台
顶级信誉-提款无忧，诚招代理，福利搞，待遇好
注册送28-888元，首存送1888，
凭截图联系飞机客服领取即可
飞机客服： @xigang555
官方网址：  xigang88.com
回复消息：代发广告、购买软件请联系
【91M Boss】 客户经理：https://t.me/bs91m1
【91M Boss】 官方交流群：https://t.me/bs91m990

=====================================================

2022-06-05
咨询客户ID：5549449906 → RaahilAh3296
咨询消息：##*飞机群发拉人私信炒群软件❤️频道上粉代拉活人❤️机器人定制❤️可试用❤️  @aob886
回复消息：代发广告、购买软件请联系
【91M Boss】 客户经理：https://t.me/bs91m1
【91M Boss】 官方交流群：https://t.me/bs91m990

=====================================================

2022-06-05
咨询客户ID：1402880500 → wxhjrovxduac
咨询消息：赚钱的机会来了！！快上车  
代理佣金都以U计算，还可申请额外补贴  
福利领取点击：
t.me/edcok003
回复消息：代发广告、购买软件请联系
【91M Boss】 客户经理：https://t.me/bs91m1
【91M Boss】 官方交流群：https://t.me/bs91m990

=====================================================

2022-06-05
咨询客户ID：5520352598 → None
咨询消息：🔥【欧宝总部】招代理/seo/劫持/技术团队
👉55%佣金 2%流水 300/位人头费
🌐官网域名 cc78.cc
❤️欢迎有渠道有资源的前来变现
❤️有想法的请联系
☎️飞机号：obxiaojiu
❌非诚勿扰 谢谢
回复消息：代发广告、购买软件请联系
【91M Boss】 客户经理：https://t.me/bs91m1
【91M Boss】 官方交流群：https://t.me/bs91m990

=====================================================

2022-06-05
咨询客户ID：5182207719 → None
咨询消息：connect： @consult09
回复消息：代发广告、购买软件请联系
【91M Boss】 客户经理：https://t.me/bs91m1
【91M Boss】 官方交流群：https://t.me/bs91m990

=====================================================

2022-06-05
咨询客户ID：5382796493 → None
咨询消息：你好 想发广告找 @bs91m1 你好 建 你好 IsauraGuy 你好 Lucas 波场哈希竞猜平台，公平.公开.安全.赔率1.98行业最高. 哈希结果 实时可查 中奖资金 自动秒赔付。网址 www.hash338.com 咨询：@hash338
回复消息：代发广告、购买软件请联系
【91M Boss】 客户经理：https://t.me/bs91m1
【91M Boss】 官方交流群：https://t.me/bs91m990

=====================================================

2022-06-05
咨询客户ID：5564152297 → None
咨询消息：https://t.me/juhx455
回复消息：代发广告、购买软件请联系
【91M Boss】 客户经理：https://t.me/bs91m1
【91M Boss】 官方交流群：https://t.me/bs91m990

=====================================================

2022-06-05
咨询客户ID：5107455501 → None
咨询消息：老板你好，文王钱庄收U提供白资送现、转账、ATM现存、代付，全国可上门！如有打扰望海涵，如有需要请联系客服I.D FeitianM wenwang666
回复消息：代发广告、购买软件请联系
【91M Boss】 客户经理：https://t.me/bs91m1
【91M Boss】 官方交流群：https://t.me/bs91m990

=====================================================

2022-06-05
咨询客户ID：5144232499 → None
咨询消息：老板你好，文王钱庄收U提供白资送现、转账、ATM现存、代付，全国可上门！如有打扰望海涵，如有需要请联系客服I.D FeitianM wenwang666
回复消息：代发广告、购买软件请联系
【91M Boss】 客户经理：https://t.me/bs91m1
【91M Boss】 官方交流群：https://t.me/bs91m990

=====================================================

2022-06-05
咨询客户ID：5412779409 → None
咨询消息：你好 想发广告找 @bs91m1 你好 帝霸@6688 你好 cz_binance 你好 道道V保号解封 你好 始皇秦 你好 Wall 你好 AfeenAidan 波场幸运哈希欢迎您，公平公开公证，区块哈希竞猜平台 www.hash338.com 咨询：@hash338
回复消息：代发广告、购买软件请联系
【91M Boss】 客户经理：https://t.me/bs91m1
【91M Boss】 官方交流群：https://t.me/bs91m990

=====================================================

2022-06-05
咨询客户ID：5328648408 → BangDao77384
咨询消息：https://t.me/juhx641
回复消息：代发广告、购买软件请联系
【91M Boss】 客户经理：https://t.me/bs91m1
【91M Boss】 官方交流群：https://t.me/bs91m990

=====================================================

2022-06-05
咨询客户ID：5526437057 → None
咨询消息：✅鸳鸯浴🛁 
✅深情陪酒🥂
✅丝袜制服诱惑👙
✅无套吹箫💦
✅激情爱爱💘
https://t.me/juese111
回复消息：代发广告、购买软件请联系
【91M Boss】 客户经理：https://t.me/bs91m1
【91M Boss】 官方交流群：https://t.me/bs91m990

=====================================================

2022-06-05
咨询客户ID：5348986748 → None
咨询消息：🧚️🌹最熱門的競猜游~戏 ,55~88铪~希娱~乐城

當下最流行玩~法 （大|小，單|雙，牛|
牛）
千人在~线~💥庄中
https://t.me/FYHJNSFGB7/26057
点~击进入玩|家投|注开|奖播报🌹群
️🧚💋
回复消息：代发广告、购买软件请联系
【91M Boss】 客户经理：https://t.me/bs91m1
【91M Boss】 官方交流群：https://t.me/bs91m990

=====================================================

2022-06-05
咨询客户ID：5350787993 → AshrafulIs5503
咨询消息：项目：进.群.免.费.领.TRX.啦
数量：10.~999.TRX
进群：https://bit.ly/3x4En7a
回复消息：代发广告、购买软件请联系
【91M Boss】 客户经理：https://t.me/bs91m1
【91M Boss】 官方交流群：https://t.me/bs91m990

=====================================================

2022-06-05
咨询客户ID：5562227572 → IBdsUOleksiiKulykov
咨询消息：🟢官方Flygram+：fei147258
🟢招商纸飞机  ：@fei13698
                  
🏆扶持负盈利佣金比例55% 

🏆 流水返点最高可拿2️⃣%

🏆会员彩金活动，介绍代理最高奖励8%  长达一年哦

🏆新增有效活跃会员，300/个新增奖励
回复消息：代发广告、购买软件请联系
【91M Boss】 客户经理：https://t.me/bs91m1
【91M Boss】 官方交流群：https://t.me/bs91m990

=====================================================

2022-06-05
咨询客户ID：5551783995 → None
咨询消息：https://t.me/juhx01
回复消息：代发广告、购买软件请联系
【91M Boss】 客户经理：https://t.me/bs91m1
【91M Boss】 官方交流群：https://t.me/bs91m990

=====================================================

2022-06-05
咨询客户ID：5300022391 → None
咨询消息：在的！
回复消息：代发广告、购买软件请联系
【91M Boss】 客户经理：https://t.me/bs91m1
【91M Boss】 官方交流群：https://t.me/bs91m990

=====================================================

2022-06-05
咨询客户ID：5565748731 → DanHuy95702
咨询消息：https://t.me/juhx620
回复消息：代发广告、购买软件请联系
【91M Boss】 客户经理：https://t.me/bs91m1
【91M Boss】 官方交流群：https://t.me/bs91m990

=====================================================

2022-06-05
咨询客户ID：5344551557 → None
咨询消息：联系官方客服：https://t.me/bs91m0 
官方交流群   ：https://t.me/bs91m990
回复消息：代发广告、购买软件请联系
【91M Boss】 客户经理：https://t.me/bs91m1
【91M Boss】 官方交流群：https://t.me/bs91m990

=====================================================

2022-06-05
咨询客户ID：2107641937 → None
咨询消息：超能学院开课了，加密区块布道者
【币圈超能，只做优质有效果的精准传播】
🔅直播讲课
1.直播间讲解各类行情问题，大盘解法

🔅文案输出
1.媒体平台刊例，每日常规输出，指出行情要闻

🔅社区分享
1.社区带单，尽享丝滑

🔅专业培训
1.操盘手培养，专业讲师培养

欢迎您随时加入:
微信：cnxy8898
企鹅：284173034
回复消息：代发广告、购买软件请联系
【91M Boss】 客户经理：https://t.me/bs91m1
【91M Boss】 官方交流群：https://t.me/bs91m990

=====================================================

2022-06-05
咨询客户ID：5488080767 → None
咨询消息：你好
回复消息：代发广告、购买软件请联系
【91M Boss】 客户经理：https://t.me/bs91m1
【91M Boss】 官方交流群：https://t.me/bs91m990

=====================================================

2022-06-05
咨询客户ID：5379224879 → None
咨询消息：哥哥 在不在呀
回复消息：代发广告、购买软件请联系
【91M Boss】 客户经理：https://t.me/bs91m1
【91M Boss】 官方交流群：https://t.me/bs91m990

=====================================================

2022-06-05
咨询客户ID：5345906859 → None
咨询消息：1
回复消息：代发广告、购买软件请联系
【91M Boss】 客户经理：https://t.me/bs91m1
【91M Boss】 官方交流群：https://t.me/bs91m990

=====================================================

2022-06-05
咨询客户ID：5353136797 → mitchell84145486
咨询消息：您好
回复消息：代发广告、购买软件请联系
【91M Boss】 客户经理：https://t.me/bs91m1
【91M Boss】 官方交流群：https://t.me/bs91m990

=====================================================

2022-06-05
咨询客户ID：5395788575 → None
咨询消息：Happy哈希，最稳定最公正，包赔活动，流水返5%活动，签到活动，救援金活动，还有高佣金的代理政策。
赔率1比2
赶紧联系客服吧
Happy哈希官方频道:https://t.me/+GyW6umR7acY4MjM8

客服： @happylili8899
回复消息：代发广告、购买软件请联系
【91M Boss】 客户经理：https://t.me/bs91m1
【91M Boss】 官方交流群：https://t.me/bs91m990

=====================================================

2022-06-05
咨询客户ID：5123767509 → Scrag_Flowable
咨询消息：想找人发广告，  
😌 💫🍒🧀🎾💰🎊💚🕎🔴🏎Ud云  
https://t.me/+080l9flsfYY5OTZh
回复消息：代发广告、购买软件请联系
【91M Boss】 客户经理：https://t.me/bs91m1
【91M Boss】 官方交流群：https://t.me/bs91m990

=====================================================

2022-06-05
咨询客户ID：5422031485 → None
咨询消息：雷神哈希盲盒稳定运营中，火热招商持续中。六秒返奖，全网最快。50%分红，全网最高。绝不停机，全网最稳。各种福利，拿到手软！加入雷神，做第一批转型成功的彩票代理。############ 招商洽谈热线 @leishenzhuguan##### 官方网址：https://www.tronboxes.org/
回复消息：代发广告、购买软件请联系
【91M Boss】 客户经理：https://t.me/bs91m1
【91M Boss】 官方交流群：https://t.me/bs91m990

=====================================================

2022-06-05
咨询客户ID：5357672840 → None
咨询消息：雷神哈希盲盒稳定运营中，火热招商持续中。六秒返奖，全网最快。50%分红，全网最高。绝不停机，全网最稳。各种福利，拿到手软！加入雷神，做第一批转型成功的彩票代理。############ 招商洽谈热线 @leishenzhuguan##### 官方网址：https://www.tronboxes.org/
回复消息：代发广告、购买软件请联系
【91M Boss】 客户经理：https://t.me/bs91m1
【91M Boss】 官方交流群：https://t.me/bs91m990

=====================================================

2022-06-05
咨询客户ID：5463073802 → hanna_3nz8sg
咨询消息：“乘风破浪，不负‘粽’望”欧宝代理直招【ob2.cc】返佣负盈利55%🏜 首月流水最高返佣2%🎡人头费300/个7 17 27统计结算~~~~~ ~~点击上方直接联系
回复消息：代发广告、购买软件请联系
【91M Boss】 客户经理：https://t.me/bs91m1
【91M Boss】 官方交流群：https://t.me/bs91m990

=====================================================

2022-06-05
咨询客户ID：5544468240 → None
咨询消息：jksdjklsuiy
回复消息：代发广告、购买软件请联系
【91M Boss】 客户经理：https://t.me/bs91m1
【91M Boss】 官方交流群：https://t.me/bs91m990

=====================================================

2022-06-05
咨询客户ID：5423226586 → None
咨询消息：每天一个福利礼包，福利专员每天私发给你

参与回复私信即可，专员会有回必应为你们服务

福利专员：✈️fulizhuanyuan1
回复消息：代发广告、购买软件请联系
【91M Boss】 客户经理：https://t.me/bs91m1
【91M Boss】 官方交流群：https://t.me/bs91m990

=====================================================

2022-06-05
咨询客户ID：5296401964 → geri550476242433
咨询消息：详情移步频道置顶消息  @mingsteay
回复消息：代发广告、购买软件请联系
【91M Boss】 客户经理：https://t.me/bs91m1
【91M Boss】 官方交流群：https://t.me/bs91m990

=====================================================

2022-06-05
咨询客户ID：5352797947 → ezequiel11138752
咨询消息：详情移步频道置顶消息  @mingsteay
回复消息：代发广告、购买软件请联系
【91M Boss】 客户经理：https://t.me/bs91m1
【91M Boss】 官方交流群：https://t.me/bs91m990

=====================================================

2022-06-05
咨询客户ID：5354269659 → VongDan62769
咨询消息：https://t.me/juhx01
回复消息：代发广告、购买软件请联系
【91M Boss】 客户经理：https://t.me/bs91m1
【91M Boss】 官方交流群：https://t.me/bs91m990

=====================================================

2022-06-05
咨询客户ID：5545076327 → None
咨询消息：这边是新平台可以免费测试300条哦
回复消息：代发广告、购买软件请联系
【91M Boss】 客户经理：https://t.me/bs91m1
【91M Boss】 官方交流群：https://t.me/bs91m990

=====================================================

2022-06-05
咨询客户ID：5375695524 → Dr_leeAZ09
咨询消息：👋 hello
回复消息：代发广告、购买软件请联系
【91M Boss】 客户经理：https://t.me/bs91m1
【91M Boss】 官方交流群：https://t.me/bs91m990

=====================================================

2022-06-05
咨询客户ID：5317179116 → None
咨询消息：雷神哈希盲盒于正式开业！期待您的大驾光临。官网地址  https://www.tronboxes.org****招商洽谈TG：@leishenzhuguan
回复消息：代发广告、购买软件请联系
【91M Boss】 客户经理：https://t.me/bs91m1
【91M Boss】 官方交流群：https://t.me/bs91m990

=====================================================

2022-06-05
咨询客户ID：5264647096 → None
咨询消息：🙉🙉🙉
回复消息：代发广告、购买软件请联系
【91M Boss】 客户经理：https://t.me/bs91m1
【91M Boss】 官方交流群：https://t.me/bs91m990

=====================================================

2022-06-05
咨询客户ID：5442286569 → VuongCam10840
咨询消息：https://t.me/hassh850
回复消息：代发广告、购买软件请联系
【91M Boss】 客户经理：https://t.me/bs91m1
【91M Boss】 官方交流群：https://t.me/bs91m990

=====================================================

2022-06-05
咨询客户ID：5590517873 → None
咨询消息：雷神哈希盲盒稳定运营中，火热招商持续中。六秒返奖，全网最快。50%分红，全网最高。绝不停机，全网最稳。各种福利，拿到手软！加入雷神，做第一批转型成功的彩票代理。############ 招商洽谈热线 @leishenzhuguan##### 官方网址：https://www.tronboxes.org/
回复消息：代发广告、购买软件请联系
【91M Boss】 客户经理：https://t.me/bs91m1
【91M Boss】 官方交流群：https://t.me/bs91m990

=====================================================

2022-06-05
咨询客户ID：5509056782 → None
咨询消息：📣💙💙
西游娱乐加拿大PC28火热爆庄中
点击进入博彩频道：@XYYLPC288_bot
回复消息：代发广告、购买软件请联系
【91M Boss】 客户经理：https://t.me/bs91m1
【91M Boss】 官方交流群：https://t.me/bs91m990

=====================================================

2022-06-05
咨询客户ID：5169090908 → None
咨询消息：🟦💙🟦
西游娱乐加拿大PC28火热爆庄中
点击进入博彩频道：@XYYLPC288_bot
回复消息：代发广告、购买软件请联系
【91M Boss】 客户经理：https://t.me/bs91m1
【91M Boss】 官方交流群：https://t.me/bs91m990

=====================================================

2022-06-05
咨询客户ID：5522378829 → VongHang92898
咨询消息：https://t.me/juhx21
回复消息：代发广告、购买软件请联系
【91M Boss】 客户经理：https://t.me/bs91m1
【91M Boss】 官方交流群：https://t.me/bs91m990

=====================================================

2022-06-05
咨询客户ID：5567631869 → CongVong72794
咨询消息：https://t.me/juhx21
回复消息：代发广告、购买软件请联系
【91M Boss】 客户经理：https://t.me/bs91m1
【91M Boss】 官方交流群：https://t.me/bs91m990

=====================================================

2022-06-05
咨询客户ID：5541664939 → XuongSang48412
咨询消息：https://t.me/juhx21
回复消息：代发广告、购买软件请联系
【91M Boss】 客户经理：https://t.me/bs91m1
【91M Boss】 官方交流群：https://t.me/bs91m990

=====================================================

2022-06-05
咨询客户ID：5333250557 → CalliopeMatilda82100
咨询消息：https://t.me/juhx21
回复消息：代发广告、购买软件请联系
【91M Boss】 客户经理：https://t.me/bs91m1
【91M Boss】 官方交流群：https://t.me/bs91m990

=====================================================

2022-06-05
咨询客户ID：5565697303 → None
咨询消息：币圈最前沿
回复消息：代发广告、购买软件请联系
【91M Boss】 客户经理：https://t.me/bs91m1
【91M Boss】 官方交流群：https://t.me/bs91m990

=====================================================

2022-06-05
咨询客户ID：5130425120 → None
咨询消息：我是来自Lucky哈希的总代，玩家可享有高达1.5的流水福利，5秒自动返奖，每日12点自动返水
我教你怎么从我们平台套现，牛牛实力玩家可以来和我们狗庄切磋
回复消息：代发广告、购买软件请联系
【91M Boss】 客户经理：https://t.me/bs91m1
【91M Boss】 官方交流群：https://t.me/bs91m990

=====================================================

2022-06-05
咨询客户ID：5442099093 → None
咨询消息：日入过千的线上副业男女不限，有兴趣一起吗？
回复消息：代发广告、购买软件请联系
【91M Boss】 客户经理：https://t.me/bs91m1
【91M Boss】 官方交流群：https://t.me/bs91m990

=====================================================

2022-06-05
咨询客户ID：5220208737 → None
咨询消息：发车咯
火爆项目BMW哈希竞猜

 新人限时活动
新人前五把 送8️⃣8️⃣T

复制搜索   lingling168555
回复消息：代发广告、购买软件请联系
【91M Boss】 客户经理：https://t.me/bs91m1
【91M Boss】 官方交流群：https://t.me/bs91m990

=====================================================

2022-06-05
咨询客户ID：1175634047 → None
咨询消息：🤟🏻😍👉来来来👏🏻😝🙌🏻，是海外盘总和技术大牛的😊😘，今天免费开放加入神秘出海大佬圈😎😉😊！
非海外盘总大神莫进，否则被T☺️😃🐳，邀请链接只限今日有效🌾💚💓！
👇进群请快速简单介绍下自己，方便大家对接核心资源！否则被清理出圈子！👇
昵称ID：
擅长领域：
所在地:
我能给大家提供什么：
我需要什么：
是否支持各大社群担保：
👉https://t.me/+_dN6z6cerOExM2E1
回复消息：代发广告、购买软件请联系
【91M Boss】 客户经理：https://t.me/bs91m1
【91M Boss】 官方交流群：https://t.me/bs91m990