

=====================================================

2022-05-09
咨询客户ID：5332397288 → None
咨询消息：...您好我们是专门做银行卡卡转卡的，目前我司已经对接了bbin ，万博，速发，金博，大发包网等各大包网，各位商户均可以在包网网上查到我们的平台，具体请私聊飞机@asdqwe123kk 详谈

【道名称】：  小额卡转卡    
【通道编码】：【LUNXUNPAY8】
【固定金额】：100-1500
【成 功 率 】 ：   80+
【通道规则】： 抗投  包司法 切勿修改金额重复支付 。

【道名称】：  小额卡转卡    
【通道编码】：【LUNXUNPAY5】
【固定金额】：1000-3000
【成 功 率 】 ：   80+
【通道规则】： 抗投  包司法 切勿修改金额重复支付 ，

另外我们只接盘口 不接四方。。有需要的请私聊我，一手汇率低 飞机：@asdqwe123kk
...
回复消息：请联系主号：https://t.me/bs91m1
【91M Boss】官方交流群：https://t.me/bs91m990

=====================================================

2022-05-09
咨询客户ID：1891302107 → Postivoy
咨询消息：Какие люди, привет !
回复消息：请联系主号：https://t.me/bs91m1
【91M Boss】官方交流群：https://t.me/bs91m990

=====================================================

2022-05-09
咨询客户ID：5322476840 → None
咨询消息：None
回复消息：请联系主号：https://t.me/bs91m1
【91M Boss】官方交流群：https://t.me/bs91m990

=====================================================

2022-05-09
咨询客户ID：5235552782 → None
咨询消息：😍你好在吗？
回复消息：请联系主号：https://t.me/bs91m1
【91M Boss】官方交流群：https://t.me/bs91m990

=====================================================

2022-05-09
咨询客户ID：5168152356 → None
咨询消息：None
回复消息：请联系主号：https://t.me/bs91m1
【91M Boss】官方交流群：https://t.me/bs91m990

=====================================================

2022-05-09
咨询客户ID：5220725291 → None
咨询消息：😚在吗？
回复消息：请联系主号：https://t.me/bs91m1
【91M Boss】官方交流群：https://t.me/bs91m990

=====================================================

2022-05-09
咨询客户ID：5216468548 → muse_5691
咨询消息：🔰亚博，乐鱼，爱游戏，华体会倾力打造全新体育综合🔰
  🔥🔥 现全面开放代理渠道🔥🔥
✅客户输100万，你拿55万（55%佣金） 
✅起步佣金比例55%   
✅新增补贴活动费300/人
✅体育/电竞 流水返点 2%（其他0.2% ）
✅代理介绍代理可拿4%-8%客损提成
⚽️体育/🎴电竞/♠️百家乐/🎮电子/🎰彩票/🃏棋牌
  ✈️Telegram：@Anmuxi_Max
回复消息：请联系主号：https://t.me/bs91m1
【91M Boss】官方交流群：https://t.me/bs91m990

=====================================================

2022-05-09
咨询客户ID：5301209245 → None
咨询消息：给您一个最公平最信誉的保障
⬇️⬇️⬇️
https://t.me/+ez-iANEpJcg5M2U1
回复消息：请联系主号：https://t.me/bs91m1
【91M Boss】官方交流群：https://t.me/bs91m990

=====================================================

2022-05-09
咨询客户ID：2085007226 → None
咨询消息：Z8哈希娱乐开业大吉
极快~ 3秒系统自动返奖
奖池100万美金官方可查
欢迎老板们前来娱乐~爆庄～
全球首家DAPP一键投注
百家乐，牛牛 哈希幸运彩等16种创新趣味玩法
欢迎各界老板玩家前来爆庄
诚邀代理团队加盟入驻详情联系  总招商： @lafa7788
注册即玩：https://z8hash1.com/rg/458
官方频道:  @Z8hash99
回复消息：请联系主号：https://t.me/bs91m1
【91M Boss】官方交流群：https://t.me/bs91m990

=====================================================

2022-05-09
咨询客户ID：2131793656 → None
咨询消息：你好
回复消息：请联系主号：https://t.me/bs91m1
【91M Boss】官方交流群：https://t.me/bs91m990

=====================================================

2022-05-09
咨询客户ID：5383435939 → None
咨询消息：dda国际行业龙头人人皆知！🏆
🏆月入几十W比比皆是！🏆

🤝 没有你们的合作，我们怎么做强？
🤝 没有相互的感恩，怎么留存至今？
🤝 没有实力和信誉，怎么合作共赢？
🤝 万事诚为首，诚信走天下！

🏆 球队赞助：尤文图斯、阿斯顿维拉
    西甲合作伙伴    各个领域欧宝品牌

  🔥每年上万亿美金纯收益等你来抢🔥

💥 ‍‍新增奖励300/人（无上限）
💥 55%分红+流水2% +人头费扶持，多重福利共享，拿到您手软✨
💥 会员代理均支持USDT，安全大额无忧
💥 亚洲第一平台，代理最稳定安全，佣金安全准时，实力信誉保证，代理可定制扶持政策与会员活动
💥 空降嫩模，见面不满意随时更换。顶尖旅游圣地双人票。走进精彩生活
💥 介绍代理活动，最高可拿佣金8%，一直新增一直有（无上限）

💥 注册就送彩金
💥注册送，首存送，复存送
💥 线下彩金及官网多项彩金豪礼，红包雨等

                
✅ 欧宝承诺：保证出入款安全快速，稳定信誉，不可控多元化娱乐保证！

🔥🔥🔥独立后台实时检查监督！不需要任何基础！”“做得差的，一天也能赚到几百块！按月算的话，个人每月到手十五万，团队每月到手200万才是正常的状态！
⏱ 想的人在想，看的人在看，干的人却已经月入几十W！你缺的只是一个开始！
一同前进，合作共赢！🧭
🤝🤝🤝  诚邀(代理/SEO/劫持/技术/个人小白/推广团队/招商/主播/电销团队/各大群主等)
 欢迎打扰
    👇🏻👇🏻👇🏻  
🔜  咨询认准招商经理： @MC9855
回复消息：请联系主号：https://t.me/bs91m1
【91M Boss】官方交流群：https://t.me/bs91m990

=====================================================

2022-05-09
咨询客户ID：5221331695 → None
咨询消息：😛你好？
回复消息：请联系主号：https://t.me/bs91m1
【91M Boss】官方交流群：https://t.me/bs91m990

=====================================================

2022-05-09
咨询客户ID：1650663301 → HziAxgSDVBxP834969
咨询消息：这就是那个技术大佬财神大咖聚集的出海顶层圈
出海盘总/技术大佬/一手资源商可申请进群交流
👉https://t.me/+Wxq-2GIy7_YwMjU1  😻😙🤟🏻😘
回复消息：请联系主号：https://t.me/bs91m1
【91M Boss】官方交流群：https://t.me/bs91m990

=====================================================

2022-05-09
咨询客户ID：5235847171 → None
咨询消息：🤖九博国际主营业务介绍 🤖
1️⃣加拿大pc28（已在汇旺押20W美金）
2️⃣PC28公群下注提款方便快捷
3️⃣哈希综合娱乐城拥有无限代理模式
4️⃣全新的剧情任务系统给玩家极致体验
5️⃣负盈利+日流水丰富活动诚招代理
👩‍💻pc28客服： @jiuboxixi666
👩‍💻哈希客服： @xixixiaobaobei
💁🏻如有疑问汇旺公群导航可查https://t.me/gongqun
回复消息：请联系主号：https://t.me/bs91m1
【91M Boss】官方交流群：https://t.me/bs91m990

=====================================================

2022-05-09
咨询客户ID：5326382040 → None
咨询消息：None
回复消息：请联系主号：https://t.me/bs91m1
【91M Boss】官方交流群：https://t.me/bs91m990

=====================================================

2022-05-09
咨询客户ID：5279260242 → None
咨询消息：诚招合伙人，负盈利高达百分之五十！！ 
邀请好友还可领5U，新用户还有5局包赔！！ 
https://t.me/+hxgjWrKKJ8ZmOTQ1
回复消息：请联系主号：https://t.me/bs91m1
【91M Boss】官方交流群：https://t.me/bs91m990

=====================================================

2022-05-09
咨询客户ID：5375439953 → None
咨询消息：😂老板在吗？                    
🤪                          
😝                        
😉                        
😀上号不死！境外专用漫游卡 ！

🤨解决境外上号秒死，用号异常！

🥳我们与多个帼家网络运营商达成合作

🤨大陆IP/港/澳/台IP可选

🤪送货上门联系客服： @AB9922
回复消息：请联系主号：https://t.me/bs91m1
【91M Boss】官方交流群：https://t.me/bs91m990

=====================================================

2022-05-09
咨询客户ID：5395808918 → Rolling316317902
咨询消息：《 𝘼𝙇𝙇 𝙄𝙉 》

恭喜你获🉐幸运优惠‼️ 
‼️赢拿走，输我付‼️ 
新人注册包赔‼️  88U‼️

👉活动详细请咨询👈
👉官方客服： @jessica_111111
👉官方网址： 162409.com
回复消息：请联系主号：https://t.me/bs91m1
【91M Boss】官方交流群：https://t.me/bs91m990

=====================================================

2022-05-09
咨询客户ID：5366570489 → laojian5943
咨询消息：在吗？
来就送 38 U 💰💰
客服： xpjkefu04
官网：  bit.ly/373nT6t88
回复消息：请联系主号：https://t.me/bs91m1
【91M Boss】官方交流群：https://t.me/bs91m990

=====================================================

2022-05-09
咨询客户ID：2139763036 → None
咨询消息：
回复消息：请联系主号：https://t.me/bs91m1
【91M Boss】官方交流群：https://t.me/bs91m990

=====================================================

2022-05-09
咨询客户ID：5026818667 → None
咨询消息：
回复消息：请联系主号：https://t.me/bs91m1
【91M Boss】官方交流群：https://t.me/bs91m990

=====================================================

2022-05-09
咨询客户ID：5163962194 → None
咨询消息：老板 最近哪里嗨皮去了
回复消息：请联系主号：https://t.me/bs91m1
【91M Boss】官方交流群：https://t.me/bs91m990

=====================================================

2022-05-09
咨询客户ID：2105761114 → a998012
咨询消息：有什么渠道
回复消息：请联系主号：https://t.me/bs91m1
【91M Boss】官方交流群：https://t.me/bs91m990

=====================================================

2022-05-09
咨询客户ID：5332376116 → None
咨询消息：None
回复消息：请联系主号：https://t.me/bs91m1
【91M Boss】官方交流群：https://t.me/bs91m990

=====================================================

2022-05-09
咨询客户ID：5067899384 → None
咨询消息：国内，上门现金收，USDT，价格美丽，联系主*号+😏 AAD6688
回复消息：请联系主号：https://t.me/bs91m1
【91M Boss】官方交流群：https://t.me/bs91m990

=====================================================

2022-05-09
咨询客户ID：5390579439 → nzgrmnyURo192151
咨询消息：🔰🔰:   @Dalangx7xi
回复消息：请联系主号：https://t.me/bs91m1
【91M Boss】官方交流群：https://t.me/bs91m990

=====================================================

2022-05-09
咨询客户ID：5354514078 → Berlinah_Shelsuaaa66gft
咨询消息：给您一个最公平最信誉的保障
⬇️⬇️⬇️
https://t.me/+ez-iANEpJcg5M2U1
回复消息：请联系主号：https://t.me/bs91m1
【91M Boss】官方交流群：https://t.me/bs91m990

=====================================================

2022-05-09
咨询客户ID：1610485352 → None
咨询消息：✈️✈️:   @A1xixi
回复消息：请联系主号：https://t.me/bs91m1
【91M Boss】官方交流群：https://t.me/bs91m990

=====================================================

2022-05-09
咨询客户ID：2015198678 → None
咨询消息：【源头项目认准777哈希】
无需注册充值绑定手机
无需实名担心资金安全
官方网址： my5353.com/SV3LO
回复消息：请联系主号：https://t.me/bs91m1
【91M Boss】官方交流群：https://t.me/bs91m990

=====================================================

2022-05-09
咨询客户ID：2106689073 → None
咨询消息：
回复消息：请联系主号：https://t.me/bs91m1
【91M Boss】官方交流群：https://t.me/bs91m990

=====================================================

2022-05-09
咨询客户ID：1800994827 → None
咨询消息：哈喽，哥哥
回复消息：请联系主号：https://t.me/bs91m1
【91M Boss】官方交流群：https://t.me/bs91m990

=====================================================

2022-05-09
咨询客户ID：5385272321 → None
咨询消息：None
回复消息：请联系主号：https://t.me/bs91m1
【91M Boss】官方交流群：https://t.me/bs91m990

=====================================================

2022-05-09
咨询客户ID：1887294458 → None
咨询消息：
回复消息：请联系主号：https://t.me/bs91m1
【91M Boss】官方交流群：https://t.me/bs91m990

=====================================================

2022-05-09
咨询客户ID：5201359326 → None
咨询消息：
回复消息：请联系主号：https://t.me/bs91m1
【91M Boss】官方交流群：https://t.me/bs91m990

=====================================================

2022-05-09
咨询客户ID：5351938410 → None
咨询消息：None
回复消息：请联系主号：https://t.me/bs91m1
【91M Boss】官方交流群：https://t.me/bs91m990

=====================================================

2022-05-09
咨询客户ID：5392277784 → None
咨询消息：嗨小哥哥，喜欢看性感美女吗
回复消息：请联系主号：https://t.me/bs91m1
【91M Boss】官方交流群：https://t.me/bs91m990

=====================================================

2022-05-09
咨询客户ID：5335672417 → None
咨询消息：♨️爱哈希（lovehash.com）-哈希娱乐领导者 
♨️哈希娱乐使用区块链转帐区块哈希作为开奖数据，波场官网可查，转帐即投注 
♨️无需充值，任何钱包转账指定钱包地址都可游戏，盈利自动到账，不可篡改，奖金秒返 
♨️玩法：牛牛，大小单双，庄闲合，幸运尾数（TRX-USDT投注） 
♨️最全活动：新人10U福利，新人包赔，满局奖励，流水奖励，救援金，连赢奖励。。。应有尽有！详情请咨询客服。 
♨️代理高返佣，直属返佣0.8%，再下级返佣0.2%，诚邀您的加入，日进斗金，坐享其成 
♨️官网： hx253.com 
♨️客服：@haxi29
回复消息：请联系主号：https://t.me/bs91m1
【91M Boss】官方交流群：https://t.me/bs91m990

=====================================================

2022-05-09
咨询客户ID：5338812521 → None
咨询消息：None
回复消息：请联系主号：https://t.me/bs91m1
【91M Boss】官方交流群：https://t.me/bs91m990

=====================================================

2022-05-09
咨询客户ID：5399672252 → gubei33244
咨询消息：在吗？
来就送 38 U 💰💰
客服： xpjkefu04
官网：  bit.ly/373nT6t88
回复消息：请联系主号：https://t.me/bs91m1
【91M Boss】官方交流群：https://t.me/bs91m990

=====================================================

2022-05-09
咨询客户ID：5117824460 → None
咨询消息：😍在吗？
回复消息：请联系主号：https://t.me/bs91m1
【91M Boss】官方交流群：https://t.me/bs91m990

=====================================================

2022-05-09
咨询客户ID：5343926924 → None
咨询消息：在吗
回复消息：请联系主号：https://t.me/bs91m1
【91M Boss】官方交流群：https://t.me/bs91m990

=====================================================

2022-05-09
咨询客户ID：5286571162 → hh74100
咨询消息：请问你那边项目需要用到短信通道吗
回复消息：请联系主号：https://t.me/bs91m1
【91M Boss】官方交流群：https://t.me/bs91m990

=====================================================

2022-05-09
咨询客户ID：2032526950 → Kevin1155egX
咨询消息：#￥*  下午好 
  哈%稀代#理，实反1%，代&里负盈立40%，新用户有5次包#陪最高50U，每天可领签到最高可获100U，欢迎咨询： @hashayu03
回复消息：请联系主号：https://t.me/bs91m1
【91M Boss】官方交流群：https://t.me/bs91m990

=====================================================

2022-05-09
咨询客户ID：5354799087 → None
咨询消息：😀老板在吗？
回复消息：请联系主号：https://t.me/bs91m1
【91M Boss】官方交流群：https://t.me/bs91m990

=====================================================

2022-05-09
咨询客户ID：5344271615 → None
咨询消息：狂欢大酬宾，特邀大家一起喜庆劳动节，🎉在此德顺哈希全体成员恭祝广大玩家朋友节日快乐！🎊🎊🎊活动多多，奖励层出不穷，有需要的联系客服：hax6253
回复消息：请联系主号：https://t.me/bs91m1
【91M Boss】官方交流群：https://t.me/bs91m990

=====================================================

2022-05-09
咨询客户ID：5376399624 → gRxUVeywcv844024
咨询消息：🌏哈希68🌏5月玩家福利 
🎁新手体验🎁 
新注册玩家首次体验，前五局投注包赔。赢了您带走 {包赔金额为五局总和的输赢} 
包赔限制下注金额10usdt-20usdt   
包赔限制下注金额100TRX-200TRX 
 
🌈打卡活动 快乐每一天 
 每日投注达到12局不计输赢 包送18U  
🌈投注次数30次     奖励28U 
🌈投注次数50次     奖励58U 
🌈投注次数100次   奖励88U 
🌈投注次数150次   奖励138U 
🌈投注次数200次   奖励188U 
🌈投注次数300次   奖励238U 
🌈投注次数500次   奖励388U 
 
🔥连赢再赢 额外大奖🔥 
每日只能领取一次连赢相对应的奖励 
连赢6次奖励6次投注总额的6% 
连赢8次奖励8次投注总额的10% 
连赢12次奖励12次投注总额15% 
连赢18次奖励18次投注总额20%  
连赢20次奖励20次投注总额30% 
 
🔥周累计投注奖励🔥 
 投注100000U  奖励188.88U 
 投注300000U  奖励388.88U 
 投注500000U  奖励 588.88U 
 投注1000000U 奖励 888.88U 
 ⚠️  注 TRX投注奖励✖️10同上兑奖 
 
🔥玩家救助金(负分奖励)🔥 
负盈利1000U/10000T，返2% 
负盈利5000U/50000T，返3% 
负盈利20000U/200000T，返4% 
负盈利50000U/500000T，返5% 
 
单双1.99赔率投注地址： 
TM2PZ6ohxRWjohqi1DzPgCMWHsq4sxS888 
（  最低转账10USDT ） 
 
牛牛10倍投注地址: 
TFFKtU9TYdAgwFuj9vyZRTyiZf3bKtY555 
(最低转账100USDT. 默认下注额为10 U) 
 
认准哈希68官方唯一指定返奖地址： 
TAWGuqs65DYYuL3G1Z67gfnvwTTrUw8JJJ 
(奖池余额充足，玩家可以去公链查询验证，随时观察余额变化) 
 
诚招代理，待遇天花板，狗推欢迎来爆庄 
👉 @xiha686  @hax_68👈 
频道：https://t.me/HX68come
回复消息：请联系主号：https://t.me/bs91m1
【91M Boss】官方交流群：https://t.me/bs91m990

=====================================================

2022-05-09
咨询客户ID：5316293291 → SMK_51
咨询消息：None
回复消息：请联系主号：https://t.me/bs91m1
【91M Boss】官方交流群：https://t.me/bs91m990

=====================================================

2022-05-09
咨询客户ID：5262907369 → None
咨询消息：财神国际区块链哈希游戏（冷钱包TRC）
🔥新人注册无需实名验证
🔥有效投注3局，无论输赢，额外送100TRX
🔥前五局包赔模式，助力你放手一搏
🔥下注满20局再领188TRX, 中奖系统自动返奖 3-10秒 即可到账
不需担心安全问题，我们平台是以区块哈希值开奖，公平，公正，公开
领取更多福利可以联系：@shenghuosuopo88
回复消息：请联系主号：https://t.me/bs91m1
【91M Boss】官方交流群：https://t.me/bs91m990

=====================================================

2022-05-09
咨询客户ID：5265600349 → None
咨询消息：None
回复消息：请联系主号：https://t.me/bs91m1
【91M Boss】官方交流群：https://t.me/bs91m990

=====================================================

2022-05-09
咨询客户ID：5300308549 → manilawuy
咨询消息：你好 jeftd
回复消息：请联系主号：https://t.me/bs91m1
【91M Boss】官方交流群：https://t.me/bs91m990

=====================================================

2022-05-09
咨询客户ID：5126225753 → None
咨询消息：None
回复消息：请联系主号：https://t.me/bs91m1
【91M Boss】官方交流群：https://t.me/bs91m990

=====================================================

2022-05-09
咨询客户ID：5155981908 → None
咨询消息：my  darling  .🥰  在吗   ？
回复消息：请联系主号：https://t.me/bs91m1
【91M Boss】官方交流群：https://t.me/bs91m990

=====================================================

2022-05-09
咨询客户ID：5149222692 → None
咨询消息：🥳🤙🏼 @mjz_kysv
回复消息：请联系主号：https://t.me/bs91m1
【91M Boss】官方交流群：https://t.me/bs91m990

=====================================================

2022-05-09
咨询客户ID：5305583649 → None
咨询消息：请问一下你在北美哪个国家?
回复消息：请联系主号：https://t.me/bs91m1
【91M Boss】官方交流群：https://t.me/bs91m990

=====================================================

2022-05-09
咨询客户ID：5362657963 → None
咨询消息：None
回复消息：请联系主号：https://t.me/bs91m1
【91M Boss】官方交流群：https://t.me/bs91m990

=====================================================

2022-05-09
咨询客户ID：5226348012 → drummer_1838
咨询消息：誠昭祫柞钬怑 萯盁悡咟兮徔ニ十起  
https://t.me/+ibQQsbg4unY2ZWQ1
回复消息：请联系主号：https://t.me/bs91m1
【91M Boss】官方交流群：https://t.me/bs91m990

=====================================================

2022-05-09
咨询客户ID：5160833592 → None
咨询消息：😜你好
回复消息：请联系主号：https://t.me/bs91m1
【91M Boss】官方交流群：https://t.me/bs91m990

=====================================================

2022-05-09
咨询客户ID：5324073110 → None
咨询消息：None
回复消息：请联系主号：https://t.me/bs91m1
【91M Boss】官方交流群：https://t.me/bs91m990

=====================================================

2022-05-09
咨询客户ID：5316467763 → None
咨询消息：狂欢大酬宾，特邀大家一起喜庆劳动节，🎉在此德顺哈希全体成员恭祝广大玩家朋友节日快乐！🎊🎊🎊活动多多，奖励层出不穷，有需要的联系客服：hax6253
回复消息：请联系主号：https://t.me/bs91m1
【91M Boss】官方交流群：https://t.me/bs91m990

=====================================================

2022-05-09
咨询客户ID：5179076096 → None
咨询消息：
回复消息：请联系主号：https://t.me/bs91m1
【91M Boss】官方交流群：https://t.me/bs91m990

=====================================================

2022-05-09
咨询客户ID：5032985037 → None
咨询消息：誠昭祫柞钬怑 萯盁悡咟兮徔ニ十起  
https://t.me/+NN818HZP_-8xMWY1
回复消息：请联系主号：https://t.me/bs91m1
【91M Boss】官方交流群：https://t.me/bs91m990

=====================================================

2022-05-09
咨询客户ID：5195608372 → None
咨询消息：Hello 在忙吗？
回复消息：请联系主号：https://t.me/bs91m1
【91M Boss】官方交流群：https://t.me/bs91m990

=====================================================

2022-05-09
咨询客户ID：5121166575 → None
咨询消息：
回复消息：请联系主号：https://t.me/bs91m1
【91M Boss】官方交流群：https://t.me/bs91m990

=====================================================

2022-05-09
咨询客户ID：5117589783 → None
咨询消息：在吗，我想你了






https://t.me/yuiopasdgh94

我会等你来找我
回复消息：请联系主号：https://t.me/bs91m1
【91M Boss】官方交流群：https://t.me/bs91m990

=====================================================

2022-05-09
咨询客户ID：5133721905 → None
咨询消息：这就是那个各路财神大咖聚集的出海高端纯交流群
技术流量大佬盘总持续分享中
现诚邀更多财神大咖火速加入
👉https://t.me/+ohkYfpmND4szNTg1  +
回复消息：请联系主号：https://t.me/bs91m1
【91M Boss】官方交流群：https://t.me/bs91m990

=====================================================

2022-05-09
咨询客户ID：5212000532 → None
咨询消息：
回复消息：请联系主号：https://t.me/bs91m1
【91M Boss】官方交流群：https://t.me/bs91m990

=====================================================

2022-05-09
咨询客户ID：5107944047 → qiaosen73
咨询消息：群里不能说话吗？
回复消息：请联系主号：https://t.me/bs91m1
【91M Boss】官方交流群：https://t.me/bs91m990

=====================================================

2022-05-09
咨询客户ID：5214945981 → None
咨询消息：None
回复消息：请联系主号：https://t.me/bs91m1
【91M Boss】官方交流群：https://t.me/bs91m990

=====================================================

2022-05-09
咨询客户ID：5148905055 → None
咨询消息：这就是那个各路财神大咖聚集的高端出海纯交流群
技术流量大佬持续分享中
现诚邀更多财神大咖火速加入
👉https://t.me/+YBmtfW-pZ0Q0ZDU9  E
回复消息：请联系主号：https://t.me/bs91m1
【91M Boss】官方交流群：https://t.me/bs91m990

=====================================================

2022-05-09
咨询客户ID：5304310166 → None
咨询消息：my lover  .🥰  在吗   ？
回复消息：请联系主号：https://t.me/bs91m1
【91M Boss】官方交流群：https://t.me/bs91m990

=====================================================

2022-05-09
咨询客户ID：5300755782 → None
咨询消息：None
回复消息：请联系主号：https://t.me/bs91m1
【91M Boss】官方交流群：https://t.me/bs91m990

=====================================================

2022-05-09
咨询客户ID：5335504353 → allin7777888
咨询消息：老板 最近哪里嗨皮去了
回复消息：请联系主号：https://t.me/bs91m1
【91M Boss】官方交流群：https://t.me/bs91m990

=====================================================

2022-05-09
咨询客户ID：5302085127 → None
咨询消息：None
回复消息：请联系主号：https://t.me/bs91m1
【91M Boss】官方交流群：https://t.me/bs91m990

=====================================================

2022-05-09
咨询客户ID：2096782640 → None
咨询消息：Z8哈希娱乐开业大吉
极快~ 3秒系统自动返奖
奖池100万美金官方可查
欢迎老板们前来娱乐~爆庄～
全球首家DAPP一键投注
百家乐，牛牛 哈希幸运彩等16种创新趣味玩法
欢迎各界老板玩家前来爆庄
诚邀代理团队加盟入驻详情联系  总招商： @lafa7788
注册即玩：https://z8hash1.com/rg/458
官方频道:  @Z8hash99
回复消息：请联系主号：https://t.me/bs91m1
【91M Boss】官方交流群：https://t.me/bs91m990

=====================================================

2022-05-09
咨询客户ID：2142470776 → chiencong5
咨询消息：Hello dear
回复消息：请联系主号：https://t.me/bs91m1
【91M Boss】官方交流群：https://t.me/bs91m990

=====================================================

2022-05-09
咨询客户ID：1949804854 → None
咨询消息：z8哈希娱乐
会员送福利
活动1：每笔投注送5个TRX，投注秒返
活动2：豪运连赢，最高送连赢投注流水400%
活动3：累记局数奖励最高送１６６Ｕ，不计输赢
Z8哈希总招商：  @z8zhaoshang
注册即玩：  @z8_hxyl/139
回复消息：请联系主号：https://t.me/bs91m1
【91M Boss】官方交流群：https://t.me/bs91m990

=====================================================

2022-05-09
咨询客户ID：5247307160 → None
咨询消息：my  darling  .🥰  在吗   ？
回复消息：请联系主号：https://t.me/bs91m1
【91M Boss】官方交流群：https://t.me/bs91m990

=====================================================

2022-05-09
咨询客户ID：5102810318 → DQKoUiFtAlgn
咨询消息：##￥  你好，最近怎么样

诚招哈%稀代#理，实反1%，代&里负盈立40起，新用户有5次包#陪，每天可领签到
欢迎咨询： @haxixiaoqi  频道： https://t.me/biyouhash
回复消息：请联系主号：https://t.me/bs91m1
【91M Boss】官方交流群：https://t.me/bs91m990

=====================================================

2022-05-09
咨询客户ID：5328052434 → None
咨询消息：在吗？                                                                       https://t.me/jiuboguoji12312/2
回复消息：请联系主号：https://t.me/bs91m1
【91M Boss】官方交流群：https://t.me/bs91m990

=====================================================

2022-05-09
咨询客户ID：5357273092 → None
咨询消息：滴滴滴
回复消息：请联系主号：https://t.me/bs91m1
【91M Boss】官方交流群：https://t.me/bs91m990

=====================================================

2022-05-09
咨询客户ID：5268765746 → None
咨询消息：晚上好币友，有看好的币能互相分享交流吗？我也是自己玩的。一个人的精力毕竟有限。
回复消息：请联系主号：https://t.me/bs91m1
【91M Boss】官方交流群：https://t.me/bs91m990

=====================================================

2022-05-09
咨询客户ID：5219714044 → None
咨询消息：None
回复消息：请联系主号：https://t.me/bs91m1
【91M Boss】官方交流群：https://t.me/bs91m990

=====================================================

2022-05-09
咨询客户ID：2010185567 → None
咨询消息：【源头项目认准777哈希】
无需注册充值绑定手机
无需实名担心资金安全
官方网址： my5353.com/SV3LO
回复消息：请联系主号：https://t.me/bs91m1
【91M Boss】官方交流群：https://t.me/bs91m990

=====================================================

2022-05-09
咨询客户ID：768679952 → None
咨询消息：Hath kesa h bhai tera
回复消息：请联系主号：https://t.me/bs91m1
【91M Boss】官方交流群：https://t.me/bs91m990

=====================================================

2022-05-09
咨询客户ID：1365770138 → None
咨询消息：
回复消息：请联系主号：https://t.me/bs91m1
【91M Boss】官方交流群：https://t.me/bs91m990

=====================================================

2022-05-09
咨询客户ID：830080034 → None
咨询消息：Language :- Hindi Language 

Movie Name :- Pushpa { Part 1 }

Movie Size :- 1.5GB , Best Quality

Official Movie Channel 👇👇

https://t.me/+8mXEiiuceRoxODJl
回复消息：请联系主号：https://t.me/bs91m1
【91M Boss】官方交流群：https://t.me/bs91m990

=====================================================

2022-05-09
咨询客户ID：5365417092 → None
咨询消息：None
回复消息：请联系主号：https://t.me/bs91m1
【91M Boss】官方交流群：https://t.me/bs91m990

=====================================================

2022-05-09
咨询客户ID：2077201155 → eddie718
咨询消息：哥 有玩澳洲幸运10吗？
回复消息：请联系主号：https://t.me/bs91m1
【91M Boss】官方交流群：https://t.me/bs91m990

=====================================================

2022-05-09
咨询客户ID：5367413335 → None
咨询消息：None
回复消息：请联系主号：https://t.me/bs91m1
【91M Boss】官方交流群：https://t.me/bs91m990

=====================================================

2022-05-09
咨询客户ID：5388692083 → slutkbang
咨询消息：可以私信发送吗？
回复消息：请联系主号：https://t.me/bs91m1
【91M Boss】官方交流群：https://t.me/bs91m990

=====================================================

2022-05-09
咨询客户ID：1965742779 → None
咨询消息：virtu诚招代理商
返佣103-106%
佣金实时到账 
高频交易套利
无插针，无滑点
欢迎个人，工作室对接
✈️请添加微信咨询:  shaqiu168
✈️请添加飞机咨询:  @Div119
回复消息：请联系主号：https://t.me/bs91m1
【91M Boss】官方交流群：https://t.me/bs91m990

=====================================================

2022-05-09
咨询客户ID：1254641253 → Andikajoko
咨询消息：🌕贵宾会哈希娱乐平台🌕
🌜好消息！全网史无前例🌛
🙀贵宾会哈希游戏有返水了🙀
🌷【游戏流水10000返30U】🌷
🌟新人前3把包赔50U🌟
进入官.方频.道了解👇👇
👉 https://t.me/sdsjhff
回复消息：请联系主号：https://t.me/bs91m1
【91M Boss】官方交流群：https://t.me/bs91m990

=====================================================

2022-05-09
咨询客户ID：5371715618 → eyrdyyfuff
咨询消息：None
回复消息：请联系主号：https://t.me/bs91m1
【91M Boss】官方交流群：https://t.me/bs91m990

=====================================================

2022-05-09
咨询客户ID：5244932535 → None
咨询消息：😊你好？
回复消息：请联系主号：https://t.me/bs91m1
【91M Boss】官方交流群：https://t.me/bs91m990

=====================================================

2022-05-09
咨询客户ID：5379446833 → None
咨询消息：None
回复消息：请联系主号：https://t.me/bs91m1
【91M Boss】官方交流群：https://t.me/bs91m990

=====================================================

2022-05-09
咨询客户ID：2122458210 → bs91m1
咨询消息：@FG528
回复消息：请联系主号：https://t.me/bs91m1
【91M Boss】官方交流群：https://t.me/bs91m990

=====================================================

2022-05-09
咨询客户ID：2022502157 → None
咨询消息：U8-哈希 娱乐平台
全球区块链TRC20 — USDT/TRX竞彩平台
以每笔转账的区块链哈希值(Block Hash)为开奖结果！
公平   安全   公开
区块哈希值依托于去中心化的区块链网络随机生成，任何人随时随地都可以在区块链上查询
真正做到平台不可操控数据，所有记录透明有迹可查！
电报咨询：@u8hxccc
U8官网：   u8hx.cc
回复消息：请联系主号：https://t.me/bs91m1
【91M Boss】官方交流群：https://t.me/bs91m990

=====================================================

2022-05-09
咨询客户ID：1769233852 → None
咨询消息：
回复消息：请联系主号：https://t.me/bs91m1
【91M Boss】官方交流群：https://t.me/bs91m990

=====================================================

2022-05-09
咨询客户ID：5386797467 → None
咨询消息：朋友，DOD你也入了吗？
回复消息：请联系主号：https://t.me/bs91m1
【91M Boss】官方交流群：https://t.me/bs91m990

=====================================================

2022-05-09
咨询客户ID：5391939364 → Phineas_13434476675
咨询消息：老板，qun发软件月仅8百，耐用协义号1.5一个，可以试用。群代拉真人千人150、代发广告、自营全网app涨粉点赞。可招代理。奶妈官方频道：  @naima108   
Blaze
回复消息：请联系主号：https://t.me/bs91m1
【91M Boss】官方交流群：https://t.me/bs91m990

=====================================================

2022-05-09
咨询客户ID：2005856015 → None
咨询消息：Z8哈希娱乐开业大吉
极快~ 3秒系统自动返奖
奖池100万美金官方可查
欢迎老板们前来娱乐~爆庄～
全球首家DAPP一键投注
百家乐，牛牛 哈希幸运彩等16种创新趣味玩法
欢迎各界老板玩家前来爆庄
诚邀代理团队加盟入驻详情联系  总招商： @lafa7788
注册即玩：https://z8hash1.com/rg/458
官方频道:  @Z8hash99
回复消息：请联系主号：https://t.me/bs91m1
【91M Boss】官方交流群：https://t.me/bs91m990

=====================================================

2022-05-09
咨询客户ID：5195608372 → None
咨询消息：Hello 在忙吗？
回复消息：请联系主号：https://t.me/bs91m1
【91M Boss】官方交流群：https://t.me/bs91m990

=====================================================

2022-05-09
咨询客户ID：874839003 → None
咨询消息：
回复消息：请联系主号：https://t.me/bs91m1
【91M Boss】官方交流群：https://t.me/bs91m990

=====================================================

2022-05-09
咨询客户ID：5196859564 → None
咨询消息：None
回复消息：请联系主号：https://t.me/bs91m1
【91M Boss】官方交流群：https://t.me/bs91m990

=====================================================

2022-05-09
咨询客户ID：5302286104 → None
咨询消息：🙃老板在吗？
回复消息：请联系主号：https://t.me/bs91m1
【91M Boss】官方交流群：https://t.me/bs91m990

=====================================================

2022-05-09
咨询客户ID：5216468548 → muse_5691
咨询消息：🔰亚博，乐鱼，爱游戏，华体会倾力打造全新体育综合🔰
  🔥🔥 现全面开放代理渠道🔥🔥
✅客户输100万，你拿55万（55%佣金） 
✅起步佣金比例55%   
✅新增补贴活动费300/人
✅体育/电竞 流水返点 2%（其他0.2% ）
✅代理介绍代理可拿4%-8%客损提成
⚽️体育/🎴电竞/♠️百家乐/🎮电子/🎰彩票/🃏棋牌
  ✈️Telegram：@Anmuxi_Max
回复消息：请联系主号：https://t.me/bs91m1
【91M Boss】官方交流群：https://t.me/bs91m990

=====================================================

2022-05-09
咨询客户ID：5183132372 → None
咨询消息：None
回复消息：请联系主号：https://t.me/bs91m1
【91M Boss】官方交流群：https://t.me/bs91m990

=====================================================

2022-05-09
咨询客户ID：5171632066 → None
咨询消息：None
回复消息：请联系主号：https://t.me/bs91m1
【91M Boss】官方交流群：https://t.me/bs91m990

=====================================================

2022-05-09
咨询客户ID：5286901457 → None
咨询消息：👌在吗                        
😂                                
😉                            
😗                            
😁                .
😀中國Ｉ.Ｐ上号不死！境外专用流量卡 ！

😂不秒死 ，不风控， 插卡即用

🥳解决支付限制，上号秒死 

😋用号异常，风控问题，送货上门

😀购卡客服 @ty3377
:statisfied:=====================================
😘承接T/g私信代发,可指定号码或國家私信！
:statisfied:100%精准到达,支持测试！联系：@tgqunfa8
回复消息：请联系主号：https://t.me/bs91m1
【91M Boss】官方交流群：https://t.me/bs91m990

=====================================================

2022-05-09
咨询客户ID：5155981908 → None
咨询消息：my  darling  .🥰  在吗   ？
回复消息：请联系主号：https://t.me/bs91m1
【91M Boss】官方交流群：https://t.me/bs91m990

=====================================================

2022-05-09
咨询客户ID：5145861279 → None
咨询消息：
回复消息：请联系主号：https://t.me/bs91m1
【91M Boss】官方交流群：https://t.me/bs91m990

=====================================================

2022-05-09
咨询客户ID：5116084774 → None
咨询消息：None
回复消息：请联系主号：https://t.me/bs91m1
【91M Boss】官方交流群：https://t.me/bs91m990

=====================================================

2022-05-09
咨询客户ID：5252100466 → None
咨询消息：嗨你好呀小哥哥，喜歡看美女嗎，可以帶你看看美女哦
回复消息：请联系主号：https://t.me/bs91m1
【91M Boss】官方交流群：https://t.me/bs91m990

=====================================================

2022-05-09
咨询客户ID：5106873296 → RusmiPirwan1924
咨询消息：您好，这边是哈希至尊竞彩俱乐部  
  
新人试玩5次包赔活动  
招新活动，首次投注即送58TRX  
  
加盟代理，高额返佣，邀请一个好友加入，立即获得5-8U  
  
还在犹豫什么？心动不如行动！  
  
📣哈希至尊 ：[hxzz.vip]
回复消息：请联系主号：https://t.me/bs91m1
【91M Boss】官方交流群：https://t.me/bs91m990

=====================================================

2022-05-09
咨询客户ID：5168524376 → None
咨询消息：🤣你好？
回复消息：请联系主号：https://t.me/bs91m1
【91M Boss】官方交流群：https://t.me/bs91m990

=====================================================

2022-05-09
咨询客户ID：5252100466 → None
咨询消息：嗨你好呀小哥哥，喜歡看美女嗎，可以帶你看看美女哦
回复消息：请联系主号：https://t.me/bs91m1
【91M Boss】官方交流群：https://t.me/bs91m990

=====================================================

2022-05-09
咨询客户ID：5317009640 → None
咨询消息：
回复消息：请联系主号：https://t.me/bs91m1
【91M Boss】官方交流群：https://t.me/bs91m990

=====================================================

2022-05-09
咨询客户ID：5289870140 → hossein0000000000p3z4
咨询消息：♀💎【欧宝♀娱乐-综合♀平台】💎
♀ www.obbet302.com ♀
♀会员♀注册♀就送体验金 支持♀SVIP平移♀
体育♀赛事 电竞♀竞技 真人♀娱乐
棋牌♀游戏 彩票♀游戏 电子♀游艺
⚽️欧宝♀体育♀支持♀半路跳车⚽️

👔♀代理♀年入♀百万】👔
♀代理♀政策：♀
♀1.邀请一个♀会员奖励300♀，不论♀输赢♀
♀有效会员：存款≥500且打码≥1000
♀2.投注♀流水♀体育电竞2% 其它2‰♀
♀3.负盈利♀提成♀55% 会员输♀1000万♀550万♀到手
♀4.介绍♀代理可享♀4%-8%佣金分红♀
♀亚洲♀最强♀信誉♀综合♀平台，代理♀最高♀待遇，实力♀信誉♀保证♀

♀开代理♀联系： @ob520 ♀

♀💎官方招商频道💎：https://t.me/obzsVIP ♀♀
回复消息：请联系主号：https://t.me/bs91m1
【91M Boss】官方交流群：https://t.me/bs91m990

=====================================================

2022-05-09
咨询客户ID：1984390403 → lzh2020
咨询消息：vfdv
回复消息：请联系主号：https://t.me/bs91m1
【91M Boss】官方交流群：https://t.me/bs91m990

=====================================================

2022-05-09
咨询客户ID：5214228071 → None
咨询消息：
回复消息：请联系主号：https://t.me/bs91m1
【91M Boss】官方交流群：https://t.me/bs91m990

=====================================================

2022-05-09
咨询客户ID：2057007602 → None
咨询消息：Z8哈希娱乐开业大吉
极快~ 3秒系统自动返奖
奖池100万美金官方可查
欢迎老板们前来娱乐~爆庄～
全球首家DAPP一键投注
百家乐，牛牛 哈希幸运彩等16种创新趣味玩法
欢迎各界老板玩家前来爆庄
诚邀代理团队加盟入驻详情联系 ： @Z8zszg
注册官网: https://z8hash1.com/rg/7
官方频道:  @Z8hash_telegram
回复消息：请联系主号：https://t.me/bs91m1
【91M Boss】官方交流群：https://t.me/bs91m990

=====================================================

2022-05-09
咨询客户ID：2017094544 → None
咨询消息：老大，你最近都在忙啥子哦。。。。。。。。。。。
之前说的，Z8哈希竞彩找到规律了，一直买大
昨天派奖钱包里有200万U被干的剩50万U
你注册看下先：https://z8hash1.com/rg/605

不懂加我的招商号： @VIP72760
这个月Z8哈希应该能赚30W，下个月去看下你跟嫂子
回复消息：请联系主号：https://t.me/bs91m1
【91M Boss】官方交流群：https://t.me/bs91m990

=====================================================

2022-05-09
咨询客户ID：5323587106 → None
咨询消息：兄弟最近搞什么项目呢
回复消息：请联系主号：https://t.me/bs91m1
【91M Boss】官方交流群：https://t.me/bs91m990

=====================================================

2022-05-09
咨询客户ID：1465737985 → None
咨询消息：None
回复消息：请联系主号：https://t.me/bs91m1
【91M Boss】官方交流群：https://t.me/bs91m990

=====================================================

2022-05-09
咨询客户ID：5116047876 → None
咨询消息：None
回复消息：请联系主号：https://t.me/bs91m1
【91M Boss】官方交流群：https://t.me/bs91m990

=====================================================

2022-05-09
咨询客户ID：2104046168 → None
咨询消息：😊你好？
回复消息：请联系主号：https://t.me/bs91m1
【91M Boss】官方交流群：https://t.me/bs91m990

=====================================================

2022-05-09
咨询客户ID：2088139973 → None
咨询消息：None
回复消息：请联系主号：https://t.me/bs91m1
【91M Boss】官方交流群：https://t.me/bs91m990

=====================================================

2022-05-09
咨询客户ID：5366367575 → tangsongyu7890
咨询消息：在吗？
来就送 38 U 💰💰
客服： xpjkefu04
官网：  bit.ly/373nT6t88
回复消息：请联系主号：https://t.me/bs91m1
【91M Boss】官方交流群：https://t.me/bs91m990

=====================================================

2022-05-09
咨询客户ID：5299077522 → None
咨询消息：Nice to meet you
回复消息：请联系主号：https://t.me/bs91m1
【91M Boss】官方交流群：https://t.me/bs91m990

=====================================================

2022-05-09
咨询客户ID：5398465766 → None
咨询消息：在吗？
回复消息：请联系主号：https://t.me/bs91m1
【91M Boss】官方交流群：https://t.me/bs91m990

=====================================================

2022-05-09
咨询客户ID：5331541358 → None
咨询消息：兄弟最近搞什么项目呢
回复消息：请联系主号：https://t.me/bs91m1
【91M Boss】官方交流群：https://t.me/bs91m990

=====================================================

2022-05-09
咨询客户ID：5276741643 → None
咨询消息：None
回复消息：请联系主号：https://t.me/bs91m1
【91M Boss】官方交流群：https://t.me/bs91m990

=====================================================

2022-05-09
咨询客户ID：5379476488 → Van35174619
咨询消息：🏪👥  @uuretfg
回复消息：请联系主号：https://t.me/bs91m1
【91M Boss】官方交流群：https://t.me/bs91m990

=====================================================

2022-05-09
咨询客户ID：5351986622 → None
咨询消息：在吗，我想你了






https://t.me/yuiopasdgh94

我会等你来找我
回复消息：请联系主号：https://t.me/bs91m1
【91M Boss】官方交流群：https://t.me/bs91m990

=====================================================

2022-05-09
咨询客户ID：1599137892 → None
咨询消息：
回复消息：请联系主号：https://t.me/bs91m1
【91M Boss】官方交流群：https://t.me/bs91m990

=====================================================

2022-05-09
咨询客户ID：5355748188 → None
咨询消息：来车来车，一道混料进算回U，无三黑淘宝小贷，小额300起汇率 9.2，大额五千起汇率8.7 寻卡卡，二道车队，外贸卡  网关都可 点位高，量充足，有卡的来上车  卡主 人头中介也欢迎对接 @hll_455
回复消息：请联系主号：https://t.me/bs91m1
【91M Boss】官方交流群：https://t.me/bs91m990

=====================================================

2022-05-09
咨询客户ID：5248874432 → None
咨询消息：None
回复消息：请联系主号：https://t.me/bs91m1
【91M Boss】官方交流群：https://t.me/bs91m990

=====================================================

2022-05-09
咨询客户ID：5167309314 → None
咨询消息：None
回复消息：请联系主号：https://t.me/bs91m1
【91M Boss】官方交流群：https://t.me/bs91m990

=====================================================

2022-05-09
咨询客户ID：5209913288 → None
咨询消息：None
回复消息：请联系主号：https://t.me/bs91m1
【91M Boss】官方交流群：https://t.me/bs91m990

=====================================================

2022-05-09
咨询客户ID：5110807364 → None
咨询消息：None
回复消息：请联系主号：https://t.me/bs91m1
【91M Boss】官方交流群：https://t.me/bs91m990

=====================================================

2022-05-09
咨询客户ID：2005069371 → None
咨询消息：Z8哈希娱乐开业大吉
极快~ 3秒系统自动返奖
奖池100万美金官方可查
欢迎老板们前来娱乐~爆庄～
全球首家DAPP一键投注
百家乐，牛牛 哈希幸运彩等16种创新趣味玩法
欢迎各界老板玩家前来爆庄
诚邀代理团队加盟入驻详情联系  总招商： @lafa7788
注册即玩：https://z8hash1.com/rg/458
官方频道:  @Z8hash99
回复消息：请联系主号：https://t.me/bs91m1
【91M Boss】官方交流群：https://t.me/bs91m990

=====================================================

2022-05-09
咨询客户ID：5166290230 → J523luckyzmx
咨询消息：体育内层V4以上通道的料，代收付一体，咨询请联系  @shangwule
回复消息：请联系主号：https://t.me/bs91m1
【91M Boss】官方交流群：https://t.me/bs91m990

=====================================================

2022-05-09
咨询客户ID：5234458887 → None
咨询消息：最新爆火项目win挖矿每天500u入包包 邀请1个好友20U 欢迎了解：https://t.me/USDT3341
Vijay
回复消息：请联系主号：https://t.me/bs91m1
【91M Boss】官方交流群：https://t.me/bs91m990

=====================================================

2022-05-09
咨询客户ID：5201622751 → None
咨询消息：None
回复消息：请联系主号：https://t.me/bs91m1
【91M Boss】官方交流群：https://t.me/bs91m990

=====================================================

2022-05-09
咨询客户ID：5188667626 → None
咨询消息：None
回复消息：请联系主号：https://t.me/bs91m1
【91M Boss】官方交流群：https://t.me/bs91m990

=====================================================

2022-05-09
咨询客户ID：1205760889 → None
咨询消息：
回复消息：请联系主号：https://t.me/bs91m1
【91M Boss】官方交流群：https://t.me/bs91m990

=====================================================

2022-05-09
咨询客户ID：5381864294 → wuyan92217
咨询消息：欧宝诚邀官方总代理，无论个人、团队、seo技术，流量皆金钱，有量可谈，不黑不卡，信誉合作🤝
🔥独立代理后台，一线总代；无需任何投资，0成本做老板！
1️⃣客户输100万，你拿55万（55%佣金一次性结算） 
2️⃣新增补贴活动费300人起 （十天一结）
3️⃣体育/电竞 流水返点 2%（其他0.2% ）
4️⃣代理介绍代理可拿4%-8%客损提成（长期有效）
5️⃣新注册会员实名注册可到官网领体验金（助代理快速转化）
专享：独立代理后台和推广域名（会员动态随时查看一目了然
平台信誉
  ✨欧宝体育官方承诺，极速进出款，保证不黑款不卡款，恶意套彩会员也会归还本金，欧宝体育做事有规矩，信誉比一切都重要！
官方频道： @ob16da8
☎️telegram： @OBLucas88
☎️Flygram    ：obdx1
🌐注册网址:   www.obbet3043.com （vpn开中国或香港）
回复消息：请联系主号：https://t.me/bs91m1
【91M Boss】官方交流群：https://t.me/bs91m990

=====================================================

2022-05-09
咨询客户ID：5313038182 → None
咨询消息：现金，全国上门，收USDT，欢迎咨询+主=号$:     QQE1100
回复消息：请联系主号：https://t.me/bs91m1
【91M Boss】官方交流群：https://t.me/bs91m990

=====================================================

2022-05-09
咨询客户ID：5334644568 → Barthanna_Marvin80c3u
咨询消息：🤖九博国际主营业务介绍 🤖
充值即送
加拿大PC28 一万流水返280U 高反水 高赔率
资金安全 放心娱乐 汇旺担保
咨询客服 @fdjshvbg
回复消息：请联系主号：https://t.me/bs91m1
【91M Boss】官方交流群：https://t.me/bs91m990

=====================================================

2022-05-09
咨询客户ID：5322817902 → None
咨询消息：老铁啊，咋回事
回复消息：请联系主号：https://t.me/bs91m1
【91M Boss】官方交流群：https://t.me/bs91m990

=====================================================

2022-05-09
咨询客户ID：5134360928 → None
咨询消息：打扰下 有空聊聊吗？
回复消息：请联系主号：https://t.me/bs91m1
【91M Boss】官方交流群：https://t.me/bs91m990

=====================================================

2022-05-09
咨询客户ID：5166290230 → J523luckyzmx
咨询消息：我是电报小帮手小雯~ 此号不回复哦，需要业务或免费测试麻烦联系主号： @feiji5678
回复消息：请联系主号：https://t.me/bs91m1
【91M Boss】官方交流群：https://t.me/bs91m990

=====================================================

2022-05-09
咨询客户ID：5316675986 → None
咨询消息：⭐️东方会哈希娱乐城周年庆，多重豪礼等你来⭐️
  新人注册即送100TRX！！
✨1:全网最高赔率1.99
💫2:全网最高代理流水返点，1千返5$
👍3:新玩家前6把包赔48.8U$
🔥了解更多惊喜，请进入官方频道
(官方邀请码:3400)
👉官方频道：https://t.me/dongfanghuihaxi8
🏵东方会官网:  http://www.dfhash6.com
🏵详细咨询： dongfanghuikf2   dongfanghuikf3 (请前面＋＠手动搜索一下)
回复消息：请联系主号：https://t.me/bs91m1
【91M Boss】官方交流群：https://t.me/bs91m990

=====================================================

2022-05-09
咨询客户ID：5202232448 → None
咨询消息：None
回复消息：请联系主号：https://t.me/bs91m1
【91M Boss】官方交流群：https://t.me/bs91m990

=====================================================

2022-05-09
咨询客户ID：5185228333 → None
咨询消息：None
回复消息：请联系主号：https://t.me/bs91m1
【91M Boss】官方交流群：https://t.me/bs91m990

=====================================================

2022-05-09
咨询客户ID：5134225829 → None
咨询消息：None
回复消息：请联系主号：https://t.me/bs91m1
【91M Boss】官方交流群：https://t.me/bs91m990

=====================================================

2022-05-09
咨询客户ID：5120238418 → None
咨询消息：None
回复消息：请联系主号：https://t.me/bs91m1
【91M Boss】官方交流群：https://t.me/bs91m990

=====================================================

2022-05-09
咨询客户ID：5102194873 → None
咨询消息：None
回复消息：请联系主号：https://t.me/bs91m1
【91M Boss】官方交流群：https://t.me/bs91m990

=====================================================

2022-05-09
咨询客户ID：5166290230 → J523luckyzmx
咨询消息：我是电报小帮手小雯~ 此号不回复哦，需要业务或免费测试麻烦联系主号： @feiji5678
回复消息：请联系主号：https://t.me/bs91m1
【91M Boss】官方交流群：https://t.me/bs91m990

=====================================================

2022-05-09
咨询客户ID：5238638722 → None
咨询消息：全国外围修车3000一次 定金100选人 见面满意付
回复消息：请联系主号：https://t.me/bs91m1
【91M Boss】官方交流群：https://t.me/bs91m990

=====================================================

2022-05-09
咨询客户ID：5250445476 → None
咨询消息：None
回复消息：请联系主号：https://t.me/bs91m1
【91M Boss】官方交流群：https://t.me/bs91m990

=====================================================

2022-05-09
咨询客户ID：1079408899 → None
咨询消息：https://t.me/+oYpXoInFxJg2YzNl
回复消息：请联系主号：https://t.me/bs91m1
【91M Boss】官方交流群：https://t.me/bs91m990

=====================================================

2022-05-09
咨询客户ID：5162351536 → None
咨询消息：None
回复消息：请联系主号：https://t.me/bs91m1
【91M Boss】官方交流群：https://t.me/bs91m990

=====================================================

2022-05-09
咨询客户ID：5034557475 → None
咨询消息：None
回复消息：请联系主号：https://t.me/bs91m1
【91M Boss】官方交流群：https://t.me/bs91m990

=====================================================

2022-05-09
咨询客户ID：5373208520 → None
咨询消息：你好丫
回复消息：请联系主号：https://t.me/bs91m1
【91M Boss】官方交流群：https://t.me/bs91m990

=====================================================

2022-05-09
咨询客户ID：5166290230 → J523luckyzmx
咨询消息：我是电报小帮手小雯~ 此号不回复哦，需要业务或免费测试麻烦联系主号： @feiji5678
回复消息：请联系主号：https://t.me/bs91m1
【91M Boss】官方交流群：https://t.me/bs91m990

=====================================================

2022-05-09
咨询客户ID：1822071276 → None
咨询消息：
回复消息：请联系主号：https://t.me/bs91m1
【91M Boss】官方交流群：https://t.me/bs91m990

=====================================================

2022-05-09
咨询客户ID：5311351323 → None
咨询消息：None
回复消息：请联系主号：https://t.me/bs91m1
【91M Boss】官方交流群：https://t.me/bs91m990

=====================================================

2022-05-09
咨询客户ID：5291267608 → None
咨询消息：None
回复消息：请联系主号：https://t.me/bs91m1
【91M Boss】官方交流群：https://t.me/bs91m990

=====================================================

2022-05-09
咨询客户ID：5272684450 → None
咨询消息：None
回复消息：请联系主号：https://t.me/bs91m1
【91M Boss】官方交流群：https://t.me/bs91m990

=====================================================

2022-05-09
咨询客户ID：5198396778 → None
咨询消息：None
回复消息：请联系主号：https://t.me/bs91m1
【91M Boss】官方交流群：https://t.me/bs91m990

=====================================================

2022-05-09
咨询客户ID：5156226689 → None
咨询消息：None
回复消息：请联系主号：https://t.me/bs91m1
【91M Boss】官方交流群：https://t.me/bs91m990