

=====================================================

2022-05-20
咨询客户ID：5397168780 → dessa1874
咨询消息：陈峰，你没想到当初让人帮你卖U的时候留下转账记录吧？有朋友想赚快钱的，直接找他老婆李明缓，给那个记录她看，一个月700多玩的进账，够他老婆一家子去局里喝茶了，随随便便就能拿到封口费了！！
回复消息：请联系主号：https://t.me/bs91m1
【91M Boss】官方交流群：https://t.me/bs91m990

=====================================================

2022-05-20
咨询客户ID：5336725538 → None
咨询消息：你好，我是瀚海国际哈希值的客服，我们现在平台有免费活动，您有兴趣了解一下吗？此号为推广小号，请私我常用号：@qinyu5958   欢迎您的加入 
Terence
回复消息：请联系主号：https://t.me/bs91m1
【91M Boss】官方交流群：https://t.me/bs91m990

=====================================================

2022-05-20
咨询客户ID：5369038280 → None
咨询消息：
回复消息：请联系主号：https://t.me/bs91m1
【91M Boss】官方交流群：https://t.me/bs91m990

=====================================================

2022-05-20
咨询客户ID：5316017630 → Elianora_Dahoon
咨询消息：刚开始的时候给我们两百多个人画了个大饼，说我们只要出资两千万就可以占股百分之60，提成照算，他那边就出资八千万，所有的资源都是他提供，我们考虑了之后就一致通过了，筹了两千万给他，然后两百个员工不到一个星期就全部到了马尼拉，办公室，住宿，吃饭什么都安排好就开工了。开工两个月后资金基本见底了（后来我们算了所有的花费都是我们筹的那两千万那出，狗日的竟然一分没出还扣出钱大吃大喝打K）做了两个月资金盘开始了裂变，盘里面充值也上百万，他给我们画了大饼说不急着谈钱，他现在去处理，马上可以收割了！
回复消息：请联系主号：https://t.me/bs91m1
【91M Boss】官方交流群：https://t.me/bs91m990

=====================================================

2022-05-20
咨询客户ID：5128422979 → None
咨询消息：🔥汇旺担保300W美金，百万回分秒到账🔥
🔥飞机最火爆的武氏PC火爆爆庄中🔥
💰 全自动上下分系统回分秒到账🔥
🔥一万流水反280！超高流水返利🔥 
💰百万U秒回💰 
💰欢迎进入上下分群💰
@wushi95
回复消息：请联系主号：https://t.me/bs91m1
【91M Boss】官方交流群：https://t.me/bs91m990