

=====================================================

2022-06-01
咨询客户ID：5426710830 → Tew_xd_PaElijahulBobBor
咨询消息：🏆777HASH欢迎您🔥🔥🧧前五局输包赔，赢你带走🔥🔥     

💝强烈邀请❤️‍🔥
《有参与过其他平台哈希游戏且第一次到777HASH平台的玩家》
🟢钱包地址有1000U其他哈希平台投注记录
🟠在777HASH平台任意地址投注满1000U立即奖励💰58U
🟣钱包地址有5000U以上其他哈希平台投注记录
 在777HASH平台任意地址投注满5000U立即奖励💰118U
🔵钱包地址有10000U以上其他哈希平台投注记录
在777HASH平台任意地址投注满10000U立即奖励💰288U
钱包地址有10万U以上其他哈希平台投注记录
在777HASH平台任意地址投注满10万U立即奖励💰1888U                     

👍【单双玩法】【大小玩法】【牛牛玩法】【庄闲玩法】【PK10玩法】
    ☝️ 每个游戏下方都有详细的说明玩法哦

🌐官方网址：  https://sdg125.com

💜客服：@HASH6772        💰招商:   @HASH877
回复消息：请联系主号：https://t.me/bs91m1
【91M Boss】官方交流群：https://t.me/bs91m990

=====================================================

2022-06-01
咨询客户ID：5472942450 → None
咨询消息：黄金6月   暴富来袭 
Cg 哈希竞猜游戏正式上线了， 
 
黄金6月   暴富来袭 
Cg 哈希竞猜游戏正式上线了， 
现在有新人包赔活动 
只要你赚钱，亏钱我陪你 
官网：cg.net 
在线客服✈️：@BYhaxiyingying 
 (http://%E5%AE%98%E7%BD%91%EF%BC%9Acg.net)在线客服✈️：@BYhaxiyingying
回复消息：请联系主号：https://t.me/bs91m1
【91M Boss】官方交流群：https://t.me/bs91m990

=====================================================

2022-06-01
咨询客户ID：5273233213 → guanyu112
咨询消息：你好
回复消息：请联系主号：https://t.me/bs91m1
【91M Boss】官方交流群：https://t.me/bs91m990

=====================================================

2022-06-01
咨询客户ID：5463625722 → None
咨询消息：黄金6月   暴富来袭 
Cg 哈希竞猜游戏正式上线了， 
 
黄金6月   暴富来袭 
Cg 哈希竞猜游戏正式上线了， 
现在有新人包赔活动 
只要你赚钱，亏钱我陪你 
官网：cg.net 
在线客服✈️：@BYhaxiyingying 
 (http://%E5%AE%98%E7%BD%91%EF%BC%9Acg.net)在线客服✈️：@BYhaxiyingying
回复消息：请联系主号：https://t.me/bs91m1
【91M Boss】官方交流群：https://t.me/bs91m990

=====================================================

2022-06-01
咨询客户ID：5388440640 → None
咨询消息：
回复消息：请联系主号：https://t.me/bs91m1
【91M Boss】官方交流群：https://t.me/bs91m990

=====================================================

2022-06-01
咨询客户ID：5306134832 → None
咨询消息：*无/*限*代 *佣*金/多*种*玩 *家*代 *理*活*动/预*留*总* 代   
进入xiafang链接le解  
红包链接  
赶紧咨询 @ddf2536
回复消息：请联系主号：https://t.me/bs91m1
【91M Boss】官方交流群：https://t.me/bs91m990

=====================================================

2022-06-01
咨询客户ID：5593823493 → Charl191ie_PayneEmlliHilaryotK
咨询消息：🏆777HASH欢迎您🔥🔥🧧前五局输包赔，赢你带走🔥🔥     

💝强烈邀请❤️‍🔥
《有参与过其他平台哈希游戏且第一次到777HASH平台的玩家》
🟢钱包地址有1000U其他哈希平台投注记录
🟠在777HASH平台任意地址投注满1000U立即奖励💰58U
🟣钱包地址有5000U以上其他哈希平台投注记录
 在777HASH平台任意地址投注满5000U立即奖励💰118U
🔵钱包地址有10000U以上其他哈希平台投注记录
在777HASH平台任意地址投注满10000U立即奖励💰288U
钱包地址有10万U以上其他哈希平台投注记录
在777HASH平台任意地址投注满10万U立即奖励💰1888U                     

👍【单双玩法】【大小玩法】【牛牛玩法】【庄闲玩法】【PK10玩法】
    ☝️ 每个游戏下方都有详细的说明玩法哦

🌐官方网址：  https://sdg125.com

💜客服：@HASH6772        💰招商:   @HASH877
回复消息：请联系主号：https://t.me/bs91m1
【91M Boss】官方交流群：https://t.me/bs91m990

=====================================================

2022-06-01
咨询客户ID：5082353544 → Ytrfft
咨询消息：Pm
回复消息：请联系主号：https://t.me/bs91m1
【91M Boss】官方交流群：https://t.me/bs91m990

=====================================================

2022-06-01
咨询客户ID：5273233213 → guanyu112
咨询消息：你好
回复消息：请联系主号：https://t.me/bs91m1
【91M Boss】官方交流群：https://t.me/bs91m990

=====================================================

2022-06-01
咨询客户ID：5097962928 → duckrubberduck
咨询消息：Musait oldugunuzda detaylari gorusmek isterim
回复消息：请联系主号：https://t.me/bs91m1
【91M Boss】官方交流群：https://t.me/bs91m990

=====================================================

2022-06-01
咨询客户ID：5568830009 → None
咨询消息：黄金6月   暴富来袭 
Cg 哈希竞猜游戏正式上线了， 
 
黄金6月   暴富来袭 
Cg 哈希竞猜游戏正式上线了， 
现在有新人包赔活动 
只要你赚钱，亏钱我陪你 
官网：cg.net 
在线客服✈️：@BYhaxiyingying 
 (http://%E5%AE%98%E7%BD%91%EF%BC%9Acg.net)在线客服✈️：@BYhaxiyingying
回复消息：请联系主号：https://t.me/bs91m1
【91M Boss】官方交流群：https://t.me/bs91m990

=====================================================

2022-06-01
咨询客户ID：5567866149 → None
咨询消息：None
回复消息：请联系主号：https://t.me/bs91m1
【91M Boss】官方交流群：https://t.me/bs91m990

=====================================================

2022-06-01
咨询客户ID：531159846 → GOLDENGOLDGG
咨询消息：
回复消息：请联系主号：https://t.me/bs91m1
【91M Boss】官方交流群：https://t.me/bs91m990

=====================================================

2022-06-01
咨询客户ID：5554051310 → None
咨询消息：赔率1：1.98（注册会员：1.99） 
限注10-20000USDT/100-100000TRX 
 
东方会哈希娱乐城福利天天送 
让您体验真实、激情与速度 
 
新手注册奖励 
1.新人注册即送100TRX大礼包 
2.到官网平台注册，并有下注前6局输包赔，赢你带走！ 
 
等等的众多福利随时等您来领取~！ 
全网最高代理返点，流水千分五 
 
玩法规则 
下注金额的个位数，0-4为小，5-9为大。下注金额个位数与区块哈希最后出现的数字大小范围一直时视为中奖。 
 
中奖实例 
例：中奖示例 
转账金额个位数与区块哈希最后的数字同为大即中奖 
转账金额：109 
该笔转账的区块哈希为：000*1e7b 
转账金额个位数与区块哈希最后数字同为大， 
中奖金额：109*1.99=216.91 
 
例：转账金额个位数为【大】，区块哈希最后数字位【小】则不中奖 
转账金额：109 
该笔转账的哈子区块为：000****1e22 
转账金额个位数为【大】区块哈希最后数字为【小】则不中奖 
 
详情请点击官方了解 
S1.dfHASH6.com/#/reGisteR/869436
回复消息：请联系主号：https://t.me/bs91m1
【91M Boss】官方交流群：https://t.me/bs91m990

=====================================================

2022-06-01
咨询客户ID：5268097642 → huynhgiason502
咨询消息：🔥游.戏.平.台🔥皇.冠.哈.希🔥
👇👇👇👇 
ps://t.me/IUTG44
回复消息：请联系主号：https://t.me/bs91m1
【91M Boss】官方交流群：https://t.me/bs91m990

=====================================================

2022-06-01
咨询客户ID：5261745889 → abc11185
咨询消息：1
回复消息：请联系主号：https://t.me/bs91m1
【91M Boss】官方交流群：https://t.me/bs91m990

=====================================================

2022-06-01
咨询客户ID：5182207719 → None
咨询消息：新项目的来  无押金 日结佣金日赚小几千 手把手教
回复消息：请联系主号：https://t.me/bs91m1
【91M Boss】官方交流群：https://t.me/bs91m990

=====================================================

2022-06-01
咨询客户ID：5319467870 → None
咨询消息：
回复消息：请联系主号：https://t.me/bs91m1
【91M Boss】官方交流群：https://t.me/bs91m990

=====================================================

2022-06-01
咨询客户ID：5567861954 → robert_zy59rx
咨询消息：🎖欧宝娱乐：2022卡塔尔世界杯🏆
🏆诚邀外部代理合作发展🏆
⚽️尤文图斯 阿斯顿维拉官方全球顶级合作伙伴⚽️
💰【55%佣金+人头费300+流水2%】
💰【会员输100万，可拿佣金55万】
💰【新增会员人头费300一个】
💰【第一个月流水佣金2%】
💰【佣金派发一次性到账 可直接提现】
💰【介绍代理可拿佣金4%-8%】
⚽️赛事推单频道：OBAOSSTD
💸代理招商频道：OBTYDLZS88
🔞：AVHUANGSE888
🥇代理联系QQ：457434733
🥇代理联系telegram ：@OBAOZS05
🥇代理联系Flygram+：longxiaoyao
🥇代理联系Skype：live:.cid.e1987103b464fe6d
回复消息：请联系主号：https://t.me/bs91m1
【91M Boss】官方交流群：https://t.me/bs91m990

=====================================================

2022-06-01
咨询客户ID：5360237130 → hchLJStewardWatA
咨询消息：🏆欧宝娱乐：2022卡塔尔世界杯
✅诚邀外部代理合作发展
⚽️尤文图斯官方区域合作伙伴
⚽️阿斯顿维拉官方全球顶级合作伙伴
💰55%佣金+人头费300+流水2%
💰1：会员输100万，可拿佣金55万
💰2：新增会员人头费300一个
💰3：第一个月流水佣金2%
💰4：佣金派发一次性到账，可直接提现
💰5：介绍代理可拿佣金4%-8%
💰6：代理后台加密换汇软件跳转，可绑定虚拟信息
📱一线总代理，独立后台报表随时查看会员数据情况
✅欧宝娱乐信誉承诺：不黑不卡，急速出款
✅大小额充值无上限，单次下注可超百万
✅平台支持usdt提款，存款
🏆可自玩可代理
⚽️赛事推单频道：@OBAOSSTD
💸代理招商频道：@OBTYDLZS88
🔞：@AVHUANGSE888
📥QQ：457434733
📥telegram ：@OBAOZS04
📥Flygram+：longxiaoyao
☎️Skype：live:.cid.e1987103b464fe6d
回复消息：请联系主号：https://t.me/bs91m1
【91M Boss】官方交流群：https://t.me/bs91m990

=====================================================

2022-06-01
咨询客户ID：5517432835 → None
咨询消息：♠️‍
华伦集团招商广告✅
华伦担保🔷全球支付🔷娱乐游戏
总有一项适合您、点我进入了解
📣 恭喜老板们一路长虹 🧨🧨

直达     @hualun0001
回复消息：请联系主号：https://t.me/bs91m1
【91M Boss】官方交流群：https://t.me/bs91m990

=====================================================

2022-06-01
咨询客户ID：2080818796 → jcxz_1
咨询消息：🎖欧宝娱乐：2022卡塔尔世界杯🏆
🏆诚邀外部代理合作发展🏆
⚽️尤文图斯 阿斯顿维拉官方全球顶级合作伙伴⚽️
💰【55%佣金+人头费300+流水2%】
💰【会员输100万，可拿佣金55万】
💰【新增会员人头费300一个】
💰【第一个月流水佣金2%】
💰【佣金派发一次性到账 可直接提现】
💰【介绍代理可拿佣金4%-8%】
⚽️赛事推单频道：OBAOSSTD
💸代理招商频道：OBTYDLZS88
🔞：AVHUANGSE888
🥇代理联系QQ：457434733
🥇代理联系telegram ：@OBAOZS05
🥇代理联系Flygram+：longxiaoyao
🥇代理联系Skype：live:.cid.e1987103b464fe6d
回复消息：请联系主号：https://t.me/bs91m1
【91M Boss】官方交流群：https://t.me/bs91m990

=====================================================

2022-06-01
咨询客户ID：5350871268 → CedriAdolphc_HaydenHar
咨询消息：🏆777HASH欢迎您🔥🔥🧧前五局输包赔，赢你带走🔥🔥     

💝强烈邀请❤️‍🔥
《有参与过其他平台哈希游戏且第一次到777HASH平台的玩家》
🟢钱包地址有1000U其他哈希平台投注记录
🟠在777HASH平台任意地址投注满1000U立即奖励💰58U
🟣钱包地址有5000U以上其他哈希平台投注记录
 在777HASH平台任意地址投注满5000U立即奖励💰118U
🔵钱包地址有10000U以上其他哈希平台投注记录
在777HASH平台任意地址投注满10000U立即奖励💰288U
钱包地址有10万U以上其他哈希平台投注记录
在777HASH平台任意地址投注满10万U立即奖励💰1888U                     

👍【单双玩法】【大小玩法】【牛牛玩法】【庄闲玩法】【PK10玩法】
    ☝️ 每个游戏下方都有详细的说明玩法哦

🌐官方网址：  https://sdg125.com

💜客服：@HASH6772        💰招商:   @HASH877
回复消息：请联系主号：https://t.me/bs91m1
【91M Boss】官方交流群：https://t.me/bs91m990

=====================================================

2022-06-01
咨询客户ID：5536569342 → None
咨询消息：您是出海项目方老板就速度来对接海外技术大佬圈，有黑科技等您合作，只限今日开放圈子🌹🙌🏻💞🌸😙😛！
👉https://t.me/+yotyfQFcNpphYWU1 💛🐣🤟🏻
回复消息：请联系主号：https://t.me/bs91m1
【91M Boss】官方交流群：https://t.me/bs91m990

=====================================================

2022-06-01
咨询客户ID：5309887830 → None
咨询消息：✨⑨⑧哈希—正确的选择

活❤️‍🔥动❤️‍🔥多❤️‍🔥多，臻❤️‍🔥品❤️‍🔥之❤️‍🔥选
诚❤️‍🔥招❤️‍🔥代❤️‍🔥理，拥❤️‍🔥有❤️‍🔥无❤️‍🔥限❤️‍🔥可❤️‍🔥能

https://t.me/abchash123

真❤️‍🔥正❤️‍🔥的❤️‍🔥资❤️‍🔥金❤️‍🔥雄❤️‍🔥厚，随❤️‍🔥时❤️‍🔥可❤️‍🔥查
我❤️‍🔥们❤️‍🔥的❤️‍🔥玩❤️‍🔥法❤️‍🔥丰❤️‍🔥富，为❤️‍🔥您❤️‍🔥缔❤️‍🔥造❤️‍🔥精❤️‍🔥品
回复消息：请联系主号：https://t.me/bs91m1
【91M Boss】官方交流群：https://t.me/bs91m990

=====================================================

2022-06-01
咨询客户ID：5485443619 → Saxon_BillMikelyBahirtle
咨询消息：金贝集团加拿大PC28电报在线投注群
更多玩法尽在
https://t.me/+1sXCd-0Q9sAxOTc1
回复消息：请联系主号：https://t.me/bs91m1
【91M Boss】官方交流群：https://t.me/bs91m990

=====================================================

2022-06-01
咨询客户ID：5117408021 → BGhash_1
咨询消息：您好，这里是BG哈希在线客服，很高兴为您服务，请问有什么可以帮到您的吗？
回复消息：请联系主号：https://t.me/bs91m1
【91M Boss】官方交流群：https://t.me/bs91m990

=====================================================

2022-06-01
咨询客户ID：5547598830 → xbvdlsodbsj
咨询消息：🎖欧宝娱乐：2022卡塔尔世界杯🏆
🏆诚邀外部代理合作发展🏆
⚽️尤文图斯 阿斯顿维拉官方全球顶级合作伙伴⚽️
💰【55%佣金+人头费300+流水2%】
💰【会员输100万，可拿佣金55万】
💰【新增会员人头费300一个】
💰【第一个月流水佣金2%】
💰【佣金派发一次性到账 可直接提现】
💰【介绍代理可拿佣金4%-8%】
⚽️赛事推单频道：OBAOSSTD
💸代理招商频道：OBTYDLZS88
🔞：AVHUANGSE888
🥇代理联系QQ：457434733
🥇代理联系telegram ：@OBAOZS05
🥇代理联系Flygram+：longxiaoyao
🥇代理联系Skype：live:.cid.e1987103b464fe6d
回复消息：请联系主号：https://t.me/bs91m1
【91M Boss】官方交流群：https://t.me/bs91m990

=====================================================

2022-06-01
咨询客户ID：5307871668 → None
咨询消息：🔥幸运竞猜🔥等你来试玩，福利满满 🔸安全可靠🔸
🚀新人注册 五局包赔888U/ 13O88T®️X😜 
http://182563.com

点解  t.me/Annaa1228  领取13O88T®️X礼包
回复消息：请联系主号：https://t.me/bs91m1
【91M Boss】官方交流群：https://t.me/bs91m990

=====================================================

2022-06-01
咨询客户ID：5074664745 → Ben_915
咨询消息：这是广告号。如果未及时回复消息，请添加我的微信LLL19716或者私人飞机： @L971116
回复消息：请联系主号：https://t.me/bs91m1
【91M Boss】官方交流群：https://t.me/bs91m990

=====================================================

2022-06-01
咨询客户ID：1783693687 → None
咨询消息：《狮子哈希 竞彩俱乐部》
区块链哈希值开奖，前五把包赔 包赔 包赔
  公平、公正、公开、安全、信誉、高效
        转账秒开奖 赢了秒到账
   全自动化无人工干预，无后台操控
帅哥感兴趣可以进来看看 我不强求 我只建议
              @LIonsHash
回复消息：请联系主号：https://t.me/bs91m1
【91M Boss】官方交流群：https://t.me/bs91m990

=====================================================

2022-06-01
咨询客户ID：1925933125 → ItssmeeRhea
咨询消息：H
回复消息：请联系主号：https://t.me/bs91m1
【91M Boss】官方交流群：https://t.me/bs91m990

=====================================================

2022-06-01
咨询客户ID：5523521877 → None
咨询消息：黄金6月   暴富来袭 
Cg 哈希竞猜游戏正式上线了， 
 
黄金6月   暴富来袭 
Cg 哈希竞猜游戏正式上线了， 
现在有新人包赔活动 
只要你赚钱，亏钱我陪你 
官网：cg.net 
在线客服✈️：@BYhaxiyingying 
 (http://%E5%AE%98%E7%BD%91%EF%BC%9Acg.net)在线客服✈️：@BYhaxiyingying
回复消息：请联系主号：https://t.me/bs91m1
【91M Boss】官方交流群：https://t.me/bs91m990

=====================================================

2022-06-01
咨询客户ID：5340913416 → None
咨询消息：None
回复消息：请联系主号：https://t.me/bs91m1
【91M Boss】官方交流群：https://t.me/bs91m990

=====================================================

2022-06-01
咨询客户ID：5366205353 → David59864637
咨询消息：（*！最火88k哈希 强势崛起，资金雄厚，最公平公正公开全新玩法，颠覆传统博彩，未来风口项目，只要你懂u，就是第一个吃螃蟹的人 新手福利五局包赔 注册送88t  官方频道  https://t.me/zhengjing77
…+…
回复消息：请联系主号：https://t.me/bs91m1
【91M Boss】官方交流群：https://t.me/bs91m990

=====================================================

2022-06-01
咨询客户ID：5309120878 → erich58086523170
咨询消息：✈️✈️✈️ @clhash988 🌶🌶🌶   ❤️❤️❤️  ✅✅✅
回复消息：请联系主号：https://t.me/bs91m1
【91M Boss】官方交流群：https://t.me/bs91m990

=====================================================

2022-06-01
咨询客户ID：5275514643 → macthinhnam605
咨询消息：🔥游.戏.平.台🔥皇.冠.哈.希🔥
👇👇👇👇 
https://t.me/hougo33
回复消息：请联系主号：https://t.me/bs91m1
【91M Boss】官方交流群：https://t.me/bs91m990

=====================================================

2022-06-01
咨询客户ID：5499554763 → AndroJos8819
咨询消息：🔥西港BLGJ最火爆的视频百家乐群火爆爆庄中🔥
💰XGBL赌场直营、秒杀一切担保💰
🔥公平公正公开的游戏投注平台🔥
🔥全网唯一一个赌场大厅现场视频🔥
🔥大额无忧、下分秒回🔥
🔥全网现场体验感最强、最真实、最人性的视频百家乐🔥💰广招代理、欢迎各位代理老板骚扰💰
💰充值送客房、ktv酒房、铂莱会所美女💰
👊BLGJ视频百家乐  欢迎您的到来👊
投注群：https://t.me/+U84PC91KUag1MmU1
回复消息：请联系主号：https://t.me/bs91m1
【91M Boss】官方交流群：https://t.me/bs91m990

=====================================================

2022-06-01
咨询客户ID：5306435818 → GreJacobg_LockieRichard
咨询消息：
回复消息：请联系主号：https://t.me/bs91m1
【91M Boss】官方交流群：https://t.me/bs91m990

=====================================================

2022-06-01
咨询客户ID：1154987304 → None
咨询消息：🏆欧宝娱乐：2022卡塔尔世界杯
✅诚邀外部代理合作发展
⚽️尤文图斯官方区域合作伙伴
⚽️阿斯顿维拉官方全球顶级合作伙伴
💰55%佣金+人头费300+流水2%
💰1：会员输100万，可拿佣金55万
💰2：新增会员人头费300一个
💰3：第一个月流水佣金2%
💰4：佣金派发一次性到账，可直接提现
💰5：介绍代理可拿佣金4%-8%
💰6：代理后台加密换汇软件跳转，可绑定虚拟信息
📱一线总代理，独立后台报表随时查看会员数据情况
✅欧宝娱乐信誉承诺：不黑不卡，急速出款
✅大小额充值无上限，单次下注可超百万
✅平台支持usdt提款，存款
🏆可自玩可代理
⚽️赛事推单频道：@OBAOSSTD
💸代理招商频道：@OBTYDLZS88
🔞：@AVHUANGSE888
📥QQ：457434733
📥telegram ：@OBAOZS04
📥Flygram+：longxiaoyao
☎️Skype：live:.cid.e1987103b464fe6d
回复消息：请联系主号：https://t.me/bs91m1
【91M Boss】官方交流群：https://t.me/bs91m990

=====================================================

2022-06-01
咨询客户ID：5436012131 → None
咨询消息：None
回复消息：请联系主号：https://t.me/bs91m1
【91M Boss】官方交流群：https://t.me/bs91m990

=====================================================

2022-06-01
咨询客户ID：531159846 → GOLDENGOLDGG
咨询消息：
回复消息：请联系主号：https://t.me/bs91m1
【91M Boss】官方交流群：https://t.me/bs91m990

=====================================================

2022-06-01
咨询客户ID：5117408021 → BGhash_1
咨询消息：您好，这里是BG国际在线客服，很高兴为您服务，请问有什么可以帮到您的吗？
回复消息：请联系主号：https://t.me/bs91m1
【91M Boss】官方交流群：https://t.me/bs91m990

=====================================================

2022-06-01
咨询客户ID：5302344255 → meredith73140103
咨询消息：✈️✈️✈️ @clhash988 🌶🌶🌶   ❤️❤️❤️  ✅✅✅
回复消息：请联系主号：https://t.me/bs91m1
【91M Boss】官方交流群：https://t.me/bs91m990

=====================================================

2022-06-01
咨询客户ID：5344551557 → None
咨询消息：联系官方客服：https://t.me/bs91m0 
官方交流群   ：https://t.me/bs91m990
回复消息：请联系主号：https://t.me/bs91m1
【91M Boss】官方交流群：https://t.me/bs91m990

=====================================================

2022-06-01
咨询客户ID：91881998 → trapezial1849
咨询消息：你好朋友
公司高价回收usdt
可以先付款
联系飞机KLPMA
回复消息：请联系主号：https://t.me/bs91m1
【91M Boss】官方交流群：https://t.me/bs91m990

=====================================================

2022-06-01
咨询客户ID：5425034419 → KrDyVblohllyyyca
咨询消息：🏆欧宝娱乐：2022卡塔尔世界杯
✅诚邀外部代理合作发展
⚽️尤文图斯官方区域合作伙伴
⚽️阿斯顿维拉官方全球顶级合作伙伴
💰55%佣金+人头费300+流水2%
💰1：会员输100万，可拿佣金55万
💰2：新增会员人头费300一个
💰3：第一个月流水佣金2%
💰4：佣金派发一次性到账，可直接提现
💰5：介绍代理可拿佣金4%-8%
💰6：代理后台加密换汇软件跳转，可绑定虚拟信息
📱一线总代理，独立后台报表随时查看会员数据情况
✅欧宝娱乐信誉承诺：不黑不卡，急速出款
✅大小额充值无上限，单次下注可超百万
✅平台支持usdt提款，存款
🏆可自玩可代理
⚽️赛事推单频道：@OBAOSSTD
💸代理招商频道：@OBTYDLZS88
🔞：@AVHUANGSE888
📥QQ：457434733
📥telegram ：@OBAOZS04
📥Flygram+：longxiaoyao
☎️Skype：live:.cid.e1987103b464fe6d
回复消息：请联系主号：https://t.me/bs91m1
【91M Boss】官方交流群：https://t.me/bs91m990

=====================================================

2022-06-01
咨询客户ID：5302309465 → None
咨询消息：https://t.me/+llzXVmJPr0s1N2M1
回复消息：请联系主号：https://t.me/bs91m1
【91M Boss】官方交流群：https://t.me/bs91m990

=====================================================

2022-06-01
咨询客户ID：468139294 → RealMtClub88
咨询消息：hallo selamat mlam abang
回复消息：请联系主号：https://t.me/bs91m1
【91M Boss】官方交流群：https://t.me/bs91m990

=====================================================

2022-06-01
咨询客户ID：5393389523 → DouglasHolmes2567
咨询消息：
回复消息：请联系主号：https://t.me/bs91m1
【91M Boss】官方交流群：https://t.me/bs91m990

=====================================================

2022-06-01
咨询客户ID：5303332545 → sjjy9
咨询消息：请联系本人业务号   @tt969
回复消息：请联系主号：https://t.me/bs91m1
【91M Boss】官方交流群：https://t.me/bs91m990

=====================================================

2022-06-01
咨询客户ID：5380105057 → None
咨询消息：现在是信息时代，早两年点赞盘好做，你做了吗？去年虚拟货币好做，你有方法吗？有资源吗？现在有个方法，让你足不出户，监控全球灰产，你让公司开个投木马病毒的部门，就投毒给TG上面的人，和你说，随便中一个都是你的同行，你可以获取他电脑任何东西，还可以盗他飞机出来登录，去研究他们公司做什么的，有什么方法，有什么资源，还可以盗他们的粉，客户，后台，甚至服务器，没事做了还可以用这个飞机号让别人转U转钱。
回复消息：请联系主号：https://t.me/bs91m1
【91M Boss】官方交流群：https://t.me/bs91m990

=====================================================

2022-06-01
咨询客户ID：5320705425 → None
咨询消息：**/淘宝哈希2.0无限代模式启动  
预留总代/咨询哪吒 @nezha8889
回复消息：请联系主号：https://t.me/bs91m1
【91M Boss】官方交流群：https://t.me/bs91m990

=====================================================

2022-06-01
咨询客户ID：5318048181 → None
咨询消息：在线客服✈️：@byhash339 @CGhashDD @CGhashLin
招商热线✈️：@DT16888
活动：🎁平台5局游戏包赔 🎁上线瓜分百万USDT
官方投注官网：cg.net/FVIPWVJ9VO
官方频道:https://t.me/byhash888
Telegram
https://t.me/byhash888百盈哈希竞猜官方频道
回复消息：请联系主号：https://t.me/bs91m1
【91M Boss】官方交流群：https://t.me/bs91m990

=====================================================

2022-06-01
咨询客户ID：5016485329 → None
咨询消息：Assalamu'alaikum
回复消息：请联系主号：https://t.me/bs91m1
【91M Boss】官方交流群：https://t.me/bs91m990

=====================================================

2022-06-01
咨询客户ID：5128886638 → chubi12369
咨询消息：https://t.me/+fDvymcm9iwE4MDE1
回复消息：请联系主号：https://t.me/bs91m1
【91M Boss】官方交流群：https://t.me/bs91m990

=====================================================

2022-06-01
咨询客户ID：5169743825 → None
咨询消息：https://t.me/+llzXVmJPr0s1N2M1
回复消息：请联系主号：https://t.me/bs91m1
【91M Boss】官方交流群：https://t.me/bs91m990

=====================================================

2022-06-01
咨询客户ID：5344462636 → TrentMullett8807
咨询消息：
回复消息：请联系主号：https://t.me/bs91m1
【91M Boss】官方交流群：https://t.me/bs91m990

=====================================================

2022-06-01
咨询客户ID：5381827112 → None
咨询消息：❤️‍🔥倪好哥哥，有兴趣了解一下现在最火爆的蛤吸数字竞猜吗？☎️@hanhaixiaomo
Herbert
回复消息：请联系主号：https://t.me/bs91m1
【91M Boss】官方交流群：https://t.me/bs91m990

=====================================================

2022-06-01
咨询客户ID：5389114236 → None
咨询消息：可以来我们宝马哈希玩几把哦
新人福利大礼包🎁
玩前五局总计包赔百分之五十，赢了你带走，输了退回百分之五十， 这样不好吗？
回复消息：请联系主号：https://t.me/bs91m1
【91M Boss】官方交流群：https://t.me/bs91m990

=====================================================

2022-06-01
咨询客户ID：5302454850 → None
咨询消息：第三届博牛亚洲云上博弈博览会【破冰·启航】正式启动招商 
 
诚邀：冠名参展商10名 
          VIP参展商100名 
 
举办时间：2022年7月18日~28日 
 
入驻福利 
1：供应服务类商户均提供博牛担保合作，收录博牛担保频道，提供担保交易服务提供成交率； 
2：参会展商均可进入博牛精英商务团队交流群《黑马会》提供业内商务交流平台，互惠共赢； 
3：冠名参展商及VIP参展商均受邀参加博牛线下商务交流晚宴。 
   
欢迎博娱行业及周边产业供应商服务商入驻发布产品，寻求互利共赢！ 
 
参展咨询请联系:@BNYBH666
回复消息：请联系主号：https://t.me/bs91m1
【91M Boss】官方交流群：https://t.me/bs91m990

=====================================================

2022-06-01
咨询客户ID：1015273831 → KING_CLUD88
咨询消息：
回复消息：请联系主号：https://t.me/bs91m1
【91M Boss】官方交流群：https://t.me/bs91m990

=====================================================

2022-06-01
咨询客户ID：587840453 → AramYengibaryan
咨询消息：5月活动促销中！ 
私发最低仅需0.1元每条！！！ 
活人拉群每人0.2元 
僵尸粉拉群每1万人仅需200元 
频道僵尸粉每一万人300元 
TG协议号百起3元，千起2.7元 
接频道刷阅读，接群组频道排名 
月购5000号以上送推广软件！！ 
详询 @luoluo1188 
（请使用U结算）
回复消息：请联系主号：https://t.me/bs91m1
【91M Boss】官方交流群：https://t.me/bs91m990

=====================================================

2022-06-01
咨询客户ID：5074664745 → Ben_915
咨询消息：这是广告号。如果未及时回复消息，请添加我的微信LLL19716或者私人飞机： @L971116
回复消息：请联系主号：https://t.me/bs91m1
【91M Boss】官方交流群：https://t.me/bs91m990

=====================================================

2022-06-01
咨询客户ID：5120358602 → dinhvietkhoi743
咨询消息：&#￥  备用金妥妥的 白嫖勿扰   t.me/huahuashijie33   88k哈希注册就送88TRX  实力玩家前来杀庄 全网最高赔率 最信誉台子
##@
回复消息：请联系主号：https://t.me/bs91m1
【91M Boss】官方交流群：https://t.me/bs91m990

=====================================================

2022-06-01
咨询客户ID：5303332545 → sjjy9
咨询消息：请联系本人业务号   @tt969
回复消息：请联系主号：https://t.me/bs91m1
【91M Boss】官方交流群：https://t.me/bs91m990

=====================================================

2022-06-01
咨询客户ID：5371133302 → AmyWeiss4841
咨询消息：file:///C:/Users/maoma/Desktop/大集合/BMW/WhatsApp Video 2022-05-31 at 10.10.01 PM.mp4
回复消息：请联系主号：https://t.me/bs91m1
【91M Boss】官方交流群：https://t.me/bs91m990

=====================================================

2022-06-01
咨询客户ID：5452883321 → None
咨询消息：💙🔲🟪
华伦集团招商广告✅
华伦担保🔷全球支付🔷娱乐游戏
总有一项适合您、点我进入了解
📣 恭喜老板们一路长虹 🧨🧨

直达      @sadzxs5xx
回复消息：请联系主号：https://t.me/bs91m1
【91M Boss】官方交流群：https://t.me/bs91m990

=====================================================

2022-06-01
咨询客户ID：5050760613 → aepavlovskiymVGl
咨询消息：通過區塊節點預測計算哈希值，免費測試
回复消息：请联系主号：https://t.me/bs91m1
【91M Boss】官方交流群：https://t.me/bs91m990

=====================================================

2022-06-01
咨询客户ID：5223338922 → None
咨询消息：滴滴滴 有人在吗🥳
回复消息：请联系主号：https://t.me/bs91m1
【91M Boss】官方交流群：https://t.me/bs91m990

=====================================================

2022-06-01
咨询客户ID：872117636 → PirateKing_8
咨询消息：hii bosku 😘😘
bossku minat main game?
kita ada promotion utk abg❤️
回复消息：请联系主号：https://t.me/bs91m1
【91M Boss】官方交流群：https://t.me/bs91m990

=====================================================

2022-06-01
咨询客户ID：5383430039 → AoYSLunolylo85
咨询消息：我们BBK远控木马会提供最好的服务和技术，盗你要的一切轻松拿下，盗U盗资源盗一切资源，盗公司资源，后台，方法，会员，适合资金盘，虚拟货币，点赞，BC，等任何一切灰产等等的，贴心在做服务和病毒。
回复消息：请联系主号：https://t.me/bs91m1
【91M Boss】官方交流群：https://t.me/bs91m990

=====================================================

2022-06-01
咨询客户ID：5348817075 → None
咨询消息：滴滴 有人在吗！！🧚‍♀️🧚‍♀️
现在新的宝马哈希项目有活动呢，你们还不去试试玩吗！！💫💫🌹
回复消息：请联系主号：https://t.me/bs91m1
【91M Boss】官方交流群：https://t.me/bs91m990

=====================================================

2022-06-01
咨询客户ID：5303332545 → sjjy9
咨询消息：请联系本人业务号   @tt969
回复消息：请联系主号：https://t.me/bs91m1
【91M Boss】官方交流群：https://t.me/bs91m990

=====================================================

2022-06-01
咨询客户ID：2008953606 → zkzk9
咨询消息：此号是广告号不回复 请联系   @mc8988
回复消息：请联系主号：https://t.me/bs91m1
【91M Boss】官方交流群：https://t.me/bs91m990

=====================================================

2022-06-01
咨询客户ID：872117636 → PirateKing_8
咨询消息：hii bosku 😘😘
bossku minat main game?
kita ada promotion utk abg❤️
回复消息：请联系主号：https://t.me/bs91m1
【91M Boss】官方交流群：https://t.me/bs91m990

=====================================================

2022-06-01
咨询客户ID：5074664745 → Ben_915
咨询消息：这是广告号。如果未及时回复消息，请添加我的微信LLL19716或者私人飞机： @L971116
回复消息：请联系主号：https://t.me/bs91m1
【91M Boss】官方交流群：https://t.me/bs91m990

=====================================================

2022-06-01
咨询客户ID：5355912244 → ThomasJoycevwgdxd5r
咨询消息：https://t.me/DARRR88
回复消息：请联系主号：https://t.me/bs91m1
【91M Boss】官方交流群：https://t.me/bs91m990

=====================================================

2022-06-01
咨询客户ID：2008953606 → zkzk9
咨询消息：此号是广告号不回复 请联系   @mc8988
回复消息：请联系主号：https://t.me/bs91m1
【91M Boss】官方交流群：https://t.me/bs91m990

=====================================================

2022-06-01
咨询客户ID：951555380 → Moonlight0107834321
咨询消息：💮𝗝𝗼𝗶𝗻 𝗣𝗠 𝗔𝗺𝗼𝗶💮
Kalau boss ade minat cuba company amoi boleh tekan link bawah Pm amoi mintak id ong2 ye🥰
—————————————
🔘𝐎𝐧𝐥𝐲 𝐓𝐞𝐫𝐢𝐦𝐚
💙  Touch`N Go E-Wallet
💛 GrabPay
🤍 shopeepay
💚Boost
❤️  81Pay
🧡  Online Transfer
💜  Cash Deposit
—————————————
⚠️Jangan layan yang PM tepi⚠️
⚠️𝐇𝐚𝐭𝐢 𝐬𝐜𝐚𝐦𝐦𝐞𝐫⚠️
—————————————
❤️Register Now❤️
📲 Telegram : https://t.me/Moonlight0107834321
  🪙 Channel : https://t.me/moonlight_casino
  🪙 Group : https://t.me/MoonlightCasinoGroup
回复消息：请联系主号：https://t.me/bs91m1
【91M Boss】官方交流群：https://t.me/bs91m990

=====================================================

2022-06-01
咨询客户ID：5431286868 → john_90kd54
咨询消息：❤️‍🔥菲律宾上门服务🎁
❤️‍🔥   修车🎁
❤️‍🔥   品茶🎁
❤️‍🔥   中高端市场🎁
❤️‍🔥   越南上门服务🎁欢迎来撩
👥👥 @juese111
回复消息：请联系主号：https://t.me/bs91m1
【91M Boss】官方交流群：https://t.me/bs91m990

=====================================================

2022-06-01
咨询客户ID：5336468143 → Woods777035051
咨询消息：咻咻  在吗~
回复消息：请联系主号：https://t.me/bs91m1
【91M Boss】官方交流群：https://t.me/bs91m990

=====================================================

2022-06-01
咨询客户ID：5535666750 → jEzNWfanzhuZ73
咨询消息：❤️‍🔥菲律宾上门服务🎁
❤️‍🔥   修车🎁
❤️‍🔥   品茶🎁
❤️‍🔥   中高端市场🎁
❤️‍🔥   越南上门服务🎁欢迎来撩
👥👥 @juese111
回复消息：请联系主号：https://t.me/bs91m1
【91M Boss】官方交流群：https://t.me/bs91m990

=====================================================

2022-06-01
咨询客户ID：5224601305 → None
咨询消息：我们BBK远控木马会提供最好的服务和技术，盗你要的一切轻松拿下，盗U盗资源盗一切资源，盗公司资源，后台，方法，会员，适合资金盘，虚拟货币，点赞，BC，等任何一切灰产等等的，贴心在做服务和病毒。
回复消息：请联系主号：https://t.me/bs91m1
【91M Boss】官方交流群：https://t.me/bs91m990

=====================================================

2022-06-01
咨询客户ID：5328053357 → None
咨询消息：菲生活大事件 绑架勒索 敲诈

关注华人大事件频道 @Fw996
回复消息：请联系主号：https://t.me/bs91m1
【91M Boss】官方交流群：https://t.me/bs91m990

=====================================================

2022-06-01
咨询客户ID：2008953606 → zkzk9
咨询消息：此号是广告号不回复 请联系   @mc8988
回复消息：请联系主号：https://t.me/bs91m1
【91M Boss】官方交流群：https://t.me/bs91m990

=====================================================

2022-06-01
咨询客户ID：5082004520 → tnKwWl
咨询消息：精准采集客户 👍  
🔥🔥🔥🔥🔥🔥🔥🔥🔥🔥  
https://t.me/+-BciBdzduk03NGZh
回复消息：请联系主号：https://t.me/bs91m1
【91M Boss】官方交流群：https://t.me/bs91m990

=====================================================

2022-06-01
咨询客户ID：5079426128 → yang1566
咨询消息：您好 🥝 哥哥姐姐 在吗 ？66 哈希值竞彩娱乐，有兴趣了解一下吗？
回复消息：请联系主号：https://t.me/bs91m1
【91M Boss】官方交流群：https://t.me/bs91m990

=====================================================

2022-06-01
咨询客户ID：5303332545 → sjjy9
咨询消息：请联系本人业务号   @tt969
回复消息：请联系主号：https://t.me/bs91m1
【91M Boss】官方交流群：https://t.me/bs91m990

=====================================================

2022-06-01
咨询客户ID：964838119 → MTWBET888
咨询消息：Hii bosku 😘😘
Minat main game apa ya?
Kita ada promotion utk abg❤️
回复消息：请联系主号：https://t.me/bs91m1
【91M Boss】官方交流群：https://t.me/bs91m990

=====================================================

2022-06-01
咨询客户ID：5303332545 → sjjy9
咨询消息：请联系本人业务号   @tt969
回复消息：请联系主号：https://t.me/bs91m1
【91M Boss】官方交流群：https://t.me/bs91m990

=====================================================

2022-06-01
咨询客户ID：2008953606 → zkzk9
咨询消息：此号是广告号不回复 请联系   @mc8988
回复消息：请联系主号：https://t.me/bs91m1
【91M Boss】官方交流群：https://t.me/bs91m990

=====================================================

2022-06-01
咨询客户ID：5335408544 → None
咨询消息：暗香浮动 姗姗来迟 
现货归零？合约爆仓？露娜蒸发？被割韭菜？都无所谓，CG带你翻身，资讯客服妹子，直接带你实现财富梦  
CG（百盈）哈希竞猜游戏等你来肝！  
热门福利：🎁平台包赔5局  
报完空投静等瓜分，空投地址随时链上查询，实力如此，不吹嘘不作假！ 
全球专业区块练竞彩游戏平台 
1.使用USDT/TRX交易，无需绑卡，不用授权，不必扫码转账，地址间点对点的交易，安全可靠，透明公开！ 
2.使用哈西值娱乐，公正、公开、且无法造假！ 
3.用户全匿名，不必注册，隐私安全绝对保障。 
4.返奖秒到账 
如想了解活动在线客服✈️：@CGhashxx 
还在寻找靠谱安全的哈希娱乐平台？直接联系客服妹子即可安排！
回复消息：请联系主号：https://t.me/bs91m1
【91M Boss】官方交流群：https://t.me/bs91m990

=====================================================

2022-06-01
咨询客户ID：5354676436 → None
咨询消息：暗香浮动 姗姗来迟 
现货归零？合约爆仓？露娜蒸发？被割韭菜？都无所谓，CG带你翻身，资讯客服妹子，直接带你实现财富梦  
CG（百盈）哈希竞猜游戏等你来肝！  
热门福利：🎁平台包赔5局  
报完空投静等瓜分，空投地址随时链上查询，实力如此，不吹嘘不作假！ 
全球专业区块练竞彩游戏平台 
1.使用USDT/TRX交易，无需绑卡，不用授权，不必扫码转账，地址间点对点的交易，安全可靠，透明公开！ 
2.使用哈西值娱乐，公正、公开、且无法造假！ 
3.用户全匿名，不必注册，隐私安全绝对保障。 
4.返奖秒到账 
如想了解活动在线客服✈️：@CGhashxx 
还在寻找靠谱安全的哈希娱乐平台？直接联系客服妹子即可安排！
回复消息：请联系主号：https://t.me/bs91m1
【91M Boss】官方交流群：https://t.me/bs91m990

=====================================================

2022-06-01
咨询客户ID：964838119 → MTWBET888
咨询消息：Hii bosku 😘😘
Minat main game apa ya?
Kita ada promotion utk abg❤️
回复消息：请联系主号：https://t.me/bs91m1
【91M Boss】官方交流群：https://t.me/bs91m990

=====================================================

2022-06-01
咨询客户ID：5346291623 → None
咨询消息：🟦🟪🔲
华伦集团招商广告✅
华伦担保🔷全球支付🔷娱乐游戏
总有一项适合您、点我进入了解
📣 恭喜老板们一路长虹 🧨🧨

直达   @hualunsdxx
回复消息：请联系主号：https://t.me/bs91m1
【91M Boss】官方交流群：https://t.me/bs91m990

=====================================================

2022-06-01
咨询客户ID：5074664745 → Ben_915
咨询消息：这是广告号。如果未及时回复消息，请添加我的微信LLL19716或者私人飞机： @L971116
回复消息：请联系主号：https://t.me/bs91m1
【91M Boss】官方交流群：https://t.me/bs91m990

=====================================================

2022-06-01
咨询客户ID：2008953606 → zkzk9
咨询消息：此号是广告号不回复 请联系   @mc8988
回复消息：请联系主号：https://t.me/bs91m1
【91M Boss】官方交流群：https://t.me/bs91m990

=====================================================

2022-06-01
咨询客户ID：5303332545 → sjjy9
咨询消息：请联系本人业务号   @tt969
回复消息：请联系主号：https://t.me/bs91m1
【91M Boss】官方交流群：https://t.me/bs91m990

=====================================================

2022-06-01
咨询客户ID：5366781622 → None
咨询消息：*包/赔/5*把/试*玩    
/新*人/送*红/包*⑴⑻U    
/活*动*最/高*送/⑻⑻⑻⑻U    
*/点*击/下/*方频*道/了*解  
淘宝红包频道  
财富热线咨询 @hij558
回复消息：请联系主号：https://t.me/bs91m1
【91M Boss】官方交流群：https://t.me/bs91m990

=====================================================

2022-06-01
咨询客户ID：964838119 → MTWBET888
咨询消息：M.T.W.BET, [2/6/2022 2:19 AM]
Hii bosku 😘😘
Minat main game apa ya?
Kita ada promotion utk abg❤️
回复消息：请联系主号：https://t.me/bs91m1
【91M Boss】官方交流群：https://t.me/bs91m990

=====================================================

2022-06-01
咨询客户ID：2008953606 → zkzk9
咨询消息：此号是广告号不回复 请联系   @mc8988
回复消息：请联系主号：https://t.me/bs91m1
【91M Boss】官方交流群：https://t.me/bs91m990

=====================================================

2022-06-01
咨询客户ID：964838119 → MTWBET888
咨询消息：📍M.T.W🏪 
 
☀️WELCOME BONUS 50%☀️
🌪RECOMMEND BONUS 20%🌪
(Rekomen claim dlm 24 jam)
✨ DAILY BONUS 6%✨
⚡️REBATE BONUS 3%⚡️

🔥🔥DIGI, MAXIS & CELCOM🔥🔥
💥💥ACCEPT NOW💥💥

Min Deposit RM10💵
Min Withdraw RM50💸
⚠️All Turnover x2 !! 
⚠️Max cuci x100
⚠️Max Cuci RM10K 

📌 -BONUS Topup hanya boleh main 🎰Slot Game sahaja

 Telegram : 0128033866
📲Telegram:https://t.me/MTWBET888
🔎Channel：https://t.me/monopoly123
回复消息：请联系主号：https://t.me/bs91m1
【91M Boss】官方交流群：https://t.me/bs91m990

=====================================================

2022-06-01
咨询客户ID：5303332545 → sjjy9
咨询消息：请联系本人业务号   @tt969
回复消息：请联系主号：https://t.me/bs91m1
【91M Boss】官方交流群：https://t.me/bs91m990

=====================================================

2022-06-01
咨询客户ID：1394796297 → username919888296870
咨询消息：【13K哈希竞猜俱乐部】全网最高福利
🥇新人试玩活动：
💥新用户前五局，单注限额10U，五局后计算总输赢（玩法不限，完成后联系客服领取包赔）
💥玩家当日负盈利立返10%（每日限领一次，以领取时的输赢为准）
🥈满勤签到奖励
💥每日游戏达到10局
💥满勤五日送      88USDT
💥满勤十日送      188USDT
💥参与条件：每笔投注不低于30USDT，联系在线客服申请奖励
以上福利仅限USDT投注参与。福利多多，精彩不停！
⛔️用户信息完全匿名，无需授权，无任何隐私泄露。
点击群中转联系客服：https://t.me/hhcgrty
回复消息：请联系主号：https://t.me/bs91m1
【91M Boss】官方交流群：https://t.me/bs91m990

=====================================================

2022-06-01
咨询客户ID：5340121179 → None
咨询消息：)%_重金扶持 全民代理 分紅60%  想要賺錢的老板 還不來嗎

大哥快来 - t.me/kaixin1188 心動不如行動 註冊送88T  手動搜索  88k 哈希免費領取88T

全網賠率最高 福利最好 最公平公正公開的88k哈希平臺 
$*)
回复消息：请联系主号：https://t.me/bs91m1
【91M Boss】官方交流群：https://t.me/bs91m990

=====================================================

2022-06-01
咨询客户ID：2008953606 → zkzk9
咨询消息：此号是广告号不回复 请联系   @mc8988
回复消息：请联系主号：https://t.me/bs91m1
【91M Boss】官方交流群：https://t.me/bs91m990

=====================================================

2022-06-01
咨询客户ID：2008953606 → zkzk9
咨询消息：此号是广告号不回复 请联系   @mc8988
回复消息：请联系主号：https://t.me/bs91m1
【91M Boss】官方交流群：https://t.me/bs91m990

=====================================================

2022-06-01
咨询客户ID：5074664745 → Ben_915
咨询消息：这是广告号。如果未及时回复消息，请添加我的微信LLL19716或者私人飞机： @L971116
回复消息：请联系主号：https://t.me/bs91m1
【91M Boss】官方交流群：https://t.me/bs91m990

=====================================================

2022-06-01
咨询客户ID：5363768116 → None
咨询消息：同台现-金收U  线上线下收U  骗子嘴炮勿扰！本号为广告号不回复！请联/系主）号：/   PLP256
回复消息：请联系主号：https://t.me/bs91m1
【91M Boss】官方交流群：https://t.me/bs91m990

=====================================================

2022-06-01
咨询客户ID：5303332545 → sjjy9
咨询消息：请联系本人业务号   @tt969
回复消息：请联系主号：https://t.me/bs91m1
【91M Boss】官方交流群：https://t.me/bs91m990

=====================================================

2022-06-01
咨询客户ID：5378410347 → None
咨询消息：你.好！全~国.收.U &现.金''同.台&加.主号  PL7758
回复消息：请联系主号：https://t.me/bs91m1
【91M Boss】官方交流群：https://t.me/bs91m990

=====================================================

2022-06-01
咨询客户ID：2008953606 → zkzk9
咨询消息：此号是广告号不回复 请联系   @mc8988
回复消息：请联系主号：https://t.me/bs91m1
【91M Boss】官方交流群：https://t.me/bs91m990

=====================================================

2022-06-01
咨询客户ID：5303332545 → sjjy9
咨询消息：请联系本人业务号   @tt969
回复消息：请联系主号：https://t.me/bs91m1
【91M Boss】官方交流群：https://t.me/bs91m990

=====================================================

2022-06-01
咨询客户ID：5074664745 → Ben_915
咨询消息：这是广告号。如果未及时回复消息，请添加我的微信LLL19716或者私人飞机： @L971116
回复消息：请联系主号：https://t.me/bs91m1
【91M Boss】官方交流群：https://t.me/bs91m990

=====================================================

2022-06-01
咨询客户ID：2008953606 → zkzk9
咨询消息：此号是广告号不回复 请联系   @mc8988
回复消息：请联系主号：https://t.me/bs91m1
【91M Boss】官方交流群：https://t.me/bs91m990

=====================================================

2022-06-01
咨询客户ID：2008953606 → zkzk9
咨询消息：此号是广告号不回复 请联系   @mc8988
回复消息：请联系主号：https://t.me/bs91m1
【91M Boss】官方交流群：https://t.me/bs91m990

=====================================================

2022-06-01
咨询客户ID：5303332545 → sjjy9
咨询消息：请联系本人业务号   @tt969
回复消息：请联系主号：https://t.me/bs91m1
【91M Boss】官方交流群：https://t.me/bs91m990

=====================================================

2022-06-01
咨询客户ID：5115272670 → Kathleen_Kellyfx
咨询消息：
回复消息：请联系主号：https://t.me/bs91m1
【91M Boss】官方交流群：https://t.me/bs91m990

=====================================================

2022-06-01
咨询客户ID：2008953606 → zkzk9
咨询消息：此号是广告号不回复 请联系   @mc8988
回复消息：请联系主号：https://t.me/bs91m1
【91M Boss】官方交流群：https://t.me/bs91m990

=====================================================

2022-06-01
咨询客户ID：5307393286 → YxorAriesk_MalcolmLouie
咨询消息：
回复消息：请联系主号：https://t.me/bs91m1
【91M Boss】官方交流群：https://t.me/bs91m990

=====================================================

2022-06-01
咨询客户ID：5303332545 → sjjy9
咨询消息：请联系本人业务号   @tt969
回复消息：请联系主号：https://t.me/bs91m1
【91M Boss】官方交流群：https://t.me/bs91m990

=====================================================

2022-06-01
咨询客户ID：5303332545 → sjjy9
咨询消息：请联系本人业务号   @tt969
回复消息：请联系主号：https://t.me/bs91m1
【91M Boss】官方交流群：https://t.me/bs91m990

=====================================================

2022-06-01
咨询客户ID：2008953606 → zkzk9
咨询消息：此号是广告号不回复 请联系   @mc8988
回复消息：请联系主号：https://t.me/bs91m1
【91M Boss】官方交流群：https://t.me/bs91m990

=====================================================

2022-06-01
咨询客户ID：5303332545 → sjjy9
咨询消息：请联系本人业务号   @tt969
回复消息：请联系主号：https://t.me/bs91m1
【91M Boss】官方交流群：https://t.me/bs91m990

=====================================================

2022-06-01
咨询客户ID：2008953606 → zkzk9
咨询消息：此号是广告号不回复 请联系   @mc8988
回复消息：请联系主号：https://t.me/bs91m1
【91M Boss】官方交流群：https://t.me/bs91m990

=====================================================

2022-06-01
咨询客户ID：1198051700 → None
咨询消息：kya h ye
回复消息：请联系主号：https://t.me/bs91m1
【91M Boss】官方交流群：https://t.me/bs91m990

=====================================================

2022-06-01
咨询客户ID：1198051700 → None
咨询消息：kya hai yeeeee😡
回复消息：请联系主号：https://t.me/bs91m1
【91M Boss】官方交流群：https://t.me/bs91m990

=====================================================

2022-06-01
咨询客户ID：5303332545 → sjjy9
咨询消息：请联系本人业务号   @tt969
回复消息：请联系主号：https://t.me/bs91m1
【91M Boss】官方交流群：https://t.me/bs91m990

=====================================================

2022-06-01
咨询客户ID：5347395713 → Leo_CpwlJerome89iffBoyd
咨询消息：
回复消息：请联系主号：https://t.me/bs91m1
【91M Boss】官方交流群：https://t.me/bs91m990

=====================================================

2022-06-01
咨询客户ID：1198051700 → None
咨询消息：None
回复消息：请联系主号：https://t.me/bs91m1
【91M Boss】官方交流群：https://t.me/bs91m990

=====================================================

2022-06-01
咨询客户ID：5302580084 → Carter_DeanBe6aBaldwi491nu
咨询消息：
回复消息：请联系主号：https://t.me/bs91m1
【91M Boss】官方交流群：https://t.me/bs91m990

=====================================================

2022-06-01
咨询客户ID：5303332545 → sjjy9
咨询消息：请联系本人业务号   @tt969
回复消息：请联系主号：https://t.me/bs91m1
【91M Boss】官方交流群：https://t.me/bs91m990

=====================================================

2022-06-01
咨询客户ID：5303332545 → sjjy9
咨询消息：请联系本人业务号   @tt969
回复消息：请联系主号：https://t.me/bs91m1
【91M Boss】官方交流群：https://t.me/bs91m990

=====================================================

2022-06-01
咨询客户ID：2008953606 → zkzk9
咨询消息：此号是广告号不回复 请联系   @mc8988
回复消息：请联系主号：https://t.me/bs91m1
【91M Boss】官方交流群：https://t.me/bs91m990

=====================================================

2022-06-01
咨询客户ID：5303332545 → sjjy9
咨询消息：请联系本人业务号   @tt969
回复消息：请联系主号：https://t.me/bs91m1
【91M Boss】官方交流群：https://t.me/bs91m990

=====================================================

2022-06-01
咨询客户ID：2008953606 → zkzk9
咨询消息：此号是广告号不回复 请联系   @mc8988
回复消息：请联系主号：https://t.me/bs91m1
【91M Boss】官方交流群：https://t.me/bs91m990

=====================================================

2022-06-01
咨询客户ID：5591806750 → None
咨询消息：
回复消息：请联系主号：https://t.me/bs91m1
【91M Boss】官方交流群：https://t.me/bs91m990

=====================================================

2022-06-01
咨询客户ID：5303332545 → sjjy9
咨询消息：请联系本人业务号   @tt969
回复消息：请联系主号：https://t.me/bs91m1
【91M Boss】官方交流群：https://t.me/bs91m990

=====================================================

2022-06-01
咨询客户ID：5303332545 → sjjy9
咨询消息：请联系本人业务号   @tt969
回复消息：请联系主号：https://t.me/bs91m1
【91M Boss】官方交流群：https://t.me/bs91m990

=====================================================

2022-06-01
咨询客户ID：2008953606 → zkzk9
咨询消息：此号是广告号不回复 请联系   @mc8988
回复消息：请联系主号：https://t.me/bs91m1
【91M Boss】官方交流群：https://t.me/bs91m990

=====================================================

2022-06-01
咨询客户ID：5591806750 → None
咨询消息：
回复消息：请联系主号：https://t.me/bs91m1
【91M Boss】官方交流群：https://t.me/bs91m990

=====================================================

2022-06-01
咨询客户ID：2008953606 → zkzk9
咨询消息：此号是广告号不回复 请联系   @mc8988
回复消息：请联系主号：https://t.me/bs91m1
【91M Boss】官方交流群：https://t.me/bs91m990

=====================================================

2022-06-01
咨询客户ID：5303332545 → sjjy9
咨询消息：请联系本人业务号   @tt969
回复消息：请联系主号：https://t.me/bs91m1
【91M Boss】官方交流群：https://t.me/bs91m990

=====================================================

2022-06-01
咨询客户ID：5303332545 → sjjy9
咨询消息：请联系本人业务号   @tt969
回复消息：请联系主号：https://t.me/bs91m1
【91M Boss】官方交流群：https://t.me/bs91m990

=====================================================

2022-06-01
咨询客户ID：5303332545 → sjjy9
咨询消息：请联系本人业务号   @tt969
回复消息：请联系主号：https://t.me/bs91m1
【91M Boss】官方交流群：https://t.me/bs91m990

=====================================================

2022-06-01
咨询客户ID：2008953606 → zkzk9
咨询消息：此号是广告号不回复 请联系   @mc8988
回复消息：请联系主号：https://t.me/bs91m1
【91M Boss】官方交流群：https://t.me/bs91m990

=====================================================

2022-06-01
咨询客户ID：5303332545 → sjjy9
咨询消息：请联系本人业务号   @tt969
回复消息：请联系主号：https://t.me/bs91m1
【91M Boss】官方交流群：https://t.me/bs91m990

=====================================================

2022-06-01
咨询客户ID：2008953606 → zkzk9
咨询消息：此号是广告号不回复 请联系   @mc8988
回复消息：请联系主号：https://t.me/bs91m1
【91M Boss】官方交流群：https://t.me/bs91m990

=====================================================

2022-06-01
咨询客户ID：2008953606 → zkzk9
咨询消息：此号是广告号不回复 请联系   @mc8988
回复消息：请联系主号：https://t.me/bs91m1
【91M Boss】官方交流群：https://t.me/bs91m990

=====================================================

2022-06-01
咨询客户ID：5303332545 → sjjy9
咨询消息：请联系本人业务号   @tt969
回复消息：请联系主号：https://t.me/bs91m1
【91M Boss】官方交流群：https://t.me/bs91m990

=====================================================

2022-06-01
咨询客户ID：2008953606 → zkzk9
咨询消息：此号是广告号不回复 请联系   @mc8988
回复消息：请联系主号：https://t.me/bs91m1
【91M Boss】官方交流群：https://t.me/bs91m990

=====================================================

2022-06-01
咨询客户ID：2008953606 → zkzk9
咨询消息：此号是广告号不回复 请联系   @mc8988
回复消息：请联系主号：https://t.me/bs91m1
【91M Boss】官方交流群：https://t.me/bs91m990

=====================================================

2022-06-01
咨询客户ID：5303332545 → sjjy9
咨询消息：请联系本人业务号   @tt969
回复消息：请联系主号：https://t.me/bs91m1
【91M Boss】官方交流群：https://t.me/bs91m990

=====================================================

2022-06-01
咨询客户ID：2008953606 → zkzk9
咨询消息：此号是广告号不回复 请联系   @mc8988
回复消息：请联系主号：https://t.me/bs91m1
【91M Boss】官方交流群：https://t.me/bs91m990

=====================================================

2022-06-01
咨询客户ID：5303428450 → None
咨询消息：
回复消息：请联系主号：https://t.me/bs91m1
【91M Boss】官方交流群：https://t.me/bs91m990

=====================================================

2022-06-01
咨询客户ID：2008953606 → zkzk9
咨询消息：此号是广告号不回复 请联系   @mc8988
回复消息：请联系主号：https://t.me/bs91m1
【91M Boss】官方交流群：https://t.me/bs91m990

=====================================================

2022-06-01
咨询客户ID：2008953606 → zkzk9
咨询消息：此号是广告号不回复 请联系   @mc8988
回复消息：请联系主号：https://t.me/bs91m1
【91M Boss】官方交流群：https://t.me/bs91m990

=====================================================

2022-06-01
咨询客户ID：5303332545 → sjjy9
咨询消息：请联系本人业务号   @tt969
回复消息：请联系主号：https://t.me/bs91m1
【91M Boss】官方交流群：https://t.me/bs91m990

=====================================================

2022-06-01
咨询客户ID：2008953606 → zkzk9
咨询消息：此号是广告号不回复 请联系   @mc8988
回复消息：请联系主号：https://t.me/bs91m1
【91M Boss】官方交流群：https://t.me/bs91m990

=====================================================

2022-06-01
咨询客户ID：5303332545 → sjjy9
咨询消息：请联系本人业务号   @tt969
回复消息：请联系主号：https://t.me/bs91m1
【91M Boss】官方交流群：https://t.me/bs91m990

=====================================================

2022-06-01
咨询客户ID：2008953606 → zkzk9
咨询消息：此号是广告号不回复 请联系   @mc8988
回复消息：请联系主号：https://t.me/bs91m1
【91M Boss】官方交流群：https://t.me/bs91m990

=====================================================

2022-06-01
咨询客户ID：5303332545 → sjjy9
咨询消息：请联系本人业务号   @tt969
回复消息：请联系主号：https://t.me/bs91m1
【91M Boss】官方交流群：https://t.me/bs91m990

=====================================================

2022-06-01
咨询客户ID：5303332545 → sjjy9
咨询消息：请联系本人业务号   @tt969
回复消息：请联系主号：https://t.me/bs91m1
【91M Boss】官方交流群：https://t.me/bs91m990

=====================================================

2022-06-01
咨询客户ID：2008953606 → zkzk9
咨询消息：此号是广告号不回复 请联系   @mc8988
回复消息：请联系主号：https://t.me/bs91m1
【91M Boss】官方交流群：https://t.me/bs91m990

=====================================================

2022-06-01
咨询客户ID：2008953606 → zkzk9
咨询消息：此号是广告号不回复 请联系   @mc8988
回复消息：请联系主号：https://t.me/bs91m1
【91M Boss】官方交流群：https://t.me/bs91m990

=====================================================

2022-06-01
咨询客户ID：5303332545 → sjjy9
咨询消息：请联系本人业务号   @tt969
回复消息：请联系主号：https://t.me/bs91m1
【91M Boss】官方交流群：https://t.me/bs91m990

=====================================================

2022-06-01
咨询客户ID：5303332545 → sjjy9
咨询消息：请联系本人业务号   @tt969
回复消息：请联系主号：https://t.me/bs91m1
【91M Boss】官方交流群：https://t.me/bs91m990

=====================================================

2022-06-01
咨询客户ID：2008953606 → zkzk9
咨询消息：此号是广告号不回复 请联系   @mc8988
回复消息：请联系主号：https://t.me/bs91m1
【91M Boss】官方交流群：https://t.me/bs91m990

=====================================================

2022-06-01
咨询客户ID：5303332545 → sjjy9
咨询消息：请联系本人业务号   @tt969
回复消息：请联系主号：https://t.me/bs91m1
【91M Boss】官方交流群：https://t.me/bs91m990

=====================================================

2022-06-01
咨询客户ID：2008953606 → zkzk9
咨询消息：此号是广告号不回复 请联系   @mc8988
回复消息：请联系主号：https://t.me/bs91m1
【91M Boss】官方交流群：https://t.me/bs91m990

=====================================================

2022-06-01
咨询客户ID：5303332545 → sjjy9
咨询消息：请联系本人业务号   @tt969
回复消息：请联系主号：https://t.me/bs91m1
【91M Boss】官方交流群：https://t.me/bs91m990

=====================================================

2022-06-01
咨询客户ID：5303332545 → sjjy9
咨询消息：请联系本人业务号   @tt969
回复消息：请联系主号：https://t.me/bs91m1
【91M Boss】官方交流群：https://t.me/bs91m990

=====================================================

2022-06-01
咨询客户ID：2008953606 → zkzk9
咨询消息：此号是广告号不回复 请联系   @mc8988
回复消息：请联系主号：https://t.me/bs91m1
【91M Boss】官方交流群：https://t.me/bs91m990

=====================================================

2022-06-01
咨询客户ID：1770663478 → None
咨询消息：
回复消息：请联系主号：https://t.me/bs91m1
【91M Boss】官方交流群：https://t.me/bs91m990

=====================================================

2022-06-01
咨询客户ID：2008953606 → zkzk9
咨询消息：此号是广告号不回复 请联系   @mc8988
回复消息：请联系主号：https://t.me/bs91m1
【91M Boss】官方交流群：https://t.me/bs91m990

=====================================================

2022-06-01
咨询客户ID：5303332545 → sjjy9
咨询消息：请联系本人业务号   @tt969
回复消息：请联系主号：https://t.me/bs91m1
【91M Boss】官方交流群：https://t.me/bs91m990

=====================================================

2022-06-01
咨询客户ID：2008953606 → zkzk9
咨询消息：此号是广告号不回复 请联系   @mc8988
回复消息：请联系主号：https://t.me/bs91m1
【91M Boss】官方交流群：https://t.me/bs91m990

=====================================================

2022-06-01
咨询客户ID：5303332545 → sjjy9
咨询消息：请联系本人业务号   @tt969
回复消息：请联系主号：https://t.me/bs91m1
【91M Boss】官方交流群：https://t.me/bs91m990

=====================================================

2022-06-01
咨询客户ID：2008953606 → zkzk9
咨询消息：此号是广告号不回复 请联系   @mc8988
回复消息：请联系主号：https://t.me/bs91m1
【91M Boss】官方交流群：https://t.me/bs91m990

=====================================================

2022-06-01
咨询客户ID：5303332545 → sjjy9
咨询消息：请联系本人业务号   @tt969
回复消息：请联系主号：https://t.me/bs91m1
【91M Boss】官方交流群：https://t.me/bs91m990

=====================================================

2022-06-01
咨询客户ID：5303332545 → sjjy9
咨询消息：请联系本人业务号   @tt969
回复消息：请联系主号：https://t.me/bs91m1
【91M Boss】官方交流群：https://t.me/bs91m990

=====================================================

2022-06-01
咨询客户ID：2008953606 → zkzk9
咨询消息：此号是广告号不回复 请联系   @mc8988
回复消息：请联系主号：https://t.me/bs91m1
【91M Boss】官方交流群：https://t.me/bs91m990

=====================================================

2022-06-01
咨询客户ID：5303332545 → sjjy9
咨询消息：请联系本人业务号   @tt969
回复消息：请联系主号：https://t.me/bs91m1
【91M Boss】官方交流群：https://t.me/bs91m990

=====================================================

2022-06-01
咨询客户ID：2008953606 → zkzk9
咨询消息：此号是广告号不回复 请联系   @mc8988
回复消息：请联系主号：https://t.me/bs91m1
【91M Boss】官方交流群：https://t.me/bs91m990

=====================================================

2022-06-01
咨询客户ID：5303332545 → sjjy9
咨询消息：请联系本人业务号   @tt969
回复消息：请联系主号：https://t.me/bs91m1
【91M Boss】官方交流群：https://t.me/bs91m990

=====================================================

2022-06-01
咨询客户ID：5303332545 → sjjy9
咨询消息：请联系本人业务号   @tt969
回复消息：请联系主号：https://t.me/bs91m1
【91M Boss】官方交流群：https://t.me/bs91m990

=====================================================

2022-06-01
咨询客户ID：2008953606 → zkzk9
咨询消息：此号是广告号不回复 请联系   @mc8988
回复消息：请联系主号：https://t.me/bs91m1
【91M Boss】官方交流群：https://t.me/bs91m990

=====================================================

2022-06-01
咨询客户ID：5050846470 → None
咨询消息：你是中国人吗？
回复消息：请联系主号：https://t.me/bs91m1
【91M Boss】官方交流群：https://t.me/bs91m990

=====================================================

2022-06-01
咨询客户ID：5303332545 → sjjy9
咨询消息：请联系本人业务号   @tt969
回复消息：请联系主号：https://t.me/bs91m1
【91M Boss】官方交流群：https://t.me/bs91m990

=====================================================

2022-06-01
咨询客户ID：5303332545 → sjjy9
咨询消息：请联系本人业务号   @tt969
回复消息：请联系主号：https://t.me/bs91m1
【91M Boss】官方交流群：https://t.me/bs91m990

=====================================================

2022-06-01
咨询客户ID：2008953606 → zkzk9
咨询消息：此号是广告号不回复 请联系   @mc8988
回复消息：请联系主号：https://t.me/bs91m1
【91M Boss】官方交流群：https://t.me/bs91m990

=====================================================

2022-06-01
咨询客户ID：5303332545 → sjjy9
咨询消息：请联系本人业务号   @tt969
回复消息：请联系主号：https://t.me/bs91m1
【91M Boss】官方交流群：https://t.me/bs91m990

=====================================================

2022-06-01
咨询客户ID：2008953606 → zkzk9
咨询消息：此号是广告号不回复 请联系   @mc8988
回复消息：请联系主号：https://t.me/bs91m1
【91M Boss】官方交流群：https://t.me/bs91m990

=====================================================

2022-06-01
咨询客户ID：2008953606 → zkzk9
咨询消息：此号是广告号不回复 请联系   @mc8988
回复消息：请联系主号：https://t.me/bs91m1
【91M Boss】官方交流群：https://t.me/bs91m990

=====================================================

2022-06-01
咨询客户ID：5303332545 → sjjy9
咨询消息：请联系本人业务号   @tt969
回复消息：请联系主号：https://t.me/bs91m1
【91M Boss】官方交流群：https://t.me/bs91m990

=====================================================

2022-06-01
咨询客户ID：5303332545 → sjjy9
咨询消息：请联系本人业务号   @tt969
回复消息：请联系主号：https://t.me/bs91m1
【91M Boss】官方交流群：https://t.me/bs91m990

=====================================================

2022-06-01
咨询客户ID：2008953606 → zkzk9
咨询消息：此号是广告号不回复 请联系   @mc8988
回复消息：请联系主号：https://t.me/bs91m1
【91M Boss】官方交流群：https://t.me/bs91m990

=====================================================

2022-06-01
咨询客户ID：5303332545 → sjjy9
咨询消息：请联系本人业务号   @tt969
回复消息：请联系主号：https://t.me/bs91m1
【91M Boss】官方交流群：https://t.me/bs91m990

=====================================================

2022-06-01
咨询客户ID：2008953606 → zkzk9
咨询消息：此号是广告号不回复 请联系   @mc8988
回复消息：请联系主号：https://t.me/bs91m1
【91M Boss】官方交流群：https://t.me/bs91m990

=====================================================

2022-06-01
咨询客户ID：5303332545 → sjjy9
咨询消息：请联系本人业务号   @tt969
回复消息：请联系主号：https://t.me/bs91m1
【91M Boss】官方交流群：https://t.me/bs91m990

=====================================================

2022-06-01
咨询客户ID：5303332545 → sjjy9
咨询消息：请联系本人业务号   @tt969
回复消息：请联系主号：https://t.me/bs91m1
【91M Boss】官方交流群：https://t.me/bs91m990

=====================================================

2022-06-01
咨询客户ID：2008953606 → zkzk9
咨询消息：此号是广告号不回复 请联系   @mc8988
回复消息：请联系主号：https://t.me/bs91m1
【91M Boss】官方交流群：https://t.me/bs91m990

=====================================================

2022-06-01
咨询客户ID：5303332545 → sjjy9
咨询消息：请联系本人业务号   @tt969
回复消息：请联系主号：https://t.me/bs91m1
【91M Boss】官方交流群：https://t.me/bs91m990

=====================================================

2022-06-01
咨询客户ID：5030688301 → sexylana25
咨询消息：
回复消息：请联系主号：https://t.me/bs91m1
【91M Boss】官方交流群：https://t.me/bs91m990

=====================================================

2022-06-01
咨询客户ID：2008953606 → zkzk9
咨询消息：此号是广告号不回复 请联系   @mc8988
回复消息：请联系主号：https://t.me/bs91m1
【91M Boss】官方交流群：https://t.me/bs91m990

=====================================================

2022-06-01
咨询客户ID：5030688301 → sexylana25
咨询消息：没用 我被限制了
回复消息：请联系主号：https://t.me/bs91m1
【91M Boss】官方交流群：https://t.me/bs91m990

=====================================================

2022-06-01
咨询客户ID：5303332545 → sjjy9
咨询消息：请联系本人业务号   @tt969
回复消息：请联系主号：https://t.me/bs91m1
【91M Boss】官方交流群：https://t.me/bs91m990

=====================================================

2022-06-01
咨询客户ID：5303332545 → sjjy9
咨询消息：请联系本人业务号   @tt969
回复消息：请联系主号：https://t.me/bs91m1
【91M Boss】官方交流群：https://t.me/bs91m990

=====================================================

2022-06-01
咨询客户ID：2008953606 → zkzk9
咨询消息：此号是广告号不回复 请联系   @mc8988
回复消息：请联系主号：https://t.me/bs91m1
【91M Boss】官方交流群：https://t.me/bs91m990

=====================================================

2022-06-01
咨询客户ID：5030688301 → sexylana25
咨询消息：我不能在那里给你发信息
回复消息：请联系主号：https://t.me/bs91m1
【91M Boss】官方交流群：https://t.me/bs91m990

=====================================================

2022-06-01
咨询客户ID：2008953606 → zkzk9
咨询消息：此号是广告号不回复 请联系   @mc8988
回复消息：请联系主号：https://t.me/bs91m1
【91M Boss】官方交流群：https://t.me/bs91m990

=====================================================

2022-06-01
咨询客户ID：5303332545 → sjjy9
咨询消息：请联系本人业务号   @tt969
回复消息：请联系主号：https://t.me/bs91m1
【91M Boss】官方交流群：https://t.me/bs91m990

=====================================================

2022-06-01
咨询客户ID：5303332545 → sjjy9
咨询消息：请联系本人业务号   @tt969
回复消息：请联系主号：https://t.me/bs91m1
【91M Boss】官方交流群：https://t.me/bs91m990

=====================================================

2022-06-01
咨询客户ID：2008953606 → zkzk9
咨询消息：此号是广告号不回复 请联系   @mc8988
回复消息：请联系主号：https://t.me/bs91m1
【91M Boss】官方交流群：https://t.me/bs91m990

=====================================================

2022-06-01
咨询客户ID：5303332545 → sjjy9
咨询消息：请联系本人业务号   @tt969
回复消息：请联系主号：https://t.me/bs91m1
【91M Boss】官方交流群：https://t.me/bs91m990

=====================================================

2022-06-01
咨询客户ID：2008953606 → zkzk9
咨询消息：此号是广告号不回复 请联系   @mc8988
回复消息：请联系主号：https://t.me/bs91m1
【91M Boss】官方交流群：https://t.me/bs91m990

=====================================================

2022-06-01
咨询客户ID：2008953606 → zkzk9
咨询消息：此号是广告号不回复 请联系   @mc8988
回复消息：请联系主号：https://t.me/bs91m1
【91M Boss】官方交流群：https://t.me/bs91m990

=====================================================

2022-06-01
咨询客户ID：5303332545 → sjjy9
咨询消息：请联系本人业务号   @tt969
回复消息：请联系主号：https://t.me/bs91m1
【91M Boss】官方交流群：https://t.me/bs91m990

=====================================================

2022-06-01
咨询客户ID：5303332545 → sjjy9
咨询消息：请联系本人业务号   @tt969
回复消息：请联系主号：https://t.me/bs91m1
【91M Boss】官方交流群：https://t.me/bs91m990

=====================================================

2022-06-01
咨询客户ID：2008953606 → zkzk9
咨询消息：此号是广告号不回复 请联系   @mc8988
回复消息：请联系主号：https://t.me/bs91m1
【91M Boss】官方交流群：https://t.me/bs91m990

=====================================================

2022-06-01
咨询客户ID：2008953606 → zkzk9
咨询消息：此号是广告号不回复 请联系   @mc8988
回复消息：请联系主号：https://t.me/bs91m1
【91M Boss】官方交流群：https://t.me/bs91m990

=====================================================

2022-06-01
咨询客户ID：5303332545 → sjjy9
咨询消息：请联系本人业务号   @tt969
回复消息：请联系主号：https://t.me/bs91m1
【91M Boss】官方交流群：https://t.me/bs91m990

=====================================================

2022-06-01
咨询客户ID：5303332545 → sjjy9
咨询消息：请联系本人业务号   @tt969
回复消息：请联系主号：https://t.me/bs91m1
【91M Boss】官方交流群：https://t.me/bs91m990

=====================================================

2022-06-01
咨询客户ID：2008953606 → zkzk9
咨询消息：此号是广告号不回复 请联系   @mc8988
回复消息：请联系主号：https://t.me/bs91m1
【91M Boss】官方交流群：https://t.me/bs91m990

=====================================================

2022-06-01
咨询客户ID：5303332545 → sjjy9
咨询消息：请联系本人业务号   @tt969
回复消息：请联系主号：https://t.me/bs91m1
【91M Boss】官方交流群：https://t.me/bs91m990

=====================================================

2022-06-01
咨询客户ID：2008953606 → zkzk9
咨询消息：此号是广告号不回复 请联系   @mc8988
回复消息：请联系主号：https://t.me/bs91m1
【91M Boss】官方交流群：https://t.me/bs91m990

=====================================================

2022-06-01
咨询客户ID：5303332545 → sjjy9
咨询消息：请联系本人业务号   @tt969
回复消息：请联系主号：https://t.me/bs91m1
【91M Boss】官方交流群：https://t.me/bs91m990

=====================================================

2022-06-01
咨询客户ID：2008953606 → zkzk9
咨询消息：此号是广告号不回复 请联系   @mc8988
回复消息：请联系主号：https://t.me/bs91m1
【91M Boss】官方交流群：https://t.me/bs91m990

=====================================================

2022-06-01
咨询客户ID：5303332545 → sjjy9
咨询消息：请联系本人业务号   @tt969
回复消息：请联系主号：https://t.me/bs91m1
【91M Boss】官方交流群：https://t.me/bs91m990

=====================================================

2022-06-01
咨询客户ID：2008953606 → zkzk9
咨询消息：此号是广告号不回复 请联系   @mc8988
回复消息：请联系主号：https://t.me/bs91m1
【91M Boss】官方交流群：https://t.me/bs91m990

=====================================================

2022-06-01
咨询客户ID：2008953606 → zkzk9
咨询消息：此号是广告号不回复 请联系   @mc8988
回复消息：请联系主号：https://t.me/bs91m1
【91M Boss】官方交流群：https://t.me/bs91m990

=====================================================

2022-06-01
咨询客户ID：2008953606 → zkzk9
咨询消息：此号是广告号不回复 请联系   @mc8988
回复消息：请联系主号：https://t.me/bs91m1
【91M Boss】官方交流群：https://t.me/bs91m990

=====================================================

2022-06-01
咨询客户ID：5303332545 → sjjy9
咨询消息：请联系本人业务号   @tt969
回复消息：请联系主号：https://t.me/bs91m1
【91M Boss】官方交流群：https://t.me/bs91m990

=====================================================

2022-06-01
咨询客户ID：2008953606 → zkzk9
咨询消息：此号是广告号不回复 请联系   @mc8988
回复消息：请联系主号：https://t.me/bs91m1
【91M Boss】官方交流群：https://t.me/bs91m990

=====================================================

2022-06-01
咨询客户ID：2008953606 → zkzk9
咨询消息：此号是广告号不回复 请联系   @mc8988
回复消息：请联系主号：https://t.me/bs91m1
【91M Boss】官方交流群：https://t.me/bs91m990

=====================================================

2022-06-01
咨询客户ID：5303332545 → sjjy9
咨询消息：请联系本人业务号   @tt969
回复消息：请联系主号：https://t.me/bs91m1
【91M Boss】官方交流群：https://t.me/bs91m990

=====================================================

2022-06-01
咨询客户ID：5303332545 → sjjy9
咨询消息：请联系本人业务号   @tt969
回复消息：请联系主号：https://t.me/bs91m1
【91M Boss】官方交流群：https://t.me/bs91m990

=====================================================

2022-06-01
咨询客户ID：2008953606 → zkzk9
咨询消息：此号是广告号不回复 请联系   @mc8988
回复消息：请联系主号：https://t.me/bs91m1
【91M Boss】官方交流群：https://t.me/bs91m990

=====================================================

2022-06-01
咨询客户ID：5303332545 → sjjy9
咨询消息：请联系本人业务号   @tt969
回复消息：请联系主号：https://t.me/bs91m1
【91M Boss】官方交流群：https://t.me/bs91m990

=====================================================

2022-06-01
咨询客户ID：2008953606 → zkzk9
咨询消息：此号是广告号不回复 请联系   @mc8988
回复消息：请联系主号：https://t.me/bs91m1
【91M Boss】官方交流群：https://t.me/bs91m990

=====================================================

2022-06-01
咨询客户ID：5303332545 → sjjy9
咨询消息：请联系本人业务号   @tt969
回复消息：请联系主号：https://t.me/bs91m1
【91M Boss】官方交流群：https://t.me/bs91m990

=====================================================

2022-06-01
咨询客户ID：2008953606 → zkzk9
咨询消息：此号是广告号不回复 请联系   @mc8988
回复消息：请联系主号：https://t.me/bs91m1
【91M Boss】官方交流群：https://t.me/bs91m990

=====================================================

2022-06-01
咨询客户ID：2008953606 → zkzk9
咨询消息：此号是广告号不回复 请联系   @mc8988
回复消息：请联系主号：https://t.me/bs91m1
【91M Boss】官方交流群：https://t.me/bs91m990

=====================================================

2022-06-01
咨询客户ID：2008953606 → zkzk9
咨询消息：此号是广告号不回复 请联系   @mc8988
回复消息：请联系主号：https://t.me/bs91m1
【91M Boss】官方交流群：https://t.me/bs91m990

=====================================================

2022-06-01
咨询客户ID：5303332545 → sjjy9
咨询消息：请联系本人业务号   @tt969
回复消息：请联系主号：https://t.me/bs91m1
【91M Boss】官方交流群：https://t.me/bs91m990

=====================================================

2022-06-01
咨询客户ID：2008953606 → zkzk9
咨询消息：此号是广告号不回复 请联系   @mc8988
回复消息：请联系主号：https://t.me/bs91m1
【91M Boss】官方交流群：https://t.me/bs91m990

=====================================================

2022-06-01
咨询客户ID：5303332545 → sjjy9
咨询消息：请联系本人业务号   @tt969
回复消息：请联系主号：https://t.me/bs91m1
【91M Boss】官方交流群：https://t.me/bs91m990

=====================================================

2022-06-01
咨询客户ID：2008953606 → zkzk9
咨询消息：此号是广告号不回复 请联系   @mc8988
回复消息：请联系主号：https://t.me/bs91m1
【91M Boss】官方交流群：https://t.me/bs91m990

=====================================================

2022-06-01
咨询客户ID：5303332545 → sjjy9
咨询消息：请联系本人业务号   @tt969
回复消息：请联系主号：https://t.me/bs91m1
【91M Boss】官方交流群：https://t.me/bs91m990

=====================================================

2022-06-01
咨询客户ID：5303332545 → sjjy9
咨询消息：请联系本人业务号   @tt969
回复消息：请联系主号：https://t.me/bs91m1
【91M Boss】官方交流群：https://t.me/bs91m990

=====================================================

2022-06-01
咨询客户ID：5303332545 → sjjy9
咨询消息：请联系本人业务号   @tt969
回复消息：请联系主号：https://t.me/bs91m1
【91M Boss】官方交流群：https://t.me/bs91m990

=====================================================

2022-06-01
咨询客户ID：5303332545 → sjjy9
咨询消息：请联系本人业务号   @tt969
回复消息：请联系主号：https://t.me/bs91m1
【91M Boss】官方交流群：https://t.me/bs91m990

=====================================================

2022-06-01
咨询客户ID：2008953606 → zkzk9
咨询消息：此号是广告号不回复 请联系   @mc8988
回复消息：请联系主号：https://t.me/bs91m1
【91M Boss】官方交流群：https://t.me/bs91m990

=====================================================

2022-06-01
咨询客户ID：5303332545 → sjjy9
咨询消息：请联系本人业务号   @tt969
回复消息：请联系主号：https://t.me/bs91m1
【91M Boss】官方交流群：https://t.me/bs91m990

=====================================================

2022-06-01
咨询客户ID：5303332545 → sjjy9
咨询消息：请联系本人业务号   @tt969
回复消息：请联系主号：https://t.me/bs91m1
【91M Boss】官方交流群：https://t.me/bs91m990

=====================================================

2022-06-01
咨询客户ID：2008953606 → zkzk9
咨询消息：此号是广告号不回复 请联系   @mc8988
回复消息：请联系主号：https://t.me/bs91m1
【91M Boss】官方交流群：https://t.me/bs91m990

=====================================================

2022-06-01
咨询客户ID：5050846470 → None
咨询消息：我衷心希望你们全家幸福平安 !
回复消息：请联系主号：https://t.me/bs91m1
【91M Boss】官方交流群：https://t.me/bs91m990

=====================================================

2022-06-01
咨询客户ID：5303332545 → sjjy9
咨询消息：请联系本人业务号   @tt969
回复消息：请联系主号：https://t.me/bs91m1
【91M Boss】官方交流群：https://t.me/bs91m990

=====================================================

2022-06-01
咨询客户ID：5303332545 → sjjy9
咨询消息：请联系本人业务号   @tt969
回复消息：请联系主号：https://t.me/bs91m1
【91M Boss】官方交流群：https://t.me/bs91m990

=====================================================

2022-06-01
咨询客户ID：2008953606 → zkzk9
咨询消息：此号是广告号不回复 请联系   @mc8988
回复消息：请联系主号：https://t.me/bs91m1
【91M Boss】官方交流群：https://t.me/bs91m990

=====================================================

2022-06-01
咨询客户ID：2008953606 → zkzk9
咨询消息：此号是广告号不回复 请联系   @mc8988
回复消息：请联系主号：https://t.me/bs91m1
【91M Boss】官方交流群：https://t.me/bs91m990

=====================================================

2022-06-01
咨询客户ID：5303332545 → sjjy9
咨询消息：请联系本人业务号   @tt969
回复消息：请联系主号：https://t.me/bs91m1
【91M Boss】官方交流群：https://t.me/bs91m990

=====================================================

2022-06-01
咨询客户ID：5303332545 → sjjy9
咨询消息：请联系本人业务号   @tt969
回复消息：请联系主号：https://t.me/bs91m1
【91M Boss】官方交流群：https://t.me/bs91m990

=====================================================

2022-06-01
咨询客户ID：5303332545 → sjjy9
咨询消息：请联系本人业务号   @tt969
回复消息：请联系主号：https://t.me/bs91m1
【91M Boss】官方交流群：https://t.me/bs91m990

=====================================================

2022-06-01
咨询客户ID：2008953606 → zkzk9
咨询消息：此号是广告号不回复 请联系   @mc8988
回复消息：请联系主号：https://t.me/bs91m1
【91M Boss】官方交流群：https://t.me/bs91m990

=====================================================

2022-06-01
咨询客户ID：5303332545 → sjjy9
咨询消息：请联系本人业务号   @tt969
回复消息：请联系主号：https://t.me/bs91m1
【91M Boss】官方交流群：https://t.me/bs91m990

=====================================================

2022-06-01
咨询客户ID：2008953606 → zkzk9
咨询消息：此号是广告号不回复 请联系   @mc8988
回复消息：请联系主号：https://t.me/bs91m1
【91M Boss】官方交流群：https://t.me/bs91m990

=====================================================

2022-06-01
咨询客户ID：5303332545 → sjjy9
咨询消息：请联系本人业务号   @tt969
回复消息：请联系主号：https://t.me/bs91m1
【91M Boss】官方交流群：https://t.me/bs91m990

=====================================================

2022-06-01
咨询客户ID：2008953606 → zkzk9
咨询消息：此号是广告号不回复 请联系   @mc8988
回复消息：请联系主号：https://t.me/bs91m1
【91M Boss】官方交流群：https://t.me/bs91m990

=====================================================

2022-06-01
咨询客户ID：5303332545 → sjjy9
咨询消息：请联系本人业务号   @tt969
回复消息：请联系主号：https://t.me/bs91m1
【91M Boss】官方交流群：https://t.me/bs91m990

=====================================================

2022-06-01
咨询客户ID：2008953606 → zkzk9
咨询消息：此号是广告号不回复 请联系   @mc8988
回复消息：请联系主号：https://t.me/bs91m1
【91M Boss】官方交流群：https://t.me/bs91m990

=====================================================

2022-06-01
咨询客户ID：5303332545 → sjjy9
咨询消息：请联系本人业务号   @tt969
回复消息：请联系主号：https://t.me/bs91m1
【91M Boss】官方交流群：https://t.me/bs91m990

=====================================================

2022-06-01
咨询客户ID：5303332545 → sjjy9
咨询消息：请联系本人业务号   @tt969
回复消息：请联系主号：https://t.me/bs91m1
【91M Boss】官方交流群：https://t.me/bs91m990

=====================================================

2022-06-01
咨询客户ID：2008953606 → zkzk9
咨询消息：此号是广告号不回复 请联系   @mc8988
回复消息：请联系主号：https://t.me/bs91m1
【91M Boss】官方交流群：https://t.me/bs91m990

=====================================================

2022-06-01
咨询客户ID：5303332545 → sjjy9
咨询消息：请联系本人业务号   @tt969
回复消息：请联系主号：https://t.me/bs91m1
【91M Boss】官方交流群：https://t.me/bs91m990

=====================================================

2022-06-01
咨询客户ID：2008953606 → zkzk9
咨询消息：此号是广告号不回复 请联系   @mc8988
回复消息：请联系主号：https://t.me/bs91m1
【91M Boss】官方交流群：https://t.me/bs91m990

=====================================================

2022-06-01
咨询客户ID：5303332545 → sjjy9
咨询消息：请联系本人业务号   @tt969
回复消息：请联系主号：https://t.me/bs91m1
【91M Boss】官方交流群：https://t.me/bs91m990

=====================================================

2022-06-01
咨询客户ID：2008953606 → zkzk9
咨询消息：此号是广告号不回复 请联系   @mc8988
回复消息：请联系主号：https://t.me/bs91m1
【91M Boss】官方交流群：https://t.me/bs91m990

=====================================================

2022-06-01
咨询客户ID：2008953606 → zkzk9
咨询消息：此号是广告号不回复 请联系   @mc8988
回复消息：请联系主号：https://t.me/bs91m1
【91M Boss】官方交流群：https://t.me/bs91m990

=====================================================

2022-06-01
咨询客户ID：2008953606 → zkzk9
咨询消息：此号是广告号不回复 请联系   @mc8988
回复消息：请联系主号：https://t.me/bs91m1
【91M Boss】官方交流群：https://t.me/bs91m990

=====================================================

2022-06-01
咨询客户ID：5303332545 → sjjy9
咨询消息：请联系本人业务号   @tt969
回复消息：请联系主号：https://t.me/bs91m1
【91M Boss】官方交流群：https://t.me/bs91m990

=====================================================

2022-06-01
咨询客户ID：2008953606 → zkzk9
咨询消息：此号是广告号不回复 请联系   @mc8988
回复消息：请联系主号：https://t.me/bs91m1
【91M Boss】官方交流群：https://t.me/bs91m990

=====================================================

2022-06-01
咨询客户ID：5303332545 → sjjy9
咨询消息：请联系本人业务号   @tt969
回复消息：请联系主号：https://t.me/bs91m1
【91M Boss】官方交流群：https://t.me/bs91m990

=====================================================

2022-06-01
咨询客户ID：2008953606 → zkzk9
咨询消息：此号是广告号不回复 请联系   @mc8988
回复消息：请联系主号：https://t.me/bs91m1
【91M Boss】官方交流群：https://t.me/bs91m990

=====================================================

2022-06-01
咨询客户ID：5303332545 → sjjy9
咨询消息：请联系本人业务号   @tt969
回复消息：请联系主号：https://t.me/bs91m1
【91M Boss】官方交流群：https://t.me/bs91m990

=====================================================

2022-06-01
咨询客户ID：5303332545 → sjjy9
咨询消息：请联系本人业务号   @tt969
回复消息：请联系主号：https://t.me/bs91m1
【91M Boss】官方交流群：https://t.me/bs91m990

=====================================================

2022-06-01
咨询客户ID：2008953606 → zkzk9
咨询消息：此号是广告号不回复 请联系   @mc8988
回复消息：请联系主号：https://t.me/bs91m1
【91M Boss】官方交流群：https://t.me/bs91m990

=====================================================

2022-06-01
咨询客户ID：2008953606 → zkzk9
咨询消息：此号是广告号不回复 请联系   @mc8988
回复消息：请联系主号：https://t.me/bs91m1
【91M Boss】官方交流群：https://t.me/bs91m990

=====================================================

2022-06-01
咨询客户ID：5303332545 → sjjy9
咨询消息：请联系本人业务号   @tt969
回复消息：请联系主号：https://t.me/bs91m1
【91M Boss】官方交流群：https://t.me/bs91m990

=====================================================

2022-06-01
咨询客户ID：2008953606 → zkzk9
咨询消息：此号是广告号不回复 请联系   @mc8988
回复消息：请联系主号：https://t.me/bs91m1
【91M Boss】官方交流群：https://t.me/bs91m990

=====================================================

2022-06-01
咨询客户ID：5303332545 → sjjy9
咨询消息：请联系本人业务号   @tt969
回复消息：请联系主号：https://t.me/bs91m1
【91M Boss】官方交流群：https://t.me/bs91m990

=====================================================

2022-06-01
咨询客户ID：5303332545 → sjjy9
咨询消息：请联系本人业务号   @tt969
回复消息：请联系主号：https://t.me/bs91m1
【91M Boss】官方交流群：https://t.me/bs91m990

=====================================================

2022-06-01
咨询客户ID：2008953606 → zkzk9
咨询消息：此号是广告号不回复 请联系   @mc8988
回复消息：请联系主号：https://t.me/bs91m1
【91M Boss】官方交流群：https://t.me/bs91m990

=====================================================

2022-06-01
咨询客户ID：5303332545 → sjjy9
咨询消息：请联系本人业务号   @tt969
回复消息：请联系主号：https://t.me/bs91m1
【91M Boss】官方交流群：https://t.me/bs91m990

=====================================================

2022-06-01
咨询客户ID：2008953606 → zkzk9
咨询消息：此号是广告号不回复 请联系   @mc8988
回复消息：请联系主号：https://t.me/bs91m1
【91M Boss】官方交流群：https://t.me/bs91m990

=====================================================

2022-06-01
咨询客户ID：2008953606 → zkzk9
咨询消息：此号是广告号不回复 请联系   @mc8988
回复消息：请联系主号：https://t.me/bs91m1
【91M Boss】官方交流群：https://t.me/bs91m990

=====================================================

2022-06-01
咨询客户ID：5303332545 → sjjy9
咨询消息：请联系本人业务号   @tt969
回复消息：请联系主号：https://t.me/bs91m1
【91M Boss】官方交流群：https://t.me/bs91m990

=====================================================

2022-06-01
咨询客户ID：5303332545 → sjjy9
咨询消息：请联系本人业务号   @tt969
回复消息：请联系主号：https://t.me/bs91m1
【91M Boss】官方交流群：https://t.me/bs91m990

=====================================================

2022-06-01
咨询客户ID：2008953606 → zkzk9
咨询消息：此号是广告号不回复 请联系   @mc8988
回复消息：请联系主号：https://t.me/bs91m1
【91M Boss】官方交流群：https://t.me/bs91m990

=====================================================

2022-06-01
咨询客户ID：5303332545 → sjjy9
咨询消息：请联系本人业务号   @tt969
回复消息：请联系主号：https://t.me/bs91m1
【91M Boss】官方交流群：https://t.me/bs91m990

=====================================================

2022-06-01
咨询客户ID：2008953606 → zkzk9
咨询消息：此号是广告号不回复 请联系   @mc8988
回复消息：请联系主号：https://t.me/bs91m1
【91M Boss】官方交流群：https://t.me/bs91m990

=====================================================

2022-06-01
咨询客户ID：5303332545 → sjjy9
咨询消息：请联系本人业务号   @tt969
回复消息：请联系主号：https://t.me/bs91m1
【91M Boss】官方交流群：https://t.me/bs91m990

=====================================================

2022-06-01
咨询客户ID：5334125156 → None
咨询消息：联系我的主号 
官方客服    ：  https://t.me/bs91m0 
官方交流群  ：https://t.me/bs91m990
回复消息：请联系主号：https://t.me/bs91m1
【91M Boss】官方交流群：https://t.me/bs91m990

=====================================================

2022-06-01
咨询客户ID：2008953606 → zkzk9
咨询消息：此号是广告号不回复 请联系   @mc8988
回复消息：请联系主号：https://t.me/bs91m1
【91M Boss】官方交流群：https://t.me/bs91m990

=====================================================

2022-06-01
咨询客户ID：5303332545 → sjjy9
咨询消息：请联系本人业务号   @tt969
回复消息：请联系主号：https://t.me/bs91m1
【91M Boss】官方交流群：https://t.me/bs91m990

=====================================================

2022-06-01
咨询客户ID：5303332545 → sjjy9
咨询消息：请联系本人业务号   @tt969
回复消息：请联系主号：https://t.me/bs91m1
【91M Boss】官方交流群：https://t.me/bs91m990

=====================================================

2022-06-01
咨询客户ID：2008953606 → zkzk9
咨询消息：此号是广告号不回复 请联系   @mc8988
回复消息：请联系主号：https://t.me/bs91m1
【91M Boss】官方交流群：https://t.me/bs91m990

=====================================================

2022-06-01
咨询客户ID：2008953606 → zkzk9
咨询消息：此号是广告号不回复 请联系   @mc8988
回复消息：请联系主号：https://t.me/bs91m1
【91M Boss】官方交流群：https://t.me/bs91m990

=====================================================

2022-06-01
咨询客户ID：2008953606 → zkzk9
咨询消息：此号是广告号不回复 请联系   @mc8988
回复消息：请联系主号：https://t.me/bs91m1
【91M Boss】官方交流群：https://t.me/bs91m990

=====================================================

2022-06-01
咨询客户ID：5303332545 → sjjy9
咨询消息：请联系本人业务号   @tt969
回复消息：请联系主号：https://t.me/bs91m1
【91M Boss】官方交流群：https://t.me/bs91m990

=====================================================

2022-06-01
咨询客户ID：5303332545 → sjjy9
咨询消息：请联系本人业务号   @tt969
回复消息：请联系主号：https://t.me/bs91m1
【91M Boss】官方交流群：https://t.me/bs91m990

=====================================================

2022-06-01
咨询客户ID：2008953606 → zkzk9
咨询消息：此号是广告号不回复 请联系   @mc8988
回复消息：请联系主号：https://t.me/bs91m1
【91M Boss】官方交流群：https://t.me/bs91m990

=====================================================

2022-06-01
咨询客户ID：5303332545 → sjjy9
咨询消息：请联系本人业务号   @tt969
回复消息：请联系主号：https://t.me/bs91m1
【91M Boss】官方交流群：https://t.me/bs91m990

=====================================================

2022-06-01
咨询客户ID：5334125156 → None
咨询消息：联系我的主号 
官方客服    ：  https://t.me/bs91m0 
官方交流群  ：https://t.me/bs91m990
回复消息：请联系主号：https://t.me/bs91m1
【91M Boss】官方交流群：https://t.me/bs91m990

=====================================================

2022-06-01
咨询客户ID：5303332545 → sjjy9
咨询消息：请联系本人业务号   @tt969
回复消息：请联系主号：https://t.me/bs91m1
【91M Boss】官方交流群：https://t.me/bs91m990

=====================================================

2022-06-01
咨询客户ID：2008953606 → zkzk9
咨询消息：此号是广告号不回复 请联系   @mc8988
回复消息：请联系主号：https://t.me/bs91m1
【91M Boss】官方交流群：https://t.me/bs91m990

=====================================================

2022-06-01
咨询客户ID：5303332545 → sjjy9
咨询消息：请联系本人业务号   @tt969
回复消息：请联系主号：https://t.me/bs91m1
【91M Boss】官方交流群：https://t.me/bs91m990

=====================================================

2022-06-01
咨询客户ID：2008953606 → zkzk9
咨询消息：此号是广告号不回复 请联系   @mc8988
回复消息：请联系主号：https://t.me/bs91m1
【91M Boss】官方交流群：https://t.me/bs91m990

=====================================================

2022-06-01
咨询客户ID：5303332545 → sjjy9
咨询消息：请联系本人业务号   @tt969
回复消息：请联系主号：https://t.me/bs91m1
【91M Boss】官方交流群：https://t.me/bs91m990

=====================================================

2022-06-01
咨询客户ID：2008953606 → zkzk9
咨询消息：此号是广告号不回复 请联系   @mc8988
回复消息：请联系主号：https://t.me/bs91m1
【91M Boss】官方交流群：https://t.me/bs91m990

=====================================================

2022-06-01
咨询客户ID：5334125156 → None
咨询消息：联系我的主号 
官方客服    ：  https://t.me/bs91m0 
官方交流群  ：https://t.me/bs91m990
回复消息：请联系主号：https://t.me/bs91m1
【91M Boss】官方交流群：https://t.me/bs91m990

=====================================================

2022-06-01
咨询客户ID：2008953606 → zkzk9
咨询消息：此号是广告号不回复 请联系   @mc8988
回复消息：请联系主号：https://t.me/bs91m1
【91M Boss】官方交流群：https://t.me/bs91m990

=====================================================

2022-06-01
咨询客户ID：5303332545 → sjjy9
咨询消息：请联系本人业务号   @tt969
回复消息：请联系主号：https://t.me/bs91m1
【91M Boss】官方交流群：https://t.me/bs91m990

=====================================================

2022-06-01
咨询客户ID：2008953606 → zkzk9
咨询消息：此号是广告号不回复 请联系   @mc8988
回复消息：请联系主号：https://t.me/bs91m1
【91M Boss】官方交流群：https://t.me/bs91m990

=====================================================

2022-06-01
咨询客户ID：5235922996 → Ailun90
咨询消息：群发？
回复消息：请联系主号：https://t.me/bs91m1
【91M Boss】官方交流群：https://t.me/bs91m990

=====================================================

2022-06-01
咨询客户ID：5334125156 → None
咨询消息：联系我的主号 
官方客服    ：  https://t.me/bs91m0 
官方交流群  ：https://t.me/bs91m990
回复消息：请联系主号：https://t.me/bs91m1
【91M Boss】官方交流群：https://t.me/bs91m990

=====================================================

2022-06-01
咨询客户ID：2008953606 → zkzk9
咨询消息：此号是广告号不回复 请联系   @mc8988
回复消息：请联系主号：https://t.me/bs91m1
【91M Boss】官方交流群：https://t.me/bs91m990

=====================================================

2022-06-01
咨询客户ID：5303332545 → sjjy9
咨询消息：请联系本人业务号   @tt969
回复消息：请联系主号：https://t.me/bs91m1
【91M Boss】官方交流群：https://t.me/bs91m990

=====================================================

2022-06-01
咨询客户ID：2008953606 → zkzk9
咨询消息：此号是广告号不回复 请联系   @mc8988
回复消息：请联系主号：https://t.me/bs91m1
【91M Boss】官方交流群：https://t.me/bs91m990

=====================================================

2022-06-01
咨询客户ID：5303332545 → sjjy9
咨询消息：请联系本人业务号   @tt969
回复消息：请联系主号：https://t.me/bs91m1
【91M Boss】官方交流群：https://t.me/bs91m990