

=====================================================

2022-05-25
咨询客户ID：5081610148 → baggy1809
咨询消息：精准采集群 👍  
🔥🔥🔥🔥🔥🔥🔥🔥🔥🔥  
https://t.me/+3uBLNmJLLbNiOTU9
回复消息：请联系主号：https://t.me/bs91m1
【91M Boss】官方交流群：https://t.me/bs91m990

=====================================================

2022-05-25
咨询客户ID：1237219488 → ryanfkry
咨询消息：世界杯足球 竞猜 送豪礼
每天发布三场赛事
💰猜中1场奖励5U
💰猜中3场奖励15U
💰连续7天猜中3场奖励100U
官方接待频道： 
无需注册充值 动动手指就有机会免费得U
回复消息：请联系主号：https://t.me/bs91m1
【91M Boss】官方交流群：https://t.me/bs91m990

=====================================================

2022-05-25
咨询客户ID：5334125156 → None
咨询消息：联系官方客服：https://t.me/bs91m0 
官方交流群   ：https://t.me/bs91m990
回复消息：请联系主号：https://t.me/bs91m1
【91M Boss】官方交流群：https://t.me/bs91m990

=====================================================

2022-05-25
咨询客户ID：5165404026 → None
咨询消息：玩区块链【哈希】
一定要到贵宾会
【公开】
【公平】
【公正】
不止有【返水】
还有新人【包赔】活动
【赔率】跟【福利】
也都是全罔最高
点击下方【频道】
链接了解更多活动福细节
频道：https://t.me/QF123kc
回复消息：请联系主号：https://t.me/bs91m1
【91M Boss】官方交流群：https://t.me/bs91m990

=====================================================

2022-05-25
咨询客户ID：5313152477 → trenton812737011
咨询消息：💦【区-块-蛤-希-娱-乐】💦

🏆秒.開.奖—秒.到.帐🏆
 
💪新人前3-把包.赔50-$💪
 
👉倌-芳-瓶-道：https://t.me/a5632q
回复消息：请联系主号：https://t.me/bs91m1
【91M Boss】官方交流群：https://t.me/bs91m990

=====================================================

2022-05-25
咨询客户ID：5399151719 → None
咨询消息：1
回复消息：请联系主号：https://t.me/bs91m1
【91M Boss】官方交流群：https://t.me/bs91m990

=====================================================

2022-05-25
咨询客户ID：5381909148 → None
咨询消息：*+！诚招代理 拉手 玩家 怎们合作你来谈   88k哈希注册就送88TRX   只针对哈希用户  白嫖勿扰   t.me/tianshi3366 
—……
回复消息：请联系主号：https://t.me/bs91m1
【91M Boss】官方交流群：https://t.me/bs91m990

=====================================================

2022-05-25
咨询客户ID：5371814757 → None
咨询消息：aas老板 您还在等啥呢
三和国际哈希竞猜娱乐，不用充值，不用提现，无需注册
转帐就是投注，奖金秒返，四大福利活动大奉送，赔率最高2️⃣.0️⃣
☀️全新游戏画面☀️，全新游戏体验☀️！
❤️招平台直属代理，全网最高❤️待遇，享独立投注地址及官网

 ✈️ @gw1177
回复消息：请联系主号：https://t.me/bs91m1
【91M Boss】官方交流群：https://t.me/bs91m990

=====================================================

2022-05-25
咨询客户ID：5391507344 → None
咨询消息：💦【区-块-蛤-希-娱-乐】💦

🏆秒.開.奖—秒.到.帐🏆
 
💪新人前3-把包.赔50-$💪
 
👉倌-芳-瓶-道：https://t.me/p568w
回复消息：请联系主号：https://t.me/bs91m1
【91M Boss】官方交流群：https://t.me/bs91m990

=====================================================

2022-05-25
咨询客户ID：5332624388 → xixizzxwUb
咨询消息：玩家有玩家的赠送包赔福利，代理有代理的行业最高返佣政策，大哥有大哥的专属合作哦~~！
活动申请，代理合作请联系客服：@tyhashkf
回复消息：请联系主号：https://t.me/bs91m1
【91M Boss】官方交流群：https://t.me/bs91m990

=====================================================

2022-05-25
咨询客户ID：5376050955 → None
咨询消息：玩家有玩家的赠送包赔福利，代理有代理的行业最高返佣政策，大哥有大哥的专属合作哦~~！
活动申请，代理合作请联系客服：@tyhashkf
回复消息：请联系主号：https://t.me/bs91m1
【91M Boss】官方交流群：https://t.me/bs91m990

=====================================================

2022-05-25
咨询客户ID：5325802111 → None
咨询消息：联络： @yuncaitx66
回复消息：请联系主号：https://t.me/bs91m1
【91M Boss】官方交流群：https://t.me/bs91m990

=====================================================

2022-05-25
咨询客户ID：5376920456 → None
咨询消息：1
回复消息：请联系主号：https://t.me/bs91m1
【91M Boss】官方交流群：https://t.me/bs91m990

=====================================================

2022-05-25
咨询客户ID：5368125115 → sh49644VNf
咨询消息：西瓜最强引流软件 群发 私信 拉人 采集 炸群 频道上粉 群组偷人 大量协议号飞机号批发 有需要找 @xgx77
回复消息：请联系主号：https://t.me/bs91m1
【91M Boss】官方交流群：https://t.me/bs91m990

=====================================================

2022-05-25
咨询客户ID：5308581296 → None
咨询消息：🔥西游哈希国际🔥
🎁诚邀行业代理，提供强大代理扶持🎁

♨️新人【包赢】【包赔】体验活动，联系客服领取彩金💰
输了归平台，赢了你拿走！

【成为代理🎁即享五大利好】
1️⃣获得独立专属投注地址，轻松计算线下流水！
2️⃣全网独家去中心“无限代”模式
3️⃣顶尖技术系统，奖池雄厚资金
4️⃣强大代理扶持机制，提供最优质的指导教学
5️⃣业界第一双盈模式，流水＋额外奖励收入

🎁【玩家五大利好】
1️⃣完全去中心化，最大程度保障玩家隐私和利益
2️⃣官方翻倍活动奖励多，多种游戏玩翻天
3️⃣不计输赢流水反2%领先各大平台
4️⃣无需上下分，无任何人工操控
5️⃣中奖系统秒返，所有记录公开可查

官网🔗： www.hx446.com
官方频道：https://t.me/xinyuhash
📣客服热线 ：@xy_wuyu
📣代理专线 ：@xy_danli
📣指导专线 ：@xy_zhido
回复消息：请联系主号：https://t.me/bs91m1
【91M Boss】官方交流群：https://t.me/bs91m990

=====================================================

2022-05-25
咨询客户ID：5334125156 → None
咨询消息：联系官方客服：https://t.me/bs91m0 
官方交流群   ：https://t.me/bs91m990
回复消息：请联系主号：https://t.me/bs91m1
【91M Boss】官方交流群：https://t.me/bs91m990

=====================================================

2022-05-25
咨询客户ID：5391651494 → None
咨询消息：💦【区-块-蛤-希-娱-乐】💦

🏆秒.開.奖—秒.到.帐🏆
 
💪新人前3-把包.赔50-$💪
 
👉倌-芳-瓶-道：https://t.me/we87q
回复消息：请联系主号：https://t.me/bs91m1
【91M Boss】官方交流群：https://t.me/bs91m990