

=====================================================

2022-06-22
咨询客户ID：5290875628 → baby9001rcs
咨询消息：DZC出售tg软件 群发拉人私信炒群 全功能可用
协议号批发 频道群组上粉
机器人定制 监听机器人 @kakaka_2
回复消息：代发广告、购买群发软件、session协议号 请联系
【91M Boss】 客户经理：https://t.me/bs91m1
【91M Boss】 官方交流群：https://t.me/bs91m990

=====================================================

2022-06-22
咨询客户ID：5080404762 → yyz008
咨询消息：老板你好，我们这边新出的交易担保平台，可在平台开设您的店铺，平台给予自然流量曝光，提供担保寻客等一系列服务，现在入驻免手续费，有兴趣了解下吗？
回复消息：代发广告、购买群发软件、session协议号 请联系
【91M Boss】 客户经理：https://t.me/bs91m1
【91M Boss】 官方交流群：https://t.me/bs91m990

=====================================================

2022-06-22
咨询客户ID：5460453287 → B1illy_hardGeneyMandelMandelA
咨询消息：None
回复消息：代发广告、购买群发软件、session协议号 请联系
【91M Boss】 客户经理：https://t.me/bs91m1
【91M Boss】 官方交流群：https://t.me/bs91m990

=====================================================

2022-06-22
咨询客户ID：5326874872 → GS888666
咨询消息：你好
回复消息：代发广告、购买群发软件、session协议号 请联系
【91M Boss】 客户经理：https://t.me/bs91m1
【91M Boss】 官方交流群：https://t.me/bs91m990