

=====================================================

2022-06-14
咨询客户ID：964838119 → MTWBET888
咨询消息：📍M.T.W🏪 
 
☀️WELCOME BONUS 50%☀️
🌪RECOMMEND BONUS 20%🌪
(Rekomen claim dlm 24 jam)
✨ DAILY BONUS 6%✨
⚡️REBATE BONUS 3%⚡️

🔥🔥DIGI, MAXIS & CELCOM🔥🔥
💥💥ACCEPT NOW💥💥

Min Deposit RM10💵
Min Withdraw RM50💸
⚠️All Turnover x2 !! 
⚠️Max cuci x100
⚠️Max Cuci RM10K 

📌 -BONUS Topup hanya boleh main 🎰Slot Game sahaja

 Telegram : 0128033866
📲Telegram:https://t.me/MTWBET888
🔎Channel：https://t.me/monopoly123
回复消息：代发广告、购买群发软件、session协议号 请联系
【91M Boss】 客户经理：https://t.me/bs91m1
【91M Boss】 官方交流群：https://t.me/bs91m990