
2022-05-20 08:30:55 → 919722809996 → https://t.me/ColaChina → 加群失败：群组禁止访问
2022-05-20 08:30:59 → 918509922477 → https://t.me/axujj → 加群成功
2022-05-20 08:31:06 → 918092132118 → https://t.me/heyuedashen1 → 加群失败：群组禁止访问
2022-05-20 08:31:10 → 919901066213 → https://t.me/liaobshe → 加群失败：群组禁止访问
2022-05-20 08:31:15 → 79919429746 → https://t.me/officelearner → 加群成功
2022-05-20 08:31:24 → 79919429746 → https://t.me/light_up_comm → 加群成功
2022-05-20 08:31:33 → 918109281745 → https://t.me/TG12389 → 加群成功
2022-05-20 08:31:40 → 918109281745 → https://t.me/tg328 → 加群成功
2022-05-20 08:31:47 → 917838380415 → https://t.me/appssweepstakes → 加群成功
2022-05-20 08:32:02 → 919901066213 → https://t.me/zhifuo → 加群成功
2022-05-20 08:32:09 → 918509922477 → https://t.me/botong002 → 加群成功
2022-05-20 08:33:40 → 919901066213 → https://t.me/dyjiaoliu → 加群成功
2022-05-20 08:33:47 → 918092132118 → https://t.me/chaguaner → 加群成功
2022-05-20 08:33:54 → 917838380415 → https://t.me/USTCtg → 加群成功
2022-05-20 08:34:01 → 918109281745 → https://t.me/yinhangkausdt → 加群成功
2022-05-20 08:34:08 → 919923144199 → https://t.me/three001 → 加群成功
2022-05-20 08:34:14 → 917061771362 → https://t.me/BKEXChinese → 加群失败：群组禁止访问
2022-05-20 08:34:19 → 919722809996 → https://t.me/fw992 → 加群成功
2022-05-20 08:34:27 → 79919429746 → https://t.me/homeassiant666 → 加群成功
2022-05-20 08:34:34 → 79919431787 → https://t.me/yyl001 → 加群成功
2022-05-20 08:34:41 → 918509922477 → https://t.me/yxbjx → 加群成功
2022-05-20 08:34:53 → 918109281745 → https://t.me/crxs778 → 加群成功
2022-05-20 08:35:00 → 918509922477 → https://t.me/shore999888 → 加群成功
2022-05-20 08:35:07 → 919722809996 → https://t.me/tg0799 → 加群成功
2022-05-20 08:35:14 → 918092132118 → https://t.me/yuehui8 → 加群失败：群组禁止访问
2022-05-20 08:35:18 → 79919431787 → https://t.me/btokcn_0016 → 加群成功
2022-05-20 08:38:06 → 919722809996 → https://t.me/yizhifu678 → 加群成功
2022-05-20 08:38:14 → 79919431787 → https://t.me/changsha_dev → 加群成功
2022-05-20 08:38:35 → 919901066213 → https://t.me/mljlq → 加群失败：群组禁止访问
2022-05-20 08:38:39 → 919923144199 → https://t.me/PHMAKA107 → 加群成功
2022-05-20 08:38:49 → 79919429746 → https://t.me/polkadotzh → 加群成功
2022-05-20 08:38:58 → 917838380415 → https://t.me/hwdbq → 加群成功
2022-05-20 08:39:05 → 918092132118 → https://t.me/dibaifa → 加群成功
2022-05-20 08:39:13 → 918109281745 → https://t.me/zhifu7788 → 加群成功
2022-05-20 08:39:20 → 917061771362 → https://t.me/bacommu → 加群成功
2022-05-20 08:39:27 → 918509922477 → https://t.me/cyj1188 → 加群成功
2022-05-20 08:39:45 → 919722809996 → https://t.me/huichan_com_grp → 加群成功
2022-05-20 08:39:53 → 918092132118 → https://t.me/olddriver_gd → 加群成功
2022-05-20 08:40:00 → 918109281745 → https://t.me/juliang666 → 加群成功
2022-05-20 08:40:08 → 917838380415 → https://t.me/tokaucn → 加群成功
2022-05-20 08:40:15 → 919901066213 → https://t.me/xianliao01 → 加群成功
2022-05-20 08:40:22 → 79919429746 → https://t.me/ssunion → 加群成功
2022-05-20 08:40:30 → 79919431787 → https://t.me/huaxingyl8 → 加群成功
2022-05-20 08:40:37 → 918509922477 → https://t.me/cdshouchang4 → 加群成功
2022-05-20 08:40:45 → 917061771362 → https://t.me/binance_api_chinese → 加群成功
2022-05-20 08:40:51 → 919923144199 → https://t.me/kkkttt369 → 加群成功
2022-05-20 08:41:04 → 79919431787 → https://t.me/tg_88888 → 加群成功
2022-05-20 08:41:12 → 919901066213 → https://t.me/az123818 → 加群成功
2022-05-20 08:41:19 → 917061771362 → https://t.me/TG_King90 → 加群成功
2022-05-20 08:41:27 → 918109281745 → https://t.me/dbf6666 → 加群成功
2022-05-20 08:41:36 → 918092132118 → https://t.me/tsdb01 → 加群成功
2022-05-20 08:41:43 → 918509922477 → https://t.me/liang1112233 → 加群成功
2022-05-20 08:41:50 → 919923144199 → https://t.me/xxg863 → 加群成功
2022-05-20 08:41:57 → 79919429746 → https://t.me/Dingshia → 加群成功
2022-05-20 08:42:04 → 917838380415 → https://t.me/tg858 → 加群成功
2022-05-20 08:42:11 → 919722809996 → https://t.me/sq577 → 加群成功
2022-05-20 08:42:23 → 917061771362 → https://t.me/xysbbs → 加群成功
2022-05-20 08:42:31 → 918092132118 → https://t.me/bandwagonhostgroup → 加群成功
2022-05-20 08:42:39 → 919901066213 → https://t.me/olddriver_fs → 加群成功
2022-05-20 08:42:45 → 917838380415 → https://t.me/mf_group → 加群成功
2022-05-20 08:42:53 → 79919431787 → https://t.me/huaao1 → 加群成功
2022-05-20 08:43:00 → 918509922477 → https://t.me/b12306 → 加群成功
2022-05-20 08:43:06 → 918109281745 → https://t.me/WKLhuaren → 加群成功
2022-05-20 08:43:14 → 919923144199 → https://t.me/raicoincn → 加群成功
2022-05-20 08:43:21 → 79919429746 → https://t.me/quanqiushouhuo → 加群成功
2022-05-20 08:43:28 → 919722809996 → https://t.me/danbao96 → 加群成功