
2022-06-02 08:27:51 → 6281282996563 → https://t.me/lasihaima266 → 加群成功
2022-06-02 08:27:57 → 6281283070774 → https://t.me/tg6198 → 加群成功
2022-06-02 08:28:02 → 6281283602716 → https://t.me/yuantoushuju4 → 加群成功
2022-06-02 08:28:07 → 6281283602694 → https://t.me/hgmhxz → 加群成功
2022-06-02 08:28:13 → 62895324567778 → https://t.me/bandwagonhostgroup → 加群成功
2022-06-02 08:28:18 → 601124042925 → https://t.me/maticnetwork_china → 加群成功
2022-06-02 08:28:22 → 6289635971327 → https://t.me/doxchina → 加群成功
2022-06-02 09:03:55 → 6289635971327 → https://t.me/+zOUAdTZM-Z81NjM1 → 加群失败：Cannot find any entity corresponding to "https://t.me/+zOUAdTZM-Z81NjM1"
2022-06-02 09:04:01 → 601124042925 → https://t.me/+zOUAdTZM-Z81NjM1 → 加群失败：Cannot find any entity corresponding to "https://t.me/+zOUAdTZM-Z81NjM1"
2022-06-02 09:04:04 → 6289635971327 → https://t.me/+zOUAdTZM-Z81NjM1 → 加群失败：Cannot find any entity corresponding to "https://t.me/+zOUAdTZM-Z81NjM1"
2022-06-02 09:04:06 → 62895324567778 → https://t.me/+zOUAdTZM-Z81NjM1 → 加群失败：Cannot find any entity corresponding to "https://t.me/+zOUAdTZM-Z81NjM1"
2022-06-02 09:09:03 → 6281283070774 → https://t.me/+zjwd6Dobyb5hYWM1 → 加群失败：The chat the user tried to join has expired and is not valid anymore (caused by ImportChatInviteRequest)
2022-06-02 09:09:05 → 6281283602694 → https://t.me/+BrmgdJH6PSZkNTNh → 加群失败：The chat the user tried to join has expired and is not valid anymore (caused by ImportChatInviteRequest)
2022-06-02 09:09:11 → 6281283602694 → https://t.me/+9oE0N-acgdo0NTNl → 加群失败：The chat the user tried to join has expired and is not valid anymore (caused by ImportChatInviteRequest)
2022-06-02 09:09:13 → 6281282996563 → https://t.me/+YI3Dtp8InIthMmU5 → 加群失败：The chat the user tried to join has expired and is not valid anymore (caused by ImportChatInviteRequest)
2022-06-02 09:09:15 → 6289635971327 → https://t.me/ffcyx → 加群失败：The chat the user tried to join has expired and is not valid anymore (caused by ImportChatInviteRequest)
2022-06-02 09:09:17 → 62895324567778 → https://t.me/+9aEGaULesLY4Nzlh → 加群失败：The chat the user tried to join has expired and is not valid anymore (caused by ImportChatInviteRequest)
2022-06-02 09:09:20 → 601124042925 → https://t.me/+3SrSrS52L785Yjg1 → 加群失败：The chat the user tried to join has expired and is not valid anymore (caused by ImportChatInviteRequest)
2022-06-02 09:09:22 → 6281283070774 → https://t.me/+-ZBvuqf9AYtkM2Q5 → 加群失败：The chat the user tried to join has expired and is not valid anymore (caused by ImportChatInviteRequest)
2022-06-02 09:09:25 → 6281283602716 → https://t.me/+k7skOSclEXNkY2M1 → 加群失败：The chat the user tried to join has expired and is not valid anymore (caused by ImportChatInviteRequest)
2022-06-02 09:09:34 → 6281283602694 → https://t.me/+0jORkEcjJ0thZDk1 → 加群失败：The chat the user tried to join has expired and is not valid anymore (caused by ImportChatInviteRequest)
2022-06-02 09:09:36 → 601124042925 → https://t.me/+aQJcp5R0T3pkZGNl → 加群失败：The chat the user tried to join has expired and is not valid anymore (caused by ImportChatInviteRequest)
2022-06-02 09:09:39 → 6281282996563 → https://t.me/+-RvPwnYZ0fo2NzE1 → 加群失败：The chat the user tried to join has expired and is not valid anymore (caused by ImportChatInviteRequest)
2022-06-02 09:09:42 → 6281283602716 → https://t.me/+LqsBiT_T0DszOWI1 → 加群失败：The chat the user tried to join has expired and is not valid anymore (caused by ImportChatInviteRequest)
2022-06-02 09:09:45 → 62895324567778 → https://t.me/+kaP8DGgokxo4NGIx → 加群失败：The chat the user tried to join has expired and is not valid anymore (caused by ImportChatInviteRequest)
2022-06-02 09:09:48 → 6281283070774 → https://t.me/+4-TIERdkNVVmY2Ix → 加群失败：The chat the user tried to join has expired and is not valid anymore (caused by ImportChatInviteRequest)
2022-06-02 09:09:51 → 6289635971327 → https://t.me/+wyQoNDjjMBVjNDA1 → 加群失败：The chat the user tried to join has expired and is not valid anymore (caused by ImportChatInviteRequest)
2022-06-02 09:10:00 → 6281283602716 → https://t.me/+UDrX76uyYy82OWEx → 加群失败：The chat the user tried to join has expired and is not valid anymore (caused by ImportChatInviteRequest)
2022-06-02 09:10:02 → 601124042925 → https://t.me/+APKLYqmdSclhZjU1 → 加群失败：The chat the user tried to join has expired and is not valid anymore (caused by ImportChatInviteRequest)
2022-06-02 09:10:04 → 6281282996563 → https://t.me/+n9nQhpEXAC0yNGU9 → 加群失败：The chat the user tried to join has expired and is not valid anymore (caused by ImportChatInviteRequest)
2022-06-02 09:10:07 → 62895324567778 → https://t.me/+sUuj_TuH_nRhNjE1 → 加群失败：The chat the user tried to join has expired and is not valid anymore (caused by ImportChatInviteRequest)
2022-06-02 09:10:09 → 6289635971327 → https://t.me/+JfzYvmEW4bo0ZWRl → 加群失败：The chat the user tried to join has expired and is not valid anymore (caused by ImportChatInviteRequest)
2022-06-02 09:10:11 → 6281283602694 → https://t.me/+ADL_14T-XG0yMmE5 → 加群失败：The chat the user tried to join has expired and is not valid anymore (caused by ImportChatInviteRequest)
2022-06-02 09:10:14 → 6281283070774 → https://t.me/+hG4evzI6ZJ84MTA5 → 加群失败：The chat the user tried to join has expired and is not valid anymore (caused by ImportChatInviteRequest)
2022-06-02 09:10:22 → 6281283602716 → https://t.me/+WbJrXuE28703Zjdl → 加群失败：The chat the user tried to join has expired and is not valid anymore (caused by ImportChatInviteRequest)
2022-06-02 09:10:25 → 6281282996563 → https://t.me/+aMl_xPUzLu80OGMx → 加群失败：The chat the user tried to join has expired and is not valid anymore (caused by ImportChatInviteRequest)
2022-06-02 09:10:27 → 6281283070774 → https://t.me/joinchat/HHeAr1ELdNEOXqw3U8Ts0w → 加群成功
2022-06-02 09:10:29 → 62895324567778 → https://t.me/+pImQqG6kee4wZDYx → 加群失败：The chat the user tried to join has expired and is not valid anymore (caused by ImportChatInviteRequest)
2022-06-02 09:10:32 → 6289635971327 → https://t.me/+d8XzUzLwhhU1YWVl → 加群失败：The chat the user tried to join has expired and is not valid anymore (caused by ImportChatInviteRequest)
2022-06-02 09:10:35 → 6281283602694 → https://t.me/+xoa71RA8zRlkZWE1 → 加群失败：The chat the user tried to join has expired and is not valid anymore (caused by ImportChatInviteRequest)
2022-06-02 09:10:37 → 601124042925 → https://t.me/+HjBnsQsrMc44ZmNl → 加群失败：The chat the user tried to join has expired and is not valid anymore (caused by ImportChatInviteRequest)
2022-06-02 09:10:46 → 62895324567778 → https://t.me/+feeRJoJYK0EzMTRl → 加群失败：The chat the user tried to join has expired and is not valid anymore (caused by ImportChatInviteRequest)
2022-06-02 09:10:49 → 6281283602694 → https://t.me/+YhkvVBH2sLNiMmJh → 加群失败：A wait of 197 seconds is required (caused by ImportChatInviteRequest)
2022-06-02 09:10:52 → 6281282996563 → https://t.me/+uDADliAVzT84ZDRh → 加群失败：The chat the user tried to join has expired and is not valid anymore (caused by ImportChatInviteRequest)
2022-06-02 09:10:55 → 6289635971327 → https://t.me/+noFSLnh4gzRmMWM1 → 加群失败：The chat the user tried to join has expired and is not valid anymore (caused by ImportChatInviteRequest)
2022-06-02 09:10:57 → 601124042925 → https://t.me/+5WmtAnMeZpIyMDhh → 加群失败：The chat the user tried to join has expired and is not valid anymore (caused by ImportChatInviteRequest)
2022-06-02 09:11:00 → 6281283602716 → https://t.me/+qi9K7Bo2Y8Y3ZWY9 → 加群失败：The chat the user tried to join has expired and is not valid anymore (caused by ImportChatInviteRequest)
2022-06-02 09:11:02 → 6281283070774 → https://t.me/+calyHe56Wm82OTg1 → 加群失败：A wait of 182 seconds is required (caused by ImportChatInviteRequest)
2022-06-02 09:11:12 → 6281283070774 → https://t.me/+5NQjNc_ygu1jYTYx → 加群失败：A wait of 172 seconds is required (caused by ImportChatInviteRequest)
2022-06-02 09:11:14 → 62895324567778 → https://t.me/+hpMJRgdAs5AxMzg1 → 加群失败：A wait of 184 seconds is required (caused by ImportChatInviteRequest)
2022-06-02 09:11:16 → 6281282996563 → https://t.me/+PnwvxbcwQXVjYzE1 → 加群失败：A wait of 178 seconds is required (caused by ImportChatInviteRequest)
2022-06-02 09:11:18 → 6289635971327 → https://t.me/+spzhFF0zV5M1YjZh → 加群失败：A wait of 178 seconds is required (caused by ImportChatInviteRequest)
2022-06-02 09:11:21 → 6281283602694 → https://t.me/+zAh3xoopIn4yYTU5 → 加群失败：A wait of 165 seconds is required (caused by ImportChatInviteRequest)
2022-06-02 09:11:23 → 601124042925 → https://t.me/+IgxjgT8EJP0wZGI1 → 加群失败：A wait of 178 seconds is required (caused by ImportChatInviteRequest)
2022-06-02 09:11:25 → 6281283602716 → https://t.me/+SEjcrJU4JuIyNzA1 → 加群失败：A wait of 180 seconds is required (caused by ImportChatInviteRequest)
2022-06-02 09:12:03 → 6281283602694 → https://t.me/+XOH9ZDrzo3I1MzI1 → 加群失败：A wait of 123 seconds is required (caused by ImportChatInviteRequest)
2022-06-02 09:12:06 → 601124042925 → https://t.me/+AGovixe_eoE4NDNh → 加群失败：A wait of 135 seconds is required (caused by ImportChatInviteRequest)
2022-06-02 09:12:08 → 6281283070774 → https://t.me/joinchat/EnHBggxtLiaKQHfI_9JPgw → 加群失败：A wait of 116 seconds is required (caused by ImportChatInviteRequest)
2022-06-02 09:12:10 → 6289635971327 → https://t.me/+KV5UJvJFZadmZjVl → 加群失败：A wait of 126 seconds is required (caused by ImportChatInviteRequest)
2022-06-02 09:12:13 → 62895324567778 → https://t.me/+wUPu96w7BvQ3NTU1 → 加群失败：A wait of 125 seconds is required (caused by ImportChatInviteRequest)
2022-06-02 09:12:15 → 6281283602716 → https://t.me/+cgctxddaCwxhYWM1 → 加群失败：A wait of 130 seconds is required (caused by ImportChatInviteRequest)
2022-06-02 09:12:21 → 62895324567778 → https://t.me/+Iu_rhvEZnCVjMmNl → 加群失败：A wait of 117 seconds is required (caused by ImportChatInviteRequest)
2022-06-02 09:12:23 → 6281282996563 → https://t.me/+1s6PDJfhJ_45N2Mx → 加群失败：A wait of 111 seconds is required (caused by ImportChatInviteRequest)
2022-06-02 09:12:25 → 6289635971327 → https://t.me/+pImQqG6kee4wZDYx → 加群失败：A wait of 111 seconds is required (caused by ImportChatInviteRequest)
2022-06-02 09:12:28 → 601124042925 → https://t.me/+z-xgWFuhbXRiMmU1 → 加群失败：A wait of 114 seconds is required (caused by ImportChatInviteRequest)
2022-06-02 09:12:30 → 6281283602694 → https://t.me/+p6YlZXi4WgU0Yzc1 → 加群失败：A wait of 96 seconds is required (caused by ImportChatInviteRequest)
2022-06-02 09:12:32 → 6281283070774 → https://t.me/+REYpWO1e16djZDUx → 加群失败：A wait of 92 seconds is required (caused by ImportChatInviteRequest)
2022-06-02 09:12:34 → 6281283602716 → https://t.me/+xRLKfhWedANiZGM1 → 加群失败：A wait of 111 seconds is required (caused by ImportChatInviteRequest)
2022-06-02 09:12:43 → 6281283602716 → https://t.me/+C0RIb6Z0lM8xY2Q1 → 加群失败：A wait of 102 seconds is required (caused by ImportChatInviteRequest)
2022-06-02 09:12:46 → 6281282996563 → https://t.me/+MVMDI7oWzDczNmI1 → 加群失败：A wait of 88 seconds is required (caused by ImportChatInviteRequest)
2022-06-02 09:12:49 → 6289635971327 → https://t.me/+-RvPwnYZ0fo2NzE1 → 加群失败：A wait of 87 seconds is required (caused by ImportChatInviteRequest)
2022-06-02 09:12:53 → 62895324567778 → https://t.me/+54gl7-9CGNExOTQx → 加群失败：A wait of 86 seconds is required (caused by ImportChatInviteRequest)
2022-06-02 09:12:56 → 6281283602694 → https://t.me/+YhkvVBH2sLNiMmJh → 加群失败：A wait of 71 seconds is required (caused by ImportChatInviteRequest)
2022-06-02 09:13:02 → 6281282996563 → https://t.me/+G-TP1oGwz_UzZTgx → 加群失败：A wait of 72 seconds is required (caused by ImportChatInviteRequest)
2022-06-02 09:14:07 → 6281283602694 → https://t.me/+HjBnsQsrMc44ZmNl → 加群失败：用户尝试加入的聊天已过期且不再有效（由 ImportChatInviteRequest 引起）
2022-06-02 09:14:21 → 601124042925 → https://t.me/+kaP8DGgokxo4NGIx → 加群失败：用户尝试加入的聊天已过期且不再有效（由 ImportChatInviteRequest 引起）
2022-06-02 09:14:24 → 62895324567778 → https://t.me/+X1XfCzCulJplNzJl → 加群失败：用户尝试加入的聊天已过期且不再有效（由 ImportChatInviteRequest 引起）
2022-06-02 09:14:27 → 6289635971327 → https://t.me/+1450TvdWFDg3ZDlh → 加群失败：用户尝试加入的聊天已过期且不再有效（由 ImportChatInviteRequest 引起）
2022-06-02 09:14:30 → 6281283070774 → https://t.me/+SU2RmtTlLms1YWRl → 加群失败：用户尝试加入的聊天已过期且不再有效（由 ImportChatInviteRequest 引起）
2022-06-02 09:14:33 → 6281283602716 → https://t.me/+EX5LLMSHNh9iYTQ1 → 加群失败：用户尝试加入的聊天已过期且不再有效（由 ImportChatInviteRequest 引起）
2022-06-02 09:14:43 → 6281282996563 → https://t.me/+LqsBiT_T0DszOWI1 → 加群失败：用户尝试加入的聊天已过期且不再有效（由 ImportChatInviteRequest 引起）
2022-06-02 09:14:45 → 6281283602694 → https://t.me/+zAh3xoopIn4yYTU5 → 加群失败：用户尝试加入的聊天已过期且不再有效（由 ImportChatInviteRequest 引起）
2022-06-02 09:14:47 → 6281283602716 → https://t.me/+T-jYQLw4qHozZWU1 → 加群失败：用户尝试加入的聊天已过期且不再有效（由 ImportChatInviteRequest 引起）
2022-06-02 09:14:50 → 62895324567778 → https://t.me/+0kedKOuRB0o1NDMx → 加群失败：用户尝试加入的聊天已过期且不再有效（由 ImportChatInviteRequest 引起）
2022-06-02 09:14:52 → 601124042925 → https://t.me/+G8wVDtrfGdI3ZTc9 → 加群失败：用户尝试加入的聊天已过期且不再有效（由 ImportChatInviteRequest 引起）
2022-06-02 09:14:54 → 6289635971327 → https://t.me/+b8osyGrSdOhhZjE9 → 加群失败：用户尝试加入的聊天已过期且不再有效（由 ImportChatInviteRequest 引起）
2022-06-02 09:14:57 → 6281283070774 → https://t.me/+-ZBvuqf9AYtkM2Q5 → 加群失败：用户尝试加入的聊天已过期且不再有效（由 ImportChatInviteRequest 引起）
2022-06-02 09:15:07 → 6281283070774 → https://t.me/+EsOVJtfj7FwyOWUx → 加群失败：用户尝试加入的聊天已过期且不再有效（由 ImportChatInviteRequest 引起）
2022-06-02 09:15:09 → 6289635971327 → https://t.me/+rgxcUm5Dp35mYWI1 → 加群失败：用户尝试加入的聊天已过期且不再有效（由 ImportChatInviteRequest 引起）
2022-06-02 09:15:12 → 6281282996563 → https://t.me/+3gLBjcldb5E1NWY9 → 加群失败：用户尝试加入的聊天已过期且不再有效（由 ImportChatInviteRequest 引起）
2022-06-02 09:15:14 → 601124042925 → https://t.me/+tVzy-HX20kJiYWY1 → 加群失败：用户尝试加入的聊天已过期且不再有效（由 ImportChatInviteRequest 引起）
2022-06-02 09:15:17 → 6281283602716 → https://t.me/+spzhFF0zV5M1YjZh → 加群失败：用户尝试加入的聊天已过期且不再有效（由 ImportChatInviteRequest 引起）
2022-06-02 09:15:19 → 6281283602694 → https://t.me/+JfzYvmEW4bo0ZWRl → 加群失败：用户尝试加入的聊天已过期且不再有效（由 ImportChatInviteRequest 引起）
2022-06-02 09:15:21 → 62895324567778 → https://t.me/+K5t6qDH-guk2ZmNl → 加群失败：用户尝试加入的聊天已过期且不再有效（由 ImportChatInviteRequest 引起）
2022-06-02 09:15:30 → 6289635971327 → https://t.me/+kF5YAHBQ7b8yMDVl → 加群失败：用户尝试加入的聊天已过期且不再有效（由 ImportChatInviteRequest 引起）
2022-06-02 09:15:41 → 6281282996563 → https://t.me/+m7Ys3kdhOQ5jODQ1 → 加群失败：用户尝试加入的聊天已过期且不再有效（由 ImportChatInviteRequest 引起）
2022-06-02 09:15:44 → 601124042925 → https://t.me/+QmtEDlDoYLlkMGVl → 加群失败：用户尝试加入的聊天已过期且不再有效（由 ImportChatInviteRequest 引起）
2022-06-02 09:15:46 → 6281283602716 → https://t.me/+AeKQBS5VnYFhZjdh → 加群失败：用户尝试加入的聊天已过期且不再有效（由 ImportChatInviteRequest 引起）
2022-06-02 09:15:49 → 6289635971327 → https://t.me/+Gla_cs2FNi1kMjc1 → 加群失败：用户尝试加入的聊天已过期且不再有效（由 ImportChatInviteRequest 引起）
2022-06-02 09:15:51 → 6281283070774 → https://t.me/+aQJcp5R0T3pkZGNl → 加群失败：用户尝试加入的聊天已过期且不再有效（由 ImportChatInviteRequest 引起）
2022-06-02 09:15:54 → 62895324567778 → https://t.me/+lLRc1DnIS1JhYTc1 → 加群失败：用户尝试加入的聊天已过期且不再有效（由 ImportChatInviteRequest 引起）
2022-06-02 09:15:56 → 6281283602694 → https://t.me/+xn2eYKH-rlI5N2E5 → 加群失败：用户尝试加入的聊天已过期且不再有效（由 ImportChatInviteRequest 引起）
2022-06-02 09:16:05 → 6289635971327 → https://t.me/+LO5hAmiN4McyODU1 → 加群失败：A wait of 1392 seconds is required (caused by ImportChatInviteRequest)
2022-06-02 09:16:07 → 62895324567778 → https://t.me/+oK6peJEVCBgzZjcx → 加群失败：用户尝试加入的聊天已过期且不再有效（由 ImportChatInviteRequest 引起）
2022-06-02 09:16:10 → 601124042925 → https://t.me/+UDrX76uyYy82OWEx → 加群失败：用户尝试加入的聊天已过期且不再有效（由 ImportChatInviteRequest 引起）
2022-06-02 09:16:13 → 6281282996563 → https://t.me/+EFZfdCzTGu9iMzcx → 加群失败：用户尝试加入的聊天已过期且不再有效（由 ImportChatInviteRequest 引起）
2022-06-02 09:16:16 → 6281283602694 → https://t.me/+KV5UJvJFZadmZjVl → 加群失败：用户尝试加入的聊天已过期且不再有效（由 ImportChatInviteRequest 引起）
2022-06-02 09:16:18 → 6281283602716 → https://t.me/+yTmSqvjL6MZhOGM1 → 加群失败：用户尝试加入的聊天已过期且不再有效（由 ImportChatInviteRequest 引起）
2022-06-02 09:16:21 → 6281283070774 → https://t.me/+dIyaD5HpDJY3Zjk9 → 加群失败：用户尝试加入的聊天已过期且不再有效（由 ImportChatInviteRequest 引起）
2022-06-02 09:16:31 → 6281283602716 → https://t.me/+zp8hQFMQsnIyYTdl → 加群失败：A wait of 1375 seconds is required (caused by ImportChatInviteRequest)
2022-06-02 09:16:34 → 6281283602694 → https://t.me/+BRUAa2sBGU0zOTQ1 → 加群失败：A wait of 1353 seconds is required (caused by ImportChatInviteRequest)
2022-06-02 09:16:36 → 6289635971327 → https://t.me/+SEjcrJU4JuIyNzA1 → 加群失败：A wait of 1360 seconds is required (caused by ImportChatInviteRequest)
2022-06-02 09:16:39 → 6281283070774 → https://t.me/+WnFY9z024NdiODgx → 加群失败：A wait of 1346 seconds is required (caused by ImportChatInviteRequest)
2022-06-02 09:16:41 → 6281282996563 → https://t.me/+F4cgrWsKrcRkMDA9 → 加群失败：用户尝试加入的聊天已过期且不再有效（由 ImportChatInviteRequest 引起）
2022-06-02 09:16:43 → 601124042925 → https://t.me/+5gVajc77kDQ0NzI5 → 加群失败：A wait of 1358 seconds is required (caused by ImportChatInviteRequest)
2022-06-02 09:16:51 → 6281282996563 → https://t.me/+j1rD3RsKu2A5ZTJl → 加群失败：A wait of 1343 seconds is required (caused by ImportChatInviteRequest)
2022-06-02 09:16:54 → 6281283602716 → https://t.me/+mHS4ouK1WS81ODdl → 加群失败：A wait of 1351 seconds is required (caused by ImportChatInviteRequest)
2022-06-02 09:16:56 → 62895324567778 → https://t.me/+CM8QfiFJeng1OWM1 → 加群失败：A wait of 1342 seconds is required (caused by ImportChatInviteRequest)
2022-06-02 09:16:58 → 6281283070774 → https://t.me/+YlQkP6X2f11lZjlh → 加群失败：A wait of 1326 seconds is required (caused by ImportChatInviteRequest)
2022-06-02 09:17:01 → 601124042925 → https://t.me/+owVJEPVLlZpiOGUx → 加群失败：A wait of 1340 seconds is required (caused by ImportChatInviteRequest)
2022-06-02 09:17:03 → 6289635971327 → https://t.me/+VZOVUsJ_CrRiNjI5 → 加群失败：A wait of 1333 seconds is required (caused by ImportChatInviteRequest)
2022-06-02 09:17:06 → 6281283602694 → https://t.me/+XAPOpgfM36YxYTk1 → 加群失败：A wait of 1320 seconds is required (caused by ImportChatInviteRequest)
2022-06-02 09:17:18 → 601124042925 → https://t.me/+Xh2Sw8Abn_w0NzRl → 加群失败：A wait of 1323 seconds is required (caused by ImportChatInviteRequest)
2022-06-02 09:17:21 → 6281282996563 → https://t.me/+_co7YJMXqzliMzhh → 加群失败：A wait of 1313 seconds is required (caused by ImportChatInviteRequest)
2022-06-02 09:17:26 → 6289635971327 → https://t.me/+K4hA5oTciaJhNTVl → 加群失败：A wait of 1310 seconds is required (caused by ImportChatInviteRequest)
2022-06-02 09:17:32 → 62895324567778 → https://t.me/+qmuwWWOvrME0ODkx → 加群失败：A wait of 1307 seconds is required (caused by ImportChatInviteRequest)
2022-06-02 09:17:34 → 6281283070774 → https://t.me/+APKLYqmdSclhZjU1 → 加群失败：A wait of 1290 seconds is required (caused by ImportChatInviteRequest)
2022-06-02 09:17:37 → 6281283602716 → https://t.me/+G4deUBiLF0g3N2Ux → 加群失败：A wait of 1308 seconds is required (caused by ImportChatInviteRequest)
2022-06-02 09:17:42 → 6281283602694 → https://t.me/+Zp-g0nkCPK9lMzE1 → 加群失败：A wait of 1284 seconds is required (caused by ImportChatInviteRequest)
2022-06-02 09:17:55 → 6281282996563 → https://t.me/+dYHMcVJpbBwzMGQ1 → 加群失败：A wait of 1279 seconds is required (caused by ImportChatInviteRequest)
2022-06-02 09:17:59 → 6289635971327 → https://t.me/+_sSpDH9vnQMwNjc9 → 加群失败：A wait of 1278 seconds is required (caused by ImportChatInviteRequest)
2022-06-02 09:18:04 → 6281283602716 → https://t.me/+hwGafTyi3tIxMzc1 → 加群失败：A wait of 1281 seconds is required (caused by ImportChatInviteRequest)
2022-06-02 09:18:07 → 6281283602694 → https://t.me/+yB1tBXdqMKFkMGFl → 加群失败：A wait of 1259 seconds is required (caused by ImportChatInviteRequest)
2022-06-02 09:18:13 → 62895324567778 → https://t.me/+5qiD_XQNy8ozMmI1 → 加群失败：A wait of 1265 seconds is required (caused by ImportChatInviteRequest)
2022-06-02 09:18:16 → 6281283070774 → https://t.me/+q9iWwMyPl485YzE1 → 加群失败：A wait of 1248 seconds is required (caused by ImportChatInviteRequest)
2022-06-02 09:18:22 → 601124042925 → https://t.me/+boGmQAE3JrBjNTNl → 加群失败：A wait of 1259 seconds is required (caused by ImportChatInviteRequest)
2022-06-02 09:18:31 → 62895324567778 → https://t.me/+6SR7fONaaVJmNDMx → 加群失败：A wait of 1247 seconds is required (caused by ImportChatInviteRequest)
2022-06-02 09:18:33 → 6289635971327 → https://t.me/+UbxlM6GKynRhODk1 → 加群失败：A wait of 1243 seconds is required (caused by ImportChatInviteRequest)
2022-06-02 09:18:36 → 601124042925 → https://t.me/+SIfSmDbixudkMzc1 → 加群失败：A wait of 1245 seconds is required (caused by ImportChatInviteRequest)
2022-06-02 09:18:41 → 6281283070774 → https://t.me/+B7AquUh1jWpkNjQx → 加群失败：A wait of 1223 seconds is required (caused by ImportChatInviteRequest)
2022-06-02 09:18:44 → 6281282996563 → https://t.me/+4GYip2NBLOphOTVl → 加群失败：A wait of 1230 seconds is required (caused by ImportChatInviteRequest)
2022-06-02 09:18:49 → 6281283602716 → https://t.me/+n18k2BFJNDsxY2Fl → 加群失败：A wait of 1236 seconds is required (caused by ImportChatInviteRequest)
2022-06-02 09:18:54 → 6281283602694 → https://t.me/+bOgiT1uFp88xNmQ1 → 加群失败：A wait of 1212 seconds is required (caused by ImportChatInviteRequest)
2022-06-02 09:19:07 → 62895324567778 → https://t.me/+coJH9njcTFI3NGJh → 加群失败：A wait of 1212 seconds is required (caused by ImportChatInviteRequest)
2022-06-02 09:19:10 → 601124042925 → https://t.me/+j41eJz9SWtE2YjUx → 加群失败：A wait of 1212 seconds is required (caused by ImportChatInviteRequest)
2022-06-02 09:19:15 → 6281283602694 → https://t.me/+9oE0N-acgdo0NTNl → 加群失败：A wait of 1191 seconds is required (caused by ImportChatInviteRequest)
2022-06-02 09:19:17 → 6281283602716 → https://t.me/+z9w5abx_AKI3ZDA1 → 加群失败：A wait of 1208 seconds is required (caused by ImportChatInviteRequest)
2022-06-02 09:19:20 → 6289635971327 → https://t.me/+hpMJRgdAs5AxMzg1 → 加群失败：A wait of 1196 seconds is required (caused by ImportChatInviteRequest)
2022-06-02 09:19:23 → 6281283070774 → https://t.me/+uFhQDDWC5a8xOTVh → 加群失败：A wait of 1181 seconds is required (caused by ImportChatInviteRequest)
2022-06-02 09:19:26 → 6281282996563 → https://t.me/+l1slk5dV5jE3ZjNl → 加群失败：A wait of 1188 seconds is required (caused by ImportChatInviteRequest)
2022-06-02 09:19:38 → 62895324567778 → https://t.me/+ZalvZqpTKQY5ZmVh → 加群失败：A wait of 1180 seconds is required (caused by ImportChatInviteRequest)
2022-06-02 09:19:41 → 6281282996563 → https://t.me/+iBdNpf3vLzBkOTFl → 加群失败：A wait of 1173 seconds is required (caused by ImportChatInviteRequest)
2022-06-02 09:19:44 → 6281283070774 → https://t.me/+PnwvxbcwQXVjYzE1 → 加群失败：A wait of 1160 seconds is required (caused by ImportChatInviteRequest)
2022-06-02 09:19:47 → 6281283602716 → https://t.me/+Vr3PW_vRaiY3YjFh → 加群失败：A wait of 1178 seconds is required (caused by ImportChatInviteRequest)
2022-06-02 09:19:53 → 6281283602694 → https://t.me/+jIlT6iUJfKBkMzBh → 加群失败：A wait of 1153 seconds is required (caused by ImportChatInviteRequest)
2022-06-02 09:19:58 → 6289635971327 → https://t.me/+Qz0ir67LdmQzODM9 → 加群失败：A wait of 1158 seconds is required (caused by ImportChatInviteRequest)
2022-06-02 09:20:01 → 601124042925 → https://t.me/joinchat/HHeAr1ELdNEOXqw3U8Ts0w → 加群失败：A wait of 1160 seconds is required (caused by ImportChatInviteRequest)
2022-06-02 09:20:10 → 6281283602694 → https://t.me/+in9IWOKmArs5ODg5 → 加群失败：A wait of 1136 seconds is required (caused by ImportChatInviteRequest)
2022-06-02 09:20:15 → 601124042925 → https://t.me/+Sh3VLTGHA9Q3YTdl → 加群失败：A wait of 1146 seconds is required (caused by ImportChatInviteRequest)
2022-06-02 09:20:18 → 6281283070774 → https://t.me/+XA-AFUSIJMBjY2Fh → 加群失败：A wait of 1126 seconds is required (caused by ImportChatInviteRequest)
2022-06-02 09:20:21 → 6281282996563 → https://t.me/+calyHe56Wm82OTg1 → 加群失败：A wait of 1133 seconds is required (caused by ImportChatInviteRequest)
2022-06-02 09:20:23 → 6289635971327 → https://t.me/ffcyx → 加群失败：A wait of 1133 seconds is required (caused by ImportChatInviteRequest)
2022-06-02 09:20:32 → 62895324567778 → https://t.me/+hdw-z80muVFjNzFl → 加群失败：A wait of 1126 seconds is required (caused by ImportChatInviteRequest)
2022-06-02 09:20:38 → 6281283602694 → https://t.me/+hG4evzI6ZJ84MTA5 → 加群失败：A wait of 1109 seconds is required (caused by ImportChatInviteRequest)
2022-06-02 09:20:40 → 6281283070774 → https://t.me/+IK9rvcCFpyA3YzI9 → 加群失败：A wait of 1104 seconds is required (caused by ImportChatInviteRequest)
2022-06-02 09:20:43 → 6289635971327 → https://t.me/+2hRtaNIomANhZjhl → 加群失败：A wait of 1113 seconds is required (caused by ImportChatInviteRequest)
2022-06-02 09:20:45 → 6281283602716 → https://t.me/+-HKE3ttySdAxMTk1 → 加群失败：A wait of 1120 seconds is required (caused by ImportChatInviteRequest)
2022-06-02 09:20:51 → 601124042925 → https://t.me/+zYJQMkPK-txmNTc1 → 加群失败：A wait of 1110 seconds is required (caused by ImportChatInviteRequest)
2022-06-02 09:20:59 → 6281282996563 → https://t.me/+YlMJYHBBe0M5ZmMx → 加群失败：A wait of 1095 seconds is required (caused by ImportChatInviteRequest)
2022-06-02 09:21:10 → 6289635971327 → https://t.me/+BrmgdJH6PSZkNTNh → 加群失败：A wait of 1087 seconds is required (caused by ImportChatInviteRequest)
2022-06-02 09:21:43 → 601124042925 → https://t.me/+vD11mXSl0Qo1NjBl → 加群失败：A wait of 1059 seconds is required (caused by ImportChatInviteRequest)
2022-06-02 09:22:47 → 6289635971327 → https://t.me/+StNEwMqEaUE2NmFl → 加群失败：A wait of 989 seconds is required (caused by ImportChatInviteRequest)
2022-06-02 09:24:59 → 6281283070774 → https://t.me/+LWL438ngyIQxZjQ1 → 加群失败：A wait of 846 seconds is required (caused by ImportChatInviteRequest)
2022-06-02 09:25:08 → 6289635971327 → https://t.me/+Qda8QNJzsX4yNjVl → 加群失败：A wait of 848 seconds is required (caused by ImportChatInviteRequest)
2022-06-02 09:25:48 → 6281283070774 → https://t.me/+iTHcPS00SzdhMTBh → 加群失败：A wait of 796 seconds is required (caused by ImportChatInviteRequest)
2022-06-02 09:26:07 → 6281283602694 → https://t.me/+0ooyBXIvunM2ODAx → 加群失败：A wait of 779 seconds is required (caused by ImportChatInviteRequest)
2022-06-02 09:26:44 → 601124042925 → https://t.me/+sUuj_TuH_nRhNjE1 → 加群失败：A wait of 757 seconds is required (caused by ImportChatInviteRequest)
2022-06-02 09:28:28 → 601124042925 → https://t.me/+n9nQhpEXAC0yNGU9 → 加群失败：A wait of 653 seconds is required (caused by ImportChatInviteRequest)
2022-06-02 09:29:34 → 6281283070774 → https://t.me/+BIb1nofuq6Q5NzY1 → 加群失败：A wait of 570 seconds is required (caused by ImportChatInviteRequest)
2022-06-02 09:31:08 → 6281283602716 → https://t.me/+rxfOqtxvW-4wNWVl → 加群失败：A wait of 497 seconds is required (caused by ImportChatInviteRequest)
2022-06-02 09:31:18 → 6281283602694 → https://t.me/+0kedKOuRB0o1NDMx → 加群失败：A wait of 468 seconds is required (caused by ImportChatInviteRequest)
2022-06-02 09:31:24 → 6289635971327 → https://t.me/+d704xN5CSodkN2Vh → 加群失败：A wait of 472 seconds is required (caused by ImportChatInviteRequest)
2022-06-02 09:31:32 → 6281283070774 → https://t.me/+-jAPlPqNLng3NTk1 → 加群失败：A wait of 452 seconds is required (caused by ImportChatInviteRequest)
2022-06-02 09:31:39 → 62895324567778 → https://t.me/+8RnTf-FOZT9iYzRl → 加群失败：A wait of 459 seconds is required (caused by ImportChatInviteRequest)
2022-06-02 09:31:45 → 6281283602716 → https://t.me/+xn2eYKH-rlI5N2E5 → 加群失败：A wait of 460 seconds is required (caused by ImportChatInviteRequest)
2022-06-02 09:31:53 → 6281282996563 → https://t.me/+2hRtaNIomANhZjhl → 加群失败：A wait of 441 seconds is required (caused by ImportChatInviteRequest)
2022-06-02 09:32:01 → 601124042925 → https://t.me/+HHlC3yukCdo0MjBh → 加群失败：A wait of 440 seconds is required (caused by ImportChatInviteRequest)
2022-06-02 09:32:16 → 62895324567778 → https://t.me/+wXJtiQoohfc2NDJl → 加群失败：A wait of 423 seconds is required (caused by ImportChatInviteRequest)
2022-06-02 09:32:21 → 6281283602694 → https://t.me/+j41eJz9SWtE2YjUx → 加群失败：A wait of 405 seconds is required (caused by ImportChatInviteRequest)
2022-06-02 09:32:28 → 6281283070774 → https://t.me/+MSzURb05WsVlZWYx → 加群失败：A wait of 396 seconds is required (caused by ImportChatInviteRequest)
2022-06-02 09:32:34 → 601124042925 → https://t.me/+BIb1nofuq6Q5NzY1 → 加群失败：A wait of 407 seconds is required (caused by ImportChatInviteRequest)
2022-06-02 09:32:41 → 6289635971327 → https://t.me/+APKLYqmdSclhZjU1 → 加群失败：A wait of 395 seconds is required (caused by ImportChatInviteRequest)
2022-06-02 09:32:47 → 6281283602716 → https://t.me/+oK6peJEVCBgzZjcx → 加群失败：A wait of 398 seconds is required (caused by ImportChatInviteRequest)
2022-06-02 09:32:55 → 6281282996563 → https://t.me/+1450TvdWFDg3ZDlh → 加群失败：A wait of 379 seconds is required (caused by ImportChatInviteRequest)
2022-06-02 09:33:10 → 62895324567778 → https://t.me/+X98YxeYTiqcxYzA9 → 加群失败：A wait of 368 seconds is required (caused by ImportChatInviteRequest)
2022-06-02 09:33:17 → 601124042925 → https://t.me/+BrmgdJH6PSZkNTNh → 加群失败：A wait of 364 seconds is required (caused by ImportChatInviteRequest)
2022-06-02 09:33:25 → 6281282996563 → https://t.me/+l7jVRdfrEh8wNWZh → 加群失败：A wait of 349 seconds is required (caused by ImportChatInviteRequest)
2022-06-02 09:33:33 → 6281283070774 → https://t.me/+GG2gvlA8M2s5Mjgx → 加群失败：A wait of 331 seconds is required (caused by ImportChatInviteRequest)
2022-06-02 09:33:40 → 6281283602716 → https://t.me/+spzhFF0zV5M1YjZh → 加群失败：A wait of 345 seconds is required (caused by ImportChatInviteRequest)
2022-06-02 09:33:46 → 6281283602694 → https://t.me/+YQtg80wqP5NlM2Nh → 加群失败：A wait of 320 seconds is required (caused by ImportChatInviteRequest)
2022-06-02 09:33:53 → 6289635971327 → https://t.me/+jxfLkeV_sRZlZjIx → 加群失败：A wait of 323 seconds is required (caused by ImportChatInviteRequest)
2022-06-02 09:34:07 → 6281283070774 → https://t.me/+BRUAa2sBGU0zOTQ1 → 加群失败：A wait of 297 seconds is required (caused by ImportChatInviteRequest)
2022-06-02 09:34:15 → 6281283602694 → https://t.me/+UDrX76uyYy82OWEx → 加群失败：A wait of 291 seconds is required (caused by ImportChatInviteRequest)
2022-06-02 09:34:23 → 6281283602716 → https://t.me/+apcxV30gu7M2MjI1 → 加群失败：A wait of 302 seconds is required (caused by ImportChatInviteRequest)
2022-06-02 09:34:29 → 601124042925 → https://t.me/+VZOVUsJ_CrRiNjI5 → 加群失败：A wait of 292 seconds is required (caused by ImportChatInviteRequest)
2022-06-02 09:34:37 → 6289635971327 → https://t.me/+4bOGsWK-7145MGQ1 → 加群失败：A wait of 279 seconds is required (caused by ImportChatInviteRequest)
2022-06-02 09:34:44 → 6281282996563 → https://t.me/+Sh3VLTGHA9Q3YTdl → 加群失败：A wait of 270 seconds is required (caused by ImportChatInviteRequest)
2022-06-02 09:34:50 → 62895324567778 → https://t.me/+40-bqGDev2g3NGZl → 加群失败：A wait of 268 seconds is required (caused by ImportChatInviteRequest)
2022-06-02 09:35:06 → 6289635971327 → https://t.me/+4O_dPR7XAcY5NGQ9 → 加群失败：A wait of 250 seconds is required (caused by ImportChatInviteRequest)
2022-06-02 09:35:13 → 62895324567778 → https://t.me/+jxQcjZH0KvRjY2Jl → 加群失败：A wait of 245 seconds is required (caused by ImportChatInviteRequest)
2022-06-02 09:35:22 → 6281283070774 → https://t.me/+-gQhQNg6UedmYzhh → 加群失败：A wait of 223 seconds is required (caused by ImportChatInviteRequest)
2022-06-02 09:35:30 → 6281282996563 → https://t.me/+n9nQhpEXAC0yNGU9 → 加群失败：A wait of 225 seconds is required (caused by ImportChatInviteRequest)
2022-06-02 09:35:37 → 6281283602716 → https://t.me/+Z11hDKptzFdjZDZh → 加群失败：A wait of 228 seconds is required (caused by ImportChatInviteRequest)
2022-06-02 09:35:45 → 601124042925 → https://t.me/+2jZp8I80mEIyOGY1 → 加群失败：A wait of 216 seconds is required (caused by ImportChatInviteRequest)
2022-06-02 09:35:53 → 6281283602694 → https://t.me/+PnwvxbcwQXVjYzE1 → 加群失败：A wait of 193 seconds is required (caused by ImportChatInviteRequest)
2022-06-02 09:36:09 → 6281283602716 → https://t.me/+SZP7LsqR8FI3ZjM1 → 加群失败：A wait of 197 seconds is required (caused by ImportChatInviteRequest)
2022-06-02 09:36:14 → 6281283070774 → https://t.me/+SEjcrJU4JuIyNzA1 → 加群失败：A wait of 170 seconds is required (caused by ImportChatInviteRequest)
2022-06-02 09:36:22 → 62895324567778 → https://t.me/+SIfSmDbixudkMzc1 → 加群失败：A wait of 176 seconds is required (caused by ImportChatInviteRequest)
2022-06-02 09:36:30 → 601124042925 → https://t.me/+hdw-z80muVFjNzFl → 加群失败：A wait of 171 seconds is required (caused by ImportChatInviteRequest)
2022-06-02 09:36:38 → 6281282996563 → https://t.me/+-HKE3ttySdAxMTk1 → 加群失败：A wait of 156 seconds is required (caused by ImportChatInviteRequest)
2022-06-02 09:36:45 → 6281283602694 → https://t.me/+W5n0MEy_bxMyMDFl → 加群失败：A wait of 141 seconds is required (caused by ImportChatInviteRequest)
2022-06-02 09:36:53 → 6289635971327 → https://t.me/+r4fE7rGC-tU3YWE1 → 加群失败：A wait of 143 seconds is required (caused by ImportChatInviteRequest)
2022-06-02 09:37:07 → 601124042925 → https://t.me/+Lh7Vg3j2HBA2ZWRl → 加群失败：A wait of 134 seconds is required (caused by ImportChatInviteRequest)
2022-06-02 09:37:14 → 6289635971327 → https://t.me/+H9LG2jzQBeA4NjMx → 加群失败：A wait of 122 seconds is required (caused by ImportChatInviteRequest)
2022-06-02 09:37:21 → 6281283070774 → https://t.me/+b8osyGrSdOhhZjE9 → 加群失败：A wait of 103 seconds is required (caused by ImportChatInviteRequest)
2022-06-02 09:37:28 → 6281283602716 → https://t.me/+EX5LLMSHNh9iYTQ1 → 加群失败：A wait of 117 seconds is required (caused by ImportChatInviteRequest)
2022-06-02 09:37:35 → 62895324567778 → https://t.me/+k7skOSclEXNkY2M1 → 加群失败：A wait of 103 seconds is required (caused by ImportChatInviteRequest)
2022-06-02 09:37:43 → 6281283602694 → https://t.me/+CM8QfiFJeng1OWM1 → 加群失败：A wait of 83 seconds is required (caused by ImportChatInviteRequest)
2022-06-02 09:37:49 → 6281282996563 → https://t.me/+EGVQeuIr3OU0NGI9 → 加群失败：A wait of 85 seconds is required (caused by ImportChatInviteRequest)
2022-06-02 09:38:02 → 6281283070774 → https://t.me/+q9iWwMyPl485YzE1 → 加群失败：A wait of 62 seconds is required (caused by ImportChatInviteRequest)
2022-06-02 09:38:09 → 6281283602716 → https://t.me/+K4hA5oTciaJhNTVl → 加群失败：A wait of 76 seconds is required (caused by ImportChatInviteRequest)
2022-06-02 09:39:14 → 6281282996563 → https://t.me/+uDADliAVzT84ZDRh → 加群失败：用户尝试加入的聊天已过期且不再有效（由 ImportChatInviteRequest 引起）
2022-06-02 09:39:21 → 6281283602694 → https://t.me/+hwGafTyi3tIxMzc1 → 加群失败：用户尝试加入的聊天已过期且不再有效（由 ImportChatInviteRequest 引起）
2022-06-02 09:39:27 → 6289635971327 → https://t.me/+67pYhAT5wPcxMDRl → 加群失败：用户尝试加入的聊天已过期且不再有效（由 ImportChatInviteRequest 引起）
2022-06-02 09:39:34 → 62895324567778 → https://t.me/+7NnqHySmWQM2ODU9 → 加群失败：用户尝试加入的聊天已过期且不再有效（由 ImportChatInviteRequest 引起）
2022-06-02 09:39:40 → 601124042925 → https://t.me/joinchat/EnHBggxtLiaKQHfI_9JPgw → 加群成功
2022-06-02 09:39:55 → 6281283070774 → https://t.me/+IK9rvcCFpyA3YzI9 → 加群失败：用户尝试加入的聊天已过期且不再有效（由 ImportChatInviteRequest 引起）
2022-06-02 09:40:01 → 6281282996563 → https://t.me/+noFSLnh4gzRmMWM1 → 加群失败：用户尝试加入的聊天已过期且不再有效（由 ImportChatInviteRequest 引起）
2022-06-02 09:40:09 → 601124042925 → https://t.me/+S58Sh-K2alY3Nzdl → 加群失败：用户尝试加入的聊天已过期且不再有效（由 ImportChatInviteRequest 引起）
2022-06-02 09:40:17 → 6289635971327 → https://t.me/+xRLKfhWedANiZGM1 → 加群失败：用户尝试加入的聊天已过期且不再有效（由 ImportChatInviteRequest 引起）
2022-06-02 09:40:24 → 6281283602716 → https://t.me/+n18k2BFJNDsxY2Fl → 加群失败：用户尝试加入的聊天已过期且不再有效（由 ImportChatInviteRequest 引起）
2022-06-02 09:40:31 → 6281283602694 → https://t.me/+5WmtAnMeZpIyMDhh → 加群失败：用户尝试加入的聊天已过期且不再有效（由 ImportChatInviteRequest 引起）
2022-06-02 09:40:39 → 62895324567778 → https://t.me/+4iQgzALLkPowZGFl → 加群失败：用户尝试加入的聊天已过期且不再有效（由 ImportChatInviteRequest 引起）
2022-06-02 09:40:54 → 6281283602716 → https://t.me/+G4deUBiLF0g3N2Ux → 加群失败：用户尝试加入的聊天已过期且不再有效（由 ImportChatInviteRequest 引起）
2022-06-02 09:41:01 → 601124042925 → https://t.me/+3YZdmBbfzH85MDll → 加群失败：用户尝试加入的聊天已过期且不再有效（由 ImportChatInviteRequest 引起）
2022-06-02 09:41:08 → 6281283070774 → https://t.me/+yB1tBXdqMKFkMGFl → 加群失败：用户尝试加入的聊天已过期且不再有效（由 ImportChatInviteRequest 引起）
2022-06-02 09:41:14 → 62895324567778 → https://t.me/+XOH9ZDrzo3I1MzI1 → 加群失败：用户尝试加入的聊天已过期且不再有效（由 ImportChatInviteRequest 引起）
2022-06-02 09:41:20 → 6281283602694 → https://t.me/+-J3EkxDRssplNmQx → 加群失败：用户尝试加入的聊天已过期且不再有效（由 ImportChatInviteRequest 引起）
2022-06-02 09:41:28 → 6281282996563 → https://t.me/+rUlOEDqXoIM4NDk9 → 加群失败：用户尝试加入的聊天已过期且不再有效（由 ImportChatInviteRequest 引起）
2022-06-02 09:41:36 → 6289635971327 → https://t.me/+feeRJoJYK0EzMTRl → 加群失败：用户尝试加入的聊天已过期且不再有效（由 ImportChatInviteRequest 引起）
2022-06-02 09:41:51 → 6281283070774 → https://t.me/+AGovixe_eoE4NDNh → 加群失败：用户尝试加入的聊天已过期且不再有效（由 ImportChatInviteRequest 引起）
2022-06-02 09:41:57 → 62895324567778 → https://t.me/+EFZfdCzTGu9iMzcx → 加群失败：用户尝试加入的聊天已过期且不再有效（由 ImportChatInviteRequest 引起）
2022-06-02 09:42:05 → 6289635971327 → https://t.me/+ULwwAMPXqG5iNTI1 → 加群失败：用户尝试加入的聊天已过期且不再有效（由 ImportChatInviteRequest 引起）
2022-06-02 09:42:11 → 601124042925 → https://t.me/+ftCy3AbJQ2FkZTdh → 加群失败：用户尝试加入的聊天已过期且不再有效（由 ImportChatInviteRequest 引起）
2022-06-02 09:42:19 → 6281283602716 → https://t.me/+xBZVwA_bkEY2N2Jl → 加群失败：用户尝试加入的聊天已过期且不再有效（由 ImportChatInviteRequest 引起）
2022-06-02 09:42:25 → 6281283602694 → https://t.me/+boGmQAE3JrBjNTNl → 加群失败：用户尝试加入的聊天已过期且不再有效（由 ImportChatInviteRequest 引起）
2022-06-02 09:42:33 → 6281282996563 → https://t.me/+DM9DYATWVQA2MTlh → 加群失败：用户尝试加入的聊天已过期且不再有效（由 ImportChatInviteRequest 引起）
2022-06-02 09:42:47 → 6289635971327 → https://t.me/+IgxjgT8EJP0wZGI1 → 加群失败：用户尝试加入的聊天已过期且不再有效（由 ImportChatInviteRequest 引起）
2022-06-02 09:42:54 → 62895324567778 → https://t.me/+dIyaD5HpDJY3Zjk9 → 加群失败：用户尝试加入的聊天已过期且不再有效（由 ImportChatInviteRequest 引起）
2022-06-02 09:43:00 → 6281283602716 → https://t.me/+bOgiT1uFp88xNmQ1 → 加群失败：用户尝试加入的聊天已过期且不再有效（由 ImportChatInviteRequest 引起）
2022-06-02 09:43:06 → 6281282996563 → https://t.me/+hG4evzI6ZJ84MTA5 → 加群失败：用户尝试加入的聊天已过期且不再有效（由 ImportChatInviteRequest 引起）
2022-06-02 09:43:13 → 6281283602694 → https://t.me/+lLRc1DnIS1JhYTc1 → 加群失败：用户尝试加入的聊天已过期且不再有效（由 ImportChatInviteRequest 引起）
2022-06-02 09:43:21 → 601124042925 → https://t.me/+Qhz0SfbvEQAzYmFl → 加群失败：用户尝试加入的聊天已过期且不再有效（由 ImportChatInviteRequest 引起）
2022-06-02 09:43:28 → 6281283070774 → https://t.me/+zt29tENcz2g4ODA1 → 加群失败：用户尝试加入的聊天已过期且不再有效（由 ImportChatInviteRequest 引起）
2022-06-02 09:44:28 → 6289635971327 → https://t.me/+KdYb4C34uoowMGJl → 加群失败：用户尝试加入的聊天已过期且不再有效（由 ImportChatInviteRequest 引起）
2022-06-02 09:44:36 → 6281283070774 → https://t.me/+cod7Oy_bjAg5NTk1 → 加群失败：用户尝试加入的聊天已过期且不再有效（由 ImportChatInviteRequest 引起）
2022-06-02 09:44:42 → 601124042925 → https://t.me/joinchat/c1irPtTz-KpmMzZl → 加群成功
2022-06-02 09:44:49 → 6281283602694 → https://t.me/+JfzYvmEW4bo0ZWRl → 加群失败：用户尝试加入的聊天已过期且不再有效（由 ImportChatInviteRequest 引起）
2022-06-02 09:44:57 → 6281282996563 → https://t.me/+4GYip2NBLOphOTVl → 加群失败：用户尝试加入的聊天已过期且不再有效（由 ImportChatInviteRequest 引起）
2022-06-02 09:45:05 → 62895324567778 → https://t.me/+-RvPwnYZ0fo2NzE1 → 加群失败：用户尝试加入的聊天已过期且不再有效（由 ImportChatInviteRequest 引起）
2022-06-02 09:45:11 → 6281283602716 → https://t.me/+in9IWOKmArs5ODg5 → 加群失败：用户尝试加入的聊天已过期且不再有效（由 ImportChatInviteRequest 引起）
2022-06-02 09:45:26 → 6281283602716 → https://t.me/+0vEKeyH-sKw5NzEx → 加群失败：用户尝试加入的聊天已过期且不再有效（由 ImportChatInviteRequest 引起）
2022-06-02 09:45:33 → 6281283602694 → https://t.me/+iTHcPS00SzdhMTBh → 加群失败：用户尝试加入的聊天已过期且不再有效（由 ImportChatInviteRequest 引起）
2022-06-02 09:45:39 → 601124042925 → https://t.me/+xWeQtRBfjOFkNTA1 → 加群失败：用户尝试加入的聊天已过期且不再有效（由 ImportChatInviteRequest 引起）
2022-06-02 09:45:46 → 6281282996563 → https://t.me/+5NQjNc_ygu1jYTYx → 加群失败：用户尝试加入的聊天已过期且不再有效（由 ImportChatInviteRequest 引起）
2022-06-02 09:45:55 → 6289635971327 → https://t.me/+aMl_xPUzLu80OGMx → 加群失败：用户尝试加入的聊天已过期且不再有效（由 ImportChatInviteRequest 引起）
2022-06-02 09:46:03 → 6281283070774 → https://t.me/+5gVajc77kDQ0NzI5 → 加群失败：用户尝试加入的聊天已过期且不再有效（由 ImportChatInviteRequest 引起）
2022-06-02 09:46:12 → 62895324567778 → https://t.me/+6SR7fONaaVJmNDMx → 加群失败：用户尝试加入的聊天已过期且不再有效（由 ImportChatInviteRequest 引起）
2022-06-02 09:46:26 → 6281282996563 → https://t.me/+A1-zdEEfAu03ZTFl → 加群失败：用户尝试加入的聊天已过期且不再有效（由 ImportChatInviteRequest 引起）
2022-06-02 09:46:33 → 62895324567778 → https://t.me/+MVMDI7oWzDczNmI1 → 加群失败：用户尝试加入的聊天已过期且不再有效（由 ImportChatInviteRequest 引起）
2022-06-02 09:46:40 → 6281283070774 → https://t.me/+AeKQBS5VnYFhZjdh → 加群失败：用户尝试加入的聊天已过期且不再有效（由 ImportChatInviteRequest 引起）
2022-06-02 09:46:48 → 6281283602716 → https://t.me/+07AqZIR1RH43MmY1 → 加群失败：用户尝试加入的聊天已过期且不再有效（由 ImportChatInviteRequest 引起）
2022-06-02 09:46:54 → 601124042925 → https://t.me/+owVJEPVLlZpiOGUx → 加群失败：用户尝试加入的聊天已过期且不再有效（由 ImportChatInviteRequest 引起）
2022-06-02 09:47:01 → 6281283602694 → https://t.me/+ZIUaM08xAIhkYmUx → 加群失败：用户尝试加入的聊天已过期且不再有效（由 ImportChatInviteRequest 引起）
2022-06-02 09:47:08 → 6289635971327 → https://t.me/+zYJQMkPK-txmNTc1 → 加群失败：用户尝试加入的聊天已过期且不再有效（由 ImportChatInviteRequest 引起）
2022-06-02 09:47:24 → 62895324567778 → https://t.me/+ZalvZqpTKQY5ZmVh → 加群失败：用户尝试加入的聊天已过期且不再有效（由 ImportChatInviteRequest 引起）
2022-06-02 09:47:29 → 6289635971327 → https://t.me/joinchat/HHeAr1ELdNEOXqw3U8Ts0w → 加群成功
2022-06-02 09:47:37 → 6281283070774 → https://t.me/+fAdS-xoI0zJiZTdh → 加群失败：用户尝试加入的聊天已过期且不再有效（由 ImportChatInviteRequest 引起）
2022-06-02 09:47:44 → 6281283602716 → https://t.me/+G-TP1oGwz_UzZTgx → 加群失败：用户尝试加入的聊天已过期且不再有效（由 ImportChatInviteRequest 引起）
2022-06-02 09:47:51 → 6281283602694 → https://t.me/+kF5YAHBQ7b8yMDVl → 加群失败：用户尝试加入的聊天已过期且不再有效（由 ImportChatInviteRequest 引起）
2022-06-02 09:47:57 → 6281282996563 → https://t.me/+IWYUKU0ocCcwYjMx → 加群失败：用户尝试加入的聊天已过期且不再有效（由 ImportChatInviteRequest 引起）
2022-06-02 09:48:04 → 601124042925 → https://t.me/+Rn0gXKwDBdZiMzhl → 加群失败：用户尝试加入的聊天已过期且不再有效（由 ImportChatInviteRequest 引起）
2022-06-02 09:48:18 → 601124042925 → https://t.me/+O75V72V3_f9mZDk1 → 加群失败：用户尝试加入的聊天已过期且不再有效（由 ImportChatInviteRequest 引起）
2022-06-02 09:48:24 → 6281282996563 → https://t.me/+X_itTArL40g1ZWI5 → 加群失败：用户尝试加入的聊天已过期且不再有效（由 ImportChatInviteRequest 引起）
2022-06-02 09:48:32 → 6289635971327 → https://t.me/+aQJcp5R0T3pkZGNl → 加群失败：用户尝试加入的聊天已过期且不再有效（由 ImportChatInviteRequest 引起）
2022-06-02 09:48:40 → 62895324567778 → https://t.me/+l1slk5dV5jE3ZjNl → 加群失败：用户尝试加入的聊天已过期且不再有效（由 ImportChatInviteRequest 引起）
2022-06-02 09:48:46 → 6281283602694 → https://t.me/+0jORkEcjJ0thZDk1 → 加群失败：用户尝试加入的聊天已过期且不再有效（由 ImportChatInviteRequest 引起）
2022-06-02 09:48:53 → 6281283070774 → https://t.me/+_co7YJMXqzliMzhh → 加群失败：用户尝试加入的聊天已过期且不再有效（由 ImportChatInviteRequest 引起）
2022-06-02 09:49:00 → 6281283602716 → https://t.me/+jIlT6iUJfKBkMzBh → 加群失败：用户尝试加入的聊天已过期且不再有效（由 ImportChatInviteRequest 引起）
2022-06-02 09:49:14 → 601124042925 → https://t.me/ffcyx → 加群失败：A wait of 1227 seconds is required (caused by ImportChatInviteRequest)
2022-06-02 09:49:22 → 6289635971327 → https://t.me/+NZfDxbAhxBRjMmZl → 加群失败：A wait of 1206 seconds is required (caused by ImportChatInviteRequest)
2022-06-02 09:49:29 → 6281282996563 → https://t.me/+kaP8DGgokxo4NGIx → 加群失败：A wait of 1186 seconds is required (caused by ImportChatInviteRequest)
2022-06-02 09:49:35 → 62895324567778 → https://t.me/+m7Ys3kdhOQ5jODQ1 → 加群失败：A wait of 1200 seconds is required (caused by ImportChatInviteRequest)
2022-06-02 09:49:43 → 6281283070774 → https://t.me/+mHS4ouK1WS81ODdl → 加群失败：用户尝试加入的聊天已过期且不再有效（由 ImportChatInviteRequest 引起）
2022-06-02 09:49:50 → 6281283602694 → https://t.me/+JMW3N_5fjeM5ODk1 → 加群失败：A wait of 1173 seconds is required (caused by ImportChatInviteRequest)
2022-06-02 09:49:57 → 6281283602716 → https://t.me/+gJ-eKM5QJ3YyNzc1 → 加群失败：用户尝试加入的聊天已过期且不再有效（由 ImportChatInviteRequest 引起）
2022-06-02 09:50:11 → 601124042925 → https://t.me/+HBDkiYv3Y9c2ODM1 → 加群失败：A wait of 1170 seconds is required (caused by ImportChatInviteRequest)
2022-06-02 09:50:18 → 62895324567778 → https://t.me/+sUuj_TuH_nRhNjE1 → 加群失败：A wait of 1157 seconds is required (caused by ImportChatInviteRequest)
2022-06-02 09:50:24 → 6281282996563 → https://t.me/+T-jYQLw4qHozZWU1 → 加群失败：A wait of 1131 seconds is required (caused by ImportChatInviteRequest)
2022-06-02 09:50:32 → 6289635971327 → https://t.me/+ULgadWScDkswN2Q1 → 加群失败：A wait of 1136 seconds is required (caused by ImportChatInviteRequest)
2022-06-02 09:50:40 → 6281283602716 → https://t.me/+1zXkNRlLObA1NGNl → 加群失败：A wait of 1184 seconds is required (caused by ImportChatInviteRequest)
2022-06-02 09:50:46 → 6281283602694 → https://t.me/+KqByXUbZl6wxM2Nh → 加群失败：A wait of 1116 seconds is required (caused by ImportChatInviteRequest)
2022-06-02 09:50:53 → 6281283070774 → https://t.me/+y1X1DHVWX6o0OWQx → 加群失败：A wait of 1143 seconds is required (caused by ImportChatInviteRequest)
2022-06-02 09:51:06 → 6281283602694 → https://t.me/+K5t6qDH-guk2ZmNl → 加群失败：A wait of 1096 seconds is required (caused by ImportChatInviteRequest)
2022-06-02 09:51:14 → 601124042925 → https://t.me/+WnFY9z024NdiODgx → 加群失败：A wait of 1107 seconds is required (caused by ImportChatInviteRequest)
2022-06-02 09:51:20 → 62895324567778 → https://t.me/+1s6PDJfhJ_45N2Mx → 加群失败：A wait of 1095 seconds is required (caused by ImportChatInviteRequest)
2022-06-02 09:51:26 → 6281282996563 → https://t.me/+E7EhI4J4t2BjMTdh → 加群失败：A wait of 1069 seconds is required (caused by ImportChatInviteRequest)
2022-06-02 09:51:33 → 6281283602716 → https://t.me/+So8ftQcz7V8xMTI5 → 加群失败：A wait of 1131 seconds is required (caused by ImportChatInviteRequest)
2022-06-02 09:51:41 → 6289635971327 → https://t.me/+F4cgrWsKrcRkMDA9 → 加群失败：A wait of 1067 seconds is required (caused by ImportChatInviteRequest)
2022-06-02 09:51:49 → 6281283070774 → https://t.me/+umxZ8YEpnEo2MWUx → 加群失败：A wait of 1088 seconds is required (caused by ImportChatInviteRequest)
2022-06-02 09:52:03 → 6281282996563 → https://t.me/+KV5UJvJFZadmZjVl → 加群失败：A wait of 1032 seconds is required (caused by ImportChatInviteRequest)
2022-06-02 09:52:11 → 601124042925 → https://t.me/+-ZBvuqf9AYtkM2Q5 → 加群失败：A wait of 1050 seconds is required (caused by ImportChatInviteRequest)
2022-06-02 09:52:18 → 6289635971327 → https://t.me/+f312-GXF6bI2NDc1 → 加群失败：A wait of 1030 seconds is required (caused by ImportChatInviteRequest)
2022-06-02 09:52:24 → 6281283602694 → https://t.me/+0ooyBXIvunM2ODAx → 加群失败：A wait of 1018 seconds is required (caused by ImportChatInviteRequest)
2022-06-02 09:52:31 → 62895324567778 → https://t.me/+tVzy-HX20kJiYWY1 → 加群失败：A wait of 1024 seconds is required (caused by ImportChatInviteRequest)
2022-06-02 09:52:38 → 6281283602716 → https://t.me/+xoa71RA8zRlkZWE1 → 加群失败：A wait of 1066 seconds is required (caused by ImportChatInviteRequest)
2022-06-02 09:52:45 → 6281283070774 → https://t.me/+-FuT5gvc2BwyNzg5 → 加群失败：A wait of 1031 seconds is required (caused by ImportChatInviteRequest)
2022-06-02 09:53:00 → 6289635971327 → https://t.me/+_cUk83u2c1JjNzY1 → 加群失败：A wait of 988 seconds is required (caused by ImportChatInviteRequest)
2022-06-02 09:53:06 → 601124042925 → https://t.me/+qi9K7Bo2Y8Y3ZWY9 → 加群失败：A wait of 995 seconds is required (caused by ImportChatInviteRequest)
2022-06-02 09:53:14 → 6281283070774 → https://t.me/+coJH9njcTFI3NGJh → 加群失败：A wait of 1002 seconds is required (caused by ImportChatInviteRequest)
2022-06-02 09:53:20 → 6281283602716 → https://t.me/+VwDoIE1fU34wNDRl → 加群失败：A wait of 1024 seconds is required (caused by ImportChatInviteRequest)
2022-06-02 09:53:26 → 6281282996563 → https://t.me/+9oE0N-acgdo0NTNl → 加群失败：A wait of 949 seconds is required (caused by ImportChatInviteRequest)
2022-06-02 09:53:32 → 6281283602694 → https://t.me/+SU2RmtTlLms1YWRl → 加群失败：A wait of 950 seconds is required (caused by ImportChatInviteRequest)
2022-06-02 09:53:38 → 62895324567778 → https://t.me/+iByuoW9T4aMzODVl → 加群失败：A wait of 957 seconds is required (caused by ImportChatInviteRequest)
2022-06-02 09:53:52 → 6281283070774 → https://t.me/+5qiD_XQNy8ozMmI1 → 加群失败：A wait of 965 seconds is required (caused by ImportChatInviteRequest)
2022-06-02 09:53:59 → 6281283602694 → https://t.me/+uFhQDDWC5a8xOTVh → 加群失败：A wait of 923 seconds is required (caused by ImportChatInviteRequest)
2022-06-02 09:54:06 → 6281282996563 → https://t.me/+C0RIb6Z0lM8xY2Q1 → 加群失败：A wait of 909 seconds is required (caused by ImportChatInviteRequest)
2022-06-02 09:54:12 → 62895324567778 → https://t.me/+QmtEDlDoYLlkMGVl → 加群失败：A wait of 923 seconds is required (caused by ImportChatInviteRequest)
2022-06-02 09:54:19 → 601124042925 → https://t.me/+Zp-g0nkCPK9lMzE1 → 加群失败：A wait of 922 seconds is required (caused by ImportChatInviteRequest)
2022-06-02 09:54:26 → 6281283602716 → https://t.me/+foThDdueBzYyOTVh → 加群失败：A wait of 958 seconds is required (caused by ImportChatInviteRequest)
2022-06-02 09:54:34 → 6289635971327 → https://t.me/+XA-AFUSIJMBjY2Fh → 加群失败：A wait of 894 seconds is required (caused by ImportChatInviteRequest)
2022-06-02 09:54:48 → 6289635971327 → https://t.me/+Iu_rhvEZnCVjMmNl → 加群失败：A wait of 880 seconds is required (caused by ImportChatInviteRequest)
2022-06-02 09:54:54 → 62895324567778 → https://t.me/+0VaQ-3CUGpBmZjQ1 → 加群失败：A wait of 881 seconds is required (caused by ImportChatInviteRequest)
2022-06-02 09:55:02 → 6281283070774 → https://t.me/joinchat/rDC8WhyDHDg0Yzhl → 加群失败：A wait of 894 seconds is required (caused by ImportChatInviteRequest)
2022-06-02 09:55:08 → 601124042925 → https://t.me/+G8wVDtrfGdI3ZTc9 → 加群失败：A wait of 873 seconds is required (caused by ImportChatInviteRequest)
2022-06-02 09:55:15 → 6281283602716 → https://t.me/+j1rD3RsKu2A5ZTJl → 加群失败：A wait of 909 seconds is required (caused by ImportChatInviteRequest)
2022-06-02 09:55:22 → 6281282996563 → https://t.me/+YlQkP6X2f11lZjlh → 加群失败：A wait of 833 seconds is required (caused by ImportChatInviteRequest)
2022-06-02 09:55:30 → 6281283602694 → https://t.me/+iBdNpf3vLzBkOTFl → 加群失败：A wait of 832 seconds is required (caused by ImportChatInviteRequest)
2022-06-02 09:55:43 → 6281283602694 → https://t.me/+StNEwMqEaUE2NmFl → 加群失败：A wait of 819 seconds is required (caused by ImportChatInviteRequest)
2022-06-02 09:55:51 → 6281283070774 → https://t.me/+t8N8djvNpMozYTUx → 加群失败：A wait of 845 seconds is required (caused by ImportChatInviteRequest)
2022-06-02 09:55:57 → 601124042925 → https://t.me/+REYpWO1e16djZDUx → 加群失败：A wait of 824 seconds is required (caused by ImportChatInviteRequest)
2022-06-02 09:56:03 → 6281283602716 → https://t.me/+Qda8QNJzsX4yNjVl → 加群失败：A wait of 861 seconds is required (caused by ImportChatInviteRequest)
2022-06-02 09:56:09 → 6281282996563 → https://t.me/+rxfOqtxvW-4wNWVl → 加群失败：A wait of 786 seconds is required (caused by ImportChatInviteRequest)
2022-06-02 09:56:15 → 62895324567778 → https://t.me/+XAPOpgfM36YxYTk1 → 加群失败：A wait of 800 seconds is required (caused by ImportChatInviteRequest)
2022-06-02 09:56:22 → 6289635971327 → https://t.me/+zjwd6Dobyb5hYWM1 → 加群失败：A wait of 786 seconds is required (caused by ImportChatInviteRequest)
2022-06-02 09:56:35 → 6281283602694 → https://t.me/wangbo28 → 加群失败：A wait of 767 seconds is required (caused by ImportChatInviteRequest)
2022-06-02 09:56:43 → 6289635971327 → https://t.me/+l_b3i7oqjn0zMWE1 → 加群失败：A wait of 765 seconds is required (caused by ImportChatInviteRequest)
2022-06-02 09:56:50 → 601124042925 → https://t.me/+cgctxddaCwxhYWM1 → 加群失败：A wait of 771 seconds is required (caused by ImportChatInviteRequest)
2022-06-02 09:56:56 → 6281283070774 → https://t.me/+pImQqG6kee4wZDYx → 加群失败：A wait of 780 seconds is required (caused by ImportChatInviteRequest)
2022-06-02 09:57:04 → 6281283602716 → https://t.me/+X1XfCzCulJplNzJl → 加群失败：A wait of 800 seconds is required (caused by ImportChatInviteRequest)
2022-06-02 09:57:12 → 62895324567778 → https://t.me/+jDogamSAXRJmNTJl → 加群失败：A wait of 743 seconds is required (caused by ImportChatInviteRequest)
2022-06-02 09:57:20 → 6281282996563 → https://t.me/+17GH_OvJ9tAwY2Vl → 加群失败：A wait of 715 seconds is required (caused by ImportChatInviteRequest)
2022-06-02 09:57:36 → 6281283070774 → https://t.me/+71ANa06F0wNmNmJl → 加群失败：A wait of 740 seconds is required (caused by ImportChatInviteRequest)
2022-06-02 09:57:43 → 6281283602716 → https://t.me/+qG8NTgtN0akxM2Ex → 加群失败：A wait of 761 seconds is required (caused by ImportChatInviteRequest)
2022-06-02 09:57:50 → 6289635971327 → https://t.me/+mXolrdPE2mxhNTdl → 加群失败：A wait of 698 seconds is required (caused by ImportChatInviteRequest)
2022-06-02 09:57:58 → 601124042925 → https://t.me/+mrJcyx4RlCoyZDE9 → 加群失败：A wait of 703 seconds is required (caused by ImportChatInviteRequest)
2022-06-02 09:58:06 → 6281282996563 → https://t.me/+YlMJYHBBe0M5ZmMx → 加群失败：A wait of 669 seconds is required (caused by ImportChatInviteRequest)
2022-06-02 09:58:14 → 62895324567778 → https://t.me/+mw6XSaYD2eFjYWQx → 加群失败：A wait of 681 seconds is required (caused by ImportChatInviteRequest)
2022-06-02 09:58:21 → 6281283602694 → https://t.me/+wUPu96w7BvQ3NTU1 → 加群失败：A wait of 661 seconds is required (caused by ImportChatInviteRequest)
2022-06-02 09:58:34 → 6281283070774 → https://t.me/+uc5k-JwziZU2MzVh → 加群失败：A wait of 682 seconds is required (caused by ImportChatInviteRequest)
2022-06-02 09:58:40 → 6289635971327 → https://t.me/+_sSpDH9vnQMwNjc9 → 加群失败：A wait of 648 seconds is required (caused by ImportChatInviteRequest)
2022-06-02 09:58:48 → 6281283602694 → https://t.me/+54gl7-9CGNExOTQx → 加群失败：A wait of 634 seconds is required (caused by ImportChatInviteRequest)
2022-06-02 09:58:55 → 6281282996563 → https://t.me/+Ykhdirg6NcNkYjAx → 加群失败：A wait of 620 seconds is required (caused by ImportChatInviteRequest)
2022-06-02 09:59:01 → 6281283602716 → https://t.me/+wyQoNDjjMBVjNDA1 → 加群失败：A wait of 683 seconds is required (caused by ImportChatInviteRequest)
2022-06-02 09:59:09 → 62895324567778 → https://t.me/+WgZhCn-jDiY2YjRl → 加群失败：A wait of 626 seconds is required (caused by ImportChatInviteRequest)
2022-06-02 09:59:16 → 601124042925 → https://t.me/+LqsBiT_T0DszOWI1 → 加群失败：A wait of 625 seconds is required (caused by ImportChatInviteRequest)
2022-06-02 09:59:32 → 6281282996563 → https://t.me/+UbxlM6GKynRhODk1 → 加群失败：A wait of 584 seconds is required (caused by ImportChatInviteRequest)
2022-06-02 09:59:39 → 6281283602694 → https://t.me/+p6YlZXi4WgU0Yzc1 → 加群失败：A wait of 583 seconds is required (caused by ImportChatInviteRequest)
2022-06-02 09:59:46 → 6281283070774 → https://t.me/+zAh3xoopIn4yYTU5 → 加群失败：A wait of 611 seconds is required (caused by ImportChatInviteRequest)
2022-06-02 09:59:52 → 62895324567778 → https://t.me/+jEJUf1tx9vw3Yjk1 → 加群失败：A wait of 583 seconds is required (caused by ImportChatInviteRequest)
2022-06-02 09:59:58 → 6289635971327 → https://t.me/+-bcWU8v_IGBjNDBl → 加群失败：A wait of 570 seconds is required (caused by ImportChatInviteRequest)
2022-06-02 10:00:05 → 6281283602716 → https://t.me/+BSga9DevIIg5YTQ1 → 加群失败：A wait of 619 seconds is required (caused by ImportChatInviteRequest)
2022-06-02 10:00:12 → 601124042925 → https://t.me/+_r_1ooupBRoxZTcx → 加群失败：A wait of 569 seconds is required (caused by ImportChatInviteRequest)
2022-06-02 10:00:27 → 6281282996563 → https://t.me/+LO5hAmiN4McyODU1 → 加群失败：A wait of 528 seconds is required (caused by ImportChatInviteRequest)
2022-06-02 10:00:34 → 6281283602716 → https://t.me/+qmuwWWOvrME0ODkx → 加群失败：A wait of 590 seconds is required (caused by ImportChatInviteRequest)
2022-06-02 10:00:41 → 6281283070774 → https://t.me/+rgxcUm5Dp35mYWI1 → 加群失败：A wait of 555 seconds is required (caused by ImportChatInviteRequest)
2022-06-02 10:00:47 → 6289635971327 → https://t.me/joinchat/ITSPv5Bor2M5NjY1 → 加群失败：A wait of 521 seconds is required (caused by ImportChatInviteRequest)
2022-06-02 10:00:53 → 6281283602694 → https://t.me/+2UbXwZlSXqxiMGIx → 加群失败：A wait of 509 seconds is required (caused by ImportChatInviteRequest)
2022-06-02 10:00:59 → 601124042925 → https://t.me/+calyHe56Wm82OTg1 → 加群失败：A wait of 522 seconds is required (caused by ImportChatInviteRequest)
2022-06-02 10:01:05 → 62895324567778 → https://t.me/+4t_ZnkZnBxJhYzcx → 加群失败：A wait of 510 seconds is required (caused by ImportChatInviteRequest)
2022-06-02 10:01:18 → 6281282996563 → https://t.me/+ssjAgSqpCLI0YzBh → 加群失败：A wait of 477 seconds is required (caused by ImportChatInviteRequest)
2022-06-02 10:01:26 → 6281283070774 → https://t.me/+B7AquUh1jWpkNjQx → 加群失败：A wait of 510 seconds is required (caused by ImportChatInviteRequest)
2022-06-02 10:01:32 → 62895324567778 → https://t.me/+ADL_14T-XG0yMmE5 → 加群失败：A wait of 483 seconds is required (caused by ImportChatInviteRequest)
2022-06-02 10:01:38 → 6289635971327 → https://t.me/+IMTe1XL2eRhmZTQ1 → 加群失败：A wait of 470 seconds is required (caused by ImportChatInviteRequest)
2022-06-02 10:01:45 → 6281283602716 → https://t.me/+WbJrXuE28703Zjdl → 加群失败：A wait of 519 seconds is required (caused by ImportChatInviteRequest)
2022-06-02 10:01:54 → 6281283602694 → https://t.me/+d8XzUzLwhhU1YWVl → 加群失败：A wait of 448 seconds is required (caused by ImportChatInviteRequest)
2022-06-02 10:02:01 → 601124042925 → https://t.me/+TkFX2Ws-6WliNjU9 → 加群失败：A wait of 460 seconds is required (caused by ImportChatInviteRequest)
2022-06-02 10:02:16 → 601124042925 → https://t.me/+b-oj8C33vKU1Yjdl → 加群失败：A wait of 445 seconds is required (caused by ImportChatInviteRequest)
2022-06-02 10:02:24 → 6281282996563 → https://t.me/+SvCI6c2XlcxlZjQx → 加群失败：A wait of 411 seconds is required (caused by ImportChatInviteRequest)
2022-06-02 10:02:32 → 6289635971327 → https://t.me/+hpMJRgdAs5AxMzg1 → 加群失败：A wait of 416 seconds is required (caused by ImportChatInviteRequest)
2022-06-02 10:02:38 → 6281283602694 → https://t.me/+vD11mXSl0Qo1NjBl → 加群失败：A wait of 404 seconds is required (caused by ImportChatInviteRequest)
2022-06-02 10:02:46 → 6281283070774 → https://t.me/+4-TIERdkNVVmY2Ix → 加群失败：A wait of 430 seconds is required (caused by ImportChatInviteRequest)
2022-06-02 10:02:54 → 62895324567778 → https://t.me/+Qz0ir67LdmQzODM9 → 加群失败：A wait of 401 seconds is required (caused by ImportChatInviteRequest)
2022-06-02 10:03:01 → 6281283602716 → https://t.me/+yTmSqvjL6MZhOGM1 → 加群失败：A wait of 443 seconds is required (caused by ImportChatInviteRequest)
2022-06-02 10:03:16 → 6281282996563 → https://t.me/+9aEGaULesLY4Nzlh → 加群失败：A wait of 359 seconds is required (caused by ImportChatInviteRequest)
2022-06-02 10:03:22 → 62895324567778 → https://t.me/+h2PiE1mN6nZmN2Vl → 加群失败：A wait of 373 seconds is required (caused by ImportChatInviteRequest)
2022-06-02 10:03:30 → 601124042925 → https://t.me/+YhkvVBH2sLNiMmJh → 加群失败：A wait of 371 seconds is required (caused by ImportChatInviteRequest)
2022-06-02 10:03:38 → 6281283602694 → https://t.me/+BqdPZFGv9QxjMWI1 → 加群失败：A wait of 344 seconds is required (caused by ImportChatInviteRequest)
2022-06-02 10:03:44 → 6281283602716 → https://t.me/+Gla_cs2FNi1kMjc1 → 加群失败：A wait of 400 seconds is required (caused by ImportChatInviteRequest)
2022-06-02 10:03:52 → 6281283070774 → https://t.me/+LWL438ngyIQxZjQ1 → 加群失败：A wait of 364 seconds is required (caused by ImportChatInviteRequest)
2022-06-02 10:03:58 → 6289635971327 → https://t.me/+3SrSrS52L785Yjg1 → 加群失败：A wait of 330 seconds is required (caused by ImportChatInviteRequest)
2022-06-02 10:04:11 → 6289635971327 → https://t.me/+dYHMcVJpbBwzMGQ1 → 加群失败：A wait of 317 seconds is required (caused by ImportChatInviteRequest)
2022-06-02 10:04:18 → 62895324567778 → https://t.me/+EsOVJtfj7FwyOWUx → 加群失败：A wait of 317 seconds is required (caused by ImportChatInviteRequest)
2022-06-02 10:04:26 → 6281282996563 → https://t.me/+pbakZSSRFjRhNGU1 → 加群失败：A wait of 289 seconds is required (caused by ImportChatInviteRequest)
2022-06-02 10:04:33 → 601124042925 → https://t.me/+sEzjSrHVucliNGE1 → 加群失败：A wait of 308 seconds is required (caused by ImportChatInviteRequest)
2022-06-02 10:04:39 → 6281283602694 → https://t.me/+HjBnsQsrMc44ZmNl → 加群失败：A wait of 283 seconds is required (caused by ImportChatInviteRequest)
2022-06-02 10:04:46 → 6281283070774 → https://t.me/+j8GV22yY5x5lM2Jh → 加群失败：A wait of 310 seconds is required (caused by ImportChatInviteRequest)
2022-06-02 10:04:52 → 6281283602716 → https://t.me/+zp8hQFMQsnIyYTdl → 加群失败：A wait of 332 seconds is required (caused by ImportChatInviteRequest)
2022-06-02 10:05:06 → 6281283602694 → https://t.me/+3gLBjcldb5E1NWY9 → 加群失败：A wait of 256 seconds is required (caused by ImportChatInviteRequest)
2022-06-02 10:05:13 → 6289635971327 → https://t.me/+PtpnKT2eF0BkN2Q9 → 加群失败：A wait of 255 seconds is required (caused by ImportChatInviteRequest)
2022-06-02 10:05:20 → 6281283070774 → https://t.me/+z-xgWFuhbXRiMmU1 → 加群失败：A wait of 276 seconds is required (caused by ImportChatInviteRequest)
2022-06-02 10:05:26 → 6281283602716 → https://t.me/+Ak8f4ofbKpEzYTU1 → 加群失败：A wait of 298 seconds is required (caused by ImportChatInviteRequest)
2022-06-02 10:05:32 → 62895324567778 → https://t.me/+YI3Dtp8InIthMmU5 → 加群失败：A wait of 243 seconds is required (caused by ImportChatInviteRequest)
2022-06-02 10:05:39 → 601124042925 → https://t.me/+Hu3nlzXur5djMzg1 → 加群失败：A wait of 242 seconds is required (caused by ImportChatInviteRequest)
2022-06-02 10:05:45 → 6281282996563 → https://t.me/+Vr3PW_vRaiY3YjFh → 加群失败：A wait of 210 seconds is required (caused by ImportChatInviteRequest)
2022-06-02 10:05:58 → 62895324567778 → https://t.me/+z9w5abx_AKI3ZDA1 → 加群失败：A wait of 217 seconds is required (caused by ImportChatInviteRequest)
2022-06-02 10:06:06 → 6281282996563 → https://t.me/+Xh2Sw8Abn_w0NzRl → 加群失败：A wait of 189 seconds is required (caused by ImportChatInviteRequest)
2022-06-02 10:06:14 → 6281283602716 → https://t.me/+XMeaKsmC7JU4NzA1 → 加群失败：A wait of 250 seconds is required (caused by ImportChatInviteRequest)
2022-06-02 10:25:21 → 6281283070774 → https://t.me/hi_Official_Chinese → 加群成功
2022-06-02 10:25:29 → 6281283602716 → https://t.me/TG55555555555 → 加群成功
2022-06-02 10:25:37 → 6289635971327 → https://t.me/dijia02 → 加群成功
2022-06-02 10:25:45 → 6281282996563 → https://t.me/sunshineyyds → 加群成功
2022-06-02 10:25:52 → 6281283602694 → https://t.me/az123818 → 加群成功
2022-06-02 10:26:00 → 601124042925 → https://t.me/light_up_comm → 加群成功
2022-06-02 10:26:09 → 62895324567778 → https://t.me/fw992 → 加群成功
2022-06-02 10:26:26 → 601124042925 → https://t.me/gif128 → 加群成功
2022-06-02 10:26:34 → 6281283602694 → https://t.me/btokcn_0014 → 加群成功
2022-06-02 10:26:38 → 6281283602694 → https://t.me/+h2PiE1mN6nZmN2Vl → 加群失败：用户尝试加入的聊天已过期且不再有效（由 ImportChatInviteRequest 引起）
2022-06-02 10:26:42 → 6281283070774 → https://t.me/ftx_chinese_official → 加群成功
2022-06-02 10:26:51 → 6281282996563 → https://t.me/zhifuo → 加群成功
2022-06-02 10:27:00 → 6289635971327 → https://t.me/cyj1188 → 加群失败：掉线/或官方销号
2022-06-02 10:27:07 → 62895324567778 → https://t.me/tiandeng88 → 加群失败：掉线/或官方销号
2022-06-02 10:27:14 → 6281283602716 → https://t.me/wangzhuanusdt → 加群失败：掉线/或官方销号
2022-06-02 10:27:25 → 60174313054 → https://t.me/+CM8QfiFJeng1OWM1 → 加群失败：用户尝试加入的聊天已过期且不再有效（由 ImportChatInviteRequest 引起）
2022-06-02 10:27:28 → 6281282996563 → https://t.me/monstainfinitechinese → 加群成功
2022-06-02 10:27:32 → 79528551823 → https://t.me/+xoa71RA8zRlkZWE1 → 加群失败：掉线/或官方销号
2022-06-02 10:27:38 → 79528551823 → https://t.me/wybf168168 → 加群失败：掉线/或官方销号
2022-06-02 10:27:39 → 919923144199 → https://t.me/+Gla_cs2FNi1kMjc1 → 加群失败：用户尝试加入的聊天已过期且不再有效（由 ImportChatInviteRequest 引起）
2022-06-02 10:27:43 → 601124036748 → https://t.me/haojing168 → 加群成功
2022-06-02 10:27:46 → 601124036748 → https://t.me/+EFZfdCzTGu9iMzcx → 加群失败：用户尝试加入的聊天已过期且不再有效（由 ImportChatInviteRequest 引起）
2022-06-02 10:27:51 → 917602129536 → https://t.me/officelearner → 加群成功
2022-06-02 10:27:57 → 917602129536 → https://t.me/+1zXkNRlLObA1NGNl → 加群失败：用户尝试加入的聊天已过期且不再有效（由 ImportChatInviteRequest 引起）
2022-06-02 10:28:02 → 919923144199 → https://t.me/chaguaner → 加群成功
2022-06-02 10:28:02 → 919901066213 → https://t.me/+_sSpDH9vnQMwNjc9 → 加群失败：掉线/或官方销号
2022-06-02 10:28:08 → 6281282996563 → https://t.me/+SEjcrJU4JuIyNzA1 → 加群失败：用户尝试加入的聊天已过期且不再有效（由 ImportChatInviteRequest 引起）
2022-06-02 10:28:13 → 919901066213 → https://t.me/pcptm → 加群失败：掉线/或官方销号
2022-06-02 10:28:20 → 60174313054 → https://t.me/biboxgroup → 加群成功
2022-06-02 10:28:25 → 60174313054 → https://t.me/+jDogamSAXRJmNTJl → 加群失败：用户尝试加入的聊天已过期且不再有效（由 ImportChatInviteRequest 引起）
2022-06-02 10:28:38 → 601124036748 → https://t.me/yidaoshou2 → 加群成功
2022-06-02 10:28:47 → 6281282996563 → https://t.me/Fkzy_Group → 加群成功
2022-06-02 10:28:55 → 60174313054 → https://t.me/xcarnival_chinese → 加群成功
2022-06-02 10:29:03 → 919923144199 → https://t.me/dibaicn → 加群失败：群组禁止访问
2022-06-02 10:29:09 → 917602129536 → https://t.me/guangdongyue → 加群失败：群组禁止访问
2022-06-02 10:29:23 → 60174313054 → https://t.me/avnrichchinese_chat → 加群成功
2022-06-02 10:29:31 → 919923144199 → https://t.me/aofexcn → 加群成功
2022-06-02 10:29:40 → 917602129536 → https://t.me/axujj → 加群失败：群组禁止访问
2022-06-02 10:29:47 → 601124036748 → https://t.me/network50_chat → 加群成功
2022-06-02 10:29:56 → 6281282996563 → https://t.me/szhkfun → 加群成功
2022-06-02 10:30:13 → 601124036748 → https://t.me/feihuaph → 加群成功
2022-06-02 10:30:21 → 919923144199 → https://t.me/gz3388 → 加群成功
2022-06-02 10:30:32 → 917602129536 → https://t.me/hoogroupchinese → 加群成功
2022-06-02 10:30:47 → 6281282996563 → https://t.me/zfb_qq → 加群成功
2022-06-02 10:30:54 → 6281282996563 → https://t.me/TG_King90 → 加群成功
2022-06-02 10:31:03 → 60174313054 → https://t.me/trj_shore001 → 加群成功
2022-06-02 10:31:33 → 6281282996563 → https://t.me/laowangdan → 加群成功
2022-06-02 10:31:41 → 919923144199 → https://t.me/ak99yunmlsxfgds → 加群失败：群组禁止访问
2022-06-02 10:31:48 → 601124036748 → https://t.me/myanmarcn → 加群成功
2022-06-02 10:31:49 → 60174313054 → https://t.me/+Lh7Vg3j2HBA2ZWRl → 加群失败：用户尝试加入的聊天已过期且不再有效（由 ImportChatInviteRequest 引起）
2022-06-02 10:31:55 → 917602129536 → https://t.me/+n18k2BFJNDsxY2Fl → 加群失败：用户尝试加入的聊天已过期且不再有效（由 ImportChatInviteRequest 引起）
2022-06-02 10:32:00 → 60174313054 → https://t.me/kkkttt369 → 加群成功
2022-06-02 10:32:00 → 6281282996563 → https://t.me/+-gQhQNg6UedmYzhh → 加群失败：用户尝试加入的聊天已过期且不再有效（由 ImportChatInviteRequest 引起）
2022-06-02 10:32:06 → 919923144199 → https://t.me/+t8N8djvNpMozYTUx → 加群失败：用户尝试加入的聊天已过期且不再有效（由 ImportChatInviteRequest 引起）
2022-06-02 10:32:09 → 917602129536 → https://t.me/HTCOLV → 加群成功
2022-06-02 10:32:13 → 601124036748 → https://t.me/+iBdNpf3vLzBkOTFl → 加群失败：用户尝试加入的聊天已过期且不再有效（由 ImportChatInviteRequest 引起）
2022-06-02 10:32:25 → 60174313054 → https://t.me/+zt29tENcz2g4ODA1 → 加群失败：用户尝试加入的聊天已过期且不再有效（由 ImportChatInviteRequest 引起）
2022-06-02 10:32:31 → 6281282996563 → https://t.me/hi_official_chinese → 加群成功
2022-06-02 10:32:34 → 6281282996563 → https://t.me/+aMl_xPUzLu80OGMx → 加群失败：用户尝试加入的聊天已过期且不再有效（由 ImportChatInviteRequest 引起）
2022-06-02 10:32:39 → 919923144199 → https://t.me/zscd1 → 加群成功
2022-06-02 10:32:41 → 917602129536 → https://t.me/+rgxcUm5Dp35mYWI1 → 加群失败：用户尝试加入的聊天已过期且不再有效（由 ImportChatInviteRequest 引起）
2022-06-02 10:32:47 → 919923144199 → https://t.me/+WnFY9z024NdiODgx → 加群失败：用户尝试加入的聊天已过期且不再有效（由 ImportChatInviteRequest 引起）
2022-06-02 10:32:49 → 601124036748 → https://t.me/TG110 → 加群成功
2022-06-02 10:32:57 → 917602129536 → https://t.me/FQ3P3 → 加群成功
2022-06-02 10:33:21 → 60174313054 → https://t.me/P541888888 → 加群成功
2022-06-02 10:33:37 → 601124036748 → https://t.me/AlipayJiFu → 加群成功
2022-06-02 10:33:45 → 917602129536 → https://t.me/BAOAA → 加群成功
2022-06-02 10:34:11 → 6281282996563 → https://t.me/cccccccxyyy → 加群成功
2022-06-02 10:34:19 → 60174313054 → https://t.me/TG006 → 加群成功
2022-06-02 10:34:35 → 601124036748 → https://t.me/botong002 → 加群成功
2022-06-02 10:34:43 → 919923144199 → https://t.me/olddrivercd → 加群成功
2022-06-02 10:34:51 → 6281282996563 → https://t.me/jiamidi → 加群失败：A wait of 1255 seconds is required (caused by JoinChannelRequest)
2022-06-02 10:34:52 → 6281282996563 → https://t.me/+EFZfdCzTGu9iMzcx → 加群失败：nothing to repeat at position 0
2022-06-02 10:34:57 → 917602129536 → https://t.me/paofen33 → 加群成功
2022-06-02 10:34:58 → 60174313054 → https://t.me/+dYHMcVJpbBwzMGQ1 → 加群失败：nothing to repeat at position 0
2022-06-02 10:35:04 → 601124036748 → https://t.me/+9aEGaULesLY4Nzlh → 加群失败：nothing to repeat at position 0
2022-06-02 10:35:07 → 60174313054 → https://t.me/daishou44 → 加群成功
2022-06-02 10:35:10 → 919923144199 → https://t.me/+BIb1nofuq6Q5NzY1 → 加群失败：nothing to repeat at position 0
2022-06-02 10:35:15 → 917602129536 → https://t.me/+uFhQDDWC5a8xOTVh → 加群失败：nothing to repeat at position 0
2022-06-02 10:35:23 → 6281282996563 → https://t.me/USTCtg → 加群失败：A wait of 1224 seconds is required (caused by JoinChannelRequest)
2022-06-02 10:35:28 → 601124036748 → https://t.me/+cod7Oy_bjAg5NTk1 → 加群失败：nothing to repeat at position 0
2022-06-02 10:35:29 → 919923144199 → https://t.me/tg_king80 → 加群成功
2022-06-02 10:35:34 → 60174313054 → https://t.me/+3YZdmBbfzH85MDll → 加群失败：nothing to repeat at position 0
2022-06-02 10:35:37 → 601124036748 → https://t.me/tsdb01 → 加群成功
2022-06-02 10:35:41 → 917602129536 → https://t.me/+zYJQMkPK-txmNTc1 → 加群失败：nothing to repeat at position 0
2022-06-02 10:35:45 → 60174313054 → https://t.me/MDhuaren1 → 加群成功
2022-06-02 10:35:46 → 919923144199 → https://t.me/+IWYUKU0ocCcwYjMx → 加群失败：nothing to repeat at position 0
2022-06-02 10:35:52 → 6281282996563 → https://t.me/joinchat/c1irPtTz-KpmMzZl → 加群失败：用户尝试加入的聊天已过期且不再有效（由 ImportChatInviteRequest 引起）
2022-06-02 10:35:53 → 60174313054 → https://t.me/sanfang53 → 加群成功
2022-06-02 10:36:01 → 917602129536 → https://t.me/three001 → 加群成功
2022-06-02 10:36:08 → 917602129536 → https://t.me/ml520 → 加群成功
2022-06-02 10:36:11 → 917602129536 → https://t.me/+-bcWU8v_IGBjNDBl → 加群失败：nothing to repeat at position 0
2022-06-02 10:36:17 → 601124036748 → https://t.me/+Lh7Vg3j2HBA2ZWRl → 加群失败：nothing to repeat at position 0
2022-06-02 10:36:24 → 60174313054 → https://t.me/+8RnTf-FOZT9iYzRl → 加群失败：nothing to repeat at position 0
2022-06-02 10:36:24 → 601124036748 → https://t.me/raicoincn → 加群成功
2022-06-02 10:36:31 → 6281282996563 → https://t.me/+54gl7-9CGNExOTQx → 加群失败：nothing to repeat at position 0
2022-06-02 10:36:32 → 917602129536 → https://t.me/bzzone → 加群失败：群组禁止访问
2022-06-02 10:36:38 → 919923144199 → https://t.me/+hpMJRgdAs5AxMzg1 → 加群失败：nothing to repeat at position 0
2022-06-02 10:36:38 → 60174313054 → https://t.me/qianmin → 加群失败：A wait of 1303 seconds is required (caused by JoinChannelRequest)
2022-06-02 10:36:44 → 6281282996563 → https://t.me/bozaiweb → 加群失败：A wait of 1142 seconds is required (caused by JoinChannelRequest)
2022-06-02 10:36:50 → 917602129536 → https://t.me/+kaP8DGgokxo4NGIx → 加群失败：nothing to repeat at position 0
2022-06-02 10:36:50 → 919923144199 → https://t.me/bkexchinese → 加群成功
2022-06-02 10:36:57 → 919923144199 → https://t.me/+GG2gvlA8M2s5Mjgx → 加群失败：nothing to repeat at position 0
2022-06-02 10:36:58 → 919923144199 → https://t.me/kaihesoft → 加群成功
2022-06-02 10:37:03 → 6281282996563 → https://t.me/+YlMJYHBBe0M5ZmMx → 加群失败：nothing to repeat at position 0
2022-06-02 10:37:09 → 60174313054 → https://t.me/+qG8NTgtN0akxM2Ex → 加群失败：nothing to repeat at position 0
2022-06-02 10:37:17 → 601124036748 → https://t.me/+gJ-eKM5QJ3YyNzc1 → 加群失败：nothing to repeat at position 0
2022-06-02 10:37:17 → 601124036748 → https://t.me/tg006 → 加群失败：A wait of 1227 seconds is required (caused by JoinChannelRequest)
2022-06-02 10:37:29 → 919923144199 → https://t.me/+1s6PDJfhJ_45N2Mx → 加群失败：nothing to repeat at position 0
2022-06-02 10:37:30 → 60174313054 → https://t.me/tianziusdt → 加群失败：A wait of 1251 seconds is required (caused by JoinChannelRequest)
2022-06-02 10:37:34 → 917602129536 → https://t.me/+Zp-g0nkCPK9lMzE1 → 加群失败：nothing to repeat at position 0
2022-06-02 10:37:36 → 6281282996563 → https://t.me/guminlaqun66 → 加群失败：A wait of 1090 seconds is required (caused by JoinChannelRequest)
2022-06-02 10:37:40 → 60174313054 → https://t.me/+wUPu96w7BvQ3NTU1 → 加群失败：nothing to repeat at position 0
2022-06-02 10:37:42 → 919923144199 → https://t.me/wwxcxinting → 加群成功
2022-06-02 10:37:45 → 6281282996563 → https://t.me/+l_b3i7oqjn0zMWE1 → 加群失败：nothing to repeat at position 0
2022-06-02 10:37:52 → 917602129536 → https://t.me/zzlsjbyq → 加群失败：群组禁止访问
2022-06-02 10:37:52 → 601124036748 → https://t.me/+2jZp8I80mEIyOGY1 → 加群失败：用户尝试加入的聊天已过期且不再有效（由 ImportChatInviteRequest 引起）
2022-06-02 10:38:04 → 6281282996563 → https://t.me/+XAPOpgfM36YxYTk1 → 加群失败：用户尝试加入的聊天已过期且不再有效（由 ImportChatInviteRequest 引起）
2022-06-02 10:38:06 → 919923144199 → https://t.me/a1313652 → 加群成功
2022-06-02 10:38:10 → 601124036748 → https://t.me/+b-oj8C33vKU1Yjdl → 加群失败：用户尝试加入的聊天已过期且不再有效（由 ImportChatInviteRequest 引起）
2022-06-02 10:38:14 → 601124036748 → https://t.me/gibxchange_cn → 加群失败：A wait of 1170 seconds is required (caused by JoinChannelRequest)
2022-06-02 10:38:16 → 919923144199 → https://t.me/+BrmgdJH6PSZkNTNh → 加群失败：用户尝试加入的聊天已过期且不再有效（由 ImportChatInviteRequest 引起）
2022-06-02 10:38:20 → 6281282996563 → https://t.me/mingmen520 → 加群失败：A wait of 1046 seconds is required (caused by JoinChannelRequest)
2022-06-02 10:38:21 → 60174313054 → https://t.me/joinchat/rDC8WhyDHDg0Yzhl → 加群成功
2022-06-02 10:38:26 → 917602129536 → https://t.me/chinadarknet → 加群成功
2022-06-02 10:38:29 → 917602129536 → https://t.me/+Xh2Sw8Abn_w0NzRl → 加群失败：用户尝试加入的聊天已过期且不再有效（由 ImportChatInviteRequest 引起）
2022-06-02 10:38:34 → 60174313054 → https://t.me/olddriver_gd → 加群失败：A wait of 1187 seconds is required (caused by JoinChannelRequest)
2022-06-02 10:38:42 → 6281282996563 → https://t.me/+hwGafTyi3tIxMzc1 → 加群失败：用户尝试加入的聊天已过期且不再有效（由 ImportChatInviteRequest 引起）
2022-06-02 10:38:48 → 60174313054 → https://t.me/huiguophp → 加群失败：A wait of 1174 seconds is required (caused by JoinChannelRequest)
2022-06-02 10:38:50 → 60174313054 → https://t.me/+KqByXUbZl6wxM2Nh → 加群失败：用户尝试加入的聊天已过期且不再有效（由 ImportChatInviteRequest 引起）
2022-06-02 10:38:53 → 6281282996563 → https://t.me/otcfl → 加群失败：A wait of 1013 seconds is required (caused by JoinChannelRequest)
2022-06-02 10:38:58 → 917602129536 → https://t.me/+O75V72V3_f9mZDk1 → 加群失败：用户尝试加入的聊天已过期且不再有效（由 ImportChatInviteRequest 引起）
2022-06-02 10:38:59 → 917602129536 → https://t.me/liuhedadui → 加群成功
2022-06-02 10:39:04 → 919923144199 → https://t.me/+4-TIERdkNVVmY2Ix → 加群失败：用户尝试加入的聊天已过期且不再有效（由 ImportChatInviteRequest 引起）
2022-06-02 10:39:07 → 919923144199 → https://t.me/xuanchengolddriver → 加群失败：群组禁止访问
2022-06-02 10:39:11 → 601124036748 → https://t.me/+-RvPwnYZ0fo2NzE1 → 加群失败：用户尝试加入的聊天已过期且不再有效（由 ImportChatInviteRequest 引起）
2022-06-02 10:39:13 → 601124036748 → https://t.me/huanqian35 → 加群失败：A wait of 1111 seconds is required (caused by JoinChannelRequest)
2022-06-02 10:39:26 → 6281282996563 → https://t.me/+4O_dPR7XAcY5NGQ9 → 加群失败：用户尝试加入的聊天已过期且不再有效（由 ImportChatInviteRequest 引起）
2022-06-02 10:39:27 → 919923144199 → https://t.me/tg8848community → 加群成功
2022-06-02 10:39:33 → 917602129536 → https://t.me/+PnwvxbcwQXVjYzE1 → 加群失败：用户尝试加入的聊天已过期且不再有效（由 ImportChatInviteRequest 引起）
2022-06-02 10:39:35 → 6281282996563 → https://t.me/KavaChinese → 加群失败：A wait of 971 seconds is required (caused by JoinChannelRequest)
2022-06-02 10:39:39 → 60174313054 → https://t.me/+Rn0gXKwDBdZiMzhl → 加群失败：用户尝试加入的聊天已过期且不再有效（由 ImportChatInviteRequest 引起）
2022-06-02 10:39:41 → 601124036748 → https://t.me/fg528 → 加群失败：A wait of 1083 seconds is required (caused by JoinChannelRequest)
2022-06-02 10:39:45 → 919923144199 → https://t.me/+X_itTArL40g1ZWI5 → 加群失败：用户尝试加入的聊天已过期且不再有效（由 ImportChatInviteRequest 引起）
2022-06-02 10:39:47 → 917602129536 → https://t.me/pionexcn → 加群失败：群组禁止访问
2022-06-02 10:39:52 → 601124036748 → https://t.me/+BRUAa2sBGU0zOTQ1 → 加群失败：用户尝试加入的聊天已过期且不再有效（由 ImportChatInviteRequest 引起）
2022-06-02 10:39:53 → 60174313054 → https://t.me/paofen315 → 加群失败：A wait of 1108 seconds is required (caused by JoinChannelRequest)
2022-06-02 10:40:07 → 919923144199 → https://t.me/quanqiushouhuo → 加群成功
2022-06-02 10:40:08 → 917602129536 → https://t.me/+5qiD_XQNy8ozMmI1 → 加群失败：用户尝试加入的聊天已过期且不再有效（由 ImportChatInviteRequest 引起）
2022-06-02 10:40:13 → 60174313054 → https://t.me/+pImQqG6kee4wZDYx → 加群失败：用户尝试加入的聊天已过期且不再有效（由 ImportChatInviteRequest 引起）
2022-06-02 10:40:15 → 917602129536 → https://t.me/goutuiclub → 加群失败：A wait of 621 seconds is required (caused by JoinChannelRequest)
2022-06-02 10:40:21 → 601124036748 → https://t.me/+YhkvVBH2sLNiMmJh → 加群失败：用户尝试加入的聊天已过期且不再有效（由 ImportChatInviteRequest 引起）
2022-06-02 10:40:21 → 60174313054 → https://t.me/ccv348 → 加群失败：A wait of 1080 seconds is required (caused by JoinChannelRequest)
2022-06-02 10:40:29 → 601124036748 → https://t.me/tg96110 → 加群失败：A wait of 1035 seconds is required (caused by JoinChannelRequest)
2022-06-02 10:40:29 → 919923144199 → https://t.me/+LO5hAmiN4McyODU1 → 加群成功
2022-06-02 10:40:34 → 6281282996563 → https://t.me/+jEJUf1tx9vw3Yjk1 → 加群成功
2022-06-02 10:40:40 → 6281282996563 → https://t.me/GouTuiClub → 加群失败：database is locked
2022-06-02 10:40:54 → 601124036748 → https://t.me/lkdxqf88 → 加群失败：A wait of 1011 seconds is required (caused by JoinChannelRequest)
2022-06-02 10:40:59 → 60174313054 → https://t.me/ysshuju1 → 加群失败：A wait of 1042 seconds is required (caused by JoinChannelRequest)
2022-06-02 10:41:00 → 601124036748 → https://t.me/+Ak8f4ofbKpEzYTU1 → 加群失败：A wait of 113 seconds is required (caused by ImportChatInviteRequest)
2022-06-02 10:41:07 → 917602129536 → https://t.me/+zjwd6Dobyb5hYWM1 → 加群成功
2022-06-02 10:41:43 → 6281282996563 → https://t.me/gaigangs → 加群失败：A wait of 843 seconds is required (caused by JoinChannelRequest)
2022-06-02 10:41:46 → 919923144199 → https://t.me/+z9w5abx_AKI3ZDA1 → 加群成功
2022-06-02 10:41:52 → 60174313054 → https://t.me/+VZOVUsJ_CrRiNjI5 → 加群成功
2022-06-02 10:41:56 → 601124036748 → https://t.me/YYL001 → 加群失败：A wait of 948 seconds is required (caused by JoinChannelRequest)
2022-06-02 10:42:02 → 917602129536 → https://t.me/dbjlq1 → 加群失败：A wait of 514 seconds is required (caused by JoinChannelRequest)
2022-06-02 10:42:08 → 6281282996563 → https://t.me/zaozhuang1 → 加群失败：A wait of 818 seconds is required (caused by JoinChannelRequest)
2022-06-02 10:42:15 → 919923144199 → https://t.me/liuxingsq → 加群失败：A wait of 546 seconds is required (caused by JoinChannelRequest)
2022-06-02 10:42:43 → 6281282996563 → https://t.me/doxchina → 加群失败：A wait of 783 seconds is required (caused by JoinChannelRequest)
2022-06-02 10:42:55 → 601124036748 → https://t.me/+p6YlZXi4WgU0Yzc1 → 加群成功
2022-06-02 10:43:00 → 919923144199 → https://t.me/tgyhzq → 加群失败：A wait of 500 seconds is required (caused by JoinChannelRequest)
2022-06-02 10:43:06 → 601124036748 → https://t.me/DBhuaren1 → 加群失败：A wait of 878 seconds is required (caused by JoinChannelRequest)
2022-06-02 10:43:09 → 6281282996563 → https://t.me/+wXJtiQoohfc2NDJl → 加群成功
2022-06-02 10:43:12 → 917602129536 → https://t.me/ai699 → 加群失败：A wait of 444 seconds is required (caused by JoinChannelRequest)
2022-06-02 10:43:26 → 919923144199 → https://t.me/HLS0002 → 加群失败：A wait of 475 seconds is required (caused by JoinChannelRequest)
2022-06-02 10:43:30 → 917602129536 → https://t.me/+uDADliAVzT84ZDRh → 加群成功
2022-06-02 10:43:44 → 6281282996563 → https://t.me/+YlQkP6X2f11lZjlh → 加群成功
2022-06-02 10:43:50 → 6281282996563 → https://t.me/homeassiant666 → 加群失败：A wait of 716 seconds is required (caused by JoinChannelRequest)
2022-06-02 10:43:51 → 60174313054 → https://t.me/+cgctxddaCwxhYWM1 → 加群成功
2022-06-02 10:43:58 → 60174313054 → https://t.me/fwbzy → 加群失败：A wait of 863 seconds is required (caused by JoinChannelRequest)
2022-06-02 10:43:58 → 917602129536 → https://t.me/+VwDoIE1fU34wNDRl → 加群成功
2022-06-02 10:44:04 → 601124036748 → https://t.me/zscd18 → 加群失败：A wait of 820 seconds is required (caused by JoinChannelRequest)
2022-06-02 10:44:05 → 601124036748 → https://t.me/+5NQjNc_ygu1jYTYx → 加群成功
2022-06-02 10:44:11 → 919923144199 → https://t.me/+y1X1DHVWX6o0OWQx → 加群成功
2022-06-02 10:44:33 → 6281282996563 → https://t.me/wuhpay → 加群失败：A wait of 673 seconds is required (caused by JoinChannelRequest)
2022-06-02 10:44:39 → 6281282996563 → https://t.me/+q9iWwMyPl485YzE1 → 加群失败：A wait of 810 seconds is required (caused by ImportChatInviteRequest)
2022-06-02 10:44:39 → 60174313054 → https://t.me/TGhuaren1 → 加群失败：A wait of 822 seconds is required (caused by JoinChannelRequest)
2022-06-02 10:44:46 → 60174313054 → https://t.me/wangbo28 → 加群失败：A wait of 760 seconds is required (caused by ImportChatInviteRequest)
2022-06-02 10:45:03 → 919923144199 → https://t.me/goutui → 加群失败：群组禁止访问
2022-06-02 10:45:16 → 917602129536 → https://t.me/paofen1688 → 加群失败：A wait of 320 seconds is required (caused by JoinChannelRequest)
2022-06-02 10:45:22 → 60174313054 → https://t.me/fastfish2 → 加群失败：A wait of 779 seconds is required (caused by JoinChannelRequest)
2022-06-02 10:45:28 → 601124036748 → https://t.me/huione888 → 加群失败：A wait of 737 seconds is required (caused by JoinChannelRequest)
2022-06-02 10:45:33 → 919923144199 → https://t.me/gdsjq → 加群失败：A wait of 347 seconds is required (caused by JoinChannelRequest)
2022-06-02 10:45:39 → 917602129536 → https://t.me/yangjiangchannel → 加群失败：A wait of 297 seconds is required (caused by JoinChannelRequest)
2022-06-02 10:45:45 → 919923144199 → https://t.me/wubuxianjingziyuan → 加群失败：A wait of 336 seconds is required (caused by JoinChannelRequest)
2022-06-02 11:04:10 → 6282133204171 → https://t.me/+5qiD_XQNy8ozMmI1 → 加群成功
2022-06-02 11:04:32 → 6282133206914 → https://t.me/+n18k2BFJNDsxY2Fl → 加群成功
2022-06-02 11:08:45 → 6282133204171 → https://t.me/+pbakZSSRFjRhNGU1 → 加群成功
2022-06-02 11:11:06 → 6282133204171 → https://t.me/+uFhQDDWC5a8xOTVh → 加群成功
2022-06-02 11:12:49 → 6282133206914 → https://t.me/+0ooyBXIvunM2ODAx → 加群失败：掉线/或官方销号
2022-06-02 11:17:06 → 6282133209426 → https://t.me/+Ykhdirg6NcNkYjAx → 加群成功
2022-06-02 11:20:49 → 6282133204171 → https://t.me/+Sh3VLTGHA9Q3YTdl → 加群成功
2022-06-02 11:22:44 → 6282133204171 → https://t.me/+SEjcrJU4JuIyNzA1 → 加群成功
2022-06-02 11:27:36 → 6282133204171 → https://t.me/+A1-zdEEfAu03ZTFl → 加群成功
2022-06-02 11:28:07 → 6282133209426 → https://t.me/+Xh2Sw8Abn_w0NzRl → 加群失败：掉线/或官方销号
2022-06-02 11:32:07 → 6282133209426 → https://t.me/+BqdPZFGv9QxjMWI1 → 加群失败：掉线/或官方销号
2022-06-02 11:53:55 → 6282133204171 → https://t.me/+xn2eYKH-rlI5N2E5 → 加群成功
2022-06-02 11:57:31 → 6282133204171 → https://t.me/+yTmSqvjL6MZhOGM1 → 加群成功
2022-06-02 13:35:55 → 6282133204171 → https://t.me/+-gQhQNg6UedmYzhh → 加群失败：https://t.me/+-gQhQNg6UedmYzhh 用户尝试加入的聊天已过期且不再有效（由 ImportChatInviteRequest 引起）
2022-06-02 13:38:38 → 6282133204171 → https://t.me/+VwDoIE1fU34wNDRl → 加群成功
2022-06-02 13:43:40 → 6282133204171 → https://t.me/+kaP8DGgokxo4NGIx → 加群成功
2022-06-02 13:47:41 → 6282133204171 → https://t.me/+17GH_OvJ9tAwY2Vl → 加群成功
2022-06-02 15:20:24 → 6282133204171 → https://t.me/+xBZVwA_bkEY2N2Jl → 加群成功
2022-06-02 15:29:04 → 6282133204171 → https://t.me/+qi9K7Bo2Y8Y3ZWY9 → 加群成功