
2022-06-20 09:32:55 → 62895324567778 → https://t.me/+YI3Dtp8InIthMmU5 → 加群失败：掉线/或官方销号
2022-06-20 09:33:30 → 919923144199 → https://t.me/+p6YlZXi4WgU0Yzc1 → 加群成功
2022-06-20 09:33:45 → 918373014962 → https://t.me/+Z11hDKptzFdjZDZh → 加群失败：掉线/或官方销号
2022-06-20 09:34:17 → 919901066213 → https://t.me/+1s6PDJfhJ_45N2Mx → 加群失败：掉线/或官方销号
2022-06-20 09:34:45 → 79528551823 → https://t.me/+G8wVDtrfGdI3ZTc9 → 加群失败：掉线/或官方销号
2022-06-20 09:34:56 → 916354850353 → https://t.me/+zjwd6Dobyb5hYWM1 → 加群失败：掉线/或官方销号
2022-06-20 09:35:14 → 918957222472 → https://t.me/+40-bqGDev2g3NGZl → 加群失败：掉线/或官方销号
2022-06-20 09:35:27 → 79917733379 → https://t.me/+-jAPlPqNLng3NTk1 → 加群失败：掉线/或官方销号
2022-06-20 09:35:47 → 918130663666 → https://t.me/+y1X1DHVWX6o0OWQx → 加群失败：掉线/或官方销号
2022-06-20 09:36:17 → 6281264848754 → https://t.me/+O75V72V3_f9mZDk1 → 加群失败：掉线/或官方销号
2022-06-20 09:36:54 → 919498170694 → https://t.me/+bOgiT1uFp88xNmQ1 → 加群失败：掉线/或官方销号
2022-06-20 09:37:16 → 5511961181940 → https://t.me/+f312-GXF6bI2NDc1 → 加群失败：掉线/或官方销号
2022-06-20 09:37:37 → 79773856754 → https://t.me/+feeRJoJYK0EzMTRl → 加群失败：掉线/或官方销号
2022-06-20 09:38:05 → 919564211044 → https://t.me/+in9IWOKmArs5ODg5 → 加群失败：掉线/或官方销号
2022-06-20 09:38:21 → 918538928111 → https://t.me/+Sh3VLTGHA9Q3YTdl → 加群失败：掉线/或官方销号
2022-06-20 09:38:54 → 919392786001 → https://t.me/+wXJtiQoohfc2NDJl → 加群失败：掉线/或官方销号
2022-06-20 09:39:01 → 6289635971327 → https://t.me/+jDogamSAXRJmNTJl → 加群失败：掉线/或官方销号
2022-06-20 09:39:17 → 6281283602716 → https://t.me/+2UbXwZlSXqxiMGIx → 加群失败：掉线/或官方销号
2022-06-20 09:39:36 → 918320325390 → https://t.me/+K5t6qDH-guk2ZmNl → 加群失败：掉线/或官方销号
2022-06-20 09:39:52 → 918867541264 → https://t.me/+_cUk83u2c1JjNzY1 → 加群失败：掉线/或官方销号
2022-06-20 09:40:23 → 6282133209426 → https://t.me/+cgctxddaCwxhYWM1 → 加群失败：掉线/或官方销号
2022-06-20 09:40:42 → 919923144199 → https://t.me/+fAdS-xoI0zJiZTdh → 加群失败：The authenticated user is already a participant of the chat (caused by ImportChatInviteRequest)
2022-06-20 09:41:21 → 919923144199 → https://t.me/+coJH9njcTFI3NGJh → 加群成功
2022-06-20 09:41:54 → 919923144199 → https://t.me/+JfzYvmEW4bo0ZWRl → 加群成功
2022-06-20 09:42:11 → 919923144199 → https://t.me/+BqdPZFGv9QxjMWI1 → 加群失败：https://t.me/+BqdPZFGv9QxjMWI1 用户尝试加入的聊天已过期且不再有效（由 ImportChatInviteRequest 引起）
2022-06-20 09:42:51 → 919923144199 → https://t.me/+KV5UJvJFZadmZjVl → 加群成功
2022-06-20 09:43:08 → 919923144199 → https://t.me/+b8osyGrSdOhhZjE9 → 加群失败：A wait of 155 seconds is required (caused by ImportChatInviteRequest)
2022-06-20 09:43:30 → 919923144199 → https://t.me/+0VaQ-3CUGpBmZjQ1 → 加群失败：A wait of 133 seconds is required (caused by ImportChatInviteRequest)
2022-06-20 09:44:14 → 919923144199 → https://t.me/+dYHMcVJpbBwzMGQ1 → 加群失败：A wait of 89 seconds is required (caused by ImportChatInviteRequest)
2022-06-20 09:46:05 → 919923144199 → https://t.me/+2hRtaNIomANhZjhl → 加群失败：The authenticated user is already a participant of the chat (caused by ImportChatInviteRequest)
2022-06-20 09:46:06 → 919923144199 → https://t.me/+AGovixe_eoE4NDNh → 加群成功
2022-06-20 09:46:38 → 919923144199 → https://t.me/+xoa71RA8zRlkZWE1 → 加群失败：The authenticated user is already a participant of the chat (caused by ImportChatInviteRequest)
2022-06-20 09:47:09 → 919923144199 → https://t.me/+0kedKOuRB0o1NDMx → 加群失败：A wait of 982 seconds is required (caused by ImportChatInviteRequest)
2022-06-20 09:47:41 → 919923144199 → https://t.me/+Lh7Vg3j2HBA2ZWRl → 加群失败：A wait of 950 seconds is required (caused by ImportChatInviteRequest)
2022-06-20 09:47:58 → 919923144199 → https://t.me/+l_b3i7oqjn0zMWE1 → 加群失败：A wait of 933 seconds is required (caused by ImportChatInviteRequest)
2022-06-20 09:48:27 → 919923144199 → https://t.me/+Zp-g0nkCPK9lMzE1 → 加群失败：A wait of 904 seconds is required (caused by ImportChatInviteRequest)
2022-06-20 09:49:02 → 919923144199 → https://t.me/+H9LG2jzQBeA4NjMx → 加群失败：A wait of 869 seconds is required (caused by ImportChatInviteRequest)
2022-06-20 09:49:44 → 919923144199 → https://t.me/+WbJrXuE28703Zjdl → 加群失败：A wait of 827 seconds is required (caused by ImportChatInviteRequest)
2022-06-20 09:49:58 → 919923144199 → https://t.me/+iByuoW9T4aMzODVl → 加群失败：A wait of 813 seconds is required (caused by ImportChatInviteRequest)
2022-06-20 09:50:22 → 919923144199 → https://t.me/+HBDkiYv3Y9c2ODM1 → 加群失败：A wait of 789 seconds is required (caused by ImportChatInviteRequest)
2022-06-20 09:50:46 → 919923144199 → https://t.me/+07AqZIR1RH43MmY1 → 加群失败：A wait of 765 seconds is required (caused by ImportChatInviteRequest)
2022-06-20 09:51:07 → 919923144199 → https://t.me/+SvCI6c2XlcxlZjQx → 加群失败：A wait of 744 seconds is required (caused by ImportChatInviteRequest)
2022-06-20 09:51:41 → 919923144199 → https://t.me/+IWYUKU0ocCcwYjMx → 加群失败：A wait of 710 seconds is required (caused by ImportChatInviteRequest)
2022-06-20 09:52:00 → 919923144199 → https://t.me/+Hu3nlzXur5djMzg1 → 加群失败：A wait of 691 seconds is required (caused by ImportChatInviteRequest)
2022-06-20 09:52:45 → 919923144199 → https://t.me/+ULwwAMPXqG5iNTI1 → 加群失败：A wait of 647 seconds is required (caused by ImportChatInviteRequest)
2022-06-20 09:53:12 → 919923144199 → https://t.me/+mXolrdPE2mxhNTdl → 加群失败：A wait of 619 seconds is required (caused by ImportChatInviteRequest)
2022-06-20 09:53:54 → 919923144199 → https://t.me/+Ak8f4ofbKpEzYTU1 → 加群失败：A wait of 577 seconds is required (caused by ImportChatInviteRequest)
2022-06-20 09:54:29 → 919923144199 → https://t.me/+umxZ8YEpnEo2MWUx → 加群失败：A wait of 542 seconds is required (caused by ImportChatInviteRequest)
2022-06-20 09:55:08 → 919923144199 → https://t.me/+d8XzUzLwhhU1YWVl → 加群失败：A wait of 503 seconds is required (caused by ImportChatInviteRequest)
2022-06-20 09:55:50 → 919923144199 → https://t.me/+4bOGsWK-7145MGQ1 → 加群失败：A wait of 461 seconds is required (caused by ImportChatInviteRequest)
2022-06-20 09:56:16 → 919923144199 → https://t.me/+VZOVUsJ_CrRiNjI5 → 加群失败：A wait of 435 seconds is required (caused by ImportChatInviteRequest)
2022-06-20 09:56:40 → 919923144199 → https://t.me/+Xh2Sw8Abn_w0NzRl → 加群失败：A wait of 411 seconds is required (caused by ImportChatInviteRequest)
2022-06-20 09:57:01 → 919923144199 → https://t.me/+54gl7-9CGNExOTQx → 加群失败：A wait of 391 seconds is required (caused by ImportChatInviteRequest)
2022-06-20 09:57:31 → 919923144199 → https://t.me/+kF5YAHBQ7b8yMDVl → 加群失败：A wait of 360 seconds is required (caused by ImportChatInviteRequest)
2022-06-20 09:58:07 → 919923144199 → https://t.me/+GG2gvlA8M2s5Mjgx → 加群失败：A wait of 324 seconds is required (caused by ImportChatInviteRequest)
2022-06-20 09:58:34 → 919923144199 → https://t.me/+cod7Oy_bjAg5NTk1 → 加群失败：A wait of 297 seconds is required (caused by ImportChatInviteRequest)
2022-06-20 09:58:59 → 919923144199 → https://t.me/+rxfOqtxvW-4wNWVl → 加群失败：A wait of 272 seconds is required (caused by ImportChatInviteRequest)
2022-06-20 09:59:30 → 919923144199 → https://t.me/+1zXkNRlLObA1NGNl → 加群失败：A wait of 241 seconds is required (caused by ImportChatInviteRequest)
2022-06-20 10:00:12 → 919923144199 → https://t.me/+IMTe1XL2eRhmZTQ1 → 加群失败：A wait of 199 seconds is required (caused by ImportChatInviteRequest)
2022-06-20 10:00:41 → 919923144199 → https://t.me/+iBdNpf3vLzBkOTFl → 加群失败：A wait of 170 seconds is required (caused by ImportChatInviteRequest)
2022-06-20 10:01:23 → 919923144199 → https://t.me/+xRLKfhWedANiZGM1 → 加群失败：A wait of 128 seconds is required (caused by ImportChatInviteRequest)
2022-06-20 10:01:44 → 919923144199 → https://t.me/+MVMDI7oWzDczNmI1 → 加群失败：A wait of 107 seconds is required (caused by ImportChatInviteRequest)
2022-06-20 10:02:28 → 919923144199 → https://t.me/joinchat/EnHBggxtLiaKQHfI_9JPgw → 加群失败：A wait of 63 seconds is required (caused by ImportChatInviteRequest)
2022-06-20 10:03:51 → 919923144199 → https://t.me/joinchat/HHeAr1ELdNEOXqw3U8Ts0w → 加群失败：https://t.me/joinchat/HHeAr1ELdNEOXqw3U8Ts0w 用户尝试加入的聊天已过期且不再有效（由 ImportChatInviteRequest 引起）
2022-06-20 10:04:05 → 919923144199 → https://t.me/joinchat/c1irPtTz-KpmMzZl → 加群失败：The authenticated user is already a participant of the chat (caused by ImportChatInviteRequest)
2022-06-20 10:04:45 → 919923144199 → https://t.me/+67pYhAT5wPcxMDRl → 加群失败：The authenticated user is already a participant of the chat (caused by ImportChatInviteRequest)
2022-06-20 10:05:04 → 919923144199 → https://t.me/+7NnqHySmWQM2ODU9 → 加群成功
2022-06-20 10:05:34 → 919923144199 → https://t.me/+dIyaD5HpDJY3Zjk9 → 加群失败：A wait of 178 seconds is required (caused by ImportChatInviteRequest)
2022-06-20 10:06:03 → 919923144199 → https://t.me/+uDADliAVzT84ZDRh → 加群失败：A wait of 149 seconds is required (caused by ImportChatInviteRequest)
2022-06-20 19:18:00 → 6282311464231 → https://t.me/+wXJtiQoohfc2NDJl → 加群成功
2022-06-20 19:18:37 → 6283877463360 → https://t.me/+lLRc1DnIS1JhYTc1 → 加群成功
2022-06-20 19:18:50 → 6285973052096 → https://t.me/+hG4evzI6ZJ84MTA5 → 加群失败：掉线/或官方销号
2022-06-20 19:19:00 → 62881011274237 → https://t.me/+f312-GXF6bI2NDc1 → 加群成功
2022-06-20 19:19:24 → 6281247516606 → https://t.me/+n9nQhpEXAC0yNGU9 → 加群成功
2022-06-20 19:19:41 → 6281372176066 → https://t.me/+coJH9njcTFI3NGJh → 加群成功
2022-06-20 19:20:15 → 6282268584651 → https://t.me/+t8N8djvNpMozYTUx → 加群成功
2022-06-20 19:20:34 → 6281270146939 → https://t.me/+5NQjNc_ygu1jYTYx → 加群成功
2022-06-20 19:20:54 → 6281382139150 → https://t.me/+YhkvVBH2sLNiMmJh → 加群失败：掉线/或官方销号
2022-06-20 19:21:21 → 6282185500698 → https://t.me/+QmtEDlDoYLlkMGVl → 加群成功
2022-06-20 19:21:30 → 6283845302886 → https://t.me/+p6YlZXi4WgU0Yzc1 → 加群失败：掉线/或官方销号
2022-06-20 19:21:46 → 6282143309506 → https://t.me/+-jAPlPqNLng3NTk1 → 加群失败：https://t.me/+-jAPlPqNLng3NTk1 用户尝试加入的聊天已过期且不再有效（由 ImportChatInviteRequest 引起）
2022-06-20 19:21:59 → 6281253637727 → https://t.me/+_co7YJMXqzliMzhh → 加群成功
2022-06-20 19:22:21 → 62881011002032 → https://t.me/+feeRJoJYK0EzMTRl → 加群成功
2022-06-20 19:22:54 → 6287803187488 → https://t.me/+-bcWU8v_IGBjNDBl → 加群失败：https://t.me/+-bcWU8v_IGBjNDBl 用户尝试加入的聊天已过期且不再有效（由 ImportChatInviteRequest 引起）
2022-06-20 19:23:28 → 6288218733142 → https://t.me/+xBZVwA_bkEY2N2Jl → 加群成功
2022-06-20 19:23:35 → 6281252013316 → https://t.me/+71ANa06F0wNmNmJl → 加群成功
2022-06-20 19:23:50 → 6281252014638 → https://t.me/+cgctxddaCwxhYWM1 → 加群成功
2022-06-20 19:24:11 → 6281382130147 → https://t.me/+jDogamSAXRJmNTJl → 加群成功
2022-06-20 19:24:26 → 6283841140624 → https://t.me/+EsOVJtfj7FwyOWUx → 加群失败：掉线/或官方销号
2022-06-20 19:24:50 → 6285349457363 → https://t.me/+d704xN5CSodkN2Vh → 加群成功
2022-06-20 19:25:25 → 6282311464231 → https://t.me/+zAh3xoopIn4yYTU5 → 加群成功
2022-06-20 19:25:37 → 6281252013316 → https://t.me/+YI3Dtp8InIthMmU5 → 加群成功
2022-06-20 19:25:47 → 6288218733142 → https://t.me/+dIyaD5HpDJY3Zjk9 → 加群成功
2022-06-20 19:25:55 → 6281372176066 → https://t.me/+K4hA5oTciaJhNTVl → 加群失败：掉线/或官方销号
2022-06-20 19:26:21 → 6283877463360 → https://t.me/+gJ-eKM5QJ3YyNzc1 → 加群失败：掉线/或官方销号
2022-06-20 19:26:37 → 6281253637727 → https://t.me/+ftCy3AbJQ2FkZTdh → 加群失败：掉线/或官方销号
2022-06-20 19:26:59 → 6281270146939 → https://t.me/+WbJrXuE28703Zjdl → 加群成功
2022-06-20 19:27:34 → 6282143309506 → https://t.me/+54gl7-9CGNExOTQx → 加群成功
2022-06-20 19:28:03 → 62881011274237 → https://t.me/+9aEGaULesLY4Nzlh → 加群失败：掉线/或官方销号
2022-06-20 19:28:15 → 62881011002032 → https://t.me/+-FuT5gvc2BwyNzg5 → 加群失败：掉线/或官方销号
2022-06-20 19:28:28 → 6282185500698 → https://t.me/+T-jYQLw4qHozZWU1 → 加群成功
2022-06-20 19:28:43 → 6282268584651 → https://t.me/+jEJUf1tx9vw3Yjk1 → 加群成功
2022-06-20 19:29:04 → 6287803187488 → https://t.me/+MSzURb05WsVlZWYx → 加群成功
2022-06-20 19:29:24 → 6281247516606 → https://t.me/+l_b3i7oqjn0zMWE1 → 加群成功
2022-06-20 19:29:33 → 6281382130147 → https://t.me/+4GYip2NBLOphOTVl → 加群成功
2022-06-20 19:29:45 → 6281252014638 → https://t.me/+aQJcp5R0T3pkZGNl → 加群成功
2022-06-20 19:30:17 → 6285349457363 → https://t.me/+ADL_14T-XG0yMmE5 → 加群成功
2022-06-20 19:30:47 → 6281252013316 → https://t.me/+Qda8QNJzsX4yNjVl → 加群成功
2022-06-20 19:31:20 → 6287803187488 → https://t.me/+2hRtaNIomANhZjhl → 加群成功
2022-06-20 19:31:29 → 6285349457363 → https://t.me/+mXolrdPE2mxhNTdl → 加群成功
2022-06-20 19:32:07 → 6281382130147 → https://t.me/+O75V72V3_f9mZDk1 → 加群成功
2022-06-20 19:32:26 → 6282143309506 → https://t.me/+1s6PDJfhJ_45N2Mx → 加群成功
2022-06-20 19:32:49 → 6282311464231 → https://t.me/joinchat/c1irPtTz-KpmMzZl → 加群成功
2022-06-20 19:33:13 → 6281252014638 → https://t.me/+5WmtAnMeZpIyMDhh → 加群成功
2022-06-20 19:33:24 → 6281247516606 → https://t.me/+PtpnKT2eF0BkN2Q9 → 加群成功
2022-06-20 19:33:50 → 6281270146939 → https://t.me/+CM8QfiFJeng1OWM1 → 加群成功
2022-06-20 19:34:08 → 6288218733142 → https://t.me/+XA-AFUSIJMBjY2Fh → 加群失败：https://t.me/+XA-AFUSIJMBjY2Fh 用户尝试加入的聊天已过期且不再有效（由 ImportChatInviteRequest 引起）
2022-06-20 19:34:42 → 6282268584651 → https://t.me/+4t_ZnkZnBxJhYzcx → 加群成功
2022-06-20 19:35:13 → 6282185500698 → https://t.me/+wyQoNDjjMBVjNDA1 → 加群成功
2022-06-20 19:35:40 → 6281382130147 → https://t.me/+XMeaKsmC7JU4NzA1 → 加群失败：https://t.me/+XMeaKsmC7JU4NzA1 用户尝试加入的聊天已过期且不再有效（由 ImportChatInviteRequest 引起）
2022-06-20 19:35:48 → 6282311464231 → https://t.me/+z9w5abx_AKI3ZDA1 → 加群成功
2022-06-20 19:36:11 → 6287803187488 → https://t.me/+VZOVUsJ_CrRiNjI5 → 加群成功
2022-06-20 19:36:36 → 6281247516606 → https://t.me/+4O_dPR7XAcY5NGQ9 → 加群成功
2022-06-20 19:37:13 → 6285349457363 → https://t.me/+3SrSrS52L785Yjg1 → 加群成功
2022-06-20 19:37:27 → 6281252014638 → https://t.me/+A1-zdEEfAu03ZTFl → 加群成功
2022-06-20 19:37:47 → 6282143309506 → https://t.me/+mHS4ouK1WS81ODdl → 加群成功
2022-06-20 19:38:13 → 6281270146939 → https://t.me/+hdw-z80muVFjNzFl → 加群成功
2022-06-20 19:38:34 → 6282185500698 → https://t.me/+fAdS-xoI0zJiZTdh → 加群成功
2022-06-20 19:39:12 → 6288218733142 → https://t.me/+WnFY9z024NdiODgx → 加群成功
2022-06-20 19:39:24 → 6282268584651 → https://t.me/+r4fE7rGC-tU3YWE1 → 加群成功
2022-06-20 19:39:48 → 6281252013316 → https://t.me/+B7AquUh1jWpkNjQx → 加群成功
2022-06-20 19:40:12 → 6282268584651 → https://t.me/+dYHMcVJpbBwzMGQ1 → 加群成功
2022-06-20 19:40:45 → 6288218733142 → https://t.me/+SU2RmtTlLms1YWRl → 加群成功
2022-06-20 19:40:58 → 6281247516606 → https://t.me/+l7jVRdfrEh8wNWZh → 加群成功
2022-06-20 19:41:27 → 6282185500698 → https://t.me/+BIb1nofuq6Q5NzY1 → 加群成功
2022-06-20 19:41:56 → 6285349457363 → https://t.me/+VwDoIE1fU34wNDRl → 加群失败：https://t.me/+VwDoIE1fU34wNDRl 用户尝试加入的聊天已过期且不再有效（由 ImportChatInviteRequest 引起）
2022-06-20 19:42:24 → 6281252013316 → https://t.me/+owVJEPVLlZpiOGUx → 加群成功
2022-06-20 19:42:53 → 6287803187488 → https://t.me/+GG2gvlA8M2s5Mjgx → 加群成功
2022-06-20 19:43:07 → 6282143309506 → https://t.me/+REYpWO1e16djZDUx → 加群成功
2022-06-20 19:43:38 → 6281382130147 → https://t.me/+40-bqGDev2g3NGZl → 加群成功
2022-06-20 19:44:23 → 6281270146939 → https://t.me/+ULwwAMPXqG5iNTI1 → 加群成功
2022-06-20 19:44:43 → 6283846077843 → https://t.me/+aMl_xPUzLu80OGMx → 加群成功
2022-06-20 19:45:06 → 6282311464231 → https://t.me/+calyHe56Wm82OTg1 → 加群成功
2022-06-20 19:45:39 → 6282311464231 → https://t.me/+C0RIb6Z0lM8xY2Q1 → 加群失败：https://t.me/+C0RIb6Z0lM8xY2Q1 用户尝试加入的聊天已过期且不再有效（由 ImportChatInviteRequest 引起）
2022-06-20 19:45:59 → 6281247516606 → https://t.me/+xWeQtRBfjOFkNTA1 → 加群成功
2022-06-20 19:46:07 → 6281382130147 → https://t.me/+zYJQMkPK-txmNTc1 → 加群成功
2022-06-20 19:46:42 → 6282185500698 → https://t.me/+z-xgWFuhbXRiMmU1 → 加群失败：https://t.me/+z-xgWFuhbXRiMmU1 用户尝试加入的聊天已过期且不再有效（由 ImportChatInviteRequest 引起）
2022-06-20 19:47:19 → 6283846077843 → https://t.me/+yTmSqvjL6MZhOGM1 → 加群成功
2022-06-20 19:47:33 → 6281252013316 → https://t.me/+jIlT6iUJfKBkMzBh → 加群成功
2022-06-20 19:48:07 → 6281270146939 → https://t.me/+Lh7Vg3j2HBA2ZWRl → 加群成功
2022-06-20 19:48:22 → 6287803187488 → https://t.me/+rUlOEDqXoIM4NDk9 → 加群成功
2022-06-20 19:48:44 → 6281252014638 → https://t.me/+bOgiT1uFp88xNmQ1 → 加群成功
2022-06-20 19:48:53 → 6282143309506 → https://t.me/+IMTe1XL2eRhmZTQ1 → 加群成功
2022-06-20 19:49:26 → 6285349457363 → https://t.me/+X_itTArL40g1ZWI5 → 加群失败：https://t.me/+X_itTArL40g1ZWI5 用户尝试加入的聊天已过期且不再有效（由 ImportChatInviteRequest 引起）
2022-06-20 19:49:51 → 6288218733142 → https://t.me/+Qhz0SfbvEQAzYmFl → 加群成功
2022-06-20 19:50:14 → 6282268584651 → https://t.me/+k7skOSclEXNkY2M1 → 加群成功
2022-06-20 19:50:50 → 6282185500698 → https://t.me/+0jORkEcjJ0thZDk1 → 加群成功
2022-06-20 19:51:10 → 6282311464231 → https://t.me/+WgZhCn-jDiY2YjRl → 加群成功
2022-06-20 19:51:28 → 6281252013316 → https://t.me/+SvCI6c2XlcxlZjQx → 加群成功
2022-06-20 19:51:58 → 6282268584651 → https://t.me/+zt29tENcz2g4ODA1 → 加群成功
2022-06-20 19:52:28 → 6281247516606 → https://t.me/+5qiD_XQNy8ozMmI1 → 加群失败：https://t.me/+5qiD_XQNy8ozMmI1 用户尝试加入的聊天已过期且不再有效（由 ImportChatInviteRequest 引起）
2022-06-20 19:52:45 → 6285349457363 → https://t.me/+y1X1DHVWX6o0OWQx → 加群成功
2022-06-20 19:53:16 → 6288218733142 → https://t.me/+vD11mXSl0Qo1NjBl → 加群成功
2022-06-20 19:53:27 → 6282143309506 → https://t.me/+X1XfCzCulJplNzJl → 加群成功
2022-06-20 19:53:39 → 6283846077843 → https://t.me/+UbxlM6GKynRhODk1 → 加群成功
2022-06-20 19:54:18 → 6281252014638 → https://t.me/joinchat/rDC8WhyDHDg0Yzhl → 加群成功
2022-06-20 19:54:32 → 6281382130147 → https://t.me/+KqByXUbZl6wxM2Nh → 加群成功
2022-06-20 19:54:45 → 6281270146939 → https://t.me/+YlQkP6X2f11lZjlh → 加群成功
2022-06-20 19:55:17 → 6283846077843 → https://t.me/+q9iWwMyPl485YzE1 → 加群成功
2022-06-20 19:55:40 → 6281382130147 → https://t.me/+j1rD3RsKu2A5ZTJl → 加群失败：https://t.me/+j1rD3RsKu2A5ZTJl 用户尝试加入的聊天已过期且不再有效（由 ImportChatInviteRequest 引起）
2022-06-20 19:56:06 → 6287803187488 → https://t.me/+JfzYvmEW4bo0ZWRl → 加群成功
2022-06-20 19:56:43 → 6281252014638 → https://t.me/+Iu_rhvEZnCVjMmNl → 加群成功
2022-06-20 19:57:15 → 6285349457363 → https://t.me/+iTHcPS00SzdhMTBh → 加群成功
2022-06-20 19:57:33 → 6281252013316 → https://t.me/+xRLKfhWedANiZGM1 → 加群失败：https://t.me/+xRLKfhWedANiZGM1 用户尝试加入的聊天已过期且不再有效（由 ImportChatInviteRequest 引起）
2022-06-20 19:57:45 → 6288218733142 → https://t.me/+Ykhdirg6NcNkYjAx → 加群成功
2022-06-20 19:58:07 → 6281247516606 → https://t.me/+mw6XSaYD2eFjYWQx → 加群成功
2022-06-20 19:58:46 → 6282311464231 → https://t.me/+LqsBiT_T0DszOWI1 → 加群成功
2022-06-20 19:59:07 → 6282268584651 → https://t.me/+IWYUKU0ocCcwYjMx → 加群成功
2022-06-20 19:59:42 → 6281270146939 → https://t.me/+sUuj_TuH_nRhNjE1 → 加群成功
2022-06-20 20:00:19 → 6282185500698 → https://t.me/+spzhFF0zV5M1YjZh → 加群成功
2022-06-20 20:00:57 → 6282143309506 → https://t.me/+iByuoW9T4aMzODVl → 加群成功
2022-06-20 20:01:36 → 6281382130147 → https://t.me/+XOH9ZDrzo3I1MzI1 → 加群成功
2022-06-20 20:02:07 → 6281252014638 → https://t.me/+2jZp8I80mEIyOGY1 → 加群成功
2022-06-20 20:02:31 → 6282185500698 → https://t.me/+4bOGsWK-7145MGQ1 → 加群成功
2022-06-20 20:03:02 → 6281252013316 → https://t.me/+StNEwMqEaUE2NmFl → 加群成功
2022-06-20 20:03:10 → 6282311464231 → https://t.me/+-RvPwnYZ0fo2NzE1 → 加群失败：https://t.me/+-RvPwnYZ0fo2NzE1 用户尝试加入的聊天已过期且不再有效（由 ImportChatInviteRequest 引起）
2022-06-20 20:03:19 → 6288218733142 → https://t.me/+XAPOpgfM36YxYTk1 → 加群成功
2022-06-20 20:03:48 → 6282268584651 → https://t.me/+TkFX2Ws-6WliNjU9 → 加群成功
2022-06-20 20:04:22 → 6282143309506 → https://t.me/+YlMJYHBBe0M5ZmMx → 加群成功
2022-06-20 20:04:53 → 6285349457363 → https://t.me/+67pYhAT5wPcxMDRl → 加群成功
2022-06-20 20:05:30 → 6287803187488 → https://t.me/+qG8NTgtN0akxM2Ex → 加群成功
2022-06-20 20:05:54 → 6281247516606 → https://t.me/+DM9DYATWVQA2MTlh → 加群成功
2022-06-20 20:06:28 → 6281270146939 → https://t.me/+BSga9DevIIg5YTQ1 → 加群成功
2022-06-20 20:07:03 → 6283846077843 → https://t.me/+4iQgzALLkPowZGFl → 加群成功
2022-06-20 20:07:45 → 6283846077843 → https://t.me/+7NnqHySmWQM2ODU9 → 加群成功
2022-06-20 20:08:01 → 6281382130147 → https://t.me/+S58Sh-K2alY3Nzdl → 加群成功
2022-06-20 20:08:37 → 6281270146939 → https://t.me/+Sh3VLTGHA9Q3YTdl → 加群成功
2022-06-20 20:09:11 → 6281252014638 → https://t.me/+wUPu96w7BvQ3NTU1 → 加群成功
2022-06-20 20:09:27 → 6282311464231 → https://t.me/+KV5UJvJFZadmZjVl → 加群成功
2022-06-20 20:09:58 → 6281252013316 → https://t.me/+Xh2Sw8Abn_w0NzRl → 加群成功
2022-06-20 20:10:18 → 6287803187488 → https://t.me/+BqdPZFGv9QxjMWI1 → 加群成功
2022-06-20 20:10:31 → 6281247516606 → https://t.me/+-ZBvuqf9AYtkM2Q5 → 加群失败：https://t.me/+-ZBvuqf9AYtkM2Q5 用户尝试加入的聊天已过期且不再有效（由 ImportChatInviteRequest 引起）
2022-06-20 20:11:09 → 6285349457363 → https://t.me/+-HKE3ttySdAxMTk1 → 加群失败：https://t.me/+-HKE3ttySdAxMTk1 用户尝试加入的聊天已过期且不再有效（由 ImportChatInviteRequest 引起）
2022-06-20 20:11:33 → 6282185500698 → https://t.me/+1450TvdWFDg3ZDlh → 加群成功
2022-06-20 20:11:57 → 6282143309506 → https://t.me/+AGovixe_eoE4NDNh → 加群成功
2022-06-20 20:12:10 → 6288218733142 → https://t.me/+in9IWOKmArs5ODg5 → 加群成功
2022-06-20 20:12:29 → 6282268584651 → https://t.me/+hwGafTyi3tIxMzc1 → 加群成功
2022-06-20 20:12:51 → 6288218733142 → https://t.me/+Z11hDKptzFdjZDZh → 加群成功
2022-06-20 20:13:26 → 6281247516606 → https://t.me/+pImQqG6kee4wZDYx → 加群成功
2022-06-20 20:13:39 → 6281270146939 → https://t.me/+Gla_cs2FNi1kMjc1 → 加群成功
2022-06-20 20:13:49 → 6285349457363 → https://t.me/+3gLBjcldb5E1NWY9 → 加群成功
2022-06-20 20:13:59 → 6282268584651 → https://t.me/+9oE0N-acgdo0NTNl → 加群成功
2022-06-20 20:14:18 → 6283846077843 → https://t.me/+EGVQeuIr3OU0NGI9 → 加群成功
2022-06-20 20:14:48 → 6281382130147 → https://t.me/+iBdNpf3vLzBkOTFl → 加群成功
2022-06-20 20:15:16 → 6287803187488 → https://t.me/+xoa71RA8zRlkZWE1 → 加群成功
2022-06-20 20:15:38 → 6281252014638 → https://t.me/+5gVajc77kDQ0NzI5 → 加群成功
2022-06-20 20:15:59 → 6282143309506 → https://t.me/+KdYb4C34uoowMGJl → 加群成功
2022-06-20 20:16:18 → 6282311464231 → https://t.me/+8RnTf-FOZT9iYzRl → 加群成功
2022-06-20 20:16:57 → 6281252013316 → https://t.me/+SIfSmDbixudkMzc1 → 加群成功
2022-06-20 20:17:27 → 6282185500698 → https://t.me/+_sSpDH9vnQMwNjc9 → 加群成功
2022-06-20 20:17:52 → 6282185500698 → https://t.me/+2UbXwZlSXqxiMGIx → 加群成功
2022-06-20 20:18:10 → 6281252013316 → https://t.me/+_cUk83u2c1JjNzY1 → 加群成功
2022-06-20 20:18:42 → 6283846077843 → https://t.me/+zjwd6Dobyb5hYWM1 → 加群成功
2022-06-20 20:18:57 → 6281270146939 → https://t.me/+G-TP1oGwz_UzZTgx → 加群成功
2022-06-20 20:19:34 → 6282311464231 → https://t.me/+EX5LLMSHNh9iYTQ1 → 加群成功
2022-06-20 20:19:47 → 6281252014638 → https://t.me/+MVMDI7oWzDczNmI1 → 加群成功
2022-06-20 20:20:00 → 6282268584651 → https://t.me/+Hu3nlzXur5djMzg1 → 加群成功
2022-06-20 20:20:21 → 6281382130147 → https://t.me/+1zXkNRlLObA1NGNl → 加群失败：https://t.me/+1zXkNRlLObA1NGNl 用户尝试加入的聊天已过期且不再有效（由 ImportChatInviteRequest 引起）
2022-06-20 20:20:40 → 6282143309506 → https://t.me/+uDADliAVzT84ZDRh → 加群成功
2022-06-20 20:20:58 → 6281247516606 → https://t.me/+K5t6qDH-guk2ZmNl → 加群成功
2022-06-20 20:21:38 → 6285349457363 → https://t.me/+17GH_OvJ9tAwY2Vl → 加群成功
2022-06-20 20:21:50 → 6288218733142 → https://t.me/+boGmQAE3JrBjNTNl → 加群成功
2022-06-20 20:22:20 → 6287803187488 → https://t.me/joinchat/HHeAr1ELdNEOXqw3U8Ts0w → 加群成功
2022-06-20 20:22:37 → 6281252013316 → https://t.me/+0vEKeyH-sKw5NzEx → 加群成功
2022-06-20 20:23:06 → 6285349457363 → https://t.me/+PnwvxbcwQXVjYzE1 → 加群成功
2022-06-20 20:23:42 → 6282311464231 → https://t.me/+j8GV22yY5x5lM2Jh → 加群成功
2022-06-20 20:24:07 → 6282268584651 → https://t.me/+sEzjSrHVucliNGE1 → 加群成功
2022-06-20 20:24:37 → 6282143309506 → https://t.me/+foThDdueBzYyOTVh → 加群成功
2022-06-20 20:24:49 → 6288218733142 → https://t.me/+So8ftQcz7V8xMTI5 → 加群成功
2022-06-20 20:25:09 → 6281270146939 → https://t.me/+IgxjgT8EJP0wZGI1 → 加群成功
2022-06-20 20:25:21 → 6282185500698 → https://t.me/+_r_1ooupBRoxZTcx → 加群成功
2022-06-20 20:25:36 → 6281247516606 → https://t.me/+Rn0gXKwDBdZiMzhl → 加群成功
2022-06-20 20:25:50 → 6283846077843 → https://t.me/+-J3EkxDRssplNmQx → 加群失败：https://t.me/+-J3EkxDRssplNmQx 用户尝试加入的聊天已过期且不再有效（由 ImportChatInviteRequest 引起）
2022-06-20 20:26:16 → 6281252014638 → https://t.me/+h2PiE1mN6nZmN2Vl → 加群成功
2022-06-20 20:26:44 → 6287803187488 → https://t.me/+zp8hQFMQsnIyYTdl → 加群成功
2022-06-20 20:26:56 → 6281382130147 → https://t.me/+tVzy-HX20kJiYWY1 → 加群成功
2022-06-20 20:27:19 → 6282268584651 → https://t.me/+ZalvZqpTKQY5ZmVh → 加群成功
2022-06-20 20:27:55 → 6287803187488 → https://t.me/+E7EhI4J4t2BjMTdh → 加群成功
2022-06-20 20:28:21 → 6281270146939 → https://t.me/+6SR7fONaaVJmNDMx → 加群成功
2022-06-20 20:28:59 → 6282185500698 → https://t.me/+JMW3N_5fjeM5ODk1 → 加群成功
2022-06-20 20:29:23 → 6281247516606 → https://t.me/+G8wVDtrfGdI3ZTc9 → 加群成功
2022-06-20 20:29:48 → 6288218733142 → https://t.me/+ZIUaM08xAIhkYmUx → 加群成功
2022-06-20 20:30:05 → 6282143309506 → https://t.me/+SEjcrJU4JuIyNzA1 → 加群成功
2022-06-20 20:30:39 → 6281252014638 → https://t.me/+l1slk5dV5jE3ZjNl → 加群成功
2022-06-20 20:31:15 → 6285349457363 → https://t.me/+IK9rvcCFpyA3YzI9 → 加群成功
2022-06-20 20:31:40 → 6281382130147 → https://t.me/+pbakZSSRFjRhNGU1 → 加群成功
2022-06-20 20:32:05 → 6282311464231 → https://t.me/+ssjAgSqpCLI0YzBh → 加群成功
2022-06-20 20:32:38 → 6283846077843 → https://t.me/+EFZfdCzTGu9iMzcx → 加群成功
2022-06-20 20:33:09 → 6281252013316 → https://t.me/+apcxV30gu7M2MjI1 → 加群成功
2022-06-20 20:33:40 → 6281270146939 → https://t.me/+kF5YAHBQ7b8yMDVl → 加群失败：https://t.me/+kF5YAHBQ7b8yMDVl 用户尝试加入的聊天已过期且不再有效（由 ImportChatInviteRequest 引起）
2022-06-20 20:33:49 → 6281252013316 → https://t.me/+jxQcjZH0KvRjY2Jl → 加群成功
2022-06-20 20:34:05 → 6282143309506 → https://t.me/+YQtg80wqP5NlM2Nh → 加群成功
2022-06-20 20:34:14 → 6281252014638 → https://t.me/+BRUAa2sBGU0zOTQ1 → 加群成功
2022-06-20 20:34:24 → 6287803187488 → https://t.me/+b-oj8C33vKU1Yjdl → 加群成功
2022-06-20 20:34:33 → 6281382130147 → https://t.me/+Qz0ir67LdmQzODM9 → 加群成功
2022-06-20 20:34:44 → 6282311464231 → https://t.me/+HjBnsQsrMc44ZmNl → 加群成功
2022-06-20 20:35:04 → 6281247516606 → https://t.me/+jxfLkeV_sRZlZjIx → 加群失败：https://t.me/+jxfLkeV_sRZlZjIx 用户尝试加入的聊天已过期且不再有效（由 ImportChatInviteRequest 引起）
2022-06-20 20:35:13 → 6283846077843 → https://t.me/+07AqZIR1RH43MmY1 → 加群成功
2022-06-20 20:35:47 → 6282185500698 → https://t.me/+d8XzUzLwhhU1YWVl → 加群成功
2022-06-20 20:36:03 → 6285349457363 → https://t.me/+LO5hAmiN4McyODU1 → 加群成功
2022-06-20 20:36:29 → 6282268584651 → https://t.me/joinchat/ITSPv5Bor2M5NjY1 → 加群成功
2022-06-20 20:36:54 → 6288218733142 → https://t.me/+qmuwWWOvrME0ODkx → 加群成功
2022-06-20 20:37:34 → 6282143309506 → https://t.me/+SZP7LsqR8FI3ZjM1 → 加群成功
2022-06-20 20:38:06 → 6282311464231 → https://t.me/+uc5k-JwziZU2MzVh → 加群成功
2022-06-20 20:38:30 → 6288218733142 → https://t.me/+ULgadWScDkswN2Q1 → 加群成功
2022-06-20 20:38:49 → 6281270146939 → https://t.me/+oK6peJEVCBgzZjcx → 加群成功
2022-06-20 20:38:59 → 6285349457363 → https://t.me/+b8osyGrSdOhhZjE9 → 加群成功
2022-06-20 20:39:33 → 6287803187488 → https://t.me/ffcyx → 加群失败：https://t.me/ffcyx 用户尝试加入的聊天已过期且不再有效（由 ImportChatInviteRequest 引起）
2022-06-20 20:39:54 → 6281247516606 → https://t.me/+UDrX76uyYy82OWEx → 加群成功
2022-06-20 20:40:22 → 6282268584651 → https://t.me/+X98YxeYTiqcxYzA9 → 加群成功
2022-06-20 20:40:54 → 6281382130147 → https://t.me/+F4cgrWsKrcRkMDA9 → 加群成功
2022-06-20 20:41:01 → 6282185500698 → https://t.me/+cod7Oy_bjAg5NTk1 → 加群成功
2022-06-20 20:41:20 → 6283846077843 → https://t.me/+uFhQDDWC5a8xOTVh → 加群成功
2022-06-20 20:41:53 → 6281252013316 → https://t.me/+xn2eYKH-rlI5N2E5 → 加群成功
2022-06-20 20:42:04 → 6281252014638 → https://t.me/+umxZ8YEpnEo2MWUx → 加群成功
2022-06-20 20:42:34 → 6281247516606 → https://t.me/+HHlC3yukCdo0MjBh → 加群成功
2022-06-20 20:42:57 → 6282185500698 → https://t.me/+noFSLnh4gzRmMWM1 → 加群成功
2022-06-20 20:43:15 → 6283846077843 → https://t.me/+NZfDxbAhxBRjMmZl → 加群成功
2022-06-20 20:43:23 → 6282143309506 → https://t.me/+BrmgdJH6PSZkNTNh → 加群成功
2022-06-20 20:43:42 → 6281252013316 → https://t.me/+Vr3PW_vRaiY3YjFh → 加群成功
2022-06-20 20:44:01 → 6281252014638 → https://t.me/+n18k2BFJNDsxY2Fl → 加群成功
2022-06-20 20:44:25 → 6287803187488 → https://t.me/+yB1tBXdqMKFkMGFl → 加群成功
2022-06-20 20:44:47 → 6288218733142 → https://t.me/+rgxcUm5Dp35mYWI1 → 加群成功
2022-06-20 20:45:19 → 6282311464231 → https://t.me/joinchat/EnHBggxtLiaKQHfI_9JPgw → 加群成功
2022-06-20 20:45:27 → 6281270146939 → https://t.me/+rxfOqtxvW-4wNWVl → 加群成功
2022-06-20 20:46:02 → 6282268584651 → https://t.me/+j41eJz9SWtE2YjUx → 加群成功
2022-06-20 20:46:22 → 6285349457363 → https://t.me/+qi9K7Bo2Y8Y3ZWY9 → 加群失败：https://t.me/+qi9K7Bo2Y8Y3ZWY9 用户尝试加入的聊天已过期且不再有效（由 ImportChatInviteRequest 引起）
2022-06-20 20:46:45 → 6281382130147 → https://t.me/+0kedKOuRB0o1NDMx → 加群成功
2022-06-20 20:47:26 → 6285349457363 → https://t.me/+kaP8DGgokxo4NGIx → 加群成功
2022-06-20 20:48:02 → 6287803187488 → https://t.me/+hpMJRgdAs5AxMzg1 → 加群成功
2022-06-20 20:48:18 → 6282311464231 → https://t.me/+HBDkiYv3Y9c2ODM1 → 加群成功
2022-06-20 20:48:41 → 6288218733142 → https://t.me/+LWL438ngyIQxZjQ1 → 加群成功
2022-06-20 20:49:10 → 6282185500698 → https://t.me/+W5n0MEy_bxMyMDFl → 加群失败：https://t.me/+W5n0MEy_bxMyMDFl 用户尝试加入的聊天已过期且不再有效（由 ImportChatInviteRequest 引起）
2022-06-20 20:49:40 → 6281247516606 → https://t.me/+0VaQ-3CUGpBmZjQ1 → 加群成功
2022-06-20 20:50:15 → 6281270146939 → https://t.me/+3YZdmBbfzH85MDll → 加群成功
2022-06-20 20:50:32 → 6282143309506 → https://t.me/+0ooyBXIvunM2ODAx → 加群成功
2022-06-20 20:50:54 → 6281252013316 → https://t.me/+APKLYqmdSclhZjU1 → 加群成功
2022-06-20 20:51:18 → 6281382130147 → https://t.me/+4-TIERdkNVVmY2Ix → 加群成功
2022-06-20 20:51:30 → 6283846077843 → https://t.me/+-gQhQNg6UedmYzhh → 加群失败：https://t.me/+-gQhQNg6UedmYzhh 用户尝试加入的聊天已过期且不再有效（由 ImportChatInviteRequest 引起）
2022-06-20 20:51:51 → 6281252014638 → https://t.me/+G4deUBiLF0g3N2Ux → 加群成功
2022-06-20 20:52:15 → 6282268584651 → https://t.me/+AeKQBS5VnYFhZjdh → 加群成功
2022-06-20 20:52:40 → 6282185500698 → https://t.me/+Zp-g0nkCPK9lMzE1 → 加群成功
2022-06-20 20:53:12 → 6281247516606 → https://t.me/+Ak8f4ofbKpEzYTU1 → 加群成功
2022-06-20 20:53:25 → 6282311464231 → https://t.me/+H9LG2jzQBeA4NjMx → 加群成功