
2022-06-06 00:09:54 → 6282133204171 → https://t.me/+QmtEDlDoYLlkMGVl → 加群失败：https://t.me/+QmtEDlDoYLlkMGVl 用户尝试加入的聊天已过期且不再有效（由 ImportChatInviteRequest 引起）
2022-06-06 00:10:14 → 919923144199 → https://t.me/+Ak8f4ofbKpEzYTU1 → 加群成功
2022-06-06 00:10:30 → 60142963511 → https://t.me/+k7skOSclEXNkY2M1 → 加群成功
2022-06-06 00:10:52 → 919923144199 → https://t.me/+f312-GXF6bI2NDc1 → 加群成功
2022-06-06 00:11:27 → 6282133204171 → https://t.me/+9oE0N-acgdo0NTNl → 加群失败：https://t.me/+9oE0N-acgdo0NTNl 用户尝试加入的聊天已过期且不再有效（由 ImportChatInviteRequest 引起）
2022-06-06 00:11:49 → 60142963511 → https://t.me/+5NQjNc_ygu1jYTYx → 加群成功
2022-06-06 00:12:11 → 919923144199 → https://t.me/+WgZhCn-jDiY2YjRl → 加群失败：The authenticated user is already a participant of the chat (caused by ImportChatInviteRequest)
2022-06-06 00:12:35 → 60142963511 → https://t.me/+MVMDI7oWzDczNmI1 → 加群成功
2022-06-06 00:12:54 → 6282133204171 → https://t.me/+rUlOEDqXoIM4NDk9 → 加群失败：https://t.me/+rUlOEDqXoIM4NDk9 用户尝试加入的聊天已过期且不再有效（由 ImportChatInviteRequest 引起）
2022-06-06 00:13:28 → 6282133204171 → https://t.me/+mrJcyx4RlCoyZDE9 → 加群成功
2022-06-06 00:13:59 → 60142963511 → https://t.me/+_r_1ooupBRoxZTcx → 加群成功
2022-06-06 00:14:27 → 919923144199 → https://t.me/+z-xgWFuhbXRiMmU1 → 加群失败：https://t.me/+z-xgWFuhbXRiMmU1 用户尝试加入的聊天已过期且不再有效（由 ImportChatInviteRequest 引起）
2022-06-06 00:15:09 → 6282133204171 → https://t.me/+d8XzUzLwhhU1YWVl → 加群成功
2022-06-06 00:15:25 → 919923144199 → https://t.me/+sUuj_TuH_nRhNjE1 → 加群失败：The authenticated user is already a participant of the chat (caused by ImportChatInviteRequest)
2022-06-06 00:15:55 → 60142963511 → https://t.me/+aMl_xPUzLu80OGMx → 加群成功
2022-06-06 00:16:25 → 919923144199 → https://t.me/+4t_ZnkZnBxJhYzcx → 加群成功
2022-06-06 01:32:40 → 919923144199 → https://t.me/+m7Ys3kdhOQ5jODQ1 → 加群失败：https://t.me/+m7Ys3kdhOQ5jODQ1 用户尝试加入的聊天已过期且不再有效（由 ImportChatInviteRequest 引起）
2022-06-06 01:32:56 → 60142963511 → https://t.me/joinchat/EnHBggxtLiaKQHfI_9JPgw → 加群成功
2022-06-06 01:33:25 → 6282133204171 → https://t.me/wangbo28 → 加群失败：https://t.me/wangbo28 用户尝试加入的聊天已过期且不再有效（由 ImportChatInviteRequest 引起）
2022-06-06 01:33:49 → 6282133204171 → https://t.me/+mrJcyx4RlCoyZDE9 → 加群失败：https://t.me/+mrJcyx4RlCoyZDE9 用户尝试加入的聊天已过期且不再有效（由 ImportChatInviteRequest 引起）
2022-06-06 01:34:06 → 919923144199 → https://t.me/+dYHMcVJpbBwzMGQ1 → 加群成功
2022-06-06 01:34:33 → 60142963511 → https://t.me/+40-bqGDev2g3NGZl → 加群成功
2022-06-06 01:35:12 → 60142963511 → https://t.me/+JMW3N_5fjeM5ODk1 → 加群成功
2022-06-06 01:35:45 → 6282133204171 → https://t.me/+KV5UJvJFZadmZjVl → 加群成功
2022-06-06 01:38:50 → 5511961181940 → https://t.me/+_sSpDH9vnQMwNjc9 → 加群失败：掉线/或官方销号
2022-06-06 01:39:00 → 6285242442969 → https://t.me/+y1X1DHVWX6o0OWQx → 加群成功
2022-06-06 01:39:29 → 6282133204171 → https://t.me/+JfzYvmEW4bo0ZWRl → 加群成功
2022-06-06 01:39:51 → 6281218966272 → https://t.me/+Iu_rhvEZnCVjMmNl → 加群成功
2022-06-06 01:40:01 → 6287775712315 → https://t.me/+SZP7LsqR8FI3ZjM1 → 加群成功
2022-06-06 01:40:10 → 62895324567778 → https://t.me/+uDADliAVzT84ZDRh → 加群失败：掉线/或官方销号
2022-06-06 01:40:39 → 6287775712585 → https://t.me/+-J3EkxDRssplNmQx → 加群失败：掉线/或官方销号
2022-06-06 01:40:47 → 6289635971327 → https://t.me/+zjwd6Dobyb5hYWM1 → 加群失败：掉线/或官方销号
2022-06-06 01:40:58 → 919923144199 → https://t.me/+umxZ8YEpnEo2MWUx → 加群成功
2022-06-06 01:41:10 → 6282133209426 → https://t.me/+l_b3i7oqjn0zMWE1 → 加群失败：掉线/或官方销号
2022-06-06 01:41:28 → 6285242442967 → https://t.me/+0kedKOuRB0o1NDMx → 加群成功
2022-06-06 01:41:41 → 6281283070774 → https://t.me/+1s6PDJfhJ_45N2Mx → 加群成功
2022-06-06 01:42:00 → 60142963511 → https://t.me/+q9iWwMyPl485YzE1 → 加群成功
2022-06-06 01:42:30 → 6281283602716 → https://t.me/+mw6XSaYD2eFjYWQx → 加群失败：掉线/或官方销号
2022-06-06 01:43:04 → 6285242442967 → https://t.me/+8RnTf-FOZT9iYzRl → 加群成功
2022-06-06 01:43:36 → 6287775712315 → https://t.me/+apcxV30gu7M2MjI1 → 加群成功
2022-06-06 01:44:05 → 6281218966272 → https://t.me/+-bcWU8v_IGBjNDBl → 加群失败：https://t.me/+-bcWU8v_IGBjNDBl 用户尝试加入的聊天已过期且不再有效（由 ImportChatInviteRequest 引起）
2022-06-06 01:44:14 → 6281283070774 → https://t.me/+WnFY9z024NdiODgx → 加群失败：The authenticated user is already a participant of the chat (caused by ImportChatInviteRequest)
2022-06-06 01:44:29 → 60142963511 → https://t.me/+9oE0N-acgdo0NTNl → 加群成功
2022-06-06 01:45:05 → 6285242442969 → https://t.me/+d704xN5CSodkN2Vh → 加群成功
2022-06-06 01:45:23 → 6282133204171 → https://t.me/+qG8NTgtN0akxM2Ex → 加群失败：https://t.me/+qG8NTgtN0akxM2Ex 用户尝试加入的聊天已过期且不再有效（由 ImportChatInviteRequest 引起）
2022-06-06 01:45:35 → 919923144199 → https://t.me/+WbJrXuE28703Zjdl → 加群失败：The authenticated user is already a participant of the chat (caused by ImportChatInviteRequest)
2022-06-06 01:45:50 → 6282133204171 → https://t.me/+boGmQAE3JrBjNTNl → 加群成功
2022-06-06 01:46:02 → 6285242442967 → https://t.me/+d8XzUzLwhhU1YWVl → 加群成功
2022-06-06 01:46:25 → 6281218966272 → https://t.me/+iTHcPS00SzdhMTBh → 加群成功
2022-06-06 01:46:55 → 919923144199 → https://t.me/+54gl7-9CGNExOTQx → 加群失败：The authenticated user is already a participant of the chat (caused by ImportChatInviteRequest)
2022-06-06 01:47:12 → 6285242442969 → https://t.me/+qmuwWWOvrME0ODkx → 加群成功
2022-06-06 01:47:21 → 6281283070774 → https://t.me/+REYpWO1e16djZDUx → 加群失败：https://t.me/+REYpWO1e16djZDUx 用户尝试加入的聊天已过期且不再有效（由 ImportChatInviteRequest 引起）
2022-06-06 01:47:55 → 60142963511 → https://t.me/+O75V72V3_f9mZDk1 → 加群成功
2022-06-06 01:48:03 → 6287775712315 → https://t.me/+KV5UJvJFZadmZjVl → 加群成功
2022-06-06 01:48:23 → 6285242442967 → https://t.me/+Z11hDKptzFdjZDZh → 加群成功
2022-06-06 01:48:32 → 60142963511 → https://t.me/+z-xgWFuhbXRiMmU1 → 加群失败：https://t.me/+z-xgWFuhbXRiMmU1 用户尝试加入的聊天已过期且不再有效（由 ImportChatInviteRequest 引起）
2022-06-06 01:48:57 → 6282133204171 → https://t.me/+67pYhAT5wPcxMDRl → 加群成功
2022-06-06 01:49:06 → 6285242442969 → https://t.me/+6SR7fONaaVJmNDMx → 加群成功
2022-06-06 01:49:42 → 919923144199 → https://t.me/+JMW3N_5fjeM5ODk1 → 加群成功
2022-06-06 01:49:59 → 6281218966272 → https://t.me/+h2PiE1mN6nZmN2Vl → 加群成功
2022-06-06 01:50:15 → 6287775712315 → https://t.me/+X1XfCzCulJplNzJl → 加群成功
2022-06-06 01:50:31 → 6281283070774 → https://t.me/+Xh2Sw8Abn_w0NzRl → 加群成功
2022-06-06 01:51:08 → 6282133204171 → https://t.me/+Qda8QNJzsX4yNjVl → 加群成功
2022-06-06 01:51:28 → 6285242442969 → https://t.me/+l7jVRdfrEh8wNWZh → 加群成功
2022-06-06 01:51:57 → 6281218966272 → https://t.me/+MVMDI7oWzDczNmI1 → 加群成功
2022-06-06 01:52:23 → 6281283070774 → https://t.me/+1450TvdWFDg3ZDlh → 加群失败：https://t.me/+1450TvdWFDg3ZDlh 用户尝试加入的聊天已过期且不再有效（由 ImportChatInviteRequest 引起）
2022-06-06 01:52:45 → 919923144199 → https://t.me/+G8wVDtrfGdI3ZTc9 → 加群成功
2022-06-06 01:53:01 → 6287775712315 → https://t.me/+r4fE7rGC-tU3YWE1 → 加群成功
2022-06-06 01:53:36 → 60142963511 → https://t.me/+KqByXUbZl6wxM2Nh → 加群成功
2022-06-06 01:54:07 → 6285242442967 → https://t.me/+rUlOEDqXoIM4NDk9 → 加群成功
2022-06-06 01:54:25 → 919923144199 → https://t.me/+kaP8DGgokxo4NGIx → 加群成功
2022-06-06 01:54:44 → 6285242442967 → https://t.me/+SU2RmtTlLms1YWRl → 加群成功
2022-06-06 01:54:59 → 6281218966272 → https://t.me/+3gLBjcldb5E1NWY9 → 加群成功
2022-06-06 01:55:34 → 6285242442969 → https://t.me/+l1slk5dV5jE3ZjNl → 加群成功
2022-06-06 01:55:48 → 6287775712315 → https://t.me/+BrmgdJH6PSZkNTNh → 加群成功
2022-06-06 01:56:20 → 60142963511 → https://t.me/+Gla_cs2FNi1kMjc1 → 加群成功
2022-06-06 01:56:27 → 6281283070774 → https://t.me/+H9LG2jzQBeA4NjMx → 加群失败：https://t.me/+H9LG2jzQBeA4NjMx 用户尝试加入的聊天已过期且不再有效（由 ImportChatInviteRequest 引起）
2022-06-06 01:56:55 → 6282133204171 → https://t.me/+40-bqGDev2g3NGZl → 加群成功
2022-06-06 01:57:13 → 6282133204171 → https://t.me/+zYJQMkPK-txmNTc1 → 加群失败：https://t.me/+zYJQMkPK-txmNTc1 用户尝试加入的聊天已过期且不再有效（由 ImportChatInviteRequest 引起）
2022-06-06 01:57:47 → 60142963511 → https://t.me/+YlMJYHBBe0M5ZmMx → 加群成功
2022-06-06 01:58:10 → 6281283070774 → https://t.me/+b8osyGrSdOhhZjE9 → 加群成功
2022-06-06 01:58:19 → 6281218966272 → https://t.me/+jxQcjZH0KvRjY2Jl → 加群成功
2022-06-06 01:58:54 → 6287775712315 → https://t.me/+EsOVJtfj7FwyOWUx → 加群成功
2022-06-06 01:59:20 → 6285242442969 → https://t.me/+cgctxddaCwxhYWM1 → 加群成功
2022-06-06 01:59:30 → 6285242442967 → https://t.me/+KdYb4C34uoowMGJl → 加群成功
2022-06-06 02:00:01 → 919923144199 → https://t.me/+xWeQtRBfjOFkNTA1 → 加群成功
2022-06-06 02:00:32 → 60142963511 → https://t.me/+4O_dPR7XAcY5NGQ9 → 加群失败：A wait of 145 seconds is required (caused by ImportChatInviteRequest)
2022-06-06 02:00:51 → 6285242442967 → https://t.me/+K5t6qDH-guk2ZmNl → 加群成功
2022-06-06 02:01:21 → 6281218966272 → https://t.me/+0ooyBXIvunM2ODAx → 加群成功
2022-06-06 02:01:29 → 6285242442969 → https://t.me/+jxfLkeV_sRZlZjIx → 加群成功
2022-06-06 02:01:54 → 6282133204171 → https://t.me/joinchat/EnHBggxtLiaKQHfI_9JPgw → 加群失败：A wait of 92 seconds is required (caused by ImportChatInviteRequest)
2022-06-06 02:02:06 → 6281283070774 → https://t.me/+yTmSqvjL6MZhOGM1 → 加群成功
2022-06-06 02:02:30 → 919923144199 → https://t.me/+j8GV22yY5x5lM2Jh → 加群成功
2022-06-06 02:02:38 → 6287775712315 → https://t.me/+BqdPZFGv9QxjMWI1 → 加群成功
2022-06-06 02:03:26 → 6282133204171 → https://t.me/+LWL438ngyIQxZjQ1 → 加群成功
2022-06-06 02:03:49 → 6281283070774 → https://t.me/+_co7YJMXqzliMzhh → 加群成功
2022-06-06 02:04:05 → 919923144199 → https://t.me/+owVJEPVLlZpiOGUx → 加群失败：The authenticated user is already a participant of the chat (caused by ImportChatInviteRequest)
2022-06-06 02:04:29 → 60142963511 → https://t.me/+_sSpDH9vnQMwNjc9 → 加群成功
2022-06-06 02:04:37 → 6285242442967 → https://t.me/+aMl_xPUzLu80OGMx → 加群成功
2022-06-06 02:04:50 → 6285242442969 → https://t.me/+G4deUBiLF0g3N2Ux → 加群成功
2022-06-06 02:05:13 → 6287775712315 → https://t.me/+ssjAgSqpCLI0YzBh → 加群成功
2022-06-06 02:05:41 → 6281218966272 → https://t.me/+mXolrdPE2mxhNTdl → 加群成功
2022-06-06 02:06:10 → 919923144199 → https://t.me/+S58Sh-K2alY3Nzdl → 加群失败：The authenticated user is already a participant of the chat (caused by ImportChatInviteRequest)
2022-06-06 02:06:43 → 6281283070774 → https://t.me/+7NnqHySmWQM2ODU9 → 加群成功
2022-06-06 02:07:20 → 6282133204171 → https://t.me/+C0RIb6Z0lM8xY2Q1 → 加群失败：https://t.me/+C0RIb6Z0lM8xY2Q1 用户尝试加入的聊天已过期且不再有效（由 ImportChatInviteRequest 引起）
2022-06-06 02:07:30 → 6285242442967 → https://t.me/+EX5LLMSHNh9iYTQ1 → 加群成功
2022-06-06 02:07:55 → 60142963511 → https://t.me/+EFZfdCzTGu9iMzcx → 加群成功
2022-06-06 02:08:23 → 6281218966272 → https://t.me/+A1-zdEEfAu03ZTFl → 加群成功
2022-06-06 02:08:48 → 6287775712315 → https://t.me/+Zp-g0nkCPK9lMzE1 → 加群成功
2022-06-06 02:09:04 → 6285242442969 → https://t.me/+j41eJz9SWtE2YjUx → 加群成功
2022-06-06 02:09:52 → 6281218966272 → https://t.me/+Ykhdirg6NcNkYjAx → 加群成功
2022-06-06 02:10:16 → 919923144199 → https://t.me/+xRLKfhWedANiZGM1 → 加群成功
2022-06-06 02:10:32 → 60142963511 → https://t.me/+XOH9ZDrzo3I1MzI1 → 加群成功
2022-06-06 02:11:42 → 6281283070774 → https://t.me/+5NQjNc_ygu1jYTYx → 加群失败：The authenticated user is already a participant of the chat (caused by ImportChatInviteRequest)
2022-06-06 02:11:55 → 6285242442969 → https://t.me/+HBDkiYv3Y9c2ODM1 → 加群成功
2022-06-06 02:12:14 → 6285242442967 → https://t.me/+wyQoNDjjMBVjNDA1 → 加群成功
2022-06-06 02:12:47 → 6282133204171 → https://t.me/ffcyx → 加群失败：https://t.me/ffcyx 用户尝试加入的聊天已过期且不再有效（由 ImportChatInviteRequest 引起）
2022-06-06 02:13:20 → 6287775712315 → https://t.me/+jIlT6iUJfKBkMzBh → 加群成功
2022-06-06 02:13:58 → 6281283070774 → https://t.me/+p6YlZXi4WgU0Yzc1 → 加群成功
2022-06-06 02:14:19 → 6287775712315 → https://t.me/+sUuj_TuH_nRhNjE1 → 加群成功
2022-06-06 02:14:49 → 6281218966272 → https://t.me/+xn2eYKH-rlI5N2E5 → 加群成功
2022-06-06 02:15:23 → 919923144199 → https://t.me/+_cUk83u2c1JjNzY1 → 加群成功
2022-06-06 02:15:59 → 6282133204171 → https://t.me/+EGVQeuIr3OU0NGI9 → 加群成功
2022-06-06 02:16:26 → 6285242442967 → https://t.me/+5gVajc77kDQ0NzI5 → 加群成功
2022-06-06 02:16:48 → 6285242442969 → https://t.me/+PnwvxbcwQXVjYzE1 → 加群成功
2022-06-06 02:16:59 → 60142963511 → https://t.me/+ULwwAMPXqG5iNTI1 → 加群成功
2022-06-06 02:17:18 → 6281218966272 → https://t.me/+XAPOpgfM36YxYTk1 → 加群成功
2022-06-06 02:17:36 → 6281283070774 → https://t.me/+lLRc1DnIS1JhYTc1 → 加群失败：The authenticated user is already a participant of the chat (caused by ImportChatInviteRequest)
2022-06-06 02:17:48 → 6282133204171 → https://t.me/+yB1tBXdqMKFkMGFl → 加群失败：https://t.me/+yB1tBXdqMKFkMGFl 用户尝试加入的聊天已过期且不再有效（由 ImportChatInviteRequest 引起）
2022-06-06 02:18:25 → 919923144199 → https://t.me/+F4cgrWsKrcRkMDA9 → 加群成功
2022-06-06 02:18:35 → 6285242442969 → https://t.me/+hwGafTyi3tIxMzc1 → 加群成功
2022-06-06 02:18:51 → 6285242442967 → https://t.me/+rgxcUm5Dp35mYWI1 → 加群成功
2022-06-06 02:19:01 → 60142963511 → https://t.me/+YhkvVBH2sLNiMmJh → 加群成功
2022-06-06 02:19:31 → 6287775712315 → https://t.me/+4bOGsWK-7145MGQ1 → 加群成功
2022-06-06 02:20:02 → 6285242442967 → https://t.me/+0vEKeyH-sKw5NzEx → 加群成功
2022-06-06 02:20:20 → 6281283070774 → https://t.me/+j1rD3RsKu2A5ZTJl → 加群成功
2022-06-06 02:20:33 → 6287775712315 → https://t.me/+vD11mXSl0Qo1NjBl → 加群成功
2022-06-06 02:20:43 → 6282133204171 → https://t.me/+GG2gvlA8M2s5Mjgx → 加群成功
2022-06-06 02:21:14 → 60142963511 → https://t.me/+VZOVUsJ_CrRiNjI5 → 加群成功
2022-06-06 02:21:34 → 919923144199 → https://t.me/+4-TIERdkNVVmY2Ix → 加群成功
2022-06-06 02:22:05 → 6281218966272 → https://t.me/+hG4evzI6ZJ84MTA5 → 加群成功
2022-06-06 02:22:26 → 6285242442969 → https://t.me/+aQJcp5R0T3pkZGNl → 加群成功
2022-06-06 02:23:07 → 6281218966272 → https://t.me/+APKLYqmdSclhZjU1 → 加群成功
2022-06-06 02:23:30 → 919923144199 → https://t.me/joinchat/c1irPtTz-KpmMzZl → 加群成功
2022-06-06 02:24:06 → 6285242442967 → https://t.me/+bOgiT1uFp88xNmQ1 → 加群成功
2022-06-06 02:24:20 → 6282133204171 → https://t.me/+CM8QfiFJeng1OWM1 → 加群成功
2022-06-06 02:24:58 → 6285242442969 → https://t.me/joinchat/rDC8WhyDHDg0Yzhl → 加群成功
2022-06-06 02:25:34 → 6281283070774 → https://t.me/+dYHMcVJpbBwzMGQ1 → 加群成功
2022-06-06 02:25:51 → 6287775712315 → https://t.me/+HjBnsQsrMc44ZmNl → 加群成功
2022-06-06 02:26:20 → 60142963511 → https://t.me/+W5n0MEy_bxMyMDFl → 加群成功
2022-06-06 02:26:57 → 6287775712315 → https://t.me/+qi9K7Bo2Y8Y3ZWY9 → 加群成功
2022-06-06 02:27:13 → 6285242442967 → https://t.me/+4iQgzALLkPowZGFl → 加群成功
2022-06-06 02:27:45 → 6281218966272 → https://t.me/+UDrX76uyYy82OWEx → 加群成功
2022-06-06 02:28:14 → 6282133204171 → https://t.me/+k7skOSclEXNkY2M1 → 加群成功
2022-06-06 02:28:35 → 919923144199 → https://t.me/+uFhQDDWC5a8xOTVh → 加群成功
2022-06-06 02:29:02 → 6281283070774 → https://t.me/+-FuT5gvc2BwyNzg5 → 加群失败：https://t.me/+-FuT5gvc2BwyNzg5 用户尝试加入的聊天已过期且不再有效（由 ImportChatInviteRequest 引起）
2022-06-06 02:29:10 → 6285242442969 → https://t.me/+iByuoW9T4aMzODVl → 加群成功
2022-06-06 02:29:37 → 60142963511 → https://t.me/+hpMJRgdAs5AxMzg1 → 加群成功
2022-06-06 02:30:15 → 6285242442967 → https://t.me/+IK9rvcCFpyA3YzI9 → 加群成功
2022-06-06 02:30:35 → 6281218966272 → https://t.me/+jEJUf1tx9vw3Yjk1 → 加群成功
2022-06-06 02:30:58 → 919923144199 → https://t.me/+4t_ZnkZnBxJhYzcx → 加群失败：The authenticated user is already a participant of the chat (caused by ImportChatInviteRequest)
2022-06-06 02:31:21 → 60142963511 → https://t.me/+SIfSmDbixudkMzc1 → 加群成功
2022-06-06 02:31:43 → 6287775712315 → https://t.me/+f312-GXF6bI2NDc1 → 加群成功
2022-06-06 02:32:11 → 6281283070774 → https://t.me/+zp8hQFMQsnIyYTdl → 加群成功
2022-06-06 02:32:26 → 6282133204171 → https://t.me/+VwDoIE1fU34wNDRl → 加群失败：https://t.me/+VwDoIE1fU34wNDRl 用户尝试加入的聊天已过期且不再有效（由 ImportChatInviteRequest 引起）
2022-06-06 02:32:49 → 6285242442969 → https://t.me/+gJ-eKM5QJ3YyNzc1 → 加群成功
2022-06-06 02:33:22 → 6285242442969 → https://t.me/+Sh3VLTGHA9Q3YTdl → 加群成功
2022-06-06 02:33:57 → 6287775712315 → https://t.me/+oK6peJEVCBgzZjcx → 加群成功
2022-06-06 02:34:05 → 6281283070774 → https://t.me/+n9nQhpEXAC0yNGU9 → 加群成功
2022-06-06 02:34:39 → 6285242442967 → https://t.me/+YI3Dtp8InIthMmU5 → 加群成功
2022-06-06 02:35:07 → 6281218966272 → https://t.me/+uc5k-JwziZU2MzVh → 加群成功
2022-06-06 02:35:21 → 919923144199 → https://t.me/+rxfOqtxvW-4wNWVl → 加群成功
2022-06-06 02:35:34 → 6282133204171 → https://t.me/+PtpnKT2eF0BkN2Q9 → 加群成功
2022-06-06 02:36:02 → 60142963511 → https://t.me/+jDogamSAXRJmNTJl → 加群成功
2022-06-06 02:36:35 → 6281283070774 → https://t.me/+BRUAa2sBGU0zOTQ1 → 加群成功
2022-06-06 02:36:59 → 6281218966272 → https://t.me/+X98YxeYTiqcxYzA9 → 加群成功
2022-06-06 02:37:13 → 6285242442967 → https://t.me/+pbakZSSRFjRhNGU1 → 加群成功
2022-06-06 02:37:32 → 6285242442969 → https://t.me/+UbxlM6GKynRhODk1 → 加群成功
2022-06-06 02:38:09 → 60142963511 → https://t.me/+AGovixe_eoE4NDNh → 加群成功
2022-06-06 02:38:34 → 919923144199 → https://t.me/+kF5YAHBQ7b8yMDVl → 加群失败：https://t.me/+kF5YAHBQ7b8yMDVl 用户尝试加入的聊天已过期且不再有效（由 ImportChatInviteRequest 引起）
2022-06-06 02:39:08 → 6282133204171 → https://t.me/+iBdNpf3vLzBkOTFl → 加群失败：https://t.me/+iBdNpf3vLzBkOTFl 用户尝试加入的聊天已过期且不再有效（由 ImportChatInviteRequest 引起）
2022-06-06 02:39:44 → 6287775712315 → https://t.me/+-gQhQNg6UedmYzhh → 加群失败：https://t.me/+-gQhQNg6UedmYzhh 用户尝试加入的聊天已过期且不再有效（由 ImportChatInviteRequest 引起）
2022-06-06 02:40:03 → 6282133204171 → https://t.me/+E7EhI4J4t2BjMTdh → 加群成功
2022-06-06 02:40:19 → 60142963511 → https://t.me/+XMeaKsmC7JU4NzA1 → 加群成功
2022-06-06 02:40:27 → 6281283070774 → https://t.me/+-ZBvuqf9AYtkM2Q5 → 加群失败：https://t.me/+-ZBvuqf9AYtkM2Q5 用户尝试加入的聊天已过期且不再有效（由 ImportChatInviteRequest 引起）
2022-06-06 02:40:48 → 919923144199 → https://t.me/+spzhFF0zV5M1YjZh → 加群成功
2022-06-06 02:41:24 → 6285242442969 → https://t.me/+So8ftQcz7V8xMTI5 → 加群成功
2022-06-06 02:41:37 → 6287775712315 → https://t.me/+xBZVwA_bkEY2N2Jl → 加群成功
2022-06-06 02:42:05 → 6281218966272 → https://t.me/+zt29tENcz2g4ODA1 → 加群成功
2022-06-06 02:42:17 → 6285242442967 → https://t.me/+calyHe56Wm82OTg1 → 加群成功
2022-06-06 02:42:32 → 6285242442969 → https://t.me/+Vr3PW_vRaiY3YjFh → 加群成功
2022-06-06 02:42:43 → 6281283070774 → https://t.me/+noFSLnh4gzRmMWM1 → 加群成功
2022-06-06 02:43:08 → 60142963511 → https://t.me/+coJH9njcTFI3NGJh → 加群成功
2022-06-06 02:43:30 → 6282133204171 → https://t.me/+Rn0gXKwDBdZiMzhl → 加群成功
2022-06-06 02:43:48 → 6285242442967 → https://t.me/+wUPu96w7BvQ3NTU1 → 加群成功
2022-06-06 02:44:04 → 919923144199 → https://t.me/+ftCy3AbJQ2FkZTdh → 加群成功
2022-06-06 02:44:31 → 6281218966272 → https://t.me/+mHS4ouK1WS81ODdl → 加群成功
2022-06-06 02:44:55 → 6287775712315 → https://t.me/+71ANa06F0wNmNmJl → 加群成功
2022-06-06 02:45:15 → 6282133204171 → https://t.me/+WgZhCn-jDiY2YjRl → 加群成功
2022-06-06 02:45:46 → 6281283070774 → https://t.me/+ZIUaM08xAIhkYmUx → 加群失败：The authenticated user is already a participant of the chat (caused by ImportChatInviteRequest)
2022-06-06 02:46:12 → 6285242442967 → https://t.me/+ULgadWScDkswN2Q1 → 加群成功
2022-06-06 02:46:49 → 6285242442969 → https://t.me/+2UbXwZlSXqxiMGIx → 加群成功
2022-06-06 02:46:57 → 60142963511 → https://t.me/+3SrSrS52L785Yjg1 → 加群成功
2022-06-06 02:47:05 → 6281218966272 → https://t.me/+DM9DYATWVQA2MTlh → 加群成功
2022-06-06 02:47:16 → 6287775712315 → https://t.me/+in9IWOKmArs5ODg5 → 加群成功
2022-06-06 02:47:29 → 919923144199 → https://t.me/+zAh3xoopIn4yYTU5 → 加群成功
2022-06-06 02:47:47 → 6281218966272 → https://t.me/+SEjcrJU4JuIyNzA1 → 加群成功
2022-06-06 02:48:15 → 6281283070774 → https://t.me/+G-TP1oGwz_UzZTgx → 加群成功
2022-06-06 02:48:39 → 6282133204171 → https://t.me/+T-jYQLw4qHozZWU1 → 加群成功
2022-06-06 02:49:01 → 919923144199 → https://t.me/+2hRtaNIomANhZjhl → 加群失败：The authenticated user is already a participant of the chat (caused by ImportChatInviteRequest)
2022-06-06 02:49:13 → 60142963511 → https://t.me/+feeRJoJYK0EzMTRl → 加群成功
2022-06-06 02:49:31 → 6287775712315 → https://t.me/+LO5hAmiN4McyODU1 → 加群成功
2022-06-06 02:49:50 → 6285242442967 → https://t.me/+YQtg80wqP5NlM2Nh → 加群成功
2022-06-06 02:50:13 → 6285242442969 → https://t.me/+0VaQ-3CUGpBmZjQ1 → 加群成功
2022-06-06 02:50:53 → 6287775712315 → https://t.me/+dIyaD5HpDJY3Zjk9 → 加群成功
2022-06-06 02:51:27 → 919923144199 → https://t.me/+AeKQBS5VnYFhZjdh → 加群成功
2022-06-06 02:51:37 → 6285242442967 → https://t.me/+IgxjgT8EJP0wZGI1 → 加群成功
2022-06-06 02:52:01 → 6285242442969 → https://t.me/+K4hA5oTciaJhNTVl → 加群成功
2022-06-06 02:52:23 → 6282133204171 → https://t.me/+Ak8f4ofbKpEzYTU1 → 加群失败：https://t.me/+Ak8f4ofbKpEzYTU1 用户尝试加入的聊天已过期且不再有效（由 ImportChatInviteRequest 引起）
2022-06-06 02:53:00 → 6281283070774 → https://t.me/+17GH_OvJ9tAwY2Vl → 加群失败：The authenticated user is already a participant of the chat (caused by ImportChatInviteRequest)
2022-06-06 02:53:16 → 6281218966272 → https://t.me/joinchat/HHeAr1ELdNEOXqw3U8Ts0w → 加群成功
2022-06-06 02:53:51 → 60142963511 → https://t.me/+_r_1ooupBRoxZTcx → 加群失败：The authenticated user is already a participant of the chat (caused by ImportChatInviteRequest)
2022-06-06 02:54:15 → 6281283070774 → https://t.me/+IMTe1XL2eRhmZTQ1 → 加群成功
2022-06-06 02:54:53 → 6285242442969 → https://t.me/+b-oj8C33vKU1Yjdl → 加群成功
2022-06-06 02:55:02 → 6281218966272 → https://t.me/+z9w5abx_AKI3ZDA1 → 加群成功
2022-06-06 02:55:27 → 6282133204171 → https://t.me/+5WmtAnMeZpIyMDhh → 加群成功
2022-06-06 02:55:35 → 6285242442967 → https://t.me/+sEzjSrHVucliNGE1 → 加群成功
2022-06-06 02:55:51 → 6287775712315 → https://t.me/+hdw-z80muVFjNzFl → 加群成功
2022-06-06 02:56:08 → 60142963511 → https://t.me/+-jAPlPqNLng3NTk1 → 加群失败：https://t.me/+-jAPlPqNLng3NTk1 用户尝试加入的聊天已过期且不再有效（由 ImportChatInviteRequest 引起）
2022-06-06 02:56:37 → 919923144199 → https://t.me/+2jZp8I80mEIyOGY1 → 加群成功
2022-06-06 02:57:06 → 6287775712315 → https://t.me/+07AqZIR1RH43MmY1 → 加群成功
2022-06-06 02:57:38 → 6285242442969 → https://t.me/+9aEGaULesLY4Nzlh → 加群成功
2022-06-06 02:57:47 → 6281283070774 → https://t.me/+XA-AFUSIJMBjY2Fh → 加群成功
2022-06-06 02:58:06 → 6282133204171 → https://t.me/+B7AquUh1jWpkNjQx → 加群成功
2022-06-06 02:58:39 → 6285242442967 → https://t.me/+ADL_14T-XG0yMmE5 → 加群成功
2022-06-06 02:58:55 → 919923144199 → https://t.me/+SvCI6c2XlcxlZjQx → 加群成功
2022-06-06 02:59:23 → 60142963511 → https://t.me/+3YZdmBbfzH85MDll → 加群成功
2022-06-06 02:59:53 → 6281218966272 → https://t.me/+-HKE3ttySdAxMTk1 → 加群失败：https://t.me/+-HKE3ttySdAxMTk1 用户尝试加入的聊天已过期且不再有效（由 ImportChatInviteRequest 引起）
2022-06-06 03:00:22 → 6281283070774 → https://t.me/+wXJtiQoohfc2NDJl → 加群成功
2022-06-06 03:00:48 → 6281218966272 → https://t.me/+QmtEDlDoYLlkMGVl → 加群成功
2022-06-06 03:00:59 → 6285242442967 → https://t.me/+fAdS-xoI0zJiZTdh → 加群成功
2022-06-06 03:01:36 → 6287775712315 → https://t.me/+Qhz0SfbvEQAzYmFl → 加群成功
2022-06-06 03:01:53 → 6285242442969 → https://t.me/joinchat/ITSPv5Bor2M5NjY1 → 加群成功
2022-06-06 03:02:05 → 6282133204171 → https://t.me/+Hu3nlzXur5djMzg1 → 加群失败：https://t.me/+Hu3nlzXur5djMzg1 用户尝试加入的聊天已过期且不再有效（由 ImportChatInviteRequest 引起）
2022-06-06 03:02:23 → 60142963511 → https://t.me/+n18k2BFJNDsxY2Fl → 加群成功
2022-06-06 03:02:35 → 919923144199 → https://t.me/+Qz0ir67LdmQzODM9 → 加群失败：The authenticated user is already a participant of the chat (caused by ImportChatInviteRequest)
2022-06-06 03:03:10 → 6281218966272 → https://t.me/+IWYUKU0ocCcwYjMx → 加群成功
2022-06-06 03:03:25 → 6287775712315 → https://t.me/+xoa71RA8zRlkZWE1 → 加群成功
2022-06-06 03:03:35 → 6285242442969 → https://t.me/+4GYip2NBLOphOTVl → 加群成功
2022-06-06 03:03:52 → 6282133204171 → https://t.me/+BIb1nofuq6Q5NzY1 → 加群失败：A wait of 103 seconds is required (caused by ImportChatInviteRequest)
2022-06-06 03:04:28 → 6281283070774 → https://t.me/+NZfDxbAhxBRjMmZl → 加群失败：https://t.me/+NZfDxbAhxBRjMmZl 用户尝试加入的聊天已过期且不再有效（由 ImportChatInviteRequest 引起）
2022-06-06 03:05:02 → 60142963511 → https://t.me/+HHlC3yukCdo0MjBh → 加群失败：A wait of 61 seconds is required (caused by ImportChatInviteRequest)
2022-06-06 03:05:27 → 919923144199 → https://t.me/+StNEwMqEaUE2NmFl → 加群失败：The authenticated user is already a participant of the chat (caused by ImportChatInviteRequest)
2022-06-06 03:05:34 → 6285242442967 → https://t.me/+tVzy-HX20kJiYWY1 → 加群成功
2022-06-06 03:06:01 → 6287775712315 → https://t.me/+BSga9DevIIg5YTQ1 → 加群成功
2022-06-06 03:06:14 → 6281218966272 → https://t.me/+1zXkNRlLObA1NGNl → 加群成功
2022-06-06 03:06:28 → 919923144199 → https://t.me/+ZalvZqpTKQY5ZmVh → 加群成功
2022-06-06 03:06:36 → 6281283070774 → https://t.me/+cod7Oy_bjAg5NTk1 → 加群成功
2022-06-06 03:06:58 → 6285242442967 → https://t.me/+0jORkEcjJ0thZDk1 → 加群成功
2022-06-06 03:07:21 → 60142963511 → https://t.me/+-RvPwnYZ0fo2NzE1 → 加群失败：https://t.me/+-RvPwnYZ0fo2NzE1 用户尝试加入的聊天已过期且不再有效（由 ImportChatInviteRequest 引起）
2022-06-06 03:07:36 → 6285242442969 → https://t.me/+X_itTArL40g1ZWI5 → 加群成功
2022-06-06 03:08:00 → 6282133204171 → https://t.me/+5qiD_XQNy8ozMmI1 → 加群失败：https://t.me/+5qiD_XQNy8ozMmI1 用户尝试加入的聊天已过期且不再有效（由 ImportChatInviteRequest 引起）
2022-06-06 03:08:44 → 6285242442969 → https://t.me/+MSzURb05WsVlZWYx → 加群失败：A wait of 161 seconds is required (caused by ImportChatInviteRequest)
2022-06-06 03:08:51 → 6285242442967 → https://t.me/+pImQqG6kee4wZDYx → 加群失败：A wait of 207 seconds is required (caused by ImportChatInviteRequest)
2022-06-06 03:09:06 → 60142963511 → https://t.me/+LqsBiT_T0DszOWI1 → 加群成功
2022-06-06 03:09:27 → 6281218966272 → https://t.me/+t8N8djvNpMozYTUx → 加群失败：A wait of 159 seconds is required (caused by ImportChatInviteRequest)
2022-06-06 03:09:54 → 919923144199 → https://t.me/+TkFX2Ws-6WliNjU9 → 加群成功
2022-06-06 03:10:32 → 6281283070774 → https://t.me/+YlQkP6X2f11lZjlh → 加群成功
2022-06-06 03:10:57 → 6282133204171 → https://t.me/+foThDdueBzYyOTVh → 加群成功
2022-06-06 03:11:21 → 6287775712315 → https://t.me/+Lh7Vg3j2HBA2ZWRl → 加群成功
2022-06-06 08:11:04 → 6285242442969 → https://t.me/+j41eJz9SWtE2YjUx → 加群失败：The authenticated user is already a participant of the chat (caused by ImportChatInviteRequest)
2022-06-06 08:11:27 → 6281218966272 → https://t.me/+-gQhQNg6UedmYzhh → 加群失败：https://t.me/+-gQhQNg6UedmYzhh 用户尝试加入的聊天已过期且不再有效（由 ImportChatInviteRequest 引起）
2022-06-06 08:11:42 → 6285242442967 → https://t.me/+UDrX76uyYy82OWEx → 加群成功
2022-06-06 08:12:10 → 919923144199 → https://t.me/+A1-zdEEfAu03ZTFl → 加群成功
2022-06-06 08:12:34 → 6281283070774 → https://t.me/+BRUAa2sBGU0zOTQ1 → 加群失败：The authenticated user is already a participant of the chat (caused by ImportChatInviteRequest)
2022-06-06 08:12:50 → 6282133204171 → https://t.me/+WgZhCn-jDiY2YjRl → 加群失败：https://t.me/+WgZhCn-jDiY2YjRl 用户尝试加入的聊天已过期且不再有效（由 ImportChatInviteRequest 引起）
2022-06-06 08:13:20 → 60142963511 → https://t.me/joinchat/HHeAr1ELdNEOXqw3U8Ts0w → 加群成功
2022-06-06 08:13:55 → 6287775712315 → https://t.me/+KqByXUbZl6wxM2Nh → 加群失败：掉线/或官方销号
2022-06-06 08:14:19 → 6282133204171 → https://t.me/joinchat/c1irPtTz-KpmMzZl → 加群成功
2022-06-06 08:14:32 → 6285242442967 → https://t.me/+JfzYvmEW4bo0ZWRl → 加群成功
2022-06-06 08:14:54 → 6285242442969 → https://t.me/+q9iWwMyPl485YzE1 → 加群成功
2022-06-06 08:15:32 → 6281283070774 → https://t.me/+cod7Oy_bjAg5NTk1 → 加群失败：The authenticated user is already a participant of the chat (caused by ImportChatInviteRequest)
2022-06-06 08:15:40 → 60142963511 → https://t.me/+hdw-z80muVFjNzFl → 加群成功
2022-06-06 08:15:51 → 6281218966272 → https://t.me/+W5n0MEy_bxMyMDFl → 加群成功
2022-06-06 08:15:59 → 919923144199 → https://t.me/+3YZdmBbfzH85MDll → 加群成功
2022-06-06 08:16:43 → 6281218966272 → https://t.me/+71ANa06F0wNmNmJl → 加群成功
2022-06-06 08:16:56 → 6285242442967 → https://t.me/+5WmtAnMeZpIyMDhh → 加群成功
2022-06-06 08:17:09 → 919923144199 → https://t.me/+Qda8QNJzsX4yNjVl → 加群失败：The authenticated user is already a participant of the chat (caused by ImportChatInviteRequest)
2022-06-06 08:17:32 → 60142963511 → https://t.me/+d8XzUzLwhhU1YWVl → 加群成功
2022-06-06 08:17:45 → 6281283070774 → https://t.me/+4t_ZnkZnBxJhYzcx → 加群成功
2022-06-06 08:18:01 → 6282133204171 → https://t.me/+REYpWO1e16djZDUx → 加群成功
2022-06-06 08:18:32 → 6285242442969 → https://t.me/+VwDoIE1fU34wNDRl → 加群成功
2022-06-06 08:19:11 → 6281218966272 → https://t.me/+CM8QfiFJeng1OWM1 → 加群成功
2022-06-06 08:19:31 → 919923144199 → https://t.me/+X_itTArL40g1ZWI5 → 加群成功
2022-06-06 08:19:44 → 6281283070774 → https://t.me/+IK9rvcCFpyA3YzI9 → 加群成功
2022-06-06 08:20:20 → 6282133204171 → https://t.me/+tVzy-HX20kJiYWY1 → 加群成功
2022-06-06 08:20:31 → 6285242442967 → https://t.me/+07AqZIR1RH43MmY1 → 加群成功
2022-06-06 08:20:57 → 6285242442969 → https://t.me/+XMeaKsmC7JU4NzA1 → 加群成功
2022-06-06 08:21:31 → 60142963511 → https://t.me/+mXolrdPE2mxhNTdl → 加群成功
2022-06-06 08:21:50 → 6281283070774 → https://t.me/+zp8hQFMQsnIyYTdl → 加群失败：The authenticated user is already a participant of the chat (caused by ImportChatInviteRequest)
2022-06-06 08:22:19 → 6285242442969 → https://t.me/+AGovixe_eoE4NDNh → 加群成功
2022-06-06 08:22:50 → 6285242442967 → https://t.me/+l1slk5dV5jE3ZjNl → 加群成功
2022-06-06 08:22:58 → 60142963511 → https://t.me/+0vEKeyH-sKw5NzEx → 加群成功
2022-06-06 08:23:31 → 919923144199 → https://t.me/+rUlOEDqXoIM4NDk9 → 加群成功
2022-06-06 08:23:50 → 6281218966272 → https://t.me/+K4hA5oTciaJhNTVl → 加群成功
2022-06-06 08:24:08 → 6282133204171 → https://t.me/+zjwd6Dobyb5hYWM1 → 加群成功
2022-06-06 08:24:43 → 6285242442967 → https://t.me/+2hRtaNIomANhZjhl → 加群成功
2022-06-06 08:25:00 → 6282133204171 → https://t.me/+umxZ8YEpnEo2MWUx → 加群失败：https://t.me/+umxZ8YEpnEo2MWUx 用户尝试加入的聊天已过期且不再有效（由 ImportChatInviteRequest 引起）
2022-06-06 08:25:37 → 6281283070774 → https://t.me/+XA-AFUSIJMBjY2Fh → 加群失败：The authenticated user is already a participant of the chat (caused by ImportChatInviteRequest)
2022-06-06 08:26:05 → 6281218966272 → https://t.me/+HjBnsQsrMc44ZmNl → 加群成功
2022-06-06 08:26:33 → 919923144199 → https://t.me/+j1rD3RsKu2A5ZTJl → 加群成功
2022-06-06 08:26:51 → 6285242442969 → https://t.me/+4-TIERdkNVVmY2Ix → 加群成功
2022-06-06 08:27:15 → 60142963511 → https://t.me/+1s6PDJfhJ_45N2Mx → 加群成功
2022-06-06 08:27:56 → 6281218966272 → https://t.me/+qmuwWWOvrME0ODkx → 加群成功
2022-06-06 08:28:08 → 919923144199 → https://t.me/+yB1tBXdqMKFkMGFl → 加群失败：The authenticated user is already a participant of the chat (caused by ImportChatInviteRequest)
2022-06-06 08:28:44 → 6281283070774 → https://t.me/+dYHMcVJpbBwzMGQ1 → 加群失败：The authenticated user is already a participant of the chat (caused by ImportChatInviteRequest)
2022-06-06 08:28:53 → 6285242442969 → https://t.me/+QmtEDlDoYLlkMGVl → 加群成功
2022-06-06 08:29:08 → 6285242442967 → https://t.me/+-HKE3ttySdAxMTk1 → 加群失败：https://t.me/+-HKE3ttySdAxMTk1 用户尝试加入的聊天已过期且不再有效（由 ImportChatInviteRequest 引起）
2022-06-06 08:29:38 → 60142963511 → https://t.me/+2jZp8I80mEIyOGY1 → 加群成功
2022-06-06 08:29:48 → 6282133204171 → https://t.me/+k7skOSclEXNkY2M1 → 加群失败：https://t.me/+k7skOSclEXNkY2M1 用户尝试加入的聊天已过期且不再有效（由 ImportChatInviteRequest 引起）
2022-06-06 08:30:30 → 60142963511 → https://t.me/+zAh3xoopIn4yYTU5 → 加群成功
2022-06-06 08:30:50 → 6282133204171 → https://t.me/+coJH9njcTFI3NGJh → 加群成功
2022-06-06 08:31:19 → 6285242442969 → https://t.me/+B7AquUh1jWpkNjQx → 加群成功
2022-06-06 08:31:56 → 6281283070774 → https://t.me/+K5t6qDH-guk2ZmNl → 加群成功
2022-06-06 08:32:34 → 6285242442967 → https://t.me/+EGVQeuIr3OU0NGI9 → 加群成功
2022-06-06 08:32:51 → 919923144199 → https://t.me/+XOH9ZDrzo3I1MzI1 → 加群成功
2022-06-06 08:33:28 → 6281218966272 → https://t.me/+cgctxddaCwxhYWM1 → 加群成功
2022-06-06 08:33:52 → 60142963511 → https://t.me/+dIyaD5HpDJY3Zjk9 → 加群成功
2022-06-06 08:34:24 → 6285242442967 → https://t.me/+apcxV30gu7M2MjI1 → 加群成功
2022-06-06 08:35:02 → 6281283070774 → https://t.me/+WbJrXuE28703Zjdl → 加群成功
2022-06-06 08:35:22 → 919923144199 → https://t.me/+G-TP1oGwz_UzZTgx → 加群失败：The authenticated user is already a participant of the chat (caused by ImportChatInviteRequest)
2022-06-06 08:35:30 → 6285242442969 → https://t.me/+jIlT6iUJfKBkMzBh → 加群成功
2022-06-06 08:36:03 → 6281218966272 → https://t.me/+3gLBjcldb5E1NWY9 → 加群失败：The authenticated user is already a participant of the chat (caused by ImportChatInviteRequest)
2022-06-06 08:36:14 → 6282133204171 → https://t.me/+1zXkNRlLObA1NGNl → 加群失败：https://t.me/+1zXkNRlLObA1NGNl 用户尝试加入的聊天已过期且不再有效（由 ImportChatInviteRequest 引起）
2022-06-06 08:36:55 → 60142963511 → https://t.me/+9aEGaULesLY4Nzlh → 加群成功
2022-06-06 08:37:18 → 6281218966272 → https://t.me/+ZalvZqpTKQY5ZmVh → 加群成功
2022-06-06 08:37:56 → 6282133204171 → https://t.me/+vD11mXSl0Qo1NjBl → 加群成功
2022-06-06 08:38:08 → 6285242442969 → https://t.me/+2UbXwZlSXqxiMGIx → 加群失败：The authenticated user is already a participant of the chat (caused by ImportChatInviteRequest)
2022-06-06 08:38:17 → 6281283070774 → https://t.me/+-FuT5gvc2BwyNzg5 → 加群失败：https://t.me/+-FuT5gvc2BwyNzg5 用户尝试加入的聊天已过期且不再有效（由 ImportChatInviteRequest 引起）
2022-06-06 08:38:33 → 919923144199 → https://t.me/+uDADliAVzT84ZDRh → 加群失败：The authenticated user is already a participant of the chat (caused by ImportChatInviteRequest)
2022-06-06 08:39:11 → 6285242442967 → https://t.me/+H9LG2jzQBeA4NjMx → 加群成功
2022-06-06 08:39:55 → 6281218966272 → https://t.me/+iBdNpf3vLzBkOTFl → 加群失败：A wait of 93 seconds is required (caused by ImportChatInviteRequest)
2022-06-06 08:40:22 → 919923144199 → https://t.me/+jxfLkeV_sRZlZjIx → 加群失败：A wait of 109 seconds is required (caused by ImportChatInviteRequest)
2022-06-06 08:40:33 → 6281283070774 → https://t.me/+G8wVDtrfGdI3ZTc9 → 加群失败：A wait of 122 seconds is required (caused by ImportChatInviteRequest)
2022-06-06 08:41:09 → 60142963511 → https://t.me/+qG8NTgtN0akxM2Ex → 加群失败：A wait of 132 seconds is required (caused by ImportChatInviteRequest)
2022-06-06 08:41:18 → 6282133204171 → https://t.me/+UbxlM6GKynRhODk1 → 加群失败：A wait of 93 seconds is required (caused by ImportChatInviteRequest)
2022-06-06 08:41:43 → 6285242442967 → https://t.me/+l_b3i7oqjn0zMWE1 → 加群成功
2022-06-06 08:42:17 → 6285242442969 → https://t.me/+Iu_rhvEZnCVjMmNl → 加群成功
2022-06-06 08:42:57 → 6282133204171 → https://t.me/+xn2eYKH-rlI5N2E5 → 加群失败：https://t.me/+xn2eYKH-rlI5N2E5 用户尝试加入的聊天已过期且不再有效（由 ImportChatInviteRequest 引起）
2022-06-06 08:43:33 → 6281218966272 → https://t.me/+8RnTf-FOZT9iYzRl → 加群成功
2022-06-06 08:44:01 → 6285242442967 → https://t.me/+So8ftQcz7V8xMTI5 → 加群成功
2022-06-06 08:44:34 → 919923144199 → https://t.me/+rgxcUm5Dp35mYWI1 → 加群成功
2022-06-06 08:45:12 → 60142963511 → https://t.me/+yTmSqvjL6MZhOGM1 → 加群成功
2022-06-06 08:45:39 → 6285242442969 → https://t.me/+4GYip2NBLOphOTVl → 加群失败：The authenticated user is already a participant of the chat (caused by ImportChatInviteRequest)
2022-06-06 08:46:12 → 6281283070774 → https://t.me/+ZIUaM08xAIhkYmUx → 加群失败：The authenticated user is already a participant of the chat (caused by ImportChatInviteRequest)
2022-06-06 08:46:50 → 6281218966272 → https://t.me/+HBDkiYv3Y9c2ODM1 → 加群成功
2022-06-06 08:47:10 → 6285242442967 → https://t.me/+ULgadWScDkswN2Q1 → 加群失败：The authenticated user is already a participant of the chat (caused by ImportChatInviteRequest)
2022-06-06 08:47:24 → 60142963511 → https://t.me/+YQtg80wqP5NlM2Nh → 加群成功
2022-06-06 08:48:02 → 6282133204171 → https://t.me/+VZOVUsJ_CrRiNjI5 → 加群成功
2022-06-06 08:48:27 → 6281283070774 → https://t.me/+Rn0gXKwDBdZiMzhl → 加群失败：https://t.me/+Rn0gXKwDBdZiMzhl 用户尝试加入的聊天已过期且不再有效（由 ImportChatInviteRequest 引起）
2022-06-06 08:48:59 → 6285242442969 → https://t.me/+sEzjSrHVucliNGE1 → 加群成功
2022-06-06 08:49:28 → 919923144199 → https://t.me/+uFhQDDWC5a8xOTVh → 加群失败：The authenticated user is already a participant of the chat (caused by ImportChatInviteRequest)
2022-06-06 08:50:04 → 6281283070774 → https://t.me/+Hu3nlzXur5djMzg1 → 加群成功
2022-06-06 08:50:20 → 6285242442969 → https://t.me/+xRLKfhWedANiZGM1 → 加群成功
2022-06-06 08:50:27 → 60142963511 → https://t.me/+LO5hAmiN4McyODU1 → 加群成功
2022-06-06 08:51:01 → 6285242442967 → https://t.me/+kaP8DGgokxo4NGIx → 加群成功
2022-06-06 08:51:12 → 6281218966272 → https://t.me/+3SrSrS52L785Yjg1 → 加群成功
2022-06-06 08:51:20 → 6282133204171 → https://t.me/+MVMDI7oWzDczNmI1 → 加群成功
2022-06-06 08:51:32 → 919923144199 → https://t.me/+67pYhAT5wPcxMDRl → 加群失败：The authenticated user is already a participant of the chat (caused by ImportChatInviteRequest)
2022-06-06 08:52:02 → 6281283070774 → https://t.me/+JMW3N_5fjeM5ODk1 → 加群失败：The authenticated user is already a participant of the chat (caused by ImportChatInviteRequest)
2022-06-06 08:52:09 → 6285242442967 → https://t.me/+Sh3VLTGHA9Q3YTdl → 加群成功
2022-06-06 08:52:42 → 60142963511 → https://t.me/+EX5LLMSHNh9iYTQ1 → 加群成功
2022-06-06 08:52:52 → 6282133204171 → https://t.me/+zYJQMkPK-txmNTc1 → 加群失败：https://t.me/+zYJQMkPK-txmNTc1 用户尝试加入的聊天已过期且不再有效（由 ImportChatInviteRequest 引起）
2022-06-06 08:53:20 → 6285242442969 → https://t.me/+SvCI6c2XlcxlZjQx → 加群成功
2022-06-06 08:53:33 → 6281218966272 → https://t.me/+APKLYqmdSclhZjU1 → 加群失败：The authenticated user is already a participant of the chat (caused by ImportChatInviteRequest)
2022-06-06 08:54:00 → 919923144199 → https://t.me/+jDogamSAXRJmNTJl → 加群失败：The authenticated user is already a participant of the chat (caused by ImportChatInviteRequest)
2022-06-06 08:54:38 → 6281218966272 → https://t.me/+ftCy3AbJQ2FkZTdh → 加群成功
2022-06-06 08:55:13 → 6285242442967 → https://t.me/+h2PiE1mN6nZmN2Vl → 加群成功
2022-06-06 08:55:43 → 6285242442969 → https://t.me/+BrmgdJH6PSZkNTNh → 加群成功
2022-06-06 08:55:52 → 919923144199 → https://t.me/+54gl7-9CGNExOTQx → 加群失败：The authenticated user is already a participant of the chat (caused by ImportChatInviteRequest)
2022-06-06 08:56:21 → 6282133204171 → https://t.me/+EsOVJtfj7FwyOWUx → 加群成功
2022-06-06 08:56:48 → 60142963511 → https://t.me/+SIfSmDbixudkMzc1 → 加群失败：The authenticated user is already a participant of the chat (caused by ImportChatInviteRequest)
2022-06-06 08:57:15 → 6281283070774 → https://t.me/+z-xgWFuhbXRiMmU1 → 加群失败：https://t.me/+z-xgWFuhbXRiMmU1 用户尝试加入的聊天已过期且不再有效（由 ImportChatInviteRequest 引起）
2022-06-06 08:57:58 → 6281218966272 → https://t.me/+X1XfCzCulJplNzJl → 加群成功
2022-06-06 08:58:18 → 6285242442969 → https://t.me/+-J3EkxDRssplNmQx → 加群失败：https://t.me/+-J3EkxDRssplNmQx 用户尝试加入的聊天已过期且不再有效（由 ImportChatInviteRequest 引起）
2022-06-06 08:58:29 → 6285242442967 → https://t.me/+ssjAgSqpCLI0YzBh → 加群成功
2022-06-06 08:58:39 → 60142963511 → https://t.me/+bOgiT1uFp88xNmQ1 → 加群成功
2022-06-06 08:59:08 → 919923144199 → https://t.me/+noFSLnh4gzRmMWM1 → 加群成功
2022-06-06 08:59:45 → 6282133204171 → https://t.me/+p6YlZXi4WgU0Yzc1 → 加群成功
2022-06-06 08:59:55 → 6281283070774 → https://t.me/+hG4evzI6ZJ84MTA5 → 加群成功
2022-06-06 09:00:20 → 60142963511 → https://t.me/+-bcWU8v_IGBjNDBl → 加群失败：https://t.me/+-bcWU8v_IGBjNDBl 用户尝试加入的聊天已过期且不再有效（由 ImportChatInviteRequest 引起）
2022-06-06 09:00:36 → 6282133204171 → https://t.me/+jEJUf1tx9vw3Yjk1 → 加群成功
2022-06-06 09:01:08 → 6285242442969 → https://t.me/+1450TvdWFDg3ZDlh → 加群成功
2022-06-06 09:01:41 → 919923144199 → https://t.me/+d704xN5CSodkN2Vh → 加群成功
2022-06-06 09:01:51 → 6285242442967 → https://t.me/+5NQjNc_ygu1jYTYx → 加群成功
2022-06-06 09:02:14 → 6281218966272 → https://t.me/+rxfOqtxvW-4wNWVl → 加群成功
2022-06-06 09:02:25 → 6281283070774 → https://t.me/+X98YxeYTiqcxYzA9 → 加群成功
2022-06-06 09:03:07 → 6285242442969 → https://t.me/+Ykhdirg6NcNkYjAx → 加群成功
2022-06-06 09:03:24 → 6285242442967 → https://t.me/+5gVajc77kDQ0NzI5 → 加群失败：The authenticated user is already a participant of the chat (caused by ImportChatInviteRequest)
2022-06-06 09:03:37 → 6281218966272 → https://t.me/+z9w5abx_AKI3ZDA1 → 加群失败：The authenticated user is already a participant of the chat (caused by ImportChatInviteRequest)
2022-06-06 09:04:12 → 919923144199 → https://t.me/+oK6peJEVCBgzZjcx → 加群成功
2022-06-06 09:04:44 → 6281283070774 → https://t.me/+TkFX2Ws-6WliNjU9 → 加群成功
2022-06-06 09:05:09 → 6282133204171 → https://t.me/+uc5k-JwziZU2MzVh → 加群成功
2022-06-06 09:05:32 → 60142963511 → https://t.me/+9oE0N-acgdo0NTNl → 加群失败：https://t.me/+9oE0N-acgdo0NTNl 用户尝试加入的聊天已过期且不再有效（由 ImportChatInviteRequest 引起）
2022-06-06 09:06:02 → 6281218966272 → https://t.me/+xWeQtRBfjOFkNTA1 → 加群成功
2022-06-06 09:06:19 → 6285242442967 → https://t.me/+C0RIb6Z0lM8xY2Q1 → 加群失败：https://t.me/+C0RIb6Z0lM8xY2Q1 用户尝试加入的聊天已过期且不再有效（由 ImportChatInviteRequest 引起）
2022-06-06 09:06:27 → 6282133204171 → https://t.me/+7NnqHySmWQM2ODU9 → 加群失败：https://t.me/+7NnqHySmWQM2ODU9 用户尝试加入的聊天已过期且不再有效（由 ImportChatInviteRequest 引起）