
2022-06-15 18:23:24 → 601112672704 → https://t.me/wybf168168 → 加群成功
2022-06-15 18:23:39 → 601112672704 → https://t.me/tg006 → 加群成功
2022-06-15 18:23:54 → 601112672704 → https://t.me/haojing168 → 加群成功
2022-06-15 18:24:09 → 79919431787 → https://t.me/balance863 → 加群成功
2022-06-15 18:24:17 → 919722809996 → https://t.me/usdtm → 加群成功
2022-06-15 18:24:25 → 919901066213 → https://t.me/humanresource63 → 加群失败：群组禁止访问
2022-06-15 18:24:30 → 919923144199 → https://t.me/cn_talk → 加群成功
2022-06-15 18:24:39 → 79919429746 → https://t.me/mf_group → 加群失败：掉线/或官方销号
2022-06-15 18:24:44 → 918109281745 → https://t.me/shenzhencity → 加群成功
2022-06-15 18:24:52 → 918509922477 → https://t.me/BAOAA → 加群成功
2022-06-15 18:25:00 → 917061771362 → https://t.me/tg6198 → 加群失败：群组禁止访问
2022-06-15 18:25:06 → 918092132118 → https://t.me/liaobshe → 加群成功
2022-06-15 18:25:14 → 601112672704 → https://t.me/ssunion → 加群成功
2022-06-15 18:25:22 → 917838380415 → https://t.me/nanjing025 → 加群失败：No user has "nanjing025" as username
2022-06-15 18:25:34 → 6288213376206 → https://t.me/bestvcommunity → 加群失败：掉线/或官方销号
2022-06-15 18:25:39 → 79916318026 → https://t.me/chaoxi → 加群成功
2022-06-15 18:25:49 → 6283878470482 → https://t.me/aomenliuhe88 → 加群失败：掉线/或官方销号
2022-06-15 18:25:54 → 6282133209426 → https://t.me/mayishequ → 加群失败：掉线/或官方销号
2022-06-15 18:26:01 → 6283837549531 → https://t.me/Fkzy_Group → 加群成功
2022-06-15 18:26:08 → 6281283070774 → https://t.me/dibaifa → 加群成功
2022-06-15 18:26:16 → 6282195908973 → https://t.me/Sz1888 → 加群失败：掉线/或官方销号
2022-06-15 18:26:21 → 919498170694 → https://t.me/polkadotzh → 加群失败：掉线/或官方销号
2022-06-15 18:26:26 → 6285863261721 → https://t.me/faka58 → 加群失败：掉线/或官方销号
2022-06-15 18:26:31 → 6283853159401 → https://t.me/tg088 → 加群成功
2022-06-15 18:26:39 → 6287835717370 → https://t.me/chaguaner → 加群失败：掉线/或官方销号
2022-06-15 18:26:45 → 919923144199 → https://t.me/pfwcn → 加群失败：群组禁止访问
2022-06-15 18:26:50 → +6287877038136 → https://t.me/liang1112233 → 加群失败：掉线/或官方销号
2022-06-15 18:26:55 → 6281341176226 → https://t.me/liuxingsq → 加群成功
2022-06-15 18:27:03 → 6281274302036 → https://t.me/yindutg → 加群成功
2022-06-15 18:27:11 → 601112672704 → https://t.me/quanzhangshequ → 加群成功
2022-06-15 18:27:19 → 79528551823 → https://t.me/coinbetter_cn → 加群失败：掉线/或官方销号
2022-06-15 18:27:24 → 918130663666 → https://t.me/tg108 → 加群失败：掉线/或官方销号
2022-06-15 18:27:30 → 601124036748 → https://t.me/light_up_comm → 加群成功
2022-06-15 18:27:39 → 6282268584769 → https://t.me/ccv348 → 加群失败：掉线/或官方销号
2022-06-15 18:27:44 → 919901066213 → https://t.me/dibai8880 → 加群失败：掉线/或官方销号
2022-06-15 18:27:49 → 6283854252853 → https://t.me/ai699 → 加群失败：掉线/或官方销号
2022-06-15 18:27:54 → 6288213655040 → https://t.me/tz636 → 加群成功
2022-06-15 18:28:03 → 6283890455511 → https://t.me/zhifu7788 → 加群失败：掉线/或官方销号
2022-06-15 18:28:08 → 918373014962 → https://t.me/liuhedadui → 加群失败：掉线/或官方销号
2022-06-15 18:28:13 → 917061771362 → https://t.me/TGhuaren1 → 加群成功
2022-06-15 18:28:21 → 62895324567242 → https://t.me/india_moneypay → 加群失败：掉线/或官方销号
2022-06-15 18:28:26 → 79773856754 → https://t.me/dayofdefeatcn → 加群失败：掉线/或官方销号
2022-06-15 18:28:31 → 79919431787 → https://t.me/wangzhuanusdt → 加群成功
2022-06-15 18:28:38 → 6283856335352 → https://t.me/expressnode → 加群失败：掉线/或官方销号
2022-06-15 18:28:43 → 6285929906929 → https://t.me/xysbbs → 加群成功
2022-06-15 18:28:51 → 6282190182730 → https://t.me/tg96110 → 加群成功
2022-06-15 18:28:59 → 6287863811455 → https://t.me/kachahu → 加群成功
2022-06-15 18:29:07 → 6282195908918 → https://t.me/paofenht → 加群成功
2022-06-15 18:29:15 → 918867541264 → https://t.me/ColaChina → 加群失败：掉线/或官方销号
2022-06-15 18:29:20 → 6283822465978 → https://t.me/zeronetzh → 加群失败：掉线/或官方销号
2022-06-15 18:29:25 → 6285863261726 → https://t.me/wubuxianjingziyuan → 加群失败：掉线/或官方销号
2022-06-15 18:29:30 → 918538928111 → https://t.me/QQXGQQ → 加群失败：掉线/或官方销号
2022-06-15 18:29:35 → 6283846077843 → https://t.me/lhc168 → 加群成功
2022-06-15 18:29:43 → 917602129536 → https://t.me/olddriver_cdu → 加群成功
2022-06-15 18:29:51 → 6281283602716 → https://t.me/goutui → 加群失败：掉线/或官方销号
2022-06-15 18:29:56 → 6285242442969 → https://t.me/x00008 → 加群失败：掉线/或官方销号
2022-06-15 18:30:01 → 6282189443842 → https://t.me/tg166 → 加群失败：掉线/或官方销号
2022-06-15 18:30:06 → 60178838240 → https://t.me/blsq55 → 加群失败：掉线/或官方销号
2022-06-15 18:30:11 → 79917733379 → https://t.me/esmascript6 → 加群失败：掉线/或官方销号
2022-06-15 18:30:16 → 919770816947 → https://t.me/daifu76 → 加群成功
2022-06-15 18:30:39 → 918957222472 → https://t.me/paofen315 → 加群失败：掉线/或官方销号
2022-06-15 18:30:44 → 62895324567778 → https://t.me/gz3388 → 加群失败：掉线/或官方销号
2022-06-15 18:30:49 → 6283122179137 → https://t.me/Nst_WP → 加群成功
2022-06-15 18:30:57 → 6281264848754 → https://t.me/yyl001 → 加群失败：掉线/或官方销号
2022-06-15 18:31:02 → +6285956508793 → https://t.me/fastfish2 → 加群失败：掉线/或官方销号
2022-06-15 18:31:07 → 919722809996 → https://t.me/shuju888666 → 加群成功
2022-06-15 18:31:15 → 919482799261 → https://t.me/dfsdaeaw → 加群失败：Nobody is using this username, or the username is unacceptable. If the latter, it must match r"[a-zA-Z][\w\d]{3,30}[a-zA-Z\d]" (caused by ResolveUsernameRequest)
2022-06-15 18:31:20 → 6283870893252 → https://t.me/tg771 → 加群失败：掉线/或官方销号
2022-06-15 18:31:25 → 6288212128538 → https://t.me/xbdb01 → 加群成功
2022-06-15 18:31:33 → +6287731670233 → https://t.me/se_talk → 加群失败：掉线/或官方销号
2022-06-15 18:31:38 → 6288213627257 → https://t.me/BIYONGOfficial0015 → 加群成功
2022-06-15 18:31:47 → 79917733563 → https://t.me/beiluochat → 加群成功
2022-06-15 18:31:56 → 601124026034 → https://t.me/laoyingchuhai8 → 加群成功
2022-06-15 18:32:04 → 5511961181940 → https://t.me/maticnetwork_china → 加群失败：掉线/或官方销号
2022-06-15 18:32:10 → 601112672414 → https://t.me/Gm0008 → 加群成功
2022-06-15 18:32:17 → +6281993378760 → https://t.me/wz513064 → 加群失败：掉线/或官方销号
2022-06-15 18:32:22 → 6285242443022 → https://t.me/mingmen520 → 加群失败：掉线/或官方销号
2022-06-15 18:32:27 → 918092132118 → https://t.me/usdtdfds → 加群成功
2022-06-15 18:32:50 → 919564211044 → https://t.me/tgdl128 → 加群失败：掉线/或官方销号
2022-06-15 18:32:55 → +6285974620018 → https://t.me/shenma001 → 加群失败：掉线/或官方销号
2022-06-15 18:33:00 → 918109281745 → https://t.me/dibaihrg009 → 加群失败：群组禁止访问
2022-06-15 18:33:05 → +6282136595828 → https://t.me/usdtbmw → 加群失败：掉线/或官方销号
2022-06-15 18:33:11 → 639677121074 → https://t.me/hunantg → 加群失败：You have joined too many channels/supergroups (caused by JoinChannelRequest)
2022-06-15 18:33:17 → 6288213541133 → https://t.me/qqxgqq → 加群失败：掉线/或官方销号
2022-06-15 18:33:22 → 918509922477 → https://t.me/yinhangkausdt → 加群成功
2022-06-15 18:33:30 → 6283833724909 → https://t.me/officelearner → 加群成功
2022-06-15 18:33:38 → 601124042925 → https://t.me/jiu_777 → 加群成功
2022-06-15 18:33:46 → +6287877038594 → https://t.me/zzlsjbyq → 加群失败：掉线/或官方销号
2022-06-15 18:33:51 → 6283877463755 → https://t.me/ltq33 → 加群失败：掉线/或官方销号
2022-06-15 18:33:56 → +6281993379050 → https://t.me/myfreevpn → 加群失败：掉线/或官方销号
2022-06-15 18:34:01 → 917838380415 → https://t.me/pshqo → 加群成功
2022-06-15 18:34:09 → +6285974229632 → https://t.me/gaigangs → 加群失败：掉线/或官方销号
2022-06-15 18:34:14 → +6287877038336 → https://t.me/akkcloud → 加群失败：掉线/或官方销号
2022-06-15 18:34:19 → +6287877038309 → https://t.me/heyuedashen1 → 加群失败：掉线/或官方销号
2022-06-15 18:34:24 → 6282284114509 → https://t.me/qxinw → 加群成功
2022-06-15 18:34:32 → +6281993378870 → https://t.me/danbao96 → 加群失败：掉线/或官方销号
2022-06-15 18:34:37 → 6283870892658 → https://t.me/myanmarcn → 加群失败：掉线/或官方销号
2022-06-15 18:34:42 → 6283129267390 → https://t.me/binance_api_chinese → 加群成功
2022-06-15 18:34:50 → 6288213511335 → https://t.me/baoaa → 加群失败：掉线/或官方销号
2022-06-15 18:34:55 → 79045541142 → https://t.me/asiaweed → 加群失败：掉线/或官方销号
2022-06-15 18:35:01 → 6282268584651 → https://t.me/Zoey052697 → 加群成功
2022-06-15 18:35:09 → 918320325390 → https://t.me/cdshouchang4 → 加群失败：掉线/或官方销号
2022-06-15 18:35:14 → 6281283602694 → https://t.me/xcarnival_chinese → 加群失败：掉线/或官方销号
2022-06-15 18:35:19 → 6289635971327 → https://t.me/yizhifu678 → 加群失败：掉线/或官方销号
2022-06-15 18:35:25 → 5541984282336 → https://t.me/xiaohao2018 → 加群成功
2022-06-15 18:35:33 → 8801743979741 → https://t.me/ussyu → 加群成功
2022-06-15 18:35:40 → 5541984282336.json → https://t.me/discussimmigration → 加群失败：掉线/或官方销号
2022-06-15 18:35:45 → 79528551283 → https://t.me/chaxun2020 → 加群成功
2022-06-15 18:35:53 → 916354850353 → https://t.me/WKLhuaren → 加群失败：掉线/或官方销号
2022-06-15 18:35:58 → 919392786001 → https://t.me/iClubHouse → 加群失败：掉线/或官方销号
2022-06-15 18:36:03 → 6282113664005 → https://t.me/zhuhai9 → 加群成功
2022-06-15 18:36:11 → +6281993383439 → https://t.me/BKEXChinese → 加群失败：掉线/或官方销号
2022-06-15 18:36:23 → 601124026034 → https://t.me/dmzf8 → 加群成功
2022-06-15 18:36:31 → 6285929906929 → https://t.me/botong002 → 加群成功
2022-06-15 18:36:39 → 6287863811455 → https://t.me/feihelp → 加群失败：掉线/或官方销号
2022-06-15 18:36:44 → 6283122179137 → https://t.me/PHMAKA107 → 加群成功
2022-06-15 18:36:52 → 6282190182730 → https://t.me/TG006 → 加群成功
2022-06-15 18:37:00 → 639677121074 → https://t.me/lbank_cn → 加群失败：You have joined too many channels/supergroups (caused by JoinChannelRequest)
2022-06-15 18:37:07 → 79528551283 → https://t.me/programertalk → 加群成功
2022-06-15 18:37:14 → 6281283070774 → https://t.me/cccccccxyyy → 加群成功
2022-06-15 18:37:22 → 79916318026 → https://t.me/xjltq → 加群成功
2022-06-15 18:37:29 → 6282284114509 → https://t.me/FHLMTEAM → 加群成功
2022-06-15 18:37:37 → 6283837549531 → https://t.me/iampua → 加群成功
2022-06-15 18:37:45 → 6283129267390 → https://t.me/bohrwebc → 加群成功
2022-06-15 18:37:53 → 79919431787 → https://t.me/usdthuihuan → 加群成功
2022-06-15 18:38:00 → 601112672704 → https://t.me/fw866 → 加群成功
2022-06-15 18:38:08 → 919923144199 → https://t.me/tgdanbao000 → 加群成功
2022-06-15 18:38:17 → 918109281745 → https://t.me/jfoisjfiodvfd → 加群成功
2022-06-15 18:38:25 → 6282195908918 → https://t.me/yuantoushuju5 → 加群成功
2022-06-15 18:38:34 → 917061771362 → https://t.me/hzaxx → 加群成功
2022-06-15 18:38:41 → 918509922477 → https://t.me/huaao1 → 加群成功
2022-06-15 18:38:49 → 601124036748 → https://t.me/xuanchengolddriver → 加群成功
2022-06-15 18:38:57 → 6283833724909 → https://t.me/www589qkcom → 加群成功
2022-06-15 18:39:06 → 601124042925 → https://t.me/justmysockscn → 加群成功
2022-06-15 18:39:15 → 8801743979741 → https://t.me/yuanyuzhou8 → 加群成功
2022-06-15 18:39:24 → 6281341176226 → https://t.me/ibox_official → 加群成功
2022-06-15 18:39:31 → 6283846077843 → https://t.me/monstainfinitechinese → 加群成功
2022-06-15 18:39:39 → 919482799261 → https://t.me/crxs778 → 加群成功
2022-06-15 18:39:47 → 919770816947 → https://t.me/fbwsline2021 → 加群成功
2022-06-15 18:39:55 → 917838380415 → https://t.me/paofen33 → 加群成功
2022-06-15 18:40:03 → 601112672414 → https://t.me/huaxingyl8 → 加群成功
2022-06-15 18:40:11 → 5541984282336 → https://t.me/MDhuaren1 → 加群成功
2022-06-15 18:40:18 → 917602129536 → https://t.me/yueaijilu → 加群成功
2022-06-15 18:40:27 → 6283853159401 → https://t.me/php_group_cn → 加群成功
2022-06-15 18:40:37 → 6281274302036 → https://t.me/mla9999 → 加群成功
2022-06-15 18:40:45 → 6288213655040 → https://t.me/yangjiangchannel → 加群成功
2022-06-15 18:40:53 → 919722809996 → https://t.me/yamzcunziyuanduij → 加群成功
2022-06-15 18:41:01 → 6288212128538 → https://t.me/sunshineyyds → 加群成功
2022-06-15 18:41:09 → 79917733563 → https://t.me/aofexcn → 加群成功
2022-06-15 18:41:17 → 6288213627257 → https://t.me/pg528 → 加群失败：掉线/或官方销号
2022-06-15 18:41:22 → 6282113664005 → https://t.me/mikebill888 → 加群成功
2022-06-15 18:41:30 → 918092132118 → https://t.me/dhjlq → 加群成功
2022-06-15 18:41:38 → 6282268584651 → https://t.me/fhlmteam → 加群成功
2022-06-15 18:41:53 → 919722809996 → https://t.me/nbydxyk1 → 加群成功
2022-06-15 18:42:02 → 601112672414 → https://t.me/daishoujiaoyi → 加群成功
2022-06-15 18:42:09 → 919923144199 → https://t.me/TG110 → 加群成功
2022-06-15 18:42:17 → 918509922477 → https://t.me/homeassiant666 → 加群成功
2022-06-15 18:42:26 → 601112672704 → https://t.me/bcweb → 加群成功
2022-06-15 18:42:35 → 6282268584651 → https://t.me/linkdyh → 加群成功
2022-06-15 18:42:42 → 6282113664005 → https://t.me/sanfang53 → 加群成功
2022-06-15 18:43:05 → 79528551283 → https://t.me/dbf6666 → 加群成功
2022-06-15 18:43:13 → 6281274302036 → https://t.me/gboxtg → 加群成功
2022-06-15 18:43:21 → 5541984282336 → https://t.me/huihui220 → 加群成功
2022-06-15 18:43:29 → 6288213655040 → https://t.me/huichan_com_grp → 加群成功
2022-06-15 18:43:36 → 6283837549531 → https://t.me/tg148 → 加群成功
2022-06-15 18:43:44 → 6283846077843 → https://t.me/yuantoushuju4 → 加群成功
2022-06-15 18:43:53 → 918092132118 → https://t.me/wuhpay → 加群成功
2022-06-15 18:44:01 → 79919431787 → https://t.me/MDhuaren1 → 加群成功
2022-06-15 18:44:09 → 601124042925 → https://t.me/TG6766 → 加群成功
2022-06-15 18:44:17 → 6282195908918 → https://t.me/tcelue1 → 加群成功
2022-06-15 18:44:25 → 917602129536 → https://t.me/DBhuaren1 → 加群成功
2022-06-15 18:44:33 → 8801743979741 → https://t.me/pionexcn → 加群成功
2022-06-15 18:44:41 → 6282190182730 → https://t.me/xinbi_088 → 加群成功
2022-06-15 18:44:49 → 6288212128538 → https://t.me/ckidc666 → 加群成功
2022-06-15 18:44:57 → 917061771362 → https://t.me/ca0505 → 加群成功
2022-06-15 18:45:05 → 79916318026 → https://t.me/xvswens → 加群成功
2022-06-15 18:45:13 → 79917733563 → https://t.me/qianmin → 加群成功
2022-06-15 18:45:22 → 6282284114509 → https://t.me/tianziusdt → 加群成功
2022-06-15 18:45:29 → 601124036748 → https://t.me/radiocacaasian → 加群成功
2022-06-15 18:45:37 → 6281283070774 → https://t.me/MDhuaren1 → 加群成功
2022-06-15 18:45:45 → 919482799261 → https://t.me/loufenha → 加群成功
2022-06-15 18:45:53 → 6283122179137 → https://t.me/allswapcn → 加群成功
2022-06-15 18:46:01 → 6285929906929 → https://t.me/lkdxqf88 → 加群成功
2022-06-15 18:46:09 → 6283853159401 → https://t.me/dibai918 → 加群成功
2022-06-15 18:46:17 → 639677121074 → https://t.me/b12306 → 加群失败：You have joined too many channels/supergroups (caused by JoinChannelRequest)
2022-06-15 18:46:23 → 917838380415 → https://t.me/TG006 → 加群成功
2022-06-15 18:46:31 → 918109281745 → https://t.me/ysshuju1 → 加群成功
2022-06-15 18:46:40 → 6281341176226 → https://t.me/kkkttt369 → 加群成功
2022-06-15 18:46:47 → 6283129267390 → https://t.me/tgdl128 → 加群成功
2022-06-15 18:46:55 → 601124026034 → https://t.me/tg0799 → 加群成功
2022-06-15 18:47:04 → 6283833724909 → https://t.me/tuishouLL01 → 加群成功
2022-06-15 18:47:11 → 919770816947 → https://t.me/australiasydneychat → 加群成功
2022-06-15 18:47:26 → 79528551283 → https://t.me/TG55555555555 → 加群成功
2022-06-15 18:47:35 → 6282113664005 → https://t.me/qipaipan54 → 加群成功
2022-06-15 18:47:42 → 601124026034 → https://t.me/huanqian35 → 加群成功
2022-06-15 18:48:05 → 6282284114509 → https://t.me/dyjiaoliu → 加群成功
2022-06-15 18:48:13 → 6283122179137 → https://t.me/gdr666 → 加群失败：Cannot cast InputPeerUser to any kind of InputChannel.
2022-06-15 18:48:18 → 6283833724909 → https://t.me/biboxgroup → 加群成功
2022-06-15 18:48:26 → 8801743979741 → https://t.me/dubaiqq918 → 加群成功
2022-06-15 18:48:34 → 919482799261 → https://t.me/usdthuzhu3 → 加群成功
2022-06-15 18:48:43 → 79919431787 → https://t.me/chinadarknet → 加群成功
2022-06-15 18:48:50 → 6288213655040 → https://t.me/bdzycom → 加群成功
2022-06-15 18:48:58 → 6281274302036 → https://t.me/bzzone → 加群成功
2022-06-15 18:49:06 → 917838380415 → https://t.me/deep3695 → 加群成功
2022-06-15 18:49:14 → 919923144199 → https://t.me/FQ3P3 → 加群成功
2022-06-15 18:49:22 → 6283846077843 → https://t.me/tg8848community → 加群成功
2022-06-15 18:49:30 → 6281341176226 → https://t.me/appssweepstakes → 加群成功
2022-06-15 18:49:40 → 6285929906929 → https://t.me/pionexcn → 加群成功
2022-06-15 18:49:48 → 601124042925 → https://t.me/fhaak8 → 加群成功
2022-06-15 18:49:56 → 639677121074 → https://t.me/btc_chinese → 加群失败：You have joined too many channels/supergroups (caused by JoinChannelRequest)
2022-06-15 18:50:02 → 79917733563 → https://t.me/kx360 → 加群成功
2022-06-15 18:50:10 → 6283853159401 → https://t.me/quanqiushouhuo → 加群成功
2022-06-15 18:50:18 → 79916318026 → https://t.me/fluxdefi → 加群失败：群组禁止访问
2022-06-15 18:50:23 → 917061771362 → https://t.me/bkexchinese → 加群失败：群组禁止访问
2022-06-15 18:50:28 → 919770816947 → https://t.me/P541888888 → 加群成功
2022-06-15 18:50:36 → 917602129536 → https://t.me/ydsj1 → 加群成功
2022-06-15 18:50:44 → 601112672414 → https://t.me/bacommu → 加群成功
2022-06-15 18:50:52 → 6282268584651 → https://t.me/zhongshandidi → 加群成功
2022-06-15 18:51:00 → 5541984282336 → https://t.me/yugzf → 加群成功
2022-06-15 18:51:08 → 6281283070774 → https://t.me/huione888 → 加群成功
2022-06-15 18:51:31 → 919722809996 → https://t.me/feihuaph → 加群成功
2022-06-15 18:51:40 → 6288212128538 → https://t.me/fwbzy → 加群成功
2022-06-15 18:51:48 → 918109281745 → https://t.me/hgmhxz → 加群成功
2022-06-15 18:51:55 → 918092132118 → https://t.me/xianliao01 → 加群失败：群组禁止访问
2022-06-15 18:52:01 → 6282190182730 → https://t.me/universityalliance → 加群成功
2022-06-15 18:52:11 → 6283837549531 → https://t.me/tgdibai168 → 加群成功
2022-06-15 18:52:19 → 6283129267390 → https://t.me/three001 → 加群成功
2022-06-15 18:52:27 → 601124036748 → https://t.me/zhenggui → 加群成功
2022-06-15 18:52:35 → 6282195908918 → https://t.me/A_K_3A → 加群成功
2022-06-15 18:52:43 → 601112672704 → https://t.me/html66 → 加群成功
2022-06-15 18:52:51 → 918509922477 → https://t.me/hoogroupchinese → 加群失败：群组禁止访问
2022-06-15 18:53:03 → 6282190182730 → https://t.me/otcfl → 加群成功
2022-06-15 18:53:11 → 601124036748 → https://t.me/si1688 → 加群成功
2022-06-15 18:53:19 → 6282113664005 → https://t.me/meizi005 → 加群成功
2022-06-15 18:53:28 → 919923144199 → https://t.me/shcpco → 加群成功
2022-06-15 18:53:35 → 918092132118 → https://t.me/olddriversh → 加群成功
2022-06-15 18:53:43 → 601124042925 → https://t.me/network50_chat → 加群成功
2022-06-15 18:53:51 → 601124026034 → https://t.me/tgyhzq → 加群成功
2022-06-15 18:53:59 → 601112672704 → https://t.me/btokofficial_03 → 加群成功
2022-06-15 18:54:07 → 6288212128538 → https://t.me/cndumpschat → 加群失败：Nobody is using this username, or the username is unacceptable. If the latter, it must match r"[a-zA-Z][\w\d]{3,30}[a-zA-Z\d]" (caused by ResolveUsernameRequest)
2022-06-15 18:54:12 → 6281274302036 → https://t.me/shell66666 → 加群成功
2022-06-15 18:54:20 → 6285929906929 → https://t.me/TG907 → 加群成功
2022-06-15 18:54:29 → 6283837549531 → https://t.me/guminlaqun66 → 加群成功
2022-06-15 18:54:38 → 8801743979741 → https://t.me/huizhouqun → 加群成功
2022-06-15 18:54:46 → 917061771362 → https://t.me/guangdongyue → 加群成功
2022-06-15 18:54:53 → 79917733563 → https://t.me/TG006 → 加群成功
2022-06-15 18:55:02 → 6283122179137 → https://t.me/HuNanTG → 加群成功
2022-06-15 18:55:12 → 79528551283 → https://t.me/bz8822 → 加群成功
2022-06-15 18:55:22 → 919482799261 → https://t.me/chatssr → 加群成功
2022-06-15 18:55:33 → 919722809996 → https://t.me/olddriver_fs → 加群成功
2022-06-15 18:55:41 → 6282195908918 → https://t.me/usdt43 → 加群成功
2022-06-15 18:55:49 → 6283853159401 → https://t.me/xxg863 → 加群成功
2022-06-15 18:55:56 → 6281341176226 → https://t.me/hi_Official_Chinese → 加群成功
2022-06-15 18:56:04 → 917838380415 → https://t.me/xianliao01 → 加群成功
2022-06-15 18:56:12 → 639677121074 → https://t.me/ytzx2 → 加群失败：You have joined too many channels/supergroups (caused by JoinChannelRequest)
2022-06-15 18:56:18 → 6283833724909 → https://t.me/sq577 → 加群成功
2022-06-15 18:56:26 → 5541984282336 → https://t.me/hi_official_chinese → 加群成功
2022-06-15 18:56:33 → 601112672414 → https://t.me/tgzhcn → 加群成功
2022-06-15 18:56:41 → 918509922477 → https://t.me/BinancePoolChinese → 加群成功
2022-06-15 18:56:49 → 79919431787 → https://t.me/a_k_3a → 加群成功
2022-06-15 18:56:57 → 79916318026 → https://t.me/btokcn_0016 → 加群成功
2022-06-15 18:57:05 → 917602129536 → https://t.me/TG0188 → 加群成功
2022-06-15 18:57:13 → 6288213655040 → https://t.me/jiamidi → 加群成功
2022-06-15 18:57:23 → 6283846077843 → https://t.me/tokaucn → 加群成功
2022-06-15 18:57:31 → 6282284114509 → https://t.me/DBhuaren1 → 加群成功
2022-06-15 18:57:39 → 6282268584651 → https://t.me/olddrivergd → 加群成功
2022-06-15 18:57:47 → 6283129267390 → https://t.me/pionexcn → 加群成功
2022-06-15 18:57:56 → 918109281745 → https://t.me/phbbs → 加群成功
2022-06-15 18:58:03 → 919770816947 → https://t.me/zscd1 → 加群成功
2022-06-15 18:58:11 → 6281283070774 → https://t.me/BikingChineseGroup → 加群成功
2022-06-15 18:58:26 → 919770816947 → https://t.me/qqlsj → 加群成功
2022-06-15 18:58:34 → 6282284114509 → https://t.me/dijia02 → 加群成功
2022-06-15 18:58:42 → 639677121074 → https://t.me/guiyangpapa → 加群失败：You have joined too many channels/supergroups (caused by JoinChannelRequest)
2022-06-15 18:58:47 → 918092132118 → https://t.me/dibai778899 → 加群成功
2022-06-15 18:58:55 → 79917733563 → https://t.me/AlgorandFoundationCN → 加群失败：群组禁止访问
2022-06-15 18:59:00 → 601112672704 → https://t.me/tg328 → 加群成功
2022-06-15 18:59:08 → 601124042925 → https://t.me/shuju666886 → 加群失败：No user has "shuju666886" as username
2022-06-15 18:59:14 → 919923144199 → https://t.me/szhkfun → 加群成功
2022-06-15 18:59:22 → 6281341176226 → https://t.me/dongnanyaliaotian → 加群成功
2022-06-15 18:59:30 → 6281274302036 → https://t.me/gm0008 → 加群成功
2022-06-15 18:59:39 → 79528551283 → https://t.me/tongdao25 → 加群成功
2022-06-15 18:59:46 → 6285929906929 → https://t.me/zscd18 → 加群成功
2022-06-15 18:59:54 → 6288213655040 → https://t.me/USTCtg → 加群成功
2022-06-15 19:00:03 → 6282190182730 → https://t.me/TG188188 → 加群成功
2022-06-15 19:00:11 → 919482799261 → https://t.me/ColaChina → 加群成功
2022-06-15 19:00:19 → 917838380415 → https://t.me/huobiglobal_zw → 加群成功
2022-06-15 19:00:27 → 917602129536 → https://t.me/qht888 → 加群失败：Nobody is using this username, or the username is unacceptable. If the latter, it must match r"[a-zA-Z][\w\d]{3,30}[a-zA-Z\d]" (caused by ResolveUsernameRequest)
2022-06-15 19:00:32 → 79916318026 → https://t.me/Socks55555 → 加群成功
2022-06-15 19:00:40 → 919722809996 → https://t.me/tg_88888 → 加群成功
2022-06-15 19:00:47 → 6283129267390 → https://t.me/cambodiacn → 加群成功
2022-06-15 19:00:58 → 601124026034 → https://t.me/binancechinese → 加群成功
2022-06-15 19:01:05 → 79919431787 → https://t.me/readerbeta → 加群失败：群组禁止访问
2022-06-15 19:01:10 → 6281283070774 → https://t.me/gif128 → 加群成功
2022-06-15 19:01:18 → 917061771362 → https://t.me/paofen55 → 加群失败：No user has "paofen55" as username
2022-06-15 19:01:25 → 6282195908918 → https://t.me/binzhouqun → 加群成功
2022-06-15 19:01:32 → 918109281745 → https://t.me/mihuzahuopu → 加群成功
2022-06-15 19:01:40 → 601124036748 → https://t.me/hwdbq → 加群成功
2022-06-15 19:02:04 → 6283122179137 → https://t.me/KavaChinese → 加群成功
2022-06-15 19:02:11 → 6288212128538 → https://t.me/ziyuan2 → 加群成功
2022-06-15 19:02:19 → 6283837549531 → https://t.me/tfwzclz → 加群成功
2022-06-15 19:02:27 → 6282268584651 → https://t.me/xbzijian → 加群成功
2022-06-15 19:02:38 → 918509922477 → https://t.me/Dingshia → 加群成功
2022-06-15 19:02:45 → 6283833724909 → https://t.me/tglianmeng002 → 加群成功
2022-06-15 19:02:53 → 601112672414 → https://t.me/cyj1188 → 加群成功
2022-06-15 19:03:01 → 8801743979741 → https://t.me/gibxchange_cn → 加群成功
2022-06-15 19:03:10 → 6283846077843 → https://t.me/bozaiweb → 加群成功
2022-06-15 19:03:17 → 6282113664005 → https://t.me/tg12389 → 加群成功
2022-06-15 19:03:25 → 6283853159401 → https://t.me/huanxiangyouxi → 加群成功
2022-06-15 19:03:33 → 5541984282336 → https://t.me/zb_support → 加群成功
2022-06-15 19:03:47 → 6282190182730 → https://t.me/GouTuiClub → 加群成功
2022-06-15 19:03:57 → 919923144199 → https://t.me/nwdr888 → 加群成功
2022-06-15 19:04:05 → 601124026034 → https://t.me/zhifuo → 加群成功
2022-06-15 19:04:13 → 918109281745 → https://t.me/changsha_dev → 加群失败：群组禁止访问
2022-06-15 19:04:18 → 6283122179137 → https://t.me/jianpuzai777 → 加群成功
2022-06-15 19:04:28 → 6283833724909 → https://t.me/OKXGroup_CN → 加群成功
2022-06-15 19:04:36 → 601112672704 → https://t.me/google_win → 加群成功
2022-06-15 19:04:44 → 601124042925 → https://t.me/kavachinese → 加群成功
2022-06-15 19:04:52 → 917602129536 → https://t.me/wy173 → 加群成功
2022-06-15 19:05:01 → 919722809996 → https://t.me/olddriver_gd → 加群成功
2022-06-15 19:05:08 → 6282268584651 → https://t.me/dockertutorial → 加群成功
2022-06-15 19:05:16 → 601124036748 → https://t.me/qwerdt1 → 加群成功
2022-06-15 19:05:24 → 6288213655040 → https://t.me/hi_Official_Chinese → 加群成功
2022-06-15 19:05:32 → 79919431787 → https://t.me/BinancePoolChinese → 加群成功
2022-06-15 19:05:40 → 919482799261 → https://t.me/weikang2020 → 加群成功
2022-06-15 19:05:48 → 918092132118 → https://t.me/saltyleo_blog → 加群成功
2022-06-15 19:05:56 → 918509922477 → https://t.me/galaxyheroescn → 加群失败：群组禁止访问
2022-06-15 19:06:01 → 917838380415 → https://t.me/olddriverhui → 加群失败：群组禁止访问
2022-06-15 19:06:07 → 79916318026 → https://t.me/fastfish2 → 加群成功
2022-06-15 19:06:17 → 6285929906929 → https://t.me/mljlq → 加群成功
2022-06-15 19:06:25 → 917061771362 → https://t.me/btokcn_0014 → 加群成功
2022-06-15 19:06:33 → 79917733563 → https://t.me/flea66 → 加群成功
2022-06-15 19:06:42 → 6281274302036 → https://t.me/bandwagonhostgroup → 加群成功
2022-06-15 19:06:50 → 6283853159401 → https://t.me/sakura_cloud → 加群成功
2022-06-15 19:06:58 → 639677121074 → https://t.me/paofen1688 → 加群失败：You have joined too many channels/supergroups (caused by JoinChannelRequest)
2022-06-15 19:07:03 → 601112672414 → https://t.me/hi628 → 加群成功
2022-06-15 19:07:14 → 6283837549531 → https://t.me/doge88 → 加群成功
2022-06-15 19:07:21 → 6282195908918 → https://t.me/zhongwen6 → 加群成功
2022-06-15 19:07:29 → 6283129267390 → https://t.me/BinanceChinese → 加群成功
2022-06-15 19:07:37 → 8801743979741 → https://t.me/yxbjx → 加群成功
2022-06-15 19:07:45 → 6282113664005 → https://t.me/qingroup → 加群成功
2022-06-15 19:07:53 → 79528551283 → https://t.me/tsdb01 → 加群成功
2022-06-15 19:08:01 → 6281341176226 → https://t.me/wwxcxinting → 加群成功
2022-06-15 19:08:09 → 919770816947 → https://t.me/ml520 → 加群成功
2022-06-15 19:08:17 → 6281283070774 → https://t.me/diyidaifu → 加群成功
2022-06-15 19:08:25 → 5541984282336 → https://t.me/BKEXChinese → 加群成功
2022-06-15 19:08:32 → 6283846077843 → https://t.me/a1313652 → 加群成功
2022-06-15 19:08:40 → 6282284114509 → https://t.me/axujj → 加群成功
2022-06-15 19:08:49 → 6288212128538 → https://t.me/bitcoin_cn → 加群成功
2022-06-15 19:09:03 → 919770816947 → https://t.me/xxup1121 → 加群成功
2022-06-15 19:09:11 → 601124026034 → https://t.me/tghc1 → 加群成功
2022-06-15 19:09:19 → 6282284114509 → https://t.me/kmfw56789 → 加群成功
2022-06-15 19:09:27 → 79916318026 → https://t.me/daishuvpn → 加群成功
2022-06-15 19:09:36 → 919722809996 → https://t.me/BinanceChinese → 加群成功
2022-06-15 19:09:43 → 6288212128538 → https://t.me/dbjlq1 → 加群成功
2022-06-15 19:09:51 → 6283122179137 → https://t.me/frontend_talk → 加群成功
2022-06-15 19:10:01 → 917838380415 → https://t.me/daishou15 → 加群成功
2022-06-15 19:10:24 → 639677121074 → https://t.me/zaozhuang1 → 加群失败：You have joined too many channels/supergroups (caused by JoinChannelRequest)
2022-06-15 19:10:29 → 917602129536 → https://t.me/zfb_qq → 加群成功
2022-06-15 19:10:37 → 79917733563 → https://t.me/bitcoindfds → 加群成功
2022-06-15 19:10:45 → 601124036748 → https://t.me/pcptm → 加群成功
2022-06-15 19:10:53 → 919482799261 → https://t.me/aiweisi888 → 加群成功
2022-06-15 19:11:01 → 6283129267390 → https://t.me/NodeGlobal → 加群成功
2022-06-15 19:11:09 → 5541984282336 → https://t.me/bailaohui_cvv → 加群成功
2022-06-15 19:11:17 → 601112672704 → https://t.me/kaiheo → 加群成功
2022-06-15 19:11:26 → 6288213655040 → https://t.me/aomenliuhe88 → 加群成功
2022-06-15 19:11:35 → 6281274302036 → https://t.me/ak99yunmlsxfgds → 加群成功
2022-06-15 19:11:43 → 79528551283 → https://t.me/xmarspace → 加群成功
2022-06-15 19:11:51 → 6283837549531 → https://t.me/vfucloud → 加群成功
2022-06-15 19:11:59 → 6282113664005 → https://t.me/baocai217 → 加群成功
2022-06-15 19:12:07 → 6282190182730 → https://t.me/haojiyou → 加群成功
2022-06-15 19:12:17 → 917061771362 → https://t.me/seeyellow → 加群失败：群组禁止访问
2022-06-15 19:12:22 → 79919431787 → https://t.me/fg528 → 加群成功
2022-06-15 19:12:30 → 6283833724909 → https://t.me/njwwjpxc → 加群成功
2022-06-15 19:12:38 → 6283853159401 → https://t.me/xingbi0088 → 加群成功
2022-06-15 19:12:47 → 6285929906929 → https://t.me/yidaoshou2 → 加群成功
2022-06-15 19:12:54 → 6282268584651 → https://t.me/doxchina → 加群失败：No user has "doxchina" as username
2022-06-15 19:12:59 → 918109281745 → https://t.me/caoji565 → 加群成功
2022-06-15 19:13:07 → 6283846077843 → https://t.me/trj_shore001 → 加群成功
2022-06-15 19:13:15 → 6282195908918 → https://t.me/olddrivercd → 加群成功
2022-06-15 19:13:23 → 6281341176226 → https://t.me/dibaicn → 加群成功
2022-06-15 19:13:31 → 601112672414 → https://t.me/db_lm → 加群成功
2022-06-15 19:13:40 → 919923144199 → https://t.me/daishou44 → 加群成功
2022-06-15 19:13:50 → 601124042925 → https://t.me/zn88666 → 加群成功
2022-06-15 19:13:58 → 6281283070774 → https://t.me/CKidc666 → 加群成功
2022-06-15 19:14:06 → 918509922477 → https://t.me/tiandeng88 → 加群成功
2022-06-15 19:14:14 → 918092132118 → https://t.me/dibai12 → 加群成功
2022-06-15 19:14:22 → 8801743979741 → https://t.me/pingan66chadang → 加群成功
2022-06-15 19:14:37 → 79916318026 → https://t.me/v2rayn → 加群失败：群组禁止访问
2022-06-15 19:14:42 → 919923144199 → https://t.me/sichouzhilu0 → 加群成功
2022-06-15 19:14:50 → 6288213655040 → https://t.me/ftx_chinese_official → 加群成功
2022-06-15 19:14:58 → 601112672414 → https://t.me/shore999888 → 加群成功
2022-06-15 19:15:06 → 601124026034 → https://t.me/server699 → 加群成功
2022-06-15 19:15:16 → 6285929906929 → https://t.me/socks55555 → 加群成功
2022-06-15 19:15:24 → 601124042925 → https://t.me/CvvinternalOrganization → 加群成功
2022-06-15 19:15:31 → 917061771362 → https://t.me/tg1949521 → 加群成功
2022-06-15 19:15:40 → 6283122179137 → https://t.me/chlmzy → 加群成功
2022-06-15 19:15:47 → 6282195908918 → https://t.me/ak11828 → 加群成功
2022-06-15 19:15:55 → 919482799261 → https://t.me/TGlianmeng002 → 加群成功
2022-06-15 19:16:03 → 919722809996 → https://t.me/az123818 → 加群成功
2022-06-15 19:16:11 → 6282284114509 → https://t.me/DIP9188 → 加群成功
2022-06-15 19:16:20 → 917838380415 → https://t.me/hwhrbbs → 加群成功
2022-06-15 19:16:29 → 6283833724909 → https://t.me/HTCOLV → 加群成功
2022-06-15 19:16:36 → 6282113664005 → https://t.me/yuehui8 → 加群成功
2022-06-15 19:16:44 → 79528551283 → https://t.me/lasihaima266 → 加群成功
2022-06-15 19:16:52 → 6281274302036 → https://t.me/fw992 → 加群成功
2022-06-15 19:17:01 → 6282190182730 → https://t.me/AlipayJiFu → 加群成功
2022-06-15 19:17:09 → 6281341176226 → https://t.me/zhifubaojiefeng → 加群成功
2022-06-15 19:17:17 → 917602129536 → https://t.me/raicoincn → 加群成功
2022-06-15 19:17:25 → 6283129267390 → https://t.me/im0471 → 加群成功
2022-06-15 19:17:32 → 6283837549531 → https://t.me/pingan66shop → 加群成功
2022-06-15 19:17:42 → 601112672704 → https://t.me/kedoucloud → 加群成功
2022-06-15 19:17:50 → 5541984282336 → https://t.me/tg_king80 → 加群成功
2022-06-15 19:17:58 → 6283853159401 → https://t.me/Shore999888 → 加群成功
2022-06-15 19:18:06 → 918509922477 → https://t.me/gdsjq → 加群成功
2022-06-15 19:18:14 → 6282268584651 → https://t.me/YYL001 → 加群成功
2022-06-15 19:18:22 → 8801743979741 → https://t.me/KavaChinese → 加群成功
2022-06-15 19:18:30 → 6281283070774 → https://t.me/juliang666 → 加群成功
2022-06-15 19:18:38 → 639677121074 → https://t.me/HLS0002 → 加群失败：You have joined too many channels/supergroups (caused by JoinChannelRequest)
2022-06-15 19:18:44 → 79917733563 → https://t.me/goutui1113 → 加群成功
2022-06-15 19:18:52 → 601124036748 → https://t.me/huiguophp → 加群成功
2022-06-15 19:19:00 → 6288212128538 → https://t.me/bclm1 → 加群成功
2022-06-15 19:19:09 → 918109281745 → https://t.me/duanxin2008 → 加群成功
2022-06-15 19:19:16 → 919770816947 → https://t.me/TG12389 → 加群成功
2022-06-15 19:19:24 → 79919431787 → https://t.me/WKLhuaren → 加群成功
2022-06-15 19:19:32 → 918092132118 → https://t.me/botong002 → 加群成功
2022-06-15 19:19:40 → 6283846077843 → https://t.me/goutuiclub → 加群成功
2022-06-15 19:19:57 → 918109281745 → https://t.me/lhc168 → 加群成功
2022-06-15 19:20:06 → 6281341176226 → https://t.me/ys52111 → 加群成功
2022-06-15 19:20:13 → 6282195908918 → https://t.me/avnrichchinese_chat → 加群成功
2022-06-15 19:20:21 → 917602129536 → https://t.me/tg858 → 加群成功
2022-06-15 19:20:29 → 6282190182730 → https://t.me/laowangdan → 加群成功
2022-06-15 19:20:37 → 919722809996 → https://t.me/xjltq → 加群成功
2022-06-15 19:20:45 → 919923144199 → https://t.me/TG_King90 → 加群成功
2022-06-15 19:20:55 → 919770816947 → https://t.me/tronnetworkcn → 加群成功
2022-06-15 19:21:02 → 917838380415 → https://t.me/lendhub → 加群成功
2022-06-15 19:21:10 → 6281274302036 → https://t.me/ritalin51 → 加群失败：Nobody is using this username, or the username is unacceptable. If the latter, it must match r"[a-zA-Z][\w\d]{3,30}[a-zA-Z\d]" (caused by ResolveUsernameRequest)
2022-06-15 19:21:15 → 6282268584651 → https://t.me/InWebDarkNET → 加群成功
2022-06-15 19:21:23 → 79528551283 → https://t.me/xmsji → 加群成功
2022-06-15 19:21:32 → 6285929906929 → https://t.me/pigcommunity → 加群成功
2022-06-15 19:21:39 → 6282113664005 → https://t.me/kaihesoft → 加群成功