
2022-05-09 14:14:31 → 918092132118 → {'status': True, 'channel': 'https://t.me/BinancePoolChinese'} → 加群失败：Cannot find any entity corresponding to "{'status': True, 'channel': 'https://t.me/BinancePoolChinese'}"
2022-05-09 14:14:36 → 79528551283 → {'status': True, 'channel': 'https://t.me/doge88'} → 加群失败：Cannot find any entity corresponding to "{'status': True, 'channel': 'https://t.me/doge88'}"
2022-05-09 14:15:04 → 79528551283 → {'status': True, 'channel': 'https://t.me/galaxyheroescn'} → 加群失败：Cannot find any entity corresponding to "{'status': True, 'channel': 'https://t.me/galaxyheroescn'}"
2022-05-09 14:15:08 → 919722809996 → {'status': True, 'channel': 'https://t.me/liuxingsq'} → 加群失败：Cannot find any entity corresponding to "{'status': True, 'channel': 'https://t.me/liuxingsq'}"
2022-05-09 14:15:12 → 919923144199 → {'status': True, 'channel': 'https://t.me/ca0505'} → 加群失败：Cannot find any entity corresponding to "{'status': True, 'channel': 'https://t.me/ca0505'}"
2022-05-09 14:15:24 → 919722809996 → {'status': True, 'channel': 'https://t.me/usdtm'} → 加群失败：Cannot find any entity corresponding to "{'status': True, 'channel': 'https://t.me/usdtm'}"
2022-05-09 14:15:28 → 79528551283 → {'status': True, 'channel': 'https://t.me/sanfang53'} → 加群失败：Cannot find any entity corresponding to "{'status': True, 'channel': 'https://t.me/sanfang53'}"
2022-05-09 14:16:02 → 919923144199 → {'status': True, 'channel': 'https://t.me/yugzf'} → 加群失败：Cannot find any entity corresponding to "{'status': True, 'channel': 'https://t.me/yugzf'}"
2022-05-09 14:16:06 → 918092132118 → {'status': True, 'channel': 'https://t.me/laoyingchuhai8'} → 加群失败：Cannot find any entity corresponding to "{'status': True, 'channel': 'https://t.me/laoyingchuhai8'}"
2022-05-09 14:16:15 → 918092132118 → {'status': True, 'channel': 'https://t.me/lhc168'} → 加群失败：Cannot find any entity corresponding to "{'status': True, 'channel': 'https://t.me/lhc168'}"
2022-05-09 14:16:19 → 79528551283 → {'status': True, 'channel': 'https://t.me/zhuhai9'} → 加群失败：Cannot find any entity corresponding to "{'status': True, 'channel': 'https://t.me/zhuhai9'}"
2022-05-09 14:16:23 → 919923144199 → {'status': True, 'channel': 'https://t.me/olddriver_gd'} → 加群失败：Cannot find any entity corresponding to "{'status': True, 'channel': 'https://t.me/olddriver_gd'}"
2022-05-09 14:16:27 → 919722809996 → {'status': True, 'channel': 'https://t.me/im0471'} → 加群失败：Cannot find any entity corresponding to "{'status': True, 'channel': 'https://t.me/im0471'}"
2022-05-09 14:16:37 → 79528551283 → {'status': True, 'channel': 'https://t.me/balance863'} → 加群失败：Cannot find any entity corresponding to "{'status': True, 'channel': 'https://t.me/balance863'}"
2022-05-09 14:16:41 → 919722809996 → {'status': True, 'channel': 'https://t.me/xbdb01'} → 加群失败：Cannot find any entity corresponding to "{'status': True, 'channel': 'https://t.me/xbdb01'}"
2022-05-09 14:16:45 → 919923144199 → {'status': True, 'channel': 'https://t.me/FQ3P3'} → 加群失败：Cannot find any entity corresponding to "{'status': True, 'channel': 'https://t.me/FQ3P3'}"
2022-05-09 14:16:49 → 918092132118 → {'status': True, 'channel': 'https://t.me/BKEXChinese'} → 加群失败：Cannot find any entity corresponding to "{'status': True, 'channel': 'https://t.me/BKEXChinese'}"
2022-05-09 14:16:58 → 919923144199 → {'status': True, 'channel': 'https://t.me/hwhrbbs'} → 加群失败：Cannot find any entity corresponding to "{'status': True, 'channel': 'https://t.me/hwhrbbs'}"
2022-05-09 14:17:02 → 918092132118 → {'status': True, 'channel': 'https://t.me/ziyuan2'} → 加群失败：Cannot find any entity corresponding to "{'status': True, 'channel': 'https://t.me/ziyuan2'}"
2022-05-09 14:17:06 → 79528551283 → {'status': True, 'channel': 'https://t.me/gif128'} → 加群失败：Cannot find any entity corresponding to "{'status': True, 'channel': 'https://t.me/gif128'}"
2022-05-09 14:17:10 → 919722809996 → {'status': True, 'channel': 'https://t.me/fbwsline2021'} → 加群失败：Cannot find any entity corresponding to "{'status': True, 'channel': 'https://t.me/fbwsline2021'}"
2022-05-09 14:17:20 → 919722809996 → {'status': True, 'channel': 'https://t.me/zn88666'} → 加群失败：Cannot find any entity corresponding to "{'status': True, 'channel': 'https://t.me/zn88666'}"
2022-05-09 14:17:24 → 79528551283 → {'status': True, 'channel': 'https://t.me/TGhuaren1'} → 加群失败：Cannot find any entity corresponding to "{'status': True, 'channel': 'https://t.me/TGhuaren1'}"
2022-05-09 14:17:28 → 919923144199 → {'status': True, 'channel': 'https://t.me/tg771'} → 加群失败：Cannot find any entity corresponding to "{'status': True, 'channel': 'https://t.me/tg771'}"
2022-05-09 14:17:32 → 918092132118 → {'status': True, 'channel': 'https://t.me/xvswens'} → 加群失败：Cannot find any entity corresponding to "{'status': True, 'channel': 'https://t.me/xvswens'}"
2022-05-09 14:17:41 → 919722809996 → {'status': True, 'channel': 'https://t.me/ys52111'} → 加群失败：Cannot find any entity corresponding to "{'status': True, 'channel': 'https://t.me/ys52111'}"
2022-05-09 14:17:45 → 79528551283 → {'status': True, 'channel': 'https://t.me/zhenggui'} → 加群失败：Cannot find any entity corresponding to "{'status': True, 'channel': 'https://t.me/zhenggui'}"
2022-05-09 14:17:49 → 918092132118 → {'status': True, 'channel': 'https://t.me/sichouzhilu0'} → 加群失败：Cannot find any entity corresponding to "{'status': True, 'channel': 'https://t.me/sichouzhilu0'}"
2022-05-09 14:17:53 → 919923144199 → {'status': True, 'channel': 'https://t.me/cambodiacn'} → 加群失败：Cannot find any entity corresponding to "{'status': True, 'channel': 'https://t.me/cambodiacn'}"
2022-05-09 14:18:03 → 79528551283 → {'status': True, 'channel': 'https://t.me/P541888888'} → 加群失败：Cannot find any entity corresponding to "{'status': True, 'channel': 'https://t.me/P541888888'}"
2022-05-09 14:18:07 → 918092132118 → {'status': True, 'channel': 'https://t.me/tg6198'} → 加群失败：Cannot find any entity corresponding to "{'status': True, 'channel': 'https://t.me/tg6198'}"
2022-05-09 14:18:11 → 919923144199 → {'status': True, 'channel': 'https://t.me/dbjlq1'} → 加群失败：Cannot find any entity corresponding to "{'status': True, 'channel': 'https://t.me/dbjlq1'}"
2022-05-09 14:18:17 → 919722809996 → {'status': True, 'channel': 'https://t.me/liaobshe'} → 加群失败：Cannot find any entity corresponding to "{'status': True, 'channel': 'https://t.me/liaobshe'}"
2022-05-09 14:18:49 → 79528551283 → {'status': True, 'channel': 'https://t.me/hunantg'} → 加群失败：Cannot find any entity corresponding to "{'status': True, 'channel': 'https://t.me/hunantg'}"
2022-05-09 14:18:53 → 919722809996 → {'status': True, 'channel': 'https://t.me/olddrivergd'} → 加群失败：Cannot find any entity corresponding to "{'status': True, 'channel': 'https://t.me/olddrivergd'}"
2022-05-09 14:18:58 → 918092132118 → {'status': True, 'channel': 'https://t.me/zscd1'} → 加群失败：Cannot find any entity corresponding to "{'status': True, 'channel': 'https://t.me/zscd1'}"
2022-05-09 14:19:02 → 919923144199 → {'status': True, 'channel': 'https://t.me/discussimmigration'} → 加群失败：Cannot find any entity corresponding to "{'status': True, 'channel': 'https://t.me/discussimmigration'}"
2022-05-09 14:19:48 → 919923144199 → https://t.me/sunshineyyds → 加群成功
2022-05-09 14:19:55 → 79528551283 → https://t.me/wybf168168 → 加群成功
2022-05-09 14:20:02 → 919722809996 → https://t.me/pingan66shop → 加群成功
2022-05-09 14:20:11 → 918092132118 → https://t.me/bitcoin_cn → 加群成功
2022-05-09 14:20:23 → 79528551283 → https://t.me/mla9999 → 加群成功
2022-05-09 14:20:29 → 919722809996 → https://t.me/daishou15 → 加群成功
2022-05-09 14:20:38 → 918092132118 → https://t.me/InWebDarkNET → 加群成功
2022-05-09 14:20:45 → 919923144199 → https://t.me/TG110 → 加群成功
2022-05-09 14:20:58 → 79528551283 → https://t.me/zaozhuang1 → 加群成功
2022-05-09 14:21:04 → 918092132118 → https://t.me/coinbetter_cn → 加群失败：No user has "coinbetter_cn" as username
2022-05-09 14:21:09 → 919722809996 → https://t.me/fastfish2 → 加群成功
2022-05-09 14:21:18 → 919923144199 → https://t.me/dibaicn → 加群成功
2022-05-09 14:21:33 → 918092132118 → https://t.me/tg148 → 加群成功
2022-05-09 14:21:40 → 79528551283 → https://t.me/allswapcn → 加群成功
2022-05-09 14:21:46 → 79528551283 → https://t.me/chaoxi → 加群成功
2022-05-09 14:21:56 → 919923144199 → https://t.me/guangdongyue → 加群成功
2022-05-09 14:22:02 → 919722809996 → https://t.me/akkcloud → 加群成功
2022-05-09 14:22:18 → 919722809996 → https://t.me/www589qkcom → 加群成功
2022-05-09 14:22:25 → 79528551283 → https://t.me/linkdyh → 加群失败：A wait of 150 seconds is required (caused by JoinChannelRequest)
2022-05-09 14:22:30 → 918092132118 → https://t.me/haojing168 → 加群成功
2022-05-09 14:22:38 → 919923144199 → https://t.me/lkdxqf88 → 加群成功
2022-05-09 14:22:50 → 79528551283 → https://t.me/dayofdefeatcn → 加群失败：A wait of 125 seconds is required (caused by JoinChannelRequest)
2022-05-09 14:22:55 → 919722809996 → https://t.me/doxchina → 加群失败：A wait of 128 seconds is required (caused by JoinChannelRequest)
2022-05-09 14:22:59 → 918092132118 → https://t.me/yuehui8 → 加群成功
2022-05-09 14:23:06 → 919923144199 → https://t.me/gz3388 → 加群失败：A wait of 103 seconds is required (caused by JoinChannelRequest)
2022-05-09 14:23:16 → 79528551283 → https://t.me/tgdl128 → 加群失败：A wait of 99 seconds is required (caused by JoinChannelRequest)
2022-05-09 14:23:21 → 919722809996 → https://t.me/yizhifu678 → 加群失败：A wait of 103 seconds is required (caused by JoinChannelRequest)
2022-05-09 14:23:25 → 918092132118 → https://t.me/DIP9188 → 加群失败：A wait of 106 seconds is required (caused by JoinChannelRequest)
2022-05-09 14:23:29 → 919923144199 → https://t.me/yidaoshou2 → 加群失败：A wait of 80 seconds is required (caused by JoinChannelRequest)
2022-05-09 14:23:42 → 79528551283 → https://t.me/huobiglobal_zw → 加群失败：A wait of 73 seconds is required (caused by JoinChannelRequest)
2022-05-09 14:23:46 → 919923144199 → https://t.me/dibaihrg009 → 加群失败：A wait of 63 seconds is required (caused by JoinChannelRequest)
2022-05-09 14:25:12 → 918092132118 → https://t.me/crxs778 → 加群成功
2022-05-09 14:25:18 → 918092132118 → https://t.me/PHMAKA107 → 加群成功
2022-05-09 14:25:24 → 919722809996 → https://t.me/tsdb01 → 加群成功
2022-05-09 14:25:37 → 919923144199 → https://t.me/cn_talk → 加群成功
2022-05-09 14:25:44 → 918092132118 → https://t.me/kaihesoft → 加群成功
2022-05-09 14:25:50 → 79528551283 → https://t.me/qht888 → 加群失败：Nobody is using this username, or the username is unacceptable. If the latter, it must match r"[a-zA-Z][\w\d]{3,30}[a-zA-Z\d]" (caused by ResolveUsernameRequest)
2022-05-09 14:25:55 → 919722809996 → https://t.me/chlmzy → 加群成功
2022-05-09 14:26:07 → 919923144199 → https://t.me/kx360 → 加群成功
2022-05-09 14:26:14 → 918092132118 → https://t.me/kavachinese → 加群成功
2022-05-09 14:26:21 → 79528551283 → https://t.me/jiu_777 → 加群成功
2022-05-09 14:26:28 → 919722809996 → https://t.me/btokcn_0014 → 加群成功
2022-05-09 14:26:40 → 79528551283 → https://t.me/AlgorandFoundationCN → 加群成功
2022-05-09 14:26:47 → 919722809996 → https://t.me/iampua → 加群成功
2022-05-09 14:26:54 → 919923144199 → https://t.me/weikang2020 → 加群成功
2022-05-09 14:27:01 → 918092132118 → https://t.me/WKLhuaren → 加群成功
2022-05-09 14:27:14 → 919722809996 → https://t.me/BIYONGOfficial0015 → 加群成功
2022-05-09 14:27:21 → 79528551283 → https://t.me/shell66666 → 加群成功
2022-05-09 14:27:28 → 919923144199 → https://t.me/tg328 → 加群成功
2022-05-09 14:27:35 → 918092132118 → https://t.me/pigcommunity → 加群失败：A wait of 1357 seconds is required (caused by JoinChannelRequest)
2022-05-09 14:27:45 → 919722809996 → https://t.me/Socks55555 → 加群失败：A wait of 1338 seconds is required (caused by JoinChannelRequest)
2022-05-09 14:27:49 → 79528551283 → https://t.me/bestvcommunity → 加群成功
2022-05-09 14:27:56 → 919923144199 → https://t.me/TG6766 → 加群成功
2022-05-09 14:28:03 → 918092132118 → https://t.me/tiandeng88 → 加群失败：A wait of 1328 seconds is required (caused by JoinChannelRequest)
2022-05-09 14:28:13 → 79528551283 → https://t.me/TG907 → 加群成功
2022-05-09 14:28:21 → 919923144199 → https://t.me/gm0008 → 加群失败：A wait of 1288 seconds is required (caused by JoinChannelRequest)
2022-05-09 14:28:25 → 918092132118 → https://t.me/wwxcxinting → 加群失败：A wait of 1306 seconds is required (caused by JoinChannelRequest)
2022-05-09 14:28:30 → 919722809996 → https://t.me/YYL001 → 加群失败：A wait of 1293 seconds is required (caused by JoinChannelRequest)
2022-05-09 14:28:40 → 919923144199 → https://t.me/avnrichchinese_chat → 加群失败：A wait of 1269 seconds is required (caused by JoinChannelRequest)
2022-05-09 14:28:45 → 79528551283 → https://t.me/hoogroupchinese → 加群失败：A wait of 1270 seconds is required (caused by JoinChannelRequest)
2022-05-09 14:28:49 → 919722809996 → https://t.me/se_talk → 加群失败：A wait of 1274 seconds is required (caused by JoinChannelRequest)
2022-05-09 14:28:54 → 918092132118 → https://t.me/tg96110 → 加群失败：A wait of 1277 seconds is required (caused by JoinChannelRequest)
2022-05-09 14:29:04 → 919722809996 → https://t.me/yuantoushuju4 → 加群失败：A wait of 1259 seconds is required (caused by JoinChannelRequest)
2022-05-09 14:29:08 → 919923144199 → https://t.me/yinhangkausdt → 加群失败：A wait of 1241 seconds is required (caused by JoinChannelRequest)
2022-05-09 14:29:12 → 918092132118 → https://t.me/programertalk → 加群失败：A wait of 1259 seconds is required (caused by JoinChannelRequest)
2022-05-09 14:29:17 → 79528551283 → https://t.me/tz636 → 加群失败：A wait of 1238 seconds is required (caused by JoinChannelRequest)
2022-05-09 14:29:26 → 79528551283 → https://t.me/xianliao01 → 加群失败：A wait of 1229 seconds is required (caused by JoinChannelRequest)
2022-05-09 14:29:32 → 919923144199 → https://t.me/baocai217 → 加群失败：A wait of 1217 seconds is required (caused by JoinChannelRequest)
2022-05-09 14:29:36 → 919923144199 → https://t.me/chaguaner → 加群失败：A wait of 1213 seconds is required (caused by JoinChannelRequest)
2022-05-09 14:29:40 → 919722809996 → https://t.me/ccv348 → 加群失败：A wait of 1223 seconds is required (caused by JoinChannelRequest)
2022-05-09 14:29:45 → 918092132118 → https://t.me/chatssr → 加群失败：A wait of 1226 seconds is required (caused by JoinChannelRequest)
2022-05-09 14:29:55 → 919923144199 → https://t.me/HLS0002 → 加群失败：A wait of 1195 seconds is required (caused by JoinChannelRequest)
2022-05-09 14:30:01 → 919722809996 → https://t.me/tg108 → 加群失败：A wait of 1202 seconds is required (caused by JoinChannelRequest)
2022-05-09 14:30:05 → 79528551283 → https://t.me/blsq55 → 加群失败：A wait of 1190 seconds is required (caused by JoinChannelRequest)
2022-05-09 14:30:09 → 79528551283 → https://t.me/tg_88888 → 加群失败：A wait of 1186 seconds is required (caused by JoinChannelRequest)
2022-05-09 14:30:13 → 918092132118 → https://t.me/tg166 → 加群失败：A wait of 1198 seconds is required (caused by JoinChannelRequest)
2022-05-09 14:30:26 → 918092132118 → https://t.me/shuju48 → 加群失败：A wait of 1185 seconds is required (caused by JoinChannelRequest)
2022-05-09 14:30:32 → 919722809996 → https://t.me/changsha_dev → 加群失败：A wait of 1171 seconds is required (caused by JoinChannelRequest)
2022-05-09 14:30:36 → 79528551283 → https://t.me/CvvinternalOrganization → 加群失败：A wait of 1159 seconds is required (caused by JoinChannelRequest)
2022-05-09 14:30:41 → 919923144199 → https://t.me/shore999888 → 加群失败：A wait of 1148 seconds is required (caused by JoinChannelRequest)
2022-05-09 14:30:51 → 918092132118 → https://t.me/ytzx2 → 加群失败：A wait of 1160 seconds is required (caused by JoinChannelRequest)
2022-05-09 14:30:55 → 79528551283 → https://t.me/KavaChinese → 加群失败：A wait of 1140 seconds is required (caused by JoinChannelRequest)
2022-05-09 14:31:00 → 919722809996 → https://t.me/v2rayn → 加群失败：A wait of 1144 seconds is required (caused by JoinChannelRequest)
2022-05-09 14:31:04 → 919923144199 → https://t.me/trj_shore001 → 加群失败：A wait of 1125 seconds is required (caused by JoinChannelRequest)
2022-05-09 14:31:14 → 919923144199 → https://t.me/tgdanbao000 → 加群失败：A wait of 1115 seconds is required (caused by JoinChannelRequest)
2022-05-09 14:31:18 → 918092132118 → https://t.me/fhaak8 → 加群失败：A wait of 1133 seconds is required (caused by JoinChannelRequest)
2022-05-09 14:31:23 → 79528551283 → https://t.me/FHLMTEAM → 加群失败：A wait of 1113 seconds is required (caused by JoinChannelRequest)
2022-05-09 14:31:27 → 919722809996 → https://t.me/faka58 → 加群失败：A wait of 1116 seconds is required (caused by JoinChannelRequest)
2022-05-09 14:31:40 → 919923144199 → https://t.me/tghc1 → 加群失败：A wait of 1089 seconds is required (caused by JoinChannelRequest)
2022-05-09 14:31:44 → 918092132118 → https://t.me/xcarnival_chinese → 加群失败：A wait of 1107 seconds is required (caused by JoinChannelRequest)
2022-05-09 14:31:49 → 919722809996 → https://t.me/xxup1121 → 加群失败：A wait of 1094 seconds is required (caused by JoinChannelRequest)
2022-05-09 14:31:53 → 79528551283 → https://t.me/haojiyou → 加群失败：A wait of 1082 seconds is required (caused by JoinChannelRequest)
2022-05-09 14:32:03 → 919923144199 → https://t.me/fastfish2 → 加群失败：A wait of 1066 seconds is required (caused by JoinChannelRequest)
2022-05-09 14:32:07 → 79528551283 → https://t.me/TG006 → 加群失败：A wait of 1068 seconds is required (caused by JoinChannelRequest)
2022-05-09 14:32:12 → 919722809996 → https://t.me/ai699 → 加群失败：A wait of 1071 seconds is required (caused by JoinChannelRequest)
2022-05-09 14:32:17 → 918092132118 → https://t.me/light_up_comm → 加群失败：A wait of 1074 seconds is required (caused by JoinChannelRequest)
2022-05-09 14:32:27 → 919722809996 → https://t.me/shcpco → 加群失败：A wait of 1057 seconds is required (caused by JoinChannelRequest)
2022-05-09 14:32:31 → 919923144199 → https://t.me/huizhouqun → 加群失败：A wait of 1038 seconds is required (caused by JoinChannelRequest)
2022-05-09 14:32:35 → 79528551283 → https://t.me/HTCOLV → 加群失败：A wait of 1040 seconds is required (caused by JoinChannelRequest)
2022-05-09 14:32:40 → 918092132118 → https://t.me/hi628 → 加群失败：A wait of 1051 seconds is required (caused by JoinChannelRequest)
2022-05-09 14:32:50 → 919923144199 → https://t.me/si1688 → 加群失败：A wait of 1020 seconds is required (caused by JoinChannelRequest)
2022-05-09 14:32:54 → 79528551283 → https://t.me/otcfl → 加群失败：A wait of 1021 seconds is required (caused by JoinChannelRequest)
2022-05-09 14:32:58 → 918092132118 → https://t.me/cdshouchang4 → 加群失败：A wait of 1033 seconds is required (caused by JoinChannelRequest)
2022-05-09 14:33:03 → 919722809996 → https://t.me/ydsj1 → 加群失败：A wait of 1020 seconds is required (caused by JoinChannelRequest)
2022-05-09 14:33:13 → 79528551283 → https://t.me/paofen55 → 加群失败：No user has "paofen55" as username
2022-05-09 14:33:17 → 919722809996 → https://t.me/appssweepstakes → 加群失败：A wait of 1006 seconds is required (caused by JoinChannelRequest)
2022-05-09 14:33:21 → 919923144199 → https://t.me/usdt43 → 加群失败：A wait of 988 seconds is required (caused by JoinChannelRequest)
2022-05-09 14:33:26 → 918092132118 → https://t.me/chinadarknet → 加群失败：A wait of 1005 seconds is required (caused by JoinChannelRequest)
2022-05-09 14:33:36 → 918092132118 → https://t.me/humanresource63 → 加群失败：A wait of 995 seconds is required (caused by JoinChannelRequest)
2022-05-09 14:33:40 → 919923144199 → https://t.me/usdtbmw → 加群失败：A wait of 969 seconds is required (caused by JoinChannelRequest)
2022-05-09 14:33:44 → 79528551283 → https://t.me/olddrivercd → 加群失败：A wait of 971 seconds is required (caused by JoinChannelRequest)
2022-05-09 14:33:49 → 919722809996 → https://t.me/xinbi_088 → 加群失败：A wait of 974 seconds is required (caused by JoinChannelRequest)
2022-05-09 14:33:58 → 79528551283 → https://t.me/AlipayJiFu → 加群失败：A wait of 957 seconds is required (caused by JoinChannelRequest)
2022-05-09 14:34:03 → 919722809996 → https://t.me/zhongshandidi → 加群失败：A wait of 960 seconds is required (caused by JoinChannelRequest)
2022-05-09 14:34:07 → 919923144199 → https://t.me/hwdbq → 加群失败：A wait of 942 seconds is required (caused by JoinChannelRequest)
2022-05-09 14:34:12 → 918092132118 → https://t.me/dibai918 → 加群失败：群组禁止访问
2022-05-09 14:34:21 → 918092132118 → https://t.me/Dingshia → 加群失败：A wait of 950 seconds is required (caused by JoinChannelRequest)
2022-05-09 14:34:26 → 79528551283 → https://t.me/huanxiangyouxi → 加群失败：A wait of 929 seconds is required (caused by JoinChannelRequest)
2022-05-09 14:34:30 → 919722809996 → https://t.me/pshqo → 加群失败：A wait of 933 seconds is required (caused by JoinChannelRequest)
2022-05-09 14:34:35 → 919923144199 → https://t.me/laowangdan → 加群失败：A wait of 914 seconds is required (caused by JoinChannelRequest)
2022-05-09 14:36:50 → 919722809996 → https://t.me/db_lm → 加群失败：A wait of 793 seconds is required (caused by JoinChannelRequest)
2022-05-09 14:36:55 → 918092132118 → https://t.me/bacommu → 加群失败：A wait of 796 seconds is required (caused by JoinChannelRequest)
2022-05-09 14:36:59 → 919923144199 → https://t.me/lbank_cn → 加群失败：A wait of 770 seconds is required (caused by JoinChannelRequest)
2022-05-09 14:37:04 → 79528551283 → https://t.me/paofen1688 → 加群失败：A wait of 772 seconds is required (caused by JoinChannelRequest)
2022-05-09 14:37:14 → 919923144199 → https://t.me/daishoujiaoyi → 加群失败：A wait of 755 seconds is required (caused by JoinChannelRequest)
2022-05-09 14:37:20 → 79528551283 → https://t.me/maticnetwork_china → 加群失败：A wait of 755 seconds is required (caused by JoinChannelRequest)
2022-05-09 14:37:25 → 919722809996 → https://t.me/pionexcn → 加群失败：A wait of 758 seconds is required (caused by JoinChannelRequest)
2022-05-09 14:37:29 → 918092132118 → https://t.me/yxbjx → 加群失败：A wait of 762 seconds is required (caused by JoinChannelRequest)
2022-05-09 14:37:39 → 79528551283 → https://t.me/qingroup → 加群失败：A wait of 736 seconds is required (caused by JoinChannelRequest)
2022-05-09 14:37:43 → 918092132118 → https://t.me/qqlsj → 加群失败：A wait of 748 seconds is required (caused by JoinChannelRequest)
2022-05-09 14:37:48 → 919923144199 → https://t.me/saltyleo_blog → 加群失败：A wait of 721 seconds is required (caused by JoinChannelRequest)
2022-05-09 14:37:52 → 919722809996 → https://t.me/mihuzahuopu → 加群失败：A wait of 731 seconds is required (caused by JoinChannelRequest)
2022-05-09 14:38:02 → 79528551283 → https://t.me/polkadotzh → 加群失败：A wait of 713 seconds is required (caused by JoinChannelRequest)
2022-05-09 14:38:07 → 918092132118 → https://t.me/dkh3p → 加群成功
2022-05-09 14:38:14 → 919923144199 → https://t.me/tgdl128 → 加群失败：A wait of 695 seconds is required (caused by JoinChannelRequest)
2022-05-09 14:38:19 → 919722809996 → https://t.me/qianmin → 加群失败：A wait of 705 seconds is required (caused by JoinChannelRequest)
2022-05-09 14:38:28 → 79528551283 → https://t.me/qqxgqq → 加群失败：A wait of 687 seconds is required (caused by JoinChannelRequest)
2022-05-09 14:38:33 → 919923144199 → https://t.me/kaiheo → 加群失败：A wait of 677 seconds is required (caused by JoinChannelRequest)
2022-05-09 14:38:37 → 918092132118 → https://t.me/xbzijian → 加群失败：A wait of 694 seconds is required (caused by JoinChannelRequest)
2022-05-09 14:38:41 → 919722809996 → https://t.me/gdsjq → 加群失败：A wait of 682 seconds is required (caused by JoinChannelRequest)
2022-05-09 14:38:51 → 919923144199 → https://t.me/xmsji → 加群失败：A wait of 658 seconds is required (caused by JoinChannelRequest)
2022-05-09 14:38:56 → 918092132118 → https://t.me/gboxtg → 加群失败：A wait of 675 seconds is required (caused by JoinChannelRequest)
2022-05-09 14:39:00 → 79528551283 → https://t.me/pionexcn → 加群失败：A wait of 655 seconds is required (caused by JoinChannelRequest)
2022-05-09 14:39:04 → 919722809996 → https://t.me/guiyangpapa → 加群失败：A wait of 659 seconds is required (caused by JoinChannelRequest)
2022-05-09 14:39:14 → 919722809996 → https://t.me/dibai8880 → 加群失败：A wait of 649 seconds is required (caused by JoinChannelRequest)
2022-05-09 14:39:19 → 919923144199 → https://t.me/duanxin2008 → 加群失败：A wait of 630 seconds is required (caused by JoinChannelRequest)
2022-05-09 14:39:23 → 918092132118 → https://t.me/aomenliuhe88 → 加群失败：A wait of 648 seconds is required (caused by JoinChannelRequest)
2022-05-09 14:39:27 → 79528551283 → https://t.me/tg006 → 加群失败：A wait of 628 seconds is required (caused by JoinChannelRequest)
2022-05-09 14:39:39 → 79528551283 → https://t.me/ibox_official → 加群失败：A wait of 616 seconds is required (caused by JoinChannelRequest)
2022-05-09 14:39:44 → 919722809996 → https://t.me/gibxchange_cn → 加群失败：A wait of 619 seconds is required (caused by JoinChannelRequest)
2022-05-09 14:39:50 → 919923144199 → https://t.me/jianpuzai777 → 加群失败：A wait of 600 seconds is required (caused by JoinChannelRequest)
2022-05-09 14:39:54 → 918092132118 → https://t.me/yangjiangchannel → 加群失败：A wait of 617 seconds is required (caused by JoinChannelRequest)
2022-05-09 14:40:06 → 918092132118 → https://t.me/Sz1888 → 加群失败：A wait of 605 seconds is required (caused by JoinChannelRequest)
2022-05-09 14:40:10 → 919722809996 → https://t.me/tgdibai168 → 加群失败：A wait of 593 seconds is required (caused by JoinChannelRequest)
2022-05-09 14:40:15 → 79528551283 → https://t.me/hzaxx → 加群失败：A wait of 580 seconds is required (caused by JoinChannelRequest)
2022-05-09 14:40:20 → 919923144199 → https://t.me/tfwzclz → 加群失败：A wait of 569 seconds is required (caused by JoinChannelRequest)
2022-05-09 14:40:32 → 919923144199 → https://t.me/phbbs → 加群失败：A wait of 557 seconds is required (caused by JoinChannelRequest)
2022-05-09 14:40:37 → 79528551283 → https://t.me/fw992 → 加群失败：A wait of 558 seconds is required (caused by JoinChannelRequest)
2022-05-09 14:40:41 → 918092132118 → https://t.me/meizi005 → 加群失败：A wait of 570 seconds is required (caused by JoinChannelRequest)
2022-05-09 14:40:46 → 919722809996 → https://t.me/tglianmeng002 → 加群失败：A wait of 557 seconds is required (caused by JoinChannelRequest)
2022-05-09 14:40:58 → 919722809996 → https://t.me/GouTuiClub → 加群失败：A wait of 545 seconds is required (caused by JoinChannelRequest)
2022-05-09 14:41:03 → 79528551283 → https://t.me/daifu76 → 加群失败：A wait of 533 seconds is required (caused by JoinChannelRequest)
2022-05-09 14:41:08 → 919923144199 → https://t.me/yuanyuzhou8 → 加群失败：A wait of 522 seconds is required (caused by JoinChannelRequest)
2022-05-09 14:41:12 → 918092132118 → https://t.me/ussyu → 加群失败：A wait of 539 seconds is required (caused by JoinChannelRequest)
2022-05-09 14:41:24 → 918092132118 → https://t.me/kachahu → 加群失败：A wait of 527 seconds is required (caused by JoinChannelRequest)
2022-05-09 14:41:28 → 919722809996 → https://t.me/frontend_talk → 加群失败：A wait of 515 seconds is required (caused by JoinChannelRequest)
2022-05-09 14:41:34 → 919923144199 → https://t.me/tg858 → 加群失败：A wait of 496 seconds is required (caused by JoinChannelRequest)
2022-05-09 14:41:38 → 79528551283 → https://t.me/heyuedashen1 → 加群失败：A wait of 497 seconds is required (caused by JoinChannelRequest)
2022-05-09 14:41:50 → 79528551283 → https://t.me/mf_group → 加群失败：A wait of 485 seconds is required (caused by JoinChannelRequest)
2022-05-09 14:41:54 → 918092132118 → https://t.me/tg12389 → 加群失败：A wait of 497 seconds is required (caused by JoinChannelRequest)
2022-05-09 14:42:00 → 919722809996 → https://t.me/dbf6666 → 加群失败：A wait of 484 seconds is required (caused by JoinChannelRequest)
2022-05-09 14:42:04 → 919923144199 → https://t.me/tg088 → 加群失败：A wait of 465 seconds is required (caused by JoinChannelRequest)
2022-05-09 14:42:16 → 919722809996 → https://t.me/bclm1 → 加群失败：A wait of 467 seconds is required (caused by JoinChannelRequest)
2022-05-09 14:42:21 → 919923144199 → https://t.me/tronnetworkcn → 加群失败：A wait of 449 seconds is required (caused by JoinChannelRequest)
2022-05-09 14:42:25 → 79528551283 → https://t.me/zb_support → 加群失败：A wait of 450 seconds is required (caused by JoinChannelRequest)
2022-05-09 14:42:31 → 918092132118 → https://t.me/raicoincn → 加群失败：A wait of 461 seconds is required (caused by JoinChannelRequest)