
2022-05-31 07:41:02 → 6287775712315 → https://t.me/ai699 → 加群成功
2022-05-31 07:41:11 → 919564211044 → https://t.me/ussyu → 加群失败：掉线/或官方销号
2022-05-31 07:41:17 → 6281218966272 → https://t.me/aomenliuhe88 → 加群成功
2022-05-31 07:41:25 → 79045541142 → https://t.me/australiasydneychat → 加群成功
2022-05-31 07:41:32 → 918130663666 → https://t.me/OKXGroup_CN → 加群失败：掉线/或官方销号
2022-05-31 07:41:38 → 6285242442967 → https://t.me/allswapcn → 加群成功
2022-05-31 07:41:47 → 62895324567242 → https://t.me/iampua → 加群成功
2022-05-31 07:41:55 → 79916318026 → https://t.me/HTCOLV → 加群成功
2022-05-31 07:42:03 → 79773856754 → https://t.me/tg1949521 → 加群失败：掉线/或官方销号
2022-05-31 07:42:08 → 79917730705 → https://t.me/bz8822 → 加群成功
2022-05-31 07:42:18 → 917061771362 → https://t.me/P541888888 → 加群成功
2022-05-31 07:42:26 → 79919431787 → https://t.me/xmarspace → 加群成功
2022-05-31 07:42:34 → 918109281745 → https://t.me/xjltq → 加群成功
2022-05-31 07:42:43 → 6285242442963 → https://t.me/tianziusdt → 加群成功
2022-05-31 07:42:51 → 79528551283 → https://t.me/ytzx2 → 加群成功
2022-05-31 07:42:59 → 916354850353 → https://t.me/chinadarknet → 加群失败：掉线/或官方销号
2022-05-31 07:43:05 → 79919429746 → https://t.me/NodeGlobal → 加群成功
2022-05-31 07:43:14 → 601112672704 → https://t.me/mljlq → 加群成功
2022-05-31 07:43:23 → 6282144789066 → https://t.me/binzhouqun → 加群成功
2022-05-31 07:43:31 → 917602129536 → https://t.me/chaxun2020 → 加群失败：掉线/或官方销号
2022-05-31 07:43:37 → 60178838240 → https://t.me/shuju666886 → 加群失败：No user has "shuju666886" as username
2022-05-31 07:43:44 → 601124026034 → https://t.me/TG188188 → 加群成功
2022-05-31 07:43:52 → 918957222472 → https://t.me/olddriver_fs → 加群失败：掉线/或官方销号
2022-05-31 07:43:59 → 918092132118 → https://t.me/shcpco → 加群成功
2022-05-31 07:44:08 → 917838380415 → https://t.me/nwdr888 → 加群成功
2022-05-31 07:44:17 → 918509922477 → https://t.me/heyuedashen1 → 加群成功
2022-05-31 07:44:25 → 79917733379 → https://t.me/hunantg → 加群失败：掉线/或官方销号
2022-05-31 07:44:30 → 918867541264 → https://t.me/diyidaifu → 加群失败：掉线/或官方销号
2022-05-31 07:44:37 → 639677121074 → https://t.me/html66 → 加群失败：You have joined too many channels/supergroups (caused by JoinChannelRequest)
2022-05-31 07:44:43 → 6287775710015 → https://t.me/FHLMTEAM → 加群失败：掉线/或官方销号
2022-05-31 07:44:48 → 5511961181940 → https://t.me/quanzhangshequ → 加群失败：掉线/或官方销号
2022-05-31 07:44:55 → 6285242442969 → https://t.me/mla9999 → 加群成功
2022-05-31 07:45:03 → 919498170694 → https://t.me/TG0188 → 加群失败：掉线/或官方销号
2022-05-31 07:45:09 → 6287775712585 → https://t.me/chatssr → 加群成功
2022-05-31 07:45:21 → 60142963511 → https://t.me/xxg863 → 加群成功
2022-05-31 07:45:31 → 601124042925 → https://t.me/fbwsline2021 → 加群成功
2022-05-31 07:45:39 → 918320325390 → https://t.me/expressnode → 加群失败：掉线/或官方销号
2022-05-31 07:45:45 → 919923144199 → https://t.me/tghc1 → 加群成功
2022-05-31 07:45:53 → 79516876428 → https://t.me/esmascript6 → 加群失败：掉线/或官方销号
2022-05-31 07:46:01 → 919722809996 → https://t.me/xvswens → 加群成功
2022-05-31 07:46:12 → 601112672414 → https://t.me/haojing168 → 加群成功
2022-05-31 07:46:21 → 919392786001 → https://t.me/btokofficial_03 → 加群失败：掉线/或官方销号
2022-05-31 07:46:33 → 60178862101 → https://t.me/ltq33 → 加群成功
2022-05-31 07:46:42 → 919901066213 → https://t.me/zscd1 → 加群成功
2022-05-31 07:46:51 → 79917731981 → https://t.me/xinbi_088 → 加群成功
2022-05-31 07:46:59 → 918373014962 → https://t.me/yuehui8 → 加群失败：掉线/或官方销号
2022-05-31 07:47:06 → 918538928111 → https://t.me/tglianmeng002 → 加群失败：掉线/或官方销号
2022-05-31 07:47:12 → 79917733563 → https://t.me/TG_King90 → 加群成功
2022-05-31 07:47:22 → 919770816947 → https://t.me/liuxingsq → 加群成功
2022-05-31 07:47:32 → 6285242443022 → https://t.me/AlgorandFoundationCN → 加群成功
2022-05-31 07:47:49 → 639677121074 → https://t.me/liuhedadui → 加群失败：You have joined too many channels/supergroups (caused by JoinChannelRequest)
2022-05-31 07:47:55 → 919770816947 → https://t.me/php_group_cn → 加群成功
2022-05-31 07:48:07 → 60142963511 → https://t.me/tgyhzq → 加群成功
2022-05-31 07:48:16 → 79919431787 → https://t.me/guminlaqun66 → 加群成功
2022-05-31 07:48:25 → 6285242442963 → https://t.me/lkdxqf88 → 加群成功
2022-05-31 07:48:39 → 79916318026 → https://t.me/dockertutorial → 加群成功
2022-05-31 07:48:47 → 79917733563 → https://t.me/aomenliuhe88 → 加群成功
2022-05-31 07:48:57 → 601124026034 → https://t.me/bohrwebc → 加群成功
2022-05-31 07:49:06 → 6282144789066 → https://t.me/ColaChina → 加群成功
2022-05-31 07:49:16 → 6287775712585 → https://t.me/hwdbq → 加群成功
2022-05-31 07:49:40 → 79528551283 → https://t.me/tg166 → 加群成功
2022-05-31 07:49:49 → 917838380415 → https://t.me/bclm1 → 加群成功
2022-05-31 07:49:58 → 62895324567242 → https://t.me/pingan66shop → 加群成功
2022-05-31 07:50:08 → 918509922477 → https://t.me/cccccccxyyy → 加群成功
2022-05-31 07:50:18 → 917061771362 → https://t.me/BinanceChinese → 加群成功
2022-05-31 07:50:27 → 79919429746 → https://t.me/universityalliance → 加群成功
2022-05-31 07:50:38 → 918109281745 → https://t.me/olddrivercd → 加群成功
2022-05-31 07:50:48 → 79917730705 → https://t.me/db_lm → 加群成功
2022-05-31 07:50:57 → 6287775712315 → https://t.me/cambodiacn → 加群成功
2022-05-31 07:51:15 → 601112672414 → https://t.me/fw866 → 加群成功
2022-05-31 07:51:28 → 919722809996 → https://t.me/KavaChinese → 加群成功
2022-05-31 07:51:39 → 601124042925 → https://t.me/paofen1688 → 加群成功
2022-05-31 07:51:51 → 6285242443022 → https://t.me/xxup1121 → 加群成功
2022-05-31 07:52:04 → 79917731981 → https://t.me/njwwjpxc → 加群成功
2022-05-31 07:52:17 → 918092132118 → https://t.me/Sz1888 → 加群成功
2022-05-31 07:52:30 → 6281218966272 → https://t.me/usdthuihuan → 加群成功
2022-05-31 07:52:56 → 60178838240 → https://t.me/kaiheo → 加群成功
2022-05-31 07:53:10 → 601112672704 → https://t.me/huione888 → 加群成功
2022-05-31 07:53:36 → 79045541142 → https://t.me/x00008 → 加群成功
2022-05-31 07:53:47 → 919923144199 → https://t.me/biboxgroup → 加群成功
2022-05-31 07:54:01 → 60178862101 → https://t.me/myanmarcn → 加群成功
2022-05-31 07:54:15 → 6285242442969 → https://t.me/TG006 → 加群成功
2022-05-31 07:54:25 → 6285242442967 → https://t.me/yidaoshou2 → 加群成功
2022-05-31 07:54:36 → 919901066213 → https://t.me/saltyleo_blog → 加群成功
2022-05-31 07:54:57 → 601112672414 → https://t.me/ydsj1 → 加群成功
2022-05-31 07:55:09 → 6285242443022 → https://t.me/daifu76 → 加群成功
2022-05-31 07:55:41 → 918509922477 → https://t.me/fw992 → 加群成功
2022-05-31 07:55:51 → 6285242442969 → https://t.me/yugzf → 加群成功
2022-05-31 07:56:02 → 6282144789066 → https://t.me/xmsji → 加群成功
2022-05-31 07:56:11 → 6285242442967 → https://t.me/nanjing025 → 加群失败：No user has "nanjing025" as username
2022-05-31 07:56:18 → 919901066213 → https://t.me/iClubHouse → 加群成功
2022-05-31 07:56:27 → 60142963511 → https://t.me/pg528 → 加群成功
2022-05-31 07:56:36 → 79917731981 → https://t.me/xjltq → 加群成功
2022-05-31 07:56:45 → 79917730705 → https://t.me/zhenggui → 加群成功
2022-05-31 07:56:55 → 917838380415 → https://t.me/qht888 → 加群失败：Nobody is using this username, or the username is unacceptable. If the latter, it must match r"[a-zA-Z][\w\d]{3,30}[a-zA-Z\d]" (caused by ResolveUsernameRequest)
2022-05-31 07:57:02 → 79916318026 → https://t.me/tg8848community → 加群成功
2022-05-31 07:57:11 → 601124042925 → https://t.me/TGlianmeng002 → 加群成功
2022-05-31 07:57:21 → 601112672704 → https://t.me/v2rayn → 加群成功
2022-05-31 07:57:30 → 62895324567242 → https://t.me/BinancePoolChinese → 加群成功
2022-05-31 07:57:39 → 79919431787 → https://t.me/gaigangs → 加群成功
2022-05-31 07:57:48 → 6281218966272 → https://t.me/vfucloud → 加群成功
2022-05-31 07:57:57 → 79917733563 → https://t.me/xbdb01 → 加群成功
2022-05-31 07:58:06 → 919770816947 → https://t.me/pshqo → 加群成功
2022-05-31 07:58:17 → 6287775712585 → https://t.me/ak99yunmlsxfgds → 加群成功
2022-05-31 07:58:26 → 6285242442963 → https://t.me/coinbetter_cn → 加群失败：No user has "coinbetter_cn" as username
2022-05-31 07:58:33 → 918109281745 → https://t.me/yuantoushuju5 → 加群成功
2022-05-31 07:58:43 → 919722809996 → https://t.me/b12306 → 加群成功
2022-05-31 07:58:52 → 917061771362 → https://t.me/tz636 → 加群成功
2022-05-31 07:59:01 → 601124026034 → https://t.me/PHMAKA107 → 加群成功
2022-05-31 07:59:11 → 639677121074 → https://t.me/guiyangpapa → 加群失败：You have joined too many channels/supergroups (caused by JoinChannelRequest)
2022-05-31 07:59:17 → 60178838240 → https://t.me/pingan66chadang → 加群成功
2022-05-31 07:59:28 → 79045541142 → https://t.me/TG907 → 加群成功
2022-05-31 07:59:38 → 60178862101 → https://t.me/otcfl → 加群成功
2022-05-31 07:59:47 → 79528551283 → https://t.me/liaobshe → 加群成功
2022-05-31 07:59:56 → 918092132118 → https://t.me/chlmzy → 加群成功
2022-05-31 08:00:05 → 79919429746 → https://t.me/olddriverhui → 加群成功
2022-05-31 08:00:14 → 6287775712315 → https://t.me/tg108 → 加群成功
2022-05-31 08:00:23 → 919923144199 → https://t.me/feihuaph → 加群成功
2022-05-31 08:00:41 → 601124042925 → https://t.me/AlipayJiFu → 加群成功
2022-05-31 08:00:50 → 6285242442969 → https://t.me/BKEXChinese → 加群成功
2022-05-31 08:00:59 → 79916318026 → https://t.me/ccv348 → 加群成功
2022-05-31 08:01:09 → 639677121074 → https://t.me/ziyuan2 → 加群失败：You have joined too many channels/supergroups (caused by JoinChannelRequest)
2022-05-31 08:01:17 → 79919429746 → https://t.me/wybf168168 → 加群成功
2022-05-31 08:01:29 → 62895324567242 → https://t.me/bailaohui_cvv → 加群成功
2022-05-31 08:01:39 → 60178862101 → https://t.me/bozaiweb → 加群成功
2022-05-31 08:01:49 → 79919431787 → https://t.me/Nst_WP → 加群失败：群组禁止访问
2022-05-31 08:01:56 → 917838380415 → https://t.me/huaxingyl8 → 加群失败：群组禁止访问
2022-05-31 08:02:04 → 6287775712315 → https://t.me/BAOAA → 加群成功
2022-05-31 08:02:14 → 919722809996 → https://t.me/hi_official_chinese → 加群成功
2022-05-31 08:02:24 → 919770816947 → https://t.me/olddriver_gd → 加群成功
2022-05-31 08:02:35 → 919901066213 → https://t.me/BinanceChinese → 加群成功
2022-05-31 08:02:45 → 918092132118 → https://t.me/TG006 → 加群成功
2022-05-31 08:02:55 → 60178838240 → https://t.me/binance_api_chinese → 加群成功
2022-05-31 08:03:05 → 60142963511 → https://t.me/QQXGQQ → 加群成功
2022-05-31 08:03:20 → 6287775712585 → https://t.me/im0471 → 加群成功
2022-05-31 08:03:30 → 79917733563 → https://t.me/Zoey052697 → 加群成功
2022-05-31 08:03:40 → 601112672704 → https://t.me/linkdyh → 加群成功
2022-05-31 08:03:50 → 79045541142 → https://t.me/haojiyou → 加群成功
2022-05-31 08:04:03 → 601112672414 → https://t.me/axujj → 加群成功
2022-05-31 08:04:13 → 6285242442963 → https://t.me/a1313652 → 加群成功
2022-05-31 08:04:22 → 6285242443022 → https://t.me/paofen33 → 加群成功
2022-05-31 08:04:33 → 6282144789066 → https://t.me/mikebill888 → 加群成功
2022-05-31 08:04:45 → 919923144199 → https://t.me/fhaak8 → 加群成功
2022-05-31 08:04:56 → 601124026034 → https://t.me/changsha_dev → 加群成功
2022-05-31 08:05:05 → 79528551283 → https://t.me/tg858 → 加群失败：No user has "tg858" as username
2022-05-31 08:05:12 → 6281218966272 → https://t.me/caoji565 → 加群成功
2022-05-31 08:05:22 → 918109281745 → https://t.me/tgdl128 → 加群成功
2022-05-31 08:05:31 → 79917730705 → https://t.me/zhongshandidi → 加群失败：群组禁止访问
2022-05-31 08:05:39 → 6285242442967 → https://t.me/Socks55555 → 加群成功
2022-05-31 08:05:49 → 918509922477 → https://t.me/maticnetwork_china → 加群成功
2022-05-31 08:05:59 → 917061771362 → https://t.me/kaihesoft → 加群成功
2022-05-31 08:06:10 → 79917731981 → https://t.me/fhlmteam → 加群失败：群组禁止访问
2022-05-31 08:09:25 → 6287775712585 → https://t.me/beiluochat → 加群成功
2022-05-31 08:09:34 → 601124026034 → https://t.me/trj_shore001 → 加群成功
2022-05-31 08:09:41 → 601112672704 → https://t.me/DIP9188 → 加群成功
2022-05-31 08:09:49 → 79917731981 → https://t.me/officelearner → 加群成功
2022-05-31 08:09:58 → 919770816947 → https://t.me/dibai778899 → 加群成功
2022-05-31 08:10:06 → 6287775712315 → https://t.me/ys52111 → 加群成功
2022-05-31 08:10:12 → 60178862101 → https://t.me/three001 → 加群成功
2022-05-31 08:10:20 → 919722809996 → https://t.me/ritalin51 → 加群失败：Nobody is using this username, or the username is unacceptable. If the latter, it must match r"[a-zA-Z][\w\d]{3,30}[a-zA-Z\d]" (caused by ResolveUsernameRequest)
2022-05-31 08:10:25 → 601124042925 → https://t.me/Dingshia → 加群成功
2022-05-31 08:10:32 → 79919431787 → https://t.me/sakura_cloud → 加群成功
2022-05-31 08:10:39 → 6281218966272 → https://t.me/deep3695 → 加群成功
2022-05-31 08:10:46 → 79917730705 → https://t.me/gboxtg → 加群成功
2022-05-31 08:10:53 → 62895324567242 → https://t.me/tg_king80 → 加群成功
2022-05-31 08:10:59 → 79919429746 → https://t.me/aofexcn → 加群成功
2022-05-31 08:11:06 → 60142963511 → https://t.me/dbjlq1 → 加群成功
2022-05-31 08:11:13 → 919923144199 → https://t.me/huanqian35 → 加群成功
2022-05-31 08:11:20 → 918109281745 → https://t.me/tgdl128 → 加群成功
2022-05-31 08:11:26 → 917838380415 → https://t.me/dijia02 → 加群成功
2022-05-31 08:11:33 → 918092132118 → https://t.me/dibai918 → 加群失败：群组禁止访问
2022-05-31 08:11:39 → 918509922477 → https://t.me/TG6766 → 加群成功
2022-05-31 08:11:46 → 6285242442963 → https://t.me/HuNanTG → 加群成功
2022-05-31 08:11:55 → 79916318026 → https://t.me/avnrichchinese_chat → 加群成功
2022-05-31 08:12:02 → 919901066213 → https://t.me/galaxyheroescn → 加群成功
2022-05-31 08:12:09 → 6285242442967 → https://t.me/pionexcn → 加群成功
2022-05-31 08:12:16 → 601112672414 → https://t.me/google_win → 加群成功
2022-05-31 08:12:23 → 917061771362 → https://t.me/lhc168 → 加群成功
2022-05-31 08:12:30 → 60178838240 → https://t.me/xuanchengolddriver → 加群成功
2022-05-31 08:12:36 → 6285242443022 → https://t.me/programertalk → 加群成功
2022-05-31 08:12:43 → 79528551283 → https://t.me/wz513064 → 加群成功
2022-05-31 08:12:50 → 6285242442969 → https://t.me/fluxdefi → 加群成功
2022-05-31 08:12:57 → 79917733563 → https://t.me/BikingChineseGroup → 加群成功
2022-05-31 08:13:04 → 6282144789066 → https://t.me/huaao1 → 加群成功
2022-05-31 08:13:11 → 79045541142 → https://t.me/daishuvpn → 加群成功
2022-05-31 08:13:18 → 639677121074 → https://t.me/laowangdan → 加群失败：You have joined too many channels/supergroups (caused by JoinChannelRequest)
2022-05-31 08:13:27 → 6285242442963 → https://t.me/kmfw56789 → 加群成功
2022-05-31 08:13:35 → 79919431787 → https://t.me/chaoxi → 加群成功
2022-05-31 08:13:45 → 79045541142 → https://t.me/cn_talk → 加群成功
2022-05-31 08:13:52 → 601124026034 → https://t.me/akkcloud → 加群成功
2022-05-31 08:14:02 → 917838380415 → https://t.me/usdthuzhu3 → 加群成功
2022-05-31 08:14:08 → 6282144789066 → https://t.me/lendhub → 加群成功
2022-05-31 08:14:16 → 6287775712315 → https://t.me/daishou44 → 加群成功
2022-05-31 08:14:38 → 79917730705 → https://t.me/discussimmigration → 加群成功
2022-05-31 08:14:44 → 6287775712585 → https://t.me/gdsjq → 加群成功
2022-05-31 08:14:51 → 918092132118 → https://t.me/readerbeta → 加群成功
2022-05-31 08:14:58 → 601112672414 → https://t.me/tg006 → 加群成功
2022-05-31 08:15:04 → 6285242442967 → https://t.me/hi628 → 加群成功
2022-05-31 08:15:14 → 601112672704 → https://t.me/zb_support → 加群成功
2022-05-31 08:15:21 → 917061771362 → https://t.me/dyjiaoliu → 加群成功
2022-05-31 08:15:28 → 60178838240 → https://t.me/appssweepstakes → 加群成功
2022-05-31 08:15:38 → 919923144199 → https://t.me/wangzhuanusdt → 加群成功
2022-05-31 08:16:00 → 79916318026 → https://t.me/qipaipan54 → 加群成功
2022-05-31 08:16:06 → 918509922477 → https://t.me/InWebDarkNET → 加群成功
2022-05-31 08:16:13 → 6285242442969 → https://t.me/fastfish2 → 加群成功
2022-05-31 08:16:23 → 60178862101 → https://t.me/zaozhuang1 → 加群成功
2022-05-31 08:16:29 → 79528551283 → https://t.me/BKEXChinese → 加群成功
2022-05-31 08:16:37 → 60142963511 → https://t.me/huichan_com_grp → 加群成功
2022-05-31 08:16:43 → 918109281745 → https://t.me/MDhuaren1 → 加群成功
2022-05-31 08:16:50 → 79917733563 → https://t.me/loufenha → 加群成功
2022-05-31 08:16:57 → 6281218966272 → https://t.me/btokcn_0016 → 加群成功
2022-05-31 08:17:04 → 639677121074 → https://t.me/gif128 → 加群失败：You have joined too many channels/supergroups (caused by JoinChannelRequest)
2022-05-31 08:17:08 → 919722809996 → https://t.me/zhongwen6 → 加群成功
2022-05-31 08:17:15 → 919901066213 → https://t.me/huanxiangyouxi → 加群成功
2022-05-31 08:17:23 → 62895324567242 → https://t.me/kx360 → 加群成功
2022-05-31 08:17:30 → 6285242443022 → https://t.me/hzaxx → 加群成功
2022-05-31 08:17:37 → 601124042925 → https://t.me/sunshineyyds → 加群成功
2022-05-31 08:17:45 → 919770816947 → https://t.me/CKidc666 → 加群成功
2022-05-31 08:17:52 → 79919429746 → https://t.me/qwerdt1 → 加群成功
2022-05-31 08:17:58 → 79917731981 → https://t.me/tg328 → 加群失败：群组禁止访问
2022-05-31 08:18:08 → 639677121074 → https://t.me/radiocacaasian → 加群失败：You have joined too many channels/supergroups (caused by JoinChannelRequest)
2022-05-31 08:18:12 → 79528551283 → https://t.me/WKLhuaren → 加群成功
2022-05-31 08:18:19 → 919901066213 → https://t.me/zfb_qq → 加群成功
2022-05-31 08:18:26 → 6285242442963 → https://t.me/zhuhai9 → 加群成功
2022-05-31 08:18:32 → 6285242442967 → https://t.me/jiamidi → 加群成功
2022-05-31 08:18:42 → 79919429746 → https://t.me/BinancePoolChinese → 加群成功
2022-05-31 08:18:48 → 79045541142 → https://t.me/USTCtg → 加群失败：群组禁止访问
2022-05-31 08:18:53 → 918509922477 → https://t.me/phbbs → 加群成功
2022-05-31 08:19:01 → 601124026034 → https://t.me/danbao96 → 加群成功
2022-05-31 08:19:25 → 6281218966272 → https://t.me/hgmhxz → 加群成功
2022-05-31 08:19:36 → 918092132118 → https://t.me/bandwagonhostgroup → 加群成功
2022-05-31 08:19:45 → 6285242443022 → https://t.me/pionexcn → 加群成功
2022-05-31 08:19:54 → 79917730705 → https://t.me/qingroup → 加群成功
2022-05-31 08:20:03 → 919722809996 → https://t.me/ca0505 → 加群成功
2022-05-31 08:20:12 → 918109281745 → https://t.me/ColaChina → 加群成功
2022-05-31 08:20:21 → 79917733563 → https://t.me/wuhpay → 加群成功
2022-05-31 08:20:30 → 79917731981 → https://t.me/TGhuaren1 → 加群失败：群组禁止访问
2022-05-31 08:20:36 → 919923144199 → https://t.me/kkkttt369 → 加群成功
2022-05-31 08:20:45 → 917061771362 → https://t.me/blsq55 → 加群成功
2022-05-31 08:20:54 → 6285242442969 → https://t.me/mihuzahuopu → 加群成功
2022-05-31 08:21:03 → 79916318026 → https://t.me/justmysockscn → 加群成功
2022-05-31 08:21:15 → 601124042925 → https://t.me/yuantoushuju4 → 加群成功
2022-05-31 08:21:25 → 6282144789066 → https://t.me/A_K_3A → 加群成功
2022-05-31 08:21:34 → 62895324567242 → https://t.me/usdtbmw → 加群成功
2022-05-31 08:21:43 → 917838380415 → https://t.me/juliang666 → 加群成功
2022-05-31 08:21:56 → 6287775712585 → https://t.me/yinhangkausdt → 加群成功
2022-05-31 08:22:05 → 60178862101 → https://t.me/daishoujiaoyi → 加群成功
2022-05-31 08:22:14 → 601112672414 → https://t.me/shuju888666 → 加群成功
2022-05-31 08:22:23 → 60178838240 → https://t.me/monstainfinitechinese → 加群成功
2022-05-31 08:22:32 → 6287775712315 → https://t.me/zn88666 → 加群成功
2022-05-31 08:22:41 → 60142963511 → https://t.me/jiu_777 → 加群成功
2022-05-31 08:22:51 → 79919431787 → https://t.me/xysbbs → 加群成功
2022-05-31 08:23:00 → 919770816947 → https://t.me/dayofdefeatcn → 加群成功
2022-05-31 08:23:09 → 601112672704 → https://t.me/tgzhcn → 加群成功
2022-05-31 08:23:25 → 919722809996 → https://t.me/dmzf8 → 加群成功
2022-05-31 08:23:35 → 601112672414 → https://t.me/xcarnival_chinese → 加群成功
2022-05-31 08:23:44 → 6285242442967 → https://t.me/olddriversh → 加群成功
2022-05-31 08:23:53 → 601124042925 → https://t.me/sq577 → 加群成功
2022-05-31 08:24:02 → 6285242443022 → https://t.me/hi_Official_Chinese → 加群成功
2022-05-31 08:24:12 → 60178838240 → https://t.me/faka58 → 加群成功
2022-05-31 08:24:21 → 79917733563 → https://t.me/mingmen520 → 加群成功
2022-05-31 08:24:32 → 919770816947 → https://t.me/tfwzclz → 加群成功
2022-05-31 08:24:42 → 919923144199 → https://t.me/india_moneypay → 加群成功
2022-05-31 08:24:52 → 6285242442969 → https://t.me/szhkfun → 加群成功
2022-05-31 08:25:02 → 639677121074 → https://t.me/wubuxianjingziyuan → 加群失败：You have joined too many channels/supergroups (caused by JoinChannelRequest)
2022-05-31 08:25:10 → 79917731981 → https://t.me/shenzhencity → 加群成功
2022-05-31 08:25:20 → 918092132118 → https://t.me/zzlsjbyq → 加群失败：群组禁止访问
2022-05-31 08:25:27 → 6281218966272 → https://t.me/tsdb01 → 加群成功
2022-05-31 08:25:37 → 6287775712315 → https://t.me/dongnanyaliaotian → 加群成功
2022-05-31 08:25:47 → 60142963511 → https://t.me/lbank_cn → 加群成功
2022-05-31 08:25:57 → 79528551283 → https://t.me/bacommu → 加群成功
2022-05-31 08:26:10 → 79919429746 → https://t.me/TG55555555555 → 加群成功
2022-05-31 08:26:20 → 919901066213 → https://t.me/bkexchinese → 加群成功
2022-05-31 08:26:30 → 62895324567242 → https://t.me/dibaifa → 加群成功
2022-05-31 08:26:39 → 79917730705 → https://t.me/doge88 → 加群成功
2022-05-31 08:26:48 → 79045541142 → https://t.me/hi_Official_Chinese → 加群成功
2022-05-31 08:26:58 → 601124026034 → https://t.me/BIYONGOfficial0015 → 加群成功
2022-05-31 08:27:08 → 79919431787 → https://t.me/pcptm → 加群失败：群组禁止访问
2022-05-31 08:27:15 → 917838380415 → https://t.me/wy173 → 加群成功
2022-05-31 08:27:25 → 60178862101 → https://t.me/jianpuzai777 → 加群成功
2022-05-31 08:27:38 → 918509922477 → https://t.me/fg528 → 加群成功
2022-05-31 08:27:48 → 6287775712585 → https://t.me/pfwcn → 加群成功
2022-05-31 08:27:59 → 601112672704 → https://t.me/WKLhuaren → 加群成功
2022-05-31 08:28:10 → 6285242442963 → https://t.me/wwxcxinting → 加群成功
2022-05-31 08:28:20 → 6282144789066 → https://t.me/DBhuaren1 → 加群成功
2022-05-31 08:28:30 → 79916318026 → https://t.me/duanxin2008 → 加群成功
2022-05-31 08:28:40 → 917061771362 → https://t.me/crxs778 → 加群成功
2022-05-31 08:28:50 → 918109281745 → https://t.me/tg96110 → 加群成功
2022-05-31 08:29:08 → 918092132118 → https://t.me/qqlsj → 加群成功
2022-05-31 08:29:19 → 917061771362 → https://t.me/dhjlq → 加群成功
2022-05-31 08:29:29 → 60178862101 → https://t.me/sanfang53 → 加群成功
2022-05-31 08:29:55 → 601112672414 → https://t.me/dibaihrg009 → 加群成功
2022-05-31 08:30:05 → 6282144789066 → https://t.me/quanqiushouhuo → 加群成功
2022-05-31 08:30:15 → 919901066213 → https://t.me/tuishouLL01 → 加群成功
2022-05-31 08:30:26 → 6285242442967 → https://t.me/lhc168 → 加群成功
2022-05-31 08:30:36 → 601124026034 → https://t.me/meizi005 → 加群成功
2022-05-31 08:30:46 → 79917733563 → https://t.me/shore999888 → 加群成功
2022-05-31 08:30:56 → 79917730705 → https://t.me/MDhuaren1 → 加群成功
2022-05-31 08:31:07 → 918109281745 → https://t.me/DBhuaren1 → 加群成功
2022-05-31 08:31:30 → 601124042925 → https://t.me/shenma001 → 加群成功
2022-05-31 08:31:40 → 601112672704 → https://t.me/MDhuaren1 → 加群成功
2022-05-31 08:31:50 → 6285242443022 → https://t.me/jfoisjfiodvfd → 加群成功
2022-05-31 08:32:02 → 6287775712585 → https://t.me/tronnetworkcn → 加群成功
2022-05-31 08:32:12 → 6285242442963 → https://t.me/olddrivergd → 加群成功
2022-05-31 08:32:23 → 79045541142 → https://t.me/gz3388 → 加群成功
2022-05-31 08:32:36 → 919770816947 → https://t.me/tg771 → 加群成功
2022-05-31 08:32:46 → 79917731981 → https://t.me/light_up_comm → 加群成功
2022-05-31 08:32:59 → 79919431787 → https://t.me/ak11828 → 加群成功
2022-05-31 08:33:09 → 79919429746 → https://t.me/sichouzhilu0 → 加群成功
2022-05-31 08:33:19 → 639677121074 → https://t.me/polkadotzh → 加群失败：You have joined too many channels/supergroups (caused by JoinChannelRequest)
2022-05-31 08:33:27 → 62895324567242 → https://t.me/xbzijian → 加群成功
2022-05-31 08:33:46 → 917838380415 → https://t.me/mayishequ → 加群成功
2022-05-31 08:33:57 → 79916318026 → https://t.me/tongdao25 → 加群成功
2022-05-31 08:34:24 → 60178838240 → https://t.me/dibai8880 → 加群成功
2022-05-31 08:34:33 → 60142963511 → https://t.me/baoaa → 加群成功
2022-05-31 08:34:43 → 919923144199 → https://t.me/a_k_3a → 加群成功
2022-05-31 08:34:53 → 79528551283 → https://t.me/goutui → 加群成功
2022-05-31 08:35:05 → 918509922477 → https://t.me/TG006 → 加群成功
2022-05-31 08:35:15 → 6287775712315 → https://t.me/tg148 → 加群成功
2022-05-31 08:35:25 → 6281218966272 → https://t.me/goutui1113 → 加群成功
2022-05-31 08:35:35 → 6285242442969 → https://t.me/dubaiqq918 → 加群成功
2022-05-31 08:35:44 → 919722809996 → https://t.me/cyj1188 → 加群成功
2022-05-31 08:36:03 → 79919429746 → https://t.me/frontend_talk → 加群成功
2022-05-31 08:36:14 → 919770816947 → https://t.me/zscd18 → 加群成功
2022-05-31 08:36:26 → 917061771362 → https://t.me/dibaicn → 加群成功
2022-05-31 08:36:37 → 6281218966272 → https://t.me/ysshuju1 → 加群成功
2022-05-31 08:36:47 → 639677121074 → https://t.me/hwhrbbs → 加群失败：You have joined too many channels/supergroups (caused by JoinChannelRequest)
2022-05-31 08:36:54 → 918109281745 → https://t.me/doxchina → 加群成功
2022-05-31 08:37:04 → 917838380415 → https://t.me/liang1112233 → 加群成功
2022-05-31 08:37:14 → 60142963511 → https://t.me/daishou15 → 加群成功
2022-05-31 08:37:38 → 6285242442963 → https://t.me/lasihaima266 → 加群成功
2022-05-31 08:37:49 → 919722809996 → https://t.me/tokaucn → 加群成功
2022-05-31 08:37:58 → 60178838240 → https://t.me/TG12389 → 加群成功
2022-05-31 08:38:09 → 6287775712585 → https://t.me/TG110 → 加群成功
2022-05-31 08:38:18 → 79917730705 → https://t.me/weikang2020 → 加群成功
2022-05-31 08:38:30 → 60178862101 → https://t.me/myfreevpn → 加群成功
2022-05-31 08:38:40 → 6285242442967 → https://t.me/guangdongyue → 加群成功
2022-05-31 08:38:49 → 79916318026 → https://t.me/dbf6666 → 加群成功
2022-05-31 08:38:58 → 6287775712315 → https://t.me/flea66 → 加群成功
2022-05-31 08:39:08 → 919923144199 → https://t.me/pionexcn → 加群失败：群组禁止访问
2022-05-31 08:39:15 → 919901066213 → https://t.me/tcelue1 → 加群失败：群组禁止访问
2022-05-31 08:39:22 → 601124026034 → https://t.me/socks55555 → 加群成功
2022-05-31 08:39:32 → 79528551283 → https://t.me/btokcn_0014 → 加群成功
2022-05-31 08:39:41 → 6285242442969 → https://t.me/xianliao01 → 加群成功
2022-05-31 08:39:50 → 79919431787 → https://t.me/usdt43 → 加群成功
2022-05-31 08:40:00 → 79045541142 → https://t.me/dibai12 → 加群成功
2022-05-31 08:40:09 → 601112672704 → https://t.me/baocai217 → 加群成功
2022-05-31 08:40:19 → 601112672414 → https://t.me/paofenht → 加群成功
2022-05-31 08:40:29 → 6285242443022 → https://t.me/xiaohao2018 → 加群成功
2022-05-31 08:40:38 → 79917731981 → https://t.me/yamzcunziyuanduij → 加群失败：群组禁止访问
2022-05-31 08:40:45 → 918509922477 → https://t.me/ibox_official → 加群成功
2022-05-31 08:40:54 → 601124042925 → https://t.me/FQ3P3 → 加群成功
2022-05-31 08:41:03 → 6282144789066 → https://t.me/zhifu7788 → 加群成功
2022-05-31 08:41:26 → 918092132118 → https://t.me/www589qkcom → 加群成功
2022-05-31 08:41:36 → 62895324567242 → https://t.me/Fkzy_Group → 加群成功
2022-05-31 08:41:46 → 79917733563 → https://t.me/balance863 → 加群成功
2022-05-31 08:42:03 → 79528551283 → https://t.me/KavaChinese → 加群成功
2022-05-31 08:42:12 → 6281218966272 → https://t.me/kachahu → 加群成功
2022-05-31 08:42:30 → 79916318026 → https://t.me/yxbjx → 加群成功
2022-05-31 08:42:43 → 6287775712585 → https://t.me/si1688 → 加群成功
2022-05-31 08:42:54 → 919901066213 → https://t.me/huizhouqun → 加群成功
2022-05-31 08:43:03 → 6285242442967 → https://t.me/hoogroupchinese → 加群成功
2022-05-31 08:43:13 → 918092132118 → https://t.me/GouTuiClub → 加群成功
2022-05-31 08:43:25 → 917838380415 → https://t.me/feihelp → 加群成功
2022-05-31 08:43:35 → 917061771362 → https://t.me/tg0799 → 加群成功
2022-05-31 08:43:45 → 6285242443022 → https://t.me/nbydxyk1 → 加群成功
2022-05-31 08:43:54 → 79919429746 → https://t.me/yueaijilu → 加群成功
2022-05-31 08:44:04 → 62895324567242 → https://t.me/server699 → 加群成功
2022-05-31 08:44:14 → 919923144199 → https://t.me/asiaweed → 加群成功
2022-05-31 08:44:25 → 79917733563 → https://t.me/ssunion → 加群成功
2022-05-31 08:44:34 → 6285242442969 → https://t.me/laoyingchuhai8 → 加群成功
2022-05-31 08:44:43 → 918509922477 → https://t.me/kedoucloud → 加群成功
2022-05-31 08:44:52 → 601112672704 → https://t.me/huobiglobal_zw → 加群成功
2022-05-31 08:45:01 → 60178838240 → https://t.me/Shore999888 → 加群成功
2022-05-31 08:45:10 → 919722809996 → https://t.me/goutuiclub → 加群成功
2022-05-31 08:45:22 → 6282144789066 → https://t.me/dfsdaeaw → 加群失败：Nobody is using this username, or the username is unacceptable. If the latter, it must match r"[a-zA-Z][\w\d]{3,30}[a-zA-Z\d]" (caused by ResolveUsernameRequest)
2022-05-31 08:45:29 → 918109281745 → https://t.me/tiandeng88 → 加群成功
2022-05-31 08:45:39 → 601112672414 → https://t.me/mf_group → 加群成功
2022-05-31 08:45:48 → 6287775712315 → https://t.me/xingbi0088 → 加群成功
2022-05-31 08:45:57 → 639677121074 → https://t.me/chaguaner → 加群失败：You have joined too many channels/supergroups (caused by JoinChannelRequest)
2022-05-31 08:46:05 → 60178862101 → https://t.me/tg12389 → 加群成功
2022-05-31 08:46:16 → 79919431787 → https://t.me/tg6198 → 加群成功
2022-05-31 08:46:25 → 79917731981 → https://t.me/zhifubaojiefeng → 加群成功
2022-05-31 08:46:35 → 60142963511 → https://t.me/qianmin → 加群成功
2022-05-31 08:46:44 → 79917730705 → https://t.me/huihui220 → 加群成功
2022-05-31 08:46:53 → 6285242442963 → https://t.me/gdr666 → 加群成功
2022-05-31 08:47:02 → 79045541142 → https://t.me/xianliao01 → 加群成功
2022-05-31 08:47:11 → 601124042925 → https://t.me/btc_chinese → 加群成功
2022-05-31 08:47:20 → 919770816947 → https://t.me/shell66666 → 加群成功
2022-05-31 08:47:30 → 601124026034 → https://t.me/bitcoindfds → 加群成功
2022-05-31 08:47:47 → 601124026034 → https://t.me/qxinw → 加群成功
2022-05-31 08:47:56 → 639677121074 → https://t.me/bdzycom → 加群失败：You have joined too many channels/supergroups (caused by JoinChannelRequest)
2022-05-31 08:48:03 → 6282144789066 → https://t.me/bitcoin_cn → 加群成功
2022-05-31 08:48:12 → 62895324567242 → https://t.me/botong002 → 加群成功
2022-05-31 08:48:21 → 601112672704 → https://t.me/HLS0002 → 加群成功
2022-05-31 08:48:30 → 6285242443022 → https://t.me/paofen55 → 加群失败：No user has "paofen55" as username
2022-05-31 08:48:36 → 919901066213 → https://t.me/olddriver_cdu → 加群成功
2022-05-31 08:48:45 → 6285242442963 → https://t.me/yyl001 → 加群成功
2022-05-31 08:48:54 → 6285242442969 → https://t.me/yuanyuzhou8 → 加群成功
2022-05-31 08:49:04 → 918509922477 → https://t.me/fastfish2 → 加群成功
2022-05-31 08:49:16 → 918092132118 → https://t.me/yangjiangchannel → 加群成功
2022-05-31 08:49:25 → 79919431787 → https://t.me/zhifuo → 加群成功
2022-05-31 08:49:34 → 919923144199 → https://t.me/cdshouchang4 → 加群成功
2022-05-31 08:49:44 → 919770816947 → https://t.me/usdtm → 加群成功
2022-05-31 08:49:53 → 6285242442967 → https://t.me/yindutg → 加群成功
2022-05-31 08:50:02 → 6287775712585 → https://t.me/tg088 → 加群成功
2022-05-31 08:50:11 → 919722809996 → https://t.me/zeronetzh → 加群成功
2022-05-31 08:50:20 → 79917730705 → https://t.me/ftx_chinese_official → 加群成功
2022-05-31 08:50:29 → 79045541142 → https://t.me/CvvinternalOrganization → 加群成功
2022-05-31 08:50:41 → 917838380415 → https://t.me/pigcommunity → 加群失败：群组禁止访问
2022-05-31 08:50:47 → 6281218966272 → https://t.me/tgdanbao000 → 加群成功
2022-05-31 08:50:56 → 79917733563 → https://t.me/botong002 → 加群成功
2022-05-31 08:51:05 → 601124042925 → https://t.me/yizhifu678 → 加群成功
2022-05-31 08:51:14 → 917061771362 → https://t.me/bzzone → 加群成功
2022-05-31 08:51:24 → 79528551283 → https://t.me/az123818 → 加群成功
2022-05-31 08:51:33 → 6287775712315 → https://t.me/tgdibai168 → 加群成功
2022-05-31 08:51:42 → 60178862101 → https://t.me/binancechinese → 加群成功
2022-05-31 08:51:51 → 60178838240 → https://t.me/YYL001 → 加群成功
2022-05-31 08:52:00 → 79917731981 → https://t.me/ml520 → 加群成功
2022-05-31 08:52:08 → 601112672414 → https://t.me/cndumpschat → 加群失败：Nobody is using this username, or the username is unacceptable. If the latter, it must match r"[a-zA-Z][\w\d]{3,30}[a-zA-Z\d]" (caused by ResolveUsernameRequest)
2022-05-31 08:52:14 → 79919429746 → https://t.me/bcweb → 加群成功
2022-05-31 08:52:23 → 79916318026 → https://t.me/paofen315 → 加群成功
2022-05-31 08:52:33 → 918109281745 → https://t.me/gm0008 → 加群成功
2022-05-31 08:52:42 → 60142963511 → https://t.me/fwbzy → 加群成功
2022-05-31 08:52:59 → 6282144789066 → https://t.me/huiguophp → 加群成功
2022-05-31 08:53:08 → 79917731981 → https://t.me/Gm0008 → 加群成功
2022-05-31 08:53:17 → 918092132118 → https://t.me/usdtdfds → 加群成功
2022-05-31 08:53:26 → 917838380415 → https://t.me/homeassiant666 → 加群成功
2022-05-31 08:53:36 → 601112672414 → https://t.me/ckidc666 → 加群成功
2022-05-31 08:53:45 → 919923144199 → https://t.me/raicoincn → 加群成功
2022-05-31 08:53:54 → 6285242442963 → https://t.me/tg_88888 → 加群成功
2022-05-31 08:54:03 → 60178862101 → https://t.me/kavachinese → 加群成功
2022-05-31 08:54:12 → 6287775712315 → https://t.me/network50_chat → 加群成功
2022-05-31 08:54:21 → 79045541142 → https://t.me/humanresource63 → 加群成功
2022-05-31 08:54:31 → 639677121074 → https://t.me/seeyellow → 加群失败：You have joined too many channels/supergroups (caused by JoinChannelRequest)
2022-05-31 08:54:39 → 79919429746 → https://t.me/qqxgqq → 加群成功
2022-05-31 08:54:49 → 919770816947 → https://t.me/gibxchange_cn → 加群成功
2022-05-31 08:54:59 → 79917733563 → https://t.me/bestvcommunity → 加群成功
2022-05-31 08:55:09 → 6285242443022 → https://t.me/se_talk → 加群成功