
2022-05-11 02:11:33 → 919923144199 → https://t.me/chatssr → 加群成功
2022-05-11 02:11:42 → 917838380415 → https://t.me/wy173 → 加群成功
2022-05-11 02:11:50 → 79919431787 → https://t.me/HuNanTG → 加群成功
2022-05-11 03:36:42 → 918509922477 → https://t.me/dijia02 → 加群成功
2022-05-11 03:36:48 → 918109281745 → https://t.me/fluxdefi → 加群成功
2022-05-11 03:36:54 → 917838380415 → https://t.me/shcpco → 加群成功
2022-05-11 03:37:00 → 79919429746 → https://t.me/gibxchange_cn → 加群失败：群组禁止访问
2022-05-11 03:37:04 → 917061771362 → https://t.me/BinanceChinese → 加群成功
2022-05-11 03:37:11 → 918092132118 → https://t.me/kaiheo → 加群成功
2022-05-11 03:37:17 → 919722809996 → https://t.me/huanxiangyouxi → 加群成功
2022-05-11 03:37:24 → 919923144199 → https://t.me/html66 → 加群成功
2022-05-11 03:37:30 → 919901066213 → https://t.me/pfwcn → 加群失败：群组禁止访问
2022-05-11 03:37:34 → 79919431787 → https://t.me/TG907 → 加群成功
2022-05-11 03:37:46 → 918109281745 → https://t.me/chatssr → 加群成功
2022-05-11 03:37:55 → 919722809996 → https://t.me/yyl001 → 加群成功
2022-05-11 03:38:02 → 918092132118 → https://t.me/QQXGQQ → 加群成功
2022-05-11 03:38:09 → 918509922477 → https://t.me/a1313652 → 加群成功
2022-05-11 03:38:16 → 919923144199 → https://t.me/yindutg → 加群成功
2022-05-11 03:38:23 → 917061771362 → https://t.me/tgzhcn → 加群成功
2022-05-11 03:38:30 → 919901066213 → https://t.me/USTCtg → 加群失败：群组禁止访问
2022-05-11 03:38:34 → 79919431787 → https://t.me/yugzf → 加群成功
2022-05-11 03:38:42 → 79919429746 → https://t.me/baocai217 → 加群成功
2022-05-11 03:38:49 → 917838380415 → https://t.me/avnrichchinese_chat → 加群成功
2022-05-11 03:39:02 → 79919429746 → https://t.me/goutui1113 → 加群成功
2022-05-11 03:39:09 → 79919431787 → https://t.me/iampua → 加群成功
2022-05-11 03:39:16 → 917061771362 → https://t.me/ckidc666 → 加群失败：群组禁止访问
2022-05-11 03:39:21 → 918109281745 → https://t.me/tfwzclz → 加群成功
2022-05-11 03:39:30 → 918509922477 → https://t.me/www589qkcom → 加群成功
2022-05-11 03:39:37 → 917838380415 → https://t.me/dibai8880 → 加群成功
2022-05-11 03:39:44 → 919722809996 → https://t.me/tg6198 → 加群成功
2022-05-11 03:39:51 → 919923144199 → https://t.me/aofexcn → 加群成功
2022-05-11 03:39:58 → 919901066213 → https://t.me/dibai918 → 加群成功
2022-05-11 03:40:05 → 918092132118 → https://t.me/daifu76 → 加群成功
2022-05-11 03:40:19 → 918092132118 → https://t.me/mikebill888 → 加群成功
2022-05-11 03:40:26 → 919722809996 → https://t.me/tcelue1 → 加群成功
2022-05-11 03:40:33 → 918109281745 → https://t.me/paofenht → 加群成功
2022-05-11 03:40:40 → 79919429746 → https://t.me/BIYONGOfficial0015 → 加群成功
2022-05-11 03:40:47 → 919923144199 → https://t.me/daishuvpn → 加群成功
2022-05-11 03:40:54 → 917838380415 → https://t.me/allswapcn → 加群成功
2022-05-11 03:41:00 → 79919431787 → https://t.me/fw992 → 加群成功
2022-05-11 03:41:08 → 917061771362 → https://t.me/seeyellow → 加群成功
2022-05-11 03:41:15 → 919901066213 → https://t.me/pcptm → 加群成功
2022-05-11 03:41:22 → 918509922477 → https://t.me/tg006 → 加群成功
2022-05-11 03:41:35 → 918092132118 → https://t.me/se_talk → 加群成功
2022-05-11 03:41:42 → 919901066213 → https://t.me/MDhuaren1 → 加群成功
2022-05-11 03:41:48 → 917061771362 → https://t.me/dongnanyaliaotian → 加群成功
2022-05-11 03:41:57 → 918509922477 → https://t.me/network50_chat → 加群成功
2022-05-11 03:42:04 → 919923144199 → https://t.me/njwwjpxc → 加群成功
2022-05-11 03:42:11 → 917838380415 → https://t.me/bz8822 → 加群成功
2022-05-11 03:42:21 → 79919429746 → https://t.me/kmfw56789 → 加群成功
2022-05-11 03:42:29 → 79919431787 → https://t.me/tghc1 → 加群成功
2022-05-11 03:42:36 → 918109281745 → https://t.me/dmzf8 → 加群成功
2022-05-11 03:42:43 → 919722809996 → https://t.me/wangzhuanusdt → 加群成功
2022-05-11 03:43:10 → 79919429746 → https://t.me/BinancePoolChinese → 加群成功
2022-05-11 03:43:17 → 919722809996 → https://t.me/xxup1121 → 加群成功
2022-05-11 03:43:23 → 917838380415 → https://t.me/hwdbq → 加群成功
2022-05-11 03:43:29 → 919923144199 → https://t.me/bohrwebc → 加群成功
2022-05-11 03:43:36 → 79919431787 → https://t.me/sq577 → 加群成功
2022-05-11 03:43:42 → 919901066213 → https://t.me/lhc168 → 加群成功
2022-05-11 03:43:48 → 918109281745 → https://t.me/binzhouqun → 加群成功
2022-05-11 03:43:56 → 918509922477 → https://t.me/TG12389 → 加群成功
2022-05-11 03:44:03 → 918092132118 → https://t.me/heyuedashen1 → 加群成功
2022-05-11 03:44:10 → 917061771362 → https://t.me/homeassiant666 → 加群成功
2022-05-11 03:44:21 → 919923144199 → https://t.me/expressnode → 加群成功
2022-05-11 03:44:30 → 918109281745 → https://t.me/huaxingyl8 → 加群成功
2022-05-11 03:44:36 → 919901066213 → https://t.me/wz513064 → 加群成功
2022-05-11 03:44:43 → 79919431787 → https://t.me/tiandeng88 → 加群成功
2022-05-11 03:44:50 → 919722809996 → https://t.me/fastfish2 → 加群成功
2022-05-11 03:44:59 → 917061771362 → https://t.me/laoyingchuhai8 → 加群成功
2022-05-11 03:45:05 → 918509922477 → https://t.me/raicoincn → 加群成功
2022-05-11 03:45:12 → 79919429746 → https://t.me/TG006 → 加群成功
2022-05-11 03:45:19 → 917838380415 → https://t.me/FQ3P3 → 加群成功
2022-05-11 03:45:25 → 918092132118 → https://t.me/cndumpschat → 加群失败：Nobody is using this username, or the username is unacceptable. If the latter, it must match r"[a-zA-Z][\w\d]{3,30}[a-zA-Z\d]" (caused by ResolveUsernameRequest)
2022-05-11 03:45:34 → 918509922477 → https://t.me/tgyhzq → 加群成功
2022-05-11 03:45:40 → 79919431787 → https://t.me/daishou15 → 加群成功
2022-05-11 03:46:02 → 919901066213 → https://t.me/monstainfinitechinese → 加群失败：群组禁止访问
2022-05-11 03:46:06 → 919923144199 → https://t.me/yxbjx → 加群成功
2022-05-11 03:46:12 → 919722809996 → https://t.me/ColaChina → 加群成功
2022-05-11 03:46:19 → 918109281745 → https://t.me/daishoujiaoyi → 加群成功
2022-05-11 03:46:26 → 79919429746 → https://t.me/beiluochat → 加群成功
2022-05-11 03:46:36 → 917838380415 → https://t.me/ysshuju1 → 加群成功
2022-05-11 03:46:42 → 918092132118 → https://t.me/linkdyh → 加群成功
2022-05-11 03:46:49 → 917061771362 → https://t.me/qqlsj → 加群成功
2022-05-11 03:47:00 → 918109281745 → https://t.me/cyj1188 → 加群成功
2022-05-11 03:47:08 → 917061771362 → https://t.me/tg96110 → 加群成功
2022-05-11 03:47:14 → 79919431787 → https://t.me/jfoisjfiodvfd → 加群成功
2022-05-11 03:47:20 → 919722809996 → https://t.me/cccccccxyyy → 加群成功
2022-05-11 03:47:27 → 918509922477 → https://t.me/pingan66shop → 加群成功
2022-05-11 03:47:37 → 79919429746 → https://t.me/AlgorandFoundationCN → 加群成功
2022-05-11 03:47:43 → 917838380415 → https://t.me/huichan_com_grp → 加群成功
2022-05-11 03:47:50 → 918092132118 → https://t.me/xjltq → 加群成功
2022-05-11 03:47:56 → 919901066213 → https://t.me/tg771 → 加群成功
2022-05-11 03:48:02 → 919923144199 → https://t.me/chaguaner → 加群成功
2022-05-11 03:48:14 → 917061771362 → https://t.me/feihelp → 加群成功
2022-05-11 03:48:20 → 918092132118 → https://t.me/btokofficial_03 → 加群成功
2022-05-11 03:48:27 → 918509922477 → https://t.me/bdzycom → 加群成功
2022-05-11 03:48:33 → 919722809996 → https://t.me/ca0505 → 加群成功
2022-05-11 03:48:40 → 79919431787 → https://t.me/tsdb01 → 加群成功
2022-05-11 03:48:46 → 918109281745 → https://t.me/changsha_dev → 加群成功
2022-05-11 03:48:53 → 919923144199 → https://t.me/mihuzahuopu → 加群成功
2022-05-11 03:48:59 → 917838380415 → https://t.me/mayishequ → 加群成功
2022-05-11 03:49:06 → 79919429746 → https://t.me/otcfl → 加群成功
2022-05-11 03:49:13 → 919901066213 → https://t.me/PHMAKA107 → 加群成功
2022-05-11 03:49:24 → 918109281745 → https://t.me/im0471 → 加群成功
2022-05-11 03:49:33 → 918509922477 → https://t.me/appssweepstakes → 加群成功
2022-05-11 03:49:42 → 919901066213 → https://t.me/tronnetworkcn → 加群成功
2022-05-11 03:49:48 → 79919431787 → https://t.me/socks55555 → 加群失败：群组禁止访问
2022-05-11 03:49:52 → 919722809996 → https://t.me/KavaChinese → 加群失败：A wait of 1046 seconds is required (caused by JoinChannelRequest)
2022-05-11 03:49:56 → 79919429746 → https://t.me/sichouzhilu0 → 加群成功
2022-05-11 03:50:03 → 919923144199 → https://t.me/olddriver_fs → 加群失败：A wait of 1042 seconds is required (caused by JoinChannelRequest)
2022-05-11 03:50:07 → 917838380415 → https://t.me/tg_88888 → 加群成功
2022-05-11 03:50:14 → 918092132118 → https://t.me/gdsjq → 加群成功
2022-05-11 03:50:20 → 917061771362 → https://t.me/YYL001 → 加群成功
2022-05-11 03:50:31 → 917838380415 → https://t.me/pionexcn → 加群成功
2022-05-11 03:50:39 → 79919429746 → https://t.me/zscd1 → 加群成功
2022-05-11 03:50:46 → 919923144199 → https://t.me/TGhuaren1 → 加群失败：A wait of 1000 seconds is required (caused by JoinChannelRequest)
2022-05-11 03:50:50 → 919901066213 → https://t.me/yuantoushuju5 → 加群成功
2022-05-11 03:51:12 → 79919431787 → https://t.me/TG6766 → 加群成功
2022-05-11 03:51:19 → 919722809996 → https://t.me/bacommu → 加群失败：A wait of 959 seconds is required (caused by JoinChannelRequest)
2022-05-11 03:51:23 → 918109281745 → https://t.me/BKEXChinese → 加群失败：A wait of 926 seconds is required (caused by JoinChannelRequest)
2022-05-11 03:51:27 → 918092132118 → https://t.me/asiaweed → 加群成功
2022-05-11 03:51:34 → 917061771362 → https://t.me/yamzcunziyuanduij → 加群成功
2022-05-11 03:51:41 → 918509922477 → https://t.me/olddrivergd → 加群失败：A wait of 901 seconds is required (caused by JoinChannelRequest)
2022-05-11 03:51:50 → 918109281745 → https://t.me/wybf168168 → 加群失败：A wait of 899 seconds is required (caused by JoinChannelRequest)
2022-05-11 03:51:54 → 918092132118 → https://t.me/WKLhuaren → 加群成功
2022-05-11 03:52:00 → 917838380415 → https://t.me/bitcoin_cn → 加群失败：A wait of 1010 seconds is required (caused by JoinChannelRequest)
2022-05-11 03:52:04 → 919923144199 → https://t.me/BikingChineseGroup → 加群失败：A wait of 921 seconds is required (caused by JoinChannelRequest)
2022-05-11 03:52:08 → 919722809996 → https://t.me/zaozhuang1 → 加群失败：A wait of 910 seconds is required (caused by JoinChannelRequest)
2022-05-11 03:52:13 → 919901066213 → https://t.me/aomenliuhe88 → 加群成功
2022-05-11 03:52:19 → 918509922477 → https://t.me/australiasydneychat → 加群失败：A wait of 863 seconds is required (caused by JoinChannelRequest)
2022-05-11 03:52:23 → 79919429746 → https://t.me/Socks55555 → 加群失败：群组禁止访问
2022-05-11 03:52:27 → 917061771362 → https://t.me/gz3388 → 加群成功
2022-05-11 03:52:36 → 79919431787 → https://t.me/chinadarknet → 加群成功
2022-05-11 03:52:48 → 919722809996 → https://t.me/faka58 → 加群失败：A wait of 871 seconds is required (caused by JoinChannelRequest)
2022-05-11 03:52:52 → 917838380415 → https://t.me/zzlsjbyq → 加群失败：A wait of 959 seconds is required (caused by JoinChannelRequest)
2022-05-11 03:52:56 → 79919431787 → https://t.me/Shore999888 → 加群成功
2022-05-11 03:53:02 → 917061771362 → https://t.me/bandwagonhostgroup → 加群失败：A wait of 843 seconds is required (caused by JoinChannelRequest)
2022-05-11 03:53:06 → 918109281745 → https://t.me/loufenha → 加群失败：A wait of 823 seconds is required (caused by JoinChannelRequest)
2022-05-11 03:53:10 → 919923144199 → https://t.me/cambodiacn → 加群失败：A wait of 855 seconds is required (caused by JoinChannelRequest)
2022-05-11 03:53:14 → 918509922477 → https://t.me/binancechinese → 加群失败：A wait of 808 seconds is required (caused by JoinChannelRequest)
2022-05-11 03:53:18 → 79919429746 → https://t.me/zhenggui → 加群失败：A wait of 925 seconds is required (caused by JoinChannelRequest)
2022-05-11 03:53:22 → 919901066213 → https://t.me/olddriver_gd → 加群成功
2022-05-11 03:53:29 → 918092132118 → https://t.me/polkadotzh → 加群成功
2022-05-11 03:53:41 → 918109281745 → https://t.me/shore999888 → 加群失败：A wait of 788 seconds is required (caused by JoinChannelRequest)
2022-05-11 03:53:45 → 918092132118 → https://t.me/qwerdt1 → 加群失败：A wait of 806 seconds is required (caused by JoinChannelRequest)
2022-05-11 03:53:49 → 917838380415 → https://t.me/yueaijilu → 加群失败：A wait of 901 seconds is required (caused by JoinChannelRequest)
2022-05-11 03:53:53 → 917061771362 → https://t.me/hgmhxz → 加群失败：A wait of 792 seconds is required (caused by JoinChannelRequest)
2022-05-11 03:53:57 → 919722809996 → https://t.me/galaxyheroescn → 加群失败：A wait of 801 seconds is required (caused by JoinChannelRequest)
2022-05-11 03:54:01 → 79919431787 → https://t.me/baoaa → 加群失败：A wait of 814 seconds is required (caused by JoinChannelRequest)
2022-05-11 03:54:05 → 79919429746 → https://t.me/dfsdaeaw → 加群失败：Nobody is using this username, or the username is unacceptable. If the latter, it must match r"[a-zA-Z][\w\d]{3,30}[a-zA-Z\d]" (caused by ResolveUsernameRequest)
2022-05-11 03:54:09 → 919901066213 → https://t.me/tgdanbao000 → 加群失败：A wait of 950 seconds is required (caused by JoinChannelRequest)
2022-05-11 03:54:13 → 919923144199 → https://t.me/dibaifa → 加群失败：A wait of 792 seconds is required (caused by JoinChannelRequest)
2022-05-11 03:54:17 → 918509922477 → https://t.me/paofen315 → 加群失败：A wait of 745 seconds is required (caused by JoinChannelRequest)
2022-05-11 03:54:26 → 79919431787 → https://t.me/ColaChina → 加群失败：群组禁止访问
2022-05-11 03:54:30 → 79919429746 → https://t.me/sunshineyyds → 加群失败：A wait of 853 seconds is required (caused by JoinChannelRequest)
2022-05-11 03:54:34 → 917061771362 → https://t.me/DIP9188 → 加群失败：A wait of 751 seconds is required (caused by JoinChannelRequest)
2022-05-11 03:54:38 → 917838380415 → https://t.me/guiyangpapa → 加群失败：A wait of 852 seconds is required (caused by JoinChannelRequest)
2022-05-11 03:54:43 → 918109281745 → https://t.me/TG006 → 加群失败：A wait of 727 seconds is required (caused by JoinChannelRequest)
2022-05-11 03:54:46 → 919901066213 → https://t.me/TG188188 → 加群失败：A wait of 913 seconds is required (caused by JoinChannelRequest)
2022-05-11 03:54:50 → 918509922477 → https://t.me/discussimmigration → 加群失败：A wait of 712 seconds is required (caused by JoinChannelRequest)
2022-05-11 03:54:55 → 919923144199 → https://t.me/feihuaph → 加群失败：A wait of 751 seconds is required (caused by JoinChannelRequest)
2022-05-11 03:54:59 → 919722809996 → https://t.me/InWebDarkNET → 加群失败：A wait of 740 seconds is required (caused by JoinChannelRequest)
2022-05-11 03:55:03 → 918092132118 → https://t.me/xuanchengolddriver → 加群失败：A wait of 729 seconds is required (caused by JoinChannelRequest)
2022-05-11 03:55:12 → 79919429746 → https://t.me/xingbi0088 → 加群失败：A wait of 812 seconds is required (caused by JoinChannelRequest)
2022-05-11 03:55:16 → 918509922477 → https://t.me/saltyleo_blog → 加群失败：A wait of 687 seconds is required (caused by JoinChannelRequest)
2022-05-11 03:55:20 → 918109281745 → https://t.me/jianpuzai777 → 加群失败：A wait of 689 seconds is required (caused by JoinChannelRequest)
2022-05-11 03:55:24 → 919722809996 → https://t.me/Sz1888 → 加群失败：A wait of 714 seconds is required (caused by JoinChannelRequest)
2022-05-11 03:55:28 → 918092132118 → https://t.me/maticnetwork_china → 加群失败：A wait of 703 seconds is required (caused by JoinChannelRequest)
2022-05-11 03:55:32 → 917838380415 → https://t.me/ccv348 → 加群失败：A wait of 798 seconds is required (caused by JoinChannelRequest)
2022-05-11 03:55:36 → 919923144199 → https://t.me/TG55555555555 → 加群成功
2022-05-11 03:55:42 → 79919431787 → https://t.me/tg12389 → 加群失败：A wait of 713 seconds is required (caused by JoinChannelRequest)
2022-05-11 03:55:46 → 919901066213 → https://t.me/xinbi_088 → 加群失败：A wait of 853 seconds is required (caused by JoinChannelRequest)
2022-05-11 03:55:50 → 917061771362 → https://t.me/pigcommunity → 加群失败：A wait of 675 seconds is required (caused by JoinChannelRequest)
2022-05-11 03:55:59 → 79919429746 → https://t.me/tgdl128 → 加群成功
2022-05-11 03:56:06 → 79919431787 → https://t.me/ssunion → 加群失败：A wait of 690 seconds is required (caused by JoinChannelRequest)
2022-05-11 03:56:10 → 918109281745 → https://t.me/three001 → 加群失败：A wait of 639 seconds is required (caused by JoinChannelRequest)
2022-05-11 03:56:14 → 917061771362 → https://t.me/btokcn_0016 → 加群失败：A wait of 651 seconds is required (caused by JoinChannelRequest)
2022-05-11 03:56:18 → 917838380415 → https://t.me/tz636 → 加群失败：A wait of 752 seconds is required (caused by JoinChannelRequest)
2022-05-11 03:56:22 → 919722809996 → https://t.me/balance863 → 加群失败：A wait of 656 seconds is required (caused by JoinChannelRequest)
2022-05-11 03:56:26 → 918509922477 → https://t.me/zfb_qq → 加群失败：A wait of 616 seconds is required (caused by JoinChannelRequest)
2022-05-11 03:56:31 → 919901066213 → https://t.me/gif128 → 加群失败：A wait of 809 seconds is required (caused by JoinChannelRequest)
2022-05-11 03:56:34 → 918092132118 → https://t.me/humanresource63 → 加群失败：A wait of 637 seconds is required (caused by JoinChannelRequest)
2022-05-11 03:56:38 → 919923144199 → https://t.me/TG006 → 加群失败：A wait of 647 seconds is required (caused by JoinChannelRequest)
2022-05-11 03:56:47 → 919901066213 → https://t.me/BAOAA → 加群失败：A wait of 792 seconds is required (caused by JoinChannelRequest)
2022-05-11 03:56:51 → 918509922477 → https://t.me/wuhpay → 加群失败：A wait of 591 seconds is required (caused by JoinChannelRequest)
2022-05-11 03:56:55 → 917061771362 → https://t.me/HuNanTG → 加群失败：A wait of 610 seconds is required (caused by JoinChannelRequest)
2022-05-11 03:56:59 → 919923144199 → https://t.me/india_moneypay → 加群成功
2022-05-11 03:57:05 → 918092132118 → https://t.me/yinhangkausdt → 加群失败：A wait of 606 seconds is required (caused by JoinChannelRequest)
2022-05-11 03:57:09 → 917838380415 → https://t.me/bkexchinese → 加群失败：A wait of 701 seconds is required (caused by JoinChannelRequest)
2022-05-11 03:57:13 → 919722809996 → https://t.me/TG110 → 加群失败：A wait of 605 seconds is required (caused by JoinChannelRequest)
2022-05-11 03:57:17 → 79919429746 → https://t.me/BKEXChinese → 加群失败：群组禁止访问
2022-05-11 03:57:21 → 918109281745 → https://t.me/ziyuan2 → 加群失败：A wait of 568 seconds is required (caused by JoinChannelRequest)
2022-05-11 03:57:25 → 79919431787 → https://t.me/axujj → 加群失败：A wait of 610 seconds is required (caused by JoinChannelRequest)
2022-05-11 03:57:34 → 79919431787 → https://t.me/BinancePoolChinese → 加群失败：A wait of 601 seconds is required (caused by JoinChannelRequest)
2022-05-11 03:57:38 → 917061771362 → https://t.me/tg148 → 加群失败：A wait of 567 seconds is required (caused by JoinChannelRequest)
2022-05-11 07:17:53 → 79919429746 → https://t.me/pingan66chadang → 加群成功
2022-05-11 07:18:01 → 919901066213 → https://t.me/kachahu → 加群成功
2022-05-11 07:26:17 → 917061771362 → https://t.me/danbao96 → 加群成功
2022-05-11 07:27:32 → 918092132118 → https://t.me/usdthuihuan → 加群成功
2022-05-11 07:27:54 → 79919429746 → https://t.me/DBhuaren1 → 加群成功
2022-05-11 07:28:01 → 918509922477 → https://t.me/php_group_cn → 加群成功
2022-05-11 07:28:12 → 919722809996 → https://t.me/bclm1 → 加群成功
2022-05-11 07:28:19 → 918109281745 → https://t.me/meizi005 → 加群成功
2022-05-11 07:28:27 → 917061771362 → https://t.me/light_up_comm → 加群成功
2022-05-11 07:28:35 → 919923144199 → https://t.me/nwdr888 → 加群成功
2022-05-11 07:29:06 → 919722809996 → https://t.me/paofen55 → 加群失败：No user has "paofen55" as username
2022-05-11 07:29:11 → 918092132118 → https://t.me/zhifubaojiefeng → 加群成功
2022-05-11 07:29:18 → 918109281745 → https://t.me/dyjiaoliu → 加群成功
2022-05-11 07:29:24 → 917061771362 → https://t.me/tokaucn → 加群成功
2022-05-11 07:29:30 → 917838380415 → https://t.me/goutuiclub → 加群成功
2022-05-11 07:29:38 → 79919431787 → https://t.me/quanzhangshequ → 加群成功
2022-05-11 07:29:44 → 919901066213 → https://t.me/mla9999 → 加群成功
2022-05-11 07:29:52 → 918509922477 → https://t.me/ai699 → 加群成功
2022-05-11 07:29:59 → 79919429746 → https://t.me/gaigangs → 加群成功
2022-05-11 07:30:05 → 919923144199 → https://t.me/Nst_WP → 加群失败：群组禁止访问
2022-05-11 07:30:15 → 919722809996 → https://t.me/btc_chinese → 加群成功
2022-05-11 07:30:23 → 919901066213 → https://t.me/lendhub → 加群成功
2022-05-11 07:30:30 → 918109281745 → https://t.me/shuju888666 → 加群成功
2022-05-11 07:30:36 → 919923144199 → https://t.me/nanjing025 → 加群失败：No user has "nanjing025" as username
2022-05-11 07:30:41 → 918509922477 → https://t.me/liuhedadui → 加群成功
2022-05-11 07:30:48 → 79919431787 → https://t.me/gdr666 → 加群成功
2022-05-11 07:30:55 → 917061771362 → https://t.me/olddrivercd → 加群成功
2022-05-11 07:31:01 → 79919429746 → https://t.me/hi_official_chinese → 加群成功
2022-05-11 07:31:09 → 917838380415 → https://t.me/x00008 → 加群成功
2022-05-11 07:31:16 → 918092132118 → https://t.me/CvvinternalOrganization → 加群成功
2022-05-11 07:31:28 → 918509922477 → https://t.me/tg088 → 加群成功
2022-05-11 07:31:36 → 919901066213 → https://t.me/Zoey052697 → 加群成功
2022-05-11 07:31:44 → 917061771362 → https://t.me/olddriver_cdu → 加群成功
2022-05-11 07:31:51 → 919923144199 → https://t.me/v2rayn → 加群成功
2022-05-11 07:31:58 → 918109281745 → https://t.me/sanfang53 → 加群成功
2022-05-11 07:32:22 → 919722809996 → https://t.me/diyidaifu → 加群成功
2022-05-11 07:32:29 → 918092132118 → https://t.me/lhc168 → 加群成功
2022-05-11 07:32:35 → 79919431787 → https://t.me/HLS0002 → 加群成功
2022-05-11 07:32:43 → 79919429746 → https://t.me/doxchina → 加群成功
2022-05-11 07:32:49 → 917838380415 → https://t.me/ytzx2 → 加群成功
2022-05-11 07:33:01 → 79919431787 → https://t.me/shenma001 → 加群成功
2022-05-11 07:33:09 → 919722809996 → https://t.me/dhjlq → 加群成功
2022-05-11 07:33:16 → 918509922477 → https://t.me/BinanceChinese → 加群成功
2022-05-11 07:33:22 → 919901066213 → https://t.me/akkcloud → 加群成功
2022-05-11 07:33:28 → 79919429746 → https://t.me/biboxgroup → 加群失败：群组禁止访问
2022-05-11 07:33:34 → 917061771362 → https://t.me/tongdao25 → 加群成功
2022-05-11 07:33:56 → 919923144199 → https://t.me/xianliao01 → 加群成功
2022-05-11 07:34:02 → 917838380415 → https://t.me/ltq33 → 加群成功
2022-05-11 07:34:10 → 918092132118 → https://t.me/ak11828 → 加群成功
2022-05-11 07:34:17 → 918109281745 → https://t.me/zscd18 → 加群成功
2022-05-11 07:34:30 → 919722809996 → https://t.me/liuxingsq → 加群成功
2022-05-11 07:34:37 → 919901066213 → https://t.me/b12306 → 加群成功
2022-05-11 07:34:44 → 917838380415 → https://t.me/tg166 → 加群成功
2022-05-11 07:34:51 → 79919431787 → https://t.me/tg1949521 → 加群成功
2022-05-11 07:34:57 → 919923144199 → https://t.me/zhifu7788 → 加群成功
2022-05-11 07:35:20 → 918092132118 → https://t.me/OKXGroup_CN → 加群成功
2022-05-11 07:35:28 → 917061771362 → https://t.me/zhongshandidi → 加群成功
2022-05-11 07:35:35 → 79919429746 → https://t.me/ftx_chinese_official → 加群成功
2022-05-11 07:35:42 → 918509922477 → https://t.me/dubaiqq918 → 加群成功
2022-05-11 07:35:49 → 918109281745 → https://t.me/caoji565 → 加群成功
2022-05-11 07:36:01 → 918509922477 → https://t.me/hunantg → 加群成功
2022-05-11 07:36:10 → 918092132118 → https://t.me/huihui220 → 加群成功
2022-05-11 07:36:18 → 917061771362 → https://t.me/GouTuiClub → 加群成功
2022-05-11 07:36:24 → 79919431787 → https://t.me/yidaoshou2 → 加群成功
2022-05-11 07:36:31 → 917838380415 → https://t.me/qianmin → 加群成功
2022-05-11 07:36:39 → 918109281745 → https://t.me/quanqiushouhuo → 加群成功
2022-05-11 07:36:47 → 79919429746 → https://t.me/cn_talk → 加群成功
2022-05-11 07:36:54 → 919722809996 → https://t.me/qht888 → 加群失败：Nobody is using this username, or the username is unacceptable. If the latter, it must match r"[a-zA-Z][\w\d]{3,30}[a-zA-Z\d]" (caused by ResolveUsernameRequest)
2022-05-11 07:37:01 → 919901066213 → https://t.me/guangdongyue → 加群成功
2022-05-11 07:37:08 → 919923144199 → https://t.me/si1688 → 加群成功
2022-05-11 07:37:20 → 917838380415 → https://t.me/dayofdefeatcn → 加群成功
2022-05-11 07:37:28 → 79919431787 → https://t.me/huanqian35 → 加群成功
2022-05-11 07:37:51 → 917061771362 → https://t.me/yuehui8 → 加群成功
2022-05-11 07:37:59 → 919722809996 → https://t.me/jiu_777 → 加群成功
2022-05-11 07:38:06 → 919901066213 → https://t.me/xbzijian → 加群成功
2022-05-11 07:38:12 → 918509922477 → https://t.me/chaxun2020 → 加群成功
2022-05-11 07:38:19 → 918092132118 → https://t.me/xcarnival_chinese → 加群成功
2022-05-11 07:38:26 → 79919429746 → https://t.me/tuishouLL01 → 加群成功
2022-05-11 07:38:32 → 918109281745 → https://t.me/CKidc666 → 加群成功
2022-05-11 07:38:40 → 919923144199 → https://t.me/esmascript6 → 加群成功
2022-05-11 07:38:52 → 918509922477 → https://t.me/qqxgqq → 加群成功
2022-05-11 07:38:59 → 919722809996 → https://t.me/pionexcn → 加群成功
2022-05-11 07:39:07 → 79919429746 → https://t.me/wubuxianjingziyuan → 加群成功
2022-05-11 07:39:15 → 918092132118 → https://t.me/mljlq → 加群成功
2022-05-11 07:39:21 → 919923144199 → https://t.me/ml520 → 加群成功
2022-05-11 07:39:28 → 918109281745 → https://t.me/lbank_cn → 加群成功
2022-05-11 07:39:36 → 917061771362 → https://t.me/liang1112233 → 加群成功
2022-05-11 07:39:42 → 79919431787 → https://t.me/tgdl128 → 加群成功
2022-05-11 07:39:49 → 917838380415 → https://t.me/bestvcommunity → 加群成功
2022-05-11 07:39:56 → 919901066213 → https://t.me/zn88666 → 加群成功
2022-05-11 07:40:09 → 79919431787 → https://t.me/chlmzy → 加群成功
2022-05-11 07:40:16 → 918109281745 → https://t.me/botong002 → 加群成功
2022-05-11 07:40:23 → 917838380415 → https://t.me/myanmarcn → 加群成功
2022-05-11 07:40:33 → 919901066213 → https://t.me/justmysockscn → 加群成功
2022-05-11 07:40:42 → 918509922477 → https://t.me/universityalliance → 加群失败：群组禁止访问
2022-05-11 07:40:46 → 919923144199 → https://t.me/bozaiweb → 加群成功
2022-05-11 07:40:53 → 79919429746 → https://t.me/goutui → 加群成功
2022-05-11 07:41:00 → 919722809996 → https://t.me/fhaak8 → 加群成功
2022-05-11 07:41:06 → 918092132118 → https://t.me/dbjlq1 → 加群成功
2022-05-11 07:41:15 → 917061771362 → https://t.me/aomenliuhe88 → 加群成功
2022-05-11 07:41:27 → 918509922477 → https://t.me/HTCOLV → 加群成功
2022-05-11 07:41:35 → 919722809996 → https://t.me/NodeGlobal → 加群成功
2022-05-11 07:41:41 → 918092132118 → https://t.me/yizhifu678 → 加群成功
2022-05-11 07:41:49 → 918109281745 → https://t.me/xysbbs → 加群成功
2022-05-11 07:41:56 → 919901066213 → https://t.me/hwhrbbs → 加群失败：A wait of 365 seconds is required (caused by JoinChannelRequest)
2022-05-11 07:42:00 → 79919431787 → https://t.me/zb_support → 加群成功
2022-05-11 07:42:07 → 79919429746 → https://t.me/iClubHouse → 加群成功
2022-05-11 07:42:17 → 917838380415 → https://t.me/tg8848community → 加群成功
2022-05-11 07:42:23 → 917061771362 → https://t.me/tgdibai168 → 加群失败：A wait of 834 seconds is required (caused by JoinChannelRequest)
2022-05-11 07:42:27 → 919923144199 → https://t.me/xbdb01 → 加群成功
2022-05-11 07:42:40 → 917061771362 → https://t.me/usdtbmw → 加群失败：A wait of 817 seconds is required (caused by JoinChannelRequest)
2022-05-11 07:42:44 → 919901066213 → https://t.me/crxs778 → 加群失败：A wait of 317 seconds is required (caused by JoinChannelRequest)
2022-05-11 07:42:48 → 918092132118 → https://t.me/hi628 → 加群失败：A wait of 883 seconds is required (caused by JoinChannelRequest)
2022-05-11 07:42:53 → 918109281745 → https://t.me/shuju666886 → 加群失败：No user has "shuju666886" as username
2022-05-11 07:42:57 → 917838380415 → https://t.me/zhifuo → 加群失败：A wait of 994 seconds is required (caused by JoinChannelRequest)
2022-05-11 07:43:01 → 79919429746 → https://t.me/wwxcxinting → 加群失败：A wait of 294 seconds is required (caused by JoinChannelRequest)
2022-05-11 07:43:06 → 918509922477 → https://t.me/google_win → 加群失败：A wait of 895 seconds is required (caused by JoinChannelRequest)
2022-05-11 07:43:10 → 919923144199 → https://t.me/hoogroupchinese → 加群成功
2022-05-11 07:43:17 → 919722809996 → https://t.me/haojiyou → 加群成功
2022-05-11 07:43:24 → 79919431787 → https://t.me/blsq55 → 加群失败：A wait of 975 seconds is required (caused by JoinChannelRequest)
2022-05-11 07:43:33 → 917061771362 → https://t.me/dibaicn → 加群失败：A wait of 764 seconds is required (caused by JoinChannelRequest)
2022-05-11 07:43:38 → 918109281745 → https://t.me/pg528 → 加群失败：A wait of 882 seconds is required (caused by JoinChannelRequest)
2022-05-11 07:43:42 → 919722809996 → https://t.me/huaao1 → 加群失败：A wait of 869 seconds is required (caused by JoinChannelRequest)
2022-05-11 07:43:46 → 919923144199 → https://t.me/weikang2020 → 加群成功
2022-05-11 07:43:54 → 917838380415 → https://t.me/fbwsline2021 → 加群失败：A wait of 937 seconds is required (caused by JoinChannelRequest)
2022-05-11 07:43:58 → 919901066213 → https://t.me/doge88 → 加群失败：A wait of 243 seconds is required (caused by JoinChannelRequest)
2022-05-11 07:44:02 → 79919429746 → https://t.me/Gm0008 → 加群失败：A wait of 232 seconds is required (caused by JoinChannelRequest)
2022-05-11 07:44:07 → 918509922477 → https://t.me/MDhuaren1 → 加群失败：A wait of 834 seconds is required (caused by JoinChannelRequest)
2022-05-11 07:44:11 → 918092132118 → https://t.me/AlipayJiFu → 加群失败：A wait of 800 seconds is required (caused by JoinChannelRequest)
2022-05-11 07:44:15 → 79919431787 → https://t.me/dibaihrg009 → 加群失败：A wait of 924 seconds is required (caused by JoinChannelRequest)
2022-05-11 07:44:25 → 79919429746 → https://t.me/usdthuzhu3 → 加群失败：A wait of 209 seconds is required (caused by JoinChannelRequest)
2022-05-11 07:44:29 → 918092132118 → https://t.me/paofen33 → 加群失败：A wait of 782 seconds is required (caused by JoinChannelRequest)
2022-05-11 07:44:34 → 919923144199 → https://t.me/server699 → 加群成功
2022-05-11 07:44:41 → 919901066213 → https://t.me/xvswens → 加群失败：A wait of 200 seconds is required (caused by JoinChannelRequest)
2022-05-11 07:44:45 → 917838380415 → https://t.me/paofen1688 → 加群失败：A wait of 886 seconds is required (caused by JoinChannelRequest)
2022-05-11 07:44:49 → 918509922477 → https://t.me/xxg863 → 加群成功
2022-05-11 07:44:56 → 79919431787 → https://t.me/liaobshe → 加群失败：A wait of 883 seconds is required (caused by JoinChannelRequest)
2022-05-11 07:45:00 → 917061771362 → https://t.me/deep3695 → 加群失败：A wait of 677 seconds is required (caused by JoinChannelRequest)
2022-05-11 07:45:04 → 918109281745 → https://t.me/xmsji → 加群失败：A wait of 796 seconds is required (caused by JoinChannelRequest)
2022-05-11 07:45:10 → 919722809996 → https://t.me/dibai778899 → 加群失败：A wait of 781 seconds is required (caused by JoinChannelRequest)
2022-05-11 07:45:19 → 79919431787 → https://t.me/daishou44 → 加群失败：A wait of 860 seconds is required (caused by JoinChannelRequest)
2022-05-11 07:45:24 → 918092132118 → https://t.me/readerbeta → 加群失败：A wait of 727 seconds is required (caused by JoinChannelRequest)
2022-05-11 07:45:28 → 919722809996 → https://t.me/vfucloud → 加群失败：A wait of 763 seconds is required (caused by JoinChannelRequest)
2022-05-11 07:45:32 → 917838380415 → https://t.me/flea66 → 加群失败：A wait of 839 seconds is required (caused by JoinChannelRequest)
2022-05-11 07:45:37 → 919901066213 → https://t.me/shell66666 → 加群失败：A wait of 144 seconds is required (caused by JoinChannelRequest)
2022-05-11 07:45:41 → 918509922477 → https://t.me/tg_king80 → 加群失败：A wait of 740 seconds is required (caused by JoinChannelRequest)
2022-05-11 07:45:45 → 79919429746 → https://t.me/lkdxqf88 → 加群失败：A wait of 129 seconds is required (caused by JoinChannelRequest)
2022-05-11 07:45:50 → 918109281745 → https://t.me/xiaohao2018 → 加群失败：A wait of 750 seconds is required (caused by JoinChannelRequest)
2022-05-11 07:45:54 → 919923144199 → https://t.me/tg328 → 加群失败：群组禁止访问
2022-05-11 07:45:58 → 917061771362 → https://t.me/kx360 → 加群失败：A wait of 619 seconds is required (caused by JoinChannelRequest)
2022-05-11 07:46:08 → 919722809996 → https://t.me/myfreevpn → 加群失败：A wait of 723 seconds is required (caused by JoinChannelRequest)
2022-05-11 07:46:12 → 917838380415 → https://t.me/xmarspace → 加群失败：A wait of 799 seconds is required (caused by JoinChannelRequest)
2022-05-11 07:46:16 → 917061771362 → https://t.me/sakura_cloud → 加群失败：A wait of 601 seconds is required (caused by JoinChannelRequest)
2022-05-11 07:46:22 → 919901066213 → https://t.me/fw866 → 加群失败：A wait of 99 seconds is required (caused by JoinChannelRequest)
2022-05-11 07:46:26 → 79919429746 → https://t.me/olddriverhui → 加群失败：A wait of 88 seconds is required (caused by JoinChannelRequest)
2022-05-11 07:46:30 → 79919431787 → https://t.me/fhlmteam → 加群失败：A wait of 789 seconds is required (caused by JoinChannelRequest)
2022-05-11 07:46:35 → 919923144199 → https://t.me/pionexcn → 加群失败：A wait of 720 seconds is required (caused by JoinChannelRequest)
2022-05-11 07:46:39 → 918092132118 → https://t.me/fg528 → 加群失败：A wait of 652 seconds is required (caused by JoinChannelRequest)
2022-05-11 07:46:43 → 918109281745 → https://t.me/laowangdan → 加群成功
2022-05-11 07:46:50 → 918509922477 → https://t.me/huiguophp → 加群失败：A wait of 671 seconds is required (caused by JoinChannelRequest)
2022-05-11 07:46:59 → 919901066213 → https://t.me/olddriversh → 加群失败：A wait of 62 seconds is required (caused by JoinChannelRequest)
2022-05-11 07:47:05 → 79919431787 → https://t.me/shenzhencity → 加群失败：A wait of 755 seconds is required (caused by JoinChannelRequest)
2022-05-11 07:47:09 → 918509922477 → https://t.me/ibox_official → 加群失败：A wait of 653 seconds is required (caused by JoinChannelRequest)
2022-05-11 07:47:13 → 917838380415 → https://t.me/qipaipan54 → 加群失败：A wait of 739 seconds is required (caused by JoinChannelRequest)
2022-05-11 07:47:18 → 918092132118 → https://t.me/DBhuaren1 → 加群失败：A wait of 613 seconds is required (caused by JoinChannelRequest)
2022-05-11 07:47:22 → 919923144199 → https://t.me/dibai12 → 加群成功
2022-05-11 07:47:28 → 919722809996 → https://t.me/phbbs → 加群失败：A wait of 643 seconds is required (caused by JoinChannelRequest)
2022-05-11 07:47:33 → 918109281745 → https://t.me/bzzone → 加群失败：A wait of 647 seconds is required (caused by JoinChannelRequest)
2022-05-11 07:47:54 → 79919429746 → https://t.me/wy173 → 加群成功
2022-05-11 07:48:02 → 917061771362 → https://t.me/kavachinese → 加群失败：A wait of 495 seconds is required (caused by JoinChannelRequest)
2022-05-11 07:48:11 → 79919429746 → https://t.me/tg108 → 加群成功
2022-05-11 07:48:19 → 79919431787 → https://t.me/chaoxi → 加群失败：A wait of 681 seconds is required (caused by JoinChannelRequest)
2022-05-11 07:48:23 → 919923144199 → https://t.me/usdtdfds → 加群失败：A wait of 613 seconds is required (caused by JoinChannelRequest)
2022-05-11 07:48:27 → 918109281745 → https://t.me/hi_Official_Chinese → 加群失败：A wait of 594 seconds is required (caused by JoinChannelRequest)
2022-05-11 07:48:32 → 919901066213 → https://t.me/bailaohui_cvv → 加群成功
2022-05-11 07:48:39 → 918092132118 → https://t.me/yuantoushuju4 → 加群失败：A wait of 532 seconds is required (caused by JoinChannelRequest)
2022-05-11 07:48:43 → 918509922477 → https://t.me/hi_Official_Chinese → 加群失败：A wait of 558 seconds is required (caused by JoinChannelRequest)
2022-05-11 07:48:48 → 917061771362 → https://t.me/zeronetzh → 加群失败：A wait of 449 seconds is required (caused by JoinChannelRequest)
2022-05-11 07:48:52 → 919722809996 → https://t.me/mingmen520 → 加群失败：A wait of 559 seconds is required (caused by JoinChannelRequest)
2022-05-11 07:48:57 → 917838380415 → https://t.me/duanxin2008 → 加群失败：A wait of 635 seconds is required (caused by JoinChannelRequest)
2022-05-11 07:49:07 → 918109281745 → https://t.me/cdshouchang4 → 加群失败：A wait of 554 seconds is required (caused by JoinChannelRequest)
2022-05-11 07:49:11 → 917061771362 → https://t.me/ys52111 → 加群失败：A wait of 426 seconds is required (caused by JoinChannelRequest)
2022-05-11 07:49:15 → 918092132118 → https://t.me/kaihesoft → 加群失败：A wait of 497 seconds is required (caused by JoinChannelRequest)
2022-05-11 07:49:19 → 919722809996 → https://t.me/haojing168 → 加群失败：A wait of 532 seconds is required (caused by JoinChannelRequest)
2022-05-11 07:49:24 → 919901066213 → https://t.me/TG0188 → 加群成功
2022-05-11 07:49:30 → 79919429746 → https://t.me/a_k_3a → 加群成功
2022-05-11 07:49:37 → 79919431787 → https://t.me/radiocacaasian → 加群失败：A wait of 602 seconds is required (caused by JoinChannelRequest)
2022-05-11 07:49:41 → 919923144199 → https://t.me/Fkzy_Group → 加群失败：A wait of 534 seconds is required (caused by JoinChannelRequest)
2022-05-11 07:49:45 → 918509922477 → https://t.me/xjltq → 加群失败：A wait of 496 seconds is required (caused by JoinChannelRequest)
2022-05-11 07:49:50 → 917838380415 → https://t.me/zhuhai9 → 加群失败：A wait of 581 seconds is required (caused by JoinChannelRequest)
2022-05-11 07:49:59 → 919923144199 → https://t.me/gboxtg → 加群失败：A wait of 516 seconds is required (caused by JoinChannelRequest)
2022-05-11 07:50:04 → 918509922477 → https://t.me/dockertutorial → 加群失败：群组禁止访问
2022-05-11 07:50:08 → 919722809996 → https://t.me/kkkttt369 → 加群失败：A wait of 483 seconds is required (caused by JoinChannelRequest)
2022-05-11 07:50:12 → 918092132118 → https://t.me/fwbzy → 加群失败：A wait of 439 seconds is required (caused by JoinChannelRequest)
2022-05-11 07:50:17 → 919901066213 → https://t.me/db_lm → 加群成功
2022-05-11 07:50:24 → 917838380415 → https://t.me/xianliao01 → 加群失败：A wait of 547 seconds is required (caused by JoinChannelRequest)
2022-05-11 07:50:28 → 79919429746 → https://t.me/TGlianmeng002 → 加群成功
2022-05-11 07:50:36 → 79919431787 → https://t.me/az123818 → 加群失败：A wait of 543 seconds is required (caused by JoinChannelRequest)
2022-05-11 07:50:40 → 917061771362 → https://t.me/FHLMTEAM → 加群失败：A wait of 337 seconds is required (caused by JoinChannelRequest)
2022-05-11 07:50:44 → 918109281745 → https://t.me/tg0799 → 加群失败：A wait of 456 seconds is required (caused by JoinChannelRequest)
2022-05-11 07:50:54 → 79919431787 → https://t.me/usdt43 → 加群失败：A wait of 525 seconds is required (caused by JoinChannelRequest)
2022-05-11 07:50:58 → 919923144199 → https://t.me/yuanyuzhou8 → 加群失败：A wait of 457 seconds is required (caused by JoinChannelRequest)
2022-05-11 07:51:02 → 917061771362 → https://t.me/fastfish2 → 加群失败：A wait of 315 seconds is required (caused by JoinChannelRequest)
2022-05-11 07:51:07 → 917838380415 → https://t.me/frontend_talk → 加群失败：A wait of 504 seconds is required (caused by JoinChannelRequest)
2022-05-11 07:51:11 → 79919429746 → https://t.me/MDhuaren1 → 加群成功
2022-05-11 07:51:17 → 919722809996 → https://t.me/coinbetter_cn → 加群失败：No user has "coinbetter_cn" as username
2022-05-11 07:51:22 → 918109281745 → https://t.me/nbydxyk1 → 加群失败：A wait of 418 seconds is required (caused by JoinChannelRequest)
2022-05-11 07:51:27 → 919901066213 → https://t.me/szhkfun → 加群成功
2022-05-11 07:51:34 → 918509922477 → https://t.me/WKLhuaren → 加群成功
2022-05-11 07:51:41 → 918092132118 → https://t.me/zhongwen6 → 加群失败：A wait of 351 seconds is required (caused by JoinChannelRequest)
2022-05-11 07:51:51 → 919923144199 → https://t.me/qxinw → 加群失败：A wait of 405 seconds is required (caused by JoinChannelRequest)
2022-05-11 07:51:54 → 79919429746 → https://t.me/kedoucloud → 加群成功
2022-05-11 07:52:02 → 919901066213 → https://t.me/huione888 → 加群成功
2022-05-11 07:52:23 → 917061771362 → https://t.me/huobiglobal_zw → 加群失败：A wait of 234 seconds is required (caused by JoinChannelRequest)
2022-05-11 07:52:27 → 918092132118 → https://t.me/Dingshia → 加群失败：A wait of 304 seconds is required (caused by JoinChannelRequest)
2022-05-11 07:52:33 → 918109281745 → https://t.me/TG_King90 → 加群失败：A wait of 348 seconds is required (caused by JoinChannelRequest)
2022-05-11 07:52:36 → 919722809996 → https://t.me/btokcn_0014 → 加群失败：A wait of 335 seconds is required (caused by JoinChannelRequest)
2022-05-11 07:52:40 → 918509922477 → https://t.me/dbf6666 → 加群失败：A wait of 321 seconds is required (caused by JoinChannelRequest)
2022-05-11 07:52:45 → 79919431787 → https://t.me/tglianmeng002 → 加群成功
2022-05-11 07:52:52 → 917838380415 → https://t.me/KavaChinese → 加群失败：A wait of 400 seconds is required (caused by JoinChannelRequest)
2022-05-11 07:53:33 → 919901066213 → https://t.me/botong002 → 加群成功
2022-05-11 07:53:40 → 918509922477 → https://t.me/huizhouqun → 加群失败：A wait of 261 seconds is required (caused by JoinChannelRequest)
2022-05-11 07:53:45 → 79919429746 → https://t.me/bcweb → 加群成功
2022-05-11 07:53:53 → 918092132118 → https://t.me/bitcoindfds → 加群失败：A wait of 218 seconds is required (caused by JoinChannelRequest)
2022-05-11 07:53:57 → 917061771362 → https://t.me/binance_api_chinese → 加群失败：A wait of 140 seconds is required (caused by JoinChannelRequest)
2022-05-11 07:54:01 → 918109281745 → https://t.me/usdtm → 加群成功
2022-05-11 07:54:10 → 919722809996 → https://t.me/guminlaqun66 → 加群失败：A wait of 241 seconds is required (caused by JoinChannelRequest)
2022-05-11 07:54:14 → 917838380415 → https://t.me/gm0008 → 加群失败：A wait of 317 seconds is required (caused by JoinChannelRequest)
2022-05-11 07:54:18 → 79919431787 → https://t.me/juliang666 → 加群失败：A wait of 321 seconds is required (caused by JoinChannelRequest)
2022-05-11 07:54:23 → 919923144199 → https://t.me/yangjiangchannel → 加群失败：A wait of 252 seconds is required (caused by JoinChannelRequest)
2022-05-11 07:54:32 → 917838380415 → https://t.me/ak99yunmlsxfgds → 加群失败：A wait of 299 seconds is required (caused by JoinChannelRequest)
2022-05-11 07:54:37 → 919901066213 → https://t.me/lasihaima266 → 加群成功
2022-05-11 07:54:44 → 79919429746 → https://t.me/officelearner → 加群成功
2022-05-11 07:54:53 → 79919431787 → https://t.me/jiamidi → 加群失败：A wait of 286 seconds is required (caused by JoinChannelRequest)
2022-05-11 07:54:58 → 918109281745 → https://t.me/ussyu → 加群失败：A wait of 202 seconds is required (caused by JoinChannelRequest)
2022-05-11 07:55:02 → 917061771362 → https://t.me/mf_group → 加群失败：A wait of 75 seconds is required (caused by JoinChannelRequest)
2022-05-11 07:55:07 → 918092132118 → https://t.me/hzaxx → 加群失败：A wait of 144 seconds is required (caused by JoinChannelRequest)
2022-05-11 07:55:11 → 918509922477 → https://t.me/pshqo → 加群失败：A wait of 170 seconds is required (caused by JoinChannelRequest)
2022-05-11 07:55:15 → 919923144199 → https://t.me/A_K_3A → 加群失败：A wait of 200 seconds is required (caused by JoinChannelRequest)
2022-05-11 07:55:20 → 919722809996 → https://t.me/ydsj1 → 加群失败：A wait of 171 seconds is required (caused by JoinChannelRequest)
2022-05-11 07:55:29 → 79919431787 → https://t.me/ritalin51 → 加群失败：Nobody is using this username, or the username is unacceptable. If the latter, it must match r"[a-zA-Z][\w\d]{3,30}[a-zA-Z\d]" (caused by ResolveUsernameRequest)
2022-05-11 07:56:17 → 917061771362 → https://t.me/P541888888 → 加群成功
2022-05-11 07:56:24 → 79919429746 → https://t.me/tianziusdt → 加群成功
2022-05-11 07:56:30 → 919923144199 → https://t.me/trj_shore001 → 加群失败：A wait of 125 seconds is required (caused by JoinChannelRequest)
2022-05-11 07:56:35 → 918109281745 → https://t.me/programertalk → 加群失败：A wait of 105 seconds is required (caused by JoinChannelRequest)
2022-05-11 07:56:39 → 917838380415 → https://t.me/tg858 → 加群失败：A wait of 172 seconds is required (caused by JoinChannelRequest)
2022-05-11 07:56:43 → 919722809996 → https://t.me/qingroup → 加群失败：A wait of 88 seconds is required (caused by JoinChannelRequest)
2022-05-11 09:12:31 → 79919431787 → https://t.me/danbao96 → 加群成功
2022-05-11 09:12:55 → 919901066213 → https://t.me/bitcoin_cn → 加群成功
2022-05-11 09:13:02 → 79919429746 → https://t.me/usdthuzhu3 → 加群成功
2022-05-11 09:13:11 → 917061771362 → https://t.me/readerbeta → 加群成功
2022-05-11 09:13:17 → 918509922477 → https://t.me/jfoisjfiodvfd → 加群成功
2022-05-11 09:13:23 → 918092132118 → https://t.me/YYL001 → 加群成功
2022-05-11 09:13:31 → 919923144199 → https://t.me/a_k_3a → 加群成功
2022-05-11 09:13:38 → 918109281745 → https://t.me/huichan_com_grp → 加群成功
2022-05-11 09:13:44 → 917838380415 → https://t.me/doge88 → 加群成功
2022-05-11 09:13:52 → 919722809996 → https://t.me/ysshuju1 → 加群成功
2022-05-11 09:14:04 → 919722809996 → https://t.me/three001 → 加群成功
2022-05-11 09:14:11 → 917838380415 → https://t.me/zzlsjbyq → 加群成功
2022-05-11 09:14:17 → 79919429746 → https://t.me/BinanceChinese → 加群成功
2022-05-11 09:14:24 → 919923144199 → https://t.me/kavachinese → 加群成功
2022-05-11 09:14:31 → 79919431787 → https://t.me/nanjing025 → 加群失败：No user has "nanjing025" as username
2022-05-11 09:14:35 → 918509922477 → https://t.me/caoji565 → 加群成功
2022-05-11 09:14:42 → 918109281745 → https://t.me/dmzf8 → 加群成功
2022-05-11 09:14:49 → 919901066213 → https://t.me/zb_support → 加群成功
2022-05-11 09:14:56 → 917061771362 → https://t.me/guminlaqun66 → 加群成功
2022-05-11 09:15:04 → 918092132118 → https://t.me/justmysockscn → 加群成功
2022-05-11 09:15:19 → 918509922477 → https://t.me/shcpco → 加群成功
2022-05-11 09:15:26 → 79919429746 → https://t.me/tg166 → 加群成功
2022-05-11 09:15:32 → 79919431787 → https://t.me/tg8848community → 加群成功
2022-05-11 09:15:39 → 919923144199 → https://t.me/ak99yunmlsxfgds → 加群成功
2022-05-11 09:15:47 → 918092132118 → https://t.me/pg528 → 加群成功
2022-05-11 09:15:53 → 917838380415 → https://t.me/a1313652 → 加群成功
2022-05-11 09:16:00 → 918109281745 → https://t.me/laoyingchuhai8 → 加群成功
2022-05-11 09:16:08 → 919722809996 → https://t.me/zscd1 → 加群成功
2022-05-11 09:16:15 → 919901066213 → https://t.me/aomenliuhe88 → 加群成功
2022-05-11 09:16:23 → 917061771362 → https://t.me/gm0008 → 加群成功
2022-05-11 09:16:35 → 919901066213 → https://t.me/jiu_777 → 加群成功
2022-05-11 09:16:43 → 918509922477 → https://t.me/bclm1 → 加群成功
2022-05-11 09:16:50 → 918109281745 → https://t.me/kx360 → 加群成功
2022-05-11 09:16:58 → 919722809996 → https://t.me/axujj → 加群成功
2022-05-11 09:17:05 → 79919431787 → https://t.me/FHLMTEAM → 加群成功
2022-05-11 09:17:13 → 917838380415 → https://t.me/PHMAKA107 → 加群成功
2022-05-11 09:17:20 → 918092132118 → https://t.me/tgzhcn → 加群成功
2022-05-11 09:17:27 → 919923144199 → https://t.me/HTCOLV → 加群成功
2022-05-11 09:17:34 → 79919429746 → https://t.me/myfreevpn → 加群成功
2022-05-11 09:17:42 → 917061771362 → https://t.me/mf_group → 加群成功
2022-05-11 09:17:53 → 917838380415 → https://t.me/dubaiqq918 → 加群成功
2022-05-11 09:18:02 → 918109281745 → https://t.me/zhifuo → 加群成功
2022-05-11 09:18:08 → 919923144199 → https://t.me/mla9999 → 加群成功
2022-05-11 09:18:16 → 917061771362 → https://t.me/pshqo → 加群成功
2022-05-11 09:18:23 → 918509922477 → https://t.me/paofenht → 加群成功
2022-05-11 09:18:30 → 79919429746 → https://t.me/dibai12 → 加群失败：群组禁止访问
2022-05-11 09:18:34 → 919901066213 → https://t.me/www589qkcom → 加群成功
2022-05-11 09:18:42 → 918092132118 → https://t.me/im0471 → 加群成功
2022-05-11 09:18:48 → 79919431787 → https://t.me/bkexchinese → 加群成功
2022-05-11 09:18:56 → 919722809996 → https://t.me/nwdr888 → 加群成功
2022-05-11 09:19:09 → 917061771362 → https://t.me/wubuxianjingziyuan → 加群成功
2022-05-11 09:19:17 → 919901066213 → https://t.me/hgmhxz → 加群成功
2022-05-11 09:19:24 → 79919431787 → https://t.me/usdtdfds → 加群成功
2022-05-11 09:19:30 → 79919429746 → https://t.me/hi_Official_Chinese → 加群成功
2022-05-11 09:19:37 → 918109281745 → https://t.me/zaozhuang1 → 加群成功
2022-05-11 09:19:44 → 918509922477 → https://t.me/fwbzy → 加群成功
2022-05-11 09:19:50 → 918092132118 → https://t.me/sichouzhilu0 → 加群成功
2022-05-11 09:19:58 → 919722809996 → https://t.me/yueaijilu → 加群成功
2022-05-11 09:20:05 → 919923144199 → https://t.me/usdtbmw → 加群成功
2022-05-11 09:20:11 → 917838380415 → https://t.me/dibai778899 → 加群成功
2022-05-11 09:20:25 → 917838380415 → https://t.me/aomenliuhe88 → 加群成功
2022-05-11 09:20:32 → 919901066213 → https://t.me/se_talk → 加群成功
2022-05-11 09:20:40 → 918092132118 → https://t.me/tcelue1 → 加群成功
2022-05-11 09:20:46 → 917061771362 → https://t.me/pionexcn → 加群成功
2022-05-11 09:20:53 → 918509922477 → https://t.me/server699 → 加群成功
2022-05-11 09:21:01 → 919722809996 → https://t.me/dongnanyaliaotian → 加群成功
2022-05-11 09:21:07 → 79919429746 → https://t.me/olddrivercd → 加群成功
2022-05-11 09:21:15 → 919923144199 → https://t.me/huanqian35 → 加群成功