
2022-06-14 00:00:06 → 6285310742570 → https://t.me/wwxcxinting → 加群失败：A wait of 1032 seconds is required (caused by JoinChannelRequest)
2022-06-14 00:00:18 → 6285310742570 → https://t.me/ColaChina → 加群失败：A wait of 1020 seconds is required (caused by JoinChannelRequest)
2022-06-14 00:00:31 → 6285310742570 → https://t.me/gibxchange_cn → 加群失败：A wait of 1007 seconds is required (caused by JoinChannelRequest)
2022-06-14 00:00:44 → 6285310742570 → https://t.me/wubuxianjingziyuan → 加群失败：A wait of 994 seconds is required (caused by JoinChannelRequest)
2022-06-14 00:00:57 → 6285310742570 → https://t.me/tghc1 → 加群失败：A wait of 981 seconds is required (caused by JoinChannelRequest)
2022-06-14 00:01:10 → 6285310742570 → https://t.me/dyjiaoliu → 加群失败：A wait of 968 seconds is required (caused by JoinChannelRequest)
2022-06-14 00:01:23 → 6285310742570 → https://t.me/fbwsline2021 → 加群失败：A wait of 955 seconds is required (caused by JoinChannelRequest)
2022-06-14 00:01:35 → 6285310742570 → https://t.me/qqxgqq → 加群失败：A wait of 943 seconds is required (caused by JoinChannelRequest)
2022-06-14 00:01:47 → 6285310742570 → https://t.me/hi_Official_Chinese → 加群失败：A wait of 931 seconds is required (caused by JoinChannelRequest)
2022-06-14 00:02:00 → 6285310742570 → https://t.me/sanfang53 → 加群失败：A wait of 918 seconds is required (caused by JoinChannelRequest)
2022-06-14 00:02:13 → 6285310742570 → https://t.me/NodeGlobal → 加群失败：A wait of 905 seconds is required (caused by JoinChannelRequest)
2022-06-14 00:02:26 → 6285310742570 → https://t.me/wy173 → 加群失败：A wait of 892 seconds is required (caused by JoinChannelRequest)
2022-06-14 00:02:38 → 6285310742570 → https://t.me/MDhuaren1 → 加群失败：A wait of 880 seconds is required (caused by JoinChannelRequest)
2022-06-14 00:02:50 → 6285310742570 → https://t.me/programertalk → 加群失败：A wait of 868 seconds is required (caused by JoinChannelRequest)
2022-06-14 00:03:02 → 6285310742570 → https://t.me/db_lm → 加群失败：A wait of 856 seconds is required (caused by JoinChannelRequest)
2022-06-14 00:03:15 → 6285310742570 → https://t.me/im0471 → 加群失败：A wait of 843 seconds is required (caused by JoinChannelRequest)
2022-06-14 00:03:27 → 6285310742570 → https://t.me/xbdb01 → 加群失败：A wait of 831 seconds is required (caused by JoinChannelRequest)
2022-06-14 00:03:39 → 6285310742570 → https://t.me/usdtm → 加群失败：A wait of 819 seconds is required (caused by JoinChannelRequest)
2022-06-14 00:03:52 → 6285310742570 → https://t.me/binance_api_chinese → 加群失败：A wait of 806 seconds is required (caused by JoinChannelRequest)
2022-06-14 00:04:05 → 6285310742570 → https://t.me/tuishouLL01 → 加群失败：A wait of 793 seconds is required (caused by JoinChannelRequest)
2022-06-14 00:04:18 → 6285310742570 → https://t.me/tg1949521 → 加群失败：A wait of 780 seconds is required (caused by JoinChannelRequest)
2022-06-14 00:04:30 → 6285310742570 → https://t.me/tg328 → 加群失败：A wait of 768 seconds is required (caused by JoinChannelRequest)
2022-06-14 00:04:43 → 6285310742570 → https://t.me/shenzhencity → 加群失败：A wait of 755 seconds is required (caused by JoinChannelRequest)
2022-06-14 00:04:55 → 6285310742570 → https://t.me/daishoujiaoyi → 加群失败：A wait of 743 seconds is required (caused by JoinChannelRequest)
2022-06-14 00:05:08 → 6285310742570 → https://t.me/btokcn_0016 → 加群失败：A wait of 730 seconds is required (caused by JoinChannelRequest)
2022-06-14 00:05:20 → 6285310742570 → https://t.me/sunshineyyds → 加群失败：A wait of 718 seconds is required (caused by JoinChannelRequest)
2022-06-14 00:05:33 → 6285310742570 → https://t.me/tianziusdt → 加群失败：A wait of 705 seconds is required (caused by JoinChannelRequest)
2022-06-14 00:05:45 → 6285310742570 → https://t.me/otcfl → 加群失败：A wait of 693 seconds is required (caused by JoinChannelRequest)
2022-06-14 00:05:57 → 6285310742570 → https://t.me/galaxyheroescn → 加群失败：A wait of 681 seconds is required (caused by JoinChannelRequest)
2022-06-14 00:06:10 → 6285310742570 → https://t.me/InWebDarkNET → 加群失败：A wait of 668 seconds is required (caused by JoinChannelRequest)
2022-06-14 00:06:23 → 6285310742570 → https://t.me/zb_support → 加群失败：A wait of 655 seconds is required (caused by JoinChannelRequest)
2022-06-14 00:06:36 → 6285310742570 → https://t.me/zn88666 → 加群失败：A wait of 642 seconds is required (caused by JoinChannelRequest)
2022-06-14 00:06:48 → 6285310742570 → https://t.me/feihuaph → 加群失败：A wait of 630 seconds is required (caused by JoinChannelRequest)
2022-06-14 00:07:00 → 6285310742570 → https://t.me/dijia02 → 加群失败：A wait of 618 seconds is required (caused by JoinChannelRequest)
2022-06-14 00:07:12 → 6285310742570 → https://t.me/paofenht → 加群成功
2022-06-14 00:07:27 → 6285310742570 → https://t.me/AlgorandFoundationCN → 加群失败：A wait of 591 seconds is required (caused by JoinChannelRequest)
2022-06-14 00:07:40 → 6285310742570 → https://t.me/xcarnival_chinese → 加群失败：A wait of 578 seconds is required (caused by JoinChannelRequest)
2022-06-14 00:07:52 → 6285310742570 → https://t.me/hzaxx → 加群失败：A wait of 566 seconds is required (caused by JoinChannelRequest)
2022-06-14 00:08:04 → 6285310742570 → https://t.me/goutui → 加群失败：A wait of 554 seconds is required (caused by JoinChannelRequest)
2022-06-14 00:08:17 → 6285310742570 → https://t.me/blsq55 → 加群失败：A wait of 541 seconds is required (caused by JoinChannelRequest)
2022-06-14 00:08:30 → 6285310742570 → https://t.me/zhifuo → 加群失败：A wait of 528 seconds is required (caused by JoinChannelRequest)
2022-06-14 00:08:43 → 6285310742570 → https://t.me/esmascript6 → 加群失败：A wait of 515 seconds is required (caused by JoinChannelRequest)
2022-06-14 00:08:55 → 6285310742570 → https://t.me/dubaiqq918 → 加群失败：A wait of 503 seconds is required (caused by JoinChannelRequest)
2022-06-14 00:09:08 → 6285310742570 → https://t.me/USTCtg → 加群失败：A wait of 490 seconds is required (caused by JoinChannelRequest)
2022-06-14 00:09:21 → 6285310742570 → https://t.me/KavaChinese → 加群失败：A wait of 477 seconds is required (caused by JoinChannelRequest)
2022-06-14 00:09:33 → 6285310742570 → https://t.me/bacommu → 加群失败：A wait of 465 seconds is required (caused by JoinChannelRequest)
2022-06-14 00:09:45 → 6285310742570 → https://t.me/usdthuzhu3 → 加群失败：A wait of 453 seconds is required (caused by JoinChannelRequest)
2022-06-14 00:09:57 → 6285310742570 → https://t.me/wybf168168 → 加群失败：A wait of 441 seconds is required (caused by JoinChannelRequest)
2022-06-14 00:10:09 → 6285310742570 → https://t.me/nanjing025 → 加群失败：No user has "nanjing025" as username
2022-06-14 00:10:21 → 6285310742570 → https://t.me/ltq33 → 加群失败：A wait of 417 seconds is required (caused by JoinChannelRequest)
2022-06-14 00:10:33 → 6285310742570 → https://t.me/yxbjx → 加群成功
2022-06-14 00:10:48 → 6285310742570 → https://t.me/tg108 → 加群失败：A wait of 390 seconds is required (caused by JoinChannelRequest)
2022-06-14 00:11:00 → 6285310742570 → https://t.me/lasihaima266 → 加群失败：A wait of 378 seconds is required (caused by JoinChannelRequest)
2022-06-14 00:11:12 → 6285310742570 → https://t.me/liang1112233 → 加群成功
2022-06-14 00:11:27 → 6285310742570 → https://t.me/xinbi_088 → 加群失败：A wait of 351 seconds is required (caused by JoinChannelRequest)
2022-06-14 00:11:39 → 6285310742570 → https://t.me/goutui1113 → 加群失败：A wait of 339 seconds is required (caused by JoinChannelRequest)
2022-06-14 00:11:52 → 6285310742570 → https://t.me/shell66666 → 加群失败：A wait of 326 seconds is required (caused by JoinChannelRequest)
2022-06-14 00:12:05 → 6285310742570 → https://t.me/fastfish2 → 加群失败：A wait of 313 seconds is required (caused by JoinChannelRequest)
2022-06-14 00:12:18 → 6285310742570 → https://t.me/guangdongyue → 加群失败：A wait of 300 seconds is required (caused by JoinChannelRequest)
2022-06-14 00:12:31 → 6285310742570 → https://t.me/ussyu → 加群失败：A wait of 287 seconds is required (caused by JoinChannelRequest)
2022-06-14 00:12:43 → 6285310742570 → https://t.me/cccccccxyyy → 加群失败：A wait of 275 seconds is required (caused by JoinChannelRequest)
2022-06-14 00:12:56 → 6285310742570 → https://t.me/TG006 → 加群失败：A wait of 262 seconds is required (caused by JoinChannelRequest)
2022-06-14 00:13:09 → 6285310742570 → https://t.me/tg0799 → 加群失败：A wait of 249 seconds is required (caused by JoinChannelRequest)
2022-06-14 00:13:21 → 6285310742570 → https://t.me/xvswens → 加群失败：A wait of 237 seconds is required (caused by JoinChannelRequest)
2022-06-14 00:13:34 → 6285310742570 → https://t.me/FHLMTEAM → 加群失败：A wait of 224 seconds is required (caused by JoinChannelRequest)
2022-06-14 00:13:46 → 6285310742570 → https://t.me/pingan66shop → 加群失败：A wait of 212 seconds is required (caused by JoinChannelRequest)
2022-06-14 00:13:59 → 6285310742570 → https://t.me/officelearner → 加群失败：A wait of 199 seconds is required (caused by JoinChannelRequest)
2022-06-14 00:14:11 → 6285310742570 → https://t.me/heyuedashen1 → 加群失败：A wait of 187 seconds is required (caused by JoinChannelRequest)
2022-06-14 00:14:24 → 6285310742570 → https://t.me/P541888888 → 加群失败：A wait of 174 seconds is required (caused by JoinChannelRequest)
2022-06-14 00:14:36 → 6285310742570 → https://t.me/a_k_3a → 加群失败：A wait of 162 seconds is required (caused by JoinChannelRequest)
2022-06-14 00:14:49 → 6285310742570 → https://t.me/yuehui8 → 加群失败：A wait of 149 seconds is required (caused by JoinChannelRequest)
2022-06-14 00:15:02 → 6285310742570 → https://t.me/btokofficial_03 → 加群失败：A wait of 136 seconds is required (caused by JoinChannelRequest)
2022-06-14 00:15:15 → 6285310742570 → https://t.me/tg148 → 加群失败：A wait of 123 seconds is required (caused by JoinChannelRequest)
2022-06-14 00:15:28 → 6285310742570 → https://t.me/Nst_WP → 加群失败：A wait of 110 seconds is required (caused by JoinChannelRequest)
2022-06-14 00:15:40 → 6285310742570 → https://t.me/tg858 → 加群失败：No user has "tg858" as username
2022-06-14 00:15:52 → 6285310742570 → https://t.me/a1313652 → 加群失败：A wait of 86 seconds is required (caused by JoinChannelRequest)
2022-06-14 00:16:04 → 6285310742570 → https://t.me/huaxingyl8 → 加群失败：A wait of 74 seconds is required (caused by JoinChannelRequest)
2022-06-14 00:16:17 → 6285310742570 → https://t.me/baoaa → 加群失败：A wait of 61 seconds is required (caused by JoinChannelRequest)
2022-06-14 00:17:19 → 6285310742570 → https://t.me/kavachinese → 加群成功
2022-06-14 00:17:37 → 6285310742570 → https://t.me/usdthuihuan → 加群成功
2022-06-14 00:17:52 → 6285310742570 → https://t.me/dibai8880 → 加群成功
2022-06-14 00:18:07 → 6285310742570 → https://t.me/Fkzy_Group → 加群成功
2022-06-14 00:18:22 → 6285310742570 → https://t.me/crxs778 → 加群成功
2022-06-14 00:18:37 → 6285310742570 → https://t.me/qht888 → 加群失败：Nobody is using this username, or the username is unacceptable. If the latter, it must match r"[a-zA-Z][\w\d]{3,30}[a-zA-Z\d]" (caused by ResolveUsernameRequest)
2022-06-14 00:18:49 → 6285310742570 → https://t.me/dibai778899 → 加群失败：A wait of 210 seconds is required (caused by JoinChannelRequest)
2022-06-14 00:19:03 → 6285310742570 → https://t.me/flea66 → 加群失败：A wait of 196 seconds is required (caused by JoinChannelRequest)
2022-06-14 00:19:15 → 6285310742570 → https://t.me/haojing168 → 加群失败：A wait of 184 seconds is required (caused by JoinChannelRequest)
2022-06-14 00:19:28 → 6285310742570 → https://t.me/xmsji → 加群失败：A wait of 171 seconds is required (caused by JoinChannelRequest)
2022-06-14 00:19:41 → 6285310742570 → https://t.me/tgdanbao000 → 加群失败：A wait of 158 seconds is required (caused by JoinChannelRequest)
2022-06-14 00:19:53 → 6285310742570 → https://t.me/hwdbq → 加群失败：A wait of 146 seconds is required (caused by JoinChannelRequest)
2022-06-14 00:20:05 → 6285310742570 → https://t.me/coinbetter_cn → 加群失败：No user has "coinbetter_cn" as username
2022-06-14 00:20:17 → 6285310742570 → https://t.me/zhifu7788 → 加群失败：A wait of 122 seconds is required (caused by JoinChannelRequest)
2022-06-14 00:20:29 → 6285310742570 → https://t.me/BIYONGOfficial0015 → 加群失败：A wait of 110 seconds is required (caused by JoinChannelRequest)
2022-06-14 00:20:41 → 6285310742570 → https://t.me/zhenggui → 加群失败：A wait of 98 seconds is required (caused by JoinChannelRequest)
2022-06-14 00:20:54 → 6285310742570 → https://t.me/TG907 → 加群成功
2022-06-14 00:21:08 → 6285310742570 → https://t.me/liuxingsq → 加群失败：A wait of 71 seconds is required (caused by JoinChannelRequest)
2022-06-14 00:22:20 → 6285310742570 → https://t.me/danbao96 → 加群成功
2022-06-14 00:22:41 → 6285310742570 → https://t.me/MDhuaren1 → 加群成功
2022-06-14 00:22:56 → 6285310742570 → https://t.me/pcptm → 加群成功
2022-06-14 00:23:11 → 6285310742570 → https://t.me/pionexcn → 加群成功
2022-06-14 00:23:26 → 6285310742570 → https://t.me/cambodiacn → 加群成功
2022-06-14 00:23:43 → 6285310742570 → https://t.me/australiasydneychat → 加群失败：A wait of 1416 seconds is required (caused by JoinChannelRequest)
2022-06-14 00:23:56 → 6285310742570 → https://t.me/india_moneypay → 加群失败：A wait of 1403 seconds is required (caused by JoinChannelRequest)
2022-06-14 00:24:08 → 6285310742570 → https://t.me/lkdxqf88 → 加群失败：A wait of 1391 seconds is required (caused by JoinChannelRequest)
2022-06-14 00:24:21 → 6285310742570 → https://t.me/beiluochat → 加群失败：A wait of 1378 seconds is required (caused by JoinChannelRequest)
2022-06-14 00:24:34 → 6285310742570 → https://t.me/quanqiushouhuo → 加群失败：A wait of 1365 seconds is required (caused by JoinChannelRequest)
2022-06-14 00:24:47 → 6285310742570 → https://t.me/sq577 → 加群失败：A wait of 1352 seconds is required (caused by JoinChannelRequest)
2022-06-14 00:24:59 → 6285310742570 → https://t.me/deep3695 → 加群失败：A wait of 1340 seconds is required (caused by JoinChannelRequest)
2022-06-14 00:25:12 → 6285310742570 → https://t.me/AlipayJiFu → 加群失败：A wait of 1327 seconds is required (caused by JoinChannelRequest)
2022-06-14 00:25:25 → 6285310742570 → https://t.me/binancechinese → 加群失败：A wait of 1314 seconds is required (caused by JoinChannelRequest)
2022-06-14 00:25:38 → 6285310742570 → https://t.me/myanmarcn → 加群失败：A wait of 1301 seconds is required (caused by JoinChannelRequest)
2022-06-14 00:25:51 → 6285310742570 → https://t.me/tz636 → 加群失败：A wait of 1288 seconds is required (caused by JoinChannelRequest)
2022-06-14 00:26:04 → 6285310742570 → https://t.me/fwbzy → 加群失败：A wait of 1275 seconds is required (caused by JoinChannelRequest)
2022-06-14 00:26:17 → 6285310742570 → https://t.me/loufenha → 加群失败：A wait of 1262 seconds is required (caused by JoinChannelRequest)
2022-06-14 00:26:30 → 6285310742570 → https://t.me/jianpuzai777 → 加群失败：A wait of 1250 seconds is required (caused by JoinChannelRequest)
2022-06-14 00:26:42 → 6285310742570 → https://t.me/BinanceChinese → 加群失败：A wait of 1237 seconds is required (caused by JoinChannelRequest)
2022-06-14 00:26:54 → 6285310742570 → https://t.me/olddriversh → 加群失败：A wait of 1225 seconds is required (caused by JoinChannelRequest)
2022-06-14 00:27:06 → 6285310742570 → https://t.me/usdtdfds → 加群失败：A wait of 1213 seconds is required (caused by JoinChannelRequest)
2022-06-14 00:27:19 → 6285310742570 → https://t.me/daishuvpn → 加群失败：A wait of 1200 seconds is required (caused by JoinChannelRequest)
2022-06-14 00:27:31 → 6285310742570 → https://t.me/mikebill888 → 加群失败：A wait of 1188 seconds is required (caused by JoinChannelRequest)
2022-06-14 00:27:43 → 6285310742570 → https://t.me/bz8822 → 加群失败：A wait of 1176 seconds is required (caused by JoinChannelRequest)
2022-06-14 00:27:56 → 6285310742570 → https://t.me/DIP9188 → 加群失败：A wait of 1163 seconds is required (caused by JoinChannelRequest)
2022-06-14 00:28:08 → 6285310742570 → https://t.me/nbydxyk1 → 加群失败：A wait of 1151 seconds is required (caused by JoinChannelRequest)
2022-06-14 00:28:21 → 6285310742570 → https://t.me/DBhuaren1 → 加群失败：A wait of 1138 seconds is required (caused by JoinChannelRequest)
2022-06-14 00:28:34 → 6285310742570 → https://t.me/nwdr888 → 加群失败：A wait of 1125 seconds is required (caused by JoinChannelRequest)
2022-06-14 00:28:47 → 6285310742570 → https://t.me/olddriver_fs → 加群失败：A wait of 1112 seconds is required (caused by JoinChannelRequest)
2022-06-14 00:28:59 → 6285310742570 → https://t.me/zhongshandidi → 加群失败：A wait of 1100 seconds is required (caused by JoinChannelRequest)
2022-06-14 00:29:12 → 6285310742570 → https://t.me/bcweb → 加群失败：A wait of 1087 seconds is required (caused by JoinChannelRequest)
2022-06-14 00:29:24 → 6285310742570 → https://t.me/paofen55 → 加群失败：No user has "paofen55" as username
2022-06-14 00:29:36 → 6285310742570 → https://t.me/paofen1688 → 加群失败：A wait of 1063 seconds is required (caused by JoinChannelRequest)
2022-06-14 00:29:49 → 6285310742570 → https://t.me/WKLhuaren → 加群失败：A wait of 1050 seconds is required (caused by JoinChannelRequest)
2022-06-14 00:30:01 → 6285310742570 → https://t.me/guminlaqun66 → 加群失败：A wait of 1038 seconds is required (caused by JoinChannelRequest)
2022-06-14 00:30:13 → 6285310742570 → https://t.me/meizi005 → 加群失败：A wait of 1026 seconds is required (caused by JoinChannelRequest)
2022-06-14 00:30:26 → 6285310742570 → https://t.me/kaihesoft → 加群失败：A wait of 1013 seconds is required (caused by JoinChannelRequest)
2022-06-14 00:30:39 → 6285310742570 → https://t.me/caoji565 → 加群失败：A wait of 1000 seconds is required (caused by JoinChannelRequest)
2022-06-14 00:30:52 → 6285310742570 → https://t.me/Shore999888 → 加群失败：A wait of 987 seconds is required (caused by JoinChannelRequest)
2022-06-14 00:31:04 → 6285310742570 → https://t.me/lhc168 → 加群成功
2022-06-14 00:31:19 → 6285310742570 → https://t.me/TG0188 → 加群失败：A wait of 960 seconds is required (caused by JoinChannelRequest)
2022-06-14 00:31:32 → 6285310742570 → https://t.me/YYL001 → 加群失败：A wait of 947 seconds is required (caused by JoinChannelRequest)
2022-06-14 00:31:45 → 6285310742570 → https://t.me/huaao1 → 加群失败：A wait of 934 seconds is required (caused by JoinChannelRequest)
2022-06-14 00:31:57 → 6285310742570 → https://t.me/dockertutorial → 加群失败：A wait of 922 seconds is required (caused by JoinChannelRequest)
2022-06-14 00:32:11 → 6285310742570 → https://t.me/HuNanTG → 加群失败：A wait of 909 seconds is required (caused by JoinChannelRequest)
2022-06-14 00:32:23 → 6285310742570 → https://t.me/OKXGroup_CN → 加群失败：A wait of 896 seconds is required (caused by JoinChannelRequest)
2022-06-14 00:32:36 → 6285310742570 → https://t.me/cndumpschat → 加群失败：Nobody is using this username, or the username is unacceptable. If the latter, it must match r"[a-zA-Z][\w\d]{3,30}[a-zA-Z\d]" (caused by ResolveUsernameRequest)
2022-06-14 00:32:48 → 6285310742570 → https://t.me/biboxgroup → 加群失败：A wait of 871 seconds is required (caused by JoinChannelRequest)
2022-06-14 00:33:00 → 6285310742570 → https://t.me/zscd1 → 加群失败：A wait of 859 seconds is required (caused by JoinChannelRequest)
2022-06-14 00:33:12 → 6285310742570 → https://t.me/paofen315 → 加群失败：A wait of 847 seconds is required (caused by JoinChannelRequest)
2022-06-14 00:33:25 → 6285310742570 → https://t.me/HLS0002 → 加群失败：A wait of 834 seconds is required (caused by JoinChannelRequest)
2022-06-14 00:33:38 → 6285310742570 → https://t.me/mingmen520 → 加群失败：A wait of 821 seconds is required (caused by JoinChannelRequest)
2022-06-14 00:33:51 → 6285310742570 → https://t.me/ritalin51 → 加群失败：Nobody is using this username, or the username is unacceptable. If the latter, it must match r"[a-zA-Z][\w\d]{3,30}[a-zA-Z\d]" (caused by ResolveUsernameRequest)
2022-06-14 00:34:03 → 6285310742570 → https://t.me/seeyellow → 加群失败：A wait of 796 seconds is required (caused by JoinChannelRequest)
2022-06-14 00:34:16 → 6285310742570 → https://t.me/TG_King90 → 加群失败：A wait of 783 seconds is required (caused by JoinChannelRequest)
2022-06-14 00:34:29 → 6285310742570 → https://t.me/usdtbmw → 加群失败：A wait of 770 seconds is required (caused by JoinChannelRequest)
2022-06-14 00:34:42 → 6285310742570 → https://t.me/kkkttt369 → 加群失败：A wait of 757 seconds is required (caused by JoinChannelRequest)
2022-06-14 00:34:55 → 6285310742570 → https://t.me/tg006 → 加群失败：A wait of 744 seconds is required (caused by JoinChannelRequest)
2022-06-14 00:35:07 → 6285310742570 → https://t.me/yuantoushuju4 → 加群失败：A wait of 732 seconds is required (caused by JoinChannelRequest)
2022-06-14 00:35:20 → 6285310742570 → https://t.me/allswapcn → 加群失败：A wait of 83506 seconds is required (caused by ResolveUsernameRequest)
2022-06-14 00:35:32 → 6285310742570 → https://t.me/pfwcn → 加群失败：A wait of 83494 seconds is required (caused by ResolveUsernameRequest)
2022-06-14 00:35:44 → 6285310742570 → https://t.me/qianmin → 加群失败：A wait of 83482 seconds is required (caused by ResolveUsernameRequest)
2022-06-14 00:35:56 → 6285310742570 → https://t.me/pingan66chadang → 加群失败：A wait of 83470 seconds is required (caused by ResolveUsernameRequest)
2022-06-14 00:36:08 → 6285310742570 → https://t.me/si1688 → 加群失败：A wait of 83458 seconds is required (caused by ResolveUsernameRequest)
2022-06-14 00:36:20 → 6285310742570 → https://t.me/xingbi0088 → 加群失败：A wait of 83446 seconds is required (caused by ResolveUsernameRequest)
2022-06-14 00:36:32 → 6285310742570 → https://t.me/akkcloud → 加群失败：A wait of 83434 seconds is required (caused by ResolveUsernameRequest)
2022-06-14 00:36:44 → 6285310742570 → https://t.me/jfoisjfiodvfd → 加群失败：A wait of 83422 seconds is required (caused by ResolveUsernameRequest)
2022-06-14 00:36:56 → 6285310742570 → https://t.me/yinhangkausdt → 加群失败：A wait of 83410 seconds is required (caused by ResolveUsernameRequest)
2022-06-14 00:37:08 → 6285310742570 → https://t.me/ca0505 → 加群失败：A wait of 83398 seconds is required (caused by ResolveUsernameRequest)
2022-06-14 00:37:20 → 6285310742570 → https://t.me/xxup1121 → 加群失败：A wait of 83386 seconds is required (caused by ResolveUsernameRequest)
2022-06-14 00:37:32 → 6285310742570 → https://t.me/tg_88888 → 加群失败：A wait of 83374 seconds is required (caused by ResolveUsernameRequest)
2022-06-14 00:37:45 → 6285310742570 → https://t.me/bandwagonhostgroup → 加群失败：A wait of 83361 seconds is required (caused by ResolveUsernameRequest)
2022-06-14 00:37:57 → 6285310742570 → https://t.me/CvvinternalOrganization → 加群失败：A wait of 83349 seconds is required (caused by ResolveUsernameRequest)
2022-06-14 00:38:09 → 6285310742570 → https://t.me/readerbeta → 加群失败：A wait of 83337 seconds is required (caused by ResolveUsernameRequest)
2022-06-14 00:38:21 → 6285310742570 → https://t.me/ccv348 → 加群失败：A wait of 83325 seconds is required (caused by ResolveUsernameRequest)
2022-06-14 00:38:33 → 6285310742570 → https://t.me/tg166 → 加群失败：A wait of 83313 seconds is required (caused by ResolveUsernameRequest)
2022-06-14 00:38:45 → 6285310742570 → https://t.me/tg_king80 → 加群失败：A wait of 83301 seconds is required (caused by ResolveUsernameRequest)
2022-06-14 00:38:57 → 6285310742570 → https://t.me/njwwjpxc → 加群失败：A wait of 83289 seconds is required (caused by ResolveUsernameRequest)
2022-06-14 00:39:09 → 6285310742570 → https://t.me/dibai918 → 加群失败：A wait of 83277 seconds is required (caused by ResolveUsernameRequest)
2022-06-14 00:39:21 → 6285310742570 → https://t.me/diyidaifu → 加群失败：A wait of 83265 seconds is required (caused by ResolveUsernameRequest)
2022-06-14 00:39:33 → 6285310742570 → https://t.me/ColaChina → 加群失败：A wait of 466 seconds is required (caused by JoinChannelRequest)
2022-06-14 00:39:45 → 6285310742570 → https://t.me/iampua → 加群失败：A wait of 83241 seconds is required (caused by ResolveUsernameRequest)
2022-06-14 00:39:57 → 6285310742570 → https://t.me/Sz1888 → 加群失败：A wait of 83229 seconds is required (caused by ResolveUsernameRequest)
2022-06-14 00:40:09 → 6285310742570 → https://t.me/botong002 → 加群失败：A wait of 83217 seconds is required (caused by ResolveUsernameRequest)
2022-06-14 00:40:22 → 6285310742570 → https://t.me/gdsjq → 加群失败：A wait of 83205 seconds is required (caused by ResolveUsernameRequest)
2022-06-14 00:40:34 → 6285310742570 → https://t.me/zzlsjbyq → 加群失败：A wait of 83192 seconds is required (caused by ResolveUsernameRequest)
2022-06-14 00:40:46 → 6285310742570 → https://t.me/light_up_comm → 加群失败：A wait of 83180 seconds is required (caused by ResolveUsernameRequest)
2022-06-14 00:40:58 → 6285310742570 → https://t.me/php_group_cn → 加群失败：A wait of 83168 seconds is required (caused by ResolveUsernameRequest)
2022-06-14 00:41:10 → 6285310742570 → https://t.me/kachahu → 加群失败：A wait of 83156 seconds is required (caused by ResolveUsernameRequest)
2022-06-14 00:41:22 → 6285310742570 → https://t.me/paofen33 → 加群失败：A wait of 83144 seconds is required (caused by ResolveUsernameRequest)
2022-06-14 00:41:34 → 6285310742570 → https://t.me/ssunion → 加群失败：A wait of 83132 seconds is required (caused by ResolveUsernameRequest)
2022-06-14 00:41:46 → 6285310742570 → https://t.me/Dingshia → 加群失败：A wait of 83120 seconds is required (caused by ResolveUsernameRequest)
2022-06-14 00:41:58 → 6285310742570 → https://t.me/A_K_3A → 加群失败：A wait of 321 seconds is required (caused by JoinChannelRequest)
2022-06-14 00:42:10 → 6285310742570 → https://t.me/TG110 → 加群失败：A wait of 83096 seconds is required (caused by ResolveUsernameRequest)
2022-06-14 00:42:22 → 6285310742570 → https://t.me/lhc168 → 加群成功
2022-06-14 00:42:37 → 6285310742570 → https://t.me/google_win → 加群失败：A wait of 83069 seconds is required (caused by ResolveUsernameRequest)
2022-06-14 00:42:49 → 6285310742570 → https://t.me/huanxiangyouxi → 加群失败：A wait of 83057 seconds is required (caused by ResolveUsernameRequest)
2022-06-14 00:43:01 → 6285310742570 → https://t.me/chaxun2020 → 加群失败：A wait of 83045 seconds is required (caused by ResolveUsernameRequest)
2022-06-14 00:43:13 → 6285310742570 → https://t.me/three001 → 加群失败：A wait of 83033 seconds is required (caused by ResolveUsernameRequest)
2022-06-14 00:43:25 → 6285310742570 → https://t.me/quanzhangshequ → 加群失败：A wait of 83021 seconds is required (caused by ResolveUsernameRequest)
2022-06-14 00:43:37 → 6285310742570 → https://t.me/discussimmigration → 加群失败：A wait of 83009 seconds is required (caused by ResolveUsernameRequest)
2022-06-14 00:43:50 → 6285310742570 → https://t.me/network50_chat → 加群失败：A wait of 209 seconds is required (caused by JoinChannelRequest)
2022-06-14 00:44:02 → 6285310742570 → https://t.me/kmfw56789 → 加群失败：A wait of 82984 seconds is required (caused by ResolveUsernameRequest)
2022-06-14 00:44:14 → 6285310742570 → https://t.me/tg088 → 加群失败：A wait of 82972 seconds is required (caused by ResolveUsernameRequest)
2022-06-14 00:44:26 → 6285310742570 → https://t.me/dbjlq1 → 加群失败：A wait of 82960 seconds is required (caused by ResolveUsernameRequest)
2022-06-14 00:44:38 → 6285310742570 → https://t.me/daishou15 → 加群失败：A wait of 82948 seconds is required (caused by ResolveUsernameRequest)
2022-06-14 00:44:50 → 6285310742570 → https://t.me/doge88 → 加群失败：A wait of 82936 seconds is required (caused by ResolveUsernameRequest)
2022-06-14 00:45:02 → 6285310742570 → https://t.me/Socks55555 → 加群失败：A wait of 82924 seconds is required (caused by ResolveUsernameRequest)
2022-06-14 00:45:14 → 6285310742570 → https://t.me/daifu76 → 加群失败：A wait of 82912 seconds is required (caused by ResolveUsernameRequest)
2022-06-14 00:45:26 → 6285310742570 → https://t.me/wuhpay → 加群失败：A wait of 82900 seconds is required (caused by ResolveUsernameRequest)
2022-06-14 00:45:38 → 6285310742570 → https://t.me/ckidc666 → 加群失败：A wait of 82888 seconds is required (caused by ResolveUsernameRequest)
2022-06-14 00:45:50 → 6285310742570 → https://t.me/ibox_official → 加群失败：A wait of 82876 seconds is required (caused by ResolveUsernameRequest)
2022-06-14 00:46:02 → 6285310742570 → https://t.me/bdzycom → 加群失败：A wait of 82864 seconds is required (caused by ResolveUsernameRequest)
2022-06-14 00:46:14 → 6285310742570 → https://t.me/humanresource63 → 加群失败：A wait of 82852 seconds is required (caused by ResolveUsernameRequest)
2022-06-14 00:46:26 → 6285310742570 → https://t.me/fhaak8 → 加群失败：A wait of 82840 seconds is required (caused by ResolveUsernameRequest)
2022-06-14 00:46:38 → 6285310742570 → https://t.me/universityalliance → 加群失败：A wait of 82828 seconds is required (caused by ResolveUsernameRequest)
2022-06-14 00:46:50 → 6285310742570 → https://t.me/guiyangpapa → 加群失败：A wait of 82816 seconds is required (caused by ResolveUsernameRequest)
2022-06-14 00:47:02 → 6285310742570 → https://t.me/b12306 → 加群失败：A wait of 82804 seconds is required (caused by ResolveUsernameRequest)
2022-06-14 00:47:14 → 6285310742570 → https://t.me/socks55555 → 加群失败：A wait of 82792 seconds is required (caused by ResolveUsernameRequest)
2022-06-14 00:47:26 → 6285310742570 → https://t.me/homeassiant666 → 加群失败：A wait of 82780 seconds is required (caused by ResolveUsernameRequest)
2022-06-14 00:47:38 → 6285310742570 → https://t.me/QQXGQQ → 加群成功
2022-06-14 00:47:53 → 6285310742570 → https://t.me/pionexcn → 加群失败：群组禁止访问
2022-06-14 00:48:05 → 6285310742570 → https://t.me/olddriverhui → 加群失败：A wait of 82741 seconds is required (caused by ResolveUsernameRequest)
2022-06-14 00:48:17 → 6285310742570 → https://t.me/juliang666 → 加群失败：A wait of 82729 seconds is required (caused by ResolveUsernameRequest)
2022-06-14 00:48:29 → 6285310742570 → https://t.me/goutuiclub → 加群失败：A wait of 82717 seconds is required (caused by ResolveUsernameRequest)
2022-06-14 00:48:41 → 6285310742570 → https://t.me/tgdibai168 → 加群失败：A wait of 82705 seconds is required (caused by ResolveUsernameRequest)
2022-06-14 00:48:53 → 6285310742570 → https://t.me/botong002 → 加群失败：A wait of 82693 seconds is required (caused by ResolveUsernameRequest)
2022-06-14 00:49:05 → 6285310742570 → https://t.me/chaoxi → 加群失败：A wait of 82681 seconds is required (caused by ResolveUsernameRequest)
2022-06-14 00:49:17 → 6285310742570 → https://t.me/cn_talk → 加群失败：A wait of 82669 seconds is required (caused by ResolveUsernameRequest)
2022-06-14 00:49:29 → 6285310742570 → https://t.me/huihui220 → 加群失败：A wait of 82657 seconds is required (caused by ResolveUsernameRequest)
2022-06-14 00:49:41 → 6285310742570 → https://t.me/TG006 → 加群成功
2022-06-14 00:49:56 → 6285310742570 → https://t.me/tg6198 → 加群失败：A wait of 82630 seconds is required (caused by ResolveUsernameRequest)
2022-06-14 00:50:08 → 6285310742570 → https://t.me/BikingChineseGroup → 加群失败：A wait of 82618 seconds is required (caused by ResolveUsernameRequest)
2022-06-14 00:50:20 → 6285310742570 → https://t.me/lbank_cn → 加群失败：A wait of 82606 seconds is required (caused by ResolveUsernameRequest)
2022-06-14 00:50:33 → 6285310742570 → https://t.me/ziyuan2 → 加群失败：A wait of 82593 seconds is required (caused by ResolveUsernameRequest)
2022-06-14 00:50:45 → 6285310742570 → https://t.me/GouTuiClub → 加群失败：A wait of 82581 seconds is required (caused by ResolveUsernameRequest)
2022-06-14 00:50:57 → 6285310742570 → https://t.me/qxinw → 加群失败：A wait of 82569 seconds is required (caused by ResolveUsernameRequest)
2022-06-14 00:51:09 → 6285310742570 → https://t.me/zfb_qq → 加群失败：A wait of 82557 seconds is required (caused by ResolveUsernameRequest)
2022-06-14 00:51:21 → 6285310742570 → https://t.me/HTCOLV → 加群失败：A wait of 82545 seconds is required (caused by ResolveUsernameRequest)
2022-06-14 00:51:33 → 6285310742570 → https://t.me/duanxin2008 → 加群失败：A wait of 82533 seconds is required (caused by ResolveUsernameRequest)
2022-06-14 00:51:45 → 6285310742570 → https://t.me/xianliao01 → 加群失败：A wait of 82521 seconds is required (caused by ResolveUsernameRequest)
2022-06-14 00:51:57 → 6285310742570 → https://t.me/xianliao01 → 加群失败：A wait of 82509 seconds is required (caused by ResolveUsernameRequest)
2022-06-14 00:52:09 → 6285310742570 → https://t.me/axujj → 加群失败：A wait of 82497 seconds is required (caused by ResolveUsernameRequest)
2022-06-14 00:52:21 → 6285310742570 → https://t.me/BAOAA → 加群成功
2022-06-14 00:52:36 → 6285310742570 → https://t.me/BKEXChinese → 加群成功
2022-06-14 00:52:51 → 6285310742570 → https://t.me/ftx_chinese_official → 加群失败：A wait of 82455 seconds is required (caused by ResolveUsernameRequest)
2022-06-14 00:53:03 → 6285310742570 → https://t.me/yuantoushuju5 → 加群失败：A wait of 82443 seconds is required (caused by ResolveUsernameRequest)
2022-06-14 00:53:15 → 6285310742570 → https://t.me/shuju666886 → 加群失败：A wait of 82431 seconds is required (caused by ResolveUsernameRequest)
2022-06-14 00:53:27 → 6285310742570 → https://t.me/tfwzclz → 加群失败：A wait of 82419 seconds is required (caused by ResolveUsernameRequest)
2022-06-14 00:53:39 → 6285310742570 → https://t.me/x00008 → 加群失败：A wait of 82407 seconds is required (caused by ResolveUsernameRequest)
2022-06-14 00:53:51 → 6285310742570 → https://t.me/BinancePoolChinese → 加群失败：A wait of 82395 seconds is required (caused by ResolveUsernameRequest)
2022-06-14 00:54:03 → 6285310742570 → https://t.me/kx360 → 加群失败：A wait of 82383 seconds is required (caused by ResolveUsernameRequest)
2022-06-14 00:54:15 → 6285310742570 → https://t.me/zscd18 → 加群失败：A wait of 82371 seconds is required (caused by ResolveUsernameRequest)
2022-06-14 00:54:27 → 6285310742570 → https://t.me/dbf6666 → 加群失败：A wait of 82359 seconds is required (caused by ResolveUsernameRequest)
2022-06-14 00:54:39 → 6285310742570 → https://t.me/changsha_dev → 加群失败：A wait of 82347 seconds is required (caused by ResolveUsernameRequest)
2022-06-14 00:54:51 → 6285310742570 → https://t.me/pionexcn → 加群失败：群组禁止访问
2022-06-14 00:55:03 → 6285310742570 → https://t.me/fhlmteam → 加群成功
2022-06-14 00:55:18 → 6285310742570 → https://t.me/gz3388 → 加群失败：A wait of 82308 seconds is required (caused by ResolveUsernameRequest)
2022-06-14 00:55:30 → 6285310742570 → https://t.me/yugzf → 加群失败：A wait of 82296 seconds is required (caused by ResolveUsernameRequest)
2022-06-14 00:55:42 → 6285310742570 → https://t.me/dibaifa → 加群失败：A wait of 82284 seconds is required (caused by ResolveUsernameRequest)
2022-06-14 00:55:54 → 6285310742570 → https://t.me/ai699 → 加群失败：A wait of 82272 seconds is required (caused by ResolveUsernameRequest)
2022-06-14 00:56:07 → 6285310742570 → https://t.me/hoogroupchinese → 加群失败：A wait of 82259 seconds is required (caused by ResolveUsernameRequest)
2022-06-14 00:56:19 → 6285310742570 → https://t.me/aomenliuhe88 → 加群成功
2022-06-14 00:56:34 → 6285310742570 → https://t.me/gboxtg → 加群失败：A wait of 82232 seconds is required (caused by ResolveUsernameRequest)
2022-06-14 00:56:46 → 6285310742570 → https://t.me/huichan_com_grp → 加群失败：A wait of 82220 seconds is required (caused by ResolveUsernameRequest)
2022-06-14 00:56:58 → 6285310742570 → https://t.me/bclm1 → 加群失败：A wait of 82208 seconds is required (caused by ResolveUsernameRequest)
2022-06-14 00:57:10 → 6285310742570 → https://t.me/weikang2020 → 加群失败：A wait of 82196 seconds is required (caused by ResolveUsernameRequest)
2022-06-14 00:57:22 → 6285310742570 → https://t.me/pigcommunity → 加群失败：A wait of 82184 seconds is required (caused by ResolveUsernameRequest)
2022-06-14 00:57:34 → 6285310742570 → https://t.me/xiaohao2018 → 加群失败：A wait of 82172 seconds is required (caused by ResolveUsernameRequest)
2022-06-14 00:57:46 → 6285310742570 → https://t.me/doxchina → 加群失败：A wait of 82160 seconds is required (caused by ResolveUsernameRequest)
2022-06-14 00:57:58 → 6285310742570 → https://t.me/btokcn_0014 → 加群失败：A wait of 82148 seconds is required (caused by ResolveUsernameRequest)
2022-06-14 00:58:10 → 6285310742570 → https://t.me/dfsdaeaw → 加群失败：Nobody is using this username, or the username is unacceptable. If the latter, it must match r"[a-zA-Z][\w\d]{3,30}[a-zA-Z\d]" (caused by ResolveUsernameRequest)
2022-06-14 00:58:22 → 6285310742570 → https://t.me/gaigangs → 加群失败：A wait of 82124 seconds is required (caused by ResolveUsernameRequest)
2022-06-14 00:58:34 → 6285310742570 → https://t.me/kedoucloud → 加群失败：A wait of 82112 seconds is required (caused by ResolveUsernameRequest)
2022-06-14 00:58:46 → 6285310742570 → https://t.me/fastfish2 → 加群成功
2022-06-14 00:59:03 → 6285310742570 → https://t.me/gif128 → 加群失败：A wait of 82083 seconds is required (caused by ResolveUsernameRequest)
2022-06-14 00:59:15 → 6285310742570 → https://t.me/TG188188 → 加群失败：A wait of 82071 seconds is required (caused by ResolveUsernameRequest)
2022-06-14 00:59:27 → 6285310742570 → https://t.me/ydsj1 → 加群失败：A wait of 82059 seconds is required (caused by ResolveUsernameRequest)
2022-06-14 00:59:40 → 6285310742570 → https://t.me/BKEXChinese → 加群成功
2022-06-14 00:59:55 → 6285310742570 → https://t.me/tg12389 → 加群成功
2022-06-14 01:00:10 → 6285310742570 → https://t.me/yindutg → 加群失败：A wait of 82016 seconds is required (caused by ResolveUsernameRequest)
2022-06-14 01:00:22 → 6285310742570 → https://t.me/v2rayn → 加群失败：A wait of 82004 seconds is required (caused by ResolveUsernameRequest)
2022-06-14 01:00:34 → 6285310742570 → https://t.me/pg528 → 加群失败：A wait of 81992 seconds is required (caused by ResolveUsernameRequest)
2022-06-14 01:00:46 → 6285310742570 → https://t.me/binzhouqun → 加群失败：A wait of 81980 seconds is required (caused by ResolveUsernameRequest)
2022-06-14 01:00:58 → 6285310742570 → https://t.me/mayishequ → 加群失败：A wait of 81968 seconds is required (caused by ResolveUsernameRequest)
2022-06-14 01:01:10 → 6285310742570 → https://t.me/linkdyh → 加群失败：A wait of 81956 seconds is required (caused by ResolveUsernameRequest)
2022-06-14 01:01:22 → 6285310742570 → https://t.me/KavaChinese → 加群成功
2022-06-14 01:01:37 → 6285310742570 → https://t.me/btc_chinese → 加群失败：A wait of 81929 seconds is required (caused by ResolveUsernameRequest)
2022-06-14 01:01:49 → 6285310742570 → https://t.me/ak99yunmlsxfgds → 加群失败：A wait of 81917 seconds is required (caused by ResolveUsernameRequest)
2022-06-14 01:02:01 → 6285310742570 → https://t.me/olddrivergd → 加群失败：A wait of 81905 seconds is required (caused by ResolveUsernameRequest)
2022-06-14 01:02:14 → 6285310742570 → https://t.me/zhuhai9 → 加群失败：A wait of 81892 seconds is required (caused by ResolveUsernameRequest)
2022-06-14 01:02:26 → 6285310742570 → https://t.me/ys52111 → 加群失败：A wait of 81880 seconds is required (caused by ResolveUsernameRequest)
2022-06-14 01:02:38 → 6285310742570 → https://t.me/sichouzhilu0 → 加群失败：A wait of 81868 seconds is required (caused by ResolveUsernameRequest)
2022-06-14 01:02:51 → 6285310742570 → https://t.me/html66 → 加群失败：A wait of 81855 seconds is required (caused by ResolveUsernameRequest)
2022-06-14 01:03:03 → 6285310742570 → https://t.me/dibai12 → 加群失败：A wait of 81843 seconds is required (caused by ResolveUsernameRequest)
2022-06-14 01:03:15 → 6285310742570 → https://t.me/www589qkcom → 加群失败：A wait of 81831 seconds is required (caused by ResolveUsernameRequest)
2022-06-14 01:03:27 → 6285310742570 → https://t.me/fg528 → 加群失败：A wait of 81819 seconds is required (caused by ResolveUsernameRequest)
2022-06-14 01:03:39 → 6285310742570 → https://t.me/lendhub → 加群失败：A wait of 81807 seconds is required (caused by ResolveUsernameRequest)
2022-06-14 01:03:51 → 6285310742570 → https://t.me/olddriver_gd → 加群失败：A wait of 81795 seconds is required (caused by ResolveUsernameRequest)
2022-06-14 01:04:03 → 6285310742570 → https://t.me/tcelue1 → 加群失败：A wait of 81783 seconds is required (caused by ResolveUsernameRequest)
2022-06-14 01:04:15 → 6285310742570 → https://t.me/tiandeng88 → 加群失败：A wait of 81771 seconds is required (caused by ResolveUsernameRequest)
2022-06-14 01:04:27 → 6285310742570 → https://t.me/huobiglobal_zw → 加群失败：A wait of 81759 seconds is required (caused by ResolveUsernameRequest)
2022-06-14 01:04:39 → 6285310742570 → https://t.me/tgdl128 → 加群成功
2022-06-14 01:04:54 → 6285310742570 → https://t.me/iClubHouse → 加群失败：A wait of 81732 seconds is required (caused by ResolveUsernameRequest)
2022-06-14 01:05:06 → 6285310742570 → https://t.me/tg8848community → 加群失败：A wait of 81720 seconds is required (caused by ResolveUsernameRequest)
2022-06-14 01:05:18 → 6285310742570 → https://t.me/maticnetwork_china → 加群失败：A wait of 81708 seconds is required (caused by ResolveUsernameRequest)
2022-06-14 01:05:30 → 6285310742570 → https://t.me/yangjiangchannel → 加群失败：A wait of 81696 seconds is required (caused by ResolveUsernameRequest)
2022-06-14 01:05:42 → 6285310742570 → https://t.me/dayofdefeatcn → 加群失败：A wait of 81684 seconds is required (caused by ResolveUsernameRequest)
2022-06-14 01:05:54 → 6285310742570 → https://t.me/Gm0008 → 加群失败：A wait of 81672 seconds is required (caused by ResolveUsernameRequest)
2022-06-14 01:06:06 → 6285310742570 → https://t.me/ysshuju1 → 加群失败：A wait of 81660 seconds is required (caused by ResolveUsernameRequest)
2022-06-14 01:06:18 → 6285310742570 → https://t.me/liaobshe → 加群失败：A wait of 81648 seconds is required (caused by ResolveUsernameRequest)
2022-06-14 01:06:30 → 6285310742570 → https://t.me/qwerdt1 → 加群失败：A wait of 81636 seconds is required (caused by ResolveUsernameRequest)
2022-06-14 01:06:42 → 6285310742570 → https://t.me/gdr666 → 加群失败：A wait of 81624 seconds is required (caused by ResolveUsernameRequest)
2022-06-14 01:06:54 → 6285310742570 → https://t.me/aiweisi888 → 加群失败：A wait of 81612 seconds is required (caused by ResolveUsernameRequest)
2022-06-14 01:07:06 → 6285310742570 → https://t.me/avnrichchinese_chat → 加群失败：A wait of 81600 seconds is required (caused by ResolveUsernameRequest)
2022-06-14 01:07:18 → 6285310742570 → https://t.me/shore999888 → 加群失败：A wait of 621 seconds is required (caused by JoinChannelRequest)
2022-06-14 01:07:30 → 6285310742570 → https://t.me/server699 → 加群失败：A wait of 81576 seconds is required (caused by ResolveUsernameRequest)
2022-06-14 01:07:42 → 6285310742570 → https://t.me/wangzhuanusdt → 加群失败：A wait of 81564 seconds is required (caused by ResolveUsernameRequest)
2022-06-14 01:07:54 → 6285310742570 → https://t.me/huione888 → 加群失败：A wait of 81552 seconds is required (caused by ResolveUsernameRequest)
2022-06-14 01:08:06 → 6285310742570 → https://t.me/qingroup → 加群失败：A wait of 81540 seconds is required (caused by ResolveUsernameRequest)
2022-06-14 01:08:18 → 6285310742570 → https://t.me/huizhouqun → 加群失败：A wait of 81528 seconds is required (caused by ResolveUsernameRequest)
2022-06-14 01:08:31 → 6285310742570 → https://t.me/justmysockscn → 加群失败：A wait of 81515 seconds is required (caused by ResolveUsernameRequest)
2022-06-14 01:08:44 → 6285310742570 → https://t.me/BinanceChinese → 加群失败：A wait of 535 seconds is required (caused by JoinChannelRequest)
2022-06-14 01:08:56 → 6285310742570 → https://t.me/chatssr → 加群失败：A wait of 81490 seconds is required (caused by ResolveUsernameRequest)
2022-06-14 01:09:08 → 6285310742570 → https://t.me/hi_official_chinese → 加群失败：A wait of 511 seconds is required (caused by JoinChannelRequest)
2022-06-14 01:09:20 → 6285310742570 → https://t.me/raicoincn → 加群失败：A wait of 81466 seconds is required (caused by ResolveUsernameRequest)
2022-06-14 01:09:32 → 6285310742570 → https://t.me/haojiyou → 加群失败：A wait of 81454 seconds is required (caused by ResolveUsernameRequest)
2022-06-14 01:09:44 → 6285310742570 → https://t.me/ml520 → 加群失败：A wait of 81442 seconds is required (caused by ResolveUsernameRequest)
2022-06-14 01:09:56 → 6285310742570 → https://t.me/hunantg → 加群失败：掉线/或官方销号
2022-06-14 03:45:48 → 601112672704 → https://t.me/olddriver_cdu → 加群成功
2022-06-14 03:46:03 → 601112672704 → https://t.me/balance863 → 加群成功
2022-06-14 03:46:18 → 601112672704 → https://t.me/fluxdefi → 加群成功
2022-06-14 03:46:33 → 601112672704 → https://t.me/yyl001 → 加群成功
2022-06-14 03:46:48 → 601112672704 → https://t.me/trj_shore001 → 加群成功
2022-06-14 03:47:03 → 601112672704 → https://t.me/gm0008 → 加群失败：A wait of 226 seconds is required (caused by JoinChannelRequest)
2022-06-14 03:47:16 → 601112672704 → https://t.me/mla9999 → 加群失败：A wait of 213 seconds is required (caused by JoinChannelRequest)
2022-06-14 03:47:28 → 601112672704 → https://t.me/zhifubaojiefeng → 加群失败：A wait of 201 seconds is required (caused by JoinChannelRequest)
2022-06-14 03:47:40 → 601112672704 → https://t.me/yizhifu678 → 加群失败：A wait of 189 seconds is required (caused by JoinChannelRequest)
2022-06-14 03:47:52 → 601112672704 → https://t.me/hgmhxz → 加群失败：A wait of 177 seconds is required (caused by JoinChannelRequest)
2022-06-14 03:48:04 → 601112672704 → https://t.me/TG006 → 加群失败：A wait of 165 seconds is required (caused by JoinChannelRequest)
2022-06-14 03:48:16 → 601112672704 → https://t.me/laowangdan → 加群失败：A wait of 153 seconds is required (caused by JoinChannelRequest)
2022-06-14 03:48:28 → 601112672704 → https://t.me/fw866 → 加群失败：A wait of 141 seconds is required (caused by JoinChannelRequest)
2022-06-14 03:48:40 → 601112672704 → https://t.me/frontend_talk → 加群失败：A wait of 129 seconds is required (caused by JoinChannelRequest)
2022-06-14 03:48:53 → 601112672704 → https://t.me/shenma001 → 加群失败：A wait of 116 seconds is required (caused by JoinChannelRequest)
2022-06-14 03:49:06 → 601112672704 → https://t.me/tg96110 → 加群失败：A wait of 103 seconds is required (caused by JoinChannelRequest)
2022-06-14 03:49:19 → 601112672704 → https://t.me/hi_Official_Chinese → 加群失败：A wait of 90 seconds is required (caused by JoinChannelRequest)
2022-06-14 03:49:31 → 601112672704 → https://t.me/daishou44 → 加群失败：A wait of 78 seconds is required (caused by JoinChannelRequest)
2022-06-14 03:49:44 → 601112672704 → https://t.me/mihuzahuopu → 加群失败：A wait of 65 seconds is required (caused by JoinChannelRequest)
2022-06-14 03:50:50 → 601112672704 → https://t.me/hwhrbbs → 加群成功
2022-06-14 03:51:04 → 601112672704 → https://t.me/xjltq → 加群成功
2022-06-14 03:51:19 → 601112672704 → https://t.me/monstainfinitechinese → 加群成功
2022-06-14 03:51:34 → 601112672704 → https://t.me/DBhuaren1 → 加群成功
2022-06-14 03:51:49 → 601112672704 → https://t.me/yueaijilu → 加群成功
2022-06-14 03:52:04 → 601112672704 → https://t.me/shcpco → 加群失败：A wait of 1425 seconds is required (caused by JoinChannelRequest)
2022-06-14 03:52:17 → 601112672704 → https://t.me/TGhuaren1 → 加群失败：群组禁止访问
2022-06-14 03:52:29 → 601112672704 → https://t.me/radiocacaasian → 加群失败：A wait of 1400 seconds is required (caused by JoinChannelRequest)
2022-06-14 03:52:42 → 601112672704 → https://t.me/tglianmeng002 → 加群失败：A wait of 1387 seconds is required (caused by JoinChannelRequest)
2022-06-14 03:52:55 → 601112672704 → https://t.me/phbbs → 加群失败：A wait of 1374 seconds is required (caused by JoinChannelRequest)
2022-06-14 03:53:08 → 601112672704 → https://t.me/dhjlq → 加群失败：A wait of 1361 seconds is required (caused by JoinChannelRequest)
2022-06-14 03:53:20 → 601112672704 → https://t.me/faka58 → 加群失败：A wait of 1349 seconds is required (caused by JoinChannelRequest)
2022-06-14 03:53:33 → 601112672704 → https://t.me/TG6766 → 加群失败：A wait of 1336 seconds is required (caused by JoinChannelRequest)
2022-06-14 03:53:45 → 601112672704 → https://t.me/bestvcommunity → 加群成功
2022-06-14 03:54:00 → 601112672704 → https://t.me/PHMAKA107 → 加群失败：A wait of 1309 seconds is required (caused by JoinChannelRequest)
2022-06-14 03:54:12 → 601112672704 → https://t.me/se_talk → 加群失败：A wait of 1297 seconds is required (caused by JoinChannelRequest)
2022-06-14 03:54:25 → 601112672704 → https://t.me/ak11828 → 加群失败：A wait of 1284 seconds is required (caused by JoinChannelRequest)
2022-06-14 03:54:38 → 601112672704 → https://t.me/xmarspace → 加群失败：A wait of 1271 seconds is required (caused by JoinChannelRequest)
2022-06-14 03:54:50 → 601112672704 → https://t.me/mljlq → 加群失败：群组禁止访问
2022-06-14 03:55:02 → 601112672704 → https://t.me/yidaoshou2 → 加群失败：A wait of 1247 seconds is required (caused by JoinChannelRequest)
2022-06-14 03:55:15 → 601112672704 → https://t.me/hi628 → 加群失败：群组禁止访问
2022-06-14 03:55:27 → 601112672704 → https://t.me/bzzone → 加群失败：A wait of 1222 seconds is required (caused by JoinChannelRequest)
2022-06-14 03:55:39 → 601112672704 → https://t.me/sakura_cloud → 加群失败：A wait of 1210 seconds is required (caused by JoinChannelRequest)
2022-06-14 03:55:52 → 601112672704 → https://t.me/huanqian35 → 加群失败：A wait of 1197 seconds is required (caused by JoinChannelRequest)
2022-06-14 03:56:05 → 601112672704 → https://t.me/zhongwen6 → 加群失败：A wait of 1184 seconds is required (caused by JoinChannelRequest)
2022-06-14 03:56:17 → 601112672704 → https://t.me/chlmzy → 加群失败：A wait of 1172 seconds is required (caused by JoinChannelRequest)
2022-06-14 03:56:30 → 601112672704 → https://t.me/MDhuaren1 → 加群失败：A wait of 1159 seconds is required (caused by JoinChannelRequest)
2022-06-14 03:56:42 → 601112672704 → https://t.me/kaiheo → 加群失败：A wait of 1147 seconds is required (caused by JoinChannelRequest)
2022-06-14 03:56:54 → 601112672704 → https://t.me/huiguophp → 加群失败：A wait of 1135 seconds is required (caused by JoinChannelRequest)
2022-06-14 03:57:07 → 601112672704 → https://t.me/CKidc666 → 加群失败：群组禁止访问
2022-06-14 03:57:19 → 601112672704 → https://t.me/ytzx2 → 加群失败：A wait of 1110 seconds is required (caused by JoinChannelRequest)
2022-06-14 03:57:32 → 601112672704 → https://t.me/liuhedadui → 加群失败：A wait of 1097 seconds is required (caused by JoinChannelRequest)
2022-06-14 03:57:45 → 601112672704 → https://t.me/tronnetworkcn → 加群失败：A wait of 1084 seconds is required (caused by JoinChannelRequest)
2022-06-14 03:57:58 → 601112672704 → https://t.me/WKLhuaren → 加群失败：群组禁止访问
2022-06-14 03:58:10 → 601112672704 → https://t.me/jiu_777 → 加群失败：A wait of 1059 seconds is required (caused by JoinChannelRequest)
2022-06-14 03:58:23 → 601112672704 → https://t.me/vfucloud → 加群失败：A wait of 1046 seconds is required (caused by JoinChannelRequest)
2022-06-14 03:58:35 → 601112672704 → https://t.me/laoyingchuhai8 → 加群失败：A wait of 1034 seconds is required (caused by JoinChannelRequest)
2022-06-14 03:58:47 → 601112672704 → https://t.me/bozaiweb → 加群失败：A wait of 1022 seconds is required (caused by JoinChannelRequest)
2022-06-14 03:59:00 → 601112672704 → https://t.me/chinadarknet → 加群失败：A wait of 1009 seconds is required (caused by JoinChannelRequest)
2022-06-14 03:59:13 → 601112672704 → https://t.me/qipaipan54 → 加群失败：A wait of 996 seconds is required (caused by JoinChannelRequest)
2022-06-14 03:59:25 → 601112672704 → https://t.me/yamzcunziyuanduij → 加群失败：A wait of 984 seconds is required (caused by JoinChannelRequest)
2022-06-14 03:59:37 → 601112672704 → https://t.me/tg771 → 加群失败：A wait of 972 seconds is required (caused by JoinChannelRequest)
2022-06-14 03:59:50 → 601112672704 → https://t.me/zeronetzh → 加群失败：A wait of 959 seconds is required (caused by JoinChannelRequest)
2022-06-14 04:00:02 → 601112672704 → https://t.me/dmzf8 → 加群失败：A wait of 947 seconds is required (caused by JoinChannelRequest)
2022-06-14 04:00:15 → 601112672704 → https://t.me/BinancePoolChinese → 加群失败：A wait of 934 seconds is required (caused by JoinChannelRequest)
2022-06-14 04:00:27 → 601112672704 → https://t.me/tsdb01 → 加群失败：A wait of 922 seconds is required (caused by JoinChannelRequest)