
2022-05-24 05:21:10 → 918509922477 → https://t.me/gdr666 → 加群成功
2022-05-24 05:21:16 → 918509922477 → https://t.me/liaobshe → 加群失败：database is locked
2022-05-24 05:21:18 → 918109281745 → https://t.me/expressnode → 加群成功
2022-05-24 05:21:25 → 79919431787 → https://t.me/ssunion → 加群成功
2022-05-24 05:21:25 → 918509922477 → https://t.me/tg0799 → 加群成功
2022-05-24 05:28:59 → 79773856754 → https://t.me/pg528 → 加群失败：群组禁止访问
2022-05-24 05:29:03 → 79919429746 → https://t.me/jiu_777 → 加群成功
2022-05-24 05:29:11 → 79916318026 → https://t.me/zhifu7788 → 加群成功
2022-05-24 05:29:33 → 639677121074 → https://t.me/dibaicn → 加群成功
2022-05-24 05:29:40 → 79917731981 → https://t.me/html66 → 加群成功
2022-05-24 05:30:53 → 919901066213 → https://t.me/ysshuju1 → 加群成功
2022-05-24 05:30:59 → 917061771362 → https://t.me/ColaChina → 加群失败：群组禁止访问
2022-05-24 05:31:10 → 79919431787 → https://t.me/australiasydneychat → 加群成功
2022-05-24 05:31:15 → 79919431787 → https://t.me/HLS0002 → 加群失败：database is locked
2022-05-24 05:31:21 → 917838380415 → https://t.me/crxs778 → 加群成功
2022-05-24 05:31:24 → 918092132118 → https://t.me/BinancePoolChinese → 加群成功
2022-05-24 05:31:33 → 79919429746 → https://t.me/frontend_talk → 加群成功
2022-05-24 05:31:33 → 919722809996 → https://t.me/qingroup → 加群成功
2022-05-24 05:31:37 → 919923144199 → https://t.me/xianliao01 → 加群成功
2022-05-24 05:31:37 → 639677121074 → https://t.me/shore999888 → 加群成功
2022-05-24 05:31:41 → 919923144199 → https://t.me/justmysockscn → 加群成功
2022-05-24 05:31:47 → 79919431787 → https://t.me/allswapcn → 加群成功
2022-05-24 05:31:51 → 79773856754 → https://t.me/zb_support → 加群成功
2022-05-24 05:31:56 → 79045541142 → https://t.me/usdthuihuan → 加群成功
2022-05-24 05:31:56 → 919901066213 → https://t.me/YYL001 → 加群成功
2022-05-24 05:32:02 → 79917730705 → https://t.me/wubuxianjingziyuan → 加群成功
2022-05-24 05:32:06 → 918509922477 → https://t.me/btokcn_0016 → 加群成功
2022-05-24 05:32:22 → 917838380415 → https://t.me/raicoincn → 加群成功
2022-05-24 05:32:26 → 79919429746 → https://t.me/yangjiangchannel → 加群成功
2022-05-24 05:32:31 → 639677121074 → https://t.me/yuehui8 → 加群成功
2022-05-24 05:32:31 → 79919429746 → https://t.me/ydsj1 → 加群失败：database is locked
2022-05-24 05:32:34 → 919722809996 → https://t.me/dhjlq → 加群成功
2022-05-24 05:32:35 → 918109281745 → https://t.me/tsdb01 → 加群成功
2022-05-24 05:32:38 → 919722809996 → https://t.me/haojiyou → 加群成功
2022-05-24 05:49:37 → 919722809996 → https://t.me/DBhuaren1 → 加群成功
2022-05-24 05:49:44 → 79919431787 → https://t.me/BIYONGOfficial0015 → 加群失败：群组禁止访问
2022-05-24 05:49:49 → 918109281745 → https://t.me/daishuvpn → 加群成功
2022-05-24 05:49:56 → 919901066213 → https://t.me/BinanceChinese → 加群成功
2022-05-24 05:50:03 → 918092132118 → https://t.me/YYL001 → 加群失败：群组禁止访问
2022-05-24 05:50:07 → 79919429746 → https://t.me/baocai217 → 加群成功
2022-05-24 05:50:14 → 79917730705 → https://t.me/tgzhcn → 加群成功
2022-05-24 05:50:21 → 917061771362 → https://t.me/se_talk → 加群成功
2022-05-24 05:50:29 → 919923144199 → https://t.me/btokofficial_03 → 加群成功
2022-05-24 05:50:36 → 917838380415 → https://t.me/tg96110 → 加群成功
2022-05-24 05:50:43 → 79773856754 → https://t.me/yangjiangchannel → 加群成功
2022-05-24 05:50:50 → 79916318026 → https://t.me/bdzycom → 加群成功
2022-05-24 05:50:57 → 79917731981 → https://t.me/zhifubaojiefeng → 加群成功
2022-05-24 05:51:04 → 918509922477 → https://t.me/lkdxqf88 → 加群成功
2022-05-24 05:51:12 → 79045541142 → https://t.me/shore999888 → 加群失败：群组禁止访问
2022-05-24 05:51:18 → 639677121074 → https://t.me/ftx_chinese_official → 加群成功
2022-05-24 05:51:31 → 919722809996 → https://t.me/im0471 → 加群成功
2022-05-24 05:51:38 → 79919431787 → https://t.me/az123818 → 加群成功
2022-05-24 05:51:45 → 79919431787 → https://t.me/esmascript6 → 加群成功
2022-05-24 05:51:50 → 79773856754 → https://t.me/quanqiushouhuo → 加群成功
2022-05-24 05:51:52 → 79917731981 → https://t.me/tg_king80 → 加群成功
2022-05-24 05:52:00 → 919901066213 → https://t.me/tiandeng88 → 加群成功
2022-05-24 05:52:09 → 917838380415 → https://t.me/pigcommunity → 加群成功
2022-05-24 05:52:16 → 79919429746 → https://t.me/pingan66shop → 加群成功
2022-05-24 05:52:23 → 917061771362 → https://t.me/nbydxyk1 → 加群成功
2022-05-24 05:52:31 → 919722809996 → https://t.me/bestvcommunity → 加群成功
2022-05-24 05:52:38 → 918092132118 → https://t.me/blsq55 → 加群成功
2022-05-24 05:53:53 → 919923144199 → https://t.me/network50_chat → 加群成功
2022-05-24 05:53:59 → 79916318026 → https://t.me/shuju888666 → 加群成功
2022-05-24 05:54:05 → 79919431787 → https://t.me/BinanceChinese → 加群成功
2022-05-24 05:54:12 → 918509922477 → https://t.me/ColaChina → 加群成功
2022-05-24 05:54:25 → 917838380415 → https://t.me/bcweb → 加群成功
2022-05-24 05:54:31 → 79919431787 → https://t.me/BikingChineseGroup → 加群成功
2022-05-24 05:54:38 → 79917731981 → https://t.me/tz636 → 加群成功
2022-05-24 05:54:46 → 918092132118 → https://t.me/tgdanbao000 → 加群成功
2022-05-24 05:54:54 → 918509922477 → https://t.me/hi628 → 加群成功
2022-05-24 05:55:05 → 79773856754 → https://t.me/homeassiant666 → 加群成功
2022-05-24 05:55:13 → 919923144199 → https://t.me/bitcoindfds → 加群成功
2022-05-24 05:55:21 → 919901066213 → https://t.me/mayishequ → 加群成功
2022-05-24 05:55:29 → 639677121074 → https://t.me/NodeGlobal → 加群成功
2022-05-24 05:55:36 → 79917730705 → https://t.me/yuantoushuju5 → 加群成功
2022-05-24 05:55:45 → 79919431787 → https://t.me/avnrichchinese_chat → 加群成功
2022-05-24 05:55:53 → 639677121074 → https://t.me/usdthuihuan → 加群成功
2022-05-24 05:56:16 → 919901066213 → https://t.me/BKEXChinese → 加群成功
2022-05-24 05:56:23 → 917061771362 → https://t.me/pcptm → 加群成功
2022-05-24 05:56:31 → 919923144199 → https://t.me/galaxyheroescn → 加群成功
2022-05-24 05:56:39 → 918509922477 → https://t.me/paofenht → 加群成功
2022-05-24 06:00:41 → 79045541142 → https://t.me/cyj1188 → 加群成功
2022-05-24 06:00:49 → 918109281745 → https://t.me/xysbbs → 加群成功
2022-05-24 06:00:54 → 918109281745 → https://t.me/kaiheo → 加群成功
2022-05-24 06:00:59 → 79917730705 → https://t.me/liuhedadui → 加群成功
2022-05-24 06:01:07 → 919722809996 → https://t.me/FQ3P3 → 加群成功
2022-05-24 06:01:15 → 919901066213 → https://t.me/ys52111 → 加群失败：群组禁止访问
2022-05-24 06:01:20 → 918092132118 → https://t.me/xiaohao2018 → 加群成功
2022-05-24 06:01:28 → 917061771362 → https://t.me/php_group_cn → 加群成功
2022-05-24 06:01:41 → 919923144199 → https://t.me/tianziusdt → 加群成功
2022-05-24 06:01:49 → 917838380415 → https://t.me/ibox_official → 加群成功
2022-05-24 06:01:56 → 79916318026 → https://t.me/chaoxi → 加群成功
2022-05-24 06:02:06 → 79919431787 → https://t.me/bandwagonhostgroup → 加群成功
2022-05-24 06:02:14 → 79919429746 → https://t.me/usdt43 → 加群成功
2022-05-24 06:04:10 → 917061771362 → https://t.me/daishuvpn → 加群成功
2022-05-24 06:04:17 → 79919429746 → https://t.me/chatssr → 加群成功
2022-05-24 06:04:28 → 639677121074 → https://t.me/kkkttt369 → 加群失败：You have joined too many channels/supergroups (caused by JoinChannelRequest)
2022-05-24 06:04:34 → 918509922477 → https://t.me/shenma001 → 加群成功
2022-05-24 06:04:43 → 919722809996 → https://t.me/ftx_chinese_official → 加群成功
2022-05-24 06:04:53 → 79919431787 → https://t.me/dayofdefeatcn → 加群成功
2022-05-24 06:05:03 → 918092132118 → https://t.me/tg6198 → 加群成功
2022-05-24 06:05:11 → 79917731981 → https://t.me/OKXGroup_CN → 加群成功
2022-05-24 06:05:18 → 79773856754 → https://t.me/dibai778899 → 加群成功
2022-05-24 06:05:26 → 919923144199 → https://t.me/tg148 → 加群成功
2022-05-24 06:05:35 → 79916318026 → https://t.me/expressnode → 加群成功
2022-05-24 06:05:45 → 79045541142 → https://t.me/ssunion → 加群成功
2022-05-24 06:05:53 → 79917730705 → https://t.me/BinanceChinese → 加群成功
2022-05-24 06:06:00 → 918109281745 → https://t.me/tg_88888 → 加群成功
2022-05-24 06:06:09 → 919901066213 → https://t.me/iClubHouse → 加群成功
2022-05-24 06:06:16 → 917838380415 → https://t.me/TGlianmeng002 → 加群成功
2022-05-24 06:06:31 → 919722809996 → https://t.me/xingbi0088 → 加群成功
2022-05-24 06:06:39 → 79917731981 → https://t.me/mla9999 → 加群成功
2022-05-24 06:06:46 → 639677121074 → https://t.me/binance_api_chinese → 加群失败：You have joined too many channels/supergroups (caused by JoinChannelRequest)
2022-05-24 06:06:53 → 918509922477 → https://t.me/hgmhxz → 加群成功
2022-05-24 06:07:03 → 919923144199 → https://t.me/bdzycom → 加群失败：群组禁止访问
2022-05-24 06:07:08 → 79919431787 → https://t.me/guminlaqun66 → 加群成功
2022-05-24 06:07:17 → 918109281745 → https://t.me/xbzijian → 加群成功
2022-05-24 06:07:30 → 79773856754 → https://t.me/mihuzahuopu → 加群成功
2022-05-24 06:07:38 → 919901066213 → https://t.me/YYL001 → 加群成功
2022-05-24 06:07:46 → 79916318026 → https://t.me/baocai217 → 加群成功
2022-05-24 06:07:53 → 79919429746 → https://t.me/qqlsj → 加群成功
2022-05-24 06:08:02 → 917061771362 → https://t.me/Nst_WP → 加群失败：群组禁止访问
2022-05-24 06:08:10 → 917838380415 → https://t.me/huichan_com_grp → 加群成功
2022-05-24 06:08:11 → 79773856754 → https://t.me/daishou44 → 加群成功
2022-05-24 06:08:19 → 79045541142 → https://t.me/shell66666 → 加群成功
2022-05-24 06:08:27 → 79917730705 → https://t.me/ziyuan2 → 加群成功
2022-05-24 06:08:51 → 918092132118 → https://t.me/xxg863 → 加群成功
2022-05-24 06:09:05 → 639677121074 → https://t.me/qht888 → 加群失败：Nobody is using this username, or the username is unacceptable. If the latter, it must match r"[a-zA-Z][\w\d]{3,30}[a-zA-Z\d]" (caused by ResolveUsernameRequest)
2022-05-24 06:09:11 → 919923144199 → https://t.me/lhc168 → 加群成功
2022-05-24 06:09:19 → 919722809996 → https://t.me/szhkfun → 加群成功
2022-05-24 06:09:27 → 918109281745 → https://t.me/ysshuju1 → 加群成功
2022-05-24 06:09:36 → 919901066213 → https://t.me/ussyu → 加群成功
2022-05-24 06:09:47 → 79917731981 → https://t.me/yuehui8 → 加群成功
2022-05-24 06:09:55 → 79919429746 → https://t.me/feihelp → 加群成功
2022-05-24 06:10:01 → 918092132118 → https://t.me/xianliao01 → 加群成功
2022-05-24 06:10:10 → 917061771362 → https://t.me/polkadotzh → 加群成功
2022-05-24 06:10:18 → 919923144199 → https://t.me/PHMAKA107 → 加群成功
2022-05-24 06:10:27 → 918109281745 → https://t.me/kachahu → 加群成功
2022-05-24 06:10:36 → 639677121074 → https://t.me/AlipayJiFu → 加群失败：You have joined too many channels/supergroups (caused by JoinChannelRequest)
2022-05-24 06:10:41 → 79917730705 → https://t.me/TG006 → 加群失败：群组禁止访问
2022-05-24 06:10:47 → 79917731981 → https://t.me/chlmzy → 加群成功
2022-05-24 06:10:54 → 79916318026 → https://t.me/A_K_3A → 加群成功
2022-05-24 06:11:03 → 919722809996 → https://t.me/MDhuaren1 → 加群成功
2022-05-24 06:11:10 → 79919429746 → https://t.me/www589qkcom → 加群成功
2022-05-24 06:11:18 → 79773856754 → https://t.me/xvswens → 加群成功
2022-05-24 06:11:25 → 919901066213 → https://t.me/hi_Official_Chinese → 加群成功
2022-05-24 06:11:34 → 79045541142 → https://t.me/shuju666886 → 加群失败：No user has "shuju666886" as username
2022-05-24 06:11:39 → 79919431787 → https://t.me/ColaChina → 加群失败：群组禁止访问
2022-05-24 06:11:44 → 918509922477 → https://t.me/jfoisjfiodvfd → 加群成功
2022-05-24 06:11:53 → 917838380415 → https://t.me/qqxgqq → 加群成功
2022-05-24 06:12:09 → 918092132118 → https://t.me/chaguaner → 加群失败：群组禁止访问
2022-05-24 06:12:15 → 79919429746 → https://t.me/zaozhuang1 → 加群成功
2022-05-24 06:12:22 → 79919431787 → https://t.me/TG55555555555 → 加群成功
2022-05-24 06:12:31 → 919722809996 → https://t.me/google_win → 加群成功
2022-05-24 06:12:40 → 918509922477 → https://t.me/pfwcn → 加群成功
2022-05-24 06:12:47 → 79917730705 → https://t.me/esmascript6 → 加群成功
2022-05-24 06:12:57 → 918109281745 → https://t.me/yizhifu678 → 加群成功
2022-05-24 06:13:04 → 917061771362 → https://t.me/wwxcxinting → 加群成功
2022-05-24 06:13:12 → 79917731981 → https://t.me/dibaifa → 加群成功
2022-05-24 06:13:21 → 639677121074 → https://t.me/pionexcn → 加群失败：You have joined too many channels/supergroups (caused by JoinChannelRequest)
2022-05-24 06:13:27 → 79916318026 → https://t.me/KavaChinese → 加群成功
2022-05-24 06:13:34 → 79773856754 → https://t.me/x00008 → 加群成功
2022-05-24 06:13:42 → 79045541142 → https://t.me/wy173 → 加群成功
2022-05-24 06:13:51 → 919901066213 → https://t.me/zhenggui → 加群成功
2022-05-24 06:14:00 → 919923144199 → https://t.me/huanqian35 → 加群成功
2022-05-24 06:14:08 → 917838380415 → https://t.me/tg8848community → 加群成功
2022-05-24 06:14:22 → 79916318026 → https://t.me/HLS0002 → 加群成功
2022-05-24 06:14:31 → 918092132118 → https://t.me/wubuxianjingziyuan → 加群成功
2022-05-24 06:14:39 → 79045541142 → https://t.me/weikang2020 → 加群成功
2022-05-24 06:14:47 → 79919429746 → https://t.me/xbdb01 → 加群成功
2022-05-24 06:14:58 → 917838380415 → https://t.me/fluxdefi → 加群成功
2022-05-24 06:15:05 → 919722809996 → https://t.me/dubaiqq918 → 加群成功
2022-05-24 06:15:14 → 639677121074 → https://t.me/server699 → 加群失败：You have joined too many channels/supergroups (caused by JoinChannelRequest)
2022-05-24 06:15:22 → 918109281745 → https://t.me/yangjiangchannel → 加群成功
2022-05-24 06:15:35 → 917061771362 → https://t.me/QQXGQQ → 加群失败：群组禁止访问
2022-05-24 06:15:40 → 79917731981 → https://t.me/gz3388 → 加群成功
2022-05-24 06:15:52 → 79919431787 → https://t.me/beiluochat → 加群成功
2022-05-24 06:16:02 → 918509922477 → https://t.me/fbwsline2021 → 加群成功
2022-05-24 06:16:10 → 79773856754 → https://t.me/html66 → 加群成功
2022-05-24 06:16:19 → 919923144199 → https://t.me/juliang666 → 加群成功
2022-05-24 06:16:28 → 919901066213 → https://t.me/appssweepstakes → 加群成功
2022-05-24 06:16:35 → 79917730705 → https://t.me/liuxingsq → 加群成功
2022-05-24 06:16:50 → 917061771362 → https://t.me/shenzhencity → 加群成功
2022-05-24 06:17:00 → 919923144199 → https://t.me/pigcommunity → 加群成功
2022-05-24 06:17:09 → 79773856754 → https://t.me/monstainfinitechinese → 加群成功
2022-05-24 06:17:17 → 639677121074 → https://t.me/olddrivercd → 加群失败：You have joined too many channels/supergroups (caused by JoinChannelRequest)
2022-05-24 06:17:22 → 79917731981 → https://t.me/bozaiweb → 加群成功
2022-05-24 06:17:27 → 79916318026 → https://t.me/paofen315 → 加群成功
2022-05-24 06:17:30 → 79916318026 → https://t.me/yueaijilu → 加群失败：群组禁止访问
2022-05-24 06:17:35 → 919901066213 → https://t.me/humanresource63 → 加群成功
2022-05-24 06:17:43 → 79917730705 → https://t.me/gdr666 → 加群成功
2022-05-24 06:17:54 → 919722809996 → https://t.me/zhongshandidi → 加群成功
2022-05-24 06:18:01 → 917838380415 → https://t.me/tglianmeng002 → 加群成功
2022-05-24 06:18:13 → 79919431787 → https://t.me/laoyingchuhai8 → 加群失败：A wait of 205 seconds is required (caused by JoinChannelRequest)
2022-05-24 06:18:18 → 918109281745 → https://t.me/njwwjpxc → 加群成功
2022-05-24 06:18:27 → 918509922477 → https://t.me/crxs778 → 加群成功
2022-05-24 06:18:34 → 79919429746 → https://t.me/bestvcommunity → 加群成功
2022-05-24 06:18:42 → 79045541142 → https://t.me/tg166 → 加群成功
2022-05-24 06:18:50 → 918092132118 → https://t.me/raicoincn → 加群成功
2022-05-24 06:19:05 → 919722809996 → https://t.me/tg1949521 → 加群成功
2022-05-24 06:19:13 → 919901066213 → https://t.me/zb_support → 加群成功
2022-05-24 06:19:22 → 919923144199 → https://t.me/ccv348 → 加群成功
2022-05-24 06:19:29 → 79916318026 → https://t.me/Shore999888 → 加群成功
2022-05-24 06:19:36 → 79773856754 → https://t.me/gif128 → 加群成功
2022-05-24 06:19:44 → 917061771362 → https://t.me/tgdl128 → 加群成功
2022-05-24 06:19:53 → 639677121074 → https://t.me/BinancePoolChinese → 加群失败：You have joined too many channels/supergroups (caused by JoinChannelRequest)
2022-05-24 06:19:58 → 79917731981 → https://t.me/InWebDarkNET → 加群成功
2022-05-24 06:20:06 → 79045541142 → https://t.me/chinadarknet → 加群成功
2022-05-24 06:20:14 → 79917730705 → https://t.me/usdtm → 加群成功
2022-05-24 06:20:24 → 79919431787 → https://t.me/otcfl → 加群失败：A wait of 75 seconds is required (caused by JoinChannelRequest)
2022-05-24 06:20:29 → 79919429746 → https://t.me/tg0799 → 加群成功
2022-05-24 06:20:37 → 918092132118 → https://t.me/xmsji → 加群失败：群组禁止访问
2022-05-24 06:20:43 → 918509922477 → https://t.me/light_up_comm → 加群成功
2022-05-24 06:20:57 → 917838380415 → https://t.me/dbjlq1 → 加群成功
2022-05-24 06:21:06 → 918109281745 → https://t.me/hwdbq → 加群成功
2022-05-24 06:21:36 → 917061771362 → https://t.me/fluxdefi → 加群失败：群组禁止访问
2022-05-24 06:21:41 → 79917731981 → https://t.me/php_group_cn → 加群成功
2022-05-24 06:21:52 → 79919429746 → https://t.me/xysbbs → 加群成功
2022-05-24 06:22:00 → 79917730705 → https://t.me/btokcn_0014 → 加群成功
2022-05-24 06:22:08 → 639677121074 → https://t.me/mayishequ → 加群失败：You have joined too many channels/supergroups (caused by JoinChannelRequest)
2022-05-24 06:22:14 → 918109281745 → https://t.me/india_moneypay → 加群成功
2022-05-24 06:22:22 → 79919431787 → https://t.me/otcfl → 加群成功
2022-05-24 06:22:31 → 918092132118 → https://t.me/xxup1121 → 加群成功
2022-05-24 06:22:40 → 918509922477 → https://t.me/binancechinese → 加群成功
2022-05-24 06:22:49 → 79045541142 → https://t.me/pcptm → 加群成功
2022-05-24 06:22:56 → 79773856754 → https://t.me/DIP9188 → 加群失败：群组禁止访问
2022-05-24 06:23:04 → 919722809996 → https://t.me/kedoucloud → 加群成功
2022-05-24 06:23:12 → 917838380415 → https://t.me/wwxcxinting → 加群成功
2022-05-24 06:23:12 → 79773856754 → https://t.me/yizhifu678 → 加群成功
2022-05-24 06:23:20 → 919901066213 → https://t.me/feihuaph → 加群成功
2022-05-24 06:23:27 → 79916318026 → https://t.me/tghc1 → 加群成功
2022-05-24 06:23:36 → 919923144199 → https://t.me/ckidc666 → 加群成功
2022-05-24 06:23:52 → 79773856754 → https://t.me/xianliao01 → 加群成功
2022-05-24 06:24:15 → 79916318026 → https://t.me/qipaipan54 → 加群成功
2022-05-24 06:24:24 → 919901066213 → https://t.me/lendhub → 加群失败：群组禁止访问
2022-05-24 06:24:30 → 639677121074 → https://t.me/yamzcunziyuanduij → 加群失败：You have joined too many channels/supergroups (caused by JoinChannelRequest)
2022-05-24 06:24:35 → 79917731981 → https://t.me/paofen55 → 加群失败：No user has "paofen55" as username