
2022-06-13 23:47:05 → 6285310742570 → https://t.me/tg858 → 加群失败：No user has "tg858" as username
2022-06-13 23:47:17 → 6285310742570 → https://t.me/TG907 → 加群成功
2022-06-13 23:47:32 → 6285310742570 → https://t.me/liang1112233 → 加群成功
2022-06-13 23:47:47 → 6285310742570 → https://t.me/network50_chat → 加群成功
2022-06-13 23:48:03 → 6285310742570 → https://t.me/zeronetzh → 加群成功
2022-06-13 23:48:53 → 6285310742570 → https://t.me/xysbbs → 加群成功
2022-06-13 23:49:07 → 6285310742570 → https://t.me/yuanyuzhou8 → 加群失败：A wait of 191 seconds is required (caused by JoinChannelRequest)
2022-06-13 23:49:19 → 6285310742570 → https://t.me/xuanchengolddriver → 加群失败：A wait of 179 seconds is required (caused by JoinChannelRequest)
2022-06-13 23:49:31 → 6285310742570 → https://t.me/TG12389 → 加群失败：A wait of 167 seconds is required (caused by JoinChannelRequest)
2022-06-13 23:49:43 → 6285310742570 → https://t.me/dongnanyaliaotian → 加群失败：A wait of 155 seconds is required (caused by JoinChannelRequest)
2022-06-13 23:49:56 → 6285310742570 → https://t.me/zaozhuang1 → 加群失败：A wait of 142 seconds is required (caused by JoinChannelRequest)
2022-06-13 23:50:08 → 6285310742570 → https://t.me/tokaucn → 加群失败：A wait of 130 seconds is required (caused by JoinChannelRequest)
2022-06-13 23:50:20 → 6285310742570 → https://t.me/TGlianmeng002 → 加群失败：A wait of 118 seconds is required (caused by JoinChannelRequest)
2022-06-13 23:50:33 → 6285310742570 → https://t.me/fw992 → 加群失败：A wait of 105 seconds is required (caused by JoinChannelRequest)
2022-06-13 23:50:46 → 6285310742570 → https://t.me/az123818 → 加群失败：A wait of 92 seconds is required (caused by JoinChannelRequest)
2022-06-13 23:50:59 → 6285310742570 → https://t.me/myfreevpn → 加群失败：A wait of 79 seconds is required (caused by JoinChannelRequest)
2022-06-13 23:51:11 → 6285310742570 → https://t.me/saltyleo_blog → 加群失败：A wait of 67 seconds is required (caused by JoinChannelRequest)
2022-06-13 23:52:18 → 6285310742570 → https://t.me/jiamidi → 加群成功
2022-06-13 23:52:36 → 6285310742570 → https://t.me/bitcoindfds → 加群成功
2022-06-13 23:52:51 → 6285310742570 → https://t.me/tgzhcn → 加群成功
2022-06-13 23:53:06 → 6285310742570 → https://t.me/TG55555555555 → 加群成功
2022-06-13 23:53:21 → 6285310742570 → https://t.me/bitcoin_cn → 加群成功
2022-06-13 23:53:36 → 6285310742570 → https://t.me/szhkfun → 加群失败：A wait of 1422 seconds is required (caused by JoinChannelRequest)
2022-06-13 23:53:48 → 6285310742570 → https://t.me/xbzijian → 加群失败：A wait of 1410 seconds is required (caused by JoinChannelRequest)
2022-06-13 23:54:00 → 6285310742570 → https://t.me/olddrivercd → 加群失败：A wait of 1398 seconds is required (caused by JoinChannelRequest)
2022-06-13 23:54:13 → 6285310742570 → https://t.me/xjltq → 加群失败：A wait of 1385 seconds is required (caused by JoinChannelRequest)
2022-06-13 23:54:25 → 6285310742570 → https://t.me/Zoey052697 → 加群失败：A wait of 1373 seconds is required (caused by JoinChannelRequest)
2022-06-13 23:54:38 → 6285310742570 → https://t.me/FQ3P3 → 加群失败：A wait of 1360 seconds is required (caused by JoinChannelRequest)
2022-06-13 23:54:50 → 6285310742570 → https://t.me/xxg863 → 加群失败：A wait of 1348 seconds is required (caused by JoinChannelRequest)
2022-06-13 23:55:03 → 6285310742570 → https://t.me/qqlsj → 加群失败：A wait of 1335 seconds is required (caused by JoinChannelRequest)
2022-06-13 23:55:16 → 6285310742570 → https://t.me/shuju888666 → 加群失败：A wait of 1322 seconds is required (caused by JoinChannelRequest)
2022-06-13 23:55:28 → 6285310742570 → https://t.me/dibaicn → 加群失败：A wait of 1310 seconds is required (caused by JoinChannelRequest)
2022-06-13 23:55:40 → 6285310742570 → https://t.me/mf_group → 加群失败：A wait of 1298 seconds is required (caused by JoinChannelRequest)
2022-06-13 23:55:52 → 6285310742570 → https://t.me/dibaihrg009 → 加群失败：A wait of 1286 seconds is required (caused by JoinChannelRequest)
2022-06-13 23:56:04 → 6285310742570 → https://t.me/baocai217 → 加群失败：A wait of 1274 seconds is required (caused by JoinChannelRequest)
2022-06-13 23:56:17 → 6285310742570 → https://t.me/cdshouchang4 → 加群失败：A wait of 1261 seconds is required (caused by JoinChannelRequest)
2022-06-13 23:56:29 → 6285310742570 → https://t.me/aomenliuhe88 → 加群失败：A wait of 1249 seconds is required (caused by JoinChannelRequest)
2022-06-13 23:56:42 → 6285310742570 → https://t.me/pshqo → 加群失败：A wait of 1236 seconds is required (caused by JoinChannelRequest)
2022-06-13 23:56:55 → 6285310742570 → https://t.me/bohrwebc → 加群成功
2022-06-13 23:57:10 → 6285310742570 → https://t.me/cyj1188 → 加群失败：A wait of 1208 seconds is required (caused by JoinChannelRequest)
2022-06-13 23:57:23 → 6285310742570 → https://t.me/feihelp → 加群失败：A wait of 1195 seconds is required (caused by JoinChannelRequest)
2022-06-13 23:57:35 → 6285310742570 → https://t.me/bkexchinese → 加群失败：A wait of 1183 seconds is required (caused by JoinChannelRequest)
2022-06-13 23:57:48 → 6285310742570 → https://t.me/expressnode → 加群失败：A wait of 1170 seconds is required (caused by JoinChannelRequest)
2022-06-13 23:58:00 → 6285310742570 → https://t.me/asiaweed → 加群失败：A wait of 1158 seconds is required (caused by JoinChannelRequest)
2022-06-13 23:58:12 → 6285310742570 → https://t.me/wz513064 → 加群失败：A wait of 1146 seconds is required (caused by JoinChannelRequest)
2022-06-13 23:58:25 → 6285310742570 → https://t.me/tongdao25 → 加群失败：A wait of 1133 seconds is required (caused by JoinChannelRequest)
2022-06-13 23:58:38 → 6285310742570 → https://t.me/tgdl128 → 加群失败：A wait of 1120 seconds is required (caused by JoinChannelRequest)
2022-06-13 23:58:50 → 6285310742570 → https://t.me/chaguaner → 加群失败：A wait of 1108 seconds is required (caused by JoinChannelRequest)
2022-06-13 23:59:03 → 6285310742570 → https://t.me/polkadotzh → 加群失败：A wait of 1095 seconds is required (caused by JoinChannelRequest)
2022-06-13 23:59:16 → 6285310742570 → https://t.me/aofexcn → 加群失败：A wait of 1082 seconds is required (caused by JoinChannelRequest)
2022-06-13 23:59:28 → 6285310742570 → https://t.me/tgyhzq → 加群失败：A wait of 1070 seconds is required (caused by JoinChannelRequest)
2022-06-13 23:59:41 → 6285310742570 → https://t.me/appssweepstakes → 加群失败：A wait of 1057 seconds is required (caused by JoinChannelRequest)
2022-06-13 23:59:54 → 6285310742570 → https://t.me/bailaohui_cvv → 加群失败：A wait of 1044 seconds is required (caused by JoinChannelRequest)