
2022-06-01 02:14:49 → 79528551283 → https://t.me/feihelp → 加群成功
2022-06-01 02:14:54 → 60178862101 → https://t.me/CvvinternalOrganization → 加群成功
2022-06-01 02:15:03 → 919722809996 → https://t.me/qht888 → 加群失败：Nobody is using this username, or the username is unacceptable. If the latter, it must match r"[a-zA-Z][\w\d]{3,30}[a-zA-Z\d]" (caused by ResolveUsernameRequest)
2022-06-01 02:15:08 → 79917731981 → https://t.me/bacommu → 加群成功
2022-06-01 02:15:15 → 918509922477 → https://t.me/tronnetworkcn → 加群成功
2022-06-01 02:15:23 → 918092132118 → https://t.me/xianliao01 → 加群成功
2022-06-01 02:15:30 → 79045541142 → https://t.me/beiluochat → 加群成功
2022-06-01 02:15:40 → 79916318026 → https://t.me/Dingshia → 加群成功
2022-06-01 02:15:47 → 79917733563 → https://t.me/mingmen520 → 加群成功
2022-06-01 02:15:54 → 79919429746 → https://t.me/bandwagonhostgroup → 加群成功
2022-06-01 02:16:02 → 6285242443022 → https://t.me/dibai12 → 加群成功
2022-06-01 02:16:09 → 919901066213 → https://t.me/chatssr → 加群成功
2022-06-01 02:16:16 → 919770816947 → https://t.me/universityalliance → 加群成功
2022-06-01 02:16:26 → 60178838240 → https://t.me/WKLhuaren → 加群成功
2022-06-01 02:16:33 → 62895324567242 → https://t.me/binancechinese → 加群成功
2022-06-01 02:16:40 → 79528551283 → https://t.me/tg858 → 加群失败：No user has "tg858" as username
2022-06-01 02:16:45 → 6287775712585 → https://t.me/kachahu → 加群成功
2022-06-01 02:16:52 → 917061771362 → https://t.me/bcweb → 加群成功
2022-06-01 02:17:00 → 601124042925 → https://t.me/light_up_comm → 加群成功
2022-06-01 02:17:10 → 918109281745 → https://t.me/seeyellow → 加群成功
2022-06-01 02:17:17 → 60142963511 → https://t.me/sichouzhilu0 → 加群成功
2022-06-01 02:17:24 → 6285242442969 → https://t.me/si1688 → 加群成功
2022-06-01 02:17:31 → 6285242442967 → https://t.me/olddriver_gd → 加群成功
2022-06-01 02:17:39 → 601112672704 → https://t.me/pshqo → 加群成功
2022-06-01 02:17:47 → 601112672414 → https://t.me/dhjlq → 加群成功
2022-06-01 02:17:54 → 639677121074 → https://t.me/zhifu7788 → 加群失败：You have joined too many channels/supergroups (caused by JoinChannelRequest)
2022-06-01 02:17:59 → 6285242442963 → https://t.me/TG006 → 加群成功
2022-06-01 02:18:06 → 79917730705 → https://t.me/qqlsj → 加群成功
2022-06-01 02:18:13 → 6282144789066 → https://t.me/x00008 → 加群成功
2022-06-01 02:18:20 → 917838380415 → https://t.me/P541888888 → 加群成功
2022-06-01 02:18:27 → 919923144199 → https://t.me/tg1949521 → 加群成功
2022-06-01 02:18:34 → 601124026034 → https://t.me/cambodiacn → 加群成功
2022-06-01 02:18:44 → 6281218966272 → https://t.me/liang1112233 → 加群成功
2022-06-01 02:18:51 → 6287775712315 → https://t.me/paofen1688 → 加群成功
2022-06-01 02:18:59 → 79919431787 → https://t.me/GouTuiClub → 加群成功
2022-06-01 02:19:16 → 919923144199 → https://t.me/im0471 → 加群成功
2022-06-01 02:19:24 → 918509922477 → https://t.me/hunantg → 加群成功
2022-06-01 02:19:37 → 60178862101 → https://t.me/xiaohao2018 → 加群成功
2022-06-01 02:19:47 → 639677121074 → https://t.me/shell66666 → 加群失败：You have joined too many channels/supergroups (caused by JoinChannelRequest)
2022-06-01 02:19:52 → 601112672704 → https://t.me/bzzone → 加群成功
2022-06-01 02:19:59 → 6282144789066 → https://t.me/ritalin51 → 加群失败：Nobody is using this username, or the username is unacceptable. If the latter, it must match r"[a-zA-Z][\w\d]{3,30}[a-zA-Z\d]" (caused by ResolveUsernameRequest)
2022-06-01 02:20:04 → 79528551283 → https://t.me/hzaxx → 加群成功
2022-06-01 02:20:11 → 917838380415 → https://t.me/chaoxi → 加群成功
2022-06-01 02:20:21 → 79917730705 → https://t.me/MDhuaren1 → 加群成功
2022-06-01 02:20:28 → 6285242442963 → https://t.me/crxs778 → 加群成功
2022-06-01 02:20:35 → 79917731981 → https://t.me/yueaijilu → 加群成功
2022-06-01 02:20:43 → 60142963511 → https://t.me/ccv348 → 加群成功
2022-06-01 02:20:51 → 60178838240 → https://t.me/tg088 → 加群成功
2022-06-01 02:20:58 → 601124042925 → https://t.me/huihui220 → 加群成功
2022-06-01 02:25:10 → 6285242443022 → https://t.me/ak99yunmlsxfgds → 加群成功
2022-06-01 02:25:17 → 79045541142 → https://t.me/daishou44 → 加群成功
2022-06-01 02:25:23 → 639677121074 → https://t.me/jianpuzai777 → 加群失败：You have joined too many channels/supergroups (caused by JoinChannelRequest)
2022-06-01 02:25:29 → 6285242442963 → https://t.me/juliang666 → 加群成功
2022-06-01 02:25:36 → 917838380415 → https://t.me/dongnanyaliaotian → 加群成功
2022-06-01 02:25:52 → 79916318026 → https://t.me/CKidc666 → 加群成功
2022-06-01 02:25:59 → 79917731981 → https://t.me/huiguophp → 加群成功
2022-06-01 02:26:05 → 79919429746 → https://t.me/trj_shore001 → 加群成功
2022-06-01 02:26:13 → 919923144199 → https://t.me/yueaijilu → 加群成功
2022-06-01 02:26:19 → 918109281745 → https://t.me/bestvcommunity → 加群失败：群组禁止访问
2022-06-01 02:26:23 → 79528551283 → https://t.me/botong002 → 加群成功
2022-06-01 02:26:31 → 79917733563 → https://t.me/szhkfun → 加群成功
2022-06-01 02:26:38 → 79917730705 → https://t.me/TG0188 → 加群成功
2022-06-01 02:26:44 → 62895324567242 → https://t.me/guiyangpapa → 加群成功
2022-06-01 02:26:52 → 919901066213 → https://t.me/gdsjq → 加群成功
2022-06-01 02:26:59 → 918509922477 → https://t.me/olddriversh → 加群成功
2022-06-01 02:27:05 → 601112672414 → https://t.me/bzzone → 加群成功
2022-06-01 02:27:13 → 601124042925 → https://t.me/Fkzy_Group → 加群成功
2022-06-01 02:27:22 → 6287775712585 → https://t.me/allswapcn → 加群成功
2022-06-01 02:27:30 → 601124026034 → https://t.me/html66 → 加群成功
2022-06-01 02:27:36 → 601112672704 → https://t.me/pingan66chadang → 加群成功
2022-06-01 02:27:43 → 60178862101 → https://t.me/usdtdfds → 加群成功
2022-06-01 02:28:05 → 919770816947 → https://t.me/server699 → 加群失败：群组禁止访问
2022-06-01 02:28:10 → 917061771362 → https://t.me/goutuiclub → 加群失败：群组禁止访问
2022-06-01 02:28:14 → 60142963511 → https://t.me/xbzijian → 加群成功
2022-06-01 02:28:24 → 6285242442967 → https://t.me/aomenliuhe88 → 加群成功
2022-06-01 02:28:31 → 919722809996 → https://t.me/yuanyuzhou8 → 加群成功
2022-06-01 02:28:38 → 6282144789066 → https://t.me/haojing168 → 加群成功
2022-06-01 02:28:45 → 918092132118 → https://t.me/usdtbmw → 加群成功
2022-06-01 02:28:52 → 79919431787 → https://t.me/hi_Official_Chinese → 加群成功
2022-06-01 02:28:59 → 6285242442969 → https://t.me/three001 → 加群成功
2022-06-01 02:29:06 → 60178838240 → https://t.me/gaigangs → 加群成功
2022-06-01 02:29:14 → 6281218966272 → https://t.me/huanqian35 → 加群成功
2022-06-01 02:29:35 → 6287775712315 → https://t.me/BKEXChinese → 加群成功
2022-06-01 02:29:48 → 60178838240 → https://t.me/tg1949521 → 加群成功
2022-06-01 02:29:55 → 601112672414 → https://t.me/goutui → 加群成功
2022-06-01 02:30:04 → 919923144199 → https://t.me/chaguaner → 加群成功
2022-06-01 02:30:11 → 60142963511 → https://t.me/ritalin51 → 加群失败：Nobody is using this username, or the username is unacceptable. If the latter, it must match r"[a-zA-Z][\w\d]{3,30}[a-zA-Z\d]" (caused by ResolveUsernameRequest)
2022-06-01 02:30:16 → 79917733563 → https://t.me/kaihesoft → 加群成功
2022-06-01 02:30:23 → 601124026034 → https://t.me/dibai12 → 加群成功
2022-06-01 02:30:30 → 919722809996 → https://t.me/xmarspace → 加群成功
2022-06-01 02:30:38 → 919770816947 → https://t.me/loufenha → 加群成功
2022-06-01 02:30:45 → 6287775712315 → https://t.me/zhifuo → 加群成功
2022-06-01 02:30:51 → 6282144789066 → https://t.me/heyuedashen1 → 加群成功
2022-06-01 02:30:59 → 639677121074 → https://t.me/yugzf → 加群失败：You have joined too many channels/supergroups (caused by JoinChannelRequest)
2022-06-01 02:31:04 → 79917731981 → https://t.me/programertalk → 加群成功
2022-06-01 02:31:11 → 79917730705 → https://t.me/light_up_comm → 加群成功
2022-06-01 02:31:21 → 917061771362 → https://t.me/discussimmigration → 加群成功
2022-06-01 02:31:27 → 79919429746 → https://t.me/doge88 → 加群成功
2022-06-01 02:31:35 → 6287775712585 → https://t.me/tsdb01 → 加群成功
2022-06-01 02:31:41 → 918509922477 → https://t.me/dfsdaeaw → 加群失败：Nobody is using this username, or the username is unacceptable. If the latter, it must match r"[a-zA-Z][\w\d]{3,30}[a-zA-Z\d]" (caused by ResolveUsernameRequest)
2022-06-01 02:31:45 → 79916318026 → https://t.me/tg328 → 加群失败：群组禁止访问
2022-06-01 02:31:49 → 6285242442963 → https://t.me/xxup1121 → 加群成功
2022-06-01 02:31:56 → 919901066213 → https://t.me/xvswens → 加群成功
2022-06-01 02:32:04 → 62895324567242 → https://t.me/homeassiant666 → 加群成功
2022-06-01 02:32:11 → 917838380415 → https://t.me/xiaohao2018 → 加群成功
2022-06-01 02:32:18 → 6285242442969 → https://t.me/australiasydneychat → 加群成功
2022-06-01 02:32:26 → 79528551283 → https://t.me/qxinw → 加群成功
2022-06-01 02:32:32 → 6281218966272 → https://t.me/tronnetworkcn → 加群成功
2022-06-01 02:32:39 → 79919431787 → https://t.me/TG006 → 加群失败：群组禁止访问
2022-06-01 02:32:43 → 60178862101 → https://t.me/tg088 → 加群成功
2022-06-01 02:32:50 → 6285242442967 → https://t.me/Nst_WP → 加群成功
2022-06-01 02:32:57 → 6285242443022 → https://t.me/bozaiweb → 加群成功
2022-06-01 02:33:04 → 918109281745 → https://t.me/akkcloud → 加群成功
2022-06-01 02:33:14 → 601124042925 → https://t.me/shenma001 → 加群成功
2022-06-01 02:33:21 → 79045541142 → https://t.me/v2rayn → 加群成功
2022-06-01 02:33:28 → 918092132118 → https://t.me/qipaipan54 → 加群成功
2022-06-01 02:33:51 → 601112672704 → https://t.me/shell66666 → 加群成功
2022-06-01 02:34:03 → 919770816947 → https://t.me/doxchina → 加群成功
2022-06-01 02:34:10 → 60178862101 → https://t.me/huanxiangyouxi → 加群成功
2022-06-01 02:34:17 → 919901066213 → https://t.me/pionexcn → 加群成功
2022-06-01 02:34:24 → 918109281745 → https://t.me/TG12389 → 加群成功
2022-06-01 02:34:31 → 6285242443022 → https://t.me/daishuvpn → 加群成功
2022-06-01 02:34:38 → 917061771362 → https://t.me/zaozhuang1 → 加群失败：群组禁止访问
2022-06-01 02:34:44 → 6281218966272 → https://t.me/gboxtg → 加群成功
2022-06-01 02:34:50 → 6287775712585 → https://t.me/BinanceChinese → 加群成功
2022-06-01 02:34:58 → 918509922477 → https://t.me/BKEXChinese → 加群成功
2022-06-01 02:35:06 → 601124042925 → https://t.me/BikingChineseGroup → 加群成功
2022-06-01 02:35:15 → 6287775712315 → https://t.me/socks55555 → 加群成功
2022-06-01 02:35:22 → 6285242442969 → https://t.me/TG110 → 加群成功
2022-06-01 02:35:30 → 79045541142 → https://t.me/paofenht → 加群成功
2022-06-01 02:35:38 → 601112672704 → https://t.me/crxs778 → 加群成功
2022-06-01 02:35:46 → 601124026034 → https://t.me/esmascript6 → 加群成功
2022-06-01 02:35:54 → 79917731981 → https://t.me/yuehui8 → 加群失败：群组禁止访问
2022-06-01 02:35:59 → 6285242442967 → https://t.me/qht888 → 加群失败：Nobody is using this username, or the username is unacceptable. If the latter, it must match r"[a-zA-Z][\w\d]{3,30}[a-zA-Z\d]" (caused by ResolveUsernameRequest)
2022-06-01 02:36:05 → 917838380415 → https://t.me/ussyu → 加群成功
2022-06-01 02:36:12 → 79916318026 → https://t.me/KavaChinese → 加群成功
2022-06-01 02:36:20 → 919722809996 → https://t.me/beiluochat → 加群成功
2022-06-01 02:36:28 → 79919429746 → https://t.me/hi_Official_Chinese → 加群成功
2022-06-01 02:36:36 → 79919431787 → https://t.me/HTCOLV → 加群成功
2022-06-01 02:36:45 → 919923144199 → https://t.me/fw866 → 加群成功
2022-06-01 02:36:53 → 6282144789066 → https://t.me/dayofdefeatcn → 加群成功
2022-06-01 02:37:01 → 60142963511 → https://t.me/binzhouqun → 加群成功
2022-06-01 02:37:09 → 918092132118 → https://t.me/flea66 → 加群成功
2022-06-01 02:37:18 → 79528551283 → https://t.me/im0471 → 加群成功
2022-06-01 02:37:26 → 79917733563 → https://t.me/FQ3P3 → 加群成功
2022-06-01 02:37:33 → 79917730705 → https://t.me/hzaxx → 加群成功
2022-06-01 02:37:41 → 6285242442963 → https://t.me/paofen55 → 加群失败：No user has "paofen55" as username
2022-06-01 02:37:47 → 60178838240 → https://t.me/daishou15 → 加群成功
2022-06-01 02:37:54 → 62895324567242 → https://t.me/gibxchange_cn → 加群成功
2022-06-01 02:38:03 → 601112672414 → https://t.me/danbao96 → 加群成功
2022-06-01 02:38:25 → 639677121074 → https://t.me/DIP9188 → 加群失败：You have joined too many channels/supergroups (caused by JoinChannelRequest)
2022-06-01 02:38:38 → 6281218966272 → https://t.me/btokcn_0014 → 加群成功
2022-06-01 02:38:46 → 60178838240 → https://t.me/BIYONGOfficial0015 → 加群成功
2022-06-01 02:38:54 → 919923144199 → https://t.me/fhaak8 → 加群成功
2022-06-01 02:39:02 → 6282144789066 → https://t.me/gm0008 → 加群成功
2022-06-01 02:39:10 → 919901066213 → https://t.me/bandwagonhostgroup → 加群成功
2022-06-01 02:39:18 → 6285242442963 → https://t.me/wz513064 → 加群成功
2022-06-01 02:39:26 → 79045541142 → https://t.me/wuhpay → 加群成功
2022-06-01 02:39:35 → 79917730705 → https://t.me/b12306 → 加群成功
2022-06-01 02:39:43 → 79919431787 → https://t.me/dibaifa → 加群成功
2022-06-01 02:39:51 → 917061771362 → https://t.me/officelearner → 加群成功
2022-06-01 02:40:01 → 6287775712585 → https://t.me/aofexcn → 加群成功
2022-06-01 02:40:09 → 919722809996 → https://t.me/MDhuaren1 → 加群成功
2022-06-01 02:40:17 → 79528551283 → https://t.me/wy173 → 加群成功
2022-06-01 02:40:25 → 79917733563 → https://t.me/tg148 → 加群成功
2022-06-01 02:40:33 → 918109281745 → https://t.me/jiu_777 → 加群成功
2022-06-01 02:40:41 → 918509922477 → https://t.me/fwbzy → 加群失败：群组禁止访问
2022-06-01 02:40:46 → 60142963511 → https://t.me/dbf6666 → 加群成功
2022-06-01 02:40:55 → 918092132118 → https://t.me/zhifu7788 → 加群成功
2022-06-01 02:41:03 → 601112672704 → https://t.me/x00008 → 加群成功
2022-06-01 02:41:11 → 79916318026 → https://t.me/P541888888 → 加群成功
2022-06-01 02:41:19 → 79917731981 → https://t.me/shuju666886 → 加群失败：No user has "shuju666886" as username
2022-06-01 02:41:24 → 6287775712315 → https://t.me/mikebill888 → 加群成功
2022-06-01 02:41:33 → 79919429746 → https://t.me/haojiyou → 加群成功
2022-06-01 02:41:42 → 601124026034 → https://t.me/kavachinese → 加群成功
2022-06-01 02:42:22 → 601112672414 → https://t.me/olddriver_cdu → 加群成功
2022-06-01 02:42:30 → 919770816947 → https://t.me/tcelue1 → 加群成功
2022-06-01 02:42:38 → 639677121074 → https://t.me/hi_official_chinese → 加群失败：You have joined too many channels/supergroups (caused by JoinChannelRequest)
2022-06-01 02:42:45 → 6285242442967 → https://t.me/AlipayJiFu → 加群成功
2022-06-01 02:42:52 → 6285242443022 → https://t.me/maticnetwork_china → 加群成功
2022-06-01 02:43:01 → 6285242442969 → https://t.me/njwwjpxc → 加群成功
2022-06-01 02:43:08 → 60178862101 → https://t.me/paofen33 → 加群成功
2022-06-01 02:43:18 → 62895324567242 → https://t.me/mf_group → 加群成功
2022-06-01 02:43:33 → 60142963511 → https://t.me/faka58 → 加群成功
2022-06-01 02:43:40 → 917838380415 → https://t.me/tg96110 → 加群成功
2022-06-01 02:43:49 → 79916318026 → https://t.me/iClubHouse → 加群成功
2022-06-01 02:44:00 → 79917731981 → https://t.me/pshqo → 加群成功
2022-06-01 02:44:08 → 79045541142 → https://t.me/seeyellow → 加群成功
2022-06-01 02:44:17 → 6287775712315 → https://t.me/yidaoshou2 → 加群成功
2022-06-01 02:44:24 → 79919431787 → https://t.me/kedoucloud → 加群成功
2022-06-01 02:44:33 → 918109281745 → https://t.me/dibai918 → 加群成功
2022-06-01 02:44:41 → 79917730705 → https://t.me/DBhuaren1 → 加群成功
2022-06-01 02:44:49 → 918092132118 → https://t.me/dbjlq1 → 加群成功
2022-06-01 02:44:58 → 601124042925 → https://t.me/mingmen520 → 加群成功
2022-06-01 02:45:05 → 79528551283 → https://t.me/sunshineyyds → 加群成功
2022-06-01 02:45:13 → 6282144789066 → https://t.me/gdr666 → 加群成功
2022-06-01 02:45:21 → 62895324567242 → https://t.me/cndumpschat → 加群失败：Nobody is using this username, or the username is unacceptable. If the latter, it must match r"[a-zA-Z][\w\d]{3,30}[a-zA-Z\d]" (caused by ResolveUsernameRequest)
2022-06-01 02:45:26 → 60178862101 → https://t.me/www589qkcom → 加群成功
2022-06-01 02:45:35 → 6281218966272 → https://t.me/huaao1 → 加群成功
2022-06-01 02:45:51 → 919901066213 → https://t.me/dhjlq → 加群成功
2022-06-01 02:45:59 → 79917733563 → https://t.me/tgzhcn → 加群成功
2022-06-01 02:46:07 → 6285242442969 → https://t.me/tgyhzq → 加群成功
2022-06-01 02:46:15 → 79919429746 → https://t.me/TGlianmeng002 → 加群成功
2022-06-01 02:46:23 → 60178838240 → https://t.me/tgdl128 → 加群成功
2022-06-01 02:46:40 → 919923144199 → https://t.me/DBhuaren1 → 加群成功
2022-06-01 02:46:48 → 6285242442963 → https://t.me/lhc168 → 加群成功
2022-06-01 02:46:56 → 919722809996 → https://t.me/liuhedadui → 加群成功
2022-06-01 02:47:04 → 601112672414 → https://t.me/fw992 → 加群成功
2022-06-01 02:47:12 → 919770816947 → https://t.me/WKLhuaren → 加群成功
2022-06-01 02:47:20 → 6287775712585 → https://t.me/xingbi0088 → 加群成功
2022-06-01 02:47:29 → 639677121074 → https://t.me/network50_chat → 加群失败：You have joined too many channels/supergroups (caused by JoinChannelRequest)
2022-06-01 02:47:35 → 917061771362 → https://t.me/mljlq → 加群成功
2022-06-01 02:47:42 → 6285242442967 → https://t.me/binance_api_chinese → 加群成功
2022-06-01 02:47:50 → 6285242443022 → https://t.me/fhlmteam → 加群成功
2022-06-01 02:47:59 → 601124026034 → https://t.me/yamzcunziyuanduij → 加群成功
2022-06-01 02:48:06 → 601112672704 → https://t.me/zscd18 → 加群成功
2022-06-01 02:48:14 → 918509922477 → https://t.me/cambodiacn → 加群失败：群组禁止访问
2022-06-01 02:48:27 → 6282144789066 → https://t.me/tg_king80 → 加群成功
2022-06-01 02:48:36 → 79919429746 → https://t.me/appssweepstakes → 加群成功
2022-06-01 02:48:46 → 917838380415 → https://t.me/TG006 → 加群成功
2022-06-01 02:48:55 → 60178838240 → https://t.me/guangdongyue → 加群成功
2022-06-01 02:49:02 → 79528551283 → https://t.me/avnrichchinese_chat → 加群失败：群组禁止访问
2022-06-01 02:49:08 → 6285242442963 → https://t.me/xinbi_088 → 加群成功
2022-06-01 02:49:16 → 918092132118 → https://t.me/qqxgqq → 加群成功
2022-06-01 02:49:23 → 639677121074 → https://t.me/dubaiqq918 → 加群失败：You have joined too many channels/supergroups (caused by JoinChannelRequest)
2022-06-01 02:49:30 → 79916318026 → https://t.me/chlmzy → 加群成功
2022-06-01 02:49:37 → 6287775712315 → https://t.me/A_K_3A → 加群成功
2022-06-01 02:49:46 → 6285242443022 → https://t.me/sakura_cloud → 加群成功
2022-06-01 02:49:53 → 62895324567242 → https://t.me/hoogroupchinese → 加群成功
2022-06-01 02:50:01 → 60178862101 → https://t.me/lasihaima266 → 加群成功
2022-06-01 02:50:09 → 79917731981 → https://t.me/TG907 → 加群成功
2022-06-01 02:50:17 → 79917733563 → https://t.me/otcfl → 加群成功
2022-06-01 02:50:26 → 6287775712585 → https://t.me/ai699 → 加群成功
2022-06-01 02:50:35 → 6285242442969 → https://t.me/caoji565 → 加群成功
2022-06-01 02:50:43 → 60142963511 → https://t.me/xianliao01 → 加群成功
2022-06-01 02:50:50 → 601112672414 → https://t.me/zscd1 → 加群成功
2022-06-01 02:50:58 → 6281218966272 → https://t.me/pionexcn → 加群成功
2022-06-01 02:51:07 → 601124026034 → https://t.me/zhongshandidi → 加群成功
2022-06-01 02:51:14 → 919901066213 → https://t.me/ytzx2 → 加群成功
2022-06-01 02:51:22 → 917061771362 → https://t.me/tg771 → 加群成功
2022-06-01 02:51:31 → 601112672704 → https://t.me/usdthuzhu3 → 加群成功
2022-06-01 02:51:38 → 919722809996 → https://t.me/mla9999 → 加群成功
2022-06-01 02:51:46 → 601124042925 → https://t.me/BAOAA → 加群成功
2022-06-01 02:51:54 → 919770816947 → https://t.me/ysshuju1 → 加群成功
2022-06-01 02:52:02 → 79917730705 → https://t.me/binancechinese → 加群成功
2022-06-01 02:52:11 → 919923144199 → https://t.me/paofen315 → 加群成功
2022-06-01 02:52:18 → 918109281745 → https://t.me/a_k_3a → 加群失败：群组禁止访问
2022-06-01 02:52:23 → 6285242442967 → https://t.me/OKXGroup_CN → 加群成功
2022-06-01 02:52:32 → 79919431787 → https://t.me/iampua → 加群成功
2022-06-01 02:52:39 → 918509922477 → https://t.me/ColaChina → 加群失败：群组禁止访问
2022-06-01 02:52:45 → 79045541142 → https://t.me/hwhrbbs → 加群成功
2022-06-01 02:53:00 → 639677121074 → https://t.me/yangjiangchannel → 加群失败：You have joined too many channels/supergroups (caused by JoinChannelRequest)
2022-06-01 02:53:05 → 79917730705 → https://t.me/xxg863 → 加群成功
2022-06-01 02:53:06 → 79917731981 → https://t.me/BinanceChinese → 加群成功
2022-06-01 02:53:12 → 60142963511 → https://t.me/Socks55555 → 加群成功
2022-06-01 02:53:13 → 6287775712585 → https://t.me/xjltq → 加群成功
2022-06-01 02:53:19 → 6285242442969 → https://t.me/TG55555555555 → 加群成功
2022-06-01 02:53:22 → 6285242442963 → https://t.me/wubuxianjingziyuan → 加群成功
2022-06-01 02:53:30 → 918509922477 → https://t.me/galaxyheroescn → 加群成功
2022-06-01 02:53:46 → 601124042925 → https://t.me/blsq55 → 加群成功
2022-06-01 02:53:54 → 60142963511 → https://t.me/mayishequ → 加群成功
2022-06-01 02:54:03 → 79919429746 → https://t.me/Fkzy_Group → 加群成功
2022-06-01 02:54:10 → 918109281745 → https://t.me/quanzhangshequ → 加群成功
2022-06-01 02:54:26 → 60178862101 → https://t.me/yindutg → 加群成功
2022-06-01 02:54:41 → 919923144199 → https://t.me/dibai8880 → 加群成功
2022-06-01 02:54:49 → 6285242442967 → https://t.me/trj_shore001 → 加群成功
2022-06-01 02:54:57 → 79919431787 → https://t.me/BIYONGOfficial0015 → 加群失败：群组禁止访问
2022-06-01 02:55:14 → 6285242442969 → https://t.me/liang1112233 → 加群成功
2022-06-01 02:55:22 → 917061771362 → https://t.me/dhjlq → 加群成功
2022-06-01 02:55:30 → 6281218966272 → https://t.me/fw992 → 加群成功
2022-06-01 02:55:47 → 919770816947 → https://t.me/bclm1 → 加群成功
2022-06-01 02:55:56 → 6285242443022 → https://t.me/liuxingsq → 加群成功
2022-06-01 02:56:04 → 6282144789066 → https://t.me/aomenliuhe88 → 加群成功
2022-06-01 02:56:12 → 601112672704 → https://t.me/TGhuaren1 → 加群成功
2022-06-01 02:56:21 → 60178838240 → https://t.me/xjltq → 加群成功
2022-06-01 02:56:29 → 919722809996 → https://t.me/aomenliuhe88 → 加群成功
2022-06-01 02:56:37 → 79045541142 → https://t.me/CvvinternalOrganization → 加群成功
2022-06-01 02:56:47 → 917838380415 → https://t.me/universityalliance → 加群失败：群组禁止访问
2022-06-01 02:56:52 → 918092132118 → https://t.me/huiguophp → 加群成功
2022-06-01 02:57:00 → 919901066213 → https://t.me/zscd1 → 加群成功
2022-06-01 02:57:09 → 601124026034 → https://t.me/yinhangkausdt → 加群成功
2022-06-01 02:57:16 → 62895324567242 → https://t.me/hoogroupchinese → 加群成功
2022-06-01 02:57:24 → 79917730705 → https://t.me/Fkzy_Group → 加群成功
2022-06-01 02:57:32 → 79916318026 → https://t.me/lhc168 → 加群成功
2022-06-01 02:57:40 → 6287775712315 → https://t.me/chinadarknet → 加群成功
2022-06-01 02:57:49 → 79917733563 → https://t.me/gm0008 → 加群成功
2022-06-01 02:57:56 → 79528551283 → https://t.me/TGhuaren1 → 加群成功
2022-06-01 02:58:13 → 6282144789066 → https://t.me/bailaohui_cvv → 加群成功
2022-06-01 02:58:20 → 79528551283 → https://t.me/sq577 → 加群成功
2022-06-01 02:58:28 → 917838380415 → https://t.me/bcweb → 加群成功
2022-06-01 02:58:36 → 639677121074 → https://t.me/tg858 → 加群失败：No user has "tg858" as username
2022-06-01 02:58:41 → 79917730705 → https://t.me/Zoey052697 → 加群成功
2022-06-01 02:58:50 → 79917731981 → https://t.me/TG12389 → 加群成功
2022-06-01 02:58:58 → 918092132118 → https://t.me/gaigangs → 加群失败：群组禁止访问
2022-06-01 02:59:04 → 919923144199 → https://t.me/aomenliuhe88 → 加群成功
2022-06-01 02:59:11 → 918509922477 → https://t.me/TG006 → 加群成功
2022-06-01 02:59:19 → 6287775712585 → https://t.me/cn_talk → 加群成功
2022-06-01 02:59:27 → 918109281745 → https://t.me/quanzhangshequ → 加群成功
2022-06-01 02:59:35 → 919770816947 → https://t.me/tg0799 → 加群成功
2022-06-01 02:59:43 → 601112672414 → https://t.me/changsha_dev → 加群成功
2022-06-01 02:59:51 → 62895324567242 → https://t.me/lhc168 → 加群成功
2022-06-01 02:59:59 → 79919431787 → https://t.me/tg_88888 → 加群成功
2022-06-01 03:00:07 → 60178862101 → https://t.me/olddrivergd → 加群成功
2022-06-01 03:00:15 → 919722809996 → https://t.me/flea66 → 加群成功
2022-06-01 03:00:24 → 79916318026 → https://t.me/huiguophp → 加群成功
2022-06-01 03:00:32 → 60178838240 → https://t.me/dmzf8 → 加群成功
2022-06-01 03:00:40 → 6285242442963 → https://t.me/tcelue1 → 加群成功
2022-06-01 03:00:49 → 79917733563 → https://t.me/xxup1121 → 加群成功
2022-06-01 03:00:56 → 79919429746 → https://t.me/yinhangkausdt → 加群成功
2022-06-01 03:01:05 → 917061771362 → https://t.me/faka58 → 加群成功
2022-06-01 03:01:14 → 601112672704 → https://t.me/officelearner → 加群成功
2022-06-01 03:01:24 → 6281218966272 → https://t.me/hunantg → 加群成功
2022-06-01 03:01:34 → 601124026034 → https://t.me/fwbzy → 加群成功
2022-06-01 03:01:43 → 6285242442969 → https://t.me/qingroup → 加群成功
2022-06-01 03:01:50 → 6285242443022 → https://t.me/goutui → 加群成功
2022-06-01 03:02:01 → 919901066213 → https://t.me/CvvinternalOrganization → 加群成功
2022-06-01 03:02:09 → 60142963511 → https://t.me/readerbeta → 加群成功
2022-06-01 03:02:16 → 6287775712315 → https://t.me/TG55555555555 → 加群成功
2022-06-01 03:02:25 → 79045541142 → https://t.me/ai699 → 加群成功
2022-06-01 03:02:34 → 601124042925 → https://t.me/fastfish2 → 加群成功
2022-06-01 03:02:43 → 6285242442967 → https://t.me/xysbbs → 加群成功
2022-06-01 03:02:59 → 601112672414 → https://t.me/pigcommunity → 加群成功
2022-06-01 03:03:07 → 60142963511 → https://t.me/gboxtg → 加群成功
2022-06-01 03:03:14 → 60178862101 → https://t.me/gz3388 → 加群成功
2022-06-01 03:03:24 → 601124042925 → https://t.me/mayishequ → 加群成功
2022-06-01 03:03:33 → 6281218966272 → https://t.me/huione888 → 加群成功
2022-06-01 03:03:56 → 6285242442963 → https://t.me/server699 → 加群成功
2022-06-01 03:04:08 → 919901066213 → https://t.me/kaihesoft → 加群成功
2022-06-01 03:04:15 → 62895324567242 → https://t.me/tgzhcn → 加群成功
2022-06-01 03:04:23 → 79919429746 → https://t.me/dubaiqq918 → 加群失败：群组禁止访问
2022-06-01 03:04:29 → 601124026034 → https://t.me/tronnetworkcn → 加群成功
2022-06-01 03:04:37 → 79045541142 → https://t.me/yuantoushuju5 → 加群成功
2022-06-01 03:04:59 → 6287775712315 → https://t.me/pingan66shop → 加群成功
2022-06-01 03:05:07 → 919923144199 → https://t.me/html66 → 加群成功
2022-06-01 03:05:15 → 917838380415 → https://t.me/zeronetzh → 加群成功
2022-06-01 03:05:23 → 79528551283 → https://t.me/kaiheo → 加群成功
2022-06-01 03:05:33 → 79916318026 → https://t.me/gibxchange_cn → 加群成功
2022-06-01 03:05:40 → 79917730705 → https://t.me/cyj1188 → 加群成功
2022-06-01 03:05:48 → 639677121074 → https://t.me/DIP9188 → 加群失败：You have joined too many channels/supergroups (caused by JoinChannelRequest)
2022-06-01 03:05:53 → 79917731981 → https://t.me/shenzhencity → 加群失败：群组禁止访问
2022-06-01 03:05:58 → 60178838240 → https://t.me/KavaChinese → 加群成功
2022-06-01 03:06:07 → 79919431787 → https://t.me/php_group_cn → 加群成功
2022-06-01 03:06:17 → 6287775712585 → https://t.me/xcarnival_chinese → 加群成功
2022-06-01 03:06:25 → 919722809996 → https://t.me/baocai217 → 加群成功
2022-06-01 03:06:34 → 6285242443022 → https://t.me/MDhuaren1 → 加群成功
2022-06-01 03:06:42 → 918509922477 → https://t.me/paofen315 → 加群成功
2022-06-01 03:06:50 → 6282144789066 → https://t.me/universityalliance → 加群成功
2022-06-01 03:07:00 → 601112672704 → https://t.me/mljlq → 加群失败：群组禁止访问
2022-06-01 03:07:06 → 6285242442967 → https://t.me/fastfish2 → 加群成功
2022-06-01 03:07:15 → 919770816947 → https://t.me/zb_support → 加群成功
2022-06-01 03:07:23 → 918092132118 → https://t.me/jianpuzai777 → 加群失败：群组禁止访问
2022-06-01 03:07:29 → 918109281745 → https://t.me/pionexcn → 加群失败：群组禁止访问
2022-06-01 03:07:35 → 6285242442969 → https://t.me/yuanyuzhou8 → 加群失败：群组禁止访问
2022-06-01 03:07:40 → 79917733563 → https://t.me/lkdxqf88 → 加群失败：群组禁止访问
2022-06-01 03:07:46 → 917061771362 → https://t.me/chinadarknet → 加群成功
2022-06-01 03:08:00 → 79917731981 → https://t.me/tgdanbao000 → 加群成功
2022-06-01 03:08:09 → 919722809996 → https://t.me/QQXGQQ → 加群成功
2022-06-01 03:08:17 → 601112672414 → https://t.me/xingbi0088 → 加群成功
2022-06-01 03:08:25 → 6285242442969 → https://t.me/BinanceChinese → 加群成功
2022-06-01 03:08:33 → 79045541142 → https://t.me/WKLhuaren → 加群成功
2022-06-01 03:08:41 → 79917733563 → https://t.me/xmsji → 加群失败：群组禁止访问
2022-06-01 03:08:46 → 601112672704 → https://t.me/biboxgroup → 加群成功
2022-06-01 03:08:56 → 60178838240 → https://t.me/zaozhuang1 → 加群成功
2022-06-01 03:09:05 → 60142963511 → https://t.me/hwhrbbs → 加群成功
2022-06-01 03:09:12 → 917061771362 → https://t.me/dibai12 → 加群成功
2022-06-01 03:09:20 → 79917730705 → https://t.me/MDhuaren1 → 加群成功
2022-06-01 03:09:29 → 79919429746 → https://t.me/daifu76 → 加群成功
2022-06-01 03:09:52 → 60178862101 → https://t.me/njwwjpxc → 加群成功
2022-06-01 03:10:00 → 6285242442967 → https://t.me/wangzhuanusdt → 加群成功
2022-06-01 03:10:22 → 639677121074 → https://t.me/zhifuo → 加群失败：You have joined too many channels/supergroups (caused by JoinChannelRequest)
2022-06-01 03:10:28 → 918109281745 → https://t.me/olddrivercd → 加群成功
2022-06-01 03:10:37 → 6287775712585 → https://t.me/asiaweed → 加群成功
2022-06-01 03:10:45 → 601124042925 → https://t.me/hgmhxz → 加群成功
2022-06-01 03:10:53 → 919923144199 → https://t.me/nbydxyk1 → 加群成功
2022-06-01 03:11:00 → 917838380415 → https://t.me/mf_group → 加群成功
2022-06-01 03:11:08 → 918092132118 → https://t.me/feihelp → 加群成功
2022-06-01 03:11:16 → 601124026034 → https://t.me/dongnanyaliaotian → 加群成功
2022-06-01 03:11:25 → 6282144789066 → https://t.me/justmysockscn → 加群成功
2022-06-01 03:11:36 → 918509922477 → https://t.me/yamzcunziyuanduij → 加群成功
2022-06-01 03:11:43 → 919901066213 → https://t.me/laowangdan → 加群成功
2022-06-01 03:11:51 → 919770816947 → https://t.me/doxchina → 加群成功
2022-06-01 03:11:59 → 6285242442963 → https://t.me/phbbs → 加群成功
2022-06-01 03:12:07 → 79528551283 → https://t.me/guminlaqun66 → 加群成功
2022-06-01 03:12:15 → 62895324567242 → https://t.me/tg771 → 加群成功
2022-06-01 03:12:23 → 6281218966272 → https://t.me/PHMAKA107 → 加群成功
2022-06-01 03:12:31 → 6285242443022 → https://t.me/pionexcn → 加群成功
2022-06-01 03:12:40 → 79919431787 → https://t.me/nwdr888 → 加群成功
2022-06-01 03:12:48 → 79916318026 → https://t.me/btc_chinese → 加群成功
2022-06-01 03:12:57 → 6287775712315 → https://t.me/huichan_com_grp → 加群成功
2022-06-01 03:13:11 → 6285242442963 → https://t.me/tg_king80 → 加群成功
2022-06-01 03:13:20 → 60142963511 → https://t.me/KavaChinese → 加群成功
2022-06-01 03:13:27 → 60178838240 → https://t.me/shuju888666 → 加群成功
2022-06-01 03:13:35 → 639677121074 → https://t.me/zhenggui → 加群失败：You have joined too many channels/supergroups (caused by JoinChannelRequest)
2022-06-01 03:13:41 → 79916318026 → https://t.me/tg6198 → 加群成功
2022-06-01 03:13:49 → 601124042925 → https://t.me/chatssr → 加群成功
2022-06-01 03:13:59 → 6285242442969 → https://t.me/ziyuan2 → 加群成功
2022-06-01 03:14:07 → 79919431787 → https://t.me/cccccccxyyy → 加群失败：群组禁止访问
2022-06-01 03:14:13 → 917838380415 → https://t.me/google_win → 加群成功
2022-06-01 03:14:20 → 79917731981 → https://t.me/tg328 → 加群失败：群组禁止访问
2022-06-01 03:14:26 → 6285242442967 → https://t.me/lasihaima266 → 加群成功
2022-06-01 03:14:33 → 79917730705 → https://t.me/heyuedashen1 → 加群成功
2022-06-01 03:14:41 → 6287775712585 → https://t.me/monstainfinitechinese → 加群成功
2022-06-01 03:14:49 → 60178862101 → https://t.me/haojiyou → 加群成功
2022-06-01 03:15:00 → 919923144199 → https://t.me/btokcn_0016 → 加群成功
2022-06-01 03:15:07 → 918109281745 → https://t.me/YYL001 → 加群成功
2022-06-01 03:15:15 → 601112672414 → https://t.me/fhaak8 → 加群成功
2022-06-01 03:15:23 → 79917733563 → https://t.me/x00008 → 加群成功
2022-06-01 03:15:31 → 79528551283 → https://t.me/MDhuaren1 → 加群成功
2022-06-01 03:15:39 → 6285242443022 → https://t.me/shell66666 → 加群成功
2022-06-01 03:15:47 → 6287775712315 → https://t.me/seeyellow → 加群成功
2022-06-01 03:15:55 → 919901066213 → https://t.me/cambodiacn → 加群成功
2022-06-01 03:16:05 → 917061771362 → https://t.me/dayofdefeatcn → 加群成功
2022-06-01 03:16:14 → 919770816947 → https://t.me/pingan66chadang → 加群成功
2022-06-01 03:16:22 → 918509922477 → https://t.me/xmarspace → 加群成功
2022-06-01 03:16:31 → 79919429746 → https://t.me/guangdongyue → 加群成功
2022-06-01 03:16:38 → 918092132118 → https://t.me/fw866 → 加群成功
2022-06-01 03:16:47 → 6282144789066 → https://t.me/xuanchengolddriver → 加群成功
2022-06-01 03:16:54 → 6281218966272 → https://t.me/goutui1113 → 加群成功
2022-06-01 03:17:02 → 601124026034 → https://t.me/qwerdt1 → 加群成功
2022-06-01 03:17:11 → 79045541142 → https://t.me/tokaucn → 加群成功
2022-06-01 03:17:18 → 601112672704 → https://t.me/bkexchinese → 加群成功
2022-06-01 03:17:26 → 919722809996 → https://t.me/tiandeng88 → 加群成功
2022-06-01 03:17:34 → 62895324567242 → https://t.me/BAOAA → 加群成功
2022-06-01 03:17:49 → 79528551283 → https://t.me/BKEXChinese → 加群成功
2022-06-01 03:17:57 → 79917730705 → https://t.me/qxinw → 加群成功
2022-06-01 03:18:05 → 918109281745 → https://t.me/fw992 → 加群成功
2022-06-01 03:18:13 → 918509922477 → https://t.me/goutuiclub → 加群成功
2022-06-01 03:18:25 → 601124042925 → https://t.me/InWebDarkNET → 加群成功
2022-06-01 03:18:32 → 6285242442969 → https://t.me/tgyhzq → 加群成功
2022-06-01 03:18:40 → 601112672414 → https://t.me/chaguaner → 加群成功
2022-06-01 03:18:48 → 60178862101 → https://t.me/www589qkcom → 加群成功
2022-06-01 03:18:57 → 918092132118 → https://t.me/india_moneypay → 加群成功
2022-06-01 03:19:04 → 79919429746 → https://t.me/TGlianmeng002 → 加群成功
2022-06-01 03:19:13 → 79917733563 → https://t.me/BinancePoolChinese → 加群成功
2022-06-01 03:19:21 → 917838380415 → https://t.me/raicoincn → 加群成功
2022-06-01 03:19:28 → 62895324567242 → https://t.me/gif128 → 加群成功
2022-06-01 03:19:36 → 79919431787 → https://t.me/ca0505 → 加群成功
2022-06-01 03:19:45 → 79917731981 → https://t.me/appssweepstakes → 加群成功
2022-06-01 03:19:52 → 919901066213 → https://t.me/OKXGroup_CN → 加群成功
2022-06-01 03:20:00 → 6285242442967 → https://t.me/TG907 → 加群成功
2022-06-01 03:20:08 → 6282144789066 → https://t.me/pfwcn → 加群成功
2022-06-01 03:20:17 → 6287775712315 → https://t.me/gm0008 → 加群成功
2022-06-01 03:20:25 → 919770816947 → https://t.me/myfreevpn → 加群成功
2022-06-01 03:20:32 → 60178838240 → https://t.me/wy173 → 加群成功
2022-06-01 03:20:40 → 6281218966272 → https://t.me/ml520 → 加群成功
2022-06-01 03:20:48 → 60142963511 → https://t.me/qqlsj → 加群成功
2022-06-01 03:20:56 → 601112672704 → https://t.me/tg148 → 加群成功
2022-06-01 03:21:04 → 601124026034 → https://t.me/linkdyh → 加群成功
2022-06-01 03:21:12 → 79045541142 → https://t.me/fhlmteam → 加群成功
2022-06-01 03:21:20 → 6287775712585 → https://t.me/BinancePoolChinese → 加群成功
2022-06-01 03:21:28 → 79916318026 → https://t.me/tg006 → 加群成功
2022-06-01 03:21:36 → 919722809996 → https://t.me/hoogroupchinese → 加群成功
2022-06-01 03:21:45 → 917061771362 → https://t.me/ssunion → 加群成功
2022-06-01 03:21:53 → 919923144199 → https://t.me/yindutg → 加群成功
2022-06-01 03:22:01 → 639677121074 → https://t.me/DBhuaren1 → 加群失败：You have joined too many channels/supergroups (caused by JoinChannelRequest)
2022-06-01 03:22:07 → 6285242443022 → https://t.me/WKLhuaren → 加群成功
2022-06-01 03:22:15 → 6285242442963 → https://t.me/lendhub → 加群成功
2022-06-01 03:22:31 → 6287775712315 → https://t.me/bandwagonhostgroup → 加群成功
2022-06-01 03:22:38 → 919722809996 → https://t.me/dbjlq1 → 加群成功
2022-06-01 03:22:46 → 79919429746 → https://t.me/BikingChineseGroup → 加群成功
2022-06-01 03:22:54 → 917838380415 → https://t.me/meizi005 → 加群成功
2022-06-01 03:23:02 → 79916318026 → https://t.me/hi_Official_Chinese → 加群成功
2022-06-01 03:23:10 → 918092132118 → https://t.me/zzlsjbyq → 加群失败：群组禁止访问
2022-06-01 03:23:16 → 917061771362 → https://t.me/olddriversh → 加群成功
2022-06-01 03:23:24 → 60178838240 → https://t.me/yxbjx → 加群成功
2022-06-01 03:23:33 → 6285242443022 → https://t.me/juliang666 → 加群成功
2022-06-01 03:23:41 → 79917731981 → https://t.me/daishoujiaoyi → 加群成功
2022-06-01 03:23:48 → 79919431787 → https://t.me/allswapcn → 加群成功
2022-06-01 03:23:56 → 918509922477 → https://t.me/shuju666886 → 加群失败：No user has "shuju666886" as username
2022-06-01 03:24:02 → 601124042925 → https://t.me/olddriver_gd → 加群成功
2022-06-01 03:24:09 → 6281218966272 → https://t.me/dyjiaoliu → 加群成功
2022-06-01 03:24:18 → 919770816947 → https://t.me/fg528 → 加群成功
2022-06-01 03:24:25 → 6285242442969 → https://t.me/cdshouchang4 → 加群成功
2022-06-01 03:24:33 → 919923144199 → https://t.me/deep3695 → 加群成功
2022-06-01 03:24:41 → 639677121074 → https://t.me/yyl001 → 加群失败：You have joined too many channels/supergroups (caused by JoinChannelRequest)
2022-06-01 03:24:48 → 918109281745 → https://t.me/chlmzy → 加群成功
2022-06-01 03:24:56 → 6287775712585 → https://t.me/AlgorandFoundationCN → 加群成功
2022-06-01 03:25:04 → 79917733563 → https://t.me/zfb_qq → 加群成功
2022-06-01 03:25:11 → 62895324567242 → https://t.me/usdtm → 加群成功
2022-06-01 03:25:20 → 60178862101 → https://t.me/xianliao01 → 加群成功
2022-06-01 03:25:27 → 919901066213 → https://t.me/tg96110 → 加群成功
2022-06-01 03:25:36 → 79045541142 → https://t.me/b12306 → 加群成功
2022-06-01 03:25:44 → 601124026034 → https://t.me/paofen1688 → 加群成功
2022-06-01 03:25:52 → 6285242442963 → https://t.me/dbf6666 → 加群成功
2022-06-01 03:26:00 → 60142963511 → https://t.me/maticnetwork_china → 加群成功
2022-06-01 03:26:08 → 6282144789066 → https://t.me/FQ3P3 → 加群成功
2022-06-01 03:26:16 → 79917730705 → https://t.me/hwdbq → 加群成功
2022-06-01 03:26:25 → 6285242442967 → https://t.me/sanfang53 → 加群成功
2022-06-01 03:26:47 → 601112672414 → https://t.me/vfucloud → 加群成功
2022-06-01 03:26:55 → 79528551283 → https://t.me/tfwzclz → 加群成功
2022-06-01 03:27:04 → 601112672704 → https://t.me/kachahu → 加群成功
2022-06-01 03:27:18 → 918109281745 → https://t.me/bdzycom → 加群成功
2022-06-01 03:27:27 → 601112672414 → https://t.me/NodeGlobal → 加群成功
2022-06-01 03:27:34 → 919722809996 → https://t.me/ydsj1 → 加群成功
2022-06-01 03:27:42 → 6287775712315 → https://t.me/hi_Official_Chinese → 加群成功
2022-06-01 03:27:50 → 919770816947 → https://t.me/dibaicn → 加群成功
2022-06-01 03:27:58 → 639677121074 → https://t.me/polkadotzh → 加群失败：You have joined too many channels/supergroups (caused by JoinChannelRequest)
2022-06-01 03:28:03 → 6285242443022 → https://t.me/yugzf → 加群成功
2022-06-01 03:28:11 → 6285242442967 → https://t.me/programertalk → 加群成功
2022-06-01 03:28:20 → 79919431787 → https://t.me/duanxin2008 → 加群成功
2022-06-01 03:28:27 → 601112672704 → https://t.me/sunshineyyds → 加群成功
2022-06-01 03:28:36 → 601124042925 → https://t.me/jiu_777 → 加群成功
2022-06-01 03:28:44 → 79528551283 → https://t.me/zscd18 → 加群成功
2022-06-01 03:28:52 → 79919429746 → https://t.me/se_talk → 加群成功
2022-06-01 03:28:59 → 79917730705 → https://t.me/tgdl128 → 加群成功
2022-06-01 03:29:07 → 62895324567242 → https://t.me/zhifubaojiefeng → 加群成功
2022-06-01 03:29:15 → 918092132118 → https://t.me/Nst_WP → 加群成功
2022-06-01 03:29:24 → 6281218966272 → https://t.me/HuNanTG → 加群成功
2022-06-01 03:29:34 → 60178862101 → https://t.me/BinanceChinese → 加群成功
2022-06-01 03:29:43 → 918509922477 → https://t.me/TG006 → 加群成功
2022-06-01 03:29:52 → 60178838240 → https://t.me/dibaifa → 加群成功
2022-06-01 03:29:59 → 917061771362 → https://t.me/HLS0002 → 加群成功
2022-06-01 03:30:07 → 6285242442969 → https://t.me/xiaohao2018 → 加群成功
2022-06-01 03:30:15 → 919901066213 → https://t.me/tglianmeng002 → 加群成功
2022-06-01 03:30:23 → 917838380415 → https://t.me/frontend_talk → 加群成功
2022-06-01 03:30:34 → 6282144789066 → https://t.me/bohrwebc → 加群成功
2022-06-01 03:30:41 → 60142963511 → https://t.me/axujj → 加群成功
2022-06-01 03:30:49 → 79917731981 → https://t.me/pg528 → 加群成功
2022-06-01 03:30:58 → 79916318026 → https://t.me/homeassiant666 → 加群成功
2022-06-01 03:31:07 → 6285242442963 → https://t.me/olddriverhui → 加群成功
2022-06-01 03:31:15 → 919923144199 → https://t.me/daishou44 → 加群成功
2022-06-01 03:31:38 → 79917733563 → https://t.me/wuhpay → 加群成功
2022-06-01 03:31:46 → 6287775712585 → https://t.me/pshqo → 加群成功
2022-06-01 03:31:55 → 601124026034 → https://t.me/bacommu → 加群成功
2022-06-01 03:32:04 → 79045541142 → https://t.me/doge88 → 加群成功
2022-06-01 03:32:20 → 79917730705 → https://t.me/qqxgqq → 加群成功
2022-06-01 03:32:29 → 918109281745 → https://t.me/yidaoshou2 → 加群成功
2022-06-01 03:32:36 → 79917733563 → https://t.me/ftx_chinese_official → 加群成功
2022-06-01 03:32:44 → 79916318026 → https://t.me/xxg863 → 加群成功
2022-06-01 03:32:52 → 79045541142 → https://t.me/shore999888 → 加群失败：群组禁止访问
2022-06-01 03:32:57 → 6281218966272 → https://t.me/binzhouqun → 加群成功
2022-06-01 03:33:06 → 917061771362 → https://t.me/yuantoushuju4 → 加群成功
2022-06-01 03:33:14 → 919901066213 → https://t.me/huizhouqun → 加群成功
2022-06-01 03:33:22 → 6287775712315 → https://t.me/qht888 → 加群失败：Nobody is using this username, or the username is unacceptable. If the latter, it must match r"[a-zA-Z][\w\d]{3,30}[a-zA-Z\d]" (caused by ResolveUsernameRequest)
2022-06-01 03:33:28 → 79919429746 → https://t.me/TG110 → 加群成功
2022-06-01 03:33:36 → 6282144789066 → https://t.me/tongdao25 → 加群成功
2022-06-01 03:33:58 → 919923144199 → https://t.me/yangjiangchannel → 加群成功
2022-06-01 03:34:06 → 6285242442967 → https://t.me/a1313652 → 加群成功
2022-06-01 03:34:15 → 60178838240 → https://t.me/light_up_comm → 加群成功
2022-06-01 03:34:25 → 79528551283 → https://t.me/botong002 → 加群成功
2022-06-01 03:34:33 → 60142963511 → https://t.me/akkcloud → 加群成功
2022-06-01 03:34:43 → 601112672414 → https://t.me/iClubHouse → 加群成功
2022-06-01 03:34:55 → 79917731981 → https://t.me/USTCtg → 加群成功
2022-06-01 03:35:03 → 639677121074 → https://t.me/tg108 → 加群失败：You have joined too many channels/supergroups (caused by JoinChannelRequest)
2022-06-01 03:35:09 → 601112672704 → https://t.me/dfsdaeaw → 加群失败：Nobody is using this username, or the username is unacceptable. If the latter, it must match r"[a-zA-Z][\w\d]{3,30}[a-zA-Z\d]" (caused by ResolveUsernameRequest)
2022-06-01 03:35:14 → 62895324567242 → https://t.me/ak11828 → 加群成功
2022-06-01 03:35:23 → 917838380415 → https://t.me/tianziusdt → 加群成功
2022-06-01 03:35:30 → 6287775712585 → https://t.me/paofenht → 加群成功
2022-06-01 03:35:38 → 919770816947 → https://t.me/daishuvpn → 加群成功
2022-06-01 03:35:46 → 60178862101 → https://t.me/liang1112233 → 加群成功
2022-06-01 03:35:54 → 6285242442963 → https://t.me/haojing168 → 加群成功
2022-06-01 03:36:02 → 6285242442969 → https://t.me/ritalin51 → 加群失败：Nobody is using this username, or the username is unacceptable. If the latter, it must match r"[a-zA-Z][\w\d]{3,30}[a-zA-Z\d]" (caused by ResolveUsernameRequest)
2022-06-01 03:36:07 → 6285242443022 → https://t.me/tg8848community → 加群成功
2022-06-01 03:36:16 → 918092132118 → https://t.me/loufenha → 加群成功
2022-06-01 03:36:23 → 918509922477 → https://t.me/mingmen520 → 加群成功
2022-06-01 03:36:32 → 601124026034 → https://t.me/caoji565 → 加群成功
2022-06-01 03:36:40 → 79919431787 → https://t.me/quanqiushouhuo → 加群成功
2022-06-01 03:36:47 → 919722809996 → https://t.me/mihuzahuopu → 加群成功
2022-06-01 03:36:55 → 601124042925 → https://t.me/tg166 → 加群成功
2022-06-01 03:37:10 → 918109281745 → https://t.me/ccv348 → 加群成功
2022-06-01 03:37:19 → 79917731981 → https://t.me/jfoisjfiodvfd → 加群成功
2022-06-01 03:37:27 → 62895324567242 → https://t.me/pionexcn → 加群成功
2022-06-01 03:37:36 → 79528551283 → https://t.me/iampua → 加群成功
2022-06-01 03:37:44 → 60142963511 → https://t.me/yuehui8 → 加群成功
2022-06-01 03:37:52 → 601124042925 → https://t.me/tz636 → 加群成功
2022-06-01 03:38:00 → 6285242442963 → https://t.me/humanresource63 → 加群成功
2022-06-01 03:38:09 → 639677121074 → https://t.me/expressnode → 加群失败：You have joined too many channels/supergroups (caused by JoinChannelRequest)
2022-06-01 03:38:14 → 918092132118 → https://t.me/xianliao01 → 加群成功
2022-06-01 03:38:23 → 601112672414 → https://t.me/sakura_cloud → 加群成功
2022-06-01 03:38:30 → 601124026034 → https://t.me/trj_shore001 → 加群成功
2022-06-01 03:38:38 → 6287775712315 → https://t.me/kmfw56789 → 加群成功
2022-06-01 03:38:46 → 919722809996 → https://t.me/shcpco → 加群成功
2022-06-01 03:38:54 → 6282144789066 → https://t.me/usdtdfds → 加群成功
2022-06-01 03:39:17 → 79916318026 → https://t.me/nanjing025 → 加群失败：No user has "nanjing025" as username
2022-06-01 03:39:23 → 6281218966272 → https://t.me/P541888888 → 加群成功
2022-06-01 03:39:30 → 601112672704 → https://t.me/kx360 → 加群成功
2022-06-01 03:39:38 → 917838380415 → https://t.me/botong002 → 加群成功
2022-06-01 03:39:46 → 6287775712585 → https://t.me/qipaipan54 → 加群成功
2022-06-01 03:39:54 → 918509922477 → https://t.me/usdtbmw → 加群成功
2022-06-01 03:40:02 → 79917730705 → https://t.me/dibaihrg009 → 加群成功
2022-06-01 03:40:11 → 6285242442969 → https://t.me/usdthuzhu3 → 加群成功
2022-06-01 03:40:18 → 6285242443022 → https://t.me/chaxun2020 → 加群成功
2022-06-01 03:40:27 → 60178862101 → https://t.me/dijia02 → 加群成功
2022-06-01 03:40:34 → 79919431787 → https://t.me/kedoucloud → 加群成功
2022-06-01 03:40:41 → 917061771362 → https://t.me/zscd1 → 加群成功
2022-06-01 03:40:50 → 60178838240 → https://t.me/btokofficial_03 → 加群成功
2022-06-01 03:40:57 → 6285242442967 → https://t.me/db_lm → 加群成功
2022-06-01 03:41:05 → 919901066213 → https://t.me/xbzijian → 加群成功
2022-06-01 03:41:13 → 919770816947 → https://t.me/wwxcxinting → 加群成功
2022-06-01 03:41:22 → 79045541142 → https://t.me/Socks55555 → 加群成功
2022-06-01 03:41:30 → 79919429746 → https://t.me/balance863 → 加群成功
2022-06-01 03:41:38 → 79917733563 → https://t.me/lbank_cn → 加群成功
2022-06-01 03:41:47 → 919923144199 → https://t.me/ltq33 → 加群失败：群组禁止访问
2022-06-01 03:41:59 → 6282144789066 → https://t.me/BIYONGOfficial0015 → 加群成功
2022-06-01 03:42:08 → 917061771362 → https://t.me/Fkzy_Group → 加群成功
2022-06-01 03:42:15 → 60142963511 → https://t.me/si1688 → 加群成功
2022-06-01 03:42:23 → 919901066213 → https://t.me/huihui220 → 加群成功
2022-06-01 03:42:31 → 79917730705 → https://t.me/zn88666 → 加群成功
2022-06-01 03:42:39 → 919722809996 → https://t.me/ColaChina → 加群失败：群组禁止访问
2022-06-01 03:42:45 → 917838380415 → https://t.me/aomenliuhe88 → 加群成功
2022-06-01 03:42:54 → 918092132118 → https://t.me/chaoxi → 加群成功
2022-06-01 03:43:02 → 6285242442963 → https://t.me/ys52111 → 加群成功
2022-06-01 03:43:11 → 79916318026 → https://t.me/esmascript6 → 加群成功
2022-06-01 03:43:19 → 919770816947 → https://t.me/lhc168 → 加群成功
2022-06-01 03:43:27 → 79919431787 → https://t.me/ytzx2 → 加群成功
2022-06-01 03:43:35 → 6287775712585 → https://t.me/ysshuju1 → 加群成功
2022-06-01 03:43:43 → 62895324567242 → https://t.me/Sz1888 → 加群成功
2022-06-01 03:43:51 → 6287775712315 → https://t.me/beiluochat → 加群成功
2022-06-01 03:44:01 → 6285242442969 → https://t.me/weikang2020 → 加群成功
2022-06-01 03:44:09 → 79917731981 → https://t.me/three001 → 加群成功
2022-06-01 03:44:17 → 918109281745 → https://t.me/zhongwen6 → 加群成功
2022-06-01 03:44:25 → 601124042925 → https://t.me/tg1949521 → 加群成功
2022-06-01 03:44:33 → 60178862101 → https://t.me/qianmin → 加群成功
2022-06-01 03:44:42 → 79917733563 → https://t.me/im0471 → 加群成功
2022-06-01 03:44:49 → 601124026034 → https://t.me/huanxiangyouxi → 加群成功
2022-06-01 03:44:57 → 918509922477 → https://t.me/paofen55 → 加群失败：No user has "paofen55" as username
2022-06-01 03:45:03 → 79528551283 → https://t.me/danbao96 → 加群成功
2022-06-01 03:45:25 → 6285242443022 → https://t.me/TG188188 → 加群成功
2022-06-01 03:45:49 → 79045541142 → https://t.me/xbdb01 → 加群成功
2022-06-01 03:45:57 → 6285242442967 → https://t.me/laoyingchuhai8 → 加群成功
2022-06-01 03:46:04 → 60178838240 → https://t.me/hi_official_chinese → 加群成功
2022-06-01 03:46:13 → 6281218966272 → https://t.me/avnrichchinese_chat → 加群成功
2022-06-01 03:46:20 → 639677121074 → https://t.me/dibai8880 → 加群失败：You have joined too many channels/supergroups (caused by JoinChannelRequest)
2022-06-01 03:46:27 → 919923144199 → https://t.me/zhongshandidi → 加群成功
2022-06-01 03:46:35 → 601112672704 → https://t.me/CKidc666 → 加群成功
2022-06-01 03:46:43 → 79919429746 → https://t.me/galaxyheroescn → 加群成功
2022-06-01 03:46:52 → 601112672414 → https://t.me/dibai918 → 加群成功
2022-06-01 03:47:06 → 6285242442967 → https://t.me/az123818 → 加群成功
2022-06-01 03:47:15 → 60178838240 → https://t.me/socks55555 → 加群成功
2022-06-01 03:47:22 → 917061771362 → https://t.me/tgdl128 → 加群成功
2022-06-01 03:47:30 → 919923144199 → https://t.me/Shore999888 → 加群成功
2022-06-01 03:47:38 → 6285242442969 → https://t.me/tgdibai168 → 加群成功
2022-06-01 03:47:46 → 918092132118 → https://t.me/bitcoin_cn → 加群成功
2022-06-01 03:47:55 → 60142963511 → https://t.me/wubuxianjingziyuan → 加群成功
2022-06-01 03:48:02 → 601124042925 → https://t.me/crxs778 → 加群成功
2022-06-01 03:48:11 → 6281218966272 → https://t.me/huaxingyl8 → 加群成功
2022-06-01 03:48:18 → 601112672414 → https://t.me/huobiglobal_zw → 加群成功
2022-06-01 03:48:27 → 601124026034 → https://t.me/feihuaph → 加群成功
2022-06-01 03:48:35 → 6285242443022 → https://t.me/dibai778899 → 加群成功
2022-06-01 03:48:42 → 79528551283 → https://t.me/wybf168168 → 加群成功
2022-06-01 03:48:50 → 6287775712585 → https://t.me/olddriver_cdu → 加群成功
2022-06-01 03:48:58 → 6287775712315 → https://t.me/baoaa → 加群成功
2022-06-01 03:49:06 → 79916318026 → https://t.me/FHLMTEAM → 加群成功
2022-06-01 03:49:14 → 6285242442963 → https://t.me/daishou15 → 加群成功
2022-06-01 03:49:38 → 79919429746 → https://t.me/huanqian35 → 加群成功
2022-06-01 03:50:00 → 918109281745 → https://t.me/ColaChina → 加群失败：群组禁止访问
2022-06-01 03:50:06 → 917838380415 → https://t.me/Dingshia → 加群成功
2022-06-01 03:50:13 → 919722809996 → https://t.me/saltyleo_blog → 加群失败：群组禁止访问
2022-06-01 03:50:19 → 918509922477 → https://t.me/zhifu7788 → 加群成功
2022-06-01 03:50:28 → 60178862101 → https://t.me/discussimmigration → 加群成功
2022-06-01 03:50:36 → 79917730705 → https://t.me/kavachinese → 加群成功
2022-06-01 03:50:43 → 79917731981 → https://t.me/v2rayn → 加群成功
2022-06-01 03:50:52 → 62895324567242 → https://t.me/ussyu → 加群成功
2022-06-01 03:51:00 → 79917733563 → https://t.me/szhkfun → 加群失败：群组禁止访问
2022-06-01 03:51:05 → 639677121074 → https://t.me/pcptm → 加群失败：You have joined too many channels/supergroups (caused by JoinChannelRequest)
2022-06-01 03:51:11 → 79045541142 → https://t.me/xinbi_088 → 加群成功
2022-06-01 03:51:19 → 919901066213 → https://t.me/a_k_3a → 加群失败：群组禁止访问
2022-06-01 03:51:26 → 919770816947 → https://t.me/gdsjq → 加群成功
2022-06-01 03:51:33 → 601112672704 → https://t.me/hi628 → 加群成功
2022-06-01 03:51:43 → 6282144789066 → https://t.me/australiasydneychat → 加群成功
2022-06-01 03:51:52 → 79919431787 → https://t.me/tuishouLL01 → 加群成功
2022-06-01 03:52:07 → 919901066213 → https://t.me/bestvcommunity → 加群成功
2022-06-01 03:52:15 → 60178838240 → https://t.me/sichouzhilu0 → 加群成功
2022-06-01 03:52:23 → 918092132118 → https://t.me/myanmarcn → 加群成功
2022-06-01 03:52:33 → 6285242442963 → https://t.me/xjltq → 加群成功
2022-06-01 03:52:42 → 601112672414 → https://t.me/tsdb01 → 加群成功
2022-06-01 03:52:50 → 79917731981 → https://t.me/usdt43 → 加群成功
2022-06-01 03:52:59 → 60178862101 → https://t.me/bz8822 → 加群成功
2022-06-01 03:53:09 → 918509922477 → https://t.me/yizhifu678 → 加群成功
2022-06-01 03:53:18 → 79917733563 → https://t.me/bclm1 → 加群成功
2022-06-01 03:53:25 → 6287775712585 → https://t.me/TG_King90 → 加群成功
2022-06-01 03:53:34 → 60142963511 → https://t.me/TG0188 → 加群成功
2022-06-01 03:53:41 → 919923144199 → https://t.me/bitcoindfds → 加群成功
2022-06-01 03:53:50 → 6281218966272 → https://t.me/ibox_official → 加群成功
2022-06-01 03:53:57 → 6282144789066 → https://t.me/gdr666 → 加群失败：群组禁止访问
2022-06-01 03:54:02 → 918109281745 → https://t.me/btokcn_0014 → 加群失败：群组禁止访问
2022-06-01 03:54:07 → 639677121074 → https://t.me/coinbetter_cn → 加群失败：No user has "coinbetter_cn" as username
2022-06-01 03:54:13 → 919722809996 → https://t.me/AlipayJiFu → 加群成功
2022-06-01 03:54:20 → 6285242442967 → https://t.me/aofexcn → 加群成功
2022-06-01 03:54:28 → 79919431787 → https://t.me/fbwsline2021 → 加群成功
2022-06-01 03:54:36 → 917061771362 → https://t.me/mikebill888 → 加群失败：群组禁止访问
2022-06-01 03:54:42 → 62895324567242 → https://t.me/diyidaifu → 加群成功
2022-06-01 03:55:06 → 601112672704 → https://t.me/blsq55 → 加群成功
2022-06-01 03:55:13 → 919770816947 → https://t.me/GouTuiClub → 加群成功
2022-06-01 03:55:23 → 6285242442969 → https://t.me/tg12389 → 加群成功
2022-06-01 03:55:33 → 79528551283 → https://t.me/liuxingsq → 加群成功
2022-06-01 03:55:41 → 917838380415 → https://t.me/DBhuaren1 → 加群成功
2022-06-01 03:55:49 → 79045541142 → https://t.me/guiyangpapa → 加群成功
2022-06-01 03:55:57 → 601124026034 → https://t.me/bozaiweb → 加群成功
2022-06-01 03:56:06 → 79919429746 → https://t.me/kkkttt369 → 加群成功
2022-06-01 03:56:13 → 6287775712315 → https://t.me/tghc1 → 加群成功
2022-06-01 03:56:21 → 6285242443022 → https://t.me/dhjlq → 加群成功
2022-06-01 03:56:30 → 601124042925 → https://t.me/HTCOLV → 加群成功
2022-06-01 03:56:37 → 79916318026 → https://t.me/binancechinese → 加群成功
2022-06-01 03:56:45 → 79917730705 → https://t.me/dockertutorial → 加群失败：群组禁止访问
2022-06-01 03:56:58 → 6285242443022 → https://t.me/ckidc666 → 加群成功
2022-06-01 03:57:07 → 6287775712585 → https://t.me/paofen33 → 加群成功
2022-06-01 03:57:15 → 60178838240 → https://t.me/binance_api_chinese → 加群成功
2022-06-01 03:57:23 → 6285242442963 → https://t.me/A_K_3A → 加群成功
2022-06-01 03:57:31 → 6287775712315 → https://t.me/otcfl → 加群成功
2022-06-01 03:57:39 → 6281218966272 → https://t.me/wz513064 → 加群成功
2022-06-01 03:57:47 → 918092132118 → https://t.me/zhuhai9 → 加群成功
2022-06-01 03:57:56 → 79917733563 → https://t.me/Gm0008 → 加群成功
2022-06-01 03:58:04 → 60142963511 → https://t.me/ak99yunmlsxfgds → 加群成功
2022-06-01 03:58:11 → 6282144789066 → https://t.me/jiamidi → 加群成功
2022-06-01 03:58:21 → 639677121074 → https://t.me/cndumpschat → 加群失败：Nobody is using this username, or the username is unacceptable. If the latter, it must match r"[a-zA-Z][\w\d]{3,30}[a-zA-Z\d]" (caused by ResolveUsernameRequest)
2022-06-01 03:58:26 → 918109281745 → https://t.me/yueaijilu → 加群成功
2022-06-01 03:58:35 → 79916318026 → https://t.me/usdthuihuan → 加群成功
2022-06-01 03:58:59 → 601112672414 → https://t.me/TG6766 → 加群成功
2022-06-01 03:59:06 → 60178862101 → https://t.me/shenma001 → 加群成功
2022-06-01 03:59:14 → 601124026034 → https://t.me/fluxdefi → 加群成功
2022-06-01 03:59:22 → 6285242442967 → https://t.me/bzzone → 加群成功
2022-06-01 03:59:30 → 62895324567242 → https://t.me/tg088 → 加群成功
2022-06-01 03:59:39 → 79917731981 → https://t.me/network50_chat → 加群成功
2022-06-01 03:59:49 → 79919431787 → https://t.me/huaao1 → 加群成功
2022-06-01 03:59:57 → 79528551283 → https://t.me/liaobshe → 加群成功
2022-06-01 04:00:06 → 917838380415 → https://t.me/olddriver_fs → 加群成功
2022-06-01 04:00:15 → 919923144199 → https://t.me/BKEXChinese → 加群成功
2022-06-01 04:00:22 → 919770816947 → https://t.me/radiocacaasian → 加群成功
2022-06-01 04:00:30 → 79917730705 → https://t.me/liuhedadui → 加群成功
2022-06-01 04:00:38 → 79919429746 → https://t.me/hzaxx → 加群成功
2022-06-01 04:00:47 → 917061771362 → https://t.me/xjltq → 加群成功
2022-06-01 04:00:56 → 601124042925 → https://t.me/mla9999 → 加群成功
2022-06-01 04:01:03 → 919901066213 → https://t.me/xvswens → 加群成功
2022-06-01 04:01:11 → 601112672704 → https://t.me/TG006 → 加群成功