
2022-06-04 09:40:09 → 917838380415 → https://t.me/+xn2eYKH-rlI5N2E5 → 加群成功
2022-06-04 09:40:17 → 79528551283 → https://t.me/+t8N8djvNpMozYTUx → 加群失败：The authenticated user is already a participant of the chat (caused by ImportChatInviteRequest)
2022-06-04 09:40:24 → 601124042925 → https://t.me/+K5t6qDH-guk2ZmNl → 加群成功
2022-06-04 09:40:35 → 919923144199 → https://t.me/+tVzy-HX20kJiYWY1 → 加群成功
2022-06-04 09:40:43 → 917061771362 → https://t.me/+O75V72V3_f9mZDk1 → 加群失败：The authenticated user is already a participant of the chat (caused by ImportChatInviteRequest)
2022-06-04 09:40:51 → 6281283602716 → https://t.me/+XMeaKsmC7JU4NzA1 → 加群成功
2022-06-04 09:40:59 → 79919431787 → https://t.me/+PnwvxbcwQXVjYzE1 → 加群成功
2022-06-04 09:41:11 → 6289635971327 → https://t.me/+IK9rvcCFpyA3YzI9 → 加群成功
2022-06-04 09:41:19 → 79045541142 → https://t.me/+xWeQtRBfjOFkNTA1 → 加群成功
2022-06-04 09:41:29 → 918109281745 → https://t.me/+pImQqG6kee4wZDYx → 加群成功
2022-06-04 09:41:40 → 6282133204171 → https://t.me/+2UbXwZlSXqxiMGIx → 加群失败：The authenticated user is already a participant of the chat (caused by ImportChatInviteRequest)
2022-06-04 09:41:49 → 79916318026 → https://t.me/+5gVajc77kDQ0NzI5 → 加群成功
2022-06-04 09:41:59 → 62895324567778 → https://t.me/+_r_1ooupBRoxZTcx → 加群失败：The authenticated user is already a participant of the chat (caused by ImportChatInviteRequest)
2022-06-04 09:42:13 → 918092132118 → https://t.me/+KqByXUbZl6wxM2Nh → 加群失败：The authenticated user is already a participant of the chat (caused by ImportChatInviteRequest)
2022-06-04 09:42:23 → 6281283070774 → https://t.me/+H9LG2jzQBeA4NjMx → 加群成功
2022-06-04 09:42:35 → 601112672414 → https://t.me/+jIlT6iUJfKBkMzBh → 加群成功
2022-06-04 09:42:46 → 601124026034 → https://t.me/+l_b3i7oqjn0zMWE1 → 加群成功
2022-06-04 09:42:56 → 639677121074 → https://t.me/+X_itTArL40g1ZWI5 → 加群失败：You have joined too many channels/supergroups (caused by ImportChatInviteRequest)
2022-06-04 09:43:03 → 79917733563 → https://t.me/+4iQgzALLkPowZGFl → 加群成功
2022-06-04 09:43:11 → 6281283602694 → https://t.me/+aMl_xPUzLu80OGMx → 加群成功
2022-06-04 09:43:29 → 62895324567778 → https://t.me/+ftCy3AbJQ2FkZTdh → 加群成功
2022-06-04 09:43:40 → 6281283602694 → https://t.me/+Iu_rhvEZnCVjMmNl → 加群成功
2022-06-04 09:43:49 → 919923144199 → https://t.me/+Zp-g0nkCPK9lMzE1 → 加群成功
2022-06-04 09:43:59 → 6289635971327 → https://t.me/+VZOVUsJ_CrRiNjI5 → 加群成功
2022-06-04 09:44:07 → 79919431787 → https://t.me/+5WmtAnMeZpIyMDhh → 加群成功
2022-06-04 09:44:15 → 601124042925 → https://t.me/+SIfSmDbixudkMzc1 → 加群成功
2022-06-04 09:44:25 → 639677121074 → https://t.me/+d704xN5CSodkN2Vh → 加群失败：You have joined too many channels/supergroups (caused by ImportChatInviteRequest)
2022-06-04 09:44:35 → 79528551283 → https://t.me/+mHS4ouK1WS81ODdl → 加群成功
2022-06-04 09:44:44 → 6282133204171 → https://t.me/+YI3Dtp8InIthMmU5 → 加群成功
2022-06-04 09:44:55 → 601124026034 → https://t.me/+SU2RmtTlLms1YWRl → 加群成功
2022-06-04 09:45:07 → 917838380415 → https://t.me/+Vr3PW_vRaiY3YjFh → 加群失败：The authenticated user is already a participant of the chat (caused by ImportChatInviteRequest)
2022-06-04 09:45:16 → 601112672414 → https://t.me/+GG2gvlA8M2s5Mjgx → 加群失败：The authenticated user is already a participant of the chat (caused by ImportChatInviteRequest)
2022-06-04 09:45:28 → 918109281745 → https://t.me/+jxfLkeV_sRZlZjIx → 加群成功
2022-06-04 09:52:36 → 79917733563 → https://t.me/+DM9DYATWVQA2MTlh → 加群失败：The authenticated user is already a participant of the chat (caused by ImportChatInviteRequest)
2022-06-04 09:52:44 → 919923144199 → https://t.me/+MVMDI7oWzDczNmI1 → 加群失败：The authenticated user is already a participant of the chat (caused by ImportChatInviteRequest)
2022-06-04 09:52:54 → 62895324567778 → https://t.me/+HBDkiYv3Y9c2ODM1 → 加群失败：The authenticated user is already a participant of the chat (caused by ImportChatInviteRequest)
2022-06-04 09:53:03 → 6281283602694 → https://t.me/+KV5UJvJFZadmZjVl → 加群成功
2022-06-04 09:53:06 → 6281283070774 → https://t.me/+JMW3N_5fjeM5ODk1 → 加群成功
2022-06-04 09:53:34 → 79919431787 → https://t.me/+O75V72V3_f9mZDk1 → 加群失败：The authenticated user is already a participant of the chat (caused by ImportChatInviteRequest)
2022-06-04 09:54:10 → 601124042925 → https://t.me/+UDrX76uyYy82OWEx → 加群成功
2022-06-04 09:54:38 → 79528551283 → https://t.me/+3gLBjcldb5E1NWY9 → 加群成功
2022-06-04 09:55:10 → 79917733563 → https://t.me/+Rn0gXKwDBdZiMzhl → 加群失败：The authenticated user is already a participant of the chat (caused by ImportChatInviteRequest)
2022-06-04 09:55:38 → 6289635971327 → https://t.me/+IK9rvcCFpyA3YzI9 → 加群失败：The authenticated user is already a participant of the chat (caused by ImportChatInviteRequest)
2022-06-04 09:55:45 → 6282133204171 → https://t.me/+xWeQtRBfjOFkNTA1 → 加群失败：The authenticated user is already a participant of the chat (caused by ImportChatInviteRequest)
2022-06-04 09:56:16 → 917061771362 → https://t.me/+ULgadWScDkswN2Q1 → 加群成功
2022-06-04 09:56:50 → 919923144199 → https://t.me/+l7jVRdfrEh8wNWZh → 加群成功
2022-06-04 09:57:14 → 917838380415 → https://t.me/+dYHMcVJpbBwzMGQ1 → 加群成功
2022-06-04 09:57:30 → 62895324567778 → https://t.me/+xoa71RA8zRlkZWE1 → 加群成功
2022-06-04 09:58:04 → 79916318026 → https://t.me/+mXolrdPE2mxhNTdl → 加群成功
2022-06-04 09:58:35 → 918109281745 → https://t.me/+VwDoIE1fU34wNDRl → 加群成功
2022-06-04 09:59:11 → 79045541142 → https://t.me/+1s6PDJfhJ_45N2Mx → 加群成功
2022-06-04 09:59:23 → 601112672414 → https://t.me/+rxfOqtxvW-4wNWVl → 加群成功
2022-06-04 09:59:37 → 6281283602694 → https://t.me/+AeKQBS5VnYFhZjdh → 加群失败：The authenticated user is already a participant of the chat (caused by ImportChatInviteRequest)
2022-06-04 10:00:11 → 6281283602716 → https://t.me/+_sSpDH9vnQMwNjc9 → 加群成功
2022-06-04 10:00:34 → 639677121074 → https://t.me/+bOgiT1uFp88xNmQ1 → 加群失败：You have joined too many channels/supergroups (caused by ImportChatInviteRequest)
2022-06-04 10:01:10 → 601124026034 → https://t.me/joinchat/HHeAr1ELdNEOXqw3U8Ts0w → 加群失败：The authenticated user is already a participant of the chat (caused by ImportChatInviteRequest)
2022-06-04 10:01:32 → 918092132118 → https://t.me/+xBZVwA_bkEY2N2Jl → 加群成功
2022-06-04 10:02:02 → 601112672414 → https://t.me/+2jZp8I80mEIyOGY1 → 加群成功
2022-06-04 10:02:33 → 6281283070774 → https://t.me/+boGmQAE3JrBjNTNl → 加群成功
2022-06-04 10:02:53 → 6289635971327 → https://t.me/+G4deUBiLF0g3N2Ux → 加群成功
2022-06-04 10:03:25 → 917061771362 → https://t.me/+IMTe1XL2eRhmZTQ1 → 加群成功
2022-06-04 10:03:54 → 6281283602716 → https://t.me/+ZalvZqpTKQY5ZmVh → 加群成功
2022-06-04 10:04:04 → 79917733563 → https://t.me/+StNEwMqEaUE2NmFl → 加群失败：The authenticated user is already a participant of the chat (caused by ImportChatInviteRequest)
2022-06-04 10:04:32 → 919923144199 → https://t.me/+So8ftQcz7V8xMTI5 → 加群成功
2022-06-04 10:05:09 → 79045541142 → https://t.me/+Lh7Vg3j2HBA2ZWRl → 加群失败：The authenticated user is already a participant of the chat (caused by ImportChatInviteRequest)
2022-06-04 10:05:43 → 918109281745 → https://t.me/+jIlT6iUJfKBkMzBh → 加群失败：The authenticated user is already a participant of the chat (caused by ImportChatInviteRequest)
2022-06-04 10:06:12 → 639677121074 → https://t.me/+X98YxeYTiqcxYzA9 → 加群失败：You have joined too many channels/supergroups (caused by ImportChatInviteRequest)
2022-06-04 10:06:23 → 6281283602694 → https://t.me/+Z11hDKptzFdjZDZh → 加群成功
2022-06-04 10:06:46 → 62895324567778 → https://t.me/+n9nQhpEXAC0yNGU9 → 加群成功
2022-06-04 10:07:15 → 6282133204171 → https://t.me/+SIfSmDbixudkMzc1 → 加群失败：The authenticated user is already a participant of the chat (caused by ImportChatInviteRequest)
2022-06-04 10:07:35 → 79916318026 → https://t.me/+yB1tBXdqMKFkMGFl → 加群成功
2022-06-04 10:08:03 → 601124026034 → https://t.me/+AGovixe_eoE4NDNh → 加群失败：The authenticated user is already a participant of the chat (caused by ImportChatInviteRequest)
2022-06-04 10:08:14 → 918092132118 → https://t.me/+XAPOpgfM36YxYTk1 → 加群成功
2022-06-04 10:08:35 → 917838380415 → https://t.me/+jxfLkeV_sRZlZjIx → 加群成功
2022-06-04 10:08:53 → 79919431787 → https://t.me/+3YZdmBbfzH85MDll → 加群失败：The authenticated user is already a participant of the chat (caused by ImportChatInviteRequest)
2022-06-04 10:09:09 → 79528551283 → https://t.me/+_cUk83u2c1JjNzY1 → 加群失败：The authenticated user is already a participant of the chat (caused by ImportChatInviteRequest)
2022-06-04 10:09:41 → 601124042925 → https://t.me/+5gVajc77kDQ0NzI5 → 加群失败：The authenticated user is already a participant of the chat (caused by ImportChatInviteRequest)
2022-06-04 10:10:04 → 79528551283 → https://t.me/+H9LG2jzQBeA4NjMx → 加群成功
2022-06-04 10:10:40 → 6281283602694 → https://t.me/+qmuwWWOvrME0ODkx → 加群成功
2022-06-04 10:10:50 → 601124042925 → https://t.me/+KV5UJvJFZadmZjVl → 加群成功
2022-06-04 10:11:08 → 6289635971327 → https://t.me/+hG4evzI6ZJ84MTA5 → 加群成功
2022-06-04 10:11:39 → 62895324567778 → https://t.me/+qG8NTgtN0akxM2Ex → 加群成功
2022-06-04 10:12:00 → 917838380415 → https://t.me/+rgxcUm5Dp35mYWI1 → 加群失败：The authenticated user is already a participant of the chat (caused by ImportChatInviteRequest)
2022-06-04 10:12:26 → 601112672414 → https://t.me/+r4fE7rGC-tU3YWE1 → 加群成功
2022-06-04 10:12:41 → 79045541142 → https://t.me/+LO5hAmiN4McyODU1 → 加群成功
2022-06-04 10:13:05 → 79917733563 → https://t.me/+iBdNpf3vLzBkOTFl → 加群失败：The authenticated user is already a participant of the chat (caused by ImportChatInviteRequest)
2022-06-04 10:13:40 → 918109281745 → https://t.me/+A1-zdEEfAu03ZTFl → 加群成功
2022-06-04 10:14:08 → 919923144199 → https://t.me/+calyHe56Wm82OTg1 → 加群成功
2022-06-04 10:14:19 → 6281283602716 → https://t.me/+Iu_rhvEZnCVjMmNl → 加群成功
2022-06-04 10:14:53 → 79916318026 → https://t.me/+YI3Dtp8InIthMmU5 → 加群成功
2022-06-04 10:15:19 → 639677121074 → https://t.me/+K5t6qDH-guk2ZmNl → 加群失败：You have joined too many channels/supergroups (caused by ImportChatInviteRequest)
2022-06-04 10:15:35 → 6281283070774 → https://t.me/+SEjcrJU4JuIyNzA1 → 加群成功
2022-06-04 10:15:57 → 6282133204171 → https://t.me/+j8GV22yY5x5lM2Jh → 加群成功
2022-06-04 10:16:26 → 918092132118 → https://t.me/+fAdS-xoI0zJiZTdh → 加群成功
2022-06-04 10:16:49 → 917061771362 → https://t.me/+l1slk5dV5jE3ZjNl → 加群失败：https://t.me/+l1slk5dV5jE3ZjNl 用户尝试加入的聊天已过期且不再有效（由 ImportChatInviteRequest 引起）
2022-06-04 10:17:25 → 79919431787 → https://t.me/+REYpWO1e16djZDUx → 加群成功
2022-06-04 10:17:55 → 601124026034 → https://t.me/+zp8hQFMQsnIyYTdl → 加群成功
2022-06-04 10:18:13 → 6282133204171 → https://t.me/+QmtEDlDoYLlkMGVl → 加群成功
2022-06-04 10:18:41 → 79528551283 → https://t.me/+n18k2BFJNDsxY2Fl → 加群失败：The authenticated user is already a participant of the chat (caused by ImportChatInviteRequest)
2022-06-04 10:18:56 → 6281283070774 → https://t.me/+pbakZSSRFjRhNGU1 → 加群成功
2022-06-04 10:19:14 → 79045541142 → https://t.me/+iTHcPS00SzdhMTBh → 加群成功
2022-06-04 10:19:44 → 601112672414 → https://t.me/+0ooyBXIvunM2ODAx → 加群成功
2022-06-04 10:19:53 → 62895324567778 → https://t.me/+j41eJz9SWtE2YjUx → 加群成功
2022-06-04 10:20:09 → 918092132118 → https://t.me/+dIyaD5HpDJY3Zjk9 → 加群成功
2022-06-04 10:20:16 → 6289635971327 → https://t.me/+iByuoW9T4aMzODVl → 加群失败：The authenticated user is already a participant of the chat (caused by ImportChatInviteRequest)
2022-06-04 10:20:51 → 919923144199 → https://t.me/+0VaQ-3CUGpBmZjQ1 → 加群失败：The authenticated user is already a participant of the chat (caused by ImportChatInviteRequest)
2022-06-04 10:21:20 → 79919431787 → https://t.me/+40-bqGDev2g3NGZl → 加群成功
2022-06-04 10:21:32 → 639677121074 → https://t.me/+d704xN5CSodkN2Vh → 加群失败：You have joined too many channels/supergroups (caused by ImportChatInviteRequest)
2022-06-04 10:21:58 → 917061771362 → https://t.me/+YhkvVBH2sLNiMmJh → 加群成功
2022-06-04 10:22:27 → 6281283602694 → https://t.me/+k7skOSclEXNkY2M1 → 加群成功
2022-06-04 10:22:52 → 601124026034 → https://t.me/+umxZ8YEpnEo2MWUx → 加群成功
2022-06-04 10:22:59 → 917838380415 → https://t.me/+xn2eYKH-rlI5N2E5 → 加群失败：The authenticated user is already a participant of the chat (caused by ImportChatInviteRequest)
2022-06-04 10:23:30 → 79917733563 → https://t.me/+l_b3i7oqjn0zMWE1 → 加群失败：The authenticated user is already a participant of the chat (caused by ImportChatInviteRequest)
2022-06-04 10:23:42 → 601124042925 → https://t.me/+1450TvdWFDg3ZDlh → 加群成功
2022-06-04 10:24:13 → 918109281745 → https://t.me/+Gla_cs2FNi1kMjc1 → 加群成功
2022-06-04 10:24:25 → 6281283602716 → https://t.me/+mw6XSaYD2eFjYWQx → 加群成功
2022-06-04 10:24:40 → 79916318026 → https://t.me/+APKLYqmdSclhZjU1 → 加群失败：The authenticated user is already a participant of the chat (caused by ImportChatInviteRequest)
2022-06-04 10:25:03 → 601124026034 → https://t.me/+j1rD3RsKu2A5ZTJl → 加群成功
2022-06-04 10:25:20 → 79045541142 → https://t.me/+CM8QfiFJeng1OWM1 → 加群成功
2022-06-04 10:25:40 → 919923144199 → https://t.me/+z-xgWFuhbXRiMmU1 → 加群成功
2022-06-04 10:26:03 → 918109281745 → https://t.me/+m7Ys3kdhOQ5jODQ1 → 加群成功
2022-06-04 10:26:14 → 6281283602694 → https://t.me/+uDADliAVzT84ZDRh → 加群成功
2022-06-04 10:26:23 → 917061771362 → https://t.me/+owVJEPVLlZpiOGUx → 加群成功
2022-06-04 10:26:33 → 601124042925 → https://t.me/+EFZfdCzTGu9iMzcx → 加群失败：The authenticated user is already a participant of the chat (caused by ImportChatInviteRequest)
2022-06-04 10:27:02 → 601112672414 → https://t.me/+WgZhCn-jDiY2YjRl → 加群成功
2022-06-04 10:27:31 → 6281283602716 → https://t.me/+lLRc1DnIS1JhYTc1 → 加群成功
2022-06-04 10:28:05 → 6282133204171 → https://t.me/+BRUAa2sBGU0zOTQ1 → 加群失败：The authenticated user is already a participant of the chat (caused by ImportChatInviteRequest)
2022-06-04 10:28:16 → 62895324567778 → https://t.me/+y1X1DHVWX6o0OWQx → 加群成功
2022-06-04 10:28:31 → 6289635971327 → https://t.me/+4iQgzALLkPowZGFl → 加群成功
2022-06-04 10:28:41 → 918092132118 → https://t.me/+aMl_xPUzLu80OGMx → 加群成功
2022-06-04 10:29:04 → 79917733563 → https://t.me/+XA-AFUSIJMBjY2Fh → 加群成功
2022-06-04 10:29:17 → 6281283070774 → https://t.me/+_r_1ooupBRoxZTcx → 加群成功
2022-06-04 10:29:48 → 917838380415 → https://t.me/+MSzURb05WsVlZWYx → 加群成功
2022-06-04 10:29:59 → 639677121074 → https://t.me/+WbJrXuE28703Zjdl → 加群失败：You have joined too many channels/supergroups (caused by ImportChatInviteRequest)
2022-06-04 10:30:33 → 79919431787 → https://t.me/+EX5LLMSHNh9iYTQ1 → 加群失败：The authenticated user is already a participant of the chat (caused by ImportChatInviteRequest)
2022-06-04 10:30:44 → 79528551283 → https://t.me/+-bcWU8v_IGBjNDBl → 加群失败：https://t.me/+-bcWU8v_IGBjNDBl 用户尝试加入的聊天已过期且不再有效（由 ImportChatInviteRequest 引起）
2022-06-04 10:30:53 → 79916318026 → https://t.me/+G8wVDtrfGdI3ZTc9 → 加群成功
2022-06-04 10:31:15 → 6282133204171 → https://t.me/+f312-GXF6bI2NDc1 → 加群失败：The authenticated user is already a participant of the chat (caused by ImportChatInviteRequest)
2022-06-04 10:31:24 → 918109281745 → https://t.me/+4bOGsWK-7145MGQ1 → 加群成功
2022-06-04 10:31:32 → 919923144199 → https://t.me/+Hu3nlzXur5djMzg1 → 加群成功
2022-06-04 10:31:44 → 6289635971327 → https://t.me/+b8osyGrSdOhhZjE9 → 加群成功
2022-06-04 10:32:02 → 6281283602716 → https://t.me/+Sh3VLTGHA9Q3YTdl → 加群成功
2022-06-04 10:32:27 → 62895324567778 → https://t.me/+h2PiE1mN6nZmN2Vl → 加群失败：The authenticated user is already a participant of the chat (caused by ImportChatInviteRequest)
2022-06-04 10:32:59 → 917838380415 → https://t.me/+7NnqHySmWQM2ODU9 → 加群成功
2022-06-04 10:33:19 → 79919431787 → https://t.me/+aQJcp5R0T3pkZGNl → 加群成功
2022-06-04 10:33:28 → 639677121074 → https://t.me/+5NQjNc_ygu1jYTYx → 加群失败：You have joined too many channels/supergroups (caused by ImportChatInviteRequest)
2022-06-04 10:33:50 → 79916318026 → https://t.me/+spzhFF0zV5M1YjZh → 加群成功
2022-06-04 10:34:18 → 79917733563 → https://t.me/+apcxV30gu7M2MjI1 → 加群成功
2022-06-04 10:34:52 → 79528551283 → https://t.me/+71ANa06F0wNmNmJl → 加群成功
2022-06-04 10:35:27 → 601124042925 → https://t.me/+in9IWOKmArs5ODg5 → 加群成功
2022-06-04 10:36:03 → 6281283602694 → https://t.me/+KdYb4C34uoowMGJl → 加群成功
2022-06-04 10:36:36 → 917061771362 → https://t.me/+tVzy-HX20kJiYWY1 → 加群成功
2022-06-04 10:36:48 → 918092132118 → https://t.me/+wyQoNDjjMBVjNDA1 → 加群成功
2022-06-04 10:37:00 → 6281283070774 → https://t.me/+4O_dPR7XAcY5NGQ9 → 加群成功
2022-06-04 10:37:26 → 601124026034 → https://t.me/+hdw-z80muVFjNzFl → 加群成功
2022-06-04 10:37:35 → 79045541142 → https://t.me/+K4hA5oTciaJhNTVl → 加群成功
2022-06-04 10:38:11 → 601112672414 → https://t.me/ffcyx → 加群失败：https://t.me/ffcyx 用户尝试加入的聊天已过期且不再有效（由 ImportChatInviteRequest 引起）
2022-06-04 10:38:47 → 6281283602716 → https://t.me/+6SR7fONaaVJmNDMx → 加群成功
2022-06-04 10:39:06 → 6281283602694 → https://t.me/joinchat/c1irPtTz-KpmMzZl → 加群成功
2022-06-04 10:39:20 → 919923144199 → https://t.me/+IWYUKU0ocCcwYjMx → 加群成功
2022-06-04 10:39:35 → 917061771362 → https://t.me/+UbxlM6GKynRhODk1 → 加群成功
2022-06-04 10:40:12 → 79045541142 → https://t.me/+4-TIERdkNVVmY2Ix → 加群成功
2022-06-04 10:40:19 → 601124026034 → https://t.me/+1zXkNRlLObA1NGNl → 加群成功
2022-06-04 10:40:34 → 79919431787 → https://t.me/+wXJtiQoohfc2NDJl → 加群成功
2022-06-04 10:40:45 → 601112672414 → https://t.me/+SU2RmtTlLms1YWRl → 加群成功
2022-06-04 10:40:54 → 918092132118 → https://t.me/+4GYip2NBLOphOTVl → 加群成功
2022-06-04 10:41:13 → 6289635971327 → https://t.me/+noFSLnh4gzRmMWM1 → 加群成功
2022-06-04 10:41:24 → 918109281745 → https://t.me/+Ak8f4ofbKpEzYTU1 → 加群成功
2022-06-04 10:41:46 → 601124042925 → https://t.me/+zt29tENcz2g4ODA1 → 加群成功
2022-06-04 10:42:06 → 79916318026 → https://t.me/+mHS4ouK1WS81ODdl → 加群成功
2022-06-04 10:42:14 → 79528551283 → https://t.me/+LWL438ngyIQxZjQ1 → 加群成功
2022-06-04 10:42:40 → 6282133204171 → https://t.me/+-jAPlPqNLng3NTk1 → 加群失败：https://t.me/+-jAPlPqNLng3NTk1 用户尝试加入的聊天已过期且不再有效（由 ImportChatInviteRequest 引起）
2022-06-04 10:43:17 → 639677121074 → https://t.me/+G-TP1oGwz_UzZTgx → 加群失败：You have joined too many channels/supergroups (caused by ImportChatInviteRequest)
2022-06-04 10:43:36 → 79917733563 → https://t.me/+KqByXUbZl6wxM2Nh → 加群成功
2022-06-04 10:44:07 → 917838380415 → https://t.me/+3SrSrS52L785Yjg1 → 加群失败：The authenticated user is already a participant of the chat (caused by ImportChatInviteRequest)
2022-06-04 10:44:26 → 6281283070774 → https://t.me/+-HKE3ttySdAxMTk1 → 加群失败：https://t.me/+-HKE3ttySdAxMTk1 用户尝试加入的聊天已过期且不再有效（由 ImportChatInviteRequest 引起）
2022-06-04 10:44:43 → 62895324567778 → https://t.me/+foThDdueBzYyOTVh → 加群成功
2022-06-04 10:45:04 → 79916318026 → https://t.me/+yTmSqvjL6MZhOGM1 → 加群成功
2022-06-04 10:45:13 → 917061771362 → https://t.me/+DM9DYATWVQA2MTlh → 加群成功
2022-06-04 10:45:35 → 918092132118 → https://t.me/+B7AquUh1jWpkNjQx → 加群成功
2022-06-04 10:46:11 → 79528551283 → https://t.me/+jDogamSAXRJmNTJl → 加群成功
2022-06-04 10:46:19 → 601124026034 → https://t.me/+HBDkiYv3Y9c2ODM1 → 加群成功
2022-06-04 10:46:42 → 62895324567778 → https://t.me/+5qiD_XQNy8ozMmI1 → 加群成功
2022-06-04 10:46:57 → 639677121074 → https://t.me/+z9w5abx_AKI3ZDA1 → 加群失败：You have joined too many channels/supergroups (caused by ImportChatInviteRequest)
2022-06-04 10:47:13 → 6282133204171 → https://t.me/+-FuT5gvc2BwyNzg5 → 加群失败：https://t.me/+-FuT5gvc2BwyNzg5 用户尝试加入的聊天已过期且不再有效（由 ImportChatInviteRequest 引起）
2022-06-04 10:47:42 → 601112672414 → https://t.me/+Xh2Sw8Abn_w0NzRl → 加群成功
2022-06-04 10:48:17 → 79045541142 → https://t.me/+BqdPZFGv9QxjMWI1 → 加群成功
2022-06-04 10:48:38 → 917838380415 → https://t.me/+S58Sh-K2alY3Nzdl → 加群成功
2022-06-04 10:48:47 → 919923144199 → https://t.me/+54gl7-9CGNExOTQx → 加群成功
2022-06-04 10:49:19 → 6281283602694 → https://t.me/+-J3EkxDRssplNmQx → 加群失败：https://t.me/+-J3EkxDRssplNmQx 用户尝试加入的聊天已过期且不再有效（由 ImportChatInviteRequest 引起）
2022-06-04 10:49:29 → 6281283070774 → https://t.me/+ZIUaM08xAIhkYmUx → 加群失败：The authenticated user is already a participant of the chat (caused by ImportChatInviteRequest)
2022-06-04 10:50:04 → 6281283602716 → https://t.me/+9aEGaULesLY4Nzlh → 加群成功
2022-06-04 10:50:31 → 918109281745 → https://t.me/+rUlOEDqXoIM4NDk9 → 加群成功
2022-06-04 10:50:59 → 601124042925 → https://t.me/+uFhQDDWC5a8xOTVh → 加群成功
2022-06-04 10:51:18 → 79919431787 → https://t.me/+0kedKOuRB0o1NDMx → 加群失败：The authenticated user is already a participant of the chat (caused by ImportChatInviteRequest)
2022-06-04 10:51:37 → 6289635971327 → https://t.me/+cod7Oy_bjAg5NTk1 → 加群失败：The authenticated user is already a participant of the chat (caused by ImportChatInviteRequest)
2022-06-04 10:51:49 → 79917733563 → https://t.me/+YQtg80wqP5NlM2Nh → 加群成功
2022-06-04 10:52:05 → 917838380415 → https://t.me/+_co7YJMXqzliMzhh → 加群失败：The authenticated user is already a participant of the chat (caused by ImportChatInviteRequest)
2022-06-04 10:52:35 → 6289635971327 → https://t.me/+-gQhQNg6UedmYzhh → 加群失败：https://t.me/+-gQhQNg6UedmYzhh 用户尝试加入的聊天已过期且不再有效（由 ImportChatInviteRequest 引起）
2022-06-04 10:53:04 → 601112672414 → https://t.me/+zYJQMkPK-txmNTc1 → 加群失败：The authenticated user is already a participant of the chat (caused by ImportChatInviteRequest)
2022-06-04 10:53:25 → 917061771362 → https://t.me/+Ykhdirg6NcNkYjAx → 加群成功
2022-06-04 10:53:41 → 79045541142 → https://t.me/+IgxjgT8EJP0wZGI1 → 加群成功
2022-06-04 10:54:17 → 918109281745 → https://t.me/+gJ-eKM5QJ3YyNzc1 → 加群成功
2022-06-04 10:54:24 → 6281283602716 → https://t.me/+q9iWwMyPl485YzE1 → 加群失败：The authenticated user is already a participant of the chat (caused by ImportChatInviteRequest)
2022-06-04 10:54:34 → 601124042925 → https://t.me/+X_itTArL40g1ZWI5 → 加群成功
2022-06-04 10:54:51 → 79528551283 → https://t.me/+07AqZIR1RH43MmY1 → 加群失败：The authenticated user is already a participant of the chat (caused by ImportChatInviteRequest)
2022-06-04 10:55:15 → 79917733563 → https://t.me/+JfzYvmEW4bo0ZWRl → 加群成功
2022-06-04 10:55:22 → 918092132118 → https://t.me/+sUuj_TuH_nRhNjE1 → 加群失败：The authenticated user is already a participant of the chat (caused by ImportChatInviteRequest)
2022-06-04 10:55:46 → 919923144199 → https://t.me/+EsOVJtfj7FwyOWUx → 加群成功
2022-06-04 10:56:16 → 6281283602694 → https://t.me/+jxQcjZH0KvRjY2Jl → 加群成功
2022-06-04 10:56:37 → 79919431787 → https://t.me/+ADL_14T-XG0yMmE5 → 加群失败：The authenticated user is already a participant of the chat (caused by ImportChatInviteRequest)
2022-06-04 10:57:07 → 6282133204171 → https://t.me/+Zp-g0nkCPK9lMzE1 → 加群失败：The authenticated user is already a participant of the chat (caused by ImportChatInviteRequest)
2022-06-04 10:57:26 → 601124026034 → https://t.me/+d8XzUzLwhhU1YWVl → 加群成功
2022-06-04 10:57:43 → 639677121074 → https://t.me/+kF5YAHBQ7b8yMDVl → 加群失败：https://t.me/+kF5YAHBQ7b8yMDVl 用户尝试加入的聊天已过期且不再有效（由 ImportChatInviteRequest 引起）
2022-06-04 10:57:50 → 79916318026 → https://t.me/+SZP7LsqR8FI3ZjM1 → 加群成功
2022-06-04 10:58:04 → 6281283070774 → https://t.me/+NZfDxbAhxBRjMmZl → 加群失败：The authenticated user is already a participant of the chat (caused by ImportChatInviteRequest)
2022-06-04 10:58:38 → 62895324567778 → https://t.me/+hpMJRgdAs5AxMzg1 → 加群失败：The authenticated user is already a participant of the chat (caused by ImportChatInviteRequest)
2022-06-04 10:59:15 → 601124026034 → https://t.me/+Qz0ir67LdmQzODM9 → 加群成功
2022-06-04 10:59:30 → 6281283602694 → https://t.me/+hwGafTyi3tIxMzc1 → 加群成功
2022-06-04 11:00:06 → 639677121074 → https://t.me/+E7EhI4J4t2BjMTdh → 加群失败：You have joined too many channels/supergroups (caused by ImportChatInviteRequest)
2022-06-04 11:00:39 → 6282133204171 → https://t.me/+LqsBiT_T0DszOWI1 → 加群成功
2022-06-04 11:01:06 → 917061771362 → https://t.me/+SvCI6c2XlcxlZjQx → 加群成功
2022-06-04 11:01:43 → 79045541142 → https://t.me/joinchat/EnHBggxtLiaKQHfI_9JPgw → 加群成功
2022-06-04 11:01:52 → 79916318026 → https://t.me/+wUPu96w7BvQ3NTU1 → 加群失败：The authenticated user is already a participant of the chat (caused by ImportChatInviteRequest)
2022-06-04 11:02:07 → 6281283602716 → https://t.me/+MVMDI7oWzDczNmI1 → 加群成功
2022-06-04 11:02:40 → 6281283070774 → https://t.me/+BrmgdJH6PSZkNTNh → 加群成功
2022-06-04 11:02:46 → 79528551283 → https://t.me/+WnFY9z024NdiODgx → 加群失败：The authenticated user is already a participant of the chat (caused by ImportChatInviteRequest)
2022-06-04 11:02:56 → 79919431787 → https://t.me/+feeRJoJYK0EzMTRl → 加群失败：The authenticated user is already a participant of the chat (caused by ImportChatInviteRequest)
2022-06-04 11:03:03 → 918109281745 → https://t.me/+coJH9njcTFI3NGJh → 加群成功
2022-06-04 11:03:13 → 6289635971327 → https://t.me/+BIb1nofuq6Q5NzY1 → 加群失败：The authenticated user is already a participant of the chat (caused by ImportChatInviteRequest)
2022-06-04 11:03:40 → 62895324567778 → https://t.me/+Qda8QNJzsX4yNjVl → 加群失败：The authenticated user is already a participant of the chat (caused by ImportChatInviteRequest)
2022-06-04 11:04:05 → 918092132118 → https://t.me/+GG2gvlA8M2s5Mjgx → 加群成功
2022-06-04 11:04:35 → 79917733563 → https://t.me/+T-jYQLw4qHozZWU1 → 加群成功
2022-06-04 11:04:58 → 917838380415 → https://t.me/+TkFX2Ws-6WliNjU9 → 加群成功
2022-06-04 11:05:10 → 601112672414 → https://t.me/+qi9K7Bo2Y8Y3ZWY9 → 加群成功
2022-06-04 11:05:34 → 919923144199 → https://t.me/joinchat/rDC8WhyDHDg0Yzhl → 加群失败：The authenticated user is already a participant of the chat (caused by ImportChatInviteRequest)
2022-06-04 11:06:10 → 601124042925 → https://t.me/+PnwvxbcwQXVjYzE1 → 加群成功
2022-06-04 11:06:41 → 918092132118 → https://t.me/+vD11mXSl0Qo1NjBl → 加群成功
2022-06-04 11:07:11 → 6281283602694 → https://t.me/+xRLKfhWedANiZGM1 → 加群成功
2022-06-04 11:07:47 → 79916318026 → https://t.me/+oK6peJEVCBgzZjcx → 加群成功
2022-06-04 11:07:56 → 6289635971327 → https://t.me/+XOH9ZDrzo3I1MzI1 → 加群成功
2022-06-04 11:08:17 → 79528551283 → https://t.me/+b-oj8C33vKU1Yjdl → 加群成功
2022-06-04 11:08:31 → 601112672414 → https://t.me/+HjBnsQsrMc44ZmNl → 加群成功
2022-06-04 11:08:43 → 6282133204171 → https://t.me/+4t_ZnkZnBxJhYzcx → 加群成功
2022-06-04 11:09:07 → 917061771362 → https://t.me/+5WmtAnMeZpIyMDhh → 加群失败：The authenticated user is already a participant of the chat (caused by ImportChatInviteRequest)
2022-06-04 11:09:44 → 6281283602716 → https://t.me/+2UbXwZlSXqxiMGIx → 加群成功
2022-06-04 11:09:51 → 601124026034 → https://t.me/+kaP8DGgokxo4NGIx → 加群成功
2022-06-04 11:10:05 → 79919431787 → https://t.me/+8RnTf-FOZT9iYzRl → 加群成功
2022-06-04 11:10:23 → 601124042925 → https://t.me/+17GH_OvJ9tAwY2Vl → 加群成功
2022-06-04 11:10:31 → 918109281745 → https://t.me/joinchat/ITSPv5Bor2M5NjY1 → 加群成功
2022-06-04 11:10:40 → 62895324567778 → https://t.me/+YlQkP6X2f11lZjlh → 加群成功
2022-06-04 11:11:00 → 639677121074 → https://t.me/+67pYhAT5wPcxMDRl → 加群失败：You have joined too many channels/supergroups (caused by ImportChatInviteRequest)
2022-06-04 11:11:14 → 79917733563 → https://t.me/+p6YlZXi4WgU0Yzc1 → 加群成功
2022-06-04 11:11:39 → 6281283070774 → https://t.me/+VZOVUsJ_CrRiNjI5 → 加群成功
2022-06-04 11:12:13 → 79045541142 → https://t.me/+ssjAgSqpCLI0YzBh → 加群成功
2022-06-04 11:12:30 → 919923144199 → https://t.me/+0vEKeyH-sKw5NzEx → 加群成功
2022-06-04 11:12:51 → 917838380415 → https://t.me/+uc5k-JwziZU2MzVh → 加群成功
2022-06-04 11:13:13 → 6281283602716 → https://t.me/+EGVQeuIr3OU0NGI9 → 加群失败：The authenticated user is already a participant of the chat (caused by ImportChatInviteRequest)
2022-06-04 11:13:20 → 79916318026 → https://t.me/+pImQqG6kee4wZDYx → 加群成功
2022-06-04 11:13:54 → 6281283070774 → https://t.me/+jEJUf1tx9vw3Yjk1 → 加群成功
2022-06-04 11:14:05 → 918092132118 → https://t.me/+zjwd6Dobyb5hYWM1 → 加群成功
2022-06-04 11:14:23 → 601124042925 → https://t.me/+2hRtaNIomANhZjhl → 加群成功
2022-06-04 11:14:42 → 79528551283 → https://t.me/+F4cgrWsKrcRkMDA9 → 加群失败：The authenticated user is already a participant of the chat (caused by ImportChatInviteRequest)
2022-06-04 11:15:03 → 917061771362 → https://t.me/+YlMJYHBBe0M5ZmMx → 加群失败：The authenticated user is already a participant of the chat (caused by ImportChatInviteRequest)
2022-06-04 11:15:19 → 79917733563 → https://t.me/+HHlC3yukCdo0MjBh → 加群成功
2022-06-04 11:15:41 → 62895324567778 → https://t.me/+BSga9DevIIg5YTQ1 → 加群成功
2022-06-04 11:15:56 → 79045541142 → https://t.me/+ULwwAMPXqG5iNTI1 → 加群成功
2022-06-04 11:16:11 → 6282133204171 → https://t.me/+9oE0N-acgdo0NTNl → 加群失败：The authenticated user is already a participant of the chat (caused by ImportChatInviteRequest)
2022-06-04 11:16:31 → 6281283602694 → https://t.me/+Vr3PW_vRaiY3YjFh → 加群成功
2022-06-04 11:16:38 → 918109281745 → https://t.me/+-RvPwnYZ0fo2NzE1 → 加群失败：https://t.me/+-RvPwnYZ0fo2NzE1 用户尝试加入的聊天已过期且不再有效（由 ImportChatInviteRequest 引起）
2022-06-04 11:16:57 → 79919431787 → https://t.me/+zAh3xoopIn4yYTU5 → 加群成功
2022-06-04 11:17:10 → 601112672414 → https://t.me/+cgctxddaCwxhYWM1 → 加群成功
2022-06-04 11:17:29 → 917838380415 → https://t.me/+t8N8djvNpMozYTUx → 加群成功
2022-06-04 11:17:46 → 639677121074 → https://t.me/+Qhz0SfbvEQAzYmFl → 加群失败：You have joined too many channels/supergroups (caused by ImportChatInviteRequest)
2022-06-04 11:18:11 → 6289635971327 → https://t.me/+X1XfCzCulJplNzJl → 加群成功
2022-06-04 11:18:46 → 601124026034 → https://t.me/+ftCy3AbJQ2FkZTdh → 加群失败：https://t.me/+ftCy3AbJQ2FkZTdh 用户尝试加入的聊天已过期且不再有效（由 ImportChatInviteRequest 引起）
2022-06-04 11:19:04 → 919923144199 → https://t.me/+-ZBvuqf9AYtkM2Q5 → 加群失败：https://t.me/+-ZBvuqf9AYtkM2Q5 用户尝试加入的聊天已过期且不再有效（由 ImportChatInviteRequest 引起）
2022-06-04 11:19:24 → 639677121074 → https://t.me/+0jORkEcjJ0thZDk1 → 加群失败：You have joined too many channels/supergroups (caused by ImportChatInviteRequest)
2022-06-04 11:19:55 → 62895324567778 → https://t.me/+C0RIb6Z0lM8xY2Q1 → 加群成功
2022-06-04 11:20:02 → 6281283602694 → https://t.me/+mrJcyx4RlCoyZDE9 → 加群成功
2022-06-04 11:20:28 → 601124026034 → https://t.me/+sEzjSrHVucliNGE1 → 加群失败：The authenticated user is already a participant of the chat (caused by ImportChatInviteRequest)
2022-06-04 11:21:02 → 917838380415 → https://t.me/+W5n0MEy_bxMyMDFl → 加群成功
2022-06-04 11:21:30 → 601112672414 → https://t.me/+PtpnKT2eF0BkN2Q9 → 加群成功
2022-06-04 11:21:55 → 918109281745 → https://t.me/wangbo28 → 加群失败：https://t.me/wangbo28 用户尝试加入的聊天已过期且不再有效（由 ImportChatInviteRequest 引起）
2022-06-04 11:22:28 → 79045541142 → https://t.me/+XMeaKsmC7JU4NzA1 → 加群成功