
2022-06-23 08:56:00 → 6281382130147 → https://t.me/hzaxx → 加群成功
2022-06-23 08:56:07 → 6282185500698 → https://t.me/google_win → 加群成功
2022-06-23 08:56:14 → 6281247516606 → https://t.me/TG110 → 加群成功
2022-06-23 08:56:22 → 6281270146939 → https://t.me/avnrichchinese_chat → 加群成功
2022-06-23 08:56:28 → 6288218733142 → https://t.me/mljlq → 加群成功
2022-06-23 08:56:35 → 6282143309506 → https://t.me/olddrivergd → 加群成功
2022-06-23 08:56:42 → 6283846077843 → https://t.me/qxinw → 加群成功
2022-06-23 08:56:49 → 6281252014638 → https://t.me/lendhub → 加群成功
2022-06-23 08:56:56 → 6287803187488 → https://t.me/loufenha → 加群成功
2022-06-23 08:57:03 → 6282268584651 → https://t.me/network50_chat → 加群成功
2022-06-23 08:57:09 → 6285349457363 → https://t.me/akkcloud → 加群成功
2022-06-23 08:57:40 → 601112672414 → https://t.me/shenzhencity → 加群成功
2022-06-23 08:57:47 → 6282311464231 → https://t.me/tokaucn → 加群成功
2022-06-23 08:57:54 → 6281252013316 → https://t.me/ml520 → 加群成功
2022-06-23 08:58:06 → 601112672704 → https://t.me/zaozhuang1 → 加群成功
2022-06-23 08:58:13 → 6282268584651 → https://t.me/hwdbq → 加群成功
2022-06-23 08:58:20 → 6288218733142 → https://t.me/usdt43 → 加群成功
2022-06-23 08:58:42 → 6281252013316 → https://t.me/NodeGlobal → 加群成功
2022-06-23 08:58:50 → 6281247516606 → https://t.me/zscd18 → 加群成功
2022-06-23 08:58:56 → 6282185500698 → https://t.me/usdtm → 加群成功
2022-06-23 08:59:04 → 6287803187488 → https://t.me/huione888 → 加群成功
2022-06-23 08:59:26 → 6281382130147 → https://t.me/v2rayn → 加群成功
2022-06-23 08:59:33 → 6281252014638 → https://t.me/huiguophp → 加群成功
2022-06-23 08:59:39 → 601112672414 → https://t.me/chaxun2020 → 加群失败：No user has "chaxun2020" as username
2022-06-23 08:59:44 → 6282143309506 → https://t.me/bclm1 → 加群成功
2022-06-23 08:59:51 → 6285349457363 → https://t.me/liuxingsq → 加群成功
2022-06-23 08:59:59 → 6281270146939 → https://t.me/tg108 → 加群成功
2022-06-23 09:00:05 → 6283846077843 → https://t.me/mikebill888 → 加群成功
2022-06-23 09:00:12 → 6282311464231 → https://t.me/tg1949521 → 加群成功
2022-06-23 09:00:25 → 601112672414 → https://t.me/dhjlq → 加群成功
2022-06-23 09:00:32 → 6281252014638 → https://t.me/db_lm → 加群成功
2022-06-23 09:00:39 → 6281247516606 → https://t.me/dibaicn → 加群成功
2022-06-23 09:00:46 → 6282185500698 → https://t.me/ritalin51 → 加群失败：Nobody is using this username, or the username is unacceptable. If the latter, it must match r"[a-zA-Z][\w\d]{3,30}[a-zA-Z\d]" (caused by ResolveUsernameRequest)
2022-06-23 09:00:50 → 6282268584651 → https://t.me/qingroup → 加群成功
2022-06-23 09:00:57 → 6281382130147 → https://t.me/MDhuaren1 → 加群成功
2022-06-23 09:01:04 → 6281252013316 → https://t.me/lbank_cn → 加群成功
2022-06-23 09:01:11 → 6282311464231 → https://t.me/TG0188 → 加群成功
2022-06-23 09:01:18 → 6287803187488 → https://t.me/bzzone → 加群成功
2022-06-23 09:01:25 → 6282143309506 → https://t.me/ussyu → 加群成功
2022-06-23 09:01:32 → 601112672704 → https://t.me/tgdibai168 → 加群成功
2022-06-23 09:01:39 → 6283846077843 → https://t.me/changsha_dev → 加群成功
2022-06-23 09:01:45 → 6288218733142 → https://t.me/tiandeng88 → 加群成功
2022-06-23 09:01:52 → 6285349457363 → https://t.me/bacommu → 加群成功
2022-06-23 09:02:00 → 6281270146939 → https://t.me/xjltq → 加群成功
2022-06-23 09:02:13 → 6285349457363 → https://t.me/olddriver_cdu → 加群成功
2022-06-23 09:02:20 → 6281252013316 → https://t.me/fhlmteam → 加群成功
2022-06-23 09:02:27 → 6288218733142 → https://t.me/CKidc666 → 加群成功
2022-06-23 09:02:34 → 6282143309506 → https://t.me/olddriver_fs → 加群成功
2022-06-23 09:02:40 → 6287803187488 → https://t.me/dibai12 → 加群成功
2022-06-23 09:02:47 → 6281382130147 → https://t.me/xbdb01 → 加群成功
2022-06-23 09:02:54 → 6281270146939 → https://t.me/FQ3P3 → 加群成功
2022-06-23 09:03:01 → 601112672704 → https://t.me/sichouzhilu0 → 加群成功
2022-06-23 09:03:08 → 601112672414 → https://t.me/liuhedadui → 加群成功
2022-06-23 09:03:15 → 6281247516606 → https://t.me/P541888888 → 加群成功
2022-06-23 09:03:22 → 6282311464231 → https://t.me/trj_shore001 → 加群成功
2022-06-23 09:03:29 → 6281252014638 → https://t.me/socks55555 → 加群成功
2022-06-23 09:03:36 → 6283846077843 → https://t.me/zhifuo → 加群成功
2022-06-23 09:03:43 → 6282268584651 → https://t.me/dijia02 → 加群成功
2022-06-23 09:03:50 → 6282185500698 → https://t.me/pionexcn → 加群成功
2022-06-23 09:04:02 → 6281247516606 → https://t.me/yidaoshou2 → 加群成功
2022-06-23 09:04:09 → 601112672414 → https://t.me/tg6198 → 加群成功
2022-06-23 09:04:16 → 6283846077843 → https://t.me/meizi005 → 加群成功
2022-06-23 09:04:23 → 6288218733142 → https://t.me/tsdb01 → 加群成功
2022-06-23 09:04:30 → 6285349457363 → https://t.me/fw992 → 加群成功
2022-06-23 09:04:37 → 6281382130147 → https://t.me/kaihesoft → 加群成功
2022-06-23 09:04:45 → 6281252013316 → https://t.me/qipaipan54 → 加群成功
2022-06-23 09:04:51 → 6281270146939 → https://t.me/jiamidi → 加群成功
2022-06-23 09:05:00 → 6282268584651 → https://t.me/gdsjq → 加群成功
2022-06-23 09:05:07 → 6282143309506 → https://t.me/axujj → 加群成功
2022-06-23 09:05:15 → 6282311464231 → https://t.me/qwerdt1 → 加群成功
2022-06-23 09:05:22 → 6287803187488 → https://t.me/quanzhangshequ → 加群成功
2022-06-23 09:05:28 → 6282185500698 → https://t.me/daishou15 → 加群成功
2022-06-23 09:05:51 → 6281252014638 → https://t.me/fbwsline2021 → 加群成功
2022-06-23 09:05:57 → 601112672704 → https://t.me/BinancePoolChinese → 加群成功
2022-06-23 09:06:10 → 6287803187488 → https://t.me/www589qkcom → 加群成功
2022-06-23 09:06:16 → 6288218733142 → https://t.me/gm0008 → 加群成功
2022-06-23 09:06:23 → 601112672704 → https://t.me/gboxtg → 加群成功
2022-06-23 09:06:30 → 6282185500698 → https://t.me/tg328 → 加群成功
2022-06-23 09:06:37 → 601112672414 → https://t.me/paofen1688 → 加群成功
2022-06-23 09:06:44 → 6281247516606 → https://t.me/esmascript6 → 加群成功
2022-06-23 09:06:51 → 6282143309506 → https://t.me/btc_chinese → 加群成功
2022-06-23 09:06:58 → 6281382130147 → https://t.me/bohrwebc → 加群成功
2022-06-23 09:07:05 → 6282268584651 → https://t.me/expressnode → 加群成功
2022-06-23 09:07:14 → 6281252013316 → https://t.me/DBhuaren1 → 加群成功
2022-06-23 09:07:21 → 6282311464231 → https://t.me/huanxiangyouxi → 加群成功
2022-06-23 09:07:28 → 6285349457363 → https://t.me/discussimmigration → 加群成功
2022-06-23 09:07:35 → 6281270146939 → https://t.me/QQXGQQ → 加群成功
2022-06-23 09:07:42 → 6283846077843 → https://t.me/dongnanyaliaotian → 加群成功
2022-06-23 09:07:49 → 6281252014638 → https://t.me/yizhifu678 → 加群成功
2022-06-23 09:08:01 → 6282268584651 → https://t.me/otcfl → 加群成功
2022-06-23 09:08:09 → 601112672704 → https://t.me/Zoey052697 → 加群成功
2022-06-23 09:08:16 → 6288218733142 → https://t.me/xmsji → 加群成功
2022-06-23 09:08:23 → 6281382130147 → https://t.me/raicoincn → 加群成功
2022-06-23 09:08:30 → 6282311464231 → https://t.me/YYL001 → 加群成功
2022-06-23 09:08:38 → 6281252013316 → https://t.me/cambodiacn → 加群成功
2022-06-23 09:08:47 → 601112672414 → https://t.me/ltq33 → 加群成功
2022-06-23 09:08:54 → 6283846077843 → https://t.me/homeassiant666 → 加群成功
2022-06-23 09:09:01 → 6282185500698 → https://t.me/gif128 → 加群成功
2022-06-23 09:09:08 → 6281252014638 → https://t.me/html66 → 加群成功
2022-06-23 09:09:15 → 6281270146939 → https://t.me/shore999888 → 加群成功
2022-06-23 09:09:22 → 6281247516606 → https://t.me/universityalliance → 加群成功
2022-06-23 09:09:31 → 6287803187488 → https://t.me/tgzhcn → 加群成功
2022-06-23 09:09:38 → 6282143309506 → https://t.me/huanqian35 → 加群成功
2022-06-23 09:10:00 → 6285349457363 → https://t.me/lkdxqf88 → 加群成功
2022-06-23 09:10:12 → 6281252013316 → https://t.me/zfb_qq → 加群成功
2022-06-23 09:10:19 → 6285349457363 → https://t.me/chaoxi → 加群成功
2022-06-23 09:10:28 → 6281247516606 → https://t.me/biboxgroup → 加群成功
2022-06-23 09:10:35 → 6282311464231 → https://t.me/TG12389 → 加群成功
2022-06-23 09:10:43 → 6282268584651 → https://t.me/shuju888666 → 加群成功
2022-06-23 09:10:50 → 6282185500698 → https://t.me/diyidaifu → 加群成功
2022-06-23 09:10:58 → 6281382130147 → https://t.me/ak99yunmlsxfgds → 加群成功
2022-06-23 09:11:08 → 601112672704 → https://t.me/hunantg → 加群成功
2022-06-23 09:11:15 → 6283846077843 → https://t.me/AlipayJiFu → 加群成功
2022-06-23 09:11:22 → 6288218733142 → https://t.me/fastfish2 → 加群成功
2022-06-23 09:11:31 → 6281252014638 → https://t.me/daishuvpn → 加群成功
2022-06-23 09:11:38 → 601112672414 → https://t.me/zeronetzh → 加群成功
2022-06-23 09:11:45 → 6282143309506 → https://t.me/GouTuiClub → 加群成功
2022-06-23 09:11:54 → 6281270146939 → https://t.me/heyuedashen1 → 加群成功
2022-06-23 09:12:01 → 6287803187488 → https://t.me/yamzcunziyuanduij → 加群成功
2022-06-23 09:12:13 → 601112672704 → https://t.me/a_k_3a → 加群成功
2022-06-23 09:12:21 → 6282143309506 → https://t.me/yuantoushuju4 → 加群成功
2022-06-23 09:12:28 → 6281252014638 → https://t.me/haojiyou → 加群成功
2022-06-23 09:12:38 → 6285349457363 → https://t.me/szhkfun → 加群成功
2022-06-23 09:12:45 → 6282268584651 → https://t.me/ysshuju1 → 加群成功
2022-06-23 09:12:52 → 6281247516606 → https://t.me/cccccccxyyy → 加群成功
2022-06-23 09:12:59 → 601112672414 → https://t.me/liaobshe → 加群成功
2022-06-23 09:13:06 → 6281270146939 → https://t.me/tongdao25 → 加群成功
2022-06-23 09:13:29 → 6281252013316 → https://t.me/fastfish2 → 加群成功
2022-06-23 09:13:38 → 6281382130147 → https://t.me/bitcoindfds → 加群成功
2022-06-23 09:13:45 → 6287803187488 → https://t.me/dfsdaeaw → 加群失败：Nobody is using this username, or the username is unacceptable. If the latter, it must match r"[a-zA-Z][\w\d]{3,30}[a-zA-Z\d]" (caused by ResolveUsernameRequest)
2022-06-23 09:13:49 → 6283846077843 → https://t.me/x00008 → 加群成功
2022-06-23 09:13:56 → 6282185500698 → https://t.me/baoaa → 加群成功
2022-06-23 09:14:03 → 6282311464231 → https://t.me/xinbi_088 → 加群成功
2022-06-23 09:14:10 → 6288218733142 → https://t.me/KavaChinese → 加群成功
2022-06-23 09:14:22 → 6282185500698 → https://t.me/dibai918 → 加群成功
2022-06-23 09:14:29 → 601112672704 → https://t.me/tronnetworkcn → 加群成功
2022-06-23 09:14:36 → 6282143309506 → https://t.me/lhc168 → 加群成功
2022-06-23 09:14:43 → 6281270146939 → https://t.me/yugzf → 加群成功
2022-06-23 09:14:50 → 6282268584651 → https://t.me/cn_talk → 加群成功
2022-06-23 09:14:57 → 6285349457363 → https://t.me/TGhuaren1 → 加群成功
2022-06-23 09:15:04 → 6281247516606 → https://t.me/tianziusdt → 加群成功
2022-06-23 09:15:11 → 6283846077843 → https://t.me/justmysockscn → 加群成功
2022-06-23 09:15:20 → 6281252014638 → https://t.me/humanresource63 → 加群失败：No user has "humanresource63" as username
2022-06-23 09:15:25 → 6282311464231 → https://t.me/BinanceChinese → 加群成功
2022-06-23 09:15:31 → 6288218733142 → https://t.me/olddriversh → 加群成功
2022-06-23 09:15:38 → 6281252013316 → https://t.me/PHMAKA107 → 加群成功
2022-06-23 09:15:45 → 601112672414 → https://t.me/hoogroupchinese → 加群成功
2022-06-23 09:15:52 → 6281382130147 → https://t.me/hi628 → 加群成功
2022-06-23 09:16:01 → 6287803187488 → https://t.me/wwxcxinting → 加群成功
2022-06-23 09:16:14 → 6281270146939 → https://t.me/chlmzy → 加群失败：A wait of 609 seconds is required (caused by JoinChannelRequest)
2022-06-23 09:16:18 → 6281247516606 → https://t.me/usdthuzhu3 → 加群失败：A wait of 597 seconds is required (caused by JoinChannelRequest)
2022-06-23 09:16:22 → 6283846077843 → https://t.me/india_moneypay → 加群失败：A wait of 621 seconds is required (caused by JoinChannelRequest)
2022-06-23 09:16:27 → 6282268584651 → https://t.me/bandwagonhostgroup → 加群失败：A wait of 636 seconds is required (caused by JoinChannelRequest)
2022-06-23 09:16:31 → 6287803187488 → https://t.me/btokcn_0016 → 加群成功
2022-06-23 09:16:38 → 6281252013316 → https://t.me/polkadotzh → 加群失败：A wait of 677 seconds is required (caused by JoinChannelRequest)
2022-06-23 09:16:43 → 6281382130147 → https://t.me/fhaak8 → 加群成功
2022-06-23 09:16:50 → 6288218733142 → https://t.me/phbbs → 加群失败：A wait of 579 seconds is required (caused by JoinChannelRequest)
2022-06-23 09:16:54 → 6282311464231 → https://t.me/monstainfinitechinese → 加群失败：A wait of 654 seconds is required (caused by JoinChannelRequest)
2022-06-23 09:16:59 → 6285349457363 → https://t.me/juliang666 → 加群失败：A wait of 611 seconds is required (caused by JoinChannelRequest)
2022-06-23 09:17:03 → 6282143309506 → https://t.me/xcarnival_chinese → 加群成功
2022-06-23 09:17:10 → 6282185500698 → https://t.me/TG_King90 → 加群成功
2022-06-23 09:17:18 → 601112672414 → https://t.me/usdthuihuan → 加群成功
2022-06-23 09:17:40 → 601112672704 → https://t.me/tg96110 → 加群成功
2022-06-23 09:17:47 → 6281252014638 → https://t.me/qqlsj → 加群成功
2022-06-23 09:17:59 → 6281247516606 → https://t.me/weikang2020 → 加群失败：A wait of 496 seconds is required (caused by JoinChannelRequest)
2022-06-23 09:18:03 → 6287803187488 → https://t.me/wy173 → 加群失败：A wait of 534 seconds is required (caused by JoinChannelRequest)
2022-06-23 09:18:08 → 6282311464231 → https://t.me/mingmen520 → 加群失败：A wait of 580 seconds is required (caused by JoinChannelRequest)
2022-06-23 09:18:12 → 6282268584651 → https://t.me/kx360 → 加群失败：A wait of 531 seconds is required (caused by JoinChannelRequest)
2022-06-23 09:18:17 → 6281252014638 → https://t.me/vfucloud → 加群失败：A wait of 513 seconds is required (caused by JoinChannelRequest)
2022-06-23 09:18:21 → 6281270146939 → https://t.me/Nst_WP → 加群失败：A wait of 481 seconds is required (caused by JoinChannelRequest)
2022-06-23 09:18:26 → 6281382130147 → https://t.me/njwwjpxc → 加群失败：A wait of 455 seconds is required (caused by JoinChannelRequest)
2022-06-23 09:18:30 → 601112672704 → https://t.me/TG188188 → 加群失败：A wait of 577 seconds is required (caused by JoinChannelRequest)
2022-06-23 09:18:35 → 6282143309506 → https://t.me/daishou44 → 加群失败：A wait of 482 seconds is required (caused by JoinChannelRequest)
2022-06-23 09:18:39 → 6283846077843 → https://t.me/bailaohui_cvv → 加群失败：A wait of 484 seconds is required (caused by JoinChannelRequest)
2022-06-23 09:18:44 → 6285349457363 → https://t.me/quanqiushouhuo → 加群失败：A wait of 506 seconds is required (caused by JoinChannelRequest)
2022-06-23 09:18:48 → 6288218733142 → https://t.me/cdshouchang4 → 加群失败：A wait of 461 seconds is required (caused by JoinChannelRequest)
2022-06-23 09:18:53 → 601112672414 → https://t.me/dmzf8 → 加群成功
2022-06-23 09:18:59 → 6281252013316 → https://t.me/fluxdefi → 加群失败：A wait of 536 seconds is required (caused by JoinChannelRequest)
2022-06-23 09:19:04 → 6282185500698 → https://t.me/kavachinese → 加群失败：A wait of 424 seconds is required (caused by JoinChannelRequest)
2022-06-23 09:19:14 → 6281270146939 → https://t.me/sq577 → 加群失败：A wait of 428 seconds is required (caused by JoinChannelRequest)
2022-06-23 09:19:18 → 6283846077843 → https://t.me/wubuxianjingziyuan → 加群失败：A wait of 445 seconds is required (caused by JoinChannelRequest)
2022-06-23 09:19:23 → 6281252014638 → https://t.me/Fkzy_Group → 加群失败：A wait of 447 seconds is required (caused by JoinChannelRequest)
2022-06-23 09:19:27 → 601112672704 → https://t.me/qianmin → 加群失败：A wait of 520 seconds is required (caused by JoinChannelRequest)
2022-06-23 09:19:32 → 601112672414 → https://t.me/cndumpschat → 加群失败：Nobody is using this username, or the username is unacceptable. If the latter, it must match r"[a-zA-Z][\w\d]{3,30}[a-zA-Z\d]" (caused by ResolveUsernameRequest)
2022-06-23 09:19:36 → 6285349457363 → https://t.me/qqxgqq → 加群失败：A wait of 454 seconds is required (caused by JoinChannelRequest)
2022-06-23 09:19:41 → 6282185500698 → https://t.me/goutui1113 → 加群失败：A wait of 387 seconds is required (caused by JoinChannelRequest)
2022-06-23 09:19:45 → 6281252013316 → https://t.me/aiweisi888 → 加群失败：A wait of 490 seconds is required (caused by JoinChannelRequest)
2022-06-23 09:19:50 → 6281247516606 → https://t.me/DBhuaren1 → 加群失败：A wait of 385 seconds is required (caused by JoinChannelRequest)
2022-06-23 09:19:54 → 6281382130147 → https://t.me/aomenliuhe88 → 加群失败：A wait of 367 seconds is required (caused by JoinChannelRequest)
2022-06-23 09:19:59 → 6282143309506 → https://t.me/tg148 → 加群失败：A wait of 397 seconds is required (caused by JoinChannelRequest)
2022-06-23 09:20:04 → 6288218733142 → https://t.me/iampua → 加群失败：A wait of 386 seconds is required (caused by JoinChannelRequest)
2022-06-23 09:20:08 → 6282311464231 → https://t.me/tg_king80 → 加群失败：A wait of 460 seconds is required (caused by JoinChannelRequest)
2022-06-23 09:20:13 → 6282268584651 → https://t.me/shuju666886 → 加群失败：No user has "shuju666886" as username
2022-06-23 09:20:17 → 6287803187488 → https://t.me/tg12389 → 加群失败：A wait of 400 seconds is required (caused by JoinChannelRequest)
2022-06-23 09:20:27 → 601112672704 → https://t.me/jiu_777 → 加群失败：A wait of 460 seconds is required (caused by JoinChannelRequest)
2022-06-23 09:20:31 → 601112672414 → https://t.me/Sz1888 → 加群失败：A wait of 430 seconds is required (caused by JoinChannelRequest)
2022-06-23 09:20:36 → 6282143309506 → https://t.me/xjltq → 加群失败：A wait of 360 seconds is required (caused by JoinChannelRequest)
2022-06-23 09:20:40 → 6288218733142 → https://t.me/tfwzclz → 加群失败：A wait of 349 seconds is required (caused by JoinChannelRequest)
2022-06-23 09:20:45 → 6282311464231 → https://t.me/BinanceChinese → 加群失败：A wait of 423 seconds is required (caused by JoinChannelRequest)
2022-06-23 09:20:49 → 6281382130147 → https://t.me/BinancePoolChinese → 加群失败：A wait of 312 seconds is required (caused by JoinChannelRequest)
2022-06-23 09:20:53 → 6282268584651 → https://t.me/yyl001 → 加群失败：群组禁止访问
2022-06-23 09:20:58 → 6281252013316 → https://t.me/xvswens → 加群失败：A wait of 417 seconds is required (caused by JoinChannelRequest)
2022-06-23 09:21:02 → 6287803187488 → https://t.me/iClubHouse → 加群失败：A wait of 355 seconds is required (caused by JoinChannelRequest)
2022-06-23 09:21:07 → 6281270146939 → https://t.me/b12306 → 加群失败：A wait of 315 seconds is required (caused by JoinChannelRequest)
2022-06-23 09:21:12 → 6281252014638 → https://t.me/fw866 → 加群失败：A wait of 339 seconds is required (caused by JoinChannelRequest)
2022-06-23 09:21:17 → 6285349457363 → https://t.me/kkkttt369 → 加群失败：A wait of 353 seconds is required (caused by JoinChannelRequest)
2022-06-23 09:21:22 → 6281247516606 → https://t.me/aomenliuhe88 → 加群失败：A wait of 293 seconds is required (caused by JoinChannelRequest)
2022-06-23 09:21:26 → 6282185500698 → https://t.me/mf_group → 加群失败：A wait of 282 seconds is required (caused by JoinChannelRequest)
2022-06-23 09:21:31 → 6283846077843 → https://t.me/doxchina → 加群失败：No user has "doxchina" as username
2022-06-23 09:21:40 → 6288218733142 → https://t.me/yuanyuzhou8 → 加群失败：A wait of 289 seconds is required (caused by JoinChannelRequest)
2022-06-23 09:21:45 → 6281247516606 → https://t.me/pfwcn → 加群失败：A wait of 270 seconds is required (caused by JoinChannelRequest)
2022-06-23 09:21:50 → 601112672414 → https://t.me/yindutg → 加群失败：A wait of 352 seconds is required (caused by JoinChannelRequest)
2022-06-23 09:21:54 → 6282311464231 → https://t.me/shenma001 → 加群失败：A wait of 354 seconds is required (caused by JoinChannelRequest)
2022-06-23 09:21:59 → 6281252014638 → https://t.me/frontend_talk → 加群失败：A wait of 292 seconds is required (caused by JoinChannelRequest)
2022-06-23 09:22:03 → 601112672704 → https://t.me/laowangdan → 加群失败：A wait of 364 seconds is required (caused by JoinChannelRequest)
2022-06-23 09:22:07 → 6281270146939 → https://t.me/BIYONGOfficial0015 → 加群失败：A wait of 255 seconds is required (caused by JoinChannelRequest)
2022-06-23 09:22:12 → 6282143309506 → https://t.me/duanxin2008 → 加群失败：A wait of 264 seconds is required (caused by JoinChannelRequest)
2022-06-23 09:22:16 → 6282185500698 → https://t.me/BKEXChinese → 加群失败：A wait of 232 seconds is required (caused by JoinChannelRequest)
2022-06-23 09:22:21 → 6282268584651 → https://t.me/tghc1 → 加群失败：A wait of 282 seconds is required (caused by JoinChannelRequest)
2022-06-23 09:22:25 → 6283846077843 → https://t.me/ccv348 → 加群失败：A wait of 258 seconds is required (caused by JoinChannelRequest)
2022-06-23 09:22:30 → 6281382130147 → https://t.me/dibai8880 → 加群失败：A wait of 211 seconds is required (caused by JoinChannelRequest)
2022-06-23 09:22:34 → 6281252013316 → https://t.me/readerbeta → 加群失败：A wait of 321 seconds is required (caused by JoinChannelRequest)
2022-06-23 09:22:39 → 6287803187488 → https://t.me/appssweepstakes → 加群失败：A wait of 258 seconds is required (caused by JoinChannelRequest)
2022-06-23 09:22:43 → 6285349457363 → https://t.me/tglianmeng002 → 加群失败：A wait of 267 seconds is required (caused by JoinChannelRequest)
2022-06-23 09:22:53 → 6281252013316 → https://t.me/light_up_comm → 加群失败：A wait of 302 seconds is required (caused by JoinChannelRequest)
2022-06-23 09:22:58 → 6288218733142 → https://t.me/ftx_chinese_official → 加群失败：A wait of 211 seconds is required (caused by JoinChannelRequest)
2022-06-23 09:23:02 → 6281382130147 → https://t.me/dibaifa → 加群失败：A wait of 179 seconds is required (caused by JoinChannelRequest)
2022-06-23 09:23:07 → 6283846077843 → https://t.me/zn88666 → 加群失败：A wait of 216 seconds is required (caused by JoinChannelRequest)
2022-06-23 09:23:12 → 6287803187488 → https://t.me/huihui220 → 加群失败：A wait of 225 seconds is required (caused by JoinChannelRequest)
2022-06-23 09:23:16 → 6281270146939 → https://t.me/guiyangpapa → 加群失败：A wait of 186 seconds is required (caused by JoinChannelRequest)
2022-06-23 09:23:21 → 6282311464231 → https://t.me/sanfang53 → 加群失败：A wait of 267 seconds is required (caused by JoinChannelRequest)
2022-06-23 09:23:26 → 601112672414 → https://t.me/dbf6666 → 加群失败：A wait of 256 seconds is required (caused by JoinChannelRequest)
2022-06-23 09:23:30 → 6282268584651 → https://t.me/yuantoushuju5 → 加群失败：A wait of 213 seconds is required (caused by JoinChannelRequest)
2022-06-23 09:23:35 → 6281247516606 → https://t.me/php_group_cn → 加群失败：A wait of 161 seconds is required (caused by JoinChannelRequest)
2022-06-23 09:23:39 → 6285349457363 → https://t.me/tuishouLL01 → 加群失败：A wait of 211 seconds is required (caused by JoinChannelRequest)
2022-06-23 09:23:43 → 601112672704 → https://t.me/guangdongyue → 加群失败：A wait of 264 seconds is required (caused by JoinChannelRequest)
2022-06-23 09:23:48 → 6281252014638 → https://t.me/paofen55 → 加群失败：No user has "paofen55" as username
2022-06-23 09:23:52 → 6282143309506 → https://t.me/kmfw56789 → 加群失败：A wait of 164 seconds is required (caused by JoinChannelRequest)
2022-06-23 09:23:57 → 6282185500698 → https://t.me/wybf168168 → 加群失败：A wait of 131 seconds is required (caused by JoinChannelRequest)
2022-06-23 09:24:07 → 6281382130147 → https://t.me/olddriverhui → 加群失败：A wait of 114 seconds is required (caused by JoinChannelRequest)
2022-06-23 09:24:11 → 6282311464231 → https://t.me/MDhuaren1 → 加群失败：A wait of 217 seconds is required (caused by JoinChannelRequest)
2022-06-23 09:24:16 → 6281247516606 → https://t.me/AlgorandFoundationCN → 加群失败：A wait of 119 seconds is required (caused by JoinChannelRequest)
2022-06-23 09:24:20 → 6281252014638 → https://t.me/blsq55 → 加群失败：A wait of 150 seconds is required (caused by JoinChannelRequest)
2022-06-23 09:24:25 → 6282143309506 → https://t.me/xiaohao2018 → 加群失败：A wait of 131 seconds is required (caused by JoinChannelRequest)
2022-06-23 09:24:30 → 6281270146939 → https://t.me/bkexchinese → 加群失败：A wait of 113 seconds is required (caused by JoinChannelRequest)
2022-06-23 09:24:34 → 6282268584651 → https://t.me/olddrivercd → 加群失败：A wait of 149 seconds is required (caused by JoinChannelRequest)
2022-06-23 09:24:39 → 601112672704 → https://t.me/dubaiqq918 → 加群失败：A wait of 209 seconds is required (caused by JoinChannelRequest)
2022-06-23 09:24:43 → 601112672414 → https://t.me/bestvcommunity → 加群成功
2022-06-23 09:24:50 → 6288218733142 → https://t.me/KavaChinese → 加群失败：A wait of 99 seconds is required (caused by JoinChannelRequest)
2022-06-23 09:24:54 → 6281252013316 → https://t.me/ziyuan2 → 加群失败：A wait of 181 seconds is required (caused by JoinChannelRequest)
2022-06-23 09:24:59 → 6282185500698 → https://t.me/TG6766 → 加群失败：A wait of 69 seconds is required (caused by JoinChannelRequest)
2022-06-23 09:25:03 → 6283846077843 → https://t.me/radiocacaasian → 加群失败：A wait of 100 seconds is required (caused by JoinChannelRequest)
2022-06-23 09:25:08 → 6287803187488 → https://t.me/hi_Official_Chinese → 加群失败：A wait of 110 seconds is required (caused by JoinChannelRequest)
2022-06-23 09:25:12 → 6285349457363 → https://t.me/a1313652 → 加群失败：A wait of 118 seconds is required (caused by JoinChannelRequest)
2022-06-23 09:25:22 → 6283846077843 → https://t.me/BikingChineseGroup → 加群失败：A wait of 81 seconds is required (caused by JoinChannelRequest)
2022-06-23 09:25:26 → 6282311464231 → https://t.me/BAOAA → 加群失败：A wait of 142 seconds is required (caused by JoinChannelRequest)
2022-06-23 09:25:31 → 601112672414 → https://t.me/A_K_3A → 加群失败：A wait of 130 seconds is required (caused by JoinChannelRequest)
2022-06-23 09:25:35 → 6281252014638 → https://t.me/baocai217 → 加群失败：A wait of 75 seconds is required (caused by JoinChannelRequest)
2022-06-23 09:25:40 → 6285349457363 → https://t.me/jianpuzai777 → 加群失败：A wait of 90 seconds is required (caused by JoinChannelRequest)
2022-06-23 09:25:45 → 601112672704 → https://t.me/binance_api_chinese → 加群失败：A wait of 143 seconds is required (caused by JoinChannelRequest)
2022-06-23 09:26:37 → 6282143309506 → https://t.me/olddriver_gd → 加群成功
2022-06-23 09:26:43 → 6282185500698 → https://t.me/crxs778 → 加群成功
2022-06-23 09:26:58 → 6287803187488 → https://t.me/sakura_cloud → 加群成功
2022-06-23 09:27:05 → 6282268584651 → https://t.me/pigcommunity → 加群成功
2022-06-23 09:27:11 → 6288218733142 → https://t.me/pionexcn → 加群成功
2022-06-23 09:27:18 → 6281270146939 → https://t.me/huobiglobal_zw → 加群成功
2022-06-23 09:27:25 → 6281247516606 → https://t.me/deep3695 → 加群成功
2022-06-23 09:27:55 → 6281252013316 → https://t.me/TGlianmeng002 → 加群成功
2022-06-23 09:28:45 → 601112672704 → https://t.me/ColaChina → 加群成功
2022-06-23 09:28:52 → 6282311464231 → https://t.me/jfoisjfiodvfd → 加群成功
2022-06-23 09:28:59 → 6285349457363 → https://t.me/myfreevpn → 加群成功
2022-06-23 09:29:06 → 6281382130147 → https://t.me/tg858 → 加群失败：No user has "tg858" as username
2022-06-23 09:29:10 → 6283846077843 → https://t.me/linkdyh → 加群成功
2022-06-23 09:29:17 → 6281252013316 → https://t.me/zhifu7788 → 加群成功
2022-06-23 09:29:25 → 6287803187488 → https://t.me/tcelue1 → 加群成功
2022-06-23 09:29:32 → 6281247516606 → https://t.me/Socks55555 → 加群成功
2022-06-23 09:29:39 → 6281252014638 → https://t.me/kedoucloud → 加群成功
2022-06-23 09:29:46 → 601112672414 → https://t.me/chinadarknet → 加群成功
2022-06-23 09:29:52 → 6282268584651 → https://t.me/TG006 → 加群成功
2022-06-23 09:29:59 → 6282185500698 → https://t.me/fg528 → 加群成功
2022-06-23 09:30:06 → 6281270146939 → https://t.me/paofen315 → 加群成功
2022-06-23 09:30:14 → 6282143309506 → https://t.me/hi_official_chinese → 加群成功
2022-06-23 09:30:20 → 6288218733142 → https://t.me/pingan66chadang → 加群成功
2022-06-23 09:30:34 → 6282143309506 → https://t.me/gibxchange_cn → 加群成功
2022-06-23 09:30:41 → 6281252013316 → https://t.me/gz3388 → 加群成功
2022-06-23 09:30:50 → 601112672414 → https://t.me/tgyhzq → 加群成功
2022-06-23 09:30:57 → 6285349457363 → https://t.me/three001 → 加群成功
2022-06-23 09:31:04 → 6282311464231 → https://t.me/dibaihrg009 → 加群成功
2022-06-23 09:31:11 → 6282268584651 → https://t.me/dayofdefeatcn → 加群成功
2022-06-23 09:31:17 → 6282185500698 → https://t.me/OKXGroup_CN → 加群成功
2022-06-23 09:31:25 → 6287803187488 → https://t.me/flea66 → 加群成功
2022-06-23 09:31:32 → 601112672704 → https://t.me/chatssr → 加群成功
2022-06-23 09:31:38 → 6281247516606 → https://t.me/lhc168 → 加群成功
2022-06-23 09:31:46 → 6281270146939 → https://t.me/huizhouqun → 加群成功
2022-06-23 09:31:52 → 6288218733142 → https://t.me/galaxyheroescn → 加群成功
2022-06-23 09:31:59 → 6281252014638 → https://t.me/gdr666 → 加群失败：Cannot cast InputPeerUser to any kind of InputChannel.
2022-06-23 09:32:04 → 6281382130147 → https://t.me/InWebDarkNET → 加群成功
2022-06-23 09:32:11 → 6283846077843 → https://t.me/WKLhuaren → 加群成功
2022-06-23 09:32:23 → 6281252013316 → https://t.me/kachahu → 加群成功
2022-06-23 09:32:30 → 6283846077843 → https://t.me/ckidc666 → 加群成功
2022-06-23 09:32:37 → 6281270146939 → https://t.me/yinhangkausdt → 加群成功
2022-06-23 09:32:44 → 6282268584651 → https://t.me/zhuhai9 → 加群成功
2022-06-23 09:32:51 → 6281247516606 → https://t.me/feihelp → 加群成功
2022-06-23 09:32:57 → 601112672704 → https://t.me/HLS0002 → 加群成功
2022-06-23 09:33:05 → 601112672414 → https://t.me/ys52111 → 加群成功
2022-06-23 09:33:12 → 6282185500698 → https://t.me/usdtdfds → 加群成功
2022-06-23 09:33:34 → 6281382130147 → https://t.me/Shore999888 → 加群成功
2022-06-23 09:33:41 → 6282311464231 → https://t.me/huichan_com_grp → 加群成功
2022-06-23 09:33:48 → 6288218733142 → https://t.me/mayishequ → 加群成功
2022-06-23 09:33:55 → 6287803187488 → https://t.me/ca0505 → 加群成功
2022-06-23 09:34:02 → 6281252014638 → https://t.me/goutuiclub → 加群成功
2022-06-23 09:34:11 → 6285349457363 → https://t.me/xuanchengolddriver → 加群成功
2022-06-23 09:34:18 → 6282143309506 → https://t.me/TG907 → 加群成功
2022-06-23 09:34:31 → 6281247516606 → https://t.me/botong002 → 加群成功
2022-06-23 09:34:38 → 6281270146939 → https://t.me/CvvinternalOrganization → 加群成功
2022-06-23 09:34:47 → 601112672704 → https://t.me/btokofficial_03 → 加群失败：群组禁止访问
2022-06-23 09:34:52 → 6281252013316 → https://t.me/xbzijian → 加群成功
2022-06-23 09:35:01 → 6285349457363 → https://t.me/huaxingyl8 → 加群失败：No user has "huaxingyl8" as username
2022-06-23 09:35:06 → 6281252014638 → https://t.me/xingbi0088 → 加群成功
2022-06-23 09:35:12 → 601112672414 → https://t.me/se_talk → 加群成功
2022-06-23 09:35:20 → 6281382130147 → https://t.me/pcptm → 加群成功
2022-06-23 09:35:26 → 6283846077843 → https://t.me/dyjiaoliu → 加群成功
2022-06-23 09:35:33 → 6282185500698 → https://t.me/DIP9188 → 加群成功
2022-06-23 09:35:40 → 6282268584651 → https://t.me/bdzycom → 加群成功
2022-06-23 09:35:47 → 6282143309506 → https://t.me/binzhouqun → 加群成功
2022-06-23 09:35:54 → 6287803187488 → https://t.me/tg088 → 加群成功
2022-06-23 09:36:02 → 6282311464231 → https://t.me/ai699 → 加群成功
2022-06-23 09:36:08 → 6288218733142 → https://t.me/yueaijilu → 加群成功
2022-06-23 09:36:20 → 601112672704 → https://t.me/haojing168 → 加群成功
2022-06-23 09:36:27 → 6282311464231 → https://t.me/btokcn_0014 → 加群成功
2022-06-23 09:36:34 → 6281252013316 → https://t.me/seeyellow → 加群成功
2022-06-23 09:36:41 → 6281247516606 → https://t.me/zhongwen6 → 加群成功
2022-06-23 09:36:48 → 6281252014638 → https://t.me/doge88 → 加群成功
2022-06-23 09:36:55 → 6288218733142 → https://t.me/cyj1188 → 加群成功
2022-06-23 09:37:02 → 6283846077843 → https://t.me/tg006 → 加群成功
2022-06-23 09:37:09 → 6287803187488 → https://t.me/zzlsjbyq → 加群成功
2022-06-23 09:37:15 → 6285349457363 → https://t.me/zb_support → 加群成功
2022-06-23 09:37:22 → 6282268584651 → https://t.me/mihuzahuopu → 加群成功
2022-06-23 09:37:29 → 6282185500698 → https://t.me/allswapcn → 加群成功
2022-06-23 09:37:36 → 6282143309506 → https://t.me/zhifubaojiefeng → 加群成功
2022-06-23 09:37:43 → 6281382130147 → https://t.me/pg528 → 加群成功
2022-06-23 09:37:49 → 601112672414 → https://t.me/hgmhxz → 加群成功
2022-06-23 09:37:56 → 6281270146939 → https://t.me/dockertutorial → 加群失败：RPCError 400: INVITE_REQUEST_SENT (caused by JoinChannelRequest)
2022-06-23 09:38:06 → 6288218733142 → https://t.me/lasihaima266 → 加群成功
2022-06-23 09:38:13 → 6282143309506 → https://t.me/zscd1 → 加群成功
2022-06-23 09:38:20 → 6281252014638 → https://t.me/yuehui8 → 加群成功
2022-06-23 09:38:27 → 601112672704 → https://t.me/ydsj1 → 加群成功
2022-06-23 09:38:34 → 6287803187488 → https://t.me/tg0799 → 加群成功
2022-06-23 09:38:41 → 6282268584651 → https://t.me/asiaweed → 加群成功
2022-06-23 09:39:09 → 6281247516606 → https://t.me/faka58 → 加群成功
2022-06-23 09:39:16 → 6282185500698 → https://t.me/wuhpay → 加群成功
2022-06-23 09:39:23 → 6281382130147 → https://t.me/zhongshandidi → 加群成功
2022-06-23 09:39:30 → 6283846077843 → https://t.me/xianliao01 → 加群成功
2022-06-23 09:39:37 → 6281270146939 → https://t.me/ColaChina → 加群成功
2022-06-23 09:39:44 → 6282311464231 → https://t.me/yxbjx → 加群成功
2022-06-23 09:39:50 → 601112672414 → https://t.me/hi_Official_Chinese → 加群成功
2022-06-23 09:39:57 → 6281252013316 → https://t.me/pshqo → 加群成功
2022-06-23 09:40:10 → 601112672414 → https://t.me/aofexcn → 加群成功
2022-06-23 09:40:17 → 6282268584651 → https://t.me/tgdanbao000 → 加群成功
2022-06-23 09:40:24 → 6281252013316 → https://t.me/im0471 → 加群成功
2022-06-23 09:40:31 → 6281382130147 → https://t.me/saltyleo_blog → 加群成功
2022-06-23 09:40:38 → 6282311464231 → https://t.me/beiluochat → 加群成功
2022-06-23 09:40:47 → 6287803187488 → https://t.me/nwdr888 → 加群成功
2022-06-23 09:40:54 → 6281270146939 → https://t.me/xmarspace → 加群成功
2022-06-23 09:41:02 → 6285349457363 → https://t.me/daishoujiaoyi → 加群成功
2022-06-23 09:41:09 → 6282185500698 → https://t.me/huaao1 → 加群成功
2022-06-23 09:41:16 → 6283846077843 → https://t.me/mla9999 → 加群成功
2022-06-23 09:41:22 → 6281247516606 → https://t.me/nbydxyk1 → 加群成功
2022-06-23 09:41:29 → 601112672704 → https://t.me/HTCOLV → 加群成功
2022-06-23 09:41:36 → 6282143309506 → https://t.me/nanjing025 → 加群失败：No user has "nanjing025" as username
2022-06-23 09:41:40 → 6281252014638 → https://t.me/TG55555555555 → 加群成功
2022-06-23 09:41:48 → 6288218733142 → https://t.me/tgdl128 → 加群成功
2022-06-23 09:42:00 → 6288218733142 → https://t.me/tg8848community → 加群成功
2022-06-23 09:42:07 → 6283846077843 → https://t.me/hwhrbbs → 加群成功
2022-06-23 09:42:14 → 601112672704 → https://t.me/xysbbs → 加群成功
2022-06-23 09:42:21 → 6281252014638 → https://t.me/wangzhuanusdt → 加群成功
2022-06-23 09:42:43 → 6281382130147 → https://t.me/bz8822 → 加群成功
2022-06-23 09:42:52 → 6281252013316 → https://t.me/daifu76 → 加群成功
2022-06-23 09:43:14 → 6281247516606 → https://t.me/australiasydneychat → 加群成功
2022-06-23 09:43:21 → 601112672414 → https://t.me/tg_88888 → 加群成功
2022-06-23 09:43:28 → 6282185500698 → https://t.me/myanmarcn → 加群成功
2022-06-23 09:43:38 → 6285349457363 → https://t.me/kaiheo → 加群成功
2022-06-23 09:43:46 → 6287803187488 → https://t.me/qht888 → 加群失败：Nobody is using this username, or the username is unacceptable. If the latter, it must match r"[a-zA-Z][\w\d]{3,30}[a-zA-Z\d]" (caused by ResolveUsernameRequest)
2022-06-23 09:43:50 → 6282268584651 → https://t.me/wz513064 → 加群成功
2022-06-23 09:43:57 → 6281270146939 → https://t.me/dbjlq1 → 加群成功
2022-06-23 09:44:04 → 6282143309506 → https://t.me/az123818 → 加群成功
2022-06-23 09:44:11 → 6282311464231 → https://t.me/sunshineyyds → 加群成功
2022-06-23 09:44:23 → 6282311464231 → https://t.me/ak11828 → 加群成功
2022-06-23 09:44:30 → 6285349457363 → https://t.me/xxg863 → 加群成功
2022-06-23 09:44:37 → 6288218733142 → https://t.me/Gm0008 → 加群成功
2022-06-23 09:44:44 → 6282143309506 → https://t.me/tz636 → 加群成功
2022-06-23 09:44:51 → 6287803187488 → https://t.me/binancechinese → 加群成功
2022-06-23 09:44:57 → 6283846077843 → https://t.me/maticnetwork_china → 加群成功
2022-06-23 09:45:04 → 6281382130147 → https://t.me/feihuaph → 加群成功
2022-06-23 09:45:11 → 601112672414 → https://t.me/bozaiweb → 加群成功
2022-06-23 09:45:19 → 601112672704 → https://t.me/Dingshia → 加群成功
2022-06-23 09:45:25 → 6281252014638 → https://t.me/MDhuaren1 → 加群成功
2022-06-23 09:45:32 → 6281247516606 → https://t.me/ssunion → 加群成功
2022-06-23 09:45:39 → 6281270146939 → https://t.me/fwbzy → 加群成功
2022-06-23 09:45:46 → 6282268584651 → https://t.me/WKLhuaren → 加群成功
2022-06-23 09:45:53 → 6281252013316 → https://t.me/usdtbmw → 加群成功
2022-06-23 09:46:00 → 6282185500698 → https://t.me/caoji565 → 加群成功
2022-06-23 09:46:12 → 6283846077843 → https://t.me/ibox_official → 加群成功
2022-06-23 09:46:19 → 6282185500698 → https://t.me/si1688 → 加群失败：A wait of 625 seconds is required (caused by JoinChannelRequest)
2022-06-23 09:46:24 → 601112672414 → https://t.me/shell66666 → 加群成功
2022-06-23 09:46:31 → 601112672704 → https://t.me/tg771 → 加群成功
2022-06-23 09:46:38 → 6281382130147 → https://t.me/chaguaner → 加群成功
2022-06-23 09:46:44 → 6287803187488 → https://t.me/TG006 → 加群成功
2022-06-23 09:46:52 → 6281270146939 → https://t.me/officelearner → 加群失败：A wait of 628 seconds is required (caused by JoinChannelRequest)
2022-06-23 09:46:56 → 6282268584651 → https://t.me/paofen33 → 加群失败：A wait of 609 seconds is required (caused by JoinChannelRequest)
2022-06-23 09:47:01 → 6281247516606 → https://t.me/laoyingchuhai8 → 加群成功
2022-06-23 09:47:08 → 6288218733142 → https://t.me/bcweb → 加群失败：A wait of 604 seconds is required (caused by JoinChannelRequest)
2022-06-23 09:47:12 → 6282143309506 → https://t.me/gaigangs → 加群成功
2022-06-23 09:47:19 → 6282311464231 → https://t.me/USTCtg → 加群成功
2022-06-23 09:47:27 → 6281252013316 → https://t.me/tgdl128 → 加群失败：A wait of 629 seconds is required (caused by JoinChannelRequest)
2022-06-23 09:47:32 → 6281252014638 → https://t.me/guminlaqun66 → 加群成功
2022-06-23 09:47:39 → 6285349457363 → https://t.me/BKEXChinese → 加群成功
2022-06-23 09:47:52 → 6281252013316 → https://t.me/pionexcn → 加群失败：A wait of 604 seconds is required (caused by JoinChannelRequest)
2022-06-23 09:47:56 → 6281247516606 → https://t.me/tg166 → 加群失败：A wait of 570 seconds is required (caused by JoinChannelRequest)
2022-06-23 09:48:01 → 6282143309506 → https://t.me/ytzx2 → 加群失败：A wait of 516 seconds is required (caused by JoinChannelRequest)
2022-06-23 09:48:05 → 601112672704 → https://t.me/xianliao01 → 加群成功
2022-06-23 09:48:12 → 6285349457363 → https://t.me/server699 → 加群成功
2022-06-23 09:48:19 → 6282185500698 → https://t.me/coinbetter_cn → 加群失败：No user has "coinbetter_cn" as username
2022-06-23 09:48:23 → 6288218733142 → https://t.me/paofenht → 加群成功
2022-06-23 09:48:30 → 601112672414 → https://t.me/FHLMTEAM → 加群失败：A wait of 677 seconds is required (caused by JoinChannelRequest)
2022-06-23 09:48:35 → 6287803187488 → https://t.me/danbao96 → 加群失败：A wait of 503 seconds is required (caused by JoinChannelRequest)
2022-06-23 09:48:40 → 6281252014638 → https://t.me/HuNanTG → 加群成功
2022-06-23 09:48:49 → 6282311464231 → https://t.me/pingan66shop → 加群成功
2022-06-23 09:48:56 → 6282268584651 → https://t.me/yangjiangchannel → 加群失败：A wait of 489 seconds is required (caused by JoinChannelRequest)
2022-06-23 09:49:00 → 6281270146939 → https://t.me/botong002 → 加群失败：A wait of 499 seconds is required (caused by JoinChannelRequest)
2022-06-23 09:49:05 → 6281382130147 → https://t.me/liang1112233 → 加群成功
2022-06-23 09:49:11 → 6283846077843 → https://t.me/shcpco → 加群失败：A wait of 600 seconds is required (caused by JoinChannelRequest)
2022-06-23 09:49:22 → 6281270146939 → https://t.me/TG006 → 加群失败：A wait of 477 seconds is required (caused by JoinChannelRequest)
2022-06-23 09:49:26 → 601112672704 → https://t.me/goutui → 加群失败：A wait of 560 seconds is required (caused by JoinChannelRequest)
2022-06-23 09:49:31 → 6287803187488 → https://t.me/programertalk → 加群失败：A wait of 447 seconds is required (caused by JoinChannelRequest)
2022-06-23 09:49:35 → 601112672414 → https://t.me/dibai778899 → 加群失败：A wait of 612 seconds is required (caused by JoinChannelRequest)
2022-06-23 09:49:40 → 6282185500698 → https://t.me/xxup1121 → 加群失败：A wait of 424 seconds is required (caused by JoinChannelRequest)
2022-06-23 09:49:44 → 6288218733142 → https://t.me/zhenggui → 加群失败：A wait of 448 seconds is required (caused by JoinChannelRequest)
2022-06-23 09:49:49 → 6282268584651 → https://t.me/balance863 → 加群失败：A wait of 436 seconds is required (caused by JoinChannelRequest)
2022-06-23 09:49:53 → 6281252013316 → https://t.me/bitcoin_cn → 加群失败：A wait of 483 seconds is required (caused by JoinChannelRequest)
2022-06-23 17:38:10 → 6281252014638 → https://t.me/tg96110 → 加群成功
2022-06-23 17:38:17 → 6281252013316 → https://t.me/myfreevpn → 加群成功
2022-06-23 17:38:24 → 6285349457363 → https://t.me/shell66666 → 加群成功
2022-06-23 17:38:31 → 601112672704 → https://t.me/MDhuaren1 → 加群成功
2022-06-23 17:38:38 → 601112672414 → https://t.me/xianliao01 → 加群成功
2022-06-23 17:38:45 → 6281247516606 → https://t.me/ysshuju1 → 加群成功
2022-06-23 17:38:52 → 6287803187488 → https://t.me/tronnetworkcn → 加群成功
2022-06-23 17:38:59 → 6282268584651 → https://t.me/yyl001 → 加群失败：群组禁止访问
2022-06-23 17:39:04 → 6282143309506 → https://t.me/TG12389 → 加群成功
2022-06-23 17:39:12 → 6281382130147 → https://t.me/huaao1 → 加群成功
2022-06-23 17:39:20 → 6282185500698 → https://t.me/lhc168 → 加群成功
2022-06-23 17:39:28 → 6283846077843 → https://t.me/TGhuaren1 → 加群成功
2022-06-23 17:39:35 → 6288218733142 → https://t.me/kaiheo → 加群成功
2022-06-23 17:39:43 → 6281270146939 → https://t.me/mayishequ → 加群成功
2022-06-23 17:39:51 → 6282311464231 → https://t.me/yamzcunziyuanduij → 加群成功
2022-06-23 17:40:05 → 6283846077843 → https://t.me/wy173 → 加群成功
2022-06-23 17:40:12 → 6281382130147 → https://t.me/fw866 → 加群成功
2022-06-23 17:40:20 → 6282185500698 → https://t.me/AlgorandFoundationCN → 加群成功
2022-06-23 17:40:27 → 6282311464231 → https://t.me/Sz1888 → 加群成功
2022-06-23 17:40:34 → 601112672414 → https://t.me/axujj → 加群成功
2022-06-23 17:40:41 → 6282268584651 → https://t.me/usdthuihuan → 加群成功
2022-06-23 17:41:04 → 6281252014638 → https://t.me/weikang2020 → 加群成功
2022-06-23 17:41:11 → 6282143309506 → https://t.me/wybf168168 → 加群成功
2022-06-23 17:41:19 → 6288218733142 → https://t.me/tghc1 → 加群成功
2022-06-23 17:41:26 → 6287803187488 → https://t.me/WKLhuaren → 加群成功
2022-06-23 17:41:33 → 601112672704 → https://t.me/CKidc666 → 加群失败：群组禁止访问
2022-06-23 17:41:38 → 6281247516606 → https://t.me/TG0188 → 加群成功
2022-06-23 17:41:45 → 6281270146939 → https://t.me/usdt43 → 加群成功
2022-06-23 17:42:07 → 6285349457363 → https://t.me/nbydxyk1 → 加群成功
2022-06-23 17:42:14 → 6281252013316 → https://t.me/yizhifu678 → 加群成功
2022-06-23 17:42:28 → 6281382130147 → https://t.me/mf_group → 加群成功
2022-06-23 17:42:35 → 6281247516606 → https://t.me/programertalk → 加群成功
2022-06-23 17:42:42 → 6281252013316 → https://t.me/myanmarcn → 加群成功
2022-06-23 17:42:52 → 6282185500698 → https://t.me/Nst_WP → 加群成功
2022-06-23 17:42:59 → 6281252014638 → https://t.me/lbank_cn → 加群成功
2022-06-23 17:43:06 → 6282311464231 → https://t.me/zhifubaojiefeng → 加群成功
2022-06-23 17:43:13 → 6282268584651 → https://t.me/asiaweed → 加群成功
2022-06-23 17:43:20 → 6285349457363 → https://t.me/pigcommunity → 加群成功
2022-06-23 17:43:27 → 601112672414 → https://t.me/nwdr888 → 加群成功
2022-06-23 17:43:35 → 601112672704 → https://t.me/meizi005 → 加群成功
2022-06-23 17:43:42 → 6288218733142 → https://t.me/pshqo → 加群成功
2022-06-23 17:43:50 → 6283846077843 → https://t.me/huanxiangyouxi → 加群成功
2022-06-23 17:43:58 → 6281270146939 → https://t.me/bacommu → 加群成功
2022-06-23 17:44:06 → 6282143309506 → https://t.me/jfoisjfiodvfd → 加群成功
2022-06-23 17:44:14 → 6287803187488 → https://t.me/ColaChina → 加群成功
2022-06-23 17:44:28 → 6281247516606 → https://t.me/xjltq → 加群成功
2022-06-23 17:44:35 → 6281270146939 → https://t.me/huihui220 → 加群成功
2022-06-23 17:44:42 → 6282143309506 → https://t.me/galaxyheroescn → 加群成功
2022-06-23 17:44:49 → 6281382130147 → https://t.me/wubuxianjingziyuan → 加群成功
2022-06-23 17:44:56 → 6282268584651 → https://t.me/fluxdefi → 加群成功
2022-06-23 17:45:03 → 6282311464231 → https://t.me/TG907 → 加群成功
2022-06-23 17:45:11 → 6285349457363 → https://t.me/tg166 → 加群成功
2022-06-23 17:45:18 → 6281252014638 → https://t.me/gaigangs → 加群成功
2022-06-23 17:45:25 → 6283846077843 → https://t.me/homeassiant666 → 加群失败：群组禁止访问
2022-06-23 17:45:30 → 601112672414 → https://t.me/shcpco → 加群成功
2022-06-23 17:45:37 → 6288218733142 → https://t.me/xuanchengolddriver → 加群成功
2022-06-23 17:45:44 → 6281252013316 → https://t.me/shuju666886 → 加群失败：No user has "shuju666886" as username
2022-06-23 17:45:49 → 601112672704 → https://t.me/flea66 → 加群成功
2022-06-23 17:45:56 → 6287803187488 → https://t.me/pingan66chadang → 加群成功
2022-06-23 17:46:05 → 6282185500698 → https://t.me/justmysockscn → 加群成功
2022-06-23 17:46:21 → 6281270146939 → https://t.me/paofen33 → 加群成功
2022-06-23 17:46:28 → 601112672414 → https://t.me/binancechinese → 加群成功
2022-06-23 17:46:35 → 6287803187488 → https://t.me/bdzycom → 加群成功
2022-06-23 17:46:42 → 6283846077843 → https://t.me/xmsji → 加群成功
2022-06-23 17:46:49 → 6282311464231 → https://t.me/az123818 → 加群成功
2022-06-23 17:46:56 → 6282268584651 → https://t.me/si1688 → 加群成功
2022-06-23 17:47:03 → 6285349457363 → https://t.me/dibaicn → 加群成功
2022-06-23 17:47:10 → 6281252014638 → https://t.me/pfwcn → 加群成功
2022-06-23 17:47:17 → 601112672704 → https://t.me/xjltq → 加群成功
2022-06-23 17:47:24 → 6281247516606 → https://t.me/quanzhangshequ → 加群成功
2022-06-23 17:47:31 → 6288218733142 → https://t.me/tg12389 → 加群成功
2022-06-23 17:47:40 → 6282143309506 → https://t.me/discussimmigration → 加群成功
2022-06-23 17:47:47 → 6281382130147 → https://t.me/aofexcn → 加群成功
2022-06-23 17:47:54 → 6282185500698 → https://t.me/BKEXChinese → 加群成功
2022-06-23 17:48:01 → 6281252013316 → https://t.me/lasihaima266 → 加群成功
2022-06-23 17:48:15 → 6285349457363 → https://t.me/huione888 → 加群成功
2022-06-23 17:48:22 → 6281382130147 → https://t.me/lkdxqf88 → 加群成功
2022-06-23 17:48:29 → 6282311464231 → https://t.me/ussyu → 加群成功
2022-06-23 17:48:37 → 6287803187488 → https://t.me/TGlianmeng002 → 加群成功
2022-06-23 17:48:44 → 6281247516606 → https://t.me/wwxcxinting → 加群成功
2022-06-23 17:48:52 → 6281252014638 → https://t.me/hzaxx → 加群成功
2022-06-23 17:48:59 → 6288218733142 → https://t.me/tsdb01 → 加群成功
2022-06-23 17:49:06 → 6281270146939 → https://t.me/fhlmteam → 加群成功
2022-06-23 17:49:13 → 6281252013316 → https://t.me/yugzf → 加群成功
2022-06-23 17:49:21 → 6282268584651 → https://t.me/yuantoushuju5 → 加群成功
2022-06-23 17:49:28 → 601112672704 → https://t.me/light_up_comm → 加群成功
2022-06-23 17:49:35 → 6283846077843 → https://t.me/iampua → 加群成功
2022-06-23 17:49:42 → 6282143309506 → https://t.me/tg108 → 加群成功
2022-06-23 17:49:49 → 6282185500698 → https://t.me/Gm0008 → 加群成功
2022-06-23 17:49:56 → 601112672414 → https://t.me/ccv348 → 加群成功
2022-06-23 17:50:10 → 6281252013316 → https://t.me/chatssr → 加群成功
2022-06-23 17:50:20 → 601112672704 → https://t.me/raicoincn → 加群成功
2022-06-23 17:50:27 → 6288218733142 → https://t.me/BinanceChinese → 加群成功
2022-06-23 17:50:34 → 6281382130147 → https://t.me/liuxingsq → 加群成功
2022-06-23 17:50:42 → 6281252014638 → https://t.me/avnrichchinese_chat → 加群成功
2022-06-23 17:50:49 → 6285349457363 → https://t.me/hoogroupchinese → 加群成功
2022-06-23 17:50:56 → 6282311464231 → https://t.me/dhjlq → 加群成功
2022-06-23 17:51:03 → 6281247516606 → https://t.me/btokcn_0014 → 加群成功
2022-06-23 17:51:10 → 6283846077843 → https://t.me/esmascript6 → 加群成功
2022-06-23 17:51:17 → 6282268584651 → https://t.me/tg1949521 → 加群成功
2022-06-23 17:51:24 → 6287803187488 → https://t.me/fg528 → 加群成功
2022-06-23 17:51:31 → 6282185500698 → https://t.me/gm0008 → 加群成功
2022-06-23 17:51:38 → 6281270146939 → https://t.me/pingan66shop → 加群成功
2022-06-23 17:51:47 → 601112672414 → https://t.me/bz8822 → 加群成功
2022-06-23 17:51:58 → 6282143309506 → https://t.me/sakura_cloud → 加群成功
2022-06-23 17:52:12 → 601112672414 → https://t.me/hwhrbbs → 加群成功
2022-06-23 17:52:19 → 6281252014638 → https://t.me/ca0505 → 加群成功
2022-06-23 17:52:26 → 601112672704 → https://t.me/KavaChinese → 加群成功
2022-06-23 17:52:33 → 6282311464231 → https://t.me/tg858 → 加群失败：No user has "tg858" as username
2022-06-23 17:52:38 → 6282185500698 → https://t.me/yindutg → 加群成功
2022-06-23 17:52:45 → 6287803187488 → https://t.me/pionexcn → 加群成功
2022-06-23 17:52:52 → 6282268584651 → https://t.me/zeronetzh → 加群成功
2022-06-23 17:52:59 → 6282143309506 → https://t.me/MDhuaren1 → 加群成功
2022-06-23 17:53:06 → 6281247516606 → https://t.me/chlmzy → 加群成功
2022-06-23 17:53:13 → 6288218733142 → https://t.me/tokaucn → 加群成功
2022-06-23 17:53:20 → 6283846077843 → https://t.me/btokofficial_03 → 加群成功
2022-06-23 17:53:27 → 6281382130147 → https://t.me/shuju888666 → 加群成功
2022-06-23 17:53:34 → 6281252013316 → https://t.me/kachahu → 加群成功
2022-06-23 17:53:41 → 6285349457363 → https://t.me/server699 → 加群失败：群组禁止访问
2022-06-23 17:53:46 → 6281270146939 → https://t.me/dbjlq1 → 加群成功
2022-06-23 17:54:00 → 601112672704 → https://t.me/xcarnival_chinese → 加群成功
2022-06-23 17:54:07 → 6287803187488 → https://t.me/dmzf8 → 加群成功
2022-06-23 17:54:15 → 6282311464231 → https://t.me/iClubHouse → 加群成功
2022-06-23 17:54:25 → 6282143309506 → https://t.me/shore999888 → 加群成功
2022-06-23 17:54:32 → 6282268584651 → https://t.me/chaguaner → 加群成功
2022-06-23 17:54:39 → 6283846077843 → https://t.me/shenma001 → 加群成功
2022-06-23 17:54:46 → 6281252014638 → https://t.me/chaoxi → 加群成功
2022-06-23 17:54:56 → 6281247516606 → https://t.me/vfucloud → 加群成功
2022-06-23 17:55:03 → 601112672414 → https://t.me/aomenliuhe88 → 加群成功
2022-06-23 17:55:10 → 6281252013316 → https://t.me/duanxin2008 → 加群成功
2022-06-23 17:55:17 → 6288218733142 → https://t.me/yuantoushuju4 → 加群成功
2022-06-23 17:55:25 → 6281270146939 → https://t.me/fastfish2 → 加群成功
2022-06-23 17:55:35 → 6281382130147 → https://t.me/dockertutorial → 加群失败：RPCError 400: INVITE_REQUEST_SENT (caused by JoinChannelRequest)
2022-06-23 17:55:40 → 6285349457363 → https://t.me/wuhpay → 加群成功
2022-06-23 17:55:47 → 6282185500698 → https://t.me/dibai8880 → 加群成功
2022-06-23 17:56:00 → 6287803187488 → https://t.me/paofen55 → 加群失败：No user has "paofen55" as username
2022-06-23 17:56:05 → 6283846077843 → https://t.me/TG6766 → 加群成功
2022-06-23 17:56:12 → 6282185500698 → https://t.me/FHLMTEAM → 加群成功
2022-06-23 17:56:19 → 601112672704 → https://t.me/kmfw56789 → 加群成功
2022-06-23 17:56:26 → 6285349457363 → https://t.me/PHMAKA107 → 加群成功
2022-06-23 17:56:33 → 6281247516606 → https://t.me/mingmen520 → 加群成功
2022-06-23 17:56:40 → 6282311464231 → https://t.me/pionexcn → 加群成功
2022-06-23 17:56:47 → 6281382130147 → https://t.me/linkdyh → 加群成功
2022-06-23 17:56:54 → 6282268584651 → https://t.me/olddriver_gd → 加群成功
2022-06-23 17:57:02 → 6288218733142 → https://t.me/ckidc666 → 加群成功
2022-06-23 17:57:09 → 6282143309506 → https://t.me/ai699 → 加群成功
2022-06-23 17:57:16 → 6281270146939 → https://t.me/xinbi_088 → 加群成功
2022-06-23 17:57:23 → 6281252014638 → https://t.me/quanqiushouhuo → 加群成功
2022-06-23 17:57:30 → 601112672414 → https://t.me/x00008 → 加群成功
2022-06-23 17:57:37 → 6281252013316 → https://t.me/tg328 → 加群成功
2022-06-23 17:57:51 → 6281382130147 → https://t.me/expressnode → 加群失败：A wait of 683 seconds is required (caused by JoinChannelRequest)
2022-06-23 17:57:55 → 6281252014638 → https://t.me/tg148 → 加群失败：A wait of 615 seconds is required (caused by JoinChannelRequest)
2022-06-23 17:58:00 → 601112672704 → https://t.me/bailaohui_cvv → 加群成功
2022-06-23 17:58:08 → 6285349457363 → https://t.me/olddriver_cdu → 加群成功
2022-06-23 17:58:15 → 6288218733142 → https://t.me/mla9999 → 加群成功
2022-06-23 17:58:22 → 6283846077843 → https://t.me/lendhub → 加群成功
2022-06-23 17:58:29 → 6281252013316 → https://t.me/xingbi0088 → 加群成功
2022-06-23 17:58:36 → 6281247516606 → https://t.me/ibox_official → 加群失败：A wait of 610 seconds is required (caused by JoinChannelRequest)
2022-06-23 17:58:41 → 6281270146939 → https://t.me/www589qkcom → 加群成功
2022-06-23 17:58:48 → 6282185500698 → https://t.me/cn_talk → 加群成功
2022-06-23 17:58:55 → 601112672414 → https://t.me/tg771 → 加群失败：A wait of 584 seconds is required (caused by JoinChannelRequest)
2022-06-23 17:59:00 → 6282143309506 → https://t.me/huichan_com_grp → 加群失败：A wait of 605 seconds is required (caused by JoinChannelRequest)
2022-06-23 17:59:06 → 6282268584651 → https://t.me/AlipayJiFu → 加群成功
2022-06-23 17:59:13 → 6282311464231 → https://t.me/BAOAA → 加群成功
2022-06-23 17:59:20 → 6287803187488 → https://t.me/jiu_777 → 加群成功
2022-06-23 17:59:35 → 6281270146939 → https://t.me/tg6198 → 加群失败：A wait of 610 seconds is required (caused by JoinChannelRequest)
2022-06-23 17:59:39 → 6283846077843 → https://t.me/bandwagonhostgroup → 加群失败：A wait of 590 seconds is required (caused by JoinChannelRequest)
2022-06-23 17:59:44 → 6282143309506 → https://t.me/loufenha → 加群失败：A wait of 561 seconds is required (caused by JoinChannelRequest)
2022-06-23 17:59:49 → 6287803187488 → https://t.me/laowangdan → 加群失败：A wait of 544 seconds is required (caused by JoinChannelRequest)
2022-06-23 17:59:54 → 601112672704 → https://t.me/dubaiqq918 → 加群失败：A wait of 518 seconds is required (caused by JoinChannelRequest)
2022-06-23 17:59:59 → 6281247516606 → https://t.me/v2rayn → 加群失败：A wait of 527 seconds is required (caused by JoinChannelRequest)
2022-06-23 18:00:04 → 6282185500698 → https://t.me/liaobshe → 加群失败：A wait of 617 seconds is required (caused by JoinChannelRequest)
2022-06-23 18:00:09 → 6281252014638 → https://t.me/xbzijian → 加群失败：A wait of 481 seconds is required (caused by JoinChannelRequest)
2022-06-23 18:00:14 → 6285349457363 → https://t.me/njwwjpxc → 加群成功
2022-06-23 18:00:21 → 6282311464231 → https://t.me/BinanceChinese → 加群失败：A wait of 571 seconds is required (caused by JoinChannelRequest)
2022-06-23 18:00:26 → 6282268584651 → https://t.me/BinancePoolChinese → 加群成功
2022-06-23 18:00:33 → 6281252013316 → https://t.me/tongdao25 → 加群失败：A wait of 465 seconds is required (caused by JoinChannelRequest)
2022-06-23 18:00:38 → 6288218733142 → https://t.me/YYL001 → 加群成功
2022-06-23 18:00:47 → 601112672414 → https://t.me/TG006 → 加群失败：群组禁止访问
2022-06-23 18:00:52 → 6281382130147 → https://t.me/HuNanTG → 加群失败：A wait of 501 seconds is required (caused by JoinChannelRequest)
2022-06-23 18:01:04 → 6281382130147 → https://t.me/guiyangpapa → 加群失败：A wait of 490 seconds is required (caused by JoinChannelRequest)
2022-06-23 18:01:08 → 6288218733142 → https://t.me/daifu76 → 加群失败：A wait of 508 seconds is required (caused by JoinChannelRequest)
2022-06-23 18:01:13 → 6283846077843 → https://t.me/kaihesoft → 加群失败：A wait of 496 seconds is required (caused by JoinChannelRequest)
2022-06-23 18:01:18 → 6282185500698 → https://t.me/tg_king80 → 加群失败：A wait of 543 seconds is required (caused by JoinChannelRequest)
2022-06-23 18:01:23 → 6281270146939 → https://t.me/BinancePoolChinese → 加群失败：A wait of 501 seconds is required (caused by JoinChannelRequest)
2022-06-23 18:01:28 → 601112672414 → https://t.me/feihelp → 加群失败：A wait of 431 seconds is required (caused by JoinChannelRequest)
2022-06-23 18:01:33 → 6282268584651 → https://t.me/yuanyuzhou8 → 加群失败：A wait of 549 seconds is required (caused by JoinChannelRequest)
2022-06-23 18:01:39 → 6282311464231 → https://t.me/tgyhzq → 加群失败：A wait of 494 seconds is required (caused by JoinChannelRequest)
2022-06-23 18:01:43 → 6287803187488 → https://t.me/juliang666 → 加群失败：A wait of 430 seconds is required (caused by JoinChannelRequest)
2022-06-23 18:01:48 → 6281247516606 → https://t.me/QQXGQQ → 加群失败：A wait of 418 seconds is required (caused by JoinChannelRequest)
2022-06-23 18:01:53 → 6282143309506 → https://t.me/olddrivercd → 加群失败：A wait of 432 seconds is required (caused by JoinChannelRequest)
2022-06-23 18:01:58 → 601112672704 → https://t.me/australiasydneychat → 加群失败：A wait of 394 seconds is required (caused by JoinChannelRequest)
2022-06-23 18:02:03 → 6285349457363 → https://t.me/mikebill888 → 加群成功
2022-06-23 18:02:10 → 6281252014638 → https://t.me/tg006 → 加群失败：A wait of 360 seconds is required (caused by JoinChannelRequest)
2022-06-23 18:02:15 → 6281252013316 → https://t.me/BKEXChinese → 加群失败：A wait of 363 seconds is required (caused by JoinChannelRequest)
2022-06-23 18:02:27 → 6282311464231 → https://t.me/bkexchinese → 加群失败：A wait of 446 seconds is required (caused by JoinChannelRequest)
2022-06-23 18:02:31 → 6287803187488 → https://t.me/aomenliuhe88 → 加群失败：A wait of 382 seconds is required (caused by JoinChannelRequest)
2022-06-23 18:02:36 → 6281270146939 → https://t.me/tg088 → 加群失败：A wait of 428 seconds is required (caused by JoinChannelRequest)
2022-06-23 18:02:41 → 6282268584651 → https://t.me/im0471 → 加群失败：A wait of 481 seconds is required (caused by JoinChannelRequest)
2022-06-23 18:02:46 → 6288218733142 → https://t.me/gif128 → 加群失败：A wait of 410 seconds is required (caused by JoinChannelRequest)
2022-06-23 18:02:51 → 6281382130147 → https://t.me/a_k_3a → 加群失败：A wait of 382 seconds is required (caused by JoinChannelRequest)
2022-06-23 18:02:56 → 6281252013316 → https://t.me/KavaChinese → 加群失败：A wait of 322 seconds is required (caused by JoinChannelRequest)
2022-06-23 18:03:01 → 6281247516606 → https://t.me/tgzhcn → 加群失败：A wait of 345 seconds is required (caused by JoinChannelRequest)
2022-06-23 18:03:06 → 6282143309506 → https://t.me/tfwzclz → 加群失败：A wait of 359 seconds is required (caused by JoinChannelRequest)
2022-06-23 18:03:11 → 601112672704 → https://t.me/ColaChina → 加群失败：群组禁止访问
2022-06-23 18:03:16 → 6283846077843 → https://t.me/bitcoin_cn → 加群失败：A wait of 373 seconds is required (caused by JoinChannelRequest)
2022-06-23 18:03:21 → 6285349457363 → https://t.me/fwbzy → 加群失败：A wait of 304 seconds is required (caused by JoinChannelRequest)
2022-06-23 18:03:26 → 601112672414 → https://t.me/tgdl128 → 加群失败：A wait of 313 seconds is required (caused by JoinChannelRequest)
2022-06-23 18:03:31 → 6282185500698 → https://t.me/pcptm → 加群失败：A wait of 410 seconds is required (caused by JoinChannelRequest)
2022-06-23 18:03:36 → 6281252014638 → https://t.me/akkcloud → 加群失败：A wait of 274 seconds is required (caused by JoinChannelRequest)
2022-06-23 18:03:48 → 6288218733142 → https://t.me/zhongshandidi → 加群失败：A wait of 349 seconds is required (caused by JoinChannelRequest)
2022-06-23 18:03:52 → 6282268584651 → https://t.me/HLS0002 → 加群失败：A wait of 410 seconds is required (caused by JoinChannelRequest)
2022-06-23 18:03:57 → 6282143309506 → https://t.me/zn88666 → 加群失败：A wait of 308 seconds is required (caused by JoinChannelRequest)
2022-06-23 18:04:02 → 6282311464231 → https://t.me/guangdongyue → 加群失败：A wait of 350 seconds is required (caused by JoinChannelRequest)
2022-06-23 18:04:07 → 601112672414 → https://t.me/danbao96 → 加群失败：A wait of 272 seconds is required (caused by JoinChannelRequest)
2022-06-23 18:04:12 → 601112672704 → https://t.me/dibaihrg009 → 加群失败：A wait of 260 seconds is required (caused by JoinChannelRequest)
2022-06-23 18:04:17 → 6287803187488 → https://t.me/changsha_dev → 加群失败：A wait of 276 seconds is required (caused by JoinChannelRequest)
2022-06-23 18:04:22 → 6281382130147 → https://t.me/huaxingyl8 → 加群失败：No user has "huaxingyl8" as username
2022-06-23 18:04:27 → 6282185500698 → https://t.me/bzzone → 加群失败：A wait of 354 seconds is required (caused by JoinChannelRequest)
2022-06-23 18:04:32 → 6281252013316 → https://t.me/botong002 → 加群失败：A wait of 226 seconds is required (caused by JoinChannelRequest)
2022-06-23 18:04:37 → 6285349457363 → https://t.me/huanqian35 → 加群失败：A wait of 228 seconds is required (caused by JoinChannelRequest)
2022-06-23 18:04:42 → 6283846077843 → https://t.me/usdtdfds → 加群失败：A wait of 287 seconds is required (caused by JoinChannelRequest)
2022-06-23 18:04:47 → 6281247516606 → https://t.me/HTCOLV → 加群失败：A wait of 239 seconds is required (caused by JoinChannelRequest)
2022-06-23 18:04:52 → 6281270146939 → https://t.me/P541888888 → 加群失败：A wait of 292 seconds is required (caused by JoinChannelRequest)
2022-06-23 18:04:57 → 6281252014638 → https://t.me/olddriverhui → 加群失败：A wait of 193 seconds is required (caused by JoinChannelRequest)
2022-06-23 18:05:09 → 6282185500698 → https://t.me/html66 → 加群失败：A wait of 313 seconds is required (caused by JoinChannelRequest)
2022-06-23 18:05:13 → 601112672704 → https://t.me/tcelue1 → 加群失败：A wait of 199 seconds is required (caused by JoinChannelRequest)
2022-06-23 18:05:18 → 6282311464231 → https://t.me/biboxgroup → 加群失败：A wait of 274 seconds is required (caused by JoinChannelRequest)
2022-06-23 18:05:23 → 6281252013316 → https://t.me/tgdl128 → 加群失败：A wait of 175 seconds is required (caused by JoinChannelRequest)
2022-06-23 18:05:28 → 6282268584651 → https://t.me/gz3388 → 加群失败：A wait of 314 seconds is required (caused by JoinChannelRequest)
2022-06-23 18:05:33 → 6285349457363 → https://t.me/bestvcommunity → 加群成功
2022-06-23 18:05:40 → 6282143309506 → https://t.me/dbf6666 → 加群失败：A wait of 205 seconds is required (caused by JoinChannelRequest)
2022-06-23 18:05:45 → 6281382130147 → https://t.me/TG188188 → 加群失败：A wait of 208 seconds is required (caused by JoinChannelRequest)
2022-06-23 18:05:50 → 6281270146939 → https://t.me/tgdibai168 → 加群失败：A wait of 234 seconds is required (caused by JoinChannelRequest)
2022-06-23 18:05:55 → 601112672414 → https://t.me/ak99yunmlsxfgds → 加群失败：A wait of 164 seconds is required (caused by JoinChannelRequest)
2022-06-23 18:06:00 → 6281252014638 → https://t.me/yueaijilu → 加群失败：A wait of 130 seconds is required (caused by JoinChannelRequest)
2022-06-23 18:06:05 → 6281247516606 → https://t.me/xvswens → 加群失败：A wait of 161 seconds is required (caused by JoinChannelRequest)
2022-06-23 18:06:10 → 6287803187488 → https://t.me/Socks55555 → 加群失败：A wait of 163 seconds is required (caused by JoinChannelRequest)
2022-06-23 18:06:15 → 6283846077843 → https://t.me/DIP9188 → 加群失败：A wait of 194 seconds is required (caused by JoinChannelRequest)
2022-06-23 18:06:20 → 6288218733142 → https://t.me/allswapcn → 加群失败：A wait of 196 seconds is required (caused by JoinChannelRequest)
2022-06-23 18:06:31 → 6288218733142 → https://t.me/tg8848community → 加群失败：A wait of 185 seconds is required (caused by JoinChannelRequest)
2022-06-23 18:06:36 → 6282268584651 → https://t.me/mihuzahuopu → 加群成功
2022-06-23 18:06:43 → 6282143309506 → https://t.me/seeyellow → 加群失败：A wait of 142 seconds is required (caused by JoinChannelRequest)
2022-06-23 18:06:48 → 6287803187488 → https://t.me/hi_official_chinese → 加群失败：A wait of 125 seconds is required (caused by JoinChannelRequest)
2022-06-23 18:06:53 → 601112672704 → https://t.me/ytzx2 → 加群失败：A wait of 99 seconds is required (caused by JoinChannelRequest)
2022-06-23 18:06:58 → 6281252014638 → https://t.me/paofen1688 → 加群失败：A wait of 72 seconds is required (caused by JoinChannelRequest)
2022-06-23 18:07:03 → 6281247516606 → https://t.me/olddriver_fs → 加群失败：A wait of 103 seconds is required (caused by JoinChannelRequest)
2022-06-23 18:07:08 → 6285349457363 → https://t.me/dijia02 → 加群失败：A wait of 77 seconds is required (caused by JoinChannelRequest)
2022-06-23 18:07:13 → 6283846077843 → https://t.me/zscd18 → 加群失败：A wait of 136 seconds is required (caused by JoinChannelRequest)
2022-06-23 18:07:18 → 6282311464231 → https://t.me/gibxchange_cn → 加群失败：A wait of 154 seconds is required (caused by JoinChannelRequest)
2022-06-23 18:07:23 → 601112672414 → https://t.me/wangzhuanusdt → 加群失败：A wait of 76 seconds is required (caused by JoinChannelRequest)
2022-06-23 18:07:28 → 6281252013316 → https://t.me/coinbetter_cn → 加群失败：No user has "coinbetter_cn" as username
2022-06-23 18:07:33 → 6281270146939 → https://t.me/sq577 → 加群失败：A wait of 131 seconds is required (caused by JoinChannelRequest)
2022-06-23 18:07:38 → 6281382130147 → https://t.me/nanjing025 → 加群失败：No user has "nanjing025" as username
2022-06-23 18:07:43 → 6282185500698 → https://t.me/haojiyou → 加群失败：A wait of 158 seconds is required (caused by JoinChannelRequest)
2022-06-23 18:07:54 → 6288218733142 → https://t.me/ftx_chinese_official → 加群失败：A wait of 102 seconds is required (caused by JoinChannelRequest)
2022-06-23 18:07:59 → 6281382130147 → https://t.me/bitcoindfds → 加群成功
2022-06-23 18:08:49 → 6281247516606 → https://t.me/guminlaqun66 → 加群成功
2022-06-23 18:08:57 → 6281252014638 → https://t.me/zfb_qq → 加群成功
2022-06-23 18:09:04 → 6282311464231 → https://t.me/yxbjx → 加群成功
2022-06-23 18:09:11 → 6285349457363 → https://t.me/zhongwen6 → 加群成功
2022-06-23 18:09:18 → 601112672704 → https://t.me/tianziusdt → 加群成功
2022-06-23 18:09:44 → 6281270146939 → https://t.me/btokcn_0016 → 加群成功
2022-06-23 18:09:51 → 601112672414 → https://t.me/fw992 → 加群失败：群组禁止访问
2022-06-23 18:10:22 → 6282185500698 → https://t.me/liang1112233 → 加群成功
2022-06-23 18:10:29 → 6281252013316 → https://t.me/daishou15 → 加群成功
2022-06-23 18:10:52 → 6282268584651 → https://t.me/india_moneypay → 加群成功
2022-06-23 18:10:59 → 6287803187488 → https://t.me/deep3695 → 加群成功
2022-06-23 18:11:06 → 6283846077843 → https://t.me/bclm1 → 加群成功
2022-06-23 18:11:13 → 6282143309506 → https://t.me/daishou44 → 加群成功
2022-06-23 18:11:42 → 6281270146939 → https://t.me/DBhuaren1 → 加群成功
2022-06-23 18:11:49 → 6288218733142 → https://t.me/daishuvpn → 加群成功
2022-06-23 18:11:56 → 6283846077843 → https://t.me/bcweb → 加群成功
2022-06-23 18:12:03 → 6287803187488 → https://t.me/hgmhxz → 加群成功
2022-06-23 18:12:10 → 6282185500698 → https://t.me/fbwsline2021 → 加群成功
2022-06-23 18:12:17 → 6282311464231 → https://t.me/dongnanyaliaotian → 加群成功
2022-06-23 18:12:24 → 601112672414 → https://t.me/dyjiaoliu → 加群成功
2022-06-23 18:12:31 → 6281382130147 → https://t.me/InWebDarkNET → 加群成功
2022-06-23 18:12:38 → 6282268584651 → https://t.me/ritalin51 → 加群失败：Nobody is using this username, or the username is unacceptable. If the latter, it must match r"[a-zA-Z][\w\d]{3,30}[a-zA-Z\d]" (caused by ResolveUsernameRequest)
2022-06-23 18:12:43 → 6285349457363 → https://t.me/saltyleo_blog → 加群成功
2022-06-23 18:12:50 → 601112672704 → https://t.me/google_win → 加群失败：群组禁止访问
2022-06-23 18:12:55 → 6281247516606 → https://t.me/usdthuzhu3 → 加群成功
2022-06-23 18:13:02 → 6282143309506 → https://t.me/paofen315 → 加群成功
2022-06-23 18:13:09 → 6281252013316 → https://t.me/DBhuaren1 → 加群成功
2022-06-23 18:13:16 → 6281252014638 → https://t.me/kedoucloud → 加群成功
2022-06-23 18:13:29 → 601112672414 → https://t.me/TG006 → 加群失败：群组禁止访问
2022-06-23 18:13:34 → 6282311464231 → https://t.me/binzhouqun → 加群成功
2022-06-23 18:13:41 → 6281247516606 → https://t.me/cndumpschat → 加群失败：Nobody is using this username, or the username is unacceptable. If the latter, it must match r"[a-zA-Z][\w\d]{3,30}[a-zA-Z\d]" (caused by ResolveUsernameRequest)
2022-06-23 18:13:46 → 6281252014638 → https://t.me/zscd1 → 加群成功
2022-06-23 18:13:53 → 6282143309506 → https://t.me/maticnetwork_china → 加群成功
2022-06-23 18:14:00 → 6282268584651 → https://t.me/b12306 → 加群成功
2022-06-23 18:14:07 → 6281270146939 → https://t.me/pg528 → 加群成功
2022-06-23 18:14:14 → 6282185500698 → https://t.me/Fkzy_Group → 加群成功
2022-06-23 18:14:22 → 6287803187488 → https://t.me/MDhuaren1 → 加群成功
2022-06-23 18:14:29 → 6281382130147 → https://t.me/sunshineyyds → 加群成功
2022-06-23 18:14:36 → 6283846077843 → https://t.me/daishoujiaoyi → 加群成功
2022-06-23 18:14:43 → 6285349457363 → https://t.me/caoji565 → 加群成功
2022-06-23 18:14:51 → 6288218733142 → https://t.me/qxinw → 加群成功
2022-06-23 18:14:58 → 601112672704 → https://t.me/qipaipan54 → 加群成功
2022-06-23 18:15:20 → 6281252013316 → https://t.me/zb_support → 加群成功
2022-06-23 18:15:34 → 6281252013316 → https://t.me/paofenht → 加群成功
2022-06-23 18:15:41 → 6282185500698 → https://t.me/dibai918 → 加群成功
2022-06-23 18:15:48 → 6281247516606 → https://t.me/TG006 → 加群成功
2022-06-23 18:15:55 → 6281252014638 → https://t.me/FQ3P3 → 加群成功
2022-06-23 18:16:02 → 6283846077843 → https://t.me/Zoey052697 → 加群成功
2022-06-23 18:16:10 → 6287803187488 → https://t.me/tgdanbao000 → 加群成功
2022-06-23 18:16:17 → 6281382130147 → https://t.me/A_K_3A → 加群成功
2022-06-23 18:16:24 → 601112672704 → https://t.me/ydsj1 → 加群成功
2022-06-23 18:16:31 → 6282143309506 → https://t.me/hi_Official_Chinese → 加群成功
2022-06-23 18:16:38 → 601112672414 → https://t.me/xxup1121 → 加群成功
2022-06-23 18:16:45 → 6285349457363 → https://t.me/db_lm → 加群成功
2022-06-23 18:16:53 → 6282268584651 → https://t.me/bohrwebc → 加群成功
2022-06-23 18:17:00 → 6288218733142 → https://t.me/gdsjq → 加群成功
2022-06-23 18:17:07 → 6282311464231 → https://t.me/binance_api_chinese → 加群成功
2022-06-23 18:17:14 → 6281270146939 → https://t.me/dfsdaeaw → 加群失败：Nobody is using this username, or the username is unacceptable. If the latter, it must match r"[a-zA-Z][\w\d]{3,30}[a-zA-Z\d]" (caused by ResolveUsernameRequest)
2022-06-23 18:17:26 → 6281270146939 → https://t.me/xxg863 → 加群成功
2022-06-23 18:17:34 → 6282185500698 → https://t.me/ml520 → 加群成功
2022-06-23 18:17:41 → 6281247516606 → https://t.me/botong002 → 加群成功
2022-06-23 18:17:48 → 6281252014638 → https://t.me/universityalliance → 加群成功
2022-06-23 18:17:58 → 6288218733142 → https://t.me/xianliao01 → 加群成功
2022-06-23 18:18:05 → 601112672704 → https://t.me/OKXGroup_CN → 加群成功
2022-06-23 18:18:12 → 6281252013316 → https://t.me/BikingChineseGroup → 加群成功
2022-06-23 18:18:19 → 6281382130147 → https://t.me/szhkfun → 加群成功
2022-06-23 18:18:26 → 6282311464231 → https://t.me/haojing168 → 加群成功
2022-06-23 18:18:33 → 6283846077843 → https://t.me/php_group_cn → 加群成功
2022-06-23 18:18:43 → 6282143309506 → https://t.me/ak11828 → 加群成功
2022-06-23 18:18:50 → 6282268584651 → https://t.me/hunantg → 加群成功
2022-06-23 18:19:00 → 6285349457363 → https://t.me/tz636 → 加群成功
2022-06-23 18:19:07 → 601112672414 → https://t.me/zaozhuang1 → 加群成功
2022-06-23 18:19:15 → 6287803187488 → https://t.me/trj_shore001 → 加群成功
2022-06-23 18:19:29 → 6281252013316 → https://t.me/cyj1188 → 加群成功
2022-06-23 18:19:36 → 6285349457363 → https://t.me/tuishouLL01 → 加群成功
2022-06-23 18:19:44 → 6283846077843 → https://t.me/huizhouqun → 加群成功
2022-06-23 18:19:51 → 6281270146939 → https://t.me/three001 → 加群成功
2022-06-23 18:19:58 → 6281247516606 → https://t.me/liuhedadui → 加群成功
2022-06-23 18:20:05 → 6282185500698 → https://t.me/kx360 → 加群成功
2022-06-23 18:20:12 → 601112672414 → https://t.me/doge88 → 加群成功
2022-06-23 18:20:19 → 6281252014638 → https://t.me/tg_88888 → 加群成功
2022-06-23 18:20:26 → 6287803187488 → https://t.me/ssunion → 加群成功
2022-06-23 18:20:34 → 6281382130147 → https://t.me/hwdbq → 加群成功
2022-06-23 18:20:56 → 6282268584651 → https://t.me/dibaifa → 加群成功
2022-06-23 18:21:04 → 6282311464231 → https://t.me/zhifu7788 → 加群成功
2022-06-23 18:21:12 → 6282143309506 → https://t.me/zhuhai9 → 加群成功
2022-06-23 18:21:19 → 6288218733142 → https://t.me/goutuiclub → 加群成功
2022-06-23 18:21:29 → 601112672704 → https://t.me/olddrivergd → 加群成功
2022-06-23 18:21:44 → 6281270146939 → https://t.me/xiaohao2018 → 加群成功
2022-06-23 18:21:51 → 601112672414 → https://t.me/tglianmeng002 → 加群成功
2022-06-23 18:21:58 → 6282268584651 → https://t.me/WKLhuaren → 加群成功
2022-06-23 18:22:05 → 6283846077843 → https://t.me/huobiglobal_zw → 加群成功
2022-06-23 18:22:12 → 6282143309506 → https://t.me/shenzhencity → 加群成功
2022-06-23 18:22:19 → 6287803187488 → https://t.me/TG_King90 → 加群成功
2022-06-23 18:22:27 → 6282311464231 → https://t.me/chaxun2020 → 加群失败：No user has "chaxun2020" as username
2022-06-23 18:22:32 → 6285349457363 → https://t.me/dayofdefeatcn → 加群成功
2022-06-23 18:22:39 → 6282185500698 → https://t.me/GouTuiClub → 加群成功
2022-06-23 18:22:49 → 6288218733142 → https://t.me/usdtbmw → 加群成功
2022-06-23 18:22:56 → 6281382130147 → https://t.me/yuehui8 → 加群成功
2022-06-23 18:23:03 → 6281252014638 → https://t.me/qht888 → 加群失败：Nobody is using this username, or the username is unacceptable. If the latter, it must match r"[a-zA-Z][\w\d]{3,30}[a-zA-Z\d]" (caused by ResolveUsernameRequest)
2022-06-23 18:23:08 → 6281252013316 → https://t.me/heyuedashen1 → 加群成功
2022-06-23 18:23:16 → 6281247516606 → https://t.me/qqlsj → 加群成功
2022-06-23 18:23:23 → 601112672704 → https://t.me/xysbbs → 加群成功
2022-06-23 18:23:37 → 6283846077843 → https://t.me/huiguophp → 加群成功
2022-06-23 18:23:44 → 6281252013316 → https://t.me/zhifuo → 加群成功
2022-06-23 18:23:51 → 6281247516606 → https://t.me/network50_chat → 加群成功
2022-06-23 18:23:58 → 6282143309506 → https://t.me/ys52111 → 加群成功
2022-06-23 18:24:06 → 6288218733142 → https://t.me/pionexcn → 加群成功
2022-06-23 18:24:13 → 601112672704 → https://t.me/feihuaph → 加群成功
2022-06-23 18:24:31 → 6281252014638 → https://t.me/usdtm → 加群成功
2022-06-23 18:24:38 → 6282311464231 → https://t.me/officelearner → 加群成功
2022-06-23 18:24:48 → 601112672414 → https://t.me/BIYONGOfficial0015 → 加群成功
2022-06-23 18:24:55 → 6282268584651 → https://t.me/baoaa → 加群成功
2022-06-23 18:25:02 → 6287803187488 → https://t.me/CvvinternalOrganization → 加群成功
2022-06-23 18:25:13 → 6285349457363 → https://t.me/Dingshia → 加群成功
2022-06-23 18:25:20 → 6282185500698 → https://t.me/yangjiangchannel → 加群成功
2022-06-23 18:25:27 → 6281382130147 → https://t.me/crxs778 → 加群成功
2022-06-23 18:25:41 → 6281247516606 → https://t.me/kavachinese → 加群成功
2022-06-23 18:25:48 → 601112672414 → https://t.me/yinhangkausdt → 加群成功
2022-06-23 18:25:55 → 6281252014638 → https://t.me/balance863 → 加群成功
2022-06-23 18:26:02 → 6282185500698 → https://t.me/olddriversh → 加群成功
2022-06-23 18:26:09 → 6282311464231 → https://t.me/dibai12 → 加群成功
2022-06-23 18:26:16 → 6283846077843 → https://t.me/fhaak8 → 加群成功
2022-06-23 18:26:23 → 601112672704 → https://t.me/mljlq → 加群失败：群组禁止访问
2022-06-23 18:26:28 → 6282268584651 → https://t.me/goutui → 加群成功
2022-06-23 18:26:38 → 6285349457363 → https://t.me/ltq33 → 加群成功
2022-06-23 18:26:45 → 6281252013316 → https://t.me/wz513064 → 加群成功
2022-06-23 18:26:53 → 6288218733142 → https://t.me/yidaoshou2 → 加群成功
2022-06-23 18:27:00 → 6281382130147 → https://t.me/NodeGlobal → 加群成功
2022-06-23 18:27:07 → 6287803187488 → https://t.me/lhc168 → 加群成功
2022-06-23 18:27:14 → 6282143309506 → https://t.me/se_talk → 加群成功
2022-06-23 18:27:21 → 6281270146939 → https://t.me/USTCtg → 加群成功
2022-06-23 18:27:36 → 6288218733142 → https://t.me/beiluochat → 加群成功
2022-06-23 18:27:45 → 6281252014638 → https://t.me/a1313652 → 加群成功
2022-06-23 18:27:52 → 6281247516606 → https://t.me/xmarspace → 加群成功
2022-06-23 18:28:00 → 6282185500698 → https://t.me/jiamidi → 加群成功
2022-06-23 18:28:10 → 6285349457363 → https://t.me/cdshouchang4 → 加群成功
2022-06-23 18:28:17 → 601112672704 → https://t.me/hi628 → 加群失败：群组禁止访问
2022-06-23 18:28:22 → 6281270146939 → https://t.me/phbbs → 加群成功
2022-06-23 18:28:29 → 6281252013316 → https://t.me/diyidaifu → 加群成功
2022-06-23 18:28:37 → 6282311464231 → https://t.me/gboxtg → 加群成功
2022-06-23 18:28:44 → 601112672414 → https://t.me/chinadarknet → 加群成功
2022-06-23 18:28:51 → 6282143309506 → https://t.me/zzlsjbyq → 加群成功
2022-06-23 18:28:58 → 6283846077843 → https://t.me/TG110 → 加群成功
2022-06-23 18:29:05 → 6281382130147 → https://t.me/bozaiweb → 加群成功
2022-06-23 18:29:12 → 6287803187488 → https://t.me/sanfang53 → 加群成功
2022-06-23 18:29:35 → 6282268584651 → https://t.me/polkadotzh → 加群成功
2022-06-23 18:29:49 → 6281247516606 → https://t.me/radiocacaasian → 加群成功
2022-06-23 18:29:58 → 601112672414 → https://t.me/TG55555555555 → 加群成功
2022-06-23 18:30:05 → 6285349457363 → https://t.me/appssweepstakes → 加群失败：A wait of 547 seconds is required (caused by JoinChannelRequest)
2022-06-23 18:30:10 → 6281270146939 → https://t.me/readerbeta → 加群成功
2022-06-23 18:30:17 → 6287803187488 → https://t.me/socks55555 → 加群成功
2022-06-23 18:30:24 → 6283846077843 → https://t.me/gdr666 → 加群失败：Cannot cast InputPeerUser to any kind of InputChannel.
2022-06-23 18:30:29 → 6282185500698 → https://t.me/frontend_talk → 加群成功
2022-06-23 18:30:39 → 601112672704 → https://t.me/ziyuan2 → 加群成功
2022-06-23 18:30:47 → 6288218733142 → https://t.me/qingroup → 加群成功
2022-06-23 18:30:55 → 6281382130147 → https://t.me/tiandeng88 → 加群成功
2022-06-23 18:31:02 → 6281252013316 → https://t.me/sichouzhilu0 → 加群成功
2022-06-23 18:31:10 → 6282143309506 → https://t.me/faka58 → 加群失败：A wait of 604 seconds is required (caused by JoinChannelRequest)
2022-06-23 18:31:15 → 6282311464231 → https://t.me/laoyingchuhai8 → 加群成功
2022-06-23 18:31:23 → 6282268584651 → https://t.me/fastfish2 → 加群成功
2022-06-23 18:31:33 → 6281252014638 → https://t.me/aiweisi888 → 加群成功
2022-06-23 18:31:47 → 6288218733142 → https://t.me/xbdb01 → 加群成功
2022-06-23 18:31:54 → 6281382130147 → https://t.me/goutui1113 → 加群失败：A wait of 638 seconds is required (caused by JoinChannelRequest)
2022-06-23 18:31:59 → 601112672704 → https://t.me/cccccccxyyy → 加群成功
2022-06-23 18:32:06 → 6282268584651 → https://t.me/doxchina → 加群失败：No user has "doxchina" as username
2022-06-23 18:32:11 → 6281270146939 → https://t.me/monstainfinitechinese → 加群成功
2022-06-23 18:32:18 → 6283846077843 → https://t.me/dibai778899 → 加群失败：A wait of 529 seconds is required (caused by JoinChannelRequest)
2022-06-23 18:32:23 → 601112672414 → https://t.me/humanresource63 → 加群失败：No user has "humanresource63" as username
2022-06-23 18:32:28 → 6285349457363 → https://t.me/baocai217 → 加群失败：A wait of 404 seconds is required (caused by JoinChannelRequest)
2022-06-23 18:32:33 → 6282143309506 → https://t.me/otcfl → 加群失败：A wait of 521 seconds is required (caused by JoinChannelRequest)
2022-06-23 18:32:38 → 6287803187488 → https://t.me/jianpuzai777 → 加群失败：A wait of 502 seconds is required (caused by JoinChannelRequest)
2022-06-23 18:32:43 → 6281252013316 → https://t.me/Shore999888 → 加群成功
2022-06-23 18:32:51 → 6282311464231 → https://t.me/hi_Official_Chinese → 加群成功
2022-06-23 18:32:58 → 6282185500698 → https://t.me/btc_chinese → 加群失败：A wait of 444 seconds is required (caused by JoinChannelRequest)
2022-06-23 18:33:03 → 6281252014638 → https://t.me/qqxgqq → 加群成功
2022-06-23 18:33:12 → 6281247516606 → https://t.me/zhenggui → 加群成功
2022-06-23 18:33:26 → 6285349457363 → https://t.me/blsq55 → 加群失败：A wait of 347 seconds is required (caused by JoinChannelRequest)
2022-06-23 18:33:30 → 6288218733142 → https://t.me/qianmin → 加群失败：A wait of 500 seconds is required (caused by JoinChannelRequest)
2022-06-23 18:33:35 → 6283846077843 → https://t.me/kkkttt369 → 加群失败：A wait of 452 seconds is required (caused by JoinChannelRequest)
2022-06-23 18:33:40 → 6282185500698 → https://t.me/cambodiacn → 加群失败：A wait of 402 seconds is required (caused by JoinChannelRequest)
2022-06-23 18:33:45 → 6287803187488 → https://t.me/tg0799 → 加群成功
2022-06-23 18:33:52 → 6281252013316 → https://t.me/qwerdt1 → 加群失败：A wait of 398 seconds is required (caused by JoinChannelRequest)