
2022-05-10 04:09:54 → 917350037815 → https://t.me/yangjiangchannel → 加群失败：掉线/或官方销号
2022-05-10 04:10:03 → 918509922477 → https://t.me/otcfl → 加群成功
2022-05-10 04:22:09 → 919392786001 → https://t.me/dubaiqq918 → 加群成功
2022-05-10 16:10:43 → 918538928111 → https://t.me/tg328 → 加群失败：掉线/或官方销号
2022-05-10 16:10:48 → 918092132118 → https://t.me/laoyingchuhai8 → 加群成功
2022-05-10 16:10:55 → 919923144199 → https://t.me/squidgames_cn → 加群成功
2022-05-10 16:11:02 → 919722809996 → https://t.me/tfwzclz → 加群成功
2022-05-10 16:11:09 → 918130663666 → https://t.me/xbdb01 → 加群失败：掉线/或官方销号
2022-05-10 16:11:13 → 918373014962 → https://t.me/lbank_cn → 加群失败：掉线/或官方销号
2022-05-10 16:11:18 → 79919431787 → https://t.me/dibaifa → 加群成功
2022-05-10 16:11:25 → 79919429746 → https://t.me/lendhub → 加群成功
2022-05-10 16:11:32 → 918099664695 → https://t.me/KavaChinese → 加群失败：掉线/或官方销号
2022-05-10 16:11:36 → 918504957681 → https://t.me/zhenggui → 加群失败：掉线/或官方销号
2022-05-10 16:11:41 → 917061771362 → https://t.me/goutui1113 → 加群成功
2022-05-10 16:11:47 → 919901066213 → https://t.me/hugoblog → 加群成功
2022-05-10 16:11:54 → 919392786001 → https://t.me/paofen33 → 加群失败：掉线/或官方销号
2022-05-10 16:11:58 → 917709312777 → https://t.me/aomenliuhe88 → 加群失败：掉线/或官方销号
2022-05-10 16:12:03 → 917004780396 → https://t.me/bz8822 → 加群失败：掉线/或官方销号
2022-05-10 16:12:07 → 918509922477 → https://t.me/dockertutorial → 加群成功
2022-05-10 16:12:14 → 917838380415 → https://t.me/olddrivercd → 加群成功
2022-05-10 16:12:21 → 918109281745 → https://t.me/usdthuzhu3 → 加群成功
2022-05-10 16:12:34 → 919923144199 → https://t.me/qipaipan54 → 加群成功
2022-05-10 16:12:41 → 919901066213 → https://t.me/akkcloud → 加群成功
2022-05-10 16:12:48 → 918092132118 → https://t.me/wuhpay → 加群成功
2022-05-10 16:12:54 → 917061771362 → https://t.me/dkh3p → 加群成功
2022-05-10 16:13:01 → 918509922477 → https://t.me/TG188188 → 加群成功
2022-05-10 16:13:23 → 79919431787 → https://t.me/CKidc666 → 加群成功
2022-05-10 16:13:30 → 919722809996 → https://t.me/zzlsjbyq → 加群成功
2022-05-10 16:13:36 → 917838380415 → https://t.me/tg12389 → 加群成功
2022-05-10 16:13:44 → 918109281745 → https://t.me/avnrichchinese_chat → 加群成功
2022-05-10 16:13:51 → 79919429746 → https://t.me/ccv348 → 加群成功
2022-05-10 16:14:03 → 919901066213 → https://t.me/deep3695 → 加群成功
2022-05-10 16:14:10 → 79919431787 → https://t.me/hwdbq → 加群成功
2022-05-10 16:14:16 → 918092132118 → https://t.me/kavachinese → 加群成功
2022-05-10 16:14:23 → 918509922477 → https://t.me/shuju48 → 加群成功
2022-05-10 16:14:30 → 917838380415 → https://t.me/huione888 → 加群成功
2022-05-10 16:14:37 → 918109281745 → https://t.me/laowangdan → 加群成功
2022-05-10 16:14:43 → 919923144199 → https://t.me/si1688 → 加群成功
2022-05-10 16:14:50 → 919722809996 → https://t.me/baoaa → 加群成功
2022-05-10 16:14:58 → 79919429746 → https://t.me/Zoey052697 → 加群成功
2022-05-10 16:15:05 → 917061771362 → https://t.me/dyjiaoliu → 加群成功
2022-05-10 16:15:19 → 919923144199 → https://t.me/zeronetzh → 加群成功
2022-05-10 16:15:27 → 79919431787 → https://t.me/bclm1 → 加群成功
2022-05-10 16:15:34 → 917838380415 → https://t.me/www589qkcom → 加群成功
2022-05-10 16:15:42 → 79919429746 → https://t.me/Dingshia → 加群成功
2022-05-10 16:15:49 → 917061771362 → https://t.me/tronnetworkcn → 加群成功
2022-05-10 16:15:57 → 918509922477 → https://t.me/Fkzy_Group → 加群成功
2022-05-10 16:16:03 → 918092132118 → https://t.me/tgdl128 → 加群成功
2022-05-10 16:16:10 → 919722809996 → https://t.me/lhc168 → 加群成功
2022-05-10 16:16:17 → 919901066213 → https://t.me/biboxgroup → 加群成功
2022-05-10 16:16:23 → 918109281745 → https://t.me/tronnetworkcn → 加群成功
2022-05-10 16:16:36 → 919923144199 → https://t.me/laowangdan → 加群成功
2022-05-10 16:16:42 → 918109281745 → https://t.me/bestvcommunity → 加群成功
2022-05-10 16:16:49 → 918509922477 → https://t.me/ssunion → 加群成功
2022-05-10 16:16:56 → 919722809996 → https://t.me/kmfw6789 → 加群成功
2022-05-10 16:17:03 → 917838380415 → https://t.me/TG006 → 加群成功
2022-05-10 16:17:10 → 79919431787 → https://t.me/ai699 → 加群成功
2022-05-10 16:17:17 → 919901066213 → https://t.me/humanresource63 → 加群成功
2022-05-10 16:17:24 → 918092132118 → https://t.me/gaigangs → 加群成功
2022-05-10 16:17:30 → 79919429746 → https://t.me/yugzf → 加群成功
2022-05-10 16:17:38 → 917061771362 → https://t.me/tokaucn → 加群成功
2022-05-10 16:17:50 → 917838380415 → https://t.me/pingan66chadang → 加群成功
2022-05-10 16:17:57 → 919722809996 → https://t.me/binzhouqun → 加群成功
2022-05-10 16:18:04 → 917061771362 → https://t.me/haojiyou → 加群成功
2022-05-10 16:18:14 → 919923144199 → https://t.me/sichouzhilu0 → 加群成功
2022-05-10 16:18:21 → 918109281745 → https://t.me/dibai8880 → 加群成功
2022-05-10 16:18:27 → 918092132118 → https://t.me/gdsjq → 加群成功
2022-05-10 16:18:34 → 79919429746 → https://t.me/xianliao01 → 加群成功
2022-05-10 16:18:41 → 918509922477 → https://t.me/otcfl → 加群成功
2022-05-10 16:18:48 → 79919431787 → https://t.me/tg108 → 加群成功
2022-05-10 16:18:54 → 919901066213 → https://t.me/sq577 → 加群成功
2022-05-10 16:19:06 → 79919431787 → https://t.me/lasihaima266 → 加群成功
2022-05-10 16:19:13 → 917061771362 → https://t.me/ckidc666 → 加群成功
2022-05-10 16:19:20 → 919722809996 → https://t.me/haojing168 → 加群成功
2022-05-10 16:19:27 → 918109281745 → https://t.me/TGhuaren1 → 加群成功
2022-05-10 16:19:33 → 79919429746 → https://t.me/paofen55 → 加群失败：No user has "paofen55" as username
2022-05-10 16:19:38 → 918092132118 → https://t.me/raicoincn → 加群成功
2022-05-10 16:19:44 → 918509922477 → https://t.me/tsdb01 → 加群成功
2022-05-10 16:19:51 → 919901066213 → https://t.me/deep3695 → 加群成功
2022-05-10 16:19:58 → 917838380415 → https://t.me/tg8848community → 加群成功
2022-05-10 16:20:05 → 919923144199 → https://t.me/india_moneypay → 加群成功
2022-05-10 16:20:17 → 918509922477 → https://t.me/huanqian35 → 加群成功
2022-05-10 16:20:23 → 919901066213 → https://t.me/FQ3P3 → 加群成功
2022-05-10 16:20:30 → 918109281745 → https://t.me/saltyleo_blog → 加群成功
2022-05-10 16:20:37 → 919923144199 → https://t.me/dibai12 → 加群成功
2022-05-10 16:20:44 → 917838380415 → https://t.me/tg6198 → 加群成功
2022-05-10 16:20:51 → 918092132118 → https://t.me/usdtm → 加群成功
2022-05-10 16:20:58 → 917061771362 → https://t.me/tgdl128 → 加群成功
2022-05-10 16:21:05 → 919722809996 → https://t.me/php_group_cn → 加群成功
2022-05-10 16:21:14 → 79919431787 → https://t.me/daishuvpn → 加群成功
2022-05-10 16:21:21 → 79919429746 → https://t.me/btokofficial_03 → 加群成功
2022-05-10 16:21:33 → 919923144199 → https://t.me/weikang2020 → 加群成功
2022-05-10 16:21:40 → 919722809996 → https://t.me/Fkzy_Group → 加群成功
2022-05-10 16:21:47 → 918092132118 → https://t.me/YYL001 → 加群成功
2022-05-10 16:21:53 → 917061771362 → https://t.me/tgyhzq → 加群成功
2022-05-10 16:22:00 → 79919429746 → https://t.me/qht888 → 加群失败：Nobody is using this username, or the username is unacceptable. If the latter, it must match r"[a-zA-Z][\w\d]{3,30}[a-zA-Z\d]" (caused by ResolveUsernameRequest)
2022-05-10 16:22:04 → 917838380415 → https://t.me/gdr666 → 加群成功
2022-05-10 16:22:11 → 79919431787 → https://t.me/pcptm → 加群成功
2022-05-10 16:22:18 → 918109281745 → https://t.me/heyuedashen1 → 加群失败：群组禁止访问
2022-05-10 16:22:22 → 918509922477 → https://t.me/xinbi_088 → 加群成功
2022-05-10 16:22:29 → 919901066213 → https://t.me/wuhpay → 加群成功
2022-05-10 16:22:41 → 919923144199 → https://t.me/TG55555555555 → 加群成功
2022-05-10 16:22:48 → 79919431787 → https://t.me/fastfish2 → 加群成功
2022-05-10 16:22:57 → 918109281745 → https://t.me/guiyangpapa → 加群成功
2022-05-10 16:23:04 → 917061771362 → https://t.me/zscd18 → 加群成功
2022-05-10 16:23:11 → 919901066213 → https://t.me/bandwagonhostgroup → 加群成功
2022-05-10 16:23:18 → 919722809996 → https://t.me/TG0188 → 加群成功
2022-05-10 16:23:24 → 79919429746 → https://t.me/phbbs → 加群成功
2022-05-10 16:23:31 → 918092132118 → https://t.me/paofenht → 加群成功
2022-05-10 16:23:38 → 917838380415 → https://t.me/TG188188 → 加群成功
2022-05-10 16:23:45 → 918509922477 → https://t.me/im0471 → 加群成功
2022-05-10 16:24:17 → 917061771362 → https://t.me/laoyingchuhai8 → 加群成功
2022-05-10 16:24:24 → 919722809996 → https://t.me/nbydxyk1 → 加群成功
2022-05-10 16:24:31 → 918092132118 → https://t.me/xjltq → 加群成功
2022-05-10 16:24:39 → 918109281745 → https://t.me/tianziusdt → 加群成功
2022-05-10 16:24:46 → 918509922477 → https://t.me/lendhub → 加群成功
2022-05-10 16:24:52 → 917838380415 → https://t.me/daishou44 → 加群失败：A wait of 1043 seconds is required (caused by JoinChannelRequest)
2022-05-10 16:24:56 → 79919431787 → https://t.me/Nst_WP → 加群失败：群组禁止访问
2022-05-10 16:25:01 → 919901066213 → https://t.me/huione888 → 加群成功
2022-05-10 16:25:08 → 919923144199 → https://t.me/NodeGlobal → 加群成功
2022-05-10 16:25:14 → 79919429746 → https://t.me/szhkfun → 加群成功
2022-05-10 16:25:27 → 919923144199 → https://t.me/xingbi0088 → 加群失败：A wait of 929 seconds is required (caused by JoinChannelRequest)
2022-05-10 16:25:31 → 918092132118 → https://t.me/olddrivergd → 加群成功
2022-05-10 16:25:38 → 919722809996 → https://t.me/readerbeta → 加群失败：A wait of 925 seconds is required (caused by JoinChannelRequest)
2022-05-10 16:25:44 → 918109281745 → https://t.me/ysshuju1 → 加群成功
2022-05-10 16:25:50 → 79919431787 → https://t.me/biboxgroup → 加群失败：A wait of 929 seconds is required (caused by JoinChannelRequest)
2022-05-10 16:25:55 → 917061771362 → https://t.me/huichan_com_grp → 加群失败：A wait of 946 seconds is required (caused by JoinChannelRequest)
2022-05-10 16:26:01 → 918509922477 → https://t.me/b12306 → 加群成功
2022-05-10 16:26:07 → 917838380415 → https://t.me/gif128 → 加群失败：A wait of 968 seconds is required (caused by JoinChannelRequest)
2022-05-10 16:26:11 → 919901066213 → https://t.me/btc_chinese → 加群失败：A wait of 937 seconds is required (caused by JoinChannelRequest)
2022-05-10 16:26:16 → 79919429746 → https://t.me/KavaChinese → 加群成功
2022-05-10 16:26:28 → 919901066213 → https://t.me/A_K_3A → 加群失败：群组禁止访问
2022-05-10 16:26:33 → 919923144199 → https://t.me/yugzf → 加群失败：A wait of 864 seconds is required (caused by JoinChannelRequest)
2022-05-10 16:26:37 → 79919431787 → https://t.me/tg_king80 → 加群失败：群组禁止访问
2022-05-10 16:26:41 → 917061771362 → https://t.me/cyj1188 → 加群失败：A wait of 900 seconds is required (caused by JoinChannelRequest)
2022-05-10 16:26:45 → 919722809996 → https://t.me/Dingshia → 加群失败：A wait of 858 seconds is required (caused by JoinChannelRequest)
2022-05-10 16:26:50 → 79919429746 → https://t.me/wubuxianjingziyuan → 加群失败：A wait of 876 seconds is required (caused by JoinChannelRequest)
2022-05-10 16:26:54 → 917838380415 → https://t.me/tiandeng88 → 加群失败：A wait of 921 seconds is required (caused by JoinChannelRequest)
2022-05-10 16:26:59 → 918092132118 → https://t.me/FHLMTEAM → 加群失败：A wait of 829 seconds is required (caused by JoinChannelRequest)
2022-05-10 16:27:03 → 918109281745 → https://t.me/server699 → 加群失败：A wait of 919 seconds is required (caused by JoinChannelRequest)
2022-05-10 16:27:07 → 918509922477 → https://t.me/wangzhuanusdt → 加群失败：A wait of 901 seconds is required (caused by JoinChannelRequest)
2022-05-10 16:27:17 → 917838380415 → https://t.me/vfucloud → 加群失败：A wait of 898 seconds is required (caused by JoinChannelRequest)
2022-05-10 16:27:22 → 917061771362 → https://t.me/xmsji → 加群失败：A wait of 859 seconds is required (caused by JoinChannelRequest)
2022-05-10 16:27:26 → 918109281745 → https://t.me/xuanchengolddriver → 加群失败：A wait of 896 seconds is required (caused by JoinChannelRequest)
2022-05-10 16:27:31 → 79919429746 → https://t.me/tg088 → 加群失败：A wait of 835 seconds is required (caused by JoinChannelRequest)
2022-05-10 16:27:35 → 918092132118 → https://t.me/cccccccxyyy → 加群失败：A wait of 793 seconds is required (caused by JoinChannelRequest)
2022-05-10 16:27:43 → 919901066213 → https://t.me/mla9999 → 加群失败：A wait of 846 seconds is required (caused by JoinChannelRequest)
2022-05-10 16:27:50 → 919901066213 → https://t.me/programertalk → 加群失败：A wait of 838 seconds is required (caused by JoinChannelRequest)