
2022-06-21 07:49:39 → 6283846077843 → https://t.me/+gJ-eKM5QJ3YyNzc1 → 加群成功
2022-06-21 07:50:03 → 6287803187488 → https://t.me/+0VaQ-3CUGpBmZjQ1 → 加群成功
2022-06-21 07:50:19 → 6282268584651 → https://t.me/+uc5k-JwziZU2MzVh → 加群成功
2022-06-21 07:50:54 → 6282311464231 → https://t.me/+-RvPwnYZ0fo2NzE1 → 加群失败：https://t.me/+-RvPwnYZ0fo2NzE1 用户尝试加入的聊天已过期且不再有效（由 ImportChatInviteRequest 引起）
2022-06-21 07:51:14 → 6282143309506 → https://t.me/+Qz0ir67LdmQzODM9 → 加群成功
2022-06-21 07:51:50 → 6288218733142 → https://t.me/+KdYb4C34uoowMGJl → 加群成功
2022-06-21 07:52:12 → 6281247516606 → https://t.me/+yB1tBXdqMKFkMGFl → 加群成功
2022-06-21 07:52:45 → 6281252014638 → https://t.me/joinchat/ITSPv5Bor2M5NjY1 → 加群成功
2022-06-21 07:53:15 → 6285349457363 → https://t.me/joinchat/c1irPtTz-KpmMzZl → 加群成功
2022-06-21 07:53:50 → 6282185500698 → https://t.me/+zt29tENcz2g4ODA1 → 加群成功
2022-06-21 07:54:06 → 6281252013316 → https://t.me/+_cUk83u2c1JjNzY1 → 加群失败：The authenticated user is already a participant of the chat (caused by ImportChatInviteRequest)
2022-06-21 07:54:21 → 6281270146939 → https://t.me/+PnwvxbcwQXVjYzE1 → 加群成功
2022-06-21 07:54:38 → 6281382130147 → https://t.me/+C0RIb6Z0lM8xY2Q1 → 加群失败：https://t.me/+C0RIb6Z0lM8xY2Q1 用户尝试加入的聊天已过期且不再有效（由 ImportChatInviteRequest 引起）
2022-06-21 07:55:17 → 6288218733142 → https://t.me/+H9LG2jzQBeA4NjMx → 加群成功
2022-06-21 07:55:35 → 6283846077843 → https://t.me/+-gQhQNg6UedmYzhh → 加群失败：https://t.me/+-gQhQNg6UedmYzhh 用户尝试加入的聊天已过期且不再有效（由 ImportChatInviteRequest 引起）
2022-06-21 07:56:09 → 6281247516606 → https://t.me/+Xh2Sw8Abn_w0NzRl → 加群成功
2022-06-21 07:56:29 → 6282311464231 → https://t.me/joinchat/HHeAr1ELdNEOXqw3U8Ts0w → 加群成功
2022-06-21 07:56:41 → 6281252013316 → https://t.me/+EFZfdCzTGu9iMzcx → 加群成功
2022-06-21 07:57:04 → 6281382130147 → https://t.me/+mXolrdPE2mxhNTdl → 加群成功
2022-06-21 07:57:39 → 6287803187488 → https://t.me/+spzhFF0zV5M1YjZh → 加群成功
2022-06-21 07:57:50 → 6281270146939 → https://t.me/+jEJUf1tx9vw3Yjk1 → 加群成功
2022-06-21 07:58:17 → 6282143309506 → https://t.me/+rxfOqtxvW-4wNWVl → 加群成功
2022-06-21 07:58:45 → 6285349457363 → https://t.me/+LqsBiT_T0DszOWI1 → 加群成功
2022-06-21 07:59:03 → 6282268584651 → https://t.me/+xn2eYKH-rlI5N2E5 → 加群成功
2022-06-21 07:59:29 → 6282185500698 → https://t.me/+uFhQDDWC5a8xOTVh → 加群成功
2022-06-21 08:00:00 → 6281252014638 → https://t.me/+iTHcPS00SzdhMTBh → 加群成功
2022-06-21 08:00:18 → 6288218733142 → https://t.me/+fAdS-xoI0zJiZTdh → 加群成功
2022-06-21 08:00:48 → 6281247516606 → https://t.me/+0jORkEcjJ0thZDk1 → 加群成功
2022-06-21 08:01:19 → 6282143309506 → https://t.me/+z-xgWFuhbXRiMmU1 → 加群失败：https://t.me/+z-xgWFuhbXRiMmU1 用户尝试加入的聊天已过期且不再有效（由 ImportChatInviteRequest 引起）
2022-06-21 08:01:56 → 6285349457363 → https://t.me/+f312-GXF6bI2NDc1 → 加群成功
2022-06-21 08:02:20 → 6283846077843 → https://t.me/+hwGafTyi3tIxMzc1 → 加群成功
2022-06-21 08:02:31 → 6282268584651 → https://t.me/+LO5hAmiN4McyODU1 → 加群成功
2022-06-21 08:03:01 → 6282185500698 → https://t.me/+F4cgrWsKrcRkMDA9 → 加群成功
2022-06-21 08:03:39 → 6281252014638 → https://t.me/+noFSLnh4gzRmMWM1 → 加群成功
2022-06-21 08:03:46 → 6282311464231 → https://t.me/+feeRJoJYK0EzMTRl → 加群成功
2022-06-21 08:03:59 → 6281252013316 → https://t.me/+NZfDxbAhxBRjMmZl → 加群成功
2022-06-21 08:04:18 → 6281270146939 → https://t.me/+9aEGaULesLY4Nzlh → 加群成功
2022-06-21 08:04:53 → 6287803187488 → https://t.me/+-FuT5gvc2BwyNzg5 → 加群失败：https://t.me/+-FuT5gvc2BwyNzg5 用户尝试加入的聊天已过期且不再有效（由 ImportChatInviteRequest 引起）
2022-06-21 08:05:01 → 6281382130147 → https://t.me/+pImQqG6kee4wZDYx → 加群成功
2022-06-21 08:05:17 → 6282185500698 → https://t.me/+xRLKfhWedANiZGM1 → 加群失败：https://t.me/+xRLKfhWedANiZGM1 用户尝试加入的聊天已过期且不再有效（由 ImportChatInviteRequest 引起）
2022-06-21 08:05:29 → 6282311464231 → https://t.me/+VZOVUsJ_CrRiNjI5 → 加群成功
2022-06-21 08:05:40 → 6281252014638 → https://t.me/+Qhz0SfbvEQAzYmFl → 加群成功
2022-06-21 08:06:15 → 6288218733142 → https://t.me/+r4fE7rGC-tU3YWE1 → 加群成功
2022-06-21 08:06:41 → 6282268584651 → https://t.me/+yTmSqvjL6MZhOGM1 → 加群成功
2022-06-21 08:07:07 → 6287803187488 → https://t.me/+YQtg80wqP5NlM2Nh → 加群成功
2022-06-21 08:07:29 → 6281382130147 → https://t.me/+pbakZSSRFjRhNGU1 → 加群失败：The authenticated user is already a participant of the chat (caused by ImportChatInviteRequest)
2022-06-21 08:08:03 → 6283846077843 → https://t.me/+JMW3N_5fjeM5ODk1 → 加群成功
2022-06-21 08:08:17 → 6281247516606 → https://t.me/+0vEKeyH-sKw5NzEx → 加群成功
2022-06-21 08:08:54 → 6282143309506 → https://t.me/+HjBnsQsrMc44ZmNl → 加群成功
2022-06-21 08:09:15 → 6281252013316 → https://t.me/+l_b3i7oqjn0zMWE1 → 加群成功
2022-06-21 08:09:24 → 6281270146939 → https://t.me/+l7jVRdfrEh8wNWZh → 加群成功
2022-06-21 08:09:54 → 6285349457363 → https://t.me/+A1-zdEEfAu03ZTFl → 加群成功
2022-06-21 08:10:17 → 6282268584651 → https://t.me/+6SR7fONaaVJmNDMx → 加群成功
2022-06-21 08:10:27 → 6287803187488 → https://t.me/+Ak8f4ofbKpEzYTU1 → 加群成功
2022-06-21 08:10:51 → 6285349457363 → https://t.me/+DM9DYATWVQA2MTlh → 加群成功
2022-06-21 08:11:06 → 6282185500698 → https://t.me/+xBZVwA_bkEY2N2Jl → 加群成功
2022-06-21 08:11:20 → 6281247516606 → https://t.me/+zp8hQFMQsnIyYTdl → 加群成功
2022-06-21 08:11:39 → 6281252014638 → https://t.me/+54gl7-9CGNExOTQx → 加群成功
2022-06-21 08:12:07 → 6282143309506 → https://t.me/+KV5UJvJFZadmZjVl → 加群成功
2022-06-21 08:12:41 → 6288218733142 → https://t.me/+iBdNpf3vLzBkOTFl → 加群成功
2022-06-21 08:13:08 → 6282311464231 → https://t.me/+K5t6qDH-guk2ZmNl → 加群成功
2022-06-21 08:13:45 → 6283846077843 → https://t.me/+calyHe56Wm82OTg1 → 加群成功
2022-06-21 08:13:57 → 6281252013316 → https://t.me/+WgZhCn-jDiY2YjRl → 加群成功
2022-06-21 08:14:04 → 6281382130147 → https://t.me/+sEzjSrHVucliNGE1 → 加群成功
2022-06-21 08:14:17 → 6281270146939 → https://t.me/+zjwd6Dobyb5hYWM1 → 加群成功
2022-06-21 08:14:33 → 6282185500698 → https://t.me/+mw6XSaYD2eFjYWQx → 加群成功
2022-06-21 08:15:04 → 6282311464231 → https://t.me/+4iQgzALLkPowZGFl → 加群成功
2022-06-21 08:15:32 → 6283846077843 → https://t.me/+IK9rvcCFpyA3YzI9 → 加群成功
2022-06-21 08:16:00 → 6288218733142 → https://t.me/+REYpWO1e16djZDUx → 加群成功
2022-06-21 08:16:32 → 6281252013316 → https://t.me/+8RnTf-FOZT9iYzRl → 加群成功
2022-06-21 08:17:07 → 6282268584651 → https://t.me/+5gVajc77kDQ0NzI5 → 加群成功
2022-06-21 08:17:23 → 6281270146939 → https://t.me/+aMl_xPUzLu80OGMx → 加群成功
2022-06-21 08:17:35 → 6281252014638 → https://t.me/+xoa71RA8zRlkZWE1 → 加群成功
2022-06-21 08:18:10 → 6281382130147 → https://t.me/+5qiD_XQNy8ozMmI1 → 加群失败：https://t.me/+5qiD_XQNy8ozMmI1 用户尝试加入的聊天已过期且不再有效（由 ImportChatInviteRequest 引起）
2022-06-21 08:18:41 → 6287803187488 → https://t.me/+z9w5abx_AKI3ZDA1 → 加群成功
2022-06-21 08:19:10 → 6281247516606 → https://t.me/+tVzy-HX20kJiYWY1 → 加群成功
2022-06-21 08:19:30 → 6285349457363 → https://t.me/+IMTe1XL2eRhmZTQ1 → 加群成功
2022-06-21 08:19:58 → 6282143309506 → https://t.me/+qi9K7Bo2Y8Y3ZWY9 → 加群失败：https://t.me/+qi9K7Bo2Y8Y3ZWY9 用户尝试加入的聊天已过期且不再有效（由 ImportChatInviteRequest 引起）
2022-06-21 08:20:38 → 6282311464231 → https://t.me/+G4deUBiLF0g3N2Ux → 加群成功
2022-06-21 08:20:46 → 6282143309506 → https://t.me/+0ooyBXIvunM2ODAx → 加群失败：The authenticated user is already a participant of the chat (caused by ImportChatInviteRequest)
2022-06-21 08:21:10 → 6283846077843 → https://t.me/+YhkvVBH2sLNiMmJh → 加群成功
2022-06-21 08:21:29 → 6282185500698 → https://t.me/+BrmgdJH6PSZkNTNh → 加群成功
2022-06-21 08:22:05 → 6288218733142 → https://t.me/+AeKQBS5VnYFhZjdh → 加群成功
2022-06-21 08:22:16 → 6281252013316 → https://t.me/+S58Sh-K2alY3Nzdl → 加群成功
2022-06-21 08:22:42 → 6287803187488 → https://t.me/+T-jYQLw4qHozZWU1 → 加群成功
2022-06-21 08:22:59 → 6281382130147 → https://t.me/+j1rD3RsKu2A5ZTJl → 加群失败：https://t.me/+j1rD3RsKu2A5ZTJl 用户尝试加入的聊天已过期且不再有效（由 ImportChatInviteRequest 引起）
2022-06-21 08:23:15 → 6282268584651 → https://t.me/+7NnqHySmWQM2ODU9 → 加群成功
2022-06-21 08:23:30 → 6281270146939 → https://t.me/+SU2RmtTlLms1YWRl → 加群成功
2022-06-21 08:24:50 → 6282185500698 → https://t.me/+B7AquUh1jWpkNjQx → 加群成功
2022-06-21 08:25:19 → 6282311464231 → https://t.me/+2jZp8I80mEIyOGY1 → 加群成功
2022-06-21 08:25:43 → 6287803187488 → https://t.me/+TkFX2Ws-6WliNjU9 → 加群成功
2022-06-21 08:26:05 → 6288218733142 → https://t.me/+Ykhdirg6NcNkYjAx → 加群失败：The authenticated user is already a participant of the chat (caused by ImportChatInviteRequest)
2022-06-21 08:26:16 → 6281252013316 → https://t.me/+ZIUaM08xAIhkYmUx → 加群成功
2022-06-21 08:26:51 → 6285349457363 → https://t.me/joinchat/rDC8WhyDHDg0Yzhl → 加群成功
2022-06-21 08:27:23 → 6281247516606 → https://t.me/+lLRc1DnIS1JhYTc1 → 加群成功
2022-06-21 08:27:37 → 6282143309506 → https://t.me/+UDrX76uyYy82OWEx → 加群成功
2022-06-21 08:27:52 → 6281270146939 → https://t.me/+ULgadWScDkswN2Q1 → 加群成功
2022-06-21 08:28:08 → 6281382130147 → https://t.me/+d704xN5CSodkN2Vh → 加群成功
2022-06-21 08:28:16 → 6281252014638 → https://t.me/+G-TP1oGwz_UzZTgx → 加群成功
2022-06-21 08:28:34 → 6283846077843 → https://t.me/+hG4evzI6ZJ84MTA5 → 加群成功
2022-06-21 08:28:52 → 6282268584651 → https://t.me/+WnFY9z024NdiODgx → 加群成功
2022-06-21 08:29:29 → 6287803187488 → https://t.me/+EsOVJtfj7FwyOWUx → 加群成功
2022-06-21 08:29:57 → 6282268584651 → https://t.me/+KqByXUbZl6wxM2Nh → 加群成功
2022-06-21 08:30:34 → 6281252014638 → https://t.me/+4O_dPR7XAcY5NGQ9 → 加群成功
2022-06-21 08:30:47 → 6281270146939 → https://t.me/+YlQkP6X2f11lZjlh → 加群失败：The authenticated user is already a participant of the chat (caused by ImportChatInviteRequest)
2022-06-21 08:31:04 → 6281247516606 → https://t.me/+jxQcjZH0KvRjY2Jl → 加群成功
2022-06-21 08:31:18 → 6288218733142 → https://t.me/+dIyaD5HpDJY3Zjk9 → 加群失败：The authenticated user is already a participant of the chat (caused by ImportChatInviteRequest)
2022-06-21 08:31:25 → 6281382130147 → https://t.me/+MSzURb05WsVlZWYx → 加群成功
2022-06-21 08:31:46 → 6282311464231 → https://t.me/+X_itTArL40g1ZWI5 → 加群失败：https://t.me/+X_itTArL40g1ZWI5 用户尝试加入的聊天已过期且不再有效（由 ImportChatInviteRequest 引起）
2022-06-21 08:32:14 → 6283846077843 → https://t.me/+HHlC3yukCdo0MjBh → 加群成功
2022-06-21 08:32:26 → 6282143309506 → https://t.me/+uDADliAVzT84ZDRh → 加群失败：https://t.me/+uDADliAVzT84ZDRh 用户尝试加入的聊天已过期且不再有效（由 ImportChatInviteRequest 引起）
2022-06-21 08:32:34 → 6285349457363 → https://t.me/+hpMJRgdAs5AxMzg1 → 加群成功
2022-06-21 08:32:49 → 6282185500698 → https://t.me/+3YZdmBbfzH85MDll → 加群成功
2022-06-21 08:33:27 → 6281252013316 → https://t.me/+X1XfCzCulJplNzJl → 加群成功
2022-06-21 08:33:42 → 6281252013316 → https://t.me/+rgxcUm5Dp35mYWI1 → 加群成功
2022-06-21 08:34:15 → 6282185500698 → https://t.me/+40-bqGDev2g3NGZl → 加群成功
2022-06-21 08:34:27 → 6281382130147 → https://t.me/+vD11mXSl0Qo1NjBl → 加群成功
2022-06-21 08:34:45 → 6281270146939 → https://t.me/+AGovixe_eoE4NDNh → 加群成功
2022-06-21 08:35:02 → 6287803187488 → https://t.me/+SEjcrJU4JuIyNzA1 → 加群成功
2022-06-21 08:35:38 → 6285349457363 → https://t.me/+iByuoW9T4aMzODVl → 加群成功
2022-06-21 08:36:08 → 6282143309506 → https://t.me/+9oE0N-acgdo0NTNl → 加群成功
2022-06-21 08:36:42 → 6281252014638 → https://t.me/+JfzYvmEW4bo0ZWRl → 加群成功
2022-06-21 08:37:11 → 6283846077843 → https://t.me/+t8N8djvNpMozYTUx → 加群成功
2022-06-21 08:37:25 → 6281247516606 → https://t.me/+ftCy3AbJQ2FkZTdh → 加群成功
2022-06-21 08:37:41 → 6282311464231 → https://t.me/+kF5YAHBQ7b8yMDVl → 加群失败：https://t.me/+kF5YAHBQ7b8yMDVl 用户尝试加入的聊天已过期且不再有效（由 ImportChatInviteRequest 引起）
2022-06-21 08:38:14 → 6288218733142 → https://t.me/+_r_1ooupBRoxZTcx → 加群成功
2022-06-21 08:38:38 → 6282268584651 → https://t.me/+IgxjgT8EJP0wZGI1 → 加群成功
2022-06-21 08:39:22 → 6287803187488 → https://t.me/+EX5LLMSHNh9iYTQ1 → 加群成功
2022-06-21 08:39:48 → 6281247516606 → https://t.me/+Z11hDKptzFdjZDZh → 加群成功
2022-06-21 08:40:12 → 6281270146939 → https://t.me/+Zp-g0nkCPK9lMzE1 → 加群成功
2022-06-21 08:40:23 → 6282268584651 → https://t.me/+UbxlM6GKynRhODk1 → 加群成功
2022-06-21 08:40:50 → 6282185500698 → https://t.me/+foThDdueBzYyOTVh → 加群成功
2022-06-21 08:41:15 → 6281382130147 → https://t.me/+b-oj8C33vKU1Yjdl → 加群成功
2022-06-21 08:41:29 → 6282143309506 → https://t.me/+SvCI6c2XlcxlZjQx → 加群成功
2022-06-21 08:41:52 → 6288218733142 → https://t.me/+aQJcp5R0T3pkZGNl → 加群成功
2022-06-21 08:42:12 → 6281252014638 → https://t.me/+YlMJYHBBe0M5ZmMx → 加群成功
2022-06-21 08:42:45 → 6282311464231 → https://t.me/+wyQoNDjjMBVjNDA1 → 加群成功
2022-06-21 08:43:01 → 6283846077843 → https://t.me/+5NQjNc_ygu1jYTYx → 加群成功
2022-06-21 08:43:20 → 6281252013316 → https://t.me/+cod7Oy_bjAg5NTk1 → 加群成功
2022-06-21 08:43:46 → 6285349457363 → https://t.me/+jxfLkeV_sRZlZjIx → 加群失败：https://t.me/+jxfLkeV_sRZlZjIx 用户尝试加入的聊天已过期且不再有效（由 ImportChatInviteRequest 引起）
2022-06-21 08:44:23 → 6281382130147 → https://t.me/+XMeaKsmC7JU4NzA1 → 加群失败：https://t.me/+XMeaKsmC7JU4NzA1 用户尝试加入的聊天已过期且不再有效（由 ImportChatInviteRequest 引起）
2022-06-21 08:44:31 → 6283846077843 → https://t.me/+hdw-z80muVFjNzFl → 加群成功
2022-06-21 08:45:08 → 6287803187488 → https://t.me/+4GYip2NBLOphOTVl → 加群成功
2022-06-21 08:45:17 → 6281270146939 → https://t.me/+YI3Dtp8InIthMmU5 → 加群成功
2022-06-21 08:45:43 → 6281252014638 → https://t.me/ffcyx → 加群失败：https://t.me/ffcyx 用户尝试加入的聊天已过期且不再有效（由 ImportChatInviteRequest 引起）
2022-06-21 08:46:05 → 6285349457363 → https://t.me/+rUlOEDqXoIM4NDk9 → 加群成功
2022-06-21 08:46:25 → 6282143309506 → https://t.me/+b8osyGrSdOhhZjE9 → 加群成功
2022-06-21 08:46:36 → 6282268584651 → https://t.me/+5WmtAnMeZpIyMDhh → 加群成功
2022-06-21 08:47:01 → 6281247516606 → https://t.me/+BqdPZFGv9QxjMWI1 → 加群成功
2022-06-21 08:47:26 → 6282311464231 → https://t.me/+d8XzUzLwhhU1YWVl → 加群成功
2022-06-21 08:47:39 → 6281252013316 → https://t.me/+in9IWOKmArs5ODg5 → 加群成功
2022-06-21 08:48:04 → 6288218733142 → https://t.me/+4bOGsWK-7145MGQ1 → 加群成功
2022-06-21 08:48:39 → 6282185500698 → https://t.me/+jIlT6iUJfKBkMzBh → 加群成功
2022-06-21 08:49:08 → 6281270146939 → https://t.me/+j8GV22yY5x5lM2Jh → 加群成功
2022-06-21 08:49:32 → 6281252013316 → https://t.me/+xWeQtRBfjOFkNTA1 → 加群成功
2022-06-21 08:49:47 → 6283846077843 → https://t.me/+zYJQMkPK-txmNTc1 → 加群成功
2022-06-21 08:50:15 → 6282185500698 → https://t.me/+oK6peJEVCBgzZjcx → 加群成功
2022-06-21 08:50:50 → 6287803187488 → https://t.me/+kaP8DGgokxo4NGIx → 加群成功
2022-06-21 08:51:12 → 6282143309506 → https://t.me/+SIfSmDbixudkMzc1 → 加群成功
2022-06-21 08:51:31 → 6281252014638 → https://t.me/+-jAPlPqNLng3NTk1 → 加群失败：https://t.me/+-jAPlPqNLng3NTk1 用户尝试加入的聊天已过期且不再有效（由 ImportChatInviteRequest 引起）
2022-06-21 08:51:57 → 6285349457363 → https://t.me/+ADL_14T-XG0yMmE5 → 加群失败：The authenticated user is already a participant of the chat (caused by ImportChatInviteRequest)
2022-06-21 08:52:32 → 6288218733142 → https://t.me/+VwDoIE1fU34wNDRl → 加群失败：https://t.me/+VwDoIE1fU34wNDRl 用户尝试加入的聊天已过期且不再有效（由 ImportChatInviteRequest 引起）
2022-06-21 08:53:04 → 6282268584651 → https://t.me/+XOH9ZDrzo3I1MzI1 → 加群成功
2022-06-21 08:53:28 → 6282311464231 → https://t.me/+umxZ8YEpnEo2MWUx → 加群成功
2022-06-21 08:54:04 → 6281382130147 → https://t.me/+71ANa06F0wNmNmJl → 加群成功
2022-06-21 08:54:37 → 6281247516606 → https://t.me/+1450TvdWFDg3ZDlh → 加群成功
2022-06-21 08:54:58 → 6282185500698 → https://t.me/+LWL438ngyIQxZjQ1 → 加群成功
2022-06-21 08:55:18 → 6282311464231 → https://t.me/+n9nQhpEXAC0yNGU9 → 加群成功
2022-06-21 08:55:40 → 6287803187488 → https://t.me/+G8wVDtrfGdI3ZTc9 → 加群成功
2022-06-21 08:56:14 → 6281270146939 → https://t.me/+h2PiE1mN6nZmN2Vl → 加群成功
2022-06-21 08:56:35 → 6281247516606 → https://t.me/+bOgiT1uFp88xNmQ1 → 加群成功
2022-06-21 08:56:54 → 6281382130147 → https://t.me/+zAh3xoopIn4yYTU5 → 加群成功
2022-06-21 08:57:31 → 6281252014638 → https://t.me/+WbJrXuE28703Zjdl → 加群成功
2022-06-21 08:57:50 → 6283846077843 → https://t.me/+-ZBvuqf9AYtkM2Q5 → 加群失败：https://t.me/+-ZBvuqf9AYtkM2Q5 用户尝试加入的聊天已过期且不再有效（由 ImportChatInviteRequest 引起）
2022-06-21 08:58:26 → 6285349457363 → https://t.me/+4-TIERdkNVVmY2Ix → 加群成功
2022-06-21 08:59:03 → 6282268584651 → https://t.me/+Qda8QNJzsX4yNjVl → 加群成功
2022-06-21 08:59:20 → 6288218733142 → https://t.me/+1s6PDJfhJ_45N2Mx → 加群成功
2022-06-21 08:59:46 → 6281252013316 → https://t.me/+StNEwMqEaUE2NmFl → 加群失败：The authenticated user is already a participant of the chat (caused by ImportChatInviteRequest)
2022-06-21 09:00:23 → 6282143309506 → https://t.me/+mHS4ouK1WS81ODdl → 加群失败：The authenticated user is already a participant of the chat (caused by ImportChatInviteRequest)
2022-06-21 09:00:55 → 6281247516606 → https://t.me/+EGVQeuIr3OU0NGI9 → 加群成功
2022-06-21 09:01:31 → 6283846077843 → https://t.me/+wUPu96w7BvQ3NTU1 → 加群成功
2022-06-21 09:01:39 → 6281252014638 → https://t.me/+So8ftQcz7V8xMTI5 → 加群成功
2022-06-21 09:01:50 → 6282268584651 → https://t.me/+0kedKOuRB0o1NDMx → 加群成功
2022-06-21 09:02:14 → 6282143309506 → https://t.me/+ssjAgSqpCLI0YzBh → 加群成功
2022-06-21 09:02:29 → 6281252013316 → https://t.me/+boGmQAE3JrBjNTNl → 加群成功
2022-06-21 09:02:41 → 6281382130147 → https://t.me/+HBDkiYv3Y9c2ODM1 → 加群成功
2022-06-21 09:02:55 → 6285349457363 → https://t.me/+K4hA5oTciaJhNTVl → 加群成功
2022-06-21 09:03:20 → 6282185500698 → https://t.me/+3gLBjcldb5E1NWY9 → 加群成功
2022-06-21 09:03:37 → 6282311464231 → https://t.me/+BIb1nofuq6Q5NzY1 → 加群成功
2022-06-21 09:03:54 → 6281270146939 → https://t.me/+-HKE3ttySdAxMTk1 → 加群失败：https://t.me/+-HKE3ttySdAxMTk1 用户尝试加入的聊天已过期且不再有效（由 ImportChatInviteRequest 引起）
2022-06-21 09:04:06 → 6287803187488 → https://t.me/+y1X1DHVWX6o0OWQx → 加群成功
2022-06-21 09:04:17 → 6288218733142 → https://t.me/+IWYUKU0ocCcwYjMx → 加群成功
2022-06-21 09:05:02 → 6282268584651 → https://t.me/+17GH_OvJ9tAwY2Vl → 加群成功
2022-06-21 09:05:24 → 6282143309506 → https://t.me/+sUuj_TuH_nRhNjE1 → 加群成功
2022-06-21 09:05:46 → 6287803187488 → https://t.me/+67pYhAT5wPcxMDRl → 加群成功
2022-06-21 09:06:11 → 6281252013316 → https://t.me/+q9iWwMyPl485YzE1 → 加群成功
2022-06-21 09:06:41 → 6283846077843 → https://t.me/+jDogamSAXRJmNTJl → 加群成功
2022-06-21 09:07:01 → 6281382130147 → https://t.me/+O75V72V3_f9mZDk1 → 加群失败：The authenticated user is already a participant of the chat (caused by ImportChatInviteRequest)
2022-06-21 09:07:22 → 6281247516606 → https://t.me/+E7EhI4J4t2BjMTdh → 加群成功
2022-06-21 09:07:57 → 6282185500698 → https://t.me/+dYHMcVJpbBwzMGQ1 → 加群成功
2022-06-21 09:08:24 → 6281252014638 → https://t.me/+4t_ZnkZnBxJhYzcx → 加群成功
2022-06-21 09:08:53 → 6285349457363 → https://t.me/+wXJtiQoohfc2NDJl → 加群成功
2022-06-21 09:09:00 → 6288218733142 → https://t.me/+coJH9njcTFI3NGJh → 加群成功
2022-06-21 09:09:25 → 6281270146939 → https://t.me/+BRUAa2sBGU0zOTQ1 → 加群成功
2022-06-21 09:09:42 → 6282311464231 → https://t.me/+APKLYqmdSclhZjU1 → 加群成功
2022-06-21 09:10:31 → 6281252014638 → https://t.me/+Lh7Vg3j2HBA2ZWRl → 加群成功
2022-06-21 09:10:56 → 6282311464231 → https://t.me/+GG2gvlA8M2s5Mjgx → 加群成功
2022-06-21 09:11:20 → 6283846077843 → https://t.me/+07AqZIR1RH43MmY1 → 加群失败：The authenticated user is already a participant of the chat (caused by ImportChatInviteRequest)
2022-06-21 09:11:45 → 6282185500698 → https://t.me/+j41eJz9SWtE2YjUx → 加群成功
2022-06-21 09:12:04 → 6281270146939 → https://t.me/+Sh3VLTGHA9Q3YTdl → 加群失败：The authenticated user is already a participant of the chat (caused by ImportChatInviteRequest)
2022-06-21 09:12:28 → 6282268584651 → https://t.me/+p6YlZXi4WgU0Yzc1 → 加群成功
2022-06-21 09:12:37 → 6281252013316 → https://t.me/+1zXkNRlLObA1NGNl → 加群失败：https://t.me/+1zXkNRlLObA1NGNl 用户尝试加入的聊天已过期且不再有效（由 ImportChatInviteRequest 引起）
2022-06-21 09:12:49 → 6287803187488 → https://t.me/+cgctxddaCwxhYWM1 → 加群成功
2022-06-21 09:13:12 → 6281247516606 → https://t.me/+CM8QfiFJeng1OWM1 → 加群成功
2022-06-21 09:13:25 → 6288218733142 → https://t.me/+_co7YJMXqzliMzhh → 加群成功
2022-06-21 09:13:45 → 6281382130147 → https://t.me/+owVJEPVLlZpiOGUx → 加群成功
2022-06-21 09:14:01 → 6282143309506 → https://t.me/+W5n0MEy_bxMyMDFl → 加群失败：https://t.me/+W5n0MEy_bxMyMDFl 用户尝试加入的聊天已过期且不再有效（由 ImportChatInviteRequest 引起）
2022-06-21 09:14:13 → 6285349457363 → https://t.me/+-bcWU8v_IGBjNDBl → 加群失败：https://t.me/+-bcWU8v_IGBjNDBl 用户尝试加入的聊天已过期且不再有效（由 ImportChatInviteRequest 引起）
2022-06-21 09:14:53 → 6288218733142 → https://t.me/+Vr3PW_vRaiY3YjFh → 加群成功
2022-06-21 09:15:00 → 6282268584651 → https://t.me/+-J3EkxDRssplNmQx → 加群失败：https://t.me/+-J3EkxDRssplNmQx 用户尝试加入的聊天已过期且不再有效（由 ImportChatInviteRequest 引起）
2022-06-21 09:15:11 → 6281252014638 → https://t.me/+qG8NTgtN0akxM2Ex → 加群成功
2022-06-21 09:15:23 → 6282311464231 → https://t.me/+3SrSrS52L785Yjg1 → 加群成功
2022-06-21 09:15:39 → 6287803187488 → https://t.me/+SZP7LsqR8FI3ZjM1 → 加群成功
2022-06-21 09:15:48 → 6282143309506 → https://t.me/joinchat/EnHBggxtLiaKQHfI_9JPgw → 加群成功
2022-06-21 09:16:10 → 6281270146939 → https://t.me/+Rn0gXKwDBdZiMzhl → 加群成功
2022-06-21 09:16:45 → 6281382130147 → https://t.me/+XAPOpgfM36YxYTk1 → 加群成功
2022-06-21 09:17:12 → 6282185500698 → https://t.me/+qmuwWWOvrME0ODkx → 加群成功
2022-06-21 09:17:48 → 6281252013316 → https://t.me/+BSga9DevIIg5YTQ1 → 加群成功
2022-06-21 09:18:06 → 6281247516606 → https://t.me/+apcxV30gu7M2MjI1 → 加群成功
2022-06-21 09:18:37 → 6285349457363 → https://t.me/+Gla_cs2FNi1kMjc1 → 加群成功
2022-06-21 09:18:52 → 6283846077843 → https://t.me/+ZalvZqpTKQY5ZmVh → 加群成功
2022-06-21 09:19:36 → 6282268584651 → https://t.me/+X98YxeYTiqcxYzA9 → 加群失败：The authenticated user is already a participant of the chat (caused by ImportChatInviteRequest)
2022-06-21 09:20:04 → 6282185500698 → https://t.me/+ULwwAMPXqG5iNTI1 → 加群成功
2022-06-21 09:20:26 → 6281382130147 → https://t.me/+l1slk5dV5jE3ZjNl → 加群成功
2022-06-21 09:20:49 → 6282143309506 → https://t.me/+_sSpDH9vnQMwNjc9 → 加群成功
2022-06-21 09:21:01 → 6288218733142 → https://t.me/+MVMDI7oWzDczNmI1 → 加群成功
2022-06-21 09:21:24 → 6287803187488 → https://t.me/+n18k2BFJNDsxY2Fl → 加群成功
2022-06-21 09:21:50 → 6282311464231 → https://t.me/+PtpnKT2eF0BkN2Q9 → 加群成功
2022-06-21 09:22:03 → 6285349457363 → https://t.me/+Iu_rhvEZnCVjMmNl → 加群成功
2022-06-21 09:22:30 → 6281252013316 → https://t.me/+k7skOSclEXNkY2M1 → 加群成功
2022-06-21 09:22:39 → 6283846077843 → https://t.me/+Hu3nlzXur5djMzg1 → 加群成功
2022-06-21 09:23:13 → 6281247516606 → https://t.me/+2hRtaNIomANhZjhl → 加群成功
2022-06-21 09:23:21 → 6281270146939 → https://t.me/+QmtEDlDoYLlkMGVl → 加群成功
2022-06-21 09:23:57 → 6281252014638 → https://t.me/+XA-AFUSIJMBjY2Fh → 加群失败：https://t.me/+XA-AFUSIJMBjY2Fh 用户尝试加入的聊天已过期且不再有效（由 ImportChatInviteRequest 引起）
2022-06-21 09:24:38 → 6285349457363 → https://t.me/+2UbXwZlSXqxiMGIx → 加群成功