
2022-06-03 06:00:05 → 6282133204171 → https://t.me/+4GYip2NBLOphOTVl → 加群成功
2022-06-03 06:02:21 → 6282133204171 → https://t.me/+rUlOEDqXoIM4NDk9 → 加群成功
2022-06-03 06:05:52 → 6282133204171 → https://t.me/+1zXkNRlLObA1NGNl → 加群成功
2022-06-03 07:56:02 → 6282133204171 → https://t.me/+umxZ8YEpnEo2MWUx → 加群成功
2022-06-03 08:23:46 → 6282133204171 → https://t.me/+X1XfCzCulJplNzJl → 加群成功
2022-06-03 08:25:21 → 6282133204171 → https://t.me/+5gVajc77kDQ0NzI5 → 加群成功
2022-06-03 08:30:12 → 6282133204171 → https://t.me/+G8wVDtrfGdI3ZTc9 → 加群成功
2022-06-03 08:34:15 → 6282133204171 → https://t.me/+Sh3VLTGHA9Q3YTdl → 加群失败：The authenticated user is already a participant of the chat (caused by ImportChatInviteRequest)
2022-06-03 08:38:51 → 6282133204171 → https://t.me/+-jAPlPqNLng3NTk1 → 加群失败：https://t.me/+-jAPlPqNLng3NTk1 用户尝试加入的聊天已过期且不再有效（由 ImportChatInviteRequest 引起）
2022-06-03 08:40:09 → 6282133204171 → https://t.me/+5NQjNc_ygu1jYTYx → 加群成功
2022-06-03 08:41:31 → 6282133204171 → https://t.me/+rgxcUm5Dp35mYWI1 → 加群成功
2022-06-03 08:46:04 → 6282133204171 → https://t.me/+feeRJoJYK0EzMTRl → 加群成功
2022-06-03 08:47:49 → 6282133204171 → https://t.me/+XOH9ZDrzo3I1MzI1 → 加群成功
2022-06-03 08:52:07 → 6282133204171 → https://t.me/+Ak8f4ofbKpEzYTU1 → 加群成功
2022-06-03 08:55:49 → 6282133204171 → https://t.me/+-J3EkxDRssplNmQx → 加群失败：https://t.me/+-J3EkxDRssplNmQx 用户尝试加入的聊天已过期且不再有效（由 ImportChatInviteRequest 引起）
2022-06-03 08:58:20 → 6282133204171 → https://t.me/+7NnqHySmWQM2ODU9 → 加群成功
2022-06-03 09:00:57 → 6282133204171 → https://t.me/+qi9K7Bo2Y8Y3ZWY9 → 加群失败：The authenticated user is already a participant of the chat (caused by ImportChatInviteRequest)
2022-06-03 09:04:03 → 6282133204171 → https://t.me/+h2PiE1mN6nZmN2Vl → 加群成功
2022-06-03 09:42:22 → 6282133204171 → https://t.me/+xn2eYKH-rlI5N2E5 → 加群失败：The authenticated user is already a participant of the chat (caused by ImportChatInviteRequest)
2022-06-03 09:43:35 → 6282133204171 → https://t.me/+Vr3PW_vRaiY3YjFh → 加群成功
2022-06-03 11:18:16 → 6282133204171 → https://t.me/+Z11hDKptzFdjZDZh → 加群成功
2022-06-03 11:19:41 → 79917731981 → https://t.me/joinchat/c1irPtTz-KpmMzZl → 加群失败：掉线/或官方销号
2022-06-03 11:19:52 → 639677121074 → https://t.me/+y1X1DHVWX6o0OWQx → 加群失败：You have joined too many channels/supergroups (caused by ImportChatInviteRequest)
2022-06-03 11:19:59 → 60178862101 → https://t.me/+hpMJRgdAs5AxMzg1 → 加群失败：掉线/或官方销号
2022-06-03 11:20:07 → 918130663666 → https://t.me/+wyQoNDjjMBVjNDA1 → 加群失败：掉线/或官方销号
2022-06-03 11:20:15 → 6281283602694 → https://t.me/+xWeQtRBfjOFkNTA1 → 加群成功
2022-06-03 11:20:23 → 918109281745 → https://t.me/+6SR7fONaaVJmNDMx → 加群成功
2022-06-03 11:20:33 → 917061771362 → https://t.me/+4bOGsWK-7145MGQ1 → 加群成功
2022-06-03 11:20:41 → 79773856754 → https://t.me/+0vEKeyH-sKw5NzEx → 加群失败：掉线/或官方销号
2022-06-03 11:20:53 → 917602129536 → https://t.me/+yTmSqvjL6MZhOGM1 → 加群失败：掉线/或官方销号
2022-06-03 11:21:01 → 79045541142 → https://t.me/+pbakZSSRFjRhNGU1 → 加群成功
2022-06-03 11:21:10 → 916354850353 → https://t.me/+-J3EkxDRssplNmQx → 加群失败：掉线/或官方销号
2022-06-03 11:21:22 → 79528551823 → https://t.me/+qG8NTgtN0akxM2Ex → 加群失败：掉线/或官方销号
2022-06-03 11:21:32 → 79919431787 → https://t.me/+_co7YJMXqzliMzhh → 加群成功
2022-06-03 11:21:42 → 601124026034 → https://t.me/+ftCy3AbJQ2FkZTdh → 加群成功
2022-06-03 11:21:52 → 79917733379 → https://t.me/wangbo28 → 加群失败：掉线/或官方销号
2022-06-03 11:22:03 → 79528551283 → https://t.me/+XA-AFUSIJMBjY2Fh → 加群成功
2022-06-03 11:22:12 → 79916318026 → https://t.me/+5qiD_XQNy8ozMmI1 → 加群成功
2022-06-03 11:22:20 → 62895324567778 → https://t.me/+h2PiE1mN6nZmN2Vl → 加群成功
2022-06-03 11:22:31 → 6281283602716 → https://t.me/+aQJcp5R0T3pkZGNl → 加群成功
2022-06-03 11:22:39 → 6282133204171 → https://t.me/+bOgiT1uFp88xNmQ1 → 加群成功
2022-06-03 11:22:50 → 79917733563 → https://t.me/+VZOVUsJ_CrRiNjI5 → 加群成功
2022-06-03 11:23:01 → 601112672414 → https://t.me/+sUuj_TuH_nRhNjE1 → 加群成功
2022-06-03 11:23:10 → 6289635971327 → https://t.me/+rUlOEDqXoIM4NDk9 → 加群成功
2022-06-03 11:23:21 → 601124042925 → https://t.me/+m7Ys3kdhOQ5jODQ1 → 加群成功
2022-06-03 11:23:28 → 918092132118 → https://t.me/+KdYb4C34uoowMGJl → 加群成功
2022-06-03 11:23:38 → 6281283070774 → https://t.me/+Rn0gXKwDBdZiMzhl → 加群成功
2022-06-03 11:23:50 → 919923144199 → https://t.me/+1zXkNRlLObA1NGNl → 加群成功
2022-06-03 11:23:59 → 917838380415 → https://t.me/+jDogamSAXRJmNTJl → 加群成功
2022-06-03 11:24:19 → 601112672414 → https://t.me/+A1-zdEEfAu03ZTFl → 加群成功
2022-06-03 11:24:26 → 917061771362 → https://t.me/+vD11mXSl0Qo1NjBl → 加群成功
2022-06-03 11:24:39 → 601124042925 → https://t.me/+Iu_rhvEZnCVjMmNl → 加群成功
2022-06-03 11:24:49 → 6281283602694 → https://t.me/+-gQhQNg6UedmYzhh → 加群失败：https://t.me/+-gQhQNg6UedmYzhh 用户尝试加入的聊天已过期且不再有效（由 ImportChatInviteRequest 引起）
2022-06-03 11:24:57 → 917838380415 → https://t.me/+3SrSrS52L785Yjg1 → 加群成功
2022-06-03 11:25:08 → 918109281745 → https://t.me/+LO5hAmiN4McyODU1 → 加群成功
2022-06-03 11:25:16 → 6281283070774 → https://t.me/+ULgadWScDkswN2Q1 → 加群成功
2022-06-03 11:25:24 → 6289635971327 → https://t.me/+AeKQBS5VnYFhZjdh → 加群成功
2022-06-03 11:25:35 → 918092132118 → https://t.me/+2hRtaNIomANhZjhl → 加群成功
2022-06-03 11:25:44 → 79919431787 → https://t.me/+T-jYQLw4qHozZWU1 → 加群成功
2022-06-03 11:25:53 → 79916318026 → https://t.me/+HBDkiYv3Y9c2ODM1 → 加群成功
2022-06-03 11:26:03 → 601124026034 → https://t.me/+WnFY9z024NdiODgx → 加群成功
2022-06-03 11:26:14 → 79917733563 → https://t.me/+uFhQDDWC5a8xOTVh → 加群成功
2022-06-03 11:26:23 → 62895324567778 → https://t.me/+_r_1ooupBRoxZTcx → 加群成功
2022-06-03 11:26:34 → 79528551283 → https://t.me/+YlMJYHBBe0M5ZmMx → 加群成功
2022-06-03 11:26:47 → 919923144199 → https://t.me/+in9IWOKmArs5ODg5 → 加群成功
2022-06-03 11:26:55 → 6282133204171 → https://t.me/+S58Sh-K2alY3Nzdl → 加群成功
2022-06-03 11:27:06 → 79045541142 → https://t.me/+p6YlZXi4WgU0Yzc1 → 加群成功
2022-06-03 11:27:17 → 639677121074 → https://t.me/+AGovixe_eoE4NDNh → 加群失败：You have joined too many channels/supergroups (caused by ImportChatInviteRequest)
2022-06-03 11:27:24 → 6281283602716 → https://t.me/+boGmQAE3JrBjNTNl → 加群成功
2022-06-03 11:27:39 → 6281283602716 → https://t.me/+Ak8f4ofbKpEzYTU1 → 加群成功
2022-06-03 11:27:50 → 79528551283 → https://t.me/+REYpWO1e16djZDUx → 加群成功
2022-06-03 11:28:03 → 919923144199 → https://t.me/+qi9K7Bo2Y8Y3ZWY9 → 加群成功
2022-06-03 11:28:11 → 6281283602694 → https://t.me/+BrmgdJH6PSZkNTNh → 加群成功
2022-06-03 11:28:22 → 6281283070774 → https://t.me/+ZIUaM08xAIhkYmUx → 加群成功
2022-06-03 11:28:30 → 918092132118 → https://t.me/+z9w5abx_AKI3ZDA1 → 加群成功
2022-06-03 11:28:40 → 79045541142 → https://t.me/+Vr3PW_vRaiY3YjFh → 加群成功
2022-06-03 11:28:52 → 62895324567778 → https://t.me/+WgZhCn-jDiY2YjRl → 加群成功
2022-06-03 11:29:00 → 601112672414 → https://t.me/+hwGafTyi3tIxMzc1 → 加群成功
2022-06-03 11:29:11 → 79919431787 → https://t.me/+3YZdmBbfzH85MDll → 加群成功
2022-06-03 11:29:18 → 6289635971327 → https://t.me/+kF5YAHBQ7b8yMDVl → 加群失败：https://t.me/+kF5YAHBQ7b8yMDVl 用户尝试加入的聊天已过期且不再有效（由 ImportChatInviteRequest 引起）
2022-06-03 11:29:27 → 639677121074 → https://t.me/+W5n0MEy_bxMyMDFl → 加群失败：You have joined too many channels/supergroups (caused by ImportChatInviteRequest)
2022-06-03 11:29:37 → 6282133204171 → https://t.me/+qmuwWWOvrME0ODkx → 加群成功
2022-06-03 11:29:45 → 918109281745 → https://t.me/+KV5UJvJFZadmZjVl → 加群成功
2022-06-03 11:29:57 → 601124042925 → https://t.me/+kaP8DGgokxo4NGIx → 加群成功
2022-06-03 11:30:09 → 917838380415 → https://t.me/+3gLBjcldb5E1NWY9 → 加群成功
2022-06-03 11:30:17 → 917061771362 → https://t.me/+dYHMcVJpbBwzMGQ1 → 加群成功
2022-06-03 11:30:24 → 79917733563 → https://t.me/+Qhz0SfbvEQAzYmFl → 加群成功
2022-06-03 11:30:34 → 79916318026 → https://t.me/+mrJcyx4RlCoyZDE9 → 加群成功
2022-06-03 11:30:47 → 601124026034 → https://t.me/+n18k2BFJNDsxY2Fl → 加群成功
2022-06-03 11:31:07 → 79919431787 → https://t.me/+BqdPZFGv9QxjMWI1 → 加群成功
2022-06-03 11:31:18 → 6289635971327 → https://t.me/+Qz0ir67LdmQzODM9 → 加群成功
2022-06-03 11:31:28 → 79916318026 → https://t.me/+7NnqHySmWQM2ODU9 → 加群成功
2022-06-03 11:31:41 → 6281283602716 → https://t.me/+jIlT6iUJfKBkMzBh → 加群成功
2022-06-03 11:31:50 → 918092132118 → https://t.me/+hdw-z80muVFjNzFl → 加群成功
2022-06-03 11:31:57 → 6281283070774 → https://t.me/+-HKE3ttySdAxMTk1 → 加群失败：https://t.me/+-HKE3ttySdAxMTk1 用户尝试加入的聊天已过期且不再有效（由 ImportChatInviteRequest 引起）
2022-06-03 11:32:08 → 601112672414 → https://t.me/+K5t6qDH-guk2ZmNl → 加群成功
2022-06-03 11:32:17 → 639677121074 → https://t.me/+aMl_xPUzLu80OGMx → 加群失败：You have joined too many channels/supergroups (caused by ImportChatInviteRequest)
2022-06-03 11:32:24 → 6282133204171 → https://t.me/+2UbXwZlSXqxiMGIx → 加群成功
2022-06-03 11:32:34 → 917061771362 → https://t.me/+jEJUf1tx9vw3Yjk1 → 加群成功
2022-06-03 11:32:46 → 79528551283 → https://t.me/+BIb1nofuq6Q5NzY1 → 加群成功
2022-06-03 11:32:56 → 79045541142 → https://t.me/ffcyx → 加群失败：https://t.me/ffcyx 用户尝试加入的聊天已过期且不再有效（由 ImportChatInviteRequest 引起）
2022-06-03 11:33:04 → 919923144199 → https://t.me/+IgxjgT8EJP0wZGI1 → 加群成功
2022-06-03 11:33:13 → 6281283602694 → https://t.me/+Ykhdirg6NcNkYjAx → 加群成功
2022-06-03 11:33:23 → 601124026034 → https://t.me/+EX5LLMSHNh9iYTQ1 → 加群成功
2022-06-03 11:33:35 → 918109281745 → https://t.me/+SZP7LsqR8FI3ZjM1 → 加群成功
2022-06-03 11:33:46 → 62895324567778 → https://t.me/+Qda8QNJzsX4yNjVl → 加群成功
2022-06-03 11:33:57 → 79917733563 → https://t.me/+0ooyBXIvunM2ODAx → 加群成功
2022-06-03 11:34:08 → 601124042925 → https://t.me/+jxQcjZH0KvRjY2Jl → 加群成功
2022-06-03 11:34:19 → 917838380415 → https://t.me/+XOH9ZDrzo3I1MzI1 → 加群成功
2022-06-03 11:34:39 → 6282133204171 → https://t.me/+f312-GXF6bI2NDc1 → 加群成功
2022-06-03 11:34:48 → 79045541142 → https://t.me/+noFSLnh4gzRmMWM1 → 加群成功
2022-06-03 11:35:01 → 6281283602694 → https://t.me/+cod7Oy_bjAg5NTk1 → 加群成功
2022-06-03 11:35:11 → 6281283070774 → https://t.me/+JfzYvmEW4bo0ZWRl → 加群成功
2022-06-03 11:35:22 → 639677121074 → https://t.me/+B7AquUh1jWpkNjQx → 加群失败：You have joined too many channels/supergroups (caused by ImportChatInviteRequest)
2022-06-03 11:35:34 → 62895324567778 → https://t.me/+apcxV30gu7M2MjI1 → 加群成功
2022-06-03 11:35:46 → 6281283602716 → https://t.me/+1s6PDJfhJ_45N2Mx → 加群成功
2022-06-03 11:35:59 → 601124042925 → https://t.me/+wXJtiQoohfc2NDJl → 加群成功
2022-06-03 11:36:09 → 918109281745 → https://t.me/+YlQkP6X2f11lZjlh → 加群成功
2022-06-03 11:36:16 → 918092132118 → https://t.me/+40-bqGDev2g3NGZl → 加群成功
2022-06-03 11:36:25 → 79919431787 → https://t.me/+b8osyGrSdOhhZjE9 → 加群成功
2022-06-03 11:36:35 → 601124026034 → https://t.me/+VwDoIE1fU34wNDRl → 加群成功
2022-06-03 11:36:47 → 79916318026 → https://t.me/+Xh2Sw8Abn_w0NzRl → 加群成功
2022-06-03 11:37:00 → 79917733563 → https://t.me/+zYJQMkPK-txmNTc1 → 加群成功
2022-06-03 11:37:13 → 917838380415 → https://t.me/+EGVQeuIr3OU0NGI9 → 加群成功
2022-06-03 11:37:22 → 919923144199 → https://t.me/+_sSpDH9vnQMwNjc9 → 加群成功
2022-06-03 11:37:35 → 6289635971327 → https://t.me/+BSga9DevIIg5YTQ1 → 加群成功
2022-06-03 11:37:45 → 79528551283 → https://t.me/+07AqZIR1RH43MmY1 → 加群成功
2022-06-03 11:37:54 → 601112672414 → https://t.me/+4O_dPR7XAcY5NGQ9 → 加群成功
2022-06-03 11:38:05 → 917061771362 → https://t.me/+zjwd6Dobyb5hYWM1 → 加群成功
2022-06-03 11:38:22 → 6289635971327 → https://t.me/+IMTe1XL2eRhmZTQ1 → 加群成功
2022-06-03 11:38:31 → 917838380415 → https://t.me/+xRLKfhWedANiZGM1 → 加群成功
2022-06-03 11:38:41 → 6281283070774 → https://t.me/+k7skOSclEXNkY2M1 → 加群成功
2022-06-03 11:38:55 → 918092132118 → https://t.me/+IWYUKU0ocCcwYjMx → 加群成功
2022-06-03 11:39:04 → 6281283602716 → https://t.me/+gJ-eKM5QJ3YyNzc1 → 加群成功
2022-06-03 11:39:12 → 79528551283 → https://t.me/+calyHe56Wm82OTg1 → 加群成功
2022-06-03 11:39:23 → 601124026034 → https://t.me/+NZfDxbAhxBRjMmZl → 加群成功
2022-06-03 11:39:31 → 6282133204171 → https://t.me/+0jORkEcjJ0thZDk1 → 加群成功
2022-06-03 11:39:42 → 79917733563 → https://t.me/+d704xN5CSodkN2Vh → 加群成功
2022-06-03 11:39:52 → 918109281745 → https://t.me/+xBZVwA_bkEY2N2Jl → 加群成功
2022-06-03 11:39:59 → 919923144199 → https://t.me/+KqByXUbZl6wxM2Nh → 加群成功
2022-06-03 11:40:13 → 917061771362 → https://t.me/+iByuoW9T4aMzODVl → 加群成功
2022-06-03 11:40:25 → 79045541142 → https://t.me/+EsOVJtfj7FwyOWUx → 加群成功
2022-06-03 11:40:36 → 79916318026 → https://t.me/+iTHcPS00SzdhMTBh → 加群成功
2022-06-03 11:40:47 → 62895324567778 → https://t.me/+G4deUBiLF0g3N2Ux → 加群成功
2022-06-03 11:40:56 → 6281283602694 → https://t.me/+MSzURb05WsVlZWYx → 加群成功
2022-06-03 11:41:08 → 601112672414 → https://t.me/+O75V72V3_f9mZDk1 → 加群成功
2022-06-03 11:41:17 → 601124042925 → https://t.me/+zp8hQFMQsnIyYTdl → 加群成功
2022-06-03 11:41:24 → 79919431787 → https://t.me/+EFZfdCzTGu9iMzcx → 加群成功
2022-06-03 11:41:33 → 639677121074 → https://t.me/+QmtEDlDoYLlkMGVl → 加群失败：You have joined too many channels/supergroups (caused by ImportChatInviteRequest)
2022-06-03 11:41:52 → 639677121074 → https://t.me/+1450TvdWFDg3ZDlh → 加群失败：You have joined too many channels/supergroups (caused by ImportChatInviteRequest)
2022-06-03 11:42:04 → 79917733563 → https://t.me/+StNEwMqEaUE2NmFl → 加群成功
2022-06-03 11:42:17 → 918109281745 → https://t.me/+-RvPwnYZ0fo2NzE1 → 加群失败：https://t.me/+-RvPwnYZ0fo2NzE1 用户尝试加入的聊天已过期且不再有效（由 ImportChatInviteRequest 引起）
2022-06-03 11:42:27 → 6282133204171 → https://t.me/+G-TP1oGwz_UzZTgx → 加群成功
2022-06-03 11:42:37 → 918092132118 → https://t.me/+-jAPlPqNLng3NTk1 → 加群失败：https://t.me/+-jAPlPqNLng3NTk1 用户尝试加入的聊天已过期且不再有效（由 ImportChatInviteRequest 引起）
2022-06-03 11:42:44 → 919923144199 → https://t.me/+l_b3i7oqjn0zMWE1 → 加群成功
2022-06-03 11:42:55 → 601124042925 → https://t.me/+iBdNpf3vLzBkOTFl → 加群成功
2022-06-03 11:43:02 → 62895324567778 → https://t.me/+X_itTArL40g1ZWI5 → 加群成功
2022-06-03 11:43:11 → 601112672414 → https://t.me/+coJH9njcTFI3NGJh → 加群成功
2022-06-03 11:43:25 → 79528551283 → https://t.me/+feeRJoJYK0EzMTRl → 加群成功
2022-06-03 11:43:34 → 79916318026 → https://t.me/+WbJrXuE28703Zjdl → 加群成功
2022-06-03 11:43:43 → 6281283602716 → https://t.me/+xoa71RA8zRlkZWE1 → 加群成功
2022-06-03 11:43:53 → 79919431787 → https://t.me/+SU2RmtTlLms1YWRl → 加群成功
2022-06-03 11:44:01 → 917838380415 → https://t.me/+mHS4ouK1WS81ODdl → 加群成功
2022-06-03 11:44:08 → 6281283070774 → https://t.me/+lLRc1DnIS1JhYTc1 → 加群成功
2022-06-03 11:44:20 → 601124026034 → https://t.me/+l7jVRdfrEh8wNWZh → 加群成功
2022-06-03 11:44:32 → 6281283602694 → https://t.me/+54gl7-9CGNExOTQx → 加群成功
2022-06-03 11:44:43 → 917061771362 → https://t.me/+b-oj8C33vKU1Yjdl → 加群成功
2022-06-03 11:44:53 → 6289635971327 → https://t.me/+j41eJz9SWtE2YjUx → 加群成功
2022-06-03 11:45:04 → 79045541142 → https://t.me/+IK9rvcCFpyA3YzI9 → 加群成功
2022-06-03 11:45:20 → 918092132118 → https://t.me/+C0RIb6Z0lM8xY2Q1 → 加群成功
2022-06-03 11:45:27 → 601124042925 → https://t.me/+wUPu96w7BvQ3NTU1 → 加群成功
2022-06-03 11:45:38 → 639677121074 → https://t.me/+mXolrdPE2mxhNTdl → 加群失败：You have joined too many channels/supergroups (caused by ImportChatInviteRequest)
2022-06-03 11:45:50 → 601124026034 → https://t.me/+Z11hDKptzFdjZDZh → 加群成功
2022-06-03 11:46:03 → 79917733563 → https://t.me/+So8ftQcz7V8xMTI5 → 加群成功
2022-06-03 11:46:14 → 601112672414 → https://t.me/+j1rD3RsKu2A5ZTJl → 加群成功
2022-06-03 11:46:25 → 6282133204171 → https://t.me/+pImQqG6kee4wZDYx → 加群成功
2022-06-03 11:46:37 → 919923144199 → https://t.me/+q9iWwMyPl485YzE1 → 加群成功
2022-06-03 11:46:49 → 917838380415 → https://t.me/+F4cgrWsKrcRkMDA9 → 加群成功
2022-06-03 11:46:57 → 6281283070774 → https://t.me/+Zp-g0nkCPK9lMzE1 → 加群成功
2022-06-03 11:47:04 → 79045541142 → https://t.me/+Gla_cs2FNi1kMjc1 → 加群成功
2022-06-03 11:47:15 → 917061771362 → https://t.me/+t8N8djvNpMozYTUx → 加群成功
2022-06-03 11:47:28 → 6289635971327 → https://t.me/+YQtg80wqP5NlM2Nh → 加群成功
2022-06-03 11:47:39 → 79528551283 → https://t.me/+PtpnKT2eF0BkN2Q9 → 加群成功
2022-06-03 11:47:47 → 62895324567778 → https://t.me/+ZalvZqpTKQY5ZmVh → 加群成功
2022-06-03 11:47:57 → 918109281745 → https://t.me/+PnwvxbcwQXVjYzE1 → 加群成功
2022-06-03 11:48:04 → 79919431787 → https://t.me/+xn2eYKH-rlI5N2E5 → 加群成功
2022-06-03 11:48:12 → 6281283602716 → https://t.me/+yB1tBXdqMKFkMGFl → 加群成功
2022-06-03 11:48:20 → 6281283602694 → https://t.me/+YhkvVBH2sLNiMmJh → 加群成功
2022-06-03 11:48:30 → 79916318026 → https://t.me/+ssjAgSqpCLI0YzBh → 加群成功
2022-06-03 11:48:45 → 918109281745 → https://t.me/+spzhFF0zV5M1YjZh → 加群成功
2022-06-03 11:48:53 → 601124042925 → https://t.me/+SEjcrJU4JuIyNzA1 → 加群成功
2022-06-03 11:49:03 → 6281283602694 → https://t.me/+4iQgzALLkPowZGFl → 加群成功
2022-06-03 11:49:11 → 6289635971327 → https://t.me/+mw6XSaYD2eFjYWQx → 加群成功
2022-06-03 11:49:24 → 917838380415 → https://t.me/+rgxcUm5Dp35mYWI1 → 加群成功
2022-06-03 11:49:31 → 6281283602716 → https://t.me/+n9nQhpEXAC0yNGU9 → 加群成功
2022-06-03 11:49:38 → 917061771362 → https://t.me/+4-TIERdkNVVmY2Ix → 加群成功
2022-06-03 11:49:48 → 6282133204171 → https://t.me/+Sh3VLTGHA9Q3YTdl → 加群失败：The authenticated user is already a participant of the chat (caused by ImportChatInviteRequest)
2022-06-03 11:49:56 → 919923144199 → https://t.me/+zt29tENcz2g4ODA1 → 加群成功
2022-06-03 11:50:08 → 601112672414 → https://t.me/+8RnTf-FOZT9iYzRl → 加群成功
2022-06-03 11:50:20 → 639677121074 → https://t.me/+owVJEPVLlZpiOGUx → 加群失败：You have joined too many channels/supergroups (caused by ImportChatInviteRequest)
2022-06-03 11:50:30 → 62895324567778 → https://t.me/+Hu3nlzXur5djMzg1 → 加群成功
2022-06-03 11:50:38 → 79917733563 → https://t.me/+5WmtAnMeZpIyMDhh → 加群成功
2022-06-03 11:50:47 → 918092132118 → https://t.me/+HHlC3yukCdo0MjBh → 加群成功
2022-06-03 11:50:58 → 79916318026 → https://t.me/+17GH_OvJ9tAwY2Vl → 加群成功
2022-06-03 11:51:11 → 79045541142 → https://t.me/+rxfOqtxvW-4wNWVl → 加群成功
2022-06-03 11:51:19 → 6281283070774 → https://t.me/+ADL_14T-XG0yMmE5 → 加群成功
2022-06-03 11:51:31 → 79528551283 → https://t.me/+fAdS-xoI0zJiZTdh → 加群成功
2022-06-03 11:51:39 → 79919431787 → https://t.me/+hG4evzI6ZJ84MTA5 → 加群成功
2022-06-03 11:51:52 → 601124026034 → https://t.me/+YI3Dtp8InIthMmU5 → 加群成功
2022-06-03 11:52:07 → 6281283602694 → https://t.me/+_cUk83u2c1JjNzY1 → 加群成功
2022-06-03 11:52:17 → 601124042925 → https://t.me/+5gVajc77kDQ0NzI5 → 加群成功
2022-06-03 11:52:28 → 919923144199 → https://t.me/+67pYhAT5wPcxMDRl → 加群成功
2022-06-03 11:52:35 → 79045541142 → https://t.me/+umxZ8YEpnEo2MWUx → 加群成功
2022-06-03 11:52:47 → 918109281745 → https://t.me/+GG2gvlA8M2s5Mjgx → 加群成功
2022-06-03 11:52:55 → 917061771362 → https://t.me/+-FuT5gvc2BwyNzg5 → 加群失败：https://t.me/+-FuT5gvc2BwyNzg5 用户尝试加入的聊天已过期且不再有效（由 ImportChatInviteRequest 引起）
2022-06-03 11:53:04 → 6289635971327 → https://t.me/+LqsBiT_T0DszOWI1 → 加群成功
2022-06-03 11:53:14 → 62895324567778 → https://t.me/+TkFX2Ws-6WliNjU9 → 加群成功
2022-06-03 11:53:22 → 639677121074 → https://t.me/+APKLYqmdSclhZjU1 → 加群失败：You have joined too many channels/supergroups (caused by ImportChatInviteRequest)
2022-06-03 11:53:30 → 6281283070774 → https://t.me/+9aEGaULesLY4Nzlh → 加群成功
2022-06-03 11:53:42 → 601112672414 → https://t.me/+X98YxeYTiqcxYzA9 → 加群成功
2022-06-03 11:53:49 → 79919431787 → https://t.me/+0kedKOuRB0o1NDMx → 加群成功
2022-06-03 11:54:00 → 79528551283 → https://t.me/+-ZBvuqf9AYtkM2Q5 → 加群失败：https://t.me/+-ZBvuqf9AYtkM2Q5 用户尝试加入的聊天已过期且不再有效（由 ImportChatInviteRequest 引起）
2022-06-03 11:54:07 → 79916318026 → https://t.me/+cgctxddaCwxhYWM1 → 加群成功
2022-06-03 11:54:20 → 6281283602716 → https://t.me/+K4hA5oTciaJhNTVl → 加群成功
2022-06-03 11:54:30 → 918092132118 → https://t.me/+tVzy-HX20kJiYWY1 → 加群成功
2022-06-03 11:54:37 → 6282133204171 → https://t.me/+JMW3N_5fjeM5ODk1 → 加群成功
2022-06-03 11:54:49 → 917838380415 → https://t.me/+zAh3xoopIn4yYTU5 → 加群成功
2022-06-03 11:55:01 → 601124026034 → https://t.me/+2jZp8I80mEIyOGY1 → 加群成功
2022-06-03 11:55:10 → 79917733563 → https://t.me/+DM9DYATWVQA2MTlh → 加群成功
2022-06-03 11:55:28 → 62895324567778 → https://t.me/+ULwwAMPXqG5iNTI1 → 加群成功
2022-06-03 11:55:36 → 79045541142 → https://t.me/+dIyaD5HpDJY3Zjk9 → 加群成功
2022-06-03 11:55:45 → 79528551283 → https://t.me/+SvCI6c2XlcxlZjQx → 加群成功
2022-06-03 11:55:57 → 919923144199 → https://t.me/+CM8QfiFJeng1OWM1 → 加群成功
2022-06-03 11:56:06 → 601124026034 → https://t.me/+UDrX76uyYy82OWEx → 加群成功
2022-06-03 11:56:16 → 601124042925 → https://t.me/+E7EhI4J4t2BjMTdh → 加群成功
2022-06-03 11:56:27 → 639677121074 → https://t.me/+Lh7Vg3j2HBA2ZWRl → 加群失败：You have joined too many channels/supergroups (caused by ImportChatInviteRequest)
2022-06-03 11:56:39 → 917061771362 → https://t.me/+l1slk5dV5jE3ZjNl → 加群成功
2022-06-03 11:56:48 → 601112672414 → https://t.me/+z-xgWFuhbXRiMmU1 → 加群成功
2022-06-03 11:57:00 → 6281283070774 → https://t.me/+LWL438ngyIQxZjQ1 → 加群成功
2022-06-03 11:57:09 → 79917733563 → https://t.me/joinchat/EnHBggxtLiaKQHfI_9JPgw → 加群成功
2022-06-03 11:57:20 → 917838380415 → https://t.me/+sEzjSrHVucliNGE1 → 加群成功
2022-06-03 11:57:32 → 79919431787 → https://t.me/+4t_ZnkZnBxJhYzcx → 加群成功
2022-06-03 11:57:43 → 79916318026 → https://t.me/+XAPOpgfM36YxYTk1 → 加群成功
2022-06-03 11:57:55 → 918092132118 → https://t.me/+9oE0N-acgdo0NTNl → 加群成功
2022-06-03 11:58:07 → 918109281745 → https://t.me/+MVMDI7oWzDczNmI1 → 加群成功
2022-06-03 11:58:15 → 6289635971327 → https://t.me/+UbxlM6GKynRhODk1 → 加群成功
2022-06-03 11:58:25 → 6281283602694 → https://t.me/+4GYip2NBLOphOTVl → 加群成功
2022-06-03 11:58:36 → 6281283602716 → https://t.me/+H9LG2jzQBeA4NjMx → 加群成功
2022-06-03 11:58:44 → 6282133204171 → https://t.me/+jxfLkeV_sRZlZjIx → 加群成功
2022-06-03 11:59:03 → 601124042925 → https://t.me/+d8XzUzLwhhU1YWVl → 加群成功
2022-06-03 11:59:15 → 917838380415 → https://t.me/+j8GV22yY5x5lM2Jh → 加群成功
2022-06-03 11:59:25 → 601112672414 → https://t.me/+SIfSmDbixudkMzc1 → 加群成功
2022-06-03 11:59:36 → 79919431787 → https://t.me/+uDADliAVzT84ZDRh → 加群成功
2022-06-03 11:59:45 → 919923144199 → https://t.me/+0VaQ-3CUGpBmZjQ1 → 加群成功
2022-06-03 11:59:53 → 79528551283 → https://t.me/+HjBnsQsrMc44ZmNl → 加群成功
2022-06-03 12:00:04 → 918109281745 → https://t.me/joinchat/rDC8WhyDHDg0Yzhl → 加群成功
2022-06-03 12:00:13 → 79916318026 → https://t.me/+XMeaKsmC7JU4NzA1 → 加群成功
2022-06-03 12:00:26 → 639677121074 → https://t.me/+foThDdueBzYyOTVh → 加群失败：You have joined too many channels/supergroups (caused by ImportChatInviteRequest)
2022-06-03 12:00:34 → 917061771362 → https://t.me/+BRUAa2sBGU0zOTQ1 → 加群成功
2022-06-03 12:00:43 → 6281283602716 → https://t.me/+X1XfCzCulJplNzJl → 加群成功
2022-06-03 12:00:53 → 6289635971327 → https://t.me/joinchat/ITSPv5Bor2M5NjY1 → 加群成功
2022-06-03 12:01:05 → 601124026034 → https://t.me/joinchat/HHeAr1ELdNEOXqw3U8Ts0w → 加群成功
2022-06-03 12:01:12 → 6281283070774 → https://t.me/+5NQjNc_ygu1jYTYx → 加群成功
2022-06-03 12:01:23 → 79917733563 → https://t.me/+-bcWU8v_IGBjNDBl → 加群失败：https://t.me/+-bcWU8v_IGBjNDBl 用户尝试加入的聊天已过期且不再有效（由 ImportChatInviteRequest 引起）
2022-06-03 12:01:32 → 79045541142 → https://t.me/+r4fE7rGC-tU3YWE1 → 加群成功
2022-06-03 12:01:43 → 918092132118 → https://t.me/+uc5k-JwziZU2MzVh → 加群成功
2022-06-03 12:01:54 → 62895324567778 → https://t.me/+oK6peJEVCBgzZjcx → 加群成功
2022-06-03 12:02:05 → 6282133204171 → https://t.me/+G8wVDtrfGdI3ZTc9 → 加群失败：The authenticated user is already a participant of the chat (caused by ImportChatInviteRequest)
2022-06-03 12:02:16 → 6281283602694 → https://t.me/+71ANa06F0wNmNmJl → 加群成功
2022-06-03 12:26:25 → 79919431787 → https://t.me/+1450TvdWFDg3ZDlh → 加群成功
2022-06-03 12:26:31 → 6281283602694 → https://t.me/+1s6PDJfhJ_45N2Mx → 加群成功
2022-06-03 12:26:38 → 917061771362 → https://t.me/+_sSpDH9vnQMwNjc9 → 加群成功
2022-06-03 12:26:48 → 918092132118 → https://t.me/+4-TIERdkNVVmY2Ix → 加群成功
2022-06-03 12:27:00 → 79919431787 → https://t.me/+cod7Oy_bjAg5NTk1 → 加群成功
2022-06-03 12:27:13 → 79916318026 → https://t.me/+CM8QfiFJeng1OWM1 → 加群成功
2022-06-03 12:27:25 → 601124042925 → https://t.me/+YQtg80wqP5NlM2Nh → 加群成功
2022-06-03 12:27:37 → 918109281745 → https://t.me/+Vr3PW_vRaiY3YjFh → 加群成功
2022-06-03 12:27:50 → 639677121074 → https://t.me/+3gLBjcldb5E1NWY9 → 加群失败：You have joined too many channels/supergroups (caused by ImportChatInviteRequest)
2022-06-03 12:28:02 → 6282133204171 → https://t.me/+qG8NTgtN0akxM2Ex → 加群成功
2022-06-03 12:28:14 → 917838380415 → https://t.me/+zp8hQFMQsnIyYTdl → 加群成功
2022-06-03 12:28:23 → 6281283070774 → https://t.me/+ZIUaM08xAIhkYmUx → 加群失败：The authenticated user is already a participant of the chat (caused by ImportChatInviteRequest)
2022-06-03 12:28:34 → 79528551283 → https://t.me/joinchat/HHeAr1ELdNEOXqw3U8Ts0w → 加群成功
2022-06-03 12:28:43 → 79917733563 → https://t.me/+vD11mXSl0Qo1NjBl → 加群成功
2022-06-03 12:28:57 → 6281283602716 → https://t.me/+WnFY9z024NdiODgx → 加群成功
2022-06-03 12:29:10 → 601124026034 → https://t.me/+X1XfCzCulJplNzJl → 加群成功
2022-06-03 12:29:21 → 6289635971327 → https://t.me/+LWL438ngyIQxZjQ1 → 加群成功
2022-06-03 12:29:29 → 62895324567778 → https://t.me/+MSzURb05WsVlZWYx → 加群成功
2022-06-03 12:29:42 → 79045541142 → https://t.me/+71ANa06F0wNmNmJl → 加群成功
2022-06-03 12:29:51 → 919923144199 → https://t.me/+4iQgzALLkPowZGFl → 加群成功
2022-06-03 12:29:59 → 601112672414 → https://t.me/+YI3Dtp8InIthMmU5 → 加群成功
2022-06-03 12:30:15 → 79919431787 → https://t.me/+EGVQeuIr3OU0NGI9 → 加群成功
2022-06-03 12:30:27 → 601124026034 → https://t.me/+5NQjNc_ygu1jYTYx → 加群成功
2022-06-03 12:30:38 → 601124042925 → https://t.me/+jDogamSAXRJmNTJl → 加群成功
2022-06-03 12:30:46 → 79917733563 → https://t.me/+ADL_14T-XG0yMmE5 → 加群成功
2022-06-03 12:30:54 → 79045541142 → https://t.me/+xoa71RA8zRlkZWE1 → 加群成功
2022-06-03 12:31:03 → 6281283602716 → https://t.me/+z9w5abx_AKI3ZDA1 → 加群成功
2022-06-03 12:31:10 → 6281283070774 → https://t.me/+HHlC3yukCdo0MjBh → 加群成功
2022-06-03 12:31:19 → 639677121074 → https://t.me/+n18k2BFJNDsxY2Fl → 加群失败：You have joined too many channels/supergroups (caused by ImportChatInviteRequest)
2022-06-03 12:31:28 → 917061771362 → https://t.me/+YlQkP6X2f11lZjlh → 加群成功
2022-06-03 12:31:38 → 62895324567778 → https://t.me/+gJ-eKM5QJ3YyNzc1 → 加群成功
2022-06-03 12:31:49 → 79528551283 → https://t.me/+h2PiE1mN6nZmN2Vl → 加群成功
2022-06-03 12:31:57 → 919923144199 → https://t.me/+uDADliAVzT84ZDRh → 加群成功
2022-06-03 12:32:07 → 601112672414 → https://t.me/+mXolrdPE2mxhNTdl → 加群成功
2022-06-03 12:32:14 → 918092132118 → https://t.me/+Rn0gXKwDBdZiMzhl → 加群成功
2022-06-03 12:32:26 → 79916318026 → https://t.me/+IK9rvcCFpyA3YzI9 → 加群成功
2022-06-03 12:32:34 → 6281283602694 → https://t.me/+AeKQBS5VnYFhZjdh → 加群成功
2022-06-03 12:32:47 → 918109281745 → https://t.me/+APKLYqmdSclhZjU1 → 加群成功
2022-06-03 12:32:54 → 6282133204171 → https://t.me/+KqByXUbZl6wxM2Nh → 加群成功
2022-06-03 12:33:02 → 917838380415 → https://t.me/+bOgiT1uFp88xNmQ1 → 加群成功
2022-06-03 12:33:10 → 6289635971327 → https://t.me/+KV5UJvJFZadmZjVl → 加群成功
2022-06-03 12:33:25 → 79916318026 → https://t.me/+BIb1nofuq6Q5NzY1 → 加群成功
2022-06-03 12:33:37 → 79528551283 → https://t.me/+KdYb4C34uoowMGJl → 加群成功
2022-06-03 12:33:46 → 6282133204171 → https://t.me/+rgxcUm5Dp35mYWI1 → 加群失败：The authenticated user is already a participant of the chat (caused by ImportChatInviteRequest)
2022-06-03 12:33:56 → 6281283070774 → https://t.me/+dIyaD5HpDJY3Zjk9 → 加群成功
2022-06-03 12:34:05 → 919923144199 → https://t.me/+S58Sh-K2alY3Nzdl → 加群成功
2022-06-03 12:34:14 → 601112672414 → https://t.me/+1zXkNRlLObA1NGNl → 加群成功
2022-06-03 12:34:27 → 79045541142 → https://t.me/+wyQoNDjjMBVjNDA1 → 加群成功
2022-06-03 12:34:40 → 62895324567778 → https://t.me/+Gla_cs2FNi1kMjc1 → 加群成功
2022-06-03 12:34:50 → 639677121074 → https://t.me/+xn2eYKH-rlI5N2E5 → 加群失败：You have joined too many channels/supergroups (caused by ImportChatInviteRequest)
2022-06-03 12:34:59 → 79919431787 → https://t.me/+d8XzUzLwhhU1YWVl → 加群成功
2022-06-03 12:35:06 → 6281283602716 → https://t.me/+q9iWwMyPl485YzE1 → 加群成功
2022-06-03 12:35:16 → 917838380415 → https://t.me/+wUPu96w7BvQ3NTU1 → 加群成功
2022-06-03 12:35:28 → 6289635971327 → https://t.me/+Zp-g0nkCPK9lMzE1 → 加群成功
2022-06-03 12:35:35 → 918109281745 → https://t.me/+0kedKOuRB0o1NDMx → 加群成功
2022-06-03 12:35:46 → 601124026034 → https://t.me/+boGmQAE3JrBjNTNl → 加群成功
2022-06-03 12:35:54 → 917061771362 → https://t.me/joinchat/c1irPtTz-KpmMzZl → 加群成功
2022-06-03 12:36:03 → 79917733563 → https://t.me/+K4hA5oTciaJhNTVl → 加群成功
2022-06-03 12:36:14 → 918092132118 → https://t.me/+d704xN5CSodkN2Vh → 加群成功
2022-06-03 12:36:23 → 6281283602694 → https://t.me/+zt29tENcz2g4ODA1 → 加群成功
2022-06-03 12:36:31 → 601124042925 → https://t.me/+G4deUBiLF0g3N2Ux → 加群成功
2022-06-03 12:36:49 → 6281283602716 → https://t.me/+-jAPlPqNLng3NTk1 → 加群失败：https://t.me/+-jAPlPqNLng3NTk1 用户尝试加入的聊天已过期且不再有效（由 ImportChatInviteRequest 引起）
2022-06-03 12:36:58 → 79045541142 → https://t.me/+p6YlZXi4WgU0Yzc1 → 加群失败：The authenticated user is already a participant of the chat (caused by ImportChatInviteRequest)
2022-06-03 12:37:07 → 6282133204171 → https://t.me/+SIfSmDbixudkMzc1 → 加群成功
2022-06-03 12:37:18 → 79528551283 → https://t.me/+6SR7fONaaVJmNDMx → 加群成功
2022-06-03 12:37:28 → 79917733563 → https://t.me/+StNEwMqEaUE2NmFl → 加群失败：The authenticated user is already a participant of the chat (caused by ImportChatInviteRequest)
2022-06-03 12:37:38 → 918109281745 → https://t.me/+apcxV30gu7M2MjI1 → 加群成功
2022-06-03 12:37:48 → 917838380415 → https://t.me/+j41eJz9SWtE2YjUx → 加群成功
2022-06-03 12:37:59 → 601124026034 → https://t.me/+LqsBiT_T0DszOWI1 → 加群成功
2022-06-03 12:38:08 → 917061771362 → https://t.me/+xRLKfhWedANiZGM1 → 加群成功
2022-06-03 12:38:19 → 6281283602694 → https://t.me/+-J3EkxDRssplNmQx → 加群失败：https://t.me/+-J3EkxDRssplNmQx 用户尝试加入的聊天已过期且不再有效（由 ImportChatInviteRequest 引起）
2022-06-03 12:38:29 → 601124042925 → https://t.me/+SZP7LsqR8FI3ZjM1 → 加群成功
2022-06-03 12:38:39 → 639677121074 → https://t.me/+YhkvVBH2sLNiMmJh → 加群失败：You have joined too many channels/supergroups (caused by ImportChatInviteRequest)
2022-06-03 12:38:50 → 6281283070774 → https://t.me/+l_b3i7oqjn0zMWE1 → 加群成功
2022-06-03 12:39:01 → 6289635971327 → https://t.me/+Ak8f4ofbKpEzYTU1 → 加群成功
2022-06-03 12:39:12 → 919923144199 → https://t.me/+wXJtiQoohfc2NDJl → 加群成功
2022-06-03 12:39:22 → 79919431787 → https://t.me/+yB1tBXdqMKFkMGFl → 加群成功
2022-06-03 12:39:31 → 62895324567778 → https://t.me/+-HKE3ttySdAxMTk1 → 加群失败：https://t.me/+-HKE3ttySdAxMTk1 用户尝试加入的聊天已过期且不再有效（由 ImportChatInviteRequest 引起）
2022-06-03 12:39:40 → 79916318026 → https://t.me/+jEJUf1tx9vw3Yjk1 → 加群成功
2022-06-03 12:39:50 → 918092132118 → https://t.me/+feeRJoJYK0EzMTRl → 加群成功
2022-06-03 12:40:02 → 601112672414 → https://t.me/+Z11hDKptzFdjZDZh → 加群成功
2022-06-03 12:40:21 → 79528551283 → https://t.me/+calyHe56Wm82OTg1 → 加群失败：The authenticated user is already a participant of the chat (caused by ImportChatInviteRequest)
2022-06-03 12:40:29 → 918109281745 → https://t.me/+XA-AFUSIJMBjY2Fh → 加群成功
2022-06-03 12:40:39 → 79045541142 → https://t.me/+2UbXwZlSXqxiMGIx → 加群成功
2022-06-03 12:40:51 → 601124026034 → https://t.me/+WbJrXuE28703Zjdl → 加群成功
2022-06-03 12:41:03 → 79917733563 → https://t.me/+cgctxddaCwxhYWM1 → 加群成功
2022-06-03 12:41:12 → 601112672414 → https://t.me/+j8GV22yY5x5lM2Jh → 加群成功
2022-06-03 12:41:20 → 6281283070774 → https://t.me/+zYJQMkPK-txmNTc1 → 加群成功
2022-06-03 12:41:30 → 6281283602716 → https://t.me/+b8osyGrSdOhhZjE9 → 加群成功
2022-06-03 12:41:37 → 6281283602694 → https://t.me/+5gVajc77kDQ0NzI5 → 加群成功
2022-06-03 12:41:47 → 6282133204171 → https://t.me/+EFZfdCzTGu9iMzcx → 加群成功
2022-06-03 12:42:00 → 601124042925 → https://t.me/+PtpnKT2eF0BkN2Q9 → 加群成功
2022-06-03 12:42:08 → 62895324567778 → https://t.me/+AGovixe_eoE4NDNh → 加群成功
2022-06-03 12:42:20 → 6289635971327 → https://t.me/+iByuoW9T4aMzODVl → 加群成功
2022-06-03 12:42:27 → 919923144199 → https://t.me/+QmtEDlDoYLlkMGVl → 加群成功
2022-06-03 12:42:35 → 639677121074 → https://t.me/+WgZhCn-jDiY2YjRl → 加群失败：You have joined too many channels/supergroups (caused by ImportChatInviteRequest)
2022-06-03 12:42:42 → 79916318026 → https://t.me/+K5t6qDH-guk2ZmNl → 加群成功
2022-06-03 12:42:54 → 917838380415 → https://t.me/joinchat/rDC8WhyDHDg0Yzhl → 加群成功
2022-06-03 12:43:03 → 917061771362 → https://t.me/+0VaQ-3CUGpBmZjQ1 → 加群成功
2022-06-03 12:43:10 → 79919431787 → https://t.me/+W5n0MEy_bxMyMDFl → 加群成功
2022-06-03 12:43:21 → 918092132118 → https://t.me/+07AqZIR1RH43MmY1 → 加群成功
2022-06-03 12:43:38 → 918092132118 → https://t.me/+mrJcyx4RlCoyZDE9 → 加群成功
2022-06-03 12:43:48 → 79528551283 → https://t.me/+9oE0N-acgdo0NTNl → 加群成功
2022-06-03 12:43:57 → 6281283602694 → https://t.me/+r4fE7rGC-tU3YWE1 → 加群成功
2022-06-03 12:44:07 → 919923144199 → https://t.me/+MVMDI7oWzDczNmI1 → 加群成功
2022-06-03 12:44:19 → 62895324567778 → https://t.me/+z-xgWFuhbXRiMmU1 → 加群成功
2022-06-03 12:44:30 → 79919431787 → https://t.me/+t8N8djvNpMozYTUx → 加群成功
2022-06-03 12:44:44 → 917838380415 → https://t.me/+0vEKeyH-sKw5NzEx → 加群成功
2022-06-03 12:44:54 → 6289635971327 → https://t.me/+spzhFF0zV5M1YjZh → 加群成功
2022-06-03 12:45:04 → 917061771362 → https://t.me/+mHS4ouK1WS81ODdl → 加群成功
2022-06-03 12:45:16 → 601124042925 → https://t.me/+qmuwWWOvrME0ODkx → 加群成功
2022-06-03 12:45:25 → 6282133204171 → https://t.me/+-FuT5gvc2BwyNzg5 → 加群失败：https://t.me/+-FuT5gvc2BwyNzg5 用户尝试加入的聊天已过期且不再有效（由 ImportChatInviteRequest 引起）
2022-06-03 12:45:35 → 639677121074 → https://t.me/+JMW3N_5fjeM5ODk1 → 加群失败：You have joined too many channels/supergroups (caused by ImportChatInviteRequest)
2022-06-03 12:45:48 → 79917733563 → https://t.me/+8RnTf-FOZT9iYzRl → 加群成功
2022-06-03 12:45:59 → 6281283602716 → https://t.me/+Hu3nlzXur5djMzg1 → 加群成功
2022-06-03 12:46:06 → 79916318026 → https://t.me/+4GYip2NBLOphOTVl → 加群成功
2022-06-03 12:46:14 → 601112672414 → https://t.me/+kF5YAHBQ7b8yMDVl → 加群失败：https://t.me/+kF5YAHBQ7b8yMDVl 用户尝试加入的聊天已过期且不再有效（由 ImportChatInviteRequest 引起）
2022-06-03 12:46:24 → 6281283070774 → https://t.me/+E7EhI4J4t2BjMTdh → 加群成功
2022-06-03 12:46:32 → 601124026034 → https://t.me/+hpMJRgdAs5AxMzg1 → 加群成功
2022-06-03 12:46:44 → 79045541142 → https://t.me/+pbakZSSRFjRhNGU1 → 加群失败：The authenticated user is already a participant of the chat (caused by ImportChatInviteRequest)
2022-06-03 12:46:51 → 918109281745 → https://t.me/+Iu_rhvEZnCVjMmNl → 加群成功
2022-06-03 12:47:06 → 79917733563 → https://t.me/+ftCy3AbJQ2FkZTdh → 加群成功
2022-06-03 12:47:15 → 62895324567778 → https://t.me/+BRUAa2sBGU0zOTQ1 → 加群成功
2022-06-03 12:47:24 → 6289635971327 → https://t.me/joinchat/ITSPv5Bor2M5NjY1 → 加群失败：The authenticated user is already a participant of the chat (caused by ImportChatInviteRequest)
2022-06-03 12:47:31 → 79045541142 → https://t.me/+67pYhAT5wPcxMDRl → 加群成功
2022-06-03 12:47:42 → 917838380415 → https://t.me/+XMeaKsmC7JU4NzA1 → 加群成功
2022-06-03 12:47:54 → 79919431787 → https://t.me/+F4cgrWsKrcRkMDA9 → 加群成功
2022-06-03 12:48:04 → 6281283070774 → https://t.me/+foThDdueBzYyOTVh → 加群成功
2022-06-03 12:48:15 → 6281283602694 → https://t.me/+So8ftQcz7V8xMTI5 → 加群成功
2022-06-03 12:48:24 → 601124042925 → https://t.me/+A1-zdEEfAu03ZTFl → 加群成功
2022-06-03 12:48:34 → 601112672414 → https://t.me/+NZfDxbAhxBRjMmZl → 加群成功
2022-06-03 12:48:43 → 918092132118 → https://t.me/+TkFX2Ws-6WliNjU9 → 加群成功
2022-06-03 12:48:50 → 79528551283 → https://t.me/+VwDoIE1fU34wNDRl → 加群成功
2022-06-03 12:49:00 → 639677121074 → https://t.me/+ssjAgSqpCLI0YzBh → 加群失败：You have joined too many channels/supergroups (caused by ImportChatInviteRequest)
2022-06-03 12:49:07 → 79916318026 → https://t.me/+aQJcp5R0T3pkZGNl → 加群成功
2022-06-03 12:49:20 → 919923144199 → https://t.me/+G-TP1oGwz_UzZTgx → 加群成功
2022-06-03 12:49:30 → 601124026034 → https://t.me/+l7jVRdfrEh8wNWZh → 加群失败：The authenticated user is already a participant of the chat (caused by ImportChatInviteRequest)
2022-06-03 12:49:39 → 918109281745 → https://t.me/+4t_ZnkZnBxJhYzcx → 加群成功
2022-06-03 12:49:50 → 6281283602716 → https://t.me/+UbxlM6GKynRhODk1 → 加群成功
2022-06-03 12:49:58 → 917061771362 → https://t.me/+xBZVwA_bkEY2N2Jl → 加群成功
2022-06-03 12:50:10 → 6282133204171 → https://t.me/+0ooyBXIvunM2ODAx → 加群成功
2022-06-03 12:50:27 → 917061771362 → https://t.me/+VZOVUsJ_CrRiNjI5 → 加群成功
2022-06-03 12:50:36 → 6282133204171 → https://t.me/+hdw-z80muVFjNzFl → 加群成功
2022-06-03 12:50:44 → 79919431787 → https://t.me/+4bOGsWK-7145MGQ1 → 加群成功
2022-06-03 12:50:52 → 79528551283 → https://t.me/+3SrSrS52L785Yjg1 → 加群成功
2022-06-03 12:51:00 → 6281283070774 → https://t.me/+xWeQtRBfjOFkNTA1 → 加群成功
2022-06-03 12:51:07 → 639677121074 → https://t.me/+T-jYQLw4qHozZWU1 → 加群失败：You have joined too many channels/supergroups (caused by ImportChatInviteRequest)
2022-06-03 12:51:19 → 918109281745 → https://t.me/+dYHMcVJpbBwzMGQ1 → 加群成功
2022-06-03 12:51:27 → 601124042925 → https://t.me/+Qhz0SfbvEQAzYmFl → 加群成功
2022-06-03 12:51:35 → 601112672414 → https://t.me/+-ZBvuqf9AYtkM2Q5 → 加群失败：https://t.me/+-ZBvuqf9AYtkM2Q5 用户尝试加入的聊天已过期且不再有效（由 ImportChatInviteRequest 引起）
2022-06-03 12:51:46 → 917838380415 → https://t.me/+-gQhQNg6UedmYzhh → 加群失败：https://t.me/+-gQhQNg6UedmYzhh 用户尝试加入的聊天已过期且不再有效（由 ImportChatInviteRequest 引起）
2022-06-03 12:51:54 → 6281283602694 → https://t.me/joinchat/EnHBggxtLiaKQHfI_9JPgw → 加群成功
2022-06-03 12:52:05 → 6289635971327 → https://t.me/+zAh3xoopIn4yYTU5 → 加群成功
2022-06-03 12:52:17 → 918092132118 → https://t.me/ffcyx → 加群失败：https://t.me/ffcyx 用户尝试加入的聊天已过期且不再有效（由 ImportChatInviteRequest 引起）
2022-06-03 12:52:29 → 79916318026 → https://t.me/+_co7YJMXqzliMzhh → 加群成功
2022-06-03 12:52:36 → 6281283602716 → https://t.me/+rxfOqtxvW-4wNWVl → 加群成功
2022-06-03 12:52:46 → 601124026034 → https://t.me/+sEzjSrHVucliNGE1 → 加群成功
2022-06-03 12:52:54 → 62895324567778 → https://t.me/+G8wVDtrfGdI3ZTc9 → 加群成功
2022-06-03 12:53:06 → 919923144199 → https://t.me/+Qz0ir67LdmQzODM9 → 加群成功
2022-06-03 12:53:15 → 79917733563 → https://t.me/+17GH_OvJ9tAwY2Vl → 加群成功
2022-06-03 12:53:23 → 79045541142 → https://t.me/+DM9DYATWVQA2MTlh → 加群成功
2022-06-03 12:53:42 → 917061771362 → https://t.me/+UDrX76uyYy82OWEx → 加群成功
2022-06-03 12:53:52 → 919923144199 → https://t.me/+H9LG2jzQBeA4NjMx → 加群成功
2022-06-03 12:54:01 → 62895324567778 → https://t.me/+7NnqHySmWQM2ODU9 → 加群成功
2022-06-03 12:54:11 → 79916318026 → https://t.me/+jxfLkeV_sRZlZjIx → 加群成功
2022-06-03 12:54:19 → 79919431787 → https://t.me/+hwGafTyi3tIxMzc1 → 加群成功
2022-06-03 12:54:27 → 79528551283 → https://t.me/+jxQcjZH0KvRjY2Jl → 加群成功
2022-06-03 12:54:38 → 918109281745 → https://t.me/+EsOVJtfj7FwyOWUx → 加群成功
2022-06-03 12:54:50 → 918092132118 → https://t.me/+Sh3VLTGHA9Q3YTdl → 加群成功
2022-06-03 12:54:58 → 79045541142 → https://t.me/+B7AquUh1jWpkNjQx → 加群成功
2022-06-03 12:55:09 → 79917733563 → https://t.me/+oK6peJEVCBgzZjcx → 加群成功
2022-06-03 12:55:17 → 917838380415 → https://t.me/+k7skOSclEXNkY2M1 → 加群成功
2022-06-03 12:55:25 → 6289635971327 → https://t.me/+LO5hAmiN4McyODU1 → 加群成功
2022-06-03 12:55:35 → 601124042925 → https://t.me/+_r_1ooupBRoxZTcx → 加群成功
2022-06-03 12:55:48 → 6282133204171 → https://t.me/wangbo28 → 加群失败：https://t.me/wangbo28 用户尝试加入的聊天已过期且不再有效（由 ImportChatInviteRequest 引起）
2022-06-03 12:55:56 → 601112672414 → https://t.me/+-bcWU8v_IGBjNDBl → 加群失败：https://t.me/+-bcWU8v_IGBjNDBl 用户尝试加入的聊天已过期且不再有效（由 ImportChatInviteRequest 引起）
2022-06-03 12:56:05 → 601124026034 → https://t.me/+3YZdmBbfzH85MDll → 加群成功
2022-06-03 12:56:16 → 6281283070774 → https://t.me/+2jZp8I80mEIyOGY1 → 加群成功
2022-06-03 12:56:27 → 6281283602716 → https://t.me/+_cUk83u2c1JjNzY1 → 加群成功
2022-06-03 12:56:35 → 639677121074 → https://t.me/+jIlT6iUJfKBkMzBh → 加群失败：You have joined too many channels/supergroups (caused by ImportChatInviteRequest)
2022-06-03 12:56:44 → 6281283602694 → https://t.me/+40-bqGDev2g3NGZl → 加群成功
2022-06-03 12:56:59 → 79916318026 → https://t.me/+noFSLnh4gzRmMWM1 → 加群成功
2022-06-03 12:57:10 → 79917733563 → https://t.me/+coJH9njcTFI3NGJh → 加群成功
2022-06-03 12:57:23 → 601112672414 → https://t.me/+kaP8DGgokxo4NGIx → 加群成功
2022-06-03 12:57:33 → 6282133204171 → https://t.me/+HjBnsQsrMc44ZmNl → 加群成功
2022-06-03 12:57:42 → 79919431787 → https://t.me/+ULgadWScDkswN2Q1 → 加群成功
2022-06-03 12:57:51 → 601124026034 → https://t.me/+5qiD_XQNy8ozMmI1 → 加群成功
2022-06-03 12:58:03 → 79528551283 → https://t.me/+54gl7-9CGNExOTQx → 加群成功
2022-06-03 12:58:10 → 601124042925 → https://t.me/+JfzYvmEW4bo0ZWRl → 加群成功
2022-06-03 12:58:21 → 62895324567778 → https://t.me/+uFhQDDWC5a8xOTVh → 加群成功
2022-06-03 12:58:29 → 6281283602694 → https://t.me/+fAdS-xoI0zJiZTdh → 加群成功
2022-06-03 12:58:40 → 919923144199 → https://t.me/+GG2gvlA8M2s5Mjgx → 加群失败：A wait of 72 seconds is required (caused by ImportChatInviteRequest)
2022-06-03 12:58:51 → 6281283070774 → https://t.me/+f312-GXF6bI2NDc1 → 加群成功
2022-06-03 12:59:00 → 79045541142 → https://t.me/+Lh7Vg3j2HBA2ZWRl → 加群成功
2022-06-03 12:59:09 → 6289635971327 → https://t.me/+pImQqG6kee4wZDYx → 加群成功
2022-06-03 12:59:21 → 917838380415 → https://t.me/+yTmSqvjL6MZhOGM1 → 加群成功
2022-06-03 12:59:33 → 918092132118 → https://t.me/+BqdPZFGv9QxjMWI1 → 加群成功
2022-06-03 12:59:42 → 6281283602716 → https://t.me/+BSga9DevIIg5YTQ1 → 加群成功
2022-06-03 12:59:51 → 639677121074 → https://t.me/+owVJEPVLlZpiOGUx → 加群失败：You have joined too many channels/supergroups (caused by ImportChatInviteRequest)
2022-06-03 13:00:00 → 917061771362 → https://t.me/+sUuj_TuH_nRhNjE1 → 加群成功
2022-06-03 13:00:11 → 918109281745 → https://t.me/+HBDkiYv3Y9c2ODM1 → 加群成功
2022-06-03 13:00:28 → 6282133204171 → https://t.me/+4O_dPR7XAcY5NGQ9 → 加群成功
2022-06-03 13:00:39 → 6281283602694 → https://t.me/+XAPOpgfM36YxYTk1 → 加群成功
2022-06-03 13:00:47 → 919923144199 → https://t.me/+2hRtaNIomANhZjhl → 加群成功
2022-06-03 13:00:55 → 79528551283 → https://t.me/+zjwd6Dobyb5hYWM1 → 加群成功
2022-06-03 13:01:07 → 6281283602716 → https://t.me/+-RvPwnYZ0fo2NzE1 → 加群失败：https://t.me/+-RvPwnYZ0fo2NzE1 用户尝试加入的聊天已过期且不再有效（由 ImportChatInviteRequest 引起）
2022-06-03 13:01:18 → 601124026034 → https://t.me/+X98YxeYTiqcxYzA9 → 加群成功
2022-06-03 13:01:26 → 79919431787 → https://t.me/+C0RIb6Z0lM8xY2Q1 → 加群成功
2022-06-03 13:01:35 → 917061771362 → https://t.me/+SEjcrJU4JuIyNzA1 → 加群成功
2022-06-03 13:01:45 → 601112672414 → https://t.me/+m7Ys3kdhOQ5jODQ1 → 加群成功
2022-06-03 13:01:54 → 639677121074 → https://t.me/+REYpWO1e16djZDUx → 加群失败：You have joined too many channels/supergroups (caused by ImportChatInviteRequest)
2022-06-03 13:02:04 → 917838380415 → https://t.me/+0jORkEcjJ0thZDk1 → 加群成功
2022-06-03 13:02:11 → 918092132118 → https://t.me/+Ykhdirg6NcNkYjAx → 加群成功
2022-06-03 13:02:20 → 6289635971327 → https://t.me/+IWYUKU0ocCcwYjMx → 加群成功
2022-06-03 13:02:31 → 601124042925 → https://t.me/+9aEGaULesLY4Nzlh → 加群成功
2022-06-03 13:02:40 → 62895324567778 → https://t.me/+EX5LLMSHNh9iYTQ1 → 加群成功
2022-06-03 13:02:51 → 6281283070774 → https://t.me/+iTHcPS00SzdhMTBh → 加群成功
2022-06-03 13:03:04 → 79917733563 → https://t.me/+Xh2Sw8Abn_w0NzRl → 加群成功
2022-06-03 13:03:15 → 79045541142 → https://t.me/+O75V72V3_f9mZDk1 → 加群成功
2022-06-03 13:03:25 → 918109281745 → https://t.me/+umxZ8YEpnEo2MWUx → 加群成功
2022-06-03 13:03:33 → 79916318026 → https://t.me/+ULwwAMPXqG5iNTI1 → 加群成功
2022-06-03 13:03:53 → 639677121074 → https://t.me/+n9nQhpEXAC0yNGU9 → 加群失败：You have joined too many channels/supergroups (caused by ImportChatInviteRequest)
2022-06-03 13:04:02 → 6281283602716 → https://t.me/+b-oj8C33vKU1Yjdl → 加群成功
2022-06-03 13:04:13 → 918109281745 → https://t.me/+j1rD3RsKu2A5ZTJl → 加群成功
2022-06-03 13:04:22 → 62895324567778 → https://t.me/+lLRc1DnIS1JhYTc1 → 加群成功
2022-06-03 13:04:29 → 79917733563 → https://t.me/+hG4evzI6ZJ84MTA5 → 加群成功
2022-06-03 13:04:40 → 79045541142 → https://t.me/+YlMJYHBBe0M5ZmMx → 加群成功
2022-06-03 13:04:47 → 79916318026 → https://t.me/+PnwvxbcwQXVjYzE1 → 加群成功
2022-06-03 13:04:56 → 601124042925 → https://t.me/+ZalvZqpTKQY5ZmVh → 加群成功
2022-06-03 13:05:06 → 6282133204171 → https://t.me/+iBdNpf3vLzBkOTFl → 加群成功
2022-06-03 13:05:14 → 601124026034 → https://t.me/+in9IWOKmArs5ODg5 → 加群成功
2022-06-03 13:05:24 → 601112672414 → https://t.me/+l1slk5dV5jE3ZjNl → 加群成功
2022-06-03 13:05:31 → 6281283070774 → https://t.me/+Qda8QNJzsX4yNjVl → 加群成功
2022-06-03 13:05:38 → 6289635971327 → https://t.me/+IMTe1XL2eRhmZTQ1 → 加群失败：The authenticated user is already a participant of the chat (caused by ImportChatInviteRequest)
2022-06-03 13:05:45 → 919923144199 → https://t.me/+qi9K7Bo2Y8Y3ZWY9 → 加群失败：The authenticated user is already a participant of the chat (caused by ImportChatInviteRequest)
2022-06-03 13:05:57 → 79528551283 → https://t.me/+XOH9ZDrzo3I1MzI1 → 加群成功
2022-06-03 13:06:07 → 917061771362 → https://t.me/+uc5k-JwziZU2MzVh → 加群成功
2022-06-03 13:06:17 → 918092132118 → https://t.me/+5WmtAnMeZpIyMDhh → 加群成功
2022-06-03 13:06:30 → 917838380415 → https://t.me/+aMl_xPUzLu80OGMx → 加群成功
2022-06-03 13:06:39 → 6281283602694 → https://t.me/+mw6XSaYD2eFjYWQx → 加群成功
2022-06-03 13:06:47 → 79919431787 → https://t.me/+X_itTArL40g1ZWI5 → 加群成功
2022-06-03 13:07:05 → 917061771362 → https://t.me/+y1X1DHVWX6o0OWQx → 加群成功
2022-06-03 13:07:18 → 639677121074 → https://t.me/+rUlOEDqXoIM4NDk9 → 加群失败：You have joined too many channels/supergroups (caused by ImportChatInviteRequest)
2022-06-03 13:07:26 → 918109281745 → https://t.me/+tVzy-HX20kJiYWY1 → 加群成功
2022-06-03 13:07:38 → 79528551283 → https://t.me/+IgxjgT8EJP0wZGI1 → 加群成功
2022-06-03 13:07:47 → 62895324567778 → https://t.me/+SvCI6c2XlcxlZjQx → 加群成功
2022-06-03 13:07:58 → 6289635971327 → https://t.me/+BrmgdJH6PSZkNTNh → 加群成功
2022-06-03 13:08:09 → 79919431787 → https://t.me/+SU2RmtTlLms1YWRl → 加群失败：The authenticated user is already a participant of the chat (caused by ImportChatInviteRequest)
2022-06-03 18:00:13 → 6281283602716 → https://t.me/+ftCy3AbJQ2FkZTdh → 加群成功
2022-06-03 18:00:21 → 919923144199 → https://t.me/+b8osyGrSdOhhZjE9 → 加群成功
2022-06-03 18:00:28 → 6289635971327 → https://t.me/+sEzjSrHVucliNGE1 → 加群成功
2022-06-03 18:00:35 → 918109281745 → https://t.me/+X98YxeYTiqcxYzA9 → 加群成功
2022-06-03 18:00:45 → 6281283602694 → https://t.me/+6SR7fONaaVJmNDMx → 加群成功
2022-06-03 18:01:00 → 79917733563 → https://t.me/+MSzURb05WsVlZWYx → 加群失败：The authenticated user is already a participant of the chat (caused by ImportChatInviteRequest)
2022-06-03 18:01:10 → 79916318026 → https://t.me/+BIb1nofuq6Q5NzY1 → 加群失败：The authenticated user is already a participant of the chat (caused by ImportChatInviteRequest)
2022-06-03 18:01:19 → 601112672414 → https://t.me/+rUlOEDqXoIM4NDk9 → 加群成功
2022-06-03 18:01:30 → 918092132118 → https://t.me/+SU2RmtTlLms1YWRl → 加群成功
2022-06-03 18:01:41 → 62895324567778 → https://t.me/+mHS4ouK1WS81ODdl → 加群成功
2022-06-03 18:01:53 → 79528551283 → https://t.me/+iTHcPS00SzdhMTBh → 加群成功
2022-06-03 18:02:04 → 6281283070774 → https://t.me/+j41eJz9SWtE2YjUx → 加群成功
2022-06-03 18:02:15 → 601124026034 → https://t.me/+Vr3PW_vRaiY3YjFh → 加群失败：The authenticated user is already a participant of the chat (caused by ImportChatInviteRequest)
2022-06-03 18:02:27 → 917838380415 → https://t.me/+SvCI6c2XlcxlZjQx → 加群成功
2022-06-03 18:02:38 → 79045541142 → https://t.me/+q9iWwMyPl485YzE1 → 加群成功
2022-06-03 18:02:48 → 601124042925 → https://t.me/+A1-zdEEfAu03ZTFl → 加群失败：The authenticated user is already a participant of the chat (caused by ImportChatInviteRequest)
2022-06-03 18:02:56 → 79919431787 → https://t.me/+rgxcUm5Dp35mYWI1 → 加群成功
2022-06-03 18:03:08 → 6282133204171 → https://t.me/+WbJrXuE28703Zjdl → 加群成功
2022-06-03 18:03:20 → 917061771362 → https://t.me/+xoa71RA8zRlkZWE1 → 加群成功
2022-06-03 18:03:30 → 639677121074 → https://t.me/+G8wVDtrfGdI3ZTc9 → 加群失败：You have joined too many channels/supergroups (caused by ImportChatInviteRequest)
2022-06-03 18:03:43 → 79919431787 → https://t.me/joinchat/EnHBggxtLiaKQHfI_9JPgw → 加群成功
2022-06-03 18:03:55 → 79045541142 → https://t.me/+40-bqGDev2g3NGZl → 加群成功
2022-06-03 18:04:03 → 601124042925 → https://t.me/+JfzYvmEW4bo0ZWRl → 加群失败：The authenticated user is already a participant of the chat (caused by ImportChatInviteRequest)
2022-06-03 18:04:11 → 918092132118 → https://t.me/+h2PiE1mN6nZmN2Vl → 加群成功
2022-06-03 18:04:18 → 6282133204171 → https://t.me/+aMl_xPUzLu80OGMx → 加群成功
2022-06-03 18:04:28 → 6281283602716 → https://t.me/+EGVQeuIr3OU0NGI9 → 加群成功
2022-06-03 18:04:39 → 917838380415 → https://t.me/+l1slk5dV5jE3ZjNl → 加群成功
2022-06-03 18:04:47 → 601124026034 → https://t.me/+Ak8f4ofbKpEzYTU1 → 加群成功
2022-06-03 18:04:56 → 601112672414 → https://t.me/+H9LG2jzQBeA4NjMx → 加群成功
2022-06-03 18:05:08 → 919923144199 → https://t.me/+LWL438ngyIQxZjQ1 → 加群成功
2022-06-03 18:05:18 → 79528551283 → https://t.me/+iByuoW9T4aMzODVl → 加群成功
2022-06-03 18:05:28 → 918109281745 → https://t.me/+aQJcp5R0T3pkZGNl → 加群成功
2022-06-03 18:05:39 → 639677121074 → https://t.me/+1zXkNRlLObA1NGNl → 加群失败：You have joined too many channels/supergroups (caused by ImportChatInviteRequest)
2022-06-03 18:05:50 → 79916318026 → https://t.me/+YlQkP6X2f11lZjlh → 加群成功
2022-06-03 18:05:59 → 917061771362 → https://t.me/+Iu_rhvEZnCVjMmNl → 加群成功
2022-06-03 18:06:08 → 6281283602694 → https://t.me/+fAdS-xoI0zJiZTdh → 加群失败：The authenticated user is already a participant of the chat (caused by ImportChatInviteRequest)
2022-06-03 18:06:15 → 62895324567778 → https://t.me/+HHlC3yukCdo0MjBh → 加群成功
2022-06-03 18:06:23 → 6289635971327 → https://t.me/+E7EhI4J4t2BjMTdh → 加群成功
2022-06-03 18:06:35 → 6281283070774 → https://t.me/+1450TvdWFDg3ZDlh → 加群成功
2022-06-03 18:06:43 → 79917733563 → https://t.me/+So8ftQcz7V8xMTI5 → 加群失败：The authenticated user is already a participant of the chat (caused by ImportChatInviteRequest)
2022-06-03 18:06:59 → 6281283602694 → https://t.me/+XMeaKsmC7JU4NzA1 → 加群成功
2022-06-03 18:07:09 → 79916318026 → https://t.me/+3gLBjcldb5E1NWY9 → 加群成功
2022-06-03 18:07:17 → 601124026034 → https://t.me/+uc5k-JwziZU2MzVh → 加群成功
2022-06-03 18:07:24 → 79917733563 → https://t.me/+xRLKfhWedANiZGM1 → 加群成功
2022-06-03 18:07:35 → 917061771362 → https://t.me/+foThDdueBzYyOTVh → 加群成功
2022-06-03 18:07:41 → 62895324567778 → https://t.me/+jEJUf1tx9vw3Yjk1 → 加群成功
2022-06-03 18:07:50 → 918092132118 → https://t.me/+_r_1ooupBRoxZTcx → 加群成功
2022-06-03 18:08:00 → 6281283070774 → https://t.me/+C0RIb6Z0lM8xY2Q1 → 加群成功
2022-06-03 18:08:07 → 919923144199 → https://t.me/joinchat/HHeAr1ELdNEOXqw3U8Ts0w → 加群成功
2022-06-03 18:08:15 → 6281283602716 → https://t.me/+KV5UJvJFZadmZjVl → 加群成功
2022-06-03 18:08:22 → 79528551283 → https://t.me/+WnFY9z024NdiODgx → 加群成功
2022-06-03 18:08:29 → 6289635971327 → https://t.me/+IWYUKU0ocCcwYjMx → 加群失败：The authenticated user is already a participant of the chat (caused by ImportChatInviteRequest)
2022-06-03 18:08:39 → 79919431787 → https://t.me/ffcyx → 加群失败：https://t.me/ffcyx 用户尝试加入的聊天已过期且不再有效（由 ImportChatInviteRequest 引起）
2022-06-03 18:08:50 → 918109281745 → https://t.me/+SZP7LsqR8FI3ZjM1 → 加群失败：The authenticated user is already a participant of the chat (caused by ImportChatInviteRequest)
2022-06-03 18:08:57 → 639677121074 → https://t.me/+yTmSqvjL6MZhOGM1 → 加群失败：You have joined too many channels/supergroups (caused by ImportChatInviteRequest)
2022-06-03 18:09:08 → 79045541142 → https://t.me/wangbo28 → 加群失败：https://t.me/wangbo28 用户尝试加入的聊天已过期且不再有效（由 ImportChatInviteRequest 引起）
2022-06-03 18:09:15 → 601112672414 → https://t.me/+4t_ZnkZnBxJhYzcx → 加群成功
2022-06-03 18:09:24 → 6282133204171 → https://t.me/+wUPu96w7BvQ3NTU1 → 加群成功
2022-06-03 18:09:33 → 917838380415 → https://t.me/+cgctxddaCwxhYWM1 → 加群成功
2022-06-03 18:09:45 → 601124042925 → https://t.me/+xBZVwA_bkEY2N2Jl → 加群成功
2022-06-03 18:10:00 → 601124026034 → https://t.me/+t8N8djvNpMozYTUx → 加群成功
2022-06-03 18:10:07 → 79917733563 → https://t.me/+W5n0MEy_bxMyMDFl → 加群成功
2022-06-03 18:10:18 → 6281283602694 → https://t.me/+zt29tENcz2g4ODA1 → 加群失败：The authenticated user is already a participant of the chat (caused by ImportChatInviteRequest)
2022-06-03 18:10:27 → 79919431787 → https://t.me/+BqdPZFGv9QxjMWI1 → 加群失败：The authenticated user is already a participant of the chat (caused by ImportChatInviteRequest)
2022-06-03 18:10:33 → 601112672414 → https://t.me/+NZfDxbAhxBRjMmZl → 加群失败：The authenticated user is already a participant of the chat (caused by ImportChatInviteRequest)
2022-06-03 18:10:45 → 918109281745 → https://t.me/+HjBnsQsrMc44ZmNl → 加群成功
2022-06-03 18:10:54 → 919923144199 → https://t.me/+BrmgdJH6PSZkNTNh → 加群成功
2022-06-03 18:11:04 → 62895324567778 → https://t.me/+StNEwMqEaUE2NmFl → 加群成功
2022-06-03 18:11:12 → 79916318026 → https://t.me/+ssjAgSqpCLI0YzBh → 加群失败：The authenticated user is already a participant of the chat (caused by ImportChatInviteRequest)
2022-06-03 18:11:20 → 6289635971327 → https://t.me/+zjwd6Dobyb5hYWM1 → 加群成功
2022-06-03 18:11:32 → 6281283602716 → https://t.me/+G4deUBiLF0g3N2Ux → 加群成功
2022-06-03 18:11:42 → 6281283070774 → https://t.me/+B7AquUh1jWpkNjQx → 加群成功
2022-06-03 18:11:53 → 79528551283 → https://t.me/+67pYhAT5wPcxMDRl → 加群成功
2022-06-03 18:12:02 → 79045541142 → https://t.me/+Z11hDKptzFdjZDZh → 加群成功
2022-06-03 18:12:10 → 639677121074 → https://t.me/+4bOGsWK-7145MGQ1 → 加群失败：You have joined too many channels/supergroups (caused by ImportChatInviteRequest)
2022-06-03 18:12:22 → 917838380415 → https://t.me/+PnwvxbcwQXVjYzE1 → 加群成功
2022-06-03 18:12:32 → 6282133204171 → https://t.me/+xWeQtRBfjOFkNTA1 → 加群成功
2022-06-03 18:12:44 → 918092132118 → https://t.me/+coJH9njcTFI3NGJh → 加群成功
2022-06-03 18:12:51 → 917061771362 → https://t.me/+X_itTArL40g1ZWI5 → 加群成功
2022-06-03 18:13:00 → 601124042925 → https://t.me/+JMW3N_5fjeM5ODk1 → 加群成功
2022-06-03 18:13:15 → 79917733563 → https://t.me/+f312-GXF6bI2NDc1 → 加群成功
2022-06-03 18:13:27 → 917838380415 → https://t.me/+l7jVRdfrEh8wNWZh → 加群成功
2022-06-03 18:13:34 → 79045541142 → https://t.me/+7NnqHySmWQM2ODU9 → 加群成功
2022-06-03 18:13:41 → 62895324567778 → https://t.me/+hpMJRgdAs5AxMzg1 → 加群成功
2022-06-03 18:13:49 → 919923144199 → https://t.me/+0VaQ-3CUGpBmZjQ1 → 加群失败：The authenticated user is already a participant of the chat (caused by ImportChatInviteRequest)
2022-06-03 18:14:01 → 79919431787 → https://t.me/+vD11mXSl0Qo1NjBl → 加群成功
2022-06-03 18:14:13 → 601112672414 → https://t.me/+n18k2BFJNDsxY2Fl → 加群成功
2022-06-03 18:14:23 → 601124026034 → https://t.me/+qi9K7Bo2Y8Y3ZWY9 → 加群成功
2022-06-03 18:14:33 → 6289635971327 → https://t.me/+umxZ8YEpnEo2MWUx → 加群成功
2022-06-03 18:14:43 → 918092132118 → https://t.me/+m7Ys3kdhOQ5jODQ1 → 加群成功
2022-06-03 18:14:52 → 6282133204171 → https://t.me/+-HKE3ttySdAxMTk1 → 加群失败：https://t.me/+-HKE3ttySdAxMTk1 用户尝试加入的聊天已过期且不再有效（由 ImportChatInviteRequest 引起）
2022-06-03 18:14:59 → 79916318026 → https://t.me/joinchat/ITSPv5Bor2M5NjY1 → 加群成功
2022-06-03 18:15:07 → 601124042925 → https://t.me/+zAh3xoopIn4yYTU5 → 加群成功
2022-06-03 18:15:18 → 6281283602716 → https://t.me/+WgZhCn-jDiY2YjRl → 加群成功
2022-06-03 18:15:29 → 6281283602694 → https://t.me/+S58Sh-K2alY3Nzdl → 加群成功
2022-06-03 18:15:37 → 79528551283 → https://t.me/+kF5YAHBQ7b8yMDVl → 加群失败：https://t.me/+kF5YAHBQ7b8yMDVl 用户尝试加入的聊天已过期且不再有效（由 ImportChatInviteRequest 引起）
2022-06-03 18:15:44 → 6281283070774 → https://t.me/+17GH_OvJ9tAwY2Vl → 加群成功
2022-06-03 18:15:55 → 639677121074 → https://t.me/+EX5LLMSHNh9iYTQ1 → 加群失败：You have joined too many channels/supergroups (caused by ImportChatInviteRequest)
2022-06-03 18:16:07 → 917061771362 → https://t.me/+-jAPlPqNLng3NTk1 → 加群失败：https://t.me/+-jAPlPqNLng3NTk1 用户尝试加入的聊天已过期且不再有效（由 ImportChatInviteRequest 引起）
2022-06-03 18:16:25 → 918109281745 → https://t.me/+qG8NTgtN0akxM2Ex → 加群失败：The authenticated user is already a participant of the chat (caused by ImportChatInviteRequest)
2022-06-03 18:16:39 → 6281283602716 → https://t.me/+wXJtiQoohfc2NDJl → 加群成功
2022-06-03 18:16:49 → 79045541142 → https://t.me/+XOH9ZDrzo3I1MzI1 → 加群成功
2022-06-03 18:17:00 → 918092132118 → https://t.me/+-bcWU8v_IGBjNDBl → 加群失败：https://t.me/+-bcWU8v_IGBjNDBl 用户尝试加入的聊天已过期且不再有效（由 ImportChatInviteRequest 引起）
2022-06-03 18:17:10 → 6289635971327 → https://t.me/+tVzy-HX20kJiYWY1 → 加群成功
2022-06-03 18:17:18 → 6282133204171 → https://t.me/+BRUAa2sBGU0zOTQ1 → 加群成功
2022-06-03 18:17:27 → 919923144199 → https://t.me/+pbakZSSRFjRhNGU1 → 加群成功
2022-06-03 18:17:37 → 918109281745 → https://t.me/+wyQoNDjjMBVjNDA1 → 加群成功
2022-06-03 18:17:49 → 917061771362 → https://t.me/+3SrSrS52L785Yjg1 → 加群成功
2022-06-03 18:17:56 → 79916318026 → https://t.me/+ZIUaM08xAIhkYmUx → 加群成功
2022-06-03 18:18:07 → 79528551283 → https://t.me/+0vEKeyH-sKw5NzEx → 加群成功
2022-06-03 18:18:19 → 79919431787 → https://t.me/+O75V72V3_f9mZDk1 → 加群成功
2022-06-03 18:18:27 → 601112672414 → https://t.me/+GG2gvlA8M2s5Mjgx → 加群成功
2022-06-03 18:18:36 → 6281283602694 → https://t.me/+EsOVJtfj7FwyOWUx → 加群成功
2022-06-03 18:18:44 → 917838380415 → https://t.me/+0jORkEcjJ0thZDk1 → 加群失败：The authenticated user is already a participant of the chat (caused by ImportChatInviteRequest)
2022-06-03 18:18:55 → 601124042925 → https://t.me/+Lh7Vg3j2HBA2ZWRl → 加群成功
2022-06-03 18:19:04 → 62895324567778 → https://t.me/+YQtg80wqP5NlM2Nh → 加群成功
2022-06-03 18:19:14 → 79917733563 → https://t.me/+gJ-eKM5QJ3YyNzc1 → 加群成功
2022-06-03 18:19:22 → 6281283070774 → https://t.me/+5gVajc77kDQ0NzI5 → 加群成功
2022-06-03 18:19:30 → 601124026034 → https://t.me/+Qhz0SfbvEQAzYmFl → 加群成功
2022-06-03 18:19:42 → 639677121074 → https://t.me/+8RnTf-FOZT9iYzRl → 加群失败：You have joined too many channels/supergroups (caused by ImportChatInviteRequest)
2022-06-03 18:20:01 → 79045541142 → https://t.me/+IK9rvcCFpyA3YzI9 → 加群失败：The authenticated user is already a participant of the chat (caused by ImportChatInviteRequest)
2022-06-03 18:20:10 → 79916318026 → https://t.me/+IMTe1XL2eRhmZTQ1 → 加群成功
2022-06-03 18:20:18 → 79919431787 → https://t.me/+kaP8DGgokxo4NGIx → 加群成功
2022-06-03 18:20:28 → 919923144199 → https://t.me/+2hRtaNIomANhZjhl → 加群失败：The authenticated user is already a participant of the chat (caused by ImportChatInviteRequest)
2022-06-03 18:20:36 → 918092132118 → https://t.me/+sUuj_TuH_nRhNjE1 → 加群成功
2022-06-03 18:20:47 → 601124026034 → https://t.me/+5qiD_XQNy8ozMmI1 → 加群失败：The authenticated user is already a participant of the chat (caused by ImportChatInviteRequest)
2022-06-03 18:20:58 → 918109281745 → https://t.me/+n9nQhpEXAC0yNGU9 → 加群成功
2022-06-03 18:21:09 → 6281283602716 → https://t.me/+Gla_cs2FNi1kMjc1 → 加群成功
2022-06-03 18:21:18 → 639677121074 → https://t.me/+Sh3VLTGHA9Q3YTdl → 加群失败：You have joined too many channels/supergroups (caused by ImportChatInviteRequest)
2022-06-03 18:21:26 → 601124042925 → https://t.me/+dYHMcVJpbBwzMGQ1 → 加群成功
2022-06-03 18:21:34 → 917061771362 → https://t.me/+K4hA5oTciaJhNTVl → 加群成功
2022-06-03 18:21:43 → 62895324567778 → https://t.me/+HBDkiYv3Y9c2ODM1 → 加群成功
2022-06-03 18:21:55 → 6289635971327 → https://t.me/+l_b3i7oqjn0zMWE1 → 加群成功
2022-06-03 18:22:05 → 6281283602694 → https://t.me/+CM8QfiFJeng1OWM1 → 加群成功
2022-06-03 18:22:14 → 6281283070774 → https://t.me/+feeRJoJYK0EzMTRl → 加群成功
2022-06-03 18:22:23 → 79917733563 → https://t.me/+calyHe56Wm82OTg1 → 加群成功
2022-06-03 18:22:34 → 601112672414 → https://t.me/+XA-AFUSIJMBjY2Fh → 加群成功
2022-06-03 18:22:45 → 79528551283 → https://t.me/+jIlT6iUJfKBkMzBh → 加群成功
2022-06-03 18:22:57 → 6282133204171 → https://t.me/+yB1tBXdqMKFkMGFl → 加群成功
2022-06-03 18:23:07 → 917838380415 → https://t.me/+5WmtAnMeZpIyMDhh → 加群成功
2022-06-03 18:23:23 → 917061771362 → https://t.me/+APKLYqmdSclhZjU1 → 加群成功
2022-06-03 18:23:35 → 6281283070774 → https://t.me/+Zp-g0nkCPK9lMzE1 → 加群失败：The authenticated user is already a participant of the chat (caused by ImportChatInviteRequest)
2022-06-03 18:23:45 → 79916318026 → https://t.me/+-FuT5gvc2BwyNzg5 → 加群失败：https://t.me/+-FuT5gvc2BwyNzg5 用户尝试加入的聊天已过期且不再有效（由 ImportChatInviteRequest 引起）
2022-06-03 18:23:56 → 6289635971327 → https://t.me/+iBdNpf3vLzBkOTFl → 加群成功
2022-06-03 18:24:06 → 6281283602716 → https://t.me/+SEjcrJU4JuIyNzA1 → 加群成功
2022-06-03 18:24:14 → 6281283602694 → https://t.me/+4O_dPR7XAcY5NGQ9 → 加群成功
2022-06-03 18:24:24 → 79045541142 → https://t.me/+r4fE7rGC-tU3YWE1 → 加群失败：The authenticated user is already a participant of the chat (caused by ImportChatInviteRequest)
2022-06-03 18:24:35 → 917838380415 → https://t.me/+Qz0ir67LdmQzODM9 → 加群成功
2022-06-03 18:24:45 → 918109281745 → https://t.me/+p6YlZXi4WgU0Yzc1 → 加群成功
2022-06-03 18:24:56 → 6282133204171 → https://t.me/+Xh2Sw8Abn_w0NzRl → 加群成功
2022-06-03 18:25:07 → 601112672414 → https://t.me/+QmtEDlDoYLlkMGVl → 加群成功
2022-06-03 18:25:18 → 79917733563 → https://t.me/+jxQcjZH0KvRjY2Jl → 加群成功
2022-06-03 18:25:27 → 601124026034 → https://t.me/+rxfOqtxvW-4wNWVl → 加群成功
2022-06-03 18:25:40 → 918092132118 → https://t.me/+0ooyBXIvunM2ODAx → 加群成功
2022-06-03 18:25:50 → 601124042925 → https://t.me/+9oE0N-acgdo0NTNl → 加群成功
2022-06-03 18:25:58 → 79528551283 → https://t.me/+4-TIERdkNVVmY2Ix → 加群成功
2022-06-03 18:26:07 → 62895324567778 → https://t.me/+LqsBiT_T0DszOWI1 → 加群成功
2022-06-03 18:26:19 → 919923144199 → https://t.me/+Qda8QNJzsX4yNjVl → 加群成功
2022-06-03 18:26:29 → 79919431787 → https://t.me/+uFhQDDWC5a8xOTVh → 加群成功
2022-06-03 18:26:37 → 639677121074 → https://t.me/+hwGafTyi3tIxMzc1 → 加群失败：You have joined too many channels/supergroups (caused by ImportChatInviteRequest)
2022-06-03 18:26:51 → 79916318026 → https://t.me/+hdw-z80muVFjNzFl → 加群成功
2022-06-03 18:27:00 → 6281283602694 → https://t.me/+b-oj8C33vKU1Yjdl → 加群成功
2022-06-03 18:27:12 → 917061771362 → https://t.me/+noFSLnh4gzRmMWM1 → 加群成功
2022-06-03 18:27:24 → 918109281745 → https://t.me/+K5t6qDH-guk2ZmNl → 加群成功
2022-06-03 18:27:33 → 6281283602716 → https://t.me/+5NQjNc_ygu1jYTYx → 加群成功
2022-06-03 18:27:46 → 639677121074 → https://t.me/+owVJEPVLlZpiOGUx → 加群失败：You have joined too many channels/supergroups (caused by ImportChatInviteRequest)
2022-06-03 18:27:56 → 79919431787 → https://t.me/+d704xN5CSodkN2Vh → 加群成功
2022-06-03 18:28:05 → 6282133204171 → https://t.me/+-J3EkxDRssplNmQx → 加群失败：https://t.me/+-J3EkxDRssplNmQx 用户尝试加入的聊天已过期且不再有效（由 ImportChatInviteRequest 引起）
2022-06-03 18:28:12 → 62895324567778 → https://t.me/+in9IWOKmArs5ODg5 → 加群成功
2022-06-03 18:28:20 → 917838380415 → https://t.me/+ULwwAMPXqG5iNTI1 → 加群成功
2022-06-03 18:28:27 → 601124026034 → https://t.me/+apcxV30gu7M2MjI1 → 加群成功
2022-06-03 18:28:34 → 79528551283 → https://t.me/+j1rD3RsKu2A5ZTJl → 加群成功
2022-06-03 18:28:43 → 79045541142 → https://t.me/+AGovixe_eoE4NDNh → 加群成功
2022-06-03 18:28:55 → 79917733563 → https://t.me/+YI3Dtp8InIthMmU5 → 加群成功
2022-06-03 18:29:08 → 919923144199 → https://t.me/+mXolrdPE2mxhNTdl → 加群成功
2022-06-03 18:29:21 → 6281283070774 → https://t.me/+j8GV22yY5x5lM2Jh → 加群成功
2022-06-03 18:29:34 → 918092132118 → https://t.me/+lLRc1DnIS1JhYTc1 → 加群成功
2022-06-03 18:29:47 → 601124042925 → https://t.me/+2UbXwZlSXqxiMGIx → 加群成功
2022-06-03 18:29:56 → 6289635971327 → https://t.me/+71ANa06F0wNmNmJl → 加群成功
2022-06-03 18:30:08 → 601112672414 → https://t.me/+z9w5abx_AKI3ZDA1 → 加群成功
2022-06-03 18:30:26 → 6281283602694 → https://t.me/+z-xgWFuhbXRiMmU1 → 加群成功
2022-06-03 18:30:37 → 639677121074 → https://t.me/+2jZp8I80mEIyOGY1 → 加群失败：You have joined too many channels/supergroups (caused by ImportChatInviteRequest)
2022-06-03 18:30:48 → 79916318026 → https://t.me/+ZalvZqpTKQY5ZmVh → 加群成功
2022-06-03 18:30:59 → 79917733563 → https://t.me/+Rn0gXKwDBdZiMzhl → 加群成功
2022-06-03 18:31:12 → 917838380415 → https://t.me/+jDogamSAXRJmNTJl → 加群失败：The authenticated user is already a participant of the chat (caused by ImportChatInviteRequest)
2022-06-03 18:31:21 → 6289635971327 → https://t.me/+PtpnKT2eF0BkN2Q9 → 加群成功
2022-06-03 18:31:29 → 6281283070774 → https://t.me/+X1XfCzCulJplNzJl → 加群成功
2022-06-03 18:31:38 → 919923144199 → https://t.me/+SIfSmDbixudkMzc1 → 加群成功
2022-06-03 18:31:49 → 6281283602716 → https://t.me/+1s6PDJfhJ_45N2Mx → 加群失败：The authenticated user is already a participant of the chat (caused by ImportChatInviteRequest)
2022-06-03 18:31:57 → 79045541142 → https://t.me/+uDADliAVzT84ZDRh → 加群成功
2022-06-03 18:32:07 → 6282133204171 → https://t.me/+_cUk83u2c1JjNzY1 → 加群成功
2022-06-03 18:32:16 → 62895324567778 → https://t.me/joinchat/rDC8WhyDHDg0Yzhl → 加群成功
2022-06-03 18:32:25 → 601124026034 → https://t.me/+pImQqG6kee4wZDYx → 加群成功
2022-06-03 18:32:35 → 918092132118 → https://t.me/+DM9DYATWVQA2MTlh → 加群成功
2022-06-03 18:32:46 → 79528551283 → https://t.me/+F4cgrWsKrcRkMDA9 → 加群成功
2022-06-03 18:32:57 → 601124042925 → https://t.me/+-ZBvuqf9AYtkM2Q5 → 加群失败：https://t.me/+-ZBvuqf9AYtkM2Q5 用户尝试加入的聊天已过期且不再有效（由 ImportChatInviteRequest 引起）
2022-06-03 18:33:05 → 79919431787 → https://t.me/+9aEGaULesLY4Nzlh → 加群成功
2022-06-03 18:33:15 → 917061771362 → https://t.me/+REYpWO1e16djZDUx → 加群成功
2022-06-03 18:33:26 → 601112672414 → https://t.me/+_sSpDH9vnQMwNjc9 → 加群成功
2022-06-03 18:33:35 → 918109281745 → https://t.me/+XAPOpgfM36YxYTk1 → 加群成功
2022-06-03 18:33:53 → 79917733563 → https://t.me/+spzhFF0zV5M1YjZh → 加群成功
2022-06-03 18:34:05 → 6281283602716 → https://t.me/+07AqZIR1RH43MmY1 → 加群成功
2022-06-03 18:34:13 → 6289635971327 → https://t.me/+cod7Oy_bjAg5NTk1 → 加群成功
2022-06-03 18:34:26 → 601124042925 → https://t.me/+MVMDI7oWzDczNmI1 → 加群成功
2022-06-03 18:34:33 → 918092132118 → https://t.me/+3YZdmBbfzH85MDll → 加群成功
2022-06-03 18:34:40 → 79916318026 → https://t.me/+VZOVUsJ_CrRiNjI5 → 加群成功
2022-06-03 18:34:48 → 79045541142 → https://t.me/+VwDoIE1fU34wNDRl → 加群成功
2022-06-03 18:34:58 → 6281283602694 → https://t.me/+xn2eYKH-rlI5N2E5 → 加群成功
2022-06-03 18:35:10 → 639677121074 → https://t.me/+ULgadWScDkswN2Q1 → 加群失败：You have joined too many channels/supergroups (caused by ImportChatInviteRequest)
2022-06-03 18:35:22 → 62895324567778 → https://t.me/+4GYip2NBLOphOTVl → 加群成功
2022-06-03 18:35:30 → 917838380415 → https://t.me/+d8XzUzLwhhU1YWVl → 加群成功
2022-06-03 18:35:38 → 919923144199 → https://t.me/+zp8hQFMQsnIyYTdl → 加群成功
2022-06-03 18:35:49 → 918109281745 → https://t.me/+hG4evzI6ZJ84MTA5 → 加群成功
2022-06-03 18:36:02 → 6281283070774 → https://t.me/+UDrX76uyYy82OWEx → 加群成功
2022-06-03 18:36:14 → 917061771362 → https://t.me/+YlMJYHBBe0M5ZmMx → 加群成功
2022-06-03 18:36:27 → 79528551283 → https://t.me/+bOgiT1uFp88xNmQ1 → 加群成功
2022-06-03 18:36:34 → 79919431787 → https://t.me/+ADL_14T-XG0yMmE5 → 加群成功
2022-06-03 18:36:41 → 6282133204171 → https://t.me/+Hu3nlzXur5djMzg1 → 加群成功
2022-06-03 18:36:51 → 601112672414 → https://t.me/+oK6peJEVCBgzZjcx → 加群成功
2022-06-03 18:37:04 → 601124026034 → https://t.me/+Ykhdirg6NcNkYjAx → 加群成功
2022-06-03 18:37:24 → 79919431787 → https://t.me/+-gQhQNg6UedmYzhh → 加群失败：https://t.me/+-gQhQNg6UedmYzhh 用户尝试加入的聊天已过期且不再有效（由 ImportChatInviteRequest 引起）
2022-06-03 18:37:35 → 79916318026 → https://t.me/+0kedKOuRB0o1NDMx → 加群成功
2022-06-03 18:37:45 → 917838380415 → https://t.me/+KqByXUbZl6wxM2Nh → 加群成功
2022-06-03 18:37:54 → 6281283602716 → https://t.me/+T-jYQLw4qHozZWU1 → 加群成功
2022-06-03 18:38:01 → 601112672414 → https://t.me/+G-TP1oGwz_UzZTgx → 加群成功
2022-06-03 18:38:14 → 79045541142 → https://t.me/+-RvPwnYZ0fo2NzE1 → 加群失败：https://t.me/+-RvPwnYZ0fo2NzE1 用户尝试加入的聊天已过期且不再有效（由 ImportChatInviteRequest 引起）
2022-06-03 18:38:25 → 601124026034 → https://t.me/+4iQgzALLkPowZGFl → 加群成功
2022-06-03 18:38:33 → 918092132118 → https://t.me/+mrJcyx4RlCoyZDE9 → 加群失败：The authenticated user is already a participant of the chat (caused by ImportChatInviteRequest)
2022-06-03 18:38:41 → 6281283602694 → https://t.me/+BSga9DevIIg5YTQ1 → 加群成功
2022-06-03 18:38:50 → 62895324567778 → https://t.me/+k7skOSclEXNkY2M1 → 加群成功
2022-06-03 18:39:02 → 6289635971327 → https://t.me/+54gl7-9CGNExOTQx → 加群成功
2022-06-03 18:39:14 → 639677121074 → https://t.me/joinchat/c1irPtTz-KpmMzZl → 加群失败：You have joined too many channels/supergroups (caused by ImportChatInviteRequest)
2022-06-03 18:39:26 → 919923144199 → https://t.me/+mw6XSaYD2eFjYWQx → 加群成功
2022-06-03 18:39:34 → 6281283070774 → https://t.me/+UbxlM6GKynRhODk1 → 加群成功
2022-06-03 18:39:45 → 917061771362 → https://t.me/+AeKQBS5VnYFhZjdh → 加群成功
2022-06-03 18:39:58 → 601124042925 → https://t.me/+dIyaD5HpDJY3Zjk9 → 加群成功
2022-06-03 18:40:05 → 6282133204171 → https://t.me/+zYJQMkPK-txmNTc1 → 加群成功
2022-06-03 18:40:12 → 918109281745 → https://t.me/+KdYb4C34uoowMGJl → 加群成功
2022-06-03 18:40:21 → 79917733563 → https://t.me/+y1X1DHVWX6o0OWQx → 加群成功
2022-06-03 18:40:33 → 79528551283 → https://t.me/+qmuwWWOvrME0ODkx → 加群成功
2022-06-03 18:40:49 → 62895324567778 → https://t.me/+_co7YJMXqzliMzhh → 加群成功
2022-06-03 18:41:01 → 6289635971327 → https://t.me/+YhkvVBH2sLNiMmJh → 加群成功
2022-06-03 18:41:09 → 919923144199 → https://t.me/+boGmQAE3JrBjNTNl → 加群成功
2022-06-03 18:41:18 → 601112672414 → https://t.me/+IgxjgT8EJP0wZGI1 → 加群成功
2022-06-03 18:41:28 → 601124026034 → https://t.me/+jxfLkeV_sRZlZjIx → 加群成功
2022-06-03 18:41:39 → 79528551283 → https://t.me/+TkFX2Ws-6WliNjU9 → 加群成功
2022-06-03 18:41:48 → 6281283602716 → https://t.me/+LO5hAmiN4McyODU1 → 加群成功
2022-06-03 18:41:56 → 639677121074 → https://t.me/+EFZfdCzTGu9iMzcx → 加群失败：You have joined too many channels/supergroups (caused by ImportChatInviteRequest)
2022-06-03 18:43:27 → 917061771362 → https://t.me/+5WmtAnMeZpIyMDhh → 加群成功
2022-06-03 18:43:38 → 918092132118 → https://t.me/+4t_ZnkZnBxJhYzcx → 加群成功
2022-06-03 18:43:50 → 6281283602694 → https://t.me/+IMTe1XL2eRhmZTQ1 → 加群成功
2022-06-03 18:44:02 → 639677121074 → https://t.me/+VZOVUsJ_CrRiNjI5 → 加群失败：You have joined too many channels/supergroups (caused by ImportChatInviteRequest)
2022-06-03 18:44:12 → 601124026034 → https://t.me/+hwGafTyi3tIxMzc1 → 加群成功
2022-06-03 18:44:23 → 918109281745 → https://t.me/+jIlT6iUJfKBkMzBh → 加群成功
2022-06-03 18:44:34 → 79528551283 → https://t.me/+r4fE7rGC-tU3YWE1 → 加群成功
2022-06-03 18:44:41 → 601112672414 → https://t.me/+zYJQMkPK-txmNTc1 → 加群成功
2022-06-03 18:44:48 → 601124042925 → https://t.me/+9aEGaULesLY4Nzlh → 加群失败：The authenticated user is already a participant of the chat (caused by ImportChatInviteRequest)
2022-06-03 18:44:55 → 917838380415 → https://t.me/+tVzy-HX20kJiYWY1 → 加群成功
2022-06-03 18:45:06 → 6281283602716 → https://t.me/+SIfSmDbixudkMzc1 → 加群成功
2022-06-03 18:45:13 → 919923144199 → https://t.me/+07AqZIR1RH43MmY1 → 加群成功
2022-06-03 18:45:25 → 6282133204171 → https://t.me/+Zp-g0nkCPK9lMzE1 → 加群成功
2022-06-03 18:45:36 → 79919431787 → https://t.me/+BqdPZFGv9QxjMWI1 → 加群失败：The authenticated user is already a participant of the chat (caused by ImportChatInviteRequest)
2022-06-03 18:45:44 → 62895324567778 → https://t.me/+SEjcrJU4JuIyNzA1 → 加群成功
2022-06-03 18:45:55 → 6281283070774 → https://t.me/+bOgiT1uFp88xNmQ1 → 加群成功
2022-06-03 18:46:02 → 79917733563 → https://t.me/+z-xgWFuhbXRiMmU1 → 加群成功
2022-06-03 18:46:14 → 79916318026 → https://t.me/+uDADliAVzT84ZDRh → 加群成功
2022-06-03 18:46:25 → 6289635971327 → https://t.me/+xoa71RA8zRlkZWE1 → 加群成功
2022-06-03 18:46:35 → 79045541142 → https://t.me/joinchat/EnHBggxtLiaKQHfI_9JPgw → 加群成功
2022-06-03 18:46:51 → 919923144199 → https://t.me/+cod7Oy_bjAg5NTk1 → 加群成功
2022-06-03 18:47:02 → 79917733563 → https://t.me/+iByuoW9T4aMzODVl → 加群成功
2022-06-03 18:47:11 → 6281283602716 → https://t.me/+X_itTArL40g1ZWI5 → 加群成功
2022-06-03 18:47:21 → 917838380415 → https://t.me/+Vr3PW_vRaiY3YjFh → 加群失败：The authenticated user is already a participant of the chat (caused by ImportChatInviteRequest)
2022-06-03 18:47:32 → 6289635971327 → https://t.me/+BSga9DevIIg5YTQ1 → 加群失败：The authenticated user is already a participant of the chat (caused by ImportChatInviteRequest)
2022-06-03 18:47:43 → 79045541142 → https://t.me/+aMl_xPUzLu80OGMx → 加群成功
2022-06-03 18:47:55 → 918092132118 → https://t.me/+YQtg80wqP5NlM2Nh → 加群成功
2022-06-03 18:48:07 → 79916318026 → https://t.me/+qi9K7Bo2Y8Y3ZWY9 → 加群成功
2022-06-03 18:48:18 → 79528551283 → https://t.me/+-HKE3ttySdAxMTk1 → 加群失败：https://t.me/+-HKE3ttySdAxMTk1 用户尝试加入的聊天已过期且不再有效（由 ImportChatInviteRequest 引起）
2022-06-03 18:48:26 → 601112672414 → https://t.me/+71ANa06F0wNmNmJl → 加群成功
2022-06-03 18:48:37 → 62895324567778 → https://t.me/+mHS4ouK1WS81ODdl → 加群失败：The authenticated user is already a participant of the chat (caused by ImportChatInviteRequest)
2022-06-03 18:48:47 → 6282133204171 → https://t.me/+5NQjNc_ygu1jYTYx → 加群失败：The authenticated user is already a participant of the chat (caused by ImportChatInviteRequest)
2022-06-03 18:48:59 → 601124042925 → https://t.me/+EFZfdCzTGu9iMzcx → 加群成功
2022-06-03 18:49:10 → 601124026034 → https://t.me/+dYHMcVJpbBwzMGQ1 → 加群成功
2022-06-03 18:49:21 → 917061771362 → https://t.me/+W5n0MEy_bxMyMDFl → 加群成功
2022-06-03 18:49:30 → 6281283602694 → https://t.me/+sUuj_TuH_nRhNjE1 → 加群成功
2022-06-03 18:49:40 → 79919431787 → https://t.me/+LWL438ngyIQxZjQ1 → 加群成功
2022-06-03 18:49:47 → 639677121074 → https://t.me/+ssjAgSqpCLI0YzBh → 加群失败：You have joined too many channels/supergroups (caused by ImportChatInviteRequest)
2022-06-03 18:49:57 → 6281283070774 → https://t.me/+WnFY9z024NdiODgx → 加群成功
2022-06-03 18:50:08 → 918109281745 → https://t.me/+jxQcjZH0KvRjY2Jl → 加群成功
2022-06-03 18:50:26 → 79528551283 → https://t.me/+gJ-eKM5QJ3YyNzc1 → 加群成功
2022-06-03 18:50:35 → 601112672414 → https://t.me/+feeRJoJYK0EzMTRl → 加群成功
2022-06-03 18:50:45 → 601124042925 → https://t.me/+ZIUaM08xAIhkYmUx → 加群成功
2022-06-03 18:50:58 → 6282133204171 → https://t.me/+j1rD3RsKu2A5ZTJl → 加群成功
2022-06-03 18:51:07 → 79919431787 → https://t.me/+hG4evzI6ZJ84MTA5 → 加群失败：The authenticated user is already a participant of the chat (caused by ImportChatInviteRequest)
2022-06-03 18:51:18 → 601124026034 → https://t.me/+KqByXUbZl6wxM2Nh → 加群成功
2022-06-03 18:51:26 → 919923144199 → https://t.me/+hpMJRgdAs5AxMzg1 → 加群成功
2022-06-03 18:51:35 → 6289635971327 → https://t.me/+-ZBvuqf9AYtkM2Q5 → 加群失败：https://t.me/+-ZBvuqf9AYtkM2Q5 用户尝试加入的聊天已过期且不再有效（由 ImportChatInviteRequest 引起）
2022-06-03 18:51:45 → 6281283602716 → https://t.me/+HBDkiYv3Y9c2ODM1 → 加群成功
2022-06-03 18:51:57 → 918092132118 → https://t.me/+EX5LLMSHNh9iYTQ1 → 加群成功
2022-06-03 18:52:05 → 917061771362 → https://t.me/+rxfOqtxvW-4wNWVl → 加群成功
2022-06-03 18:52:12 → 79045541142 → https://t.me/+G8wVDtrfGdI3ZTc9 → 加群成功
2022-06-03 18:52:20 → 6281283602694 → https://t.me/+QmtEDlDoYLlkMGVl → 加群成功
2022-06-03 18:52:31 → 62895324567778 → https://t.me/+n18k2BFJNDsxY2Fl → 加群成功
2022-06-03 18:52:38 → 917838380415 → https://t.me/+mrJcyx4RlCoyZDE9 → 加群成功
2022-06-03 18:52:46 → 918109281745 → https://t.me/+YI3Dtp8InIthMmU5 → 加群成功
2022-06-03 18:52:57 → 6281283070774 → https://t.me/+spzhFF0zV5M1YjZh → 加群成功
2022-06-03 18:53:09 → 639677121074 → https://t.me/+-RvPwnYZ0fo2NzE1 → 加群失败：https://t.me/+-RvPwnYZ0fo2NzE1 用户尝试加入的聊天已过期且不再有效（由 ImportChatInviteRequest 引起）
2022-06-03 18:53:21 → 79917733563 → https://t.me/+K5t6qDH-guk2ZmNl → 加群成功
2022-06-03 18:53:30 → 79916318026 → https://t.me/+YlQkP6X2f11lZjlh → 加群失败：The authenticated user is already a participant of the chat (caused by ImportChatInviteRequest)
2022-06-03 18:53:44 → 6281283070774 → https://t.me/+ftCy3AbJQ2FkZTdh → 加群成功
2022-06-03 18:53:53 → 6289635971327 → https://t.me/+6SR7fONaaVJmNDMx → 加群成功
2022-06-03 18:54:04 → 79917733563 → https://t.me/+yTmSqvjL6MZhOGM1 → 加群成功
2022-06-03 18:54:15 → 639677121074 → https://t.me/+coJH9njcTFI3NGJh → 加群失败：You have joined too many channels/supergroups (caused by ImportChatInviteRequest)
2022-06-03 18:54:22 → 919923144199 → https://t.me/+4-TIERdkNVVmY2Ix → 加群失败：A wait of 118 seconds is required (caused by ImportChatInviteRequest)
2022-06-03 18:54:33 → 601124042925 → https://t.me/+zp8hQFMQsnIyYTdl → 加群失败：The authenticated user is already a participant of the chat (caused by ImportChatInviteRequest)
2022-06-03 18:54:43 → 918109281745 → https://t.me/+xRLKfhWedANiZGM1 → 加群成功
2022-06-03 18:54:51 → 6281283602716 → https://t.me/+3gLBjcldb5E1NWY9 → 加群成功
2022-06-03 18:55:03 → 79045541142 → https://t.me/+YlMJYHBBe0M5ZmMx → 加群失败：The authenticated user is already a participant of the chat (caused by ImportChatInviteRequest)
2022-06-03 18:55:13 → 79916318026 → https://t.me/ffcyx → 加群失败：https://t.me/ffcyx 用户尝试加入的聊天已过期且不再有效（由 ImportChatInviteRequest 引起）
2022-06-03 18:55:24 → 601124026034 → https://t.me/+SvCI6c2XlcxlZjQx → 加群成功
2022-06-03 18:55:33 → 917061771362 → https://t.me/+G-TP1oGwz_UzZTgx → 加群成功
2022-06-03 18:55:45 → 6281283602694 → https://t.me/+F4cgrWsKrcRkMDA9 → 加群成功
2022-06-03 18:55:52 → 79919431787 → https://t.me/+EGVQeuIr3OU0NGI9 → 加群失败：The authenticated user is already a participant of the chat (caused by ImportChatInviteRequest)
2022-06-03 18:56:03 → 601112672414 → https://t.me/+54gl7-9CGNExOTQx → 加群成功
2022-06-03 18:56:12 → 62895324567778 → https://t.me/+KV5UJvJFZadmZjVl → 加群成功
2022-06-03 18:56:24 → 917838380415 → https://t.me/+1zXkNRlLObA1NGNl → 加群成功
2022-06-03 18:56:36 → 918092132118 → https://t.me/+m7Ys3kdhOQ5jODQ1 → 加群失败：The authenticated user is already a participant of the chat (caused by ImportChatInviteRequest)
2022-06-03 18:56:44 → 79528551283 → https://t.me/+4bOGsWK-7145MGQ1 → 加群成功
2022-06-03 18:56:56 → 6282133204171 → https://t.me/+17GH_OvJ9tAwY2Vl → 加群失败：The authenticated user is already a participant of the chat (caused by ImportChatInviteRequest)
2022-06-03 18:57:12 → 6282133204171 → https://t.me/+h2PiE1mN6nZmN2Vl → 加群失败：The authenticated user is already a participant of the chat (caused by ImportChatInviteRequest)
2022-06-03 18:57:23 → 918092132118 → https://t.me/+5gVajc77kDQ0NzI5 → 加群成功
2022-06-03 18:57:36 → 918109281745 → https://t.me/+ULgadWScDkswN2Q1 → 加群成功
2022-06-03 18:57:48 → 601124042925 → https://t.me/+0vEKeyH-sKw5NzEx → 加群成功
2022-06-03 18:57:58 → 6281283602694 → https://t.me/+mw6XSaYD2eFjYWQx → 加群失败：The authenticated user is already a participant of the chat (caused by ImportChatInviteRequest)
2022-06-03 18:58:07 → 79919431787 → https://t.me/+k7skOSclEXNkY2M1 → 加群成功
2022-06-03 18:58:19 → 79045541142 → https://t.me/+UbxlM6GKynRhODk1 → 加群成功
2022-06-03 18:58:27 → 79917733563 → https://t.me/+q9iWwMyPl485YzE1 → 加群成功
2022-06-03 18:58:35 → 62895324567778 → https://t.me/+jxfLkeV_sRZlZjIx → 加群成功
2022-06-03 18:58:43 → 79528551283 → https://t.me/+Hu3nlzXur5djMzg1 → 加群成功
2022-06-03 18:58:51 → 601112672414 → https://t.me/+umxZ8YEpnEo2MWUx → 加群成功
2022-06-03 18:58:59 → 6281283070774 → https://t.me/+KdYb4C34uoowMGJl → 加群成功
2022-06-03 18:59:11 → 917061771362 → https://t.me/+JfzYvmEW4bo0ZWRl → 加群成功
2022-06-03 18:59:21 → 6281283602716 → https://t.me/+3SrSrS52L785Yjg1 → 加群成功
2022-06-03 18:59:29 → 6289635971327 → https://t.me/+BIb1nofuq6Q5NzY1 → 加群成功
2022-06-03 18:59:38 → 919923144199 → https://t.me/+Qz0ir67LdmQzODM9 → 加群失败：The authenticated user is already a participant of the chat (caused by ImportChatInviteRequest)
2022-06-03 18:59:50 → 79916318026 → https://t.me/+LqsBiT_T0DszOWI1 → 加群成功
2022-06-03 19:00:02 → 601124026034 → https://t.me/+AGovixe_eoE4NDNh → 加群成功
2022-06-03 19:00:12 → 917838380415 → https://t.me/+PtpnKT2eF0BkN2Q9 → 加群成功
2022-06-03 19:00:24 → 639677121074 → https://t.me/+xWeQtRBfjOFkNTA1 → 加群失败：You have joined too many channels/supergroups (caused by ImportChatInviteRequest)
2022-06-03 19:00:38 → 6281283602716 → https://t.me/+vD11mXSl0Qo1NjBl → 加群成功
2022-06-03 19:00:49 → 601124042925 → https://t.me/+oK6peJEVCBgzZjcx → 加群成功
2022-06-03 19:00:58 → 601112672414 → https://t.me/+qmuwWWOvrME0ODkx → 加群成功
2022-06-03 19:01:11 → 918109281745 → https://t.me/+IWYUKU0ocCcwYjMx → 加群成功
2022-06-03 19:01:21 → 79919431787 → https://t.me/+TkFX2Ws-6WliNjU9 → 加群成功
2022-06-03 19:01:30 → 918092132118 → https://t.me/+JMW3N_5fjeM5ODk1 → 加群成功
2022-06-03 19:01:38 → 62895324567778 → https://t.me/+EsOVJtfj7FwyOWUx → 加群成功
2022-06-03 19:01:48 → 6289635971327 → https://t.me/+40-bqGDev2g3NGZl → 加群成功
2022-06-03 19:01:58 → 917838380415 → https://t.me/+HHlC3yukCdo0MjBh → 加群成功
2022-06-03 19:02:11 → 919923144199 → https://t.me/+WgZhCn-jDiY2YjRl → 加群成功
2022-06-03 19:02:23 → 6281283602694 → https://t.me/+2UbXwZlSXqxiMGIx → 加群成功
2022-06-03 19:02:36 → 601124026034 → https://t.me/+zt29tENcz2g4ODA1 → 加群成功
2022-06-03 19:02:43 → 6281283070774 → https://t.me/+wyQoNDjjMBVjNDA1 → 加群成功
2022-06-03 19:02:52 → 79917733563 → https://t.me/+Gla_cs2FNi1kMjc1 → 加群成功
2022-06-03 19:03:01 → 639677121074 → https://t.me/joinchat/c1irPtTz-KpmMzZl → 加群失败：You have joined too many channels/supergroups (caused by ImportChatInviteRequest)
2022-06-03 19:03:09 → 6282133204171 → https://t.me/+Qhz0SfbvEQAzYmFl → 加群成功
2022-06-03 19:03:21 → 79916318026 → https://t.me/+uFhQDDWC5a8xOTVh → 加群成功
2022-06-03 19:03:33 → 79528551283 → https://t.me/+Z11hDKptzFdjZDZh → 加群成功
2022-06-03 19:03:40 → 79045541142 → https://t.me/+S58Sh-K2alY3Nzdl → 加群成功
2022-06-03 19:03:48 → 917061771362 → https://t.me/+3YZdmBbfzH85MDll → 加群成功
2022-06-03 19:04:02 → 79916318026 → https://t.me/+5qiD_XQNy8ozMmI1 → 加群失败：The authenticated user is already a participant of the chat (caused by ImportChatInviteRequest)
2022-06-03 19:04:10 → 6281283070774 → https://t.me/+0jORkEcjJ0thZDk1 → 加群成功
2022-06-03 19:04:18 → 917061771362 → https://t.me/+fAdS-xoI0zJiZTdh → 加群成功
2022-06-03 19:04:27 → 918092132118 → https://t.me/+xn2eYKH-rlI5N2E5 → 加群成功
2022-06-03 19:04:37 → 79919431787 → https://t.me/+zjwd6Dobyb5hYWM1 → 加群成功
2022-06-03 19:04:50 → 79917733563 → https://t.me/+0kedKOuRB0o1NDMx → 加群成功
2022-06-03 19:05:02 → 62895324567778 → https://t.me/+BRUAa2sBGU0zOTQ1 → 加群失败：The authenticated user is already a participant of the chat (caused by ImportChatInviteRequest)
2022-06-03 19:05:14 → 79045541142 → https://t.me/+E7EhI4J4t2BjMTdh → 加群成功
2022-06-03 19:05:22 → 79528551283 → https://t.me/+z9w5abx_AKI3ZDA1 → 加群成功
2022-06-03 19:05:34 → 6282133204171 → https://t.me/+_r_1ooupBRoxZTcx → 加群成功
2022-06-03 19:05:47 → 6289635971327 → https://t.me/+4O_dPR7XAcY5NGQ9 → 加群成功
2022-06-03 19:05:56 → 917838380415 → https://t.me/+4GYip2NBLOphOTVl → 加群成功
2022-06-03 19:06:03 → 918109281745 → https://t.me/+t8N8djvNpMozYTUx → 加群成功
2022-06-03 19:06:11 → 6281283602716 → https://t.me/+7NnqHySmWQM2ODU9 → 加群成功
2022-06-03 19:06:21 → 919923144199 → https://t.me/joinchat/rDC8WhyDHDg0Yzhl → 加群成功
2022-06-03 19:06:33 → 639677121074 → https://t.me/+PnwvxbcwQXVjYzE1 → 加群失败：You have joined too many channels/supergroups (caused by ImportChatInviteRequest)
2022-06-03 19:06:45 → 6281283602694 → https://t.me/+H9LG2jzQBeA4NjMx → 加群成功
2022-06-03 19:06:55 → 601124026034 → https://t.me/+A1-zdEEfAu03ZTFl → 加群成功
2022-06-03 19:07:07 → 601124042925 → https://t.me/+b-oj8C33vKU1Yjdl → 加群成功
2022-06-03 19:07:19 → 601112672414 → https://t.me/+ADL_14T-XG0yMmE5 → 加群成功
2022-06-03 19:07:34 → 6289635971327 → https://t.me/+p6YlZXi4WgU0Yzc1 → 加群成功
2022-06-03 19:07:45 → 6281283070774 → https://t.me/+REYpWO1e16djZDUx → 加群成功
2022-06-03 19:07:55 → 79045541142 → https://t.me/+_cUk83u2c1JjNzY1 → 加群成功
2022-06-03 19:08:04 → 601124042925 → https://t.me/+Rn0gXKwDBdZiMzhl → 加群成功
2022-06-03 19:08:13 → 79528551283 → https://t.me/+Lh7Vg3j2HBA2ZWRl → 加群成功
2022-06-03 19:08:20 → 919923144199 → https://t.me/+jDogamSAXRJmNTJl → 加群成功
2022-06-03 19:08:30 → 639677121074 → https://t.me/+VwDoIE1fU34wNDRl → 加群失败：You have joined too many channels/supergroups (caused by ImportChatInviteRequest)
2022-06-03 19:08:37 → 79916318026 → https://t.me/+MVMDI7oWzDczNmI1 → 加群成功
2022-06-03 19:08:47 → 79919431787 → https://t.me/+jEJUf1tx9vw3Yjk1 → 加群成功
2022-06-03 19:08:56 → 79917733563 → https://t.me/+Ak8f4ofbKpEzYTU1 → 加群成功
2022-06-03 19:09:08 → 6281283602694 → https://t.me/joinchat/HHeAr1ELdNEOXqw3U8Ts0w → 加群成功
2022-06-03 19:09:15 → 6281283602716 → https://t.me/+pImQqG6kee4wZDYx → 加群成功
2022-06-03 19:09:26 → 918109281745 → https://t.me/+1450TvdWFDg3ZDlh → 加群成功
2022-06-03 19:09:39 → 917061771362 → https://t.me/+y1X1DHVWX6o0OWQx → 加群失败：The authenticated user is already a participant of the chat (caused by ImportChatInviteRequest)
2022-06-03 19:09:46 → 6282133204171 → https://t.me/+in9IWOKmArs5ODg5 → 加群成功
2022-06-03 19:09:57 → 918092132118 → https://t.me/+SU2RmtTlLms1YWRl → 加群失败：The authenticated user is already a participant of the chat (caused by ImportChatInviteRequest)
2022-06-03 19:10:04 → 601112672414 → https://t.me/+d8XzUzLwhhU1YWVl → 加群成功
2022-06-03 19:10:13 → 62895324567778 → https://t.me/+-jAPlPqNLng3NTk1 → 加群失败：https://t.me/+-jAPlPqNLng3NTk1 用户尝试加入的聊天已过期且不再有效（由 ImportChatInviteRequest 引起）
2022-06-03 19:10:24 → 917838380415 → https://t.me/+kaP8DGgokxo4NGIx → 加群成功
2022-06-03 19:10:37 → 601124026034 → https://t.me/+XA-AFUSIJMBjY2Fh → 加群成功
2022-06-03 19:10:51 → 6281283602694 → https://t.me/+2jZp8I80mEIyOGY1 → 加群成功
2022-06-03 19:11:04 → 79916318026 → https://t.me/+DM9DYATWVQA2MTlh → 加群成功
2022-06-03 19:11:12 → 918109281745 → https://t.me/+l7jVRdfrEh8wNWZh → 加群成功
2022-06-03 19:11:25 → 601112672414 → https://t.me/+UDrX76uyYy82OWEx → 加群成功
2022-06-03 19:11:37 → 919923144199 → https://t.me/+StNEwMqEaUE2NmFl → 加群成功
2022-06-03 19:11:47 → 79919431787 → https://t.me/+YhkvVBH2sLNiMmJh → 加群成功
2022-06-03 19:11:54 → 917838380415 → https://t.me/+2hRtaNIomANhZjhl → 加群成功
2022-06-03 19:12:03 → 601124042925 → https://t.me/+1s6PDJfhJ_45N2Mx → 加群成功
2022-06-03 19:12:16 → 79917733563 → https://t.me/+0VaQ-3CUGpBmZjQ1 → 加群成功
2022-06-03 19:12:24 → 79045541142 → https://t.me/+b8osyGrSdOhhZjE9 → 加群成功
2022-06-03 19:12:36 → 918092132118 → https://t.me/+-gQhQNg6UedmYzhh → 加群失败：https://t.me/+-gQhQNg6UedmYzhh 用户尝试加入的聊天已过期且不再有效（由 ImportChatInviteRequest 引起）
2022-06-03 19:12:47 → 639677121074 → https://t.me/+B7AquUh1jWpkNjQx → 加群失败：You have joined too many channels/supergroups (caused by ImportChatInviteRequest)
2022-06-03 19:12:56 → 6281283070774 → https://t.me/+rUlOEDqXoIM4NDk9 → 加群成功
2022-06-03 19:13:04 → 6282133204171 → https://t.me/+9oE0N-acgdo0NTNl → 加群成功
2022-06-03 19:13:15 → 62895324567778 → https://t.me/+_sSpDH9vnQMwNjc9 → 加群成功
2022-06-03 19:13:23 → 6281283602716 → https://t.me/+mXolrdPE2mxhNTdl → 加群成功
2022-06-03 19:13:35 → 6289635971327 → https://t.me/+XMeaKsmC7JU4NzA1 → 加群成功
2022-06-03 19:13:47 → 79528551283 → https://t.me/+C0RIb6Z0lM8xY2Q1 → 加群成功
2022-06-03 19:13:59 → 601124026034 → https://t.me/+X98YxeYTiqcxYzA9 → 加群失败：The authenticated user is already a participant of the chat (caused by ImportChatInviteRequest)
2022-06-03 19:14:08 → 917061771362 → https://t.me/+O75V72V3_f9mZDk1 → 加群成功
2022-06-03 19:14:24 → 6281283070774 → https://t.me/+NZfDxbAhxBRjMmZl → 加群成功
2022-06-03 19:14:36 → 62895324567778 → https://t.me/+0ooyBXIvunM2ODAx → 加群成功
2022-06-03 19:14:49 → 79917733563 → https://t.me/+Ykhdirg6NcNkYjAx → 加群成功
2022-06-03 19:14:58 → 601112672414 → https://t.me/+X1XfCzCulJplNzJl → 加群成功
2022-06-03 19:15:06 → 639677121074 → https://t.me/+sEzjSrHVucliNGE1 → 加群失败：You have joined too many channels/supergroups (caused by ImportChatInviteRequest)
2022-06-03 19:15:13 → 79045541142 → https://t.me/+d704xN5CSodkN2Vh → 加群成功
2022-06-03 19:15:20 → 601124026034 → https://t.me/+IK9rvcCFpyA3YzI9 → 加群成功
2022-06-03 19:15:30 → 79528551283 → https://t.me/+hdw-z80muVFjNzFl → 加群成功
2022-06-03 19:15:40 → 918092132118 → https://t.me/+zAh3xoopIn4yYTU5 → 加群成功
2022-06-03 19:15:51 → 917061771362 → https://t.me/+dIyaD5HpDJY3Zjk9 → 加群成功
2022-06-03 19:16:00 → 6282133204171 → https://t.me/+LO5hAmiN4McyODU1 → 加群成功
2022-06-03 19:16:11 → 601124042925 → https://t.me/+kF5YAHBQ7b8yMDVl → 加群失败：https://t.me/+kF5YAHBQ7b8yMDVl 用户尝试加入的聊天已过期且不再有效（由 ImportChatInviteRequest 引起）
2022-06-03 19:16:23 → 79919431787 → https://t.me/+MSzURb05WsVlZWYx → 加群成功
2022-06-03 19:16:32 → 917838380415 → https://t.me/+-bcWU8v_IGBjNDBl → 加群失败：https://t.me/+-bcWU8v_IGBjNDBl 用户尝试加入的聊天已过期且不再有效（由 ImportChatInviteRequest 引起）
2022-06-03 19:16:42 → 6289635971327 → https://t.me/+Qda8QNJzsX4yNjVl → 加群成功
2022-06-03 19:16:51 → 918109281745 → https://t.me/+rgxcUm5Dp35mYWI1 → 加群成功
2022-06-03 19:17:03 → 6281283602694 → https://t.me/+lLRc1DnIS1JhYTc1 → 加群成功
2022-06-03 19:17:15 → 79916318026 → https://t.me/+G4deUBiLF0g3N2Ux → 加群成功
2022-06-03 19:17:24 → 919923144199 → https://t.me/+WbJrXuE28703Zjdl → 加群成功
2022-06-03 19:17:34 → 6281283602716 → https://t.me/+uc5k-JwziZU2MzVh → 加群成功
2022-06-03 19:17:49 → 601124026034 → https://t.me/+j8GV22yY5x5lM2Jh → 加群成功
2022-06-03 19:18:00 → 917838380415 → https://t.me/+_co7YJMXqzliMzhh → 加群成功
2022-06-03 19:18:12 → 79916318026 → https://t.me/+APKLYqmdSclhZjU1 → 加群成功
2022-06-03 19:18:19 → 601124042925 → https://t.me/+T-jYQLw4qHozZWU1 → 加群成功
2022-06-03 19:18:27 → 62895324567778 → https://t.me/+wXJtiQoohfc2NDJl → 加群成功
2022-06-03 19:18:39 → 918092132118 → https://t.me/+l1slk5dV5jE3ZjNl → 加群成功
2022-06-03 19:18:49 → 79528551283 → https://t.me/+8RnTf-FOZT9iYzRl → 加群成功
2022-06-03 19:19:00 → 79919431787 → https://t.me/+n9nQhpEXAC0yNGU9 → 加群成功
2022-06-03 19:19:11 → 79917733563 → https://t.me/+iBdNpf3vLzBkOTFl → 加群成功
2022-06-03 19:19:20 → 918109281745 → https://t.me/wangbo28 → 加群失败：https://t.me/wangbo28 用户尝试加入的聊天已过期且不再有效（由 ImportChatInviteRequest 引起）
2022-06-03 19:19:30 → 917061771362 → https://t.me/+BrmgdJH6PSZkNTNh → 加群成功
2022-06-03 19:19:43 → 79045541142 → https://t.me/+HjBnsQsrMc44ZmNl → 加群成功
2022-06-03 19:19:53 → 601112672414 → https://t.me/+So8ftQcz7V8xMTI5 → 加群成功
2022-06-03 19:20:01 → 6289635971327 → https://t.me/+Sh3VLTGHA9Q3YTdl → 加群成功
2022-06-03 19:20:13 → 6282133204171 → https://t.me/+iTHcPS00SzdhMTBh → 加群成功
2022-06-03 19:20:20 → 639677121074 → https://t.me/+wUPu96w7BvQ3NTU1 → 加群失败：You have joined too many channels/supergroups (caused by ImportChatInviteRequest)
2022-06-03 19:20:32 → 6281283602716 → https://t.me/+Xh2Sw8Abn_w0NzRl → 加群成功
2022-06-03 19:20:39 → 6281283070774 → https://t.me/+-FuT5gvc2BwyNzg5 → 加群失败：https://t.me/+-FuT5gvc2BwyNzg5 用户尝试加入的聊天已过期且不再有效（由 ImportChatInviteRequest 引起）
2022-06-03 19:20:49 → 919923144199 → https://t.me/+yB1tBXdqMKFkMGFl → 加群成功
2022-06-03 19:20:58 → 6281283602694 → https://t.me/+ULwwAMPXqG5iNTI1 → 加群成功
2022-06-03 19:21:17 → 639677121074 → https://t.me/+l_b3i7oqjn0zMWE1 → 加群失败：You have joined too many channels/supergroups (caused by ImportChatInviteRequest)
2022-06-03 19:21:29 → 79045541142 → https://t.me/+noFSLnh4gzRmMWM1 → 加群失败：The authenticated user is already a participant of the chat (caused by ImportChatInviteRequest)
2022-06-03 19:21:41 → 917061771362 → https://t.me/+calyHe56Wm82OTg1 → 加群成功
2022-06-03 19:21:49 → 918109281745 → https://t.me/+-J3EkxDRssplNmQx → 加群失败：https://t.me/+-J3EkxDRssplNmQx 用户尝试加入的聊天已过期且不再有效（由 ImportChatInviteRequest 引起）
2022-06-03 19:21:57 → 62895324567778 → https://t.me/+ZalvZqpTKQY5ZmVh → 加群失败：The authenticated user is already a participant of the chat (caused by ImportChatInviteRequest)
2022-06-03 19:22:10 → 6289635971327 → https://t.me/+foThDdueBzYyOTVh → 加群成功
2022-06-03 19:22:21 → 6281283070774 → https://t.me/+4iQgzALLkPowZGFl → 加群成功
2022-06-03 19:22:31 → 601124026034 → https://t.me/+K4hA5oTciaJhNTVl → 加群成功
2022-06-03 19:22:39 → 917838380415 → https://t.me/+CM8QfiFJeng1OWM1 → 加群成功
2022-06-03 19:22:46 → 79528551283 → https://t.me/+qG8NTgtN0akxM2Ex → 加群成功
2022-06-03 19:22:58 → 79919431787 → https://t.me/+xBZVwA_bkEY2N2Jl → 加群成功
2022-06-03 19:23:10 → 79916318026 → https://t.me/+XOH9ZDrzo3I1MzI1 → 加群成功
2022-06-03 19:23:18 → 601112672414 → https://t.me/+f312-GXF6bI2NDc1 → 加群成功
2022-06-03 19:23:26 → 919923144199 → https://t.me/+67pYhAT5wPcxMDRl → 加群失败：The authenticated user is already a participant of the chat (caused by ImportChatInviteRequest)
2022-06-03 19:23:36 → 918092132118 → https://t.me/+AeKQBS5VnYFhZjdh → 加群成功
2022-06-03 19:23:49 → 6282133204171 → https://t.me/+cgctxddaCwxhYWM1 → 加群成功
2022-06-03 19:24:02 → 6281283602694 → https://t.me/+SZP7LsqR8FI3ZjM1 → 加群成功
2022-06-03 19:24:12 → 6281283602716 → https://t.me/+aQJcp5R0T3pkZGNl → 加群失败：The authenticated user is already a participant of the chat (caused by ImportChatInviteRequest)
2022-06-03 19:24:19 → 601124042925 → https://t.me/joinchat/ITSPv5Bor2M5NjY1 → 加群成功
2022-06-03 19:24:29 → 79917733563 → https://t.me/+IgxjgT8EJP0wZGI1 → 加群成功
2022-06-03 19:24:46 → 639677121074 → https://t.me/+XAPOpgfM36YxYTk1 → 加群失败：You have joined too many channels/supergroups (caused by ImportChatInviteRequest)
2022-06-03 19:24:58 → 79045541142 → https://t.me/+owVJEPVLlZpiOGUx → 加群成功
2022-06-03 19:25:10 → 62895324567778 → https://t.me/+boGmQAE3JrBjNTNl → 加群成功
2022-06-03 19:25:20 → 6281283602716 → https://t.me/+GG2gvlA8M2s5Mjgx → 加群成功
2022-06-03 19:25:30 → 919923144199 → https://t.me/+pbakZSSRFjRhNGU1 → 加群失败：The authenticated user is already a participant of the chat (caused by ImportChatInviteRequest)
2022-06-03 19:25:42 → 6282133204171 → https://t.me/+Iu_rhvEZnCVjMmNl → 加群成功
2022-06-03 19:25:54 → 6281283602694 → https://t.me/+apcxV30gu7M2MjI1 → 加群成功
2022-06-03 19:26:06 → 79917733563 → https://t.me/+j41eJz9SWtE2YjUx → 加群成功