
2022-05-13 17:15:40aa056600 → 妈妈回家吗
2022-05-13 17:23:53baiwanbusuanfu → 看，即可，看见，即可，，
2022-05-13 17:26:40episarkine2050 → 看，即可，看见，即可，，
2022-05-13 17:31:59Ben_915 → 看，即可，看见，即可，，
2022-05-13 17:34:39hcbg_bot → 妈妈回家吗
2022-05-13 17:36:05baize1688 → 可好看就好看好看好看看
2022-05-13 17:36:22xiaoxiaoluoli → 可好看就好看好看好看看
2022-05-13 17:36:40bali1586 → 妈妈回家吗
2022-05-13 17:48:45bln888 → 看，即可，看见，即可，，
2022-05-13 17:49:17onb168 → 妈妈回家吗
2022-05-13 17:50:47bomao66 → 看，即可，看见，即可，，
2022-05-13 17:51:40baomi888 → 妈妈回家吗
2022-05-13 17:51:48cc6688689 → 可好看就好看好看好看看
2022-05-13 17:52:03yida1333 → 妈妈回家吗
2022-05-13 17:52:22voaKIu → 看，即可，看见，即可，，
2022-05-13 17:53:05cg6699 → 看，即可，看见，即可，，
2022-05-13 17:55:40cc649959 → 妈妈回家吗
2022-05-13 17:55:55converse1996 → 妈妈回家吗
2022-05-13 17:56:05converse1996 → 看，即可，看见，即可，，
2022-05-13 17:58:05chenfeng77 → 可好看就好看好看好看看
2022-05-13 17:59:14cdncloud69 → 看，即可，看见，即可，，
2022-05-13 18:01:18caribou1879 → 可好看就好看好看好看看
2022-05-13 18:01:33caibutou1688 → 看，即可，看见，即可，，
2022-05-13 18:01:42Chun980285 → 妈妈回家吗
2022-05-13 18:01:57ujknimdjrz → 妈妈回家吗
2022-05-13 18:02:04hmb888888 → 看，即可，看见，即可，，
2022-05-13 18:05:18Cain118 → 可好看就好看好看好看看
2022-05-13 18:06:15lzh2020 → 妈妈回家吗
2022-05-13 18:06:49bs91m0 → 妈妈回家吗
2022-05-13 18:07:04bs91m1 → 妈妈回家吗
2022-05-13 18:07:59lzh2020 → 可好看就好看好看好看看
2022-05-13 18:08:16bs91m1 → 看，即可，看见，即可，，
2022-05-13 18:08:33bs91m0 → 看，即可，看见，即可，，