

=====================================================

2022-05-20 08:59:33weixiao741 → 91M Boss】专业投放广告 
①精准采集客户进行私信轰炸 
②精准采集聊天群进行群发轰炸 
③可每天提供 拍视频、发日志文件提供检查工作
 ④同时像市场诚招10位（为控制市场份额，保证代理利益）电报群发软件代理，剩余名额3位 

联系官方专员：https://t.me/bs91m1 
联系官方频道：https://t.me/bs91mChannel 
电报群发软件代理/购买方案查看：https://t.me/bs91mChannel/72 
电报群发软件 session 广告号购买联系：https://t.me/bs91m1

=====================================================

2022-05-20 09:02:15Aero300 → 91M Boss】专业投放广告 
①精准采集客户进行私信轰炸 
②精准采集聊天群进行群发轰炸 
③可每天提供 拍视频、发日志文件提供检查工作
 ④同时像市场诚招10位（为控制市场份额，保证代理利益）电报群发软件代理，剩余名额3位 

联系官方专员：https://t.me/bs91m1 
联系官方频道：https://t.me/bs91mChannel 
电报群发软件代理/购买方案查看：https://t.me/bs91mChannel/72 
电报群发软件 session 广告号购买联系：https://t.me/bs91m1

=====================================================

2022-05-20 09:02:57shoukadun888 → 91M Boss】专业投放广告 
①精准采集客户进行私信轰炸 
②精准采集聊天群进行群发轰炸 
③可每天提供 拍视频、发日志文件提供检查工作
 ④同时像市场诚招10位（为控制市场份额，保证代理利益）电报群发软件代理，剩余名额3位 

联系官方专员：https://t.me/bs91m1 
联系官方频道：https://t.me/bs91mChannel 
电报群发软件代理/购买方案查看：https://t.me/bs91mChannel/72 
电报群发软件 session 广告号购买联系：https://t.me/bs91m1

=====================================================

2022-05-20 09:03:31shoukadun888 → 91M Boss】专业投放广告 
①精准采集客户进行私信轰炸 
②精准采集聊天群进行群发轰炸 
③可每天提供 拍视频、发日志文件提供检查工作
 ④同时像市场诚招10位（为控制市场份额，保证代理利益）电报群发软件代理，剩余名额3位 

联系官方专员：https://t.me/bs91m1 
联系官方频道：https://t.me/bs91mChannel 
电报群发软件代理/购买方案查看：https://t.me/bs91mChannel/72 
电报群发软件 session 广告号购买联系：https://t.me/bs91m1

=====================================================

2022-05-20 09:04:13haopai → 91M Boss】专业投放广告 
①精准采集客户进行私信轰炸 
②精准采集聊天群进行群发轰炸 
③可每天提供 拍视频、发日志文件提供检查工作
 ④同时像市场诚招10位（为控制市场份额，保证代理利益）电报群发软件代理，剩余名额3位 

联系官方专员：https://t.me/bs91m1 
联系官方频道：https://t.me/bs91mChannel 
电报群发软件代理/购买方案查看：https://t.me/bs91mChannel/72 
电报群发软件 session 广告号购买联系：https://t.me/bs91m1

=====================================================

2022-05-20 09:04:49haopai → 91M Boss】专业投放广告 
①精准采集客户进行私信轰炸 
②精准采集聊天群进行群发轰炸 
③可每天提供 拍视频、发日志文件提供检查工作
 ④同时像市场诚招10位（为控制市场份额，保证代理利益）电报群发软件代理，剩余名额3位 

联系官方专员：https://t.me/bs91m1 
联系官方频道：https://t.me/bs91mChannel 
电报群发软件代理/购买方案查看：https://t.me/bs91mChannel/72 
电报群发软件 session 广告号购买联系：https://t.me/bs91m1

=====================================================

2022-05-20 09:05:30linlinfaaa8 → 91M Boss】专业投放广告 
①精准采集客户进行私信轰炸 
②精准采集聊天群进行群发轰炸 
③可每天提供 拍视频、发日志文件提供检查工作
 ④同时像市场诚招10位（为控制市场份额，保证代理利益）电报群发软件代理，剩余名额3位 

联系官方专员：https://t.me/bs91m1 
联系官方频道：https://t.me/bs91mChannel 
电报群发软件代理/购买方案查看：https://t.me/bs91mChannel/72 
电报群发软件 session 广告号购买联系：https://t.me/bs91m1

=====================================================

2022-05-20 09:06:04linlinfaaa8 → 91M Boss】专业投放广告 
①精准采集客户进行私信轰炸 
②精准采集聊天群进行群发轰炸 
③可每天提供 拍视频、发日志文件提供检查工作
 ④同时像市场诚招10位（为控制市场份额，保证代理利益）电报群发软件代理，剩余名额3位 

联系官方专员：https://t.me/bs91m1 
联系官方频道：https://t.me/bs91mChannel 
电报群发软件代理/购买方案查看：https://t.me/bs91mChannel/72 
电报群发软件 session 广告号购买联系：https://t.me/bs91m1

=====================================================

2022-05-20 09:07:17qw8868 → 91M Boss】专业投放广告 
①精准采集客户进行私信轰炸 
②精准采集聊天群进行群发轰炸 
③可每天提供 拍视频、发日志文件提供检查工作
 ④同时像市场诚招10位（为控制市场份额，保证代理利益）电报群发软件代理，剩余名额3位 

联系官方专员：https://t.me/bs91m1 
联系官方频道：https://t.me/bs91mChannel 
电报群发软件代理/购买方案查看：https://t.me/bs91mChannel/72 
电报群发软件 session 广告号购买联系：https://t.me/bs91m1

=====================================================

2022-05-20 09:08:09huang658 → 91M Boss】专业投放广告 
①精准采集客户进行私信轰炸 
②精准采集聊天群进行群发轰炸 
③可每天提供 拍视频、发日志文件提供检查工作
 ④同时像市场诚招10位（为控制市场份额，保证代理利益）电报群发软件代理，剩余名额3位 

联系官方专员：https://t.me/bs91m1 
联系官方频道：https://t.me/bs91mChannel 
电报群发软件代理/购买方案查看：https://t.me/bs91mChannel/72 
电报群发软件 session 广告号购买联系：https://t.me/bs91m1

=====================================================

2022-05-20 09:09:40dlzsgf → 91M Boss】专业投放广告 
①精准采集客户进行私信轰炸 
②精准采集聊天群进行群发轰炸 
③可每天提供 拍视频、发日志文件提供检查工作
 ④同时像市场诚招10位（为控制市场份额，保证代理利益）电报群发软件代理，剩余名额3位 

联系官方专员：https://t.me/bs91m1 
联系官方频道：https://t.me/bs91mChannel 
电报群发软件代理/购买方案查看：https://t.me/bs91mChannel/72 
电报群发软件 session 广告号购买联系：https://t.me/bs91m1

=====================================================

2022-05-20 09:10:42dlzskf → 91M Boss】专业投放广告 
①精准采集客户进行私信轰炸 
②精准采集聊天群进行群发轰炸 
③可每天提供 拍视频、发日志文件提供检查工作
 ④同时像市场诚招10位（为控制市场份额，保证代理利益）电报群发软件代理，剩余名额3位 

联系官方专员：https://t.me/bs91m1 
联系官方频道：https://t.me/bs91mChannel 
电报群发软件代理/购买方案查看：https://t.me/bs91mChannel/72 
电报群发软件 session 广告号购买联系：https://t.me/bs91m1

=====================================================

2022-05-20 09:11:26zsgf8 → 91M Boss】专业投放广告 
①精准采集客户进行私信轰炸 
②精准采集聊天群进行群发轰炸 
③可每天提供 拍视频、发日志文件提供检查工作
 ④同时像市场诚招10位（为控制市场份额，保证代理利益）电报群发软件代理，剩余名额3位 

联系官方专员：https://t.me/bs91m1 
联系官方频道：https://t.me/bs91mChannel 
电报群发软件代理/购买方案查看：https://t.me/bs91mChannel/72 
电报群发软件 session 广告号购买联系：https://t.me/bs91m1

=====================================================

2022-05-20 09:12:08KzingSales1 → 91M Boss】专业投放广告 
①精准采集客户进行私信轰炸 
②精准采集聊天群进行群发轰炸 
③可每天提供 拍视频、发日志文件提供检查工作
 ④同时像市场诚招10位（为控制市场份额，保证代理利益）电报群发软件代理，剩余名额3位 

联系官方专员：https://t.me/bs91m1 
联系官方频道：https://t.me/bs91mChannel 
电报群发软件代理/购买方案查看：https://t.me/bs91mChannel/72 
电报群发软件 session 广告号购买联系：https://t.me/bs91m1

=====================================================

2022-05-20 09:12:51Kzingsales → 91M Boss】专业投放广告 
①精准采集客户进行私信轰炸 
②精准采集聊天群进行群发轰炸 
③可每天提供 拍视频、发日志文件提供检查工作
 ④同时像市场诚招10位（为控制市场份额，保证代理利益）电报群发软件代理，剩余名额3位 

联系官方专员：https://t.me/bs91m1 
联系官方频道：https://t.me/bs91mChannel 
电报群发软件代理/购买方案查看：https://t.me/bs91mChannel/72 
电报群发软件 session 广告号购买联系：https://t.me/bs91m1

=====================================================

2022-05-20 09:13:33Zz0544 → 91M Boss】专业投放广告 
①精准采集客户进行私信轰炸 
②精准采集聊天群进行群发轰炸 
③可每天提供 拍视频、发日志文件提供检查工作
 ④同时像市场诚招10位（为控制市场份额，保证代理利益）电报群发软件代理，剩余名额3位 

联系官方专员：https://t.me/bs91m1 
联系官方频道：https://t.me/bs91mChannel 
电报群发软件代理/购买方案查看：https://t.me/bs91mChannel/72 
电报群发软件 session 广告号购买联系：https://t.me/bs91m1

=====================================================

2022-05-20 09:14:15yuanding6666 → 91M Boss】专业投放广告 
①精准采集客户进行私信轰炸 
②精准采集聊天群进行群发轰炸 
③可每天提供 拍视频、发日志文件提供检查工作
 ④同时像市场诚招10位（为控制市场份额，保证代理利益）电报群发软件代理，剩余名额3位 

联系官方专员：https://t.me/bs91m1 
联系官方频道：https://t.me/bs91mChannel 
电报群发软件代理/购买方案查看：https://t.me/bs91mChannel/72 
电报群发软件 session 广告号购买联系：https://t.me/bs91m1

=====================================================

2022-05-20 09:14:59muomi8 → 91M Boss】专业投放广告 
①精准采集客户进行私信轰炸 
②精准采集聊天群进行群发轰炸 
③可每天提供 拍视频、发日志文件提供检查工作
 ④同时像市场诚招10位（为控制市场份额，保证代理利益）电报群发软件代理，剩余名额3位 

联系官方专员：https://t.me/bs91m1 
联系官方频道：https://t.me/bs91mChannel 
电报群发软件代理/购买方案查看：https://t.me/bs91mChannel/72 
电报群发软件 session 广告号购买联系：https://t.me/bs91m1

=====================================================

2022-05-20 09:15:41long6999 → 91M Boss】专业投放广告 
①精准采集客户进行私信轰炸 
②精准采集聊天群进行群发轰炸 
③可每天提供 拍视频、发日志文件提供检查工作
 ④同时像市场诚招10位（为控制市场份额，保证代理利益）电报群发软件代理，剩余名额3位 

联系官方专员：https://t.me/bs91m1 
联系官方频道：https://t.me/bs91mChannel 
电报群发软件代理/购买方案查看：https://t.me/bs91mChannel/72 
电报群发软件 session 广告号购买联系：https://t.me/bs91m1

=====================================================

2022-05-20 09:16:22qqwx88886666 → 91M Boss】专业投放广告 
①精准采集客户进行私信轰炸 
②精准采集聊天群进行群发轰炸 
③可每天提供 拍视频、发日志文件提供检查工作
 ④同时像市场诚招10位（为控制市场份额，保证代理利益）电报群发软件代理，剩余名额3位 

联系官方专员：https://t.me/bs91m1 
联系官方频道：https://t.me/bs91mChannel 
电报群发软件代理/购买方案查看：https://t.me/bs91mChannel/72 
电报群发软件 session 广告号购买联系：https://t.me/bs91m1

=====================================================

2022-05-20 09:17:04zaizaizaiy → 91M Boss】专业投放广告 
①精准采集客户进行私信轰炸 
②精准采集聊天群进行群发轰炸 
③可每天提供 拍视频、发日志文件提供检查工作
 ④同时像市场诚招10位（为控制市场份额，保证代理利益）电报群发软件代理，剩余名额3位 

联系官方专员：https://t.me/bs91m1 
联系官方频道：https://t.me/bs91mChannel 
电报群发软件代理/购买方案查看：https://t.me/bs91mChannel/72 
电报群发软件 session 广告号购买联系：https://t.me/bs91m1

=====================================================

2022-05-20 09:17:46karina11113 → 91M Boss】专业投放广告 
①精准采集客户进行私信轰炸 
②精准采集聊天群进行群发轰炸 
③可每天提供 拍视频、发日志文件提供检查工作
 ④同时像市场诚招10位（为控制市场份额，保证代理利益）电报群发软件代理，剩余名额3位 

联系官方专员：https://t.me/bs91m1 
联系官方频道：https://t.me/bs91mChannel 
电报群发软件代理/购买方案查看：https://t.me/bs91mChannel/72 
电报群发软件 session 广告号购买联系：https://t.me/bs91m1

=====================================================

2022-05-20 09:18:27leyu_TM → 91M Boss】专业投放广告 
①精准采集客户进行私信轰炸 
②精准采集聊天群进行群发轰炸 
③可每天提供 拍视频、发日志文件提供检查工作
 ④同时像市场诚招10位（为控制市场份额，保证代理利益）电报群发软件代理，剩余名额3位 

联系官方专员：https://t.me/bs91m1 
联系官方频道：https://t.me/bs91mChannel 
电报群发软件代理/购买方案查看：https://t.me/bs91mChannel/72 
电报群发软件 session 广告号购买联系：https://t.me/bs91m1

=====================================================

2022-05-20 09:19:08jinzuan88 → 91M Boss】专业投放广告 
①精准采集客户进行私信轰炸 
②精准采集聊天群进行群发轰炸 
③可每天提供 拍视频、发日志文件提供检查工作
 ④同时像市场诚招10位（为控制市场份额，保证代理利益）电报群发软件代理，剩余名额3位 

联系官方专员：https://t.me/bs91m1 
联系官方频道：https://t.me/bs91mChannel 
电报群发软件代理/购买方案查看：https://t.me/bs91mChannel/72 
电报群发软件 session 广告号购买联系：https://t.me/bs91m1

=====================================================

2022-05-20 09:19:50jdkj88288 → 91M Boss】专业投放广告 
①精准采集客户进行私信轰炸 
②精准采集聊天群进行群发轰炸 
③可每天提供 拍视频、发日志文件提供检查工作
 ④同时像市场诚招10位（为控制市场份额，保证代理利益）电报群发软件代理，剩余名额3位 

联系官方专员：https://t.me/bs91m1 
联系官方频道：https://t.me/bs91mChannel 
电报群发软件代理/购买方案查看：https://t.me/bs91mChannel/72 
电报群发软件 session 广告号购买联系：https://t.me/bs91m1