=====================================================

2022-06-08 05:31:15Act3432 → 🔥樂赢集团🇨🇦pc28网盘赔率群🔥
    ❤️❤️❤️ 《充值福利》❤️❤️❤️
1 每日首充送5%,本金加赠送5倍下分！
2 笔笔充值送1%,一倍流水即可提现！

❤️❤️❤️ 《时时反水》❤️❤️❤️
反水返2.6%  反水返2.6%  反水返2.6%

返水一:投注100+返0.6%
返水二:投注10万+返1.0%
返水三:投注50万+返1.5%
返水四:投注100万+返2.0%
返水五:投注500万+返2.6%

樂赢网盘客服ID： LYJTKF001
樂赢集团官网频道ID: LYJTGF


此广告由(91M Boss) 代发 (ID) ( bs91m0 )

=====================================================

2022-06-08 05:31:59Rehan401 → 🔥樂赢集团🇨🇦pc28网盘赔率群🔥
    ❤️❤️❤️ 《充值福利》❤️❤️❤️
1 每日首充送5%,本金加赠送5倍下分！
2 笔笔充值送1%,一倍流水即可提现！

❤️❤️❤️ 《时时反水》❤️❤️❤️
反水返2.6%  反水返2.6%  反水返2.6%

返水一:投注100+返0.6%
返水二:投注10万+返1.0%
返水三:投注50万+返1.5%
返水四:投注100万+返2.0%
返水五:投注500万+返2.6%

樂赢网盘客服ID： LYJTKF001
樂赢集团官网频道ID: LYJTGF


此广告由(91M Boss) 代发 (ID) ( bs91m0 )

=====================================================

2022-06-08 05:33:11sq625 → 🔥樂赢集团🇨🇦pc28网盘赔率群🔥
    ❤️❤️❤️ 《充值福利》❤️❤️❤️
1 每日首充送5%,本金加赠送5倍下分！
2 笔笔充值送1%,一倍流水即可提现！

❤️❤️❤️ 《时时反水》❤️❤️❤️
反水返2.6%  反水返2.6%  反水返2.6%

返水一:投注100+返0.6%
返水二:投注10万+返1.0%
返水三:投注50万+返1.5%
返水四:投注100万+返2.0%
返水五:投注500万+返2.6%

樂赢网盘客服ID： LYJTKF001
樂赢集团官网频道ID: LYJTGF


此广告由(91M Boss) 代发 (ID) ( bs91m0 )

=====================================================

2022-06-08 05:33:28alwingoh → 🔥樂赢集团🇨🇦pc28网盘赔率群🔥
    ❤️❤️❤️ 《充值福利》❤️❤️❤️
1 每日首充送5%,本金加赠送5倍下分！
2 笔笔充值送1%,一倍流水即可提现！

❤️❤️❤️ 《时时反水》❤️❤️❤️
反水返2.6%  反水返2.6%  反水返2.6%

返水一:投注100+返0.6%
返水二:投注10万+返1.0%
返水三:投注50万+返1.5%
返水四:投注100万+返2.0%
返水五:投注500万+返2.6%

樂赢网盘客服ID： LYJTKF001
樂赢集团官网频道ID: LYJTGF


此广告由(91M Boss) 代发 (ID) ( bs91m0 )

=====================================================

2022-06-08 05:33:45Alsreheen → 🔥樂赢集团🇨🇦pc28网盘赔率群🔥
    ❤️❤️❤️ 《充值福利》❤️❤️❤️
1 每日首充送5%,本金加赠送5倍下分！
2 笔笔充值送1%,一倍流水即可提现！

❤️❤️❤️ 《时时反水》❤️❤️❤️
反水返2.6%  反水返2.6%  反水返2.6%

返水一:投注100+返0.6%
返水二:投注10万+返1.0%
返水三:投注50万+返1.5%
返水四:投注100万+返2.0%
返水五:投注500万+返2.6%

樂赢网盘客服ID： LYJTKF001
樂赢集团官网频道ID: LYJTGF


此广告由(91M Boss) 代发 (ID) ( bs91m0 )

=====================================================

2022-06-08 05:33:55Dvid_777 → 🔥樂赢集团🇨🇦pc28网盘赔率群🔥
    ❤️❤️❤️ 《充值福利》❤️❤️❤️
1 每日首充送5%,本金加赠送5倍下分！
2 笔笔充值送1%,一倍流水即可提现！

❤️❤️❤️ 《时时反水》❤️❤️❤️
反水返2.6%  反水返2.6%  反水返2.6%

返水一:投注100+返0.6%
返水二:投注10万+返1.0%
返水三:投注50万+返1.5%
返水四:投注100万+返2.0%
返水五:投注500万+返2.6%

樂赢网盘客服ID： LYJTKF001
樂赢集团官网频道ID: LYJTGF


此广告由(91M Boss) 代发 (ID) ( bs91m0 )

=====================================================

2022-06-08 05:34:05myh331 → 🔥樂赢集团🇨🇦pc28网盘赔率群🔥
    ❤️❤️❤️ 《充值福利》❤️❤️❤️
1 每日首充送5%,本金加赠送5倍下分！
2 笔笔充值送1%,一倍流水即可提现！

❤️❤️❤️ 《时时反水》❤️❤️❤️
反水返2.6%  反水返2.6%  反水返2.6%

返水一:投注100+返0.6%
返水二:投注10万+返1.0%
返水三:投注50万+返1.5%
返水四:投注100万+返2.0%
返水五:投注500万+返2.6%

樂赢网盘客服ID： LYJTKF001
樂赢集团官网频道ID: LYJTGF


此广告由(91M Boss) 代发 (ID) ( bs91m0 )

=====================================================

2022-06-08 05:34:22kakokhabu → 🔥樂赢集团🇨🇦pc28网盘赔率群🔥
    ❤️❤️❤️ 《充值福利》❤️❤️❤️
1 每日首充送5%,本金加赠送5倍下分！
2 笔笔充值送1%,一倍流水即可提现！

❤️❤️❤️ 《时时反水》❤️❤️❤️
反水返2.6%  反水返2.6%  反水返2.6%

返水一:投注100+返0.6%
返水二:投注10万+返1.0%
返水三:投注50万+返1.5%
返水四:投注100万+返2.0%
返水五:投注500万+返2.6%

樂赢网盘客服ID： LYJTKF001
樂赢集团官网频道ID: LYJTGF


此广告由(91M Boss) 代发 (ID) ( bs91m0 )

=====================================================

2022-06-08 05:34:31ashvin333 → 🔥樂赢集团🇨🇦pc28网盘赔率群🔥
    ❤️❤️❤️ 《充值福利》❤️❤️❤️
1 每日首充送5%,本金加赠送5倍下分！
2 笔笔充值送1%,一倍流水即可提现！

❤️❤️❤️ 《时时反水》❤️❤️❤️
反水返2.6%  反水返2.6%  反水返2.6%

返水一:投注100+返0.6%
返水二:投注10万+返1.0%
返水三:投注50万+返1.5%
返水四:投注100万+返2.0%
返水五:投注500万+返2.6%

樂赢网盘客服ID： LYJTKF001
樂赢集团官网频道ID: LYJTGF


此广告由(91M Boss) 代发 (ID) ( bs91m0 )

=====================================================

2022-06-08 05:34:55chu_53139 → 🔥樂赢集团🇨🇦pc28网盘赔率群🔥
    ❤️❤️❤️ 《充值福利》❤️❤️❤️
1 每日首充送5%,本金加赠送5倍下分！
2 笔笔充值送1%,一倍流水即可提现！

❤️❤️❤️ 《时时反水》❤️❤️❤️
反水返2.6%  反水返2.6%  反水返2.6%

返水一:投注100+返0.6%
返水二:投注10万+返1.0%
返水三:投注50万+返1.5%
返水四:投注100万+返2.0%
返水五:投注500万+返2.6%

樂赢网盘客服ID： LYJTKF001
樂赢集团官网频道ID: LYJTGF


此广告由(91M Boss) 代发 (ID) ( bs91m0 )

=====================================================

2022-06-08 05:35:05Adaapa345 → 🔥樂赢集团🇨🇦pc28网盘赔率群🔥
    ❤️❤️❤️ 《充值福利》❤️❤️❤️
1 每日首充送5%,本金加赠送5倍下分！
2 笔笔充值送1%,一倍流水即可提现！

❤️❤️❤️ 《时时反水》❤️❤️❤️
反水返2.6%  反水返2.6%  反水返2.6%

返水一:投注100+返0.6%
返水二:投注10万+返1.0%
返水三:投注50万+返1.5%
返水四:投注100万+返2.0%
返水五:投注500万+返2.6%

樂赢网盘客服ID： LYJTKF001
樂赢集团官网频道ID: LYJTGF


此广告由(91M Boss) 代发 (ID) ( bs91m0 )

=====================================================

2022-06-08 05:35:15a1599268 → 🔥樂赢集团🇨🇦pc28网盘赔率群🔥
    ❤️❤️❤️ 《充值福利》❤️❤️❤️
1 每日首充送5%,本金加赠送5倍下分！
2 笔笔充值送1%,一倍流水即可提现！

❤️❤️❤️ 《时时反水》❤️❤️❤️
反水返2.6%  反水返2.6%  反水返2.6%

返水一:投注100+返0.6%
返水二:投注10万+返1.0%
返水三:投注50万+返1.5%
返水四:投注100万+返2.0%
返水五:投注500万+返2.6%

樂赢网盘客服ID： LYJTKF001
樂赢集团官网频道ID: LYJTGF


此广告由(91M Boss) 代发 (ID) ( bs91m0 )

=====================================================

2022-06-08 05:39:09hasan8941 → 🔥樂赢集团🇨🇦pc28网盘赔率群🔥
    ❤️❤️❤️ 《充值福利》❤️❤️❤️
1 每日首充送5%,本金加赠送5倍下分！
2 笔笔充值送1%,一倍流水即可提现！

❤️❤️❤️ 《时时反水》❤️❤️❤️
反水返2.6%  反水返2.6%  反水返2.6%

返水一:投注100+返0.6%
返水二:投注10万+返1.0%
返水三:投注50万+返1.5%
返水四:投注100万+返2.0%
返水五:投注500万+返2.6%

樂赢网盘客服ID： LYJTKF001
樂赢集团官网频道ID: LYJTGF


此广告由(91M Boss) 代发 (ID) ( bs91m0 )

=====================================================

2022-06-08 05:39:19AAA13499 → 🔥樂赢集团🇨🇦pc28网盘赔率群🔥
    ❤️❤️❤️ 《充值福利》❤️❤️❤️
1 每日首充送5%,本金加赠送5倍下分！
2 笔笔充值送1%,一倍流水即可提现！

❤️❤️❤️ 《时时反水》❤️❤️❤️
反水返2.6%  反水返2.6%  反水返2.6%

返水一:投注100+返0.6%
返水二:投注10万+返1.0%
返水三:投注50万+返1.5%
返水四:投注100万+返2.0%
返水五:投注500万+返2.6%

樂赢网盘客服ID： LYJTKF001
樂赢集团官网频道ID: LYJTGF




=====================================================

2022-06-08 05:56:10ama9da → 🔥樂赢集团🇨🇦pc28网盘赔率群🔥
    ❤️❤️❤️ 《充值福利》❤️❤️❤️
1 每日首充送5%,本金加赠送5倍下分！
2 笔笔充值送1%,一倍流水即可提现！

❤️❤️❤️ 《时时反水》❤️❤️❤️
反水返2.6%  反水返2.6%  反水返2.6%

返水一:投注100+返0.6%
返水二:投注10万+返1.0%
返水三:投注50万+返1.5%
返水四:投注100万+返2.0%
返水五:投注500万+返2.6%

樂赢网盘客服ID： LYJTKF001
樂赢集团官网频道ID: LYJTGF


此广告由(91M Boss) 代发 (ID) ( bs91m0 )

=====================================================

2022-06-08 05:56:20ananksndn → 🔥樂赢集团🇨🇦pc28网盘赔率群🔥
    ❤️❤️❤️ 《充值福利》❤️❤️❤️
1 每日首充送5%,本金加赠送5倍下分！
2 笔笔充值送1%,一倍流水即可提现！

❤️❤️❤️ 《时时反水》❤️❤️❤️
反水返2.6%  反水返2.6%  反水返2.6%

返水一:投注100+返0.6%
返水二:投注10万+返1.0%
返水三:投注50万+返1.5%
返水四:投注100万+返2.0%
返水五:投注500万+返2.6%

樂赢网盘客服ID： LYJTKF001
樂赢集团官网频道ID: LYJTGF


此广告由(91M Boss) 代发 (ID) ( bs91m0 )

=====================================================

2022-06-08 05:56:37ATieg → 🔥樂赢集团🇨🇦pc28网盘赔率群🔥
    ❤️❤️❤️ 《充值福利》❤️❤️❤️
1 每日首充送5%,本金加赠送5倍下分！
2 笔笔充值送1%,一倍流水即可提现！

❤️❤️❤️ 《时时反水》❤️❤️❤️
反水返2.6%  反水返2.6%  反水返2.6%

返水一:投注100+返0.6%
返水二:投注10万+返1.0%
返水三:投注50万+返1.5%
返水四:投注100万+返2.0%
返水五:投注500万+返2.6%

樂赢网盘客服ID： LYJTKF001
樂赢集团官网频道ID: LYJTGF


此广告由(91M Boss) 代发 (ID) ( bs91m0 )

=====================================================

2022-06-08 05:56:48ai193934 → 🔥樂赢集团🇨🇦pc28网盘赔率群🔥
    ❤️❤️❤️ 《充值福利》❤️❤️❤️
1 每日首充送5%,本金加赠送5倍下分！
2 笔笔充值送1%,一倍流水即可提现！

❤️❤️❤️ 《时时反水》❤️❤️❤️
反水返2.6%  反水返2.6%  反水返2.6%

返水一:投注100+返0.6%
返水二:投注10万+返1.0%
返水三:投注50万+返1.5%
返水四:投注100万+返2.0%
返水五:投注500万+返2.6%

樂赢网盘客服ID： LYJTKF001
樂赢集团官网频道ID: LYJTGF


此广告由(91M Boss) 代发 (ID) ( bs91m0 )

=====================================================

2022-06-08 05:56:58AN_DE3 → 🔥樂赢集团🇨🇦pc28网盘赔率群🔥
    ❤️❤️❤️ 《充值福利》❤️❤️❤️
1 每日首充送5%,本金加赠送5倍下分！
2 笔笔充值送1%,一倍流水即可提现！

❤️❤️❤️ 《时时反水》❤️❤️❤️
反水返2.6%  反水返2.6%  反水返2.6%

返水一:投注100+返0.6%
返水二:投注10万+返1.0%
返水三:投注50万+返1.5%
返水四:投注100万+返2.0%
返水五:投注500万+返2.6%

樂赢网盘客服ID： LYJTKF001
樂赢集团官网频道ID: LYJTGF


此广告由(91M Boss) 代发 (ID) ( bs91m0 )

=====================================================

2022-06-08 05:57:35zeuss1110 → 🔥樂赢集团🇨🇦pc28网盘赔率群🔥
    ❤️❤️❤️ 《充值福利》❤️❤️❤️
1 每日首充送5%,本金加赠送5倍下分！
2 笔笔充值送1%,一倍流水即可提现！

❤️❤️❤️ 《时时反水》❤️❤️❤️
反水返2.6%  反水返2.6%  反水返2.6%

返水一:投注100+返0.6%
返水二:投注10万+返1.0%
返水三:投注50万+返1.5%
返水四:投注100万+返2.0%
返水五:投注500万+返2.6%

樂赢网盘客服ID： LYJTKF001
樂赢集团官网频道ID: LYJTGF


此广告由(91M Boss) 代发 (ID) ( bs91m0 )

=====================================================

2022-06-08 05:57:45xcan2021 → 🔥樂赢集团🇨🇦pc28网盘赔率群🔥
    ❤️❤️❤️ 《充值福利》❤️❤️❤️
1 每日首充送5%,本金加赠送5倍下分！
2 笔笔充值送1%,一倍流水即可提现！

❤️❤️❤️ 《时时反水》❤️❤️❤️
反水返2.6%  反水返2.6%  反水返2.6%

返水一:投注100+返0.6%
返水二:投注10万+返1.0%
返水三:投注50万+返1.5%
返水四:投注100万+返2.0%
返水五:投注500万+返2.6%

樂赢网盘客服ID： LYJTKF001
樂赢集团官网频道ID: LYJTGF


此广告由(91M Boss) 代发 (ID) ( bs91m0 )

=====================================================

2022-06-08 05:57:55Andersonx → 🔥樂赢集团🇨🇦pc28网盘赔率群🔥
    ❤️❤️❤️ 《充值福利》❤️❤️❤️
1 每日首充送5%,本金加赠送5倍下分！
2 笔笔充值送1%,一倍流水即可提现！

❤️❤️❤️ 《时时反水》❤️❤️❤️
反水返2.6%  反水返2.6%  反水返2.6%

返水一:投注100+返0.6%
返水二:投注10万+返1.0%
返水三:投注50万+返1.5%
返水四:投注100万+返2.0%
返水五:投注500万+返2.6%

樂赢网盘客服ID： LYJTKF001
樂赢集团官网频道ID: LYJTGF


此广告由(91M Boss) 代发 (ID) ( bs91m0 )

=====================================================

2022-06-08 05:58:05yssl_ABCD → 🔥樂赢集团🇨🇦pc28网盘赔率群🔥
    ❤️❤️❤️ 《充值福利》❤️❤️❤️
1 每日首充送5%,本金加赠送5倍下分！
2 笔笔充值送1%,一倍流水即可提现！

❤️❤️❤️ 《时时反水》❤️❤️❤️
反水返2.6%  反水返2.6%  反水返2.6%

返水一:投注100+返0.6%
返水二:投注10万+返1.0%
返水三:投注50万+返1.5%
返水四:投注100万+返2.0%
返水五:投注500万+返2.6%

樂赢网盘客服ID： LYJTKF001
樂赢集团官网频道ID: LYJTGF


此广告由(91M Boss) 代发 (ID) ( bs91m0 )

=====================================================

2022-06-08 05:59:22accaces → 🔥樂赢集团🇨🇦pc28网盘赔率群🔥
    ❤️❤️❤️ 《充值福利》❤️❤️❤️
1 每日首充送5%,本金加赠送5倍下分！
2 笔笔充值送1%,一倍流水即可提现！

❤️❤️❤️ 《时时反水》❤️❤️❤️
反水返2.6%  反水返2.6%  反水返2.6%

返水一:投注100+返0.6%
返水二:投注10万+返1.0%
返水三:投注50万+返1.5%
返水四:投注100万+返2.0%
返水五:投注500万+返2.6%

樂赢网盘客服ID： LYJTKF001
樂赢集团官网频道ID: LYJTGF


此广告由(91M Boss) 代发 (ID) ( bs91m0 )

=====================================================

2022-06-08 05:59:33A8_reborn → 🔥樂赢集团🇨🇦pc28网盘赔率群🔥
    ❤️❤️❤️ 《充值福利》❤️❤️❤️
1 每日首充送5%,本金加赠送5倍下分！
2 笔笔充值送1%,一倍流水即可提现！

❤️❤️❤️ 《时时反水》❤️❤️❤️
反水返2.6%  反水返2.6%  反水返2.6%

返水一:投注100+返0.6%
返水二:投注10万+返1.0%
返水三:投注50万+返1.5%
返水四:投注100万+返2.0%
返水五:投注500万+返2.6%

樂赢网盘客服ID： LYJTKF001
樂赢集团官网频道ID: LYJTGF


此广告由(91M Boss) 代发 (ID) ( bs91m0 )

=====================================================

2022-06-08 05:59:42Aa989858 → 🔥樂赢集团🇨🇦pc28网盘赔率群🔥
    ❤️❤️❤️ 《充值福利》❤️❤️❤️
1 每日首充送5%,本金加赠送5倍下分！
2 笔笔充值送1%,一倍流水即可提现！

❤️❤️❤️ 《时时反水》❤️❤️❤️
反水返2.6%  反水返2.6%  反水返2.6%

返水一:投注100+返0.6%
返水二:投注10万+返1.0%
返水三:投注50万+返1.5%
返水四:投注100万+返2.0%
返水五:投注500万+返2.6%

樂赢网盘客服ID： LYJTKF001
樂赢集团官网频道ID: LYJTGF


此广告由(91M Boss) 代发 (ID) ( bs91m0 )

=====================================================

2022-06-08 05:59:52adv666 → 🔥樂赢集团🇨🇦pc28网盘赔率群🔥
    ❤️❤️❤️ 《充值福利》❤️❤️❤️
1 每日首充送5%,本金加赠送5倍下分！
2 笔笔充值送1%,一倍流水即可提现！

❤️❤️❤️ 《时时反水》❤️❤️❤️
反水返2.6%  反水返2.6%  反水返2.6%

返水一:投注100+返0.6%
返水二:投注10万+返1.0%
返水三:投注50万+返1.5%
返水四:投注100万+返2.0%
返水五:投注500万+返2.6%

樂赢网盘客服ID： LYJTKF001
樂赢集团官网频道ID: LYJTGF


此广告由(91M Boss) 代发 (ID) ( bs91m0 )

=====================================================

2022-06-08 06:00:02only1010e → 🔥樂赢集团🇨🇦pc28网盘赔率群🔥
    ❤️❤️❤️ 《充值福利》❤️❤️❤️
1 每日首充送5%,本金加赠送5倍下分！
2 笔笔充值送1%,一倍流水即可提现！

❤️❤️❤️ 《时时反水》❤️❤️❤️
反水返2.6%  反水返2.6%  反水返2.6%

返水一:投注100+返0.6%
返水二:投注10万+返1.0%
返水三:投注50万+返1.5%
返水四:投注100万+返2.0%
返水五:投注500万+返2.6%

樂赢网盘客服ID： LYJTKF001
樂赢集团官网频道ID: LYJTGF


此广告由(91M Boss) 代发 (ID) ( bs91m0 )

=====================================================

2022-06-08 06:34:24ave991919 → 樂赢集团博彩游戏电报在线投注群
拥有强大的背景，雄厚的财力支撑、给您一个公平 公正 公开 保障的娱乐下注群
精彩尽在 LYJTGF

此广告由(91M Boss) 代发 (ID) ( bs91m0 )

=====================================================

2022-06-08 06:34:40kxyuuuut → 樂赢集团博彩游戏电报在线投注群
拥有强大的背景，雄厚的财力支撑、给您一个公平 公正 公开 保障的娱乐下注群
精彩尽在 LYJTGF

此广告由(91M Boss) 代发 (ID) ( bs91m0 )

=====================================================

2022-06-08 06:34:51Au0_0388 → 樂赢集团博彩游戏电报在线投注群
拥有强大的背景，雄厚的财力支撑、给您一个公平 公正 公开 保障的娱乐下注群
精彩尽在 LYJTGF

此广告由(91M Boss) 代发 (ID) ( bs91m0 )

=====================================================

2022-06-08 06:35:01aluo8899 → 樂赢集团博彩游戏电报在线投注群
拥有强大的背景，雄厚的财力支撑、给您一个公平 公正 公开 保障的娱乐下注群
精彩尽在 LYJTGF

此广告由(91M Boss) 代发 (ID) ( bs91m0 )

=====================================================

2022-06-08 06:35:11ahlqqk → 樂赢集团博彩游戏电报在线投注群
拥有强大的背景，雄厚的财力支撑、给您一个公平 公正 公开 保障的娱乐下注群
精彩尽在 LYJTGF

此广告由(91M Boss) 代发 (ID) ( bs91m0 )

=====================================================

2022-06-08 06:35:21Madtical → 樂赢集团博彩游戏电报在线投注群
拥有强大的背景，雄厚的财力支撑、给您一个公平 公正 公开 保障的娱乐下注群
精彩尽在 LYJTGF

此广告由(91M Boss) 代发 (ID) ( bs91m0 )

=====================================================

2022-06-08 06:35:31tie_54845 → 樂赢集团博彩游戏电报在线投注群
拥有强大的背景，雄厚的财力支撑、给您一个公平 公正 公开 保障的娱乐下注群
精彩尽在 LYJTGF

此广告由(91M Boss) 代发 (ID) ( bs91m0 )

=====================================================

2022-06-08 06:35:41abcdkkp → 樂赢集团博彩游戏电报在线投注群
拥有强大的背景，雄厚的财力支撑、给您一个公平 公正 公开 保障的娱乐下注群
精彩尽在 LYJTGF

此广告由(91M Boss) 代发 (ID) ( bs91m0 )

=====================================================

2022-06-08 06:36:05APG963 → 樂赢集团博彩游戏电报在线投注群
拥有强大的背景，雄厚的财力支撑、给您一个公平 公正 公开 保障的娱乐下注群
精彩尽在 LYJTGF

此广告由(91M Boss) 代发 (ID) ( bs91m0 )

=====================================================

2022-06-08 06:36:15Aaronzoo → 樂赢集团博彩游戏电报在线投注群
拥有强大的背景，雄厚的财力支撑、给您一个公平 公正 公开 保障的娱乐下注群
精彩尽在 LYJTGF

此广告由(91M Boss) 代发 (ID) ( bs91m0 )

=====================================================

2022-06-08 06:36:25CrazyAngs → 樂赢集团博彩游戏电报在线投注群
拥有强大的背景，雄厚的财力支撑、给您一个公平 公正 公开 保障的娱乐下注群
精彩尽在 LYJTGF

此广告由(91M Boss) 代发 (ID) ( bs91m0 )

=====================================================

2022-06-08 06:37:57aMoltke → 樂赢集团博彩游戏电报在线投注群
拥有强大的背景，雄厚的财力支撑、给您一个公平 公正 公开 保障的娱乐下注群
精彩尽在 LYJTGF

此广告由(91M Boss) 代发 (ID) ( bs91m0 )

=====================================================

2022-06-08 06:38:06ahaotoken → 樂赢集团博彩游戏电报在线投注群
拥有强大的背景，雄厚的财力支撑、给您一个公平 公正 公开 保障的娱乐下注群
精彩尽在 LYJTGF

此广告由(91M Boss) 代发 (ID) ( bs91m0 )

=====================================================

2022-06-08 06:38:16j9token88 → 樂赢集团博彩游戏电报在线投注群
拥有强大的背景，雄厚的财力支撑、给您一个公平 公正 公开 保障的娱乐下注群
精彩尽在 LYJTGF

此广告由(91M Boss) 代发 (ID) ( bs91m0 )

=====================================================

2022-06-08 06:38:26abaaba002 → 樂赢集团博彩游戏电报在线投注群
拥有强大的背景，雄厚的财力支撑、给您一个公平 公正 公开 保障的娱乐下注群
精彩尽在 LYJTGF

此广告由(91M Boss) 代发 (ID) ( bs91m0 )

=====================================================

2022-06-08 06:39:11Allyel → 樂赢集团博彩游戏电报在线投注群
拥有强大的背景，雄厚的财力支撑、给您一个公平 公正 公开 保障的娱乐下注群
精彩尽在 LYJTGF

此广告由(91M Boss) 代发 (ID) ( bs91m0 )

=====================================================

2022-06-08 06:39:21AVC278 → 樂赢集团博彩游戏电报在线投注群
拥有强大的背景，雄厚的财力支撑、给您一个公平 公正 公开 保障的娱乐下注群
精彩尽在 LYJTGF

此广告由(91M Boss) 代发 (ID) ( bs91m0 )

=====================================================

2022-06-08 06:39:31Gouge222 → 樂赢集团博彩游戏电报在线投注群
拥有强大的背景，雄厚的财力支撑、给您一个公平 公正 公开 保障的娱乐下注群
精彩尽在 LYJTGF

此广告由(91M Boss) 代发 (ID) ( bs91m0 )

=====================================================

2022-06-08 06:39:41Geezero → 樂赢集团博彩游戏电报在线投注群
拥有强大的背景，雄厚的财力支撑、给您一个公平 公正 公开 保障的娱乐下注群
精彩尽在 LYJTGF

此广告由(91M Boss) 代发 (ID) ( bs91m0 )

=====================================================

2022-06-08 06:39:50rex1133 → 樂赢集团博彩游戏电报在线投注群
拥有强大的背景，雄厚的财力支撑、给您一个公平 公正 公开 保障的娱乐下注群
精彩尽在 LYJTGF

此广告由(91M Boss) 代发 (ID) ( bs91m0 )

=====================================================

2022-06-08 06:40:00bellbaye → 樂赢集团博彩游戏电报在线投注群
拥有强大的背景，雄厚的财力支撑、给您一个公平 公正 公开 保障的娱乐下注群
精彩尽在 LYJTGF

此广告由(91M Boss) 代发 (ID) ( bs91m0 )

=====================================================

2022-06-08 06:40:10bobo7474 → 樂赢集团博彩游戏电报在线投注群
拥有强大的背景，雄厚的财力支撑、给您一个公平 公正 公开 保障的娱乐下注群
精彩尽在 LYJTGF

此广告由(91M Boss) 代发 (ID) ( bs91m0 )

=====================================================

2022-06-08 06:40:27bvghjjg → 樂赢集团博彩游戏电报在线投注群
拥有强大的背景，雄厚的财力支撑、给您一个公平 公正 公开 保障的娱乐下注群
精彩尽在 LYJTGF

此广告由(91M Boss) 代发 (ID) ( bs91m0 )

=====================================================

2022-06-08 06:40:37crypton09 → 樂赢集团博彩游戏电报在线投注群
拥有强大的背景，雄厚的财力支撑、给您一个公平 公正 公开 保障的娱乐下注群
精彩尽在 LYJTGF

此广告由(91M Boss) 代发 (ID) ( bs91m0 )

=====================================================

2022-06-08 18:27:27picoin888 → 🌒🌍🌒
🌟樂赢集团拿大PC28[网盘]火热爆庄中

🌟全网最高统一返水2.6%

🌟无13/14限制 

🔥快来和我一起打爆狗庄

点击进入博彩频道：@LYJTGF
============
此广告由 (91M Boss) 指定用户代发，客户经理ID  bs91m5

=====================================================

2022-06-08 18:27:47manage668 → 🌒🌍🌒
🌟樂赢集团拿大PC28[网盘]火热爆庄中

🌟全网最高统一返水2.6%

🌟无13/14限制 

🔥快来和我一起打爆狗庄

点击进入博彩频道：@LYJTGF
============
此广告由 (91M Boss) 指定用户代发，客户经理ID  bs91m5

=====================================================

2022-06-08 18:28:06sq625 → 🌒🌍🌒
🌟樂赢集团拿大PC28[网盘]火热爆庄中

🌟全网最高统一返水2.6%

🌟无13/14限制 

🔥快来和我一起打爆狗庄

点击进入博彩频道：@LYJTGF
============
此广告由 (91M Boss) 指定用户代发，客户经理ID  bs91m5

=====================================================

2022-06-08 18:28:41alwingoh → 🌒🌍🌒
🌟樂赢集团拿大PC28[网盘]火热爆庄中

🌟全网最高统一返水2.6%

🌟无13/14限制 

🔥快来和我一起打爆狗庄

点击进入博彩频道：@LYJTGF
============
此广告由 (91M Boss) 指定用户代发，客户经理ID  bs91m5

=====================================================

2022-06-08 18:29:16Alsreheen → 🌟樂赢集团拿大PC28[网盘]火热爆庄中

🌟全网最高统一返水2.6%

🌟无13/14限制 

🔥快来和我一起打爆狗庄

点击进入博彩频道：@LYJTGF

========================
此广告由 (91M Boss) 指定用户代发，客户经理ID  bs91m5

=====================================================

2022-06-08 18:29:35Dvid_777 → 🌟樂赢集团拿大PC28[网盘]火热爆庄中

🌟全网最高统一返水2.6%

🌟无13/14限制 

🔥快来和我一起打爆狗庄

点击进入博彩频道：@LYJTGF

========================
此广告由 (91M Boss) 指定用户代发，客户经理ID  bs91m5

=====================================================

2022-06-08 18:29:55myh331 → 🌟樂赢集团拿大PC28[网盘]火热爆庄中

🌟全网最高统一返水2.6%

🌟无13/14限制 

🔥快来和我一起打爆狗庄

点击进入博彩频道：@LYJTGF

========================
此广告由 (91M Boss) 指定用户代发，客户经理ID  bs91m5

=====================================================

2022-06-08 18:30:13Naeem0025 → 🌟樂赢集团拿大PC28[网盘]火热爆庄中

🌟全网最高统一返水2.6%

🌟无13/14限制 

🔥快来和我一起打爆狗庄

点击进入博彩频道：@LYJTGF

========================
此广告由 (91M Boss) 指定用户代发，客户经理ID  bs91m5

=====================================================

2022-06-08 18:30:38kakokhabu → 🌟樂赢集团拿大PC28[网盘]火热爆庄中

🌟全网最高统一返水2.6%

🌟无13/14限制 

🔥快来和我一起打爆狗庄

点击进入博彩频道：@LYJTGF

========================
此广告由 (91M Boss) 指定用户代发，客户经理ID  bs91m5

=====================================================

2022-06-08 18:30:57ashvin333 → 🌟樂赢集团拿大PC28[网盘]火热爆庄中

🌟全网最高统一返水2.6%

🌟无13/14限制 

🔥快来和我一起打爆狗庄

点击进入博彩频道：@LYJTGF

========================
此广告由 (91M Boss) 指定用户代发，客户经理ID  bs91m5

=====================================================

2022-06-08 18:31:48chu_53139 → 🌟樂赢集团拿大PC28[网盘]火热爆庄中

🌟全网最高统一返水2.6%

🌟无13/14限制 

🔥快来和我一起打爆狗庄

点击进入博彩频道：@LYJTGF

========================
此广告由 (91M Boss) 指定用户代发，客户经理ID  bs91m5

=====================================================

2022-06-08 18:32:07Adaapa345 → 🌟樂赢集团拿大PC28[网盘]火热爆庄中

🌟全网最高统一返水2.6%

🌟无13/14限制 

🔥快来和我一起打爆狗庄

点击进入博彩频道：@LYJTGF

========================
此广告由 (91M Boss) 指定用户代发，客户经理ID  bs91m5

=====================================================

2022-06-08 18:32:26a1599268 → 🌟樂赢集团拿大PC28[网盘]火热爆庄中

🌟全网最高统一返水2.6%

🌟无13/14限制 

🔥快来和我一起打爆狗庄

点击进入博彩频道：@LYJTGF

========================
此广告由 (91M Boss) 指定用户代发，客户经理ID  bs91m5

=====================================================

2022-06-08 18:32:45amu890890 → 🌟樂赢集团拿大PC28[网盘]火热爆庄中

🌟全网最高统一返水2.6%

🌟无13/14限制 

🔥快来和我一起打爆狗庄

点击进入博彩频道：@LYJTGF

========================
此广告由 (91M Boss) 指定用户代发，客户经理ID  bs91m5

=====================================================

2022-06-08 18:33:10Anna53o → 🌟樂赢集团拿大PC28[网盘]火热爆庄中

🌟全网最高统一返水2.6%

🌟无13/14限制 

🔥快来和我一起打爆狗庄

点击进入博彩频道：@LYJTGF

========================
此广告由 (91M Boss) 指定用户代发，客户经理ID  bs91m5

=====================================================

2022-06-08 18:33:29amoluo888 → 🌟樂赢集团拿大PC28[网盘]火热爆庄中

🌟全网最高统一返水2.6%

🌟无13/14限制 

🔥快来和我一起打爆狗庄

点击进入博彩频道：@LYJTGF

========================
此广告由 (91M Boss) 指定用户代发，客户经理ID  bs91m5

=====================================================

2022-06-08 18:34:05eyamin11 → 🌟樂赢集团拿大PC28[网盘]火热爆庄中

🌟全网最高统一返水2.6%

🌟无13/14限制 

🔥快来和我一起打爆狗庄

点击进入博彩频道：@LYJTGF

========================
此广告由 (91M Boss) 指定用户代发，客户经理ID  bs91m5

=====================================================

2022-06-08 18:34:24Saxo100 → 🌟樂赢集团拿大PC28[网盘]火热爆庄中

🌟全网最高统一返水2.6%

🌟无13/14限制 

🔥快来和我一起打爆狗庄

点击进入博彩频道：@LYJTGF

========================
此广告由 (91M Boss) 指定用户代发，客户经理ID  bs91m5

=====================================================

2022-06-08 18:35:39Razu4287 → 🌟樂赢集团拿大PC28[网盘]火热爆庄中

🌟全网最高统一返水2.6%

🌟无13/14限制 

🔥快来和我一起打爆狗庄

点击进入博彩频道：@LYJTGF

========================
此广告由 (91M Boss) 指定用户代发，客户经理ID  bs91m5

=====================================================

2022-06-08 18:35:59asd_7083 → 🌟樂赢集团拿大PC28[网盘]火热爆庄中

🌟全网最高统一返水2.6%

🌟无13/14限制 

🔥快来和我一起打爆狗庄

点击进入博彩频道：@LYJTGF

========================
此广告由 (91M Boss) 指定用户代发，客户经理ID  bs91m5