

=====================================================

2022-05-30 07:36:44hthali → 专业代发广告，✈️：bs91m1

=====================================================

2022-05-30 07:37:04zhan159753 → 精准代发广告，✈️：bs91m1

=====================================================

2022-05-30 07:37:14pfdr666888 → 专业代发广告，✈️：bs91m1

=====================================================

2022-05-30 07:37:28Z8hxkfm → 专业代发广告，✈️：bs91m1

=====================================================

2022-05-30 07:38:00xiaozhu66881 → ┃TG群发助手┃诚招代理┃ 联系✈️：bs91m1

=====================================================

2022-05-30 07:38:37jinmatou8 → ┃TG群发助手┃诚招代理┃ 联系✈️：bs91m1

=====================================================

2022-05-30 07:39:09DFF88888 → 专业代发广告，✈️：bs91m1

=====================================================

2022-05-30 07:39:46weixin088 → 精准代发广告，✈️：bs91m1

=====================================================

2022-05-30 07:40:18qingge888 → 专业代发广告，✈️：bs91m1

=====================================================

2022-05-30 07:40:55NM_8888 → 专业代发广告，✈️：bs91m1

=====================================================

2022-05-30 07:41:28yjkj888 → 精准代发广告，✈️：bs91m1

=====================================================

2022-05-30 07:42:05yongxiongziben → 专业代发广告，✈️：bs91m1

=====================================================

2022-05-30 07:43:14xiaomiqqwx → 专业代发广告，✈️：bs91m1

=====================================================

2022-05-30 07:44:22yhk36 → 专业代发广告，✈️：bs91m1

=====================================================

2022-05-30 07:45:30YBailun → ┃TG群发助手┃诚招代理┃ 联系✈️：bs91m1

=====================================================

2022-05-30 07:46:02BGhash_1 → 专业代发广告，✈️：bs91m1

=====================================================

2022-05-30 07:46:38AOA668 → 专业代发广告，✈️：bs91m1

=====================================================

2022-05-30 07:47:10Qiaoer1989 → 专业代发广告，✈️：bs91m1

=====================================================

2022-05-30 07:47:47timi1869 → 专业代发广告，✈️：bs91m1

=====================================================

2022-05-30 07:48:19szw66 → ┃TG群发助手┃诚招代理┃ 联系✈️：bs91m1

=====================================================

2022-05-30 07:48:57angeltian → 专业代发广告，✈️：bs91m1

=====================================================

2022-05-30 07:49:28chengxinkaye → ┃TG群发助手┃诚招代理┃ 联系✈️：bs91m1

=====================================================

2022-05-30 07:50:04YBailun → 专业代发广告，✈️：bs91m1

=====================================================

2022-05-30 07:50:36Hudjdjdh → ┃TG群发助手┃诚招代理┃ 联系✈️：bs91m1

=====================================================

2022-05-30 07:51:12qqhao12 → ┃TG群发助手┃诚招代理┃ 联系✈️：bs91m1

=====================================================

2022-05-30 07:51:44bajie013 → 专业代发广告，✈️：bs91m1

=====================================================

2022-05-30 07:52:21wz7720100866 → 精准代发广告，✈️：bs91m1

=====================================================

2022-05-30 07:52:52cx551 → 精准代发广告，✈️：bs91m1

=====================================================

2022-05-30 07:53:29TEXCENT008 → ┃TG群发助手┃诚招代理┃ 联系✈️：bs91m1

=====================================================

2022-05-30 07:54:00yb014 → ┃TG群发助手┃诚招代理┃ 联系✈️：bs91m1

=====================================================

2022-05-30 07:54:37ar9998888 → ┃TG群发助手┃诚招代理┃ 联系✈️：bs91m1

=====================================================

2022-05-30 07:55:08Anmuxi_Max → 精准代发广告，✈️：bs91m1

=====================================================

2022-05-30 07:55:45xinba818 → 精准代发广告，✈️：bs91m1

=====================================================

2022-05-30 07:56:16aa888883 → 专业代发广告，✈️：bs91m1

=====================================================

2022-05-30 07:57:24yingzheng1688  → 精准代发广告，✈️：bs91m1

=====================================================

2022-05-30 07:58:00hs866655 → 精准代发广告，✈️：bs91m1

=====================================================

2022-05-30 07:58:32ws888818svip   → ┃TG群发助手┃诚招代理┃ 联系✈️：bs91m1

=====================================================

2022-05-30 07:59:09shiyi02 → 专业代发广告，✈️：bs91m1

=====================================================

2022-05-30 07:59:41v66662 → ┃TG群发助手┃诚招代理┃ 联系✈️：bs91m1

=====================================================

2022-05-30 08:00:17QQ27777 → 专业代发广告，✈️：bs91m1

=====================================================

2022-05-30 08:01:25cd91888 → 精准代发广告，✈️：bs91m1

=====================================================

2022-05-30 08:01:56Pg85888 → ┃TG群发助手┃诚招代理┃ 联系✈️：bs91m1

=====================================================

2022-05-30 08:02:33Pg30678   → 精准代发广告，✈️：bs91m1

=====================================================

2022-05-30 08:03:41paofu168 → 精准代发广告，✈️：bs91m1

=====================================================

2022-05-30 08:04:13paofu66 → 精准代发广告，✈️：bs91m1

=====================================================

2022-05-30 08:04:50jiuge666 → ┃TG群发助手┃诚招代理┃ 联系✈️：bs91m1

=====================================================

2022-05-30 08:05:23ts55558 → 专业代发广告，✈️：bs91m1

=====================================================

2022-05-30 08:05:59xiaozhang9168 → ┃TG群发助手┃诚招代理┃ 联系✈️：bs91m1

=====================================================

2022-05-30 08:06:31v68886 → 专业代发广告，✈️：bs91m1

=====================================================

2022-05-30 08:07:07guogong → 专业代发广告，✈️：bs91m1

=====================================================

2022-05-30 08:07:40tianjiao → ┃TG群发助手┃诚招代理┃ 联系✈️：bs91m1

=====================================================

2022-05-30 08:08:18Pz88811 → ┃TG群发助手┃诚招代理┃ 联系✈️：bs91m1

=====================================================

2022-05-30 08:08:50qc87555 → 专业代发广告，✈️：bs91m1

=====================================================

2022-05-30 08:09:27QQ80000 → ┃TG群发助手┃诚招代理┃ 联系✈️：bs91m1

=====================================================

2022-05-30 08:09:58dbg25855 → ┃TG群发助手┃诚招代理┃ 联系✈️：bs91m1

=====================================================

2022-05-30 08:10:35dbg80333 → ┃TG群发助手┃诚招代理┃ 联系✈️：bs91m1

=====================================================

2022-05-30 08:11:06VIP72760 → 精准代发广告，✈️：bs91m1

=====================================================

2022-05-30 08:11:43lq11113vip1 → 专业代发广告，✈️：bs91m1

=====================================================

2022-05-30 08:12:15lq11113vip2 → ┃TG群发助手┃诚招代理┃ 联系✈️：bs91m1

=====================================================

2022-05-30 08:12:53lq11113vip3 → 精准代发广告，✈️：bs91m1

=====================================================

2022-05-30 08:14:00shiyue168 → 精准代发广告，✈️：bs91m1

=====================================================

2022-05-30 08:14:32aa888883 → ┃TG群发助手┃诚招代理┃ 联系✈️：bs91m1

=====================================================

2022-05-30 08:15:08ts55558 → 专业代发广告，✈️：bs91m1

=====================================================

2022-05-30 08:15:39jhczs_bd   → ┃TG群发助手┃诚招代理┃ 联系✈️：bs91m1

=====================================================

2022-05-30 08:16:47eia12345 → 专业代发广告，✈️：bs91m1

=====================================================

2022-05-30 08:18:01Panguantuandui → ┃TG群发助手┃诚招代理┃ 联系✈️：bs91m1

=====================================================

2022-05-30 08:18:38ashin888 → 专业代发广告，✈️：bs91m1

=====================================================

2022-05-30 08:19:14Pg_33300 → 专业代发广告，✈️：bs91m1

=====================================================

2022-05-30 08:20:32LE99333 → 专业代发广告，✈️：bs91m1

=====================================================

2022-05-30 08:22:44wansui113 → ┃TG群发助手┃诚招代理┃ 联系✈️：bs91m1

=====================================================

2022-05-30 08:23:51BMW07569 → ┃TG群发助手┃诚招代理┃ 联系✈️：bs91m1

=====================================================

2022-05-30 08:24:57yt665666 → 精准代发广告，✈️：bs91m1

=====================================================

2022-05-30 08:26:06jacky426626 → 专业代发广告，✈️：bs91m1

=====================================================

2022-05-30 08:27:14hrjulisports → 专业代发广告，✈️：bs91m1

=====================================================

2022-05-30 08:28:22AionCOX → ┃TG群发助手┃诚招代理┃ 联系✈️：bs91m1

=====================================================

2022-05-30 08:29:29FBDBET → 专业代发广告，✈️：bs91m1

=====================================================

2022-05-30 19:05:08k55668 → ┃TG群发助手┃诚招代理┃ 联系✈️：bs91m1

=====================================================

2022-05-30 19:05:39mmz918 → 专业代发广告，✈️：bs91m1

=====================================================

2022-05-30 19:06:18DD52418 → 精准代发广告，✈️：bs91m1

=====================================================

2022-05-30 19:07:27wns9988 → 专业代发广告，✈️：bs91m1

=====================================================

2022-05-30 19:08:00guawang88 → 精准代发广告，✈️：bs91m1

=====================================================

2022-05-30 19:08:37kok55333 → 专业代发广告，✈️：bs91m1

=====================================================

2022-05-30 19:09:09jinli8889 → 专业代发广告，✈️：bs91m1

=====================================================

2022-05-30 19:09:48jinli889 → 精准代发广告，✈️：bs91m1

=====================================================

2022-05-30 19:10:20Dane2019 → ┃TG群发助手┃诚招代理┃ 联系✈️：bs91m1

=====================================================

2022-05-30 19:10:57jczyh → 精准代发广告，✈️：bs91m1

=====================================================

2022-05-30 19:11:29usdt009 → ┃TG群发助手┃诚招代理┃ 联系✈️：bs91m1

=====================================================

2022-05-30 19:12:08jinxin66688 → 专业代发广告，✈️：bs91m1

=====================================================

2022-05-30 19:12:39tianshi_888 → ┃TG群发助手┃诚招代理┃ 联系✈️：bs91m1

=====================================================

2022-05-30 19:13:17xs688868 → 专业代发广告，✈️：bs91m1

=====================================================

2022-05-30 19:13:49USDT5353 → 精准代发广告，✈️：bs91m1

=====================================================

2022-05-30 19:14:28ht44551 → 专业代发广告，✈️：bs91m1

=====================================================

2022-05-30 19:15:00houzi668866 → ┃TG群发助手┃诚招代理┃ 联系✈️：bs91m1

=====================================================

2022-05-30 19:15:37sfcd1196 → 精准代发广告，✈️：bs91m1

=====================================================

2022-05-30 19:16:08chedui2 → ┃TG群发助手┃诚招代理┃ 联系✈️：bs91m1

=====================================================

2022-05-30 19:16:47CaiS988 → 精准代发广告，✈️：bs91m1

=====================================================

2022-05-30 19:17:19mmkf001 → ┃TG群发助手┃诚招代理┃ 联系✈️：bs91m1

=====================================================

2022-05-30 19:17:57baochu01 → ┃TG群发助手┃诚招代理┃ 联系✈️：bs91m1

=====================================================

2022-05-30 19:18:29jxgzs9 → 专业代发广告，✈️：bs91m1

=====================================================

2022-05-30 19:19:07dingdabaoj → 专业代发广告，✈️：bs91m1

=====================================================

2022-05-30 19:19:39Sanfangzhiz → 精准代发广告，✈️：bs91m1

=====================================================

2022-05-30 19:20:17qkds5678 → 专业代发广告，✈️：bs91m1

=====================================================

2022-05-30 19:20:49opzppp → 精准代发广告，✈️：bs91m1

=====================================================

2022-05-30 19:21:27vava888888 → 专业代发广告，✈️：bs91m1

=====================================================

2022-05-30 19:21:59shundao666 → 专业代发广告，✈️：bs91m1

=====================================================

2022-05-30 19:22:38abc11185 → ┃TG群发助手┃诚招代理┃ 联系✈️：bs91m1

=====================================================

2022-05-30 19:23:09GAZL88 → 专业代发广告，✈️：bs91m1

=====================================================

2022-05-30 19:23:47ktv110 → 精准代发广告，✈️：bs91m1

=====================================================

2022-05-30 19:24:19ZhiZhaoHR_yao → 精准代发广告，✈️：bs91m1

=====================================================

2022-05-30 19:24:57wz7720100866 → 专业代发广告，✈️：bs91m1

=====================================================

2022-05-30 19:25:29mr00222 → 精准代发广告，✈️：bs91m1

=====================================================

2022-05-30 19:26:08RioooRio → 精准代发广告，✈️：bs91m1

=====================================================

2022-05-30 19:26:40blm123123123 → 专业代发广告，✈️：bs91m1

=====================================================

2022-05-30 19:27:18kaixuan9977 → 精准代发广告，✈️：bs91m1

=====================================================

2022-05-30 19:27:50obdudu → 专业代发广告，✈️：bs91m1

=====================================================

2022-05-30 19:28:28youxin001 → ┃TG群发助手┃诚招代理┃ 联系✈️：bs91m1

=====================================================

2022-05-30 19:29:00xsj88886 → 专业代发广告，✈️：bs91m1

=====================================================

2022-05-30 19:29:38tongdao123 → ┃TG群发助手┃诚招代理┃ 联系✈️：bs91m1

=====================================================

2022-05-30 19:30:10kb553 → 精准代发广告，✈️：bs91m1

=====================================================

2022-05-30 19:30:49ayxzijing → 专业代发广告，✈️：bs91m1

=====================================================

2022-05-30 19:31:59bmwhaxi02 → ┃TG群发助手┃诚招代理┃ 联系✈️：bs91m1

=====================================================

2022-05-30 19:32:38QQ80000 → ┃TG群发助手┃诚招代理┃ 联系✈️：bs91m1

=====================================================

2022-05-30 19:34:31k8hash_003 → 精准代发广告，✈️：bs91m1

=====================================================

2022-05-30 19:35:48anna18060 → 精准代发广告，✈️：bs91m1

=====================================================

2022-05-30 19:36:25richu789 → 专业代发广告，✈️：bs91m1

=====================================================

2022-05-30 19:37:03can565688 → ┃TG群发助手┃诚招代理┃ 联系✈️：bs91m1

=====================================================

2022-05-30 19:37:41laoGao6688 → ┃TG群发助手┃诚招代理┃ 联系✈️：bs91m1

=====================================================

2022-05-30 19:38:19weixiao741 → ┃TG群发助手┃诚招代理┃ 联系✈️：bs91m1

=====================================================

2022-05-30 19:38:58lantinxu09 → 精准代发广告，✈️：bs91m1

=====================================================

2022-05-30 19:39:35Aero300 → 精准代发广告，✈️：bs91m1

=====================================================

2022-05-30 19:40:13shoukadun888 → 专业代发广告，✈️：bs91m1

=====================================================

2022-05-30 19:40:52haopai → 专业代发广告，✈️：bs91m1

=====================================================

2022-05-30 19:41:30linlinfaaa8 → ┃TG群发助手┃诚招代理┃ 联系✈️：bs91m1

=====================================================

2022-05-30 19:42:07qw8868 → ┃TG群发助手┃诚招代理┃ 联系✈️：bs91m1

=====================================================

2022-05-30 19:44:01dlzsgf → ┃TG群发助手┃诚招代理┃ 联系✈️：bs91m1

=====================================================

2022-05-30 19:44:39dlzskf → 专业代发广告，✈️：bs91m1

=====================================================

2022-05-30 19:45:17zsgf8 → 专业代发广告，✈️：bs91m1

=====================================================

2022-05-30 19:45:55KzingSales1 → 精准代发广告，✈️：bs91m1

=====================================================

2022-05-30 19:46:34Kzingsales → ┃TG群发助手┃诚招代理┃ 联系✈️：bs91m1

=====================================================

2022-05-30 19:47:13Zz0544 → 专业代发广告，✈️：bs91m1

=====================================================

2022-05-30 19:47:51yuanding6666 → 专业代发广告，✈️：bs91m1

=====================================================

2022-05-30 19:48:29muomi8 → 专业代发广告，✈️：bs91m1

=====================================================

2022-05-30 22:48:37qqwx88886666 → 精准代发广告，✈️：bs91m1

=====================================================

2022-05-30 22:49:08zaizaizaiy → 精准代发广告，✈️：bs91m1

=====================================================

2022-05-30 22:49:46karina11113 → ┃TG群发助手┃诚招代理┃ 联系✈️：bs91m1

=====================================================

2022-05-30 22:50:18leyu_TM → ┃TG群发助手┃诚招代理┃ 联系✈️：bs91m1

=====================================================

2022-05-30 22:51:28jdkj88288 → 精准代发广告，✈️：bs91m1

=====================================================

2022-05-30 22:52:06tjyl888 → ┃TG群发助手┃诚招代理┃ 联系✈️：bs91m1

=====================================================

2022-05-30 22:52:40LW65333 → 专业代发广告，✈️：bs91m1

=====================================================

2022-05-30 22:53:17dizi1234 → 精准代发广告，✈️：bs91m1

=====================================================

2022-05-30 22:54:27xingshi02 → 精准代发广告，✈️：bs91m1

=====================================================

2022-05-30 22:55:06xingshi03 → 精准代发广告，✈️：bs91m1

=====================================================

2022-05-30 22:55:43xingshi04 → ┃TG群发助手┃诚招代理┃ 联系✈️：bs91m1

=====================================================

2022-05-30 22:56:21chang1202 → 精准代发广告，✈️：bs91m1

=====================================================

2022-05-30 22:56:59zhaocaimaokeji888 → 专业代发广告，✈️：bs91m1

=====================================================

2022-05-30 22:57:37aisi555555 → 专业代发广告，✈️：bs91m1

=====================================================

2022-05-30 22:58:16kefu0012 → 精准代发广告，✈️：bs91m1

=====================================================

2022-05-30 22:58:53huangpian8 → 精准代发广告，✈️：bs91m1

=====================================================

2022-05-30 22:59:32hthali → ┃TG群发助手┃诚招代理┃ 联系✈️：bs91m1

=====================================================

2022-05-30 23:00:09daili77365 → 精准代发广告，✈️：bs91m1

=====================================================

2022-05-30 23:00:47kefu77365 → ┃TG群发助手┃诚招代理┃ 联系✈️：bs91m1

=====================================================

2022-05-30 23:02:03jundao16888 → ┃TG群发助手┃诚招代理┃ 联系✈️：bs91m1

=====================================================

2022-05-30 23:02:42qt37997 → ┃TG群发助手┃诚招代理┃ 联系✈️：bs91m1

=====================================================

2022-05-30 23:52:14lu13999 → 专业代发广告，✈️：bs91m1

=====================================================

2022-05-30 23:52:46xingyun8899 → ┃TG群发助手┃诚招代理┃ 联系✈️：bs91m1

=====================================================

2022-05-30 23:53:56jy810220 → 专业代发广告，✈️：bs91m1

=====================================================

2022-05-30 23:54:35kaoshan  → ┃TG群发助手┃诚招代理┃ 联系✈️：bs91m1

=====================================================

2022-05-30 23:55:07a788803 → ┃TG群发助手┃诚招代理┃ 联系✈️：bs91m1

=====================================================

2022-05-30 23:55:45fenghuangzhuguan → ┃TG群发助手┃诚招代理┃ 联系✈️：bs91m1

=====================================================

2022-05-30 23:56:17hthali → ┃TG群发助手┃诚招代理┃ 联系✈️：bs91m1

=====================================================

2022-05-30 23:56:56zhan159753 → 精准代发广告，✈️：bs91m1

=====================================================

2022-05-30 23:57:27pfdr666888 → 专业代发广告，✈️：bs91m1

=====================================================

2022-05-30 23:58:06elang66 → ┃TG群发助手┃诚招代理┃ 联系✈️：bs91m1

=====================================================

2022-05-30 23:58:37Z8hxkfm → ┃TG群发助手┃诚招代理┃ 联系✈️：bs91m1

=====================================================

2022-05-30 23:59:15xiaozhu66881 → 精准代发广告，✈️：bs91m1

=====================================================

2022-05-30 23:59:49jinmatou8 → ┃TG群发助手┃诚招代理┃ 联系✈️：bs91m1