

=====================================================

2022-06-29 23:08:19dbg25855 → 老板，最近业务做的怎么样了，看你忙前忙后的。 了解下我们公司代发广告业务哈 联系客服 `Boss91m1`

=====================================================

2022-06-29 23:08:45dbg80333 → 老板，最近业务做的怎么样了，看你忙前忙后的。 了解下我们公司代发广告业务哈 联系客服 `Boss91m1`

=====================================================

2022-06-29 23:09:10VIP72760 → 老板，最近业务做的怎么样了，看你忙前忙后的。 了解下我们公司代发广告业务哈 联系客服 `Boss91m1`

=====================================================

2022-06-29 23:09:40lq11113vip2 → 老板，最近业务做的怎么样了，看你忙前忙后的。 了解下我们公司代发广告业务哈 联系客服 `Boss91m1`

=====================================================

2022-06-29 23:12:20shiyue168 → 老板，最近业务做的怎么样了，看你忙前忙后的。 了解下我们公司代发广告业务哈 联系客服 `Boss91m1`

=====================================================

2022-06-29 23:12:35aa888883 → 老板，最近业务做的怎么样了，看你忙前忙后的。 了解下我们公司代发广告业务哈 联系客服 `Boss91m1`

=====================================================

2022-06-29 23:12:50jhczs_bd   → 老板，最近业务做的怎么样了，看你忙前忙后的。 了解下我们公司代发广告业务哈 联系客服 `Boss91m1`

=====================================================

2022-06-29 23:13:04tjyl888 → 老板，最近业务做的怎么样了，看你忙前忙后的。 了解下我们公司代发广告业务哈 联系客服 `Boss91m1`

=====================================================

2022-06-29 23:13:46Panguantuandui → 老板，最近业务做的怎么样了，看你忙前忙后的。 了解下我们公司代发广告业务哈 联系客服 `Boss91m1`

=====================================================

2022-06-29 23:14:01ashin888 → 老板，最近业务做的怎么样了，看你忙前忙后的。 了解下我们公司代发广告业务哈 联系客服 `Boss91m1`

=====================================================

2022-06-29 23:14:16Pg_33300 → 老板，最近业务做的怎么样了，看你忙前忙后的。 了解下我们公司代发广告业务哈 联系客服 `Boss91m1`