

=====================================================

2022-06-02 02:22:22hthali → （づ￣3￣）づ╭❤～ 《精准代发广告》 联系		bs91m1

=====================================================

2022-06-02 02:23:00zhan159753 → （づ￣3￣）づ╭❤～ 《精准代发广告》 联系		bs91m1

=====================================================

2022-06-02 02:23:45pfdr666888 → ☆ㄏ☆☆☆ 《专业代发广告》	联系bs91m1

=====================================================

2022-06-02 02:24:23elang66 → （づ￣3￣）づ╭❤～ 《精准代发广告》 联系		bs91m1

=====================================================

2022-06-02 02:25:08Z8hxkfm → ☆ㄏ☆☆☆ 《专业代发广告》	联系bs91m1

=====================================================

2022-06-02 02:25:46xiaozhu66881 → （づ￣3￣）づ╭❤～ 《精准代发广告》 联系		bs91m1

=====================================================

2022-06-02 02:26:31jinmatou8 → ☆ㄏ☆☆☆ 《专业代发广告》	联系bs91m1

=====================================================

2022-06-02 02:27:09DFF88888 → ☆ㄏ☆☆☆ 《精准代发广告》 联系bs91m1

=====================================================

2022-06-02 02:27:54weixin088 → ☆ㄏ☆☆☆ 《专业代发广告》	联系bs91m1

=====================================================

2022-06-02 02:28:32qingge888 → ☆ㄏ☆☆☆ 《专业代发广告》	联系bs91m1

=====================================================

2022-06-02 02:29:17NM_8888 → ☆ㄏ☆☆☆ 《专业代发广告》	联系bs91m1

=====================================================

2022-06-02 02:29:55yjkj888 → ☆ㄏ☆☆☆ 《精准代发广告》 联系bs91m1

=====================================================

2022-06-02 02:30:40yongxiongziben → （づ￣3￣）づ╭❤～ 《专业代发广告》	联系bs91m1

=====================================================

2022-06-02 02:31:18xiaomiqqwx → （づ￣3￣）づ╭❤～ 《专业代发广告》	联系bs91m1

=====================================================

2022-06-02 02:32:03yhk36 → ☆ㄏ☆☆☆ 《专业代发广告》	联系bs91m1

=====================================================

2022-06-02 02:32:41YBailun → （づ￣3￣）づ╭❤～ 《专业代发广告》	联系bs91m1

=====================================================

2022-06-02 02:33:26BGhash_1 → （づ￣3￣）づ╭❤～ 《专业代发广告》	联系bs91m1

=====================================================

2022-06-02 02:34:04AOA668 → （づ￣3￣）づ╭❤～ 《专业代发广告》	联系bs91m1

=====================================================

2022-06-02 02:34:49Qiaoer1989 → （づ￣3￣）づ╭❤～ 《精准代发广告》 联系		bs91m1

=====================================================

2022-06-02 02:35:27timi1869 → （づ￣3￣）づ╭❤～ 《专业代发广告》	联系bs91m1

=====================================================

2022-06-02 02:36:12szw66 → （づ￣3￣）づ╭❤～ 《精准代发广告》 联系		bs91m1

=====================================================

2022-06-02 02:36:50angeltian → （づ￣3￣）づ╭❤～ 《精准代发广告》 联系		bs91m1

=====================================================

2022-06-02 02:37:35chengxinkaye → ☆ㄏ☆☆☆ 《精准代发广告》 联系bs91m1

=====================================================

2022-06-02 02:38:13YBailun → ☆ㄏ☆☆☆ 《精准代发广告》 联系bs91m1

=====================================================

2022-06-02 02:38:57Hudjdjdh → （づ￣3￣）づ╭❤～ 《精准代发广告》 联系		bs91m1

=====================================================

2022-06-02 02:39:35qqhao12 → （づ￣3￣）づ╭❤～ 《精准代发广告》 联系		bs91m1

=====================================================

2022-06-02 02:40:20bajie013 → （づ￣3￣）づ╭❤～ 《精准代发广告》 联系		bs91m1

=====================================================

2022-06-02 02:40:58wz7720100866 → ☆ㄏ☆☆☆ 《精准代发广告》 联系bs91m1

=====================================================

2022-06-02 02:41:43cx551 → ☆ㄏ☆☆☆ 《专业代发广告》	联系bs91m1

=====================================================

2022-06-02 02:42:21TEXCENT008 → ☆ㄏ☆☆☆ 《专业代发广告》	联系bs91m1

=====================================================

2022-06-02 02:43:06yb014 → （づ￣3￣）づ╭❤～ 《专业代发广告》	联系bs91m1

=====================================================

2022-06-02 02:43:44ar9998888 → ☆ㄏ☆☆☆ 《精准代发广告》 联系bs91m1

=====================================================

2022-06-02 02:44:29Anmuxi_Max → （づ￣3￣）づ╭❤～ 《专业代发广告》	联系bs91m1

=====================================================

2022-06-02 02:45:51aa888883 → ☆ㄏ☆☆☆ 《专业代发广告》	联系bs91m1

=====================================================

2022-06-02 02:46:29yingzheng1688  → ☆ㄏ☆☆☆ 《专业代发广告》	联系bs91m1

=====================================================

2022-06-02 02:47:14hs866655 → （づ￣3￣）づ╭❤～ 《专业代发广告》	联系bs91m1

=====================================================

2022-06-02 02:47:52ws888818svip   → （づ￣3￣）づ╭❤～ 《专业代发广告》	联系bs91m1

=====================================================

2022-06-02 02:48:37shiyi02 → ☆ㄏ☆☆☆ 《专业代发广告》	联系bs91m1

=====================================================

2022-06-02 02:49:15v66662 → ☆ㄏ☆☆☆ 《精准代发广告》 联系bs91m1

=====================================================

2022-06-02 02:50:00QQ27777 → （づ￣3￣）づ╭❤～ 《精准代发广告》 联系		bs91m1

=====================================================

2022-06-02 02:50:38cd91888 → ☆ㄏ☆☆☆ 《精准代发广告》 联系bs91m1

=====================================================

2022-06-02 02:51:23Pg85888 → （づ￣3￣）づ╭❤～ 《精准代发广告》 联系		bs91m1

=====================================================

2022-06-02 02:52:01Pg30678 → （づ￣3￣）づ╭❤～ 《专业代发广告》	联系bs91m1

=====================================================

2022-06-02 02:52:46paofu168 → （づ￣3￣）づ╭❤～ 《专业代发广告》	联系bs91m1

=====================================================

2022-06-02 02:53:24paofu66 → ☆ㄏ☆☆☆ 《专业代发广告》	联系bs91m1

=====================================================

2022-06-02 02:54:09jiuge666 → ☆ㄏ☆☆☆ 《精准代发广告》 联系bs91m1

=====================================================

2022-06-02 02:54:47ts55558 → ☆ㄏ☆☆☆ 《专业代发广告》	联系bs91m1

=====================================================

2022-06-02 02:55:32xiaozhang9168 → （づ￣3￣）づ╭❤～ 《精准代发广告》 联系		bs91m1

=====================================================

2022-06-02 02:56:11v68886 → （づ￣3￣）づ╭❤～ 《专业代发广告》	联系bs91m1

=====================================================

2022-06-02 02:56:55guogong → ☆ㄏ☆☆☆ 《专业代发广告》	联系bs91m1

=====================================================

2022-06-02 02:57:33tianjiao → （づ￣3￣）づ╭❤～ 《专业代发广告》	联系bs91m1

=====================================================

2022-06-02 02:58:55qc87555 → （づ￣3￣）づ╭❤～ 《专业代发广告》	联系bs91m1

=====================================================

2022-06-02 02:59:40QQ80000 → ☆ㄏ☆☆☆ 《精准代发广告》 联系bs91m1

=====================================================

2022-06-02 03:00:25dbg25855 → （づ￣3￣）づ╭❤～ 《专业代发广告》	联系bs91m1

=====================================================

2022-06-02 03:01:10dbg80333 → （づ￣3￣）づ╭❤～ 《精准代发广告》 联系		bs91m1

=====================================================

2022-06-02 03:01:55VIP72760 → ☆ㄏ☆☆☆ 《精准代发广告》 联系bs91m1

=====================================================

2022-06-02 05:47:41hthali → 要找人（发）广告，（找）bs91m1

=====================================================

2022-06-02 05:48:19zhan159753 → （发）广告要（找）专业的人来（做）bs91m1

=====================================================

2022-06-02 05:49:03pfdr666888 → 要找人（发）广告，（找）bs91m1

=====================================================

2022-06-02 05:49:41elang66 → 想找专业的人帮（发）广告，（找）bs91m

=====================================================

2022-06-02 05:50:26Z8hxkfm → 想找专业的人帮（发）广告，（找）bs91m

=====================================================

2022-06-02 05:51:04xiaozhu66881 → （发）广告要（找）专业的人来（做）bs91m1

=====================================================

2022-06-02 05:51:49jinmatou8 → （发）广告要（找）专业的人来（做）bs91m1

=====================================================

2022-06-02 05:52:27DFF88888 → （发）广告要（找）专业的人来（做）bs91m1

=====================================================

2022-06-02 05:53:12weixin088 → 要（发）广告，来这里（对接） bs91m1

=====================================================

2022-06-02 05:53:49qingge888 → 要（发）广告，来这里（对接） bs91m1

=====================================================

2022-06-02 05:54:35NM_8888 → （发）广告要（找）专业的人来（做）bs91m1

=====================================================

2022-06-02 05:56:02yongxiongziben → 想要（发）广告，来这里（对接）bs91m1

=====================================================

2022-06-02 05:56:40xiaomiqqwx → 要找人（发）广告，（找）bs91m1

=====================================================

2022-06-02 05:57:26yhk36 → （发）广告要（找）专业的人来（做）bs91m1

=====================================================

2022-06-02 05:58:04YBailun → 要（发）广告，来这里（对接） bs91m1

=====================================================

2022-06-02 05:58:51BGhash_1 → （发）广告要（找）专业的人来（做）bs91m1

=====================================================

2022-06-02 05:59:29AOA668 → 想要（发）广告，来这里（对接）bs91m1

=====================================================

2022-06-02 06:00:16Qiaoer1989 → （发）广告要（找）专业的人来（做）bs91m1

=====================================================

2022-06-02 06:00:54timi1869 → 想要（发）广告，来这里（对接）bs91m1

=====================================================

2022-06-02 06:01:40szw66 → 想要（发）广告，来这里（对接）bs91m1

=====================================================

2022-06-02 06:02:19angeltian → 想找专业的人帮（发）广告，（找）bs91m

=====================================================

2022-06-02 06:03:04chengxinkaye → （发）广告要（找）专业的人来（做）bs91m1

=====================================================

2022-06-02 06:03:41YBailun → （发）广告要（找）专业的人来（做）bs91m1

=====================================================

2022-06-02 06:04:26Hudjdjdh → 想找专业的人帮（发）广告，（找）bs91m

=====================================================

2022-06-02 06:05:05qqhao12 → 想找专业的人帮（发）广告，（找）bs91m

=====================================================

2022-06-02 06:05:52bajie013 → （发）广告要（找）专业的人来（做）bs91m1

=====================================================

2022-06-02 06:06:30wz7720100866 → 想要（发）广告，来这里（对接）bs91m1

=====================================================

2022-06-02 06:07:15cx551 → （发）广告要（找）专业的人来（做）bs91m1

=====================================================

2022-06-02 06:07:53TEXCENT008 → （发）广告要（找）专业的人来（做）bs91m1

=====================================================

2022-06-02 06:08:39yb014 → （发）广告要（找）专业的人来（做）bs91m1

=====================================================

2022-06-02 06:09:18ar9998888 → （发）广告要（找）专业的人来（做）bs91m1

=====================================================

2022-06-02 06:10:04Anmuxi_Max → 想要（发）广告，来这里（对接）bs91m1

=====================================================

2022-06-02 06:10:42aa888883 → 想找专业的人帮（发）广告，（找）bs91m

=====================================================

2022-06-02 06:11:30yingzheng1688  → 要（发）广告，来这里（对接） bs91m1

=====================================================

2022-06-02 06:12:08hs866655 → 想找专业的人帮（发）广告，（找）bs91m

=====================================================

2022-06-02 06:12:53ws888818svip   → 要找人（发）广告，（找）bs91m1

=====================================================

2022-06-02 06:13:32shiyi02 → （发）广告要（找）专业的人来（做）bs91m1

=====================================================

2022-06-02 06:14:18v66662 → （发）广告要（找）专业的人来（做）bs91m1

=====================================================

2022-06-02 06:14:56QQ27777 → 想找专业的人帮（发）广告，（找）bs91m

=====================================================

2022-06-02 06:15:41cd91888 → 要（发）广告，来这里（对接） bs91m1

=====================================================

2022-06-02 06:16:19Pg85888 → 要（发）广告，来这里（对接） bs91m1

=====================================================

2022-06-02 06:17:03Pg30678 → 要找人（发）广告，（找）bs91m1

=====================================================

2022-06-02 06:17:41paofu168 → 想找专业的人帮（发）广告，（找）bs91m

=====================================================

2022-06-02 06:18:26paofu66 → （发）广告要（找）专业的人来（做）bs91m1

=====================================================

2022-06-02 06:19:03jiuge666 → 要（发）广告，来这里（对接） bs91m1

=====================================================

2022-06-02 06:19:48ts55558 → （发）广告要（找）专业的人来（做）bs91m1

=====================================================

2022-06-02 06:20:26xiaozhang9168 → 想要（发）广告，来这里（对接）bs91m1

=====================================================

2022-06-02 06:21:11v68886 → 要（发）广告，来这里（对接） bs91m1

=====================================================

2022-06-02 06:21:48guogong → （发）广告要（找）专业的人来（做）bs91m1

=====================================================

2022-06-02 06:22:32tianjiao → （发）广告要（找）专业的人来（做）bs91m1

=====================================================

2022-06-02 06:23:55qc87555 → （发）广告要（找）专业的人来（做）bs91m1

=====================================================

2022-06-02 06:24:34QQ80000 → 想找专业的人帮（发）广告，（找）bs91m

=====================================================

2022-06-02 06:25:18dbg25855 → 要找人（发）广告，（找）bs91m1

=====================================================

2022-06-02 06:25:56dbg80333 → 想要（发）广告，来这里（对接）bs91m1

=====================================================

2022-06-02 06:26:41VIP72760 → 想找专业的人帮（发）广告，（找）bs91m

=====================================================

2022-06-02 06:28:04lq11113vip2 → 要（发）广告，来这里（对接） bs91m1

=====================================================

2022-06-02 06:28:41lq11113vip3 → 要（发）广告，来这里（对接） bs91m1

=====================================================

2022-06-02 06:30:03shiyue168 → 要找人（发）广告，（找）bs91m1

=====================================================

2022-06-02 06:30:47aa888883 → （发）广告要（找）专业的人来（做）bs91m1

=====================================================

2022-06-02 06:31:25ts55558 → 要（发）广告，来这里（对接） bs91m1

=====================================================

2022-06-02 06:32:09jhczs_bd   → 想找专业的人帮（发）广告，（找）bs91m

=====================================================

2022-06-02 06:32:47tjyl888 → 要（发）广告，来这里（对接） bs91m1

=====================================================

2022-06-02 06:33:33eia12345 → 要找人（发）广告，（找）bs91m1

=====================================================

2022-06-02 06:34:58Panguantuandui → （发）广告要（找）专业的人来（做）bs91m1

=====================================================

2022-06-02 06:35:36ashin888 → 想要（发）广告，来这里（对接）bs91m1

=====================================================

2022-06-02 06:36:23Pg_33300 → 要找人（发）广告，（找）bs91m1

=====================================================

2022-06-02 06:37:02LE99333 → （发）广告要（找）专业的人来（做）bs91m1

=====================================================

2022-06-02 06:38:26BMW07569 → 想要（发）广告，来这里（对接）bs91m1

=====================================================

2022-06-02 06:39:12yt665666 → 要找人（发）广告，（找）bs91m1

=====================================================

2022-06-02 06:39:57jacky426626 → 想要（发）广告，来这里（对接）bs91m1

=====================================================

2022-06-02 06:40:41hrjulisports → （发）广告要（找）专业的人来（做）bs91m1

=====================================================

2022-06-02 06:41:26AionCOX → 想要（发）广告，来这里（对接）bs91m1

=====================================================

2022-06-02 06:42:11FBDBET → 想找专业的人帮（发）广告，（找）bs91m1

=====================================================

2022-06-02 06:42:55LW65333 → （发）广告要（找）专业的人来（做）bs91m1

=====================================================

2022-06-02 06:43:39tjyl888 → 想找专业的人帮（发）广告，（找）bs91m1

=====================================================

2022-06-02 06:44:23LW65333 → 想找专业的人帮（发）广告，（找）bs91m1

=====================================================

2022-06-02 06:45:08dizi1234 → 想要（发）广告，来这里（对接）bs91m1

=====================================================

2022-06-02 06:45:52xingshi01 → 想要（发）广告，来这里（对接）bs91m1

=====================================================

2022-06-02 06:46:36xingshi02 → 想要（发）广告，来这里（对接）bs91m1

=====================================================

2022-06-02 06:47:23xingshi03 → 想要（发）广告，来这里（对接）bs91m1

=====================================================

2022-06-02 06:48:09xingshi04 → 要找人（发）广告，（找）bs91m1

=====================================================

2022-06-02 06:48:55chang1202 → 要找人（发）广告，（找）bs91m1

=====================================================

2022-06-02 06:49:41zhaocaimaokeji888 → 想要（发）广告，来这里（对接）bs91m1

=====================================================

2022-06-02 06:50:27aisi555555 → 要找人（发）广告，（找）bs91m1

=====================================================

2022-06-02 06:51:14kefu0012 → 要找人（发）广告，（找）bs91m1

=====================================================

2022-06-02 06:51:59huangpian8 → 要（发）广告，来这里（对接） bs91m1

=====================================================

2022-06-02 06:52:45hthali → 想找专业的人帮（发）广告，（找）bs91m1

=====================================================

2022-06-02 06:53:31daili77365 → 要（发）广告，来这里（对接） bs91m1

=====================================================

2022-06-02 06:54:17kefu77365 → 想要（发）广告，来这里（对接）bs91m1

=====================================================

2022-06-02 06:55:48jundao16888 → （发）广告要（找）专业的人来（做）bs91m1

=====================================================

2022-06-02 06:56:34qt37997 → 想找专业的人帮（发）广告，（找）bs91m1

=====================================================

2022-06-02 06:57:20qingtian520 → 想要（发）广告，来这里（对接）bs91m1

=====================================================

2022-06-02 06:58:06lu13999 → 要（发）广告，来这里（对接） bs91m1

=====================================================

2022-06-02 06:58:52xingyun8899 → 要找人（发）广告，（找）bs91m1