

=====================================================

2022-05-31 00:00:27DFF88888 → 专业代发广告，✈️：bs91m1

=====================================================

2022-05-31 00:00:59weixin088 → 精准代发广告，✈️：bs91m1

=====================================================

2022-05-31 00:01:36qingge888 → 专业代发广告，✈️：bs91m1

=====================================================

2022-05-31 00:02:08NM_8888 → ┃TG群发助手┃诚招代理┃ 联系✈️：bs91m1

=====================================================

2022-05-31 00:02:46yjkj888 → 精准代发广告，✈️：bs91m1

=====================================================

2022-05-31 00:03:18yongxiongziben → 精准代发广告，✈️：bs91m1

=====================================================

2022-05-31 00:03:56xiaomiqqwx → 精准代发广告，✈️：bs91m1

=====================================================

2022-05-31 00:04:28yhk36 → 精准代发广告，✈️：bs91m1

=====================================================

2022-05-31 00:05:06YBailun → ┃TG群发助手┃诚招代理┃ 联系✈️：bs91m1

=====================================================

2022-05-31 00:05:38BGhash_1 → 精准代发广告，✈️：bs91m1

=====================================================

2022-05-31 00:06:16AOA668 → 精准代发广告，✈️：bs91m1

=====================================================

2022-05-31 00:06:48Qiaoer1989 → ┃TG群发助手┃诚招代理┃ 联系✈️：bs91m1

=====================================================

2022-05-31 00:07:26timi1869 → 专业代发广告，✈️：bs91m1

=====================================================

2022-05-31 00:07:58szw66 → ┃TG群发助手┃诚招代理┃ 联系✈️：bs91m1

=====================================================

2022-05-31 00:08:36angeltian → ┃TG群发助手┃诚招代理┃ 联系✈️：bs91m1

=====================================================

2022-05-31 00:09:08chengxinkaye → 专业代发广告，✈️：bs91m1

=====================================================

2022-05-31 00:09:46YBailun → ┃TG群发助手┃诚招代理┃ 联系✈️：bs91m1

=====================================================

2022-05-31 00:10:20Hudjdjdh → 精准代发广告，✈️：bs91m1

=====================================================

2022-05-31 00:10:57qqhao12 → 精准代发广告，✈️：bs91m1

=====================================================

2022-05-31 00:11:29bajie013 → 精准代发广告，✈️：bs91m1

=====================================================

2022-05-31 00:12:06wz7720100866 → ┃TG群发助手┃诚招代理┃ 联系✈️：bs91m1

=====================================================

2022-05-31 00:12:39cx551 → ┃TG群发助手┃诚招代理┃ 联系✈️：bs91m1

=====================================================

2022-05-31 00:13:16TEXCENT008 → 专业代发广告，✈️：bs91m1

=====================================================

2022-05-31 00:13:48yb014 → 精准代发广告，✈️：bs91m1

=====================================================

2022-05-31 00:14:27ar9998888 → 专业代发广告，✈️：bs91m1

=====================================================

2022-05-31 00:14:58Anmuxi_Max → ┃TG群发助手┃诚招代理┃ 联系✈️：bs91m1

=====================================================

2022-05-31 00:16:08aa888883 → ┃TG群发助手┃诚招代理┃ 联系✈️：bs91m1

=====================================================

2022-05-31 00:16:47yingzheng1688  → 精准代发广告，✈️：bs91m1

=====================================================

2022-05-31 00:17:26hs866655 → 精准代发广告，✈️：bs91m1

=====================================================

2022-05-31 01:05:48ws888818svip   → 《91M Boss》 [专业代发广告] | (✈️) | ( bs91m1 )

=====================================================

2022-05-31 01:06:55shiyi02 → ||专业发广告||联系||✈|| bs91m1 || 

=====================================================

2022-05-31 01:08:04v66662 → \(@^0^@)/ 专业代发广告 \(@^0^@)/ 联系✈️ \(@^0^@)/   bs91m1

=====================================================

2022-05-31 01:09:08QQ27777 → ||专业发广告||联系||✈|| bs91m1 || 

=====================================================

2022-05-31 01:10:19cd91888 → \(@^0^@)/ 专业代发广告 \(@^0^@)/ 联系✈️ \(@^0^@)/   bs91m1

=====================================================

2022-05-31 01:11:23Pg85888 → 《91M Boss》 [专业代发广告] | (✈️) | ( bs91m1 )

=====================================================

2022-05-31 01:12:33Pg30678 → ☆ㄟ( ･ө･ )ㄏ☆ 《专业代发广告》 ☆ㄟ( ･ө･ )ㄏ☆ || 联系✈️ ||  ☆ㄟ( ･ө･ )ㄏ☆ 【  bs91m1  】

=====================================================

2022-05-31 01:13:38paofu168 → ☆ㄟ( ･ө･ )ㄏ☆ 《专业代发广告》 ☆ㄟ( ･ө･ )ㄏ☆ || 联系✈️ ||  ☆ㄟ( ･ө･ )ㄏ☆ 【  bs91m1  】

=====================================================

2022-05-31 01:14:48paofu66 → ||专业发广告||联系||✈|| bs91m1 || 

=====================================================

2022-05-31 01:15:52jiuge666 → \(@^0^@)/ 专业代发广告 \(@^0^@)/ 联系✈️ \(@^0^@)/   bs91m1

=====================================================

2022-05-31 01:17:05ts55558 → ||专业发广告||联系||✈|| bs91m1 || 

=====================================================

2022-05-31 01:18:08xiaozhang9168 → \(@^0^@)/ 专业代发广告 \(@^0^@)/ 联系✈️ \(@^0^@)/   bs91m1

=====================================================

2022-05-31 01:19:18v68886 → \(@^0^@)/ 专业代发广告 \(@^0^@)/ 联系✈️ \(@^0^@)/   bs91m1

=====================================================

2022-05-31 01:21:32tianjiao → |专业发广告|群发|私聊|✈| bs91m1 |

=====================================================

2022-05-31 01:22:42Pz88811 → 《91M Boss》 [专业代发广告] | (✈️) | ( bs91m1 )

=====================================================

2022-05-31 01:23:52qc87555 → ||专业发广告||联系||✈|| bs91m1 || 

=====================================================

2022-05-31 01:25:02QQ80000 → ||专业发广告||联系||✈|| bs91m1 || 

=====================================================

2022-05-31 01:26:12dbg25855 → ||专业发广告||联系||✈|| bs91m1 || 

=====================================================

2022-05-31 01:27:22dbg80333 → ☆ㄏ☆☆☆ || 《专业代发广告》 联系✈️   bs91m1   || ☆☆☆ㄏ☆ 

=====================================================

2022-05-31 01:27:30VIP72760 → 《91M Boss》 [专业代发广告] | (✈️) | ( bs91m1 )

=====================================================

2022-05-31 01:28:32lq11113vip1 → 《91M Boss》 [专业代发广告] | (✈️) | ( bs91m1 )

=====================================================

2022-05-31 01:28:53lq11113vip2 → 《91M Boss》 [专业代发广告] | (✈️) | ( bs91m1 )

=====================================================

2022-05-31 01:29:02lq11113vip3 → ||ㄏ☆☆☆ || 《专业代发广告》 联系✈️ bs91m1

=====================================================

2022-05-31 01:29:46shiyue168 → →  || 《专业代发广告》 ☆ㄏ☆☆☆ 联系✈️ bs91m1

=====================================================

2022-05-31 01:30:29aa888883 → →  || 《专业代发广告》 ☆ㄏ☆☆☆ 联系✈️ bs91m1

=====================================================

2022-05-31 01:30:51ts55558 → ☆ㄏ☆☆☆ || 专业发广告 || 《私聊》《群发》 联系✈️  bs91m1 ☆ㄏ☆☆☆

=====================================================

2022-05-31 01:31:12jhczs_bd   → 《91M Boss》 [专业代发广告] | (✈️) | ( bs91m1 )

=====================================================

2022-05-31 01:31:57tjyl888 → ||ㄏ☆☆☆ || 《专业代发广告》 联系✈️ bs91m1

=====================================================

2022-05-31 01:32:00eia12345 → →  || 《专业代发广告》 ☆ㄏ☆☆☆ 联系✈️ bs91m1

=====================================================

2022-05-31 01:33:07Panguantuandui → ☆ㄏ☆☆☆ || 专业发广告 || 《私聊》《群发》 联系✈️  bs91m1 ☆ㄏ☆☆☆

=====================================================

2022-05-31 01:33:10ashin888 → ||ㄏ☆☆☆ || 《专业代发广告》 联系✈️ bs91m1

=====================================================

2022-05-31 01:33:50LE99333 → ☆ㄏ☆☆☆ || 专业发广告 || 《私聊》《群发》 联系✈️  bs91m1 ☆ㄏ☆☆☆

=====================================================

2022-05-31 01:34:14Pg_33300 → ||ㄏ☆☆☆ || 《专业代发广告》 联系✈️ bs91m1

=====================================================

2022-05-31 01:35:24BMW07569 → ☆ㄏ☆☆☆ || 专业发广告 || 《私聊》《群发》 联系✈️  bs91m1 ☆ㄏ☆☆☆

=====================================================

2022-05-31 01:36:28yt665666 → 《91M Boss》 [专业代发广告] | (✈️) | ( bs91m1 )

=====================================================

2022-05-31 01:37:38jacky426626 → ||ㄏ☆☆☆ || 《专业代发广告》 联系✈️ bs91m1

=====================================================

2022-05-31 01:38:58FBDBET → →  || 《专业代发广告》 ☆ㄏ☆☆☆ 联系✈️ bs91m1

=====================================================

2022-05-31 01:39:43LW65333 → →  || 《专业代发广告》 ☆ㄏ☆☆☆ 联系✈️ bs91m1

=====================================================

2022-05-31 01:40:28tjyl888 → →  || 《专业代发广告》 ☆ㄏ☆☆☆ 联系✈️ bs91m1

=====================================================

2022-05-31 01:41:12LW65333 → ☆ㄏ☆☆☆ || 专业发广告 || 《私聊》《群发》 联系✈️  bs91m1 ☆ㄏ☆☆☆

=====================================================

2022-05-31 01:41:56dizi1234 → →  || 《专业代发广告》 ☆ㄏ☆☆☆ 联系✈️ bs91m1

=====================================================

2022-05-31 01:42:41xingshi01 → ||ㄏ☆☆☆ || 《专业代发广告》 联系✈️ bs91m1

=====================================================

2022-05-31 01:43:26xingshi02 → ||ㄏ☆☆☆ || 《专业代发广告》 联系✈️ bs91m1

=====================================================

2022-05-31 01:44:12xingshi03 → ||ㄏ☆☆☆ || 《专业代发广告》 联系✈️ bs91m1

=====================================================

2022-05-31 01:44:56xingshi04 → →  || 《专业代发广告》 ☆ㄏ☆☆☆ 联系✈️ bs91m1

=====================================================

2022-05-31 01:45:41chang1202 → →  || 《专业代发广告》 ☆ㄏ☆☆☆ 联系✈️ bs91m1

=====================================================

2022-05-31 01:46:26zhaocaimaokeji888 → ☆ㄏ☆☆☆ || 专业发广告 || 《私聊》《群发》 联系✈️  bs91m1 ☆ㄏ☆☆☆

=====================================================

2022-05-31 01:47:09aisi555555 → ☆ㄏ☆☆☆ || 专业发广告 || 《私聊》《群发》 联系✈️  bs91m1 ☆ㄏ☆☆☆

=====================================================

2022-05-31 01:47:52kefu0012 → ||ㄏ☆☆☆ || 《专业代发广告》 联系✈️ bs91m1

=====================================================

2022-05-31 01:48:35huangpian8 → ||ㄏ☆☆☆ || 《专业代发广告》 联系✈️ bs91m1

=====================================================

2022-05-31 01:49:18hthali → →  || 《专业代发广告》 ☆ㄏ☆☆☆ 联系✈️ bs91m1

=====================================================

2022-05-31 01:50:01daili77365 → 《91M Boss》 [专业代发广告] | (✈️) | ( bs91m1 )

=====================================================

2022-05-31 01:50:44kefu77365 → 《91M Boss》 [专业代发广告] | (✈️) | ( bs91m1 )

=====================================================

2022-05-31 01:52:10jundao16888 → ☆ㄏ☆☆☆ || 专业发广告 || 《私聊》《群发》 联系✈️  bs91m1 ☆ㄏ☆☆☆

=====================================================

2022-05-31 06:15:26Z8hxkfm → （づ￣3￣）づ╭❤～ 《专业代发广告》	联系bs91m1

=====================================================

2022-05-31 06:15:33jinmatou8 → （づ￣3￣）づ╭❤～ 《专业代发广告》	联系bs91m1

=====================================================

2022-05-31 06:16:10DFF88888 → ☆ㄏ☆☆☆ 《专业代发广告》	联系bs91m1

=====================================================

2022-05-31 06:16:53weixin088 → （づ￣3￣）づ╭❤～ 《专业代发广告》	联系bs91m1

=====================================================

2022-05-31 06:17:30qingge888 → ☆ㄏ☆☆☆ 《精准代发广告》 联系bs91m1

=====================================================

2022-05-31 06:18:12NM_8888 → （づ￣3￣）づ╭❤～ 《精准代发广告》 联系		bs91m1

=====================================================

2022-05-31 06:18:50yjkj888 → ☆ㄏ☆☆☆ 《精准代发广告》 联系bs91m1

=====================================================

2022-05-31 06:19:34yongxiongziben → （づ￣3￣）づ╭❤～ 《专业代发广告》	联系bs91m1

=====================================================

2022-05-31 06:20:11xiaomiqqwx → （づ￣3￣）づ╭❤～ 《专业代发广告》	联系bs91m1

=====================================================

2022-05-31 06:20:55yhk36 → ☆ㄏ☆☆☆ 《专业代发广告》	联系bs91m1

=====================================================

2022-05-31 06:21:33YBailun → （づ￣3￣）づ╭❤～ 《专业代发广告》	联系bs91m1

=====================================================

2022-05-31 06:22:16BGhash_1 → ☆ㄏ☆☆☆ 《专业代发广告》	联系bs91m1

=====================================================

2022-05-31 06:22:56AOA668 → ☆ㄏ☆☆☆ 《精准代发广告》 联系bs91m1

=====================================================

2022-05-31 06:23:41Qiaoer1989 → ☆ㄏ☆☆☆ 《专业代发广告》	联系bs91m1

=====================================================

2022-05-31 06:24:21timi1869 → （づ￣3￣）づ╭❤～ 《专业代发广告》	联系bs91m1

=====================================================

2022-05-31 06:25:07szw66 → （づ￣3￣）づ╭❤～ 《精准代发广告》 联系		bs91m1

=====================================================

2022-05-31 06:25:45angeltian → （づ￣3￣）づ╭❤～ 《专业代发广告》	联系bs91m1

=====================================================

2022-05-31 06:26:30chengxinkaye → （づ￣3￣）づ╭❤～ 《专业代发广告》	联系bs91m1

=====================================================

2022-05-31 06:27:08YBailun → ☆ㄏ☆☆☆ 《精准代发广告》 联系bs91m1

=====================================================

2022-05-31 06:27:53Hudjdjdh → ☆ㄏ☆☆☆ 《精准代发广告》 联系bs91m1

=====================================================

2022-05-31 06:28:37qqhao12 → （づ￣3￣）づ╭❤～ 《精准代发广告》 联系		bs91m1

=====================================================

2022-05-31 06:29:24bajie013 → ☆ㄏ☆☆☆ 《专业代发广告》	联系bs91m1

=====================================================

2022-05-31 06:30:04wz7720100866 → （づ￣3￣）づ╭❤～ 《专业代发广告》	联系bs91m1

=====================================================

2022-05-31 06:31:04cx551 → ☆ㄏ☆☆☆ 《精准代发广告》 联系bs91m1

=====================================================

2022-05-31 06:31:44TEXCENT008 → （づ￣3￣）づ╭❤～ 《精准代发广告》 联系		bs91m1

=====================================================

2022-05-31 06:32:32yb014 → ☆ㄏ☆☆☆ 《专业代发广告》	联系bs91m1

=====================================================

2022-05-31 06:33:12ar9998888 → （づ￣3￣）づ╭❤～ 《精准代发广告》 联系		bs91m1

=====================================================

2022-05-31 06:33:58Anmuxi_Max → （づ￣3￣）づ╭❤～ 《专业代发广告》	联系bs91m1

=====================================================

2022-05-31 06:34:37xinba818 → ☆ㄏ☆☆☆ 《精准代发广告》 联系bs91m1

=====================================================

2022-05-31 06:35:24aa888883 → （づ￣3￣）づ╭❤～ 《精准代发广告》 联系		bs91m1

=====================================================

2022-05-31 06:36:04yingzheng1688  → （づ￣3￣）づ╭❤～ 《精准代发广告》 联系		bs91m1

=====================================================

2022-05-31 06:36:51hs866655 → （づ￣3￣）づ╭❤～ 《精准代发广告》 联系		bs91m1

=====================================================

2022-05-31 06:37:30ws888818svip   → （づ￣3￣）づ╭❤～ 《专业代发广告》	联系bs91m1

=====================================================

2022-05-31 06:38:18shiyi02 → （づ￣3￣）づ╭❤～ 《精准代发广告》 联系		bs91m1

=====================================================

2022-05-31 06:38:58v66662 → （づ￣3￣）づ╭❤～ 《专业代发广告》	联系bs91m1

=====================================================

2022-05-31 06:39:47QQ27777 → （づ￣3￣）づ╭❤～ 《精准代发广告》 联系		bs91m1

=====================================================

2022-05-31 06:40:26cd91888 → （づ￣3￣）づ╭❤～ 《精准代发广告》 联系		bs91m1

=====================================================

2022-05-31 06:41:13Pg85888 → ☆ㄏ☆☆☆ 《专业代发广告》	联系bs91m1

=====================================================

2022-05-31 06:41:52Pg30678 → ☆ㄏ☆☆☆ 《精准代发广告》 联系bs91m1

=====================================================

2022-05-31 06:42:41paofu168 → ☆ㄏ☆☆☆ 《专业代发广告》	联系bs91m1

=====================================================

2022-05-31 06:43:20paofu66 → ☆ㄏ☆☆☆ 《专业代发广告》	联系bs91m1

=====================================================

2022-05-31 06:44:07jiuge666 → ☆ㄏ☆☆☆ 《专业代发广告》	联系bs91m1

=====================================================

2022-05-31 06:44:46ts55558 → （づ￣3￣）づ╭❤～ 《专业代发广告》	联系bs91m1

=====================================================

2022-05-31 06:45:35xiaozhang9168 → ☆ㄏ☆☆☆ 《精准代发广告》 联系bs91m1

=====================================================

2022-05-31 06:46:16v68886 → ☆ㄏ☆☆☆ 《专业代发广告》	联系bs91m1

=====================================================

2022-05-31 06:47:03guogong → ☆ㄏ☆☆☆ 《专业代发广告》	联系bs91m1

=====================================================

2022-05-31 06:47:43tianjiao → ☆ㄏ☆☆☆ 《精准代发广告》 联系bs91m1

=====================================================

2022-05-31 06:49:09qc87555 → ☆ㄏ☆☆☆ 《精准代发广告》 联系bs91m1

=====================================================

2022-05-31 06:49:56QQ80000 → ☆ㄏ☆☆☆ 《专业代发广告》	联系bs91m1

=====================================================

2022-05-31 06:50:43dbg25855 → ☆ㄏ☆☆☆ 《精准代发广告》 联系bs91m1

=====================================================

2022-05-31 06:51:30dbg80333 → ☆ㄏ☆☆☆ 《专业代发广告》	联系bs91m1

=====================================================

2022-05-31 06:52:17VIP72760 → ☆ㄏ☆☆☆ 《精准代发广告》 联系bs91m1